L 03/22/2018 - 12:42:28: Log file started (file "logs\L0322002.log") (game "cstrike") (version "47/1.1.2.2/2603")
L 03/22/2018 - 12:42:28: "Calcas Peludas<26><VALVE_ID_LAN><>" connected, address "10.15.2.171:27005"
L 03/22/2018 - 12:42:29: "Ice_Man<22><VALVE_ID_LAN><>" joined team "TERRORIST"
L 03/22/2018 - 12:42:30: "@te<27><VALVE_ID_LAN><>" connected, address "10.15.2.23:27005"
L 03/22/2018 - 12:42:32: "Calcas Peludas<26><VALVE_ID_LAN><>" entered the game
L 03/22/2018 - 12:42:33: Server cvar "bot_quota" = "0"
L 03/22/2018 - 12:42:33: Kick: "XXBOT Chet<23><UNKNOWN><>" was kicked by "Cap. Billy"
L 03/22/2018 - 12:42:33: "XXBOT Chet<23><BOT><TERRORIST>" disconnected
L 03/22/2018 - 12:42:33: "@te<27><VALVE_ID_LAN><>" entered the game
L 03/22/2018 - 12:42:34: "Calcas Peludas<26><VALVE_ID_LAN><>" joined team "TERRORIST"
L 03/22/2018 - 12:42:36: "@te<27><VALVE_ID_LAN><>" joined team "CT"
L 03/22/2018 - 12:42:37: "Calango<24><VALVE_ID_LAN><CT>" killed "Smolder<20><VALVE_ID_LAN><TERRORIST>" with "glock18"
L 03/22/2018 - 12:42:38: "Calcas Peludas<26><VALVE_ID_LAN><TERRORIST>" killed "Cap. Billy<19><VALVE_ID_LOOPBACK><CT>" with "glock18"
L 03/22/2018 - 12:42:39: "JACK<21><VALVE_ID_LAN><CT>" killed "Ice_Man<22><VALVE_ID_LAN><TERRORIST>" with "knife"
L 03/22/2018 - 12:42:41: "TUX<25><VALVE_ID_LAN><TERRORIST>" killed "Calango<24><VALVE_ID_LAN><CT>" with "glock18"
L 03/22/2018 - 12:42:43: "Ice_Man<22><VALVE_ID_LAN><TERRORIST>" say "safado" (dead)
L 03/22/2018 - 12:42:44: "Calango<24><VALVE_ID_LAN><CT>" say "boa" (dead)
L 03/22/2018 - 12:42:46: "TUX<25><VALVE_ID_LAN><TERRORIST>" killed "@te<27><VALVE_ID_LAN><CT>" with "glock18"
L 03/22/2018 - 12:42:46: "JACK<21><VALVE_ID_LAN><CT>" killed "TUX<25><VALVE_ID_LAN><TERRORIST>" with "glock18"
L 03/22/2018 - 12:42:56: "Calcas Peludas<26><VALVE_ID_LAN><TERRORIST>" killed "JACK<21><VALVE_ID_LAN><CT>" with "glock18"
L 03/22/2018 - 12:42:56: Team "TERRORIST" triggered "Terrorists_Win" (CT "0") (T "1")
L 03/22/2018 - 12:42:56: World triggered "Round_End"
L 03/22/2018 - 12:42:59: "Ice_Man<22><VALVE_ID_LAN><TERRORIST>" say "tome" (dead)
L 03/22/2018 - 12:43:01: World triggered "Round_Start"
L 03/22/2018 - 12:43:09: "JACK<21><VALVE_ID_LAN><CT>" killed "Calcas Peludas<26><VALVE_ID_LAN><TERRORIST>" with "glock18"
L 03/22/2018 - 12:43:10: "Cap. Billy<19><VALVE_ID_LOOPBACK><CT>" killed "Smolder<20><VALVE_ID_LAN><TERRORIST>" with "glock18"
L 03/22/2018 - 12:43:11: "JACK<21><VALVE_ID_LAN><CT>" killed "TUX<25><VALVE_ID_LAN><TERRORIST>" with "glock18"
L 03/22/2018 - 12:43:13: "Cap. Billy<19><VALVE_ID_LOOPBACK><CT>" killed "Ice_Man<22><VALVE_ID_LAN><TERRORIST>" with "knife"
L 03/22/2018 - 12:43:13: Team "CT" triggered "CTs_Win" (CT "1") (T "1")
L 03/22/2018 - 12:43:13: World triggered "Round_End"
L 03/22/2018 - 12:43:16: "Calango<24><VALVE_ID_LAN><CT>" say "ja"
L 03/22/2018 - 12:43:18: World triggered "Round_Start"
L 03/22/2018 - 12:43:20: "JACK<21><VALVE_ID_LAN><CT>" say "icima"
L 03/22/2018 - 12:43:25: "Ice_Man<22><VALVE_ID_LAN><TERRORIST>" killed "@te<27><VALVE_ID_LAN><CT>" with "glock18"
L 03/22/2018 - 12:43:27: "Cap. Billy<19><VALVE_ID_LOOPBACK><CT>" killed "TUX<25><VALVE_ID_LAN><TERRORIST>" with "glock18"
L 03/22/2018 - 12:43:30: "Calango<24><VALVE_ID_LAN><CT>" killed "Ice_Man<22><VALVE_ID_LAN><TERRORIST>" with "glock18"
L 03/22/2018 - 12:43:33: "Calcas Peludas<26><VALVE_ID_LAN><TERRORIST>" killed "JACK<21><VALVE_ID_LAN><CT>" with "glock18"
L 03/22/2018 - 12:43:40: "Ice_Man<22><VALVE_ID_LAN><TERRORIST>" say "sonha" (dead)
L 03/22/2018 - 12:43:45: "Cap. Billy<19><VALVE_ID_LOOPBACK><CT>" killed "Smolder<20><VALVE_ID_LAN><TERRORIST>" with "knife"
L 03/22/2018 - 12:43:45: "JACK<21><VALVE_ID_LAN><CT>" say "iceima hj hein" (dead)
L 03/22/2018 - 12:43:45: "Calcas Peludas<26><VALVE_ID_LAN><TERRORIST>" killed "Calango<24><VALVE_ID_LAN><CT>" with "glock18"
L 03/22/2018 - 12:43:48: "Cap. Billy<19><VALVE_ID_LOOPBACK><CT>" killed "Calcas Peludas<26><VALVE_ID_LAN><TERRORIST>" with "glock18"
L 03/22/2018 - 12:43:48: Team "CT" triggered "CTs_Win" (CT "2") (T "1")
L 03/22/2018 - 12:43:48: World triggered "Round_End"
L 03/22/2018 - 12:43:53: World triggered "Round_Start"
L 03/22/2018 - 12:43:54: "Cap. Billy<19><VALVE_ID_LOOPBACK><CT>" say "FOI NU BUMBUM!!!"
L 03/22/2018 - 12:43:55: "JACK<21><VALVE_ID_LAN><CT>" say "faca no ice"
L 03/22/2018 - 12:44:01: "Calcas Peludas<26><VALVE_ID_LAN><TERRORIST>" killed "Calango<24><VALVE_ID_LAN><CT>" with "glock18"
L 03/22/2018 - 12:44:02: "JACK<21><VALVE_ID_LAN><CT>" killed "Calcas Peludas<26><VALVE_ID_LAN><TERRORIST>" with "glock18"
L 03/22/2018 - 12:44:03: "JACK<21><VALVE_ID_LAN><CT>" killed "TUX<25><VALVE_ID_LAN><TERRORIST>" with "glock18"
L 03/22/2018 - 12:44:16: "@te<27><VALVE_ID_LAN><CT>" killed "Ice_Man<22><VALVE_ID_LAN><TERRORIST>" with "knife"
L 03/22/2018 - 12:44:20: "Calcas Peludas<26><VALVE_ID_LAN><TERRORIST>" say "reiosse" (dead)
L 03/22/2018 - 12:44:20: "Smolder<20><VALVE_ID_LAN><TERRORIST>" killed "JACK<21><VALVE_ID_LAN><CT>" with "glock18"
L 03/22/2018 - 12:44:23: "Ice_Man<22><VALVE_ID_LAN><TERRORIST>" say "os cars so me dam de 100" (dead)
L 03/22/2018 - 12:44:25: "Calcas Peludas<26><VALVE_ID_LAN><TERRORIST>" say "corre" (dead)
L 03/22/2018 - 12:44:25: "Smolder<20><VALVE_ID_LAN><TERRORIST>" killed "Cap. Billy<19><VALVE_ID_LOOPBACK><CT>" with "glock18"
L 03/22/2018 - 12:44:32: "@te<27><VALVE_ID_LAN><CT>" killed "Smolder<20><VALVE_ID_LAN><TERRORIST>" with "glock18"
L 03/22/2018 - 12:44:32: Team "CT" triggered "CTs_Win" (CT "3") (T "1")
L 03/22/2018 - 12:44:32: World triggered "Round_End"
L 03/22/2018 - 12:44:35: "Cap. Billy<19><VALVE_ID_LOOPBACK><CT>" say "MEDROSOOO" (dead)
L 03/22/2018 - 12:44:37: World triggered "Round_Start"
L 03/22/2018 - 12:44:38: "JACK<21><VALVE_ID_LAN><CT>" say "kkkk"
L 03/22/2018 - 12:44:39: "Calango<24><VALVE_ID_LAN><CT>" say "kkkkkkkkkk"
L 03/22/2018 - 12:44:44: "Calcas Peludas<26><VALVE_ID_LAN><TERRORIST>" killed "JACK<21><VALVE_ID_LAN><CT>" with "glock18"
L 03/22/2018 - 12:44:45: "Calango<24><VALVE_ID_LAN><CT>" killed "Calcas Peludas<26><VALVE_ID_LAN><TERRORIST>" with "glock18"
L 03/22/2018 - 12:44:45: "TUX<25><VALVE_ID_LAN><TERRORIST>" killed "Cap. Billy<19><VALVE_ID_LOOPBACK><CT>" with "glock18"
L 03/22/2018 - 12:44:47: "Calango<24><VALVE_ID_LAN><CT>" killed "TUX<25><VALVE_ID_LAN><TERRORIST>" with "glock18"
L 03/22/2018 - 12:44:47: "Ice_Man<22><VALVE_ID_LAN><TERRORIST>" killed "@te<27><VALVE_ID_LAN><CT>" with "glock18"
L 03/22/2018 - 12:44:56: "JACK<21><VALVE_ID_LAN><CT>" say "o caba tava mole" (dead)
L 03/22/2018 - 12:45:00: "Cap. Billy<19><VALVE_ID_LOOPBACK><CT>" say "rapaz" (dead)
L 03/22/2018 - 12:45:04: "Cap. Billy<19><VALVE_ID_LOOPBACK><CT>" say "que vergonha" (dead)
L 03/22/2018 - 12:45:04: "Calcas Peludas<26><VALVE_ID_LAN><TERRORIST>" say "covarde" (dead)
L 03/22/2018 - 12:45:05: "Smolder<20><VALVE_ID_LAN><TERRORIST>" killed "Calango<24><VALVE_ID_LAN><CT>" with "glock18"
L 03/22/2018 - 12:45:05: Team "TERRORIST" triggered "Terrorists_Win" (CT "3") (T "2")
L 03/22/2018 - 12:45:05: World triggered "Round_End"
L 03/22/2018 - 12:45:08: "Calango<24><VALVE_ID_LAN><CT>" say "ta bixiga" (dead)
L 03/22/2018 - 12:45:10: World triggered "Round_Start"
L 03/22/2018 - 12:45:12: "Cap. Billy<19><VALVE_ID_LOOPBACK><CT>" say ":("
L 03/22/2018 - 12:45:17: "Cap. Billy<19><VALVE_ID_LOOPBACK><CT>" killed "Calcas Peludas<26><VALVE_ID_LAN><TERRORIST>" with "glock18"
L 03/22/2018 - 12:45:21: "@te<27><VALVE_ID_LAN><CT>" killed "Ice_Man<22><VALVE_ID_LAN><TERRORIST>" with "glock18"
L 03/22/2018 - 12:45:21: "Smolder<20><VALVE_ID_LAN><TERRORIST>" killed "Cap. Billy<19><VALVE_ID_LOOPBACK><CT>" with "glock18"
L 03/22/2018 - 12:45:22: "JACK<21><VALVE_ID_LAN><CT>" killed "Smolder<20><VALVE_ID_LAN><TERRORIST>" with "knife"
L 03/22/2018 - 12:45:23: "JACK<21><VALVE_ID_LAN><CT>" killed "TUX<25><VALVE_ID_LAN><TERRORIST>" with "knife"
L 03/22/2018 - 12:45:23: Team "CT" triggered "CTs_Win" (CT "4") (T "2")
L 03/22/2018 - 12:45:23: World triggered "Round_End"
L 03/22/2018 - 12:45:26: "Calcas Peludas<26><VALVE_ID_LAN><TERRORIST>" say "reiosse" (dead)
L 03/22/2018 - 12:45:26: "Cap. Billy<19><VALVE_ID_LOOPBACK><CT>" say "EH FESTAAA" (dead)
L 03/22/2018 - 12:45:28: World triggered "Round_Start"
L 03/22/2018 - 12:45:38: "Cap. Billy<19><VALVE_ID_LOOPBACK><CT>" killed "TUX<25><VALVE_ID_LAN><TERRORIST>" with "glock18"
L 03/22/2018 - 12:45:42: "Cap. Billy<19><VALVE_ID_LOOPBACK><CT>" killed "Calcas Peludas<26><VALVE_ID_LAN><TERRORIST>" with "knife"
L 03/22/2018 - 12:45:45: "Cap. Billy<19><VALVE_ID_LOOPBACK><CT>" killed "Ice_Man<22><VALVE_ID_LAN><TERRORIST>" with "knife"
L 03/22/2018 - 12:45:49: "Cap. Billy<19><VALVE_ID_LOOPBACK><CT>" killed "Smolder<20><VALVE_ID_LAN><TERRORIST>" with "knife"
L 03/22/2018 - 12:45:49: Team "CT" triggered "CTs_Win" (CT "5") (T "2")
L 03/22/2018 - 12:45:49: World triggered "Round_End"
L 03/22/2018 - 12:45:54: World triggered "Round_Start"
L 03/22/2018 - 12:46:10: "Cap. Billy<19><VALVE_ID_LOOPBACK><CT>" triggered "weaponstats" (weapon "glock18") (shots "68") (hits "16") (kills "4") (headshots "2") (tks "0") (damage "499") (deaths "3")
L 03/22/2018 - 12:46:10: "Cap. Billy<19><VALVE_ID_LOOPBACK><CT>" triggered "weaponstats2" (weapon "glock18") (head "4") (chest "4") (stomach "1") (leftarm "2") (rightarm "5") (leftleg "0") (rightleg "0")
L 03/22/2018 - 12:46:10: "Cap. Billy<19><VALVE_ID_LOOPBACK><CT>" triggered "weaponstats" (weapon "knife") (shots "9") (hits "4") (kills "2") (headshots "0") (tks "0") (damage "330") (deaths "1")
L 03/22/2018 - 12:46:10: "Cap. Billy<19><VALVE_ID_LOOPBACK><CT>" triggered "weaponstats2" (weapon "knife") (head "2") (chest "0") (stomach "0") (leftarm "0") (rightarm "1") (leftleg "1") (rightleg "0")
L 03/22/2018 - 12:46:10: "Cap. Billy<19><VALVE_ID_LOOPBACK><CT>" triggered "time" (time "3:49")
L 03/22/2018 - 12:46:10: "Cap. Billy<19><VALVE_ID_LOOPBACK><CT>" triggered "latency" (ping "0")
L 03/22/2018 - 12:46:10: "Smolder<20><VALVE_ID_LAN><TERRORIST>" triggered "weaponstats" (weapon "glock18") (shots "52") (hits "15") (kills "4") (headshots "4") (tks "0") (damage "530") (deaths "3")
L 03/22/2018 - 12:46:10: "Smolder<20><VALVE_ID_LAN><TERRORIST>" triggered "weaponstats2" (weapon "glock18") (head "5") (chest "0") (stomach "0") (leftarm "6") (rightarm "3") (leftleg "1") (rightleg "0")
L 03/22/2018 - 12:46:10: "Smolder<20><VALVE_ID_LAN><TERRORIST>" triggered "weaponstats" (weapon "knife") (shots "4") (hits "2") (kills "0") (headshots "0") (tks "0") (damage "110") (deaths "2")
L 03/22/2018 - 12:46:10: "Smolder<20><VALVE_ID_LAN><TERRORIST>" triggered "weaponstats2" (weapon "knife") (head "2") (chest "0") (stomach "0") (leftarm "0") (rightarm "0") (leftleg "0") (rightleg "0")
L 03/22/2018 - 12:46:10: "Smolder<20><VALVE_ID_LAN><TERRORIST>" triggered "time" (time "3:45")
L 03/22/2018 - 12:46:10: "Smolder<20><VALVE_ID_LAN><TERRORIST>" triggered "latency" (ping "11")
L 03/22/2018 - 12:46:10: "JACK<21><VALVE_ID_LAN><CT>" triggered "weaponstats" (weapon "glock18") (shots "66") (hits "25") (kills "5") (headshots "1") (tks "0") (damage "570") (deaths "2")
L 03/22/2018 - 12:46:10: "JACK<21><VALVE_ID_LAN><CT>" triggered "weaponstats2" (weapon "glock18") (head "5") (chest "6") (stomach "2") (leftarm "3") (rightarm "9") (leftleg "0") (rightleg "0")
L 03/22/2018 - 12:46:10: "JACK<21><VALVE_ID_LAN><CT>" triggered "weaponstats" (weapon "knife") (shots "7") (hits "4") (kills "3") (headshots "1") (tks "0") (damage "330") (deaths "2")
L 03/22/2018 - 12:46:10: "JACK<21><VALVE_ID_LAN><CT>" triggered "weaponstats2" (weapon "knife") (head "2") (chest "2") (stomach "0") (leftarm "0") (rightarm "0") (leftleg "0") (rightleg "0")
L 03/22/2018 - 12:46:10: "JACK<21><VALVE_ID_LAN><CT>" triggered "time" (time "3:44")
L 03/22/2018 - 12:46:10: "JACK<21><VALVE_ID_LAN><CT>" triggered "latency" (ping "16")
L 03/22/2018 - 12:46:10: "Ice_Man<22><VALVE_ID_LAN><TERRORIST>" triggered "weaponstats" (weapon "glock18") (shots "62") (hits "11") (kills "2") (headshots "1") (tks "0") (damage "271") (deaths "4")
L 03/22/2018 - 12:46:10: "Ice_Man<22><VALVE_ID_LAN><TERRORIST>" triggered "weaponstats2" (weapon "glock18") (head "2") (chest "2") (stomach "1") (leftarm "4") (rightarm "1") (leftleg "1") (rightleg "0")
L 03/22/2018 - 12:46:10: "Ice_Man<22><VALVE_ID_LAN><TERRORIST>" triggered "weaponstats" (weapon "knife") (shots "3") (hits "1") (kills "0") (headshots "0") (tks "0") (damage "55") (deaths "1")
L 03/22/2018 - 12:46:10: "Ice_Man<22><VALVE_ID_LAN><TERRORIST>" triggered "weaponstats2" (weapon "knife") (head "0") (chest "0") (stomach "0") (leftarm "0") (rightarm "1") (leftleg "0") (rightleg "0")
L 03/22/2018 - 12:46:10: "Ice_Man<22><VALVE_ID_LAN><TERRORIST>" triggered "time" (time "3:42")
L 03/22/2018 - 12:46:10: "Ice_Man<22><VALVE_ID_LAN><TERRORIST>" triggered "latency" (ping "139")
L 03/22/2018 - 12:46:10: "Calango<24><VALVE_ID_LAN><CT>" triggered "weaponstats" (weapon "glock18") (shots "76") (hits "23") (kills "4") (headshots "4") (tks "0") (damage "581") (deaths "3")
L 03/22/2018 - 12:46:10: "Calango<24><VALVE_ID_LAN><CT>" triggered "weaponstats2" (weapon "glock18") (head "4") (chest "2") (stomach "2") (leftarm "5") (rightarm "9") (leftleg "0") (rightleg "1")
L 03/22/2018 - 12:46:10: "Calango<24><VALVE_ID_LAN><CT>" triggered "time" (time "3:44")
L 03/22/2018 - 12:46:10: "Calango<24><VALVE_ID_LAN><CT>" triggered "latency" (ping "7")
L 03/22/2018 - 12:46:10: "TUX<25><VALVE_ID_LAN><TERRORIST>" triggered "weaponstats" (weapon "glock18") (shots "47") (hits "16") (kills "3") (headshots "3") (tks "0") (damage "426") (deaths "5")
L 03/22/2018 - 12:46:10: "TUX<25><VALVE_ID_LAN><TERRORIST>" triggered "weaponstats2" (weapon "glock18") (head "3") (chest "2") (stomach "0") (leftarm "7") (rightarm "4") (leftleg "0") (rightleg "0")
L 03/22/2018 - 12:46:10: "TUX<25><VALVE_ID_LAN><TERRORIST>" triggered "time" (time "3:44")
L 03/22/2018 - 12:46:10: "TUX<25><VALVE_ID_LAN><TERRORIST>" triggered "latency" (ping "15")
L 03/22/2018 - 12:46:10: "Calcas Peludas<26><VALVE_ID_LAN><TERRORIST>" triggered "weaponstats" (weapon "glock18") (shots "60") (hits "18") (kills "6") (headshots "5") (tks "0") (damage "730") (deaths "5")
L 03/22/2018 - 12:46:10: "Calcas Peludas<26><VALVE_ID_LAN><TERRORIST>" triggered "weaponstats2" (weapon "glock18") (head "6") (chest "4") (stomach "0") (leftarm "7") (rightarm "0") (leftleg "0") (rightleg "1")
L 03/22/2018 - 12:46:10: "Calcas Peludas<26><VALVE_ID_LAN><TERRORIST>" triggered "weaponstats" (weapon "knife") (shots "1") (hits "0") (kills "0") (headshots "0") (tks "0") (damage "0") (deaths "0")
L 03/22/2018 - 12:46:10: "Calcas Peludas<26><VALVE_ID_LAN><TERRORIST>" triggered "weaponstats2" (weapon "knife") (head "0") (chest "0") (stomach "0") (leftarm "0") (rightarm "0") (leftleg "0") (rightleg "0")
L 03/22/2018 - 12:46:10: "Calcas Peludas<26><VALVE_ID_LAN><TERRORIST>" triggered "time" (time "3:37")
L 03/22/2018 - 12:46:10: "Calcas Peludas<26><VALVE_ID_LAN><TERRORIST>" triggered "latency" (ping "29")
L 03/22/2018 - 12:46:10: "@te<27><VALVE_ID_LAN><CT>" triggered "weaponstats" (weapon "glock18") (shots "43") (hits "16") (kills "2") (headshots "0") (tks "0") (damage "243") (deaths "2")
L 03/22/2018 - 12:46:10: "@te<27><VALVE_ID_LAN><CT>" triggered "weaponstats2" (weapon "glock18") (head "1") (chest "3") (stomach "2") (leftarm "2") (rightarm "5") (leftleg "1") (rightleg "2")
L 03/22/2018 - 12:46:10: "@te<27><VALVE_ID_LAN><CT>" triggered "weaponstats" (weapon "knife") (shots "7") (hits "2") (kills "1") (headshots "0") (tks "0") (damage "110") (deaths "1")
L 03/22/2018 - 12:46:10: "@te<27><VALVE_ID_LAN><CT>" triggered "weaponstats2" (weapon "knife") (head "1") (chest "1") (stomach "0") (leftarm "0") (rightarm "0") (leftleg "0") (rightleg "0")
L 03/22/2018 - 12:46:10: "@te<27><VALVE_ID_LAN><CT>" triggered "time" (time "3:36")
L 03/22/2018 - 12:46:10: "@te<27><VALVE_ID_LAN><CT>" triggered "latency" (ping "14")
L 03/22/2018 - 12:46:10: [META] ini: Begin re-reading plugins list: c:/valve/cstrike/addons/metamod/plugins.ini
L 03/22/2018 - 12:46:10: [META] ini: Read plugin config for: AMX
L 03/22/2018 - 12:46:10: [META] ini: Read plugin config for: WinHL-Booster
L 03/22/2018 - 12:46:10: [META] ERROR: ini: Skipping plugin, couldn't stat file 'addons/hlguard/dlls/hlguard_mm_nightly.dll': No such file or directory
L 03/22/2018 - 12:46:10: [META] ini: Read plugin config for: WebMod
L 03/22/2018 - 12:46:10: [META] ini: Finished reading plugins list: c:/valve/cstrike/addons/metamod/plugins.ini; Found 3 plugins
L 03/22/2018 - 12:46:10: [META] dll: Updating plugins...
L 03/22/2018 - 12:46:10: [META] ERROR: dll: Failed query plugin '<hlguard_mm_nightly.dll>'; Couldn't open file 'addons/hlguard/dlls/hlguard_mm_nightly.dll': Não foi possível encontrar o módulo especificado.

L 03/22/2018 - 12:46:10: [META] ERROR: dll: Skipping plugin '<hlguard_mm_nightly.dll>'; couldn't query
L 03/22/2018 - 12:46:10: [META] dll: Finished updating 6 plugins; kept 3, loaded 0, unloaded 0, reloaded 0, delayed 0
L 03/22/2018 - 12:46:10: "Cap. Billy<-1><><CT>" disconnected
L 03/22/2018 - 12:46:10: "Smolder<-1><><TERRORIST>" disconnected
L 03/22/2018 - 12:46:10: "JACK<-1><><CT>" disconnected
L 03/22/2018 - 12:46:10: "Ice_Man<-1><><TERRORIST>" disconnected
L 03/22/2018 - 12:46:10: "Calango<-1><><CT>" disconnected
L 03/22/2018 - 12:46:10: "TUX<-1><><TERRORIST>" disconnected
L 03/22/2018 - 12:46:10: "Calcas Peludas<-1><><TERRORIST>" disconnected
L 03/22/2018 - 12:46:10: "@te<-1><><CT>" disconnected
L 03/22/2018 - 12:46:10: World triggered "Round_Draw" (CT "5") (T "2")
L 03/22/2018 - 12:46:10: World triggered "Round_End"
L 03/22/2018 - 12:46:10: Server shutdown
L 03/22/2018 - 12:46:10: Log file closed
