L 04/17/2018 - 12:41:07: Log file started (file "logs\L0417001.log") (game "cstrike") (version "47/1.1.2.2/2603")
L 04/17/2018 - 12:41:07: Loading map "aim_glockbust2"
L 04/17/2018 - 12:41:07: Server cvars start
L 04/17/2018 - 12:41:07: Server cvar "_tutor_bomb_viewable_check_interval" = "0.5"
L 04/17/2018 - 12:41:07: Server cvar "_tutor_debug_level" = "0"
L 04/17/2018 - 12:41:07: Server cvar "_tutor_examine_time" = "0.5"
L 04/17/2018 - 12:41:07: Server cvar "_tutor_hint_interval_time" = "10.0"
L 04/17/2018 - 12:41:07: Server cvar "_tutor_look_angle" = "10"
L 04/17/2018 - 12:41:07: Server cvar "_tutor_look_distance" = "200"
L 04/17/2018 - 12:41:07: Server cvar "_tutor_message_character_display_time_coefficient" = "0.07"
L 04/17/2018 - 12:41:07: Server cvar "_tutor_message_minimum_display_time" = "1"
L 04/17/2018 - 12:41:07: Server cvar "_tutor_message_repeats" = "5"
L 04/17/2018 - 12:41:07: Server cvar "_tutor_view_distance" = "1000"
L 04/17/2018 - 12:41:07: Server cvar "allow_spectators" = "1.0"
L 04/17/2018 - 12:41:07: Server cvar "amx_modules" = "2"
L 04/17/2018 - 12:41:07: Server cvar "amx_nextmap" = "fy_stoneworld"
L 04/17/2018 - 12:41:07: Server cvar "amx_timeleft" = "00:00"
L 04/17/2018 - 12:41:07: Server cvar "amx_version" = "2006.3"
L 04/17/2018 - 12:41:07: Server cvar "booster_version" = "1.60"
L 04/17/2018 - 12:41:07: Server cvar "bot_allow_grenades" = "1"
L 04/17/2018 - 12:41:07: Server cvar "bot_allow_machine_guns" = "1"
L 04/17/2018 - 12:41:07: Server cvar "bot_allow_pistols" = "1"
L 04/17/2018 - 12:41:07: Server cvar "bot_allow_rifles" = "1"
L 04/17/2018 - 12:41:07: Server cvar "bot_allow_rogues" = "1"
L 04/17/2018 - 12:41:07: Server cvar "bot_allow_shield" = "1"
L 04/17/2018 - 12:41:07: Server cvar "bot_allow_shotguns" = "1"
L 04/17/2018 - 12:41:07: Server cvar "bot_allow_snipers" = "1"
L 04/17/2018 - 12:41:07: Server cvar "bot_allow_sub_machine_guns" = "1"
L 04/17/2018 - 12:41:07: Server cvar "bot_auto_vacate" = "1"
L 04/17/2018 - 12:41:07: Server cvar "bot_chatter" = "normal"
L 04/17/2018 - 12:41:07: Server cvar "bot_debug" = "0"
L 04/17/2018 - 12:41:07: Server cvar "bot_defer_to_human" = "0"
L 04/17/2018 - 12:41:07: Server cvar "bot_difficulty" = "3"
L 04/17/2018 - 12:41:07: Server cvar "bot_join_after_player" = "1"
L 04/17/2018 - 12:41:07: Server cvar "bot_join_team" = "ct"
L 04/17/2018 - 12:41:07: Server cvar "bot_nav_edit" = "0"
L 04/17/2018 - 12:41:07: Server cvar "bot_nav_zdraw" = "4"
L 04/17/2018 - 12:41:07: Server cvar "bot_prefix" = "XXBOT"
L 04/17/2018 - 12:41:07: Server cvar "bot_quicksave" = "0"
L 04/17/2018 - 12:41:07: Server cvar "bot_quota" = "1"
L 04/17/2018 - 12:41:07: Server cvar "bot_quota_match" = "0"
L 04/17/2018 - 12:41:07: Server cvar "bot_show_danger" = "0"
L 04/17/2018 - 12:41:07: Server cvar "bot_show_nav" = "0"
L 04/17/2018 - 12:41:07: Server cvar "bot_stop" = "0"
L 04/17/2018 - 12:41:07: Server cvar "bot_traceview" = "0"
L 04/17/2018 - 12:41:07: Server cvar "bot_walk" = "0"
L 04/17/2018 - 12:41:07: Server cvar "bot_zombie" = "0"
L 04/17/2018 - 12:41:07: Server cvar "coop" = "0"
L 04/17/2018 - 12:41:07: Server cvar "deathmatch" = "1"
L 04/17/2018 - 12:41:07: Server cvar "decalfrequency" = "30"
L 04/17/2018 - 12:41:07: Server cvar "edgefriction" = "2"
L 04/17/2018 - 12:41:07: Server cvar "fun_version" = "2006.3"
L 04/17/2018 - 12:41:07: Server cvar "humans_join_team" = "any"
L 04/17/2018 - 12:41:07: Server cvar "max_queries_sec" = "3.0"
L 04/17/2018 - 12:41:07: Server cvar "max_queries_sec_global" = "30"
L 04/17/2018 - 12:41:07: Server cvar "max_queries_window" = "60"
L 04/17/2018 - 12:41:07: Server cvar "metamod_version" = "1.19"
L 04/17/2018 - 12:41:07: Server cvar "mp_allowmonsters" = "0"
L 04/17/2018 - 12:41:07: Server cvar "mp_autokick" = "0"
L 04/17/2018 - 12:41:07: Server cvar "mp_autoteambalance" = "0"
L 04/17/2018 - 12:41:07: Server cvar "mp_buytime" = "1.500000"
L 04/17/2018 - 12:41:07: Server cvar "mp_c4timer" = "45"
L 04/17/2018 - 12:41:07: Server cvar "mp_chattime" = "10"
L 04/17/2018 - 12:41:07: Server cvar "mp_consistency" = "1"
L 04/17/2018 - 12:41:07: Server cvar "mp_fadetoblack" = "0"
L 04/17/2018 - 12:41:07: Server cvar "mp_flashlight" = "0"
L 04/17/2018 - 12:41:07: Server cvar "mp_footsteps" = "1"
L 04/17/2018 - 12:41:07: Server cvar "mp_forcecamera" = "2"
L 04/17/2018 - 12:41:07: Server cvar "mp_forcechasecam" = "0"
L 04/17/2018 - 12:41:07: Server cvar "mp_fragsleft" = "0"
L 04/17/2018 - 12:41:07: Server cvar "mp_freezetime" = "0.000000"
L 04/17/2018 - 12:41:07: Server cvar "mp_friendlyfire" = "1"
L 04/17/2018 - 12:41:07: Server cvar "mp_ghostfrequency" = "0.1"
L 04/17/2018 - 12:41:07: Server cvar "mp_hostagepenalty" = "5.000000"
L 04/17/2018 - 12:41:07: Server cvar "mp_kickpercent" = "0.66"
L 04/17/2018 - 12:41:07: Server cvar "mp_limitteams" = "0"
L 04/17/2018 - 12:41:07: Server cvar "mp_logdetail" = "0"
L 04/17/2018 - 12:41:07: Server cvar "mp_logfile" = "1"
L 04/17/2018 - 12:41:07: Server cvar "mp_logmessages" = "1"
L 04/17/2018 - 12:41:07: Server cvar "mp_mapvoteratio" = "0.66"
L 04/17/2018 - 12:41:07: Server cvar "mp_maxrounds" = "0.000000"
L 04/17/2018 - 12:41:07: Server cvar "mp_mirrordamage" = "0"
L 04/17/2018 - 12:41:07: Server cvar "mp_playerid" = "0"
L 04/17/2018 - 12:41:07: Server cvar "mp_roundtime" = "2.000000"
L 04/17/2018 - 12:41:07: Server cvar "mp_startmoney" = "1500.000000"
L 04/17/2018 - 12:41:07: Server cvar "mp_timeleft" = "0"
L 04/17/2018 - 12:41:07: Server cvar "mp_timelimit" = "10.000000"
L 04/17/2018 - 12:41:07: Server cvar "mp_tkpunish" = "1"
L 04/17/2018 - 12:41:07: Server cvar "mp_windifference" = "1"
L 04/17/2018 - 12:41:07: Server cvar "mp_winlimit" = "0.000000"
L 04/17/2018 - 12:41:07: Server cvar "pausable" = "0"
L 04/17/2018 - 12:41:07: Server cvar "server_fps" = "91"
L 04/17/2018 - 12:41:07: Server cvar "sv_accelerate" = "5"
L 04/17/2018 - 12:41:07: Server cvar "sv_aim" = "0"
L 04/17/2018 - 12:41:07: Server cvar "sv_airaccelerate" = "10"
L 04/17/2018 - 12:41:07: Server cvar "sv_airmove" = "1"
L 04/17/2018 - 12:41:07: Server cvar "sv_allowupload" = "1"
L 04/17/2018 - 12:41:07: Server cvar "sv_alltalk" = "0"
L 04/17/2018 - 12:41:07: Server cvar "sv_bounce" = "1"
L 04/17/2018 - 12:41:07: Server cvar "sv_cheats" = "0"
L 04/17/2018 - 12:41:07: Server cvar "sv_clienttrace" = "1"
L 04/17/2018 - 12:41:07: Server cvar "sv_clipmode" = "0"
L 04/17/2018 - 12:41:07: Server cvar "sv_contact" = ""
L 04/17/2018 - 12:41:07: Server cvar "sv_friction" = "4"
L 04/17/2018 - 12:41:07: Server cvar "sv_gravity" = "800"
L 04/17/2018 - 12:41:07: Server cvar "sv_logblocks" = "0"
L 04/17/2018 - 12:41:07: Server cvar "sv_maxrate" = "0"
L 04/17/2018 - 12:41:07: Server cvar "sv_maxspeed" = "320"
L 04/17/2018 - 12:41:07: Server cvar "sv_minrate" = "0"
L 04/17/2018 - 12:41:07: Server cvar "sv_password" = ""
L 04/17/2018 - 12:41:07: Server cvar "sv_proxies" = "1"
L 04/17/2018 - 12:41:07: Server cvar "sv_region" = "-1"
L 04/17/2018 - 12:41:07: Server cvar "sv_restart" = "0"
L 04/17/2018 - 12:41:07: Server cvar "sv_restartround" = "0"
L 04/17/2018 - 12:41:07: Server cvar "sv_stepsize" = "18"
L 04/17/2018 - 12:41:07: Server cvar "sv_stopspeed" = "75"
L 04/17/2018 - 12:41:07: Server cvar "sv_voiceenable" = "1"
L 04/17/2018 - 12:41:07: Server cvar "sv_wateraccelerate" = "10"
L 04/17/2018 - 12:41:07: Server cvar "sv_waterfriction" = "1"
L 04/17/2018 - 12:41:07: Server cvar "sys_ticrate" = "10000"
L 04/17/2018 - 12:41:07: Server cvar "w_version" = "0.48"
L 04/17/2018 - 12:41:07: Server cvars end
L 04/17/2018 - 12:41:07: Server cvar "sv_maxspeed" = "900"
L 04/17/2018 - 12:41:08: Server cvar "sv_maxspeed" = "320"
L 04/17/2018 - 12:41:08: Server cvar "amx_nextmap" = "fy_pool2k"
L 04/17/2018 - 12:41:08: Started map "aim_glockbust2" (CRC "-1694105036")
L 04/17/2018 - 12:41:17: "Cap. Billy<19><VALVE_ID_LOOPBACK><>" connected, address "loopback"
L 04/17/2018 - 12:41:17: "Smolder<20><VALVE_ID_LAN><>" connected, address "10.15.3.173:27005"
L 04/17/2018 - 12:41:18: "Cap. Billy<19><VALVE_ID_LOOPBACK><>" entered the game
L 04/17/2018 - 12:41:18: World triggered "Round_Start"
L 04/17/2018 - 12:41:19: "Cap. Billy<19><VALVE_ID_LOOPBACK><>" joined team "CT"
L 04/17/2018 - 12:41:19: "XXBOT Stone<21><BOT><>" joined team "CT"
L 04/17/2018 - 12:41:19: "XXBOT Stone<21><BOT><>" entered the game
L 04/17/2018 - 12:41:19: "GARGAMEL O EMPALADOR<22><VALVE_ID_LAN><>" connected, address "10.15.2.108:27005"
L 04/17/2018 - 12:41:20: "TUX<23><VALVE_ID_LAN><>" connected, address "10.15.2.71:27005"
L 04/17/2018 - 12:41:20: "Smolder<20><VALVE_ID_LAN><>" entered the game
L 04/17/2018 - 12:41:21: "Ice_Man<24><VALVE_ID_LAN><>" connected, address "172.17.25.69:27005"
L 04/17/2018 - 12:41:22: "GARGAMEL O EMPALADOR<22><VALVE_ID_LAN><>" entered the game
L 04/17/2018 - 12:41:22: "Smolder<20><VALVE_ID_LAN><>" joined team "TERRORIST"
L 04/17/2018 - 12:41:23: "TUX<23><VALVE_ID_LAN><>" entered the game
L 04/17/2018 - 12:41:23: World triggered "Game_Commencing"
L 04/17/2018 - 12:41:23: World triggered "Game_Commencing" (CT "0") (T "0")
L 04/17/2018 - 12:41:23: World triggered "Round_End"
L 04/17/2018 - 12:41:24: "Calcas Peludas<25><VALVE_ID_LAN><>" connected, address "10.15.2.49:27005"
L 04/17/2018 - 12:41:24: "TUX<23><VALVE_ID_LAN><>" joined team "TERRORIST"
L 04/17/2018 - 12:41:24: "Cap. Billy<19><VALVE_ID_LOOPBACK><CT>" killed "Smolder<20><VALVE_ID_LAN><TERRORIST>" with "glock18"
L 04/17/2018 - 12:41:24: "GARGAMEL O EMPALADOR<22><VALVE_ID_LAN><>" joined team "TERRORIST"
L 04/17/2018 - 12:41:25: "Cap. Billy<19><VALVE_ID_LOOPBACK><CT>" killed "TUX<23><VALVE_ID_LAN><TERRORIST>" with "glock18"
L 04/17/2018 - 12:41:26: World triggered "Round_Start"
L 04/17/2018 - 12:41:26: "Calcas Peludas<25><VALVE_ID_LAN><>" entered the game
L 04/17/2018 - 12:41:28: "Ice_Man<24><VALVE_ID_LAN><>" entered the game
L 04/17/2018 - 12:41:29: "Calcas Peludas<25><VALVE_ID_LAN><>" joined team "TERRORIST"
L 04/17/2018 - 12:41:30: "@te<26><VALVE_ID_LAN><>" connected, address "10.15.2.23:27005"
L 04/17/2018 - 12:41:31: "Ice_Man<24><VALVE_ID_LAN><>" joined team "CT"
L 04/17/2018 - 12:41:33: "@te<26><VALVE_ID_LAN><>" entered the game
L 04/17/2018 - 12:41:33: "Calcas Peludas<25><VALVE_ID_LAN><TERRORIST>" killed "Cap. Billy<19><VALVE_ID_LOOPBACK><CT>" with "glock18"
L 04/17/2018 - 12:41:35: "XXBOT Stone<21><BOT><CT>" killed "Smolder<20><VALVE_ID_LAN><TERRORIST>" with "glock18"
L 04/17/2018 - 12:41:35: "Ice_Man<24><VALVE_ID_LAN><CT>" killed "TUX<23><VALVE_ID_LAN><TERRORIST>" with "glock18"
L 04/17/2018 - 12:41:36: "GARGAMEL O EMPALADOR<22><VALVE_ID_LAN><TERRORIST>" killed "Ice_Man<24><VALVE_ID_LAN><CT>" with "glock18"
L 04/17/2018 - 12:41:36: "@te<26><VALVE_ID_LAN><>" joined team "CT"
L 04/17/2018 - 12:41:36: "Calcas Peludas<25><VALVE_ID_LAN><TERRORIST>" killed "XXBOT Stone<21><BOT><CT>" with "glock18"
L 04/17/2018 - 12:41:36: Team "TERRORIST" triggered "Terrorists_Win" (CT "0") (T "1")
L 04/17/2018 - 12:41:36: World triggered "Round_End"
L 04/17/2018 - 12:41:39: "@te<26><VALVE_ID_LAN><CT>" killed "Calcas Peludas<25><VALVE_ID_LAN><TERRORIST>" with "glock18"
L 04/17/2018 - 12:41:41: World triggered "Round_Start"
L 04/17/2018 - 12:41:45: "Cap. Billy<19><VALVE_ID_LOOPBACK><CT>" killed "Smolder<20><VALVE_ID_LAN><TERRORIST>" with "glock18"
L 04/17/2018 - 12:41:48: "TUX<23><VALVE_ID_LAN><TERRORIST>" killed "Cap. Billy<19><VALVE_ID_LOOPBACK><CT>" with "glock18"
L 04/17/2018 - 12:41:53: "Ice_Man<24><VALVE_ID_LAN><CT>" killed "Calcas Peludas<25><VALVE_ID_LAN><TERRORIST>" with "glock18"
L 04/17/2018 - 12:41:56: Server cvar "bot_quota" = "0"
L 04/17/2018 - 12:41:56: Kick: "XXBOT Stone<21><UNKNOWN><>" was kicked by "Cap. Billy"
L 04/17/2018 - 12:41:56: "XXBOT Stone<21><BOT><CT>" disconnected
L 04/17/2018 - 12:41:58: "GARGAMEL O EMPALADOR<22><VALVE_ID_LAN><TERRORIST>" killed "@te<26><VALVE_ID_LAN><CT>" with "glock18"
L 04/17/2018 - 12:42:00: Server cvar "bot_difficulty" = "2"
L 04/17/2018 - 12:42:03: "Ice_Man<24><VALVE_ID_LAN><CT>" killed "GARGAMEL O EMPALADOR<22><VALVE_ID_LAN><TERRORIST>" with "glock18"
L 04/17/2018 - 12:42:08: "Ice_Man<24><VALVE_ID_LAN><CT>" killed "TUX<23><VALVE_ID_LAN><TERRORIST>" with "glock18"
L 04/17/2018 - 12:42:08: Team "CT" triggered "CTs_Win" (CT "1") (T "1")
L 04/17/2018 - 12:42:08: World triggered "Round_End"
L 04/17/2018 - 12:42:09: "XXBOT Don<27><BOT><>" joined team "CT"
L 04/17/2018 - 12:42:09: Server cvar "bot_quota" = "1"
L 04/17/2018 - 12:42:09: "XXBOT Don<27><BOT><>" entered the game
L 04/17/2018 - 12:42:13: World triggered "Round_Start"
L 04/17/2018 - 12:42:21: "Calcas Peludas<25><VALVE_ID_LAN><TERRORIST>" killed "Ice_Man<24><VALVE_ID_LAN><CT>" with "glock18"
L 04/17/2018 - 12:42:25: "Cap. Billy<19><VALVE_ID_LOOPBACK><CT>" killed "GARGAMEL O EMPALADOR<22><VALVE_ID_LAN><TERRORIST>" with "glock18"
L 04/17/2018 - 12:42:35: "Cap. Billy<19><VALVE_ID_LOOPBACK><CT>" killed "Calcas Peludas<25><VALVE_ID_LAN><TERRORIST>" with "glock18"
L 04/17/2018 - 12:42:40: "@te<26><VALVE_ID_LAN><CT>" killed "Smolder<20><VALVE_ID_LAN><TERRORIST>" with "glock18"
L 04/17/2018 - 12:42:41: "XXBOT Don<27><BOT><CT>" killed "TUX<23><VALVE_ID_LAN><TERRORIST>" with "glock18"
L 04/17/2018 - 12:42:41: Team "CT" triggered "CTs_Win" (CT "2") (T "1")
L 04/17/2018 - 12:42:41: World triggered "Round_End"
L 04/17/2018 - 12:42:46: World triggered "Round_Start"
L 04/17/2018 - 12:42:51: "Cap. Billy<19><VALVE_ID_LOOPBACK><CT>" killed "TUX<23><VALVE_ID_LAN><TERRORIST>" with "glock18"
L 04/17/2018 - 12:42:53: "Calcas Peludas<25><VALVE_ID_LAN><TERRORIST>" killed "@te<26><VALVE_ID_LAN><CT>" with "glock18"
L 04/17/2018 - 12:42:56: "Cap. Billy<19><VALVE_ID_LOOPBACK><CT>" killed "GARGAMEL O EMPALADOR<22><VALVE_ID_LAN><TERRORIST>" with "knife"
L 04/17/2018 - 12:42:58: "Ice_Man<24><VALVE_ID_LAN><CT>" killed "Smolder<20><VALVE_ID_LAN><TERRORIST>" with "glock18"
L 04/17/2018 - 12:43:01: "XXBOT Don<27><BOT><CT>" killed "Calcas Peludas<25><VALVE_ID_LAN><TERRORIST>" with "glock18"
L 04/17/2018 - 12:43:01: Team "CT" triggered "CTs_Win" (CT "3") (T "1")
L 04/17/2018 - 12:43:01: World triggered "Round_End"
L 04/17/2018 - 12:43:01: "@te<26><VALVE_ID_LAN><CT>" say "hui" (dead)
L 04/17/2018 - 12:43:04: "Ice_Man<24><VALVE_ID_LAN><CT>" say "ui"
L 04/17/2018 - 12:43:06: World triggered "Round_Start"
L 04/17/2018 - 12:43:11: "Calcas Peludas<25><VALVE_ID_LAN><TERRORIST>" killed "Ice_Man<24><VALVE_ID_LAN><CT>" with "glock18"
L 04/17/2018 - 12:43:14: "Cap. Billy<19><VALVE_ID_LOOPBACK><CT>" killed "GARGAMEL O EMPALADOR<22><VALVE_ID_LAN><TERRORIST>" with "glock18"
L 04/17/2018 - 12:43:18: "Cap. Billy<19><VALVE_ID_LOOPBACK><CT>" killed "Calcas Peludas<25><VALVE_ID_LAN><TERRORIST>" with "glock18"
L 04/17/2018 - 12:43:20: "TUX<23><VALVE_ID_LAN><TERRORIST>" killed "XXBOT Don<27><BOT><CT>" with "glock18"
L 04/17/2018 - 12:43:20: "@te<26><VALVE_ID_LAN><CT>" killed "Smolder<20><VALVE_ID_LAN><TERRORIST>" with "glock18"
L 04/17/2018 - 12:43:28: "Cap. Billy<19><VALVE_ID_LOOPBACK><CT>" killed "TUX<23><VALVE_ID_LAN><TERRORIST>" with "glock18"
L 04/17/2018 - 12:43:28: Team "CT" triggered "CTs_Win" (CT "4") (T "1")
L 04/17/2018 - 12:43:28: World triggered "Round_End"
L 04/17/2018 - 12:43:33: World triggered "Round_Start"
L 04/17/2018 - 12:43:41: "Ice_Man<24><VALVE_ID_LAN><CT>" killed "Smolder<20><VALVE_ID_LAN><TERRORIST>" with "glock18"
L 04/17/2018 - 12:43:42: "Calcas Peludas<25><VALVE_ID_LAN><TERRORIST>" killed "Ice_Man<24><VALVE_ID_LAN><CT>" with "glock18"
L 04/17/2018 - 12:43:43: "GARGAMEL O EMPALADOR<22><VALVE_ID_LAN><TERRORIST>" killed "@te<26><VALVE_ID_LAN><CT>" with "glock18"
L 04/17/2018 - 12:43:48: "Cap. Billy<19><VALVE_ID_LOOPBACK><CT>" killed "Calcas Peludas<25><VALVE_ID_LAN><TERRORIST>" with "glock18"
L 04/17/2018 - 12:43:53: "Cap. Billy<19><VALVE_ID_LOOPBACK><CT>" killed "TUX<23><VALVE_ID_LAN><TERRORIST>" with "knife"
L 04/17/2018 - 12:43:56: "Ice_Man<24><VALVE_ID_LAN><CT>" say "ui" (dead)
L 04/17/2018 - 12:43:56: "XXBOT Don<27><BOT><CT>" killed "GARGAMEL O EMPALADOR<22><VALVE_ID_LAN><TERRORIST>" with "glock18"
L 04/17/2018 - 12:43:56: Team "CT" triggered "CTs_Win" (CT "5") (T "1")
L 04/17/2018 - 12:43:56: World triggered "Round_End"
L 04/17/2018 - 12:44:00: "@te<26><VALVE_ID_LAN><CT>" say "aia mamae" (dead)
L 04/17/2018 - 12:44:01: World triggered "Round_Start"
L 04/17/2018 - 12:44:10: "Smolder<20><VALVE_ID_LAN><TERRORIST>" killed "@te<26><VALVE_ID_LAN><CT>" with "glock18"
L 04/17/2018 - 12:44:11: "Ice_Man<24><VALVE_ID_LAN><CT>" killed "TUX<23><VALVE_ID_LAN><TERRORIST>" with "glock18"
L 04/17/2018 - 12:44:13: "Calcas Peludas<25><VALVE_ID_LAN><TERRORIST>" killed "Cap. Billy<19><VALVE_ID_LOOPBACK><CT>" with "glock18"
L 04/17/2018 - 12:44:19: "GARGAMEL O EMPALADOR<22><VALVE_ID_LAN><TERRORIST>" killed "Ice_Man<24><VALVE_ID_LAN><CT>" with "glock18"
L 04/17/2018 - 12:44:25: "GARGAMEL O EMPALADOR<22><VALVE_ID_LAN><TERRORIST>" killed "XXBOT Don<27><BOT><CT>" with "glock18"
L 04/17/2018 - 12:44:25: Team "TERRORIST" triggered "Terrorists_Win" (CT "5") (T "2")
L 04/17/2018 - 12:44:25: World triggered "Round_End"
L 04/17/2018 - 12:44:30: World triggered "Round_Start"
L 04/17/2018 - 12:44:40: "@te<26><VALVE_ID_LAN><CT>" killed "Calcas Peludas<25><VALVE_ID_LAN><TERRORIST>" with "knife"
L 04/17/2018 - 12:44:40: "Smolder<20><VALVE_ID_LAN><TERRORIST>" killed "XXBOT Don<27><BOT><CT>" with "glock18"
L 04/17/2018 - 12:44:44: "Smolder<20><VALVE_ID_LAN><TERRORIST>" killed "Ice_Man<24><VALVE_ID_LAN><CT>" with "knife"
L 04/17/2018 - 12:44:47: "TUX<23><VALVE_ID_LAN><TERRORIST>" killed "Cap. Billy<19><VALVE_ID_LOOPBACK><CT>" with "knife"
L 04/17/2018 - 12:44:49: "GARGAMEL O EMPALADOR<22><VALVE_ID_LAN><TERRORIST>" killed "@te<26><VALVE_ID_LAN><CT>" with "knife"
L 04/17/2018 - 12:44:49: Team "TERRORIST" triggered "Terrorists_Win" (CT "5") (T "3")
L 04/17/2018 - 12:44:49: World triggered "Round_End"
L 04/17/2018 - 12:44:54: "Jack<28><VALVE_ID_LAN><>" connected, address "10.15.2.104:27005"
L 04/17/2018 - 12:44:54: World triggered "Round_Start"
L 04/17/2018 - 12:45:00: "GARGAMEL O EMPALADOR<22><VALVE_ID_LAN><TERRORIST>" killed "Cap. Billy<19><VALVE_ID_LOOPBACK><CT>" with "glock18"
L 04/17/2018 - 12:45:03: "GARGAMEL O EMPALADOR<22><VALVE_ID_LAN><TERRORIST>" killed "Ice_Man<24><VALVE_ID_LAN><CT>" with "glock18"
L 04/17/2018 - 12:45:06: "Jack<28><VALVE_ID_LAN><>" entered the game
L 04/17/2018 - 12:45:13: "Jack<28><VALVE_ID_LAN><>" joined team "CT"
L 04/17/2018 - 12:45:14: "@te<26><VALVE_ID_LAN><CT>" killed "Smolder<20><VALVE_ID_LAN><TERRORIST>" with "glock18"
L 04/17/2018 - 12:45:20: "Ice_Man<24><VALVE_ID_LAN><CT>" say "jack entrou" (dead)
L 04/17/2018 - 12:45:21: "Calcas Peludas<25><VALVE_ID_LAN><TERRORIST>" killed "@te<26><VALVE_ID_LAN><CT>" with "glock18"
L 04/17/2018 - 12:45:25: "Jack<28><VALVE_ID_LAN><CT>" say "ui" (dead)
L 04/17/2018 - 12:45:25: Server cvar "bot_quota" = "0"
L 04/17/2018 - 12:45:25: Kick: "XXBOT Don<27><UNKNOWN><>" was kicked by "Cap. Billy"
L 04/17/2018 - 12:45:25: "XXBOT Don<27><BOT><CT>" disconnected
L 04/17/2018 - 12:45:25: Team "TERRORIST" triggered "Terrorists_Win" (CT "5") (T "4")
L 04/17/2018 - 12:45:25: World triggered "Round_End"
L 04/17/2018 - 12:45:30: World triggered "Round_Start"
L 04/17/2018 - 12:45:31: "@te<26><VALVE_ID_LAN><CT>" say_team "juntos"
L 04/17/2018 - 12:45:37: "Cap. Billy<19><VALVE_ID_LOOPBACK><CT>" killed "GARGAMEL O EMPALADOR<22><VALVE_ID_LAN><TERRORIST>" with "glock18"
L 04/17/2018 - 12:45:38: "TUX<23><VALVE_ID_LAN><TERRORIST>" killed "Jack<28><VALVE_ID_LAN><CT>" with "glock18"
L 04/17/2018 - 12:45:39: "Calcas Peludas<25><VALVE_ID_LAN><TERRORIST>" killed "@te<26><VALVE_ID_LAN><CT>" with "glock18"
L 04/17/2018 - 12:45:39: "Smolder<20><VALVE_ID_LAN><TERRORIST>" killed "Ice_Man<24><VALVE_ID_LAN><CT>" with "glock18"
L 04/17/2018 - 12:45:48: "Smolder<20><VALVE_ID_LAN><TERRORIST>" killed "Cap. Billy<19><VALVE_ID_LOOPBACK><CT>" with "glock18"
L 04/17/2018 - 12:45:48: Team "TERRORIST" triggered "Terrorists_Win" (CT "5") (T "5")
L 04/17/2018 - 12:45:48: World triggered "Round_End"
L 04/17/2018 - 12:45:53: World triggered "Round_Start"
L 04/17/2018 - 12:46:00: "TUX<23><VALVE_ID_LAN><TERRORIST>" killed "Ice_Man<24><VALVE_ID_LAN><CT>" with "glock18"
L 04/17/2018 - 12:46:01: "TUX<23><VALVE_ID_LAN><TERRORIST>" killed "@te<26><VALVE_ID_LAN><CT>" with "glock18"
L 04/17/2018 - 12:46:03: "Cap. Billy<19><VALVE_ID_LOOPBACK><CT>" killed "Calcas Peludas<25><VALVE_ID_LAN><TERRORIST>" with "glock18"
L 04/17/2018 - 12:46:10: "GARGAMEL O EMPALADOR<22><VALVE_ID_LAN><TERRORIST>" killed "Cap. Billy<19><VALVE_ID_LOOPBACK><CT>" with "glock18"
L 04/17/2018 - 12:46:12: "Smolder<20><VALVE_ID_LAN><TERRORIST>" killed "Jack<28><VALVE_ID_LAN><CT>" with "glock18"
L 04/17/2018 - 12:46:12: Team "TERRORIST" triggered "Terrorists_Win" (CT "5") (T "6")
L 04/17/2018 - 12:46:12: World triggered "Round_End"
L 04/17/2018 - 12:46:17: World triggered "Round_Start"
L 04/17/2018 - 12:46:22: "Cap. Billy<19><VALVE_ID_LOOPBACK><CT>" killed "Smolder<20><VALVE_ID_LAN><TERRORIST>" with "glock18"
L 04/17/2018 - 12:46:23: "GARGAMEL O EMPALADOR<22><VALVE_ID_LAN><TERRORIST>" killed "Cap. Billy<19><VALVE_ID_LOOPBACK><CT>" with "glock18"
L 04/17/2018 - 12:46:24: "Ice_Man<24><VALVE_ID_LAN><CT>" killed "TUX<23><VALVE_ID_LAN><TERRORIST>" with "glock18"
L 04/17/2018 - 12:46:25: "GARGAMEL O EMPALADOR<22><VALVE_ID_LAN><TERRORIST>" killed "@te<26><VALVE_ID_LAN><CT>" with "glock18"
L 04/17/2018 - 12:46:30: "GARGAMEL O EMPALADOR<22><VALVE_ID_LAN><TERRORIST>" killed "Jack<28><VALVE_ID_LAN><CT>" with "glock18"
L 04/17/2018 - 12:46:32: "GARGAMEL O EMPALADOR<22><VALVE_ID_LAN><TERRORIST>" killed "Ice_Man<24><VALVE_ID_LAN><CT>" with "glock18"
L 04/17/2018 - 12:46:32: Team "TERRORIST" triggered "Terrorists_Win" (CT "5") (T "7")
L 04/17/2018 - 12:46:32: World triggered "Round_End"
L 04/17/2018 - 12:46:34: "@te<26><VALVE_ID_LAN><CT>" say_team "juntos " (dead)
L 04/17/2018 - 12:46:37: World triggered "Round_Start"
L 04/17/2018 - 12:46:42: "Calcas Peludas<25><VALVE_ID_LAN><TERRORIST>" killed "Ice_Man<24><VALVE_ID_LAN><CT>" with "glock18"
L 04/17/2018 - 12:46:46: "@te<26><VALVE_ID_LAN><CT>" killed "GARGAMEL O EMPALADOR<22><VALVE_ID_LAN><TERRORIST>" with "glock18"
L 04/17/2018 - 12:46:46: "TUX<23><VALVE_ID_LAN><TERRORIST>" killed "Cap. Billy<19><VALVE_ID_LOOPBACK><CT>" with "glock18"
L 04/17/2018 - 12:46:47: "Calcas Peludas<25><VALVE_ID_LAN><TERRORIST>" killed "Jack<28><VALVE_ID_LAN><CT>" with "glock18"
L 04/17/2018 - 12:46:55: "Calcas Peludas<25><VALVE_ID_LAN><TERRORIST>" killed "@te<26><VALVE_ID_LAN><CT>" with "glock18"
L 04/17/2018 - 12:46:55: Team "TERRORIST" triggered "Terrorists_Win" (CT "5") (T "8")
L 04/17/2018 - 12:46:55: World triggered "Round_End"
L 04/17/2018 - 12:47:00: World triggered "Round_Start"
L 04/17/2018 - 12:47:05: "TUX<23><VALVE_ID_LAN><TERRORIST>" killed "Jack<28><VALVE_ID_LAN><CT>" with "glock18"
L 04/17/2018 - 12:47:05: "Ice_Man<24><VALVE_ID_LAN><CT>" killed "Calcas Peludas<25><VALVE_ID_LAN><TERRORIST>" with "glock18"
L 04/17/2018 - 12:47:06: "GARGAMEL O EMPALADOR<22><VALVE_ID_LAN><TERRORIST>" killed "Ice_Man<24><VALVE_ID_LAN><CT>" with "glock18"
L 04/17/2018 - 12:47:06: "Cap. Billy<19><VALVE_ID_LOOPBACK><CT>" killed "TUX<23><VALVE_ID_LAN><TERRORIST>" with "glock18"
L 04/17/2018 - 12:47:10: "Cap. Billy<19><VALVE_ID_LOOPBACK><CT>" killed "GARGAMEL O EMPALADOR<22><VALVE_ID_LAN><TERRORIST>" with "glock18"
L 04/17/2018 - 12:47:21: "Jack<28><VALVE_ID_LAN><CT>" say_team "arrroba.. juntos significa siga o capitao" (dead)
L 04/17/2018 - 12:47:33: "Cap. Billy<19><VALVE_ID_LOOPBACK><CT>" killed "Smolder<20><VALVE_ID_LAN><TERRORIST>" with "glock18"
L 04/17/2018 - 12:47:33: Team "CT" triggered "CTs_Win" (CT "6") (T "8")
L 04/17/2018 - 12:47:33: World triggered "Round_End"
L 04/17/2018 - 12:47:38: World triggered "Round_Start"
L 04/17/2018 - 12:47:38: "Jack<28><VALVE_ID_LAN><CT>" say_team "arroba..juntos significa siga o capitao"
L 04/17/2018 - 12:47:43: "Ice_Man<24><VALVE_ID_LAN><CT>" killed "Calcas Peludas<25><VALVE_ID_LAN><TERRORIST>" with "glock18"
L 04/17/2018 - 12:47:45: "Jack<28><VALVE_ID_LAN><CT>" killed "Smolder<20><VALVE_ID_LAN><TERRORIST>" with "glock18"
L 04/17/2018 - 12:47:52: "Cap. Billy<19><VALVE_ID_LOOPBACK><CT>" killed "GARGAMEL O EMPALADOR<22><VALVE_ID_LAN><TERRORIST>" with "knife"
L 04/17/2018 - 12:47:54: "TUX<23><VALVE_ID_LAN><TERRORIST>" killed "Jack<28><VALVE_ID_LAN><CT>" with "glock18"
L 04/17/2018 - 12:47:58: "@te<26><VALVE_ID_LAN><CT>" killed "TUX<23><VALVE_ID_LAN><TERRORIST>" with "knife"
L 04/17/2018 - 12:47:58: Team "CT" triggered "CTs_Win" (CT "7") (T "8")
L 04/17/2018 - 12:47:58: World triggered "Round_End"
L 04/17/2018 - 12:48:03: World triggered "Round_Start"
L 04/17/2018 - 12:48:04: "Jack<28><VALVE_ID_LAN><CT>" say_team "sigam o capitao"
L 04/17/2018 - 12:48:08: "Ice_Man<24><VALVE_ID_LAN><CT>" killed "Calcas Peludas<25><VALVE_ID_LAN><TERRORIST>" with "glock18"
L 04/17/2018 - 12:48:11: "Jack<28><VALVE_ID_LAN><CT>" killed "Smolder<20><VALVE_ID_LAN><TERRORIST>" with "glock18"
L 04/17/2018 - 12:48:12: "TUX<23><VALVE_ID_LAN><TERRORIST>" killed "@te<26><VALVE_ID_LAN><CT>" with "glock18"
L 04/17/2018 - 12:48:17: "Cap. Billy<19><VALVE_ID_LOOPBACK><CT>" killed "TUX<23><VALVE_ID_LAN><TERRORIST>" with "glock18"
L 04/17/2018 - 12:48:20: "GARGAMEL O EMPALADOR<22><VALVE_ID_LAN><TERRORIST>" killed "Cap. Billy<19><VALVE_ID_LOOPBACK><CT>" with "knife"
L 04/17/2018 - 12:48:22: "Jack<28><VALVE_ID_LAN><CT>" killed "GARGAMEL O EMPALADOR<22><VALVE_ID_LAN><TERRORIST>" with "knife"
L 04/17/2018 - 12:48:22: Team "CT" triggered "CTs_Win" (CT "8") (T "8")
L 04/17/2018 - 12:48:22: World triggered "Round_End"
L 04/17/2018 - 12:48:27: World triggered "Round_Start"
L 04/17/2018 - 12:48:28: "Cap. Billy<19><VALVE_ID_LOOPBACK><CT>" say_team "PORRA JACKKK!"
L 04/17/2018 - 12:48:37: "Cap. Billy<19><VALVE_ID_LOOPBACK><CT>" killed "Smolder<20><VALVE_ID_LAN><TERRORIST>" with "glock18"
L 04/17/2018 - 12:48:42: "Jack<28><VALVE_ID_LAN><CT>" killed "Calcas Peludas<25><VALVE_ID_LAN><TERRORIST>" with "glock18"
L 04/17/2018 - 12:49:00: "Jack<28><VALVE_ID_LAN><CT>" killed "TUX<23><VALVE_ID_LAN><TERRORIST>" with "glock18"
L 04/17/2018 - 12:49:05: "Jack<28><VALVE_ID_LAN><CT>" killed "GARGAMEL O EMPALADOR<22><VALVE_ID_LAN><TERRORIST>" with "knife"
L 04/17/2018 - 12:49:05: Team "CT" triggered "CTs_Win" (CT "9") (T "8")
L 04/17/2018 - 12:49:05: World triggered "Round_End"
L 04/17/2018 - 12:49:10: World triggered "Round_Start"
L 04/17/2018 - 12:49:16: "@te<26><VALVE_ID_LAN><CT>" killed "Smolder<20><VALVE_ID_LAN><TERRORIST>" with "glock18"
L 04/17/2018 - 12:49:16: "GARGAMEL O EMPALADOR<22><VALVE_ID_LAN><TERRORIST>" killed "Cap. Billy<19><VALVE_ID_LOOPBACK><CT>" with "glock18"
L 04/17/2018 - 12:49:18: "Calcas Peludas<25><VALVE_ID_LAN><TERRORIST>" killed "@te<26><VALVE_ID_LAN><CT>" with "glock18"
L 04/17/2018 - 12:49:20: "Ice_Man<24><VALVE_ID_LAN><CT>" killed "Calcas Peludas<25><VALVE_ID_LAN><TERRORIST>" with "glock18"
L 04/17/2018 - 12:49:21: "Ice_Man<24><VALVE_ID_LAN><CT>" killed "GARGAMEL O EMPALADOR<22><VALVE_ID_LAN><TERRORIST>" with "glock18"
L 04/17/2018 - 12:49:24: "TUX<23><VALVE_ID_LAN><TERRORIST>" killed "Jack<28><VALVE_ID_LAN><CT>" with "glock18"
L 04/17/2018 - 12:49:33: Server cvar "amx_nextmap" = "ak-colt_dust_arena"
L 04/17/2018 - 12:49:38: "Jack<28><VALVE_ID_LAN><CT>" say_team "capitao.. quando eu chegeu o sr ja tava levando" (dead)
L 04/17/2018 - 12:49:47: "Cap. Billy<19><VALVE_ID_LOOPBACK><CT>" say "eu ten" (dead)
L 04/17/2018 - 12:49:52: "TUX<23><VALVE_ID_LAN><TERRORIST>" killed "Ice_Man<24><VALVE_ID_LAN><CT>" with "knife"
L 04/17/2018 - 12:49:52: Team "TERRORIST" triggered "Terrorists_Win" (CT "9") (T "9")
L 04/17/2018 - 12:49:52: World triggered "Round_End"
L 04/17/2018 - 12:49:55: "Cap. Billy<19><VALVE_ID_LOOPBACK><CT>" say_team "eu tentei correr ai tu tava atras de mim" (dead)
L 04/17/2018 - 12:49:57: World triggered "Round_Start"
L 04/17/2018 - 12:50:02: "Cap. Billy<19><VALVE_ID_LOOPBACK><CT>" say_team "mnas nao era reclamando nao"
L 04/17/2018 - 12:50:05: "Ice_Man<24><VALVE_ID_LAN><CT>" killed "Calcas Peludas<25><VALVE_ID_LAN><TERRORIST>" with "glock18"
L 04/17/2018 - 12:50:05: "Cap. Billy<19><VALVE_ID_LOOPBACK><CT>" killed "TUX<23><VALVE_ID_LAN><TERRORIST>" with "glock18"
L 04/17/2018 - 12:50:06: "Jack<28><VALVE_ID_LAN><CT>" killed "GARGAMEL O EMPALADOR<22><VALVE_ID_LAN><TERRORIST>" with "glock18"
L 04/17/2018 - 12:50:10: "Smolder<20><VALVE_ID_LAN><TERRORIST>" killed "@te<26><VALVE_ID_LAN><CT>" with "glock18"
L 04/17/2018 - 12:50:13: "Jack<28><VALVE_ID_LAN><CT>" killed "Smolder<20><VALVE_ID_LAN><TERRORIST>" with "glock18"
L 04/17/2018 - 12:50:13: Team "CT" triggered "CTs_Win" (CT "10") (T "9")
L 04/17/2018 - 12:50:13: World triggered "Round_End"
L 04/17/2018 - 12:50:16: "Jack<28><VALVE_ID_LAN><CT>" say_team "entendi"
L 04/17/2018 - 12:50:19: World triggered "Round_Start"
L 04/17/2018 - 12:50:23: "Jack<28><VALVE_ID_LAN><CT>" killed "Calcas Peludas<25><VALVE_ID_LAN><TERRORIST>" with "glock18"
L 04/17/2018 - 12:50:24: "Jack<28><VALVE_ID_LAN><CT>" killed "GARGAMEL O EMPALADOR<22><VALVE_ID_LAN><TERRORIST>" with "glock18"
L 04/17/2018 - 12:50:26: "Jack<28><VALVE_ID_LAN><CT>" killed "Smolder<20><VALVE_ID_LAN><TERRORIST>" with "glock18"
L 04/17/2018 - 12:50:30: "TUX<23><VALVE_ID_LAN><TERRORIST>" killed "Cap. Billy<19><VALVE_ID_LOOPBACK><CT>" with "glock18"
L 04/17/2018 - 12:50:37: "Ice_Man<24><VALVE_ID_LAN><CT>" killed "TUX<23><VALVE_ID_LAN><TERRORIST>" with "glock18"
L 04/17/2018 - 12:50:37: Team "CT" triggered "CTs_Win" (CT "11") (T "9")
L 04/17/2018 - 12:50:37: World triggered "Round_End"
L 04/17/2018 - 12:50:42: "Ice_Man<24><VALVE_ID_LAN><CT>" say_team "tava amolecendo"
L 04/17/2018 - 12:50:42: World triggered "Round_Start"
L 04/17/2018 - 12:50:47: "Cap. Billy<19><VALVE_ID_LOOPBACK><CT>" killed "GARGAMEL O EMPALADOR<22><VALVE_ID_LAN><TERRORIST>" with "glock18"
L 04/17/2018 - 12:50:48: "Ice_Man<24><VALVE_ID_LAN><CT>" killed "Calcas Peludas<25><VALVE_ID_LAN><TERRORIST>" with "glock18"
L 04/17/2018 - 12:50:55: "Smolder<20><VALVE_ID_LAN><TERRORIST>" killed "Cap. Billy<19><VALVE_ID_LOOPBACK><CT>" with "glock18"
L 04/17/2018 - 12:50:55: "@te<26><VALVE_ID_LAN><CT>" killed "Smolder<20><VALVE_ID_LAN><TERRORIST>" with "knife"
L 04/17/2018 - 12:50:55: "Ice_Man<24><VALVE_ID_LAN><CT>" killed "TUX<23><VALVE_ID_LAN><TERRORIST>" with "knife"
L 04/17/2018 - 12:50:55: Team "CT" triggered "CTs_Win" (CT "12") (T "9")
L 04/17/2018 - 12:50:55: World triggered "Round_End"
L 04/17/2018 - 12:51:00: World triggered "Round_Start"
L 04/17/2018 - 12:51:07: "@te<26><VALVE_ID_LAN><CT>" killed "Smolder<20><VALVE_ID_LAN><TERRORIST>" with "glock18"
L 04/17/2018 - 12:51:10: "Ice_Man<24><VALVE_ID_LAN><CT>" killed "Calcas Peludas<25><VALVE_ID_LAN><TERRORIST>" with "glock18"
L 04/17/2018 - 12:51:10: "Jack<28><VALVE_ID_LAN><CT>" killed "TUX<23><VALVE_ID_LAN><TERRORIST>" with "knife"
L 04/17/2018 - 12:51:20: "GARGAMEL O EMPALADOR<22><VALVE_ID_LAN><TERRORIST>" killed "Jack<28><VALVE_ID_LAN><CT>" with "glock18"
L 04/17/2018 - 12:51:24: "Cap. Billy<19><VALVE_ID_LOOPBACK><CT>" killed "GARGAMEL O EMPALADOR<22><VALVE_ID_LAN><TERRORIST>" with "glock18"
L 04/17/2018 - 12:51:24: Team "CT" triggered "CTs_Win" (CT "13") (T "9")
L 04/17/2018 - 12:51:24: World triggered "Round_End"
L 04/17/2018 - 12:51:25: "Calcas Peludas<25><VALVE_ID_LAN><TERRORIST>" say "kkkkkkk" (dead)
L 04/17/2018 - 12:51:26: Team "CT" scored "13" with "4" players
L 04/17/2018 - 12:51:26: Team "TERRORIST" scored "9" with "4" players
L 04/17/2018 - 12:51:29: "Cap. Billy<19><VALVE_ID_LOOPBACK><CT>" triggered "weaponstats" (weapon "glock18") (shots "221") (hits "71") (kills "21") (headshots "16") (tks "0") (damage "2879") (deaths "9")
L 04/17/2018 - 12:51:29: "Cap. Billy<19><VALVE_ID_LOOPBACK><CT>" triggered "weaponstats2" (weapon "glock18") (head "30") (chest "5") (stomach "3") (leftarm "12") (rightarm "21") (leftleg "0") (rightleg "0")
L 04/17/2018 - 12:51:29: "Cap. Billy<19><VALVE_ID_LOOPBACK><CT>" triggered "weaponstats" (weapon "knife") (shots "17") (hits "7") (kills "3") (headshots "1") (tks "0") (damage "605") (deaths "4")
L 04/17/2018 - 12:51:29: "Cap. Billy<19><VALVE_ID_LOOPBACK><CT>" triggered "weaponstats2" (weapon "knife") (head "3") (chest "1") (stomach "0") (leftarm "1") (rightarm "2") (leftleg "0") (rightleg "0")
L 04/17/2018 - 12:51:29: "Cap. Billy<19><VALVE_ID_LOOPBACK><CT>" triggered "time" (time "10:11")
L 04/17/2018 - 12:51:29: "Cap. Billy<19><VALVE_ID_LOOPBACK><CT>" triggered "latency" (ping "0")
L 04/17/2018 - 12:51:29: "Smolder<20><VALVE_ID_LAN><TERRORIST>" triggered "weaponstats" (weapon "glock18") (shots "143") (hits "39") (kills "7") (headshots "6") (tks "0") (damage "1312") (deaths "12")
L 04/17/2018 - 12:51:29: "Smolder<20><VALVE_ID_LAN><TERRORIST>" triggered "weaponstats2" (weapon "glock18") (head "12") (chest "9") (stomach "1") (leftarm "9") (rightarm "8") (leftleg "0") (rightleg "0")
L 04/17/2018 - 12:51:29: "Smolder<20><VALVE_ID_LAN><TERRORIST>" triggered "weaponstats" (weapon "knife") (shots "2") (hits "2") (kills "1") (headshots "1") (tks "0") (damage "74") (deaths "6")
L 04/17/2018 - 12:51:29: "Smolder<20><VALVE_ID_LAN><TERRORIST>" triggered "weaponstats2" (weapon "knife") (head "2") (chest "0") (stomach "0") (leftarm "0") (rightarm "0") (leftleg "0") (rightleg "0")
L 04/17/2018 - 12:51:29: "Smolder<20><VALVE_ID_LAN><TERRORIST>" triggered "time" (time "10:08")
L 04/17/2018 - 12:51:29: "Smolder<20><VALVE_ID_LAN><TERRORIST>" triggered "latency" (ping "8")
L 04/17/2018 - 12:51:29: "GARGAMEL O EMPALADOR<22><VALVE_ID_LAN><TERRORIST>" triggered "weaponstats" (weapon "glock18") (shots "206") (hits "56") (kills "15") (headshots "8") (tks "0") (damage "1579") (deaths "12")
L 04/17/2018 - 12:51:29: "GARGAMEL O EMPALADOR<22><VALVE_ID_LAN><TERRORIST>" triggered "weaponstats2" (weapon "glock18") (head "12") (chest "8") (stomach "2") (leftarm "23") (rightarm "9") (leftleg "2") (rightleg "0")
L 04/17/2018 - 12:51:29: "GARGAMEL O EMPALADOR<22><VALVE_ID_LAN><TERRORIST>" triggered "weaponstats" (weapon "knife") (shots "13") (hits "6") (kills "2") (headshots "0") (tks "0") (damage "330") (deaths "4")
L 04/17/2018 - 12:51:29: "GARGAMEL O EMPALADOR<22><VALVE_ID_LAN><TERRORIST>" triggered "weaponstats2" (weapon "knife") (head "0") (chest "0") (stomach "0") (leftarm "5") (rightarm "1") (leftleg "0") (rightleg "0")
L 04/17/2018 - 12:51:29: "GARGAMEL O EMPALADOR<22><VALVE_ID_LAN><TERRORIST>" triggered "time" (time "10:06")
L 04/17/2018 - 12:51:29: "GARGAMEL O EMPALADOR<22><VALVE_ID_LAN><TERRORIST>" triggered "latency" (ping "8")
L 04/17/2018 - 12:51:29: "TUX<23><VALVE_ID_LAN><TERRORIST>" triggered "weaponstats" (weapon "glock18") (shots "202") (hits "66") (kills "11") (headshots "9") (tks "0") (damage "1683") (deaths "15")
L 04/17/2018 - 12:51:29: "TUX<23><VALVE_ID_LAN><TERRORIST>" triggered "weaponstats2" (weapon "glock18") (head "13") (chest "9") (stomach "2") (leftarm "22") (rightarm "16") (leftleg "3") (rightleg "1")
L 04/17/2018 - 12:51:29: "TUX<23><VALVE_ID_LAN><TERRORIST>" triggered "weaponstats" (weapon "knife") (shots "11") (hits "3") (kills "2") (headshots "1") (tks "0") (damage "370") (deaths "2")
L 04/17/2018 - 12:51:29: "TUX<23><VALVE_ID_LAN><TERRORIST>" triggered "weaponstats2" (weapon "knife") (head "1") (chest "1") (stomach "0") (leftarm "1") (rightarm "0") (leftleg "0") (rightleg "0")
L 04/17/2018 - 12:51:29: "TUX<23><VALVE_ID_LAN><TERRORIST>" triggered "time" (time "10:06")
L 04/17/2018 - 12:51:29: "TUX<23><VALVE_ID_LAN><TERRORIST>" triggered "latency" (ping "11")
L 04/17/2018 - 12:51:29: "Ice_Man<24><VALVE_ID_LAN><CT>" triggered "weaponstats" (weapon "glock18") (shots "262") (hits "85") (kills "17") (headshots "9") (tks "0") (damage "2138") (deaths "11")
L 04/17/2018 - 12:51:29: "Ice_Man<24><VALVE_ID_LAN><CT>" triggered "weaponstats2" (weapon "glock18") (head "16") (chest "9") (stomach "3") (leftarm "34") (rightarm "19") (leftleg "0") (rightleg "4")
L 04/17/2018 - 12:51:29: "Ice_Man<24><VALVE_ID_LAN><CT>" triggered "weaponstats" (weapon "knife") (shots "10") (hits "3") (kills "1") (headshots "1") (tks "0") (damage "165") (deaths "2")
L 04/17/2018 - 12:51:29: "Ice_Man<24><VALVE_ID_LAN><CT>" triggered "weaponstats2" (weapon "knife") (head "2") (chest "0") (stomach "0") (leftarm "0") (rightarm "1") (leftleg "0") (rightleg "0")
L 04/17/2018 - 12:51:29: "Ice_Man<24><VALVE_ID_LAN><CT>" triggered "time" (time "10:01")
L 04/17/2018 - 12:51:29: "Ice_Man<24><VALVE_ID_LAN><CT>" triggered "latency" (ping "152")
L 04/17/2018 - 12:51:29: "Calcas Peludas<25><VALVE_ID_LAN><TERRORIST>" triggered "weaponstats" (weapon "glock18") (shots "285") (hits "87") (kills "13") (headshots "7") (tks "0") (damage "1836") (deaths "16")
L 04/17/2018 - 12:51:29: "Calcas Peludas<25><VALVE_ID_LAN><TERRORIST>" triggered "weaponstats2" (weapon "glock18") (head "14") (chest "14") (stomach "3") (leftarm "31") (rightarm "25") (leftleg "0") (rightleg "0")
L 04/17/2018 - 12:51:29: "Calcas Peludas<25><VALVE_ID_LAN><TERRORIST>" triggered "weaponstats" (weapon "knife") (shots "4") (hits "0") (kills "0") (headshots "0") (tks "0") (damage "0") (deaths "1")
L 04/17/2018 - 12:51:29: "Calcas Peludas<25><VALVE_ID_LAN><TERRORIST>" triggered "weaponstats2" (weapon "knife") (head "0") (chest "0") (stomach "0") (leftarm "0") (rightarm "0") (leftleg "0") (rightleg "0")
L 04/17/2018 - 12:51:29: "Calcas Peludas<25><VALVE_ID_LAN><TERRORIST>" triggered "time" (time "10:02")
L 04/17/2018 - 12:51:29: "Calcas Peludas<25><VALVE_ID_LAN><TERRORIST>" triggered "latency" (ping "10")
L 04/17/2018 - 12:51:29: "@te<26><VALVE_ID_LAN><CT>" triggered "weaponstats" (weapon "glock18") (shots "123") (hits "35") (kills "7") (headshots "7") (tks "0") (damage "1042") (deaths "11")
L 04/17/2018 - 12:51:29: "@te<26><VALVE_ID_LAN><CT>" triggered "weaponstats2" (weapon "glock18") (head "9") (chest "6") (stomach "0") (leftarm "13") (rightarm "7") (leftleg "0") (rightleg "0")
L 04/17/2018 - 12:51:29: "@te<26><VALVE_ID_LAN><CT>" triggered "weaponstats" (weapon "knife") (shots "11") (hits "4") (kills "3") (headshots "1") (tks "0") (damage "330") (deaths "2")
L 04/17/2018 - 12:51:29: "@te<26><VALVE_ID_LAN><CT>" triggered "weaponstats2" (weapon "knife") (head "1") (chest "1") (stomach "0") (leftarm "0") (rightarm "1") (leftleg "1") (rightleg "0")
L 04/17/2018 - 12:51:29: "@te<26><VALVE_ID_LAN><CT>" triggered "time" (time "9:55")
L 04/17/2018 - 12:51:29: "@te<26><VALVE_ID_LAN><CT>" triggered "latency" (ping "9")
L 04/17/2018 - 12:51:29: "Jack<28><VALVE_ID_LAN><CT>" triggered "weaponstats" (weapon "glock18") (shots "100") (hits "42") (kills "9") (headshots "8") (tks "0") (damage "1064") (deaths "2")
L 04/17/2018 - 12:51:29: "Jack<28><VALVE_ID_LAN><CT>" triggered "weaponstats2" (weapon "glock18") (head "8") (chest "14") (stomach "3") (leftarm "8") (rightarm "8") (leftleg "0") (rightleg "1")
L 04/17/2018 - 12:51:29: "Jack<28><VALVE_ID_LAN><CT>" triggered "weaponstats" (weapon "knife") (shots "12") (hits "7") (kills "3") (headshots "1") (tks "0") (damage "700") (deaths "6")
L 04/17/2018 - 12:51:29: "Jack<28><VALVE_ID_LAN><CT>" triggered "weaponstats2" (weapon "knife") (head "2") (chest "1") (stomach "0") (leftarm "3") (rightarm "1") (leftleg "0") (rightleg "0")
L 04/17/2018 - 12:51:29: "Jack<28><VALVE_ID_LAN><CT>" triggered "time" (time "6:23")
L 04/17/2018 - 12:51:29: "Jack<28><VALVE_ID_LAN><CT>" triggered "latency" (ping "9")
L 04/17/2018 - 12:51:29: [META] ini: Begin re-reading plugins list: c:/valve/cstrike/addons/metamod/plugins.ini
L 04/17/2018 - 12:51:29: [META] ini: Read plugin config for: AMX
L 04/17/2018 - 12:51:29: [META] ini: Read plugin config for: WinHL-Booster
L 04/17/2018 - 12:51:29: [META] ERROR: ini: Skipping plugin, couldn't stat file 'addons/hlguard/dlls/hlguard_mm_nightly.dll': No such file or directory
L 04/17/2018 - 12:51:29: [META] ini: Read plugin config for: WebMod
L 04/17/2018 - 12:51:29: [META] ini: Finished reading plugins list: c:/valve/cstrike/addons/metamod/plugins.ini; Found 3 plugins
L 04/17/2018 - 12:51:29: [META] dll: Updating plugins...
L 04/17/2018 - 12:51:29: [META] ERROR: dll: Failed query plugin '<hlguard_mm_nightly.dll>'; Couldn't open file 'addons/hlguard/dlls/hlguard_mm_nightly.dll': Não foi possível encontrar o módulo especificado.

L 04/17/2018 - 12:51:29: [META] ERROR: dll: Skipping plugin '<hlguard_mm_nightly.dll>'; couldn't query
L 04/17/2018 - 12:51:29: [META] dll: Finished updating 6 plugins; kept 3, loaded 0, unloaded 0, reloaded 0, delayed 0
L 04/17/2018 - 12:51:29: Server shutdown
L 04/17/2018 - 12:51:29: Log file closed
