L 04/16/2018 - 12:41:34: Log file started (file "logs\L0416002.log") (game "cstrike") (version "47/1.1.2.2/2603")
L 04/16/2018 - 12:41:35: "Calcas Peludas<18><VALVE_ID_LAN><>" connected, address "10.15.2.49:27005"
L 04/16/2018 - 12:41:35: "TUX<16><VALVE_ID_LAN><>" entered the game
L 04/16/2018 - 12:41:35: "GARGAMEL O EMPALADOR<17><VALVE_ID_LAN><>" entered the game
L 04/16/2018 - 12:41:36: "TUX<16><VALVE_ID_LAN><>" joined team "TERRORIST"
L 04/16/2018 - 12:41:37: World triggered "Game_Commencing"
L 04/16/2018 - 12:41:37: World triggered "Game_Commencing" (CT "0") (T "0")
L 04/16/2018 - 12:41:37: World triggered "Round_End"
L 04/16/2018 - 12:41:37: "Calcas Peludas<18><VALVE_ID_LAN><>" entered the game
L 04/16/2018 - 12:41:37: "GARGAMEL O EMPALADOR<17><VALVE_ID_LAN><>" joined team "TERRORIST"
L 04/16/2018 - 12:41:38: "Calcas Peludas<18><VALVE_ID_LAN><>" joined team "TERRORIST"
L 04/16/2018 - 12:41:39: "TUX<16><VALVE_ID_LAN><TERRORIST>" killed "Cap. Billy<14><VALVE_ID_LOOPBACK><CT>" with "glock18"
L 04/16/2018 - 12:41:40: World triggered "Round_Start"
L 04/16/2018 - 12:41:41: "Jack<19><VALVE_ID_LAN><>" connected, address "10.15.2.104:27005"
L 04/16/2018 - 12:41:43: "@te<20><VALVE_ID_LAN><>" connected, address "10.15.2.23:27005"
L 04/16/2018 - 12:41:45: "Jack<19><VALVE_ID_LAN><>" entered the game
L 04/16/2018 - 12:41:46: "Cap. Billy<14><VALVE_ID_LOOPBACK><CT>" killed "GARGAMEL O EMPALADOR<17><VALVE_ID_LAN><TERRORIST>" with "glock18"
L 04/16/2018 - 12:41:46: "@te<20><VALVE_ID_LAN><>" entered the game
L 04/16/2018 - 12:41:48: "Jack<19><VALVE_ID_LAN><>" joined team "CT"
L 04/16/2018 - 12:41:48: "XXBOT Reed<15><BOT><CT>" killed "Calcas Peludas<18><VALVE_ID_LAN><TERRORIST>" with "glock18"
L 04/16/2018 - 12:41:49: "@te<20><VALVE_ID_LAN><>" joined team "CT"
L 04/16/2018 - 12:41:51: "TUX<16><VALVE_ID_LAN><TERRORIST>" killed "XXBOT Reed<15><BOT><CT>" with "glock18"
L 04/16/2018 - 12:41:52: "Smolder<21><VALVE_ID_LAN><>" connected, address "10.15.3.173:27005"
L 04/16/2018 - 12:41:54: "Jack<19><VALVE_ID_LAN><CT>" killed "TUX<16><VALVE_ID_LAN><TERRORIST>" with "glock18"
L 04/16/2018 - 12:41:54: Team "CT" triggered "CTs_Win" (CT "1") (T "0")
L 04/16/2018 - 12:41:54: World triggered "Round_End"
L 04/16/2018 - 12:41:54: "Smolder<21><VALVE_ID_LAN><>" entered the game
L 04/16/2018 - 12:41:58: "Smolder<21><VALVE_ID_LAN><>" joined team "TERRORIST"
L 04/16/2018 - 12:41:59: World triggered "Round_Start"
L 04/16/2018 - 12:42:08: "Calcas Peludas<18><VALVE_ID_LAN><TERRORIST>" killed "@te<20><VALVE_ID_LAN><CT>" with "glock18"
L 04/16/2018 - 12:42:09: "Smolder<21><VALVE_ID_LAN><TERRORIST>" killed "XXBOT Reed<15><BOT><CT>" with "glock18"
L 04/16/2018 - 12:42:11: "Cap. Billy<14><VALVE_ID_LOOPBACK><CT>" killed "Smolder<21><VALVE_ID_LAN><TERRORIST>" with "knife"
L 04/16/2018 - 12:42:12: "Calcas Peludas<18><VALVE_ID_LAN><TERRORIST>" killed "Cap. Billy<14><VALVE_ID_LOOPBACK><CT>" with "glock18"
L 04/16/2018 - 12:42:14: "GARGAMEL O EMPALADOR<17><VALVE_ID_LAN><TERRORIST>" killed "Jack<19><VALVE_ID_LAN><CT>" with "glock18"
L 04/16/2018 - 12:42:14: Team "TERRORIST" triggered "Terrorists_Win" (CT "1") (T "1")
L 04/16/2018 - 12:42:14: World triggered "Round_End"
L 04/16/2018 - 12:42:19: World triggered "Round_Start"
L 04/16/2018 - 12:42:26: "Cap. Billy<14><VALVE_ID_LOOPBACK><CT>" killed "TUX<16><VALVE_ID_LAN><TERRORIST>" with "glock18"
L 04/16/2018 - 12:42:27: "Jack<19><VALVE_ID_LAN><CT>" killed "Smolder<21><VALVE_ID_LAN><TERRORIST>" with "glock18"
L 04/16/2018 - 12:42:30: "@te<20><VALVE_ID_LAN><CT>" killed "Calcas Peludas<18><VALVE_ID_LAN><TERRORIST>" with "glock18"
L 04/16/2018 - 12:42:31: "GARGAMEL O EMPALADOR<17><VALVE_ID_LAN><TERRORIST>" killed "@te<20><VALVE_ID_LAN><CT>" with "glock18"
L 04/16/2018 - 12:42:34: "GARGAMEL O EMPALADOR<17><VALVE_ID_LAN><TERRORIST>" killed "XXBOT Reed<15><BOT><CT>" with "glock18"
L 04/16/2018 - 12:42:35: "Jack<19><VALVE_ID_LAN><CT>" killed "GARGAMEL O EMPALADOR<17><VALVE_ID_LAN><TERRORIST>" with "glock18"
L 04/16/2018 - 12:42:35: Team "CT" triggered "CTs_Win" (CT "2") (T "1")
L 04/16/2018 - 12:42:35: World triggered "Round_End"
L 04/16/2018 - 12:42:40: World triggered "Round_Start"
L 04/16/2018 - 12:42:47: "Calcas Peludas<18><VALVE_ID_LAN><TERRORIST>" killed "Jack<19><VALVE_ID_LAN><CT>" with "glock18"
L 04/16/2018 - 12:42:48: "Cap. Billy<14><VALVE_ID_LOOPBACK><CT>" killed "Smolder<21><VALVE_ID_LAN><TERRORIST>" with "glock18"
L 04/16/2018 - 12:42:49: "GARGAMEL O EMPALADOR<17><VALVE_ID_LAN><TERRORIST>" killed "@te<20><VALVE_ID_LAN><CT>" with "glock18"
L 04/16/2018 - 12:42:58: "GARGAMEL O EMPALADOR<17><VALVE_ID_LAN><TERRORIST>" killed "Cap. Billy<14><VALVE_ID_LOOPBACK><CT>" with "glock18"
L 04/16/2018 - 12:43:12: "TUX<16><VALVE_ID_LAN><TERRORIST>" killed "XXBOT Reed<15><BOT><CT>" with "knife"
L 04/16/2018 - 12:43:12: Team "TERRORIST" triggered "Terrorists_Win" (CT "2") (T "2")
L 04/16/2018 - 12:43:12: World triggered "Round_End"
L 04/16/2018 - 12:43:16: "@te<20><VALVE_ID_LAN><CT>" say "hui" (dead)
L 04/16/2018 - 12:43:17: World triggered "Round_Start"
L 04/16/2018 - 12:43:23: "Cap. Billy<14><VALVE_ID_LOOPBACK><CT>" killed "Smolder<21><VALVE_ID_LAN><TERRORIST>" with "glock18"
L 04/16/2018 - 12:43:24: "TUX<16><VALVE_ID_LAN><TERRORIST>" killed "Jack<19><VALVE_ID_LAN><CT>" with "glock18"
L 04/16/2018 - 12:43:25: "@te<20><VALVE_ID_LAN><CT>" killed "TUX<16><VALVE_ID_LAN><TERRORIST>" with "knife"
L 04/16/2018 - 12:43:26: "Calcas Peludas<18><VALVE_ID_LAN><TERRORIST>" killed "XXBOT Reed<15><BOT><CT>" with "glock18"
L 04/16/2018 - 12:43:30: "Cap. Billy<14><VALVE_ID_LOOPBACK><CT>" killed "Calcas Peludas<18><VALVE_ID_LAN><TERRORIST>" with "glock18"
L 04/16/2018 - 12:43:34: "GARGAMEL O EMPALADOR<17><VALVE_ID_LAN><TERRORIST>" killed "@te<20><VALVE_ID_LAN><CT>" with "glock18"
L 04/16/2018 - 12:43:37: "Cap. Billy<14><VALVE_ID_LOOPBACK><CT>" killed "GARGAMEL O EMPALADOR<17><VALVE_ID_LAN><TERRORIST>" with "glock18"
L 04/16/2018 - 12:43:37: Team "CT" triggered "CTs_Win" (CT "3") (T "2")
L 04/16/2018 - 12:43:37: World triggered "Round_End"
L 04/16/2018 - 12:43:42: World triggered "Round_Start"
L 04/16/2018 - 12:43:48: "@te<20><VALVE_ID_LAN><CT>" killed "Calcas Peludas<18><VALVE_ID_LAN><TERRORIST>" with "glock18"
L 04/16/2018 - 12:43:51: "XXBOT Reed<15><BOT><CT>" killed "GARGAMEL O EMPALADOR<17><VALVE_ID_LAN><TERRORIST>" with "glock18"
L 04/16/2018 - 12:44:02: "Cap. Billy<14><VALVE_ID_LOOPBACK><CT>" killed "TUX<16><VALVE_ID_LAN><TERRORIST>" with "glock18"
L 04/16/2018 - 12:44:03: "Smolder<21><VALVE_ID_LAN><TERRORIST>" killed "Jack<19><VALVE_ID_LAN><CT>" with "glock18"
L 04/16/2018 - 12:44:04: "Smolder<21><VALVE_ID_LAN><TERRORIST>" killed "XXBOT Reed<15><BOT><CT>" with "glock18"
L 04/16/2018 - 12:44:05: "Cap. Billy<14><VALVE_ID_LOOPBACK><CT>" killed "Smolder<21><VALVE_ID_LAN><TERRORIST>" with "glock18"
L 04/16/2018 - 12:44:05: Team "CT" triggered "CTs_Win" (CT "4") (T "2")
L 04/16/2018 - 12:44:05: World triggered "Round_End"
L 04/16/2018 - 12:44:11: World triggered "Round_Start"
L 04/16/2018 - 12:44:18: "Cap. Billy<14><VALVE_ID_LOOPBACK><CT>" killed "Smolder<21><VALVE_ID_LAN><TERRORIST>" with "glock18"
L 04/16/2018 - 12:44:19: "Calcas Peludas<18><VALVE_ID_LAN><TERRORIST>" killed "@te<20><VALVE_ID_LAN><CT>" with "glock18"
L 04/16/2018 - 12:44:20: "Cap. Billy<14><VALVE_ID_LOOPBACK><CT>" killed "TUX<16><VALVE_ID_LAN><TERRORIST>" with "glock18"
L 04/16/2018 - 12:44:21: "GARGAMEL O EMPALADOR<17><VALVE_ID_LAN><TERRORIST>" killed "Jack<19><VALVE_ID_LAN><CT>" with "glock18"
L 04/16/2018 - 12:44:23: "Calcas Peludas<18><VALVE_ID_LAN><TERRORIST>" killed "Cap. Billy<14><VALVE_ID_LOOPBACK><CT>" with "glock18"
L 04/16/2018 - 12:44:25: "GARGAMEL O EMPALADOR<17><VALVE_ID_LAN><TERRORIST>" killed "XXBOT Reed<15><BOT><CT>" with "glock18"
L 04/16/2018 - 12:44:25: Team "TERRORIST" triggered "Terrorists_Win" (CT "4") (T "3")
L 04/16/2018 - 12:44:25: World triggered "Round_End"
L 04/16/2018 - 12:44:30: World triggered "Round_Start"
L 04/16/2018 - 12:44:40: "Smolder<21><VALVE_ID_LAN><TERRORIST>" killed "@te<20><VALVE_ID_LAN><CT>" with "glock18"
L 04/16/2018 - 12:44:43: "GARGAMEL O EMPALADOR<17><VALVE_ID_LAN><TERRORIST>" killed "XXBOT Reed<15><BOT><CT>" with "knife"
L 04/16/2018 - 12:44:44: "TUX<16><VALVE_ID_LAN><TERRORIST>" killed "Jack<19><VALVE_ID_LAN><CT>" with "glock18"
L 04/16/2018 - 12:44:44: "Cap. Billy<14><VALVE_ID_LOOPBACK><CT>" killed "Smolder<21><VALVE_ID_LAN><TERRORIST>" with "glock18"
L 04/16/2018 - 12:45:06: "Cap. Billy<14><VALVE_ID_LOOPBACK><CT>" killed "Calcas Peludas<18><VALVE_ID_LAN><TERRORIST>" with "glock18"
L 04/16/2018 - 12:45:10: "Cap. Billy<14><VALVE_ID_LOOPBACK><CT>" killed "GARGAMEL O EMPALADOR<17><VALVE_ID_LAN><TERRORIST>" with "glock18"
L 04/16/2018 - 12:45:16: "Cap. Billy<14><VALVE_ID_LOOPBACK><CT>" killed "TUX<16><VALVE_ID_LAN><TERRORIST>" with "glock18"
L 04/16/2018 - 12:45:16: Team "CT" triggered "CTs_Win" (CT "5") (T "3")
L 04/16/2018 - 12:45:16: World triggered "Round_End"
L 04/16/2018 - 12:45:21: World triggered "Round_Start"
L 04/16/2018 - 12:45:28: "Cap. Billy<14><VALVE_ID_LOOPBACK><CT>" killed "Calcas Peludas<18><VALVE_ID_LAN><TERRORIST>" with "glock18"
L 04/16/2018 - 12:45:31: "Smolder<21><VALVE_ID_LAN><TERRORIST>" killed "XXBOT Reed<15><BOT><CT>" with "glock18"
L 04/16/2018 - 12:45:32: "Smolder<21><VALVE_ID_LAN><TERRORIST>" killed "Jack<19><VALVE_ID_LAN><CT>" with "glock18"
L 04/16/2018 - 12:45:34: "Cap. Billy<14><VALVE_ID_LOOPBACK><CT>" killed "Smolder<21><VALVE_ID_LAN><TERRORIST>" with "glock18"
L 04/16/2018 - 12:45:35: "TUX<16><VALVE_ID_LAN><TERRORIST>" killed "Cap. Billy<14><VALVE_ID_LOOPBACK><CT>" with "glock18"
L 04/16/2018 - 12:45:47: "@te<20><VALVE_ID_LAN><CT>" killed "GARGAMEL O EMPALADOR<17><VALVE_ID_LAN><TERRORIST>" with "glock18"
L 04/16/2018 - 12:45:59: "TUX<16><VALVE_ID_LAN><TERRORIST>" killed "@te<20><VALVE_ID_LAN><CT>" with "glock18"
L 04/16/2018 - 12:45:59: Team "TERRORIST" triggered "Terrorists_Win" (CT "5") (T "4")
L 04/16/2018 - 12:45:59: World triggered "Round_End"
L 04/16/2018 - 12:46:00: "Cap. Billy<14><VALVE_ID_LOOPBACK><CT>" say_team "precisamos ganhar ese mapa" (dead)
L 04/16/2018 - 12:46:04: World triggered "Round_Start"
L 04/16/2018 - 12:46:15: "Calcas Peludas<18><VALVE_ID_LAN><TERRORIST>" killed "Cap. Billy<14><VALVE_ID_LOOPBACK><CT>" with "knife"
L 04/16/2018 - 12:46:19: "Calcas Peludas<18><VALVE_ID_LAN><TERRORIST>" killed "@te<20><VALVE_ID_LAN><CT>" with "glock18"
L 04/16/2018 - 12:46:21: "Jack<19><VALVE_ID_LAN><CT>" killed "Smolder<21><VALVE_ID_LAN><TERRORIST>" with "glock18"
L 04/16/2018 - 12:46:26: "Smolder<21><VALVE_ID_LAN><TERRORIST>" say "coitado" (dead)
L 04/16/2018 - 12:46:26: "Jack<19><VALVE_ID_LAN><CT>" killed "Calcas Peludas<18><VALVE_ID_LAN><TERRORIST>" with "glock18"
L 04/16/2018 - 12:46:28: "XXBOT Reed<15><BOT><CT>" killed "GARGAMEL O EMPALADOR<17><VALVE_ID_LAN><TERRORIST>" with "glock18"
L 04/16/2018 - 12:46:30: "TUX<16><VALVE_ID_LAN><TERRORIST>" killed "XXBOT Reed<15><BOT><CT>" with "glock18"
L 04/16/2018 - 12:46:32: "TUX<16><VALVE_ID_LAN><TERRORIST>" killed "Jack<19><VALVE_ID_LAN><CT>" with "glock18"
L 04/16/2018 - 12:46:32: Team "TERRORIST" triggered "Terrorists_Win" (CT "5") (T "5")
L 04/16/2018 - 12:46:32: World triggered "Round_End"
L 04/16/2018 - 12:46:35: "Calcas Peludas<18><VALVE_ID_LAN><TERRORIST>" say "reiosse" (dead)
L 04/16/2018 - 12:46:37: World triggered "Round_Start"
L 04/16/2018 - 12:46:44: "GARGAMEL O EMPALADOR<17><VALVE_ID_LAN><TERRORIST>" killed "@te<20><VALVE_ID_LAN><CT>" with "glock18"
L 04/16/2018 - 12:46:44: "Smolder<21><VALVE_ID_LAN><TERRORIST>" killed "Jack<19><VALVE_ID_LAN><CT>" with "glock18"
L 04/16/2018 - 12:46:44: "Cap. Billy<14><VALVE_ID_LOOPBACK><CT>" killed "GARGAMEL O EMPALADOR<17><VALVE_ID_LAN><TERRORIST>" with "glock18"
L 04/16/2018 - 12:46:46: "Calcas Peludas<18><VALVE_ID_LAN><TERRORIST>" killed "XXBOT Reed<15><BOT><CT>" with "glock18"
L 04/16/2018 - 12:46:57: "TUX<16><VALVE_ID_LAN><TERRORIST>" killed "Cap. Billy<14><VALVE_ID_LOOPBACK><CT>" with "glock18"
L 04/16/2018 - 12:46:57: Team "TERRORIST" triggered "Terrorists_Win" (CT "5") (T "6")
L 04/16/2018 - 12:46:57: World triggered "Round_End"
L 04/16/2018 - 12:47:02: World triggered "Round_Start"
L 04/16/2018 - 12:47:08: "Cap. Billy<14><VALVE_ID_LOOPBACK><CT>" killed "GARGAMEL O EMPALADOR<17><VALVE_ID_LAN><TERRORIST>" with "glock18"
L 04/16/2018 - 12:47:10: "@te<20><VALVE_ID_LAN><CT>" killed "Smolder<21><VALVE_ID_LAN><TERRORIST>" with "glock18"
L 04/16/2018 - 12:47:10: "Calcas Peludas<18><VALVE_ID_LAN><TERRORIST>" killed "Jack<19><VALVE_ID_LAN><CT>" with "glock18"
L 04/16/2018 - 12:47:17: "@te<20><VALVE_ID_LAN><CT>" killed "TUX<16><VALVE_ID_LAN><TERRORIST>" with "glock18"
L 04/16/2018 - 12:47:19: "Cap. Billy<14><VALVE_ID_LOOPBACK><CT>" killed "Calcas Peludas<18><VALVE_ID_LAN><TERRORIST>" with "glock18"
L 04/16/2018 - 12:47:19: Team "CT" triggered "CTs_Win" (CT "6") (T "6")
L 04/16/2018 - 12:47:19: World triggered "Round_End"
L 04/16/2018 - 12:47:24: World triggered "Round_Start"
L 04/16/2018 - 12:47:32: "Cap. Billy<14><VALVE_ID_LOOPBACK><CT>" killed "Smolder<21><VALVE_ID_LAN><TERRORIST>" with "glock18"
L 04/16/2018 - 12:47:32: "Calcas Peludas<18><VALVE_ID_LAN><TERRORIST>" killed "Jack<19><VALVE_ID_LAN><CT>" with "glock18"
L 04/16/2018 - 12:47:34: "Cap. Billy<14><VALVE_ID_LOOPBACK><CT>" killed "TUX<16><VALVE_ID_LAN><TERRORIST>" with "glock18"
L 04/16/2018 - 12:47:39: "GARGAMEL O EMPALADOR<17><VALVE_ID_LAN><TERRORIST>" killed "XXBOT Reed<15><BOT><CT>" with "glock18"
L 04/16/2018 - 12:47:40: "@te<20><VALVE_ID_LAN><CT>" killed "Calcas Peludas<18><VALVE_ID_LAN><TERRORIST>" with "glock18"
L 04/16/2018 - 12:47:43: "Cap. Billy<14><VALVE_ID_LOOPBACK><CT>" killed "GARGAMEL O EMPALADOR<17><VALVE_ID_LAN><TERRORIST>" with "glock18"
L 04/16/2018 - 12:47:43: Team "CT" triggered "CTs_Win" (CT "7") (T "6")
L 04/16/2018 - 12:47:43: World triggered "Round_End"
L 04/16/2018 - 12:47:48: World triggered "Round_Start"
L 04/16/2018 - 12:47:55: "TUX<16><VALVE_ID_LAN><TERRORIST>" killed "XXBOT Reed<15><BOT><CT>" with "glock18"
L 04/16/2018 - 12:47:56: "GARGAMEL O EMPALADOR<17><VALVE_ID_LAN><TERRORIST>" killed "@te<20><VALVE_ID_LAN><CT>" with "glock18"
L 04/16/2018 - 12:47:56: "Cap. Billy<14><VALVE_ID_LOOPBACK><CT>" killed "Smolder<21><VALVE_ID_LAN><TERRORIST>" with "glock18"
L 04/16/2018 - 12:47:57: "Calcas Peludas<18><VALVE_ID_LAN><TERRORIST>" killed "Jack<19><VALVE_ID_LAN><CT>" with "glock18"
L 04/16/2018 - 12:48:11: "Calcas Peludas<18><VALVE_ID_LAN><TERRORIST>" killed "Cap. Billy<14><VALVE_ID_LOOPBACK><CT>" with "glock18"
L 04/16/2018 - 12:48:11: Team "TERRORIST" triggered "Terrorists_Win" (CT "7") (T "7")
L 04/16/2018 - 12:48:11: World triggered "Round_End"
L 04/16/2018 - 12:48:16: World triggered "Round_Start"
L 04/16/2018 - 12:48:16: "Cap. Billy<14><VALVE_ID_LOOPBACK><CT>" say "VENHAMMMMMM~!~"
L 04/16/2018 - 12:48:21: "TUX<16><VALVE_ID_LAN><TERRORIST>" killed "Cap. Billy<14><VALVE_ID_LOOPBACK><CT>" with "glock18"
L 04/16/2018 - 12:48:23: "Smolder<21><VALVE_ID_LAN><TERRORIST>" killed "XXBOT Reed<15><BOT><CT>" with "glock18"
L 04/16/2018 - 12:48:27: "@te<20><VALVE_ID_LAN><CT>" killed "Calcas Peludas<18><VALVE_ID_LAN><TERRORIST>" with "glock18"
L 04/16/2018 - 12:48:35: "Smolder<21><VALVE_ID_LAN><TERRORIST>" killed "Jack<19><VALVE_ID_LAN><CT>" with "glock18"
L 04/16/2018 - 12:48:38: "TUX<16><VALVE_ID_LAN><TERRORIST>" killed "@te<20><VALVE_ID_LAN><CT>" with "knife"
L 04/16/2018 - 12:48:38: Team "TERRORIST" triggered "Terrorists_Win" (CT "7") (T "8")
L 04/16/2018 - 12:48:38: World triggered "Round_End"
L 04/16/2018 - 12:48:40: "Calcas Peludas<18><VALVE_ID_LAN><TERRORIST>" say "kkkkkk" (dead)
L 04/16/2018 - 12:48:43: World triggered "Round_Start"
L 04/16/2018 - 12:48:43: "Cap. Billy<14><VALVE_ID_LOOPBACK><CT>" say "eeeeiiitaaaa"
L 04/16/2018 - 12:48:51: "Jack<19><VALVE_ID_LAN><CT>" killed "GARGAMEL O EMPALADOR<17><VALVE_ID_LAN><TERRORIST>" with "glock18"
L 04/16/2018 - 12:48:52: "Jack<19><VALVE_ID_LAN><CT>" killed "Smolder<21><VALVE_ID_LAN><TERRORIST>" with "glock18"
L 04/16/2018 - 12:48:52: "Calcas Peludas<18><VALVE_ID_LAN><TERRORIST>" killed "@te<20><VALVE_ID_LAN><CT>" with "knife"
L 04/16/2018 - 12:48:54: "Calcas Peludas<18><VALVE_ID_LAN><TERRORIST>" killed "Jack<19><VALVE_ID_LAN><CT>" with "glock18"
L 04/16/2018 - 12:48:59: "TUX<16><VALVE_ID_LAN><TERRORIST>" killed "XXBOT Reed<15><BOT><CT>" with "knife"
L 04/16/2018 - 12:48:59: "Cap. Billy<14><VALVE_ID_LOOPBACK><CT>" killed "Calcas Peludas<18><VALVE_ID_LAN><TERRORIST>" with "glock18"
L 04/16/2018 - 12:49:03: "Cap. Billy<14><VALVE_ID_LOOPBACK><CT>" killed "TUX<16><VALVE_ID_LAN><TERRORIST>" with "glock18"
L 04/16/2018 - 12:49:03: Team "CT" triggered "CTs_Win" (CT "8") (T "8")
L 04/16/2018 - 12:49:03: World triggered "Round_End"
L 04/16/2018 - 12:49:03: "Jack<19><VALVE_ID_LAN><CT>" say "karalho... deixe na boca do gol" (dead)
L 04/16/2018 - 12:49:06: "Calcas Peludas<18><VALVE_ID_LAN><TERRORIST>" say "@tomou" (dead)
L 04/16/2018 - 12:49:08: World triggered "Round_Start"
L 04/16/2018 - 12:49:14: "Smolder<21><VALVE_ID_LAN><TERRORIST>" killed "XXBOT Reed<15><BOT><CT>" with "glock18"
L 04/16/2018 - 12:49:16: "Smolder<21><VALVE_ID_LAN><TERRORIST>" killed "Jack<19><VALVE_ID_LAN><CT>" with "glock18"
L 04/16/2018 - 12:49:24: "@te<20><VALVE_ID_LAN><CT>" killed "Calcas Peludas<18><VALVE_ID_LAN><TERRORIST>" with "glock18"
L 04/16/2018 - 12:49:27: "TUX<16><VALVE_ID_LAN><TERRORIST>" killed "Cap. Billy<14><VALVE_ID_LOOPBACK><CT>" with "glock18"
L 04/16/2018 - 12:49:34: "GARGAMEL O EMPALADOR<17><VALVE_ID_LAN><TERRORIST>" killed "@te<20><VALVE_ID_LAN><CT>" with "glock18"
L 04/16/2018 - 12:49:34: Team "TERRORIST" triggered "Terrorists_Win" (CT "8") (T "9")
L 04/16/2018 - 12:49:34: World triggered "Round_End"
L 04/16/2018 - 12:49:39: World triggered "Round_Start"
L 04/16/2018 - 12:49:46: Server cvar "amx_nextmap" = "fy_stoneworld"
L 04/16/2018 - 12:49:47: "TUX<16><VALVE_ID_LAN><TERRORIST>" killed "@te<20><VALVE_ID_LAN><CT>" with "glock18"
L 04/16/2018 - 12:49:51: "Cap. Billy<14><VALVE_ID_LOOPBACK><CT>" killed "GARGAMEL O EMPALADOR<17><VALVE_ID_LAN><TERRORIST>" with "knife"
L 04/16/2018 - 12:49:52: "Jack<19><VALVE_ID_LAN><CT>" killed "Smolder<21><VALVE_ID_LAN><TERRORIST>" with "glock18"
L 04/16/2018 - 12:49:53: "Cap. Billy<14><VALVE_ID_LOOPBACK><CT>" killed "TUX<16><VALVE_ID_LAN><TERRORIST>" with "glock18"
L 04/16/2018 - 12:49:54: "Cap. Billy<14><VALVE_ID_LOOPBACK><CT>" killed "Calcas Peludas<18><VALVE_ID_LAN><TERRORIST>" with "glock18"
L 04/16/2018 - 12:49:54: Team "CT" triggered "CTs_Win" (CT "9") (T "9")
L 04/16/2018 - 12:49:54: World triggered "Round_End"
L 04/16/2018 - 12:49:59: World triggered "Round_Start"
L 04/16/2018 - 12:50:05: "Jack<19><VALVE_ID_LAN><CT>" killed "Calcas Peludas<18><VALVE_ID_LAN><TERRORIST>" with "glock18"
L 04/16/2018 - 12:50:05: "GARGAMEL O EMPALADOR<17><VALVE_ID_LAN><TERRORIST>" killed "Jack<19><VALVE_ID_LAN><CT>" with "glock18"
L 04/16/2018 - 12:50:10: "Smolder<21><VALVE_ID_LAN><TERRORIST>" killed "@te<20><VALVE_ID_LAN><CT>" with "glock18"
L 04/16/2018 - 12:50:16: "Cap. Billy<14><VALVE_ID_LOOPBACK><CT>" killed "TUX<16><VALVE_ID_LAN><TERRORIST>" with "glock18"
L 04/16/2018 - 12:50:16: "GARGAMEL O EMPALADOR<17><VALVE_ID_LAN><TERRORIST>" killed "Cap. Billy<14><VALVE_ID_LOOPBACK><CT>" with "glock18"
L 04/16/2018 - 12:50:23: "Smolder<21><VALVE_ID_LAN><TERRORIST>" killed "XXBOT Reed<15><BOT><CT>" with "glock18"
L 04/16/2018 - 12:50:23: Team "TERRORIST" triggered "Terrorists_Win" (CT "9") (T "10")
L 04/16/2018 - 12:50:23: World triggered "Round_End"
L 04/16/2018 - 12:50:28: World triggered "Round_Start"
L 04/16/2018 - 12:50:34: "Smolder<21><VALVE_ID_LAN><TERRORIST>" killed "Cap. Billy<14><VALVE_ID_LOOPBACK><CT>" with "glock18"
L 04/16/2018 - 12:50:39: "Jack<19><VALVE_ID_LAN><CT>" killed "TUX<16><VALVE_ID_LAN><TERRORIST>" with "glock18"
L 04/16/2018 - 12:50:39: "Smolder<21><VALVE_ID_LAN><TERRORIST>" killed "@te<20><VALVE_ID_LAN><CT>" with "knife"
L 04/16/2018 - 12:50:39: "Jack<19><VALVE_ID_LAN><CT>" killed "GARGAMEL O EMPALADOR<17><VALVE_ID_LAN><TERRORIST>" with "glock18"
L 04/16/2018 - 12:50:45: "Smolder<21><VALVE_ID_LAN><TERRORIST>" killed "Jack<19><VALVE_ID_LAN><CT>" with "glock18"
L 04/16/2018 - 12:50:56: "Smolder<21><VALVE_ID_LAN><TERRORIST>" killed "XXBOT Reed<15><BOT><CT>" with "glock18"
L 04/16/2018 - 12:50:56: Team "TERRORIST" triggered "Terrorists_Win" (CT "9") (T "11")
L 04/16/2018 - 12:50:56: World triggered "Round_End"
L 04/16/2018 - 12:51:01: World triggered "Round_Start"
L 04/16/2018 - 12:51:08: "TUX<16><VALVE_ID_LAN><TERRORIST>" killed "XXBOT Reed<15><BOT><CT>" with "glock18"
L 04/16/2018 - 12:51:22: "GARGAMEL O EMPALADOR<17><VALVE_ID_LAN><TERRORIST>" killed "@te<20><VALVE_ID_LAN><CT>" with "glock18"
L 04/16/2018 - 12:51:23: "Jack<19><VALVE_ID_LAN><CT>" killed "Calcas Peludas<18><VALVE_ID_LAN><TERRORIST>" with "glock18"
L 04/16/2018 - 12:51:23: "TUX<16><VALVE_ID_LAN><TERRORIST>" killed "Cap. Billy<14><VALVE_ID_LOOPBACK><CT>" with "glock18"
L 04/16/2018 - 12:51:33: "Jack<19><VALVE_ID_LAN><CT>" killed "Smolder<21><VALVE_ID_LAN><TERRORIST>" with "glock18"
L 04/16/2018 - 12:51:34: "Calcas Peludas<18><VALVE_ID_LAN><TERRORIST>" say "ganhamos" (dead)
L 04/16/2018 - 12:51:34: "TUX<16><VALVE_ID_LAN><TERRORIST>" killed "Jack<19><VALVE_ID_LAN><CT>" with "knife"
L 04/16/2018 - 12:51:34: Team "TERRORIST" triggered "Terrorists_Win" (CT "9") (T "12")
L 04/16/2018 - 12:51:34: World triggered "Round_End"
L 04/16/2018 - 12:51:39: World triggered "Round_Start"
L 04/16/2018 - 12:51:40: Team "CT" scored "9" with "4" players
L 04/16/2018 - 12:51:40: Team "TERRORIST" scored "12" with "4" players
L 04/16/2018 - 12:51:42: "Cap. Billy<14><VALVE_ID_LOOPBACK><CT>" triggered "weaponstats" (weapon "glock18") (shots "268") (hits "78") (kills "28") (headshots "23") (tks "0") (damage "3463") (deaths "12")
L 04/16/2018 - 12:51:42: "Cap. Billy<14><VALVE_ID_LOOPBACK><CT>" triggered "weaponstats2" (weapon "glock18") (head "33") (chest "6") (stomach "3") (leftarm "15") (rightarm "21") (leftleg "0") (rightleg "0")
L 04/16/2018 - 12:51:42: "Cap. Billy<14><VALVE_ID_LOOPBACK><CT>" triggered "weaponstats" (weapon "knife") (shots "7") (hits "5") (kills "2") (headshots "2") (tks "0") (damage "590") (deaths "1")
L 04/16/2018 - 12:51:42: "Cap. Billy<14><VALVE_ID_LOOPBACK><CT>" triggered "weaponstats2" (weapon "knife") (head "3") (chest "2") (stomach "0") (leftarm "0") (rightarm "0") (leftleg "0") (rightleg "0")
L 04/16/2018 - 12:51:42: "Cap. Billy<14><VALVE_ID_LOOPBACK><CT>" triggered "time" (time "10:11")
L 04/16/2018 - 12:51:42: "Cap. Billy<14><VALVE_ID_LOOPBACK><CT>" triggered "latency" (ping "0")
L 04/16/2018 - 12:51:42: "TUX<16><VALVE_ID_LAN><TERRORIST>" triggered "weaponstats" (weapon "glock18") (shots "189") (hits "54") (kills "15") (headshots "13") (tks "0") (damage "1880") (deaths "10")
L 04/16/2018 - 12:51:42: "TUX<16><VALVE_ID_LAN><TERRORIST>" triggered "weaponstats2" (weapon "glock18") (head "19") (chest "9") (stomach "2") (leftarm "10") (rightarm "14") (leftleg "0") (rightleg "0")
L 04/16/2018 - 12:51:42: "TUX<16><VALVE_ID_LAN><TERRORIST>" triggered "weaponstats" (weapon "knife") (shots "7") (hits "5") (kills "4") (headshots "0") (tks "0") (damage "605") (deaths "2")
L 04/16/2018 - 12:51:42: "TUX<16><VALVE_ID_LAN><TERRORIST>" triggered "weaponstats2" (weapon "knife") (head "0") (chest "1") (stomach "1") (leftarm "2") (rightarm "0") (leftleg "1") (rightleg "0")
L 04/16/2018 - 12:51:42: "TUX<16><VALVE_ID_LAN><TERRORIST>" triggered "time" (time "10:07")
L 04/16/2018 - 12:51:42: "TUX<16><VALVE_ID_LAN><TERRORIST>" triggered "latency" (ping "7")
L 04/16/2018 - 12:51:42: "GARGAMEL O EMPALADOR<17><VALVE_ID_LAN><TERRORIST>" triggered "weaponstats" (weapon "glock18") (shots "204") (hits "79") (kills "15") (headshots "9") (tks "0") (damage "1872") (deaths "9")
L 04/16/2018 - 12:51:42: "GARGAMEL O EMPALADOR<17><VALVE_ID_LAN><TERRORIST>" triggered "weaponstats2" (weapon "glock18") (head "14") (chest "5") (stomach "7") (leftarm "24") (rightarm "21") (leftleg "3") (rightleg "5")
L 04/16/2018 - 12:51:42: "GARGAMEL O EMPALADOR<17><VALVE_ID_LAN><TERRORIST>" triggered "weaponstats" (weapon "knife") (shots "4") (hits "2") (kills "1") (headshots "0") (tks "0") (damage "110") (deaths "4")
L 04/16/2018 - 12:51:42: "GARGAMEL O EMPALADOR<17><VALVE_ID_LAN><TERRORIST>" triggered "weaponstats2" (weapon "knife") (head "0") (chest "0") (stomach "0") (leftarm "2") (rightarm "0") (leftleg "0") (rightleg "0")
L 04/16/2018 - 12:51:42: "GARGAMEL O EMPALADOR<17><VALVE_ID_LAN><TERRORIST>" triggered "time" (time "10:07")
L 04/16/2018 - 12:51:42: "GARGAMEL O EMPALADOR<17><VALVE_ID_LAN><TERRORIST>" triggered "latency" (ping "10")
L 04/16/2018 - 12:51:42: "Calcas Peludas<18><VALVE_ID_LAN><TERRORIST>" triggered "weaponstats" (weapon "glock18") (shots "282") (hits "98") (kills "13") (headshots "7") (tks "0") (damage "2029") (deaths "14")
L 04/16/2018 - 12:51:42: "Calcas Peludas<18><VALVE_ID_LAN><TERRORIST>" triggered "weaponstats2" (weapon "glock18") (head "13") (chest "24") (stomach "11") (leftarm "27") (rightarm "19") (leftleg "2") (rightleg "2")
L 04/16/2018 - 12:51:42: "Calcas Peludas<18><VALVE_ID_LAN><TERRORIST>" triggered "weaponstats" (weapon "knife") (shots "4") (hits "3") (kills "2") (headshots "1") (tks "0") (damage "429") (deaths "1")
L 04/16/2018 - 12:51:42: "Calcas Peludas<18><VALVE_ID_LAN><TERRORIST>" triggered "weaponstats2" (weapon "knife") (head "2") (chest "0") (stomach "0") (leftarm "0") (rightarm "1") (leftleg "0") (rightleg "0")
L 04/16/2018 - 12:51:42: "Calcas Peludas<18><VALVE_ID_LAN><TERRORIST>" triggered "time" (time "10:05")
L 04/16/2018 - 12:51:42: "Calcas Peludas<18><VALVE_ID_LAN><TERRORIST>" triggered "latency" (ping "6")
L 04/16/2018 - 12:51:42: "Jack<19><VALVE_ID_LAN><CT>" triggered "weaponstats" (weapon "glock18") (shots "143") (hits "57") (kills "13") (headshots "10") (tks "0") (damage "1576") (deaths "14")
L 04/16/2018 - 12:51:42: "Jack<19><VALVE_ID_LAN><CT>" triggered "weaponstats2" (weapon "glock18") (head "14") (chest "11") (stomach "2") (leftarm "13") (rightarm "14") (leftleg "1") (rightleg "2")
L 04/16/2018 - 12:51:42: "Jack<19><VALVE_ID_LAN><CT>" triggered "time" (time "9:57")
L 04/16/2018 - 12:51:42: "Jack<19><VALVE_ID_LAN><CT>" triggered "latency" (ping "14")
L 04/16/2018 - 12:51:42: "@te<20><VALVE_ID_LAN><CT>" triggered "weaponstats" (weapon "glock18") (shots "173") (hits "50") (kills "8") (headshots "5") (tks "0") (damage "1227") (deaths "16")
L 04/16/2018 - 12:51:42: "@te<20><VALVE_ID_LAN><CT>" triggered "weaponstats2" (weapon "glock18") (head "8") (chest "9") (stomach "2") (leftarm "17") (rightarm "10") (leftleg "1") (rightleg "3")
L 04/16/2018 - 12:51:42: "@te<20><VALVE_ID_LAN><CT>" triggered "weaponstats" (weapon "knife") (shots "4") (hits "1") (kills "1") (headshots "1") (tks "0") (damage "260") (deaths "1")
L 04/16/2018 - 12:51:42: "@te<20><VALVE_ID_LAN><CT>" triggered "weaponstats2" (weapon "knife") (head "1") (chest "0") (stomach "0") (leftarm "0") (rightarm "0") (leftleg "0") (rightleg "0")
L 04/16/2018 - 12:51:42: "@te<20><VALVE_ID_LAN><CT>" triggered "time" (time "9:56")
L 04/16/2018 - 12:51:42: "@te<20><VALVE_ID_LAN><CT>" triggered "latency" (ping "6")
L 04/16/2018 - 12:51:42: "Smolder<21><VALVE_ID_LAN><TERRORIST>" triggered "weaponstats" (weapon "glock18") (shots "217") (hits "71") (kills "16") (headshots "12") (tks "0") (damage "2229") (deaths "11")
L 04/16/2018 - 12:51:42: "Smolder<21><VALVE_ID_LAN><TERRORIST>" triggered "weaponstats2" (weapon "glock18") (head "20") (chest "11") (stomach "4") (leftarm "21") (rightarm "15") (leftleg "0") (rightleg "0")
L 04/16/2018 - 12:51:42: "Smolder<21><VALVE_ID_LAN><TERRORIST>" triggered "weaponstats" (weapon "knife") (shots "2") (hits "2") (kills "1") (headshots "0") (tks "0") (damage "110") (deaths "4")
L 04/16/2018 - 12:51:42: "Smolder<21><VALVE_ID_LAN><TERRORIST>" triggered "weaponstats2" (weapon "knife") (head "1") (chest "0") (stomach "0") (leftarm "1") (rightarm "0") (leftleg "0") (rightleg "0")
L 04/16/2018 - 12:51:42: "Smolder<21><VALVE_ID_LAN><TERRORIST>" triggered "time" (time "9:48")
L 04/16/2018 - 12:51:42: "Smolder<21><VALVE_ID_LAN><TERRORIST>" triggered "latency" (ping "7")
L 04/16/2018 - 12:51:43: [META] ini: Begin re-reading plugins list: c:/valve/cstrike/addons/metamod/plugins.ini
L 04/16/2018 - 12:51:43: [META] ini: Read plugin config for: AMX
L 04/16/2018 - 12:51:43: [META] ini: Read plugin config for: WinHL-Booster
L 04/16/2018 - 12:51:43: [META] ERROR: ini: Skipping plugin, couldn't stat file 'addons/hlguard/dlls/hlguard_mm_nightly.dll': No such file or directory
L 04/16/2018 - 12:51:43: [META] ini: Read plugin config for: WebMod
L 04/16/2018 - 12:51:43: [META] ini: Finished reading plugins list: c:/valve/cstrike/addons/metamod/plugins.ini; Found 3 plugins
L 04/16/2018 - 12:51:43: [META] dll: Updating plugins...
L 04/16/2018 - 12:51:43: [META] ERROR: dll: Failed query plugin '<hlguard_mm_nightly.dll>'; Couldn't open file 'addons/hlguard/dlls/hlguard_mm_nightly.dll': Não foi possível encontrar o módulo especificado.

L 04/16/2018 - 12:51:43: [META] ERROR: dll: Skipping plugin '<hlguard_mm_nightly.dll>'; couldn't query
L 04/16/2018 - 12:51:43: [META] dll: Finished updating 6 plugins; kept 3, loaded 0, unloaded 0, reloaded 0, delayed 0
L 04/16/2018 - 12:51:43: Server shutdown
L 04/16/2018 - 12:51:43: Log file closed
