L 04/13/2018 - 12:30:29: Log file started (file "logs\L0413000.log") (game "cstrike") (version "47/1.1.2.2/2603")
L 04/13/2018 - 12:30:29: "GARGAMEL O EMPALADOR<15><VALVE_ID_LAN><>" entered the game
L 04/13/2018 - 12:30:29: "Calango<14><VALVE_ID_LAN><>" entered the game
L 04/13/2018 - 12:30:30: "Smolder<13><VALVE_ID_LAN><>" joined team "TERRORIST"
L 04/13/2018 - 12:30:31: World triggered "Game_Commencing"
L 04/13/2018 - 12:30:31: World triggered "Game_Commencing" (CT "0") (T "0")
L 04/13/2018 - 12:30:31: World triggered "Round_End"
L 04/13/2018 - 12:30:32: "Calango<14><VALVE_ID_LAN><>" joined team "CT"
L 04/13/2018 - 12:30:32: "GARGAMEL O EMPALADOR<15><VALVE_ID_LAN><>" joined team "TERRORIST"
L 04/13/2018 - 12:30:34: "Cap. Billy<12><VALVE_ID_LOOPBACK><CT>" killed "GARGAMEL O EMPALADOR<15><VALVE_ID_LAN><TERRORIST>" with "aug"
L 04/13/2018 - 12:30:34: "Cap. Billy<12><VALVE_ID_LOOPBACK><CT>" killed "Smolder<13><VALVE_ID_LAN><TERRORIST>" with "aug"
L 04/13/2018 - 12:30:34: World triggered "Round_Start"
L 04/13/2018 - 12:30:39: "Cap. Billy<12><VALVE_ID_LOOPBACK><CT>" killed "GARGAMEL O EMPALADOR<15><VALVE_ID_LAN><TERRORIST>" with "mac10"
L 04/13/2018 - 12:30:42: "Cap. Billy<12><VALVE_ID_LOOPBACK><CT>" killed "Smolder<13><VALVE_ID_LAN><TERRORIST>" with "mac10"
L 04/13/2018 - 12:30:42: Team "CT" triggered "CTs_Win" (CT "1") (T "0")
L 04/13/2018 - 12:30:42: World triggered "Round_End"
L 04/13/2018 - 12:30:44: "@te<16><VALVE_ID_LAN><>" connected, address "10.15.2.23:27005"
L 04/13/2018 - 12:30:47: World triggered "Round_Start"
L 04/13/2018 - 12:30:53: "@te<16><VALVE_ID_LAN><>" entered the game
L 04/13/2018 - 12:30:55: "@te<16><VALVE_ID_LAN><>" joined team "CT"
L 04/13/2018 - 12:30:56: "Smolder<13><VALVE_ID_LAN><TERRORIST>" killed "Cap. Billy<12><VALVE_ID_LOOPBACK><CT>" with "xm1014"
L 04/13/2018 - 12:30:56: "Calango<14><VALVE_ID_LAN><CT>" killed "GARGAMEL O EMPALADOR<15><VALVE_ID_LAN><TERRORIST>" with "xm1014"
L 04/13/2018 - 12:30:59: "@te<16><VALVE_ID_LAN><CT>" killed "Smolder<13><VALVE_ID_LAN><TERRORIST>" with "aug"
L 04/13/2018 - 12:30:59: Team "CT" triggered "CTs_Win" (CT "2") (T "0")
L 04/13/2018 - 12:30:59: World triggered "Round_End"
L 04/13/2018 - 12:31:04: "XXBOT Kyle<17><BOT><>" joined team "TERRORIST"
L 04/13/2018 - 12:31:04: Server cvar "bot_quota" = "1"
L 04/13/2018 - 12:31:04: "XXBOT Kyle<17><BOT><>" entered the game
L 04/13/2018 - 12:31:04: World triggered "Round_Start"
L 04/13/2018 - 12:31:07: "GARGAMEL O EMPALADOR<15><VALVE_ID_LAN><TERRORIST>" killed "Cap. Billy<12><VALVE_ID_LOOPBACK><CT>" with "aug"
L 04/13/2018 - 12:31:08: "Calango<14><VALVE_ID_LAN><CT>" killed "XXBOT Kyle<17><BOT><TERRORIST>" with "xm1014"
L 04/13/2018 - 12:31:13: "Calango<14><VALVE_ID_LAN><CT>" killed "GARGAMEL O EMPALADOR<15><VALVE_ID_LAN><TERRORIST>" with "xm1014"
L 04/13/2018 - 12:31:14: "Smolder<13><VALVE_ID_LAN><TERRORIST>" killed "Calango<14><VALVE_ID_LAN><CT>" with "xm1014"
L 04/13/2018 - 12:31:18: "@te<16><VALVE_ID_LAN><CT>" killed "Smolder<13><VALVE_ID_LAN><TERRORIST>" with "xm1014"
L 04/13/2018 - 12:31:18: Team "CT" triggered "CTs_Win" (CT "3") (T "0")
L 04/13/2018 - 12:31:18: World triggered "Round_End"
L 04/13/2018 - 12:31:23: World triggered "Round_Start"
L 04/13/2018 - 12:31:25: "Cap. Billy<12><VALVE_ID_LOOPBACK><CT>" killed "Smolder<13><VALVE_ID_LAN><TERRORIST>" with "mp5navy"
L 04/13/2018 - 12:31:27: "GARGAMEL O EMPALADOR<15><VALVE_ID_LAN><TERRORIST>" killed "Cap. Billy<12><VALVE_ID_LOOPBACK><CT>" with "ak47"
L 04/13/2018 - 12:31:29: "Calango<14><VALVE_ID_LAN><CT>" killed "GARGAMEL O EMPALADOR<15><VALVE_ID_LAN><TERRORIST>" with "aug"
L 04/13/2018 - 12:31:30: "XXBOT Kyle<17><BOT><TERRORIST>" killed "Calango<14><VALVE_ID_LAN><CT>" with "m4a1"
L 04/13/2018 - 12:31:35: "@te<16><VALVE_ID_LAN><CT>" killed "XXBOT Kyle<17><BOT><TERRORIST>" with "xm1014"
L 04/13/2018 - 12:31:35: Team "CT" triggered "CTs_Win" (CT "4") (T "0")
L 04/13/2018 - 12:31:35: World triggered "Round_End"
L 04/13/2018 - 12:31:40: World triggered "Round_Start"
L 04/13/2018 - 12:31:47: "Calango<14><VALVE_ID_LAN><CT>" killed "XXBOT Kyle<17><BOT><TERRORIST>" with "m249"
L 04/13/2018 - 12:31:47: "TUX<18><VALVE_ID_LAN><>" connected, address "10.15.2.71:27005"
L 04/13/2018 - 12:31:49: "Smolder<13><VALVE_ID_LAN><TERRORIST>" killed "Calango<14><VALVE_ID_LAN><CT>" with "aug"
L 04/13/2018 - 12:31:50: "TUX<18><VALVE_ID_LAN><>" entered the game
L 04/13/2018 - 12:31:52: "TUX<18><VALVE_ID_LAN><>" joined team "TERRORIST"
L 04/13/2018 - 12:31:53: "GARGAMEL O EMPALADOR<15><VALVE_ID_LAN><TERRORIST>" killed "@te<16><VALVE_ID_LAN><CT>" with "xm1014"
L 04/13/2018 - 12:31:53: "Smolder<13><VALVE_ID_LAN><TERRORIST>" killed "Cap. Billy<12><VALVE_ID_LOOPBACK><CT>" with "aug"
L 04/13/2018 - 12:31:53: Team "TERRORIST" triggered "Terrorists_Win" (CT "4") (T "1")
L 04/13/2018 - 12:31:53: World triggered "Round_End"
L 04/13/2018 - 12:31:58: World triggered "Round_Start"
L 04/13/2018 - 12:32:00: Server cvar "bot_quota" = "0"
L 04/13/2018 - 12:32:00: Kick: "XXBOT Kyle<17><UNKNOWN><>" was kicked by "Cap. Billy"
L 04/13/2018 - 12:32:00: "XXBOT Kyle<17><BOT><TERRORIST>" disconnected
L 04/13/2018 - 12:32:01: "Calango<14><VALVE_ID_LAN><CT>" killed "Smolder<13><VALVE_ID_LAN><TERRORIST>" with "mac10"
L 04/13/2018 - 12:32:04: "TUX<18><VALVE_ID_LAN><TERRORIST>" killed "@te<16><VALVE_ID_LAN><CT>" with "ak47"
L 04/13/2018 - 12:32:05: "Calango<14><VALVE_ID_LAN><CT>" killed "TUX<18><VALVE_ID_LAN><TERRORIST>" with "mac10"
L 04/13/2018 - 12:32:06: "Cap. Billy<12><VALVE_ID_LOOPBACK><CT>" killed "GARGAMEL O EMPALADOR<15><VALVE_ID_LAN><TERRORIST>" with "aug"
L 04/13/2018 - 12:32:06: Team "CT" triggered "CTs_Win" (CT "5") (T "1")
L 04/13/2018 - 12:32:06: World triggered "Round_End"
L 04/13/2018 - 12:32:11: World triggered "Round_Start"
L 04/13/2018 - 12:32:16: "Calango<14><VALVE_ID_LAN><CT>" killed "Smolder<13><VALVE_ID_LAN><TERRORIST>" with "mac10"
L 04/13/2018 - 12:32:17: "Cap. Billy<12><VALVE_ID_LOOPBACK><CT>" killed "Calango<14><VALVE_ID_LAN><CT>" with "aug"
L 04/13/2018 - 12:32:19: "Cap. Billy<12><VALVE_ID_LOOPBACK><CT>" killed "GARGAMEL O EMPALADOR<15><VALVE_ID_LAN><TERRORIST>" with "aug"
L 04/13/2018 - 12:32:20: "@te<16><VALVE_ID_LAN><CT>" killed "TUX<18><VALVE_ID_LAN><TERRORIST>" with "xm1014"
L 04/13/2018 - 12:32:20: Team "CT" triggered "CTs_Win" (CT "6") (T "1")
L 04/13/2018 - 12:32:20: World triggered "Round_End"
L 04/13/2018 - 12:32:25: "Cap. Billy<12><VALVE_ID_LOOPBACK><CT>" committed suicide with "world"
L 04/13/2018 - 12:32:25: World triggered "Round_Start"
L 04/13/2018 - 12:32:30: "Calango<14><VALVE_ID_LAN><CT>" killed "GARGAMEL O EMPALADOR<15><VALVE_ID_LAN><TERRORIST>" with "m249"
L 04/13/2018 - 12:32:31: "TUX<18><VALVE_ID_LAN><TERRORIST>" killed "Calango<14><VALVE_ID_LAN><CT>" with "xm1014"
L 04/13/2018 - 12:32:35: "@te<16><VALVE_ID_LAN><CT>" killed "Smolder<13><VALVE_ID_LAN><TERRORIST>" with "xm1014"
L 04/13/2018 - 12:32:36: "@te<16><VALVE_ID_LAN><CT>" killed "TUX<18><VALVE_ID_LAN><TERRORIST>" with "xm1014"
L 04/13/2018 - 12:32:36: Team "CT" triggered "CTs_Win" (CT "7") (T "1")
L 04/13/2018 - 12:32:36: World triggered "Round_End"
L 04/13/2018 - 12:32:41: World triggered "Round_Start"
L 04/13/2018 - 12:32:43: "Smolder<13><VALVE_ID_LAN><TERRORIST>" killed "Cap. Billy<12><VALVE_ID_LOOPBACK><CT>" with "m3"
L 04/13/2018 - 12:32:45: "Calango<14><VALVE_ID_LAN><CT>" killed "GARGAMEL O EMPALADOR<15><VALVE_ID_LAN><TERRORIST>" with "aug"
L 04/13/2018 - 12:32:47: "Calango<14><VALVE_ID_LAN><CT>" killed "TUX<18><VALVE_ID_LAN><TERRORIST>" with "aug"
L 04/13/2018 - 12:32:56: "Smolder<13><VALVE_ID_LAN><TERRORIST>" killed "@te<16><VALVE_ID_LAN><CT>" with "m3"
L 04/13/2018 - 12:32:57: "Calango<14><VALVE_ID_LAN><CT>" killed "Smolder<13><VALVE_ID_LAN><TERRORIST>" with "aug"
L 04/13/2018 - 12:32:57: Team "CT" triggered "CTs_Win" (CT "8") (T "1")
L 04/13/2018 - 12:32:57: World triggered "Round_End"
L 04/13/2018 - 12:33:02: World triggered "Round_Start"
L 04/13/2018 - 12:33:05: "@te<16><VALVE_ID_LAN><CT>" killed "Smolder<13><VALVE_ID_LAN><TERRORIST>" with "aug"
L 04/13/2018 - 12:33:06: "Calango<14><VALVE_ID_LAN><CT>" killed "GARGAMEL O EMPALADOR<15><VALVE_ID_LAN><TERRORIST>" with "aug"
L 04/13/2018 - 12:33:10: "TUX<18><VALVE_ID_LAN><TERRORIST>" killed "Cap. Billy<12><VALVE_ID_LOOPBACK><CT>" with "m4a1"
L 04/13/2018 - 12:33:20: "TUX<18><VALVE_ID_LAN><TERRORIST>" killed "@te<16><VALVE_ID_LAN><CT>" with "m4a1"
L 04/13/2018 - 12:33:21: "Calango<14><VALVE_ID_LAN><CT>" killed "TUX<18><VALVE_ID_LAN><TERRORIST>" with "aug"
L 04/13/2018 - 12:33:21: Team "CT" triggered "CTs_Win" (CT "9") (T "1")
L 04/13/2018 - 12:33:21: World triggered "Round_End"
L 04/13/2018 - 12:33:26: World triggered "Round_Start"
L 04/13/2018 - 12:33:32: "Calango<14><VALVE_ID_LAN><CT>" killed "TUX<18><VALVE_ID_LAN><TERRORIST>" with "aug"
L 04/13/2018 - 12:33:35: "GARGAMEL O EMPALADOR<15><VALVE_ID_LAN><TERRORIST>" killed "Calango<14><VALVE_ID_LAN><CT>" with "aug"
L 04/13/2018 - 12:33:40: "Cap. Billy<12><VALVE_ID_LOOPBACK><CT>" killed "GARGAMEL O EMPALADOR<15><VALVE_ID_LAN><TERRORIST>" with "mp5navy"
L 04/13/2018 - 12:33:46: "Cap. Billy<12><VALVE_ID_LOOPBACK><CT>" killed "Smolder<13><VALVE_ID_LAN><TERRORIST>" with "mp5navy"
L 04/13/2018 - 12:33:46: Team "CT" triggered "CTs_Win" (CT "10") (T "1")
L 04/13/2018 - 12:33:46: World triggered "Round_End"
L 04/13/2018 - 12:33:51: World triggered "Round_Start"
L 04/13/2018 - 12:33:54: "@te<16><VALVE_ID_LAN><CT>" killed "GARGAMEL O EMPALADOR<15><VALVE_ID_LAN><TERRORIST>" with "grenade"
L 04/13/2018 - 12:33:54: "@te<16><VALVE_ID_LAN><CT>" killed "TUX<18><VALVE_ID_LAN><TERRORIST>" with "grenade"
L 04/13/2018 - 12:33:58: "Calango<14><VALVE_ID_LAN><CT>" killed "Smolder<13><VALVE_ID_LAN><TERRORIST>" with "m249"
L 04/13/2018 - 12:33:58: Team "CT" triggered "CTs_Win" (CT "11") (T "1")
L 04/13/2018 - 12:33:58: World triggered "Round_End"
L 04/13/2018 - 12:34:03: World triggered "Round_Start"
L 04/13/2018 - 12:34:06: "Cap. Billy<12><VALVE_ID_LOOPBACK><CT>" killed "GARGAMEL O EMPALADOR<15><VALVE_ID_LAN><TERRORIST>" with "grenade"
L 04/13/2018 - 12:34:06: "Cap. Billy<12><VALVE_ID_LOOPBACK><CT>" killed "Smolder<13><VALVE_ID_LAN><TERRORIST>" with "mp5navy"
L 04/13/2018 - 12:34:12: "Cap. Billy<12><VALVE_ID_LOOPBACK><CT>" killed "TUX<18><VALVE_ID_LAN><TERRORIST>" with "mp5navy"
L 04/13/2018 - 12:34:12: Team "CT" triggered "CTs_Win" (CT "12") (T "1")
L 04/13/2018 - 12:34:12: World triggered "Round_End"
L 04/13/2018 - 12:34:17: "Calcas Peludas<19><VALVE_ID_LAN><>" connected, address "10.15.2.49:27005"
L 04/13/2018 - 12:34:17: World triggered "Round_Start"
L 04/13/2018 - 12:34:20: "Calcas Peludas<19><VALVE_ID_LAN><>" entered the game
L 04/13/2018 - 12:34:21: "Calango<14><VALVE_ID_LAN><CT>" killed "GARGAMEL O EMPALADOR<15><VALVE_ID_LAN><TERRORIST>" with "grenade"
L 04/13/2018 - 12:34:22: "Smolder<13><VALVE_ID_LAN><TERRORIST>" killed "Calango<14><VALVE_ID_LAN><CT>" with "ak47"
L 04/13/2018 - 12:34:22: "Calcas Peludas<19><VALVE_ID_LAN><>" joined team "TERRORIST"
L 04/13/2018 - 12:34:23: "Cap. Billy<12><VALVE_ID_LOOPBACK><CT>" killed "Smolder<13><VALVE_ID_LAN><TERRORIST>" with "mp5navy"
L 04/13/2018 - 12:34:24: "Cap. Billy<12><VALVE_ID_LOOPBACK><CT>" killed "Calcas Peludas<19><VALVE_ID_LAN><TERRORIST>" with "mp5navy"
L 04/13/2018 - 12:34:27: "TUX<18><VALVE_ID_LAN><TERRORIST>" killed "Cap. Billy<12><VALVE_ID_LOOPBACK><CT>" with "m4a1"
L 04/13/2018 - 12:34:28: "@te<16><VALVE_ID_LAN><CT>" killed "TUX<18><VALVE_ID_LAN><TERRORIST>" with "xm1014"
L 04/13/2018 - 12:34:28: Team "CT" triggered "CTs_Win" (CT "13") (T "1")
L 04/13/2018 - 12:34:28: World triggered "Round_End"
L 04/13/2018 - 12:34:30: "XXBOT Ringo<20><BOT><>" joined team "CT"
L 04/13/2018 - 12:34:30: Server cvar "bot_quota" = "1"
L 04/13/2018 - 12:34:30: "XXBOT Ringo<20><BOT><>" entered the game
L 04/13/2018 - 12:34:33: World triggered "Round_Start"
L 04/13/2018 - 12:34:38: "Cap. Billy<12><VALVE_ID_LOOPBACK><CT>" killed "GARGAMEL O EMPALADOR<15><VALVE_ID_LAN><TERRORIST>" with "xm1014"
L 04/13/2018 - 12:34:40: "XXBOT Ringo<20><BOT><CT>" killed "TUX<18><VALVE_ID_LAN><TERRORIST>" with "mp5navy"
L 04/13/2018 - 12:34:42: "XXBOT Ringo<20><BOT><CT>" killed "Calcas Peludas<19><VALVE_ID_LAN><TERRORIST>" with "mp5navy"
L 04/13/2018 - 12:34:45: "Smolder<13><VALVE_ID_LAN><TERRORIST>" killed "Calango<14><VALVE_ID_LAN><CT>" with "mp5navy"
L 04/13/2018 - 12:34:47: "Smolder<13><VALVE_ID_LAN><TERRORIST>" killed "Cap. Billy<12><VALVE_ID_LOOPBACK><CT>" with "mp5navy"
L 04/13/2018 - 12:34:48: "Smolder<13><VALVE_ID_LAN><TERRORIST>" killed "@te<16><VALVE_ID_LAN><CT>" with "knife"
L 04/13/2018 - 12:34:50: "XXBOT Ringo<20><BOT><CT>" killed "Smolder<13><VALVE_ID_LAN><TERRORIST>" with "mp5navy"
L 04/13/2018 - 12:34:50: Team "CT" triggered "CTs_Win" (CT "14") (T "1")
L 04/13/2018 - 12:34:50: World triggered "Round_End"
L 04/13/2018 - 12:34:52: "Calcas Peludas<19><VALVE_ID_LAN><TERRORIST>" say "boa" (dead)
L 04/13/2018 - 12:34:52: "Calango<14><VALVE_ID_LAN><CT>" say "ui" (dead)
L 04/13/2018 - 12:34:53: "Smolder<13><VALVE_ID_LAN><TERRORIST>" say "boa tarde" (dead)
L 04/13/2018 - 12:34:55: World triggered "Round_Start"
L 04/13/2018 - 12:35:00: "Smolder<13><VALVE_ID_LAN><TERRORIST>" killed "Calango<14><VALVE_ID_LAN><CT>" with "m3"
L 04/13/2018 - 12:35:02: "Smolder<13><VALVE_ID_LAN><TERRORIST>" killed "Cap. Billy<12><VALVE_ID_LOOPBACK><CT>" with "m3"
L 04/13/2018 - 12:35:04: "XXBOT Ringo<20><BOT><CT>" killed "Calcas Peludas<19><VALVE_ID_LAN><TERRORIST>" with "mp5navy"
L 04/13/2018 - 12:35:05: "Calango<14><VALVE_ID_LAN><CT>" say "kceta" (dead)
L 04/13/2018 - 12:35:09: "Cap. Billy<12><VALVE_ID_LOOPBACK><CT>" say "kd o jack?" (dead)
L 04/13/2018 - 12:35:09: "@te<16><VALVE_ID_LAN><CT>" killed "GARGAMEL O EMPALADOR<15><VALVE_ID_LAN><TERRORIST>" with "xm1014"
L 04/13/2018 - 12:35:09: "@te<16><VALVE_ID_LAN><CT>" killed "Smolder<13><VALVE_ID_LAN><TERRORIST>" with "xm1014"
L 04/13/2018 - 12:35:13: "XXBOT Ringo<20><BOT><CT>" killed "TUX<18><VALVE_ID_LAN><TERRORIST>" with "mp5navy"
L 04/13/2018 - 12:35:13: Team "CT" triggered "CTs_Win" (CT "15") (T "1")
L 04/13/2018 - 12:35:13: World triggered "Round_End"
L 04/13/2018 - 12:35:18: World triggered "Round_Start"
L 04/13/2018 - 12:35:20: "Calango<14><VALVE_ID_LAN><CT>" say "almo,ando"
L 04/13/2018 - 12:35:22: "Calango<14><VALVE_ID_LAN><CT>" say "em casa"
L 04/13/2018 - 12:35:23: "Smolder<13><VALVE_ID_LAN><TERRORIST>" killed "Cap. Billy<12><VALVE_ID_LOOPBACK><CT>" with "ak47"
L 04/13/2018 - 12:35:25: "XXBOT Ringo<20><BOT><CT>" killed "Smolder<13><VALVE_ID_LAN><TERRORIST>" with "mp5navy"
L 04/13/2018 - 12:35:25: "TUX<18><VALVE_ID_LAN><TERRORIST>" killed "XXBOT Ringo<20><BOT><CT>" with "p90"
L 04/13/2018 - 12:35:26: "Calcas Peludas<19><VALVE_ID_LAN><TERRORIST>" killed "@te<16><VALVE_ID_LAN><CT>" with "aug"
L 04/13/2018 - 12:35:26: "Calango<14><VALVE_ID_LAN><CT>" killed "Calcas Peludas<19><VALVE_ID_LAN><TERRORIST>" with "aug"
L 04/13/2018 - 12:35:27: "GARGAMEL O EMPALADOR<15><VALVE_ID_LAN><TERRORIST>" killed "Calango<14><VALVE_ID_LAN><CT>" with "xm1014"
L 04/13/2018 - 12:35:27: Team "TERRORIST" triggered "Terrorists_Win" (CT "15") (T "2")
L 04/13/2018 - 12:35:27: World triggered "Round_End"
L 04/13/2018 - 12:35:32: World triggered "Round_Start"
L 04/13/2018 - 12:35:36: "TUX<18><VALVE_ID_LAN><TERRORIST>" killed "Calango<14><VALVE_ID_LAN><CT>" with "p90"
L 04/13/2018 - 12:35:38: "@te<16><VALVE_ID_LAN><CT>" killed "TUX<18><VALVE_ID_LAN><TERRORIST>" with "tmp"
L 04/13/2018 - 12:35:39: "Calcas Peludas<19><VALVE_ID_LAN><TERRORIST>" killed "XXBOT Ringo<20><BOT><CT>" with "xm1014"
L 04/13/2018 - 12:35:40: "Smolder<13><VALVE_ID_LAN><TERRORIST>" killed "Cap. Billy<12><VALVE_ID_LOOPBACK><CT>" with "mp5navy"
L 04/13/2018 - 12:35:40: "Calcas Peludas<19><VALVE_ID_LAN><TERRORIST>" killed "@te<16><VALVE_ID_LAN><CT>" with "xm1014"
L 04/13/2018 - 12:35:40: Team "TERRORIST" triggered "Terrorists_Win" (CT "15") (T "3")
L 04/13/2018 - 12:35:40: World triggered "Round_End"
L 04/13/2018 - 12:35:45: World triggered "Round_Start"
L 04/13/2018 - 12:35:50: "Smolder<13><VALVE_ID_LAN><TERRORIST>" killed "Cap. Billy<12><VALVE_ID_LOOPBACK><CT>" with "mp5navy"
L 04/13/2018 - 12:35:52: "Calcas Peludas<19><VALVE_ID_LAN><TERRORIST>" killed "XXBOT Ringo<20><BOT><CT>" with "xm1014"
L 04/13/2018 - 12:35:52: "TUX<18><VALVE_ID_LAN><TERRORIST>" killed "@te<16><VALVE_ID_LAN><CT>" with "ak47"
L 04/13/2018 - 12:35:54: "GARGAMEL O EMPALADOR<15><VALVE_ID_LAN><TERRORIST>" killed "Calango<14><VALVE_ID_LAN><CT>" with "m249"
L 04/13/2018 - 12:35:54: Team "TERRORIST" triggered "Terrorists_Win" (CT "15") (T "4")
L 04/13/2018 - 12:35:54: World triggered "Round_End"
L 04/13/2018 - 12:35:58: "Cap. Billy<12><VALVE_ID_LOOPBACK><CT>" say "kd o jack??" (dead)
L 04/13/2018 - 12:35:59: World triggered "Round_Start"
L 04/13/2018 - 12:36:04: "Calcas Peludas<19><VALVE_ID_LAN><TERRORIST>" killed "XXBOT Ringo<20><BOT><CT>" with "xm1014"
L 04/13/2018 - 12:36:05: "GARGAMEL O EMPALADOR<15><VALVE_ID_LAN><TERRORIST>" killed "TUX<18><VALVE_ID_LAN><TERRORIST>" with "m249"
L 04/13/2018 - 12:36:05: "@te<16><VALVE_ID_LAN><CT>" killed "Smolder<13><VALVE_ID_LAN><TERRORIST>" with "mac10"
L 04/13/2018 - 12:36:06: "Calcas Peludas<19><VALVE_ID_LAN><TERRORIST>" killed "@te<16><VALVE_ID_LAN><CT>" with "xm1014"
L 04/13/2018 - 12:36:07: "Cap. Billy<12><VALVE_ID_LOOPBACK><CT>" killed "GARGAMEL O EMPALADOR<15><VALVE_ID_LAN><TERRORIST>" with "xm1014"
L 04/13/2018 - 12:36:08: "Calango<14><VALVE_ID_LAN><CT>" killed "Calcas Peludas<19><VALVE_ID_LAN><TERRORIST>" with "tmp"
L 04/13/2018 - 12:36:08: Team "CT" triggered "CTs_Win" (CT "16") (T "4")
L 04/13/2018 - 12:36:08: World triggered "Round_End"
L 04/13/2018 - 12:36:13: World triggered "Round_Start"
L 04/13/2018 - 12:36:13: "GARGAMEL O EMPALADOR<15><VALVE_ID_LAN><TERRORIST>" committed suicide with "world"
L 04/13/2018 - 12:36:16: "Cap. Billy<12><VALVE_ID_LOOPBACK><CT>" killed "Calcas Peludas<19><VALVE_ID_LAN><TERRORIST>" with "xm1014"
L 04/13/2018 - 12:36:18: "Smolder<13><VALVE_ID_LAN><TERRORIST>" killed "XXBOT Ringo<20><BOT><CT>" with "xm1014"
L 04/13/2018 - 12:36:21: "Cap. Billy<12><VALVE_ID_LOOPBACK><CT>" killed "TUX<18><VALVE_ID_LAN><TERRORIST>" with "xm1014"
L 04/13/2018 - 12:36:25: "Cap. Billy<12><VALVE_ID_LOOPBACK><CT>" killed "Smolder<13><VALVE_ID_LAN><TERRORIST>" with "xm1014"
L 04/13/2018 - 12:36:25: Team "CT" triggered "CTs_Win" (CT "17") (T "4")
L 04/13/2018 - 12:36:25: World triggered "Round_End"
L 04/13/2018 - 12:36:30: World triggered "Round_Start"
L 04/13/2018 - 12:36:35: "Calango<14><VALVE_ID_LAN><CT>" killed "TUX<18><VALVE_ID_LAN><TERRORIST>" with "mac10"
L 04/13/2018 - 12:36:35: "@te<16><VALVE_ID_LAN><CT>" killed "Calcas Peludas<19><VALVE_ID_LAN><TERRORIST>" with "xm1014"
L 04/13/2018 - 12:36:36: "Cap. Billy<12><VALVE_ID_LOOPBACK><CT>" killed "GARGAMEL O EMPALADOR<15><VALVE_ID_LAN><TERRORIST>" with "xm1014"
L 04/13/2018 - 12:36:38: "Cap. Billy<12><VALVE_ID_LOOPBACK><CT>" killed "Smolder<13><VALVE_ID_LAN><TERRORIST>" with "xm1014"
L 04/13/2018 - 12:36:38: Team "CT" triggered "CTs_Win" (CT "18") (T "4")
L 04/13/2018 - 12:36:38: World triggered "Round_End"
L 04/13/2018 - 12:36:43: World triggered "Round_Start"
L 04/13/2018 - 12:36:49: "Smolder<13><VALVE_ID_LAN><TERRORIST>" killed "Calango<14><VALVE_ID_LAN><CT>" with "m4a1"
L 04/13/2018 - 12:36:50: "GARGAMEL O EMPALADOR<15><VALVE_ID_LAN><TERRORIST>" killed "XXBOT Ringo<20><BOT><CT>" with "aug"
L 04/13/2018 - 12:36:51: "Smolder<13><VALVE_ID_LAN><TERRORIST>" killed "@te<16><VALVE_ID_LAN><CT>" with "m4a1"
L 04/13/2018 - 12:36:51: "Cap. Billy<12><VALVE_ID_LOOPBACK><CT>" killed "TUX<18><VALVE_ID_LAN><TERRORIST>" with "xm1014"
L 04/13/2018 - 12:36:52: "GARGAMEL O EMPALADOR<15><VALVE_ID_LAN><TERRORIST>" killed "Cap. Billy<12><VALVE_ID_LOOPBACK><CT>" with "aug"
L 04/13/2018 - 12:36:52: Team "TERRORIST" triggered "Terrorists_Win" (CT "18") (T "5")
L 04/13/2018 - 12:36:52: World triggered "Round_End"
L 04/13/2018 - 12:36:57: World triggered "Round_Start"
L 04/13/2018 - 12:37:03: "Cap. Billy<12><VALVE_ID_LOOPBACK><CT>" killed "Calcas Peludas<19><VALVE_ID_LAN><TERRORIST>" with "mp5navy"
L 04/13/2018 - 12:37:03: "Smolder<13><VALVE_ID_LAN><TERRORIST>" killed "XXBOT Ringo<20><BOT><CT>" with "m4a1"
L 04/13/2018 - 12:37:04: "Calango<14><VALVE_ID_LAN><CT>" killed "Smolder<13><VALVE_ID_LAN><TERRORIST>" with "m4a1"
L 04/13/2018 - 12:37:06: "Calango<14><VALVE_ID_LAN><CT>" killed "TUX<18><VALVE_ID_LAN><TERRORIST>" with "m4a1"
L 04/13/2018 - 12:37:06: "GARGAMEL O EMPALADOR<15><VALVE_ID_LAN><TERRORIST>" killed "@te<16><VALVE_ID_LAN><CT>" with "aug"
L 04/13/2018 - 12:37:09: "Cap. Billy<12><VALVE_ID_LOOPBACK><CT>" killed "GARGAMEL O EMPALADOR<15><VALVE_ID_LAN><TERRORIST>" with "mp5navy"
L 04/13/2018 - 12:37:09: Team "CT" triggered "CTs_Win" (CT "19") (T "5")
L 04/13/2018 - 12:37:09: World triggered "Round_End"
L 04/13/2018 - 12:37:14: World triggered "Round_Start"
L 04/13/2018 - 12:37:19: "Cap. Billy<12><VALVE_ID_LOOPBACK><CT>" killed "Calcas Peludas<19><VALVE_ID_LAN><TERRORIST>" with "mp5navy"
L 04/13/2018 - 12:37:21: "GARGAMEL O EMPALADOR<15><VALVE_ID_LAN><TERRORIST>" killed "Cap. Billy<12><VALVE_ID_LOOPBACK><CT>" with "aug"
L 04/13/2018 - 12:37:21: "Calango<14><VALVE_ID_LAN><CT>" killed "Smolder<13><VALVE_ID_LAN><TERRORIST>" with "xm1014"
L 04/13/2018 - 12:37:25: "XXBOT Ringo<20><BOT><CT>" killed "GARGAMEL O EMPALADOR<15><VALVE_ID_LAN><TERRORIST>" with "mac10"
L 04/13/2018 - 12:37:29: "TUX<18><VALVE_ID_LAN><TERRORIST>" killed "Calango<14><VALVE_ID_LAN><CT>" with "m4a1"
L 04/13/2018 - 12:37:31: "TUX<18><VALVE_ID_LAN><TERRORIST>" killed "@te<16><VALVE_ID_LAN><CT>" with "m4a1"
L 04/13/2018 - 12:37:35: "XXBOT Ringo<20><BOT><CT>" killed "TUX<18><VALVE_ID_LAN><TERRORIST>" with "mac10"
L 04/13/2018 - 12:37:35: Team "CT" triggered "CTs_Win" (CT "20") (T "5")
L 04/13/2018 - 12:37:35: World triggered "Round_End"
L 04/13/2018 - 12:37:38: "Cap. Billy<12><VALVE_ID_LOOPBACK><CT>" say "kd ojack" (dead)
L 04/13/2018 - 12:37:40: World triggered "Round_Start"
L 04/13/2018 - 12:37:43: "Calango<14><VALVE_ID_LAN><CT>" say "almocando em casa"
L 04/13/2018 - 12:37:44: "Cap. Billy<12><VALVE_ID_LOOPBACK><CT>" killed "GARGAMEL O EMPALADOR<15><VALVE_ID_LAN><TERRORIST>" with "xm1014"
L 04/13/2018 - 12:37:46: "Cap. Billy<12><VALVE_ID_LOOPBACK><CT>" killed "Smolder<13><VALVE_ID_LAN><TERRORIST>" with "xm1014"
L 04/13/2018 - 12:37:46: "Calcas Peludas<19><VALVE_ID_LAN><TERRORIST>" killed "XXBOT Ringo<20><BOT><CT>" with "m249"
L 04/13/2018 - 12:37:48: "TUX<18><VALVE_ID_LAN><TERRORIST>" killed "@te<16><VALVE_ID_LAN><CT>" with "xm1014"
L 04/13/2018 - 12:37:51: "Calango<14><VALVE_ID_LAN><CT>" killed "TUX<18><VALVE_ID_LAN><TERRORIST>" with "mac10"
L 04/13/2018 - 12:37:52: "Calango<14><VALVE_ID_LAN><CT>" killed "Calcas Peludas<19><VALVE_ID_LAN><TERRORIST>" with "mac10"
L 04/13/2018 - 12:37:52: Team "CT" triggered "CTs_Win" (CT "21") (T "5")
L 04/13/2018 - 12:37:52: World triggered "Round_End"
L 04/13/2018 - 12:37:57: World triggered "Round_Start"
L 04/13/2018 - 12:38:00: "Calango<14><VALVE_ID_LAN><CT>" killed "GARGAMEL O EMPALADOR<15><VALVE_ID_LAN><TERRORIST>" with "mac10"
L 04/13/2018 - 12:38:02: "Calango<14><VALVE_ID_LAN><CT>" killed "Calcas Peludas<19><VALVE_ID_LAN><TERRORIST>" with "mac10"
L 04/13/2018 - 12:38:03: "XXBOT Ringo<20><BOT><CT>" killed "Smolder<13><VALVE_ID_LAN><TERRORIST>" with "awp"
L 04/13/2018 - 12:38:08: "TUX<18><VALVE_ID_LAN><TERRORIST>" killed "Calango<14><VALVE_ID_LAN><CT>" with "ak47"
L 04/13/2018 - 12:38:12: "XXBOT Ringo<20><BOT><CT>" killed "TUX<18><VALVE_ID_LAN><TERRORIST>" with "awp"
L 04/13/2018 - 12:38:12: Team "CT" triggered "CTs_Win" (CT "22") (T "5")
L 04/13/2018 - 12:38:12: World triggered "Round_End"
L 04/13/2018 - 12:38:17: World triggered "Round_Start"
L 04/13/2018 - 12:38:20: "Calcas Peludas<19><VALVE_ID_LAN><TERRORIST>" killed "Calango<14><VALVE_ID_LAN><CT>" with "awp"
L 04/13/2018 - 12:38:22: "Cap. Billy<12><VALVE_ID_LOOPBACK><CT>" killed "GARGAMEL O EMPALADOR<15><VALVE_ID_LAN><TERRORIST>" with "xm1014"
L 04/13/2018 - 12:38:25: "Smolder<13><VALVE_ID_LAN><TERRORIST>" killed "Cap. Billy<12><VALVE_ID_LOOPBACK><CT>" with "ak47"
L 04/13/2018 - 12:38:27: "Calcas Peludas<19><VALVE_ID_LAN><TERRORIST>" killed "@te<16><VALVE_ID_LAN><CT>" with "glock18"
L 04/13/2018 - 12:38:28: "Smolder<13><VALVE_ID_LAN><TERRORIST>" killed "XXBOT Ringo<20><BOT><CT>" with "ak47"
L 04/13/2018 - 12:38:28: Team "TERRORIST" triggered "Terrorists_Win" (CT "22") (T "6")
L 04/13/2018 - 12:38:28: World triggered "Round_End"
L 04/13/2018 - 12:38:33: World triggered "Round_Start"
L 04/13/2018 - 12:38:36: "GARGAMEL O EMPALADOR<15><VALVE_ID_LAN><TERRORIST>" killed "Calango<14><VALVE_ID_LAN><CT>" with "m3"
L 04/13/2018 - 12:38:37: "@te<16><VALVE_ID_LAN><CT>" killed "GARGAMEL O EMPALADOR<15><VALVE_ID_LAN><TERRORIST>" with "mp5navy"
L 04/13/2018 - 12:38:39: "Cap. Billy<12><VALVE_ID_LOOPBACK><CT>" killed "TUX<18><VALVE_ID_LAN><TERRORIST>" with "m4a1"
L 04/13/2018 - 12:38:40: "Calcas Peludas<19><VALVE_ID_LAN><TERRORIST>" killed "XXBOT Ringo<20><BOT><CT>" with "mac10"
L 04/13/2018 - 12:38:41: Server cvar "amx_nextmap" = "ak-colt_dust_arena"
L 04/13/2018 - 12:38:41: "Smolder<13><VALVE_ID_LAN><TERRORIST>" killed "Cap. Billy<12><VALVE_ID_LOOPBACK><CT>" with "xm1014"
L 04/13/2018 - 12:38:43: "@te<16><VALVE_ID_LAN><CT>" killed "Calcas Peludas<19><VALVE_ID_LAN><TERRORIST>" with "mp5navy"
L 04/13/2018 - 12:38:45: "Smolder<13><VALVE_ID_LAN><TERRORIST>" killed "@te<16><VALVE_ID_LAN><CT>" with "xm1014"
L 04/13/2018 - 12:38:45: Team "TERRORIST" triggered "Terrorists_Win" (CT "22") (T "7")
L 04/13/2018 - 12:38:45: World triggered "Round_End"
L 04/13/2018 - 12:38:50: World triggered "Round_Start"
L 04/13/2018 - 12:38:55: "Smolder<13><VALVE_ID_LAN><TERRORIST>" killed "XXBOT Ringo<20><BOT><CT>" with "xm1014"
L 04/13/2018 - 12:38:55: "Calcas Peludas<19><VALVE_ID_LAN><TERRORIST>" killed "Calango<14><VALVE_ID_LAN><CT>" with "ak47"
L 04/13/2018 - 12:38:58: "Cap. Billy<12><VALVE_ID_LOOPBACK><CT>" killed "TUX<18><VALVE_ID_LAN><TERRORIST>" with "aug"
L 04/13/2018 - 12:39:00: "Smolder<13><VALVE_ID_LAN><TERRORIST>" killed "@te<16><VALVE_ID_LAN><CT>" with "knife"
L 04/13/2018 - 12:39:02: "Cap. Billy<12><VALVE_ID_LOOPBACK><CT>" killed "Smolder<13><VALVE_ID_LAN><TERRORIST>" with "aug"
L 04/13/2018 - 12:39:05: "Smolder<13><VALVE_ID_LAN><TERRORIST>" say "di novo" (dead)
L 04/13/2018 - 12:39:12: "Cap. Billy<12><VALVE_ID_LOOPBACK><CT>" killed "Calcas Peludas<19><VALVE_ID_LAN><TERRORIST>" with "mp5navy"
L 04/13/2018 - 12:39:14: "Smolder<13><VALVE_ID_LAN><TERRORIST>" say "di novo" (dead)
L 04/13/2018 - 12:39:14: "GARGAMEL O EMPALADOR<15><VALVE_ID_LAN><TERRORIST>" killed "Cap. Billy<12><VALVE_ID_LOOPBACK><CT>" with "xm1014"
L 04/13/2018 - 12:39:14: Team "TERRORIST" triggered "Terrorists_Win" (CT "22") (T "8")
L 04/13/2018 - 12:39:14: World triggered "Round_End"
L 04/13/2018 - 12:39:18: "Calango<14><VALVE_ID_LAN><CT>" say "kkkk" (dead)
L 04/13/2018 - 12:39:19: World triggered "Round_Start"
L 04/13/2018 - 12:39:23: "Cap. Billy<12><VALVE_ID_LOOPBACK><CT>" killed "Calcas Peludas<19><VALVE_ID_LAN><TERRORIST>" with "usp"
L 04/13/2018 - 12:39:23: "TUX<18><VALVE_ID_LAN><TERRORIST>" killed "Cap. Billy<12><VALVE_ID_LOOPBACK><CT>" with "xm1014"
L 04/13/2018 - 12:39:25: "TUX<18><VALVE_ID_LAN><TERRORIST>" killed "Calango<14><VALVE_ID_LAN><CT>" with "xm1014"
L 04/13/2018 - 12:39:27: "Smolder<13><VALVE_ID_LAN><TERRORIST>" killed "XXBOT Ringo<20><BOT><CT>" with "mp5navy"
L 04/13/2018 - 12:39:28: "@te<16><VALVE_ID_LAN><CT>" killed "Smolder<13><VALVE_ID_LAN><TERRORIST>" with "knife"
L 04/13/2018 - 12:39:30: "@te<16><VALVE_ID_LAN><CT>" killed "TUX<18><VALVE_ID_LAN><TERRORIST>" with "xm1014"
L 04/13/2018 - 12:39:32: "Cap. Billy<12><VALVE_ID_LOOPBACK><CT>" say "EITAAAAAA" (dead)
L 04/13/2018 - 12:39:33: "Calango<14><VALVE_ID_LAN><CT>" say "boaa" (dead)
L 04/13/2018 - 12:39:35: "@te<16><VALVE_ID_LAN><CT>" killed "GARGAMEL O EMPALADOR<15><VALVE_ID_LAN><TERRORIST>" with "xm1014"
L 04/13/2018 - 12:39:35: Team "CT" triggered "CTs_Win" (CT "23") (T "8")
L 04/13/2018 - 12:39:35: World triggered "Round_End"
L 04/13/2018 - 12:39:35: "Calango<14><VALVE_ID_LAN><CT>" say "auhauhauahuha" (dead)
L 04/13/2018 - 12:39:36: "Smolder<13><VALVE_ID_LAN><TERRORIST>" say "se vingou" (dead)
L 04/13/2018 - 12:39:40: World triggered "Round_Start"
L 04/13/2018 - 12:39:45: "GARGAMEL O EMPALADOR<15><VALVE_ID_LAN><TERRORIST>" killed "XXBOT Ringo<20><BOT><CT>" with "aug"
L 04/13/2018 - 12:39:46: "Cap. Billy<12><VALVE_ID_LOOPBACK><CT>" killed "TUX<18><VALVE_ID_LAN><TERRORIST>" with "xm1014"
L 04/13/2018 - 12:39:47: "Smolder<13><VALVE_ID_LAN><TERRORIST>" killed "@te<16><VALVE_ID_LAN><CT>" with "xm1014"
L 04/13/2018 - 12:39:47: "Cap. Billy<12><VALVE_ID_LOOPBACK><CT>" killed "GARGAMEL O EMPALADOR<15><VALVE_ID_LAN><TERRORIST>" with "xm1014"
L 04/13/2018 - 12:39:48: "Calcas Peludas<19><VALVE_ID_LAN><TERRORIST>" killed "Cap. Billy<12><VALVE_ID_LOOPBACK><CT>" with "aug"
L 04/13/2018 - 12:39:50: "Calango<14><VALVE_ID_LAN><CT>" killed "Calcas Peludas<19><VALVE_ID_LAN><TERRORIST>" with "mac10"
L 04/13/2018 - 12:39:52: "Smolder<13><VALVE_ID_LAN><TERRORIST>" killed "Calango<14><VALVE_ID_LAN><CT>" with "xm1014"
L 04/13/2018 - 12:39:52: Team "TERRORIST" triggered "Terrorists_Win" (CT "23") (T "9")
L 04/13/2018 - 12:39:52: World triggered "Round_End"
L 04/13/2018 - 12:39:57: World triggered "Round_Start"
L 04/13/2018 - 12:40:01: "GARGAMEL O EMPALADOR<15><VALVE_ID_LAN><TERRORIST>" killed "Cap. Billy<12><VALVE_ID_LOOPBACK><CT>" with "aug"
L 04/13/2018 - 12:40:02: "Smolder<13><VALVE_ID_LAN><TERRORIST>" killed "@te<16><VALVE_ID_LAN><CT>" with "xm1014"
L 04/13/2018 - 12:40:03: "XXBOT Ringo<20><BOT><CT>" killed "Calcas Peludas<19><VALVE_ID_LAN><TERRORIST>" with "usp"
L 04/13/2018 - 12:40:03: "GARGAMEL O EMPALADOR<15><VALVE_ID_LAN><TERRORIST>" killed "XXBOT Ringo<20><BOT><CT>" with "aug"
L 04/13/2018 - 12:40:06: "Smolder<13><VALVE_ID_LAN><TERRORIST>" killed "Calango<14><VALVE_ID_LAN><CT>" with "xm1014"
L 04/13/2018 - 12:40:06: Team "TERRORIST" triggered "Terrorists_Win" (CT "23") (T "10")
L 04/13/2018 - 12:40:06: World triggered "Round_End"
L 04/13/2018 - 12:40:11: World triggered "Round_Start"
L 04/13/2018 - 12:40:14: "TUX<18><VALVE_ID_LAN><TERRORIST>" killed "Cap. Billy<12><VALVE_ID_LOOPBACK><CT>" with "mac10"
L 04/13/2018 - 12:40:17: "Calango<14><VALVE_ID_LAN><CT>" killed "Calcas Peludas<19><VALVE_ID_LAN><TERRORIST>" with "xm1014"
L 04/13/2018 - 12:40:19: "Calango<14><VALVE_ID_LAN><CT>" killed "TUX<18><VALVE_ID_LAN><TERRORIST>" with "xm1014"
L 04/13/2018 - 12:40:22: "@te<16><VALVE_ID_LAN><CT>" killed "Smolder<13><VALVE_ID_LAN><TERRORIST>" with "mac10"
L 04/13/2018 - 12:40:25: "GARGAMEL O EMPALADOR<15><VALVE_ID_LAN><TERRORIST>" killed "XXBOT Ringo<20><BOT><CT>" with "m249"
L 04/13/2018 - 12:40:27: "@te<16><VALVE_ID_LAN><CT>" killed "GARGAMEL O EMPALADOR<15><VALVE_ID_LAN><TERRORIST>" with "mac10"
L 04/13/2018 - 12:40:27: Team "CT" triggered "CTs_Win" (CT "24") (T "10")
L 04/13/2018 - 12:40:27: World triggered "Round_End"
L 04/13/2018 - 12:40:32: World triggered "Round_Start"
L 04/13/2018 - 12:40:34: Team "CT" scored "24" with "4" players
L 04/13/2018 - 12:40:34: Team "TERRORIST" scored "10" with "4" players
L 04/13/2018 - 12:40:36: "Cap. Billy<12><VALVE_ID_LOOPBACK><CT>" triggered "weaponstats" (weapon "grenade") (shots "11") (hits "15") (kills "1") (headshots "0") (tks "0") (damage "543") (deaths "0")
L 04/13/2018 - 12:40:36: "Cap. Billy<12><VALVE_ID_LOOPBACK><CT>" triggered "weaponstats2" (weapon "grenade") (head "0") (chest "0") (stomach "0") (leftarm "0") (rightarm "0") (leftleg "0") (rightleg "0")
L 04/13/2018 - 12:40:36: "Cap. Billy<12><VALVE_ID_LOOPBACK><CT>" triggered "weaponstats" (weapon "xm1014") (shots "45") (hits "21") (kills "13") (headshots "4") (tks "0") (damage "1697") (deaths "7")
L 04/13/2018 - 12:40:36: "Cap. Billy<12><VALVE_ID_LOOPBACK><CT>" triggered "weaponstats2" (weapon "xm1014") (head "4") (chest "1") (stomach "3") (leftarm "9") (rightarm "0") (leftleg "0") (rightleg "4")
L 04/13/2018 - 12:40:36: "Cap. Billy<12><VALVE_ID_LOOPBACK><CT>" triggered "weaponstats" (weapon "mac10") (shots "13") (hits "5") (kills "2") (headshots "1") (tks "0") (damage "217") (deaths "0")
L 04/13/2018 - 12:40:36: "Cap. Billy<12><VALVE_ID_LOOPBACK><CT>" triggered "weaponstats2" (weapon "mac10") (head "1") (chest "0") (stomach "0") (leftarm "1") (rightarm "3") (leftleg "0") (rightleg "0")
L 04/13/2018 - 12:40:36: "Cap. Billy<12><VALVE_ID_LOOPBACK><CT>" triggered "weaponstats" (weapon "aug") (shots "103") (hits "30") (kills "7") (headshots "4") (tks "1") (damage "985") (deaths "2")
L 04/13/2018 - 12:40:36: "Cap. Billy<12><VALVE_ID_LOOPBACK><CT>" triggered "weaponstats2" (weapon "aug") (head "4") (chest "6") (stomach "6") (leftarm "6") (rightarm "3") (leftleg "3") (rightleg "2")
L 04/13/2018 - 12:40:36: "Cap. Billy<12><VALVE_ID_LOOPBACK><CT>" triggered "weaponstats" (weapon "usp") (shots "20") (hits "3") (kills "1") (headshots "0") (tks "0") (damage "96") (deaths "3")
L 04/13/2018 - 12:40:36: "Cap. Billy<12><VALVE_ID_LOOPBACK><CT>" triggered "weaponstats2" (weapon "usp") (head "0") (chest "0") (stomach "0") (leftarm "0") (rightarm "3") (leftleg "0") (rightleg "0")
L 04/13/2018 - 12:40:36: "Cap. Billy<12><VALVE_ID_LOOPBACK><CT>" triggered "weaponstats" (weapon "mp5navy") (shots "134") (hits "30") (kills "11") (headshots "3") (tks "0") (damage "1066") (deaths "5")
L 04/13/2018 - 12:40:36: "Cap. Billy<12><VALVE_ID_LOOPBACK><CT>" triggered "weaponstats2" (weapon "mp5navy") (head "6") (chest "7") (stomach "4") (leftarm "10") (rightarm "1") (leftleg "0") (rightleg "2")
L 04/13/2018 - 12:40:36: "Cap. Billy<12><VALVE_ID_LOOPBACK><CT>" triggered "weaponstats" (weapon "m4a1") (shots "30") (hits "5") (kills "1") (headshots "1") (tks "0") (damage "229") (deaths "3")
L 04/13/2018 - 12:40:36: "Cap. Billy<12><VALVE_ID_LOOPBACK><CT>" triggered "weaponstats2" (weapon "m4a1") (head "1") (chest "0") (stomach "1") (leftarm "0") (rightarm "1") (leftleg "2") (rightleg "0")
L 04/13/2018 - 12:40:36: "Cap. Billy<12><VALVE_ID_LOOPBACK><CT>" triggered "weaponstats" (weapon "ak47") (shots "2") (hits "2") (kills "0") (headshots "0") (tks "0") (damage "71") (deaths "1")
L 04/13/2018 - 12:40:36: "Cap. Billy<12><VALVE_ID_LOOPBACK><CT>" triggered "weaponstats2" (weapon "ak47") (head "0") (chest "0") (stomach "0") (leftarm "0") (rightarm "2") (leftleg "0") (rightleg "0")
L 04/13/2018 - 12:40:36: "Cap. Billy<12><VALVE_ID_LOOPBACK><CT>" triggered "time" (time "10:10")
L 04/13/2018 - 12:40:36: "Cap. Billy<12><VALVE_ID_LOOPBACK><CT>" triggered "latency" (ping "0")
L 04/13/2018 - 12:40:36: "Smolder<13><VALVE_ID_LAN><TERRORIST>" triggered "weaponstats" (weapon "grenade") (shots "6") (hits "4") (kills "0") (headshots "0") (tks "0") (damage "176") (deaths "0")
L 04/13/2018 - 12:40:36: "Smolder<13><VALVE_ID_LAN><TERRORIST>" triggered "weaponstats2" (weapon "grenade") (head "0") (chest "0") (stomach "0") (leftarm "0") (rightarm "0") (leftleg "0") (rightleg "0")
L 04/13/2018 - 12:40:36: "Smolder<13><VALVE_ID_LAN><TERRORIST>" triggered "weaponstats" (weapon "xm1014") (shots "57") (hits "23") (kills "10") (headshots "2") (tks "0") (damage "1260") (deaths "6")
L 04/13/2018 - 12:40:36: "Smolder<13><VALVE_ID_LAN><TERRORIST>" triggered "weaponstats2" (weapon "xm1014") (head "2") (chest "5") (stomach "5") (leftarm "3") (rightarm "2") (leftleg "1") (rightleg "5")
L 04/13/2018 - 12:40:36: "Smolder<13><VALVE_ID_LAN><TERRORIST>" triggered "weaponstats" (weapon "aug") (shots "50") (hits "10") (kills "2") (headshots "0") (tks "0") (damage "305") (deaths "1")
L 04/13/2018 - 12:40:36: "Smolder<13><VALVE_ID_LAN><TERRORIST>" triggered "weaponstats2" (weapon "aug") (head "0") (chest "2") (stomach "1") (leftarm "4") (rightarm "3") (leftleg "0") (rightleg "0")
L 04/13/2018 - 12:40:36: "Smolder<13><VALVE_ID_LAN><TERRORIST>" triggered "weaponstats" (weapon "glock18") (shots "1") (hits "0") (kills "0") (headshots "0") (tks "0") (damage "0") (deaths "2")
L 04/13/2018 - 12:40:36: "Smolder<13><VALVE_ID_LAN><TERRORIST>" triggered "weaponstats2" (weapon "glock18") (head "0") (chest "0") (stomach "0") (leftarm "0") (rightarm "0") (leftleg "0") (rightleg "0")
L 04/13/2018 - 12:40:36: "Smolder<13><VALVE_ID_LAN><TERRORIST>" triggered "weaponstats" (weapon "mp5navy") (shots "80") (hits "14") (kills "5") (headshots "4") (tks "0") (damage "563") (deaths "5")
L 04/13/2018 - 12:40:36: "Smolder<13><VALVE_ID_LAN><TERRORIST>" triggered "weaponstats2" (weapon "mp5navy") (head "4") (chest "1") (stomach "0") (leftarm "5") (rightarm "4") (leftleg "0") (rightleg "0")
L 04/13/2018 - 12:40:36: "Smolder<13><VALVE_ID_LAN><TERRORIST>" triggered "weaponstats" (weapon "m3") (shots "8") (hits "9") (kills "4") (headshots "0") (tks "0") (damage "671") (deaths "4")
L 04/13/2018 - 12:40:36: "Smolder<13><VALVE_ID_LAN><TERRORIST>" triggered "weaponstats2" (weapon "m3") (head "0") (chest "5") (stomach "0") (leftarm "4") (rightarm "0") (leftleg "0") (rightleg "0")
L 04/13/2018 - 12:40:36: "Smolder<13><VALVE_ID_LAN><TERRORIST>" triggered "weaponstats" (weapon "m4a1") (shots "37") (hits "8") (kills "3") (headshots "1") (tks "0") (damage "388") (deaths "1")
L 04/13/2018 - 12:40:36: "Smolder<13><VALVE_ID_LAN><TERRORIST>" triggered "weaponstats2" (weapon "m4a1") (head "1") (chest "1") (stomach "0") (leftarm "3") (rightarm "1") (leftleg "0") (rightleg "2")
L 04/13/2018 - 12:40:36: "Smolder<13><VALVE_ID_LAN><TERRORIST>" triggered "weaponstats" (weapon "ak47") (shots "64") (hits "14") (kills "4") (headshots "2") (tks "0") (damage "711") (deaths "7")
L 04/13/2018 - 12:40:36: "Smolder<13><VALVE_ID_LAN><TERRORIST>" triggered "weaponstats2" (weapon "ak47") (head "2") (chest "2") (stomach "0") (leftarm "5") (rightarm "5") (leftleg "0") (rightleg "0")
L 04/13/2018 - 12:40:36: "Smolder<13><VALVE_ID_LAN><TERRORIST>" triggered "weaponstats" (weapon "knife") (shots "3") (hits "3") (kills "2") (headshots "1") (tks "0") (damage "520") (deaths "1")
L 04/13/2018 - 12:40:36: "Smolder<13><VALVE_ID_LAN><TERRORIST>" triggered "weaponstats2" (weapon "knife") (head "1") (chest "1") (stomach "0") (leftarm "0") (rightarm "1") (leftleg "0") (rightleg "0")
L 04/13/2018 - 12:40:36: "Smolder<13><VALVE_ID_LAN><TERRORIST>" triggered "time" (time "10:07")
L 04/13/2018 - 12:40:36: "Smolder<13><VALVE_ID_LAN><TERRORIST>" triggered "latency" (ping "9")
L 04/13/2018 - 12:40:36: "Calango<14><VALVE_ID_LAN><CT>" triggered "weaponstats" (weapon "grenade") (shots "9") (hits "8") (kills "1") (headshots "0") (tks "0") (damage "379") (deaths "0")
L 04/13/2018 - 12:40:36: "Calango<14><VALVE_ID_LAN><CT>" triggered "weaponstats2" (weapon "grenade") (head "0") (chest "0") (stomach "0") (leftarm "0") (rightarm "0") (leftleg "0") (rightleg "0")
L 04/13/2018 - 12:40:36: "Calango<14><VALVE_ID_LAN><CT>" triggered "weaponstats" (weapon "xm1014") (shots "35") (hits "15") (kills "6") (headshots "1") (tks "0") (damage "811") (deaths "4")
L 04/13/2018 - 12:40:36: "Calango<14><VALVE_ID_LAN><CT>" triggered "weaponstats2" (weapon "xm1014") (head "2") (chest "1") (stomach "0") (leftarm "6") (rightarm "2") (leftleg "1") (rightleg "3")
L 04/13/2018 - 12:40:36: "Calango<14><VALVE_ID_LAN><CT>" triggered "weaponstats" (weapon "mac10") (shots "171") (hits "24") (kills "9") (headshots "7") (tks "0") (damage "1162") (deaths "3")
L 04/13/2018 - 12:40:36: "Calango<14><VALVE_ID_LAN><CT>" triggered "weaponstats2" (weapon "mac10") (head "8") (chest "6") (stomach "0") (leftarm "7") (rightarm "2") (leftleg "0") (rightleg "1")
L 04/13/2018 - 12:40:36: "Calango<14><VALVE_ID_LAN><CT>" triggered "weaponstats" (weapon "aug") (shots "133") (hits "28") (kills "8") (headshots "3") (tks "0") (damage "1039") (deaths "6")
L 04/13/2018 - 12:40:36: "Calango<14><VALVE_ID_LAN><CT>" triggered "weaponstats2" (weapon "aug") (head "3") (chest "6") (stomach "3") (leftarm "7") (rightarm "2") (leftleg "2") (rightleg "5")
L 04/13/2018 - 12:40:36: "Calango<14><VALVE_ID_LAN><CT>" triggered "weaponstats" (weapon "usp") (shots "8") (hits "0") (kills "0") (headshots "0") (tks "0") (damage "0") (deaths "0")
L 04/13/2018 - 12:40:36: "Calango<14><VALVE_ID_LAN><CT>" triggered "weaponstats2" (weapon "usp") (head "0") (chest "0") (stomach "0") (leftarm "0") (rightarm "0") (leftleg "0") (rightleg "0")
L 04/13/2018 - 12:40:36: "Calango<14><VALVE_ID_LAN><CT>" triggered "weaponstats" (weapon "awp") (shots "1") (hits "1") (kills "0") (headshots "0") (tks "0") (damage "81") (deaths "0")
L 04/13/2018 - 12:40:36: "Calango<14><VALVE_ID_LAN><CT>" triggered "weaponstats2" (weapon "awp") (head "0") (chest "0") (stomach "0") (leftarm "0") (rightarm "0") (leftleg "0") (rightleg "1")
L 04/13/2018 - 12:40:36: "Calango<14><VALVE_ID_LAN><CT>" triggered "weaponstats" (weapon "mp5navy") (shots "1") (hits "0") (kills "0") (headshots "0") (tks "0") (damage "0") (deaths "0")
L 04/13/2018 - 12:40:36: "Calango<14><VALVE_ID_LAN><CT>" triggered "weaponstats2" (weapon "mp5navy") (head "0") (chest "0") (stomach "0") (leftarm "0") (rightarm "0") (leftleg "0") (rightleg "0")
L 04/13/2018 - 12:40:36: "Calango<14><VALVE_ID_LAN><CT>" triggered "weaponstats" (weapon "m249") (shots "110") (hits "13") (kills "3") (headshots "1") (tks "0") (damage "478") (deaths "3")
L 04/13/2018 - 12:40:36: "Calango<14><VALVE_ID_LAN><CT>" triggered "weaponstats2" (weapon "m249") (head "1") (chest "1") (stomach "4") (leftarm "2") (rightarm "3") (leftleg "2") (rightleg "0")
L 04/13/2018 - 12:40:36: "Calango<14><VALVE_ID_LAN><CT>" triggered "weaponstats" (weapon "m4a1") (shots "20") (hits "3") (kills "2") (headshots "1") (tks "0") (damage "191") (deaths "1")
L 04/13/2018 - 12:40:36: "Calango<14><VALVE_ID_LAN><CT>" triggered "weaponstats2" (weapon "m4a1") (head "1") (chest "0") (stomach "0") (leftarm "0") (rightarm "2") (leftleg "0") (rightleg "0")
L 04/13/2018 - 12:40:36: "Calango<14><VALVE_ID_LAN><CT>" triggered "weaponstats" (weapon "tmp") (shots "16") (hits "6") (kills "1") (headshots "0") (tks "0") (damage "124") (deaths "0")
L 04/13/2018 - 12:40:36: "Calango<14><VALVE_ID_LAN><CT>" triggered "weaponstats2" (weapon "tmp") (head "0") (chest "3") (stomach "1") (leftarm "0") (rightarm "2") (leftleg "0") (rightleg "0")
L 04/13/2018 - 12:40:36: "Calango<14><VALVE_ID_LAN><CT>" triggered "weaponstats" (weapon "ak47") (shots "26") (hits "0") (kills "0") (headshots "0") (tks "0") (damage "0") (deaths "3")
L 04/13/2018 - 12:40:36: "Calango<14><VALVE_ID_LAN><CT>" triggered "weaponstats2" (weapon "ak47") (head "0") (chest "0") (stomach "0") (leftarm "0") (rightarm "0") (leftleg "0") (rightleg "0")
L 04/13/2018 - 12:40:36: "Calango<14><VALVE_ID_LAN><CT>" triggered "time" (time "10:06")
L 04/13/2018 - 12:40:36: "Calango<14><VALVE_ID_LAN><CT>" triggered "latency" (ping "7")
L 04/13/2018 - 12:40:36: "GARGAMEL O EMPALADOR<15><VALVE_ID_LAN><TERRORIST>" triggered "weaponstats" (weapon "grenade") (shots "7") (hits "4") (kills "0") (headshots "0") (tks "0") (damage "168") (deaths "0")
L 04/13/2018 - 12:40:36: "GARGAMEL O EMPALADOR<15><VALVE_ID_LAN><TERRORIST>" triggered "weaponstats2" (weapon "grenade") (head "0") (chest "0") (stomach "0") (leftarm "0") (rightarm "0") (leftleg "0") (rightleg "0")
L 04/13/2018 - 12:40:36: "GARGAMEL O EMPALADOR<15><VALVE_ID_LAN><TERRORIST>" triggered "weaponstats" (weapon "xm1014") (shots "31") (hits "4") (kills "3") (headshots "1") (tks "0") (damage "291") (deaths "3")
L 04/13/2018 - 12:40:36: "GARGAMEL O EMPALADOR<15><VALVE_ID_LAN><TERRORIST>" triggered "weaponstats2" (weapon "xm1014") (head "1") (chest "1") (stomach "0") (leftarm "0") (rightarm "1") (leftleg "0") (rightleg "1")
L 04/13/2018 - 12:40:36: "GARGAMEL O EMPALADOR<15><VALVE_ID_LAN><TERRORIST>" triggered "weaponstats" (weapon "mac10") (shots "1") (hits "0") (kills "0") (headshots "0") (tks "0") (damage "0") (deaths "0")
L 04/13/2018 - 12:40:36: "GARGAMEL O EMPALADOR<15><VALVE_ID_LAN><TERRORIST>" triggered "weaponstats2" (weapon "mac10") (head "0") (chest "0") (stomach "0") (leftarm "0") (rightarm "0") (leftleg "0") (rightleg "0")
L 04/13/2018 - 12:40:36: "GARGAMEL O EMPALADOR<15><VALVE_ID_LAN><TERRORIST>" triggered "weaponstats" (weapon "aug") (shots "180") (hits "36") (kills "9") (headshots "4") (tks "0") (damage "1274") (deaths "10")
L 04/13/2018 - 12:40:36: "GARGAMEL O EMPALADOR<15><VALVE_ID_LAN><TERRORIST>" triggered "weaponstats2" (weapon "aug") (head "4") (chest "10") (stomach "4") (leftarm "8") (rightarm "5") (leftleg "3") (rightleg "2")
L 04/13/2018 - 12:40:36: "GARGAMEL O EMPALADOR<15><VALVE_ID_LAN><TERRORIST>" triggered "weaponstats" (weapon "glock18") (shots "27") (hits "2") (kills "0") (headshots "0") (tks "0") (damage "34") (deaths "6")
L 04/13/2018 - 12:40:36: "GARGAMEL O EMPALADOR<15><VALVE_ID_LAN><TERRORIST>" triggered "weaponstats2" (weapon "glock18") (head "0") (chest "1") (stomach "0") (leftarm "0") (rightarm "1") (leftleg "0") (rightleg "0")
L 04/13/2018 - 12:40:36: "GARGAMEL O EMPALADOR<15><VALVE_ID_LAN><TERRORIST>" triggered "weaponstats" (weapon "mp5navy") (shots "3") (hits "0") (kills "0") (headshots "0") (tks "0") (damage "0") (deaths "0")
L 04/13/2018 - 12:40:36: "GARGAMEL O EMPALADOR<15><VALVE_ID_LAN><TERRORIST>" triggered "weaponstats2" (weapon "mp5navy") (head "0") (chest "0") (stomach "0") (leftarm "0") (rightarm "0") (leftleg "0") (rightleg "0")
L 04/13/2018 - 12:40:36: "GARGAMEL O EMPALADOR<15><VALVE_ID_LAN><TERRORIST>" triggered "weaponstats" (weapon "m249") (shots "208") (hits "8") (kills "3") (headshots "1") (tks "1") (damage "284") (deaths "3")
L 04/13/2018 - 12:40:36: "GARGAMEL O EMPALADOR<15><VALVE_ID_LAN><TERRORIST>" triggered "weaponstats2" (weapon "m249") (head "2") (chest "0") (stomach "2") (leftarm "1") (rightarm "2") (leftleg "1") (rightleg "0")
L 04/13/2018 - 12:40:36: "GARGAMEL O EMPALADOR<15><VALVE_ID_LAN><TERRORIST>" triggered "weaponstats" (weapon "m3") (shots "2") (hits "1") (kills "1") (headshots "1") (tks "0") (damage "285") (deaths "1")
L 04/13/2018 - 12:40:36: "GARGAMEL O EMPALADOR<15><VALVE_ID_LAN><TERRORIST>" triggered "weaponstats2" (weapon "m3") (head "1") (chest "0") (stomach "0") (leftarm "0") (rightarm "0") (leftleg "0") (rightleg "0")
L 04/13/2018 - 12:40:36: "GARGAMEL O EMPALADOR<15><VALVE_ID_LAN><TERRORIST>" triggered "weaponstats" (weapon "m4a1") (shots "9") (hits "2") (kills "0") (headshots "0") (tks "0") (damage "29") (deaths "2")
L 04/13/2018 - 12:40:36: "GARGAMEL O EMPALADOR<15><VALVE_ID_LAN><TERRORIST>" triggered "weaponstats2" (weapon "m4a1") (head "0") (chest "0") (stomach "0") (leftarm "2") (rightarm "0") (leftleg "0") (rightleg "0")
L 04/13/2018 - 12:40:36: "GARGAMEL O EMPALADOR<15><VALVE_ID_LAN><TERRORIST>" triggered "weaponstats" (weapon "g3sg1") (shots "11") (hits "0") (kills "0") (headshots "0") (tks "0") (damage "0") (deaths "2")
L 04/13/2018 - 12:40:36: "GARGAMEL O EMPALADOR<15><VALVE_ID_LAN><TERRORIST>" triggered "weaponstats2" (weapon "g3sg1") (head "0") (chest "0") (stomach "0") (leftarm "0") (rightarm "0") (leftleg "0") (rightleg "0")
L 04/13/2018 - 12:40:36: "GARGAMEL O EMPALADOR<15><VALVE_ID_LAN><TERRORIST>" triggered "weaponstats" (weapon "ak47") (shots "21") (hits "4") (kills "1") (headshots "0") (tks "0") (damage "124") (deaths "1")
L 04/13/2018 - 12:40:36: "GARGAMEL O EMPALADOR<15><VALVE_ID_LAN><TERRORIST>" triggered "weaponstats2" (weapon "ak47") (head "1") (chest "0") (stomach "1") (leftarm "2") (rightarm "0") (leftleg "0") (rightleg "0")
L 04/13/2018 - 12:40:36: "GARGAMEL O EMPALADOR<15><VALVE_ID_LAN><TERRORIST>" triggered "time" (time "10:06")
L 04/13/2018 - 12:40:36: "GARGAMEL O EMPALADOR<15><VALVE_ID_LAN><TERRORIST>" triggered "latency" (ping "5")
L 04/13/2018 - 12:40:36: "@te<16><VALVE_ID_LAN><CT>" triggered "weaponstats" (weapon "grenade") (shots "10") (hits "11") (kills "2") (headshots "0") (tks "0") (damage "466") (deaths "0")
L 04/13/2018 - 12:40:36: "@te<16><VALVE_ID_LAN><CT>" triggered "weaponstats2" (weapon "grenade") (head "0") (chest "0") (stomach "0") (leftarm "0") (rightarm "0") (leftleg "0") (rightleg "0")
L 04/13/2018 - 12:40:36: "@te<16><VALVE_ID_LAN><CT>" triggered "weaponstats" (weapon "xm1014") (shots "62") (hits "26") (kills "11") (headshots "0") (tks "0") (damage "1794") (deaths "8")
L 04/13/2018 - 12:40:36: "@te<16><VALVE_ID_LAN><CT>" triggered "weaponstats2" (weapon "xm1014") (head "0") (chest "3") (stomach "5") (leftarm "10") (rightarm "4") (leftleg "1") (rightleg "3")
L 04/13/2018 - 12:40:36: "@te<16><VALVE_ID_LAN><CT>" triggered "weaponstats" (weapon "mac10") (shots "40") (hits "8") (kills "3") (headshots "2") (tks "0") (damage "362") (deaths "1")
L 04/13/2018 - 12:40:36: "@te<16><VALVE_ID_LAN><CT>" triggered "weaponstats2" (weapon "mac10") (head "2") (chest "2") (stomach "0") (leftarm "3") (rightarm "0") (leftleg "0") (rightleg "1")
L 04/13/2018 - 12:40:36: "@te<16><VALVE_ID_LAN><CT>" triggered "weaponstats" (weapon "aug") (shots "22") (hits "3") (kills "2") (headshots "1") (tks "0") (damage "196") (deaths "1")
L 04/13/2018 - 12:40:36: "@te<16><VALVE_ID_LAN><CT>" triggered "weaponstats2" (weapon "aug") (head "1") (chest "0") (stomach "1") (leftarm "0") (rightarm "1") (leftleg "0") (rightleg "0")
L 04/13/2018 - 12:40:36: "@te<16><VALVE_ID_LAN><CT>" triggered "weaponstats" (weapon "awp") (shots "3") (hits "0") (kills "0") (headshots "0") (tks "0") (damage "0") (deaths "1")
L 04/13/2018 - 12:40:36: "@te<16><VALVE_ID_LAN><CT>" triggered "weaponstats2" (weapon "awp") (head "0") (chest "0") (stomach "0") (leftarm "0") (rightarm "0") (leftleg "0") (rightleg "0")
L 04/13/2018 - 12:40:36: "@te<16><VALVE_ID_LAN><CT>" triggered "weaponstats" (weapon "mp5navy") (shots "29") (hits "9") (kills "2") (headshots "0") (tks "0") (damage "226") (deaths "1")
L 04/13/2018 - 12:40:36: "@te<16><VALVE_ID_LAN><CT>" triggered "weaponstats2" (weapon "mp5navy") (head "0") (chest "4") (stomach "2") (leftarm "3") (rightarm "0") (leftleg "0") (rightleg "0")
L 04/13/2018 - 12:40:36: "@te<16><VALVE_ID_LAN><CT>" triggered "weaponstats" (weapon "m249") (shots "1") (hits "0") (kills "0") (headshots "0") (tks "0") (damage "0") (deaths "0")
L 04/13/2018 - 12:40:36: "@te<16><VALVE_ID_LAN><CT>" triggered "weaponstats2" (weapon "m249") (head "0") (chest "0") (stomach "0") (leftarm "0") (rightarm "0") (leftleg "0") (rightleg "0")
L 04/13/2018 - 12:40:36: "@te<16><VALVE_ID_LAN><CT>" triggered "weaponstats" (weapon "m4a1") (shots "2") (hits "0") (kills "0") (headshots "0") (tks "0") (damage "0") (deaths "1")
L 04/13/2018 - 12:40:36: "@te<16><VALVE_ID_LAN><CT>" triggered "weaponstats2" (weapon "m4a1") (head "0") (chest "0") (stomach "0") (leftarm "0") (rightarm "0") (leftleg "0") (rightleg "0")
L 04/13/2018 - 12:40:36: "@te<16><VALVE_ID_LAN><CT>" triggered "weaponstats" (weapon "tmp") (shots "10") (hits "5") (kills "1") (headshots "0") (tks "0") (damage "103") (deaths "1")
L 04/13/2018 - 12:40:36: "@te<16><VALVE_ID_LAN><CT>" triggered "weaponstats2" (weapon "tmp") (head "0") (chest "2") (stomach "0") (leftarm "3") (rightarm "0") (leftleg "0") (rightleg "0")
L 04/13/2018 - 12:40:36: "@te<16><VALVE_ID_LAN><CT>" triggered "weaponstats" (weapon "knife") (shots "1") (hits "1") (kills "1") (headshots "0") (tks "0") (damage "65") (deaths "4")
L 04/13/2018 - 12:40:36: "@te<16><VALVE_ID_LAN><CT>" triggered "weaponstats2" (weapon "knife") (head "0") (chest "0") (stomach "0") (leftarm "1") (rightarm "0") (leftleg "0") (rightleg "0")
L 04/13/2018 - 12:40:36: "@te<16><VALVE_ID_LAN><CT>" triggered "time" (time "9:42")
L 04/13/2018 - 12:40:36: "@te<16><VALVE_ID_LAN><CT>" triggered "latency" (ping "9")
L 04/13/2018 - 12:40:36: "Calcas Peludas<19><VALVE_ID_LAN><TERRORIST>" triggered "weaponstats" (weapon "grenade") (shots "4") (hits "7") (kills "0") (headshots "0") (tks "0") (damage "169") (deaths "0")
L 04/13/2018 - 12:40:36: "Calcas Peludas<19><VALVE_ID_LAN><TERRORIST>" triggered "weaponstats2" (weapon "grenade") (head "0") (chest "0") (stomach "0") (leftarm "0") (rightarm "0") (leftleg "0") (rightleg "0")
L 04/13/2018 - 12:40:36: "Calcas Peludas<19><VALVE_ID_LAN><TERRORIST>" triggered "weaponstats" (weapon "xm1014") (shots "18") (hits "11") (kills "5") (headshots "0") (tks "0") (damage "641") (deaths "2")
L 04/13/2018 - 12:40:36: "Calcas Peludas<19><VALVE_ID_LAN><TERRORIST>" triggered "weaponstats2" (weapon "xm1014") (head "0") (chest "0") (stomach "2") (leftarm "4") (rightarm "2") (leftleg "0") (rightleg "3")
L 04/13/2018 - 12:40:36: "Calcas Peludas<19><VALVE_ID_LAN><TERRORIST>" triggered "weaponstats" (weapon "mac10") (shots "24") (hits "3") (kills "1") (headshots "0") (tks "0") (damage "85") (deaths "2")
L 04/13/2018 - 12:40:36: "Calcas Peludas<19><VALVE_ID_LAN><TERRORIST>" triggered "weaponstats2" (weapon "mac10") (head "0") (chest "0") (stomach "1") (leftarm "1") (rightarm "1") (leftleg "0") (rightleg "0")
L 04/13/2018 - 12:40:36: "Calcas Peludas<19><VALVE_ID_LAN><TERRORIST>" triggered "weaponstats" (weapon "aug") (shots "70") (hits "9") (kills "2") (headshots "1") (tks "0") (damage "372") (deaths "4")
L 04/13/2018 - 12:40:36: "Calcas Peludas<19><VALVE_ID_LAN><TERRORIST>" triggered "weaponstats2" (weapon "aug") (head "1") (chest "1") (stomach "1") (leftarm "4") (rightarm "1") (leftleg "0") (rightleg "1")
L 04/13/2018 - 12:40:36: "Calcas Peludas<19><VALVE_ID_LAN><TERRORIST>" triggered "weaponstats" (weapon "glock18") (shots "19") (hits "7") (kills "1") (headshots "0") (tks "0") (damage "213") (deaths "1")
L 04/13/2018 - 12:40:36: "Calcas Peludas<19><VALVE_ID_LAN><TERRORIST>" triggered "weaponstats2" (weapon "glock18") (head "2") (chest "0") (stomach "0") (leftarm "0") (rightarm "5") (leftleg "0") (rightleg "0")
L 04/13/2018 - 12:40:36: "Calcas Peludas<19><VALVE_ID_LAN><TERRORIST>" triggered "weaponstats" (weapon "awp") (shots "5") (hits "1") (kills "1") (headshots "0") (tks "0") (damage "115") (deaths "0")
L 04/13/2018 - 12:40:36: "Calcas Peludas<19><VALVE_ID_LAN><TERRORIST>" triggered "weaponstats2" (weapon "awp") (head "0") (chest "0") (stomach "0") (leftarm "1") (rightarm "0") (leftleg "0") (rightleg "0")
L 04/13/2018 - 12:40:36: "Calcas Peludas<19><VALVE_ID_LAN><TERRORIST>" triggered "weaponstats" (weapon "mp5navy") (shots "26") (hits "2") (kills "0") (headshots "0") (tks "0") (damage "40") (deaths "1")
L 04/13/2018 - 12:40:36: "Calcas Peludas<19><VALVE_ID_LAN><TERRORIST>" triggered "weaponstats2" (weapon "mp5navy") (head "0") (chest "0") (stomach "1") (leftarm "0") (rightarm "0") (leftleg "1") (rightleg "0")
L 04/13/2018 - 12:40:36: "Calcas Peludas<19><VALVE_ID_LAN><TERRORIST>" triggered "weaponstats" (weapon "m249") (shots "21") (hits "6") (kills "1") (headshots "1") (tks "0") (damage "274") (deaths "1")
L 04/13/2018 - 12:40:36: "Calcas Peludas<19><VALVE_ID_LAN><TERRORIST>" triggered "weaponstats2" (weapon "m249") (head "1") (chest "0") (stomach "1") (leftarm "2") (rightarm "1") (leftleg "0") (rightleg "1")
L 04/13/2018 - 12:40:36: "Calcas Peludas<19><VALVE_ID_LAN><TERRORIST>" triggered "weaponstats" (weapon "m3") (shots "3") (hits "2") (kills "0") (headshots "0") (tks "0") (damage "28") (deaths "2")
L 04/13/2018 - 12:40:36: "Calcas Peludas<19><VALVE_ID_LAN><TERRORIST>" triggered "weaponstats2" (weapon "m3") (head "0") (chest "0") (stomach "0") (leftarm "0") (rightarm "1") (leftleg "1") (rightleg "0")
L 04/13/2018 - 12:40:36: "Calcas Peludas<19><VALVE_ID_LAN><TERRORIST>" triggered "weaponstats" (weapon "ak47") (shots "44") (hits "9") (kills "1") (headshots "1") (tks "0") (damage "378") (deaths "4")
L 04/13/2018 - 12:40:36: "Calcas Peludas<19><VALVE_ID_LAN><TERRORIST>" triggered "weaponstats2" (weapon "ak47") (head "1") (chest "3") (stomach "0") (leftarm "3") (rightarm "1") (leftleg "1") (rightleg "0")
L 04/13/2018 - 12:40:36: "Calcas Peludas<19><VALVE_ID_LAN><TERRORIST>" triggered "time" (time "6:15")
L 04/13/2018 - 12:40:36: "Calcas Peludas<19><VALVE_ID_LAN><TERRORIST>" triggered "latency" (ping "5")
L 04/13/2018 - 12:40:36: "TUX<18><VALVE_ID_LAN><TERRORIST>" triggered "weaponstats" (weapon "grenade") (shots "4") (hits "2") (kills "0") (headshots "0") (tks "0") (damage "64") (deaths "0")
L 04/13/2018 - 12:40:36: "TUX<18><VALVE_ID_LAN><TERRORIST>" triggered "weaponstats2" (weapon "grenade") (head "0") (chest "0") (stomach "0") (leftarm "0") (rightarm "0") (leftleg "0") (rightleg "0")
L 04/13/2018 - 12:40:36: "TUX<18><VALVE_ID_LAN><TERRORIST>" triggered "weaponstats" (weapon "xm1014") (shots "24") (hits "8") (kills "4") (headshots "0") (tks "0") (damage "548") (deaths "6")
L 04/13/2018 - 12:40:36: "TUX<18><VALVE_ID_LAN><TERRORIST>" triggered "weaponstats2" (weapon "xm1014") (head "0") (chest "3") (stomach "0") (leftarm "2") (rightarm "1") (leftleg "0") (rightleg "2")
L 04/13/2018 - 12:40:36: "TUX<18><VALVE_ID_LAN><TERRORIST>" triggered "weaponstats" (weapon "mac10") (shots "17") (hits "5") (kills "1") (headshots "0") (tks "0") (damage "120") (deaths "0")
L 04/13/2018 - 12:40:36: "TUX<18><VALVE_ID_LAN><TERRORIST>" triggered "weaponstats2" (weapon "mac10") (head "0") (chest "0") (stomach "1") (leftarm "3") (rightarm "0") (leftleg "0") (rightleg "1")
L 04/13/2018 - 12:40:36: "TUX<18><VALVE_ID_LAN><TERRORIST>" triggered "weaponstats" (weapon "aug") (shots "34") (hits "3") (kills "0") (headshots "0") (tks "0") (damage "95") (deaths "4")
L 04/13/2018 - 12:40:36: "TUX<18><VALVE_ID_LAN><TERRORIST>" triggered "weaponstats2" (weapon "aug") (head "0") (chest "2") (stomach "1") (leftarm "0") (rightarm "0") (leftleg "0") (rightleg "0")
L 04/13/2018 - 12:40:36: "TUX<18><VALVE_ID_LAN><TERRORIST>" triggered "weaponstats" (weapon "glock18") (shots "11") (hits "1") (kills "0") (headshots "0") (tks "0") (damage "9") (deaths "1")
L 04/13/2018 - 12:40:36: "TUX<18><VALVE_ID_LAN><TERRORIST>" triggered "weaponstats2" (weapon "glock18") (head "0") (chest "0") (stomach "0") (leftarm "1") (rightarm "0") (leftleg "0") (rightleg "0")
L 04/13/2018 - 12:40:36: "TUX<18><VALVE_ID_LAN><TERRORIST>" triggered "weaponstats" (weapon "m4a1") (shots "64") (hits "21") (kills "5") (headshots "2") (tks "0") (damage "844") (deaths "6")
L 04/13/2018 - 12:40:36: "TUX<18><VALVE_ID_LAN><TERRORIST>" triggered "weaponstats2" (weapon "m4a1") (head "2") (chest "6") (stomach "2") (leftarm "8") (rightarm "3") (leftleg "0") (rightleg "0")
L 04/13/2018 - 12:40:36: "TUX<18><VALVE_ID_LAN><TERRORIST>" triggered "weaponstats" (weapon "ak47") (shots "54") (hits "11") (kills "3") (headshots "1") (tks "0") (damage "449") (deaths "6")
L 04/13/2018 - 12:40:36: "TUX<18><VALVE_ID_LAN><TERRORIST>" triggered "weaponstats2" (weapon "ak47") (head "1") (chest "2") (stomach "2") (leftarm "0") (rightarm "2") (leftleg "2") (rightleg "2")
L 04/13/2018 - 12:40:36: "TUX<18><VALVE_ID_LAN><TERRORIST>" triggered "weaponstats" (weapon "p90") (shots "23") (hits "9") (kills "2") (headshots "1") (tks "0") (damage "256") (deaths "2")
L 04/13/2018 - 12:40:36: "TUX<18><VALVE_ID_LAN><TERRORIST>" triggered "weaponstats2" (weapon "p90") (head "1") (chest "3") (stomach "0") (leftarm "1") (rightarm "4") (leftleg "0") (rightleg "0")
L 04/13/2018 - 12:40:36: "TUX<18><VALVE_ID_LAN><TERRORIST>" triggered "time" (time "8:45")
L 04/13/2018 - 12:40:36: "TUX<18><VALVE_ID_LAN><TERRORIST>" triggered "latency" (ping "10")
L 04/13/2018 - 12:40:36: [META] ini: Begin re-reading plugins list: c:/valve/cstrike/addons/metamod/plugins.ini
L 04/13/2018 - 12:40:36: [META] ini: Read plugin config for: AMX
L 04/13/2018 - 12:40:36: [META] ini: Read plugin config for: WinHL-Booster
L 04/13/2018 - 12:40:36: [META] ERROR: ini: Skipping plugin, couldn't stat file 'addons/hlguard/dlls/hlguard_mm_nightly.dll': No such file or directory
L 04/13/2018 - 12:40:36: [META] ini: Read plugin config for: WebMod
L 04/13/2018 - 12:40:36: [META] ini: Finished reading plugins list: c:/valve/cstrike/addons/metamod/plugins.ini; Found 3 plugins
L 04/13/2018 - 12:40:36: [META] dll: Updating plugins...
L 04/13/2018 - 12:40:36: [META] ERROR: dll: Failed query plugin '<hlguard_mm_nightly.dll>'; Couldn't open file 'addons/hlguard/dlls/hlguard_mm_nightly.dll': No foi possvel encontrar o mdulo especificado.

L 04/13/2018 - 12:40:36: [META] ERROR: dll: Skipping plugin '<hlguard_mm_nightly.dll>'; couldn't query
L 04/13/2018 - 12:40:36: [META] dll: Finished updating 6 plugins; kept 3, loaded 0, unloaded 0, reloaded 0, delayed 0
L 04/13/2018 - 12:40:36: Server shutdown
L 04/13/2018 - 12:40:36: Log file closed
