L 04/19/2018 - 12:53:07: Log file started (file "logs\L0419002.log") (game "cstrike") (version "47/1.1.2.2/2603")
L 04/19/2018 - 12:53:07: Loading map "cs_deagle5"
L 04/19/2018 - 12:53:07: Server cvars start
L 04/19/2018 - 12:53:07: Server cvar "_tutor_bomb_viewable_check_interval" = "0.5"
L 04/19/2018 - 12:53:07: Server cvar "_tutor_debug_level" = "0"
L 04/19/2018 - 12:53:07: Server cvar "_tutor_examine_time" = "0.5"
L 04/19/2018 - 12:53:07: Server cvar "_tutor_hint_interval_time" = "10.0"
L 04/19/2018 - 12:53:07: Server cvar "_tutor_look_angle" = "10"
L 04/19/2018 - 12:53:07: Server cvar "_tutor_look_distance" = "200"
L 04/19/2018 - 12:53:07: Server cvar "_tutor_message_character_display_time_coefficient" = "0.07"
L 04/19/2018 - 12:53:07: Server cvar "_tutor_message_minimum_display_time" = "1"
L 04/19/2018 - 12:53:07: Server cvar "_tutor_message_repeats" = "5"
L 04/19/2018 - 12:53:07: Server cvar "_tutor_view_distance" = "1000"
L 04/19/2018 - 12:53:07: Server cvar "allow_spectators" = "1.0"
L 04/19/2018 - 12:53:07: Server cvar "amx_modules" = "2"
L 04/19/2018 - 12:53:07: Server cvar "amx_nextmap" = "alabordage"
L 04/19/2018 - 12:53:07: Server cvar "amx_timeleft" = "00:00"
L 04/19/2018 - 12:53:07: Server cvar "amx_version" = "2006.3"
L 04/19/2018 - 12:53:07: Server cvar "booster_version" = "1.60"
L 04/19/2018 - 12:53:07: Server cvar "bot_allow_grenades" = "1"
L 04/19/2018 - 12:53:07: Server cvar "bot_allow_machine_guns" = "1"
L 04/19/2018 - 12:53:07: Server cvar "bot_allow_pistols" = "1"
L 04/19/2018 - 12:53:07: Server cvar "bot_allow_rifles" = "1"
L 04/19/2018 - 12:53:07: Server cvar "bot_allow_rogues" = "1"
L 04/19/2018 - 12:53:07: Server cvar "bot_allow_shield" = "1"
L 04/19/2018 - 12:53:07: Server cvar "bot_allow_shotguns" = "1"
L 04/19/2018 - 12:53:07: Server cvar "bot_allow_snipers" = "1"
L 04/19/2018 - 12:53:07: Server cvar "bot_allow_sub_machine_guns" = "1"
L 04/19/2018 - 12:53:07: Server cvar "bot_auto_vacate" = "1"
L 04/19/2018 - 12:53:07: Server cvar "bot_chatter" = "normal"
L 04/19/2018 - 12:53:07: Server cvar "bot_debug" = "0"
L 04/19/2018 - 12:53:07: Server cvar "bot_defer_to_human" = "0"
L 04/19/2018 - 12:53:07: Server cvar "bot_difficulty" = "2"
L 04/19/2018 - 12:53:07: Server cvar "bot_join_after_player" = "1"
L 04/19/2018 - 12:53:07: Server cvar "bot_join_team" = "ct"
L 04/19/2018 - 12:53:07: Server cvar "bot_nav_edit" = "0"
L 04/19/2018 - 12:53:07: Server cvar "bot_nav_zdraw" = "4"
L 04/19/2018 - 12:53:07: Server cvar "bot_prefix" = "XXBOT"
L 04/19/2018 - 12:53:07: Server cvar "bot_quicksave" = "0"
L 04/19/2018 - 12:53:07: Server cvar "bot_quota" = "1"
L 04/19/2018 - 12:53:07: Server cvar "bot_quota_match" = "0"
L 04/19/2018 - 12:53:07: Server cvar "bot_show_danger" = "0"
L 04/19/2018 - 12:53:07: Server cvar "bot_show_nav" = "0"
L 04/19/2018 - 12:53:07: Server cvar "bot_stop" = "0"
L 04/19/2018 - 12:53:07: Server cvar "bot_traceview" = "0"
L 04/19/2018 - 12:53:07: Server cvar "bot_walk" = "0"
L 04/19/2018 - 12:53:07: Server cvar "bot_zombie" = "0"
L 04/19/2018 - 12:53:07: Server cvar "coop" = "0"
L 04/19/2018 - 12:53:07: Server cvar "deathmatch" = "1"
L 04/19/2018 - 12:53:07: Server cvar "decalfrequency" = "30"
L 04/19/2018 - 12:53:07: Server cvar "edgefriction" = "2"
L 04/19/2018 - 12:53:07: Server cvar "fun_version" = "2006.3"
L 04/19/2018 - 12:53:07: Server cvar "humans_join_team" = "any"
L 04/19/2018 - 12:53:07: Server cvar "max_queries_sec" = "3.0"
L 04/19/2018 - 12:53:07: Server cvar "max_queries_sec_global" = "30"
L 04/19/2018 - 12:53:07: Server cvar "max_queries_window" = "60"
L 04/19/2018 - 12:53:07: Server cvar "metamod_version" = "1.19"
L 04/19/2018 - 12:53:07: Server cvar "mp_allowmonsters" = "0"
L 04/19/2018 - 12:53:07: Server cvar "mp_autokick" = "0"
L 04/19/2018 - 12:53:07: Server cvar "mp_autoteambalance" = "0"
L 04/19/2018 - 12:53:07: Server cvar "mp_buytime" = "1.500000"
L 04/19/2018 - 12:53:07: Server cvar "mp_c4timer" = "45"
L 04/19/2018 - 12:53:07: Server cvar "mp_chattime" = "10"
L 04/19/2018 - 12:53:07: Server cvar "mp_consistency" = "1"
L 04/19/2018 - 12:53:07: Server cvar "mp_fadetoblack" = "0"
L 04/19/2018 - 12:53:07: Server cvar "mp_flashlight" = "0"
L 04/19/2018 - 12:53:07: Server cvar "mp_footsteps" = "1"
L 04/19/2018 - 12:53:07: Server cvar "mp_forcecamera" = "2"
L 04/19/2018 - 12:53:07: Server cvar "mp_forcechasecam" = "0"
L 04/19/2018 - 12:53:07: Server cvar "mp_fragsleft" = "0"
L 04/19/2018 - 12:53:07: Server cvar "mp_freezetime" = "0.000000"
L 04/19/2018 - 12:53:07: Server cvar "mp_friendlyfire" = "1"
L 04/19/2018 - 12:53:07: Server cvar "mp_ghostfrequency" = "0.1"
L 04/19/2018 - 12:53:07: Server cvar "mp_hostagepenalty" = "5.000000"
L 04/19/2018 - 12:53:07: Server cvar "mp_kickpercent" = "0.66"
L 04/19/2018 - 12:53:07: Server cvar "mp_limitteams" = "0"
L 04/19/2018 - 12:53:07: Server cvar "mp_logdetail" = "0"
L 04/19/2018 - 12:53:07: Server cvar "mp_logfile" = "1"
L 04/19/2018 - 12:53:07: Server cvar "mp_logmessages" = "1"
L 04/19/2018 - 12:53:07: Server cvar "mp_mapvoteratio" = "0.66"
L 04/19/2018 - 12:53:07: Server cvar "mp_maxrounds" = "0.000000"
L 04/19/2018 - 12:53:07: Server cvar "mp_mirrordamage" = "0"
L 04/19/2018 - 12:53:07: Server cvar "mp_playerid" = "0"
L 04/19/2018 - 12:53:07: Server cvar "mp_roundtime" = "2.000000"
L 04/19/2018 - 12:53:07: Server cvar "mp_startmoney" = "1500.000000"
L 04/19/2018 - 12:53:07: Server cvar "mp_timeleft" = "0"
L 04/19/2018 - 12:53:07: Server cvar "mp_timelimit" = "10.000000"
L 04/19/2018 - 12:53:07: Server cvar "mp_tkpunish" = "1"
L 04/19/2018 - 12:53:07: Server cvar "mp_windifference" = "1"
L 04/19/2018 - 12:53:07: Server cvar "mp_winlimit" = "0.000000"
L 04/19/2018 - 12:53:07: Server cvar "pausable" = "0"
L 04/19/2018 - 12:53:07: Server cvar "server_fps" = "97"
L 04/19/2018 - 12:53:07: Server cvar "sv_accelerate" = "5"
L 04/19/2018 - 12:53:07: Server cvar "sv_aim" = "0"
L 04/19/2018 - 12:53:07: Server cvar "sv_airaccelerate" = "10"
L 04/19/2018 - 12:53:07: Server cvar "sv_airmove" = "1"
L 04/19/2018 - 12:53:07: Server cvar "sv_allowupload" = "1"
L 04/19/2018 - 12:53:07: Server cvar "sv_alltalk" = "0"
L 04/19/2018 - 12:53:07: Server cvar "sv_bounce" = "1"
L 04/19/2018 - 12:53:07: Server cvar "sv_cheats" = "0"
L 04/19/2018 - 12:53:07: Server cvar "sv_clienttrace" = "1"
L 04/19/2018 - 12:53:07: Server cvar "sv_clipmode" = "0"
L 04/19/2018 - 12:53:07: Server cvar "sv_contact" = ""
L 04/19/2018 - 12:53:07: Server cvar "sv_friction" = "4"
L 04/19/2018 - 12:53:07: Server cvar "sv_gravity" = "800"
L 04/19/2018 - 12:53:07: Server cvar "sv_logblocks" = "0"
L 04/19/2018 - 12:53:07: Server cvar "sv_maxrate" = "0"
L 04/19/2018 - 12:53:07: Server cvar "sv_maxspeed" = "320"
L 04/19/2018 - 12:53:07: Server cvar "sv_minrate" = "0"
L 04/19/2018 - 12:53:07: Server cvar "sv_password" = ""
L 04/19/2018 - 12:53:07: Server cvar "sv_proxies" = "1"
L 04/19/2018 - 12:53:07: Server cvar "sv_region" = "-1"
L 04/19/2018 - 12:53:07: Server cvar "sv_restart" = "0"
L 04/19/2018 - 12:53:07: Server cvar "sv_restartround" = "0"
L 04/19/2018 - 12:53:07: Server cvar "sv_stepsize" = "18"
L 04/19/2018 - 12:53:07: Server cvar "sv_stopspeed" = "75"
L 04/19/2018 - 12:53:07: Server cvar "sv_voiceenable" = "1"
L 04/19/2018 - 12:53:07: Server cvar "sv_wateraccelerate" = "10"
L 04/19/2018 - 12:53:07: Server cvar "sv_waterfriction" = "1"
L 04/19/2018 - 12:53:07: Server cvar "sys_ticrate" = "10000"
L 04/19/2018 - 12:53:07: Server cvar "w_version" = "0.48"
L 04/19/2018 - 12:53:07: Server cvars end
L 04/19/2018 - 12:53:08: Server cvar "sv_maxspeed" = "900"
L 04/19/2018 - 12:53:08: Server cvar "sv_maxspeed" = "320"
L 04/19/2018 - 12:53:08: Server cvar "amx_nextmap" = "aim_pistol"
L 04/19/2018 - 12:53:08: Started map "cs_deagle5" (CRC "-1198965124")
L 04/19/2018 - 12:53:18: "Cap. Billy<11><VALVE_ID_LOOPBACK><>" connected, address "loopback"
L 04/19/2018 - 12:53:18: "Smolder<12><VALVE_ID_LAN><>" connected, address "10.15.3.173:27005"
L 04/19/2018 - 12:53:18: "Cap. Billy<11><VALVE_ID_LOOPBACK><>" entered the game
L 04/19/2018 - 12:53:19: World triggered "Round_Start"
L 04/19/2018 - 12:53:19: "Cap. Billy<11><VALVE_ID_LOOPBACK><>" joined team "CT"
L 04/19/2018 - 12:53:19: "XXBOT Victor<13><BOT><>" joined team "CT"
L 04/19/2018 - 12:53:19: "XXBOT Victor<13><BOT><>" entered the game
L 04/19/2018 - 12:53:19: "GARGAMEL O EMPALADOR<14><VALVE_ID_LAN><>" connected, address "10.15.2.108:27005"
L 04/19/2018 - 12:53:20: "TUX<15><VALVE_ID_LAN><>" connected, address "10.15.2.71:27005"
L 04/19/2018 - 12:53:20: "Smolder<12><VALVE_ID_LAN><>" entered the game
L 04/19/2018 - 12:53:21: "Jack<16><VALVE_ID_LAN><>" connected, address "10.15.2.104:27005"
L 04/19/2018 - 12:53:22: "GARGAMEL O EMPALADOR<14><VALVE_ID_LAN><>" entered the game
L 04/19/2018 - 12:53:22: "TUX<15><VALVE_ID_LAN><>" entered the game
L 04/19/2018 - 12:53:24: "TUX<15><VALVE_ID_LAN><>" joined team "TERRORIST"
L 04/19/2018 - 12:53:24: World triggered "Game_Commencing"
L 04/19/2018 - 12:53:24: World triggered "Game_Commencing" (CT "0") (T "0")
L 04/19/2018 - 12:53:24: World triggered "Round_End"
L 04/19/2018 - 12:53:24: "Jack<16><VALVE_ID_LAN><>" entered the game
L 04/19/2018 - 12:53:25: "GARGAMEL O EMPALADOR<14><VALVE_ID_LAN><>" joined team "TERRORIST"
L 04/19/2018 - 12:53:27: "Smolder<12><VALVE_ID_LAN><>" joined team "TERRORIST"
L 04/19/2018 - 12:53:27: World triggered "Round_Start"
L 04/19/2018 - 12:53:27: "Jack<16><VALVE_ID_LAN><>" joined team "CT"
L 04/19/2018 - 12:53:28: "Calcas Peludas<17><VALVE_ID_LAN><>" connected, address "10.15.2.49:27005"
L 04/19/2018 - 12:53:30: "Calcas Peludas<17><VALVE_ID_LAN><>" entered the game
L 04/19/2018 - 12:53:31: "Calcas Peludas<17><VALVE_ID_LAN><>" joined team "CT"
L 04/19/2018 - 12:53:34: "TUX<15><VALVE_ID_LAN><TERRORIST>" killed "Jack<16><VALVE_ID_LAN><CT>" with "deagle"
L 04/19/2018 - 12:53:41: "Calcas Peludas<17><VALVE_ID_LAN><CT>" killed "Smolder<12><VALVE_ID_LAN><TERRORIST>" with "deagle"
L 04/19/2018 - 12:53:41: "TUX<15><VALVE_ID_LAN><TERRORIST>" killed "Cap. Billy<11><VALVE_ID_LOOPBACK><CT>" with "deagle"
L 04/19/2018 - 12:53:49: Server cvar "bot_quota" = "0"
L 04/19/2018 - 12:53:49: Kick: "XXBOT Victor<13><UNKNOWN><>" was kicked by "Cap. Billy"
L 04/19/2018 - 12:53:49: "XXBOT Victor<13><BOT><CT>" disconnected
L 04/19/2018 - 12:53:57: "@te<18><VALVE_ID_LAN><>" connected, address "10.15.2.23:27005"
L 04/19/2018 - 12:54:00: "Calcas Peludas<17><VALVE_ID_LAN><CT>" committed suicide with "world"
L 04/19/2018 - 12:54:00: Team "TERRORIST" triggered "Terrorists_Win" (CT "0") (T "1")
L 04/19/2018 - 12:54:00: World triggered "Round_End"
L 04/19/2018 - 12:54:00: "Calcas Peludas<17><VALVE_ID_LAN><CT>" joined team "TERRORIST"
L 04/19/2018 - 12:54:01: "@te<18><VALVE_ID_LAN><>" entered the game
L 04/19/2018 - 12:54:05: World triggered "Round_Start"
L 04/19/2018 - 12:54:06: "XXBOT Kevin<19><BOT><>" joined team "CT"
L 04/19/2018 - 12:54:06: Server cvar "bot_quota" = "1"
L 04/19/2018 - 12:54:06: "XXBOT Kevin<19><BOT><>" entered the game
L 04/19/2018 - 12:54:07: "Jack<16><VALVE_ID_LAN><CT>" say "porra foi isso"
L 04/19/2018 - 12:54:08: "@te<18><VALVE_ID_LAN><>" joined team "CT"
L 04/19/2018 - 12:54:19: "Smolder<12><VALVE_ID_LAN><TERRORIST>" killed "Cap. Billy<11><VALVE_ID_LOOPBACK><CT>" with "knife"
L 04/19/2018 - 12:54:19: "XXBOT Kevin<19><BOT><CT>" killed "Calcas Peludas<17><VALVE_ID_LAN><TERRORIST>" with "deagle"
L 04/19/2018 - 12:54:21: "GARGAMEL O EMPALADOR<14><VALVE_ID_LAN><TERRORIST>" killed "Jack<16><VALVE_ID_LAN><CT>" with "deagle"
L 04/19/2018 - 12:54:28: "GARGAMEL O EMPALADOR<14><VALVE_ID_LAN><TERRORIST>" killed "XXBOT Kevin<19><BOT><CT>" with "deagle"
L 04/19/2018 - 12:54:34: "@te<18><VALVE_ID_LAN><CT>" killed "Smolder<12><VALVE_ID_LAN><TERRORIST>" with "deagle"
L 04/19/2018 - 12:54:39: "@te<18><VALVE_ID_LAN><CT>" killed "TUX<15><VALVE_ID_LAN><TERRORIST>" with "deagle"
L 04/19/2018 - 12:54:41: "Calcas Peludas<17><VALVE_ID_LAN><TERRORIST>" say "nao acredito smolder" (dead)
L 04/19/2018 - 12:54:43: "@te<18><VALVE_ID_LAN><CT>" killed "GARGAMEL O EMPALADOR<14><VALVE_ID_LAN><TERRORIST>" with "deagle"
L 04/19/2018 - 12:54:43: Team "CT" triggered "CTs_Win" (CT "1") (T "1")
L 04/19/2018 - 12:54:43: World triggered "Round_End"
L 04/19/2018 - 12:54:48: World triggered "Round_Start"
L 04/19/2018 - 12:54:54: "Jack<16><VALVE_ID_LAN><CT>" killed "Calcas Peludas<17><VALVE_ID_LAN><TERRORIST>" with "deagle"
L 04/19/2018 - 12:54:54: "Jack<16><VALVE_ID_LAN><CT>" killed "GARGAMEL O EMPALADOR<14><VALVE_ID_LAN><TERRORIST>" with "deagle"
L 04/19/2018 - 12:54:57: "TUX<15><VALVE_ID_LAN><TERRORIST>" killed "@te<18><VALVE_ID_LAN><CT>" with "deagle"
L 04/19/2018 - 12:54:57: "Jack<16><VALVE_ID_LAN><CT>" killed "TUX<15><VALVE_ID_LAN><TERRORIST>" with "knife"
L 04/19/2018 - 12:55:02: "@te<18><VALVE_ID_LAN><CT>" say "kkkkkk" (dead)
L 04/19/2018 - 12:55:10: "Calcas Peludas<17><VALVE_ID_LAN><TERRORIST>" say "atras" (dead)
L 04/19/2018 - 12:55:10: "Cap. Billy<11><VALVE_ID_LOOPBACK><CT>" killed "Smolder<12><VALVE_ID_LAN><TERRORIST>" with "knife"
L 04/19/2018 - 12:55:10: Team "CT" triggered "CTs_Win" (CT "2") (T "1")
L 04/19/2018 - 12:55:10: World triggered "Round_End"
L 04/19/2018 - 12:55:15: World triggered "Round_Start"
L 04/19/2018 - 12:55:18: "@te<18><VALVE_ID_LAN><CT>" say "hui mamae"
L 04/19/2018 - 12:55:22: "Smolder<12><VALVE_ID_LAN><TERRORIST>" killed "Cap. Billy<11><VALVE_ID_LOOPBACK><CT>" with "deagle"
L 04/19/2018 - 12:55:25: "TUX<15><VALVE_ID_LAN><TERRORIST>" killed "@te<18><VALVE_ID_LAN><CT>" with "deagle"
L 04/19/2018 - 12:55:27: "Smolder<12><VALVE_ID_LAN><TERRORIST>" killed "XXBOT Kevin<19><BOT><CT>" with "knife"
L 04/19/2018 - 12:55:31: "Cap. Billy<11><VALVE_ID_LOOPBACK><CT>" say "HHEHEHEHEHHEHEHE" (dead)
L 04/19/2018 - 12:55:35: "Cap. Billy<11><VALVE_ID_LOOPBACK><CT>" say "sdo bot" (dead)
L 04/19/2018 - 12:55:45: "Smolder<12><VALVE_ID_LAN><TERRORIST>" killed "Jack<16><VALVE_ID_LAN><CT>" with "deagle"
L 04/19/2018 - 12:55:45: Team "TERRORIST" triggered "Terrorists_Win" (CT "2") (T "2")
L 04/19/2018 - 12:55:45: World triggered "Round_End"
L 04/19/2018 - 12:55:49: "@te<18><VALVE_ID_LAN><CT>" say "kkkkkkk" (dead)
L 04/19/2018 - 12:55:50: World triggered "Round_Start"
L 04/19/2018 - 12:55:50: "Cap. Billy<11><VALVE_ID_LOOPBACK><CT>" say "SALVOOOOUUUU"
L 04/19/2018 - 12:55:51: "Jack<16><VALVE_ID_LAN><CT>" say "obrigado smolder"
L 04/19/2018 - 12:55:58: "Smolder<12><VALVE_ID_LAN><TERRORIST>" killed "XXBOT Kevin<19><BOT><CT>" with "deagle"
L 04/19/2018 - 12:56:06: "Cap. Billy<11><VALVE_ID_LOOPBACK><CT>" killed "Smolder<12><VALVE_ID_LAN><TERRORIST>" with "knife"
L 04/19/2018 - 12:56:08: "Cap. Billy<11><VALVE_ID_LOOPBACK><CT>" killed "GARGAMEL O EMPALADOR<14><VALVE_ID_LAN><TERRORIST>" with "knife"
L 04/19/2018 - 12:56:09: "TUX<15><VALVE_ID_LAN><TERRORIST>" killed "Jack<16><VALVE_ID_LAN><CT>" with "deagle"
L 04/19/2018 - 12:56:09: "Calcas Peludas<17><VALVE_ID_LAN><TERRORIST>" killed "Cap. Billy<11><VALVE_ID_LOOPBACK><CT>" with "knife"
L 04/19/2018 - 12:56:44: "@te<18><VALVE_ID_LAN><CT>" killed "TUX<15><VALVE_ID_LAN><TERRORIST>" with "deagle"
L 04/19/2018 - 12:56:49: "Calcas Peludas<17><VALVE_ID_LAN><TERRORIST>" killed "@te<18><VALVE_ID_LAN><CT>" with "deagle"
L 04/19/2018 - 12:56:49: Team "TERRORIST" triggered "Terrorists_Win" (CT "2") (T "3")
L 04/19/2018 - 12:56:49: World triggered "Round_End"
L 04/19/2018 - 12:56:54: World triggered "Round_Start"
L 04/19/2018 - 12:56:58: "Cap. Billy<11><VALVE_ID_LOOPBACK><CT>" killed "TUX<15><VALVE_ID_LAN><TERRORIST>" with "deagle"
L 04/19/2018 - 12:57:01: "Calcas Peludas<17><VALVE_ID_LAN><TERRORIST>" killed "Cap. Billy<11><VALVE_ID_LOOPBACK><CT>" with "deagle"
L 04/19/2018 - 12:57:05: "Calcas Peludas<17><VALVE_ID_LAN><TERRORIST>" killed "XXBOT Kevin<19><BOT><CT>" with "deagle"
L 04/19/2018 - 12:57:07: "Jack<16><VALVE_ID_LAN><CT>" killed "Calcas Peludas<17><VALVE_ID_LAN><TERRORIST>" with "deagle"
L 04/19/2018 - 12:57:08: "GARGAMEL O EMPALADOR<14><VALVE_ID_LAN><TERRORIST>" killed "Jack<16><VALVE_ID_LAN><CT>" with "deagle"
L 04/19/2018 - 12:57:08: "@te<18><VALVE_ID_LAN><CT>" killed "GARGAMEL O EMPALADOR<14><VALVE_ID_LAN><TERRORIST>" with "knife"
L 04/19/2018 - 12:57:28: "@te<18><VALVE_ID_LAN><CT>" killed "Smolder<12><VALVE_ID_LAN><TERRORIST>" with "deagle"
L 04/19/2018 - 12:57:28: Team "CT" triggered "CTs_Win" (CT "3") (T "3")
L 04/19/2018 - 12:57:28: World triggered "Round_End"
L 04/19/2018 - 12:57:33: World triggered "Round_Start"
L 04/19/2018 - 12:57:37: "@te<18><VALVE_ID_LAN><CT>" killed "Calcas Peludas<17><VALVE_ID_LAN><TERRORIST>" with "deagle"
L 04/19/2018 - 12:57:46: "Cap. Billy<11><VALVE_ID_LOOPBACK><CT>" killed "GARGAMEL O EMPALADOR<14><VALVE_ID_LAN><TERRORIST>" with "knife"
L 04/19/2018 - 12:57:47: "Cap. Billy<11><VALVE_ID_LOOPBACK><CT>" killed "Smolder<12><VALVE_ID_LAN><TERRORIST>" with "deagle"
L 04/19/2018 - 12:57:50: "TUX<15><VALVE_ID_LAN><TERRORIST>" killed "XXBOT Kevin<19><BOT><CT>" with "deagle"
L 04/19/2018 - 12:58:02: "Calcas Peludas<17><VALVE_ID_LAN><TERRORIST>" say "fudeu" (dead)
L 04/19/2018 - 12:58:05: "TUX<15><VALVE_ID_LAN><TERRORIST>" killed "Cap. Billy<11><VALVE_ID_LOOPBACK><CT>" with "deagle"
L 04/19/2018 - 12:58:11: "TUX<15><VALVE_ID_LAN><TERRORIST>" killed "Jack<16><VALVE_ID_LAN><CT>" with "deagle"
L 04/19/2018 - 12:58:17: "Calcas Peludas<17><VALVE_ID_LAN><TERRORIST>" say "bommm" (dead)
L 04/19/2018 - 12:58:27: "TUX<15><VALVE_ID_LAN><TERRORIST>" killed "@te<18><VALVE_ID_LAN><CT>" with "deagle"
L 04/19/2018 - 12:58:27: Team "TERRORIST" triggered "Terrorists_Win" (CT "3") (T "4")
L 04/19/2018 - 12:58:27: World triggered "Round_End"
L 04/19/2018 - 12:58:29: "Calcas Peludas<17><VALVE_ID_LAN><TERRORIST>" say "show" (dead)
L 04/19/2018 - 12:58:31: "Smolder<12><VALVE_ID_LAN><TERRORIST>" say "boaaaaaaa" (dead)
L 04/19/2018 - 12:58:32: World triggered "Round_Start"
L 04/19/2018 - 12:58:34: "Cap. Billy<11><VALVE_ID_LOOPBACK><CT>" say_team "esse homi fik se escondendo porra"
L 04/19/2018 - 12:58:46: "Calcas Peludas<17><VALVE_ID_LAN><TERRORIST>" killed "XXBOT Kevin<19><BOT><CT>" with "deagle"
L 04/19/2018 - 12:58:52: "Smolder<12><VALVE_ID_LAN><TERRORIST>" killed "Jack<16><VALVE_ID_LAN><CT>" with "knife"
L 04/19/2018 - 12:58:54: "Calcas Peludas<17><VALVE_ID_LAN><TERRORIST>" killed "@te<18><VALVE_ID_LAN><CT>" with "deagle"
L 04/19/2018 - 12:58:56: "Cap. Billy<11><VALVE_ID_LOOPBACK><CT>" killed "TUX<15><VALVE_ID_LAN><TERRORIST>" with "knife"
L 04/19/2018 - 12:59:13: "Cap. Billy<11><VALVE_ID_LOOPBACK><CT>" killed "Smolder<12><VALVE_ID_LAN><TERRORIST>" with "deagle"
L 04/19/2018 - 12:59:14: "Cap. Billy<11><VALVE_ID_LOOPBACK><CT>" killed "Calcas Peludas<17><VALVE_ID_LAN><TERRORIST>" with "deagle"
L 04/19/2018 - 12:59:17: "GARGAMEL O EMPALADOR<14><VALVE_ID_LAN><TERRORIST>" killed "Cap. Billy<11><VALVE_ID_LOOPBACK><CT>" with "deagle"
L 04/19/2018 - 12:59:17: Team "TERRORIST" triggered "Terrorists_Win" (CT "3") (T "5")
L 04/19/2018 - 12:59:17: World triggered "Round_End"
L 04/19/2018 - 12:59:22: World triggered "Round_Start"
L 04/19/2018 - 12:59:22: "Jack<16><VALVE_ID_LAN><CT>" say "covardeeeeeeeeee"
L 04/19/2018 - 12:59:23: "@te<18><VALVE_ID_LAN><CT>" say "covardeeeeessss"
L 04/19/2018 - 12:59:33: "XXBOT Kevin<19><BOT><CT>" killed "Smolder<12><VALVE_ID_LAN><TERRORIST>" with "knife"
L 04/19/2018 - 12:59:38: "XXBOT Kevin<19><BOT><CT>" killed "GARGAMEL O EMPALADOR<14><VALVE_ID_LAN><TERRORIST>" with "deagle"
L 04/19/2018 - 12:59:38: "TUX<15><VALVE_ID_LAN><TERRORIST>" killed "XXBOT Kevin<19><BOT><CT>" with "deagle"
L 04/19/2018 - 12:59:39: "TUX<15><VALVE_ID_LAN><TERRORIST>" killed "Jack<16><VALVE_ID_LAN><CT>" with "deagle"
L 04/19/2018 - 12:59:44: "TUX<15><VALVE_ID_LAN><TERRORIST>" killed "@te<18><VALVE_ID_LAN><CT>" with "deagle"
L 04/19/2018 - 12:59:46: "Cap. Billy<11><VALVE_ID_LOOPBACK><CT>" killed "TUX<15><VALVE_ID_LAN><TERRORIST>" with "knife"
L 04/19/2018 - 12:59:50: "Jack<16><VALVE_ID_LAN><CT>" say "aeee" (dead)
L 04/19/2018 - 12:59:52: "Cap. Billy<11><VALVE_ID_LOOPBACK><CT>" killed "Calcas Peludas<17><VALVE_ID_LAN><TERRORIST>" with "deagle"
L 04/19/2018 - 12:59:52: Team "CT" triggered "CTs_Win" (CT "4") (T "5")
L 04/19/2018 - 12:59:52: World triggered "Round_End"
L 04/19/2018 - 12:59:53: "@te<18><VALVE_ID_LAN><CT>" say "ai mamae" (dead)
L 04/19/2018 - 12:59:57: World triggered "Round_Start"
L 04/19/2018 - 13:00:07: "Smolder<12><VALVE_ID_LAN><TERRORIST>" killed "Cap. Billy<11><VALVE_ID_LOOPBACK><CT>" with "knife"
L 04/19/2018 - 13:00:08: "Calcas Peludas<17><VALVE_ID_LAN><TERRORIST>" killed "XXBOT Kevin<19><BOT><CT>" with "deagle"
L 04/19/2018 - 13:00:10: "@te<18><VALVE_ID_LAN><CT>" killed "Smolder<12><VALVE_ID_LAN><TERRORIST>" with "deagle"
L 04/19/2018 - 13:00:10: "GARGAMEL O EMPALADOR<14><VALVE_ID_LAN><TERRORIST>" killed "@te<18><VALVE_ID_LAN><CT>" with "knife"
L 04/19/2018 - 13:00:12: "Jack<16><VALVE_ID_LAN><CT>" killed "GARGAMEL O EMPALADOR<14><VALVE_ID_LAN><TERRORIST>" with "deagle"
L 04/19/2018 - 13:00:22: "Cap. Billy<11><VALVE_ID_LOOPBACK><CT>" say "timeleft" (dead)
L 04/19/2018 - 13:00:33: "TUX<15><VALVE_ID_LAN><TERRORIST>" killed "Jack<16><VALVE_ID_LAN><CT>" with "knife"
L 04/19/2018 - 13:00:33: Team "TERRORIST" triggered "Terrorists_Win" (CT "4") (T "6")
L 04/19/2018 - 13:00:33: World triggered "Round_End"
L 04/19/2018 - 13:00:36: "Cap. Billy<11><VALVE_ID_LOOPBACK><CT>" say "A PROXIMA SOH FACAAA" (dead)
L 04/19/2018 - 13:00:38: World triggered "Round_Start"
L 04/19/2018 - 13:00:40: "Cap. Billy<11><VALVE_ID_LOOPBACK><CT>" say "SOH FACAAAAAA"
L 04/19/2018 - 13:00:50: "TUX<15><VALVE_ID_LAN><TERRORIST>" killed "XXBOT Kevin<19><BOT><CT>" with "deagle"
L 04/19/2018 - 13:00:54: "@te<18><VALVE_ID_LAN><CT>" killed "GARGAMEL O EMPALADOR<14><VALVE_ID_LAN><TERRORIST>" with "knife"
L 04/19/2018 - 13:00:57: "Cap. Billy<11><VALVE_ID_LOOPBACK><CT>" killed "Calcas Peludas<17><VALVE_ID_LAN><TERRORIST>" with "knife"
L 04/19/2018 - 13:01:00: "TUX<15><VALVE_ID_LAN><TERRORIST>" killed "Jack<16><VALVE_ID_LAN><CT>" with "knife"
L 04/19/2018 - 13:01:03: "TUX<15><VALVE_ID_LAN><TERRORIST>" killed "Cap. Billy<11><VALVE_ID_LOOPBACK><CT>" with "knife"
L 04/19/2018 - 13:01:04: "Smolder<12><VALVE_ID_LAN><TERRORIST>" killed "@te<18><VALVE_ID_LAN><CT>" with "knife"
L 04/19/2018 - 13:01:04: Team "TERRORIST" triggered "Terrorists_Win" (CT "4") (T "7")
L 04/19/2018 - 13:01:04: World triggered "Round_End"
L 04/19/2018 - 13:01:06: "Calcas Peludas<17><VALVE_ID_LAN><TERRORIST>" say "tira o bot" (dead)
L 04/19/2018 - 13:01:07: Server cvar "bot_quota" = "0"
L 04/19/2018 - 13:01:07: Kick: "XXBOT Kevin<19><UNKNOWN><>" was kicked by "Cap. Billy"
L 04/19/2018 - 13:01:07: "XXBOT Kevin<19><BOT><CT>" disconnected
L 04/19/2018 - 13:01:09: World triggered "Round_Start"
L 04/19/2018 - 13:01:10: "Jack<16><VALVE_ID_LAN><CT>" say "sempre tem um abestalhado q atira.."
L 04/19/2018 - 13:01:12: "Cap. Billy<11><VALVE_ID_LOOPBACK><CT>" say "foi mal tirei o bot"
L 04/19/2018 - 13:01:13: "@te<18><VALVE_ID_LAN><CT>" say "legue do karal"
L 04/19/2018 - 13:01:19: "TUX<15><VALVE_ID_LAN><TERRORIST>" killed "@te<18><VALVE_ID_LAN><CT>" with "knife"
L 04/19/2018 - 13:01:22: "TUX<15><VALVE_ID_LAN><TERRORIST>" killed "Jack<16><VALVE_ID_LAN><CT>" with "knife"
L 04/19/2018 - 13:01:30: "Cap. Billy<11><VALVE_ID_LOOPBACK><CT>" killed "TUX<15><VALVE_ID_LAN><TERRORIST>" with "knife"
L 04/19/2018 - 13:01:32: "Calcas Peludas<17><VALVE_ID_LAN><TERRORIST>" killed "Cap. Billy<11><VALVE_ID_LOOPBACK><CT>" with "knife"
L 04/19/2018 - 13:01:32: Team "TERRORIST" triggered "Terrorists_Win" (CT "4") (T "8")
L 04/19/2018 - 13:01:32: World triggered "Round_End"
L 04/19/2018 - 13:01:33: Server cvar "amx_nextmap" = "fy_stoneworld"
L 04/19/2018 - 13:01:37: World triggered "Round_Start"
L 04/19/2018 - 13:01:37: "Calcas Peludas<17><VALVE_ID_LAN><TERRORIST>" say "foi o bvot"
L 04/19/2018 - 13:01:55: "Cap. Billy<11><VALVE_ID_LOOPBACK><CT>" killed "Smolder<12><VALVE_ID_LAN><TERRORIST>" with "knife"
L 04/19/2018 - 13:02:00: "GARGAMEL O EMPALADOR<14><VALVE_ID_LAN><TERRORIST>" killed "Jack<16><VALVE_ID_LAN><CT>" with "knife"
L 04/19/2018 - 13:02:01: "@te<18><VALVE_ID_LAN><CT>" killed "Cap. Billy<11><VALVE_ID_LOOPBACK><CT>" with "knife"
L 04/19/2018 - 13:02:03: "TUX<15><VALVE_ID_LAN><TERRORIST>" killed "@te<18><VALVE_ID_LAN><CT>" with "knife"
L 04/19/2018 - 13:02:03: Team "TERRORIST" triggered "Terrorists_Win" (CT "4") (T "9")
L 04/19/2018 - 13:02:03: World triggered "Round_End"
L 04/19/2018 - 13:02:06: "Calcas Peludas<17><VALVE_ID_LAN><TERRORIST>" say "hahahahaha"
L 04/19/2018 - 13:02:08: World triggered "Round_Start"
L 04/19/2018 - 13:02:08: "@te<18><VALVE_ID_LAN><CT>" committed suicide with "world"
L 04/19/2018 - 13:02:21: "Jack<16><VALVE_ID_LAN><CT>" killed "TUX<15><VALVE_ID_LAN><TERRORIST>" with "knife"
L 04/19/2018 - 13:02:23: "Calcas Peludas<17><VALVE_ID_LAN><TERRORIST>" killed "Jack<16><VALVE_ID_LAN><CT>" with "knife"
L 04/19/2018 - 13:02:30: "GARGAMEL O EMPALADOR<14><VALVE_ID_LAN><TERRORIST>" killed "Cap. Billy<11><VALVE_ID_LOOPBACK><CT>" with "knife"
L 04/19/2018 - 13:02:30: Team "TERRORIST" triggered "Terrorists_Win" (CT "4") (T "10")
L 04/19/2018 - 13:02:30: World triggered "Round_End"
L 04/19/2018 - 13:02:35: World triggered "Round_Start"
L 04/19/2018 - 13:02:36: "@te<18><VALVE_ID_LAN><CT>" say_team "juntos"
L 04/19/2018 - 13:02:50: "@te<18><VALVE_ID_LAN><CT>" killed "Smolder<12><VALVE_ID_LAN><TERRORIST>" with "knife"
L 04/19/2018 - 13:02:52: "Cap. Billy<11><VALVE_ID_LOOPBACK><CT>" killed "Calcas Peludas<17><VALVE_ID_LAN><TERRORIST>" with "knife"
L 04/19/2018 - 13:02:54: "@te<18><VALVE_ID_LAN><CT>" killed "GARGAMEL O EMPALADOR<14><VALVE_ID_LAN><TERRORIST>" with "knife"
L 04/19/2018 - 13:02:56: "TUX<15><VALVE_ID_LAN><TERRORIST>" killed "@te<18><VALVE_ID_LAN><CT>" with "knife"
L 04/19/2018 - 13:02:59: "TUX<15><VALVE_ID_LAN><TERRORIST>" killed "Jack<16><VALVE_ID_LAN><CT>" with "knife"
L 04/19/2018 - 13:03:02: "Cap. Billy<11><VALVE_ID_LOOPBACK><CT>" killed "TUX<15><VALVE_ID_LAN><TERRORIST>" with "knife"
L 04/19/2018 - 13:03:02: Team "CT" triggered "CTs_Win" (CT "5") (T "10")
L 04/19/2018 - 13:03:02: World triggered "Round_End"
L 04/19/2018 - 13:03:07: World triggered "Round_Start"
L 04/19/2018 - 13:03:08: "Calcas Peludas<17><VALVE_ID_LAN><TERRORIST>" say "na ponte"
L 04/19/2018 - 13:03:22: "Cap. Billy<11><VALVE_ID_LOOPBACK><CT>" killed "GARGAMEL O EMPALADOR<14><VALVE_ID_LAN><TERRORIST>" with "knife"
L 04/19/2018 - 13:03:24: "Cap. Billy<11><VALVE_ID_LOOPBACK><CT>" killed "Smolder<12><VALVE_ID_LAN><TERRORIST>" with "knife"
L 04/19/2018 - 13:03:24: "@te<18><VALVE_ID_LAN><CT>" killed "Calcas Peludas<17><VALVE_ID_LAN><TERRORIST>" with "knife"
L 04/19/2018 - 13:03:25: "TUX<15><VALVE_ID_LAN><TERRORIST>" killed "Cap. Billy<11><VALVE_ID_LOOPBACK><CT>" with "knife"
L 04/19/2018 - 13:03:27: "Jack<16><VALVE_ID_LAN><CT>" killed "TUX<15><VALVE_ID_LAN><TERRORIST>" with "knife"
L 04/19/2018 - 13:03:27: Team "CT" triggered "CTs_Win" (CT "6") (T "10")
L 04/19/2018 - 13:03:27: World triggered "Round_End"
L 04/19/2018 - 13:03:27: Team "CT" scored "6" with "3" players
L 04/19/2018 - 13:03:27: Team "TERRORIST" scored "10" with "4" players
L 04/19/2018 - 13:03:34: "Cap. Billy<11><VALVE_ID_LOOPBACK><CT>" triggered "weaponstats" (weapon "deagle") (shots "38") (hits "11") (kills "5") (headshots "3") (tks "0") (damage "723") (deaths "3")
L 04/19/2018 - 13:03:34: "Cap. Billy<11><VALVE_ID_LOOPBACK><CT>" triggered "weaponstats2" (weapon "deagle") (head "3") (chest "3") (stomach "0") (leftarm "4") (rightarm "1") (leftleg "0") (rightleg "0")
L 04/19/2018 - 13:03:34: "Cap. Billy<11><VALVE_ID_LOOPBACK><CT>" triggered "weaponstats" (weapon "knife") (shots "56") (hits "24") (kills "13") (headshots "9") (tks "0") (damage "1486") (deaths "10")
L 04/19/2018 - 13:03:34: "Cap. Billy<11><VALVE_ID_LOOPBACK><CT>" triggered "weaponstats2" (weapon "knife") (head "14") (chest "3") (stomach "0") (leftarm "3") (rightarm "4") (leftleg "0") (rightleg "0")
L 04/19/2018 - 13:03:34: "Cap. Billy<11><VALVE_ID_LOOPBACK><CT>" triggered "time" (time "10:15")
L 04/19/2018 - 13:03:34: "Cap. Billy<11><VALVE_ID_LOOPBACK><CT>" triggered "latency" (ping "0")
L 04/19/2018 - 13:03:34: "Smolder<12><VALVE_ID_LAN><TERRORIST>" triggered "weaponstats" (weapon "deagle") (shots "46") (hits "5") (kills "3") (headshots "1") (tks "0") (damage "264") (deaths "3")
L 04/19/2018 - 13:03:34: "Smolder<12><VALVE_ID_LAN><TERRORIST>" triggered "weaponstats2" (weapon "deagle") (head "1") (chest "1") (stomach "0") (leftarm "1") (rightarm "0") (leftleg "1") (rightleg "1")
L 04/19/2018 - 13:03:34: "Smolder<12><VALVE_ID_LAN><TERRORIST>" triggered "weaponstats" (weapon "knife") (shots "32") (hits "16") (kills "5") (headshots "4") (tks "0") (damage "1618") (deaths "9")
L 04/19/2018 - 13:03:34: "Smolder<12><VALVE_ID_LAN><TERRORIST>" triggered "weaponstats2" (weapon "knife") (head "13") (chest "0") (stomach "0") (leftarm "1") (rightarm "1") (leftleg "0") (rightleg "1")
L 04/19/2018 - 13:03:34: "Smolder<12><VALVE_ID_LAN><TERRORIST>" triggered "time" (time "10:13")
L 04/19/2018 - 13:03:34: "Smolder<12><VALVE_ID_LAN><TERRORIST>" triggered "latency" (ping "6")
L 04/19/2018 - 13:03:34: "@te<18><VALVE_ID_LAN><CT>" triggered "weaponstats" (weapon "deagle") (shots "75") (hits "24") (kills "7") (headshots "3") (tks "0") (damage "1126") (deaths "3")
L 04/19/2018 - 13:03:34: "@te<18><VALVE_ID_LAN><CT>" triggered "weaponstats2" (weapon "deagle") (head "3") (chest "1") (stomach "0") (leftarm "10") (rightarm "3") (leftleg "2") (rightleg "5")
L 04/19/2018 - 13:03:34: "@te<18><VALVE_ID_LAN><CT>" triggered "weaponstats" (weapon "knife") (shots "25") (hits "9") (kills "6") (headshots "3") (tks "1") (damage "702") (deaths "9")
L 04/19/2018 - 13:03:34: "@te<18><VALVE_ID_LAN><CT>" triggered "weaponstats2" (weapon "knife") (head "4") (chest "1") (stomach "0") (leftarm "4") (rightarm "0") (leftleg "0") (rightleg "0")
L 04/19/2018 - 13:03:34: "@te<18><VALVE_ID_LAN><CT>" triggered "time" (time "9:33")
L 04/19/2018 - 13:03:34: "@te<18><VALVE_ID_LAN><CT>" triggered "latency" (ping "7")
L 04/19/2018 - 13:03:34: "GARGAMEL O EMPALADOR<14><VALVE_ID_LAN><TERRORIST>" triggered "weaponstats" (weapon "deagle") (shots "71") (hits "12") (kills "4") (headshots "2") (tks "0") (damage "531") (deaths "3")
L 04/19/2018 - 13:03:34: "GARGAMEL O EMPALADOR<14><VALVE_ID_LAN><TERRORIST>" triggered "weaponstats2" (weapon "deagle") (head "2") (chest "2") (stomach "1") (leftarm "3") (rightarm "3") (leftleg "0") (rightleg "1")
L 04/19/2018 - 13:03:34: "GARGAMEL O EMPALADOR<14><VALVE_ID_LAN><TERRORIST>" triggered "weaponstats" (weapon "knife") (shots "37") (hits "9") (kills "3") (headshots "0") (tks "0") (damage "459") (deaths "7")
L 04/19/2018 - 13:03:34: "GARGAMEL O EMPALADOR<14><VALVE_ID_LAN><TERRORIST>" triggered "weaponstats2" (weapon "knife") (head "1") (chest "2") (stomach "0") (leftarm "3") (rightarm "1") (leftleg "1") (rightleg "1")
L 04/19/2018 - 13:03:34: "GARGAMEL O EMPALADOR<14><VALVE_ID_LAN><TERRORIST>" triggered "time" (time "10:12")
L 04/19/2018 - 13:03:34: "GARGAMEL O EMPALADOR<14><VALVE_ID_LAN><TERRORIST>" triggered "latency" (ping "6")
L 04/19/2018 - 13:03:34: "TUX<15><VALVE_ID_LAN><TERRORIST>" triggered "weaponstats" (weapon "deagle") (shots "89") (hits "28") (kills "13") (headshots "10") (tks "0") (damage "1925") (deaths "5")
L 04/19/2018 - 13:03:34: "TUX<15><VALVE_ID_LAN><TERRORIST>" triggered "weaponstats2" (weapon "deagle") (head "10") (chest "4") (stomach "1") (leftarm "5") (rightarm "6") (leftleg "1") (rightleg "1")
L 04/19/2018 - 13:03:34: "TUX<15><VALVE_ID_LAN><TERRORIST>" triggered "weaponstats" (weapon "knife") (shots "27") (hits "12") (kills "9") (headshots "0") (tks "0") (damage "679") (deaths "5")
L 04/19/2018 - 13:03:34: "TUX<15><VALVE_ID_LAN><TERRORIST>" triggered "weaponstats2" (weapon "knife") (head "0") (chest "2") (stomach "0") (leftarm "5") (rightarm "5") (leftleg "0") (rightleg "0")
L 04/19/2018 - 13:03:34: "TUX<15><VALVE_ID_LAN><TERRORIST>" triggered "time" (time "10:11")
L 04/19/2018 - 13:03:34: "TUX<15><VALVE_ID_LAN><TERRORIST>" triggered "latency" (ping "9")
L 04/19/2018 - 13:03:34: "Jack<16><VALVE_ID_LAN><CT>" triggered "weaponstats" (weapon "deagle") (shots "27") (hits "10") (kills "4") (headshots "3") (tks "0") (damage "579") (deaths "2")
L 04/19/2018 - 13:03:34: "Jack<16><VALVE_ID_LAN><CT>" triggered "weaponstats2" (weapon "deagle") (head "3") (chest "2") (stomach "1") (leftarm "4") (rightarm "0") (leftleg "0") (rightleg "0")
L 04/19/2018 - 13:03:34: "Jack<16><VALVE_ID_LAN><CT>" triggered "weaponstats" (weapon "knife") (shots "30") (hits "12") (kills "3") (headshots "3") (tks "0") (damage "848") (deaths "12")
L 04/19/2018 - 13:03:34: "Jack<16><VALVE_ID_LAN><CT>" triggered "weaponstats2" (weapon "knife") (head "5") (chest "2") (stomach "0") (leftarm "2") (rightarm "3") (leftleg "0") (rightleg "0")
L 04/19/2018 - 13:03:34: "Jack<16><VALVE_ID_LAN><CT>" triggered "time" (time "10:09")
L 04/19/2018 - 13:03:34: "Jack<16><VALVE_ID_LAN><CT>" triggered "latency" (ping "11")
L 04/19/2018 - 13:03:34: "Calcas Peludas<17><VALVE_ID_LAN><TERRORIST>" triggered "weaponstats" (weapon "deagle") (shots "90") (hits "39") (kills "7") (headshots "5") (tks "0") (damage "1693") (deaths "6")
L 04/19/2018 - 13:03:34: "Calcas Peludas<17><VALVE_ID_LAN><TERRORIST>" triggered "weaponstats2" (weapon "deagle") (head "7") (chest "7") (stomach "1") (leftarm "11") (rightarm "9") (leftleg "2") (rightleg "2")
L 04/19/2018 - 13:03:34: "Calcas Peludas<17><VALVE_ID_LAN><TERRORIST>" triggered "weaponstats" (weapon "knife") (shots "46") (hits "10") (kills "3") (headshots "0") (tks "0") (damage "517") (deaths "3")
L 04/19/2018 - 13:03:34: "Calcas Peludas<17><VALVE_ID_LAN><TERRORIST>" triggered "weaponstats2" (weapon "knife") (head "0") (chest "2") (stomach "0") (leftarm "6") (rightarm "1") (leftleg "1") (rightleg "0")
L 04/19/2018 - 13:03:34: "Calcas Peludas<17><VALVE_ID_LAN><TERRORIST>" triggered "time" (time "10:03")
L 04/19/2018 - 13:03:34: "Calcas Peludas<17><VALVE_ID_LAN><TERRORIST>" triggered "latency" (ping "6")
L 04/19/2018 - 13:03:34: [META] ini: Begin re-reading plugins list: c:/valve/cstrike/addons/metamod/plugins.ini
L 04/19/2018 - 13:03:34: [META] ini: Read plugin config for: AMX
L 04/19/2018 - 13:03:34: [META] ini: Read plugin config for: WinHL-Booster
L 04/19/2018 - 13:03:34: [META] ERROR: ini: Skipping plugin, couldn't stat file 'addons/hlguard/dlls/hlguard_mm_nightly.dll': No such file or directory
L 04/19/2018 - 13:03:34: [META] ini: Read plugin config for: WebMod
L 04/19/2018 - 13:03:34: [META] ini: Finished reading plugins list: c:/valve/cstrike/addons/metamod/plugins.ini; Found 3 plugins
L 04/19/2018 - 13:03:34: [META] dll: Updating plugins...
L 04/19/2018 - 13:03:34: [META] ERROR: dll: Failed query plugin '<hlguard_mm_nightly.dll>'; Couldn't open file 'addons/hlguard/dlls/hlguard_mm_nightly.dll': Não foi possível encontrar o módulo especificado.

L 04/19/2018 - 13:03:34: [META] ERROR: dll: Skipping plugin '<hlguard_mm_nightly.dll>'; couldn't query
L 04/19/2018 - 13:03:34: [META] dll: Finished updating 6 plugins; kept 3, loaded 0, unloaded 0, reloaded 0, delayed 0
L 04/19/2018 - 13:03:34: Server shutdown
L 04/19/2018 - 13:03:34: Log file closed
