L 04/23/2018 - 12:41:00: Log file started (file "logs\L0423002.log") (game "cstrike") (version "47/1.1.2.2/2603")
L 04/23/2018 - 12:41:00: "Calango<21><VALVE_ID_LAN><>" connected, address "10.15.2.102:27005"
L 04/23/2018 - 12:41:01: "GARGAMEL O EMPALADOR<18><VALVE_ID_LAN><>" entered the game
L 04/23/2018 - 12:41:01: "TUX<19><VALVE_ID_LAN><>" entered the game
L 04/23/2018 - 12:41:01: "Smolder<20><VALVE_ID_LAN><>" entered the game
L 04/23/2018 - 12:41:02: "Calcas Peludas<17><VALVE_ID_LAN><>" joined team "TERRORIST"
L 04/23/2018 - 12:41:02: World triggered "Game_Commencing"
L 04/23/2018 - 12:41:02: World triggered "Game_Commencing" (CT "0") (T "0")
L 04/23/2018 - 12:41:02: World triggered "Round_End"
L 04/23/2018 - 12:41:02: "GARGAMEL O EMPALADOR<18><VALVE_ID_LAN><>" joined team "TERRORIST"
L 04/23/2018 - 12:41:02: "TUX<19><VALVE_ID_LAN><>" joined team "TERRORIST"
L 04/23/2018 - 12:41:02: "Calango<21><VALVE_ID_LAN><>" entered the game
L 04/23/2018 - 12:41:03: "Jack<22><VALVE_ID_LAN><>" connected, address "10.15.2.104:27005"
L 04/23/2018 - 12:41:03: "Smolder<20><VALVE_ID_LAN><>" joined team "TERRORIST"
L 04/23/2018 - 12:41:04: "Cap. Billy<16><VALVE_ID_LOOPBACK><CT>" killed "GARGAMEL O EMPALADOR<18><VALVE_ID_LAN><TERRORIST>" with "glock18"
L 04/23/2018 - 12:41:04: "Calango<21><VALVE_ID_LAN><>" joined team "CT"
L 04/23/2018 - 12:41:05: World triggered "Round_Start"
L 04/23/2018 - 12:41:06: "Jack<22><VALVE_ID_LAN><>" entered the game
L 04/23/2018 - 12:41:09: "Jack<22><VALVE_ID_LAN><>" joined team "CT"
L 04/23/2018 - 12:41:11: "Calcas Peludas<17><VALVE_ID_LAN><TERRORIST>" killed "Calango<21><VALVE_ID_LAN><CT>" with "glock18"
L 04/23/2018 - 12:41:14: "Cap. Billy<16><VALVE_ID_LOOPBACK><CT>" killed "Smolder<20><VALVE_ID_LAN><TERRORIST>" with "knife"
L 04/23/2018 - 12:41:17: "Calcas Peludas<17><VALVE_ID_LAN><TERRORIST>" killed "Jack<22><VALVE_ID_LAN><CT>" with "glock18"
L 04/23/2018 - 12:41:18: "Cap. Billy<16><VALVE_ID_LOOPBACK><CT>" killed "GARGAMEL O EMPALADOR<18><VALVE_ID_LAN><TERRORIST>" with "glock18"
L 04/23/2018 - 12:41:19: "Calango<21><VALVE_ID_LAN><CT>" say "ui ja" (dead)
L 04/23/2018 - 12:41:19: "@te<23><VALVE_ID_LAN><>" connected, address "10.15.2.23:27005"
L 04/23/2018 - 12:41:20: "TUX<19><VALVE_ID_LAN><TERRORIST>" killed "Cap. Billy<16><VALVE_ID_LOOPBACK><CT>" with "glock18"
L 04/23/2018 - 12:41:20: Team "TERRORIST" triggered "Terrorists_Win" (CT "0") (T "1")
L 04/23/2018 - 12:41:20: World triggered "Round_End"
L 04/23/2018 - 12:41:22: "@te<23><VALVE_ID_LAN><>" entered the game
L 04/23/2018 - 12:41:23: "Smolder<20><VALVE_ID_LAN><TERRORIST>" say "ja" (dead)
L 04/23/2018 - 12:41:25: World triggered "Round_Start"
L 04/23/2018 - 12:41:30: "@te<23><VALVE_ID_LAN><>" joined team "CT"
L 04/23/2018 - 12:41:32: "Cap. Billy<16><VALVE_ID_LOOPBACK><CT>" killed "GARGAMEL O EMPALADOR<18><VALVE_ID_LAN><TERRORIST>" with "glock18"
L 04/23/2018 - 12:41:35: "TUX<19><VALVE_ID_LAN><TERRORIST>" killed "Jack<22><VALVE_ID_LAN><CT>" with "glock18"
L 04/23/2018 - 12:41:38: "TUX<19><VALVE_ID_LAN><TERRORIST>" killed "@te<23><VALVE_ID_LAN><CT>" with "glock18"
L 04/23/2018 - 12:41:38: "Calcas Peludas<17><VALVE_ID_LAN><TERRORIST>" killed "Cap. Billy<16><VALVE_ID_LOOPBACK><CT>" with "glock18"
L 04/23/2018 - 12:41:43: "Smolder<20><VALVE_ID_LAN><TERRORIST>" killed "Calango<21><VALVE_ID_LAN><CT>" with "glock18"
L 04/23/2018 - 12:41:43: Team "TERRORIST" triggered "Terrorists_Win" (CT "0") (T "2")
L 04/23/2018 - 12:41:43: World triggered "Round_End"
L 04/23/2018 - 12:41:48: World triggered "Round_Start"
L 04/23/2018 - 12:41:56: "Calcas Peludas<17><VALVE_ID_LAN><TERRORIST>" killed "Jack<22><VALVE_ID_LAN><CT>" with "knife"
L 04/23/2018 - 12:41:57: "Cap. Billy<16><VALVE_ID_LOOPBACK><CT>" killed "Smolder<20><VALVE_ID_LAN><TERRORIST>" with "glock18"
L 04/23/2018 - 12:41:58: "@te<23><VALVE_ID_LAN><CT>" killed "GARGAMEL O EMPALADOR<18><VALVE_ID_LAN><TERRORIST>" with "glock18"
L 04/23/2018 - 12:42:00: "Cap. Billy<16><VALVE_ID_LOOPBACK><CT>" killed "@te<23><VALVE_ID_LAN><CT>" with "glock18"
L 04/23/2018 - 12:42:01: "Cap. Billy<16><VALVE_ID_LOOPBACK><CT>" killed "Calcas Peludas<17><VALVE_ID_LAN><TERRORIST>" with "glock18"
L 04/23/2018 - 12:42:09: "Smolder<20><VALVE_ID_LAN><TERRORIST>" say "tao se matando" (dead)
L 04/23/2018 - 12:42:18: "Cap. Billy<16><VALVE_ID_LOOPBACK><CT>" killed "TUX<19><VALVE_ID_LAN><TERRORIST>" with "glock18"
L 04/23/2018 - 12:42:18: Team "CT" triggered "CTs_Win" (CT "1") (T "2")
L 04/23/2018 - 12:42:18: World triggered "Round_End"
L 04/23/2018 - 12:42:23: "Cap. Billy<16><VALVE_ID_LOOPBACK><CT>" committed suicide with "world"
L 04/23/2018 - 12:42:23: World triggered "Round_Start"
L 04/23/2018 - 12:42:30: "Jack<22><VALVE_ID_LAN><CT>" killed "Smolder<20><VALVE_ID_LAN><TERRORIST>" with "glock18"
L 04/23/2018 - 12:42:48: "Calcas Peludas<17><VALVE_ID_LAN><TERRORIST>" killed "Jack<22><VALVE_ID_LAN><CT>" with "glock18"
L 04/23/2018 - 12:42:49: "Calango<21><VALVE_ID_LAN><CT>" killed "Calcas Peludas<17><VALVE_ID_LAN><TERRORIST>" with "glock18"
L 04/23/2018 - 12:42:51: "Calango<21><VALVE_ID_LAN><CT>" killed "TUX<19><VALVE_ID_LAN><TERRORIST>" with "glock18"
L 04/23/2018 - 12:42:52: "GARGAMEL O EMPALADOR<18><VALVE_ID_LAN><TERRORIST>" killed "@te<23><VALVE_ID_LAN><CT>" with "glock18"
L 04/23/2018 - 12:43:06: "Calango<21><VALVE_ID_LAN><CT>" killed "GARGAMEL O EMPALADOR<18><VALVE_ID_LAN><TERRORIST>" with "glock18"
L 04/23/2018 - 12:43:06: Team "CT" triggered "CTs_Win" (CT "2") (T "2")
L 04/23/2018 - 12:43:06: World triggered "Round_End"
L 04/23/2018 - 12:43:11: World triggered "Round_Start"
L 04/23/2018 - 12:43:12: "Cap. Billy<16><VALVE_ID_LOOPBACK><CT>" say "aperta o direito calango que sai de automatica!"
L 04/23/2018 - 12:43:19: "Jack<22><VALVE_ID_LAN><CT>" killed "Calcas Peludas<17><VALVE_ID_LAN><TERRORIST>" with "glock18"
L 04/23/2018 - 12:43:20: "Cap. Billy<16><VALVE_ID_LOOPBACK><CT>" killed "GARGAMEL O EMPALADOR<18><VALVE_ID_LAN><TERRORIST>" with "glock18"
L 04/23/2018 - 12:43:22: "Smolder<20><VALVE_ID_LAN><TERRORIST>" killed "Calango<21><VALVE_ID_LAN><CT>" with "glock18"
L 04/23/2018 - 12:43:25: "Cap. Billy<16><VALVE_ID_LOOPBACK><CT>" killed "TUX<19><VALVE_ID_LAN><TERRORIST>" with "glock18"
L 04/23/2018 - 12:43:35: "Cap. Billy<16><VALVE_ID_LOOPBACK><CT>" killed "Smolder<20><VALVE_ID_LAN><TERRORIST>" with "knife"
L 04/23/2018 - 12:43:35: Team "CT" triggered "CTs_Win" (CT "3") (T "2")
L 04/23/2018 - 12:43:35: World triggered "Round_End"
L 04/23/2018 - 12:43:41: World triggered "Round_Start"
L 04/23/2018 - 12:43:46: "Cap. Billy<16><VALVE_ID_LOOPBACK><CT>" killed "TUX<19><VALVE_ID_LAN><TERRORIST>" with "glock18"
L 04/23/2018 - 12:43:46: "Jack<22><VALVE_ID_LAN><CT>" killed "Calcas Peludas<17><VALVE_ID_LAN><TERRORIST>" with "glock18"
L 04/23/2018 - 12:43:49: "Smolder<20><VALVE_ID_LAN><TERRORIST>" killed "Cap. Billy<16><VALVE_ID_LOOPBACK><CT>" with "glock18"
L 04/23/2018 - 12:43:51: "@te<23><VALVE_ID_LAN><CT>" killed "GARGAMEL O EMPALADOR<18><VALVE_ID_LAN><TERRORIST>" with "knife"
L 04/23/2018 - 12:43:52: "Calango<21><VALVE_ID_LAN><CT>" killed "Smolder<20><VALVE_ID_LAN><TERRORIST>" with "knife"
L 04/23/2018 - 12:43:52: Team "CT" triggered "CTs_Win" (CT "4") (T "2")
L 04/23/2018 - 12:43:52: World triggered "Round_End"
L 04/23/2018 - 12:43:57: World triggered "Round_Start"
L 04/23/2018 - 12:43:57: "Cap. Billy<16><VALVE_ID_LOOPBACK><CT>" say "HAHAHAHAHAHA"
L 04/23/2018 - 12:44:07: "GARGAMEL O EMPALADOR<18><VALVE_ID_LAN><TERRORIST>" killed "Calango<21><VALVE_ID_LAN><CT>" with "glock18"
L 04/23/2018 - 12:44:08: "Cap. Billy<16><VALVE_ID_LOOPBACK><CT>" killed "Smolder<20><VALVE_ID_LAN><TERRORIST>" with "glock18"
L 04/23/2018 - 12:44:19: "Jack<22><VALVE_ID_LAN><CT>" killed "GARGAMEL O EMPALADOR<18><VALVE_ID_LAN><TERRORIST>" with "knife"
L 04/23/2018 - 12:44:19: "Calcas Peludas<17><VALVE_ID_LAN><TERRORIST>" killed "@te<23><VALVE_ID_LAN><CT>" with "knife"
L 04/23/2018 - 12:44:23: "Calango<21><VALVE_ID_LAN><CT>" say "ta bixigaaa" (dead)
L 04/23/2018 - 12:44:23: "TUX<19><VALVE_ID_LAN><TERRORIST>" killed "Jack<22><VALVE_ID_LAN><CT>" with "glock18"
L 04/23/2018 - 12:44:24: "Smolder<20><VALVE_ID_LAN><TERRORIST>" say "coitado" (dead)
L 04/23/2018 - 12:44:24: "Cap. Billy<16><VALVE_ID_LOOPBACK><CT>" killed "Calcas Peludas<17><VALVE_ID_LAN><TERRORIST>" with "glock18"
L 04/23/2018 - 12:44:25: "Calango<21><VALVE_ID_LAN><CT>" say "hauahuah" (dead)
L 04/23/2018 - 12:44:30: "Cap. Billy<16><VALVE_ID_LOOPBACK><CT>" killed "TUX<19><VALVE_ID_LAN><TERRORIST>" with "glock18"
L 04/23/2018 - 12:44:30: Team "CT" triggered "CTs_Win" (CT "5") (T "2")
L 04/23/2018 - 12:44:30: World triggered "Round_End"
L 04/23/2018 - 12:44:35: World triggered "Round_Start"
L 04/23/2018 - 12:44:42: "@te<23><VALVE_ID_LAN><CT>" killed "Cap. Billy<16><VALVE_ID_LOOPBACK><CT>" with "glock18"
L 04/23/2018 - 12:44:43: "TUX<19><VALVE_ID_LAN><TERRORIST>" killed "Jack<22><VALVE_ID_LAN><CT>" with "glock18"
L 04/23/2018 - 12:44:44: "GARGAMEL O EMPALADOR<18><VALVE_ID_LAN><TERRORIST>" killed "@te<23><VALVE_ID_LAN><CT>" with "glock18"
L 04/23/2018 - 12:44:45: "Calango<21><VALVE_ID_LAN><CT>" killed "GARGAMEL O EMPALADOR<18><VALVE_ID_LAN><TERRORIST>" with "glock18"
L 04/23/2018 - 12:44:51: "Calango<21><VALVE_ID_LAN><CT>" killed "Smolder<20><VALVE_ID_LAN><TERRORIST>" with "glock18"
L 04/23/2018 - 12:44:54: "TUX<19><VALVE_ID_LAN><TERRORIST>" killed "Calango<21><VALVE_ID_LAN><CT>" with "glock18"
L 04/23/2018 - 12:44:54: Team "TERRORIST" triggered "Terrorists_Win" (CT "5") (T "3")
L 04/23/2018 - 12:44:54: World triggered "Round_End"
L 04/23/2018 - 12:44:59: World triggered "Round_Start"
L 04/23/2018 - 12:44:59: "@te<23><VALVE_ID_LAN><CT>" committed suicide with "world"
L 04/23/2018 - 12:45:05: "Calango<21><VALVE_ID_LAN><CT>" killed "Smolder<20><VALVE_ID_LAN><TERRORIST>" with "glock18"
L 04/23/2018 - 12:45:16: "Calango<21><VALVE_ID_LAN><CT>" killed "Calcas Peludas<17><VALVE_ID_LAN><TERRORIST>" with "glock18"
L 04/23/2018 - 12:45:22: "GARGAMEL O EMPALADOR<18><VALVE_ID_LAN><TERRORIST>" killed "Cap. Billy<16><VALVE_ID_LOOPBACK><CT>" with "knife"
L 04/23/2018 - 12:45:31: "GARGAMEL O EMPALADOR<18><VALVE_ID_LAN><TERRORIST>" killed "Calango<21><VALVE_ID_LAN><CT>" with "glock18"
L 04/23/2018 - 12:45:32: "TUX<19><VALVE_ID_LAN><TERRORIST>" killed "Jack<22><VALVE_ID_LAN><CT>" with "glock18"
L 04/23/2018 - 12:45:32: Team "TERRORIST" triggered "Terrorists_Win" (CT "5") (T "4")
L 04/23/2018 - 12:45:32: World triggered "Round_End"
L 04/23/2018 - 12:45:34: "Calcas Peludas<17><VALVE_ID_LAN><TERRORIST>" say "boa" (dead)
L 04/23/2018 - 12:45:34: "Smolder<20><VALVE_ID_LAN><TERRORIST>" say "boa" (dead)
L 04/23/2018 - 12:45:37: World triggered "Round_Start"
L 04/23/2018 - 12:45:43: "Cap. Billy<16><VALVE_ID_LOOPBACK><CT>" killed "Calcas Peludas<17><VALVE_ID_LAN><TERRORIST>" with "glock18"
L 04/23/2018 - 12:45:44: "Jack<22><VALVE_ID_LAN><CT>" killed "TUX<19><VALVE_ID_LAN><TERRORIST>" with "glock18"
L 04/23/2018 - 12:45:46: "Jack<22><VALVE_ID_LAN><CT>" killed "Smolder<20><VALVE_ID_LAN><TERRORIST>" with "glock18"
L 04/23/2018 - 12:45:54: "@te<23><VALVE_ID_LAN><CT>" killed "GARGAMEL O EMPALADOR<18><VALVE_ID_LAN><TERRORIST>" with "knife"
L 04/23/2018 - 12:45:54: Team "CT" triggered "CTs_Win" (CT "6") (T "4")
L 04/23/2018 - 12:45:54: World triggered "Round_End"
L 04/23/2018 - 12:45:59: World triggered "Round_Start"
L 04/23/2018 - 12:46:07: "TUX<19><VALVE_ID_LAN><TERRORIST>" killed "@te<23><VALVE_ID_LAN><CT>" with "glock18"
L 04/23/2018 - 12:46:11: "Calango<21><VALVE_ID_LAN><CT>" killed "Smolder<20><VALVE_ID_LAN><TERRORIST>" with "glock18"
L 04/23/2018 - 12:46:12: "Jack<22><VALVE_ID_LAN><CT>" killed "GARGAMEL O EMPALADOR<18><VALVE_ID_LAN><TERRORIST>" with "glock18"
L 04/23/2018 - 12:46:18: "Calango<21><VALVE_ID_LAN><CT>" killed "TUX<19><VALVE_ID_LAN><TERRORIST>" with "glock18"
L 04/23/2018 - 12:46:22: "Calango<21><VALVE_ID_LAN><CT>" killed "Calcas Peludas<17><VALVE_ID_LAN><TERRORIST>" with "glock18"
L 04/23/2018 - 12:46:22: Team "CT" triggered "CTs_Win" (CT "7") (T "4")
L 04/23/2018 - 12:46:22: World triggered "Round_End"
L 04/23/2018 - 12:46:27: World triggered "Round_Start"
L 04/23/2018 - 12:46:33: "Cap. Billy<16><VALVE_ID_LOOPBACK><CT>" killed "Calcas Peludas<17><VALVE_ID_LAN><TERRORIST>" with "glock18"
L 04/23/2018 - 12:46:34: "TUX<19><VALVE_ID_LAN><TERRORIST>" killed "Cap. Billy<16><VALVE_ID_LOOPBACK><CT>" with "glock18"
L 04/23/2018 - 12:46:35: "Calango<21><VALVE_ID_LAN><CT>" killed "Smolder<20><VALVE_ID_LAN><TERRORIST>" with "glock18"
L 04/23/2018 - 12:46:40: "Jack<22><VALVE_ID_LAN><CT>" killed "TUX<19><VALVE_ID_LAN><TERRORIST>" with "glock18"
L 04/23/2018 - 12:46:48: "Jack<22><VALVE_ID_LAN><CT>" killed "GARGAMEL O EMPALADOR<18><VALVE_ID_LAN><TERRORIST>" with "glock18"
L 04/23/2018 - 12:46:48: Team "CT" triggered "CTs_Win" (CT "8") (T "4")
L 04/23/2018 - 12:46:48: World triggered "Round_End"
L 04/23/2018 - 12:46:53: World triggered "Round_Start"
L 04/23/2018 - 12:47:03: "TUX<19><VALVE_ID_LAN><TERRORIST>" killed "Calango<21><VALVE_ID_LAN><CT>" with "glock18"
L 04/23/2018 - 12:47:04: "Cap. Billy<16><VALVE_ID_LOOPBACK><CT>" killed "Calcas Peludas<17><VALVE_ID_LAN><TERRORIST>" with "knife"
L 04/23/2018 - 12:47:06: "@te<23><VALVE_ID_LAN><CT>" killed "Smolder<20><VALVE_ID_LAN><TERRORIST>" with "knife"
L 04/23/2018 - 12:47:08: "Calango<21><VALVE_ID_LAN><CT>" say "auhauhauaha" (dead)
L 04/23/2018 - 12:47:08: "GARGAMEL O EMPALADOR<18><VALVE_ID_LAN><TERRORIST>" killed "Jack<22><VALVE_ID_LAN><CT>" with "knife"
L 04/23/2018 - 12:47:09: "Cap. Billy<16><VALVE_ID_LOOPBACK><CT>" killed "GARGAMEL O EMPALADOR<18><VALVE_ID_LAN><TERRORIST>" with "knife"
L 04/23/2018 - 12:47:15: "TUX<19><VALVE_ID_LAN><TERRORIST>" killed "Cap. Billy<16><VALVE_ID_LOOPBACK><CT>" with "glock18"
L 04/23/2018 - 12:47:29: "Calcas Peludas<17><VALVE_ID_LAN><TERRORIST>" say "chamou na faca" (dead)
L 04/23/2018 - 12:47:36: "TUX<19><VALVE_ID_LAN><TERRORIST>" killed "@te<23><VALVE_ID_LAN><CT>" with "glock18"
L 04/23/2018 - 12:47:36: Team "TERRORIST" triggered "Terrorists_Win" (CT "8") (T "5")
L 04/23/2018 - 12:47:36: World triggered "Round_End"
L 04/23/2018 - 12:47:39: "Calango<21><VALVE_ID_LAN><CT>" say "eita" (dead)
L 04/23/2018 - 12:47:41: World triggered "Round_Start"
L 04/23/2018 - 12:47:47: "Cap. Billy<16><VALVE_ID_LOOPBACK><CT>" killed "Calcas Peludas<17><VALVE_ID_LAN><TERRORIST>" with "glock18"
L 04/23/2018 - 12:47:47: "Smolder<20><VALVE_ID_LAN><TERRORIST>" killed "Cap. Billy<16><VALVE_ID_LOOPBACK><CT>" with "glock18"
L 04/23/2018 - 12:47:53: "Jack<22><VALVE_ID_LAN><CT>" killed "Smolder<20><VALVE_ID_LAN><TERRORIST>" with "glock18"
L 04/23/2018 - 12:48:02: "Calango<21><VALVE_ID_LAN><CT>" killed "TUX<19><VALVE_ID_LAN><TERRORIST>" with "knife"
L 04/23/2018 - 12:48:06: "GARGAMEL O EMPALADOR<18><VALVE_ID_LAN><TERRORIST>" killed "Calango<21><VALVE_ID_LAN><CT>" with "knife"
L 04/23/2018 - 12:48:08: "@te<23><VALVE_ID_LAN><CT>" killed "GARGAMEL O EMPALADOR<18><VALVE_ID_LAN><TERRORIST>" with "knife"
L 04/23/2018 - 12:48:08: Team "CT" triggered "CTs_Win" (CT "9") (T "5")
L 04/23/2018 - 12:48:08: World triggered "Round_End"
L 04/23/2018 - 12:48:13: World triggered "Round_Start"
L 04/23/2018 - 12:48:20: "Cap. Billy<16><VALVE_ID_LOOPBACK><CT>" killed "Calcas Peludas<17><VALVE_ID_LAN><TERRORIST>" with "glock18"
L 04/23/2018 - 12:48:23: "Smolder<20><VALVE_ID_LAN><TERRORIST>" killed "Jack<22><VALVE_ID_LAN><CT>" with "knife"
L 04/23/2018 - 12:48:25: "GARGAMEL O EMPALADOR<18><VALVE_ID_LAN><TERRORIST>" killed "Cap. Billy<16><VALVE_ID_LOOPBACK><CT>" with "glock18"
L 04/23/2018 - 12:48:26: "Smolder<20><VALVE_ID_LAN><TERRORIST>" killed "Calango<21><VALVE_ID_LAN><CT>" with "knife"
L 04/23/2018 - 12:48:27: "GARGAMEL O EMPALADOR<18><VALVE_ID_LAN><TERRORIST>" killed "@te<23><VALVE_ID_LAN><CT>" with "glock18"
L 04/23/2018 - 12:48:27: Team "TERRORIST" triggered "Terrorists_Win" (CT "9") (T "6")
L 04/23/2018 - 12:48:27: World triggered "Round_End"
L 04/23/2018 - 12:48:32: World triggered "Round_Start"
L 04/23/2018 - 12:48:40: "TUX<19><VALVE_ID_LAN><TERRORIST>" killed "Calango<21><VALVE_ID_LAN><CT>" with "glock18"
L 04/23/2018 - 12:48:41: "TUX<19><VALVE_ID_LAN><TERRORIST>" killed "@te<23><VALVE_ID_LAN><CT>" with "glock18"
L 04/23/2018 - 12:48:42: "TUX<19><VALVE_ID_LAN><TERRORIST>" killed "Cap. Billy<16><VALVE_ID_LOOPBACK><CT>" with "glock18"
L 04/23/2018 - 12:48:45: "Jack<22><VALVE_ID_LAN><CT>" killed "TUX<19><VALVE_ID_LAN><TERRORIST>" with "glock18"
L 04/23/2018 - 12:48:50: "Jack<22><VALVE_ID_LAN><CT>" killed "Smolder<20><VALVE_ID_LAN><TERRORIST>" with "glock18"
L 04/23/2018 - 12:48:51: "Calcas Peludas<17><VALVE_ID_LAN><TERRORIST>" killed "Jack<22><VALVE_ID_LAN><CT>" with "knife"
L 04/23/2018 - 12:48:51: Team "TERRORIST" triggered "Terrorists_Win" (CT "9") (T "7")
L 04/23/2018 - 12:48:51: World triggered "Round_End"
L 04/23/2018 - 12:48:56: World triggered "Round_Start"
L 04/23/2018 - 12:49:02: "Cap. Billy<16><VALVE_ID_LOOPBACK><CT>" killed "TUX<19><VALVE_ID_LAN><TERRORIST>" with "glock18"
L 04/23/2018 - 12:49:04: "Cap. Billy<16><VALVE_ID_LOOPBACK><CT>" killed "Calcas Peludas<17><VALVE_ID_LAN><TERRORIST>" with "glock18"
L 04/23/2018 - 12:49:08: "GARGAMEL O EMPALADOR<18><VALVE_ID_LAN><TERRORIST>" killed "Jack<22><VALVE_ID_LAN><CT>" with "glock18"
L 04/23/2018 - 12:49:12: Server cvar "amx_nextmap" = "alabordage"
L 04/23/2018 - 12:49:12: "Cap. Billy<16><VALVE_ID_LOOPBACK><CT>" killed "GARGAMEL O EMPALADOR<18><VALVE_ID_LAN><TERRORIST>" with "knife"
L 04/23/2018 - 12:49:15: "Calcas Peludas<17><VALVE_ID_LAN><TERRORIST>" say "hahahaha" (dead)
L 04/23/2018 - 12:49:19: "Cap. Billy<16><VALVE_ID_LOOPBACK><CT>" killed "Smolder<20><VALVE_ID_LAN><TERRORIST>" with "knife"
L 04/23/2018 - 12:49:19: Team "CT" triggered "CTs_Win" (CT "10") (T "7")
L 04/23/2018 - 12:49:19: World triggered "Round_End"
L 04/23/2018 - 12:49:24: World triggered "Round_Start"
L 04/23/2018 - 12:49:29: "Calango<21><VALVE_ID_LAN><CT>" killed "Calcas Peludas<17><VALVE_ID_LAN><TERRORIST>" with "glock18"
L 04/23/2018 - 12:49:29: "Cap. Billy<16><VALVE_ID_LOOPBACK><CT>" killed "TUX<19><VALVE_ID_LAN><TERRORIST>" with "glock18"
L 04/23/2018 - 12:49:30: "Smolder<20><VALVE_ID_LAN><TERRORIST>" killed "@te<23><VALVE_ID_LAN><CT>" with "glock18"
L 04/23/2018 - 12:49:30: "Cap. Billy<16><VALVE_ID_LOOPBACK><CT>" killed "GARGAMEL O EMPALADOR<18><VALVE_ID_LAN><TERRORIST>" with "glock18"
L 04/23/2018 - 12:49:33: "Smolder<20><VALVE_ID_LAN><TERRORIST>" killed "Jack<22><VALVE_ID_LAN><CT>" with "glock18"
L 04/23/2018 - 12:49:34: "Smolder<20><VALVE_ID_LAN><TERRORIST>" killed "Calango<21><VALVE_ID_LAN><CT>" with "glock18"
L 04/23/2018 - 12:49:35: "Cap. Billy<16><VALVE_ID_LOOPBACK><CT>" killed "Smolder<20><VALVE_ID_LAN><TERRORIST>" with "knife"
L 04/23/2018 - 12:49:35: Team "CT" triggered "CTs_Win" (CT "11") (T "7")
L 04/23/2018 - 12:49:35: World triggered "Round_End"
L 04/23/2018 - 12:49:39: "Calcas Peludas<17><VALVE_ID_LAN><TERRORIST>" say "ta porra" (dead)
L 04/23/2018 - 12:49:40: "@te<23><VALVE_ID_LAN><CT>" say "eitra" (dead)
L 04/23/2018 - 12:49:40: World triggered "Round_Start"
L 04/23/2018 - 12:49:46: "TUX<19><VALVE_ID_LAN><TERRORIST>" killed "Jack<22><VALVE_ID_LAN><CT>" with "glock18"
L 04/23/2018 - 12:49:48: "GARGAMEL O EMPALADOR<18><VALVE_ID_LAN><TERRORIST>" killed "Cap. Billy<16><VALVE_ID_LOOPBACK><CT>" with "glock18"
L 04/23/2018 - 12:49:49: "TUX<19><VALVE_ID_LAN><TERRORIST>" killed "@te<23><VALVE_ID_LAN><CT>" with "glock18"
L 04/23/2018 - 12:49:50: "Calango<21><VALVE_ID_LAN><CT>" killed "TUX<19><VALVE_ID_LAN><TERRORIST>" with "glock18"
L 04/23/2018 - 12:49:56: "Calango<21><VALVE_ID_LAN><CT>" killed "Smolder<20><VALVE_ID_LAN><TERRORIST>" with "glock18"
L 04/23/2018 - 12:50:04: "Calango<21><VALVE_ID_LAN><CT>" killed "GARGAMEL O EMPALADOR<18><VALVE_ID_LAN><TERRORIST>" with "glock18"
L 04/23/2018 - 12:50:26: "Calango<21><VALVE_ID_LAN><CT>" killed "Calcas Peludas<17><VALVE_ID_LAN><TERRORIST>" with "knife"
L 04/23/2018 - 12:50:26: Team "CT" triggered "CTs_Win" (CT "12") (T "7")
L 04/23/2018 - 12:50:26: World triggered "Round_End"
L 04/23/2018 - 12:50:31: World triggered "Round_Start"
L 04/23/2018 - 12:50:31: "Cap. Billy<16><VALVE_ID_LOOPBACK><CT>" say "EGUEEE!@@!!!!!!!!!"
L 04/23/2018 - 12:50:31: "@te<23><VALVE_ID_LAN><CT>" say "ai mamae3]\"
L 04/23/2018 - 12:50:32: "Jack<22><VALVE_ID_LAN><CT>" say "aeee"
L 04/23/2018 - 12:50:37: "Jack<22><VALVE_ID_LAN><CT>" killed "Smolder<20><VALVE_ID_LAN><TERRORIST>" with "glock18"
L 04/23/2018 - 12:50:37: "@te<23><VALVE_ID_LAN><CT>" killed "TUX<19><VALVE_ID_LAN><TERRORIST>" with "glock18"
L 04/23/2018 - 12:50:39: "Cap. Billy<16><VALVE_ID_LOOPBACK><CT>" killed "GARGAMEL O EMPALADOR<18><VALVE_ID_LAN><TERRORIST>" with "knife"
L 04/23/2018 - 12:50:40: "Calcas Peludas<17><VALVE_ID_LAN><TERRORIST>" killed "Jack<22><VALVE_ID_LAN><CT>" with "glock18"
L 04/23/2018 - 12:50:45: "Cap. Billy<16><VALVE_ID_LOOPBACK><CT>" killed "Calcas Peludas<17><VALVE_ID_LAN><TERRORIST>" with "glock18"
L 04/23/2018 - 12:50:45: Team "CT" triggered "CTs_Win" (CT "13") (T "7")
L 04/23/2018 - 12:50:45: World triggered "Round_End"
L 04/23/2018 - 12:50:47: "Jack<22><VALVE_ID_LAN><CT>" say "ufa" (dead)
L 04/23/2018 - 12:50:49: "Calcas Peludas<17><VALVE_ID_LAN><TERRORIST>" say "covarde" (dead)
L 04/23/2018 - 12:50:51: World triggered "Round_Start"
L 04/23/2018 - 12:50:56: "Cap. Billy<16><VALVE_ID_LOOPBACK><CT>" killed "GARGAMEL O EMPALADOR<18><VALVE_ID_LAN><TERRORIST>" with "knife"
L 04/23/2018 - 12:50:58: "Calcas Peludas<17><VALVE_ID_LAN><TERRORIST>" killed "Calango<21><VALVE_ID_LAN><CT>" with "glock18"
L 04/23/2018 - 12:50:59: "Smolder<20><VALVE_ID_LAN><TERRORIST>" killed "@te<23><VALVE_ID_LAN><CT>" with "knife"
L 04/23/2018 - 12:51:00: "Calcas Peludas<17><VALVE_ID_LAN><TERRORIST>" killed "Jack<22><VALVE_ID_LAN><CT>" with "glock18"
L 04/23/2018 - 12:51:01: "Cap. Billy<16><VALVE_ID_LOOPBACK><CT>" killed "Smolder<20><VALVE_ID_LAN><TERRORIST>" with "knife"
L 04/23/2018 - 12:51:05: Team "CT" scored "13" with "4" players
L 04/23/2018 - 12:51:05: Team "TERRORIST" scored "7" with "4" players
L 04/23/2018 - 12:51:07: "Cap. Billy<16><VALVE_ID_LOOPBACK><CT>" triggered "weaponstats" (weapon "glock18") (shots "200") (hits "83") (kills "22") (headshots "17") (tks "1") (damage "2804") (deaths "7")
L 04/23/2018 - 12:51:07: "Cap. Billy<16><VALVE_ID_LOOPBACK><CT>" triggered "weaponstats2" (weapon "glock18") (head "28") (chest "10") (stomach "1") (leftarm "17") (rightarm "27") (leftleg "0") (rightleg "0")
L 04/23/2018 - 12:51:07: "Cap. Billy<16><VALVE_ID_LOOPBACK><CT>" triggered "weaponstats" (weapon "knife") (shots "24") (hits "14") (kills "10") (headshots "5") (tks "0") (damage "1400") (deaths "5")
L 04/23/2018 - 12:51:07: "Cap. Billy<16><VALVE_ID_LOOPBACK><CT>" triggered "weaponstats2" (weapon "knife") (head "6") (chest "2") (stomach "1") (leftarm "3") (rightarm "1") (leftleg "1") (rightleg "0")
L 04/23/2018 - 12:51:07: "Cap. Billy<16><VALVE_ID_LOOPBACK><CT>" triggered "time" (time "10:10")
L 04/23/2018 - 12:51:07: "Cap. Billy<16><VALVE_ID_LOOPBACK><CT>" triggered "latency" (ping "0")
L 04/23/2018 - 12:51:07: "Calcas Peludas<17><VALVE_ID_LAN><TERRORIST>" triggered "weaponstats" (weapon "glock18") (shots "196") (hits "55") (kills "7") (headshots "3") (tks "0") (damage "1125") (deaths "13")
L 04/23/2018 - 12:51:07: "Calcas Peludas<17><VALVE_ID_LAN><TERRORIST>" triggered "weaponstats2" (weapon "glock18") (head "8") (chest "9") (stomach "2") (leftarm "18") (rightarm "16") (leftleg "0") (rightleg "2")
L 04/23/2018 - 12:51:07: "Calcas Peludas<17><VALVE_ID_LAN><TERRORIST>" triggered "weaponstats" (weapon "knife") (shots "14") (hits "6") (kills "3") (headshots "1") (tks "0") (damage "645") (deaths "3")
L 04/23/2018 - 12:51:07: "Calcas Peludas<17><VALVE_ID_LAN><TERRORIST>" triggered "weaponstats2" (weapon "knife") (head "1") (chest "3") (stomach "0") (leftarm "0") (rightarm "1") (leftleg "0") (rightleg "1")
L 04/23/2018 - 12:51:07: "Calcas Peludas<17><VALVE_ID_LAN><TERRORIST>" triggered "time" (time "10:07")
L 04/23/2018 - 12:51:07: "Calcas Peludas<17><VALVE_ID_LAN><TERRORIST>" triggered "latency" (ping "12")
L 04/23/2018 - 12:51:07: "GARGAMEL O EMPALADOR<18><VALVE_ID_LAN><TERRORIST>" triggered "weaponstats" (weapon "glock18") (shots "253") (hits "61") (kills "8") (headshots "5") (tks "0") (damage "1225") (deaths "14")
L 04/23/2018 - 12:51:07: "GARGAMEL O EMPALADOR<18><VALVE_ID_LAN><TERRORIST>" triggered "weaponstats2" (weapon "glock18") (head "8") (chest "10") (stomach "8") (leftarm "17") (rightarm "12") (leftleg "1") (rightleg "5")
L 04/23/2018 - 12:51:07: "GARGAMEL O EMPALADOR<18><VALVE_ID_LAN><TERRORIST>" triggered "weaponstats" (weapon "knife") (shots "11") (hits "5") (kills "3") (headshots "1") (tks "0") (damage "480") (deaths "5")
L 04/23/2018 - 12:51:07: "GARGAMEL O EMPALADOR<18><VALVE_ID_LAN><TERRORIST>" triggered "weaponstats2" (weapon "knife") (head "2") (chest "1") (stomach "0") (leftarm "0") (rightarm "2") (leftleg "0") (rightleg "0")
L 04/23/2018 - 12:51:07: "GARGAMEL O EMPALADOR<18><VALVE_ID_LAN><TERRORIST>" triggered "time" (time "10:06")
L 04/23/2018 - 12:51:07: "GARGAMEL O EMPALADOR<18><VALVE_ID_LAN><TERRORIST>" triggered "latency" (ping "8")
L 04/23/2018 - 12:51:07: "TUX<19><VALVE_ID_LAN><TERRORIST>" triggered "weaponstats" (weapon "glock18") (shots "187") (hits "76") (kills "17") (headshots "14") (tks "0") (damage "2313") (deaths "14")
L 04/23/2018 - 12:51:07: "TUX<19><VALVE_ID_LAN><TERRORIST>" triggered "weaponstats2" (weapon "glock18") (head "19") (chest "7") (stomach "3") (leftarm "26") (rightarm "19") (leftleg "1") (rightleg "1")
L 04/23/2018 - 12:51:07: "TUX<19><VALVE_ID_LAN><TERRORIST>" triggered "weaponstats" (weapon "knife") (shots "5") (hits "0") (kills "0") (headshots "0") (tks "0") (damage "0") (deaths "0")
L 04/23/2018 - 12:51:07: "TUX<19><VALVE_ID_LAN><TERRORIST>" triggered "weaponstats2" (weapon "knife") (head "0") (chest "0") (stomach "0") (leftarm "0") (rightarm "0") (leftleg "0") (rightleg "0")
L 04/23/2018 - 12:51:07: "TUX<19><VALVE_ID_LAN><TERRORIST>" triggered "time" (time "10:06")
L 04/23/2018 - 12:51:07: "TUX<19><VALVE_ID_LAN><TERRORIST>" triggered "latency" (ping "10")
L 04/23/2018 - 12:51:07: "Smolder<20><VALVE_ID_LAN><TERRORIST>" triggered "weaponstats" (weapon "glock18") (shots "127") (hits "33") (kills "7") (headshots "5") (tks "0") (damage "918") (deaths "8")
L 04/23/2018 - 12:51:07: "Smolder<20><VALVE_ID_LAN><TERRORIST>" triggered "weaponstats2" (weapon "glock18") (head "7") (chest "5") (stomach "1") (leftarm "7") (rightarm "13") (leftleg "0") (rightleg "0")
L 04/23/2018 - 12:51:07: "Smolder<20><VALVE_ID_LAN><TERRORIST>" triggered "weaponstats" (weapon "knife") (shots "14") (hits "10") (kills "3") (headshots "1") (tks "0") (damage "719") (deaths "11")
L 04/23/2018 - 12:51:07: "Smolder<20><VALVE_ID_LAN><TERRORIST>" triggered "weaponstats2" (weapon "knife") (head "4") (chest "1") (stomach "0") (leftarm "1") (rightarm "4") (leftleg "0") (rightleg "0")
L 04/23/2018 - 12:51:07: "Smolder<20><VALVE_ID_LAN><TERRORIST>" triggered "time" (time "10:05")
L 04/23/2018 - 12:51:07: "Smolder<20><VALVE_ID_LAN><TERRORIST>" triggered "latency" (ping "8")
L 04/23/2018 - 12:51:07: "Calango<21><VALVE_ID_LAN><CT>" triggered "weaponstats" (weapon "glock18") (shots "319") (hits "93") (kills "15") (headshots "13") (tks "0") (damage "2297") (deaths "6")
L 04/23/2018 - 12:51:07: "Calango<21><VALVE_ID_LAN><CT>" triggered "weaponstats2" (weapon "glock18") (head "18") (chest "19") (stomach "4") (leftarm "29") (rightarm "20") (leftleg "1") (rightleg "2")
L 04/23/2018 - 12:51:07: "Calango<21><VALVE_ID_LAN><CT>" triggered "weaponstats" (weapon "knife") (shots "17") (hits "8") (kills "3") (headshots "1") (tks "0") (damage "1165") (deaths "6")
L 04/23/2018 - 12:51:07: "Calango<21><VALVE_ID_LAN><CT>" triggered "weaponstats2" (weapon "knife") (head "2") (chest "0") (stomach "1") (leftarm "4") (rightarm "1") (leftleg "0") (rightleg "0")
L 04/23/2018 - 12:51:07: "Calango<21><VALVE_ID_LAN><CT>" triggered "time" (time "10:04")
L 04/23/2018 - 12:51:07: "Calango<21><VALVE_ID_LAN><CT>" triggered "latency" (ping "8")
L 04/23/2018 - 12:51:07: "Jack<22><VALVE_ID_LAN><CT>" triggered "weaponstats" (weapon "glock18") (shots "142") (hits "55") (kills "12") (headshots "8") (tks "0") (damage "1434") (deaths "7")
L 04/23/2018 - 12:51:07: "Jack<22><VALVE_ID_LAN><CT>" triggered "weaponstats2" (weapon "glock18") (head "12") (chest "8") (stomach "5") (leftarm "22") (rightarm "7") (leftleg "1") (rightleg "0")
L 04/23/2018 - 12:51:07: "Jack<22><VALVE_ID_LAN><CT>" triggered "weaponstats" (weapon "knife") (shots "9") (hits "4") (kills "1") (headshots "0") (tks "0") (damage "220") (deaths "8")
L 04/23/2018 - 12:51:07: "Jack<22><VALVE_ID_LAN><CT>" triggered "weaponstats2" (weapon "knife") (head "1") (chest "2") (stomach "0") (leftarm "1") (rightarm "0") (leftleg "0") (rightleg "0")
L 04/23/2018 - 12:51:07: "Jack<22><VALVE_ID_LAN><CT>" triggered "time" (time "10:00")
L 04/23/2018 - 12:51:07: "Jack<22><VALVE_ID_LAN><CT>" triggered "latency" (ping "10")
L 04/23/2018 - 12:51:07: "@te<23><VALVE_ID_LAN><CT>" triggered "weaponstats" (weapon "glock18") (shots "110") (hits "25") (kills "3") (headshots "2") (tks "1") (damage "410") (deaths "9")
L 04/23/2018 - 12:51:07: "@te<23><VALVE_ID_LAN><CT>" triggered "weaponstats2" (weapon "glock18") (head "3") (chest "3") (stomach "2") (leftarm "9") (rightarm "6") (leftleg "1") (rightleg "1")
L 04/23/2018 - 12:51:07: "@te<23><VALVE_ID_LAN><CT>" triggered "weaponstats" (weapon "knife") (shots "14") (hits "5") (kills "4") (headshots "1") (tks "0") (damage "480") (deaths "4")
L 04/23/2018 - 12:51:07: "@te<23><VALVE_ID_LAN><CT>" triggered "weaponstats2" (weapon "knife") (head "1") (chest "1") (stomach "2") (leftarm "0") (rightarm "0") (leftleg "0") (rightleg "1")
L 04/23/2018 - 12:51:07: "@te<23><VALVE_ID_LAN><CT>" triggered "time" (time "9:44")
L 04/23/2018 - 12:51:07: "@te<23><VALVE_ID_LAN><CT>" triggered "latency" (ping "9")
L 04/23/2018 - 12:51:08: [META] ini: Begin re-reading plugins list: c:/valve/cstrike/addons/metamod/plugins.ini
L 04/23/2018 - 12:51:08: [META] ini: Read plugin config for: AMX
L 04/23/2018 - 12:51:08: [META] ini: Read plugin config for: WinHL-Booster
L 04/23/2018 - 12:51:08: [META] ERROR: ini: Skipping plugin, couldn't stat file 'addons/hlguard/dlls/hlguard_mm_nightly.dll': No such file or directory
L 04/23/2018 - 12:51:08: [META] ini: Read plugin config for: WebMod
L 04/23/2018 - 12:51:08: [META] ini: Finished reading plugins list: c:/valve/cstrike/addons/metamod/plugins.ini; Found 3 plugins
L 04/23/2018 - 12:51:08: [META] dll: Updating plugins...
L 04/23/2018 - 12:51:08: [META] ERROR: dll: Failed query plugin '<hlguard_mm_nightly.dll>'; Couldn't open file 'addons/hlguard/dlls/hlguard_mm_nightly.dll': Não foi possível encontrar o módulo especificado.

L 04/23/2018 - 12:51:08: [META] ERROR: dll: Skipping plugin '<hlguard_mm_nightly.dll>'; couldn't query
L 04/23/2018 - 12:51:08: [META] dll: Finished updating 6 plugins; kept 3, loaded 0, unloaded 0, reloaded 0, delayed 0
L 04/23/2018 - 12:51:08: Server shutdown
L 04/23/2018 - 12:51:08: Log file closed
