L 05/09/2018 - 12:31:00: Log file started (file "logs\L0509000.log") (game "cstrike") (version "47/1.1.2.2/2603")
L 05/09/2018 - 12:31:00: "Calango<12><VALVE_ID_LAN><>" entered the game
L 05/09/2018 - 12:31:00: "TUX<13><VALVE_ID_LAN><>" entered the game
L 05/09/2018 - 12:31:02: "TUX<13><VALVE_ID_LAN><>" joined team "TERRORIST"
L 05/09/2018 - 12:31:02: "Jack<14><VALVE_ID_LAN><>" connected, address "10.15.2.104:27005"
L 05/09/2018 - 12:31:02: World triggered "Game_Commencing"
L 05/09/2018 - 12:31:02: World triggered "Game_Commencing" (CT "0") (T "0")
L 05/09/2018 - 12:31:02: World triggered "Round_End"
L 05/09/2018 - 12:31:02: "Calango<12><VALVE_ID_LAN><>" joined team "CT"
L 05/09/2018 - 12:31:05: World triggered "Round_Start"
L 05/09/2018 - 12:31:06: "Jack<14><VALVE_ID_LAN><>" entered the game
L 05/09/2018 - 12:31:08: "Jack<14><VALVE_ID_LAN><>" joined team "CT"
L 05/09/2018 - 12:31:09: "TUX<13><VALVE_ID_LAN><TERRORIST>" killed "Cap. Billy<11><VALVE_ID_LOOPBACK><CT>" with "m4a1"
L 05/09/2018 - 12:31:10: "jaca paladium<15><VALVE_ID_LAN><>" connected, address "10.15.2.108:27005"
L 05/09/2018 - 12:31:12: "jaca paladium<15><VALVE_ID_LAN><>" entered the game
L 05/09/2018 - 12:31:13: "jaca paladium<15><VALVE_ID_LAN><>" joined team "TERRORIST"
L 05/09/2018 - 12:31:15: "XXBOT Wayne<16><BOT><>" joined team "TERRORIST"
L 05/09/2018 - 12:31:15: Server cvar "bot_quota" = "1"
L 05/09/2018 - 12:31:15: "XXBOT Wayne<16><BOT><>" entered the game
L 05/09/2018 - 12:31:16: "Calango<12><VALVE_ID_LAN><CT>" killed "TUX<13><VALVE_ID_LAN><TERRORIST>" with "ak47"
L 05/09/2018 - 12:31:16: "Smolder<17><VALVE_ID_LAN><>" connected, address "10.15.3.173:27005"
L 05/09/2018 - 12:31:17: "jaca paladium<15><VALVE_ID_LAN><TERRORIST>" killed "Jack<14><VALVE_ID_LAN><CT>" with "aug"
L 05/09/2018 - 12:31:20: "jaca paladium<15><VALVE_ID_LAN><TERRORIST>" killed "Calango<12><VALVE_ID_LAN><CT>" with "aug"
L 05/09/2018 - 12:31:20: Team "TERRORIST" triggered "Terrorists_Win" (CT "0") (T "1")
L 05/09/2018 - 12:31:20: World triggered "Round_End"
L 05/09/2018 - 12:31:20: "Smolder<17><VALVE_ID_LAN><>" entered the game
L 05/09/2018 - 12:31:23: "Smolder<17><VALVE_ID_LAN><>" joined team "TERRORIST"
L 05/09/2018 - 12:31:25: World triggered "Round_Start"
L 05/09/2018 - 12:31:27: Server cvar "bot_quota" = "0"
L 05/09/2018 - 12:31:27: Kick: "XXBOT Wayne<16><UNKNOWN><>" was kicked by "Cap. Billy"
L 05/09/2018 - 12:31:27: "XXBOT Wayne<16><BOT><TERRORIST>" disconnected
L 05/09/2018 - 12:31:29: "Smolder<17><VALVE_ID_LAN><TERRORIST>" killed "Cap. Billy<11><VALVE_ID_LOOPBACK><CT>" with "mp5navy"
L 05/09/2018 - 12:31:31: "Smolder<17><VALVE_ID_LAN><TERRORIST>" killed "Jack<14><VALVE_ID_LAN><CT>" with "mp5navy"
L 05/09/2018 - 12:31:32: "Calango<12><VALVE_ID_LAN><CT>" killed "TUX<13><VALVE_ID_LAN><TERRORIST>" with "mac10"
L 05/09/2018 - 12:31:38: "Calango<12><VALVE_ID_LAN><CT>" killed "Smolder<17><VALVE_ID_LAN><TERRORIST>" with "mac10"
L 05/09/2018 - 12:31:46: "Calango<12><VALVE_ID_LAN><CT>" killed "jaca paladium<15><VALVE_ID_LAN><TERRORIST>" with "mac10"
L 05/09/2018 - 12:31:46: Team "CT" triggered "CTs_Win" (CT "1") (T "1")
L 05/09/2018 - 12:31:46: World triggered "Round_End"
L 05/09/2018 - 12:31:51: World triggered "Round_Start"
L 05/09/2018 - 12:31:55: "Smolder<17><VALVE_ID_LAN><TERRORIST>" killed "Cap. Billy<11><VALVE_ID_LOOPBACK><CT>" with "ak47"
L 05/09/2018 - 12:31:55: "Smolder<17><VALVE_ID_LAN><TERRORIST>" killed "Calango<12><VALVE_ID_LAN><CT>" with "ak47"
L 05/09/2018 - 12:31:57: "jaca paladium<15><VALVE_ID_LAN><TERRORIST>" killed "Smolder<17><VALVE_ID_LAN><TERRORIST>" with "m4a1"
L 05/09/2018 - 12:32:00: "Jack<14><VALVE_ID_LAN><CT>" killed "TUX<13><VALVE_ID_LAN><TERRORIST>" with "m4a1"
L 05/09/2018 - 12:32:07: "Jack<14><VALVE_ID_LAN><CT>" killed "jaca paladium<15><VALVE_ID_LAN><TERRORIST>" with "m4a1"
L 05/09/2018 - 12:32:07: Team "CT" triggered "CTs_Win" (CT "2") (T "1")
L 05/09/2018 - 12:32:07: World triggered "Round_End"
L 05/09/2018 - 12:32:12: World triggered "Round_Start"
L 05/09/2018 - 12:32:12: "jaca paladium<15><VALVE_ID_LAN><TERRORIST>" committed suicide with "world"
L 05/09/2018 - 12:32:16: "Smolder<17><VALVE_ID_LAN><TERRORIST>" killed "Cap. Billy<11><VALVE_ID_LOOPBACK><CT>" with "mp5navy"
L 05/09/2018 - 12:32:26: "Jack<14><VALVE_ID_LAN><CT>" killed "TUX<13><VALVE_ID_LAN><TERRORIST>" with "m4a1"
L 05/09/2018 - 12:32:27: "Smolder<17><VALVE_ID_LAN><TERRORIST>" killed "Calango<12><VALVE_ID_LAN><CT>" with "mp5navy"
L 05/09/2018 - 12:32:27: "Jack<14><VALVE_ID_LAN><CT>" killed "Smolder<17><VALVE_ID_LAN><TERRORIST>" with "m4a1"
L 05/09/2018 - 12:32:27: Team "CT" triggered "CTs_Win" (CT "3") (T "1")
L 05/09/2018 - 12:32:27: World triggered "Round_End"
L 05/09/2018 - 12:32:32: World triggered "Round_Start"
L 05/09/2018 - 12:32:36: "Cap. Billy<11><VALVE_ID_LOOPBACK><CT>" killed "TUX<13><VALVE_ID_LAN><TERRORIST>" with "xm1014"
L 05/09/2018 - 12:32:38: "Cap. Billy<11><VALVE_ID_LOOPBACK><CT>" killed "Smolder<17><VALVE_ID_LAN><TERRORIST>" with "xm1014"
L 05/09/2018 - 12:32:39: "Calango<12><VALVE_ID_LAN><CT>" killed "jaca paladium<15><VALVE_ID_LAN><TERRORIST>" with "aug"
L 05/09/2018 - 12:32:39: Team "CT" triggered "CTs_Win" (CT "4") (T "1")
L 05/09/2018 - 12:32:39: World triggered "Round_End"
L 05/09/2018 - 12:32:44: World triggered "Round_Start"
L 05/09/2018 - 12:32:49: "TUX<13><VALVE_ID_LAN><TERRORIST>" killed "Cap. Billy<11><VALVE_ID_LOOPBACK><CT>" with "m3"
L 05/09/2018 - 12:32:50: "Calango<12><VALVE_ID_LAN><CT>" killed "jaca paladium<15><VALVE_ID_LAN><TERRORIST>" with "xm1014"
L 05/09/2018 - 12:32:51: "Smolder<17><VALVE_ID_LAN><TERRORIST>" killed "Jack<14><VALVE_ID_LAN><CT>" with "xm1014"
L 05/09/2018 - 12:32:59: "Calango<12><VALVE_ID_LAN><CT>" killed "Smolder<17><VALVE_ID_LAN><TERRORIST>" with "xm1014"
L 05/09/2018 - 12:33:05: "TUX<13><VALVE_ID_LAN><TERRORIST>" killed "Calango<12><VALVE_ID_LAN><CT>" with "xm1014"
L 05/09/2018 - 12:33:05: Team "TERRORIST" triggered "Terrorists_Win" (CT "4") (T "2")
L 05/09/2018 - 12:33:05: World triggered "Round_End"
L 05/09/2018 - 12:33:10: World triggered "Round_Start"
L 05/09/2018 - 12:33:16: "jaca paladium<15><VALVE_ID_LAN><TERRORIST>" killed "Cap. Billy<11><VALVE_ID_LOOPBACK><CT>" with "ak47"
L 05/09/2018 - 12:33:29: "Smolder<17><VALVE_ID_LAN><TERRORIST>" killed "Calango<12><VALVE_ID_LAN><CT>" with "xm1014"
L 05/09/2018 - 12:33:30: "TUX<13><VALVE_ID_LAN><TERRORIST>" killed "Jack<14><VALVE_ID_LAN><CT>" with "xm1014"
L 05/09/2018 - 12:33:30: Team "TERRORIST" triggered "Terrorists_Win" (CT "4") (T "3")
L 05/09/2018 - 12:33:30: World triggered "Round_End"
L 05/09/2018 - 12:33:35: World triggered "Round_Start"
L 05/09/2018 - 12:33:42: "Cap. Billy<11><VALVE_ID_LOOPBACK><CT>" killed "TUX<13><VALVE_ID_LAN><TERRORIST>" with "m4a1"
L 05/09/2018 - 12:33:45: "jaca paladium<15><VALVE_ID_LAN><TERRORIST>" killed "Cap. Billy<11><VALVE_ID_LOOPBACK><CT>" with "ak47"
L 05/09/2018 - 12:33:46: "Calango<12><VALVE_ID_LAN><CT>" killed "Smolder<17><VALVE_ID_LAN><TERRORIST>" with "awp"
L 05/09/2018 - 12:33:55: "jaca paladium<15><VALVE_ID_LAN><TERRORIST>" killed "Calango<12><VALVE_ID_LAN><CT>" with "ak47"
L 05/09/2018 - 12:34:17: "Jack<14><VALVE_ID_LAN><CT>" killed "jaca paladium<15><VALVE_ID_LAN><TERRORIST>" with "aug"
L 05/09/2018 - 12:34:17: Team "CT" triggered "CTs_Win" (CT "5") (T "3")
L 05/09/2018 - 12:34:17: World triggered "Round_End"
L 05/09/2018 - 12:34:22: World triggered "Round_Start"
L 05/09/2018 - 12:34:25: "Smolder<17><VALVE_ID_LAN><TERRORIST>" killed "Calango<12><VALVE_ID_LAN><CT>" with "xm1014"
L 05/09/2018 - 12:34:26: "Jack<14><VALVE_ID_LAN><CT>" killed "jaca paladium<15><VALVE_ID_LAN><TERRORIST>" with "aug"
L 05/09/2018 - 12:34:26: "Smolder<17><VALVE_ID_LAN><TERRORIST>" killed "Jack<14><VALVE_ID_LAN><CT>" with "xm1014"
L 05/09/2018 - 12:34:27: "TUX<13><VALVE_ID_LAN><TERRORIST>" killed "Cap. Billy<11><VALVE_ID_LOOPBACK><CT>" with "mp5navy"
L 05/09/2018 - 12:34:27: Team "TERRORIST" triggered "Terrorists_Win" (CT "5") (T "4")
L 05/09/2018 - 12:34:27: World triggered "Round_End"
L 05/09/2018 - 12:34:32: World triggered "Round_Start"
L 05/09/2018 - 12:34:37: "Cap. Billy<11><VALVE_ID_LOOPBACK><CT>" killed "jaca paladium<15><VALVE_ID_LAN><TERRORIST>" with "mac10"
L 05/09/2018 - 12:34:38: "Smolder<17><VALVE_ID_LAN><TERRORIST>" killed "Jack<14><VALVE_ID_LAN><CT>" with "xm1014"
L 05/09/2018 - 12:34:38: "Calango<12><VALVE_ID_LAN><CT>" killed "TUX<13><VALVE_ID_LAN><TERRORIST>" with "xm1014"
L 05/09/2018 - 12:34:42: "Smolder<17><VALVE_ID_LAN><TERRORIST>" killed "Cap. Billy<11><VALVE_ID_LOOPBACK><CT>" with "xm1014"
L 05/09/2018 - 12:34:46: "Calango<12><VALVE_ID_LAN><CT>" killed "Smolder<17><VALVE_ID_LAN><TERRORIST>" with "xm1014"
L 05/09/2018 - 12:34:46: Team "CT" triggered "CTs_Win" (CT "6") (T "4")
L 05/09/2018 - 12:34:46: World triggered "Round_End"
L 05/09/2018 - 12:34:51: World triggered "Round_Start"
L 05/09/2018 - 12:34:58: "Calango<12><VALVE_ID_LAN><CT>" killed "TUX<13><VALVE_ID_LAN><TERRORIST>" with "xm1014"
L 05/09/2018 - 12:34:59: "Cap. Billy<11><VALVE_ID_LOOPBACK><CT>" killed "jaca paladium<15><VALVE_ID_LAN><TERRORIST>" with "mp5navy"
L 05/09/2018 - 12:34:59: "Calango<12><VALVE_ID_LAN><CT>" killed "Smolder<17><VALVE_ID_LAN><TERRORIST>" with "xm1014"
L 05/09/2018 - 12:34:59: Team "CT" triggered "CTs_Win" (CT "7") (T "4")
L 05/09/2018 - 12:34:59: World triggered "Round_End"
L 05/09/2018 - 12:35:04: World triggered "Round_Start"
L 05/09/2018 - 12:35:08: "Smolder<17><VALVE_ID_LAN><TERRORIST>" killed "Calango<12><VALVE_ID_LAN><CT>" with "mp5navy"
L 05/09/2018 - 12:35:08: "Cap. Billy<11><VALVE_ID_LOOPBACK><CT>" killed "Smolder<17><VALVE_ID_LAN><TERRORIST>" with "mp5navy"
L 05/09/2018 - 12:35:10: "Cap. Billy<11><VALVE_ID_LOOPBACK><CT>" killed "TUX<13><VALVE_ID_LAN><TERRORIST>" with "mp5navy"
L 05/09/2018 - 12:35:15: "jaca paladium<15><VALVE_ID_LAN><TERRORIST>" killed "Jack<14><VALVE_ID_LAN><CT>" with "aug"
L 05/09/2018 - 12:35:18: "jaca paladium<15><VALVE_ID_LAN><TERRORIST>" killed "Cap. Billy<11><VALVE_ID_LOOPBACK><CT>" with "aug"
L 05/09/2018 - 12:35:18: Team "TERRORIST" triggered "Terrorists_Win" (CT "7") (T "5")
L 05/09/2018 - 12:35:18: World triggered "Round_End"
L 05/09/2018 - 12:35:23: World triggered "Round_Start"
L 05/09/2018 - 12:35:26: "Jack<14><VALVE_ID_LAN><CT>" killed "Smolder<17><VALVE_ID_LAN><TERRORIST>" with "aug"
L 05/09/2018 - 12:35:27: "TUX<13><VALVE_ID_LAN><TERRORIST>" killed "Cap. Billy<11><VALVE_ID_LOOPBACK><CT>" with "mp5navy"
L 05/09/2018 - 12:35:31: "Calango<12><VALVE_ID_LAN><CT>" killed "jaca paladium<15><VALVE_ID_LAN><TERRORIST>" with "m4a1"
L 05/09/2018 - 12:35:38: "Jack<14><VALVE_ID_LAN><CT>" killed "Calango<12><VALVE_ID_LAN><CT>" with "grenade"
L 05/09/2018 - 12:35:40: "TUX<13><VALVE_ID_LAN><TERRORIST>" killed "Jack<14><VALVE_ID_LAN><CT>" with "mp5navy"
L 05/09/2018 - 12:35:40: Team "TERRORIST" triggered "Terrorists_Win" (CT "7") (T "6")
L 05/09/2018 - 12:35:40: World triggered "Round_End"
L 05/09/2018 - 12:35:41: "@te<18><VALVE_ID_LAN><>" connected, address "10.15.2.23:27005"
L 05/09/2018 - 12:35:45: World triggered "Round_Start"
L 05/09/2018 - 12:35:45: "Jack<14><VALVE_ID_LAN><CT>" committed suicide with "world"
L 05/09/2018 - 12:35:49: "Cap. Billy<11><VALVE_ID_LOOPBACK><CT>" killed "Smolder<17><VALVE_ID_LAN><TERRORIST>" with "mac10"
L 05/09/2018 - 12:35:50: "TUX<13><VALVE_ID_LAN><TERRORIST>" killed "Calango<12><VALVE_ID_LAN><CT>" with "mp5navy"
L 05/09/2018 - 12:35:51: "@te<18><VALVE_ID_LAN><>" entered the game
L 05/09/2018 - 12:35:54: "jaca paladium<15><VALVE_ID_LAN><TERRORIST>" killed "Cap. Billy<11><VALVE_ID_LOOPBACK><CT>" with "aug"
L 05/09/2018 - 12:35:54: Team "TERRORIST" triggered "Terrorists_Win" (CT "7") (T "7")
L 05/09/2018 - 12:35:54: World triggered "Round_End"
L 05/09/2018 - 12:35:56: "@te<18><VALVE_ID_LAN><>" joined team "CT"
L 05/09/2018 - 12:35:59: World triggered "Round_Start"
L 05/09/2018 - 12:36:02: "XXBOT Dan<19><BOT><>" joined team "TERRORIST"
L 05/09/2018 - 12:36:02: Server cvar "bot_quota" = "1"
L 05/09/2018 - 12:36:02: "XXBOT Dan<19><BOT><>" entered the game
L 05/09/2018 - 12:36:04: "Jack<14><VALVE_ID_LAN><CT>" killed "TUX<13><VALVE_ID_LAN><TERRORIST>" with "xm1014"
L 05/09/2018 - 12:36:06: "jaca paladium<15><VALVE_ID_LAN><TERRORIST>" killed "Calango<12><VALVE_ID_LAN><CT>" with "aug"
L 05/09/2018 - 12:36:07: "jaca paladium<15><VALVE_ID_LAN><TERRORIST>" killed "Jack<14><VALVE_ID_LAN><CT>" with "aug"
L 05/09/2018 - 12:36:09: "jaca paladium<15><VALVE_ID_LAN><TERRORIST>" killed "@te<18><VALVE_ID_LAN><CT>" with "aug"
L 05/09/2018 - 12:36:11: "jaca paladium<15><VALVE_ID_LAN><TERRORIST>" killed "Cap. Billy<11><VALVE_ID_LOOPBACK><CT>" with "aug"
L 05/09/2018 - 12:36:11: Team "TERRORIST" triggered "Terrorists_Win" (CT "7") (T "8")
L 05/09/2018 - 12:36:11: World triggered "Round_End"
L 05/09/2018 - 12:36:14: "Calango<12><VALVE_ID_LAN><CT>" say "reiosse" (dead)
L 05/09/2018 - 12:36:16: World triggered "Round_Start"
L 05/09/2018 - 12:36:16: "Calango<12><VALVE_ID_LAN><CT>" say "armadilha"
L 05/09/2018 - 12:36:19: "Jack<14><VALVE_ID_LAN><CT>" say "jaca fodao"
L 05/09/2018 - 12:36:22: "Cap. Billy<11><VALVE_ID_LOOPBACK><CT>" killed "TUX<13><VALVE_ID_LAN><TERRORIST>" with "aug"
L 05/09/2018 - 12:36:22: "Calango<12><VALVE_ID_LAN><CT>" killed "jaca paladium<15><VALVE_ID_LAN><TERRORIST>" with "mac10"
L 05/09/2018 - 12:36:25: "@te<18><VALVE_ID_LAN><CT>" killed "Smolder<17><VALVE_ID_LAN><TERRORIST>" with "aug"
L 05/09/2018 - 12:36:27: "Calango<12><VALVE_ID_LAN><CT>" killed "XXBOT Dan<19><BOT><TERRORIST>" with "knife"
L 05/09/2018 - 12:36:27: Team "CT" triggered "CTs_Win" (CT "8") (T "8")
L 05/09/2018 - 12:36:27: World triggered "Round_End"
L 05/09/2018 - 12:36:30: "jaca paladium<15><VALVE_ID_LAN><TERRORIST>" say "kkkk" (dead)
L 05/09/2018 - 12:36:30: "Jack<14><VALVE_ID_LAN><CT>" say "boa tarde"
L 05/09/2018 - 12:36:32: World triggered "Round_Start"
L 05/09/2018 - 12:36:34: "Smolder<17><VALVE_ID_LAN><TERRORIST>" killed "Jack<14><VALVE_ID_LAN><CT>" with "aug"
L 05/09/2018 - 12:36:36: "Smolder<17><VALVE_ID_LAN><TERRORIST>" killed "Calango<12><VALVE_ID_LAN><CT>" with "aug"
L 05/09/2018 - 12:36:38: "Cap. Billy<11><VALVE_ID_LOOPBACK><CT>" killed "TUX<13><VALVE_ID_LAN><TERRORIST>" with "ak47"
L 05/09/2018 - 12:36:40: "Cap. Billy<11><VALVE_ID_LOOPBACK><CT>" killed "XXBOT Dan<19><BOT><TERRORIST>" with "ak47"
L 05/09/2018 - 12:36:42: "Cap. Billy<11><VALVE_ID_LOOPBACK><CT>" killed "jaca paladium<15><VALVE_ID_LAN><TERRORIST>" with "ak47"
L 05/09/2018 - 12:36:42: "Smolder<17><VALVE_ID_LAN><TERRORIST>" killed "@te<18><VALVE_ID_LAN><CT>" with "knife"
L 05/09/2018 - 12:36:47: "Calango<12><VALVE_ID_LAN><CT>" say "reosse" (dead)
L 05/09/2018 - 12:36:51: "Cap. Billy<11><VALVE_ID_LOOPBACK><CT>" killed "Smolder<17><VALVE_ID_LAN><TERRORIST>" with "ak47"
L 05/09/2018 - 12:36:51: Team "CT" triggered "CTs_Win" (CT "9") (T "8")
L 05/09/2018 - 12:36:51: World triggered "Round_End"
L 05/09/2018 - 12:36:55: "Smolder<17><VALVE_ID_LAN><TERRORIST>" say "boas tarde" (dead)
L 05/09/2018 - 12:36:56: World triggered "Round_Start"
L 05/09/2018 - 12:37:01: "Cap. Billy<11><VALVE_ID_LOOPBACK><CT>" killed "XXBOT Dan<19><BOT><TERRORIST>" with "ak47"
L 05/09/2018 - 12:37:01: "TUX<13><VALVE_ID_LAN><TERRORIST>" killed "Calango<12><VALVE_ID_LAN><CT>" with "ak47"
L 05/09/2018 - 12:37:08: "TUX<13><VALVE_ID_LAN><TERRORIST>" killed "Jack<14><VALVE_ID_LAN><CT>" with "ak47"
L 05/09/2018 - 12:37:09: "jaca paladium<15><VALVE_ID_LAN><TERRORIST>" killed "Cap. Billy<11><VALVE_ID_LOOPBACK><CT>" with "ak47"
L 05/09/2018 - 12:37:13: "@te<18><VALVE_ID_LAN><CT>" killed "TUX<13><VALVE_ID_LAN><TERRORIST>" with "knife"
L 05/09/2018 - 12:37:19: "Calango<12><VALVE_ID_LAN><CT>" say "ui" (dead)
L 05/09/2018 - 12:37:23: "Cap. Billy<11><VALVE_ID_LOOPBACK><CT>" say "NA CARA" (dead)
L 05/09/2018 - 12:37:28: "Smolder<17><VALVE_ID_LAN><TERRORIST>" killed "@te<18><VALVE_ID_LAN><CT>" with "knife"
L 05/09/2018 - 12:37:28: Team "TERRORIST" triggered "Terrorists_Win" (CT "9") (T "9")
L 05/09/2018 - 12:37:28: World triggered "Round_End"
L 05/09/2018 - 12:37:28: "Jack<14><VALVE_ID_LAN><CT>" say "fone" (dead)
L 05/09/2018 - 12:37:30: "Jack<14><VALVE_ID_LAN><CT>" say "fone" (dead)
L 05/09/2018 - 12:37:32: "Calango<12><VALVE_ID_LAN><CT>" say "aaaa @" (dead)
L 05/09/2018 - 12:37:33: World triggered "Round_Start"
L 05/09/2018 - 12:37:36: "Cap. Billy<11><VALVE_ID_LOOPBACK><CT>" killed "XXBOT Dan<19><BOT><TERRORIST>" with "xm1014"
L 05/09/2018 - 12:37:40: "@te<18><VALVE_ID_LAN><CT>" killed "Smolder<17><VALVE_ID_LAN><TERRORIST>" with "aug"
L 05/09/2018 - 12:37:40: "@te<18><VALVE_ID_LAN><CT>" killed "jaca paladium<15><VALVE_ID_LAN><TERRORIST>" with "aug"
L 05/09/2018 - 12:37:41: "Jack<14><VALVE_ID_LAN><CT>" killed "TUX<13><VALVE_ID_LAN><TERRORIST>" with "mp5navy"
L 05/09/2018 - 12:37:41: Team "CT" triggered "CTs_Win" (CT "10") (T "9")
L 05/09/2018 - 12:37:41: World triggered "Round_End"
L 05/09/2018 - 12:37:44: "Smolder<17><VALVE_ID_LAN><TERRORIST>" say "grande arroba" (dead)
L 05/09/2018 - 12:37:46: World triggered "Round_Start"
L 05/09/2018 - 12:37:50: "Cap. Billy<11><VALVE_ID_LOOPBACK><CT>" killed "XXBOT Dan<19><BOT><TERRORIST>" with "xm1014"
L 05/09/2018 - 12:37:51: "Jack<14><VALVE_ID_LAN><CT>" killed "TUX<13><VALVE_ID_LAN><TERRORIST>" with "mp5navy"
L 05/09/2018 - 12:37:53: "Cap. Billy<11><VALVE_ID_LOOPBACK><CT>" killed "jaca paladium<15><VALVE_ID_LAN><TERRORIST>" with "xm1014"
L 05/09/2018 - 12:37:54: "Cap. Billy<11><VALVE_ID_LOOPBACK><CT>" killed "Smolder<17><VALVE_ID_LAN><TERRORIST>" with "xm1014"
L 05/09/2018 - 12:37:54: Team "CT" triggered "CTs_Win" (CT "11") (T "9")
L 05/09/2018 - 12:37:54: World triggered "Round_End"
L 05/09/2018 - 12:37:59: World triggered "Round_Start"
L 05/09/2018 - 12:38:02: "Cap. Billy<11><VALVE_ID_LOOPBACK><CT>" killed "Jack<14><VALVE_ID_LAN><CT>" with "grenade"
L 05/09/2018 - 12:38:02: "Jack<14><VALVE_ID_LAN><CT>" killed "XXBOT Dan<19><BOT><TERRORIST>" with "grenade"
L 05/09/2018 - 12:38:03: "@te<18><VALVE_ID_LAN><CT>" killed "TUX<13><VALVE_ID_LAN><TERRORIST>" with "aug"
L 05/09/2018 - 12:38:03: "jaca paladium<15><VALVE_ID_LAN><TERRORIST>" killed "@te<18><VALVE_ID_LAN><CT>" with "m4a1"
L 05/09/2018 - 12:38:04: "Cap. Billy<11><VALVE_ID_LOOPBACK><CT>" killed "jaca paladium<15><VALVE_ID_LAN><TERRORIST>" with "xm1014"
L 05/09/2018 - 12:38:05: "Calango<12><VALVE_ID_LAN><CT>" killed "Smolder<17><VALVE_ID_LAN><TERRORIST>" with "mac10"
L 05/09/2018 - 12:38:05: Team "CT" triggered "CTs_Win" (CT "12") (T "9")
L 05/09/2018 - 12:38:05: World triggered "Round_End"
L 05/09/2018 - 12:38:10: "Cap. Billy<11><VALVE_ID_LOOPBACK><CT>" committed suicide with "world"
L 05/09/2018 - 12:38:10: World triggered "Round_Start"
L 05/09/2018 - 12:38:13: "Smolder<17><VALVE_ID_LAN><TERRORIST>" killed "Calango<12><VALVE_ID_LAN><CT>" with "m3"
L 05/09/2018 - 12:38:17: "Smolder<17><VALVE_ID_LAN><TERRORIST>" killed "@te<18><VALVE_ID_LAN><CT>" with "knife"
L 05/09/2018 - 12:38:19: "Jack<14><VALVE_ID_LAN><CT>" killed "jaca paladium<15><VALVE_ID_LAN><TERRORIST>" with "mac10"
L 05/09/2018 - 12:38:20: "XXBOT Dan<19><BOT><TERRORIST>" killed "Jack<14><VALVE_ID_LAN><CT>" with "glock18"
L 05/09/2018 - 12:38:20: Team "TERRORIST" triggered "Terrorists_Win" (CT "12") (T "10")
L 05/09/2018 - 12:38:20: World triggered "Round_End"
L 05/09/2018 - 12:38:22: "Calango<12><VALVE_ID_LAN><CT>" say "denovo @" (dead)
L 05/09/2018 - 12:38:25: World triggered "Round_Start"
L 05/09/2018 - 12:38:29: "TUX<13><VALVE_ID_LAN><TERRORIST>" killed "Jack<14><VALVE_ID_LAN><CT>" with "xm1014"
L 05/09/2018 - 12:38:30: "@te<18><VALVE_ID_LAN><CT>" killed "XXBOT Dan<19><BOT><TERRORIST>" with "xm1014"
L 05/09/2018 - 12:38:30: "Calango<12><VALVE_ID_LAN><CT>" killed "TUX<13><VALVE_ID_LAN><TERRORIST>" with "awp"
L 05/09/2018 - 12:38:30: "@te<18><VALVE_ID_LAN><CT>" killed "Smolder<17><VALVE_ID_LAN><TERRORIST>" with "xm1014"
L 05/09/2018 - 12:38:31: "jaca paladium<15><VALVE_ID_LAN><TERRORIST>" killed "@te<18><VALVE_ID_LAN><CT>" with "ak47"
L 05/09/2018 - 12:38:35: "Smolder<17><VALVE_ID_LAN><TERRORIST>" say "3x" (dead)
L 05/09/2018 - 12:38:37: "Calango<12><VALVE_ID_LAN><CT>" killed "jaca paladium<15><VALVE_ID_LAN><TERRORIST>" with "aug"
L 05/09/2018 - 12:38:37: Team "CT" triggered "CTs_Win" (CT "13") (T "10")
L 05/09/2018 - 12:38:37: World triggered "Round_End"
L 05/09/2018 - 12:38:42: World triggered "Round_Start"
L 05/09/2018 - 12:38:47: "jaca paladium<15><VALVE_ID_LAN><TERRORIST>" killed "Jack<14><VALVE_ID_LAN><CT>" with "aug"
L 05/09/2018 - 12:38:48: "Calango<12><VALVE_ID_LAN><CT>" killed "XXBOT Dan<19><BOT><TERRORIST>" with "aug"
L 05/09/2018 - 12:38:48: "Smolder<17><VALVE_ID_LAN><TERRORIST>" killed "@te<18><VALVE_ID_LAN><CT>" with "mp5navy"
L 05/09/2018 - 12:38:51: "Calango<12><VALVE_ID_LAN><CT>" killed "TUX<13><VALVE_ID_LAN><TERRORIST>" with "xm1014"
L 05/09/2018 - 12:38:54: "Calango<12><VALVE_ID_LAN><CT>" killed "Smolder<17><VALVE_ID_LAN><TERRORIST>" with "xm1014"
L 05/09/2018 - 12:38:56: "jaca paladium<15><VALVE_ID_LAN><TERRORIST>" killed "Calango<12><VALVE_ID_LAN><CT>" with "aug"
L 05/09/2018 - 12:38:58: "Cap. Billy<11><VALVE_ID_LOOPBACK><CT>" killed "jaca paladium<15><VALVE_ID_LAN><TERRORIST>" with "knife"
L 05/09/2018 - 12:38:58: Team "CT" triggered "CTs_Win" (CT "14") (T "10")
L 05/09/2018 - 12:38:58: World triggered "Round_End"
L 05/09/2018 - 12:39:01: "Jack<14><VALVE_ID_LAN><CT>" say "ai papai" (dead)
L 05/09/2018 - 12:39:01: "Calango<12><VALVE_ID_LAN><CT>" say "ui mamaeee" (dead)
L 05/09/2018 - 12:39:03: World triggered "Round_Start"
L 05/09/2018 - 12:39:03: "@te<18><VALVE_ID_LAN><CT>" say "uo"
L 05/09/2018 - 12:39:08: "@te<18><VALVE_ID_LAN><CT>" killed "jaca paladium<15><VALVE_ID_LAN><TERRORIST>" with "aug"
L 05/09/2018 - 12:39:09: "TUX<13><VALVE_ID_LAN><TERRORIST>" killed "Jack<14><VALVE_ID_LAN><CT>" with "xm1014"
L 05/09/2018 - 12:39:10: "Smolder<17><VALVE_ID_LAN><TERRORIST>" killed "@te<18><VALVE_ID_LAN><CT>" with "mp5navy"
L 05/09/2018 - 12:39:10: Server cvar "amx_nextmap" = "fy_stoneworld"
L 05/09/2018 - 12:39:11: "Smolder<17><VALVE_ID_LAN><TERRORIST>" killed "Cap. Billy<11><VALVE_ID_LOOPBACK><CT>" with "mp5navy"
L 05/09/2018 - 12:39:13: "TUX<13><VALVE_ID_LAN><TERRORIST>" killed "Calango<12><VALVE_ID_LAN><CT>" with "xm1014"
L 05/09/2018 - 12:39:13: Team "TERRORIST" triggered "Terrorists_Win" (CT "14") (T "11")
L 05/09/2018 - 12:39:13: World triggered "Round_End"
L 05/09/2018 - 12:39:18: World triggered "Round_Start"
L 05/09/2018 - 12:39:21: "Smolder<17><VALVE_ID_LAN><TERRORIST>" killed "Jack<14><VALVE_ID_LAN><CT>" with "grenade"
L 05/09/2018 - 12:39:24: "Cap. Billy<11><VALVE_ID_LOOPBACK><CT>" killed "XXBOT Dan<19><BOT><TERRORIST>" with "xm1014"
L 05/09/2018 - 12:39:26: "Cap. Billy<11><VALVE_ID_LOOPBACK><CT>" killed "Smolder<17><VALVE_ID_LAN><TERRORIST>" with "xm1014"
L 05/09/2018 - 12:39:27: "Cap. Billy<11><VALVE_ID_LOOPBACK><CT>" killed "TUX<13><VALVE_ID_LAN><TERRORIST>" with "xm1014"
L 05/09/2018 - 12:39:28: "@te<18><VALVE_ID_LAN><CT>" killed "jaca paladium<15><VALVE_ID_LAN><TERRORIST>" with "knife"
L 05/09/2018 - 12:39:28: Team "CT" triggered "CTs_Win" (CT "15") (T "11")
L 05/09/2018 - 12:39:28: World triggered "Round_End"
L 05/09/2018 - 12:39:33: World triggered "Round_Start"
L 05/09/2018 - 12:39:37: "Cap. Billy<11><VALVE_ID_LOOPBACK><CT>" killed "Smolder<17><VALVE_ID_LAN><TERRORIST>" with "xm1014"
L 05/09/2018 - 12:39:39: "Cap. Billy<11><VALVE_ID_LOOPBACK><CT>" killed "XXBOT Dan<19><BOT><TERRORIST>" with "xm1014"
L 05/09/2018 - 12:39:42: "Cap. Billy<11><VALVE_ID_LOOPBACK><CT>" killed "jaca paladium<15><VALVE_ID_LAN><TERRORIST>" with "xm1014"
L 05/09/2018 - 12:39:43: "Calango<12><VALVE_ID_LAN><CT>" killed "TUX<13><VALVE_ID_LAN><TERRORIST>" with "knife"
L 05/09/2018 - 12:39:43: Team "CT" triggered "CTs_Win" (CT "16") (T "11")
L 05/09/2018 - 12:39:43: World triggered "Round_End"
L 05/09/2018 - 12:39:48: World triggered "Round_Start"
L 05/09/2018 - 12:39:54: "Cap. Billy<11><VALVE_ID_LOOPBACK><CT>" killed "XXBOT Dan<19><BOT><TERRORIST>" with "xm1014"
L 05/09/2018 - 12:39:54: "Calango<12><VALVE_ID_LAN><CT>" killed "jaca paladium<15><VALVE_ID_LAN><TERRORIST>" with "m4a1"
L 05/09/2018 - 12:39:58: "@te<18><VALVE_ID_LAN><CT>" killed "Smolder<17><VALVE_ID_LAN><TERRORIST>" with "aug"
L 05/09/2018 - 12:40:02: "Jack<14><VALVE_ID_LAN><CT>" killed "Calango<12><VALVE_ID_LAN><CT>" with "mac10"
L 05/09/2018 - 12:40:03: "Cap. Billy<11><VALVE_ID_LOOPBACK><CT>" killed "TUX<13><VALVE_ID_LAN><TERRORIST>" with "xm1014"
L 05/09/2018 - 12:40:03: Team "CT" triggered "CTs_Win" (CT "17") (T "11")
L 05/09/2018 - 12:40:03: World triggered "Round_End"
L 05/09/2018 - 12:40:06: "Calango<12><VALVE_ID_LAN><CT>" say "aiii" (dead)
L 05/09/2018 - 12:40:08: World triggered "Round_Start"
L 05/09/2018 - 12:40:08: "Jack<14><VALVE_ID_LAN><CT>" committed suicide with "world"
L 05/09/2018 - 12:40:13: "Calango<12><VALVE_ID_LAN><CT>" killed "jaca paladium<15><VALVE_ID_LAN><TERRORIST>" with "aug"
L 05/09/2018 - 12:40:13: "TUX<13><VALVE_ID_LAN><TERRORIST>" killed "Cap. Billy<11><VALVE_ID_LOOPBACK><CT>" with "ak47"
L 05/09/2018 - 12:40:14: "XXBOT Dan<19><BOT><TERRORIST>" killed "Calango<12><VALVE_ID_LAN><CT>" with "ak47"
L 05/09/2018 - 12:40:17: "Smolder<17><VALVE_ID_LAN><TERRORIST>" killed "@te<18><VALVE_ID_LAN><CT>" with "knife"
L 05/09/2018 - 12:40:17: Team "TERRORIST" triggered "Terrorists_Win" (CT "17") (T "12")
L 05/09/2018 - 12:40:17: World triggered "Round_End"
L 05/09/2018 - 12:40:22: World triggered "Round_Start"
L 05/09/2018 - 12:40:22: "Calango<12><VALVE_ID_LAN><CT>" say "cuidado @"
L 05/09/2018 - 12:40:27: "Jack<14><VALVE_ID_LAN><CT>" killed "Smolder<17><VALVE_ID_LAN><TERRORIST>" with "mp5navy"
L 05/09/2018 - 12:40:28: "Calango<12><VALVE_ID_LAN><CT>" killed "XXBOT Dan<19><BOT><TERRORIST>" with "aug"
L 05/09/2018 - 12:40:29: "Jack<14><VALVE_ID_LAN><CT>" killed "jaca paladium<15><VALVE_ID_LAN><TERRORIST>" with "mp5navy"
L 05/09/2018 - 12:40:31: "Cap. Billy<11><VALVE_ID_LOOPBACK><CT>" killed "TUX<13><VALVE_ID_LAN><TERRORIST>" with "knife"
L 05/09/2018 - 12:40:31: Team "CT" triggered "CTs_Win" (CT "18") (T "12")
L 05/09/2018 - 12:40:31: World triggered "Round_End"
L 05/09/2018 - 12:40:34: "Smolder<17><VALVE_ID_LAN><TERRORIST>" say "4x no grande arroba" (dead)
L 05/09/2018 - 12:40:36: World triggered "Round_Start"
L 05/09/2018 - 12:40:44: "Jack<14><VALVE_ID_LAN><CT>" killed "XXBOT Dan<19><BOT><TERRORIST>" with "mp5navy"
L 05/09/2018 - 12:40:45: "Smolder<17><VALVE_ID_LAN><TERRORIST>" killed "Cap. Billy<11><VALVE_ID_LOOPBACK><CT>" with "knife"
L 05/09/2018 - 12:40:45: "Jack<14><VALVE_ID_LAN><CT>" killed "TUX<13><VALVE_ID_LAN><TERRORIST>" with "mp5navy"
L 05/09/2018 - 12:40:46: "jaca paladium<15><VALVE_ID_LAN><TERRORIST>" killed "@te<18><VALVE_ID_LAN><CT>" with "aug"
L 05/09/2018 - 12:40:50: "Smolder<17><VALVE_ID_LAN><TERRORIST>" killed "Calango<12><VALVE_ID_LAN><CT>" with "knife"
L 05/09/2018 - 12:40:53: "Smolder<17><VALVE_ID_LAN><TERRORIST>" killed "Jack<14><VALVE_ID_LAN><CT>" with "glock18"
L 05/09/2018 - 12:40:53: Team "TERRORIST" triggered "Terrorists_Win" (CT "18") (T "13")
L 05/09/2018 - 12:40:53: World triggered "Round_End"
L 05/09/2018 - 12:40:56: "Calango<12><VALVE_ID_LAN><CT>" say "covardes" (dead)
L 05/09/2018 - 12:40:58: World triggered "Round_Start"
L 05/09/2018 - 12:41:01: "Jack<14><VALVE_ID_LAN><CT>" killed "TUX<13><VALVE_ID_LAN><TERRORIST>" with "usp"
L 05/09/2018 - 12:41:03: "Calango<12><VALVE_ID_LAN><CT>" killed "jaca paladium<15><VALVE_ID_LAN><TERRORIST>" with "mac10"
L 05/09/2018 - 12:41:03: "Cap. Billy<11><VALVE_ID_LOOPBACK><CT>" killed "XXBOT Dan<19><BOT><TERRORIST>" with "xm1014"
L 05/09/2018 - 12:41:05: Team "CT" scored "18" with "4" players
L 05/09/2018 - 12:41:05: Team "TERRORIST" scored "13" with "4" players
L 05/09/2018 - 12:41:08: "Cap. Billy<11><VALVE_ID_LOOPBACK><CT>" triggered "weaponstats" (weapon "grenade") (shots "12") (hits "15") (kills "1") (headshots "0") (tks "1") (damage "436") (deaths "0")
L 05/09/2018 - 12:41:08: "Cap. Billy<11><VALVE_ID_LOOPBACK><CT>" triggered "weaponstats2" (weapon "grenade") (head "0") (chest "0") (stomach "0") (leftarm "0") (rightarm "0") (leftleg "0") (rightleg "0")
L 05/09/2018 - 12:41:08: "Cap. Billy<11><VALVE_ID_LOOPBACK><CT>" triggered "weaponstats" (weapon "xm1014") (shots "45") (hits "25") (kills "16") (headshots "1") (tks "0") (damage "2426") (deaths "7")
L 05/09/2018 - 12:41:08: "Cap. Billy<11><VALVE_ID_LOOPBACK><CT>" triggered "weaponstats2" (weapon "xm1014") (head "2") (chest "2") (stomach "2") (leftarm "10") (rightarm "5") (leftleg "1") (rightleg "3")
L 05/09/2018 - 12:41:08: "Cap. Billy<11><VALVE_ID_LOOPBACK><CT>" triggered "weaponstats" (weapon "mac10") (shots "44") (hits "8") (kills "2") (headshots "1") (tks "0") (damage "285") (deaths "2")
L 05/09/2018 - 12:41:08: "Cap. Billy<11><VALVE_ID_LOOPBACK><CT>" triggered "weaponstats2" (weapon "mac10") (head "1") (chest "1") (stomach "0") (leftarm "3") (rightarm "1") (leftleg "1") (rightleg "1")
L 05/09/2018 - 12:41:08: "Cap. Billy<11><VALVE_ID_LOOPBACK><CT>" triggered "weaponstats" (weapon "aug") (shots "40") (hits "6") (kills "1") (headshots "1") (tks "0") (damage "274") (deaths "1")
L 05/09/2018 - 12:41:08: "Cap. Billy<11><VALVE_ID_LOOPBACK><CT>" triggered "weaponstats2" (weapon "aug") (head "1") (chest "0") (stomach "0") (leftarm "1") (rightarm "4") (leftleg "0") (rightleg "0")
L 05/09/2018 - 12:41:08: "Cap. Billy<11><VALVE_ID_LOOPBACK><CT>" triggered "weaponstats" (weapon "usp") (shots "3") (hits "0") (kills "0") (headshots "0") (tks "0") (damage "0") (deaths "0")
L 05/09/2018 - 12:41:08: "Cap. Billy<11><VALVE_ID_LOOPBACK><CT>" triggered "weaponstats2" (weapon "usp") (head "0") (chest "0") (stomach "0") (leftarm "0") (rightarm "0") (leftleg "0") (rightleg "0")
L 05/09/2018 - 12:41:08: "Cap. Billy<11><VALVE_ID_LOOPBACK><CT>" triggered "weaponstats" (weapon "mp5navy") (shots "70") (hits "17") (kills "3") (headshots "2") (tks "0") (damage "518") (deaths "3")
L 05/09/2018 - 12:41:08: "Cap. Billy<11><VALVE_ID_LOOPBACK><CT>" triggered "weaponstats2" (weapon "mp5navy") (head "2") (chest "6") (stomach "1") (leftarm "7") (rightarm "1") (leftleg "0") (rightleg "0")
L 05/09/2018 - 12:41:08: "Cap. Billy<11><VALVE_ID_LOOPBACK><CT>" triggered "weaponstats" (weapon "m4a1") (shots "61") (hits "10") (kills "1") (headshots "0") (tks "0") (damage "311") (deaths "3")
L 05/09/2018 - 12:41:08: "Cap. Billy<11><VALVE_ID_LOOPBACK><CT>" triggered "weaponstats2" (weapon "m4a1") (head "0") (chest "5") (stomach "1") (leftarm "2") (rightarm "1") (leftleg "0") (rightleg "1")
L 05/09/2018 - 12:41:08: "Cap. Billy<11><VALVE_ID_LOOPBACK><CT>" triggered "weaponstats" (weapon "ak47") (shots "38") (hits "11") (kills "5") (headshots "1") (tks "0") (damage "502") (deaths "0")
L 05/09/2018 - 12:41:08: "Cap. Billy<11><VALVE_ID_LOOPBACK><CT>" triggered "weaponstats2" (weapon "ak47") (head "1") (chest "1") (stomach "2") (leftarm "6") (rightarm "0") (leftleg "0") (rightleg "1")
L 05/09/2018 - 12:41:08: "Cap. Billy<11><VALVE_ID_LOOPBACK><CT>" triggered "weaponstats" (weapon "knife") (shots "4") (hits "4") (kills "2") (headshots "1") (tks "0") (damage "390") (deaths "2")
L 05/09/2018 - 12:41:08: "Cap. Billy<11><VALVE_ID_LOOPBACK><CT>" triggered "weaponstats2" (weapon "knife") (head "2") (chest "0") (stomach "0") (leftarm "2") (rightarm "0") (leftleg "0") (rightleg "0")
L 05/09/2018 - 12:41:08: "Cap. Billy<11><VALVE_ID_LOOPBACK><CT>" triggered "time" (time "10:13")
L 05/09/2018 - 12:41:08: "Cap. Billy<11><VALVE_ID_LOOPBACK><CT>" triggered "latency" (ping "0")
L 05/09/2018 - 12:41:08: "Calango<12><VALVE_ID_LAN><CT>" triggered "weaponstats" (weapon "grenade") (shots "11") (hits "18") (kills "0") (headshots "0") (tks "0") (damage "725") (deaths "0")
L 05/09/2018 - 12:41:08: "Calango<12><VALVE_ID_LAN><CT>" triggered "weaponstats2" (weapon "grenade") (head "0") (chest "0") (stomach "0") (leftarm "0") (rightarm "0") (leftleg "0") (rightleg "0")
L 05/09/2018 - 12:41:08: "Calango<12><VALVE_ID_LAN><CT>" triggered "weaponstats" (weapon "xm1014") (shots "47") (hits "22") (kills "8") (headshots "0") (tks "0") (damage "1045") (deaths "5")
L 05/09/2018 - 12:41:08: "Calango<12><VALVE_ID_LAN><CT>" triggered "weaponstats2" (weapon "xm1014") (head "0") (chest "2") (stomach "3") (leftarm "5") (rightarm "3") (leftleg "3") (rightleg "6")
L 05/09/2018 - 12:41:08: "Calango<12><VALVE_ID_LAN><CT>" triggered "weaponstats" (weapon "mac10") (shots "92") (hits "21") (kills "6") (headshots "3") (tks "0") (damage "780") (deaths "4")
L 05/09/2018 - 12:41:08: "Calango<12><VALVE_ID_LAN><CT>" triggered "weaponstats2" (weapon "mac10") (head "3") (chest "6") (stomach "2") (leftarm "5") (rightarm "3") (leftleg "0") (rightleg "2")
L 05/09/2018 - 12:41:08: "Calango<12><VALVE_ID_LAN><CT>" triggered "weaponstats" (weapon "aug") (shots "49") (hits "15") (kills "5") (headshots "0") (tks "0") (damage "436") (deaths "1")
L 05/09/2018 - 12:41:08: "Calango<12><VALVE_ID_LAN><CT>" triggered "weaponstats2" (weapon "aug") (head "0") (chest "5") (stomach "0") (leftarm "6") (rightarm "3") (leftleg "1") (rightleg "0")
L 05/09/2018 - 12:41:08: "Calango<12><VALVE_ID_LAN><CT>" triggered "weaponstats" (weapon "usp") (shots "2") (hits "0") (kills "0") (headshots "0") (tks "0") (damage "0") (deaths "1")
L 05/09/2018 - 12:41:08: "Calango<12><VALVE_ID_LAN><CT>" triggered "weaponstats2" (weapon "usp") (head "0") (chest "0") (stomach "0") (leftarm "0") (rightarm "0") (leftleg "0") (rightleg "0")
L 05/09/2018 - 12:41:08: "Calango<12><VALVE_ID_LAN><CT>" triggered "weaponstats" (weapon "awp") (shots "8") (hits "3") (kills "2") (headshots "0") (tks "0") (damage "302") (deaths "2")
L 05/09/2018 - 12:41:08: "Calango<12><VALVE_ID_LAN><CT>" triggered "weaponstats2" (weapon "awp") (head "0") (chest "0") (stomach "0") (leftarm "2") (rightarm "0") (leftleg "0") (rightleg "1")
L 05/09/2018 - 12:41:08: "Calango<12><VALVE_ID_LAN><CT>" triggered "weaponstats" (weapon "m4a1") (shots "50") (hits "11") (kills "2") (headshots "1") (tks "0") (damage "403") (deaths "5")
L 05/09/2018 - 12:41:08: "Calango<12><VALVE_ID_LAN><CT>" triggered "weaponstats2" (weapon "m4a1") (head "1") (chest "3") (stomach "1") (leftarm "4") (rightarm "0") (leftleg "1") (rightleg "1")
L 05/09/2018 - 12:41:08: "Calango<12><VALVE_ID_LAN><CT>" triggered "weaponstats" (weapon "ak47") (shots "30") (hits "4") (kills "1") (headshots "0") (tks "0") (damage "81") (deaths "0")
L 05/09/2018 - 12:41:08: "Calango<12><VALVE_ID_LAN><CT>" triggered "weaponstats2" (weapon "ak47") (head "0") (chest "0") (stomach "0") (leftarm "2") (rightarm "0") (leftleg "2") (rightleg "0")
L 05/09/2018 - 12:41:08: "Calango<12><VALVE_ID_LAN><CT>" triggered "weaponstats" (weapon "knife") (shots "4") (hits "2") (kills "2") (headshots "1") (tks "0") (damage "325") (deaths "1")
L 05/09/2018 - 12:41:08: "Calango<12><VALVE_ID_LAN><CT>" triggered "weaponstats2" (weapon "knife") (head "1") (chest "0") (stomach "1") (leftarm "0") (rightarm "0") (leftleg "0") (rightleg "0")
L 05/09/2018 - 12:41:08: "Calango<12><VALVE_ID_LAN><CT>" triggered "time" (time "10:08")
L 05/09/2018 - 12:41:08: "Calango<12><VALVE_ID_LAN><CT>" triggered "latency" (ping "9")
L 05/09/2018 - 12:41:08: "TUX<13><VALVE_ID_LAN><TERRORIST>" triggered "weaponstats" (weapon "grenade") (shots "7") (hits "10") (kills "0") (headshots "0") (tks "0") (damage "440") (deaths "0")
L 05/09/2018 - 12:41:08: "TUX<13><VALVE_ID_LAN><TERRORIST>" triggered "weaponstats2" (weapon "grenade") (head "0") (chest "0") (stomach "0") (leftarm "0") (rightarm "0") (leftleg "0") (rightleg "0")
L 05/09/2018 - 12:41:08: "TUX<13><VALVE_ID_LAN><TERRORIST>" triggered "weaponstats" (weapon "xm1014") (shots "23") (hits "9") (kills "5") (headshots "2") (tks "0") (damage "900") (deaths "3")
L 05/09/2018 - 12:41:08: "TUX<13><VALVE_ID_LAN><TERRORIST>" triggered "weaponstats2" (weapon "xm1014") (head "3") (chest "1") (stomach "0") (leftarm "2") (rightarm "2") (leftleg "1") (rightleg "0")
L 05/09/2018 - 12:41:08: "TUX<13><VALVE_ID_LAN><TERRORIST>" triggered "weaponstats" (weapon "mac10") (shots "14") (hits "4") (kills "0") (headshots "0") (tks "0") (damage "108") (deaths "3")
L 05/09/2018 - 12:41:08: "TUX<13><VALVE_ID_LAN><TERRORIST>" triggered "weaponstats2" (weapon "mac10") (head "0") (chest "0") (stomach "1") (leftarm "0") (rightarm "3") (leftleg "0") (rightleg "0")
L 05/09/2018 - 12:41:08: "TUX<13><VALVE_ID_LAN><TERRORIST>" triggered "weaponstats" (weapon "aug") (shots "20") (hits "0") (kills "0") (headshots "0") (tks "0") (damage "0") (deaths "4")
L 05/09/2018 - 12:41:08: "TUX<13><VALVE_ID_LAN><TERRORIST>" triggered "weaponstats2" (weapon "aug") (head "0") (chest "0") (stomach "0") (leftarm "0") (rightarm "0") (leftleg "0") (rightleg "0")
L 05/09/2018 - 12:41:08: "TUX<13><VALVE_ID_LAN><TERRORIST>" triggered "weaponstats" (weapon "glock18") (shots "7") (hits "1") (kills "0") (headshots "0") (tks "0") (damage "13") (deaths "0")
L 05/09/2018 - 12:41:08: "TUX<13><VALVE_ID_LAN><TERRORIST>" triggered "weaponstats2" (weapon "glock18") (head "0") (chest "0") (stomach "0") (leftarm "1") (rightarm "0") (leftleg "0") (rightleg "0")
L 05/09/2018 - 12:41:08: "TUX<13><VALVE_ID_LAN><TERRORIST>" triggered "weaponstats" (weapon "mp5navy") (shots "64") (hits "17") (kills "4") (headshots "0") (tks "0") (damage "410") (deaths "2")
L 05/09/2018 - 12:41:08: "TUX<13><VALVE_ID_LAN><TERRORIST>" triggered "weaponstats2" (weapon "mp5navy") (head "0") (chest "7") (stomach "0") (leftarm "8") (rightarm "2") (leftleg "0") (rightleg "0")
L 05/09/2018 - 12:41:08: "TUX<13><VALVE_ID_LAN><TERRORIST>" triggered "weaponstats" (weapon "m3") (shots "2") (hits "2") (kills "1") (headshots "0") (tks "0") (damage "200") (deaths "1")
L 05/09/2018 - 12:41:08: "TUX<13><VALVE_ID_LAN><TERRORIST>" triggered "weaponstats2" (weapon "m3") (head "0") (chest "1") (stomach "0") (leftarm "0") (rightarm "0") (leftleg "1") (rightleg "0")
L 05/09/2018 - 12:41:08: "TUX<13><VALVE_ID_LAN><TERRORIST>" triggered "weaponstats" (weapon "m4a1") (shots "30") (hits "5") (kills "1") (headshots "1") (tks "0") (damage "220") (deaths "5")
L 05/09/2018 - 12:41:08: "TUX<13><VALVE_ID_LAN><TERRORIST>" triggered "weaponstats2" (weapon "m4a1") (head "1") (chest "0") (stomach "0") (leftarm "1") (rightarm "3") (leftleg "0") (rightleg "0")
L 05/09/2018 - 12:41:08: "TUX<13><VALVE_ID_LAN><TERRORIST>" triggered "weaponstats" (weapon "ak47") (shots "75") (hits "10") (kills "3") (headshots "1") (tks "0") (damage "448") (deaths "4")
L 05/09/2018 - 12:41:08: "TUX<13><VALVE_ID_LAN><TERRORIST>" triggered "weaponstats2" (weapon "ak47") (head "1") (chest "3") (stomach "0") (leftarm "3") (rightarm "2") (leftleg "1") (rightleg "0")
L 05/09/2018 - 12:41:08: "TUX<13><VALVE_ID_LAN><TERRORIST>" triggered "weaponstats" (weapon "p90") (shots "7") (hits "1") (kills "0") (headshots "0") (tks "0") (damage "22") (deaths "1")
L 05/09/2018 - 12:41:08: "TUX<13><VALVE_ID_LAN><TERRORIST>" triggered "weaponstats2" (weapon "p90") (head "0") (chest "0") (stomach "0") (leftarm "1") (rightarm "0") (leftleg "0") (rightleg "0")
L 05/09/2018 - 12:41:08: "TUX<13><VALVE_ID_LAN><TERRORIST>" triggered "time" (time "10:08")
L 05/09/2018 - 12:41:08: "TUX<13><VALVE_ID_LAN><TERRORIST>" triggered "latency" (ping "12")
L 05/09/2018 - 12:41:08: "Jack<14><VALVE_ID_LAN><CT>" triggered "weaponstats" (weapon "scout") (shots "2") (hits "0") (kills "0") (headshots "0") (tks "0") (damage "0") (deaths "2")
L 05/09/2018 - 12:41:08: "Jack<14><VALVE_ID_LAN><CT>" triggered "weaponstats2" (weapon "scout") (head "0") (chest "0") (stomach "0") (leftarm "0") (rightarm "0") (leftleg "0") (rightleg "0")
L 05/09/2018 - 12:41:08: "Jack<14><VALVE_ID_LAN><CT>" triggered "weaponstats" (weapon "grenade") (shots "9") (hits "11") (kills "2") (headshots "0") (tks "1") (damage "470") (deaths "1")
L 05/09/2018 - 12:41:08: "Jack<14><VALVE_ID_LAN><CT>" triggered "weaponstats2" (weapon "grenade") (head "0") (chest "0") (stomach "0") (leftarm "0") (rightarm "0") (leftleg "0") (rightleg "0")
L 05/09/2018 - 12:41:08: "Jack<14><VALVE_ID_LAN><CT>" triggered "weaponstats" (weapon "xm1014") (shots "5") (hits "1") (kills "1") (headshots "0") (tks "0") (damage "135") (deaths "2")
L 05/09/2018 - 12:41:08: "Jack<14><VALVE_ID_LAN><CT>" triggered "weaponstats2" (weapon "xm1014") (head "0") (chest "0") (stomach "1") (leftarm "0") (rightarm "0") (leftleg "0") (rightleg "0")
L 05/09/2018 - 12:41:08: "Jack<14><VALVE_ID_LAN><CT>" triggered "weaponstats" (weapon "mac10") (shots "19") (hits "7") (kills "2") (headshots "1") (tks "1") (damage "190") (deaths "1")
L 05/09/2018 - 12:41:08: "Jack<14><VALVE_ID_LAN><CT>" triggered "weaponstats2" (weapon "mac10") (head "1") (chest "1") (stomach "3") (leftarm "2") (rightarm "0") (leftleg "0") (rightleg "0")
L 05/09/2018 - 12:41:08: "Jack<14><VALVE_ID_LAN><CT>" triggered "weaponstats" (weapon "aug") (shots "59") (hits "7") (kills "3") (headshots "1") (tks "0") (damage "330") (deaths "4")
L 05/09/2018 - 12:41:08: "Jack<14><VALVE_ID_LAN><CT>" triggered "weaponstats2" (weapon "aug") (head "1") (chest "3") (stomach "1") (leftarm "1") (rightarm "1") (leftleg "0") (rightleg "0")
L 05/09/2018 - 12:41:08: "Jack<14><VALVE_ID_LAN><CT>" triggered "weaponstats" (weapon "usp") (shots "29") (hits "5") (kills "1") (headshots "0") (tks "0") (damage "130") (deaths "3")
L 05/09/2018 - 12:41:08: "Jack<14><VALVE_ID_LAN><CT>" triggered "weaponstats2" (weapon "usp") (head "0") (chest "0") (stomach "1") (leftarm "4") (rightarm "0") (leftleg "0") (rightleg "0")
L 05/09/2018 - 12:41:08: "Jack<14><VALVE_ID_LAN><CT>" triggered "weaponstats" (weapon "mp5navy") (shots "75") (hits "16") (kills "6") (headshots "3") (tks "0") (damage "608") (deaths "2")
L 05/09/2018 - 12:41:08: "Jack<14><VALVE_ID_LAN><CT>" triggered "weaponstats2" (weapon "mp5navy") (head "3") (chest "6") (stomach "2") (leftarm "2") (rightarm "3") (leftleg "0") (rightleg "0")
L 05/09/2018 - 12:41:08: "Jack<14><VALVE_ID_LAN><CT>" triggered "weaponstats" (weapon "m4a1") (shots "61") (hits "10") (kills "4") (headshots "3") (tks "0") (damage "558") (deaths "2")
L 05/09/2018 - 12:41:08: "Jack<14><VALVE_ID_LAN><CT>" triggered "weaponstats2" (weapon "m4a1") (head "3") (chest "0") (stomach "0") (leftarm "4") (rightarm "1") (leftleg "1") (rightleg "1")
L 05/09/2018 - 12:41:08: "Jack<14><VALVE_ID_LAN><CT>" triggered "weaponstats" (weapon "knife") (shots "1") (hits "0") (kills "0") (headshots "0") (tks "0") (damage "0") (deaths "2")
L 05/09/2018 - 12:41:08: "Jack<14><VALVE_ID_LAN><CT>" triggered "weaponstats2" (weapon "knife") (head "0") (chest "0") (stomach "0") (leftarm "0") (rightarm "0") (leftleg "0") (rightleg "0")
L 05/09/2018 - 12:41:08: "Jack<14><VALVE_ID_LAN><CT>" triggered "time" (time "10:02")
L 05/09/2018 - 12:41:08: "Jack<14><VALVE_ID_LAN><CT>" triggered "latency" (ping "11")
L 05/09/2018 - 12:41:08: "jaca paladium<15><VALVE_ID_LAN><TERRORIST>" triggered "weaponstats" (weapon "grenade") (shots "6") (hits "2") (kills "0") (headshots "0") (tks "0") (damage "117") (deaths "0")
L 05/09/2018 - 12:41:08: "jaca paladium<15><VALVE_ID_LAN><TERRORIST>" triggered "weaponstats2" (weapon "grenade") (head "0") (chest "0") (stomach "0") (leftarm "0") (rightarm "0") (leftleg "0") (rightleg "0")
L 05/09/2018 - 12:41:08: "jaca paladium<15><VALVE_ID_LAN><TERRORIST>" triggered "weaponstats" (weapon "xm1014") (shots "15") (hits "4") (kills "0") (headshots "0") (tks "0") (damage "55") (deaths "4")
L 05/09/2018 - 12:41:08: "jaca paladium<15><VALVE_ID_LAN><TERRORIST>" triggered "weaponstats2" (weapon "xm1014") (head "0") (chest "0") (stomach "1") (leftarm "0") (rightarm "2") (leftleg "0") (rightleg "1")
L 05/09/2018 - 12:41:08: "jaca paladium<15><VALVE_ID_LAN><TERRORIST>" triggered "weaponstats" (weapon "aug") (shots "156") (hits "36") (kills "12") (headshots "3") (tks "0") (damage "1320") (deaths "7")
L 05/09/2018 - 12:41:08: "jaca paladium<15><VALVE_ID_LAN><TERRORIST>" triggered "weaponstats2" (weapon "aug") (head "3") (chest "7") (stomach "6") (leftarm "9") (rightarm "7") (leftleg "3") (rightleg "1")
L 05/09/2018 - 12:41:08: "jaca paladium<15><VALVE_ID_LAN><TERRORIST>" triggered "weaponstats" (weapon "glock18") (shots "6") (hits "0") (kills "0") (headshots "0") (tks "0") (damage "0") (deaths "1")
L 05/09/2018 - 12:41:08: "jaca paladium<15><VALVE_ID_LAN><TERRORIST>" triggered "weaponstats2" (weapon "glock18") (head "0") (chest "0") (stomach "0") (leftarm "0") (rightarm "0") (leftleg "0") (rightleg "0")
L 05/09/2018 - 12:41:08: "jaca paladium<15><VALVE_ID_LAN><TERRORIST>" triggered "weaponstats" (weapon "mp5navy") (shots "28") (hits "4") (kills "0") (headshots "0") (tks "0") (damage "76") (deaths "3")
L 05/09/2018 - 12:41:08: "jaca paladium<15><VALVE_ID_LAN><TERRORIST>" triggered "weaponstats2" (weapon "mp5navy") (head "0") (chest "0") (stomach "0") (leftarm "1") (rightarm "1") (leftleg "0") (rightleg "2")
L 05/09/2018 - 12:41:08: "jaca paladium<15><VALVE_ID_LAN><TERRORIST>" triggered "weaponstats" (weapon "m3") (shots "4") (hits "1") (kills "0") (headshots "0") (tks "0") (damage "72") (deaths "1")
L 05/09/2018 - 12:41:08: "jaca paladium<15><VALVE_ID_LAN><TERRORIST>" triggered "weaponstats2" (weapon "m3") (head "1") (chest "0") (stomach "0") (leftarm "0") (rightarm "0") (leftleg "0") (rightleg "0")
L 05/09/2018 - 12:41:08: "jaca paladium<15><VALVE_ID_LAN><TERRORIST>" triggered "weaponstats" (weapon "m4a1") (shots "15") (hits "4") (kills "2") (headshots "2") (tks "1") (damage "230") (deaths "2")
L 05/09/2018 - 12:41:08: "jaca paladium<15><VALVE_ID_LAN><TERRORIST>" triggered "weaponstats2" (weapon "m4a1") (head "2") (chest "0") (stomach "0") (leftarm "2") (rightarm "0") (leftleg "0") (rightleg "0")
L 05/09/2018 - 12:41:08: "jaca paladium<15><VALVE_ID_LAN><TERRORIST>" triggered "weaponstats" (weapon "g3sg1") (shots "5") (hits "1") (kills "0") (headshots "0") (tks "0") (damage "58") (deaths "2")
L 05/09/2018 - 12:41:08: "jaca paladium<15><VALVE_ID_LAN><TERRORIST>" triggered "weaponstats2" (weapon "g3sg1") (head "0") (chest "1") (stomach "0") (leftarm "0") (rightarm "0") (leftleg "0") (rightleg "0")
L 05/09/2018 - 12:41:08: "jaca paladium<15><VALVE_ID_LAN><TERRORIST>" triggered "weaponstats" (weapon "ak47") (shots "50") (hits "18") (kills "5") (headshots "2") (tks "0") (damage "751") (deaths "4")
L 05/09/2018 - 12:41:08: "jaca paladium<15><VALVE_ID_LAN><TERRORIST>" triggered "weaponstats2" (weapon "ak47") (head "2") (chest "2") (stomach "2") (leftarm "6") (rightarm "1") (leftleg "2") (rightleg "3")
L 05/09/2018 - 12:41:08: "jaca paladium<15><VALVE_ID_LAN><TERRORIST>" triggered "weaponstats" (weapon "knife") (shots "1") (hits "0") (kills "0") (headshots "0") (tks "0") (damage "0") (deaths "1")
L 05/09/2018 - 12:41:08: "jaca paladium<15><VALVE_ID_LAN><TERRORIST>" triggered "weaponstats2" (weapon "knife") (head "0") (chest "0") (stomach "0") (leftarm "0") (rightarm "0") (leftleg "0") (rightleg "0")
L 05/09/2018 - 12:41:08: "jaca paladium<15><VALVE_ID_LAN><TERRORIST>" triggered "time" (time "9:56")
L 05/09/2018 - 12:41:08: "jaca paladium<15><VALVE_ID_LAN><TERRORIST>" triggered "latency" (ping "7")
L 05/09/2018 - 12:41:08: "@te<18><VALVE_ID_LAN><CT>" triggered "weaponstats" (weapon "grenade") (shots "5") (hits "5") (kills "0") (headshots "0") (tks "0") (damage "144") (deaths "0")
L 05/09/2018 - 12:41:08: "@te<18><VALVE_ID_LAN><CT>" triggered "weaponstats2" (weapon "grenade") (head "0") (chest "0") (stomach "0") (leftarm "0") (rightarm "0") (leftleg "0") (rightleg "0")
L 05/09/2018 - 12:41:08: "@te<18><VALVE_ID_LAN><CT>" triggered "weaponstats" (weapon "xm1014") (shots "8") (hits "6") (kills "2") (headshots "0") (tks "0") (damage "461") (deaths "3")
L 05/09/2018 - 12:41:08: "@te<18><VALVE_ID_LAN><CT>" triggered "weaponstats2" (weapon "xm1014") (head "1") (chest "1") (stomach "1") (leftarm "3") (rightarm "0") (leftleg "0") (rightleg "0")
L 05/09/2018 - 12:41:08: "@te<18><VALVE_ID_LAN><CT>" triggered "weaponstats" (weapon "mac10") (shots "10") (hits "2") (kills "0") (headshots "0") (tks "0") (damage "51") (deaths "0")
L 05/09/2018 - 12:41:08: "@te<18><VALVE_ID_LAN><CT>" triggered "weaponstats2" (weapon "mac10") (head "0") (chest "1") (stomach "0") (leftarm "1") (rightarm "0") (leftleg "0") (rightleg "0")
L 05/09/2018 - 12:41:08: "@te<18><VALVE_ID_LAN><CT>" triggered "weaponstats" (weapon "aug") (shots "116") (hits "34") (kills "6") (headshots "0") (tks "0") (damage "954") (deaths "6")
L 05/09/2018 - 12:41:08: "@te<18><VALVE_ID_LAN><CT>" triggered "weaponstats2" (weapon "aug") (head "1") (chest "11") (stomach "0") (leftarm "13") (rightarm "5") (leftleg "0") (rightleg "4")
L 05/09/2018 - 12:41:08: "@te<18><VALVE_ID_LAN><CT>" triggered "weaponstats" (weapon "m4a1") (shots "3") (hits "1") (kills "0") (headshots "0") (tks "0") (damage "29") (deaths "1")
L 05/09/2018 - 12:41:08: "@te<18><VALVE_ID_LAN><CT>" triggered "weaponstats2" (weapon "m4a1") (head "0") (chest "0") (stomach "0") (leftarm "1") (rightarm "0") (leftleg "0") (rightleg "0")
L 05/09/2018 - 12:41:08: "@te<18><VALVE_ID_LAN><CT>" triggered "weaponstats" (weapon "knife") (shots "2") (hits "2") (kills "2") (headshots "1") (tks "0") (damage "325") (deaths "0")
L 05/09/2018 - 12:41:08: "@te<18><VALVE_ID_LAN><CT>" triggered "weaponstats2" (weapon "knife") (head "1") (chest "0") (stomach "0") (leftarm "0") (rightarm "0") (leftleg "1") (rightleg "0")
L 05/09/2018 - 12:41:08: "@te<18><VALVE_ID_LAN><CT>" triggered "time" (time "5:17")
L 05/09/2018 - 12:41:08: "@te<18><VALVE_ID_LAN><CT>" triggered "latency" (ping "8")
L 05/09/2018 - 12:41:08: "Smolder<17><VALVE_ID_LAN><TERRORIST>" triggered "weaponstats" (weapon "grenade") (shots "6") (hits "2") (kills "1") (headshots "0") (tks "0") (damage "152") (deaths "0")
L 05/09/2018 - 12:41:08: "Smolder<17><VALVE_ID_LAN><TERRORIST>" triggered "weaponstats2" (weapon "grenade") (head "0") (chest "0") (stomach "0") (leftarm "0") (rightarm "0") (leftleg "0") (rightleg "0")
L 05/09/2018 - 12:41:08: "Smolder<17><VALVE_ID_LAN><TERRORIST>" triggered "weaponstats" (weapon "xm1014") (shots "30") (hits "16") (kills "6") (headshots "1") (tks "0") (damage "874") (deaths "8")
L 05/09/2018 - 12:41:08: "Smolder<17><VALVE_ID_LAN><TERRORIST>" triggered "weaponstats2" (weapon "xm1014") (head "3") (chest "3") (stomach "3") (leftarm "4") (rightarm "1") (leftleg "1") (rightleg "1")
L 05/09/2018 - 12:41:08: "Smolder<17><VALVE_ID_LAN><TERRORIST>" triggered "weaponstats" (weapon "aug") (shots "62") (hits "5") (kills "2") (headshots "2") (tks "0") (damage "334") (deaths "1")
L 05/09/2018 - 12:41:08: "Smolder<17><VALVE_ID_LAN><TERRORIST>" triggered "weaponstats2" (weapon "aug") (head "2") (chest "1") (stomach "1") (leftarm "0") (rightarm "1") (leftleg "0") (rightleg "0")
L 05/09/2018 - 12:41:08: "Smolder<17><VALVE_ID_LAN><TERRORIST>" triggered "weaponstats" (weapon "glock18") (shots "4") (hits "1") (kills "1") (headshots "0") (tks "0") (damage "20") (deaths "0")
L 05/09/2018 - 12:41:08: "Smolder<17><VALVE_ID_LAN><TERRORIST>" triggered "weaponstats2" (weapon "glock18") (head "0") (chest "0") (stomach "0") (leftarm "1") (rightarm "0") (leftleg "0") (rightleg "0")
L 05/09/2018 - 12:41:08: "Smolder<17><VALVE_ID_LAN><TERRORIST>" triggered "weaponstats" (weapon "mp5navy") (shots "98") (hits "29") (kills "8") (headshots "2") (tks "0") (damage "961") (deaths "8")
L 05/09/2018 - 12:41:08: "Smolder<17><VALVE_ID_LAN><TERRORIST>" triggered "weaponstats2" (weapon "mp5navy") (head "5") (chest "4") (stomach "2") (leftarm "9") (rightarm "7") (leftleg "2") (rightleg "0")
L 05/09/2018 - 12:41:08: "Smolder<17><VALVE_ID_LAN><TERRORIST>" triggered "weaponstats" (weapon "m3") (shots "4") (hits "3") (kills "1") (headshots "0") (tks "0") (damage "261") (deaths "1")
L 05/09/2018 - 12:41:08: "Smolder<17><VALVE_ID_LAN><TERRORIST>" triggered "weaponstats2" (weapon "m3") (head "0") (chest "0") (stomach "0") (leftarm "2") (rightarm "1") (leftleg "0") (rightleg "0")
L 05/09/2018 - 12:41:08: "Smolder<17><VALVE_ID_LAN><TERRORIST>" triggered "weaponstats" (weapon "ak47") (shots "37") (hits "6") (kills "2") (headshots "0") (tks "0") (damage "203") (deaths "2")
L 05/09/2018 - 12:41:08: "Smolder<17><VALVE_ID_LAN><TERRORIST>" triggered "weaponstats2" (weapon "ak47") (head "0") (chest "0") (stomach "2") (leftarm "2") (rightarm "0") (leftleg "0") (rightleg "2")
L 05/09/2018 - 12:41:08: "Smolder<17><VALVE_ID_LAN><TERRORIST>" triggered "weaponstats" (weapon "knife") (shots "9") (hits "9") (kills "6") (headshots "3") (tks "0") (damage "975") (deaths "2")
L 05/09/2018 - 12:41:08: "Smolder<17><VALVE_ID_LAN><TERRORIST>" triggered "weaponstats2" (weapon "knife") (head "4") (chest "3") (stomach "0") (leftarm "0") (rightarm "2") (leftleg "0") (rightleg "0")
L 05/09/2018 - 12:41:08: "Smolder<17><VALVE_ID_LAN><TERRORIST>" triggered "time" (time "9:48")
L 05/09/2018 - 12:41:08: "Smolder<17><VALVE_ID_LAN><TERRORIST>" triggered "latency" (ping "5")
L 05/09/2018 - 12:41:09: [META] ini: Begin re-reading plugins list: c:/valve/cstrike/addons/metamod/plugins.ini
L 05/09/2018 - 12:41:09: [META] ini: Read plugin config for: AMX
L 05/09/2018 - 12:41:09: [META] ini: Read plugin config for: WinHL-Booster
L 05/09/2018 - 12:41:09: [META] ERROR: ini: Skipping plugin, couldn't stat file 'addons/hlguard/dlls/hlguard_mm_nightly.dll': No such file or directory
L 05/09/2018 - 12:41:09: [META] ini: Read plugin config for: WebMod
L 05/09/2018 - 12:41:09: [META] ini: Finished reading plugins list: c:/valve/cstrike/addons/metamod/plugins.ini; Found 3 plugins
L 05/09/2018 - 12:41:09: [META] dll: Updating plugins...
L 05/09/2018 - 12:41:09: [META] ERROR: dll: Failed query plugin '<hlguard_mm_nightly.dll>'; Couldn't open file 'addons/hlguard/dlls/hlguard_mm_nightly.dll': No foi possvel encontrar o mdulo especificado.

L 05/09/2018 - 12:41:09: [META] ERROR: dll: Skipping plugin '<hlguard_mm_nightly.dll>'; couldn't query
L 05/09/2018 - 12:41:09: [META] dll: Finished updating 6 plugins; kept 3, loaded 0, unloaded 0, reloaded 0, delayed 0
L 05/09/2018 - 12:41:09: Server shutdown
L 05/09/2018 - 12:41:09: Log file closed
