L 05/09/2018 - 12:41:29: Log file started (file "logs\L0509002.log") (game "cstrike") (version "47/1.1.2.2/2603")
L 05/09/2018 - 12:41:29: "TUX<21><VALVE_ID_LAN><>" entered the game
L 05/09/2018 - 12:41:30: "Calango<22><VALVE_ID_LAN><>" entered the game
L 05/09/2018 - 12:41:30: "jaca paladium<24><VALVE_ID_LAN><>" entered the game
L 05/09/2018 - 12:41:30: World triggered "Round_Start"
L 05/09/2018 - 12:41:31: "jaca paladium<24><VALVE_ID_LAN><>" joined team "TERRORIST"
L 05/09/2018 - 12:41:31: "TUX<21><VALVE_ID_LAN><>" joined team "TERRORIST"
L 05/09/2018 - 12:41:31: "Smolder<25><VALVE_ID_LAN><>" entered the game
L 05/09/2018 - 12:41:32: "Calango<22><VALVE_ID_LAN><>" joined team "CT"
L 05/09/2018 - 12:41:32: "Jack<26><VALVE_ID_LAN><>" connected, address "10.15.2.104:27005"
L 05/09/2018 - 12:41:33: "Smolder<25><VALVE_ID_LAN><>" joined team "TERRORIST"
L 05/09/2018 - 12:41:36: "Jack<26><VALVE_ID_LAN><>" entered the game
L 05/09/2018 - 12:41:36: "jaca paladium<24><VALVE_ID_LAN><TERRORIST>" killed "Cap. Billy<20><VALVE_ID_LOOPBACK><CT>" with "glock18"
L 05/09/2018 - 12:41:39: "Jack<26><VALVE_ID_LAN><>" joined team "CT"
L 05/09/2018 - 12:41:40: "@te<27><VALVE_ID_LAN><>" connected, address "10.15.2.23:27005"
L 05/09/2018 - 12:41:40: "TUX<21><VALVE_ID_LAN><TERRORIST>" killed "Calango<22><VALVE_ID_LAN><CT>" with "knife"
L 05/09/2018 - 12:41:43: "@te<27><VALVE_ID_LAN><>" entered the game
L 05/09/2018 - 12:41:45: "TUX<21><VALVE_ID_LAN><TERRORIST>" killed "Jack<26><VALVE_ID_LAN><CT>" with "glock18"
L 05/09/2018 - 12:41:45: Team "TERRORIST" triggered "Terrorists_Win" (CT "0") (T "1")
L 05/09/2018 - 12:41:45: World triggered "Round_End"
L 05/09/2018 - 12:41:46: "@te<27><VALVE_ID_LAN><>" joined team "CT"
L 05/09/2018 - 12:41:50: World triggered "Round_Start"
L 05/09/2018 - 12:41:56: "Cap. Billy<20><VALVE_ID_LOOPBACK><CT>" killed "TUX<21><VALVE_ID_LAN><TERRORIST>" with "glock18"
L 05/09/2018 - 12:41:59: "@te<27><VALVE_ID_LAN><CT>" killed "jaca paladium<24><VALVE_ID_LAN><TERRORIST>" with "knife"
L 05/09/2018 - 12:41:59: "Calango<22><VALVE_ID_LAN><CT>" killed "XXBOT Ted<23><BOT><TERRORIST>" with "glock18"
L 05/09/2018 - 12:42:02: "@te<27><VALVE_ID_LAN><CT>" killed "Smolder<25><VALVE_ID_LAN><TERRORIST>" with "knife"
L 05/09/2018 - 12:42:02: Team "CT" triggered "CTs_Win" (CT "1") (T "1")
L 05/09/2018 - 12:42:02: World triggered "Round_End"
L 05/09/2018 - 12:42:07: World triggered "Round_Start"
L 05/09/2018 - 12:42:15: "TUX<21><VALVE_ID_LAN><TERRORIST>" killed "@te<27><VALVE_ID_LAN><CT>" with "glock18"
L 05/09/2018 - 12:42:15: "Jack<26><VALVE_ID_LAN><CT>" killed "TUX<21><VALVE_ID_LAN><TERRORIST>" with "knife"
L 05/09/2018 - 12:42:17: "jaca paladium<24><VALVE_ID_LAN><TERRORIST>" killed "Jack<26><VALVE_ID_LAN><CT>" with "knife"
L 05/09/2018 - 12:42:20: "Calango<22><VALVE_ID_LAN><CT>" killed "Smolder<25><VALVE_ID_LAN><TERRORIST>" with "knife"
L 05/09/2018 - 12:42:21: "Cap. Billy<20><VALVE_ID_LOOPBACK><CT>" killed "XXBOT Ted<23><BOT><TERRORIST>" with "glock18"
L 05/09/2018 - 12:42:25: "Cap. Billy<20><VALVE_ID_LOOPBACK><CT>" killed "jaca paladium<24><VALVE_ID_LAN><TERRORIST>" with "knife"
L 05/09/2018 - 12:42:25: Team "CT" triggered "CTs_Win" (CT "2") (T "1")
L 05/09/2018 - 12:42:25: World triggered "Round_End"
L 05/09/2018 - 12:42:29: "@te<27><VALVE_ID_LAN><CT>" say "ui" (dead)
L 05/09/2018 - 12:42:30: World triggered "Round_Start"
L 05/09/2018 - 12:42:36: "Cap. Billy<20><VALVE_ID_LOOPBACK><CT>" killed "TUX<21><VALVE_ID_LAN><TERRORIST>" with "glock18"
L 05/09/2018 - 12:42:36: "jaca paladium<24><VALVE_ID_LAN><TERRORIST>" killed "Calango<22><VALVE_ID_LAN><CT>" with "glock18"
L 05/09/2018 - 12:42:36: "Jack<26><VALVE_ID_LAN><CT>" killed "Smolder<25><VALVE_ID_LAN><TERRORIST>" with "glock18"
L 05/09/2018 - 12:42:37: "Cap. Billy<20><VALVE_ID_LOOPBACK><CT>" killed "XXBOT Ted<23><BOT><TERRORIST>" with "glock18"
L 05/09/2018 - 12:42:44: "jaca paladium<24><VALVE_ID_LAN><TERRORIST>" killed "Jack<26><VALVE_ID_LAN><CT>" with "glock18"
L 05/09/2018 - 12:42:46: "jaca paladium<24><VALVE_ID_LAN><TERRORIST>" killed "Cap. Billy<20><VALVE_ID_LOOPBACK><CT>" with "glock18"
L 05/09/2018 - 12:42:50: "jaca paladium<24><VALVE_ID_LAN><TERRORIST>" killed "@te<27><VALVE_ID_LAN><CT>" with "glock18"
L 05/09/2018 - 12:42:50: Team "TERRORIST" triggered "Terrorists_Win" (CT "2") (T "2")
L 05/09/2018 - 12:42:50: World triggered "Round_End"
L 05/09/2018 - 12:42:55: World triggered "Round_Start"
L 05/09/2018 - 12:42:55: "Jack<26><VALVE_ID_LAN><CT>" say "quaaaase"
L 05/09/2018 - 12:43:06: "Cap. Billy<20><VALVE_ID_LOOPBACK><CT>" killed "TUX<21><VALVE_ID_LAN><TERRORIST>" with "glock18"
L 05/09/2018 - 12:43:07: "Jack<26><VALVE_ID_LAN><CT>" killed "jaca paladium<24><VALVE_ID_LAN><TERRORIST>" with "glock18"
L 05/09/2018 - 12:43:08: "XXBOT Ted<23><BOT><TERRORIST>" killed "Jack<26><VALVE_ID_LAN><CT>" with "glock18"
L 05/09/2018 - 12:43:08: "Cap. Billy<20><VALVE_ID_LOOPBACK><CT>" killed "XXBOT Ted<23><BOT><TERRORIST>" with "glock18"
L 05/09/2018 - 12:43:15: "Cap. Billy<20><VALVE_ID_LOOPBACK><CT>" killed "Smolder<25><VALVE_ID_LAN><TERRORIST>" with "knife"
L 05/09/2018 - 12:43:15: Team "CT" triggered "CTs_Win" (CT "3") (T "2")
L 05/09/2018 - 12:43:15: World triggered "Round_End"
L 05/09/2018 - 12:43:20: World triggered "Round_Start"
L 05/09/2018 - 12:43:26: "TUX<21><VALVE_ID_LAN><TERRORIST>" killed "Cap. Billy<20><VALVE_ID_LOOPBACK><CT>" with "glock18"
L 05/09/2018 - 12:43:30: "@te<27><VALVE_ID_LAN><CT>" killed "jaca paladium<24><VALVE_ID_LAN><TERRORIST>" with "glock18"
L 05/09/2018 - 12:43:39: "Calango<22><VALVE_ID_LAN><CT>" killed "XXBOT Ted<23><BOT><TERRORIST>" with "glock18"
L 05/09/2018 - 12:43:40: "TUX<21><VALVE_ID_LAN><TERRORIST>" killed "@te<27><VALVE_ID_LAN><CT>" with "glock18"
L 05/09/2018 - 12:43:42: "TUX<21><VALVE_ID_LAN><TERRORIST>" killed "Calango<22><VALVE_ID_LAN><CT>" with "knife"
L 05/09/2018 - 12:43:51: "Cap. Billy<20><VALVE_ID_LOOPBACK><CT>" say_team "p" (dead)
L 05/09/2018 - 12:43:58: "Jack<26><VALVE_ID_LAN><CT>" killed "TUX<21><VALVE_ID_LAN><TERRORIST>" with "glock18"
L 05/09/2018 - 12:43:59: "Cap. Billy<20><VALVE_ID_LOOPBACK><CT>" say "Putys agora apareceu um peru aqui" (dead)
L 05/09/2018 - 12:44:03: "Cap. Billy<20><VALVE_ID_LOOPBACK><CT>" say "kkkkkkkkkkk" (dead)
L 05/09/2018 - 12:44:08: "Smolder<25><VALVE_ID_LAN><TERRORIST>" killed "Jack<26><VALVE_ID_LAN><CT>" with "knife"
L 05/09/2018 - 12:44:08: Team "TERRORIST" triggered "Terrorists_Win" (CT "3") (T "3")
L 05/09/2018 - 12:44:08: World triggered "Round_End"
L 05/09/2018 - 12:44:10: "Cap. Billy<20><VALVE_ID_LOOPBACK><CT>" say "glugluglu" (dead)
L 05/09/2018 - 12:44:13: World triggered "Round_Start"
L 05/09/2018 - 12:44:18: "jaca paladium<24><VALVE_ID_LAN><TERRORIST>" killed "Jack<26><VALVE_ID_LAN><CT>" with "glock18"
L 05/09/2018 - 12:44:21: "Cap. Billy<20><VALVE_ID_LOOPBACK><CT>" killed "Smolder<25><VALVE_ID_LAN><TERRORIST>" with "knife"
L 05/09/2018 - 12:44:22: "Calango<22><VALVE_ID_LAN><CT>" killed "TUX<21><VALVE_ID_LAN><TERRORIST>" with "glock18"
L 05/09/2018 - 12:44:28: "Calango<22><VALVE_ID_LAN><CT>" killed "jaca paladium<24><VALVE_ID_LAN><TERRORIST>" with "glock18"
L 05/09/2018 - 12:44:30: "@te<27><VALVE_ID_LAN><CT>" killed "XXBOT Ted<23><BOT><TERRORIST>" with "glock18"
L 05/09/2018 - 12:44:30: Team "CT" triggered "CTs_Win" (CT "4") (T "3")
L 05/09/2018 - 12:44:30: World triggered "Round_End"
L 05/09/2018 - 12:44:35: World triggered "Round_Start"
L 05/09/2018 - 12:44:35: "Jack<26><VALVE_ID_LAN><CT>" say "morre nau"
L 05/09/2018 - 12:44:41: "Smolder<25><VALVE_ID_LAN><TERRORIST>" killed "Cap. Billy<20><VALVE_ID_LOOPBACK><CT>" with "knife"
L 05/09/2018 - 12:44:42: "Smolder<25><VALVE_ID_LAN><TERRORIST>" killed "Jack<26><VALVE_ID_LAN><CT>" with "knife"
L 05/09/2018 - 12:44:42: "TUX<21><VALVE_ID_LAN><TERRORIST>" killed "@te<27><VALVE_ID_LAN><CT>" with "glock18"
L 05/09/2018 - 12:44:43: "TUX<21><VALVE_ID_LAN><TERRORIST>" killed "Calango<22><VALVE_ID_LAN><CT>" with "glock18"
L 05/09/2018 - 12:44:43: Team "TERRORIST" triggered "Terrorists_Win" (CT "4") (T "4")
L 05/09/2018 - 12:44:43: World triggered "Round_End"
L 05/09/2018 - 12:44:48: World triggered "Round_Start"
L 05/09/2018 - 12:44:53: "Jack<26><VALVE_ID_LAN><CT>" killed "Smolder<25><VALVE_ID_LAN><TERRORIST>" with "glock18"
L 05/09/2018 - 12:44:56: "Cap. Billy<20><VALVE_ID_LOOPBACK><CT>" killed "XXBOT Ted<23><BOT><TERRORIST>" with "glock18"
L 05/09/2018 - 12:44:59: "jaca paladium<24><VALVE_ID_LAN><TERRORIST>" killed "Jack<26><VALVE_ID_LAN><CT>" with "glock18"
L 05/09/2018 - 12:45:04: "Cap. Billy<20><VALVE_ID_LOOPBACK><CT>" killed "jaca paladium<24><VALVE_ID_LAN><TERRORIST>" with "knife"
L 05/09/2018 - 12:45:10: "@te<27><VALVE_ID_LAN><CT>" killed "TUX<21><VALVE_ID_LAN><TERRORIST>" with "glock18"
L 05/09/2018 - 12:45:10: Team "CT" triggered "CTs_Win" (CT "5") (T "4")
L 05/09/2018 - 12:45:10: World triggered "Round_End"
L 05/09/2018 - 12:45:15: World triggered "Round_Start"
L 05/09/2018 - 12:45:20: "Calango<22><VALVE_ID_LAN><CT>" killed "XXBOT Ted<23><BOT><TERRORIST>" with "glock18"
L 05/09/2018 - 12:45:24: "Jack<26><VALVE_ID_LAN><CT>" killed "Smolder<25><VALVE_ID_LAN><TERRORIST>" with "glock18"
L 05/09/2018 - 12:45:26: "TUX<21><VALVE_ID_LAN><TERRORIST>" killed "@te<27><VALVE_ID_LAN><CT>" with "glock18"
L 05/09/2018 - 12:45:39: "Jack<26><VALVE_ID_LAN><CT>" killed "TUX<21><VALVE_ID_LAN><TERRORIST>" with "glock18"
L 05/09/2018 - 12:45:39: "jaca paladium<24><VALVE_ID_LAN><TERRORIST>" killed "Calango<22><VALVE_ID_LAN><CT>" with "glock18"
L 05/09/2018 - 12:45:51: "jaca paladium<24><VALVE_ID_LAN><TERRORIST>" killed "Jack<26><VALVE_ID_LAN><CT>" with "glock18"
L 05/09/2018 - 12:45:54: "jaca paladium<24><VALVE_ID_LAN><TERRORIST>" killed "Cap. Billy<20><VALVE_ID_LOOPBACK><CT>" with "glock18"
L 05/09/2018 - 12:45:54: Team "TERRORIST" triggered "Terrorists_Win" (CT "5") (T "5")
L 05/09/2018 - 12:45:54: World triggered "Round_End"
L 05/09/2018 - 12:45:57: "Calango<22><VALVE_ID_LAN><CT>" say "reiosse" (dead)
L 05/09/2018 - 12:45:59: World triggered "Round_Start"
L 05/09/2018 - 12:46:05: "TUX<21><VALVE_ID_LAN><TERRORIST>" killed "Cap. Billy<20><VALVE_ID_LOOPBACK><CT>" with "glock18"
L 05/09/2018 - 12:46:08: "Jack<26><VALVE_ID_LAN><CT>" killed "TUX<21><VALVE_ID_LAN><TERRORIST>" with "glock18"
L 05/09/2018 - 12:46:09: "jaca paladium<24><VALVE_ID_LAN><TERRORIST>" killed "@te<27><VALVE_ID_LAN><CT>" with "glock18"
L 05/09/2018 - 12:46:15: "XXBOT Ted<23><BOT><TERRORIST>" killed "Jack<26><VALVE_ID_LAN><CT>" with "glock18"
L 05/09/2018 - 12:46:17: "Calango<22><VALVE_ID_LAN><CT>" killed "jaca paladium<24><VALVE_ID_LAN><TERRORIST>" with "glock18"
L 05/09/2018 - 12:46:20: "Calango<22><VALVE_ID_LAN><CT>" killed "XXBOT Ted<23><BOT><TERRORIST>" with "knife"
L 05/09/2018 - 12:46:23: "Jack<26><VALVE_ID_LAN><CT>" say "aiiiiii" (dead)
L 05/09/2018 - 12:46:24: "Smolder<25><VALVE_ID_LAN><TERRORIST>" killed "Calango<22><VALVE_ID_LAN><CT>" with "glock18"
L 05/09/2018 - 12:46:24: Team "TERRORIST" triggered "Terrorists_Win" (CT "5") (T "6")
L 05/09/2018 - 12:46:24: World triggered "Round_End"
L 05/09/2018 - 12:46:29: World triggered "Round_Start"
L 05/09/2018 - 12:46:34: "@te<27><VALVE_ID_LAN><CT>" killed "TUX<21><VALVE_ID_LAN><TERRORIST>" with "glock18"
L 05/09/2018 - 12:46:35: "Calango<22><VALVE_ID_LAN><CT>" killed "jaca paladium<24><VALVE_ID_LAN><TERRORIST>" with "glock18"
L 05/09/2018 - 12:46:38: "Jack<26><VALVE_ID_LAN><CT>" killed "XXBOT Ted<23><BOT><TERRORIST>" with "glock18"
L 05/09/2018 - 12:46:49: "Jack<26><VALVE_ID_LAN><CT>" killed "Smolder<25><VALVE_ID_LAN><TERRORIST>" with "knife"
L 05/09/2018 - 12:46:49: Team "CT" triggered "CTs_Win" (CT "6") (T "6")
L 05/09/2018 - 12:46:49: World triggered "Round_End"
L 05/09/2018 - 12:46:54: World triggered "Round_Start"
L 05/09/2018 - 12:47:01: "Smolder<25><VALVE_ID_LAN><TERRORIST>" killed "Jack<26><VALVE_ID_LAN><CT>" with "glock18"
L 05/09/2018 - 12:47:02: "Calango<22><VALVE_ID_LAN><CT>" killed "Smolder<25><VALVE_ID_LAN><TERRORIST>" with "knife"
L 05/09/2018 - 12:47:03: "XXBOT Ted<23><BOT><TERRORIST>" killed "@te<27><VALVE_ID_LAN><CT>" with "glock18"
L 05/09/2018 - 12:47:04: "Cap. Billy<20><VALVE_ID_LOOPBACK><CT>" killed "XXBOT Ted<23><BOT><TERRORIST>" with "glock18"
L 05/09/2018 - 12:47:11: "jaca paladium<24><VALVE_ID_LAN><TERRORIST>" killed "Calango<22><VALVE_ID_LAN><CT>" with "glock18"
L 05/09/2018 - 12:47:14: "TUX<21><VALVE_ID_LAN><TERRORIST>" killed "Cap. Billy<20><VALVE_ID_LOOPBACK><CT>" with "glock18"
L 05/09/2018 - 12:47:14: Team "TERRORIST" triggered "Terrorists_Win" (CT "6") (T "7")
L 05/09/2018 - 12:47:14: World triggered "Round_End"
L 05/09/2018 - 12:47:18: "Calango<22><VALVE_ID_LAN><CT>" say "timeleft" (dead)
L 05/09/2018 - 12:47:19: World triggered "Round_Start"
L 05/09/2018 - 12:47:23: "TUX<21><VALVE_ID_LAN><TERRORIST>" killed "Cap. Billy<20><VALVE_ID_LOOPBACK><CT>" with "glock18"
L 05/09/2018 - 12:47:26: "Calango<22><VALVE_ID_LAN><CT>" killed "Smolder<25><VALVE_ID_LAN><TERRORIST>" with "glock18"
L 05/09/2018 - 12:47:30: "Jack<26><VALVE_ID_LAN><CT>" killed "XXBOT Ted<23><BOT><TERRORIST>" with "glock18"
L 05/09/2018 - 12:47:31: "jaca paladium<24><VALVE_ID_LAN><TERRORIST>" killed "@te<27><VALVE_ID_LAN><CT>" with "glock18"
L 05/09/2018 - 12:47:35: "TUX<21><VALVE_ID_LAN><TERRORIST>" killed "Calango<22><VALVE_ID_LAN><CT>" with "knife"
L 05/09/2018 - 12:47:41: "jaca paladium<24><VALVE_ID_LAN><TERRORIST>" killed "Jack<26><VALVE_ID_LAN><CT>" with "knife"
L 05/09/2018 - 12:47:41: Team "TERRORIST" triggered "Terrorists_Win" (CT "6") (T "8")
L 05/09/2018 - 12:47:41: World triggered "Round_End"
L 05/09/2018 - 12:47:46: World triggered "Round_Start"
L 05/09/2018 - 12:47:53: "Smolder<25><VALVE_ID_LAN><TERRORIST>" killed "Cap. Billy<20><VALVE_ID_LOOPBACK><CT>" with "glock18"
L 05/09/2018 - 12:47:56: "@te<27><VALVE_ID_LAN><CT>" killed "Smolder<25><VALVE_ID_LAN><TERRORIST>" with "knife"
L 05/09/2018 - 12:47:57: "TUX<21><VALVE_ID_LAN><TERRORIST>" killed "@te<27><VALVE_ID_LAN><CT>" with "knife"
L 05/09/2018 - 12:47:58: "XXBOT Ted<23><BOT><TERRORIST>" killed "Calango<22><VALVE_ID_LAN><CT>" with "glock18"
L 05/09/2018 - 12:48:13: "Jack<26><VALVE_ID_LAN><CT>" killed "TUX<21><VALVE_ID_LAN><TERRORIST>" with "glock18"
L 05/09/2018 - 12:48:15: "jaca paladium<24><VALVE_ID_LAN><TERRORIST>" killed "Jack<26><VALVE_ID_LAN><CT>" with "glock18"
L 05/09/2018 - 12:48:15: Team "TERRORIST" triggered "Terrorists_Win" (CT "6") (T "9")
L 05/09/2018 - 12:48:15: World triggered "Round_End"
L 05/09/2018 - 12:48:20: World triggered "Round_Start"
L 05/09/2018 - 12:48:25: "Jack<26><VALVE_ID_LAN><CT>" killed "XXBOT Ted<23><BOT><TERRORIST>" with "glock18"
L 05/09/2018 - 12:48:25: "Smolder<25><VALVE_ID_LAN><TERRORIST>" killed "Calango<22><VALVE_ID_LAN><CT>" with "glock18"
L 05/09/2018 - 12:48:27: "TUX<21><VALVE_ID_LAN><TERRORIST>" killed "Smolder<25><VALVE_ID_LAN><TERRORIST>" with "knife"
L 05/09/2018 - 12:48:28: "jaca paladium<24><VALVE_ID_LAN><TERRORIST>" killed "Jack<26><VALVE_ID_LAN><CT>" with "glock18"
L 05/09/2018 - 12:48:29: "TUX<21><VALVE_ID_LAN><TERRORIST>" killed "Cap. Billy<20><VALVE_ID_LOOPBACK><CT>" with "knife"
L 05/09/2018 - 12:48:30: "Calango<22><VALVE_ID_LAN><CT>" say "kkkkkkk" (dead)
L 05/09/2018 - 12:48:33: "@te<27><VALVE_ID_LAN><CT>" killed "jaca paladium<24><VALVE_ID_LAN><TERRORIST>" with "glock18"
L 05/09/2018 - 12:48:36: "TUX<21><VALVE_ID_LAN><TERRORIST>" killed "@te<27><VALVE_ID_LAN><CT>" with "glock18"
L 05/09/2018 - 12:48:36: Team "TERRORIST" triggered "Terrorists_Win" (CT "6") (T "10")
L 05/09/2018 - 12:48:36: World triggered "Round_End"
L 05/09/2018 - 12:48:41: World triggered "Round_Start"
L 05/09/2018 - 12:48:41: "TUX<21><VALVE_ID_LAN><TERRORIST>" committed suicide with "world"
L 05/09/2018 - 12:48:48: "Jack<26><VALVE_ID_LAN><CT>" killed "jaca paladium<24><VALVE_ID_LAN><TERRORIST>" with "glock18"
L 05/09/2018 - 12:48:49: "Cap. Billy<20><VALVE_ID_LOOPBACK><CT>" killed "XXBOT Ted<23><BOT><TERRORIST>" with "glock18"
L 05/09/2018 - 12:48:56: "Smolder<25><VALVE_ID_LAN><TERRORIST>" killed "Calango<22><VALVE_ID_LAN><CT>" with "glock18"
L 05/09/2018 - 12:49:02: "Smolder<25><VALVE_ID_LAN><TERRORIST>" killed "@te<27><VALVE_ID_LAN><CT>" with "glock18"
L 05/09/2018 - 12:49:05: "Cap. Billy<20><VALVE_ID_LOOPBACK><CT>" killed "Smolder<25><VALVE_ID_LAN><TERRORIST>" with "knife"
L 05/09/2018 - 12:49:05: Team "CT" triggered "CTs_Win" (CT "7") (T "10")
L 05/09/2018 - 12:49:05: World triggered "Round_End"
L 05/09/2018 - 12:49:09: "Calango<22><VALVE_ID_LAN><CT>" say "uui mamae" (dead)
L 05/09/2018 - 12:49:10: World triggered "Round_Start"
L 05/09/2018 - 12:49:19: "Smolder<25><VALVE_ID_LAN><TERRORIST>" killed "Jack<26><VALVE_ID_LAN><CT>" with "knife"
L 05/09/2018 - 12:49:31: "Calango<22><VALVE_ID_LAN><CT>" killed "TUX<21><VALVE_ID_LAN><TERRORIST>" with "glock18"
L 05/09/2018 - 12:49:32: "@te<27><VALVE_ID_LAN><CT>" killed "Smolder<25><VALVE_ID_LAN><TERRORIST>" with "glock18"
L 05/09/2018 - 12:49:35: "Calango<22><VALVE_ID_LAN><CT>" killed "jaca paladium<24><VALVE_ID_LAN><TERRORIST>" with "knife"
L 05/09/2018 - 12:49:41: Server cvar "amx_nextmap" = "sp_babar"
L 05/09/2018 - 12:49:42: "Calango<22><VALVE_ID_LAN><CT>" killed "XXBOT Ted<23><BOT><TERRORIST>" with "knife"
L 05/09/2018 - 12:49:42: Team "CT" triggered "CTs_Win" (CT "8") (T "10")
L 05/09/2018 - 12:49:42: World triggered "Round_End"
L 05/09/2018 - 12:49:47: World triggered "Round_Start"
L 05/09/2018 - 12:49:55: "XXBOT Ted<23><BOT><TERRORIST>" killed "Cap. Billy<20><VALVE_ID_LOOPBACK><CT>" with "glock18"
L 05/09/2018 - 12:49:57: "Calango<22><VALVE_ID_LAN><CT>" killed "TUX<21><VALVE_ID_LAN><TERRORIST>" with "glock18"
L 05/09/2018 - 12:49:57: "Smolder<25><VALVE_ID_LAN><TERRORIST>" killed "Jack<26><VALVE_ID_LAN><CT>" with "knife"
L 05/09/2018 - 12:50:00: "Smolder<25><VALVE_ID_LAN><TERRORIST>" killed "@te<27><VALVE_ID_LAN><CT>" with "knife"
L 05/09/2018 - 12:50:21: "Calango<22><VALVE_ID_LAN><CT>" killed "Smolder<25><VALVE_ID_LAN><TERRORIST>" with "glock18"
L 05/09/2018 - 12:50:26: "jaca paladium<24><VALVE_ID_LAN><TERRORIST>" killed "Calango<22><VALVE_ID_LAN><CT>" with "knife"
L 05/09/2018 - 12:50:26: Team "TERRORIST" triggered "Terrorists_Win" (CT "8") (T "11")
L 05/09/2018 - 12:50:26: World triggered "Round_End"
L 05/09/2018 - 12:50:30: "Jack<26><VALVE_ID_LAN><CT>" say "covardes" (dead)
L 05/09/2018 - 12:50:31: "@te<27><VALVE_ID_LAN><CT>" say_team "vamos ficar juntos" (dead)
L 05/09/2018 - 12:50:31: World triggered "Round_Start"
L 05/09/2018 - 12:50:41: "Jack<26><VALVE_ID_LAN><CT>" killed "jaca paladium<24><VALVE_ID_LAN><TERRORIST>" with "glock18"
L 05/09/2018 - 12:50:43: "Calango<22><VALVE_ID_LAN><CT>" killed "TUX<21><VALVE_ID_LAN><TERRORIST>" with "glock18"
L 05/09/2018 - 12:50:47: "Smolder<25><VALVE_ID_LAN><TERRORIST>" killed "Jack<26><VALVE_ID_LAN><CT>" with "knife"
L 05/09/2018 - 12:50:49: "Smolder<25><VALVE_ID_LAN><TERRORIST>" killed "Cap. Billy<20><VALVE_ID_LOOPBACK><CT>" with "knife"
L 05/09/2018 - 12:50:53: "@te<27><VALVE_ID_LAN><CT>" killed "Smolder<25><VALVE_ID_LAN><TERRORIST>" with "glock18"
L 05/09/2018 - 12:50:55: "XXBOT Ted<23><BOT><TERRORIST>" killed "@te<27><VALVE_ID_LAN><CT>" with "glock18"
L 05/09/2018 - 12:50:57: "XXBOT Ted<23><BOT><TERRORIST>" killed "Calango<22><VALVE_ID_LAN><CT>" with "glock18"
L 05/09/2018 - 12:50:57: Team "TERRORIST" triggered "Terrorists_Win" (CT "8") (T "12")
L 05/09/2018 - 12:50:57: World triggered "Round_End"
L 05/09/2018 - 12:51:02: World triggered "Round_Start"
L 05/09/2018 - 12:51:12: "Cap. Billy<20><VALVE_ID_LOOPBACK><CT>" killed "XXBOT Ted<23><BOT><TERRORIST>" with "glock18"
L 05/09/2018 - 12:51:18: "Jack<26><VALVE_ID_LAN><CT>" killed "TUX<21><VALVE_ID_LAN><TERRORIST>" with "glock18"
L 05/09/2018 - 12:51:19: "@te<27><VALVE_ID_LAN><CT>" killed "jaca paladium<24><VALVE_ID_LAN><TERRORIST>" with "knife"
L 05/09/2018 - 12:51:20: "Smolder<25><VALVE_ID_LAN><TERRORIST>" killed "@te<27><VALVE_ID_LAN><CT>" with "knife"
L 05/09/2018 - 12:51:22: "Cap. Billy<20><VALVE_ID_LOOPBACK><CT>" killed "Smolder<25><VALVE_ID_LAN><TERRORIST>" with "knife"
L 05/09/2018 - 12:51:22: Team "CT" triggered "CTs_Win" (CT "9") (T "12")
L 05/09/2018 - 12:51:22: World triggered "Round_End"
L 05/09/2018 - 12:51:27: World triggered "Round_Start"
L 05/09/2018 - 12:51:30: Team "CT" scored "9" with "4" players
L 05/09/2018 - 12:51:30: Team "TERRORIST" scored "12" with "4" players
L 05/09/2018 - 12:51:33: "Cap. Billy<20><VALVE_ID_LOOPBACK><CT>" triggered "weaponstats" (weapon "glock18") (shots "134") (hits "38") (kills "10") (headshots "8") (tks "0") (damage "1285") (deaths "7")
L 05/09/2018 - 12:51:33: "Cap. Billy<20><VALVE_ID_LOOPBACK><CT>" triggered "weaponstats2" (weapon "glock18") (head "12") (chest "7") (stomach "3") (leftarm "3") (rightarm "11") (leftleg "1") (rightleg "1")
L 05/09/2018 - 12:51:33: "Cap. Billy<20><VALVE_ID_LOOPBACK><CT>" triggered "weaponstats" (weapon "knife") (shots "21") (hits "11") (kills "6") (headshots "2") (tks "0") (damage "810") (deaths "5")
L 05/09/2018 - 12:51:33: "Cap. Billy<20><VALVE_ID_LOOPBACK><CT>" triggered "weaponstats2" (weapon "knife") (head "3") (chest "5") (stomach "1") (leftarm "2") (rightarm "0") (leftleg "0") (rightleg "0")
L 05/09/2018 - 12:51:33: "Cap. Billy<20><VALVE_ID_LOOPBACK><CT>" triggered "time" (time "10:06")
L 05/09/2018 - 12:51:33: "Cap. Billy<20><VALVE_ID_LOOPBACK><CT>" triggered "latency" (ping "0")
L 05/09/2018 - 12:51:33: "TUX<21><VALVE_ID_LAN><TERRORIST>" triggered "weaponstats" (weapon "glock18") (shots "133") (hits "54") (kills "11") (headshots "9") (tks "0") (damage "1573") (deaths "15")
L 05/09/2018 - 12:51:33: "TUX<21><VALVE_ID_LAN><TERRORIST>" triggered "weaponstats2" (weapon "glock18") (head "13") (chest "5") (stomach "2") (leftarm "15") (rightarm "19") (leftleg "0") (rightleg "0")
L 05/09/2018 - 12:51:33: "TUX<21><VALVE_ID_LAN><TERRORIST>" triggered "weaponstats" (weapon "knife") (shots "8") (hits "7") (kills "6") (headshots "1") (tks "1") (damage "569") (deaths "1")
L 05/09/2018 - 12:51:33: "TUX<21><VALVE_ID_LAN><TERRORIST>" triggered "weaponstats2" (weapon "knife") (head "1") (chest "2") (stomach "0") (leftarm "3") (rightarm "1") (leftleg "0") (rightleg "0")
L 05/09/2018 - 12:51:33: "TUX<21><VALVE_ID_LAN><TERRORIST>" triggered "time" (time "10:04")
L 05/09/2018 - 12:51:33: "TUX<21><VALVE_ID_LAN><TERRORIST>" triggered "latency" (ping "11")
L 05/09/2018 - 12:51:33: "Calango<22><VALVE_ID_LAN><CT>" triggered "weaponstats" (weapon "glock18") (shots "273") (hits "102") (kills "12") (headshots "9") (tks "0") (damage "2394") (deaths "5")
L 05/09/2018 - 12:51:33: "Calango<22><VALVE_ID_LAN><CT>" triggered "weaponstats2" (weapon "glock18") (head "18") (chest "24") (stomach "5") (leftarm "29") (rightarm "20") (leftleg "2") (rightleg "4")
L 05/09/2018 - 12:51:33: "Calango<22><VALVE_ID_LAN><CT>" triggered "weaponstats" (weapon "knife") (shots "21") (hits "8") (kills "5") (headshots "1") (tks "0") (damage "609") (deaths "8")
L 05/09/2018 - 12:51:33: "Calango<22><VALVE_ID_LAN><CT>" triggered "weaponstats2" (weapon "knife") (head "2") (chest "1") (stomach "0") (leftarm "3") (rightarm "2") (leftleg "0") (rightleg "0")
L 05/09/2018 - 12:51:33: "Calango<22><VALVE_ID_LAN><CT>" triggered "time" (time "10:03")
L 05/09/2018 - 12:51:33: "Calango<22><VALVE_ID_LAN><CT>" triggered "latency" (ping "8")
L 05/09/2018 - 12:51:33: "jaca paladium<24><VALVE_ID_LAN><TERRORIST>" triggered "weaponstats" (weapon "glock18") (shots "155") (hits "54") (kills "15") (headshots "13") (tks "0") (damage "1938") (deaths "7")
L 05/09/2018 - 12:51:33: "jaca paladium<24><VALVE_ID_LAN><TERRORIST>" triggered "weaponstats2" (weapon "glock18") (head "17") (chest "9") (stomach "2") (leftarm "14") (rightarm "7") (leftleg "1") (rightleg "4")
L 05/09/2018 - 12:51:33: "jaca paladium<24><VALVE_ID_LAN><TERRORIST>" triggered "weaponstats" (weapon "knife") (shots "15") (hits "7") (kills "3") (headshots "1") (tks "0") (damage "590") (deaths "6")
L 05/09/2018 - 12:51:33: "jaca paladium<24><VALVE_ID_LAN><TERRORIST>" triggered "weaponstats2" (weapon "knife") (head "1") (chest "1") (stomach "1") (leftarm "0") (rightarm "2") (leftleg "1") (rightleg "1")
L 05/09/2018 - 12:51:33: "jaca paladium<24><VALVE_ID_LAN><TERRORIST>" triggered "time" (time "10:03")
L 05/09/2018 - 12:51:33: "jaca paladium<24><VALVE_ID_LAN><TERRORIST>" triggered "latency" (ping "7")
L 05/09/2018 - 12:51:33: "Smolder<25><VALVE_ID_LAN><TERRORIST>" triggered "weaponstats" (weapon "glock18") (shots "101") (hits "33") (kills "6") (headshots "5") (tks "0") (damage "841") (deaths "6")
L 05/09/2018 - 12:51:33: "Smolder<25><VALVE_ID_LAN><TERRORIST>" triggered "weaponstats2" (weapon "glock18") (head "7") (chest "6") (stomach "0") (leftarm "11") (rightarm "9") (leftleg "0") (rightleg "0")
L 05/09/2018 - 12:51:33: "Smolder<25><VALVE_ID_LAN><TERRORIST>" triggered "weaponstats" (weapon "knife") (shots "28") (hits "19") (kills "9") (headshots "8") (tks "0") (damage "2905") (deaths "11")
L 05/09/2018 - 12:51:33: "Smolder<25><VALVE_ID_LAN><TERRORIST>" triggered "weaponstats2" (weapon "knife") (head "15") (chest "2") (stomach "0") (leftarm "1") (rightarm "1") (leftleg "0") (rightleg "0")
L 05/09/2018 - 12:51:33: "Smolder<25><VALVE_ID_LAN><TERRORIST>" triggered "time" (time "10:01")
L 05/09/2018 - 12:51:33: "Smolder<25><VALVE_ID_LAN><TERRORIST>" triggered "latency" (ping "8")
L 05/09/2018 - 12:51:33: "Jack<26><VALVE_ID_LAN><CT>" triggered "weaponstats" (weapon "glock18") (shots "211") (hits "70") (kills "14") (headshots "12") (tks "0") (damage "1789") (deaths "4")
L 05/09/2018 - 12:51:33: "Jack<26><VALVE_ID_LAN><CT>" triggered "weaponstats2" (weapon "glock18") (head "15") (chest "11") (stomach "3") (leftarm "21") (rightarm "18") (leftleg "0") (rightleg "2")
L 05/09/2018 - 12:51:33: "Jack<26><VALVE_ID_LAN><CT>" triggered "weaponstats" (weapon "knife") (shots "18") (hits "9") (kills "2") (headshots "0") (tks "0") (damage "495") (deaths "13")
L 05/09/2018 - 12:51:33: "Jack<26><VALVE_ID_LAN><CT>" triggered "weaponstats2" (weapon "knife") (head "3") (chest "5") (stomach "0") (leftarm "1") (rightarm "0") (leftleg "0") (rightleg "0")
L 05/09/2018 - 12:51:33: "Jack<26><VALVE_ID_LAN><CT>" triggered "time" (time "9:57")
L 05/09/2018 - 12:51:33: "Jack<26><VALVE_ID_LAN><CT>" triggered "latency" (ping "10")
L 05/09/2018 - 12:51:33: "@te<27><VALVE_ID_LAN><CT>" triggered "weaponstats" (weapon "glock18") (shots "105") (hits "29") (kills "7") (headshots "4") (tks "0") (damage "782") (deaths "5")
L 05/09/2018 - 12:51:33: "@te<27><VALVE_ID_LAN><CT>" triggered "weaponstats2" (weapon "glock18") (head "5") (chest "9") (stomach "4") (leftarm "6") (rightarm "2") (leftleg "0") (rightleg "3")
L 05/09/2018 - 12:51:33: "@te<27><VALVE_ID_LAN><CT>" triggered "weaponstats" (weapon "knife") (shots "16") (hits "10") (kills "4") (headshots "1") (tks "0") (damage "770") (deaths "9")
L 05/09/2018 - 12:51:33: "@te<27><VALVE_ID_LAN><CT>" triggered "weaponstats2" (weapon "knife") (head "3") (chest "4") (stomach "0") (leftarm "1") (rightarm "2") (leftleg "0") (rightleg "0")
L 05/09/2018 - 12:51:33: "@te<27><VALVE_ID_LAN><CT>" triggered "time" (time "9:49")
L 05/09/2018 - 12:51:33: "@te<27><VALVE_ID_LAN><CT>" triggered "latency" (ping "10")
L 05/09/2018 - 12:51:33: [META] ini: Begin re-reading plugins list: c:/valve/cstrike/addons/metamod/plugins.ini
L 05/09/2018 - 12:51:33: [META] ini: Read plugin config for: AMX
L 05/09/2018 - 12:51:33: [META] ini: Read plugin config for: WinHL-Booster
L 05/09/2018 - 12:51:33: [META] ERROR: ini: Skipping plugin, couldn't stat file 'addons/hlguard/dlls/hlguard_mm_nightly.dll': No such file or directory
L 05/09/2018 - 12:51:33: [META] ini: Read plugin config for: WebMod
L 05/09/2018 - 12:51:33: [META] ini: Finished reading plugins list: c:/valve/cstrike/addons/metamod/plugins.ini; Found 3 plugins
L 05/09/2018 - 12:51:33: [META] dll: Updating plugins...
L 05/09/2018 - 12:51:33: [META] ERROR: dll: Failed query plugin '<hlguard_mm_nightly.dll>'; Couldn't open file 'addons/hlguard/dlls/hlguard_mm_nightly.dll': Não foi possível encontrar o módulo especificado.

L 05/09/2018 - 12:51:33: [META] ERROR: dll: Skipping plugin '<hlguard_mm_nightly.dll>'; couldn't query
L 05/09/2018 - 12:51:33: [META] dll: Finished updating 6 plugins; kept 3, loaded 0, unloaded 0, reloaded 0, delayed 0
L 05/09/2018 - 12:51:33: Server shutdown
L 05/09/2018 - 12:51:33: Log file closed
