L 05/04/2018 - 12:51:35: Log file started (file "logs\L0504004.log") (game "cstrike") (version "47/1.1.2.2/2603")
L 05/04/2018 - 12:51:36: "TUX<39><VALVE_ID_LAN><>" entered the game
L 05/04/2018 - 12:51:36: "Calcas Peludas<38><VALVE_ID_LAN><>" joined team "TERRORIST"
L 05/04/2018 - 12:51:36: World triggered "Round_Start"
L 05/04/2018 - 12:51:36: "Pingado Billy<42><VALVE_ID_LAN><>" entered the game
L 05/04/2018 - 12:51:36: "Jack<40><VALVE_ID_LAN><>" entered the game
L 05/04/2018 - 12:51:36: "Calango<43><VALVE_ID_LAN><>" entered the game
L 05/04/2018 - 12:51:37: "TUX<39><VALVE_ID_LAN><>" joined team "TERRORIST"
L 05/04/2018 - 12:51:37: "GARGAMEL O EMPALADOR<44><VALVE_ID_LAN><>" entered the game
L 05/04/2018 - 12:51:38: "GARGAMEL O EMPALADOR<44><VALVE_ID_LAN><>" joined team "TERRORIST"
L 05/04/2018 - 12:51:38: "Calango<43><VALVE_ID_LAN><>" joined team "CT"
L 05/04/2018 - 12:51:38: "Pingado Billy<42><VALVE_ID_LAN><>" joined team "TERRORIST"
L 05/04/2018 - 12:51:39: "Jack<40><VALVE_ID_LAN><>" joined team "CT"
L 05/04/2018 - 12:51:40: "Smolder<45><VALVE_ID_LAN><>" connected, address "10.15.3.173:27005"
L 05/04/2018 - 12:51:42: "@te<46><VALVE_ID_LAN><>" connected, address "10.15.2.23:27005"
L 05/04/2018 - 12:51:43: "Smolder<45><VALVE_ID_LAN><>" entered the game
L 05/04/2018 - 12:51:45: "@te<46><VALVE_ID_LAN><>" entered the game
L 05/04/2018 - 12:51:45: "Smolder<45><VALVE_ID_LAN><>" joined team "TERRORIST"
L 05/04/2018 - 12:51:47: "Calango<43><VALVE_ID_LAN><CT>" killed "XXBOT Zane<41><BOT><TERRORIST>" with "deagle"
L 05/04/2018 - 12:51:52: "@te<46><VALVE_ID_LAN><>" joined team "CT"
L 05/04/2018 - 12:51:57: "Jack<40><VALVE_ID_LAN><CT>" killed "GARGAMEL O EMPALADOR<44><VALVE_ID_LAN><TERRORIST>" with "knife"
L 05/04/2018 - 12:52:02: "Cap. Billy<37><VALVE_ID_LOOPBACK><CT>" killed "Smolder<45><VALVE_ID_LAN><TERRORIST>" with "deagle"
L 05/04/2018 - 12:52:03: "Calango<43><VALVE_ID_LAN><CT>" killed "TUX<39><VALVE_ID_LAN><TERRORIST>" with "deagle"
L 05/04/2018 - 12:52:04: "GARGAMEL O EMPALADOR<44><VALVE_ID_LAN><TERRORIST>" say "travou" (dead)
L 05/04/2018 - 12:52:04: "Calcas Peludas<38><VALVE_ID_LAN><TERRORIST>" killed "@te<46><VALVE_ID_LAN><CT>" with "knife"
L 05/04/2018 - 12:52:05: "Calango<43><VALVE_ID_LAN><CT>" killed "Calcas Peludas<38><VALVE_ID_LAN><TERRORIST>" with "knife"
L 05/04/2018 - 12:52:07: "Calango<43><VALVE_ID_LAN><CT>" killed "Pingado Billy<42><VALVE_ID_LAN><TERRORIST>" with "deagle"
L 05/04/2018 - 12:52:07: Team "CT" triggered "CTs_Win" (CT "1") (T "0")
L 05/04/2018 - 12:52:07: World triggered "Round_End"
L 05/04/2018 - 12:52:09: Server cvar "bot_quota" = "0"
L 05/04/2018 - 12:52:09: Kick: "XXBOT Zane<41><UNKNOWN><>" was kicked by "Cap. Billy"
L 05/04/2018 - 12:52:09: "XXBOT Zane<41><BOT><TERRORIST>" disconnected
L 05/04/2018 - 12:52:12: "XXBOT Chet<47><BOT><>" joined team "CT"
L 05/04/2018 - 12:52:12: Server cvar "bot_quota" = "1"
L 05/04/2018 - 12:52:12: "XXBOT Chet<47><BOT><>" entered the game
L 05/04/2018 - 12:52:12: World triggered "Round_Start"
L 05/04/2018 - 12:52:21: "TUX<39><VALVE_ID_LAN><TERRORIST>" killed "@te<46><VALVE_ID_LAN><CT>" with "deagle"
L 05/04/2018 - 12:52:25: "Cap. Billy<37><VALVE_ID_LOOPBACK><CT>" killed "GARGAMEL O EMPALADOR<44><VALVE_ID_LAN><TERRORIST>" with "knife"
L 05/04/2018 - 12:52:30: "Jack<40><VALVE_ID_LAN><CT>" killed "Smolder<45><VALVE_ID_LAN><TERRORIST>" with "knife"
L 05/04/2018 - 12:52:32: "TUX<39><VALVE_ID_LAN><TERRORIST>" killed "Jack<40><VALVE_ID_LAN><CT>" with "deagle"
L 05/04/2018 - 12:52:34: "XXBOT Chet<47><BOT><CT>" killed "Pingado Billy<42><VALVE_ID_LAN><TERRORIST>" with "deagle"
L 05/04/2018 - 12:52:36: "Calcas Peludas<38><VALVE_ID_LAN><TERRORIST>" killed "XXBOT Chet<47><BOT><CT>" with "knife"
L 05/04/2018 - 12:52:40: "TUX<39><VALVE_ID_LAN><TERRORIST>" killed "Cap. Billy<37><VALVE_ID_LOOPBACK><CT>" with "deagle"
L 05/04/2018 - 12:52:51: "Calcas Peludas<38><VALVE_ID_LAN><TERRORIST>" killed "Calango<43><VALVE_ID_LAN><CT>" with "deagle"
L 05/04/2018 - 12:52:51: Team "TERRORIST" triggered "Terrorists_Win" (CT "1") (T "1")
L 05/04/2018 - 12:52:51: World triggered "Round_End"
L 05/04/2018 - 12:52:56: World triggered "Round_Start"
L 05/04/2018 - 12:53:05: "Calango<43><VALVE_ID_LAN><CT>" killed "TUX<39><VALVE_ID_LAN><TERRORIST>" with "deagle"
L 05/04/2018 - 12:53:09: "Calcas Peludas<38><VALVE_ID_LAN><TERRORIST>" killed "XXBOT Chet<47><BOT><CT>" with "deagle"
L 05/04/2018 - 12:53:19: "Smolder<45><VALVE_ID_LAN><TERRORIST>" killed "Jack<40><VALVE_ID_LAN><CT>" with "deagle"
L 05/04/2018 - 12:53:20: "Smolder<45><VALVE_ID_LAN><TERRORIST>" killed "Cap. Billy<37><VALVE_ID_LOOPBACK><CT>" with "deagle"
L 05/04/2018 - 12:53:26: "@te<46><VALVE_ID_LAN><CT>" killed "Smolder<45><VALVE_ID_LAN><TERRORIST>" with "deagle"
L 05/04/2018 - 12:53:30: "Calango<43><VALVE_ID_LAN><CT>" killed "Pingado Billy<42><VALVE_ID_LAN><TERRORIST>" with "deagle"
L 05/04/2018 - 12:53:34: "Calango<43><VALVE_ID_LAN><CT>" killed "Calcas Peludas<38><VALVE_ID_LAN><TERRORIST>" with "knife"
L 05/04/2018 - 12:53:37: "GARGAMEL O EMPALADOR<44><VALVE_ID_LAN><TERRORIST>" killed "Calango<43><VALVE_ID_LAN><CT>" with "knife"
L 05/04/2018 - 12:53:49: "GARGAMEL O EMPALADOR<44><VALVE_ID_LAN><TERRORIST>" killed "@te<46><VALVE_ID_LAN><CT>" with "deagle"
L 05/04/2018 - 12:53:49: Team "TERRORIST" triggered "Terrorists_Win" (CT "1") (T "2")
L 05/04/2018 - 12:53:49: World triggered "Round_End"
L 05/04/2018 - 12:53:51: "Calango<43><VALVE_ID_LAN><CT>" say "mata" (dead)
L 05/04/2018 - 12:53:52: "Calcas Peludas<38><VALVE_ID_LAN><TERRORIST>" say "boa" (dead)
L 05/04/2018 - 12:53:52: "Calango<43><VALVE_ID_LAN><CT>" say "aaa" (dead)
L 05/04/2018 - 12:53:54: World triggered "Round_Start"
L 05/04/2018 - 12:53:59: "Calango<43><VALVE_ID_LAN><CT>" killed "Calcas Peludas<38><VALVE_ID_LAN><TERRORIST>" with "deagle"
L 05/04/2018 - 12:53:59: "TUX<39><VALVE_ID_LAN><TERRORIST>" killed "Calango<43><VALVE_ID_LAN><CT>" with "deagle"
L 05/04/2018 - 12:54:00: "Smolder<45><VALVE_ID_LAN><TERRORIST>" killed "Cap. Billy<37><VALVE_ID_LOOPBACK><CT>" with "deagle"
L 05/04/2018 - 12:54:06: "TUX<39><VALVE_ID_LAN><TERRORIST>" killed "XXBOT Chet<47><BOT><CT>" with "deagle"
L 05/04/2018 - 12:54:10: "Jack<40><VALVE_ID_LAN><CT>" killed "Smolder<45><VALVE_ID_LAN><TERRORIST>" with "deagle"
L 05/04/2018 - 12:54:20: "GARGAMEL O EMPALADOR<44><VALVE_ID_LAN><TERRORIST>" killed "@te<46><VALVE_ID_LAN><CT>" with "deagle"
L 05/04/2018 - 12:54:25: "Jack<40><VALVE_ID_LAN><CT>" killed "GARGAMEL O EMPALADOR<44><VALVE_ID_LAN><TERRORIST>" with "deagle"
L 05/04/2018 - 12:54:30: "Pingado Billy<42><VALVE_ID_LAN><TERRORIST>" killed "Jack<40><VALVE_ID_LAN><CT>" with "deagle"
L 05/04/2018 - 12:54:30: Team "TERRORIST" triggered "Terrorists_Win" (CT "1") (T "3")
L 05/04/2018 - 12:54:30: World triggered "Round_End"
L 05/04/2018 - 12:54:35: World triggered "Round_Start"
L 05/04/2018 - 12:54:43: "Pingado Billy<42><VALVE_ID_LAN><TERRORIST>" killed "@te<46><VALVE_ID_LAN><CT>" with "deagle"
L 05/04/2018 - 12:54:45: "Calango<43><VALVE_ID_LAN><CT>" killed "Pingado Billy<42><VALVE_ID_LAN><TERRORIST>" with "deagle"
L 05/04/2018 - 12:54:47: "Jack<40><VALVE_ID_LAN><CT>" killed "Smolder<45><VALVE_ID_LAN><TERRORIST>" with "knife"
L 05/04/2018 - 12:54:51: "Calcas Peludas<38><VALVE_ID_LAN><TERRORIST>" killed "Jack<40><VALVE_ID_LAN><CT>" with "knife"
L 05/04/2018 - 12:54:52: "TUX<39><VALVE_ID_LAN><TERRORIST>" killed "XXBOT Chet<47><BOT><CT>" with "deagle"
L 05/04/2018 - 12:54:53: "Calango<43><VALVE_ID_LAN><CT>" killed "GARGAMEL O EMPALADOR<44><VALVE_ID_LAN><TERRORIST>" with "knife"
L 05/04/2018 - 12:54:54: "Calango<43><VALVE_ID_LAN><CT>" killed "Calcas Peludas<38><VALVE_ID_LAN><TERRORIST>" with "knife"
L 05/04/2018 - 12:55:00: "TUX<39><VALVE_ID_LAN><TERRORIST>" killed "Calango<43><VALVE_ID_LAN><CT>" with "deagle"
L 05/04/2018 - 12:55:02: "Jack<40><VALVE_ID_LAN><CT>" say "irra" (dead)
L 05/04/2018 - 12:55:04: "Cap. Billy<37><VALVE_ID_LOOPBACK><CT>" killed "TUX<39><VALVE_ID_LAN><TERRORIST>" with "knife"
L 05/04/2018 - 12:55:04: Team "CT" triggered "CTs_Win" (CT "2") (T "3")
L 05/04/2018 - 12:55:04: World triggered "Round_End"
L 05/04/2018 - 12:55:09: World triggered "Round_Start"
L 05/04/2018 - 12:55:10: "@te<46><VALVE_ID_LAN><CT>" say "toma camper"
L 05/04/2018 - 12:55:21: "Cap. Billy<37><VALVE_ID_LOOPBACK><CT>" killed "Smolder<45><VALVE_ID_LAN><TERRORIST>" with "deagle"
L 05/04/2018 - 12:55:25: "XXBOT Chet<47><BOT><CT>" killed "GARGAMEL O EMPALADOR<44><VALVE_ID_LAN><TERRORIST>" with "deagle"
L 05/04/2018 - 12:55:26: "Cap. Billy<37><VALVE_ID_LOOPBACK><CT>" killed "Calcas Peludas<38><VALVE_ID_LAN><TERRORIST>" with "deagle"
L 05/04/2018 - 12:55:27: "Pingado Billy<42><VALVE_ID_LAN><TERRORIST>" killed "XXBOT Chet<47><BOT><CT>" with "deagle"
L 05/04/2018 - 12:55:27: "Calango<43><VALVE_ID_LAN><CT>" killed "Pingado Billy<42><VALVE_ID_LAN><TERRORIST>" with "knife"
L 05/04/2018 - 12:55:41: "Cap. Billy<37><VALVE_ID_LOOPBACK><CT>" killed "TUX<39><VALVE_ID_LAN><TERRORIST>" with "knife"
L 05/04/2018 - 12:55:41: Team "CT" triggered "CTs_Win" (CT "3") (T "3")
L 05/04/2018 - 12:55:41: World triggered "Round_End"
L 05/04/2018 - 12:55:46: World triggered "Round_Start"
L 05/04/2018 - 12:55:53: "@te<46><VALVE_ID_LAN><CT>" killed "Calcas Peludas<38><VALVE_ID_LAN><TERRORIST>" with "deagle"
L 05/04/2018 - 12:55:55: "TUX<39><VALVE_ID_LAN><TERRORIST>" killed "Calango<43><VALVE_ID_LAN><CT>" with "deagle"
L 05/04/2018 - 12:55:56: "TUX<39><VALVE_ID_LAN><TERRORIST>" killed "@te<46><VALVE_ID_LAN><CT>" with "deagle"
L 05/04/2018 - 12:55:59: "Cap. Billy<37><VALVE_ID_LOOPBACK><CT>" killed "Pingado Billy<42><VALVE_ID_LAN><TERRORIST>" with "knife"
L 05/04/2018 - 12:56:00: "XXBOT Chet<47><BOT><CT>" killed "TUX<39><VALVE_ID_LAN><TERRORIST>" with "deagle"
L 05/04/2018 - 12:56:03: "Cap. Billy<37><VALVE_ID_LOOPBACK><CT>" killed "GARGAMEL O EMPALADOR<44><VALVE_ID_LAN><TERRORIST>" with "knife"
L 05/04/2018 - 12:56:09: "Smolder<45><VALVE_ID_LAN><TERRORIST>" killed "XXBOT Chet<47><BOT><CT>" with "deagle"
L 05/04/2018 - 12:56:16: "Smolder<45><VALVE_ID_LAN><TERRORIST>" killed "Cap. Billy<37><VALVE_ID_LOOPBACK><CT>" with "deagle"
L 05/04/2018 - 12:56:20: "Calango<43><VALVE_ID_LAN><CT>" say "covarde" (dead)
L 05/04/2018 - 12:56:25: "Calango<43><VALVE_ID_LAN><CT>" say "timeleft" (dead)
L 05/04/2018 - 12:56:26: "Calcas Peludas<38><VALVE_ID_LAN><TERRORIST>" say "chamou na faca" (dead)
L 05/04/2018 - 12:56:36: "Calcas Peludas<38><VALVE_ID_LAN><TERRORIST>" say "eitaaa porraaaaa" (dead)
L 05/04/2018 - 12:56:40: "Jack<40><VALVE_ID_LAN><CT>" killed "Smolder<45><VALVE_ID_LAN><TERRORIST>" with "knife"
L 05/04/2018 - 12:56:40: Team "CT" triggered "CTs_Win" (CT "4") (T "3")
L 05/04/2018 - 12:56:40: World triggered "Round_End"
L 05/04/2018 - 12:56:43: "Calango<43><VALVE_ID_LAN><CT>" say "uuuuuhhhhhhh" (dead)
L 05/04/2018 - 12:56:44: "Cap. Billy<37><VALVE_ID_LOOPBACK><CT>" say "EEEEEIIITAAAA" (dead)
L 05/04/2018 - 12:56:45: "@te<46><VALVE_ID_LAN><CT>" say "eitaaaaa" (dead)
L 05/04/2018 - 12:56:45: World triggered "Round_Start"
L 05/04/2018 - 12:56:51: "GARGAMEL O EMPALADOR<44><VALVE_ID_LAN><TERRORIST>" killed "Jack<40><VALVE_ID_LAN><CT>" with "deagle"
L 05/04/2018 - 12:56:54: "Calango<43><VALVE_ID_LAN><CT>" killed "Pingado Billy<42><VALVE_ID_LAN><TERRORIST>" with "deagle"
L 05/04/2018 - 12:56:54: "Cap. Billy<37><VALVE_ID_LOOPBACK><CT>" killed "TUX<39><VALVE_ID_LAN><TERRORIST>" with "knife"
L 05/04/2018 - 12:56:56: "Calcas Peludas<38><VALVE_ID_LAN><TERRORIST>" killed "Cap. Billy<37><VALVE_ID_LOOPBACK><CT>" with "deagle"
L 05/04/2018 - 12:57:00: "XXBOT Chet<47><BOT><CT>" killed "GARGAMEL O EMPALADOR<44><VALVE_ID_LAN><TERRORIST>" with "deagle"
L 05/04/2018 - 12:57:01: "Calango<43><VALVE_ID_LAN><CT>" killed "Calcas Peludas<38><VALVE_ID_LAN><TERRORIST>" with "knife"
L 05/04/2018 - 12:57:08: "XXBOT Chet<47><BOT><CT>" killed "Smolder<45><VALVE_ID_LAN><TERRORIST>" with "deagle"
L 05/04/2018 - 12:57:08: Team "CT" triggered "CTs_Win" (CT "5") (T "3")
L 05/04/2018 - 12:57:08: World triggered "Round_End"
L 05/04/2018 - 12:57:11: "Cap. Billy<37><VALVE_ID_LOOPBACK><CT>" say "timeleft" (dead)
L 05/04/2018 - 12:57:13: World triggered "Round_Start"
L 05/04/2018 - 12:57:22: "Pingado Billy<42><VALVE_ID_LAN><TERRORIST>" killed "Cap. Billy<37><VALVE_ID_LOOPBACK><CT>" with "deagle"
L 05/04/2018 - 12:57:24: "XXBOT Chet<47><BOT><CT>" killed "GARGAMEL O EMPALADOR<44><VALVE_ID_LAN><TERRORIST>" with "deagle"
L 05/04/2018 - 12:57:27: "Jack<40><VALVE_ID_LAN><CT>" killed "TUX<39><VALVE_ID_LAN><TERRORIST>" with "deagle"
L 05/04/2018 - 12:57:32: "Calcas Peludas<38><VALVE_ID_LAN><TERRORIST>" killed "@te<46><VALVE_ID_LAN><CT>" with "deagle"
L 05/04/2018 - 12:57:34: "Smolder<45><VALVE_ID_LAN><TERRORIST>" killed "Calango<43><VALVE_ID_LAN><CT>" with "knife"
L 05/04/2018 - 12:57:37: "Smolder<45><VALVE_ID_LAN><TERRORIST>" killed "Jack<40><VALVE_ID_LAN><CT>" with "deagle"
L 05/04/2018 - 12:57:40: "Calango<43><VALVE_ID_LAN><CT>" say "mentiraaa" (dead)
L 05/04/2018 - 12:57:46: "Smolder<45><VALVE_ID_LAN><TERRORIST>" killed "XXBOT Chet<47><BOT><CT>" with "deagle"
L 05/04/2018 - 12:57:46: Team "TERRORIST" triggered "Terrorists_Win" (CT "5") (T "4")
L 05/04/2018 - 12:57:46: World triggered "Round_End"
L 05/04/2018 - 12:57:51: World triggered "Round_Start"
L 05/04/2018 - 12:57:59: "Calango<43><VALVE_ID_LAN><CT>" killed "Smolder<45><VALVE_ID_LAN><TERRORIST>" with "deagle"
L 05/04/2018 - 12:58:07: "Cap. Billy<37><VALVE_ID_LOOPBACK><CT>" killed "Pingado Billy<42><VALVE_ID_LAN><TERRORIST>" with "deagle"
L 05/04/2018 - 12:58:08: "GARGAMEL O EMPALADOR<44><VALVE_ID_LAN><TERRORIST>" killed "Jack<40><VALVE_ID_LAN><CT>" with "deagle"
L 05/04/2018 - 12:58:12: "@te<46><VALVE_ID_LAN><CT>" killed "TUX<39><VALVE_ID_LAN><TERRORIST>" with "knife"
L 05/04/2018 - 12:58:19: "XXBOT Chet<47><BOT><CT>" killed "GARGAMEL O EMPALADOR<44><VALVE_ID_LAN><TERRORIST>" with "deagle"
L 05/04/2018 - 12:58:19: "Calcas Peludas<38><VALVE_ID_LAN><TERRORIST>" killed "Cap. Billy<37><VALVE_ID_LOOPBACK><CT>" with "deagle"
L 05/04/2018 - 12:58:23: "@te<46><VALVE_ID_LAN><CT>" killed "Calcas Peludas<38><VALVE_ID_LAN><TERRORIST>" with "deagle"
L 05/04/2018 - 12:58:23: Team "CT" triggered "CTs_Win" (CT "6") (T "4")
L 05/04/2018 - 12:58:23: World triggered "Round_End"
L 05/04/2018 - 12:58:27: "Jack<40><VALVE_ID_LAN><CT>" say "timeleft" (dead)
L 05/04/2018 - 12:58:28: World triggered "Round_Start"
L 05/04/2018 - 12:58:29: "Jack<40><VALVE_ID_LAN><CT>" say "facaac"
L 05/04/2018 - 12:58:30: "Jack<40><VALVE_ID_LAN><CT>" say "faca"
L 05/04/2018 - 12:58:31: Server cvar "bot_quota" = "0"
L 05/04/2018 - 12:58:31: Kick: "XXBOT Chet<47><UNKNOWN><>" was kicked by "Cap. Billy"
L 05/04/2018 - 12:58:31: "XXBOT Chet<47><BOT><CT>" disconnected
L 05/04/2018 - 12:58:34: "Cap. Billy<37><VALVE_ID_LOOPBACK><CT>" say "SOH FACAAA"
L 05/04/2018 - 12:58:44: "Cap. Billy<37><VALVE_ID_LOOPBACK><CT>" killed "Calcas Peludas<38><VALVE_ID_LAN><TERRORIST>" with "knife"
L 05/04/2018 - 12:58:46: "Smolder<45><VALVE_ID_LAN><TERRORIST>" killed "Jack<40><VALVE_ID_LAN><CT>" with "knife"
L 05/04/2018 - 12:58:46: "Cap. Billy<37><VALVE_ID_LOOPBACK><CT>" killed "TUX<39><VALVE_ID_LAN><TERRORIST>" with "knife"
L 05/04/2018 - 12:58:48: "Smolder<45><VALVE_ID_LAN><TERRORIST>" killed "Calango<43><VALVE_ID_LAN><CT>" with "knife"
L 05/04/2018 - 12:58:49: "GARGAMEL O EMPALADOR<44><VALVE_ID_LAN><TERRORIST>" killed "Smolder<45><VALVE_ID_LAN><TERRORIST>" with "knife"
L 05/04/2018 - 12:58:52: "Calango<43><VALVE_ID_LAN><CT>" say "kkkkkkkkkk" (dead)
L 05/04/2018 - 12:58:53: "Calcas Peludas<38><VALVE_ID_LAN><TERRORIST>" say "so faca porra" (dead)
L 05/04/2018 - 12:58:53: "Cap. Billy<37><VALVE_ID_LOOPBACK><CT>" killed "Pingado Billy<42><VALVE_ID_LAN><TERRORIST>" with "knife"
L 05/04/2018 - 12:58:53: "GARGAMEL O EMPALADOR<44><VALVE_ID_LAN><TERRORIST>" killed "Cap. Billy<37><VALVE_ID_LOOPBACK><CT>" with "knife"
L 05/04/2018 - 12:58:54: "GARGAMEL O EMPALADOR<44><VALVE_ID_LAN><TERRORIST>" killed "@te<46><VALVE_ID_LAN><CT>" with "knife"
L 05/04/2018 - 12:58:54: Team "TERRORIST" triggered "Terrorists_Win" (CT "6") (T "5")
L 05/04/2018 - 12:58:54: World triggered "Round_End"
L 05/04/2018 - 12:58:59: World triggered "Round_Start"
L 05/04/2018 - 12:58:59: "GARGAMEL O EMPALADOR<44><VALVE_ID_LAN><TERRORIST>" committed suicide with "world"
L 05/04/2018 - 12:59:09: "Pingado Billy<42><VALVE_ID_LAN><TERRORIST>" killed "Calango<43><VALVE_ID_LAN><CT>" with "knife"
L 05/04/2018 - 12:59:09: "Cap. Billy<37><VALVE_ID_LOOPBACK><CT>" killed "TUX<39><VALVE_ID_LAN><TERRORIST>" with "knife"
L 05/04/2018 - 12:59:10: "Calcas Peludas<38><VALVE_ID_LAN><TERRORIST>" killed "Cap. Billy<37><VALVE_ID_LOOPBACK><CT>" with "knife"
L 05/04/2018 - 12:59:13: "Jack<40><VALVE_ID_LAN><CT>" killed "Pingado Billy<42><VALVE_ID_LAN><TERRORIST>" with "knife"
L 05/04/2018 - 12:59:15: "Calcas Peludas<38><VALVE_ID_LAN><TERRORIST>" killed "Jack<40><VALVE_ID_LAN><CT>" with "knife"
L 05/04/2018 - 12:59:17: "Calcas Peludas<38><VALVE_ID_LAN><TERRORIST>" killed "@te<46><VALVE_ID_LAN><CT>" with "knife"
L 05/04/2018 - 12:59:17: Team "TERRORIST" triggered "Terrorists_Win" (CT "6") (T "6")
L 05/04/2018 - 12:59:17: World triggered "Round_End"
L 05/04/2018 - 12:59:22: World triggered "Round_Start"
L 05/04/2018 - 12:59:38: "Calcas Peludas<38><VALVE_ID_LAN><TERRORIST>" killed "Jack<40><VALVE_ID_LAN><CT>" with "knife"
L 05/04/2018 - 12:59:39: "Pingado Billy<42><VALVE_ID_LAN><TERRORIST>" killed "Cap. Billy<37><VALVE_ID_LOOPBACK><CT>" with "knife"
L 05/04/2018 - 12:59:41: "GARGAMEL O EMPALADOR<44><VALVE_ID_LAN><TERRORIST>" killed "Calango<43><VALVE_ID_LAN><CT>" with "knife"
L 05/04/2018 - 12:59:42: "Pingado Billy<42><VALVE_ID_LAN><TERRORIST>" killed "@te<46><VALVE_ID_LAN><CT>" with "knife"
L 05/04/2018 - 12:59:42: Team "TERRORIST" triggered "Terrorists_Win" (CT "6") (T "7")
L 05/04/2018 - 12:59:42: World triggered "Round_End"
L 05/04/2018 - 12:59:47: World triggered "Round_Start"
L 05/04/2018 - 12:59:48: Server cvar "amx_nextmap" = "ak-colt_dust_arena"
L 05/04/2018 - 12:59:49: "Jack<40><VALVE_ID_LAN><CT>" say "penha"
L 05/04/2018 - 12:59:52: "@te<46><VALVE_ID_LAN><CT>" say "ta travando muito"
L 05/04/2018 - 13:00:06: "Calcas Peludas<38><VALVE_ID_LAN><TERRORIST>" killed "Jack<40><VALVE_ID_LAN><CT>" with "knife"
L 05/04/2018 - 13:00:08: "TUX<39><VALVE_ID_LAN><TERRORIST>" killed "Calango<43><VALVE_ID_LAN><CT>" with "knife"
L 05/04/2018 - 13:00:08: "Smolder<45><VALVE_ID_LAN><TERRORIST>" killed "@te<46><VALVE_ID_LAN><CT>" with "knife"
L 05/04/2018 - 13:00:08: "Cap. Billy<37><VALVE_ID_LOOPBACK><CT>" killed "GARGAMEL O EMPALADOR<44><VALVE_ID_LAN><TERRORIST>" with "knife"
L 05/04/2018 - 13:00:12: "Smolder<45><VALVE_ID_LAN><TERRORIST>" killed "Cap. Billy<37><VALVE_ID_LOOPBACK><CT>" with "knife"
L 05/04/2018 - 13:00:12: Team "TERRORIST" triggered "Terrorists_Win" (CT "6") (T "8")
L 05/04/2018 - 13:00:12: World triggered "Round_End"
L 05/04/2018 - 13:00:17: World triggered "Round_Start"
L 05/04/2018 - 13:00:33: "Jack<40><VALVE_ID_LAN><CT>" killed "GARGAMEL O EMPALADOR<44><VALVE_ID_LAN><TERRORIST>" with "knife"
L 05/04/2018 - 13:00:33: "Cap. Billy<37><VALVE_ID_LOOPBACK><CT>" killed "Pingado Billy<42><VALVE_ID_LAN><TERRORIST>" with "knife"
L 05/04/2018 - 13:00:35: "Smolder<45><VALVE_ID_LAN><TERRORIST>" killed "@te<46><VALVE_ID_LAN><CT>" with "knife"
L 05/04/2018 - 13:00:35: "Calcas Peludas<38><VALVE_ID_LAN><TERRORIST>" killed "Jack<40><VALVE_ID_LAN><CT>" with "knife"
L 05/04/2018 - 13:00:35: "Cap. Billy<37><VALVE_ID_LOOPBACK><CT>" killed "TUX<39><VALVE_ID_LAN><TERRORIST>" with "knife"
L 05/04/2018 - 13:00:38: "Calango<43><VALVE_ID_LAN><CT>" killed "Smolder<45><VALVE_ID_LAN><TERRORIST>" with "knife"
L 05/04/2018 - 13:00:41: "Calcas Peludas<38><VALVE_ID_LAN><TERRORIST>" killed "Cap. Billy<37><VALVE_ID_LOOPBACK><CT>" with "knife"
L 05/04/2018 - 13:00:43: "Calango<43><VALVE_ID_LAN><CT>" killed "Calcas Peludas<38><VALVE_ID_LAN><TERRORIST>" with "knife"
L 05/04/2018 - 13:00:43: Team "CT" triggered "CTs_Win" (CT "7") (T "8")
L 05/04/2018 - 13:00:43: World triggered "Round_End"
L 05/04/2018 - 13:00:48: World triggered "Round_Start"
L 05/04/2018 - 13:00:55: "Calango<43><VALVE_ID_LAN><CT>" say "timeleft"
L 05/04/2018 - 13:01:05: "Cap. Billy<37><VALVE_ID_LOOPBACK><CT>" killed "GARGAMEL O EMPALADOR<44><VALVE_ID_LAN><TERRORIST>" with "knife"
L 05/04/2018 - 13:01:06: "Smolder<45><VALVE_ID_LAN><TERRORIST>" killed "Calango<43><VALVE_ID_LAN><CT>" with "knife"
L 05/04/2018 - 13:01:06: "TUX<39><VALVE_ID_LAN><TERRORIST>" killed "@te<46><VALVE_ID_LAN><CT>" with "knife"
L 05/04/2018 - 13:01:07: "Cap. Billy<37><VALVE_ID_LOOPBACK><CT>" killed "Pingado Billy<42><VALVE_ID_LAN><TERRORIST>" with "knife"
L 05/04/2018 - 13:01:08: "Jack<40><VALVE_ID_LAN><CT>" killed "Smolder<45><VALVE_ID_LAN><TERRORIST>" with "knife"
L 05/04/2018 - 13:01:09: "Calcas Peludas<38><VALVE_ID_LAN><TERRORIST>" killed "Cap. Billy<37><VALVE_ID_LOOPBACK><CT>" with "knife"
L 05/04/2018 - 13:01:12: "Jack<40><VALVE_ID_LAN><CT>" killed "TUX<39><VALVE_ID_LAN><TERRORIST>" with "knife"
L 05/04/2018 - 13:01:14: "Jack<40><VALVE_ID_LAN><CT>" killed "Calcas Peludas<38><VALVE_ID_LAN><TERRORIST>" with "knife"
L 05/04/2018 - 13:01:14: Team "CT" triggered "CTs_Win" (CT "8") (T "8")
L 05/04/2018 - 13:01:14: World triggered "Round_End"
L 05/04/2018 - 13:01:16: "Calango<43><VALVE_ID_LAN><CT>" say "uuuuhhuuuu" (dead)
L 05/04/2018 - 13:01:17: "Jack<40><VALVE_ID_LAN><CT>" say "epgu"
L 05/04/2018 - 13:01:18: "Calango<43><VALVE_ID_LAN><CT>" say "boaaaa" (dead)
L 05/04/2018 - 13:01:19: World triggered "Round_Start"
L 05/04/2018 - 13:01:19: "@te<46><VALVE_ID_LAN><CT>" say_team "fica"
L 05/04/2018 - 13:01:25: "Jack<40><VALVE_ID_LAN><CT>" say_team "fica"
L 05/04/2018 - 13:01:33: "Cap. Billy<37><VALVE_ID_LOOPBACK><CT>" killed "TUX<39><VALVE_ID_LAN><TERRORIST>" with "knife"
L 05/04/2018 - 13:01:34: "Calcas Peludas<38><VALVE_ID_LAN><TERRORIST>" killed "Calango<43><VALVE_ID_LAN><CT>" with "knife"
L 05/04/2018 - 13:01:36: "TUX<39><VALVE_ID_LAN><TERRORIST>" triggered "weaponstats" (weapon "deagle") (shots "85") (hits "28") (kills "9") (headshots "7") (tks "0") (damage "1733") (deaths "6")
L 05/04/2018 - 13:01:36: "TUX<39><VALVE_ID_LAN><TERRORIST>" triggered "weaponstats2" (weapon "deagle") (head "7") (chest "5") (stomach "1") (leftarm "9") (rightarm "6") (leftleg "0") (rightleg "0")
L 05/04/2018 - 13:01:36: "TUX<39><VALVE_ID_LAN><TERRORIST>" triggered "weaponstats" (weapon "knife") (shots "31") (hits "13") (kills "2") (headshots "0") (tks "0") (damage "664") (deaths "7")
L 05/04/2018 - 13:01:36: "TUX<39><VALVE_ID_LAN><TERRORIST>" triggered "weaponstats2" (weapon "knife") (head "3") (chest "3") (stomach "0") (leftarm "2") (rightarm "5") (leftleg "0") (rightleg "0")
L 05/04/2018 - 13:01:36: "TUX<39><VALVE_ID_LAN><TERRORIST>" triggered "time" (time "9:59")
L 05/04/2018 - 13:01:36: "TUX<39><VALVE_ID_LAN><TERRORIST>" triggered "latency" (ping "8")
L 05/04/2018 - 13:01:36: "TUX<39><VALVE_ID_LAN><TERRORIST>" disconnected
L 05/04/2018 - 13:01:36: "Jack<40><VALVE_ID_LAN><CT>" killed "Calcas Peludas<38><VALVE_ID_LAN><TERRORIST>" with "knife"
L 05/04/2018 - 13:01:37: Team "CT" scored "8" with "4" players
L 05/04/2018 - 13:01:37: Team "TERRORIST" scored "8" with "4" players
L 05/04/2018 - 13:01:41: "Cap. Billy<37><VALVE_ID_LOOPBACK><CT>" triggered "weaponstats" (weapon "deagle") (shots "35") (hits "10") (kills "4") (headshots "2") (tks "0") (damage "514") (deaths "3")
L 05/04/2018 - 13:01:41: "Cap. Billy<37><VALVE_ID_LOOPBACK><CT>" triggered "weaponstats2" (weapon "deagle") (head "2") (chest "2") (stomach "1") (leftarm "3") (rightarm "1") (leftleg "1") (rightleg "0")
L 05/04/2018 - 13:01:41: "Cap. Billy<37><VALVE_ID_LOOPBACK><CT>" triggered "weaponstats" (weapon "knife") (shots "59") (hits "32") (kills "16") (headshots "8") (tks "0") (damage "2324") (deaths "10")
L 05/04/2018 - 13:01:41: "Cap. Billy<37><VALVE_ID_LOOPBACK><CT>" triggered "weaponstats2" (weapon "knife") (head "14") (chest "3") (stomach "1") (leftarm "7") (rightarm "5") (leftleg "1") (rightleg "1")
L 05/04/2018 - 13:01:41: "Cap. Billy<37><VALVE_ID_LOOPBACK><CT>" triggered "time" (time "10:08")
L 05/04/2018 - 13:01:41: "Cap. Billy<37><VALVE_ID_LOOPBACK><CT>" triggered "latency" (ping "0")
L 05/04/2018 - 13:01:41: "Calcas Peludas<38><VALVE_ID_LAN><TERRORIST>" triggered "weaponstats" (weapon "deagle") (shots "76") (hits "22") (kills "5") (headshots "1") (tks "0") (damage "911") (deaths "5")
L 05/04/2018 - 13:01:41: "Calcas Peludas<38><VALVE_ID_LAN><TERRORIST>" triggered "weaponstats2" (weapon "deagle") (head "3") (chest "5") (stomach "1") (leftarm "8") (rightarm "4") (leftleg "0") (rightleg "1")
L 05/04/2018 - 13:01:41: "Calcas Peludas<38><VALVE_ID_LAN><TERRORIST>" triggered "weaponstats" (weapon "knife") (shots "60") (hits "21") (kills "12") (headshots "4") (tks "0") (damage "1458") (deaths "7")
L 05/04/2018 - 13:01:41: "Calcas Peludas<38><VALVE_ID_LAN><TERRORIST>" triggered "weaponstats2" (weapon "knife") (head "7") (chest "3") (stomach "2") (leftarm "5") (rightarm "3") (leftleg "1") (rightleg "0")
L 05/04/2018 - 13:01:41: "Calcas Peludas<38><VALVE_ID_LAN><TERRORIST>" triggered "time" (time "10:06")
L 05/04/2018 - 13:01:41: "Calcas Peludas<38><VALVE_ID_LAN><TERRORIST>" triggered "latency" (ping "9")
L 05/04/2018 - 13:01:41: "Jack<40><VALVE_ID_LAN><CT>" triggered "weaponstats" (weapon "deagle") (shots "38") (hits "8") (kills "3") (headshots "2") (tks "0") (damage "488") (deaths "2")
L 05/04/2018 - 13:01:41: "Jack<40><VALVE_ID_LAN><CT>" triggered "weaponstats2" (weapon "deagle") (head "2") (chest "1") (stomach "0") (leftarm "3") (rightarm "2") (leftleg "0") (rightleg "0")
L 05/04/2018 - 13:01:41: "Jack<40><VALVE_ID_LAN><CT>" triggered "weaponstats" (weapon "knife") (shots "63") (hits "22") (kills "10") (headshots "2") (tks "0") (damage "1542") (deaths "10")
L 05/04/2018 - 13:01:41: "Jack<40><VALVE_ID_LAN><CT>" triggered "weaponstats2" (weapon "knife") (head "4") (chest "4") (stomach "1") (leftarm "6") (rightarm "3") (leftleg "2") (rightleg "2")
L 05/04/2018 - 13:01:41: "Jack<40><VALVE_ID_LAN><CT>" triggered "time" (time "10:04")
L 05/04/2018 - 13:01:41: "Jack<40><VALVE_ID_LAN><CT>" triggered "latency" (ping "12")
L 05/04/2018 - 13:01:41: "Pingado Billy<42><VALVE_ID_LAN><TERRORIST>" triggered "weaponstats" (weapon "deagle") (shots "82") (hits "15") (kills "4") (headshots "1") (tks "0") (damage "632") (deaths "8")
L 05/04/2018 - 13:01:41: "Pingado Billy<42><VALVE_ID_LAN><TERRORIST>" triggered "weaponstats2" (weapon "deagle") (head "1") (chest "2") (stomach "2") (leftarm "6") (rightarm "2") (leftleg "1") (rightleg "1")
L 05/04/2018 - 13:01:41: "Pingado Billy<42><VALVE_ID_LAN><TERRORIST>" triggered "weaponstats" (weapon "knife") (shots "17") (hits "9") (kills "3") (headshots "1") (tks "0") (damage "628") (deaths "4")
L 05/04/2018 - 13:01:41: "Pingado Billy<42><VALVE_ID_LAN><TERRORIST>" triggered "weaponstats2" (weapon "knife") (head "1") (chest "2") (stomach "0") (leftarm "1") (rightarm "2") (leftleg "3") (rightleg "0")
L 05/04/2018 - 13:01:41: "Pingado Billy<42><VALVE_ID_LAN><TERRORIST>" triggered "time" (time "10:04")
L 05/04/2018 - 13:01:41: "Pingado Billy<42><VALVE_ID_LAN><TERRORIST>" triggered "latency" (ping "7")
L 05/04/2018 - 13:01:41: "Calango<43><VALVE_ID_LAN><CT>" triggered "weaponstats" (weapon "deagle") (shots "106") (hits "36") (kills "9") (headshots "2") (tks "0") (damage "1314") (deaths "3")
L 05/04/2018 - 13:01:41: "Calango<43><VALVE_ID_LAN><CT>" triggered "weaponstats2" (weapon "deagle") (head "4") (chest "4") (stomach "3") (leftarm "14") (rightarm "8") (leftleg "0") (rightleg "3")
L 05/04/2018 - 13:01:41: "Calango<43><VALVE_ID_LAN><CT>" triggered "weaponstats" (weapon "knife") (shots "58") (hits "14") (kills "8") (headshots "2") (tks "0") (damage "993") (deaths "9")
L 05/04/2018 - 13:01:41: "Calango<43><VALVE_ID_LAN><CT>" triggered "weaponstats2" (weapon "knife") (head "4") (chest "1") (stomach "2") (leftarm "2") (rightarm "3") (leftleg "1") (rightleg "1")
L 05/04/2018 - 13:01:41: "Calango<43><VALVE_ID_LAN><CT>" triggered "time" (time "10:04")
L 05/04/2018 - 13:01:41: "Calango<43><VALVE_ID_LAN><CT>" triggered "latency" (ping "8")
L 05/04/2018 - 13:01:41: "GARGAMEL O EMPALADOR<44><VALVE_ID_LAN><TERRORIST>" triggered "weaponstats" (weapon "deagle") (shots "76") (hits "20") (kills "4") (headshots "1") (tks "0") (damage "720") (deaths "2")
L 05/04/2018 - 13:01:41: "GARGAMEL O EMPALADOR<44><VALVE_ID_LAN><TERRORIST>" triggered "weaponstats2" (weapon "deagle") (head "2") (chest "4") (stomach "4") (leftarm "4") (rightarm "2") (leftleg "1") (rightleg "3")
L 05/04/2018 - 13:01:41: "GARGAMEL O EMPALADOR<44><VALVE_ID_LAN><TERRORIST>" triggered "weaponstats" (weapon "knife") (shots "40") (hits "11") (kills "5") (headshots "1") (tks "1") (damage "579") (deaths "11")
L 05/04/2018 - 13:01:41: "GARGAMEL O EMPALADOR<44><VALVE_ID_LAN><TERRORIST>" triggered "weaponstats2" (weapon "knife") (head "2") (chest "4") (stomach "0") (leftarm "4") (rightarm "1") (leftleg "0") (rightleg "0")
L 05/04/2018 - 13:01:41: "GARGAMEL O EMPALADOR<44><VALVE_ID_LAN><TERRORIST>" triggered "time" (time "10:03")
L 05/04/2018 - 13:01:41: "GARGAMEL O EMPALADOR<44><VALVE_ID_LAN><TERRORIST>" triggered "latency" (ping "7")
L 05/04/2018 - 13:01:41: "Smolder<45><VALVE_ID_LAN><TERRORIST>" triggered "weaponstats" (weapon "deagle") (shots "37") (hits "13") (kills "7") (headshots "3") (tks "0") (damage "781") (deaths "3")
L 05/04/2018 - 13:01:41: "Smolder<45><VALVE_ID_LAN><TERRORIST>" triggered "weaponstats2" (weapon "deagle") (head "3") (chest "1") (stomach "1") (leftarm "3") (rightarm "3") (leftleg "1") (rightleg "1")
L 05/04/2018 - 13:01:41: "Smolder<45><VALVE_ID_LAN><TERRORIST>" triggered "weaponstats" (weapon "knife") (shots "76") (hits "21") (kills "7") (headshots "2") (tks "0") (damage "1328") (deaths "9")
L 05/04/2018 - 13:01:41: "Smolder<45><VALVE_ID_LAN><TERRORIST>" triggered "weaponstats2" (weapon "knife") (head "6") (chest "7") (stomach "0") (leftarm "5") (rightarm "2") (leftleg "1") (rightleg "0")
L 05/04/2018 - 13:01:41: "Smolder<45><VALVE_ID_LAN><TERRORIST>" triggered "time" (time "9:57")
L 05/04/2018 - 13:01:41: "Smolder<45><VALVE_ID_LAN><TERRORIST>" triggered "latency" (ping "6")
L 05/04/2018 - 13:01:41: "@te<46><VALVE_ID_LAN><CT>" triggered "weaponstats" (weapon "deagle") (shots "66") (hits "13") (kills "3") (headshots "2") (tks "0") (damage "693") (deaths "5")
L 05/04/2018 - 13:01:41: "@te<46><VALVE_ID_LAN><CT>" triggered "weaponstats2" (weapon "deagle") (head "3") (chest "0") (stomach "1") (leftarm "5") (rightarm "2") (leftleg "1") (rightleg "1")
L 05/04/2018 - 13:01:41: "@te<46><VALVE_ID_LAN><CT>" triggered "weaponstats" (weapon "knife") (shots "24") (hits "8") (kills "1") (headshots "1") (tks "0") (damage "606") (deaths "8")
L 05/04/2018 - 13:01:41: "@te<46><VALVE_ID_LAN><CT>" triggered "weaponstats2" (weapon "knife") (head "3") (chest "2") (stomach "1") (leftarm "0") (rightarm "0") (leftleg "1") (rightleg "1")
L 05/04/2018 - 13:01:41: "@te<46><VALVE_ID_LAN><CT>" triggered "time" (time "9:55")
L 05/04/2018 - 13:01:41: "@te<46><VALVE_ID_LAN><CT>" triggered "latency" (ping "5")
L 05/04/2018 - 13:01:41: [META] ini: Begin re-reading plugins list: c:/valve/cstrike/addons/metamod/plugins.ini
L 05/04/2018 - 13:01:41: [META] ini: Read plugin config for: AMX
L 05/04/2018 - 13:01:41: [META] ini: Read plugin config for: WinHL-Booster
L 05/04/2018 - 13:01:41: [META] ERROR: ini: Skipping plugin, couldn't stat file 'addons/hlguard/dlls/hlguard_mm_nightly.dll': No such file or directory
L 05/04/2018 - 13:01:41: [META] ini: Read plugin config for: WebMod
L 05/04/2018 - 13:01:41: [META] ini: Finished reading plugins list: c:/valve/cstrike/addons/metamod/plugins.ini; Found 3 plugins
L 05/04/2018 - 13:01:41: [META] dll: Updating plugins...
L 05/04/2018 - 13:01:41: [META] ERROR: dll: Failed query plugin '<hlguard_mm_nightly.dll>'; Couldn't open file 'addons/hlguard/dlls/hlguard_mm_nightly.dll': Não foi possível encontrar o módulo especificado.

L 05/04/2018 - 13:01:41: [META] ERROR: dll: Skipping plugin '<hlguard_mm_nightly.dll>'; couldn't query
L 05/04/2018 - 13:01:41: [META] dll: Finished updating 6 plugins; kept 3, loaded 0, unloaded 0, reloaded 0, delayed 0
L 05/04/2018 - 13:01:41: Server shutdown
L 05/04/2018 - 13:01:41: Log file closed
