L 05/02/2018 - 12:41:13: Log file started (file "logs\L0502002.log") (game "cstrike") (version "47/1.1.2.2/2603")
L 05/02/2018 - 12:41:14: "GARGAMEL O EMPALADOR<19><VALVE_ID_LAN><>" entered the game
L 05/02/2018 - 12:41:14: "Smolder<21><VALVE_ID_LAN><>" entered the game
L 05/02/2018 - 12:41:14: World triggered "Round_Start"
L 05/02/2018 - 12:41:15: "TUX<23><VALVE_ID_LAN><>" entered the game
L 05/02/2018 - 12:41:15: "GARGAMEL O EMPALADOR<19><VALVE_ID_LAN><>" joined team "TERRORIST"
L 05/02/2018 - 12:41:15: "Calango<22><VALVE_ID_LAN><>" entered the game
L 05/02/2018 - 12:41:16: "Jack<24><VALVE_ID_LAN><>" connected, address "10.15.2.104:27005"
L 05/02/2018 - 12:41:16: "TUX<23><VALVE_ID_LAN><>" joined team "TERRORIST"
L 05/02/2018 - 12:41:16: "Smolder<21><VALVE_ID_LAN><>" joined team "TERRORIST"
L 05/02/2018 - 12:41:17: "Calango<22><VALVE_ID_LAN><>" joined team "CT"
L 05/02/2018 - 12:41:20: "Jack<24><VALVE_ID_LAN><>" entered the game
L 05/02/2018 - 12:41:22: "Jack<24><VALVE_ID_LAN><>" joined team "CT"
L 05/02/2018 - 12:41:22: "Calango<22><VALVE_ID_LAN><CT>" killed "TUX<23><VALVE_ID_LAN><TERRORIST>" with "glock18"
L 05/02/2018 - 12:41:25: "Smolder<21><VALVE_ID_LAN><TERRORIST>" killed "Jack<24><VALVE_ID_LAN><CT>" with "glock18"
L 05/02/2018 - 12:41:30: "Cap. Billy<18><VALVE_ID_LOOPBACK><CT>" killed "Smolder<21><VALVE_ID_LAN><TERRORIST>" with "knife"
L 05/02/2018 - 12:41:31: "Calango<22><VALVE_ID_LAN><CT>" killed "XXBOT Ted<20><BOT><TERRORIST>" with "glock18"
L 05/02/2018 - 12:41:36: "Calango<22><VALVE_ID_LAN><CT>" killed "GARGAMEL O EMPALADOR<19><VALVE_ID_LAN><TERRORIST>" with "glock18"
L 05/02/2018 - 12:41:36: Team "CT" triggered "CTs_Win" (CT "1") (T "0")
L 05/02/2018 - 12:41:36: World triggered "Round_End"
L 05/02/2018 - 12:41:41: World triggered "Round_Start"
L 05/02/2018 - 12:41:43: "@te<25><VALVE_ID_LAN><>" connected, address "10.15.2.23:27005"
L 05/02/2018 - 12:41:43: Server cvar "bot_quota" = "0"
L 05/02/2018 - 12:41:43: Kick: "XXBOT Ted<20><UNKNOWN><>" was kicked by "Cap. Billy"
L 05/02/2018 - 12:41:43: "XXBOT Ted<20><BOT><TERRORIST>" disconnected
L 05/02/2018 - 12:41:46: "@te<25><VALVE_ID_LAN><>" entered the game
L 05/02/2018 - 12:41:48: "Calango<22><VALVE_ID_LAN><CT>" killed "TUX<23><VALVE_ID_LAN><TERRORIST>" with "glock18"
L 05/02/2018 - 12:41:48: "GARGAMEL O EMPALADOR<19><VALVE_ID_LAN><TERRORIST>" killed "Jack<24><VALVE_ID_LAN><CT>" with "glock18"
L 05/02/2018 - 12:41:49: "@te<25><VALVE_ID_LAN><>" joined team "CT"
L 05/02/2018 - 12:41:50: "Calango<22><VALVE_ID_LAN><CT>" killed "GARGAMEL O EMPALADOR<19><VALVE_ID_LAN><TERRORIST>" with "glock18"
L 05/02/2018 - 12:41:58: "Calango<22><VALVE_ID_LAN><CT>" killed "Smolder<21><VALVE_ID_LAN><TERRORIST>" with "knife"
L 05/02/2018 - 12:41:58: Team "CT" triggered "CTs_Win" (CT "2") (T "0")
L 05/02/2018 - 12:41:58: World triggered "Round_End"
L 05/02/2018 - 12:42:03: World triggered "Round_Start"
L 05/02/2018 - 12:42:04: "XXBOT Connor<26><BOT><>" joined team "TERRORIST"
L 05/02/2018 - 12:42:04: Server cvar "bot_quota" = "1"
L 05/02/2018 - 12:42:04: "XXBOT Connor<26><BOT><>" entered the game
L 05/02/2018 - 12:42:09: "Smolder<21><VALVE_ID_LAN><TERRORIST>" killed "@te<25><VALVE_ID_LAN><CT>" with "glock18"
L 05/02/2018 - 12:42:11: "TUX<23><VALVE_ID_LAN><TERRORIST>" killed "Calango<22><VALVE_ID_LAN><CT>" with "glock18"
L 05/02/2018 - 12:42:11: "Jack<24><VALVE_ID_LAN><CT>" killed "TUX<23><VALVE_ID_LAN><TERRORIST>" with "glock18"
L 05/02/2018 - 12:42:12: "GARGAMEL O EMPALADOR<19><VALVE_ID_LAN><TERRORIST>" killed "Cap. Billy<18><VALVE_ID_LOOPBACK><CT>" with "knife"
L 05/02/2018 - 12:42:23: "Jack<24><VALVE_ID_LAN><CT>" killed "Smolder<21><VALVE_ID_LAN><TERRORIST>" with "glock18"
L 05/02/2018 - 12:42:26: "XXBOT Connor<26><BOT><TERRORIST>" killed "Jack<24><VALVE_ID_LAN><CT>" with "glock18"
L 05/02/2018 - 12:42:26: Team "TERRORIST" triggered "Terrorists_Win" (CT "2") (T "1")
L 05/02/2018 - 12:42:26: World triggered "Round_End"
L 05/02/2018 - 12:42:31: World triggered "Round_Start"
L 05/02/2018 - 12:42:38: "Cap. Billy<18><VALVE_ID_LOOPBACK><CT>" killed "XXBOT Connor<26><BOT><TERRORIST>" with "glock18"
L 05/02/2018 - 12:42:39: "Cap. Billy<18><VALVE_ID_LOOPBACK><CT>" killed "GARGAMEL O EMPALADOR<19><VALVE_ID_LAN><TERRORIST>" with "glock18"
L 05/02/2018 - 12:42:39: "Smolder<21><VALVE_ID_LAN><TERRORIST>" killed "Jack<24><VALVE_ID_LAN><CT>" with "knife"
L 05/02/2018 - 12:42:40: "Calango<22><VALVE_ID_LAN><CT>" killed "TUX<23><VALVE_ID_LAN><TERRORIST>" with "glock18"
L 05/02/2018 - 12:42:44: "@te<25><VALVE_ID_LAN><CT>" killed "Smolder<21><VALVE_ID_LAN><TERRORIST>" with "glock18"
L 05/02/2018 - 12:42:44: Team "CT" triggered "CTs_Win" (CT "3") (T "1")
L 05/02/2018 - 12:42:44: World triggered "Round_End"
L 05/02/2018 - 12:42:49: World triggered "Round_Start"
L 05/02/2018 - 12:42:56: "Cap. Billy<18><VALVE_ID_LOOPBACK><CT>" killed "GARGAMEL O EMPALADOR<19><VALVE_ID_LAN><TERRORIST>" with "glock18"
L 05/02/2018 - 12:42:58: "Calango<22><VALVE_ID_LAN><CT>" killed "XXBOT Connor<26><BOT><TERRORIST>" with "glock18"
L 05/02/2018 - 12:43:01: "Smolder<21><VALVE_ID_LAN><TERRORIST>" killed "Jack<24><VALVE_ID_LAN><CT>" with "knife"
L 05/02/2018 - 12:43:02: "@te<25><VALVE_ID_LAN><CT>" killed "Smolder<21><VALVE_ID_LAN><TERRORIST>" with "knife"
L 05/02/2018 - 12:43:11: "@te<25><VALVE_ID_LAN><CT>" killed "TUX<23><VALVE_ID_LAN><TERRORIST>" with "glock18"
L 05/02/2018 - 12:43:11: Team "CT" triggered "CTs_Win" (CT "4") (T "1")
L 05/02/2018 - 12:43:11: World triggered "Round_End"
L 05/02/2018 - 12:43:16: World triggered "Round_Start"
L 05/02/2018 - 12:43:22: "Cap. Billy<18><VALVE_ID_LOOPBACK><CT>" killed "TUX<23><VALVE_ID_LAN><TERRORIST>" with "glock18"
L 05/02/2018 - 12:43:22: "Calango<22><VALVE_ID_LAN><CT>" killed "XXBOT Connor<26><BOT><TERRORIST>" with "glock18"
L 05/02/2018 - 12:43:24: "Smolder<21><VALVE_ID_LAN><TERRORIST>" killed "Cap. Billy<18><VALVE_ID_LOOPBACK><CT>" with "knife"
L 05/02/2018 - 12:43:41: "Jack<24><VALVE_ID_LAN><CT>" killed "GARGAMEL O EMPALADOR<19><VALVE_ID_LAN><TERRORIST>" with "knife"
L 05/02/2018 - 12:43:43: "Calango<22><VALVE_ID_LAN><CT>" killed "Smolder<21><VALVE_ID_LAN><TERRORIST>" with "glock18"
L 05/02/2018 - 12:43:43: Team "CT" triggered "CTs_Win" (CT "5") (T "1")
L 05/02/2018 - 12:43:43: World triggered "Round_End"
L 05/02/2018 - 12:43:48: World triggered "Round_Start"
L 05/02/2018 - 12:43:56: "XXBOT Connor<26><BOT><TERRORIST>" killed "Jack<24><VALVE_ID_LAN><CT>" with "glock18"
L 05/02/2018 - 12:43:59: "Smolder<21><VALVE_ID_LAN><TERRORIST>" killed "@te<25><VALVE_ID_LAN><CT>" with "glock18"
L 05/02/2018 - 12:44:01: "Calango<22><VALVE_ID_LAN><CT>" killed "XXBOT Connor<26><BOT><TERRORIST>" with "glock18"
L 05/02/2018 - 12:44:03: "GARGAMEL O EMPALADOR<19><VALVE_ID_LAN><TERRORIST>" killed "Calango<22><VALVE_ID_LAN><CT>" with "glock18"
L 05/02/2018 - 12:44:07: "Cap. Billy<18><VALVE_ID_LOOPBACK><CT>" killed "GARGAMEL O EMPALADOR<19><VALVE_ID_LAN><TERRORIST>" with "knife"
L 05/02/2018 - 12:44:09: "Cap. Billy<18><VALVE_ID_LOOPBACK><CT>" killed "Smolder<21><VALVE_ID_LAN><TERRORIST>" with "knife"
L 05/02/2018 - 12:44:10: "Calango<22><VALVE_ID_LAN><CT>" say "uuii" (dead)
L 05/02/2018 - 12:44:12: "Jack<24><VALVE_ID_LAN><CT>" say "peguiii" (dead)
L 05/02/2018 - 12:44:13: "Cap. Billy<18><VALVE_ID_LOOPBACK><CT>" killed "TUX<23><VALVE_ID_LAN><TERRORIST>" with "knife"
L 05/02/2018 - 12:44:13: Team "CT" triggered "CTs_Win" (CT "6") (T "1")
L 05/02/2018 - 12:44:13: World triggered "Round_End"
L 05/02/2018 - 12:44:15: "Jack<24><VALVE_ID_LAN><CT>" say "boooaaa" (dead)
L 05/02/2018 - 12:44:16: "@te<25><VALVE_ID_LAN><CT>" say "hui eitaaaaaa" (dead)
L 05/02/2018 - 12:44:18: "Calango<22><VALVE_ID_LAN><CT>" say "uuuiiiim mamaee" (dead)
L 05/02/2018 - 12:44:18: World triggered "Round_Start"
L 05/02/2018 - 12:44:19: "Jack<24><VALVE_ID_LAN><CT>" say "festa"
L 05/02/2018 - 12:44:22: "Calango<22><VALVE_ID_LAN><CT>" killed "TUX<23><VALVE_ID_LAN><TERRORIST>" with "glock18"
L 05/02/2018 - 12:44:26: "Cap. Billy<18><VALVE_ID_LOOPBACK><CT>" killed "XXBOT Connor<26><BOT><TERRORIST>" with "glock18"
L 05/02/2018 - 12:44:26: "GARGAMEL O EMPALADOR<19><VALVE_ID_LAN><TERRORIST>" killed "@te<25><VALVE_ID_LAN><CT>" with "knife"
L 05/02/2018 - 12:44:27: "GARGAMEL O EMPALADOR<19><VALVE_ID_LAN><TERRORIST>" killed "Calango<22><VALVE_ID_LAN><CT>" with "knife"
L 05/02/2018 - 12:44:33: "Cap. Billy<18><VALVE_ID_LOOPBACK><CT>" killed "GARGAMEL O EMPALADOR<19><VALVE_ID_LAN><TERRORIST>" with "knife"
L 05/02/2018 - 12:44:35: "Smolder<21><VALVE_ID_LAN><TERRORIST>" killed "Jack<24><VALVE_ID_LAN><CT>" with "glock18"
L 05/02/2018 - 12:44:35: "Cap. Billy<18><VALVE_ID_LOOPBACK><CT>" killed "Smolder<21><VALVE_ID_LAN><TERRORIST>" with "glock18"
L 05/02/2018 - 12:44:35: Team "CT" triggered "CTs_Win" (CT "7") (T "1")
L 05/02/2018 - 12:44:35: World triggered "Round_End"
L 05/02/2018 - 12:44:39: "GARGAMEL O EMPALADOR<19><VALVE_ID_LAN><TERRORIST>" say_team "kkk" (dead)
L 05/02/2018 - 12:44:40: World triggered "Round_Start"
L 05/02/2018 - 12:44:45: "XXBOT Connor<26><BOT><TERRORIST>" killed "Calango<22><VALVE_ID_LAN><CT>" with "glock18"
L 05/02/2018 - 12:44:47: "Jack<24><VALVE_ID_LAN><CT>" killed "GARGAMEL O EMPALADOR<19><VALVE_ID_LAN><TERRORIST>" with "glock18"
L 05/02/2018 - 12:44:47: "Cap. Billy<18><VALVE_ID_LOOPBACK><CT>" killed "Smolder<21><VALVE_ID_LAN><TERRORIST>" with "glock18"
L 05/02/2018 - 12:44:52: "Cap. Billy<18><VALVE_ID_LOOPBACK><CT>" killed "XXBOT Connor<26><BOT><TERRORIST>" with "glock18"
L 05/02/2018 - 12:44:54: "Jack<24><VALVE_ID_LAN><CT>" killed "TUX<23><VALVE_ID_LAN><TERRORIST>" with "glock18"
L 05/02/2018 - 12:44:54: Team "CT" triggered "CTs_Win" (CT "8") (T "1")
L 05/02/2018 - 12:44:54: World triggered "Round_End"
L 05/02/2018 - 12:44:59: World triggered "Round_Start"
L 05/02/2018 - 12:45:04: "Cap. Billy<18><VALVE_ID_LOOPBACK><CT>" killed "XXBOT Connor<26><BOT><TERRORIST>" with "glock18"
L 05/02/2018 - 12:45:07: "TUX<23><VALVE_ID_LAN><TERRORIST>" killed "Jack<24><VALVE_ID_LAN><CT>" with "glock18"
L 05/02/2018 - 12:45:11: "Smolder<21><VALVE_ID_LAN><TERRORIST>" killed "Calango<22><VALVE_ID_LAN><CT>" with "knife"
L 05/02/2018 - 12:45:14: "@te<25><VALVE_ID_LAN><CT>" killed "Smolder<21><VALVE_ID_LAN><TERRORIST>" with "glock18"
L 05/02/2018 - 12:45:17: "Cap. Billy<18><VALVE_ID_LOOPBACK><CT>" killed "GARGAMEL O EMPALADOR<19><VALVE_ID_LAN><TERRORIST>" with "knife"
L 05/02/2018 - 12:45:26: "TUX<23><VALVE_ID_LAN><TERRORIST>" killed "Cap. Billy<18><VALVE_ID_LOOPBACK><CT>" with "glock18"
L 05/02/2018 - 12:45:39: "@te<25><VALVE_ID_LAN><CT>" killed "TUX<23><VALVE_ID_LAN><TERRORIST>" with "glock18"
L 05/02/2018 - 12:45:39: Team "CT" triggered "CTs_Win" (CT "9") (T "1")
L 05/02/2018 - 12:45:39: World triggered "Round_End"
L 05/02/2018 - 12:45:41: "Calango<22><VALVE_ID_LAN><CT>" say "kkkkk" (dead)
L 05/02/2018 - 12:45:44: World triggered "Round_Start"
L 05/02/2018 - 12:45:52: "@te<25><VALVE_ID_LAN><CT>" killed "TUX<23><VALVE_ID_LAN><TERRORIST>" with "glock18"
L 05/02/2018 - 12:45:54: "GARGAMEL O EMPALADOR<19><VALVE_ID_LAN><TERRORIST>" killed "@te<25><VALVE_ID_LAN><CT>" with "glock18"
L 05/02/2018 - 12:45:55: "Calango<22><VALVE_ID_LAN><CT>" killed "XXBOT Connor<26><BOT><TERRORIST>" with "glock18"
L 05/02/2018 - 12:45:56: "Cap. Billy<18><VALVE_ID_LOOPBACK><CT>" killed "GARGAMEL O EMPALADOR<19><VALVE_ID_LAN><TERRORIST>" with "knife"
L 05/02/2018 - 12:45:58: "Calango<22><VALVE_ID_LAN><CT>" killed "Smolder<21><VALVE_ID_LAN><TERRORIST>" with "knife"
L 05/02/2018 - 12:45:58: Team "CT" triggered "CTs_Win" (CT "10") (T "1")
L 05/02/2018 - 12:45:58: World triggered "Round_End"
L 05/02/2018 - 12:46:03: World triggered "Round_Start"
L 05/02/2018 - 12:46:12: "Cap. Billy<18><VALVE_ID_LOOPBACK><CT>" killed "XXBOT Connor<26><BOT><TERRORIST>" with "glock18"
L 05/02/2018 - 12:46:19: "Jack<24><VALVE_ID_LAN><CT>" killed "TUX<23><VALVE_ID_LAN><TERRORIST>" with "knife"
L 05/02/2018 - 12:46:20: "GARGAMEL O EMPALADOR<19><VALVE_ID_LAN><TERRORIST>" killed "@te<25><VALVE_ID_LAN><CT>" with "glock18"
L 05/02/2018 - 12:46:22: "Calango<22><VALVE_ID_LAN><CT>" killed "Smolder<21><VALVE_ID_LAN><TERRORIST>" with "glock18"
L 05/02/2018 - 12:46:25: "Cap. Billy<18><VALVE_ID_LOOPBACK><CT>" killed "GARGAMEL O EMPALADOR<19><VALVE_ID_LAN><TERRORIST>" with "knife"
L 05/02/2018 - 12:46:25: Team "CT" triggered "CTs_Win" (CT "11") (T "1")
L 05/02/2018 - 12:46:25: World triggered "Round_End"
L 05/02/2018 - 12:46:30: World triggered "Round_Start"
L 05/02/2018 - 12:46:32: "@te<25><VALVE_ID_LAN><CT>" say "nao cap"
L 05/02/2018 - 12:46:36: "Cap. Billy<18><VALVE_ID_LOOPBACK><CT>" killed "XXBOT Connor<26><BOT><TERRORIST>" with "glock18"
L 05/02/2018 - 12:46:38: "Smolder<21><VALVE_ID_LAN><TERRORIST>" killed "Jack<24><VALVE_ID_LAN><CT>" with "knife"
L 05/02/2018 - 12:46:40: "Calango<22><VALVE_ID_LAN><CT>" killed "GARGAMEL O EMPALADOR<19><VALVE_ID_LAN><TERRORIST>" with "glock18"
L 05/02/2018 - 12:46:40: "Smolder<21><VALVE_ID_LAN><TERRORIST>" killed "@te<25><VALVE_ID_LAN><CT>" with "knife"
L 05/02/2018 - 12:46:51: "TUX<23><VALVE_ID_LAN><TERRORIST>" killed "Cap. Billy<18><VALVE_ID_LOOPBACK><CT>" with "glock18"
L 05/02/2018 - 12:46:53: "Calango<22><VALVE_ID_LAN><CT>" killed "TUX<23><VALVE_ID_LAN><TERRORIST>" with "knife"
L 05/02/2018 - 12:46:55: "Calango<22><VALVE_ID_LAN><CT>" killed "Smolder<21><VALVE_ID_LAN><TERRORIST>" with "glock18"
L 05/02/2018 - 12:46:55: Team "CT" triggered "CTs_Win" (CT "12") (T "1")
L 05/02/2018 - 12:46:55: World triggered "Round_End"
L 05/02/2018 - 12:46:56: "Jack<24><VALVE_ID_LAN><CT>" say "smolder so de cem hj... ta foda" (dead)
L 05/02/2018 - 12:47:01: World triggered "Round_Start"
L 05/02/2018 - 12:47:01: "@te<25><VALVE_ID_LAN><CT>" say "tom@ camp"
L 05/02/2018 - 12:47:10: "Cap. Billy<18><VALVE_ID_LOOPBACK><CT>" killed "XXBOT Connor<26><BOT><TERRORIST>" with "glock18"
L 05/02/2018 - 12:47:21: "Calango<22><VALVE_ID_LAN><CT>" killed "Smolder<21><VALVE_ID_LAN><TERRORIST>" with "knife"
L 05/02/2018 - 12:47:21: "TUX<23><VALVE_ID_LAN><TERRORIST>" killed "Jack<24><VALVE_ID_LAN><CT>" with "glock18"
L 05/02/2018 - 12:47:22: "TUX<23><VALVE_ID_LAN><TERRORIST>" killed "@te<25><VALVE_ID_LAN><CT>" with "glock18"
L 05/02/2018 - 12:47:23: "GARGAMEL O EMPALADOR<19><VALVE_ID_LAN><TERRORIST>" killed "Calango<22><VALVE_ID_LAN><CT>" with "knife"
L 05/02/2018 - 12:47:24: "Cap. Billy<18><VALVE_ID_LOOPBACK><CT>" killed "GARGAMEL O EMPALADOR<19><VALVE_ID_LAN><TERRORIST>" with "knife"
L 05/02/2018 - 12:47:34: "GARGAMEL O EMPALADOR<19><VALVE_ID_LAN><TERRORIST>" say "kkkk" (dead)
L 05/02/2018 - 12:47:35: "Cap. Billy<18><VALVE_ID_LOOPBACK><CT>" killed "TUX<23><VALVE_ID_LAN><TERRORIST>" with "glock18"
L 05/02/2018 - 12:47:35: Team "CT" triggered "CTs_Win" (CT "13") (T "1")
L 05/02/2018 - 12:47:35: World triggered "Round_End"
L 05/02/2018 - 12:47:40: World triggered "Round_Start"
L 05/02/2018 - 12:47:41: "GARGAMEL O EMPALADOR<19><VALVE_ID_LAN><TERRORIST>" say "peguegalango"
L 05/02/2018 - 12:47:53: "GARGAMEL O EMPALADOR<19><VALVE_ID_LAN><TERRORIST>" killed "Jack<24><VALVE_ID_LAN><CT>" with "glock18"
L 05/02/2018 - 12:47:54: "@te<25><VALVE_ID_LAN><CT>" killed "GARGAMEL O EMPALADOR<19><VALVE_ID_LAN><TERRORIST>" with "knife"
L 05/02/2018 - 12:47:56: "Smolder<21><VALVE_ID_LAN><TERRORIST>" killed "@te<25><VALVE_ID_LAN><CT>" with "glock18"
L 05/02/2018 - 12:47:57: "Cap. Billy<18><VALVE_ID_LOOPBACK><CT>" killed "Smolder<21><VALVE_ID_LAN><TERRORIST>" with "knife"
L 05/02/2018 - 12:47:59: "Cap. Billy<18><VALVE_ID_LOOPBACK><CT>" killed "XXBOT Connor<26><BOT><TERRORIST>" with "glock18"
L 05/02/2018 - 12:48:03: "@te<25><VALVE_ID_LAN><CT>" say "kkkkkkk" (dead)
L 05/02/2018 - 12:48:08: "Cap. Billy<18><VALVE_ID_LOOPBACK><CT>" killed "TUX<23><VALVE_ID_LAN><TERRORIST>" with "glock18"
L 05/02/2018 - 12:48:08: Team "CT" triggered "CTs_Win" (CT "14") (T "1")
L 05/02/2018 - 12:48:08: World triggered "Round_End"
L 05/02/2018 - 12:48:13: World triggered "Round_Start"
L 05/02/2018 - 12:48:18: "Jack<24><VALVE_ID_LAN><CT>" killed "XXBOT Connor<26><BOT><TERRORIST>" with "glock18"
L 05/02/2018 - 12:48:20: "Jack<24><VALVE_ID_LAN><CT>" killed "GARGAMEL O EMPALADOR<19><VALVE_ID_LAN><TERRORIST>" with "glock18"
L 05/02/2018 - 12:48:22: "Cap. Billy<18><VALVE_ID_LOOPBACK><CT>" killed "Smolder<21><VALVE_ID_LAN><TERRORIST>" with "knife"
L 05/02/2018 - 12:48:26: "TUX<23><VALVE_ID_LAN><TERRORIST>" killed "Jack<24><VALVE_ID_LAN><CT>" with "glock18"
L 05/02/2018 - 12:48:34: "TUX<23><VALVE_ID_LAN><TERRORIST>" killed "Cap. Billy<18><VALVE_ID_LOOPBACK><CT>" with "glock18"
L 05/02/2018 - 12:48:35: "@te<25><VALVE_ID_LAN><CT>" killed "TUX<23><VALVE_ID_LAN><TERRORIST>" with "knife"
L 05/02/2018 - 12:48:35: Team "CT" triggered "CTs_Win" (CT "15") (T "1")
L 05/02/2018 - 12:48:35: World triggered "Round_End"
L 05/02/2018 - 12:48:40: World triggered "Round_Start"
L 05/02/2018 - 12:48:46: "Calango<22><VALVE_ID_LAN><CT>" killed "Smolder<21><VALVE_ID_LAN><TERRORIST>" with "glock18"
L 05/02/2018 - 12:48:48: "Jack<24><VALVE_ID_LAN><CT>" killed "TUX<23><VALVE_ID_LAN><TERRORIST>" with "glock18"
L 05/02/2018 - 12:48:52: "Jack<24><VALVE_ID_LAN><CT>" killed "GARGAMEL O EMPALADOR<19><VALVE_ID_LAN><TERRORIST>" with "glock18"
L 05/02/2018 - 12:48:57: "XXBOT Connor<26><BOT><TERRORIST>" killed "@te<25><VALVE_ID_LAN><CT>" with "glock18"
L 05/02/2018 - 12:48:57: "Cap. Billy<18><VALVE_ID_LOOPBACK><CT>" killed "XXBOT Connor<26><BOT><TERRORIST>" with "glock18"
L 05/02/2018 - 12:48:57: Team "CT" triggered "CTs_Win" (CT "16") (T "1")
L 05/02/2018 - 12:48:57: World triggered "Round_End"
L 05/02/2018 - 12:49:02: World triggered "Round_Start"
L 05/02/2018 - 12:49:10: "Cap. Billy<18><VALVE_ID_LOOPBACK><CT>" killed "XXBOT Connor<26><BOT><TERRORIST>" with "glock18"
L 05/02/2018 - 12:49:11: "Calango<22><VALVE_ID_LAN><CT>" killed "Smolder<21><VALVE_ID_LAN><TERRORIST>" with "glock18"
L 05/02/2018 - 12:49:11: "GARGAMEL O EMPALADOR<19><VALVE_ID_LAN><TERRORIST>" killed "Jack<24><VALVE_ID_LAN><CT>" with "glock18"
L 05/02/2018 - 12:49:18: "Calango<22><VALVE_ID_LAN><CT>" killed "GARGAMEL O EMPALADOR<19><VALVE_ID_LAN><TERRORIST>" with "knife"
L 05/02/2018 - 12:49:20: "Cap. Billy<18><VALVE_ID_LOOPBACK><CT>" killed "TUX<23><VALVE_ID_LAN><TERRORIST>" with "knife"
L 05/02/2018 - 12:49:20: Team "CT" triggered "CTs_Win" (CT "17") (T "1")
L 05/02/2018 - 12:49:20: World triggered "Round_End"
L 05/02/2018 - 12:49:21: "Calcas Peludas<27><VALVE_ID_LAN><>" connected, address "10.15.2.49:27005"
L 05/02/2018 - 12:49:24: "Calcas Peludas<27><VALVE_ID_LAN><>" entered the game
L 05/02/2018 - 12:49:25: World triggered "Round_Start"
L 05/02/2018 - 12:49:25: Server cvar "amx_nextmap" = "sp_babar"
L 05/02/2018 - 12:49:26: "Calcas Peludas<27><VALVE_ID_LAN><>" joined team "TERRORIST"
L 05/02/2018 - 12:49:26: "Jack<24><VALVE_ID_LAN><CT>" say "carnificina"
L 05/02/2018 - 12:49:30: "XXBOT Connor<26><BOT><TERRORIST>" committed suicide with "glock18"
L 05/02/2018 - 12:49:32: "XXBOT Zane<28><BOT><>" joined team "TERRORIST"
L 05/02/2018 - 12:49:32: Server cvar "bot_quota" = "2"
L 05/02/2018 - 12:49:32: "XXBOT Zane<28><BOT><>" entered the game
L 05/02/2018 - 12:49:35: "Calango<22><VALVE_ID_LAN><CT>" killed "XXBOT Zane<28><BOT><TERRORIST>" with "glock18"
L 05/02/2018 - 12:49:35: "Jack<24><VALVE_ID_LAN><CT>" killed "GARGAMEL O EMPALADOR<19><VALVE_ID_LAN><TERRORIST>" with "knife"
L 05/02/2018 - 12:49:36: "Smolder<21><VALVE_ID_LAN><TERRORIST>" killed "Cap. Billy<18><VALVE_ID_LOOPBACK><CT>" with "knife"
L 05/02/2018 - 12:49:41: "Smolder<21><VALVE_ID_LAN><TERRORIST>" killed "Jack<24><VALVE_ID_LAN><CT>" with "knife"
L 05/02/2018 - 12:49:42: Server cvar "bot_quota" = "1"
L 05/02/2018 - 12:49:42: Server cvar "bot_quota" = "0"
L 05/02/2018 - 12:49:42: Kick: "XXBOT Connor<26><UNKNOWN><>" was kicked by "Cap. Billy"
L 05/02/2018 - 12:49:42: "XXBOT Connor<26><BOT><TERRORIST>" disconnected
L 05/02/2018 - 12:49:42: Kick: "XXBOT Zane<28><UNKNOWN><>" was kicked by "Cap. Billy"
L 05/02/2018 - 12:49:42: "XXBOT Zane<28><BOT><TERRORIST>" disconnected
L 05/02/2018 - 12:49:44: "TUX<23><VALVE_ID_LAN><TERRORIST>" killed "Calango<22><VALVE_ID_LAN><CT>" with "knife"
L 05/02/2018 - 12:49:47: "Calango<22><VALVE_ID_LAN><CT>" say "aaaaaaa" (dead)
L 05/02/2018 - 12:49:49: "Calcas Peludas<27><VALVE_ID_LAN><TERRORIST>" killed "@te<25><VALVE_ID_LAN><CT>" with "glock18"
L 05/02/2018 - 12:49:49: Team "TERRORIST" triggered "Terrorists_Win" (CT "17") (T "2")
L 05/02/2018 - 12:49:49: World triggered "Round_End"
L 05/02/2018 - 12:49:54: World triggered "Round_Start"
L 05/02/2018 - 12:49:54: "Jack<24><VALVE_ID_LAN><CT>" say "penhhaaaa"
L 05/02/2018 - 12:49:59: "Jack<24><VALVE_ID_LAN><CT>" killed "Calcas Peludas<27><VALVE_ID_LAN><TERRORIST>" with "glock18"
L 05/02/2018 - 12:50:00: "Cap. Billy<18><VALVE_ID_LOOPBACK><CT>" killed "GARGAMEL O EMPALADOR<19><VALVE_ID_LAN><TERRORIST>" with "glock18"
L 05/02/2018 - 12:50:03: "Smolder<21><VALVE_ID_LAN><TERRORIST>" killed "Calango<22><VALVE_ID_LAN><CT>" with "glock18"
L 05/02/2018 - 12:50:08: "Jack<24><VALVE_ID_LAN><CT>" killed "Smolder<21><VALVE_ID_LAN><TERRORIST>" with "knife"
L 05/02/2018 - 12:50:14: "TUX<23><VALVE_ID_LAN><TERRORIST>" killed "@te<25><VALVE_ID_LAN><CT>" with "knife"
L 05/02/2018 - 12:50:21: "Cap. Billy<18><VALVE_ID_LOOPBACK><CT>" killed "TUX<23><VALVE_ID_LAN><TERRORIST>" with "knife"
L 05/02/2018 - 12:50:21: Team "CT" triggered "CTs_Win" (CT "18") (T "2")
L 05/02/2018 - 12:50:21: World triggered "Round_End"
L 05/02/2018 - 12:50:26: World triggered "Round_Start"
L 05/02/2018 - 12:50:32: "Jack<24><VALVE_ID_LAN><CT>" killed "Smolder<21><VALVE_ID_LAN><TERRORIST>" with "glock18"
L 05/02/2018 - 12:50:35: "@te<25><VALVE_ID_LAN><CT>" killed "TUX<23><VALVE_ID_LAN><TERRORIST>" with "knife"
L 05/02/2018 - 12:50:41: "Calango<22><VALVE_ID_LAN><CT>" killed "Calcas Peludas<27><VALVE_ID_LAN><TERRORIST>" with "glock18"
L 05/02/2018 - 12:50:47: "Calcas Peludas<27><VALVE_ID_LAN><TERRORIST>" say "surra da porra" (dead)
L 05/02/2018 - 12:50:49: "@te<25><VALVE_ID_LAN><CT>" killed "GARGAMEL O EMPALADOR<19><VALVE_ID_LAN><TERRORIST>" with "glock18"
L 05/02/2018 - 12:50:49: Team "CT" triggered "CTs_Win" (CT "19") (T "2")
L 05/02/2018 - 12:50:49: World triggered "Round_End"
L 05/02/2018 - 12:50:54: World triggered "Round_Start"
L 05/02/2018 - 12:50:59: "Calango<22><VALVE_ID_LAN><CT>" killed "Calcas Peludas<27><VALVE_ID_LAN><TERRORIST>" with "glock18"
L 05/02/2018 - 12:51:02: "Calango<22><VALVE_ID_LAN><CT>" killed "Smolder<21><VALVE_ID_LAN><TERRORIST>" with "glock18"
L 05/02/2018 - 12:51:03: "Cap. Billy<18><VALVE_ID_LOOPBACK><CT>" killed "TUX<23><VALVE_ID_LAN><TERRORIST>" with "knife"
L 05/02/2018 - 12:51:09: "GARGAMEL O EMPALADOR<19><VALVE_ID_LAN><TERRORIST>" killed "@te<25><VALVE_ID_LAN><CT>" with "knife"
L 05/02/2018 - 12:51:14: "GARGAMEL O EMPALADOR<19><VALVE_ID_LAN><TERRORIST>" killed "Jack<24><VALVE_ID_LAN><CT>" with "glock18"
L 05/02/2018 - 12:51:14: Team "CT" scored "19" with "4" players
L 05/02/2018 - 12:51:14: Team "TERRORIST" scored "2" with "4" players
L 05/02/2018 - 12:51:17: "Cap. Billy<18><VALVE_ID_LOOPBACK><CT>" triggered "weaponstats" (weapon "glock18") (shots "195") (hits "80") (kills "18") (headshots "16") (tks "0") (damage "2472") (deaths "3")
L 05/02/2018 - 12:51:17: "Cap. Billy<18><VALVE_ID_LOOPBACK><CT>" triggered "weaponstats2" (weapon "glock18") (head "21") (chest "24") (stomach "2") (leftarm "13") (rightarm "19") (leftleg "0") (rightleg "1")
L 05/02/2018 - 12:51:17: "Cap. Billy<18><VALVE_ID_LOOPBACK><CT>" triggered "weaponstats" (weapon "knife") (shots "40") (hits "20") (kills "14") (headshots "7") (tks "0") (damage "2345") (deaths "3")
L 05/02/2018 - 12:51:17: "Cap. Billy<18><VALVE_ID_LOOPBACK><CT>" triggered "weaponstats2" (weapon "knife") (head "9") (chest "8") (stomach "0") (leftarm "2") (rightarm "1") (leftleg "0") (rightleg "0")
L 05/02/2018 - 12:51:17: "Cap. Billy<18><VALVE_ID_LOOPBACK><CT>" triggered "time" (time "10:05")
L 05/02/2018 - 12:51:17: "Cap. Billy<18><VALVE_ID_LOOPBACK><CT>" triggered "latency" (ping "0")
L 05/02/2018 - 12:51:17: "GARGAMEL O EMPALADOR<19><VALVE_ID_LAN><TERRORIST>" triggered "weaponstats" (weapon "glock18") (shots "169") (hits "39") (kills "7") (headshots "6") (tks "0") (damage "1114") (deaths "9")
L 05/02/2018 - 12:51:17: "GARGAMEL O EMPALADOR<19><VALVE_ID_LAN><TERRORIST>" triggered "weaponstats2" (weapon "glock18") (head "10") (chest "5") (stomach "3") (leftarm "15") (rightarm "3") (leftleg "1") (rightleg "2")
L 05/02/2018 - 12:51:17: "GARGAMEL O EMPALADOR<19><VALVE_ID_LAN><TERRORIST>" triggered "weaponstats" (weapon "knife") (shots "15") (hits "11") (kills "5") (headshots "1") (tks "0") (damage "839") (deaths "11")
L 05/02/2018 - 12:51:17: "GARGAMEL O EMPALADOR<19><VALVE_ID_LAN><TERRORIST>" triggered "weaponstats2" (weapon "knife") (head "1") (chest "2") (stomach "1") (leftarm "2") (rightarm "1") (leftleg "3") (rightleg "1")
L 05/02/2018 - 12:51:17: "GARGAMEL O EMPALADOR<19><VALVE_ID_LAN><TERRORIST>" triggered "time" (time "10:02")
L 05/02/2018 - 12:51:17: "GARGAMEL O EMPALADOR<19><VALVE_ID_LAN><TERRORIST>" triggered "latency" (ping "8")
L 05/02/2018 - 12:51:17: "Smolder<21><VALVE_ID_LAN><TERRORIST>" triggered "weaponstats" (weapon "glock18") (shots "135") (hits "37") (kills "6") (headshots "4") (tks "0") (damage "912") (deaths "9")
L 05/02/2018 - 12:51:17: "Smolder<21><VALVE_ID_LAN><TERRORIST>" triggered "weaponstats2" (weapon "glock18") (head "6") (chest "7") (stomach "1") (leftarm "9") (rightarm "12") (leftleg "0") (rightleg "2")
L 05/02/2018 - 12:51:17: "Smolder<21><VALVE_ID_LAN><TERRORIST>" triggered "weaponstats" (weapon "knife") (shots "25") (hits "16") (kills "8") (headshots "7") (tks "0") (damage "2220") (deaths "12")
L 05/02/2018 - 12:51:17: "Smolder<21><VALVE_ID_LAN><TERRORIST>" triggered "weaponstats2" (weapon "knife") (head "9") (chest "0") (stomach "0") (leftarm "5") (rightarm "2") (leftleg "0") (rightleg "0")
L 05/02/2018 - 12:51:17: "Smolder<21><VALVE_ID_LAN><TERRORIST>" triggered "time" (time "10:02")
L 05/02/2018 - 12:51:17: "Smolder<21><VALVE_ID_LAN><TERRORIST>" triggered "latency" (ping "8")
L 05/02/2018 - 12:51:17: "Calango<22><VALVE_ID_LAN><CT>" triggered "weaponstats" (weapon "glock18") (shots "248") (hits "82") (kills "21") (headshots "18") (tks "0") (damage "2752") (deaths "4")
L 05/02/2018 - 12:51:17: "Calango<22><VALVE_ID_LAN><CT>" triggered "weaponstats2" (weapon "glock18") (head "26") (chest "15") (stomach "5") (leftarm "20") (rightarm "13") (leftleg "2") (rightleg "1")
L 05/02/2018 - 12:51:17: "Calango<22><VALVE_ID_LAN><CT>" triggered "weaponstats" (weapon "knife") (shots "21") (hits "11") (kills "5") (headshots "0") (tks "0") (damage "619") (deaths "4")
L 05/02/2018 - 12:51:17: "Calango<22><VALVE_ID_LAN><CT>" triggered "weaponstats2" (weapon "knife") (head "0") (chest "2") (stomach "3") (leftarm "4") (rightarm "1") (leftleg "0") (rightleg "1")
L 05/02/2018 - 12:51:17: "Calango<22><VALVE_ID_LAN><CT>" triggered "time" (time "10:01")
L 05/02/2018 - 12:51:17: "Calango<22><VALVE_ID_LAN><CT>" triggered "latency" (ping "8")
L 05/02/2018 - 12:51:17: "TUX<23><VALVE_ID_LAN><TERRORIST>" triggered "weaponstats" (weapon "glock18") (shots "121") (hits "43") (kills "8") (headshots "6") (tks "0") (damage "1199") (deaths "13")
L 05/02/2018 - 12:51:17: "TUX<23><VALVE_ID_LAN><TERRORIST>" triggered "weaponstats2" (weapon "glock18") (head "9") (chest "11") (stomach "0") (leftarm "12") (rightarm "11") (leftleg "0") (rightleg "0")
L 05/02/2018 - 12:51:17: "TUX<23><VALVE_ID_LAN><TERRORIST>" triggered "weaponstats" (weapon "knife") (shots "18") (hits "9") (kills "2") (headshots "1") (tks "0") (damage "495") (deaths "8")
L 05/02/2018 - 12:51:17: "TUX<23><VALVE_ID_LAN><TERRORIST>" triggered "weaponstats2" (weapon "knife") (head "3") (chest "0") (stomach "0") (leftarm "2") (rightarm "2") (leftleg "0") (rightleg "2")
L 05/02/2018 - 12:51:17: "TUX<23><VALVE_ID_LAN><TERRORIST>" triggered "time" (time "10:01")
L 05/02/2018 - 12:51:17: "TUX<23><VALVE_ID_LAN><TERRORIST>" triggered "latency" (ping "7")
L 05/02/2018 - 12:51:17: "Jack<24><VALVE_ID_LAN><CT>" triggered "weaponstats" (weapon "glock18") (shots "127") (hits "46") (kills "10") (headshots "9") (tks "0") (damage "1487") (deaths "4")
L 05/02/2018 - 12:51:17: "Jack<24><VALVE_ID_LAN><CT>" triggered "weaponstats2" (weapon "glock18") (head "12") (chest "3") (stomach "1") (leftarm "13") (rightarm "15") (leftleg "2") (rightleg "0")
L 05/02/2018 - 12:51:17: "Jack<24><VALVE_ID_LAN><CT>" triggered "weaponstats" (weapon "knife") (shots "22") (hits "13") (kills "4") (headshots "1") (tks "0") (damage "1030") (deaths "11")
L 05/02/2018 - 12:51:17: "Jack<24><VALVE_ID_LAN><CT>" triggered "weaponstats2" (weapon "knife") (head "4") (chest "2") (stomach "1") (leftarm "3") (rightarm "3") (leftleg "0") (rightleg "0")
L 05/02/2018 - 12:51:17: "Jack<24><VALVE_ID_LAN><CT>" triggered "time" (time "9:56")
L 05/02/2018 - 12:51:17: "Jack<24><VALVE_ID_LAN><CT>" triggered "latency" (ping "10")
L 05/02/2018 - 12:51:17: "@te<25><VALVE_ID_LAN><CT>" triggered "weaponstats" (weapon "glock18") (shots "119") (hits "23") (kills "6") (headshots "5") (tks "0") (damage "763") (deaths "7")
L 05/02/2018 - 12:51:17: "@te<25><VALVE_ID_LAN><CT>" triggered "weaponstats2" (weapon "glock18") (head "5") (chest "6") (stomach "3") (leftarm "2") (rightarm "4") (leftleg "0") (rightleg "3")
L 05/02/2018 - 12:51:17: "@te<25><VALVE_ID_LAN><CT>" triggered "weaponstats" (weapon "knife") (shots "17") (hits "8") (kills "4") (headshots "3") (tks "0") (damage "1055") (deaths "5")
L 05/02/2018 - 12:51:17: "@te<25><VALVE_ID_LAN><CT>" triggered "weaponstats2" (weapon "knife") (head "3") (chest "2") (stomach "1") (leftarm "1") (rightarm "1") (leftleg "0") (rightleg "0")
L 05/02/2018 - 12:51:17: "@te<25><VALVE_ID_LAN><CT>" triggered "time" (time "9:30")
L 05/02/2018 - 12:51:17: "@te<25><VALVE_ID_LAN><CT>" triggered "latency" (ping "6")
L 05/02/2018 - 12:51:17: "Calcas Peludas<27><VALVE_ID_LAN><TERRORIST>" triggered "weaponstats" (weapon "glock18") (shots "37") (hits "7") (kills "1") (headshots "0") (tks "0") (damage "63") (deaths "3")
L 05/02/2018 - 12:51:17: "Calcas Peludas<27><VALVE_ID_LAN><TERRORIST>" triggered "weaponstats2" (weapon "glock18") (head "0") (chest "2") (stomach "0") (leftarm "1") (rightarm "3") (leftleg "1") (rightleg "0")
L 05/02/2018 - 12:51:17: "Calcas Peludas<27><VALVE_ID_LAN><TERRORIST>" triggered "weaponstats" (weapon "knife") (shots "1") (hits "0") (kills "0") (headshots "0") (tks "0") (damage "0") (deaths "0")
L 05/02/2018 - 12:51:17: "Calcas Peludas<27><VALVE_ID_LAN><TERRORIST>" triggered "weaponstats2" (weapon "knife") (head "0") (chest "0") (stomach "0") (leftarm "0") (rightarm "0") (leftleg "0") (rightleg "0")
L 05/02/2018 - 12:51:17: "Calcas Peludas<27><VALVE_ID_LAN><TERRORIST>" triggered "time" (time "1:51")
L 05/02/2018 - 12:51:17: "Calcas Peludas<27><VALVE_ID_LAN><TERRORIST>" triggered "latency" (ping "8")
L 05/02/2018 - 12:51:17: [META] ini: Begin re-reading plugins list: c:/valve/cstrike/addons/metamod/plugins.ini
L 05/02/2018 - 12:51:17: [META] ini: Read plugin config for: AMX
L 05/02/2018 - 12:51:17: [META] ini: Read plugin config for: WinHL-Booster
L 05/02/2018 - 12:51:17: [META] ERROR: ini: Skipping plugin, couldn't stat file 'addons/hlguard/dlls/hlguard_mm_nightly.dll': No such file or directory
L 05/02/2018 - 12:51:17: [META] ini: Read plugin config for: WebMod
L 05/02/2018 - 12:51:17: [META] ini: Finished reading plugins list: c:/valve/cstrike/addons/metamod/plugins.ini; Found 3 plugins
L 05/02/2018 - 12:51:17: [META] dll: Updating plugins...
L 05/02/2018 - 12:51:17: [META] ERROR: dll: Failed query plugin '<hlguard_mm_nightly.dll>'; Couldn't open file 'addons/hlguard/dlls/hlguard_mm_nightly.dll': Não foi possível encontrar o módulo especificado.

L 05/02/2018 - 12:51:17: [META] ERROR: dll: Skipping plugin '<hlguard_mm_nightly.dll>'; couldn't query
L 05/02/2018 - 12:51:17: [META] dll: Finished updating 6 plugins; kept 3, loaded 0, unloaded 0, reloaded 0, delayed 0
L 05/02/2018 - 12:51:17: Server shutdown
L 05/02/2018 - 12:51:17: Log file closed
