L 05/08/2018 - 12:30:47: Log file started (file "logs\L0508000.log") (game "cstrike") (version "47/1.1.2.2/2603")
L 05/08/2018 - 12:30:47: "Calango<9><VALVE_ID_LAN><>" entered the game
L 05/08/2018 - 12:30:47: "TUX<10><VALVE_ID_LAN><>" entered the game
L 05/08/2018 - 12:30:48: World triggered "Round_Start"
L 05/08/2018 - 12:30:49: "Calango<9><VALVE_ID_LAN><>" joined team "CT"
L 05/08/2018 - 12:30:49: "TUX<10><VALVE_ID_LAN><>" joined team "TERRORIST"
L 05/08/2018 - 12:30:50: "Jack<11><VALVE_ID_LAN><>" entered the game
L 05/08/2018 - 12:30:52: "Jack<11><VALVE_ID_LAN><>" joined team "TERRORIST"
L 05/08/2018 - 12:30:53: "jaca paladium<12><VALVE_ID_LAN><>" connected, address "10.15.2.108:27005"
L 05/08/2018 - 12:30:53: "Cap. Billy<7><VALVE_ID_LOOPBACK><CT>" killed "XXBOT Moe<8><BOT><TERRORIST>" with "mac10"
L 05/08/2018 - 12:30:55: "TUX<10><VALVE_ID_LAN><TERRORIST>" killed "Cap. Billy<7><VALVE_ID_LOOPBACK><CT>" with "mac10"
L 05/08/2018 - 12:30:56: "jaca paladium<12><VALVE_ID_LAN><>" entered the game
L 05/08/2018 - 12:30:57: "jaca paladium<12><VALVE_ID_LAN><>" joined team "TERRORIST"
L 05/08/2018 - 12:30:59: "Smolder<13><VALVE_ID_LAN><>" connected, address "10.15.3.173:27005"
L 05/08/2018 - 12:30:59: "TUX<10><VALVE_ID_LAN><TERRORIST>" killed "Calango<9><VALVE_ID_LAN><CT>" with "mac10"
L 05/08/2018 - 12:30:59: Team "TERRORIST" triggered "Terrorists_Win" (CT "0") (T "1")
L 05/08/2018 - 12:30:59: World triggered "Round_End"
L 05/08/2018 - 12:31:00: Server cvar "bot_quota" = "0"
L 05/08/2018 - 12:31:00: Kick: "XXBOT Moe<8><UNKNOWN><>" was kicked by "Cap. Billy"
L 05/08/2018 - 12:31:00: "XXBOT Moe<8><BOT><TERRORIST>" disconnected
L 05/08/2018 - 12:31:03: "Smolder<13><VALVE_ID_LAN><>" entered the game
L 05/08/2018 - 12:31:04: World triggered "Round_Start"
L 05/08/2018 - 12:31:05: "Smolder<13><VALVE_ID_LAN><>" joined team "TERRORIST"
L 05/08/2018 - 12:31:06: "Cap. Billy<7><VALVE_ID_LOOPBACK><CT>" killed "jaca paladium<12><VALVE_ID_LAN><TERRORIST>" with "aug"
L 05/08/2018 - 12:31:07: "Calango<9><VALVE_ID_LAN><CT>" killed "Jack<11><VALVE_ID_LAN><TERRORIST>" with "mac10"
L 05/08/2018 - 12:31:08: "Smolder<13><VALVE_ID_LAN><TERRORIST>" killed "Cap. Billy<7><VALVE_ID_LOOPBACK><CT>" with "glock18"
L 05/08/2018 - 12:31:08: "Jack<11><VALVE_ID_LAN><TERRORIST>" joined team "CT"
L 05/08/2018 - 12:31:08: "@te<14><VALVE_ID_LAN><>" connected, address "10.15.2.23:27005"
L 05/08/2018 - 12:31:12: "@te<14><VALVE_ID_LAN><>" entered the game
L 05/08/2018 - 12:31:20: "Calango<9><VALVE_ID_LAN><CT>" killed "Smolder<13><VALVE_ID_LAN><TERRORIST>" with "mac10"
L 05/08/2018 - 12:31:31: "@te<14><VALVE_ID_LAN><>" joined team "CT"
L 05/08/2018 - 12:31:32: "TUX<10><VALVE_ID_LAN><TERRORIST>" killed "Calango<9><VALVE_ID_LAN><CT>" with "mac10"
L 05/08/2018 - 12:31:32: Team "TERRORIST" triggered "Terrorists_Win" (CT "0") (T "2")
L 05/08/2018 - 12:31:32: World triggered "Round_End"
L 05/08/2018 - 12:31:37: World triggered "Round_Start"
L 05/08/2018 - 12:31:37: "XXBOT Steel<15><BOT><>" joined team "TERRORIST"
L 05/08/2018 - 12:31:37: Server cvar "bot_quota" = "1"
L 05/08/2018 - 12:31:37: "XXBOT Steel<15><BOT><>" entered the game
L 05/08/2018 - 12:31:41: "jaca paladium<12><VALVE_ID_LAN><TERRORIST>" killed "Cap. Billy<7><VALVE_ID_LOOPBACK><CT>" with "ak47"
L 05/08/2018 - 12:31:45: "Smolder<13><VALVE_ID_LAN><TERRORIST>" killed "Jack<11><VALVE_ID_LAN><CT>" with "xm1014"
L 05/08/2018 - 12:31:47: "Calango<9><VALVE_ID_LAN><CT>" killed "jaca paladium<12><VALVE_ID_LAN><TERRORIST>" with "aug"
L 05/08/2018 - 12:31:47: "Smolder<13><VALVE_ID_LAN><TERRORIST>" killed "Calango<9><VALVE_ID_LAN><CT>" with "xm1014"
L 05/08/2018 - 12:31:49: "@te<14><VALVE_ID_LAN><CT>" killed "TUX<10><VALVE_ID_LAN><TERRORIST>" with "xm1014"
L 05/08/2018 - 12:31:53: "XXBOT Steel<15><BOT><TERRORIST>" killed "@te<14><VALVE_ID_LAN><CT>" with "m4a1"
L 05/08/2018 - 12:31:53: Team "TERRORIST" triggered "Terrorists_Win" (CT "0") (T "3")
L 05/08/2018 - 12:31:53: World triggered "Round_End"
L 05/08/2018 - 12:31:58: World triggered "Round_Start"
L 05/08/2018 - 12:32:01: "Smolder<13><VALVE_ID_LAN><TERRORIST>" killed "Cap. Billy<7><VALVE_ID_LOOPBACK><CT>" with "xm1014"
L 05/08/2018 - 12:32:04: "XXBOT Steel<15><BOT><TERRORIST>" killed "Calango<9><VALVE_ID_LAN><CT>" with "m4a1"
L 05/08/2018 - 12:32:05: "Smolder<13><VALVE_ID_LAN><TERRORIST>" killed "@te<14><VALVE_ID_LAN><CT>" with "xm1014"
L 05/08/2018 - 12:32:06: "Jack<11><VALVE_ID_LAN><CT>" killed "Smolder<13><VALVE_ID_LAN><TERRORIST>" with "mp5navy"
L 05/08/2018 - 12:32:12: "Jack<11><VALVE_ID_LAN><CT>" killed "jaca paladium<12><VALVE_ID_LAN><TERRORIST>" with "mp5navy"
L 05/08/2018 - 12:32:16: "TUX<10><VALVE_ID_LAN><TERRORIST>" killed "Jack<11><VALVE_ID_LAN><CT>" with "m4a1"
L 05/08/2018 - 12:32:16: Team "TERRORIST" triggered "Terrorists_Win" (CT "0") (T "4")
L 05/08/2018 - 12:32:16: World triggered "Round_End"
L 05/08/2018 - 12:32:21: World triggered "Round_Start"
L 05/08/2018 - 12:32:30: "XXBOT Steel<15><BOT><TERRORIST>" killed "Cap. Billy<7><VALVE_ID_LOOPBACK><CT>" with "m4a1"
L 05/08/2018 - 12:32:31: "Calango<9><VALVE_ID_LAN><CT>" killed "Smolder<13><VALVE_ID_LAN><TERRORIST>" with "m4a1"
L 05/08/2018 - 12:32:32: "Calango<9><VALVE_ID_LAN><CT>" killed "XXBOT Steel<15><BOT><TERRORIST>" with "m4a1"
L 05/08/2018 - 12:32:37: "jaca paladium<12><VALVE_ID_LAN><TERRORIST>" killed "Jack<11><VALVE_ID_LAN><CT>" with "xm1014"
L 05/08/2018 - 12:32:47: "TUX<10><VALVE_ID_LAN><TERRORIST>" killed "@te<14><VALVE_ID_LAN><CT>" with "m4a1"
L 05/08/2018 - 12:32:51: "jaca paladium<12><VALVE_ID_LAN><TERRORIST>" killed "Calango<9><VALVE_ID_LAN><CT>" with "xm1014"
L 05/08/2018 - 12:32:51: Team "TERRORIST" triggered "Terrorists_Win" (CT "0") (T "5")
L 05/08/2018 - 12:32:51: World triggered "Round_End"
L 05/08/2018 - 12:32:56: World triggered "Round_Start"
L 05/08/2018 - 12:33:00: "Jack<11><VALVE_ID_LAN><CT>" killed "XXBOT Steel<15><BOT><TERRORIST>" with "aug"
L 05/08/2018 - 12:33:01: "Smolder<13><VALVE_ID_LAN><TERRORIST>" killed "@te<14><VALVE_ID_LAN><CT>" with "aug"
L 05/08/2018 - 12:33:01: "jaca paladium<12><VALVE_ID_LAN><TERRORIST>" killed "Jack<11><VALVE_ID_LAN><CT>" with "grenade"
L 05/08/2018 - 12:33:04: "Cap. Billy<7><VALVE_ID_LOOPBACK><CT>" killed "jaca paladium<12><VALVE_ID_LAN><TERRORIST>" with "m249"
L 05/08/2018 - 12:33:06: "Smolder<13><VALVE_ID_LAN><TERRORIST>" killed "Calango<9><VALVE_ID_LAN><CT>" with "aug"
L 05/08/2018 - 12:33:12: "TUX<10><VALVE_ID_LAN><TERRORIST>" killed "Cap. Billy<7><VALVE_ID_LOOPBACK><CT>" with "m4a1"
L 05/08/2018 - 12:33:12: Team "TERRORIST" triggered "Terrorists_Win" (CT "0") (T "6")
L 05/08/2018 - 12:33:12: World triggered "Round_End"
L 05/08/2018 - 12:33:17: World triggered "Round_Start"
L 05/08/2018 - 12:33:21: "Cap. Billy<7><VALVE_ID_LOOPBACK><CT>" killed "XXBOT Steel<15><BOT><TERRORIST>" with "xm1014"
L 05/08/2018 - 12:33:23: "Cap. Billy<7><VALVE_ID_LOOPBACK><CT>" killed "TUX<10><VALVE_ID_LAN><TERRORIST>" with "xm1014"
L 05/08/2018 - 12:33:24: "jaca paladium<12><VALVE_ID_LAN><TERRORIST>" killed "Jack<11><VALVE_ID_LAN><CT>" with "xm1014"
L 05/08/2018 - 12:33:28: "@te<14><VALVE_ID_LAN><CT>" killed "Smolder<13><VALVE_ID_LAN><TERRORIST>" with "mac10"
L 05/08/2018 - 12:33:28: "Cap. Billy<7><VALVE_ID_LOOPBACK><CT>" killed "jaca paladium<12><VALVE_ID_LAN><TERRORIST>" with "xm1014"
L 05/08/2018 - 12:33:28: Team "CT" triggered "CTs_Win" (CT "1") (T "6")
L 05/08/2018 - 12:33:28: World triggered "Round_End"
L 05/08/2018 - 12:33:33: World triggered "Round_Start"
L 05/08/2018 - 12:33:36: "Calango<9><VALVE_ID_LAN><CT>" killed "jaca paladium<12><VALVE_ID_LAN><TERRORIST>" with "mac10"
L 05/08/2018 - 12:33:39: "Jack<11><VALVE_ID_LAN><CT>" killed "Smolder<13><VALVE_ID_LAN><TERRORIST>" with "xm1014"
L 05/08/2018 - 12:33:39: "Cap. Billy<7><VALVE_ID_LOOPBACK><CT>" killed "TUX<10><VALVE_ID_LAN><TERRORIST>" with "xm1014"
L 05/08/2018 - 12:33:42: "Cap. Billy<7><VALVE_ID_LOOPBACK><CT>" killed "XXBOT Steel<15><BOT><TERRORIST>" with "xm1014"
L 05/08/2018 - 12:33:42: Team "CT" triggered "CTs_Win" (CT "2") (T "6")
L 05/08/2018 - 12:33:42: World triggered "Round_End"
L 05/08/2018 - 12:33:47: World triggered "Round_Start"
L 05/08/2018 - 12:33:50: "Cap. Billy<7><VALVE_ID_LOOPBACK><CT>" killed "@te<14><VALVE_ID_LAN><CT>" with "grenade"
L 05/08/2018 - 12:33:52: "Cap. Billy<7><VALVE_ID_LOOPBACK><CT>" killed "XXBOT Steel<15><BOT><TERRORIST>" with "xm1014"
L 05/08/2018 - 12:33:52: "Cap. Billy<7><VALVE_ID_LOOPBACK><CT>" killed "jaca paladium<12><VALVE_ID_LAN><TERRORIST>" with "xm1014"
L 05/08/2018 - 12:33:53: "TUX<10><VALVE_ID_LAN><TERRORIST>" killed "Calango<9><VALVE_ID_LAN><CT>" with "ak47"
L 05/08/2018 - 12:33:55: "Cap. Billy<7><VALVE_ID_LOOPBACK><CT>" killed "Smolder<13><VALVE_ID_LAN><TERRORIST>" with "xm1014"
L 05/08/2018 - 12:33:56: "@te<14><VALVE_ID_LAN><CT>" say "obaaaa" (dead)
L 05/08/2018 - 12:33:57: "TUX<10><VALVE_ID_LAN><TERRORIST>" killed "Jack<11><VALVE_ID_LAN><CT>" with "ak47"
L 05/08/2018 - 12:33:59: "Calango<9><VALVE_ID_LAN><CT>" say "kkkkkk" (dead)
L 05/08/2018 - 12:34:05: "Cap. Billy<7><VALVE_ID_LOOPBACK><CT>" killed "TUX<10><VALVE_ID_LAN><TERRORIST>" with "xm1014"
L 05/08/2018 - 12:34:05: Team "CT" triggered "CTs_Win" (CT "3") (T "6")
L 05/08/2018 - 12:34:05: World triggered "Round_End"
L 05/08/2018 - 12:34:10: "Cap. Billy<7><VALVE_ID_LOOPBACK><CT>" committed suicide with "world"
L 05/08/2018 - 12:34:10: World triggered "Round_Start"
L 05/08/2018 - 12:34:11: "Smolder<13><VALVE_ID_LAN><TERRORIST>" say "o jaca e o ek "
L 05/08/2018 - 12:34:15: "Smolder<13><VALVE_ID_LAN><TERRORIST>" killed "Calango<9><VALVE_ID_LAN><CT>" with "m3"
L 05/08/2018 - 12:34:18: "TUX<10><VALVE_ID_LAN><TERRORIST>" killed "Jack<11><VALVE_ID_LAN><CT>" with "xm1014"
L 05/08/2018 - 12:34:18: "@te<14><VALVE_ID_LAN><CT>" killed "Smolder<13><VALVE_ID_LAN><TERRORIST>" with "mp5navy"
L 05/08/2018 - 12:34:23: "@te<14><VALVE_ID_LAN><CT>" killed "TUX<10><VALVE_ID_LAN><TERRORIST>" with "mp5navy"
L 05/08/2018 - 12:34:29: "Jack<11><VALVE_ID_LAN><CT>" say "ek" (dead)
L 05/08/2018 - 12:34:29: "@te<14><VALVE_ID_LAN><CT>" killed "jaca paladium<12><VALVE_ID_LAN><TERRORIST>" with "mp5navy"
L 05/08/2018 - 12:34:32: "Calango<9><VALVE_ID_LAN><CT>" say "kkkkk" (dead)
L 05/08/2018 - 12:34:34: "XXBOT Steel<15><BOT><TERRORIST>" killed "@te<14><VALVE_ID_LAN><CT>" with "glock18"
L 05/08/2018 - 12:34:34: Team "TERRORIST" triggered "Terrorists_Win" (CT "3") (T "7")
L 05/08/2018 - 12:34:34: World triggered "Round_End"
L 05/08/2018 - 12:34:39: World triggered "Round_Start"
L 05/08/2018 - 12:34:43: "Calango<9><VALVE_ID_LAN><CT>" killed "XXBOT Steel<15><BOT><TERRORIST>" with "xm1014"
L 05/08/2018 - 12:34:43: "Smolder<13><VALVE_ID_LAN><TERRORIST>" killed "Calango<9><VALVE_ID_LAN><CT>" with "ak47"
L 05/08/2018 - 12:34:45: "TUX<10><VALVE_ID_LAN><TERRORIST>" killed "Cap. Billy<7><VALVE_ID_LOOPBACK><CT>" with "aug"
L 05/08/2018 - 12:34:51: "jaca paladium<12><VALVE_ID_LAN><TERRORIST>" killed "@te<14><VALVE_ID_LAN><CT>" with "m4a1"
L 05/08/2018 - 12:34:52: "Calango<9><VALVE_ID_LAN><CT>" say "smolder camper" (dead)
L 05/08/2018 - 12:34:53: "TUX<10><VALVE_ID_LAN><TERRORIST>" killed "Jack<11><VALVE_ID_LAN><CT>" with "aug"
L 05/08/2018 - 12:34:53: Team "TERRORIST" triggered "Terrorists_Win" (CT "3") (T "8")
L 05/08/2018 - 12:34:53: World triggered "Round_End"
L 05/08/2018 - 12:34:58: World triggered "Round_Start"
L 05/08/2018 - 12:35:01: "@te<14><VALVE_ID_LAN><CT>" killed "jaca paladium<12><VALVE_ID_LAN><TERRORIST>" with "mac10"
L 05/08/2018 - 12:35:02: "Jack<11><VALVE_ID_LAN><CT>" killed "TUX<10><VALVE_ID_LAN><TERRORIST>" with "mp5navy"
L 05/08/2018 - 12:35:03: "Cap. Billy<7><VALVE_ID_LOOPBACK><CT>" killed "Smolder<13><VALVE_ID_LAN><TERRORIST>" with "aug"
L 05/08/2018 - 12:35:09: "Cap. Billy<7><VALVE_ID_LOOPBACK><CT>" killed "XXBOT Steel<15><BOT><TERRORIST>" with "aug"
L 05/08/2018 - 12:35:09: Team "CT" triggered "CTs_Win" (CT "4") (T "8")
L 05/08/2018 - 12:35:09: World triggered "Round_End"
L 05/08/2018 - 12:35:14: World triggered "Round_Start"
L 05/08/2018 - 12:35:16: "Calango<9><VALVE_ID_LAN><CT>" killed "Smolder<13><VALVE_ID_LAN><TERRORIST>" with "xm1014"
L 05/08/2018 - 12:35:17: "XXBOT Steel<15><BOT><TERRORIST>" killed "Calango<9><VALVE_ID_LAN><CT>" with "glock18"
L 05/08/2018 - 12:35:17: "Cap. Billy<7><VALVE_ID_LOOPBACK><CT>" killed "jaca paladium<12><VALVE_ID_LAN><TERRORIST>" with "aug"
L 05/08/2018 - 12:35:25: "Jack<11><VALVE_ID_LAN><CT>" killed "TUX<10><VALVE_ID_LAN><TERRORIST>" with "mp5navy"
L 05/08/2018 - 12:35:26: "Cap. Billy<7><VALVE_ID_LOOPBACK><CT>" killed "XXBOT Steel<15><BOT><TERRORIST>" with "xm1014"
L 05/08/2018 - 12:35:26: Team "CT" triggered "CTs_Win" (CT "5") (T "8")
L 05/08/2018 - 12:35:26: World triggered "Round_End"
L 05/08/2018 - 12:35:31: World triggered "Round_Start"
L 05/08/2018 - 12:35:38: "Cap. Billy<7><VALVE_ID_LOOPBACK><CT>" killed "XXBOT Steel<15><BOT><TERRORIST>" with "xm1014"
L 05/08/2018 - 12:35:39: "Cap. Billy<7><VALVE_ID_LOOPBACK><CT>" killed "jaca paladium<12><VALVE_ID_LAN><TERRORIST>" with "xm1014"
L 05/08/2018 - 12:35:41: "Smolder<13><VALVE_ID_LAN><TERRORIST>" killed "Cap. Billy<7><VALVE_ID_LOOPBACK><CT>" with "ak47"
L 05/08/2018 - 12:35:42: "@te<14><VALVE_ID_LAN><CT>" killed "TUX<10><VALVE_ID_LAN><TERRORIST>" with "xm1014"
L 05/08/2018 - 12:35:44: "Calango<9><VALVE_ID_LAN><CT>" killed "Smolder<13><VALVE_ID_LAN><TERRORIST>" with "aug"
L 05/08/2018 - 12:35:44: Team "CT" triggered "CTs_Win" (CT "6") (T "8")
L 05/08/2018 - 12:35:44: World triggered "Round_End"
L 05/08/2018 - 12:35:49: World triggered "Round_Start"
L 05/08/2018 - 12:35:54: "Cap. Billy<7><VALVE_ID_LOOPBACK><CT>" killed "jaca paladium<12><VALVE_ID_LAN><TERRORIST>" with "xm1014"
L 05/08/2018 - 12:35:58: "Cap. Billy<7><VALVE_ID_LOOPBACK><CT>" killed "TUX<10><VALVE_ID_LAN><TERRORIST>" with "xm1014"
L 05/08/2018 - 12:35:58: "Calango<9><VALVE_ID_LAN><CT>" killed "XXBOT Steel<15><BOT><TERRORIST>" with "m3"
L 05/08/2018 - 12:35:59: "Smolder<13><VALVE_ID_LAN><TERRORIST>" killed "@te<14><VALVE_ID_LAN><CT>" with "xm1014"
L 05/08/2018 - 12:36:03: "Jack<11><VALVE_ID_LAN><CT>" killed "Smolder<13><VALVE_ID_LAN><TERRORIST>" with "mp5navy"
L 05/08/2018 - 12:36:03: Team "CT" triggered "CTs_Win" (CT "7") (T "8")
L 05/08/2018 - 12:36:03: World triggered "Round_End"
L 05/08/2018 - 12:36:08: World triggered "Round_Start"
L 05/08/2018 - 12:36:15: "TUX<10><VALVE_ID_LAN><TERRORIST>" killed "Cap. Billy<7><VALVE_ID_LOOPBACK><CT>" with "m3"
L 05/08/2018 - 12:36:16: "Smolder<13><VALVE_ID_LAN><TERRORIST>" killed "Calango<9><VALVE_ID_LAN><CT>" with "knife"
L 05/08/2018 - 12:36:18: "Smolder<13><VALVE_ID_LAN><TERRORIST>" killed "@te<14><VALVE_ID_LAN><CT>" with "glock18"
L 05/08/2018 - 12:36:25: "Jack<11><VALVE_ID_LAN><CT>" killed "jaca paladium<12><VALVE_ID_LAN><TERRORIST>" with "mp5navy"
L 05/08/2018 - 12:36:27: "TUX<10><VALVE_ID_LAN><TERRORIST>" killed "Jack<11><VALVE_ID_LAN><CT>" with "xm1014"
L 05/08/2018 - 12:36:27: Team "TERRORIST" triggered "Terrorists_Win" (CT "7") (T "9")
L 05/08/2018 - 12:36:27: World triggered "Round_End"
L 05/08/2018 - 12:36:32: World triggered "Round_Start"
L 05/08/2018 - 12:36:36: "Cap. Billy<7><VALVE_ID_LOOPBACK><CT>" killed "TUX<10><VALVE_ID_LAN><TERRORIST>" with "xm1014"
L 05/08/2018 - 12:36:38: "Jack<11><VALVE_ID_LAN><CT>" killed "Smolder<13><VALVE_ID_LAN><TERRORIST>" with "usp"
L 05/08/2018 - 12:36:42: "@te<14><VALVE_ID_LAN><CT>" killed "jaca paladium<12><VALVE_ID_LAN><TERRORIST>" with "aug"
L 05/08/2018 - 12:36:42: "Smolder<13><VALVE_ID_LAN><TERRORIST>" say "boa tardeeeee" (dead)
L 05/08/2018 - 12:36:51: "Cap. Billy<7><VALVE_ID_LOOPBACK><CT>" killed "XXBOT Steel<15><BOT><TERRORIST>" with "xm1014"
L 05/08/2018 - 12:36:51: Team "CT" triggered "CTs_Win" (CT "8") (T "9")
L 05/08/2018 - 12:36:51: World triggered "Round_End"
L 05/08/2018 - 12:36:56: World triggered "Round_Start"
L 05/08/2018 - 12:37:01: "Calango<9><VALVE_ID_LAN><CT>" killed "XXBOT Steel<15><BOT><TERRORIST>" with "grenade"
L 05/08/2018 - 12:37:02: "Smolder<13><VALVE_ID_LAN><TERRORIST>" killed "@te<14><VALVE_ID_LAN><CT>" with "xm1014"
L 05/08/2018 - 12:37:02: "Smolder<13><VALVE_ID_LAN><TERRORIST>" killed "Jack<11><VALVE_ID_LAN><CT>" with "xm1014"
L 05/08/2018 - 12:37:04: "Calango<9><VALVE_ID_LAN><CT>" killed "TUX<10><VALVE_ID_LAN><TERRORIST>" with "m4a1"
L 05/08/2018 - 12:37:06: "Cap. Billy<7><VALVE_ID_LOOPBACK><CT>" killed "jaca paladium<12><VALVE_ID_LAN><TERRORIST>" with "xm1014"
L 05/08/2018 - 12:37:08: "Smolder<13><VALVE_ID_LAN><TERRORIST>" killed "Calango<9><VALVE_ID_LAN><CT>" with "xm1014"
L 05/08/2018 - 12:37:09: "Smolder<13><VALVE_ID_LAN><TERRORIST>" killed "Cap. Billy<7><VALVE_ID_LOOPBACK><CT>" with "xm1014"
L 05/08/2018 - 12:37:09: Team "TERRORIST" triggered "Terrorists_Win" (CT "8") (T "10")
L 05/08/2018 - 12:37:09: World triggered "Round_End"
L 05/08/2018 - 12:37:14: World triggered "Round_Start"
L 05/08/2018 - 12:37:17: "Jack<11><VALVE_ID_LAN><CT>" killed "Smolder<13><VALVE_ID_LAN><TERRORIST>" with "xm1014"
L 05/08/2018 - 12:37:18: "Cap. Billy<7><VALVE_ID_LOOPBACK><CT>" killed "jaca paladium<12><VALVE_ID_LAN><TERRORIST>" with "m4a1"
L 05/08/2018 - 12:37:22: "TUX<10><VALVE_ID_LAN><TERRORIST>" killed "Jack<11><VALVE_ID_LAN><CT>" with "xm1014"
L 05/08/2018 - 12:37:31: "Calango<9><VALVE_ID_LAN><CT>" killed "TUX<10><VALVE_ID_LAN><TERRORIST>" with "ak47"
L 05/08/2018 - 12:37:34: "Calango<9><VALVE_ID_LAN><CT>" killed "XXBOT Steel<15><BOT><TERRORIST>" with "ak47"
L 05/08/2018 - 12:37:34: Team "CT" triggered "CTs_Win" (CT "9") (T "10")
L 05/08/2018 - 12:37:34: World triggered "Round_End"
L 05/08/2018 - 12:37:39: World triggered "Round_Start"
L 05/08/2018 - 12:37:44: "@te<14><VALVE_ID_LAN><CT>" killed "XXBOT Steel<15><BOT><TERRORIST>" with "grenade"
L 05/08/2018 - 12:37:45: "Calango<9><VALVE_ID_LAN><CT>" killed "Smolder<13><VALVE_ID_LAN><TERRORIST>" with "mac10"
L 05/08/2018 - 12:37:45: "Calango<9><VALVE_ID_LAN><CT>" killed "TUX<10><VALVE_ID_LAN><TERRORIST>" with "mac10"
L 05/08/2018 - 12:37:47: "Cap. Billy<7><VALVE_ID_LOOPBACK><CT>" killed "jaca paladium<12><VALVE_ID_LAN><TERRORIST>" with "m4a1"
L 05/08/2018 - 12:37:47: Team "CT" triggered "CTs_Win" (CT "10") (T "10")
L 05/08/2018 - 12:37:47: World triggered "Round_End"
L 05/08/2018 - 12:37:52: World triggered "Round_Start"
L 05/08/2018 - 12:37:56: "Cap. Billy<7><VALVE_ID_LOOPBACK><CT>" killed "jaca paladium<12><VALVE_ID_LAN><TERRORIST>" with "m4a1"
L 05/08/2018 - 12:37:58: "Cap. Billy<7><VALVE_ID_LOOPBACK><CT>" killed "Smolder<13><VALVE_ID_LAN><TERRORIST>" with "m4a1"
L 05/08/2018 - 12:38:01: "TUX<10><VALVE_ID_LAN><TERRORIST>" killed "Cap. Billy<7><VALVE_ID_LOOPBACK><CT>" with "xm1014"
L 05/08/2018 - 12:38:02: "Jack<11><VALVE_ID_LAN><CT>" killed "XXBOT Steel<15><BOT><TERRORIST>" with "xm1014"
L 05/08/2018 - 12:38:03: "TUX<10><VALVE_ID_LAN><TERRORIST>" killed "Jack<11><VALVE_ID_LAN><CT>" with "xm1014"
L 05/08/2018 - 12:38:07: "@te<14><VALVE_ID_LAN><CT>" killed "TUX<10><VALVE_ID_LAN><TERRORIST>" with "mp5navy"
L 05/08/2018 - 12:38:07: Team "CT" triggered "CTs_Win" (CT "11") (T "10")
L 05/08/2018 - 12:38:07: World triggered "Round_End"
L 05/08/2018 - 12:38:12: World triggered "Round_Start"
L 05/08/2018 - 12:38:18: "Calango<9><VALVE_ID_LAN><CT>" killed "XXBOT Steel<15><BOT><TERRORIST>" with "mac10"
L 05/08/2018 - 12:38:19: "Smolder<13><VALVE_ID_LAN><TERRORIST>" killed "Calango<9><VALVE_ID_LAN><CT>" with "ak47"
L 05/08/2018 - 12:38:23: "TUX<10><VALVE_ID_LAN><TERRORIST>" killed "@te<14><VALVE_ID_LAN><CT>" with "ak47"
L 05/08/2018 - 12:38:24: "TUX<10><VALVE_ID_LAN><TERRORIST>" killed "Cap. Billy<7><VALVE_ID_LOOPBACK><CT>" with "ak47"
L 05/08/2018 - 12:38:24: "Jack<11><VALVE_ID_LAN><CT>" killed "TUX<10><VALVE_ID_LAN><TERRORIST>" with "aug"
L 05/08/2018 - 12:38:30: "Smolder<13><VALVE_ID_LAN><TERRORIST>" killed "Jack<11><VALVE_ID_LAN><CT>" with "ak47"
L 05/08/2018 - 12:38:30: Team "TERRORIST" triggered "Terrorists_Win" (CT "11") (T "11")
L 05/08/2018 - 12:38:30: World triggered "Round_End"
L 05/08/2018 - 12:38:35: World triggered "Round_Start"
L 05/08/2018 - 12:38:39: "Smolder<13><VALVE_ID_LAN><TERRORIST>" killed "Jack<11><VALVE_ID_LAN><CT>" with "grenade"
L 05/08/2018 - 12:38:46: "TUX<10><VALVE_ID_LAN><TERRORIST>" killed "Calango<9><VALVE_ID_LAN><CT>" with "mac10"
L 05/08/2018 - 12:38:47: "Cap. Billy<7><VALVE_ID_LOOPBACK><CT>" killed "TUX<10><VALVE_ID_LAN><TERRORIST>" with "m4a1"
L 05/08/2018 - 12:38:50: "XXBOT Steel<15><BOT><TERRORIST>" killed "Cap. Billy<7><VALVE_ID_LOOPBACK><CT>" with "awp"
L 05/08/2018 - 12:38:51: "Smolder<13><VALVE_ID_LAN><TERRORIST>" killed "@te<14><VALVE_ID_LAN><CT>" with "knife"
L 05/08/2018 - 12:38:51: Team "TERRORIST" triggered "Terrorists_Win" (CT "11") (T "12")
L 05/08/2018 - 12:38:51: World triggered "Round_End"
L 05/08/2018 - 12:38:51: "Calango<9><VALVE_ID_LAN><CT>" say "timeleft" (dead)
L 05/08/2018 - 12:38:56: World triggered "Round_Start"
L 05/08/2018 - 12:38:58: Server cvar "amx_nextmap" = "playground_x"
L 05/08/2018 - 12:39:01: "Cap. Billy<7><VALVE_ID_LOOPBACK><CT>" killed "Smolder<13><VALVE_ID_LAN><TERRORIST>" with "mp5navy"
L 05/08/2018 - 12:39:02: "@te<14><VALVE_ID_LAN><CT>" killed "TUX<10><VALVE_ID_LAN><TERRORIST>" with "xm1014"
L 05/08/2018 - 12:39:04: "Cap. Billy<7><VALVE_ID_LOOPBACK><CT>" killed "jaca paladium<12><VALVE_ID_LAN><TERRORIST>" with "mp5navy"
L 05/08/2018 - 12:39:04: "Calango<9><VALVE_ID_LAN><CT>" killed "XXBOT Steel<15><BOT><TERRORIST>" with "m4a1"
L 05/08/2018 - 12:39:04: Team "CT" triggered "CTs_Win" (CT "12") (T "12")
L 05/08/2018 - 12:39:04: World triggered "Round_End"
L 05/08/2018 - 12:39:09: World triggered "Round_Start"
L 05/08/2018 - 12:39:16: "Cap. Billy<7><VALVE_ID_LOOPBACK><CT>" killed "XXBOT Steel<15><BOT><TERRORIST>" with "mp5navy"
L 05/08/2018 - 12:39:17: "Cap. Billy<7><VALVE_ID_LOOPBACK><CT>" killed "Smolder<13><VALVE_ID_LAN><TERRORIST>" with "mp5navy"
L 05/08/2018 - 12:39:17: "Cap. Billy<7><VALVE_ID_LOOPBACK><CT>" killed "jaca paladium<12><VALVE_ID_LAN><TERRORIST>" with "mp5navy"
L 05/08/2018 - 12:39:20: "Jack<11><VALVE_ID_LAN><CT>" killed "Cap. Billy<7><VALVE_ID_LOOPBACK><CT>" with "aug"
L 05/08/2018 - 12:39:21: "TUX<10><VALVE_ID_LAN><TERRORIST>" killed "Calango<9><VALVE_ID_LAN><CT>" with "ak47"
L 05/08/2018 - 12:39:22: "Jack<11><VALVE_ID_LAN><CT>" killed "TUX<10><VALVE_ID_LAN><TERRORIST>" with "aug"
L 05/08/2018 - 12:39:22: Team "CT" triggered "CTs_Win" (CT "13") (T "12")
L 05/08/2018 - 12:39:22: World triggered "Round_End"
L 05/08/2018 - 12:39:27: World triggered "Round_Start"
L 05/08/2018 - 12:39:27: "Jack<11><VALVE_ID_LAN><CT>" committed suicide with "world"
L 05/08/2018 - 12:39:31: "Smolder<13><VALVE_ID_LAN><TERRORIST>" killed "Calango<9><VALVE_ID_LAN><CT>" with "xm1014"
L 05/08/2018 - 12:39:35: "Cap. Billy<7><VALVE_ID_LOOPBACK><CT>" killed "TUX<10><VALVE_ID_LAN><TERRORIST>" with "xm1014"
L 05/08/2018 - 12:39:36: "@te<14><VALVE_ID_LAN><CT>" killed "Smolder<13><VALVE_ID_LAN><TERRORIST>" with "xm1014"
L 05/08/2018 - 12:39:36: "jaca paladium<12><VALVE_ID_LAN><TERRORIST>" killed "Cap. Billy<7><VALVE_ID_LOOPBACK><CT>" with "g3sg1"
L 05/08/2018 - 12:39:49: "Cap. Billy<7><VALVE_ID_LOOPBACK><CT>" say "que dispuita" (dead)
L 05/08/2018 - 12:39:57: "XXBOT Steel<15><BOT><TERRORIST>" killed "@te<14><VALVE_ID_LAN><CT>" with "p90"
L 05/08/2018 - 12:39:57: Team "TERRORIST" triggered "Terrorists_Win" (CT "13") (T "13")
L 05/08/2018 - 12:39:57: World triggered "Round_End"
L 05/08/2018 - 12:40:00: "Cap. Billy<7><VALVE_ID_LOOPBACK><CT>" say "jaca paladium o contador de " (dead)
L 05/08/2018 - 12:40:02: World triggered "Round_Start"
L 05/08/2018 - 12:40:08: "jaca paladium<12><VALVE_ID_LAN><TERRORIST>" killed "Calango<9><VALVE_ID_LAN><CT>" with "aug"
L 05/08/2018 - 12:40:10: "Jack<11><VALVE_ID_LAN><CT>" killed "TUX<10><VALVE_ID_LAN><TERRORIST>" with "usp"
L 05/08/2018 - 12:40:11: "jaca paladium<12><VALVE_ID_LAN><TERRORIST>" killed "Cap. Billy<7><VALVE_ID_LOOPBACK><CT>" with "aug"
L 05/08/2018 - 12:40:11: "Smolder<13><VALVE_ID_LAN><TERRORIST>" killed "@te<14><VALVE_ID_LAN><CT>" with "ak47"
L 05/08/2018 - 12:40:20: "jaca paladium<12><VALVE_ID_LAN><TERRORIST>" killed "Jack<11><VALVE_ID_LAN><CT>" with "aug"
L 05/08/2018 - 12:40:20: Team "TERRORIST" triggered "Terrorists_Win" (CT "13") (T "14")
L 05/08/2018 - 12:40:20: World triggered "Round_End"
L 05/08/2018 - 12:40:25: World triggered "Round_Start"
L 05/08/2018 - 12:40:30: "Cap. Billy<7><VALVE_ID_LOOPBACK><CT>" killed "TUX<10><VALVE_ID_LAN><TERRORIST>" with "xm1014"
L 05/08/2018 - 12:40:30: "Cap. Billy<7><VALVE_ID_LOOPBACK><CT>" killed "Smolder<13><VALVE_ID_LAN><TERRORIST>" with "xm1014"
L 05/08/2018 - 12:40:30: "XXBOT Steel<15><BOT><TERRORIST>" killed "Cap. Billy<7><VALVE_ID_LOOPBACK><CT>" with "p90"
L 05/08/2018 - 12:40:34: "jaca paladium<12><VALVE_ID_LAN><TERRORIST>" killed "Jack<11><VALVE_ID_LAN><CT>" with "xm1014"
L 05/08/2018 - 12:40:43: "Calango<9><VALVE_ID_LAN><CT>" killed "XXBOT Steel<15><BOT><TERRORIST>" with "m4a1"
L 05/08/2018 - 12:40:43: "Jack<11><VALVE_ID_LAN><CT>" say "sai arroba" (dead)
L 05/08/2018 - 12:40:46: "Jack<11><VALVE_ID_LAN><CT>" say "caralho" (dead)
L 05/08/2018 - 12:40:47: "@te<14><VALVE_ID_LAN><CT>" killed "jaca paladium<12><VALVE_ID_LAN><TERRORIST>" with "aug"
L 05/08/2018 - 12:40:47: Team "CT" triggered "CTs_Win" (CT "14") (T "14")
L 05/08/2018 - 12:40:47: World triggered "Round_End"
L 05/08/2018 - 12:40:48: Team "CT" scored "14" with "4" players
L 05/08/2018 - 12:40:48: Team "TERRORIST" scored "14" with "4" players
L 05/08/2018 - 12:40:52: "Cap. Billy<7><VALVE_ID_LOOPBACK><CT>" triggered "weaponstats" (weapon "grenade") (shots "10") (hits "8") (kills "1") (headshots "0") (tks "1") (damage "432") (deaths "1")
L 05/08/2018 - 12:40:52: "Cap. Billy<7><VALVE_ID_LOOPBACK><CT>" triggered "weaponstats2" (weapon "grenade") (head "0") (chest "0") (stomach "0") (leftarm "0") (rightarm "0") (leftleg "0") (rightleg "0")
L 05/08/2018 - 12:40:52: "Cap. Billy<7><VALVE_ID_LOOPBACK><CT>" triggered "weaponstats" (weapon "xm1014") (shots "48") (hits "40") (kills "20") (headshots "2") (tks "0") (damage "2584") (deaths "4")
L 05/08/2018 - 12:40:52: "Cap. Billy<7><VALVE_ID_LOOPBACK><CT>" triggered "weaponstats2" (weapon "xm1014") (head "3") (chest "9") (stomach "7") (leftarm "10") (rightarm "6") (leftleg "3") (rightleg "2")
L 05/08/2018 - 12:40:52: "Cap. Billy<7><VALVE_ID_LOOPBACK><CT>" triggered "weaponstats" (weapon "mac10") (shots "23") (hits "4") (kills "1") (headshots "0") (tks "0") (damage "104") (deaths "2")
L 05/08/2018 - 12:40:52: "Cap. Billy<7><VALVE_ID_LOOPBACK><CT>" triggered "weaponstats2" (weapon "mac10") (head "0") (chest "3") (stomach "0") (leftarm "1") (rightarm "0") (leftleg "0") (rightleg "0")
L 05/08/2018 - 12:40:52: "Cap. Billy<7><VALVE_ID_LOOPBACK><CT>" triggered "weaponstats" (weapon "aug") (shots "68") (hits "16") (kills "4") (headshots "1") (tks "0") (damage "594") (deaths "2")
L 05/08/2018 - 12:40:52: "Cap. Billy<7><VALVE_ID_LOOPBACK><CT>" triggered "weaponstats2" (weapon "aug") (head "2") (chest "3") (stomach "3") (leftarm "2") (rightarm "5") (leftleg "0") (rightleg "1")
L 05/08/2018 - 12:40:52: "Cap. Billy<7><VALVE_ID_LOOPBACK><CT>" triggered "weaponstats" (weapon "usp") (shots "9") (hits "0") (kills "0") (headshots "0") (tks "0") (damage "0") (deaths "1")
L 05/08/2018 - 12:40:52: "Cap. Billy<7><VALVE_ID_LOOPBACK><CT>" triggered "weaponstats2" (weapon "usp") (head "0") (chest "0") (stomach "0") (leftarm "0") (rightarm "0") (leftleg "0") (rightleg "0")
L 05/08/2018 - 12:40:52: "Cap. Billy<7><VALVE_ID_LOOPBACK><CT>" triggered "weaponstats" (weapon "mp5navy") (shots "54") (hits "20") (kills "5") (headshots "2") (tks "0") (damage "618") (deaths "1")
L 05/08/2018 - 12:40:52: "Cap. Billy<7><VALVE_ID_LOOPBACK><CT>" triggered "weaponstats2" (weapon "mp5navy") (head "2") (chest "2") (stomach "1") (leftarm "7") (rightarm "8") (leftleg "0") (rightleg "0")
L 05/08/2018 - 12:40:52: "Cap. Billy<7><VALVE_ID_LOOPBACK><CT>" triggered "weaponstats" (weapon "m249") (shots "128") (hits "4") (kills "1") (headshots "1") (tks "0") (damage "200") (deaths "1")
L 05/08/2018 - 12:40:52: "Cap. Billy<7><VALVE_ID_LOOPBACK><CT>" triggered "weaponstats2" (weapon "m249") (head "1") (chest "1") (stomach "1") (leftarm "0") (rightarm "0") (leftleg "0") (rightleg "1")
L 05/08/2018 - 12:40:52: "Cap. Billy<7><VALVE_ID_LOOPBACK><CT>" triggered "weaponstats" (weapon "m4a1") (shots "74") (hits "18") (kills "5") (headshots "2") (tks "0") (damage "715") (deaths "4")
L 05/08/2018 - 12:40:52: "Cap. Billy<7><VALVE_ID_LOOPBACK><CT>" triggered "weaponstats2" (weapon "m4a1") (head "3") (chest "2") (stomach "1") (leftarm "5") (rightarm "4") (leftleg "1") (rightleg "2")
L 05/08/2018 - 12:40:52: "Cap. Billy<7><VALVE_ID_LOOPBACK><CT>" triggered "time" (time "10:08")
L 05/08/2018 - 12:40:52: "Cap. Billy<7><VALVE_ID_LOOPBACK><CT>" triggered "latency" (ping "0")
L 05/08/2018 - 12:40:52: "@te<14><VALVE_ID_LAN><CT>" triggered "weaponstats" (weapon "grenade") (shots "7") (hits "5") (kills "1") (headshots "0") (tks "0") (damage "138") (deaths "1")
L 05/08/2018 - 12:40:52: "@te<14><VALVE_ID_LAN><CT>" triggered "weaponstats2" (weapon "grenade") (head "0") (chest "0") (stomach "0") (leftarm "0") (rightarm "0") (leftleg "0") (rightleg "0")
L 05/08/2018 - 12:40:52: "@te<14><VALVE_ID_LAN><CT>" triggered "weaponstats" (weapon "xm1014") (shots "30") (hits "8") (kills "4") (headshots "0") (tks "0") (damage "583") (deaths "6")
L 05/08/2018 - 12:40:52: "@te<14><VALVE_ID_LAN><CT>" triggered "weaponstats2" (weapon "xm1014") (head "0") (chest "1") (stomach "1") (leftarm "5") (rightarm "1") (leftleg "0") (rightleg "0")
L 05/08/2018 - 12:40:52: "@te<14><VALVE_ID_LAN><CT>" triggered "weaponstats" (weapon "mac10") (shots "56") (hits "5") (kills "2") (headshots "2") (tks "0") (damage "284") (deaths "1")
L 05/08/2018 - 12:40:52: "@te<14><VALVE_ID_LAN><CT>" triggered "weaponstats2" (weapon "mac10") (head "2") (chest "0") (stomach "0") (leftarm "2") (rightarm "1") (leftleg "0") (rightleg "0")
L 05/08/2018 - 12:40:52: "@te<14><VALVE_ID_LAN><CT>" triggered "weaponstats" (weapon "aug") (shots "30") (hits "6") (kills "2") (headshots "1") (tks "0") (damage "273") (deaths "0")
L 05/08/2018 - 12:40:52: "@te<14><VALVE_ID_LAN><CT>" triggered "weaponstats2" (weapon "aug") (head "1") (chest "2") (stomach "0") (leftarm "1") (rightarm "1") (leftleg "1") (rightleg "0")
L 05/08/2018 - 12:40:52: "@te<14><VALVE_ID_LAN><CT>" triggered "weaponstats" (weapon "awp") (shots "4") (hits "1") (kills "0") (headshots "0") (tks "0") (damage "54") (deaths "0")
L 05/08/2018 - 12:40:52: "@te<14><VALVE_ID_LAN><CT>" triggered "weaponstats2" (weapon "awp") (head "0") (chest "0") (stomach "0") (leftarm "0") (rightarm "1") (leftleg "0") (rightleg "0")
L 05/08/2018 - 12:40:52: "@te<14><VALVE_ID_LAN><CT>" triggered "weaponstats" (weapon "mp5navy") (shots "66") (hits "13") (kills "4") (headshots "2") (tks "0") (damage "431") (deaths "1")
L 05/08/2018 - 12:40:52: "@te<14><VALVE_ID_LAN><CT>" triggered "weaponstats2" (weapon "mp5navy") (head "2") (chest "3") (stomach "1") (leftarm "2") (rightarm "1") (leftleg "3") (rightleg "1")
L 05/08/2018 - 12:40:52: "@te<14><VALVE_ID_LAN><CT>" triggered "weaponstats" (weapon "m249") (shots "1") (hits "0") (kills "0") (headshots "0") (tks "0") (damage "0") (deaths "0")
L 05/08/2018 - 12:40:52: "@te<14><VALVE_ID_LAN><CT>" triggered "weaponstats2" (weapon "m249") (head "0") (chest "0") (stomach "0") (leftarm "0") (rightarm "0") (leftleg "0") (rightleg "0")
L 05/08/2018 - 12:40:52: "@te<14><VALVE_ID_LAN><CT>" triggered "weaponstats" (weapon "m4a1") (shots "20") (hits "3") (kills "0") (headshots "0") (tks "0") (damage "70") (deaths "2")
L 05/08/2018 - 12:40:52: "@te<14><VALVE_ID_LAN><CT>" triggered "weaponstats2" (weapon "m4a1") (head "0") (chest "0") (stomach "0") (leftarm "2") (rightarm "0") (leftleg "0") (rightleg "1")
L 05/08/2018 - 12:40:52: "@te<14><VALVE_ID_LAN><CT>" triggered "weaponstats" (weapon "ak47") (shots "3") (hits "1") (kills "0") (headshots "0") (tks "0") (damage "34") (deaths "1")
L 05/08/2018 - 12:40:52: "@te<14><VALVE_ID_LAN><CT>" triggered "weaponstats2" (weapon "ak47") (head "0") (chest "0") (stomach "0") (leftarm "0") (rightarm "1") (leftleg "0") (rightleg "0")
L 05/08/2018 - 12:40:52: "@te<14><VALVE_ID_LAN><CT>" triggered "time" (time "9:40")
L 05/08/2018 - 12:40:52: "@te<14><VALVE_ID_LAN><CT>" triggered "latency" (ping "10")
L 05/08/2018 - 12:40:52: "Calango<9><VALVE_ID_LAN><CT>" triggered "weaponstats" (weapon "grenade") (shots "4") (hits "4") (kills "1") (headshots "0") (tks "0") (damage "94") (deaths "0")
L 05/08/2018 - 12:40:52: "Calango<9><VALVE_ID_LAN><CT>" triggered "weaponstats2" (weapon "grenade") (head "0") (chest "0") (stomach "0") (leftarm "0") (rightarm "0") (leftleg "0") (rightleg "0")
L 05/08/2018 - 12:40:52: "Calango<9><VALVE_ID_LAN><CT>" triggered "weaponstats" (weapon "xm1014") (shots "10") (hits "6") (kills "2") (headshots "0") (tks "0") (damage "347") (deaths "3")
L 05/08/2018 - 12:40:52: "Calango<9><VALVE_ID_LAN><CT>" triggered "weaponstats2" (weapon "xm1014") (head "1") (chest "0") (stomach "1") (leftarm "0") (rightarm "0") (leftleg "1") (rightleg "3")
L 05/08/2018 - 12:40:52: "Calango<9><VALVE_ID_LAN><CT>" triggered "weaponstats" (weapon "mac10") (shots "94") (hits "19") (kills "6") (headshots "1") (tks "0") (damage "592") (deaths "4")
L 05/08/2018 - 12:40:52: "Calango<9><VALVE_ID_LAN><CT>" triggered "weaponstats2" (weapon "mac10") (head "1") (chest "1") (stomach "6") (leftarm "8") (rightarm "1") (leftleg "1") (rightleg "1")
L 05/08/2018 - 12:40:52: "Calango<9><VALVE_ID_LAN><CT>" triggered "weaponstats" (weapon "aug") (shots "21") (hits "4") (kills "2") (headshots "0") (tks "0") (damage "78") (deaths "1")
L 05/08/2018 - 12:40:52: "Calango<9><VALVE_ID_LAN><CT>" triggered "weaponstats2" (weapon "aug") (head "0") (chest "1") (stomach "0") (leftarm "1") (rightarm "0") (leftleg "0") (rightleg "2")
L 05/08/2018 - 12:40:52: "Calango<9><VALVE_ID_LAN><CT>" triggered "weaponstats" (weapon "usp") (shots "1") (hits "0") (kills "0") (headshots "0") (tks "0") (damage "0") (deaths "0")
L 05/08/2018 - 12:40:52: "Calango<9><VALVE_ID_LAN><CT>" triggered "weaponstats2" (weapon "usp") (head "0") (chest "0") (stomach "0") (leftarm "0") (rightarm "0") (leftleg "0") (rightleg "0")
L 05/08/2018 - 12:40:52: "Calango<9><VALVE_ID_LAN><CT>" triggered "weaponstats" (weapon "awp") (shots "1") (hits "0") (kills "0") (headshots "0") (tks "0") (damage "0") (deaths "1")
L 05/08/2018 - 12:40:52: "Calango<9><VALVE_ID_LAN><CT>" triggered "weaponstats2" (weapon "awp") (head "0") (chest "0") (stomach "0") (leftarm "0") (rightarm "0") (leftleg "0") (rightleg "0")
L 05/08/2018 - 12:40:52: "Calango<9><VALVE_ID_LAN><CT>" triggered "weaponstats" (weapon "m249") (shots "54") (hits "1") (kills "0") (headshots "0") (tks "0") (damage "10") (deaths "0")
L 05/08/2018 - 12:40:52: "Calango<9><VALVE_ID_LAN><CT>" triggered "weaponstats2" (weapon "m249") (head "0") (chest "0") (stomach "0") (leftarm "0") (rightarm "0") (leftleg "0") (rightleg "1")
L 05/08/2018 - 12:40:52: "Calango<9><VALVE_ID_LAN><CT>" triggered "weaponstats" (weapon "m3") (shots "3") (hits "1") (kills "1") (headshots "0") (tks "0") (damage "171") (deaths "1")
L 05/08/2018 - 12:40:52: "Calango<9><VALVE_ID_LAN><CT>" triggered "weaponstats2" (weapon "m3") (head "0") (chest "0") (stomach "0") (leftarm "0") (rightarm "1") (leftleg "0") (rightleg "0")
L 05/08/2018 - 12:40:52: "Calango<9><VALVE_ID_LAN><CT>" triggered "weaponstats" (weapon "m4a1") (shots "88") (hits "20") (kills "5") (headshots "3") (tks "0") (damage "872") (deaths "5")
L 05/08/2018 - 12:40:52: "Calango<9><VALVE_ID_LAN><CT>" triggered "weaponstats2" (weapon "m4a1") (head "3") (chest "2") (stomach "5") (leftarm "5") (rightarm "4") (leftleg "1") (rightleg "0")
L 05/08/2018 - 12:40:52: "Calango<9><VALVE_ID_LAN><CT>" triggered "weaponstats" (weapon "ak47") (shots "31") (hits "9") (kills "2") (headshots "0") (tks "0") (damage "289") (deaths "2")
L 05/08/2018 - 12:40:52: "Calango<9><VALVE_ID_LAN><CT>" triggered "weaponstats2" (weapon "ak47") (head "0") (chest "0") (stomach "2") (leftarm "1") (rightarm "2") (leftleg "2") (rightleg "2")
L 05/08/2018 - 12:40:52: "Calango<9><VALVE_ID_LAN><CT>" triggered "time" (time "10:04")
L 05/08/2018 - 12:40:52: "Calango<9><VALVE_ID_LAN><CT>" triggered "latency" (ping "12")
L 05/08/2018 - 12:40:52: "TUX<10><VALVE_ID_LAN><TERRORIST>" triggered "weaponstats" (weapon "grenade") (shots "5") (hits "5") (kills "0") (headshots "0") (tks "0") (damage "171") (deaths "0")
L 05/08/2018 - 12:40:52: "TUX<10><VALVE_ID_LAN><TERRORIST>" triggered "weaponstats2" (weapon "grenade") (head "0") (chest "0") (stomach "0") (leftarm "0") (rightarm "0") (leftleg "0") (rightleg "0")
L 05/08/2018 - 12:40:52: "TUX<10><VALVE_ID_LAN><TERRORIST>" triggered "weaponstats" (weapon "xm1014") (shots "23") (hits "9") (kills "5") (headshots "2") (tks "0") (damage "613") (deaths "6")
L 05/08/2018 - 12:40:52: "TUX<10><VALVE_ID_LAN><TERRORIST>" triggered "weaponstats2" (weapon "xm1014") (head "2") (chest "2") (stomach "0") (leftarm "1") (rightarm "1") (leftleg "2") (rightleg "1")
L 05/08/2018 - 12:40:52: "TUX<10><VALVE_ID_LAN><TERRORIST>" triggered "weaponstats" (weapon "mac10") (shots "58") (hits "9") (kills "4") (headshots "4") (tks "0") (damage "586") (deaths "4")
L 05/08/2018 - 12:40:52: "TUX<10><VALVE_ID_LAN><TERRORIST>" triggered "weaponstats2" (weapon "mac10") (head "5") (chest "1") (stomach "1") (leftarm "1") (rightarm "1") (leftleg "0") (rightleg "0")
L 05/08/2018 - 12:40:52: "TUX<10><VALVE_ID_LAN><TERRORIST>" triggered "weaponstats" (weapon "aug") (shots "38") (hits "6") (kills "2") (headshots "1") (tks "0") (damage "265") (deaths "1")
L 05/08/2018 - 12:40:52: "TUX<10><VALVE_ID_LAN><TERRORIST>" triggered "weaponstats2" (weapon "aug") (head "1") (chest "2") (stomach "0") (leftarm "3") (rightarm "0") (leftleg "0") (rightleg "0")
L 05/08/2018 - 12:40:52: "TUX<10><VALVE_ID_LAN><TERRORIST>" triggered "weaponstats" (weapon "glock18") (shots "8") (hits "2") (kills "0") (headshots "0") (tks "0") (damage "68") (deaths "0")
L 05/08/2018 - 12:40:52: "TUX<10><VALVE_ID_LAN><TERRORIST>" triggered "weaponstats2" (weapon "glock18") (head "1") (chest "0") (stomach "0") (leftarm "0") (rightarm "1") (leftleg "0") (rightleg "0")
L 05/08/2018 - 12:40:52: "TUX<10><VALVE_ID_LAN><TERRORIST>" triggered "weaponstats" (weapon "m3") (shots "2") (hits "2") (kills "1") (headshots "0") (tks "0") (damage "247") (deaths "1")
L 05/08/2018 - 12:40:52: "TUX<10><VALVE_ID_LAN><TERRORIST>" triggered "weaponstats2" (weapon "m3") (head "0") (chest "0") (stomach "0") (leftarm "0") (rightarm "2") (leftleg "0") (rightleg "0")
L 05/08/2018 - 12:40:52: "TUX<10><VALVE_ID_LAN><TERRORIST>" triggered "weaponstats" (weapon "m4a1") (shots "53") (hits "8") (kills "3") (headshots "1") (tks "0") (damage "299") (deaths "4")
L 05/08/2018 - 12:40:52: "TUX<10><VALVE_ID_LAN><TERRORIST>" triggered "weaponstats2" (weapon "m4a1") (head "2") (chest "3") (stomach "0") (leftarm "1") (rightarm "2") (leftleg "0") (rightleg "0")
L 05/08/2018 - 12:40:52: "TUX<10><VALVE_ID_LAN><TERRORIST>" triggered "weaponstats" (weapon "ak47") (shots "86") (hits "20") (kills "5") (headshots "2") (tks "0") (damage "832") (deaths "5")
L 05/08/2018 - 12:40:52: "TUX<10><VALVE_ID_LAN><TERRORIST>" triggered "weaponstats2" (weapon "ak47") (head "2") (chest "2") (stomach "1") (leftarm "4") (rightarm "2") (leftleg "7") (rightleg "2")
L 05/08/2018 - 12:40:52: "TUX<10><VALVE_ID_LAN><TERRORIST>" triggered "time" (time "10:04")
L 05/08/2018 - 12:40:52: "TUX<10><VALVE_ID_LAN><TERRORIST>" triggered "latency" (ping "7")
L 05/08/2018 - 12:40:52: "Jack<11><VALVE_ID_LAN><CT>" triggered "weaponstats" (weapon "grenade") (shots "8") (hits "9") (kills "0") (headshots "0") (tks "0") (damage "405") (deaths "0")
L 05/08/2018 - 12:40:52: "Jack<11><VALVE_ID_LAN><CT>" triggered "weaponstats2" (weapon "grenade") (head "0") (chest "0") (stomach "0") (leftarm "0") (rightarm "0") (leftleg "0") (rightleg "0")
L 05/08/2018 - 12:40:52: "Jack<11><VALVE_ID_LAN><CT>" triggered "weaponstats" (weapon "xm1014") (shots "16") (hits "7") (kills "3") (headshots "1") (tks "0") (damage "647") (deaths "4")
L 05/08/2018 - 12:40:52: "Jack<11><VALVE_ID_LAN><CT>" triggered "weaponstats2" (weapon "xm1014") (head "1") (chest "1") (stomach "0") (leftarm "3") (rightarm "0") (leftleg "2") (rightleg "0")
L 05/08/2018 - 12:40:52: "Jack<11><VALVE_ID_LAN><CT>" triggered "weaponstats" (weapon "mac10") (shots "4") (hits "0") (kills "0") (headshots "0") (tks "0") (damage "0") (deaths "1")
L 05/08/2018 - 12:40:52: "Jack<11><VALVE_ID_LAN><CT>" triggered "weaponstats2" (weapon "mac10") (head "0") (chest "0") (stomach "0") (leftarm "0") (rightarm "0") (leftleg "0") (rightleg "0")
L 05/08/2018 - 12:40:52: "Jack<11><VALVE_ID_LAN><CT>" triggered "weaponstats" (weapon "aug") (shots "88") (hits "21") (kills "4") (headshots "0") (tks "1") (damage "491") (deaths "4")
L 05/08/2018 - 12:40:52: "Jack<11><VALVE_ID_LAN><CT>" triggered "weaponstats2" (weapon "aug") (head "0") (chest "4") (stomach "2") (leftarm "8") (rightarm "5") (leftleg "1") (rightleg "1")
L 05/08/2018 - 12:40:52: "Jack<11><VALVE_ID_LAN><CT>" triggered "weaponstats" (weapon "usp") (shots "35") (hits "11") (kills "2") (headshots "1") (tks "0") (damage "407") (deaths "2")
L 05/08/2018 - 12:40:52: "Jack<11><VALVE_ID_LAN><CT>" triggered "weaponstats2" (weapon "usp") (head "2") (chest "3") (stomach "0") (leftarm "2") (rightarm "3") (leftleg "1") (rightleg "0")
L 05/08/2018 - 12:40:52: "Jack<11><VALVE_ID_LAN><CT>" triggered "weaponstats" (weapon "mp5navy") (shots "88") (hits "19") (kills "6") (headshots "2") (tks "0") (damage "566") (deaths "4")
L 05/08/2018 - 12:40:52: "Jack<11><VALVE_ID_LAN><CT>" triggered "weaponstats2" (weapon "mp5navy") (head "3") (chest "3") (stomach "2") (leftarm "5") (rightarm "2") (leftleg "0") (rightleg "4")
L 05/08/2018 - 12:40:52: "Jack<11><VALVE_ID_LAN><CT>" triggered "weaponstats" (weapon "m249") (shots "6") (hits "0") (kills "0") (headshots "0") (tks "0") (damage "0") (deaths "1")
L 05/08/2018 - 12:40:52: "Jack<11><VALVE_ID_LAN><CT>" triggered "weaponstats2" (weapon "m249") (head "0") (chest "0") (stomach "0") (leftarm "0") (rightarm "0") (leftleg "0") (rightleg "0")
L 05/08/2018 - 12:40:52: "Jack<11><VALVE_ID_LAN><CT>" triggered "weaponstats" (weapon "m3") (shots "1") (hits "0") (kills "0") (headshots "0") (tks "0") (damage "0") (deaths "1")
L 05/08/2018 - 12:40:52: "Jack<11><VALVE_ID_LAN><CT>" triggered "weaponstats2" (weapon "m3") (head "0") (chest "0") (stomach "0") (leftarm "0") (rightarm "0") (leftleg "0") (rightleg "0")
L 05/08/2018 - 12:40:52: "Jack<11><VALVE_ID_LAN><CT>" triggered "weaponstats" (weapon "ak47") (shots "1") (hits "1") (kills "0") (headshots "0") (tks "0") (damage "35") (deaths "1")
L 05/08/2018 - 12:40:52: "Jack<11><VALVE_ID_LAN><CT>" triggered "weaponstats2" (weapon "ak47") (head "0") (chest "1") (stomach "0") (leftarm "0") (rightarm "0") (leftleg "0") (rightleg "0")
L 05/08/2018 - 12:40:52: "Jack<11><VALVE_ID_LAN><CT>" triggered "time" (time "10:01")
L 05/08/2018 - 12:40:52: "Jack<11><VALVE_ID_LAN><CT>" triggered "latency" (ping "9")
L 05/08/2018 - 12:40:52: "jaca paladium<12><VALVE_ID_LAN><TERRORIST>" triggered "weaponstats" (weapon "grenade") (shots "5") (hits "12") (kills "1") (headshots "0") (tks "0") (damage "487") (deaths "0")
L 05/08/2018 - 12:40:52: "jaca paladium<12><VALVE_ID_LAN><TERRORIST>" triggered "weaponstats2" (weapon "grenade") (head "0") (chest "0") (stomach "0") (leftarm "0") (rightarm "0") (leftleg "0") (rightleg "0")
L 05/08/2018 - 12:40:52: "jaca paladium<12><VALVE_ID_LAN><TERRORIST>" triggered "weaponstats" (weapon "xm1014") (shots "43") (hits "17") (kills "4") (headshots "0") (tks "0") (damage "724") (deaths "4")
L 05/08/2018 - 12:40:52: "jaca paladium<12><VALVE_ID_LAN><TERRORIST>" triggered "weaponstats2" (weapon "xm1014") (head "1") (chest "1") (stomach "2") (leftarm "6") (rightarm "1") (leftleg "5") (rightleg "1")
L 05/08/2018 - 12:40:52: "jaca paladium<12><VALVE_ID_LAN><TERRORIST>" triggered "weaponstats" (weapon "aug") (shots "57") (hits "9") (kills "3") (headshots "0") (tks "0") (damage "279") (deaths "2")
L 05/08/2018 - 12:40:52: "jaca paladium<12><VALVE_ID_LAN><TERRORIST>" triggered "weaponstats2" (weapon "aug") (head "1") (chest "1") (stomach "2") (leftarm "3") (rightarm "1") (leftleg "1") (rightleg "0")
L 05/08/2018 - 12:40:52: "jaca paladium<12><VALVE_ID_LAN><TERRORIST>" triggered "weaponstats" (weapon "glock18") (shots "13") (hits "0") (kills "0") (headshots "0") (tks "0") (damage "0") (deaths "1")
L 05/08/2018 - 12:40:52: "jaca paladium<12><VALVE_ID_LAN><TERRORIST>" triggered "weaponstats2" (weapon "glock18") (head "0") (chest "0") (stomach "0") (leftarm "0") (rightarm "0") (leftleg "0") (rightleg "0")
L 05/08/2018 - 12:40:52: "jaca paladium<12><VALVE_ID_LAN><TERRORIST>" triggered "weaponstats" (weapon "mp5navy") (shots "3") (hits "0") (kills "0") (headshots "0") (tks "0") (damage "0") (deaths "0")
L 05/08/2018 - 12:40:52: "jaca paladium<12><VALVE_ID_LAN><TERRORIST>" triggered "weaponstats2" (weapon "mp5navy") (head "0") (chest "0") (stomach "0") (leftarm "0") (rightarm "0") (leftleg "0") (rightleg "0")
L 05/08/2018 - 12:40:52: "jaca paladium<12><VALVE_ID_LAN><TERRORIST>" triggered "weaponstats" (weapon "m249") (shots "45") (hits "2") (kills "0") (headshots "0") (tks "0") (damage "59") (deaths "2")
L 05/08/2018 - 12:40:52: "jaca paladium<12><VALVE_ID_LAN><TERRORIST>" triggered "weaponstats2" (weapon "m249") (head "0") (chest "2") (stomach "0") (leftarm "0") (rightarm "0") (leftleg "0") (rightleg "0")
L 05/08/2018 - 12:40:52: "jaca paladium<12><VALVE_ID_LAN><TERRORIST>" triggered "weaponstats" (weapon "m3") (shots "3") (hits "0") (kills "0") (headshots "0") (tks "0") (damage "0") (deaths "2")
L 05/08/2018 - 12:40:52: "jaca paladium<12><VALVE_ID_LAN><TERRORIST>" triggered "weaponstats2" (weapon "m3") (head "0") (chest "0") (stomach "0") (leftarm "0") (rightarm "0") (leftleg "0") (rightleg "0")
L 05/08/2018 - 12:40:52: "jaca paladium<12><VALVE_ID_LAN><TERRORIST>" triggered "weaponstats" (weapon "m4a1") (shots "49") (hits "9") (kills "1") (headshots "1") (tks "0") (damage "301") (deaths "6")
L 05/08/2018 - 12:40:52: "jaca paladium<12><VALVE_ID_LAN><TERRORIST>" triggered "weaponstats2" (weapon "m4a1") (head "1") (chest "1") (stomach "4") (leftarm "0") (rightarm "0") (leftleg "0") (rightleg "3")
L 05/08/2018 - 12:40:52: "jaca paladium<12><VALVE_ID_LAN><TERRORIST>" triggered "weaponstats" (weapon "g3sg1") (shots "23") (hits "3") (kills "1") (headshots "0") (tks "0") (damage "138") (deaths "1")
L 05/08/2018 - 12:40:52: "jaca paladium<12><VALVE_ID_LAN><TERRORIST>" triggered "weaponstats2" (weapon "g3sg1") (head "0") (chest "1") (stomach "0") (leftarm "1") (rightarm "0") (leftleg "1") (rightleg "0")
L 05/08/2018 - 12:40:52: "jaca paladium<12><VALVE_ID_LAN><TERRORIST>" triggered "weaponstats" (weapon "ak47") (shots "23") (hits "6") (kills "1") (headshots "0") (tks "0") (damage "145") (deaths "2")
L 05/08/2018 - 12:40:52: "jaca paladium<12><VALVE_ID_LAN><TERRORIST>" triggered "weaponstats2" (weapon "ak47") (head "0") (chest "2") (stomach "1") (leftarm "0") (rightarm "1") (leftleg "2") (rightleg "0")
L 05/08/2018 - 12:40:52: "jaca paladium<12><VALVE_ID_LAN><TERRORIST>" triggered "time" (time "9:55")
L 05/08/2018 - 12:40:52: "jaca paladium<12><VALVE_ID_LAN><TERRORIST>" triggered "latency" (ping "11")
L 05/08/2018 - 12:40:52: "Smolder<13><VALVE_ID_LAN><TERRORIST>" triggered "weaponstats" (weapon "grenade") (shots "7") (hits "6") (kills "1") (headshots "0") (tks "0") (damage "270") (deaths "0")
L 05/08/2018 - 12:40:52: "Smolder<13><VALVE_ID_LAN><TERRORIST>" triggered "weaponstats2" (weapon "grenade") (head "0") (chest "0") (stomach "0") (leftarm "0") (rightarm "0") (leftleg "0") (rightleg "0")
L 05/08/2018 - 12:40:52: "Smolder<13><VALVE_ID_LAN><TERRORIST>" triggered "weaponstats" (weapon "xm1014") (shots "42") (hits "24") (kills "10") (headshots "2") (tks "0") (damage "1856") (deaths "6")
L 05/08/2018 - 12:40:52: "Smolder<13><VALVE_ID_LAN><TERRORIST>" triggered "weaponstats2" (weapon "xm1014") (head "2") (chest "4") (stomach "3") (leftarm "8") (rightarm "2") (leftleg "2") (rightleg "3")
L 05/08/2018 - 12:40:52: "Smolder<13><VALVE_ID_LAN><TERRORIST>" triggered "weaponstats" (weapon "aug") (shots "25") (hits "6") (kills "2") (headshots "1") (tks "0") (damage "242") (deaths "1")
L 05/08/2018 - 12:40:52: "Smolder<13><VALVE_ID_LAN><TERRORIST>" triggered "weaponstats2" (weapon "aug") (head "1") (chest "2") (stomach "0") (leftarm "2") (rightarm "0") (leftleg "0") (rightleg "1")
L 05/08/2018 - 12:40:52: "Smolder<13><VALVE_ID_LAN><TERRORIST>" triggered "weaponstats" (weapon "glock18") (shots "13") (hits "5") (kills "2") (headshots "1") (tks "0") (damage "173") (deaths "1")
L 05/08/2018 - 12:40:52: "Smolder<13><VALVE_ID_LAN><TERRORIST>" triggered "weaponstats2" (weapon "glock18") (head "1") (chest "1") (stomach "0") (leftarm "3") (rightarm "0") (leftleg "0") (rightleg "0")
L 05/08/2018 - 12:40:52: "Smolder<13><VALVE_ID_LAN><TERRORIST>" triggered "weaponstats" (weapon "mp5navy") (shots "7") (hits "1") (kills "0") (headshots "0") (tks "0") (damage "26") (deaths "2")
L 05/08/2018 - 12:40:52: "Smolder<13><VALVE_ID_LAN><TERRORIST>" triggered "weaponstats2" (weapon "mp5navy") (head "0") (chest "1") (stomach "0") (leftarm "0") (rightarm "0") (leftleg "0") (rightleg "0")
L 05/08/2018 - 12:40:52: "Smolder<13><VALVE_ID_LAN><TERRORIST>" triggered "weaponstats" (weapon "m249") (shots "30") (hits "3") (kills "0") (headshots "0") (tks "0") (damage "52") (deaths "1")
L 05/08/2018 - 12:40:52: "Smolder<13><VALVE_ID_LAN><TERRORIST>" triggered "weaponstats2" (weapon "m249") (head "0") (chest "1") (stomach "0") (leftarm "1") (rightarm "1") (leftleg "0") (rightleg "0")
L 05/08/2018 - 12:40:52: "Smolder<13><VALVE_ID_LAN><TERRORIST>" triggered "weaponstats" (weapon "m3") (shots "3") (hits "2") (kills "1") (headshots "0") (tks "0") (damage "155") (deaths "1")
L 05/08/2018 - 12:40:52: "Smolder<13><VALVE_ID_LAN><TERRORIST>" triggered "weaponstats2" (weapon "m3") (head "0") (chest "0") (stomach "1") (leftarm "0") (rightarm "0") (leftleg "1") (rightleg "0")
L 05/08/2018 - 12:40:52: "Smolder<13><VALVE_ID_LAN><TERRORIST>" triggered "weaponstats" (weapon "ak47") (shots "54") (hits "18") (kills "5") (headshots "1") (tks "0") (damage "715") (deaths "5")
L 05/08/2018 - 12:40:52: "Smolder<13><VALVE_ID_LAN><TERRORIST>" triggered "weaponstats2" (weapon "ak47") (head "1") (chest "8") (stomach "0") (leftarm "7") (rightarm "2") (leftleg "0") (rightleg "0")
L 05/08/2018 - 12:40:52: "Smolder<13><VALVE_ID_LAN><TERRORIST>" triggered "weaponstats" (weapon "knife") (shots "6") (hits "3") (kills "2") (headshots "1") (tks "0") (damage "195") (deaths "2")
L 05/08/2018 - 12:40:52: "Smolder<13><VALVE_ID_LAN><TERRORIST>" triggered "weaponstats2" (weapon "knife") (head "2") (chest "1") (stomach "0") (leftarm "0") (rightarm "0") (leftleg "0") (rightleg "0")
L 05/08/2018 - 12:40:52: "Smolder<13><VALVE_ID_LAN><TERRORIST>" triggered "time" (time "9:48")
L 05/08/2018 - 12:40:52: "Smolder<13><VALVE_ID_LAN><TERRORIST>" triggered "latency" (ping "7")
L 05/08/2018 - 12:40:52: [META] ini: Begin re-reading plugins list: c:/valve/cstrike/addons/metamod/plugins.ini
L 05/08/2018 - 12:40:52: [META] ini: Read plugin config for: AMX
L 05/08/2018 - 12:40:52: [META] ini: Read plugin config for: WinHL-Booster
L 05/08/2018 - 12:40:52: [META] ERROR: ini: Skipping plugin, couldn't stat file 'addons/hlguard/dlls/hlguard_mm_nightly.dll': No such file or directory
L 05/08/2018 - 12:40:52: [META] ini: Read plugin config for: WebMod
L 05/08/2018 - 12:40:52: [META] ini: Finished reading plugins list: c:/valve/cstrike/addons/metamod/plugins.ini; Found 3 plugins
L 05/08/2018 - 12:40:52: [META] dll: Updating plugins...
L 05/08/2018 - 12:40:52: [META] ERROR: dll: Failed query plugin '<hlguard_mm_nightly.dll>'; Couldn't open file 'addons/hlguard/dlls/hlguard_mm_nightly.dll': No foi possvel encontrar o mdulo especificado.

L 05/08/2018 - 12:40:52: [META] ERROR: dll: Skipping plugin '<hlguard_mm_nightly.dll>'; couldn't query
L 05/08/2018 - 12:40:52: [META] dll: Finished updating 6 plugins; kept 3, loaded 0, unloaded 0, reloaded 0, delayed 0
L 05/08/2018 - 12:40:52: Server shutdown
L 05/08/2018 - 12:40:52: Log file closed
