L 05/07/2018 - 12:30:25: Log file started (file "logs\L0507000.log") (game "cstrike") (version "47/1.1.2.2/2603")
L 05/07/2018 - 12:30:26: "Calango<7><VALVE_ID_LAN><>" connected, address "10.15.2.102:27005"
L 05/07/2018 - 12:30:26: "TUX<8><VALVE_ID_LAN><>" connected, address "10.15.2.71:27005"
L 05/07/2018 - 12:30:27: "GARGAMEL O EMPALADOR<6><VALVE_ID_LAN><>" entered the game
L 05/07/2018 - 12:30:28: "GARGAMEL O EMPALADOR<6><VALVE_ID_LAN><>" joined team "TERRORIST"
L 05/07/2018 - 12:30:28: World triggered "Game_Commencing"
L 05/07/2018 - 12:30:28: World triggered "Game_Commencing" (CT "0") (T "0")
L 05/07/2018 - 12:30:28: World triggered "Round_End"
L 05/07/2018 - 12:30:28: "Calango<7><VALVE_ID_LAN><>" entered the game
L 05/07/2018 - 12:30:29: "TUX<8><VALVE_ID_LAN><>" entered the game
L 05/07/2018 - 12:30:30: "TUX<8><VALVE_ID_LAN><>" joined team "TERRORIST"
L 05/07/2018 - 12:30:31: World triggered "Round_Start"
L 05/07/2018 - 12:30:32: "Calango<7><VALVE_ID_LAN><>" joined team "CT"
L 05/07/2018 - 12:30:33: "Smolder<9><VALVE_ID_LAN><>" connected, address "10.15.3.173:27005"
L 05/07/2018 - 12:30:36: "TUX<8><VALVE_ID_LAN><TERRORIST>" killed "Cap. Billy<5><VALVE_ID_LOOPBACK><CT>" with "m4a1"
L 05/07/2018 - 12:30:38: "Smolder<9><VALVE_ID_LAN><>" entered the game
L 05/07/2018 - 12:30:38: "Calango<7><VALVE_ID_LAN><CT>" killed "GARGAMEL O EMPALADOR<6><VALVE_ID_LAN><TERRORIST>" with "mac10"
L 05/07/2018 - 12:30:40: "Smolder<9><VALVE_ID_LAN><>" joined team "TERRORIST"
L 05/07/2018 - 12:30:42: "Calango<7><VALVE_ID_LAN><CT>" killed "Smolder<9><VALVE_ID_LAN><TERRORIST>" with "mac10"
L 05/07/2018 - 12:30:44: "TUX<8><VALVE_ID_LAN><TERRORIST>" killed "Calango<7><VALVE_ID_LAN><CT>" with "m4a1"
L 05/07/2018 - 12:30:44: Team "TERRORIST" triggered "Terrorists_Win" (CT "0") (T "1")
L 05/07/2018 - 12:30:44: World triggered "Round_End"
L 05/07/2018 - 12:30:45: "XXBOT Vladimir<10><BOT><>" joined team "CT"
L 05/07/2018 - 12:30:45: Server cvar "bot_quota" = "1"
L 05/07/2018 - 12:30:45: "XXBOT Vladimir<10><BOT><>" entered the game
L 05/07/2018 - 12:30:49: World triggered "Round_Start"
L 05/07/2018 - 12:30:52: "Cap. Billy<5><VALVE_ID_LOOPBACK><CT>" killed "Smolder<9><VALVE_ID_LAN><TERRORIST>" with "xm1014"
L 05/07/2018 - 12:30:56: "GARGAMEL O EMPALADOR<6><VALVE_ID_LAN><TERRORIST>" killed "XXBOT Vladimir<10><BOT><CT>" with "xm1014"
L 05/07/2018 - 12:30:58: "Cap. Billy<5><VALVE_ID_LOOPBACK><CT>" killed "TUX<8><VALVE_ID_LAN><TERRORIST>" with "xm1014"
L 05/07/2018 - 12:30:59: "Calango<7><VALVE_ID_LAN><CT>" killed "GARGAMEL O EMPALADOR<6><VALVE_ID_LAN><TERRORIST>" with "mac10"
L 05/07/2018 - 12:30:59: Team "CT" triggered "CTs_Win" (CT "1") (T "1")
L 05/07/2018 - 12:30:59: World triggered "Round_End"
L 05/07/2018 - 12:31:04: World triggered "Round_Start"
L 05/07/2018 - 12:31:09: "Cap. Billy<5><VALVE_ID_LOOPBACK><CT>" killed "GARGAMEL O EMPALADOR<6><VALVE_ID_LAN><TERRORIST>" with "xm1014"
L 05/07/2018 - 12:31:11: "Cap. Billy<5><VALVE_ID_LOOPBACK><CT>" killed "Smolder<9><VALVE_ID_LAN><TERRORIST>" with "xm1014"
L 05/07/2018 - 12:31:12: "Calango<7><VALVE_ID_LAN><CT>" killed "TUX<8><VALVE_ID_LAN><TERRORIST>" with "mac10"
L 05/07/2018 - 12:31:12: Team "CT" triggered "CTs_Win" (CT "2") (T "1")
L 05/07/2018 - 12:31:12: World triggered "Round_End"
L 05/07/2018 - 12:31:17: World triggered "Round_Start"
L 05/07/2018 - 12:31:21: "Cap. Billy<5><VALVE_ID_LOOPBACK><CT>" killed "Smolder<9><VALVE_ID_LAN><TERRORIST>" with "xm1014"
L 05/07/2018 - 12:31:22: "GARGAMEL O EMPALADOR<6><VALVE_ID_LAN><TERRORIST>" killed "Cap. Billy<5><VALVE_ID_LOOPBACK><CT>" with "aug"
L 05/07/2018 - 12:31:25: "Calango<7><VALVE_ID_LAN><CT>" killed "GARGAMEL O EMPALADOR<6><VALVE_ID_LAN><TERRORIST>" with "mac10"
L 05/07/2018 - 12:31:28: "TUX<8><VALVE_ID_LAN><TERRORIST>" killed "Calango<7><VALVE_ID_LAN><CT>" with "m4a1"
L 05/07/2018 - 12:31:31: "TUX<8><VALVE_ID_LAN><TERRORIST>" killed "XXBOT Vladimir<10><BOT><CT>" with "m4a1"
L 05/07/2018 - 12:31:31: Team "TERRORIST" triggered "Terrorists_Win" (CT "2") (T "2")
L 05/07/2018 - 12:31:31: World triggered "Round_End"
L 05/07/2018 - 12:31:36: World triggered "Round_Start"
L 05/07/2018 - 12:31:40: "Smolder<9><VALVE_ID_LAN><TERRORIST>" killed "Calango<7><VALVE_ID_LAN><CT>" with "xm1014"
L 05/07/2018 - 12:31:40: "Cap. Billy<5><VALVE_ID_LOOPBACK><CT>" killed "GARGAMEL O EMPALADOR<6><VALVE_ID_LAN><TERRORIST>" with "xm1014"
L 05/07/2018 - 12:31:43: "Smolder<9><VALVE_ID_LAN><TERRORIST>" killed "XXBOT Vladimir<10><BOT><CT>" with "xm1014"
L 05/07/2018 - 12:31:46: "Cap. Billy<5><VALVE_ID_LOOPBACK><CT>" killed "Smolder<9><VALVE_ID_LAN><TERRORIST>" with "xm1014"
L 05/07/2018 - 12:31:50: "TUX<8><VALVE_ID_LAN><TERRORIST>" killed "Cap. Billy<5><VALVE_ID_LOOPBACK><CT>" with "m4a1"
L 05/07/2018 - 12:31:50: Team "TERRORIST" triggered "Terrorists_Win" (CT "2") (T "3")
L 05/07/2018 - 12:31:50: World triggered "Round_End"
L 05/07/2018 - 12:31:53: "Calango<7><VALVE_ID_LAN><CT>" say "quase" (dead)
L 05/07/2018 - 12:31:55: World triggered "Round_Start"
L 05/07/2018 - 12:32:00: "Cap. Billy<5><VALVE_ID_LOOPBACK><CT>" killed "GARGAMEL O EMPALADOR<6><VALVE_ID_LAN><TERRORIST>" with "xm1014"
L 05/07/2018 - 12:32:03: "Smolder<9><VALVE_ID_LAN><TERRORIST>" killed "XXBOT Vladimir<10><BOT><CT>" with "xm1014"
L 05/07/2018 - 12:32:03: "TUX<8><VALVE_ID_LAN><TERRORIST>" killed "Calango<7><VALVE_ID_LAN><CT>" with "m4a1"
L 05/07/2018 - 12:32:06: "TUX<8><VALVE_ID_LAN><TERRORIST>" killed "Cap. Billy<5><VALVE_ID_LOOPBACK><CT>" with "m4a1"
L 05/07/2018 - 12:32:06: Team "TERRORIST" triggered "Terrorists_Win" (CT "2") (T "4")
L 05/07/2018 - 12:32:06: World triggered "Round_End"
L 05/07/2018 - 12:32:11: World triggered "Round_Start"
L 05/07/2018 - 12:32:16: "Calango<7><VALVE_ID_LAN><CT>" killed "Smolder<9><VALVE_ID_LAN><TERRORIST>" with "mac10"
L 05/07/2018 - 12:32:16: "TUX<8><VALVE_ID_LAN><TERRORIST>" killed "Cap. Billy<5><VALVE_ID_LOOPBACK><CT>" with "grenade"
L 05/07/2018 - 12:32:18: "TUX<8><VALVE_ID_LAN><TERRORIST>" killed "Calango<7><VALVE_ID_LAN><CT>" with "m4a1"
L 05/07/2018 - 12:32:22: "Calango<7><VALVE_ID_LAN><CT>" say "camper" (dead)
L 05/07/2018 - 12:32:26: "GARGAMEL O EMPALADOR<6><VALVE_ID_LAN><TERRORIST>" killed "XXBOT Vladimir<10><BOT><CT>" with "ak47"
L 05/07/2018 - 12:32:26: Team "TERRORIST" triggered "Terrorists_Win" (CT "2") (T "5")
L 05/07/2018 - 12:32:26: World triggered "Round_End"
L 05/07/2018 - 12:32:31: World triggered "Round_Start"
L 05/07/2018 - 12:32:37: "Cap. Billy<5><VALVE_ID_LOOPBACK><CT>" killed "Smolder<9><VALVE_ID_LAN><TERRORIST>" with "m249"
L 05/07/2018 - 12:32:39: "GARGAMEL O EMPALADOR<6><VALVE_ID_LAN><TERRORIST>" killed "XXBOT Vladimir<10><BOT><CT>" with "ak47"
L 05/07/2018 - 12:32:41: "GARGAMEL O EMPALADOR<6><VALVE_ID_LAN><TERRORIST>" killed "Calango<7><VALVE_ID_LAN><CT>" with "ak47"
L 05/07/2018 - 12:32:45: "Cap. Billy<5><VALVE_ID_LOOPBACK><CT>" killed "TUX<8><VALVE_ID_LAN><TERRORIST>" with "m249"
L 05/07/2018 - 12:32:50: "Cap. Billy<5><VALVE_ID_LOOPBACK><CT>" killed "GARGAMEL O EMPALADOR<6><VALVE_ID_LAN><TERRORIST>" with "m249"
L 05/07/2018 - 12:32:50: Team "CT" triggered "CTs_Win" (CT "3") (T "5")
L 05/07/2018 - 12:32:50: World triggered "Round_End"
L 05/07/2018 - 12:32:55: World triggered "Round_Start"
L 05/07/2018 - 12:32:59: "Cap. Billy<5><VALVE_ID_LOOPBACK><CT>" killed "Smolder<9><VALVE_ID_LAN><TERRORIST>" with "m249"
L 05/07/2018 - 12:33:05: "GARGAMEL O EMPALADOR<6><VALVE_ID_LAN><TERRORIST>" killed "XXBOT Vladimir<10><BOT><CT>" with "m4a1"
L 05/07/2018 - 12:33:06: "Cap. Billy<5><VALVE_ID_LOOPBACK><CT>" killed "GARGAMEL O EMPALADOR<6><VALVE_ID_LAN><TERRORIST>" with "xm1014"
L 05/07/2018 - 12:33:12: "Cap. Billy<5><VALVE_ID_LOOPBACK><CT>" killed "TUX<8><VALVE_ID_LAN><TERRORIST>" with "xm1014"
L 05/07/2018 - 12:33:12: Team "CT" triggered "CTs_Win" (CT "4") (T "5")
L 05/07/2018 - 12:33:12: World triggered "Round_End"
L 05/07/2018 - 12:33:17: World triggered "Round_Start"
L 05/07/2018 - 12:33:20: "Calango<7><VALVE_ID_LAN><CT>" killed "GARGAMEL O EMPALADOR<6><VALVE_ID_LAN><TERRORIST>" with "xm1014"
L 05/07/2018 - 12:33:29: "Smolder<9><VALVE_ID_LAN><TERRORIST>" killed "Calango<7><VALVE_ID_LAN><CT>" with "xm1014"
L 05/07/2018 - 12:33:33: "XXBOT Vladimir<10><BOT><CT>" killed "Smolder<9><VALVE_ID_LAN><TERRORIST>" with "ak47"
L 05/07/2018 - 12:33:34: "TUX<8><VALVE_ID_LAN><TERRORIST>" killed "XXBOT Vladimir<10><BOT><CT>" with "m4a1"
L 05/07/2018 - 12:33:36: "Cap. Billy<5><VALVE_ID_LOOPBACK><CT>" killed "TUX<8><VALVE_ID_LAN><TERRORIST>" with "xm1014"
L 05/07/2018 - 12:33:36: Team "CT" triggered "CTs_Win" (CT "5") (T "5")
L 05/07/2018 - 12:33:36: World triggered "Round_End"
L 05/07/2018 - 12:33:41: World triggered "Round_Start"
L 05/07/2018 - 12:33:52: "GARGAMEL O EMPALADOR<6><VALVE_ID_LAN><TERRORIST>" killed "Cap. Billy<5><VALVE_ID_LOOPBACK><CT>" with "m3"
L 05/07/2018 - 12:33:54: "Smolder<9><VALVE_ID_LAN><TERRORIST>" killed "XXBOT Vladimir<10><BOT><CT>" with "xm1014"
L 05/07/2018 - 12:33:56: "Calango<7><VALVE_ID_LAN><CT>" killed "Smolder<9><VALVE_ID_LAN><TERRORIST>" with "m4a1"
L 05/07/2018 - 12:33:57: "Calango<7><VALVE_ID_LAN><CT>" killed "GARGAMEL O EMPALADOR<6><VALVE_ID_LAN><TERRORIST>" with "m4a1"
L 05/07/2018 - 12:33:57: "TUX<8><VALVE_ID_LAN><TERRORIST>" killed "Calango<7><VALVE_ID_LAN><CT>" with "ak47"
L 05/07/2018 - 12:33:57: Team "TERRORIST" triggered "Terrorists_Win" (CT "5") (T "6")
L 05/07/2018 - 12:33:57: World triggered "Round_End"
L 05/07/2018 - 12:34:02: World triggered "Round_Start"
L 05/07/2018 - 12:34:06: "Calango<7><VALVE_ID_LAN><CT>" killed "GARGAMEL O EMPALADOR<6><VALVE_ID_LAN><TERRORIST>" with "xm1014"
L 05/07/2018 - 12:34:08: "Calango<7><VALVE_ID_LAN><CT>" killed "TUX<8><VALVE_ID_LAN><TERRORIST>" with "xm1014"
L 05/07/2018 - 12:34:08: "Calango<7><VALVE_ID_LAN><CT>" killed "Smolder<9><VALVE_ID_LAN><TERRORIST>" with "xm1014"
L 05/07/2018 - 12:34:08: Team "CT" triggered "CTs_Win" (CT "6") (T "6")
L 05/07/2018 - 12:34:08: World triggered "Round_End"
L 05/07/2018 - 12:34:13: World triggered "Round_Start"
L 05/07/2018 - 12:34:16: "Smolder<9><VALVE_ID_LAN><TERRORIST>" killed "Calango<7><VALVE_ID_LAN><CT>" with "m3"
L 05/07/2018 - 12:34:20: "XXBOT Vladimir<10><BOT><CT>" killed "Smolder<9><VALVE_ID_LAN><TERRORIST>" with "usp"
L 05/07/2018 - 12:34:24: "TUX<8><VALVE_ID_LAN><TERRORIST>" killed "XXBOT Vladimir<10><BOT><CT>" with "mp5navy"
L 05/07/2018 - 12:34:25: "Cap. Billy<5><VALVE_ID_LOOPBACK><CT>" killed "GARGAMEL O EMPALADOR<6><VALVE_ID_LAN><TERRORIST>" with "m249"
L 05/07/2018 - 12:34:28: "TUX<8><VALVE_ID_LAN><TERRORIST>" killed "Cap. Billy<5><VALVE_ID_LOOPBACK><CT>" with "mp5navy"
L 05/07/2018 - 12:34:28: Team "TERRORIST" triggered "Terrorists_Win" (CT "6") (T "7")
L 05/07/2018 - 12:34:28: World triggered "Round_End"
L 05/07/2018 - 12:34:33: World triggered "Round_Start"
L 05/07/2018 - 12:34:33: "@te<11><VALVE_ID_LAN><>" connected, address "10.15.2.23:27005"
L 05/07/2018 - 12:34:35: "Smolder<9><VALVE_ID_LAN><TERRORIST>" killed "Cap. Billy<5><VALVE_ID_LOOPBACK><CT>" with "ak47"
L 05/07/2018 - 12:34:42: "GARGAMEL O EMPALADOR<6><VALVE_ID_LAN><TERRORIST>" killed "XXBOT Vladimir<10><BOT><CT>" with "xm1014"
L 05/07/2018 - 12:34:43: "Smolder<9><VALVE_ID_LAN><TERRORIST>" killed "Calango<7><VALVE_ID_LAN><CT>" with "xm1014"
L 05/07/2018 - 12:34:43: Team "TERRORIST" triggered "Terrorists_Win" (CT "6") (T "8")
L 05/07/2018 - 12:34:43: World triggered "Round_End"
L 05/07/2018 - 12:34:48: World triggered "Round_Start"
L 05/07/2018 - 12:34:53: "@te<11><VALVE_ID_LAN><>" entered the game
L 05/07/2018 - 12:34:57: "GARGAMEL O EMPALADOR<6><VALVE_ID_LAN><TERRORIST>" killed "XXBOT Vladimir<10><BOT><CT>" with "xm1014"
L 05/07/2018 - 12:34:57: "Smolder<9><VALVE_ID_LAN><TERRORIST>" killed "Calango<7><VALVE_ID_LAN><CT>" with "xm1014"
L 05/07/2018 - 12:34:59: "Cap. Billy<5><VALVE_ID_LOOPBACK><CT>" killed "Smolder<9><VALVE_ID_LAN><TERRORIST>" with "m4a1"
L 05/07/2018 - 12:35:00: "Cap. Billy<5><VALVE_ID_LOOPBACK><CT>" killed "GARGAMEL O EMPALADOR<6><VALVE_ID_LAN><TERRORIST>" with "m4a1"
L 05/07/2018 - 12:35:00: "TUX<8><VALVE_ID_LAN><TERRORIST>" killed "Cap. Billy<5><VALVE_ID_LOOPBACK><CT>" with "mp5navy"
L 05/07/2018 - 12:35:00: Team "TERRORIST" triggered "Terrorists_Win" (CT "6") (T "9")
L 05/07/2018 - 12:35:00: World triggered "Round_End"
L 05/07/2018 - 12:35:05: World triggered "Round_Start"
L 05/07/2018 - 12:35:10: "TUX<8><VALVE_ID_LAN><TERRORIST>" killed "Smolder<9><VALVE_ID_LAN><TERRORIST>" with "grenade"
L 05/07/2018 - 12:35:12: "Calango<7><VALVE_ID_LAN><CT>" killed "GARGAMEL O EMPALADOR<6><VALVE_ID_LAN><TERRORIST>" with "m3"
L 05/07/2018 - 12:35:13: "TUX<8><VALVE_ID_LAN><TERRORIST>" killed "Cap. Billy<5><VALVE_ID_LOOPBACK><CT>" with "mp5navy"
L 05/07/2018 - 12:35:18: "TUX<8><VALVE_ID_LAN><TERRORIST>" killed "XXBOT Vladimir<10><BOT><CT>" with "mp5navy"
L 05/07/2018 - 12:35:21: "Calango<7><VALVE_ID_LAN><CT>" killed "TUX<8><VALVE_ID_LAN><TERRORIST>" with "m3"
L 05/07/2018 - 12:35:21: Team "CT" triggered "CTs_Win" (CT "7") (T "9")
L 05/07/2018 - 12:35:21: World triggered "Round_End"
L 05/07/2018 - 12:35:26: World triggered "Round_Start"
L 05/07/2018 - 12:35:26: "TUX<8><VALVE_ID_LAN><TERRORIST>" committed suicide with "world"
L 05/07/2018 - 12:35:33: "Cap. Billy<5><VALVE_ID_LOOPBACK><CT>" killed "Smolder<9><VALVE_ID_LAN><TERRORIST>" with "mp5navy"
L 05/07/2018 - 12:35:35: "GARGAMEL O EMPALADOR<6><VALVE_ID_LAN><TERRORIST>" killed "Cap. Billy<5><VALVE_ID_LOOPBACK><CT>" with "xm1014"
L 05/07/2018 - 12:35:37: "@te<11><VALVE_ID_LAN><>" joined team "CT"
L 05/07/2018 - 12:35:38: "XXBOT Vladimir<10><BOT><CT>" killed "GARGAMEL O EMPALADOR<6><VALVE_ID_LAN><TERRORIST>" with "mac10"
L 05/07/2018 - 12:35:38: Team "CT" triggered "CTs_Win" (CT "8") (T "9")
L 05/07/2018 - 12:35:38: World triggered "Round_End"
L 05/07/2018 - 12:35:42: Server cvar "bot_quota" = "0"
L 05/07/2018 - 12:35:42: Kick: "XXBOT Vladimir<10><UNKNOWN><>" was kicked by "Cap. Billy"
L 05/07/2018 - 12:35:42: "XXBOT Vladimir<10><BOT><CT>" disconnected
L 05/07/2018 - 12:35:43: World triggered "Round_Start"
L 05/07/2018 - 12:35:47: "Calango<7><VALVE_ID_LAN><CT>" killed "GARGAMEL O EMPALADOR<6><VALVE_ID_LAN><TERRORIST>" with "m3"
L 05/07/2018 - 12:35:50: "TUX<8><VALVE_ID_LAN><TERRORIST>" killed "Calango<7><VALVE_ID_LAN><CT>" with "p90"
L 05/07/2018 - 12:35:53: "Cap. Billy<5><VALVE_ID_LOOPBACK><CT>" killed "Smolder<9><VALVE_ID_LAN><TERRORIST>" with "m4a1"
L 05/07/2018 - 12:35:54: "Cap. Billy<5><VALVE_ID_LOOPBACK><CT>" killed "TUX<8><VALVE_ID_LAN><TERRORIST>" with "m4a1"
L 05/07/2018 - 12:35:54: Team "CT" triggered "CTs_Win" (CT "9") (T "9")
L 05/07/2018 - 12:35:54: World triggered "Round_End"
L 05/07/2018 - 12:35:59: World triggered "Round_Start"
L 05/07/2018 - 12:36:06: "GARGAMEL O EMPALADOR<6><VALVE_ID_LAN><TERRORIST>" killed "Calango<7><VALVE_ID_LAN><CT>" with "ak47"
L 05/07/2018 - 12:36:06: "Smolder<9><VALVE_ID_LAN><TERRORIST>" killed "@te<11><VALVE_ID_LAN><CT>" with "mp5navy"
L 05/07/2018 - 12:36:08: "Cap. Billy<5><VALVE_ID_LOOPBACK><CT>" killed "TUX<8><VALVE_ID_LAN><TERRORIST>" with "m4a1"
L 05/07/2018 - 12:36:09: "Cap. Billy<5><VALVE_ID_LOOPBACK><CT>" killed "Smolder<9><VALVE_ID_LAN><TERRORIST>" with "m4a1"
L 05/07/2018 - 12:36:11: "Cap. Billy<5><VALVE_ID_LOOPBACK><CT>" killed "GARGAMEL O EMPALADOR<6><VALVE_ID_LAN><TERRORIST>" with "m4a1"
L 05/07/2018 - 12:36:11: Team "CT" triggered "CTs_Win" (CT "10") (T "9")
L 05/07/2018 - 12:36:11: World triggered "Round_End"
L 05/07/2018 - 12:36:16: World triggered "Round_Start"
L 05/07/2018 - 12:36:25: "Calango<7><VALVE_ID_LAN><CT>" killed "TUX<8><VALVE_ID_LAN><TERRORIST>" with "mac10"
L 05/07/2018 - 12:36:26: "Smolder<9><VALVE_ID_LAN><TERRORIST>" killed "Cap. Billy<5><VALVE_ID_LOOPBACK><CT>" with "xm1014"
L 05/07/2018 - 12:36:28: "Smolder<9><VALVE_ID_LAN><TERRORIST>" killed "@te<11><VALVE_ID_LAN><CT>" with "xm1014"
L 05/07/2018 - 12:36:32: "GARGAMEL O EMPALADOR<6><VALVE_ID_LAN><TERRORIST>" killed "Calango<7><VALVE_ID_LAN><CT>" with "aug"
L 05/07/2018 - 12:36:32: Team "TERRORIST" triggered "Terrorists_Win" (CT "10") (T "10")
L 05/07/2018 - 12:36:32: World triggered "Round_End"
L 05/07/2018 - 12:36:37: World triggered "Round_Start"
L 05/07/2018 - 12:36:42: "Smolder<9><VALVE_ID_LAN><TERRORIST>" killed "@te<11><VALVE_ID_LAN><CT>" with "xm1014"
L 05/07/2018 - 12:36:43: "Cap. Billy<5><VALVE_ID_LOOPBACK><CT>" killed "TUX<8><VALVE_ID_LAN><TERRORIST>" with "mp5navy"
L 05/07/2018 - 12:36:44: "Smolder<9><VALVE_ID_LAN><TERRORIST>" killed "Cap. Billy<5><VALVE_ID_LOOPBACK><CT>" with "xm1014"
L 05/07/2018 - 12:36:51: "Calango<7><VALVE_ID_LAN><CT>" killed "Smolder<9><VALVE_ID_LAN><TERRORIST>" with "aug"
L 05/07/2018 - 12:36:55: "Calango<7><VALVE_ID_LAN><CT>" killed "GARGAMEL O EMPALADOR<6><VALVE_ID_LAN><TERRORIST>" with "ak47"
L 05/07/2018 - 12:36:55: Team "CT" triggered "CTs_Win" (CT "11") (T "10")
L 05/07/2018 - 12:36:55: World triggered "Round_End"
L 05/07/2018 - 12:37:00: "Cap. Billy<5><VALVE_ID_LOOPBACK><CT>" say "boaaaa" (dead)
L 05/07/2018 - 12:37:00: World triggered "Round_Start"
L 05/07/2018 - 12:37:06: "TUX<8><VALVE_ID_LAN><TERRORIST>" killed "Calango<7><VALVE_ID_LAN><CT>" with "m4a1"
L 05/07/2018 - 12:37:08: "@te<11><VALVE_ID_LAN><CT>" killed "TUX<8><VALVE_ID_LAN><TERRORIST>" with "m249"
L 05/07/2018 - 12:37:08: "Smolder<9><VALVE_ID_LAN><TERRORIST>" killed "@te<11><VALVE_ID_LAN><CT>" with "mp5navy"
L 05/07/2018 - 12:37:11: "Cap. Billy<5><VALVE_ID_LOOPBACK><CT>" killed "GARGAMEL O EMPALADOR<6><VALVE_ID_LAN><TERRORIST>" with "m4a1"
L 05/07/2018 - 12:37:19: "Cap. Billy<5><VALVE_ID_LOOPBACK><CT>" killed "Smolder<9><VALVE_ID_LAN><TERRORIST>" with "m4a1"
L 05/07/2018 - 12:37:19: Team "CT" triggered "CTs_Win" (CT "12") (T "10")
L 05/07/2018 - 12:37:19: World triggered "Round_End"
L 05/07/2018 - 12:37:19: "Jack<12><VALVE_ID_LAN><>" connected, address "10.15.2.104:27005"
L 05/07/2018 - 12:37:22: "Jack<12><VALVE_ID_LAN><>" entered the game
L 05/07/2018 - 12:37:24: World triggered "Round_Start"
L 05/07/2018 - 12:37:26: "Jack<12><VALVE_ID_LAN><>" joined team "CT"
L 05/07/2018 - 12:37:28: "Smolder<9><VALVE_ID_LAN><TERRORIST>" killed "Cap. Billy<5><VALVE_ID_LOOPBACK><CT>" with "xm1014"
L 05/07/2018 - 12:37:30: "Calango<7><VALVE_ID_LAN><CT>" killed "GARGAMEL O EMPALADOR<6><VALVE_ID_LAN><TERRORIST>" with "mac10"
L 05/07/2018 - 12:37:31: "Jack<12><VALVE_ID_LAN><CT>" killed "Smolder<9><VALVE_ID_LAN><TERRORIST>" with "mp5navy"
L 05/07/2018 - 12:37:34: "XXBOT Adrian<13><BOT><>" joined team "TERRORIST"
L 05/07/2018 - 12:37:34: Server cvar "bot_quota" = "1"
L 05/07/2018 - 12:37:34: "XXBOT Adrian<13><BOT><>" entered the game
L 05/07/2018 - 12:37:36: "TUX<8><VALVE_ID_LAN><TERRORIST>" killed "Calango<7><VALVE_ID_LAN><CT>" with "mac10"
L 05/07/2018 - 12:37:39: "Cap. Billy<5><VALVE_ID_LOOPBACK><CT>" say_team "NNAAAooo" (dead)
L 05/07/2018 - 12:37:40: "@te<11><VALVE_ID_LAN><CT>" killed "TUX<8><VALVE_ID_LAN><TERRORIST>" with "knife"
L 05/07/2018 - 12:37:43: "Calango<7><VALVE_ID_LAN><CT>" say "uiiii" (dead)
L 05/07/2018 - 12:37:45: "Cap. Billy<5><VALVE_ID_LOOPBACK><CT>" say "BOPA TARDEEEEEEEEEEE" (dead)
L 05/07/2018 - 12:37:49: "Calango<7><VALVE_ID_LAN><CT>" say "boa tardee" (dead)
L 05/07/2018 - 12:37:51: "XXBOT Adrian<13><BOT><TERRORIST>" killed "@te<11><VALVE_ID_LAN><CT>" with "aug"
L 05/07/2018 - 12:37:54: "XXBOT Adrian<13><BOT><TERRORIST>" killed "Jack<12><VALVE_ID_LAN><CT>" with "aug"
L 05/07/2018 - 12:37:54: Team "TERRORIST" triggered "Terrorists_Win" (CT "12") (T "11")
L 05/07/2018 - 12:37:54: World triggered "Round_End"
L 05/07/2018 - 12:37:59: World triggered "Round_Start"
L 05/07/2018 - 12:38:02: "Calango<7><VALVE_ID_LAN><CT>" killed "GARGAMEL O EMPALADOR<6><VALVE_ID_LAN><TERRORIST>" with "mac10"
L 05/07/2018 - 12:38:03: "Cap. Billy<5><VALVE_ID_LOOPBACK><CT>" killed "TUX<8><VALVE_ID_LAN><TERRORIST>" with "aug"
L 05/07/2018 - 12:38:06: "@te<11><VALVE_ID_LAN><CT>" killed "Smolder<9><VALVE_ID_LAN><TERRORIST>" with "aug"
L 05/07/2018 - 12:38:07: "XXBOT Adrian<13><BOT><TERRORIST>" killed "Calango<7><VALVE_ID_LAN><CT>" with "aug"
L 05/07/2018 - 12:38:10: "Cap. Billy<5><VALVE_ID_LOOPBACK><CT>" killed "XXBOT Adrian<13><BOT><TERRORIST>" with "xm1014"
L 05/07/2018 - 12:38:10: Team "CT" triggered "CTs_Win" (CT "13") (T "11")
L 05/07/2018 - 12:38:10: World triggered "Round_End"
L 05/07/2018 - 12:38:15: World triggered "Round_Start"
L 05/07/2018 - 12:38:21: "Cap. Billy<5><VALVE_ID_LOOPBACK><CT>" killed "TUX<8><VALVE_ID_LAN><TERRORIST>" with "xm1014"
L 05/07/2018 - 12:38:22: "Cap. Billy<5><VALVE_ID_LOOPBACK><CT>" killed "XXBOT Adrian<13><BOT><TERRORIST>" with "xm1014"
L 05/07/2018 - 12:38:23: "@te<11><VALVE_ID_LAN><CT>" killed "GARGAMEL O EMPALADOR<6><VALVE_ID_LAN><TERRORIST>" with "aug"
L 05/07/2018 - 12:38:25: "@te<11><VALVE_ID_LAN><CT>" killed "Smolder<9><VALVE_ID_LAN><TERRORIST>" with "aug"
L 05/07/2018 - 12:38:25: Team "CT" triggered "CTs_Win" (CT "14") (T "11")
L 05/07/2018 - 12:38:25: World triggered "Round_End"
L 05/07/2018 - 12:38:30: World triggered "Round_Start"
L 05/07/2018 - 12:38:33: "XXBOT Adrian<13><BOT><TERRORIST>" killed "@te<11><VALVE_ID_LAN><CT>" with "glock18"
L 05/07/2018 - 12:38:34: "Cap. Billy<5><VALVE_ID_LOOPBACK><CT>" killed "GARGAMEL O EMPALADOR<6><VALVE_ID_LAN><TERRORIST>" with "xm1014"
L 05/07/2018 - 12:38:35: "Smolder<9><VALVE_ID_LAN><TERRORIST>" killed "Calango<7><VALVE_ID_LAN><CT>" with "m3"
L 05/07/2018 - 12:38:37: "XXBOT Adrian<13><BOT><TERRORIST>" killed "Cap. Billy<5><VALVE_ID_LOOPBACK><CT>" with "aug"
L 05/07/2018 - 12:38:37: Server cvar "amx_nextmap" = "alabordage"
L 05/07/2018 - 12:38:40: "Jack<12><VALVE_ID_LAN><CT>" killed "Smolder<9><VALVE_ID_LAN><TERRORIST>" with "m4a1"
L 05/07/2018 - 12:38:46: "TUX<8><VALVE_ID_LAN><TERRORIST>" killed "Jack<12><VALVE_ID_LAN><CT>" with "mp5navy"
L 05/07/2018 - 12:38:46: Team "TERRORIST" triggered "Terrorists_Win" (CT "14") (T "12")
L 05/07/2018 - 12:38:46: World triggered "Round_End"
L 05/07/2018 - 12:38:51: "Cap. Billy<5><VALVE_ID_LOOPBACK><CT>" say "timeleft" (dead)
L 05/07/2018 - 12:38:51: World triggered "Round_Start"
L 05/07/2018 - 12:38:58: "Cap. Billy<5><VALVE_ID_LOOPBACK><CT>" killed "TUX<8><VALVE_ID_LAN><TERRORIST>" with "xm1014"
L 05/07/2018 - 12:39:00: "GARGAMEL O EMPALADOR<6><VALVE_ID_LAN><TERRORIST>" killed "Cap. Billy<5><VALVE_ID_LOOPBACK><CT>" with "aug"
L 05/07/2018 - 12:39:00: "XXBOT Adrian<13><BOT><TERRORIST>" killed "Calango<7><VALVE_ID_LAN><CT>" with "aug"
L 05/07/2018 - 12:39:00: "Jack<12><VALVE_ID_LAN><CT>" killed "GARGAMEL O EMPALADOR<6><VALVE_ID_LAN><TERRORIST>" with "mp5navy"
L 05/07/2018 - 12:39:08: "Jack<12><VALVE_ID_LAN><CT>" killed "XXBOT Adrian<13><BOT><TERRORIST>" with "mp5navy"
L 05/07/2018 - 12:39:10: "Smolder<9><VALVE_ID_LAN><TERRORIST>" killed "Jack<12><VALVE_ID_LAN><CT>" with "ak47"
L 05/07/2018 - 12:39:15: "Cap. Billy<5><VALVE_ID_LOOPBACK><CT>" say "timeleft" (dead)
L 05/07/2018 - 12:39:16: "@te<11><VALVE_ID_LAN><CT>" killed "Smolder<9><VALVE_ID_LAN><TERRORIST>" with "m4a1"
L 05/07/2018 - 12:39:16: Team "CT" triggered "CTs_Win" (CT "15") (T "12")
L 05/07/2018 - 12:39:16: World triggered "Round_End"
L 05/07/2018 - 12:39:18: "Calango<7><VALVE_ID_LAN><CT>" say "boa" (dead)
L 05/07/2018 - 12:39:21: World triggered "Round_Start"
L 05/07/2018 - 12:39:29: "GARGAMEL O EMPALADOR<6><VALVE_ID_LAN><TERRORIST>" killed "Cap. Billy<5><VALVE_ID_LOOPBACK><CT>" with "ak47"
L 05/07/2018 - 12:39:31: "Calango<7><VALVE_ID_LAN><CT>" killed "TUX<8><VALVE_ID_LAN><TERRORIST>" with "ak47"
L 05/07/2018 - 12:39:32: "GARGAMEL O EMPALADOR<6><VALVE_ID_LAN><TERRORIST>" killed "Calango<7><VALVE_ID_LAN><CT>" with "ak47"
L 05/07/2018 - 12:39:35: "@te<11><VALVE_ID_LAN><CT>" killed "XXBOT Adrian<13><BOT><TERRORIST>" with "m4a1"
L 05/07/2018 - 12:39:36: "Jack<12><VALVE_ID_LAN><CT>" killed "Smolder<9><VALVE_ID_LAN><TERRORIST>" with "xm1014"
L 05/07/2018 - 12:39:40: "GARGAMEL O EMPALADOR<6><VALVE_ID_LAN><TERRORIST>" killed "Jack<12><VALVE_ID_LAN><CT>" with "xm1014"
L 05/07/2018 - 12:39:54: "GARGAMEL O EMPALADOR<6><VALVE_ID_LAN><TERRORIST>" killed "@te<11><VALVE_ID_LAN><CT>" with "xm1014"
L 05/07/2018 - 12:39:54: Team "TERRORIST" triggered "Terrorists_Win" (CT "15") (T "13")
L 05/07/2018 - 12:39:54: World triggered "Round_End"
L 05/07/2018 - 12:39:59: World triggered "Round_Start"
L 05/07/2018 - 12:39:59: "Cap. Billy<5><VALVE_ID_LOOPBACK><CT>" say "timeleft"
L 05/07/2018 - 12:40:01: "Jack<12><VALVE_ID_LAN><CT>" killed "Smolder<9><VALVE_ID_LAN><TERRORIST>" with "usp"
L 05/07/2018 - 12:40:02: "Cap. Billy<5><VALVE_ID_LOOPBACK><CT>" killed "GARGAMEL O EMPALADOR<6><VALVE_ID_LAN><TERRORIST>" with "xm1014"
L 05/07/2018 - 12:40:03: "TUX<8><VALVE_ID_LAN><TERRORIST>" killed "Jack<12><VALVE_ID_LAN><CT>" with "aug"
L 05/07/2018 - 12:40:05: "Calango<7><VALVE_ID_LAN><CT>" killed "TUX<8><VALVE_ID_LAN><TERRORIST>" with "aug"
L 05/07/2018 - 12:40:10: "Calango<7><VALVE_ID_LAN><CT>" killed "XXBOT Adrian<13><BOT><TERRORIST>" with "m4a1"
L 05/07/2018 - 12:40:10: Team "CT" triggered "CTs_Win" (CT "16") (T "13")
L 05/07/2018 - 12:40:10: World triggered "Round_End"
L 05/07/2018 - 12:40:15: World triggered "Round_Start"
L 05/07/2018 - 12:40:21: "TUX<8><VALVE_ID_LAN><TERRORIST>" killed "Cap. Billy<5><VALVE_ID_LOOPBACK><CT>" with "p90"
L 05/07/2018 - 12:40:21: "Calango<7><VALVE_ID_LAN><CT>" killed "GARGAMEL O EMPALADOR<6><VALVE_ID_LAN><TERRORIST>" with "m4a1"
L 05/07/2018 - 12:40:23: "TUX<8><VALVE_ID_LAN><TERRORIST>" killed "Calango<7><VALVE_ID_LAN><CT>" with "p90"
L 05/07/2018 - 12:40:26: "@te<11><VALVE_ID_LAN><CT>" killed "TUX<8><VALVE_ID_LAN><TERRORIST>" with "m4a1"
L 05/07/2018 - 12:40:30: "Jack<12><VALVE_ID_LAN><CT>" killed "Smolder<9><VALVE_ID_LAN><TERRORIST>" with "mp5navy"
L 05/07/2018 - 12:40:31: Team "CT" scored "16" with "4" players
L 05/07/2018 - 12:40:31: Team "TERRORIST" scored "13" with "4" players
L 05/07/2018 - 12:40:33: "Cap. Billy<5><VALVE_ID_LOOPBACK><CT>" triggered "weaponstats" (weapon "grenade") (shots "12") (hits "14") (kills "0") (headshots "0") (tks "0") (damage "432") (deaths "0")
L 05/07/2018 - 12:40:33: "Cap. Billy<5><VALVE_ID_LOOPBACK><CT>" triggered "weaponstats2" (weapon "grenade") (head "0") (chest "0") (stomach "0") (leftarm "0") (rightarm "0") (leftleg "0") (rightleg "0")
L 05/07/2018 - 12:40:33: "Cap. Billy<5><VALVE_ID_LOOPBACK><CT>" triggered "weaponstats" (weapon "xm1014") (shots "55") (hits "36") (kills "17") (headshots "3") (tks "0") (damage "2568") (deaths "7")
L 05/07/2018 - 12:40:33: "Cap. Billy<5><VALVE_ID_LOOPBACK><CT>" triggered "weaponstats2" (weapon "xm1014") (head "5") (chest "4") (stomach "4") (leftarm "12") (rightarm "5") (leftleg "4") (rightleg "2")
L 05/07/2018 - 12:40:33: "Cap. Billy<5><VALVE_ID_LOOPBACK><CT>" triggered "weaponstats" (weapon "aug") (shots "25") (hits "5") (kills "1") (headshots "1") (tks "0") (damage "200") (deaths "2")
L 05/07/2018 - 12:40:33: "Cap. Billy<5><VALVE_ID_LOOPBACK><CT>" triggered "weaponstats2" (weapon "aug") (head "2") (chest "0") (stomach "0") (leftarm "2") (rightarm "1") (leftleg "0") (rightleg "0")
L 05/07/2018 - 12:40:33: "Cap. Billy<5><VALVE_ID_LOOPBACK><CT>" triggered "weaponstats" (weapon "usp") (shots "8") (hits "0") (kills "0") (headshots "0") (tks "0") (damage "0") (deaths "0")
L 05/07/2018 - 12:40:33: "Cap. Billy<5><VALVE_ID_LOOPBACK><CT>" triggered "weaponstats2" (weapon "usp") (head "0") (chest "0") (stomach "0") (leftarm "0") (rightarm "0") (leftleg "0") (rightleg "0")
L 05/07/2018 - 12:40:33: "Cap. Billy<5><VALVE_ID_LOOPBACK><CT>" triggered "weaponstats" (weapon "mp5navy") (shots "47") (hits "10") (kills "2") (headshots "1") (tks "0") (damage "311") (deaths "4")
L 05/07/2018 - 12:40:33: "Cap. Billy<5><VALVE_ID_LOOPBACK><CT>" triggered "weaponstats2" (weapon "mp5navy") (head "1") (chest "1") (stomach "2") (leftarm "4") (rightarm "2") (leftleg "0") (rightleg "0")
L 05/07/2018 - 12:40:33: "Cap. Billy<5><VALVE_ID_LOOPBACK><CT>" triggered "weaponstats" (weapon "m249") (shots "107") (hits "18") (kills "5") (headshots "2") (tks "0") (damage "657") (deaths "1")
L 05/07/2018 - 12:40:33: "Cap. Billy<5><VALVE_ID_LOOPBACK><CT>" triggered "weaponstats2" (weapon "m249") (head "3") (chest "5") (stomach "2") (leftarm "4") (rightarm "1") (leftleg "3") (rightleg "0")
L 05/07/2018 - 12:40:33: "Cap. Billy<5><VALVE_ID_LOOPBACK><CT>" triggered "weaponstats" (weapon "m4a1") (shots "85") (hits "26") (kills "9") (headshots "4") (tks "0") (damage "1171") (deaths "4")
L 05/07/2018 - 12:40:33: "Cap. Billy<5><VALVE_ID_LOOPBACK><CT>" triggered "weaponstats2" (weapon "m4a1") (head "4") (chest "5") (stomach "1") (leftarm "13") (rightarm "3") (leftleg "0") (rightleg "0")
L 05/07/2018 - 12:40:33: "Cap. Billy<5><VALVE_ID_LOOPBACK><CT>" triggered "time" (time "10:11")
L 05/07/2018 - 12:40:33: "Cap. Billy<5><VALVE_ID_LOOPBACK><CT>" triggered "latency" (ping "0")
L 05/07/2018 - 12:40:33: "GARGAMEL O EMPALADOR<6><VALVE_ID_LAN><TERRORIST>" triggered "weaponstats" (weapon "grenade") (shots "4") (hits "4") (kills "0") (headshots "0") (tks "0") (damage "198") (deaths "1")
L 05/07/2018 - 12:40:33: "GARGAMEL O EMPALADOR<6><VALVE_ID_LAN><TERRORIST>" triggered "weaponstats2" (weapon "grenade") (head "0") (chest "0") (stomach "0") (leftarm "0") (rightarm "0") (leftleg "0") (rightleg "0")
L 05/07/2018 - 12:40:33: "GARGAMEL O EMPALADOR<6><VALVE_ID_LAN><TERRORIST>" triggered "weaponstats" (weapon "xm1014") (shots "43") (hits "17") (kills "6") (headshots "0") (tks "0") (damage "890") (deaths "8")
L 05/07/2018 - 12:40:33: "GARGAMEL O EMPALADOR<6><VALVE_ID_LAN><TERRORIST>" triggered "weaponstats2" (weapon "xm1014") (head "0") (chest "3") (stomach "0") (leftarm "2") (rightarm "2") (leftleg "6") (rightleg "4")
L 05/07/2018 - 12:40:33: "GARGAMEL O EMPALADOR<6><VALVE_ID_LAN><TERRORIST>" triggered "weaponstats" (weapon "mac10") (shots "10") (hits "1") (kills "0") (headshots "0") (tks "0") (damage "15") (deaths "1")
L 05/07/2018 - 12:40:33: "GARGAMEL O EMPALADOR<6><VALVE_ID_LAN><TERRORIST>" triggered "weaponstats2" (weapon "mac10") (head "0") (chest "0") (stomach "0") (leftarm "0") (rightarm "0") (leftleg "0") (rightleg "1")
L 05/07/2018 - 12:40:33: "GARGAMEL O EMPALADOR<6><VALVE_ID_LAN><TERRORIST>" triggered "weaponstats" (weapon "aug") (shots "74") (hits "12") (kills "3") (headshots "1") (tks "0") (damage "405") (deaths "5")
L 05/07/2018 - 12:40:33: "GARGAMEL O EMPALADOR<6><VALVE_ID_LAN><TERRORIST>" triggered "weaponstats2" (weapon "aug") (head "1") (chest "3") (stomach "0") (leftarm "3") (rightarm "3") (leftleg "0") (rightleg "2")
L 05/07/2018 - 12:40:33: "GARGAMEL O EMPALADOR<6><VALVE_ID_LAN><TERRORIST>" triggered "weaponstats" (weapon "glock18") (shots "5") (hits "0") (kills "0") (headshots "0") (tks "0") (damage "0") (deaths "0")
L 05/07/2018 - 12:40:33: "GARGAMEL O EMPALADOR<6><VALVE_ID_LAN><TERRORIST>" triggered "weaponstats2" (weapon "glock18") (head "0") (chest "0") (stomach "0") (leftarm "0") (rightarm "0") (leftleg "0") (rightleg "0")
L 05/07/2018 - 12:40:33: "GARGAMEL O EMPALADOR<6><VALVE_ID_LAN><TERRORIST>" triggered "weaponstats" (weapon "mp5navy") (shots "7") (hits "3") (kills "0") (headshots "0") (tks "0") (damage "62") (deaths "1")
L 05/07/2018 - 12:40:33: "GARGAMEL O EMPALADOR<6><VALVE_ID_LAN><TERRORIST>" triggered "weaponstats2" (weapon "mp5navy") (head "0") (chest "1") (stomach "0") (leftarm "1") (rightarm "0") (leftleg "1") (rightleg "0")
L 05/07/2018 - 12:40:33: "GARGAMEL O EMPALADOR<6><VALVE_ID_LAN><TERRORIST>" triggered "weaponstats" (weapon "m3") (shots "5") (hits "4") (kills "1") (headshots "1") (tks "0") (damage "394") (deaths "4")
L 05/07/2018 - 12:40:33: "GARGAMEL O EMPALADOR<6><VALVE_ID_LAN><TERRORIST>" triggered "weaponstats2" (weapon "m3") (head "1") (chest "0") (stomach "0") (leftarm "1") (rightarm "0") (leftleg "0") (rightleg "2")
L 05/07/2018 - 12:40:33: "GARGAMEL O EMPALADOR<6><VALVE_ID_LAN><TERRORIST>" triggered "weaponstats" (weapon "m4a1") (shots "25") (hits "4") (kills "1") (headshots "0") (tks "0") (damage "112") (deaths "1")
L 05/07/2018 - 12:40:33: "GARGAMEL O EMPALADOR<6><VALVE_ID_LAN><TERRORIST>" triggered "weaponstats2" (weapon "m4a1") (head "0") (chest "1") (stomach "0") (leftarm "2") (rightarm "0") (leftleg "0") (rightleg "1")
L 05/07/2018 - 12:40:33: "GARGAMEL O EMPALADOR<6><VALVE_ID_LAN><TERRORIST>" triggered "weaponstats" (weapon "ak47") (shots "78") (hits "17") (kills "6") (headshots "2") (tks "0") (damage "802") (deaths "5")
L 05/07/2018 - 12:40:33: "GARGAMEL O EMPALADOR<6><VALVE_ID_LAN><TERRORIST>" triggered "weaponstats2" (weapon "ak47") (head "2") (chest "3") (stomach "1") (leftarm "3") (rightarm "4") (leftleg "2") (rightleg "2")
L 05/07/2018 - 12:40:33: "GARGAMEL O EMPALADOR<6><VALVE_ID_LAN><TERRORIST>" triggered "time" (time "10:06")
L 05/07/2018 - 12:40:33: "GARGAMEL O EMPALADOR<6><VALVE_ID_LAN><TERRORIST>" triggered "latency" (ping "9")
L 05/07/2018 - 12:40:33: "Calango<7><VALVE_ID_LAN><CT>" triggered "weaponstats" (weapon "grenade") (shots "7") (hits "6") (kills "0") (headshots "0") (tks "0") (damage "177") (deaths "0")
L 05/07/2018 - 12:40:33: "Calango<7><VALVE_ID_LAN><CT>" triggered "weaponstats2" (weapon "grenade") (head "0") (chest "0") (stomach "0") (leftarm "0") (rightarm "0") (leftleg "0") (rightleg "0")
L 05/07/2018 - 12:40:33: "Calango<7><VALVE_ID_LAN><CT>" triggered "weaponstats" (weapon "xm1014") (shots "15") (hits "9") (kills "4") (headshots "0") (tks "0") (damage "637") (deaths "3")
L 05/07/2018 - 12:40:33: "Calango<7><VALVE_ID_LAN><CT>" triggered "weaponstats2" (weapon "xm1014") (head "0") (chest "2") (stomach "3") (leftarm "3") (rightarm "1") (leftleg "0") (rightleg "0")
L 05/07/2018 - 12:40:33: "Calango<7><VALVE_ID_LAN><CT>" triggered "weaponstats" (weapon "mac10") (shots "158") (hits "28") (kills "9") (headshots "7") (tks "0") (damage "1217") (deaths "7")
L 05/07/2018 - 12:40:33: "Calango<7><VALVE_ID_LAN><CT>" triggered "weaponstats2" (weapon "mac10") (head "7") (chest "5") (stomach "1") (leftarm "5") (rightarm "6") (leftleg "2") (rightleg "2")
L 05/07/2018 - 12:40:33: "Calango<7><VALVE_ID_LAN><CT>" triggered "weaponstats" (weapon "aug") (shots "56") (hits "9") (kills "2") (headshots "0") (tks "0") (damage "262") (deaths "2")
L 05/07/2018 - 12:40:33: "Calango<7><VALVE_ID_LAN><CT>" triggered "weaponstats2" (weapon "aug") (head "0") (chest "3") (stomach "0") (leftarm "1") (rightarm "4") (leftleg "0") (rightleg "1")
L 05/07/2018 - 12:40:33: "Calango<7><VALVE_ID_LAN><CT>" triggered "weaponstats" (weapon "usp") (shots "6") (hits "0") (kills "0") (headshots "0") (tks "0") (damage "0") (deaths "0")
L 05/07/2018 - 12:40:33: "Calango<7><VALVE_ID_LAN><CT>" triggered "weaponstats2" (weapon "usp") (head "0") (chest "0") (stomach "0") (leftarm "0") (rightarm "0") (leftleg "0") (rightleg "0")
L 05/07/2018 - 12:40:33: "Calango<7><VALVE_ID_LAN><CT>" triggered "weaponstats" (weapon "m3") (shots "6") (hits "5") (kills "3") (headshots "0") (tks "0") (damage "436") (deaths "1")
L 05/07/2018 - 12:40:33: "Calango<7><VALVE_ID_LAN><CT>" triggered "weaponstats2" (weapon "m3") (head "0") (chest "0") (stomach "0") (leftarm "3") (rightarm "1") (leftleg "1") (rightleg "0")
L 05/07/2018 - 12:40:33: "Calango<7><VALVE_ID_LAN><CT>" triggered "weaponstats" (weapon "m4a1") (shots "40") (hits "9") (kills "4") (headshots "1") (tks "0") (damage "377") (deaths "3")
L 05/07/2018 - 12:40:33: "Calango<7><VALVE_ID_LAN><CT>" triggered "weaponstats2" (weapon "m4a1") (head "1") (chest "2") (stomach "1") (leftarm "2") (rightarm "2") (leftleg "0") (rightleg "1")
L 05/07/2018 - 12:40:33: "Calango<7><VALVE_ID_LAN><CT>" triggered "weaponstats" (weapon "ak47") (shots "66") (hits "9") (kills "2") (headshots "1") (tks "0") (damage "359") (deaths "3")
L 05/07/2018 - 12:40:33: "Calango<7><VALVE_ID_LAN><CT>" triggered "weaponstats2" (weapon "ak47") (head "1") (chest "3") (stomach "0") (leftarm "1") (rightarm "2") (leftleg "1") (rightleg "1")
L 05/07/2018 - 12:40:33: "Calango<7><VALVE_ID_LAN><CT>" triggered "time" (time "10:05")
L 05/07/2018 - 12:40:33: "Calango<7><VALVE_ID_LAN><CT>" triggered "latency" (ping "7")
L 05/07/2018 - 12:40:33: "TUX<8><VALVE_ID_LAN><TERRORIST>" triggered "weaponstats" (weapon "grenade") (shots "8") (hits "9") (kills "2") (headshots "0") (tks "1") (damage "306") (deaths "0")
L 05/07/2018 - 12:40:33: "TUX<8><VALVE_ID_LAN><TERRORIST>" triggered "weaponstats2" (weapon "grenade") (head "0") (chest "0") (stomach "0") (leftarm "0") (rightarm "0") (leftleg "0") (rightleg "0")
L 05/07/2018 - 12:40:33: "TUX<8><VALVE_ID_LAN><TERRORIST>" triggered "weaponstats" (weapon "mac10") (shots "30") (hits "4") (kills "1") (headshots "1") (tks "0") (damage "169") (deaths "0")
L 05/07/2018 - 12:40:33: "TUX<8><VALVE_ID_LAN><TERRORIST>" triggered "weaponstats2" (weapon "mac10") (head "1") (chest "0") (stomach "0") (leftarm "3") (rightarm "0") (leftleg "0") (rightleg "0")
L 05/07/2018 - 12:40:33: "TUX<8><VALVE_ID_LAN><TERRORIST>" triggered "weaponstats" (weapon "aug") (shots "26") (hits "8") (kills "1") (headshots "0") (tks "0") (damage "220") (deaths "4")
L 05/07/2018 - 12:40:33: "TUX<8><VALVE_ID_LAN><TERRORIST>" triggered "weaponstats2" (weapon "aug") (head "0") (chest "4") (stomach "0") (leftarm "3") (rightarm "1") (leftleg "0") (rightleg "0")
L 05/07/2018 - 12:40:33: "TUX<8><VALVE_ID_LAN><TERRORIST>" triggered "weaponstats" (weapon "glock18") (shots "2") (hits "0") (kills "0") (headshots "0") (tks "0") (damage "0") (deaths "0")
L 05/07/2018 - 12:40:33: "TUX<8><VALVE_ID_LAN><TERRORIST>" triggered "weaponstats2" (weapon "glock18") (head "0") (chest "0") (stomach "0") (leftarm "0") (rightarm "0") (leftleg "0") (rightleg "0")
L 05/07/2018 - 12:40:33: "TUX<8><VALVE_ID_LAN><TERRORIST>" triggered "weaponstats" (weapon "mp5navy") (shots "92") (hits "19") (kills "6") (headshots "0") (tks "0") (damage "435") (deaths "5")
L 05/07/2018 - 12:40:33: "TUX<8><VALVE_ID_LAN><TERRORIST>" triggered "weaponstats2" (weapon "mp5navy") (head "0") (chest "4") (stomach "4") (leftarm "5") (rightarm "1") (leftleg "1") (rightleg "4")
L 05/07/2018 - 12:40:33: "TUX<8><VALVE_ID_LAN><TERRORIST>" triggered "weaponstats" (weapon "m4a1") (shots "157") (hits "27") (kills "10") (headshots "6") (tks "0") (damage "1422") (deaths "6")
L 05/07/2018 - 12:40:33: "TUX<8><VALVE_ID_LAN><TERRORIST>" triggered "weaponstats2" (weapon "m4a1") (head "6") (chest "5") (stomach "1") (leftarm "8") (rightarm "7") (leftleg "0") (rightleg "0")
L 05/07/2018 - 12:40:33: "TUX<8><VALVE_ID_LAN><TERRORIST>" triggered "weaponstats" (weapon "ak47") (shots "5") (hits "1") (kills "1") (headshots "0") (tks "0") (damage "33") (deaths "1")
L 05/07/2018 - 12:40:33: "TUX<8><VALVE_ID_LAN><TERRORIST>" triggered "weaponstats2" (weapon "ak47") (head "0") (chest "0") (stomach "0") (leftarm "1") (rightarm "0") (leftleg "0") (rightleg "0")
L 05/07/2018 - 12:40:33: "TUX<8><VALVE_ID_LAN><TERRORIST>" triggered "weaponstats" (weapon "p90") (shots "33") (hits "10") (kills "3") (headshots "2") (tks "0") (damage "364") (deaths "2")
L 05/07/2018 - 12:40:33: "TUX<8><VALVE_ID_LAN><TERRORIST>" triggered "weaponstats2" (weapon "p90") (head "3") (chest "0") (stomach "1") (leftarm "4") (rightarm "1") (leftleg "1") (rightleg "0")
L 05/07/2018 - 12:40:33: "TUX<8><VALVE_ID_LAN><TERRORIST>" triggered "time" (time "10:04")
L 05/07/2018 - 12:40:33: "TUX<8><VALVE_ID_LAN><TERRORIST>" triggered "latency" (ping "7")
L 05/07/2018 - 12:40:33: "Smolder<9><VALVE_ID_LAN><TERRORIST>" triggered "weaponstats" (weapon "grenade") (shots "3") (hits "5") (kills "0") (headshots "0") (tks "0") (damage "184") (deaths "0")
L 05/07/2018 - 12:40:33: "Smolder<9><VALVE_ID_LAN><TERRORIST>" triggered "weaponstats2" (weapon "grenade") (head "0") (chest "0") (stomach "0") (leftarm "0") (rightarm "0") (leftleg "0") (rightleg "0")
L 05/07/2018 - 12:40:33: "Smolder<9><VALVE_ID_LAN><TERRORIST>" triggered "weaponstats" (weapon "xm1014") (shots "63") (hits "26") (kills "12") (headshots "1") (tks "0") (damage "1970") (deaths "9")
L 05/07/2018 - 12:40:33: "Smolder<9><VALVE_ID_LAN><TERRORIST>" triggered "weaponstats2" (weapon "xm1014") (head "2") (chest "6") (stomach "4") (leftarm "9") (rightarm "2") (leftleg "2") (rightleg "1")
L 05/07/2018 - 12:40:33: "Smolder<9><VALVE_ID_LAN><TERRORIST>" triggered "weaponstats" (weapon "aug") (shots "9") (hits "0") (kills "0") (headshots "0") (tks "0") (damage "0") (deaths "0")
L 05/07/2018 - 12:40:33: "Smolder<9><VALVE_ID_LAN><TERRORIST>" triggered "weaponstats2" (weapon "aug") (head "0") (chest "0") (stomach "0") (leftarm "0") (rightarm "0") (leftleg "0") (rightleg "0")
L 05/07/2018 - 12:40:33: "Smolder<9><VALVE_ID_LAN><TERRORIST>" triggered "weaponstats" (weapon "glock18") (shots "4") (hits "0") (kills "0") (headshots "0") (tks "0") (damage "0") (deaths "2")
L 05/07/2018 - 12:40:33: "Smolder<9><VALVE_ID_LAN><TERRORIST>" triggered "weaponstats2" (weapon "glock18") (head "0") (chest "0") (stomach "0") (leftarm "0") (rightarm "0") (leftleg "0") (rightleg "0")
L 05/07/2018 - 12:40:33: "Smolder<9><VALVE_ID_LAN><TERRORIST>" triggered "weaponstats" (weapon "mp5navy") (shots "114") (hits "20") (kills "2") (headshots "1") (tks "0") (damage "406") (deaths "8")
L 05/07/2018 - 12:40:33: "Smolder<9><VALVE_ID_LAN><TERRORIST>" triggered "weaponstats2" (weapon "mp5navy") (head "1") (chest "5") (stomach "1") (leftarm "8") (rightarm "1") (leftleg "2") (rightleg "2")
L 05/07/2018 - 12:40:33: "Smolder<9><VALVE_ID_LAN><TERRORIST>" triggered "weaponstats" (weapon "m3") (shots "5") (hits "3") (kills "2") (headshots "1") (tks "0") (damage "675") (deaths "2")
L 05/07/2018 - 12:40:33: "Smolder<9><VALVE_ID_LAN><TERRORIST>" triggered "weaponstats2" (weapon "m3") (head "1") (chest "2") (stomach "0") (leftarm "0") (rightarm "0") (leftleg "0") (rightleg "0")
L 05/07/2018 - 12:40:33: "Smolder<9><VALVE_ID_LAN><TERRORIST>" triggered "weaponstats" (weapon "m4a1") (shots "2") (hits "0") (kills "0") (headshots "0") (tks "0") (damage "0") (deaths "0")
L 05/07/2018 - 12:40:33: "Smolder<9><VALVE_ID_LAN><TERRORIST>" triggered "weaponstats2" (weapon "m4a1") (head "0") (chest "0") (stomach "0") (leftarm "0") (rightarm "0") (leftleg "0") (rightleg "0")
L 05/07/2018 - 12:40:33: "Smolder<9><VALVE_ID_LAN><TERRORIST>" triggered "weaponstats" (weapon "ak47") (shots "35") (hits "7") (kills "2") (headshots "1") (tks "0") (damage "313") (deaths "2")
L 05/07/2018 - 12:40:33: "Smolder<9><VALVE_ID_LAN><TERRORIST>" triggered "weaponstats2" (weapon "ak47") (head "1") (chest "2") (stomach "0") (leftarm "0") (rightarm "1") (leftleg "0") (rightleg "3")
L 05/07/2018 - 12:40:33: "Smolder<9><VALVE_ID_LAN><TERRORIST>" triggered "time" (time "9:55")
L 05/07/2018 - 12:40:33: "Smolder<9><VALVE_ID_LAN><TERRORIST>" triggered "latency" (ping "9")
L 05/07/2018 - 12:40:33: "Jack<12><VALVE_ID_LAN><CT>" triggered "weaponstats" (weapon "grenade") (shots "2") (hits "0") (kills "0") (headshots "0") (tks "0") (damage "0") (deaths "0")
L 05/07/2018 - 12:40:33: "Jack<12><VALVE_ID_LAN><CT>" triggered "weaponstats2" (weapon "grenade") (head "0") (chest "0") (stomach "0") (leftarm "0") (rightarm "0") (leftleg "0") (rightleg "0")
L 05/07/2018 - 12:40:33: "Jack<12><VALVE_ID_LAN><CT>" triggered "weaponstats" (weapon "xm1014") (shots "3") (hits "1") (kills "1") (headshots "1") (tks "0") (damage "68") (deaths "1")
L 05/07/2018 - 12:40:33: "Jack<12><VALVE_ID_LAN><CT>" triggered "weaponstats2" (weapon "xm1014") (head "1") (chest "0") (stomach "0") (leftarm "0") (rightarm "0") (leftleg "0") (rightleg "0")
L 05/07/2018 - 12:40:33: "Jack<12><VALVE_ID_LAN><CT>" triggered "weaponstats" (weapon "usp") (shots "6") (hits "2") (kills "1") (headshots "0") (tks "0") (damage "120") (deaths "1")
L 05/07/2018 - 12:40:33: "Jack<12><VALVE_ID_LAN><CT>" triggered "weaponstats2" (weapon "usp") (head "1") (chest "0") (stomach "0") (leftarm "0") (rightarm "1") (leftleg "0") (rightleg "0")
L 05/07/2018 - 12:40:33: "Jack<12><VALVE_ID_LAN><CT>" triggered "weaponstats" (weapon "mp5navy") (shots "69") (hits "21") (kills "4") (headshots "1") (tks "0") (damage "581") (deaths "2")
L 05/07/2018 - 12:40:33: "Jack<12><VALVE_ID_LAN><CT>" triggered "weaponstats2" (weapon "mp5navy") (head "1") (chest "2") (stomach "4") (leftarm "7") (rightarm "1") (leftleg "4") (rightleg "2")
L 05/07/2018 - 12:40:33: "Jack<12><VALVE_ID_LAN><CT>" triggered "weaponstats" (weapon "m4a1") (shots "14") (hits "4") (kills "1") (headshots "0") (tks "0") (damage "122") (deaths "1")
L 05/07/2018 - 12:40:33: "Jack<12><VALVE_ID_LAN><CT>" triggered "weaponstats2" (weapon "m4a1") (head "0") (chest "0") (stomach "0") (leftarm "1") (rightarm "3") (leftleg "0") (rightleg "0")
L 05/07/2018 - 12:40:33: "Jack<12><VALVE_ID_LAN><CT>" triggered "weaponstats" (weapon "knife") (shots "1") (hits "0") (kills "0") (headshots "0") (tks "0") (damage "0") (deaths "0")
L 05/07/2018 - 12:40:33: "Jack<12><VALVE_ID_LAN><CT>" triggered "weaponstats2" (weapon "knife") (head "0") (chest "0") (stomach "0") (leftarm "0") (rightarm "0") (leftleg "0") (rightleg "0")
L 05/07/2018 - 12:40:33: "Jack<12><VALVE_ID_LAN><CT>" triggered "time" (time "3:10")
L 05/07/2018 - 12:40:33: "Jack<12><VALVE_ID_LAN><CT>" triggered "latency" (ping "6")
L 05/07/2018 - 12:40:33: "@te<11><VALVE_ID_LAN><CT>" triggered "weaponstats" (weapon "grenade") (shots "4") (hits "3") (kills "0") (headshots "0") (tks "0") (damage "116") (deaths "0")
L 05/07/2018 - 12:40:33: "@te<11><VALVE_ID_LAN><CT>" triggered "weaponstats2" (weapon "grenade") (head "0") (chest "0") (stomach "0") (leftarm "0") (rightarm "0") (leftleg "0") (rightleg "0")
L 05/07/2018 - 12:40:33: "@te<11><VALVE_ID_LAN><CT>" triggered "weaponstats" (weapon "xm1014") (shots "9") (hits "4") (kills "0") (headshots "0") (tks "0") (damage "65") (deaths "1")
L 05/07/2018 - 12:40:33: "@te<11><VALVE_ID_LAN><CT>" triggered "weaponstats2" (weapon "xm1014") (head "0") (chest "0") (stomach "0") (leftarm "0") (rightarm "1") (leftleg "0") (rightleg "3")
L 05/07/2018 - 12:40:33: "@te<11><VALVE_ID_LAN><CT>" triggered "weaponstats" (weapon "aug") (shots "23") (hits "10") (kills "3") (headshots "0") (tks "0") (damage "298") (deaths "1")
L 05/07/2018 - 12:40:33: "@te<11><VALVE_ID_LAN><CT>" triggered "weaponstats2" (weapon "aug") (head "0") (chest "2") (stomach "3") (leftarm "5") (rightarm "0") (leftleg "0") (rightleg "0")
L 05/07/2018 - 12:40:33: "@te<11><VALVE_ID_LAN><CT>" triggered "weaponstats" (weapon "usp") (shots "1") (hits "0") (kills "0") (headshots "0") (tks "0") (damage "0") (deaths "0")
L 05/07/2018 - 12:40:33: "@te<11><VALVE_ID_LAN><CT>" triggered "weaponstats2" (weapon "usp") (head "0") (chest "0") (stomach "0") (leftarm "0") (rightarm "0") (leftleg "0") (rightleg "0")
L 05/07/2018 - 12:40:33: "@te<11><VALVE_ID_LAN><CT>" triggered "weaponstats" (weapon "m249") (shots "26") (hits "1") (kills "1") (headshots "0") (tks "0") (damage "24") (deaths "1")
L 05/07/2018 - 12:40:33: "@te<11><VALVE_ID_LAN><CT>" triggered "weaponstats2" (weapon "m249") (head "0") (chest "0") (stomach "0") (leftarm "0") (rightarm "0") (leftleg "0") (rightleg "1")
L 05/07/2018 - 12:40:33: "@te<11><VALVE_ID_LAN><CT>" triggered "weaponstats" (weapon "m4a1") (shots "70") (hits "11") (kills "3") (headshots "0") (tks "0") (damage "228") (deaths "4")
L 05/07/2018 - 12:40:33: "@te<11><VALVE_ID_LAN><CT>" triggered "weaponstats2" (weapon "m4a1") (head "0") (chest "2") (stomach "1") (leftarm "5") (rightarm "1") (leftleg "1") (rightleg "1")
L 05/07/2018 - 12:40:33: "@te<11><VALVE_ID_LAN><CT>" triggered "weaponstats" (weapon "knife") (shots "1") (hits "1") (kills "1") (headshots "0") (tks "0") (damage "65") (deaths "0")
L 05/07/2018 - 12:40:33: "@te<11><VALVE_ID_LAN><CT>" triggered "weaponstats2" (weapon "knife") (head "0") (chest "1") (stomach "0") (leftarm "0") (rightarm "0") (leftleg "0") (rightleg "0")
L 05/07/2018 - 12:40:33: "@te<11><VALVE_ID_LAN><CT>" triggered "time" (time "5:40")
L 05/07/2018 - 12:40:33: "@te<11><VALVE_ID_LAN><CT>" triggered "latency" (ping "9")
L 05/07/2018 - 12:40:33: [META] ini: Begin re-reading plugins list: c:/valve/cstrike/addons/metamod/plugins.ini
L 05/07/2018 - 12:40:33: [META] ini: Read plugin config for: AMX
L 05/07/2018 - 12:40:33: [META] ini: Read plugin config for: WinHL-Booster
L 05/07/2018 - 12:40:33: [META] ERROR: ini: Skipping plugin, couldn't stat file 'addons/hlguard/dlls/hlguard_mm_nightly.dll': No such file or directory
L 05/07/2018 - 12:40:33: [META] ini: Read plugin config for: WebMod
L 05/07/2018 - 12:40:33: [META] ini: Finished reading plugins list: c:/valve/cstrike/addons/metamod/plugins.ini; Found 3 plugins
L 05/07/2018 - 12:40:33: [META] dll: Updating plugins...
L 05/07/2018 - 12:40:33: [META] ERROR: dll: Failed query plugin '<hlguard_mm_nightly.dll>'; Couldn't open file 'addons/hlguard/dlls/hlguard_mm_nightly.dll': Não foi possível encontrar o módulo especificado.

L 05/07/2018 - 12:40:33: [META] ERROR: dll: Skipping plugin '<hlguard_mm_nightly.dll>'; couldn't query
L 05/07/2018 - 12:40:33: [META] dll: Finished updating 6 plugins; kept 3, loaded 0, unloaded 0, reloaded 0, delayed 0
L 05/07/2018 - 12:40:33: Server shutdown
L 05/07/2018 - 12:40:33: Log file closed
