L 05/17/2018 - 12:51:34: Log file started (file "logs\L0517005.log") (game "cstrike") (version "47/1.1.2.2/2603")
L 05/17/2018 - 12:51:35: World triggered "Round_Start"
L 05/17/2018 - 12:51:37: "Ice_Man<48><VALVE_ID_LAN><>" entered the game
L 05/17/2018 - 12:51:37: "Jack<47><VALVE_ID_LAN><>" joined team "CT"
L 05/17/2018 - 12:51:39: "Ice_Man<48><VALVE_ID_LAN><>" joined team "TERRORIST"
L 05/17/2018 - 12:51:44: "Calcas Peludas<49><VALVE_ID_LAN><>" connected, address "10.15.2.49:27005"
L 05/17/2018 - 12:51:46: "Calcas Peludas<49><VALVE_ID_LAN><>" entered the game
L 05/17/2018 - 12:51:48: "Smolder<42><VALVE_ID_LAN><TERRORIST>" killed "Cap. Billy<41><VALVE_ID_LOOPBACK><CT>" with "deagle"
L 05/17/2018 - 12:51:48: "Calcas Peludas<49><VALVE_ID_LAN><>" joined team "TERRORIST"
L 05/17/2018 - 12:51:48: "Calango<43><VALVE_ID_LAN><CT>" killed "Smolder<42><VALVE_ID_LAN><TERRORIST>" with "deagle"
L 05/17/2018 - 12:51:51: "@te<50><VALVE_ID_LAN><>" connected, address "10.15.2.23:27005"
L 05/17/2018 - 12:51:54: "Ice_Man<48><VALVE_ID_LAN><TERRORIST>" killed "Calango<43><VALVE_ID_LAN><CT>" with "deagle"
L 05/17/2018 - 12:51:56: "@te<51><VALVE_ID_LAN><>" connected, address "10.15.2.23:27005"
L 05/17/2018 - 12:51:58: "TUX<46><VALVE_ID_LAN><TERRORIST>" killed "XXBOT Derek<45><BOT><CT>" with "deagle"
L 05/17/2018 - 12:51:58: "@te<51><VALVE_ID_LAN><>" entered the game
L 05/17/2018 - 12:52:01: "Jack<47><VALVE_ID_LAN><CT>" killed "Ice_Man<48><VALVE_ID_LAN><TERRORIST>" with "knife"
L 05/17/2018 - 12:52:02: "@te<51><VALVE_ID_LAN><>" joined team "CT"
L 05/17/2018 - 12:52:04: "Calango<43><VALVE_ID_LAN><CT>" say "kkkkk" (dead)
L 05/17/2018 - 12:52:08: "Ice_Man<48><VALVE_ID_LAN><TERRORIST>" say "drogaaaaaaa" (dead)
L 05/17/2018 - 12:52:28: "Calcas Peludas<49><VALVE_ID_LAN><TERRORIST>" killed "Jack<47><VALVE_ID_LAN><CT>" with "deagle"
L 05/17/2018 - 12:52:28: Team "TERRORIST" triggered "Terrorists_Win" (CT "0") (T "1")
L 05/17/2018 - 12:52:28: World triggered "Round_End"
L 05/17/2018 - 12:52:33: World triggered "Round_Start"
L 05/17/2018 - 12:52:41: "Smolder<42><VALVE_ID_LAN><TERRORIST>" killed "Jack<47><VALVE_ID_LAN><CT>" with "deagle"
L 05/17/2018 - 12:52:42: "Cap. Billy<41><VALVE_ID_LOOPBACK><CT>" killed "Smolder<42><VALVE_ID_LAN><TERRORIST>" with "knife"
L 05/17/2018 - 12:52:43: "Ice_Man<48><VALVE_ID_LAN><TERRORIST>" killed "Calango<43><VALVE_ID_LAN><CT>" with "deagle"
L 05/17/2018 - 12:52:44: "Cap. Billy<41><VALVE_ID_LOOPBACK><CT>" killed "GARGAMEL estripador<44><VALVE_ID_LAN><TERRORIST>" with "knife"
L 05/17/2018 - 12:52:46: "Calcas Peludas<49><VALVE_ID_LAN><TERRORIST>" killed "Cap. Billy<41><VALVE_ID_LOOPBACK><CT>" with "knife"
L 05/17/2018 - 12:52:49: "Calcas Peludas<49><VALVE_ID_LAN><TERRORIST>" killed "@te<51><VALVE_ID_LAN><CT>" with "deagle"
L 05/17/2018 - 12:53:02: "TUX<46><VALVE_ID_LAN><TERRORIST>" killed "Ice_Man<48><VALVE_ID_LAN><TERRORIST>" with "deagle"
L 05/17/2018 - 12:53:04: "Calcas Peludas<49><VALVE_ID_LAN><TERRORIST>" killed "XXBOT Derek<45><BOT><CT>" with "deagle"
L 05/17/2018 - 12:53:04: Team "TERRORIST" triggered "Terrorists_Win" (CT "0") (T "2")
L 05/17/2018 - 12:53:04: World triggered "Round_End"
L 05/17/2018 - 12:53:07: "Calango<43><VALVE_ID_LAN><CT>" say "kkkk" (dead)
L 05/17/2018 - 12:53:08: "Cap. Billy<41><VALVE_ID_LOOPBACK><CT>" say "HAHAHAHAHAHAHAHAHHA" (dead)
L 05/17/2018 - 12:53:09: World triggered "Round_Start"
L 05/17/2018 - 12:53:09: "TUX<46><VALVE_ID_LAN><TERRORIST>" committed suicide with "world"
L 05/17/2018 - 12:53:20: "XXBOT Derek<45><BOT><CT>" killed "Smolder<42><VALVE_ID_LAN><TERRORIST>" with "deagle"
L 05/17/2018 - 12:53:28: "GARGAMEL estripador<44><VALVE_ID_LAN><TERRORIST>" killed "Cap. Billy<41><VALVE_ID_LOOPBACK><CT>" with "deagle"
L 05/17/2018 - 12:53:28: "Calcas Peludas<49><VALVE_ID_LAN><TERRORIST>" killed "Calango<43><VALVE_ID_LAN><CT>" with "deagle"
L 05/17/2018 - 12:53:32: "Calcas Peludas<49><VALVE_ID_LAN><TERRORIST>" killed "@te<51><VALVE_ID_LAN><CT>" with "deagle"
L 05/17/2018 - 12:53:37: "Calcas Peludas<49><VALVE_ID_LAN><TERRORIST>" killed "Jack<47><VALVE_ID_LAN><CT>" with "deagle"
L 05/17/2018 - 12:53:39: "Calango<43><VALVE_ID_LAN><CT>" say "alguem mata calcas" (dead)
L 05/17/2018 - 12:53:41: "Ice_Man<48><VALVE_ID_LAN><TERRORIST>" killed "XXBOT Derek<45><BOT><CT>" with "deagle"
L 05/17/2018 - 12:53:41: Team "TERRORIST" triggered "Terrorists_Win" (CT "0") (T "3")
L 05/17/2018 - 12:53:41: World triggered "Round_End"
L 05/17/2018 - 12:53:46: World triggered "Round_Start"
L 05/17/2018 - 12:53:51: "Ice_Man<48><VALVE_ID_LAN><TERRORIST>" killed "Cap. Billy<41><VALVE_ID_LOOPBACK><CT>" with "deagle"
L 05/17/2018 - 12:53:55: "Ice_Man<48><VALVE_ID_LAN><TERRORIST>" killed "Calango<43><VALVE_ID_LAN><CT>" with "deagle"
L 05/17/2018 - 12:53:55: "@te<51><VALVE_ID_LAN><CT>" killed "Ice_Man<48><VALVE_ID_LAN><TERRORIST>" with "deagle"
L 05/17/2018 - 12:53:58: "@te<51><VALVE_ID_LAN><CT>" killed "Smolder<42><VALVE_ID_LAN><TERRORIST>" with "knife"
L 05/17/2018 - 12:54:00: "TUX<46><VALVE_ID_LAN><TERRORIST>" killed "Jack<47><VALVE_ID_LAN><CT>" with "deagle"
L 05/17/2018 - 12:54:06: "XXBOT Derek<45><BOT><CT>" killed "GARGAMEL estripador<44><VALVE_ID_LAN><TERRORIST>" with "deagle"
L 05/17/2018 - 12:54:07: "Calcas Peludas<49><VALVE_ID_LAN><TERRORIST>" killed "XXBOT Derek<45><BOT><CT>" with "deagle"
L 05/17/2018 - 12:54:10: "Calcas Peludas<49><VALVE_ID_LAN><TERRORIST>" killed "@te<51><VALVE_ID_LAN><CT>" with "deagle"
L 05/17/2018 - 12:54:10: Team "TERRORIST" triggered "Terrorists_Win" (CT "0") (T "4")
L 05/17/2018 - 12:54:10: World triggered "Round_End"
L 05/17/2018 - 12:54:15: World triggered "Round_Start"
L 05/17/2018 - 12:54:21: "Ice_Man<48><VALVE_ID_LAN><TERRORIST>" killed "Calango<43><VALVE_ID_LAN><CT>" with "deagle"
L 05/17/2018 - 12:54:21: "Jack<47><VALVE_ID_LAN><CT>" killed "Calcas Peludas<49><VALVE_ID_LAN><TERRORIST>" with "deagle"
L 05/17/2018 - 12:54:25: "TUX<46><VALVE_ID_LAN><TERRORIST>" killed "Jack<47><VALVE_ID_LAN><CT>" with "deagle"
L 05/17/2018 - 12:54:26: "TUX<46><VALVE_ID_LAN><TERRORIST>" killed "@te<51><VALVE_ID_LAN><CT>" with "deagle"
L 05/17/2018 - 12:54:27: "GARGAMEL estripador<44><VALVE_ID_LAN><TERRORIST>" killed "Cap. Billy<41><VALVE_ID_LOOPBACK><CT>" with "deagle"
L 05/17/2018 - 12:54:30: "XXBOT Derek<45><BOT><CT>" killed "Ice_Man<48><VALVE_ID_LAN><TERRORIST>" with "deagle"
L 05/17/2018 - 12:54:34: "XXBOT Derek<45><BOT><CT>" killed "Smolder<42><VALVE_ID_LAN><TERRORIST>" with "deagle"
L 05/17/2018 - 12:54:35: "TUX<46><VALVE_ID_LAN><TERRORIST>" killed "XXBOT Derek<45><BOT><CT>" with "deagle"
L 05/17/2018 - 12:54:35: Team "TERRORIST" triggered "Terrorists_Win" (CT "0") (T "5")
L 05/17/2018 - 12:54:35: World triggered "Round_End"
L 05/17/2018 - 12:54:40: World triggered "Round_Start"
L 05/17/2018 - 12:54:51: "Smolder<42><VALVE_ID_LAN><TERRORIST>" killed "XXBOT Derek<45><BOT><CT>" with "knife"
L 05/17/2018 - 12:54:52: "Jack<47><VALVE_ID_LAN><CT>" killed "Smolder<42><VALVE_ID_LAN><TERRORIST>" with "deagle"
L 05/17/2018 - 12:54:52: "TUX<46><VALVE_ID_LAN><TERRORIST>" killed "Calango<43><VALVE_ID_LAN><CT>" with "deagle"
L 05/17/2018 - 12:54:54: "GARGAMEL estripador<44><VALVE_ID_LAN><TERRORIST>" killed "Jack<47><VALVE_ID_LAN><CT>" with "knife"
L 05/17/2018 - 12:54:55: "TUX<46><VALVE_ID_LAN><TERRORIST>" killed "@te<51><VALVE_ID_LAN><CT>" with "deagle"
L 05/17/2018 - 12:54:57: "GARGAMEL estripador<44><VALVE_ID_LAN><TERRORIST>" killed "Cap. Billy<41><VALVE_ID_LOOPBACK><CT>" with "knife"
L 05/17/2018 - 12:54:57: Team "TERRORIST" triggered "Terrorists_Win" (CT "0") (T "6")
L 05/17/2018 - 12:54:57: World triggered "Round_End"
L 05/17/2018 - 12:55:02: "Calango<43><VALVE_ID_LAN><CT>" say "taosso" (dead)
L 05/17/2018 - 12:55:02: World triggered "Round_Start"
L 05/17/2018 - 12:55:08: "Jack<47><VALVE_ID_LAN><CT>" killed "GARGAMEL estripador<44><VALVE_ID_LAN><TERRORIST>" with "deagle"
L 05/17/2018 - 12:55:09: "Smolder<42><VALVE_ID_LAN><TERRORIST>" killed "Jack<47><VALVE_ID_LAN><CT>" with "deagle"
L 05/17/2018 - 12:55:13: "Calcas Peludas<49><VALVE_ID_LAN><TERRORIST>" killed "Cap. Billy<41><VALVE_ID_LOOPBACK><CT>" with "deagle"
L 05/17/2018 - 12:55:14: "TUX<46><VALVE_ID_LAN><TERRORIST>" killed "XXBOT Derek<45><BOT><CT>" with "deagle"
L 05/17/2018 - 12:55:15: "Calango<43><VALVE_ID_LAN><CT>" killed "Smolder<42><VALVE_ID_LAN><TERRORIST>" with "deagle"
L 05/17/2018 - 12:55:21: "TUX<46><VALVE_ID_LAN><TERRORIST>" killed "@te<51><VALVE_ID_LAN><CT>" with "deagle"
L 05/17/2018 - 12:55:22: "Jack<47><VALVE_ID_LAN><CT>" say "penhas" (dead)
L 05/17/2018 - 12:55:22: "GARGAMEL estripador<44><VALVE_ID_LAN><TERRORIST>" say " olha o lombo" (dead)
L 05/17/2018 - 12:55:28: "Smolder<42><VALVE_ID_LAN><TERRORIST>" say "golpe do esporao" (dead)
L 05/17/2018 - 12:55:30: "Calango<43><VALVE_ID_LAN><CT>" killed "Calcas Peludas<49><VALVE_ID_LAN><TERRORIST>" with "deagle"
L 05/17/2018 - 12:55:31: "Calango<43><VALVE_ID_LAN><CT>" killed "Ice_Man<48><VALVE_ID_LAN><TERRORIST>" with "deagle"
L 05/17/2018 - 12:55:32: "Cap. Billy<41><VALVE_ID_LOOPBACK><CT>" say "TINH UM CARA ATIRANDO EM MIM!!!!" (dead)
L 05/17/2018 - 12:55:32: "TUX<46><VALVE_ID_LAN><TERRORIST>" killed "Calango<43><VALVE_ID_LAN><CT>" with "knife"
L 05/17/2018 - 12:55:32: Team "TERRORIST" triggered "Terrorists_Win" (CT "0") (T "7")
L 05/17/2018 - 12:55:32: World triggered "Round_End"
L 05/17/2018 - 12:55:34: "Ice_Man<48><VALVE_ID_LAN><TERRORIST>" say "tome" (dead)
L 05/17/2018 - 12:55:34: "GARGAMEL estripador<44><VALVE_ID_LAN><TERRORIST>" say "kkkkk" (dead)
L 05/17/2018 - 12:55:37: World triggered "Round_Start"
L 05/17/2018 - 12:55:38: "@te<51><VALVE_ID_LAN><CT>" say_team "juntos"
L 05/17/2018 - 12:55:38: "Ice_Man<48><VALVE_ID_LAN><TERRORIST>" say "so destraih"
L 05/17/2018 - 12:55:40: "GARGAMEL estripador<44><VALVE_ID_LAN><TERRORIST>" say " o golpe do peru doido"
L 05/17/2018 - 12:55:41: "Cap. Billy<41><VALVE_ID_LOOPBACK><CT>" killed "Ice_Man<48><VALVE_ID_LAN><TERRORIST>" with "deagle"
L 05/17/2018 - 12:55:42: "Cap. Billy<41><VALVE_ID_LOOPBACK><CT>" killed "Calcas Peludas<49><VALVE_ID_LAN><TERRORIST>" with "deagle"
L 05/17/2018 - 12:55:50: "Jack<47><VALVE_ID_LAN><CT>" killed "GARGAMEL estripador<44><VALVE_ID_LAN><TERRORIST>" with "deagle"
L 05/17/2018 - 12:55:52: "Cap. Billy<41><VALVE_ID_LOOPBACK><CT>" killed "TUX<46><VALVE_ID_LAN><TERRORIST>" with "knife"
L 05/17/2018 - 12:55:55: "Calcas Peludas<49><VALVE_ID_LAN><TERRORIST>" say "kkkkkkkkkkkkkkkkkkkk" (dead)
L 05/17/2018 - 12:55:57: "@te<51><VALVE_ID_LAN><CT>" killed "Smolder<42><VALVE_ID_LAN><TERRORIST>" with "knife"
L 05/17/2018 - 12:55:57: Team "CT" triggered "CTs_Win" (CT "1") (T "7")
L 05/17/2018 - 12:55:57: World triggered "Round_End"
L 05/17/2018 - 12:56:02: World triggered "Round_Start"
L 05/17/2018 - 12:56:12: "Calango<43><VALVE_ID_LAN><CT>" killed "TUX<46><VALVE_ID_LAN><TERRORIST>" with "deagle"
L 05/17/2018 - 12:56:14: "Ice_Man<48><VALVE_ID_LAN><TERRORIST>" killed "Jack<47><VALVE_ID_LAN><CT>" with "deagle"
L 05/17/2018 - 12:56:16: "XXBOT Derek<45><BOT><CT>" killed "GARGAMEL estripador<44><VALVE_ID_LAN><TERRORIST>" with "deagle"
L 05/17/2018 - 12:56:17: "XXBOT Derek<45><BOT><CT>" killed "Calcas Peludas<49><VALVE_ID_LAN><TERRORIST>" with "deagle"
L 05/17/2018 - 12:56:22: "Smolder<42><VALVE_ID_LAN><TERRORIST>" killed "Calango<43><VALVE_ID_LAN><CT>" with "deagle"
L 05/17/2018 - 12:56:24: "Ice_Man<48><VALVE_ID_LAN><TERRORIST>" killed "Cap. Billy<41><VALVE_ID_LOOPBACK><CT>" with "deagle"
L 05/17/2018 - 12:56:25: "@te<51><VALVE_ID_LAN><CT>" killed "Smolder<42><VALVE_ID_LAN><TERRORIST>" with "deagle"
L 05/17/2018 - 12:56:30: "@te<51><VALVE_ID_LAN><CT>" killed "Ice_Man<48><VALVE_ID_LAN><TERRORIST>" with "deagle"
L 05/17/2018 - 12:56:30: Team "CT" triggered "CTs_Win" (CT "2") (T "7")
L 05/17/2018 - 12:56:30: World triggered "Round_End"
L 05/17/2018 - 12:56:31: "Calcas Peludas<49><VALVE_ID_LAN><TERRORIST>" say "smolder salvou legal" (dead)
L 05/17/2018 - 12:56:35: World triggered "Round_Start"
L 05/17/2018 - 12:56:45: "GARGAMEL estripador<44><VALVE_ID_LAN><TERRORIST>" killed "Jack<47><VALVE_ID_LAN><CT>" with "knife"
L 05/17/2018 - 12:56:47: "Calango<43><VALVE_ID_LAN><CT>" killed "GARGAMEL estripador<44><VALVE_ID_LAN><TERRORIST>" with "deagle"
L 05/17/2018 - 12:56:51: "Ice_Man<48><VALVE_ID_LAN><TERRORIST>" killed "Calango<43><VALVE_ID_LAN><CT>" with "deagle"
L 05/17/2018 - 12:56:51: "@te<51><VALVE_ID_LAN><CT>" killed "Smolder<42><VALVE_ID_LAN><TERRORIST>" with "deagle"
L 05/17/2018 - 12:56:52: "Cap. Billy<41><VALVE_ID_LOOPBACK><CT>" killed "TUX<46><VALVE_ID_LAN><TERRORIST>" with "deagle"
L 05/17/2018 - 12:56:54: "XXBOT Derek<45><BOT><CT>" killed "Calcas Peludas<49><VALVE_ID_LAN><TERRORIST>" with "deagle"
L 05/17/2018 - 12:57:00: "Ice_Man<48><VALVE_ID_LAN><TERRORIST>" killed "@te<51><VALVE_ID_LAN><CT>" with "deagle"
L 05/17/2018 - 12:57:07: "Cap. Billy<41><VALVE_ID_LOOPBACK><CT>" killed "Ice_Man<48><VALVE_ID_LAN><TERRORIST>" with "deagle"
L 05/17/2018 - 12:57:07: Team "CT" triggered "CTs_Win" (CT "3") (T "7")
L 05/17/2018 - 12:57:07: World triggered "Round_End"
L 05/17/2018 - 12:57:12: World triggered "Round_Start"
L 05/17/2018 - 12:57:17: "TUX<46><VALVE_ID_LAN><TERRORIST>" killed "Cap. Billy<41><VALVE_ID_LOOPBACK><CT>" with "deagle"
L 05/17/2018 - 12:57:19: "Smolder<42><VALVE_ID_LAN><TERRORIST>" killed "Jack<47><VALVE_ID_LAN><CT>" with "deagle"
L 05/17/2018 - 12:57:23: "XXBOT Derek<45><BOT><CT>" killed "Smolder<42><VALVE_ID_LAN><TERRORIST>" with "deagle"
L 05/17/2018 - 12:57:24: "Ice_Man<48><VALVE_ID_LAN><TERRORIST>" killed "@te<51><VALVE_ID_LAN><CT>" with "deagle"
L 05/17/2018 - 12:57:27: "XXBOT Derek<45><BOT><CT>" killed "GARGAMEL estripador<44><VALVE_ID_LAN><TERRORIST>" with "deagle"
L 05/17/2018 - 12:57:29: "Calango<43><VALVE_ID_LAN><CT>" killed "Ice_Man<48><VALVE_ID_LAN><TERRORIST>" with "deagle"
L 05/17/2018 - 12:57:35: "XXBOT Derek<45><BOT><CT>" killed "Calcas Peludas<49><VALVE_ID_LAN><TERRORIST>" with "deagle"
L 05/17/2018 - 12:57:40: "TUX<46><VALVE_ID_LAN><TERRORIST>" killed "XXBOT Derek<45><BOT><CT>" with "deagle"
L 05/17/2018 - 12:57:49: "Calango<43><VALVE_ID_LAN><CT>" killed "TUX<46><VALVE_ID_LAN><TERRORIST>" with "deagle"
L 05/17/2018 - 12:57:49: Team "CT" triggered "CTs_Win" (CT "4") (T "7")
L 05/17/2018 - 12:57:49: World triggered "Round_End"
L 05/17/2018 - 12:57:53: "@te<51><VALVE_ID_LAN><CT>" say_team "vamos ficar e juntos" (dead)
L 05/17/2018 - 12:57:54: World triggered "Round_Start"
L 05/17/2018 - 12:58:04: "Calcas Peludas<49><VALVE_ID_LAN><TERRORIST>" killed "Calango<43><VALVE_ID_LAN><CT>" with "deagle"
L 05/17/2018 - 12:58:06: "@te<51><VALVE_ID_LAN><CT>" killed "TUX<46><VALVE_ID_LAN><TERRORIST>" with "deagle"
L 05/17/2018 - 12:58:08: "Smolder<42><VALVE_ID_LAN><TERRORIST>" killed "XXBOT Derek<45><BOT><CT>" with "deagle"
L 05/17/2018 - 12:58:11: "Jack<47><VALVE_ID_LAN><CT>" killed "GARGAMEL estripador<44><VALVE_ID_LAN><TERRORIST>" with "deagle"
L 05/17/2018 - 12:58:23: "Jack<47><VALVE_ID_LAN><CT>" killed "Ice_Man<48><VALVE_ID_LAN><TERRORIST>" with "deagle"
L 05/17/2018 - 12:58:26: "Jack<47><VALVE_ID_LAN><CT>" killed "Smolder<42><VALVE_ID_LAN><TERRORIST>" with "knife"
L 05/17/2018 - 12:58:30: "Calango<43><VALVE_ID_LAN><CT>" say_team "uiaaa" (dead)
L 05/17/2018 - 12:58:35: "Calcas Peludas<49><VALVE_ID_LAN><TERRORIST>" killed "Cap. Billy<41><VALVE_ID_LOOPBACK><CT>" with "deagle"
L 05/17/2018 - 12:58:44: "Calango<43><VALVE_ID_LAN><CT>" say "timeleft" (dead)
L 05/17/2018 - 12:58:44: "Ice_Man<48><VALVE_ID_LAN><TERRORIST>" say "so escutou o vento passando" (dead)
L 05/17/2018 - 12:58:51: "@te<51><VALVE_ID_LAN><CT>" killed "Calcas Peludas<49><VALVE_ID_LAN><TERRORIST>" with "deagle"
L 05/17/2018 - 12:58:51: Team "CT" triggered "CTs_Win" (CT "5") (T "7")
L 05/17/2018 - 12:58:51: World triggered "Round_End"
L 05/17/2018 - 12:58:52: "GARGAMEL estripador<44><VALVE_ID_LAN><TERRORIST>" say " vcuidado" (dead)
L 05/17/2018 - 12:58:56: World triggered "Round_Start"
L 05/17/2018 - 12:58:56: "Calango<43><VALVE_ID_LAN><CT>" say "timeleft"
L 05/17/2018 - 12:59:09: "XXBOT Derek<45><BOT><CT>" killed "TUX<46><VALVE_ID_LAN><TERRORIST>" with "deagle"
L 05/17/2018 - 12:59:09: "Jack<47><VALVE_ID_LAN><CT>" killed "GARGAMEL estripador<44><VALVE_ID_LAN><TERRORIST>" with "knife"
L 05/17/2018 - 12:59:11: "Calcas Peludas<49><VALVE_ID_LAN><TERRORIST>" killed "Calango<43><VALVE_ID_LAN><CT>" with "knife"
L 05/17/2018 - 12:59:13: "XXBOT Derek<45><BOT><CT>" killed "Smolder<42><VALVE_ID_LAN><TERRORIST>" with "deagle"
L 05/17/2018 - 12:59:14: "@te<51><VALVE_ID_LAN><CT>" killed "Calcas Peludas<49><VALVE_ID_LAN><TERRORIST>" with "knife"
L 05/17/2018 - 12:59:16: Server cvar "bot_quota" = "0"
L 05/17/2018 - 12:59:16: Kick: "XXBOT Derek<45><UNKNOWN><>" was kicked by "Cap. Billy"
L 05/17/2018 - 12:59:16: "XXBOT Derek<45><BOT><CT>" disconnected
L 05/17/2018 - 12:59:21: "Calcas Peludas<49><VALVE_ID_LAN><TERRORIST>" say "so faca" (dead)
L 05/17/2018 - 12:59:25: "Cap. Billy<41><VALVE_ID_LOOPBACK><CT>" killed "Ice_Man<48><VALVE_ID_LAN><TERRORIST>" with "knife"
L 05/17/2018 - 12:59:25: Team "CT" triggered "CTs_Win" (CT "6") (T "7")
L 05/17/2018 - 12:59:25: World triggered "Round_End"
L 05/17/2018 - 12:59:30: World triggered "Round_Start"
L 05/17/2018 - 12:59:30: "Cap. Billy<41><VALVE_ID_LOOPBACK><CT>" say "SOH FACA NESSSAAAA"
L 05/17/2018 - 12:59:42: Server cvar "amx_nextmap" = "pistols2"
L 05/17/2018 - 12:59:48: "Calango<43><VALVE_ID_LAN><CT>" killed "Calcas Peludas<49><VALVE_ID_LAN><TERRORIST>" with "knife"
L 05/17/2018 - 12:59:53: "Cap. Billy<41><VALVE_ID_LOOPBACK><CT>" killed "Smolder<42><VALVE_ID_LAN><TERRORIST>" with "knife"
L 05/17/2018 - 12:59:54: "Ice_Man<48><VALVE_ID_LAN><TERRORIST>" killed "Cap. Billy<41><VALVE_ID_LOOPBACK><CT>" with "knife"
L 05/17/2018 - 12:59:54: "GARGAMEL estripador<44><VALVE_ID_LAN><TERRORIST>" killed "@te<51><VALVE_ID_LAN><CT>" with "knife"
L 05/17/2018 - 12:59:58: "Calango<43><VALVE_ID_LAN><CT>" killed "Ice_Man<48><VALVE_ID_LAN><TERRORIST>" with "knife"
L 05/17/2018 - 12:59:59: "GARGAMEL estripador<44><VALVE_ID_LAN><TERRORIST>" killed "Calango<43><VALVE_ID_LAN><CT>" with "knife"
L 05/17/2018 - 13:00:01: "Jack<47><VALVE_ID_LAN><CT>" killed "GARGAMEL estripador<44><VALVE_ID_LAN><TERRORIST>" with "knife"
L 05/17/2018 - 13:00:02: "TUX<46><VALVE_ID_LAN><TERRORIST>" killed "Jack<47><VALVE_ID_LAN><CT>" with "knife"
L 05/17/2018 - 13:00:02: Team "TERRORIST" triggered "Terrorists_Win" (CT "6") (T "8")
L 05/17/2018 - 13:00:02: World triggered "Round_End"
L 05/17/2018 - 13:00:04: "Calcas Peludas<49><VALVE_ID_LAN><TERRORIST>" say "todo mundo na ponte de ferro" (dead)
L 05/17/2018 - 13:00:05: "GARGAMEL estripador<44><VALVE_ID_LAN><TERRORIST>" say "kkk" (dead)
L 05/17/2018 - 13:00:07: World triggered "Round_Start"
L 05/17/2018 - 13:00:07: "Calcas Peludas<49><VALVE_ID_LAN><TERRORIST>" say "na ponte"
L 05/17/2018 - 13:00:20: "Cap. Billy<41><VALVE_ID_LOOPBACK><CT>" killed "GARGAMEL estripador<44><VALVE_ID_LAN><TERRORIST>" with "knife"
L 05/17/2018 - 13:00:20: "Calcas Peludas<49><VALVE_ID_LAN><TERRORIST>" killed "Jack<47><VALVE_ID_LAN><CT>" with "knife"
L 05/17/2018 - 13:00:22: "@te<51><VALVE_ID_LAN><CT>" killed "Ice_Man<48><VALVE_ID_LAN><TERRORIST>" with "knife"
L 05/17/2018 - 13:00:22: "Calango<43><VALVE_ID_LAN><CT>" killed "TUX<46><VALVE_ID_LAN><TERRORIST>" with "knife"
L 05/17/2018 - 13:00:25: "Calango<43><VALVE_ID_LAN><CT>" killed "Calcas Peludas<49><VALVE_ID_LAN><TERRORIST>" with "knife"
L 05/17/2018 - 13:00:28: "Smolder<42><VALVE_ID_LAN><TERRORIST>" killed "Calango<43><VALVE_ID_LAN><CT>" with "knife"
L 05/17/2018 - 13:00:28: "@te<51><VALVE_ID_LAN><CT>" killed "Smolder<42><VALVE_ID_LAN><TERRORIST>" with "knife"
L 05/17/2018 - 13:00:28: Team "CT" triggered "CTs_Win" (CT "7") (T "8")
L 05/17/2018 - 13:00:28: World triggered "Round_End"
L 05/17/2018 - 13:00:33: World triggered "Round_Start"
L 05/17/2018 - 13:00:48: "Calango<43><VALVE_ID_LAN><CT>" killed "Ice_Man<48><VALVE_ID_LAN><TERRORIST>" with "knife"
L 05/17/2018 - 13:00:48: "Cap. Billy<41><VALVE_ID_LOOPBACK><CT>" killed "Smolder<42><VALVE_ID_LAN><TERRORIST>" with "knife"
L 05/17/2018 - 13:00:49: "Calcas Peludas<49><VALVE_ID_LAN><TERRORIST>" killed "Jack<47><VALVE_ID_LAN><CT>" with "knife"
L 05/17/2018 - 13:00:50: "@te<51><VALVE_ID_LAN><CT>" killed "GARGAMEL estripador<44><VALVE_ID_LAN><TERRORIST>" with "knife"
L 05/17/2018 - 13:00:50: "Calango<43><VALVE_ID_LAN><CT>" killed "Calcas Peludas<49><VALVE_ID_LAN><TERRORIST>" with "knife"
L 05/17/2018 - 13:00:54: "TUX<46><VALVE_ID_LAN><TERRORIST>" killed "@te<51><VALVE_ID_LAN><CT>" with "knife"
L 05/17/2018 - 13:00:55: "TUX<46><VALVE_ID_LAN><TERRORIST>" killed "Calango<43><VALVE_ID_LAN><CT>" with "knife"
L 05/17/2018 - 13:00:56: "Cap. Billy<41><VALVE_ID_LOOPBACK><CT>" killed "TUX<46><VALVE_ID_LAN><TERRORIST>" with "knife"
L 05/17/2018 - 13:00:56: Team "CT" triggered "CTs_Win" (CT "8") (T "8")
L 05/17/2018 - 13:00:56: World triggered "Round_End"
L 05/17/2018 - 13:01:01: "Calcas Peludas<49><VALVE_ID_LAN><TERRORIST>" say "boa tux" (dead)
L 05/17/2018 - 13:01:02: World triggered "Round_Start"
L 05/17/2018 - 13:01:02: "Jack<47><VALVE_ID_LAN><CT>" say "chao"
L 05/17/2018 - 13:01:03: "Cap. Billy<41><VALVE_ID_LOOPBACK><CT>" say "NA RAMPOAAA"
L 05/17/2018 - 13:01:15: "Calango<43><VALVE_ID_LAN><CT>" killed "GARGAMEL estripador<44><VALVE_ID_LAN><TERRORIST>" with "knife"
L 05/17/2018 - 13:01:15: "Ice_Man<48><VALVE_ID_LAN><TERRORIST>" killed "@te<51><VALVE_ID_LAN><CT>" with "knife"
L 05/17/2018 - 13:01:16: "Calcas Peludas<49><VALVE_ID_LAN><TERRORIST>" killed "Calango<43><VALVE_ID_LAN><CT>" with "knife"
L 05/17/2018 - 13:01:16: "Cap. Billy<41><VALVE_ID_LOOPBACK><CT>" killed "Ice_Man<48><VALVE_ID_LAN><TERRORIST>" with "knife"
L 05/17/2018 - 13:01:19: "Jack<47><VALVE_ID_LAN><CT>" killed "Calcas Peludas<49><VALVE_ID_LAN><TERRORIST>" with "knife"
L 05/17/2018 - 13:01:22: "TUX<46><VALVE_ID_LAN><TERRORIST>" killed "Cap. Billy<41><VALVE_ID_LOOPBACK><CT>" with "knife"
L 05/17/2018 - 13:01:24: "Smolder<42><VALVE_ID_LAN><TERRORIST>" killed "Jack<47><VALVE_ID_LAN><CT>" with "knife"
L 05/17/2018 - 13:01:24: Team "TERRORIST" triggered "Terrorists_Win" (CT "8") (T "9")
L 05/17/2018 - 13:01:24: World triggered "Round_End"
L 05/17/2018 - 13:01:29: World triggered "Round_Start"
L 05/17/2018 - 13:01:29: "Jack<47><VALVE_ID_LAN><CT>" say "chao"
L 05/17/2018 - 13:01:35: "Smolder<42><VALVE_ID_LAN><TERRORIST>" killed "Calango<43><VALVE_ID_LAN><CT>" with "knife"
L 05/17/2018 - 13:01:35: Team "CT" scored "8" with "4" players
L 05/17/2018 - 13:01:35: Team "TERRORIST" scored "9" with "5" players
L 05/17/2018 - 13:01:39: "TUX<46><VALVE_ID_LAN><TERRORIST>" triggered "weaponstats" (weapon "deagle") (shots "83") (hits "30") (kills "12") (headshots "8") (tks "1") (damage "1695") (deaths "6")
L 05/17/2018 - 13:01:39: "TUX<46><VALVE_ID_LAN><TERRORIST>" triggered "weaponstats2" (weapon "deagle") (head "9") (chest "5") (stomach "1") (leftarm "10") (rightarm "4") (leftleg "0") (rightleg "1")
L 05/17/2018 - 13:01:39: "TUX<46><VALVE_ID_LAN><TERRORIST>" triggered "weaponstats" (weapon "knife") (shots "18") (hits "10") (kills "5") (headshots "2") (tks "0") (damage "512") (deaths "3")
L 05/17/2018 - 13:01:39: "TUX<46><VALVE_ID_LAN><TERRORIST>" triggered "weaponstats2" (weapon "knife") (head "3") (chest "2") (stomach "0") (leftarm "1") (rightarm "2") (leftleg "2") (rightleg "0")
L 05/17/2018 - 13:01:39: "TUX<46><VALVE_ID_LAN><TERRORIST>" triggered "time" (time "10:07")
L 05/17/2018 - 13:01:39: "TUX<46><VALVE_ID_LAN><TERRORIST>" triggered "latency" (ping "12")
L 05/17/2018 - 13:01:39: "Cap. Billy<41><VALVE_ID_LOOPBACK><CT>" triggered "weaponstats" (weapon "deagle") (shots "81") (hits "16") (kills "4") (headshots "2") (tks "0") (damage "794") (deaths "5")
L 05/17/2018 - 13:01:39: "Cap. Billy<41><VALVE_ID_LOOPBACK><CT>" triggered "weaponstats2" (weapon "deagle") (head "3") (chest "2") (stomach "1") (leftarm "4") (rightarm "6") (leftleg "0") (rightleg "0")
L 05/17/2018 - 13:01:39: "Cap. Billy<41><VALVE_ID_LOOPBACK><CT>" triggered "weaponstats" (weapon "knife") (shots "41") (hits "16") (kills "9") (headshots "4") (tks "0") (damage "1212") (deaths "7")
L 05/17/2018 - 13:01:39: "Cap. Billy<41><VALVE_ID_LOOPBACK><CT>" triggered "weaponstats2" (weapon "knife") (head "6") (chest "2") (stomach "0") (leftarm "3") (rightarm "4") (leftleg "0") (rightleg "1")
L 05/17/2018 - 13:01:39: "Cap. Billy<41><VALVE_ID_LOOPBACK><CT>" triggered "time" (time "10:11")
L 05/17/2018 - 13:01:39: "Cap. Billy<41><VALVE_ID_LOOPBACK><CT>" triggered "latency" (ping "0")
L 05/17/2018 - 13:01:39: "Smolder<42><VALVE_ID_LAN><TERRORIST>" triggered "weaponstats" (weapon "deagle") (shots "74") (hits "21") (kills "6") (headshots "0") (tks "0") (damage "758") (deaths "5")
L 05/17/2018 - 13:01:39: "Smolder<42><VALVE_ID_LAN><TERRORIST>" triggered "weaponstats2" (weapon "deagle") (head "1") (chest "1") (stomach "2") (leftarm "12") (rightarm "4") (leftleg "0") (rightleg "1")
L 05/17/2018 - 13:01:39: "Smolder<42><VALVE_ID_LAN><TERRORIST>" triggered "weaponstats" (weapon "knife") (shots "31") (hits "14") (kills "4") (headshots "0") (tks "0") (damage "844") (deaths "11")
L 05/17/2018 - 13:01:39: "Smolder<42><VALVE_ID_LAN><TERRORIST>" triggered "weaponstats2" (weapon "knife") (head "4") (chest "2") (stomach "0") (leftarm "4") (rightarm "3") (leftleg "0") (rightleg "1")
L 05/17/2018 - 13:01:39: "Smolder<42><VALVE_ID_LAN><TERRORIST>" triggered "time" (time "10:09")
L 05/17/2018 - 13:01:39: "Smolder<42><VALVE_ID_LAN><TERRORIST>" triggered "latency" (ping "6")
L 05/17/2018 - 13:01:39: "Calango<43><VALVE_ID_LAN><CT>" triggered "weaponstats" (weapon "deagle") (shots "86") (hits "28") (kills "8") (headshots "1") (tks "0") (damage "1052") (deaths "7")
L 05/17/2018 - 13:01:39: "Calango<43><VALVE_ID_LAN><CT>" triggered "weaponstats2" (weapon "deagle") (head "1") (chest "6") (stomach "3") (leftarm "9") (rightarm "7") (leftleg "0") (rightleg "2")
L 05/17/2018 - 13:01:39: "Calango<43><VALVE_ID_LAN><CT>" triggered "weaponstats" (weapon "knife") (shots "40") (hits "15") (kills "7") (headshots "1") (tks "0") (damage "1101") (deaths "9")
L 05/17/2018 - 13:01:39: "Calango<43><VALVE_ID_LAN><CT>" triggered "weaponstats2" (weapon "knife") (head "2") (chest "4") (stomach "0") (leftarm "2") (rightarm "6") (leftleg "0") (rightleg "1")
L 05/17/2018 - 13:01:39: "Calango<43><VALVE_ID_LAN><CT>" triggered "time" (time "10:08")
L 05/17/2018 - 13:01:39: "Calango<43><VALVE_ID_LAN><CT>" triggered "latency" (ping "8")
L 05/17/2018 - 13:01:39: "GARGAMEL estripador<44><VALVE_ID_LAN><TERRORIST>" triggered "weaponstats" (weapon "deagle") (shots "48") (hits "7") (kills "2") (headshots "1") (tks "0") (damage "307") (deaths "2")
L 05/17/2018 - 13:01:39: "GARGAMEL estripador<44><VALVE_ID_LAN><TERRORIST>" triggered "weaponstats2" (weapon "deagle") (head "1") (chest "3") (stomach "0") (leftarm "1") (rightarm "1") (leftleg "0") (rightleg "1")
L 05/17/2018 - 13:01:39: "GARGAMEL estripador<44><VALVE_ID_LAN><TERRORIST>" triggered "weaponstats" (weapon "knife") (shots "25") (hits "17") (kills "5") (headshots "2") (tks "0") (damage "1156") (deaths "11")
L 05/17/2018 - 13:01:39: "GARGAMEL estripador<44><VALVE_ID_LAN><TERRORIST>" triggered "weaponstats2" (weapon "knife") (head "5") (chest "3") (stomach "3") (leftarm "0") (rightarm "2") (leftleg "4") (rightleg "0")
L 05/17/2018 - 13:01:39: "GARGAMEL estripador<44><VALVE_ID_LAN><TERRORIST>" triggered "time" (time "10:07")
L 05/17/2018 - 13:01:39: "GARGAMEL estripador<44><VALVE_ID_LAN><TERRORIST>" triggered "latency" (ping "9")
L 05/17/2018 - 13:01:39: "Jack<47><VALVE_ID_LAN><CT>" triggered "weaponstats" (weapon "deagle") (shots "74") (hits "25") (kills "6") (headshots "1") (tks "0") (damage "986") (deaths "6")
L 05/17/2018 - 13:01:39: "Jack<47><VALVE_ID_LAN><CT>" triggered "weaponstats2" (weapon "deagle") (head "5") (chest "3") (stomach "3") (leftarm "7") (rightarm "5") (leftleg "0") (rightleg "2")
L 05/17/2018 - 13:01:39: "Jack<47><VALVE_ID_LAN><CT>" triggered "weaponstats" (weapon "knife") (shots "29") (hits "17") (kills "5") (headshots "4") (tks "0") (damage "1065") (deaths "8")
L 05/17/2018 - 13:01:39: "Jack<47><VALVE_ID_LAN><CT>" triggered "weaponstats2" (weapon "knife") (head "8") (chest "2") (stomach "1") (leftarm "0") (rightarm "5") (leftleg "0") (rightleg "1")
L 05/17/2018 - 13:01:39: "Jack<47><VALVE_ID_LAN><CT>" triggered "time" (time "10:06")
L 05/17/2018 - 13:01:39: "Jack<47><VALVE_ID_LAN><CT>" triggered "latency" (ping "8")
L 05/17/2018 - 13:01:39: "Ice_Man<48><VALVE_ID_LAN><TERRORIST>" triggered "weaponstats" (weapon "deagle") (shots "139") (hits "37") (kills "11") (headshots "3") (tks "0") (damage "1595") (deaths "10")
L 05/17/2018 - 13:01:39: "Ice_Man<48><VALVE_ID_LAN><TERRORIST>" triggered "weaponstats2" (weapon "deagle") (head "3") (chest "6") (stomach "5") (leftarm "14") (rightarm "2") (leftleg "4") (rightleg "3")
L 05/17/2018 - 13:01:39: "Ice_Man<48><VALVE_ID_LAN><TERRORIST>" triggered "weaponstats" (weapon "knife") (shots "7") (hits "4") (kills "2") (headshots "1") (tks "0") (damage "496") (deaths "5")
L 05/17/2018 - 13:01:39: "Ice_Man<48><VALVE_ID_LAN><TERRORIST>" triggered "weaponstats2" (weapon "knife") (head "2") (chest "1") (stomach "0") (leftarm "0") (rightarm "0") (leftleg "1") (rightleg "0")
L 05/17/2018 - 13:01:39: "Ice_Man<48><VALVE_ID_LAN><TERRORIST>" triggered "time" (time "10:02")
L 05/17/2018 - 13:01:39: "Ice_Man<48><VALVE_ID_LAN><TERRORIST>" triggered "latency" (ping "153")
L 05/17/2018 - 13:01:39: "Calcas Peludas<49><VALVE_ID_LAN><TERRORIST>" triggered "weaponstats" (weapon "deagle") (shots "124") (hits "44") (kills "11") (headshots "2") (tks "0") (damage "1555") (deaths "5")
L 05/17/2018 - 13:01:39: "Calcas Peludas<49><VALVE_ID_LAN><TERRORIST>" triggered "weaponstats2" (weapon "deagle") (head "3") (chest "11") (stomach "4") (leftarm "14") (rightarm "7") (leftleg "3") (rightleg "2")
L 05/17/2018 - 13:01:39: "Calcas Peludas<49><VALVE_ID_LAN><TERRORIST>" triggered "weaponstats" (weapon "knife") (shots "23") (hits "9") (kills "5") (headshots "1") (tks "0") (damage "625") (deaths "7")
L 05/17/2018 - 13:01:39: "Calcas Peludas<49><VALVE_ID_LAN><TERRORIST>" triggered "weaponstats2" (weapon "knife") (head "2") (chest "2") (stomach "1") (leftarm "1") (rightarm "3") (leftleg "0") (rightleg "0")
L 05/17/2018 - 13:01:39: "Calcas Peludas<49><VALVE_ID_LAN><TERRORIST>" triggered "time" (time "9:52")
L 05/17/2018 - 13:01:39: "Calcas Peludas<49><VALVE_ID_LAN><TERRORIST>" triggered "latency" (ping "12")
L 05/17/2018 - 13:01:39: "@te<51><VALVE_ID_LAN><CT>" triggered "weaponstats" (weapon "deagle") (shots "59") (hits "18") (kills "6") (headshots "0") (tks "0") (damage "622") (deaths "4")
L 05/17/2018 - 13:01:39: "@te<51><VALVE_ID_LAN><CT>" triggered "weaponstats2" (weapon "deagle") (head "2") (chest "3") (stomach "2") (leftarm "2") (rightarm "6") (leftleg "2") (rightleg "1")
L 05/17/2018 - 13:01:39: "@te<51><VALVE_ID_LAN><CT>" triggered "weaponstats" (weapon "knife") (shots "19") (hits "11") (kills "6") (headshots "5") (tks "0") (damage "937") (deaths "7")
L 05/17/2018 - 13:01:39: "@te<51><VALVE_ID_LAN><CT>" triggered "weaponstats2" (weapon "knife") (head "5") (chest "0") (stomach "1") (leftarm "1") (rightarm "3") (leftleg "1") (rightleg "0")
L 05/17/2018 - 13:01:39: "@te<51><VALVE_ID_LAN><CT>" triggered "time" (time "9:40")
L 05/17/2018 - 13:01:39: "@te<51><VALVE_ID_LAN><CT>" triggered "latency" (ping "12")
L 05/17/2018 - 13:01:39: [META] ini: Begin re-reading plugins list: c:/valve/cstrike/addons/metamod/plugins.ini
L 05/17/2018 - 13:01:39: [META] ini: Read plugin config for: AMX
L 05/17/2018 - 13:01:39: [META] ini: Read plugin config for: WinHL-Booster
L 05/17/2018 - 13:01:39: [META] ERROR: ini: Skipping plugin, couldn't stat file 'addons/hlguard/dlls/hlguard_mm_nightly.dll': No such file or directory
L 05/17/2018 - 13:01:39: [META] ini: Read plugin config for: WebMod
L 05/17/2018 - 13:01:39: [META] ini: Finished reading plugins list: c:/valve/cstrike/addons/metamod/plugins.ini; Found 3 plugins
L 05/17/2018 - 13:01:39: [META] dll: Updating plugins...
L 05/17/2018 - 13:01:39: [META] ERROR: dll: Failed query plugin '<hlguard_mm_nightly.dll>'; Couldn't open file 'addons/hlguard/dlls/hlguard_mm_nightly.dll': Não foi possível encontrar o módulo especificado.

L 05/17/2018 - 13:01:39: [META] ERROR: dll: Skipping plugin '<hlguard_mm_nightly.dll>'; couldn't query
L 05/17/2018 - 13:01:39: [META] dll: Finished updating 6 plugins; kept 3, loaded 0, unloaded 0, reloaded 0, delayed 0
L 05/17/2018 - 13:01:39: Server shutdown
L 05/17/2018 - 13:01:39: Log file closed
