L 05/28/2018 - 12:50:55: Log file started (file "logs\L0528003.log") (game "cstrike") (version "47/1.1.2.2/2603")
L 05/28/2018 - 12:50:55: Loading map "cs_deagle5"
L 05/28/2018 - 12:50:55: Server cvars start
L 05/28/2018 - 12:50:55: Server cvar "_tutor_bomb_viewable_check_interval" = "0.5"
L 05/28/2018 - 12:50:55: Server cvar "_tutor_debug_level" = "0"
L 05/28/2018 - 12:50:55: Server cvar "_tutor_examine_time" = "0.5"
L 05/28/2018 - 12:50:55: Server cvar "_tutor_hint_interval_time" = "10.0"
L 05/28/2018 - 12:50:55: Server cvar "_tutor_look_angle" = "10"
L 05/28/2018 - 12:50:55: Server cvar "_tutor_look_distance" = "200"
L 05/28/2018 - 12:50:55: Server cvar "_tutor_message_character_display_time_coefficient" = "0.07"
L 05/28/2018 - 12:50:55: Server cvar "_tutor_message_minimum_display_time" = "1"
L 05/28/2018 - 12:50:55: Server cvar "_tutor_message_repeats" = "5"
L 05/28/2018 - 12:50:55: Server cvar "_tutor_view_distance" = "1000"
L 05/28/2018 - 12:50:55: Server cvar "allow_spectators" = "1.0"
L 05/28/2018 - 12:50:55: Server cvar "amx_modules" = "2"
L 05/28/2018 - 12:50:55: Server cvar "amx_nextmap" = "fy_stoneworld"
L 05/28/2018 - 12:50:55: Server cvar "amx_timeleft" = "00:00"
L 05/28/2018 - 12:50:55: Server cvar "amx_version" = "2006.3"
L 05/28/2018 - 12:50:55: Server cvar "booster_version" = "1.60"
L 05/28/2018 - 12:50:55: Server cvar "bot_allow_grenades" = "1"
L 05/28/2018 - 12:50:55: Server cvar "bot_allow_machine_guns" = "1"
L 05/28/2018 - 12:50:55: Server cvar "bot_allow_pistols" = "1"
L 05/28/2018 - 12:50:55: Server cvar "bot_allow_rifles" = "1"
L 05/28/2018 - 12:50:55: Server cvar "bot_allow_rogues" = "1"
L 05/28/2018 - 12:50:55: Server cvar "bot_allow_shield" = "1"
L 05/28/2018 - 12:50:55: Server cvar "bot_allow_shotguns" = "1"
L 05/28/2018 - 12:50:55: Server cvar "bot_allow_snipers" = "1"
L 05/28/2018 - 12:50:55: Server cvar "bot_allow_sub_machine_guns" = "1"
L 05/28/2018 - 12:50:55: Server cvar "bot_auto_vacate" = "1"
L 05/28/2018 - 12:50:55: Server cvar "bot_chatter" = "normal"
L 05/28/2018 - 12:50:55: Server cvar "bot_debug" = "0"
L 05/28/2018 - 12:50:55: Server cvar "bot_defer_to_human" = "0"
L 05/28/2018 - 12:50:55: Server cvar "bot_difficulty" = "2"
L 05/28/2018 - 12:50:55: Server cvar "bot_join_after_player" = "1"
L 05/28/2018 - 12:50:55: Server cvar "bot_join_team" = "ct"
L 05/28/2018 - 12:50:55: Server cvar "bot_nav_edit" = "0"
L 05/28/2018 - 12:50:55: Server cvar "bot_nav_zdraw" = "4"
L 05/28/2018 - 12:50:55: Server cvar "bot_prefix" = "XXBOT"
L 05/28/2018 - 12:50:55: Server cvar "bot_quicksave" = "0"
L 05/28/2018 - 12:50:55: Server cvar "bot_quota" = "1"
L 05/28/2018 - 12:50:55: Server cvar "bot_quota_match" = "0"
L 05/28/2018 - 12:50:55: Server cvar "bot_show_danger" = "0"
L 05/28/2018 - 12:50:55: Server cvar "bot_show_nav" = "0"
L 05/28/2018 - 12:50:55: Server cvar "bot_stop" = "0"
L 05/28/2018 - 12:50:55: Server cvar "bot_traceview" = "0"
L 05/28/2018 - 12:50:55: Server cvar "bot_walk" = "0"
L 05/28/2018 - 12:50:55: Server cvar "bot_zombie" = "0"
L 05/28/2018 - 12:50:55: Server cvar "coop" = "0"
L 05/28/2018 - 12:50:55: Server cvar "deathmatch" = "1"
L 05/28/2018 - 12:50:55: Server cvar "decalfrequency" = "30"
L 05/28/2018 - 12:50:55: Server cvar "edgefriction" = "2"
L 05/28/2018 - 12:50:55: Server cvar "fun_version" = "2006.3"
L 05/28/2018 - 12:50:55: Server cvar "humans_join_team" = "any"
L 05/28/2018 - 12:50:55: Server cvar "max_queries_sec" = "3.0"
L 05/28/2018 - 12:50:55: Server cvar "max_queries_sec_global" = "30"
L 05/28/2018 - 12:50:55: Server cvar "max_queries_window" = "60"
L 05/28/2018 - 12:50:55: Server cvar "metamod_version" = "1.19"
L 05/28/2018 - 12:50:55: Server cvar "mp_allowmonsters" = "0"
L 05/28/2018 - 12:50:55: Server cvar "mp_autokick" = "0"
L 05/28/2018 - 12:50:55: Server cvar "mp_autoteambalance" = "0"
L 05/28/2018 - 12:50:55: Server cvar "mp_buytime" = "1.500000"
L 05/28/2018 - 12:50:55: Server cvar "mp_c4timer" = "45"
L 05/28/2018 - 12:50:55: Server cvar "mp_chattime" = "10"
L 05/28/2018 - 12:50:55: Server cvar "mp_consistency" = "1"
L 05/28/2018 - 12:50:55: Server cvar "mp_fadetoblack" = "0"
L 05/28/2018 - 12:50:55: Server cvar "mp_flashlight" = "0"
L 05/28/2018 - 12:50:55: Server cvar "mp_footsteps" = "1"
L 05/28/2018 - 12:50:55: Server cvar "mp_forcecamera" = "2"
L 05/28/2018 - 12:50:55: Server cvar "mp_forcechasecam" = "0"
L 05/28/2018 - 12:50:55: Server cvar "mp_fragsleft" = "0"
L 05/28/2018 - 12:50:55: Server cvar "mp_freezetime" = "0.000000"
L 05/28/2018 - 12:50:55: Server cvar "mp_friendlyfire" = "1"
L 05/28/2018 - 12:50:55: Server cvar "mp_ghostfrequency" = "0.1"
L 05/28/2018 - 12:50:55: Server cvar "mp_hostagepenalty" = "5.000000"
L 05/28/2018 - 12:50:55: Server cvar "mp_kickpercent" = "0.66"
L 05/28/2018 - 12:50:55: Server cvar "mp_limitteams" = "0"
L 05/28/2018 - 12:50:55: Server cvar "mp_logdetail" = "0"
L 05/28/2018 - 12:50:55: Server cvar "mp_logfile" = "1"
L 05/28/2018 - 12:50:55: Server cvar "mp_logmessages" = "1"
L 05/28/2018 - 12:50:55: Server cvar "mp_mapvoteratio" = "0.66"
L 05/28/2018 - 12:50:55: Server cvar "mp_maxrounds" = "0.000000"
L 05/28/2018 - 12:50:55: Server cvar "mp_mirrordamage" = "0"
L 05/28/2018 - 12:50:55: Server cvar "mp_playerid" = "0"
L 05/28/2018 - 12:50:55: Server cvar "mp_roundtime" = "2.000000"
L 05/28/2018 - 12:50:55: Server cvar "mp_startmoney" = "1500.000000"
L 05/28/2018 - 12:50:55: Server cvar "mp_timeleft" = "0"
L 05/28/2018 - 12:50:55: Server cvar "mp_timelimit" = "10.000000"
L 05/28/2018 - 12:50:55: Server cvar "mp_tkpunish" = "1"
L 05/28/2018 - 12:50:55: Server cvar "mp_windifference" = "1"
L 05/28/2018 - 12:50:55: Server cvar "mp_winlimit" = "0.000000"
L 05/28/2018 - 12:50:55: Server cvar "pausable" = "0"
L 05/28/2018 - 12:50:55: Server cvar "server_fps" = "88"
L 05/28/2018 - 12:50:55: Server cvar "sv_accelerate" = "5"
L 05/28/2018 - 12:50:55: Server cvar "sv_aim" = "0"
L 05/28/2018 - 12:50:55: Server cvar "sv_airaccelerate" = "10"
L 05/28/2018 - 12:50:55: Server cvar "sv_airmove" = "1"
L 05/28/2018 - 12:50:55: Server cvar "sv_allowupload" = "1"
L 05/28/2018 - 12:50:55: Server cvar "sv_alltalk" = "0"
L 05/28/2018 - 12:50:55: Server cvar "sv_bounce" = "1"
L 05/28/2018 - 12:50:55: Server cvar "sv_cheats" = "0"
L 05/28/2018 - 12:50:55: Server cvar "sv_clienttrace" = "1"
L 05/28/2018 - 12:50:55: Server cvar "sv_clipmode" = "0"
L 05/28/2018 - 12:50:55: Server cvar "sv_contact" = ""
L 05/28/2018 - 12:50:55: Server cvar "sv_friction" = "4"
L 05/28/2018 - 12:50:55: Server cvar "sv_gravity" = "800"
L 05/28/2018 - 12:50:55: Server cvar "sv_logblocks" = "0"
L 05/28/2018 - 12:50:55: Server cvar "sv_maxrate" = "0"
L 05/28/2018 - 12:50:55: Server cvar "sv_maxspeed" = "320"
L 05/28/2018 - 12:50:55: Server cvar "sv_minrate" = "0"
L 05/28/2018 - 12:50:55: Server cvar "sv_password" = ""
L 05/28/2018 - 12:50:55: Server cvar "sv_proxies" = "1"
L 05/28/2018 - 12:50:55: Server cvar "sv_region" = "-1"
L 05/28/2018 - 12:50:55: Server cvar "sv_restart" = "0"
L 05/28/2018 - 12:50:55: Server cvar "sv_restartround" = "0"
L 05/28/2018 - 12:50:55: Server cvar "sv_stepsize" = "18"
L 05/28/2018 - 12:50:55: Server cvar "sv_stopspeed" = "75"
L 05/28/2018 - 12:50:55: Server cvar "sv_voiceenable" = "1"
L 05/28/2018 - 12:50:55: Server cvar "sv_wateraccelerate" = "10"
L 05/28/2018 - 12:50:55: Server cvar "sv_waterfriction" = "1"
L 05/28/2018 - 12:50:55: Server cvar "sys_ticrate" = "10000"
L 05/28/2018 - 12:50:55: Server cvar "w_version" = "0.48"
L 05/28/2018 - 12:50:55: Server cvars end
L 05/28/2018 - 12:50:55: Server cvar "sv_maxspeed" = "900"
L 05/28/2018 - 12:50:55: Server cvar "bot_join_team" = "t"
L 05/28/2018 - 12:50:55: Server cvar "sv_maxspeed" = "320"
L 05/28/2018 - 12:50:55: Server cvar "amx_nextmap" = "alabordage"
L 05/28/2018 - 12:50:55: Started map "cs_deagle5" (CRC "-1198965124")
L 05/28/2018 - 12:51:00: "Cap. Billy<34><VALVE_ID_LOOPBACK><>" connected, address "loopback"
L 05/28/2018 - 12:51:01: "Cap. Billy<34><VALVE_ID_LOOPBACK><>" entered the game
L 05/28/2018 - 12:51:01: "Inspetor Buginganga<35><VALVE_ID_LAN><>" connected, address "10.15.2.117:27005"
L 05/28/2018 - 12:51:01: World triggered "Round_Start"
L 05/28/2018 - 12:51:01: "Calango<36><VALVE_ID_LAN><>" connected, address "10.15.2.102:27005"
L 05/28/2018 - 12:51:02: "Cap. Billy<34><VALVE_ID_LOOPBACK><>" joined team "CT"
L 05/28/2018 - 12:51:02: "XXBOT Zim<37><BOT><>" joined team "TERRORIST"
L 05/28/2018 - 12:51:02: World triggered "Game_Commencing"
L 05/28/2018 - 12:51:02: World triggered "Game_Commencing" (CT "0") (T "0")
L 05/28/2018 - 12:51:02: World triggered "Round_End"
L 05/28/2018 - 12:51:02: "XXBOT Zim<37><BOT><>" entered the game
L 05/28/2018 - 12:51:02: "TUX<38><VALVE_ID_LAN><>" connected, address "10.15.2.71:27005"
L 05/28/2018 - 12:51:02: "Smolder<39><VALVE_ID_LAN><>" connected, address "10.15.3.173:27005"
L 05/28/2018 - 12:51:03: "GARGAMEL O ESTRIPADOR<40><VALVE_ID_LAN><>" connected, address "10.15.2.108:27005"
L 05/28/2018 - 12:51:03: "Inspetor Buginganga<35><VALVE_ID_LAN><>" entered the game
L 05/28/2018 - 12:51:04: "Calango<36><VALVE_ID_LAN><>" entered the game
L 05/28/2018 - 12:51:04: "Calcas Peludas<41><VALVE_ID_LAN><>" connected, address "10.15.2.49:27005"
L 05/28/2018 - 12:51:04: "Smolder<39><VALVE_ID_LAN><>" entered the game
L 05/28/2018 - 12:51:05: "TUX<38><VALVE_ID_LAN><>" entered the game
L 05/28/2018 - 12:51:05: World triggered "Round_Start"
L 05/28/2018 - 12:51:06: "TUX<38><VALVE_ID_LAN><>" joined team "TERRORIST"
L 05/28/2018 - 12:51:06: "GARGAMEL O ESTRIPADOR<40><VALVE_ID_LAN><>" entered the game
L 05/28/2018 - 12:51:06: "Calango<36><VALVE_ID_LAN><>" joined team "CT"
L 05/28/2018 - 12:51:06: "Inspetor Buginganga<35><VALVE_ID_LAN><>" joined team "CT"
L 05/28/2018 - 12:51:07: "Calcas Peludas<41><VALVE_ID_LAN><>" entered the game
L 05/28/2018 - 12:51:07: "Smolder<39><VALVE_ID_LAN><>" joined team "TERRORIST"
L 05/28/2018 - 12:51:07: "GARGAMEL O ESTRIPADOR<40><VALVE_ID_LAN><>" joined team "TERRORIST"
L 05/28/2018 - 12:51:08: "Calcas Peludas<41><VALVE_ID_LAN><>" joined team "TERRORIST"
L 05/28/2018 - 12:51:08: "Jack<42><VALVE_ID_LAN><>" connected, address "10.15.2.104:27005"
L 05/28/2018 - 12:51:11: "Jack<42><VALVE_ID_LAN><>" entered the game
L 05/28/2018 - 12:51:14: "Calango<36><VALVE_ID_LAN><CT>" killed "Calcas Peludas<41><VALVE_ID_LAN><TERRORIST>" with "deagle"
L 05/28/2018 - 12:51:15: "Jack<42><VALVE_ID_LAN><>" joined team "CT"
L 05/28/2018 - 12:51:17: "@te<43><VALVE_ID_LAN><>" connected, address "10.15.2.23:27005"
L 05/28/2018 - 12:51:19: "@te<43><VALVE_ID_LAN><>" entered the game
L 05/28/2018 - 12:51:20: "XXBOT Zim<37><BOT><TERRORIST>" killed "Jack<42><VALVE_ID_LAN><CT>" with "deagle"
L 05/28/2018 - 12:51:21: Server cvar "bot_quota" = "0"
L 05/28/2018 - 12:51:21: Kick: "XXBOT Zim<37><UNKNOWN><>" was kicked by "Cap. Billy"
L 05/28/2018 - 12:51:21: "XXBOT Zim<37><BOT><TERRORIST>" disconnected
L 05/28/2018 - 12:51:21: "Calango<36><VALVE_ID_LAN><CT>" killed "Smolder<39><VALVE_ID_LAN><TERRORIST>" with "deagle"
L 05/28/2018 - 12:51:22: "@te<43><VALVE_ID_LAN><>" joined team "CT"
L 05/28/2018 - 12:51:24: "TUX<38><VALVE_ID_LAN><TERRORIST>" killed "Inspetor Buginganga<35><VALVE_ID_LAN><CT>" with "deagle"
L 05/28/2018 - 12:51:24: "GARGAMEL O ESTRIPADOR<40><VALVE_ID_LAN><TERRORIST>" killed "Calango<36><VALVE_ID_LAN><CT>" with "deagle"
L 05/28/2018 - 12:51:25: "Cap. Billy<34><VALVE_ID_LOOPBACK><CT>" killed "TUX<38><VALVE_ID_LAN><TERRORIST>" with "knife"
L 05/28/2018 - 12:51:29: "Cap. Billy<34><VALVE_ID_LOOPBACK><CT>" killed "GARGAMEL O ESTRIPADOR<40><VALVE_ID_LAN><TERRORIST>" with "knife"
L 05/28/2018 - 12:51:29: Team "CT" triggered "CTs_Win" (CT "1") (T "0")
L 05/28/2018 - 12:51:29: World triggered "Round_End"
L 05/28/2018 - 12:51:31: "Jack<42><VALVE_ID_LAN><CT>" say "vish" (dead)
L 05/28/2018 - 12:51:32: "Calango<36><VALVE_ID_LAN><CT>" say "peegue" (dead)
L 05/28/2018 - 12:51:32: "@te<43><VALVE_ID_LAN><CT>" say "hui" (dead)
L 05/28/2018 - 12:51:34: World triggered "Round_Start"
L 05/28/2018 - 12:51:50: "Cap. Billy<34><VALVE_ID_LOOPBACK><CT>" killed "GARGAMEL O ESTRIPADOR<40><VALVE_ID_LAN><TERRORIST>" with "deagle"
L 05/28/2018 - 12:51:53: "Inspetor Buginganga<35><VALVE_ID_LAN><CT>" killed "TUX<38><VALVE_ID_LAN><TERRORIST>" with "deagle"
L 05/28/2018 - 12:51:58: "Smolder<39><VALVE_ID_LAN><TERRORIST>" killed "Jack<42><VALVE_ID_LAN><CT>" with "deagle"
L 05/28/2018 - 12:51:58: "Calango<36><VALVE_ID_LAN><CT>" killed "Smolder<39><VALVE_ID_LAN><TERRORIST>" with "knife"
L 05/28/2018 - 12:52:01: "Calcas Peludas<41><VALVE_ID_LAN><TERRORIST>" killed "@te<43><VALVE_ID_LAN><CT>" with "deagle"
L 05/28/2018 - 12:52:01: "Jack<42><VALVE_ID_LAN><CT>" say "kkkk" (dead)
L 05/28/2018 - 12:52:03: "Jack<42><VALVE_ID_LAN><CT>" say "se reiosse" (dead)
L 05/28/2018 - 12:52:05: "Smolder<39><VALVE_ID_LAN><TERRORIST>" say "kkkkkkkk" (dead)
L 05/28/2018 - 12:52:06: "Cap. Billy<34><VALVE_ID_LOOPBACK><CT>" killed "Calcas Peludas<41><VALVE_ID_LAN><TERRORIST>" with "knife"
L 05/28/2018 - 12:52:06: Team "CT" triggered "CTs_Win" (CT "2") (T "0")
L 05/28/2018 - 12:52:06: World triggered "Round_End"
L 05/28/2018 - 12:52:09: "Calango<36><VALVE_ID_LAN><CT>" say "uii"
L 05/28/2018 - 12:52:11: World triggered "Round_Start"
L 05/28/2018 - 12:52:12: "@te<43><VALVE_ID_LAN><CT>" say "toma camper"
L 05/28/2018 - 12:52:16: "Calango<36><VALVE_ID_LAN><CT>" killed "Smolder<39><VALVE_ID_LAN><TERRORIST>" with "deagle"
L 05/28/2018 - 12:52:17: "GARGAMEL O ESTRIPADOR<40><VALVE_ID_LAN><TERRORIST>" killed "Calango<36><VALVE_ID_LAN><CT>" with "deagle"
L 05/28/2018 - 12:52:23: "@te<43><VALVE_ID_LAN><CT>" killed "GARGAMEL O ESTRIPADOR<40><VALVE_ID_LAN><TERRORIST>" with "deagle"
L 05/28/2018 - 12:52:25: "Calcas Peludas<41><VALVE_ID_LAN><TERRORIST>" killed "Jack<42><VALVE_ID_LAN><CT>" with "deagle"
L 05/28/2018 - 12:52:51: "TUX<38><VALVE_ID_LAN><TERRORIST>" killed "Inspetor Buginganga<35><VALVE_ID_LAN><CT>" with "deagle"
L 05/28/2018 - 12:52:58: "Jack<42><VALVE_ID_LAN><CT>" say "saim pro jogo" (dead)
L 05/28/2018 - 12:52:58: "TUX<38><VALVE_ID_LAN><TERRORIST>" killed "@te<43><VALVE_ID_LAN><CT>" with "deagle"
L 05/28/2018 - 12:52:59: "Cap. Billy<34><VALVE_ID_LOOPBACK><CT>" killed "TUX<38><VALVE_ID_LAN><TERRORIST>" with "knife"
L 05/28/2018 - 12:53:01: "Calango<36><VALVE_ID_LAN><CT>" say "ykkkkkk" (dead)
L 05/28/2018 - 12:53:03: "Jack<42><VALVE_ID_LAN><CT>" say "kkkpegui" (dead)
L 05/28/2018 - 12:53:03: "@te<43><VALVE_ID_LAN><CT>" say "hui" (dead)
L 05/28/2018 - 12:53:04: "Calcas Peludas<41><VALVE_ID_LAN><TERRORIST>" killed "Cap. Billy<34><VALVE_ID_LOOPBACK><CT>" with "deagle"
L 05/28/2018 - 12:53:04: Team "TERRORIST" triggered "Terrorists_Win" (CT "2") (T "1")
L 05/28/2018 - 12:53:04: World triggered "Round_End"
L 05/28/2018 - 12:53:09: "XXBOT Hank<44><BOT><>" joined team "TERRORIST"
L 05/28/2018 - 12:53:09: Server cvar "bot_quota" = "1"
L 05/28/2018 - 12:53:09: "XXBOT Hank<44><BOT><>" entered the game
L 05/28/2018 - 12:53:09: World triggered "Round_Start"
L 05/28/2018 - 12:53:16: "Calango<36><VALVE_ID_LAN><CT>" killed "Smolder<39><VALVE_ID_LAN><TERRORIST>" with "deagle"
L 05/28/2018 - 12:53:19: "Calcas Peludas<41><VALVE_ID_LAN><TERRORIST>" killed "Jack<42><VALVE_ID_LAN><CT>" with "deagle"
L 05/28/2018 - 12:53:25: "Calango<36><VALVE_ID_LAN><CT>" killed "XXBOT Hank<44><BOT><TERRORIST>" with "deagle"
L 05/28/2018 - 12:53:30: "GARGAMEL O ESTRIPADOR<40><VALVE_ID_LAN><TERRORIST>" killed "Inspetor Buginganga<35><VALVE_ID_LAN><CT>" with "deagle"
L 05/28/2018 - 12:53:31: "Calango<36><VALVE_ID_LAN><CT>" killed "TUX<38><VALVE_ID_LAN><TERRORIST>" with "deagle"
L 05/28/2018 - 12:53:38: "Cap. Billy<34><VALVE_ID_LOOPBACK><CT>" killed "GARGAMEL O ESTRIPADOR<40><VALVE_ID_LAN><TERRORIST>" with "knife"
L 05/28/2018 - 12:53:39: "Calcas Peludas<41><VALVE_ID_LAN><TERRORIST>" killed "@te<43><VALVE_ID_LAN><CT>" with "deagle"
L 05/28/2018 - 12:53:45: "Cap. Billy<34><VALVE_ID_LOOPBACK><CT>" killed "Calcas Peludas<41><VALVE_ID_LAN><TERRORIST>" with "deagle"
L 05/28/2018 - 12:53:45: Team "CT" triggered "CTs_Win" (CT "3") (T "1")
L 05/28/2018 - 12:53:45: World triggered "Round_End"
L 05/28/2018 - 12:53:50: World triggered "Round_Start"
L 05/28/2018 - 12:54:04: "Calango<36><VALVE_ID_LAN><CT>" killed "XXBOT Hank<44><BOT><TERRORIST>" with "deagle"
L 05/28/2018 - 12:54:05: "Jack<42><VALVE_ID_LAN><CT>" killed "Smolder<39><VALVE_ID_LAN><TERRORIST>" with "deagle"
L 05/28/2018 - 12:54:08: "TUX<38><VALVE_ID_LAN><TERRORIST>" killed "Jack<42><VALVE_ID_LAN><CT>" with "deagle"
L 05/28/2018 - 12:54:10: "GARGAMEL O ESTRIPADOR<40><VALVE_ID_LAN><TERRORIST>" killed "Calango<36><VALVE_ID_LAN><CT>" with "deagle"
L 05/28/2018 - 12:54:12: "Calcas Peludas<41><VALVE_ID_LAN><TERRORIST>" killed "@te<43><VALVE_ID_LAN><CT>" with "deagle"
L 05/28/2018 - 12:54:20: "TUX<38><VALVE_ID_LAN><TERRORIST>" killed "Cap. Billy<34><VALVE_ID_LOOPBACK><CT>" with "deagle"
L 05/28/2018 - 12:54:28: "TUX<38><VALVE_ID_LAN><TERRORIST>" killed "Inspetor Buginganga<35><VALVE_ID_LAN><CT>" with "knife"
L 05/28/2018 - 12:54:28: Team "TERRORIST" triggered "Terrorists_Win" (CT "3") (T "2")
L 05/28/2018 - 12:54:28: World triggered "Round_End"
L 05/28/2018 - 12:54:32: "@te<43><VALVE_ID_LAN><CT>" say "hu" (dead)
L 05/28/2018 - 12:54:33: World triggered "Round_Start"
L 05/28/2018 - 12:54:37: "GARGAMEL O ESTRIPADOR<40><VALVE_ID_LAN><TERRORIST>" killed "Calango<36><VALVE_ID_LAN><CT>" with "deagle"
L 05/28/2018 - 12:54:39: "Calcas Peludas<41><VALVE_ID_LAN><TERRORIST>" killed "Jack<42><VALVE_ID_LAN><CT>" with "deagle"
L 05/28/2018 - 12:54:45: "TUX<38><VALVE_ID_LAN><TERRORIST>" killed "@te<43><VALVE_ID_LAN><CT>" with "deagle"
L 05/28/2018 - 12:54:50: "Inspetor Buginganga<35><VALVE_ID_LAN><CT>" killed "TUX<38><VALVE_ID_LAN><TERRORIST>" with "deagle"
L 05/28/2018 - 12:54:52: "XXBOT Hank<44><BOT><TERRORIST>" killed "Cap. Billy<34><VALVE_ID_LOOPBACK><CT>" with "deagle"
L 05/28/2018 - 12:54:52: "Calcas Peludas<41><VALVE_ID_LAN><TERRORIST>" killed "Inspetor Buginganga<35><VALVE_ID_LAN><CT>" with "deagle"
L 05/28/2018 - 12:54:52: Team "TERRORIST" triggered "Terrorists_Win" (CT "3") (T "3")
L 05/28/2018 - 12:54:52: World triggered "Round_End"
L 05/28/2018 - 12:54:57: World triggered "Round_Start"
L 05/28/2018 - 12:55:06: "Jack<42><VALVE_ID_LAN><CT>" killed "Calcas Peludas<41><VALVE_ID_LAN><TERRORIST>" with "deagle"
L 05/28/2018 - 12:55:09: "GARGAMEL O ESTRIPADOR<40><VALVE_ID_LAN><TERRORIST>" killed "Inspetor Buginganga<35><VALVE_ID_LAN><CT>" with "deagle"
L 05/28/2018 - 12:55:13: "Calango<36><VALVE_ID_LAN><CT>" killed "Smolder<39><VALVE_ID_LAN><TERRORIST>" with "deagle"
L 05/28/2018 - 12:55:14: "Cap. Billy<34><VALVE_ID_LOOPBACK><CT>" killed "GARGAMEL O ESTRIPADOR<40><VALVE_ID_LAN><TERRORIST>" with "deagle"
L 05/28/2018 - 12:55:18: "XXBOT Hank<44><BOT><TERRORIST>" killed "Calango<36><VALVE_ID_LAN><CT>" with "deagle"
L 05/28/2018 - 12:55:20: "TUX<38><VALVE_ID_LAN><TERRORIST>" killed "Cap. Billy<34><VALVE_ID_LOOPBACK><CT>" with "deagle"
L 05/28/2018 - 12:55:26: "@te<43><VALVE_ID_LAN><CT>" killed "TUX<38><VALVE_ID_LAN><TERRORIST>" with "deagle"
L 05/28/2018 - 12:55:29: "XXBOT Hank<44><BOT><TERRORIST>" killed "@te<43><VALVE_ID_LAN><CT>" with "deagle"
L 05/28/2018 - 12:55:31: "XXBOT Hank<44><BOT><TERRORIST>" killed "Jack<42><VALVE_ID_LAN><CT>" with "deagle"
L 05/28/2018 - 12:55:31: Team "TERRORIST" triggered "Terrorists_Win" (CT "3") (T "4")
L 05/28/2018 - 12:55:31: World triggered "Round_End"
L 05/28/2018 - 12:55:36: "Calcas Peludas<41><VALVE_ID_LAN><TERRORIST>" say "bot desenrolado" (dead)
L 05/28/2018 - 12:55:36: World triggered "Round_Start"
L 05/28/2018 - 12:55:37: "Jack<42><VALVE_ID_LAN><CT>" say "esse bot ta muito rapido"
L 05/28/2018 - 12:55:44: "Smolder<39><VALVE_ID_LAN><TERRORIST>" killed "Inspetor Buginganga<35><VALVE_ID_LAN><CT>" with "deagle"
L 05/28/2018 - 12:55:48: "Calango<36><VALVE_ID_LAN><CT>" killed "TUX<38><VALVE_ID_LAN><TERRORIST>" with "deagle"
L 05/28/2018 - 12:55:51: "Cap. Billy<34><VALVE_ID_LOOPBACK><CT>" killed "Calcas Peludas<41><VALVE_ID_LAN><TERRORIST>" with "deagle"
L 05/28/2018 - 12:55:53: "@te<43><VALVE_ID_LAN><CT>" killed "Smolder<39><VALVE_ID_LAN><TERRORIST>" with "deagle"
L 05/28/2018 - 12:55:55: "Cap. Billy<34><VALVE_ID_LOOPBACK><CT>" killed "GARGAMEL O ESTRIPADOR<40><VALVE_ID_LAN><TERRORIST>" with "deagle"
L 05/28/2018 - 12:56:01: "XXBOT Hank<44><BOT><TERRORIST>" killed "Calango<36><VALVE_ID_LAN><CT>" with "deagle"
L 05/28/2018 - 12:56:03: "Inspetor Buginganga<35><VALVE_ID_LAN><CT>" triggered "weaponstats" (weapon "deagle") (shots "38") (hits "8") (kills "2") (headshots "1") (tks "0") (damage "350") (deaths "7")
L 05/28/2018 - 12:56:03: "Inspetor Buginganga<35><VALVE_ID_LAN><CT>" triggered "weaponstats2" (weapon "deagle") (head "1") (chest "2") (stomach "1") (leftarm "2") (rightarm "1") (leftleg "0") (rightleg "1")
L 05/28/2018 - 12:56:03: "Inspetor Buginganga<35><VALVE_ID_LAN><CT>" triggered "time" (time "4:59")
L 05/28/2018 - 12:56:03: "Inspetor Buginganga<35><VALVE_ID_LAN><CT>" triggered "latency" (ping "14")
L 05/28/2018 - 12:56:03: "Inspetor Buginganga<35><VALVE_ID_LAN><CT>" disconnected
L 05/28/2018 - 12:56:08: "Calango<36><VALVE_ID_LAN><CT>" say "sse bot ta osso" (dead)
L 05/28/2018 - 12:56:09: "Cap. Billy<34><VALVE_ID_LOOPBACK><CT>" killed "XXBOT Hank<44><BOT><TERRORIST>" with "deagle"
L 05/28/2018 - 12:56:09: Team "CT" triggered "CTs_Win" (CT "4") (T "4")
L 05/28/2018 - 12:56:09: World triggered "Round_End"
L 05/28/2018 - 12:56:13: "Calcas Peludas<41><VALVE_ID_LAN><TERRORIST>" say "ta nao " (dead)
L 05/28/2018 - 12:56:14: "Cap. Billy<34><VALVE_ID_LOOPBACK><CT>" committed suicide with "worldspawn" (world)
L 05/28/2018 - 12:56:14: World triggered "Round_Start"
L 05/28/2018 - 12:56:19: Server cvar "bot_quota" = "0"
L 05/28/2018 - 12:56:19: Kick: "XXBOT Hank<44><UNKNOWN><>" was kicked by "Cap. Billy"
L 05/28/2018 - 12:56:19: "XXBOT Hank<44><BOT><TERRORIST>" disconnected
L 05/28/2018 - 12:56:20: "Calango<36><VALVE_ID_LAN><CT>" killed "Smolder<39><VALVE_ID_LAN><TERRORIST>" with "deagle"
L 05/28/2018 - 12:56:21: "GARGAMEL O ESTRIPADOR<40><VALVE_ID_LAN><TERRORIST>" killed "Cap. Billy<34><VALVE_ID_LOOPBACK><CT>" with "deagle"
L 05/28/2018 - 12:56:22: "Calcas Peludas<41><VALVE_ID_LAN><TERRORIST>" killed "@te<43><VALVE_ID_LAN><CT>" with "deagle"
L 05/28/2018 - 12:56:25: "Jack<42><VALVE_ID_LAN><CT>" killed "GARGAMEL O ESTRIPADOR<40><VALVE_ID_LAN><TERRORIST>" with "deagle"
L 05/28/2018 - 12:56:30: "Calcas Peludas<41><VALVE_ID_LAN><TERRORIST>" say "camper maldito"
L 05/28/2018 - 12:56:38: "Calcas Peludas<41><VALVE_ID_LAN><TERRORIST>" killed "Calango<36><VALVE_ID_LAN><CT>" with "deagle"
L 05/28/2018 - 12:56:48: "Jack<42><VALVE_ID_LAN><CT>" killed "Calcas Peludas<41><VALVE_ID_LAN><TERRORIST>" with "deagle"
L 05/28/2018 - 12:56:50: "Jack<42><VALVE_ID_LAN><CT>" killed "TUX<38><VALVE_ID_LAN><TERRORIST>" with "deagle"
L 05/28/2018 - 12:56:50: Team "CT" triggered "CTs_Win" (CT "5") (T "4")
L 05/28/2018 - 12:56:50: World triggered "Round_End"
L 05/28/2018 - 12:56:53: "Calango<36><VALVE_ID_LAN><CT>" say "boaa" (dead)
L 05/28/2018 - 12:56:55: World triggered "Round_Start"
L 05/28/2018 - 12:57:02: "Cap. Billy<34><VALVE_ID_LOOPBACK><CT>" killed "TUX<38><VALVE_ID_LAN><TERRORIST>" with "deagle"
L 05/28/2018 - 12:57:09: "Cap. Billy<34><VALVE_ID_LOOPBACK><CT>" killed "GARGAMEL O ESTRIPADOR<40><VALVE_ID_LAN><TERRORIST>" with "deagle"
L 05/28/2018 - 12:57:12: "Jack<42><VALVE_ID_LAN><CT>" killed "Calcas Peludas<41><VALVE_ID_LAN><TERRORIST>" with "deagle"
L 05/28/2018 - 12:57:17: "@te<43><VALVE_ID_LAN><CT>" killed "Smolder<39><VALVE_ID_LAN><TERRORIST>" with "knife"
L 05/28/2018 - 12:57:17: Team "CT" triggered "CTs_Win" (CT "6") (T "4")
L 05/28/2018 - 12:57:17: World triggered "Round_End"
L 05/28/2018 - 12:57:22: World triggered "Round_Start"
L 05/28/2018 - 12:57:27: "TUX<38><VALVE_ID_LAN><TERRORIST>" killed "Cap. Billy<34><VALVE_ID_LOOPBACK><CT>" with "deagle"
L 05/28/2018 - 12:57:29: "Jack<42><VALVE_ID_LAN><CT>" killed "TUX<38><VALVE_ID_LAN><TERRORIST>" with "deagle"
L 05/28/2018 - 12:57:34: "Jack<42><VALVE_ID_LAN><CT>" killed "Smolder<39><VALVE_ID_LAN><TERRORIST>" with "deagle"
L 05/28/2018 - 12:57:42: "Cap. Billy<34><VALVE_ID_LOOPBACK><CT>" say "timeleft" (dead)
L 05/28/2018 - 12:57:43: "Calcas Peludas<41><VALVE_ID_LAN><TERRORIST>" killed "Jack<42><VALVE_ID_LAN><CT>" with "deagle"
L 05/28/2018 - 12:57:45: "Calango<36><VALVE_ID_LAN><CT>" killed "GARGAMEL O ESTRIPADOR<40><VALVE_ID_LAN><TERRORIST>" with "knife"
L 05/28/2018 - 12:57:51: "Cap. Billy<34><VALVE_ID_LOOPBACK><CT>" say "NA PROXIMA SOH FACAAAA" (dead)
L 05/28/2018 - 12:57:56: "Jack<42><VALVE_ID_LAN><CT>" say "balz" (dead)
L 05/28/2018 - 12:57:57: "Jack<42><VALVE_ID_LAN><CT>" say "blz" (dead)
L 05/28/2018 - 12:57:57: "Smolder<39><VALVE_ID_LAN><TERRORIST>" say "so facaaaaaaa" (dead)
L 05/28/2018 - 12:58:00: "Jack<42><VALVE_ID_LAN><CT>" say "roger" (dead)
L 05/28/2018 - 12:58:02: "Jack<42><VALVE_ID_LAN><CT>" say "copy" (dead)
L 05/28/2018 - 12:58:08: "Cap. Billy<34><VALVE_ID_LOOPBACK><CT>" say "SOH FACA NA PROXIMA" (dead)
L 05/28/2018 - 12:58:09: "Smolder<39><VALVE_ID_LAN><TERRORIST>" say "roger that" (dead)
L 05/28/2018 - 12:58:12: "Cap. Billy<34><VALVE_ID_LOOPBACK><CT>" say "SOH FACA NA PROXIMA" (dead)
L 05/28/2018 - 12:58:12: "Calango<36><VALVE_ID_LAN><CT>" killed "Calcas Peludas<41><VALVE_ID_LAN><TERRORIST>" with "deagle"
L 05/28/2018 - 12:58:12: Team "CT" triggered "CTs_Win" (CT "7") (T "4")
L 05/28/2018 - 12:58:12: World triggered "Round_End"
L 05/28/2018 - 12:58:16: "Cap. Billy<34><VALVE_ID_LOOPBACK><CT>" say "SOH FACA NESSA" (dead)
L 05/28/2018 - 12:58:17: "Jack<42><VALVE_ID_LAN><CT>" say "timeleft" (dead)
L 05/28/2018 - 12:58:17: World triggered "Round_Start"
L 05/28/2018 - 12:58:18: "Cap. Billy<34><VALVE_ID_LOOPBACK><CT>" say "SOH FACA NESSA"
L 05/28/2018 - 12:58:21: "Cap. Billy<34><VALVE_ID_LOOPBACK><CT>" say "SOH FACAA"
L 05/28/2018 - 12:58:21: "@te<43><VALVE_ID_LAN><CT>" say "toma camoer"
L 05/28/2018 - 12:58:24: "TUX<38><VALVE_ID_LAN><TERRORIST>" killed "Calango<36><VALVE_ID_LAN><CT>" with "knife"
L 05/28/2018 - 12:58:33: "Jack<42><VALVE_ID_LAN><CT>" killed "GARGAMEL O ESTRIPADOR<40><VALVE_ID_LAN><TERRORIST>" with "knife"
L 05/28/2018 - 12:58:34: "Calcas Peludas<41><VALVE_ID_LAN><TERRORIST>" killed "Cap. Billy<34><VALVE_ID_LOOPBACK><CT>" with "knife"
L 05/28/2018 - 12:58:36: "Jack<42><VALVE_ID_LAN><CT>" killed "Calcas Peludas<41><VALVE_ID_LAN><TERRORIST>" with "knife"
L 05/28/2018 - 12:58:38: "Smolder<39><VALVE_ID_LAN><TERRORIST>" killed "@te<43><VALVE_ID_LAN><CT>" with "knife"
L 05/28/2018 - 12:58:39: "Smolder<39><VALVE_ID_LAN><TERRORIST>" killed "Jack<42><VALVE_ID_LAN><CT>" with "knife"
L 05/28/2018 - 12:58:39: Team "TERRORIST" triggered "Terrorists_Win" (CT "7") (T "5")
L 05/28/2018 - 12:58:39: World triggered "Round_End"
L 05/28/2018 - 12:58:43: "Cap. Billy<34><VALVE_ID_LOOPBACK><CT>" say_team "JUNTOS PORRA" (dead)
L 05/28/2018 - 12:58:44: World triggered "Round_Start"
L 05/28/2018 - 12:58:46: "Calcas Peludas<41><VALVE_ID_LAN><TERRORIST>" say "toma na cara @"
L 05/28/2018 - 12:58:54: "Smolder<39><VALVE_ID_LAN><TERRORIST>" killed "Cap. Billy<34><VALVE_ID_LOOPBACK><CT>" with "knife"
L 05/28/2018 - 12:58:55: "Jack<42><VALVE_ID_LAN><CT>" killed "Smolder<39><VALVE_ID_LAN><TERRORIST>" with "knife"
L 05/28/2018 - 12:58:56: "Calcas Peludas<41><VALVE_ID_LAN><TERRORIST>" killed "Jack<42><VALVE_ID_LAN><CT>" with "knife"
L 05/28/2018 - 12:58:56: "@te<43><VALVE_ID_LAN><CT>" killed "GARGAMEL O ESTRIPADOR<40><VALVE_ID_LAN><TERRORIST>" with "knife"
L 05/28/2018 - 12:58:57: "TUX<38><VALVE_ID_LAN><TERRORIST>" killed "Calango<36><VALVE_ID_LAN><CT>" with "knife"
L 05/28/2018 - 12:58:59: "@te<43><VALVE_ID_LAN><CT>" killed "Calcas Peludas<41><VALVE_ID_LAN><TERRORIST>" with "knife"
L 05/28/2018 - 12:59:01: "@te<43><VALVE_ID_LAN><CT>" killed "TUX<38><VALVE_ID_LAN><TERRORIST>" with "knife"
L 05/28/2018 - 12:59:01: Team "CT" triggered "CTs_Win" (CT "8") (T "5")
L 05/28/2018 - 12:59:01: World triggered "Round_End"
L 05/28/2018 - 12:59:05: "Calango<36><VALVE_ID_LAN><CT>" say "boaa" (dead)
L 05/28/2018 - 12:59:06: World triggered "Round_Start"
L 05/28/2018 - 12:59:07: "Cap. Billy<34><VALVE_ID_LOOPBACK><CT>" say_team "JUNTOS!!!!!"
L 05/28/2018 - 12:59:08: "Jack<42><VALVE_ID_LAN><CT>" say "bugiganga vazou"
L 05/28/2018 - 12:59:16: Server cvar "amx_nextmap" = "aim_map_usp"
L 05/28/2018 - 12:59:20: "Calango<36><VALVE_ID_LAN><CT>" killed "Smolder<39><VALVE_ID_LAN><TERRORIST>" with "knife"
L 05/28/2018 - 12:59:21: "GARGAMEL O ESTRIPADOR<40><VALVE_ID_LAN><TERRORIST>" killed "@te<43><VALVE_ID_LAN><CT>" with "knife"
L 05/28/2018 - 12:59:22: "Cap. Billy<34><VALVE_ID_LOOPBACK><CT>" killed "GARGAMEL O ESTRIPADOR<40><VALVE_ID_LAN><TERRORIST>" with "knife"
L 05/28/2018 - 12:59:26: "TUX<38><VALVE_ID_LAN><TERRORIST>" killed "Calango<36><VALVE_ID_LAN><CT>" with "knife"
L 05/28/2018 - 12:59:28: "Jack<42><VALVE_ID_LAN><CT>" killed "Calcas Peludas<41><VALVE_ID_LAN><TERRORIST>" with "knife"
L 05/28/2018 - 12:59:33: "Cap. Billy<34><VALVE_ID_LOOPBACK><CT>" killed "TUX<38><VALVE_ID_LAN><TERRORIST>" with "knife"
L 05/28/2018 - 12:59:33: Team "CT" triggered "CTs_Win" (CT "9") (T "5")
L 05/28/2018 - 12:59:33: World triggered "Round_End"
L 05/28/2018 - 12:59:37: "Calango<36><VALVE_ID_LAN><CT>" say "toimeleft" (dead)
L 05/28/2018 - 12:59:38: World triggered "Round_Start"
L 05/28/2018 - 12:59:47: "Smolder<39><VALVE_ID_LAN><TERRORIST>" killed "@te<43><VALVE_ID_LAN><CT>" with "knife"
L 05/28/2018 - 12:59:49: "Cap. Billy<34><VALVE_ID_LOOPBACK><CT>" killed "TUX<38><VALVE_ID_LAN><TERRORIST>" with "knife"
L 05/28/2018 - 12:59:50: "Calcas Peludas<41><VALVE_ID_LAN><TERRORIST>" killed "Cap. Billy<34><VALVE_ID_LOOPBACK><CT>" with "knife"
L 05/28/2018 - 12:59:50: "Jack<42><VALVE_ID_LAN><CT>" killed "Smolder<39><VALVE_ID_LAN><TERRORIST>" with "knife"
L 05/28/2018 - 12:59:51: "GARGAMEL O ESTRIPADOR<40><VALVE_ID_LAN><TERRORIST>" killed "Calango<36><VALVE_ID_LAN><CT>" with "knife"
L 05/28/2018 - 12:59:58: "GARGAMEL O ESTRIPADOR<40><VALVE_ID_LAN><TERRORIST>" killed "Jack<42><VALVE_ID_LAN><CT>" with "knife"
L 05/28/2018 - 12:59:58: Team "TERRORIST" triggered "Terrorists_Win" (CT "9") (T "6")
L 05/28/2018 - 12:59:58: World triggered "Round_End"
L 05/28/2018 - 13:00:03: World triggered "Round_Start"
L 05/28/2018 - 13:00:16: "Calcas Peludas<41><VALVE_ID_LAN><TERRORIST>" killed "Jack<42><VALVE_ID_LAN><CT>" with "knife"
L 05/28/2018 - 13:00:18: "@te<43><VALVE_ID_LAN><CT>" killed "Smolder<39><VALVE_ID_LAN><TERRORIST>" with "knife"
L 05/28/2018 - 13:00:18: "TUX<38><VALVE_ID_LAN><TERRORIST>" killed "Calango<36><VALVE_ID_LAN><CT>" with "knife"
L 05/28/2018 - 13:00:23: "@te<43><VALVE_ID_LAN><CT>" killed "GARGAMEL O ESTRIPADOR<40><VALVE_ID_LAN><TERRORIST>" with "knife"
L 05/28/2018 - 13:00:27: "Calcas Peludas<41><VALVE_ID_LAN><TERRORIST>" killed "@te<43><VALVE_ID_LAN><CT>" with "knife"
L 05/28/2018 - 13:00:28: "Cap. Billy<34><VALVE_ID_LOOPBACK><CT>" killed "Calcas Peludas<41><VALVE_ID_LAN><TERRORIST>" with "knife"
L 05/28/2018 - 13:00:31: "Cap. Billy<34><VALVE_ID_LOOPBACK><CT>" killed "TUX<38><VALVE_ID_LAN><TERRORIST>" with "knife"
L 05/28/2018 - 13:00:31: Team "CT" triggered "CTs_Win" (CT "10") (T "6")
L 05/28/2018 - 13:00:31: World triggered "Round_End"
L 05/28/2018 - 13:00:35: "Jack<42><VALVE_ID_LAN><CT>" say "timeleft" (dead)
L 05/28/2018 - 13:00:36: World triggered "Round_Start"
L 05/28/2018 - 13:00:44: "@te<43><VALVE_ID_LAN><CT>" killed "Smolder<39><VALVE_ID_LAN><TERRORIST>" with "knife"
L 05/28/2018 - 13:00:45: "TUX<38><VALVE_ID_LAN><TERRORIST>" killed "Jack<42><VALVE_ID_LAN><CT>" with "knife"
L 05/28/2018 - 13:00:46: "Cap. Billy<34><VALVE_ID_LOOPBACK><CT>" killed "GARGAMEL O ESTRIPADOR<40><VALVE_ID_LAN><TERRORIST>" with "knife"
L 05/28/2018 - 13:00:47: "TUX<38><VALVE_ID_LAN><TERRORIST>" killed "@te<43><VALVE_ID_LAN><CT>" with "knife"
L 05/28/2018 - 13:00:48: "Cap. Billy<34><VALVE_ID_LOOPBACK><CT>" killed "Calcas Peludas<41><VALVE_ID_LAN><TERRORIST>" with "knife"
L 05/28/2018 - 13:00:49: "TUX<38><VALVE_ID_LAN><TERRORIST>" killed "Calango<36><VALVE_ID_LAN><CT>" with "knife"
L 05/28/2018 - 13:00:50: "Cap. Billy<34><VALVE_ID_LOOPBACK><CT>" killed "TUX<38><VALVE_ID_LAN><TERRORIST>" with "knife"
L 05/28/2018 - 13:00:50: Team "CT" triggered "CTs_Win" (CT "11") (T "6")
L 05/28/2018 - 13:00:50: World triggered "Round_End"
L 05/28/2018 - 13:00:55: World triggered "Round_Start"
L 05/28/2018 - 13:01:02: "Cap. Billy<34><VALVE_ID_LOOPBACK><CT>" killed "Smolder<39><VALVE_ID_LAN><TERRORIST>" with "knife"
L 05/28/2018 - 13:01:03: "TUX<38><VALVE_ID_LAN><TERRORIST>" killed "Jack<42><VALVE_ID_LAN><CT>" with "knife"
L 05/28/2018 - 13:01:04: "Cap. Billy<34><VALVE_ID_LOOPBACK><CT>" killed "TUX<38><VALVE_ID_LAN><TERRORIST>" with "knife"
L 05/28/2018 - 13:01:04: "Calango<36><VALVE_ID_LAN><CT>" killed "Cap. Billy<34><VALVE_ID_LOOPBACK><CT>" with "knife"
L 05/28/2018 - 13:01:05: Team "CT" scored "11" with "4" players
L 05/28/2018 - 13:01:05: Team "TERRORIST" scored "6" with "4" players
L 05/28/2018 - 13:01:11: "Calcas Peludas<41><VALVE_ID_LAN><TERRORIST>" triggered "weaponstats" (weapon "deagle") (shots "111") (hits "34") (kills "11") (headshots "3") (tks "0") (damage "1391") (deaths "7")
L 05/28/2018 - 13:01:11: "Calcas Peludas<41><VALVE_ID_LAN><TERRORIST>" triggered "weaponstats2" (weapon "deagle") (head "5") (chest "4") (stomach "3") (leftarm "11") (rightarm "7") (leftleg "1") (rightleg "3")
L 05/28/2018 - 13:01:11: "Calcas Peludas<41><VALVE_ID_LAN><TERRORIST>" triggered "weaponstats" (weapon "knife") (shots "26") (hits "8") (kills "5") (headshots "3") (tks "0") (damage "716") (deaths "6")
L 05/28/2018 - 13:01:11: "Calcas Peludas<41><VALVE_ID_LAN><TERRORIST>" triggered "weaponstats2" (weapon "knife") (head "3") (chest "3") (stomach "0") (leftarm "1") (rightarm "1") (leftleg "0") (rightleg "0")
L 05/28/2018 - 13:01:11: "Calcas Peludas<41><VALVE_ID_LAN><TERRORIST>" triggered "time" (time "10:04")
L 05/28/2018 - 13:01:11: "Calcas Peludas<41><VALVE_ID_LAN><TERRORIST>" triggered "latency" (ping "8")
L 05/28/2018 - 13:01:12: "TUX<38><VALVE_ID_LAN><TERRORIST>" triggered "weaponstats" (weapon "deagle") (shots "60") (hits "19") (kills "8") (headshots "5") (tks "0") (damage "1131") (deaths "8")
L 05/28/2018 - 13:01:12: "TUX<38><VALVE_ID_LAN><TERRORIST>" triggered "weaponstats2" (weapon "deagle") (head "5") (chest "1") (stomach "1") (leftarm "9") (rightarm "2") (leftleg "0") (rightleg "1")
L 05/28/2018 - 13:01:12: "TUX<38><VALVE_ID_LAN><TERRORIST>" triggered "weaponstats" (weapon "knife") (shots "24") (hits "16") (kills "9") (headshots "2") (tks "0") (damage "1341") (deaths "8")
L 05/28/2018 - 13:01:12: "TUX<38><VALVE_ID_LAN><TERRORIST>" triggered "weaponstats2" (weapon "knife") (head "4") (chest "7") (stomach "0") (leftarm "2") (rightarm "1") (leftleg "0") (rightleg "2")
L 05/28/2018 - 13:01:12: "TUX<38><VALVE_ID_LAN><TERRORIST>" triggered "time" (time "10:07")
L 05/28/2018 - 13:01:12: "TUX<38><VALVE_ID_LAN><TERRORIST>" triggered "latency" (ping "8")
L 05/28/2018 - 13:01:13: "Cap. Billy<34><VALVE_ID_LOOPBACK><CT>" triggered "weaponstats" (weapon "deagle") (shots "62") (hits "30") (kills "8") (headshots "1") (tks "0") (damage "1078") (deaths "5")
L 05/28/2018 - 13:01:13: "Cap. Billy<34><VALVE_ID_LOOPBACK><CT>" triggered "weaponstats2" (weapon "deagle") (head "1") (chest "7") (stomach "2") (leftarm "11") (rightarm "8") (leftleg "0") (rightleg "1")
L 05/28/2018 - 13:01:13: "Cap. Billy<34><VALVE_ID_LOOPBACK><CT>" triggered "weaponstats" (weapon "knife") (shots "35") (hits "20") (kills "15") (headshots "7") (tks "0") (damage "1948") (deaths "5")
L 05/28/2018 - 13:01:13: "Cap. Billy<34><VALVE_ID_LOOPBACK><CT>" triggered "weaponstats2" (weapon "knife") (head "8") (chest "6") (stomach "1") (leftarm "4") (rightarm "0") (leftleg "0") (rightleg "1")
L 05/28/2018 - 13:01:13: "Cap. Billy<34><VALVE_ID_LOOPBACK><CT>" triggered "time" (time "10:12")
L 05/28/2018 - 13:01:13: "Cap. Billy<34><VALVE_ID_LOOPBACK><CT>" triggered "latency" (ping "0")
L 05/28/2018 - 13:01:13: "Calango<36><VALVE_ID_LAN><CT>" triggered "weaponstats" (weapon "deagle") (shots "101") (hits "32") (kills "11") (headshots "4") (tks "0") (damage "1477") (deaths "5")
L 05/28/2018 - 13:01:13: "Calango<36><VALVE_ID_LAN><CT>" triggered "weaponstats2" (weapon "deagle") (head "4") (chest "6") (stomach "2") (leftarm "9") (rightarm "9") (leftleg "0") (rightleg "2")
L 05/28/2018 - 13:01:13: "Calango<36><VALVE_ID_LAN><CT>" triggered "weaponstats" (weapon "knife") (shots "22") (hits "13") (kills "4") (headshots "0") (tks "1") (damage "776") (deaths "8")
L 05/28/2018 - 13:01:13: "Calango<36><VALVE_ID_LAN><CT>" triggered "weaponstats2" (weapon "knife") (head "1") (chest "2") (stomach "1") (leftarm "1") (rightarm "7") (leftleg "0") (rightleg "1")
L 05/28/2018 - 13:01:13: "Calango<36><VALVE_ID_LAN><CT>" triggered "time" (time "10:09")
L 05/28/2018 - 13:01:13: "Calango<36><VALVE_ID_LAN><CT>" triggered "latency" (ping "7")
L 05/28/2018 - 13:01:13: "Smolder<39><VALVE_ID_LAN><TERRORIST>" triggered "weaponstats" (weapon "deagle") (shots "46") (hits "9") (kills "2") (headshots "1") (tks "0") (damage "392") (deaths "5")
L 05/28/2018 - 13:01:13: "Smolder<39><VALVE_ID_LAN><TERRORIST>" triggered "weaponstats2" (weapon "deagle") (head "1") (chest "2") (stomach "0") (leftarm "4") (rightarm "2") (leftleg "0") (rightleg "0")
L 05/28/2018 - 13:01:13: "Smolder<39><VALVE_ID_LAN><TERRORIST>" triggered "weaponstats" (weapon "knife") (shots "25") (hits "15") (kills "4") (headshots "2") (tks "0") (damage "1121") (deaths "11")
L 05/28/2018 - 13:01:13: "Smolder<39><VALVE_ID_LAN><TERRORIST>" triggered "weaponstats2" (weapon "knife") (head "7") (chest "1") (stomach "0") (leftarm "0") (rightarm "7") (leftleg "0") (rightleg "0")
L 05/28/2018 - 13:01:13: "Smolder<39><VALVE_ID_LAN><TERRORIST>" triggered "time" (time "10:08")
L 05/28/2018 - 13:01:13: "Smolder<39><VALVE_ID_LAN><TERRORIST>" triggered "latency" (ping "9")
L 05/28/2018 - 13:01:13: "GARGAMEL O ESTRIPADOR<40><VALVE_ID_LAN><TERRORIST>" triggered "weaponstats" (weapon "deagle") (shots "92") (hits "23") (kills "7") (headshots "1") (tks "0") (damage "781") (deaths "4")
L 05/28/2018 - 13:01:13: "GARGAMEL O ESTRIPADOR<40><VALVE_ID_LAN><TERRORIST>" triggered "weaponstats2" (weapon "deagle") (head "1") (chest "2") (stomach "5") (leftarm "6") (rightarm "7") (leftleg "1") (rightleg "1")
L 05/28/2018 - 13:01:13: "GARGAMEL O ESTRIPADOR<40><VALVE_ID_LAN><TERRORIST>" triggered "weaponstats" (weapon "knife") (shots "22") (hits "13") (kills "3") (headshots "0") (tks "0") (damage "679") (deaths "10")
L 05/28/2018 - 13:01:13: "GARGAMEL O ESTRIPADOR<40><VALVE_ID_LAN><TERRORIST>" triggered "weaponstats2" (weapon "knife") (head "0") (chest "3") (stomach "2") (leftarm "3") (rightarm "4") (leftleg "1") (rightleg "0")
L 05/28/2018 - 13:01:13: "GARGAMEL O ESTRIPADOR<40><VALVE_ID_LAN><TERRORIST>" triggered "time" (time "10:07")
L 05/28/2018 - 13:01:13: "GARGAMEL O ESTRIPADOR<40><VALVE_ID_LAN><TERRORIST>" triggered "latency" (ping "10")
L 05/28/2018 - 13:01:13: "Jack<42><VALVE_ID_LAN><CT>" triggered "weaponstats" (weapon "deagle") (shots "72") (hits "27") (kills "8") (headshots "3") (tks "0") (damage "1275") (deaths "4")
L 05/28/2018 - 13:01:13: "Jack<42><VALVE_ID_LAN><CT>" triggered "weaponstats2" (weapon "deagle") (head "3") (chest "6") (stomach "3") (leftarm "11") (rightarm "4") (leftleg "0") (rightleg "0")
L 05/28/2018 - 13:01:13: "Jack<42><VALVE_ID_LAN><CT>" triggered "weaponstats" (weapon "knife") (shots "16") (hits "12") (kills "5") (headshots "4") (tks "0") (damage "1122") (deaths "10")
L 05/28/2018 - 13:01:13: "Jack<42><VALVE_ID_LAN><CT>" triggered "weaponstats2" (weapon "knife") (head "7") (chest "1") (stomach "0") (leftarm "2") (rightarm "2") (leftleg "0") (rightleg "0")
L 05/28/2018 - 13:01:13: "Jack<42><VALVE_ID_LAN><CT>" triggered "time" (time "10:01")
L 05/28/2018 - 13:01:13: "Jack<42><VALVE_ID_LAN><CT>" triggered "latency" (ping "11")
L 05/28/2018 - 13:01:13: "@te<43><VALVE_ID_LAN><CT>" triggered "weaponstats" (weapon "deagle") (shots "46") (hits "14") (kills "3") (headshots "1") (tks "0") (damage "560") (deaths "4")
L 05/28/2018 - 13:01:13: "@te<43><VALVE_ID_LAN><CT>" triggered "weaponstats2" (weapon "deagle") (head "1") (chest "1") (stomach "3") (leftarm "4") (rightarm "4") (leftleg "0") (rightleg "1")
L 05/28/2018 - 13:01:13: "@te<43><VALVE_ID_LAN><CT>" triggered "weaponstats" (weapon "knife") (shots "23") (hits "13") (kills "7") (headshots "2") (tks "0") (damage "991") (deaths "8")
L 05/28/2018 - 13:01:13: "@te<43><VALVE_ID_LAN><CT>" triggered "weaponstats2" (weapon "knife") (head "3") (chest "3") (stomach "2") (leftarm "3") (rightarm "2") (leftleg "0") (rightleg "0")
L 05/28/2018 - 13:01:13: "@te<43><VALVE_ID_LAN><CT>" triggered "time" (time "9:53")
L 05/28/2018 - 13:01:13: "@te<43><VALVE_ID_LAN><CT>" triggered "latency" (ping "10")
L 05/28/2018 - 13:01:13: [META] ini: Begin re-reading plugins list: c:/valve/cstrike/addons/metamod/plugins.ini
L 05/28/2018 - 13:01:13: [META] ini: Read plugin config for: AMX
L 05/28/2018 - 13:01:13: [META] ini: Read plugin config for: WinHL-Booster
L 05/28/2018 - 13:01:13: [META] ERROR: ini: Skipping plugin, couldn't stat file 'addons/hlguard/dlls/hlguard_mm_nightly.dll': No such file or directory
L 05/28/2018 - 13:01:13: [META] ini: Read plugin config for: WebMod
L 05/28/2018 - 13:01:13: [META] ini: Finished reading plugins list: c:/valve/cstrike/addons/metamod/plugins.ini; Found 3 plugins
L 05/28/2018 - 13:01:13: [META] dll: Updating plugins...
L 05/28/2018 - 13:01:13: [META] ERROR: dll: Failed query plugin '<hlguard_mm_nightly.dll>'; Couldn't open file 'addons/hlguard/dlls/hlguard_mm_nightly.dll': Não foi possível encontrar o módulo especificado.

L 05/28/2018 - 13:01:13: [META] ERROR: dll: Skipping plugin '<hlguard_mm_nightly.dll>'; couldn't query
L 05/28/2018 - 13:01:13: [META] dll: Finished updating 6 plugins; kept 3, loaded 0, unloaded 0, reloaded 0, delayed 0
L 05/28/2018 - 13:01:13: Server shutdown
L 05/28/2018 - 13:01:13: Log file closed
