L 05/21/2018 - 12:31:35: Log file started (file "logs\L0521001.log") (game "cstrike") (version "47/1.1.2.2/2603")
L 05/21/2018 - 12:31:35: "GARGAMEL O ESFAQUEADO<10><VALVE_ID_LAN><>" joined team "TERRORIST"
L 05/21/2018 - 12:31:36: World triggered "Round_Start"
L 05/21/2018 - 12:31:38: "Inspetor Buginganga<12><VALVE_ID_LAN><>" joined team "TERRORIST"
L 05/21/2018 - 12:31:42: "Cap. Billy<9><VALVE_ID_LOOPBACK><CT>" killed "Inspetor Buginganga<12><VALVE_ID_LAN><TERRORIST>" with "p90"
L 05/21/2018 - 12:31:44: "Cap. Billy<9><VALVE_ID_LOOPBACK><CT>" killed "GARGAMEL O ESFAQUEADO<10><VALVE_ID_LAN><TERRORIST>" with "p90"
L 05/21/2018 - 12:31:52: "GARGAMEL O ESFAQUEADO<10><VALVE_ID_LAN><TERRORIST>" joined team "CT"
L 05/21/2018 - 12:31:54: "TUX<11><VALVE_ID_LAN><TERRORIST>" killed "Cap. Billy<9><VALVE_ID_LOOPBACK><CT>" with "mp5navy"
L 05/21/2018 - 12:31:54: Team "TERRORIST" triggered "Terrorists_Win" (CT "0") (T "1")
L 05/21/2018 - 12:31:54: World triggered "Round_End"
L 05/21/2018 - 12:31:59: World triggered "Round_Start"
L 05/21/2018 - 12:32:04: "Cap. Billy<9><VALVE_ID_LOOPBACK><CT>" killed "TUX<11><VALVE_ID_LAN><TERRORIST>" with "mac10"
L 05/21/2018 - 12:32:08: "GARGAMEL O ESFAQUEADO<10><VALVE_ID_LAN><CT>" killed "Inspetor Buginganga<12><VALVE_ID_LAN><TERRORIST>" with "m249"
L 05/21/2018 - 12:32:08: Team "CT" triggered "CTs_Win" (CT "1") (T "1")
L 05/21/2018 - 12:32:08: World triggered "Round_End"
L 05/21/2018 - 12:32:13: World triggered "Round_Start"
L 05/21/2018 - 12:32:15: "Inspetor Buginganga<12><VALVE_ID_LAN><TERRORIST>" triggered "weaponstats" (weapon "xm1014") (shots "2") (hits "0") (kills "0") (headshots "0") (tks "0") (damage "0") (deaths "1")
L 05/21/2018 - 12:32:15: "Inspetor Buginganga<12><VALVE_ID_LAN><TERRORIST>" triggered "weaponstats2" (weapon "xm1014") (head "0") (chest "0") (stomach "0") (leftarm "0") (rightarm "0") (leftleg "0") (rightleg "0")
L 05/21/2018 - 12:32:15: "Inspetor Buginganga<12><VALVE_ID_LAN><TERRORIST>" triggered "weaponstats" (weapon "glock18") (shots "1") (hits "0") (kills "0") (headshots "0") (tks "0") (damage "0") (deaths "0")
L 05/21/2018 - 12:32:15: "Inspetor Buginganga<12><VALVE_ID_LAN><TERRORIST>" triggered "weaponstats2" (weapon "glock18") (head "0") (chest "0") (stomach "0") (leftarm "0") (rightarm "0") (leftleg "0") (rightleg "0")
L 05/21/2018 - 12:32:15: "Inspetor Buginganga<12><VALVE_ID_LAN><TERRORIST>" triggered "time" (time "0:41")
L 05/21/2018 - 12:32:15: "Inspetor Buginganga<12><VALVE_ID_LAN><TERRORIST>" triggered "latency" (ping "6")
L 05/21/2018 - 12:32:15: "Inspetor Buginganga<12><VALVE_ID_LAN><TERRORIST>" disconnected
L 05/21/2018 - 12:32:21: "TUX<11><VALVE_ID_LAN><TERRORIST>" killed "GARGAMEL O ESFAQUEADO<10><VALVE_ID_LAN><CT>" with "xm1014"
L 05/21/2018 - 12:32:40: "Cap. Billy<9><VALVE_ID_LOOPBACK><CT>" killed "TUX<11><VALVE_ID_LAN><TERRORIST>" with "mp5navy"
L 05/21/2018 - 12:32:40: Team "CT" triggered "CTs_Win" (CT "2") (T "1")
L 05/21/2018 - 12:32:40: World triggered "Round_End"
L 05/21/2018 - 12:32:45: World triggered "Round_Start"
L 05/21/2018 - 12:32:49: "Cap. Billy<9><VALVE_ID_LOOPBACK><CT>" killed "TUX<11><VALVE_ID_LAN><TERRORIST>" with "mp5navy"
L 05/21/2018 - 12:32:49: Team "CT" triggered "CTs_Win" (CT "3") (T "1")
L 05/21/2018 - 12:32:49: World triggered "Round_End"
L 05/21/2018 - 12:32:54: World triggered "Round_Start"
L 05/21/2018 - 12:33:00: "XXBOT Adrian<13><BOT><>" joined team "TERRORIST"
L 05/21/2018 - 12:33:00: Server cvar "bot_quota" = "1"
L 05/21/2018 - 12:33:00: "XXBOT Adrian<13><BOT><>" entered the game
L 05/21/2018 - 12:33:09: "Cap. Billy<9><VALVE_ID_LOOPBACK><CT>" killed "TUX<11><VALVE_ID_LAN><TERRORIST>" with "mp5navy"
L 05/21/2018 - 12:33:19: "Cap. Billy<9><VALVE_ID_LOOPBACK><CT>" killed "XXBOT Adrian<13><BOT><TERRORIST>" with "mp5navy"
L 05/21/2018 - 12:33:19: Team "CT" triggered "CTs_Win" (CT "4") (T "1")
L 05/21/2018 - 12:33:19: World triggered "Round_End"
L 05/21/2018 - 12:33:24: World triggered "Round_Start"
L 05/21/2018 - 12:33:29: "Cap. Billy<9><VALVE_ID_LOOPBACK><CT>" killed "TUX<11><VALVE_ID_LAN><TERRORIST>" with "mp5navy"
L 05/21/2018 - 12:33:32: "Cap. Billy<9><VALVE_ID_LOOPBACK><CT>" killed "XXBOT Adrian<13><BOT><TERRORIST>" with "mp5navy"
L 05/21/2018 - 12:33:32: Team "CT" triggered "CTs_Win" (CT "5") (T "1")
L 05/21/2018 - 12:33:32: World triggered "Round_End"
L 05/21/2018 - 12:33:37: World triggered "Round_Start"
L 05/21/2018 - 12:33:38: "GARGAMEL O ESFAQUEADO<10><VALVE_ID_LAN><CT>" committed suicide with "world"
L 05/21/2018 - 12:33:38: "GARGAMEL O ESFAQUEADO<10><VALVE_ID_LAN><CT>" joined team "TERRORIST"
L 05/21/2018 - 12:33:43: "Cap. Billy<9><VALVE_ID_LOOPBACK><CT>" killed "TUX<11><VALVE_ID_LAN><TERRORIST>" with "mp5navy"
L 05/21/2018 - 12:33:46: "Cap. Billy<9><VALVE_ID_LOOPBACK><CT>" killed "XXBOT Adrian<13><BOT><TERRORIST>" with "mp5navy"
L 05/21/2018 - 12:33:46: Team "CT" triggered "CTs_Win" (CT "6") (T "1")
L 05/21/2018 - 12:33:46: World triggered "Round_End"
L 05/21/2018 - 12:33:48: Server cvar "bot_quota" = "0"
L 05/21/2018 - 12:33:48: Kick: "XXBOT Adrian<13><UNKNOWN><>" was kicked by "Cap. Billy"
L 05/21/2018 - 12:33:48: "XXBOT Adrian<13><BOT><TERRORIST>" disconnected
L 05/21/2018 - 12:33:51: World triggered "Round_Start"
L 05/21/2018 - 12:33:51: "XXBOT Troy<14><BOT><>" joined team "CT"
L 05/21/2018 - 12:33:51: Server cvar "bot_quota" = "1"
L 05/21/2018 - 12:33:51: "XXBOT Troy<14><BOT><>" entered the game
L 05/21/2018 - 12:33:58: "TUX<11><VALVE_ID_LAN><TERRORIST>" killed "XXBOT Troy<14><BOT><CT>" with "xm1014"
L 05/21/2018 - 12:34:01: "TUX<11><VALVE_ID_LAN><TERRORIST>" killed "Cap. Billy<9><VALVE_ID_LOOPBACK><CT>" with "xm1014"
L 05/21/2018 - 12:34:01: Team "TERRORIST" triggered "Terrorists_Win" (CT "6") (T "2")
L 05/21/2018 - 12:34:01: World triggered "Round_End"
L 05/21/2018 - 12:34:04: "Smolder<15><VALVE_ID_LAN><>" connected, address "10.15.3.173:27005"
L 05/21/2018 - 12:34:06: World triggered "Round_Start"
L 05/21/2018 - 12:34:08: "Smolder<15><VALVE_ID_LAN><>" entered the game
L 05/21/2018 - 12:34:09: "Cap. Billy<9><VALVE_ID_LOOPBACK><CT>" killed "TUX<11><VALVE_ID_LAN><TERRORIST>" with "xm1014"
L 05/21/2018 - 12:34:12: "Smolder<15><VALVE_ID_LAN><>" joined team "TERRORIST"
L 05/21/2018 - 12:34:14: "Cap. Billy<9><VALVE_ID_LOOPBACK><CT>" killed "GARGAMEL O ESFAQUEADO<10><VALVE_ID_LAN><TERRORIST>" with "knife"
L 05/21/2018 - 12:34:18: "Smolder<15><VALVE_ID_LAN><TERRORIST>" killed "XXBOT Troy<14><BOT><CT>" with "mp5navy"
L 05/21/2018 - 12:34:27: "Cap. Billy<9><VALVE_ID_LOOPBACK><CT>" killed "Smolder<15><VALVE_ID_LAN><TERRORIST>" with "knife"
L 05/21/2018 - 12:34:27: Team "CT" triggered "CTs_Win" (CT "7") (T "2")
L 05/21/2018 - 12:34:27: World triggered "Round_End"
L 05/21/2018 - 12:34:32: "XXBOT Ted<16><BOT><>" joined team "CT"
L 05/21/2018 - 12:34:32: Server cvar "bot_quota" = "2"
L 05/21/2018 - 12:34:32: "XXBOT Ted<16><BOT><>" entered the game
L 05/21/2018 - 12:34:32: World triggered "Round_Start"
L 05/21/2018 - 12:34:35: "Cap. Billy<9><VALVE_ID_LOOPBACK><CT>" killed "Smolder<15><VALVE_ID_LAN><TERRORIST>" with "usp"
L 05/21/2018 - 12:34:42: "Cap. Billy<9><VALVE_ID_LOOPBACK><CT>" killed "GARGAMEL O ESFAQUEADO<10><VALVE_ID_LAN><TERRORIST>" with "xm1014"
L 05/21/2018 - 12:34:45: "TUX<11><VALVE_ID_LAN><TERRORIST>" killed "Cap. Billy<9><VALVE_ID_LOOPBACK><CT>" with "m3"
L 05/21/2018 - 12:34:49: "XXBOT Ted<16><BOT><CT>" killed "TUX<11><VALVE_ID_LAN><TERRORIST>" with "mp5navy"
L 05/21/2018 - 12:34:49: Team "CT" triggered "CTs_Win" (CT "8") (T "2")
L 05/21/2018 - 12:34:49: World triggered "Round_End"
L 05/21/2018 - 12:34:54: World triggered "Round_Start"
L 05/21/2018 - 12:34:59: "TUX<11><VALVE_ID_LAN><TERRORIST>" killed "XXBOT Ted<16><BOT><CT>" with "m4a1"
L 05/21/2018 - 12:35:06: "Cap. Billy<9><VALVE_ID_LOOPBACK><CT>" killed "TUX<11><VALVE_ID_LAN><TERRORIST>" with "tmp"
L 05/21/2018 - 12:35:07: "GARGAMEL O ESFAQUEADO<10><VALVE_ID_LAN><TERRORIST>" killed "XXBOT Troy<14><BOT><CT>" with "knife"
L 05/21/2018 - 12:35:08: "Smolder<15><VALVE_ID_LAN><TERRORIST>" killed "Cap. Billy<9><VALVE_ID_LOOPBACK><CT>" with "mp5navy"
L 05/21/2018 - 12:35:08: Team "TERRORIST" triggered "Terrorists_Win" (CT "8") (T "3")
L 05/21/2018 - 12:35:08: World triggered "Round_End"
L 05/21/2018 - 12:35:13: World triggered "Round_Start"
L 05/21/2018 - 12:35:18: "Smolder<15><VALVE_ID_LAN><TERRORIST>" killed "XXBOT Ted<16><BOT><CT>" with "mp5navy"
L 05/21/2018 - 12:35:18: "Smolder<15><VALVE_ID_LAN><TERRORIST>" killed "XXBOT Troy<14><BOT><CT>" with "mp5navy"
L 05/21/2018 - 12:35:20: "TUX<11><VALVE_ID_LAN><TERRORIST>" killed "Cap. Billy<9><VALVE_ID_LOOPBACK><CT>" with "xm1014"
L 05/21/2018 - 12:35:20: Team "TERRORIST" triggered "Terrorists_Win" (CT "8") (T "4")
L 05/21/2018 - 12:35:20: World triggered "Round_End"
L 05/21/2018 - 12:35:25: World triggered "Round_Start"
L 05/21/2018 - 12:35:30: "Cap. Billy<9><VALVE_ID_LOOPBACK><CT>" killed "GARGAMEL O ESFAQUEADO<10><VALVE_ID_LAN><TERRORIST>" with "xm1014"
L 05/21/2018 - 12:35:33: "Cap. Billy<9><VALVE_ID_LOOPBACK><CT>" killed "Smolder<15><VALVE_ID_LAN><TERRORIST>" with "xm1014"
L 05/21/2018 - 12:35:33: "TUX<11><VALVE_ID_LAN><TERRORIST>" killed "XXBOT Troy<14><BOT><CT>" with "xm1014"
L 05/21/2018 - 12:35:36: "TUX<11><VALVE_ID_LAN><TERRORIST>" killed "XXBOT Ted<16><BOT><CT>" with "xm1014"
L 05/21/2018 - 12:35:38: "Cap. Billy<9><VALVE_ID_LOOPBACK><CT>" killed "TUX<11><VALVE_ID_LAN><TERRORIST>" with "xm1014"
L 05/21/2018 - 12:35:38: Team "CT" triggered "CTs_Win" (CT "9") (T "4")
L 05/21/2018 - 12:35:38: World triggered "Round_End"
L 05/21/2018 - 12:35:38: "@te<17><VALVE_ID_LAN><>" connected, address "10.15.2.23:27005"
L 05/21/2018 - 12:35:43: World triggered "Round_Start"
L 05/21/2018 - 12:35:47: "Cap. Billy<9><VALVE_ID_LOOPBACK><CT>" killed "TUX<11><VALVE_ID_LAN><TERRORIST>" with "xm1014"
L 05/21/2018 - 12:35:48: "Smolder<15><VALVE_ID_LAN><TERRORIST>" killed "Cap. Billy<9><VALVE_ID_LOOPBACK><CT>" with "mp5navy"
L 05/21/2018 - 12:35:49: "XXBOT Ted<16><BOT><CT>" killed "GARGAMEL O ESFAQUEADO<10><VALVE_ID_LAN><TERRORIST>" with "usp"
L 05/21/2018 - 12:35:59: "@te<17><VALVE_ID_LAN><>" entered the game
L 05/21/2018 - 12:36:01: "XXBOT Troy<14><BOT><CT>" killed "Smolder<15><VALVE_ID_LAN><TERRORIST>" with "mac10"
L 05/21/2018 - 12:36:01: Team "CT" triggered "CTs_Win" (CT "10") (T "4")
L 05/21/2018 - 12:36:01: World triggered "Round_End"
L 05/21/2018 - 12:36:06: World triggered "Round_Start"
L 05/21/2018 - 12:36:09: "Smolder<15><VALVE_ID_LAN><TERRORIST>" killed "Cap. Billy<9><VALVE_ID_LOOPBACK><CT>" with "mp5navy"
L 05/21/2018 - 12:36:10: "@te<17><VALVE_ID_LAN><>" joined team "CT"
L 05/21/2018 - 12:36:10: "GARGAMEL O ESFAQUEADO<10><VALVE_ID_LAN><TERRORIST>" killed "XXBOT Ted<16><BOT><CT>" with "m4a1"
L 05/21/2018 - 12:36:13: "GARGAMEL O ESFAQUEADO<10><VALVE_ID_LAN><TERRORIST>" killed "XXBOT Troy<14><BOT><CT>" with "m4a1"
L 05/21/2018 - 12:36:16: Server cvar "bot_quota" = "1"
L 05/21/2018 - 12:36:16: Server cvar "bot_quota" = "0"
L 05/21/2018 - 12:36:16: Kick: "XXBOT Troy<14><UNKNOWN><>" was kicked by "Cap. Billy"
L 05/21/2018 - 12:36:16: "XXBOT Troy<14><BOT><CT>" disconnected
L 05/21/2018 - 12:36:16: Kick: "XXBOT Ted<16><UNKNOWN><>" was kicked by "Cap. Billy"
L 05/21/2018 - 12:36:16: "XXBOT Ted<16><BOT><CT>" disconnected
L 05/21/2018 - 12:36:18: "TUX<11><VALVE_ID_LAN><TERRORIST>" killed "@te<17><VALVE_ID_LAN><CT>" with "mac10"
L 05/21/2018 - 12:36:18: Team "TERRORIST" triggered "Terrorists_Win" (CT "10") (T "5")
L 05/21/2018 - 12:36:18: World triggered "Round_End"
L 05/21/2018 - 12:36:22: "XXBOT Zane<18><BOT><>" joined team "CT"
L 05/21/2018 - 12:36:22: Server cvar "bot_quota" = "1"
L 05/21/2018 - 12:36:22: "XXBOT Zane<18><BOT><>" entered the game
L 05/21/2018 - 12:36:23: World triggered "Round_Start"
L 05/21/2018 - 12:36:32: "Cap. Billy<9><VALVE_ID_LOOPBACK><CT>" killed "GARGAMEL O ESFAQUEADO<10><VALVE_ID_LAN><TERRORIST>" with "xm1014"
L 05/21/2018 - 12:36:33: "@te<17><VALVE_ID_LAN><CT>" killed "Smolder<15><VALVE_ID_LAN><TERRORIST>" with "aug"
L 05/21/2018 - 12:36:34: "TUX<11><VALVE_ID_LAN><TERRORIST>" killed "XXBOT Zane<18><BOT><CT>" with "xm1014"
L 05/21/2018 - 12:36:36: "@te<17><VALVE_ID_LAN><CT>" killed "TUX<11><VALVE_ID_LAN><TERRORIST>" with "aug"
L 05/21/2018 - 12:36:36: Team "CT" triggered "CTs_Win" (CT "11") (T "5")
L 05/21/2018 - 12:36:36: World triggered "Round_End"
L 05/21/2018 - 12:36:41: World triggered "Round_Start"
L 05/21/2018 - 12:36:43: "Cap. Billy<9><VALVE_ID_LOOPBACK><CT>" killed "GARGAMEL O ESFAQUEADO<10><VALVE_ID_LAN><TERRORIST>" with "xm1014"
L 05/21/2018 - 12:36:47: "Cap. Billy<9><VALVE_ID_LOOPBACK><CT>" killed "Smolder<15><VALVE_ID_LAN><TERRORIST>" with "xm1014"
L 05/21/2018 - 12:36:51: "TUX<11><VALVE_ID_LAN><TERRORIST>" killed "XXBOT Zane<18><BOT><CT>" with "xm1014"
L 05/21/2018 - 12:36:53: "TUX<11><VALVE_ID_LAN><TERRORIST>" killed "@te<17><VALVE_ID_LAN><CT>" with "xm1014"
L 05/21/2018 - 12:36:57: "TUX<11><VALVE_ID_LAN><TERRORIST>" killed "Cap. Billy<9><VALVE_ID_LOOPBACK><CT>" with "xm1014"
L 05/21/2018 - 12:36:57: Team "TERRORIST" triggered "Terrorists_Win" (CT "11") (T "6")
L 05/21/2018 - 12:36:57: World triggered "Round_End"
L 05/21/2018 - 12:37:02: World triggered "Round_Start"
L 05/21/2018 - 12:37:08: "TUX<11><VALVE_ID_LAN><TERRORIST>" killed "@te<17><VALVE_ID_LAN><CT>" with "xm1014"
L 05/21/2018 - 12:37:11: "GARGAMEL O ESFAQUEADO<10><VALVE_ID_LAN><TERRORIST>" killed "XXBOT Zane<18><BOT><CT>" with "ak47"
L 05/21/2018 - 12:37:14: "GARGAMEL O ESFAQUEADO<10><VALVE_ID_LAN><TERRORIST>" killed "Cap. Billy<9><VALVE_ID_LOOPBACK><CT>" with "ak47"
L 05/21/2018 - 12:37:14: Team "TERRORIST" triggered "Terrorists_Win" (CT "11") (T "7")
L 05/21/2018 - 12:37:14: World triggered "Round_End"
L 05/21/2018 - 12:37:19: World triggered "Round_Start"
L 05/21/2018 - 12:37:28: "@te<17><VALVE_ID_LAN><CT>" killed "TUX<11><VALVE_ID_LAN><TERRORIST>" with "aug"
L 05/21/2018 - 12:37:30: "Cap. Billy<9><VALVE_ID_LOOPBACK><CT>" killed "GARGAMEL O ESFAQUEADO<10><VALVE_ID_LAN><TERRORIST>" with "aug"
L 05/21/2018 - 12:37:35: "Cap. Billy<9><VALVE_ID_LOOPBACK><CT>" killed "Smolder<15><VALVE_ID_LAN><TERRORIST>" with "aug"
L 05/21/2018 - 12:37:35: Team "CT" triggered "CTs_Win" (CT "12") (T "7")
L 05/21/2018 - 12:37:35: World triggered "Round_End"
L 05/21/2018 - 12:37:40: World triggered "Round_Start"
L 05/21/2018 - 12:37:45: "Cap. Billy<9><VALVE_ID_LOOPBACK><CT>" killed "GARGAMEL O ESFAQUEADO<10><VALVE_ID_LAN><TERRORIST>" with "xm1014"
L 05/21/2018 - 12:37:48: "Cap. Billy<9><VALVE_ID_LOOPBACK><CT>" killed "TUX<11><VALVE_ID_LAN><TERRORIST>" with "xm1014"
L 05/21/2018 - 12:37:48: "Smolder<15><VALVE_ID_LAN><TERRORIST>" killed "@te<17><VALVE_ID_LAN><CT>" with "xm1014"
L 05/21/2018 - 12:37:49: "XXBOT Zane<18><BOT><CT>" killed "Smolder<15><VALVE_ID_LAN><TERRORIST>" with "xm1014"
L 05/21/2018 - 12:37:49: Team "CT" triggered "CTs_Win" (CT "13") (T "7")
L 05/21/2018 - 12:37:49: World triggered "Round_End"
L 05/21/2018 - 12:37:54: World triggered "Round_Start"
L 05/21/2018 - 12:37:57: "GARGAMEL O ESFAQUEADO<10><VALVE_ID_LAN><TERRORIST>" killed "Cap. Billy<9><VALVE_ID_LOOPBACK><CT>" with "m3"
L 05/21/2018 - 12:37:59: "Smolder<15><VALVE_ID_LAN><TERRORIST>" killed "XXBOT Zane<18><BOT><CT>" with "aug"
L 05/21/2018 - 12:38:00: "@te<17><VALVE_ID_LAN><CT>" killed "Smolder<15><VALVE_ID_LAN><TERRORIST>" with "mp5navy"
L 05/21/2018 - 12:38:03: "@te<17><VALVE_ID_LAN><CT>" killed "GARGAMEL O ESFAQUEADO<10><VALVE_ID_LAN><TERRORIST>" with "mp5navy"
L 05/21/2018 - 12:38:08: "TUX<11><VALVE_ID_LAN><TERRORIST>" killed "@te<17><VALVE_ID_LAN><CT>" with "xm1014"
L 05/21/2018 - 12:38:08: Team "TERRORIST" triggered "Terrorists_Win" (CT "13") (T "8")
L 05/21/2018 - 12:38:08: World triggered "Round_End"
L 05/21/2018 - 12:38:13: World triggered "Round_Start"
L 05/21/2018 - 12:38:23: "Smolder<15><VALVE_ID_LAN><TERRORIST>" killed "XXBOT Zane<18><BOT><CT>" with "ak47"
L 05/21/2018 - 12:38:25: "GARGAMEL O ESFAQUEADO<10><VALVE_ID_LAN><TERRORIST>" killed "@te<17><VALVE_ID_LAN><CT>" with "xm1014"
L 05/21/2018 - 12:38:25: "Cap. Billy<9><VALVE_ID_LOOPBACK><CT>" killed "GARGAMEL O ESFAQUEADO<10><VALVE_ID_LAN><TERRORIST>" with "m4a1"
L 05/21/2018 - 12:38:25: "Cap. Billy<9><VALVE_ID_LOOPBACK><CT>" killed "TUX<11><VALVE_ID_LAN><TERRORIST>" with "m4a1"
L 05/21/2018 - 12:38:33: "Smolder<15><VALVE_ID_LAN><TERRORIST>" killed "Cap. Billy<9><VALVE_ID_LOOPBACK><CT>" with "ak47"
L 05/21/2018 - 12:38:33: Team "TERRORIST" triggered "Terrorists_Win" (CT "13") (T "9")
L 05/21/2018 - 12:38:33: World triggered "Round_End"
L 05/21/2018 - 12:38:38: World triggered "Round_Start"
L 05/21/2018 - 12:38:42: "Smolder<15><VALVE_ID_LAN><TERRORIST>" killed "XXBOT Zane<18><BOT><CT>" with "ak47"
L 05/21/2018 - 12:38:46: "TUX<11><VALVE_ID_LAN><TERRORIST>" killed "@te<17><VALVE_ID_LAN><CT>" with "m4a1"
L 05/21/2018 - 12:38:47: "Cap. Billy<9><VALVE_ID_LOOPBACK><CT>" killed "Smolder<15><VALVE_ID_LAN><TERRORIST>" with "xm1014"
L 05/21/2018 - 12:38:50: "TUX<11><VALVE_ID_LAN><TERRORIST>" killed "Cap. Billy<9><VALVE_ID_LOOPBACK><CT>" with "m4a1"
L 05/21/2018 - 12:38:50: Team "TERRORIST" triggered "Terrorists_Win" (CT "13") (T "10")
L 05/21/2018 - 12:38:50: World triggered "Round_End"
L 05/21/2018 - 12:38:55: World triggered "Round_Start"
L 05/21/2018 - 12:39:02: "Smolder<15><VALVE_ID_LAN><TERRORIST>" killed "Cap. Billy<9><VALVE_ID_LOOPBACK><CT>" with "knife"
L 05/21/2018 - 12:39:03: "@te<17><VALVE_ID_LAN><CT>" killed "Smolder<15><VALVE_ID_LAN><TERRORIST>" with "xm1014"
L 05/21/2018 - 12:39:13: "TUX<11><VALVE_ID_LAN><TERRORIST>" killed "@te<17><VALVE_ID_LAN><CT>" with "m4a1"
L 05/21/2018 - 12:39:14: "XXBOT Zane<18><BOT><CT>" killed "TUX<11><VALVE_ID_LAN><TERRORIST>" with "aug"
L 05/21/2018 - 12:39:17: "XXBOT Zane<18><BOT><CT>" killed "GARGAMEL O ESFAQUEADO<10><VALVE_ID_LAN><TERRORIST>" with "aug"
L 05/21/2018 - 12:39:17: Team "CT" triggered "CTs_Win" (CT "14") (T "10")
L 05/21/2018 - 12:39:17: World triggered "Round_End"
L 05/21/2018 - 12:39:19: "Inspetor Buginganga<19><VALVE_ID_LAN><>" connected, address "10.15.2.117:27005"
L 05/21/2018 - 12:39:19: "Smolder<15><VALVE_ID_LAN><TERRORIST>" say "voyerismo" (dead)
L 05/21/2018 - 12:39:21: "Inspetor Buginganga<19><VALVE_ID_LAN><>" entered the game
L 05/21/2018 - 12:39:22: World triggered "Round_Start"
L 05/21/2018 - 12:39:26: "Inspetor Buginganga<19><VALVE_ID_LAN><>" joined team "TERRORIST"
L 05/21/2018 - 12:39:31: "GARGAMEL O ESFAQUEADO<10><VALVE_ID_LAN><TERRORIST>" killed "XXBOT Zane<18><BOT><CT>" with "m4a1"
L 05/21/2018 - 12:39:32: "Cap. Billy<9><VALVE_ID_LOOPBACK><CT>" killed "GARGAMEL O ESFAQUEADO<10><VALVE_ID_LAN><TERRORIST>" with "aug"
L 05/21/2018 - 12:39:33: "@te<17><VALVE_ID_LAN><CT>" killed "Smolder<15><VALVE_ID_LAN><TERRORIST>" with "xm1014"
L 05/21/2018 - 12:39:34: "Cap. Billy<9><VALVE_ID_LOOPBACK><CT>" killed "TUX<11><VALVE_ID_LAN><TERRORIST>" with "aug"
L 05/21/2018 - 12:39:36: "Inspetor Buginganga<19><VALVE_ID_LAN><TERRORIST>" killed "@te<17><VALVE_ID_LAN><CT>" with "glock18"
L 05/21/2018 - 12:39:42: "Cap. Billy<9><VALVE_ID_LOOPBACK><CT>" killed "Inspetor Buginganga<19><VALVE_ID_LAN><TERRORIST>" with "aug"
L 05/21/2018 - 12:39:42: Team "CT" triggered "CTs_Win" (CT "15") (T "10")
L 05/21/2018 - 12:39:42: World triggered "Round_End"
L 05/21/2018 - 12:39:42: Server cvar "amx_nextmap" = "aim_map_usp"
L 05/21/2018 - 12:39:47: World triggered "Round_Start"
L 05/21/2018 - 12:39:54: "Smolder<15><VALVE_ID_LAN><TERRORIST>" killed "Cap. Billy<9><VALVE_ID_LOOPBACK><CT>" with "mp5navy"
L 05/21/2018 - 12:39:57: "XXBOT Zane<18><BOT><CT>" killed "GARGAMEL O ESFAQUEADO<10><VALVE_ID_LAN><TERRORIST>" with "mac10"
L 05/21/2018 - 12:39:58: "@te<17><VALVE_ID_LAN><CT>" killed "Smolder<15><VALVE_ID_LAN><TERRORIST>" with "xm1014"
L 05/21/2018 - 12:40:00: "TUX<11><VALVE_ID_LAN><TERRORIST>" killed "@te<17><VALVE_ID_LAN><CT>" with "m4a1"
L 05/21/2018 - 12:40:00: "XXBOT Zane<18><BOT><CT>" killed "TUX<11><VALVE_ID_LAN><TERRORIST>" with "mac10"
L 05/21/2018 - 12:40:04: "XXBOT Zane<18><BOT><CT>" killed "Inspetor Buginganga<19><VALVE_ID_LAN><TERRORIST>" with "mac10"
L 05/21/2018 - 12:40:04: Team "CT" triggered "CTs_Win" (CT "16") (T "10")
L 05/21/2018 - 12:40:04: World triggered "Round_End"
L 05/21/2018 - 12:40:09: World triggered "Round_Start"
L 05/21/2018 - 12:40:12: "@te<17><VALVE_ID_LAN><CT>" say "tem quatro tr"
L 05/21/2018 - 12:40:14: "GARGAMEL O ESFAQUEADO<10><VALVE_ID_LAN><TERRORIST>" killed "XXBOT Zane<18><BOT><CT>" with "xm1014"
L 05/21/2018 - 12:40:15: "GARGAMEL O ESFAQUEADO<10><VALVE_ID_LAN><TERRORIST>" killed "Cap. Billy<9><VALVE_ID_LOOPBACK><CT>" with "xm1014"
L 05/21/2018 - 12:40:16: "@te<17><VALVE_ID_LAN><CT>" killed "Inspetor Buginganga<19><VALVE_ID_LAN><TERRORIST>" with "m249"
L 05/21/2018 - 12:40:17: "Smolder<15><VALVE_ID_LAN><TERRORIST>" killed "@te<17><VALVE_ID_LAN><CT>" with "knife"
L 05/21/2018 - 12:40:17: Team "TERRORIST" triggered "Terrorists_Win" (CT "16") (T "11")
L 05/21/2018 - 12:40:17: World triggered "Round_End"
L 05/21/2018 - 12:40:22: World triggered "Round_Start"
L 05/21/2018 - 12:40:24: "Cap. Billy<9><VALVE_ID_LOOPBACK><CT>" killed "Smolder<15><VALVE_ID_LAN><TERRORIST>" with "xm1014"
L 05/21/2018 - 12:40:26: "XXBOT Zane<18><BOT><CT>" killed "GARGAMEL O ESFAQUEADO<10><VALVE_ID_LAN><TERRORIST>" with "usp"
L 05/21/2018 - 12:40:26: "TUX<11><VALVE_ID_LAN><TERRORIST>" killed "Cap. Billy<9><VALVE_ID_LOOPBACK><CT>" with "mp5navy"
L 05/21/2018 - 12:41:07: "TUX<11><VALVE_ID_LAN><TERRORIST>" killed "@te<17><VALVE_ID_LAN><CT>" with "xm1014"
L 05/21/2018 - 12:41:07: "TUX<11><VALVE_ID_LAN><TERRORIST>" killed "XXBOT Zane<18><BOT><CT>" with "xm1014"
L 05/21/2018 - 12:41:07: Team "TERRORIST" triggered "Terrorists_Win" (CT "16") (T "12")
L 05/21/2018 - 12:41:07: World triggered "Round_End"
L 05/21/2018 - 12:41:12: World triggered "Round_Start"
L 05/21/2018 - 12:41:17: "Smolder<15><VALVE_ID_LAN><TERRORIST>" killed "Cap. Billy<9><VALVE_ID_LOOPBACK><CT>" with "mp5navy"
L 05/21/2018 - 12:41:26: "GARGAMEL O ESFAQUEADO<10><VALVE_ID_LAN><TERRORIST>" killed "XXBOT Zane<18><BOT><CT>" with "m4a1"
L 05/21/2018 - 12:41:26: "@te<17><VALVE_ID_LAN><CT>" killed "Smolder<15><VALVE_ID_LAN><TERRORIST>" with "aug"
L 05/21/2018 - 12:41:30: "GARGAMEL O ESFAQUEADO<10><VALVE_ID_LAN><TERRORIST>" killed "@te<17><VALVE_ID_LAN><CT>" with "xm1014"
L 05/21/2018 - 12:41:30: Team "TERRORIST" triggered "Terrorists_Win" (CT "16") (T "13")
L 05/21/2018 - 12:41:30: World triggered "Round_End"
L 05/21/2018 - 12:41:35: World triggered "Round_Start"
L 05/21/2018 - 12:41:36: Team "CT" scored "16" with "3" players
L 05/21/2018 - 12:41:36: Team "TERRORIST" scored "13" with "4" players
L 05/21/2018 - 12:41:38: "Cap. Billy<9><VALVE_ID_LOOPBACK><CT>" triggered "weaponstats" (weapon "grenade") (shots "8") (hits "3") (kills "0") (headshots "0") (tks "0") (damage "93") (deaths "0")
L 05/21/2018 - 12:41:38: "Cap. Billy<9><VALVE_ID_LOOPBACK><CT>" triggered "weaponstats2" (weapon "grenade") (head "0") (chest "0") (stomach "0") (leftarm "0") (rightarm "0") (leftleg "0") (rightleg "0")
L 05/21/2018 - 12:41:38: "Cap. Billy<9><VALVE_ID_LOOPBACK><CT>" triggered "weaponstats" (weapon "xm1014") (shots "37") (hits "23") (kills "13") (headshots "4") (tks "0") (damage "2309") (deaths "6")
L 05/21/2018 - 12:41:38: "Cap. Billy<9><VALVE_ID_LOOPBACK><CT>" triggered "weaponstats2" (weapon "xm1014") (head "5") (chest "6") (stomach "1") (leftarm "2") (rightarm "4") (leftleg "4") (rightleg "1")
L 05/21/2018 - 12:41:38: "Cap. Billy<9><VALVE_ID_LOOPBACK><CT>" triggered "weaponstats" (weapon "mac10") (shots "24") (hits "4") (kills "1") (headshots "1") (tks "0") (damage "163") (deaths "1")
L 05/21/2018 - 12:41:38: "Cap. Billy<9><VALVE_ID_LOOPBACK><CT>" triggered "weaponstats2" (weapon "mac10") (head "1") (chest "2") (stomach "0") (leftarm "1") (rightarm "0") (leftleg "0") (rightleg "0")
L 05/21/2018 - 12:41:38: "Cap. Billy<9><VALVE_ID_LOOPBACK><CT>" triggered "weaponstats" (weapon "aug") (shots "88") (hits "20") (kills "5") (headshots "1") (tks "0") (damage "721") (deaths "1")
L 05/21/2018 - 12:41:38: "Cap. Billy<9><VALVE_ID_LOOPBACK><CT>" triggered "weaponstats2" (weapon "aug") (head "1") (chest "5") (stomach "3") (leftarm "4") (rightarm "7") (leftleg "0") (rightleg "0")
L 05/21/2018 - 12:41:38: "Cap. Billy<9><VALVE_ID_LOOPBACK><CT>" triggered "weaponstats" (weapon "usp") (shots "16") (hits "2") (kills "1") (headshots "1") (tks "0") (damage "151") (deaths "0")
L 05/21/2018 - 12:41:38: "Cap. Billy<9><VALVE_ID_LOOPBACK><CT>" triggered "weaponstats2" (weapon "usp") (head "1") (chest "0") (stomach "0") (leftarm "1") (rightarm "0") (leftleg "0") (rightleg "0")
L 05/21/2018 - 12:41:38: "Cap. Billy<9><VALVE_ID_LOOPBACK><CT>" triggered "weaponstats" (weapon "mp5navy") (shots "104") (hits "24") (kills "8") (headshots "6") (tks "0") (damage "973") (deaths "0")
L 05/21/2018 - 12:41:38: "Cap. Billy<9><VALVE_ID_LOOPBACK><CT>" triggered "weaponstats2" (weapon "mp5navy") (head "6") (chest "5") (stomach "1") (leftarm "6") (rightarm "5") (leftleg "0") (rightleg "1")
L 05/21/2018 - 12:41:38: "Cap. Billy<9><VALVE_ID_LOOPBACK><CT>" triggered "weaponstats" (weapon "m4a1") (shots "35") (hits "6") (kills "2") (headshots "0") (tks "0") (damage "196") (deaths "2")
L 05/21/2018 - 12:41:38: "Cap. Billy<9><VALVE_ID_LOOPBACK><CT>" triggered "weaponstats2" (weapon "m4a1") (head "0") (chest "1") (stomach "1") (leftarm "3") (rightarm "1") (leftleg "0") (rightleg "0")
L 05/21/2018 - 12:41:38: "Cap. Billy<9><VALVE_ID_LOOPBACK><CT>" triggered "weaponstats" (weapon "tmp") (shots "15") (hits "4") (kills "1") (headshots "1") (tks "0") (damage "133") (deaths "1")
L 05/21/2018 - 12:41:38: "Cap. Billy<9><VALVE_ID_LOOPBACK><CT>" triggered "weaponstats2" (weapon "tmp") (head "1") (chest "0") (stomach "0") (leftarm "2") (rightarm "1") (leftleg "0") (rightleg "0")
L 05/21/2018 - 12:41:38: "Cap. Billy<9><VALVE_ID_LOOPBACK><CT>" triggered "weaponstats" (weapon "ak47") (shots "1") (hits "1") (kills "0") (headshots "0") (tks "0") (damage "36") (deaths "1")
L 05/21/2018 - 12:41:38: "Cap. Billy<9><VALVE_ID_LOOPBACK><CT>" triggered "weaponstats2" (weapon "ak47") (head "0") (chest "1") (stomach "0") (leftarm "0") (rightarm "0") (leftleg "0") (rightleg "0")
L 05/21/2018 - 12:41:38: "Cap. Billy<9><VALVE_ID_LOOPBACK><CT>" triggered "weaponstats" (weapon "knife") (shots "8") (hits "6") (kills "2") (headshots "0") (tks "0") (damage "390") (deaths "4")
L 05/21/2018 - 12:41:38: "Cap. Billy<9><VALVE_ID_LOOPBACK><CT>" triggered "weaponstats2" (weapon "knife") (head "0") (chest "2") (stomach "0") (leftarm "1") (rightarm "1") (leftleg "1") (rightleg "1")
L 05/21/2018 - 12:41:38: "Cap. Billy<9><VALVE_ID_LOOPBACK><CT>" triggered "weaponstats" (weapon "p90") (shots "31") (hits "7") (kills "2") (headshots "1") (tks "0") (damage "216") (deaths "1")
L 05/21/2018 - 12:41:38: "Cap. Billy<9><VALVE_ID_LOOPBACK><CT>" triggered "weaponstats2" (weapon "p90") (head "1") (chest "5") (stomach "0") (leftarm "0") (rightarm "1") (leftleg "0") (rightleg "0")
L 05/21/2018 - 12:41:38: "Cap. Billy<9><VALVE_ID_LOOPBACK><CT>" triggered "time" (time "10:10")
L 05/21/2018 - 12:41:38: "Cap. Billy<9><VALVE_ID_LOOPBACK><CT>" triggered "latency" (ping "0")
L 05/21/2018 - 12:41:38: "GARGAMEL O ESFAQUEADO<10><VALVE_ID_LAN><TERRORIST>" triggered "weaponstats" (weapon "grenade") (shots "8") (hits "6") (kills "0") (headshots "0") (tks "0") (damage "240") (deaths "0")
L 05/21/2018 - 12:41:38: "GARGAMEL O ESFAQUEADO<10><VALVE_ID_LAN><TERRORIST>" triggered "weaponstats2" (weapon "grenade") (head "0") (chest "0") (stomach "0") (leftarm "0") (rightarm "0") (leftleg "0") (rightleg "0")
L 05/21/2018 - 12:41:38: "GARGAMEL O ESFAQUEADO<10><VALVE_ID_LAN><TERRORIST>" triggered "weaponstats" (weapon "xm1014") (shots "30") (hits "13") (kills "4") (headshots "1") (tks "0") (damage "862") (deaths "4")
L 05/21/2018 - 12:41:38: "GARGAMEL O ESFAQUEADO<10><VALVE_ID_LAN><TERRORIST>" triggered "weaponstats2" (weapon "xm1014") (head "2") (chest "2") (stomach "2") (leftarm "3") (rightarm "1") (leftleg "1") (rightleg "2")
L 05/21/2018 - 12:41:38: "GARGAMEL O ESFAQUEADO<10><VALVE_ID_LAN><TERRORIST>" triggered "weaponstats" (weapon "aug") (shots "25") (hits "2") (kills "0") (headshots "0") (tks "0") (damage "56") (deaths "3")
L 05/21/2018 - 12:41:38: "GARGAMEL O ESFAQUEADO<10><VALVE_ID_LAN><TERRORIST>" triggered "weaponstats2" (weapon "aug") (head "0") (chest "0") (stomach "0") (leftarm "1") (rightarm "0") (leftleg "1") (rightleg "0")
L 05/21/2018 - 12:41:38: "GARGAMEL O ESFAQUEADO<10><VALVE_ID_LAN><TERRORIST>" triggered "weaponstats" (weapon "glock18") (shots "12") (hits "2") (kills "0") (headshots "0") (tks "0") (damage "38") (deaths "0")
L 05/21/2018 - 12:41:38: "GARGAMEL O ESFAQUEADO<10><VALVE_ID_LAN><TERRORIST>" triggered "weaponstats2" (weapon "glock18") (head "0") (chest "0") (stomach "1") (leftarm "0") (rightarm "0") (leftleg "0") (rightleg "1")
L 05/21/2018 - 12:41:38: "GARGAMEL O ESFAQUEADO<10><VALVE_ID_LAN><TERRORIST>" triggered "weaponstats" (weapon "mp5navy") (shots "13") (hits "1") (kills "0") (headshots "0") (tks "0") (damage "22") (deaths "0")
L 05/21/2018 - 12:41:38: "GARGAMEL O ESFAQUEADO<10><VALVE_ID_LAN><TERRORIST>" triggered "weaponstats2" (weapon "mp5navy") (head "0") (chest "0") (stomach "0") (leftarm "1") (rightarm "0") (leftleg "0") (rightleg "0")
L 05/21/2018 - 12:41:38: "GARGAMEL O ESFAQUEADO<10><VALVE_ID_LAN><TERRORIST>" triggered "weaponstats" (weapon "m249") (shots "94") (hits "6") (kills "1") (headshots "0") (tks "0") (damage "77") (deaths "2")
L 05/21/2018 - 12:41:38: "GARGAMEL O ESFAQUEADO<10><VALVE_ID_LAN><TERRORIST>" triggered "weaponstats2" (weapon "m249") (head "0") (chest "2") (stomach "1") (leftarm "0") (rightarm "1") (leftleg "1") (rightleg "1")
L 05/21/2018 - 12:41:38: "GARGAMEL O ESFAQUEADO<10><VALVE_ID_LAN><TERRORIST>" triggered "weaponstats" (weapon "m3") (shots "2") (hits "2") (kills "1") (headshots "0") (tks "0") (damage "281") (deaths "2")
L 05/21/2018 - 12:41:38: "GARGAMEL O ESFAQUEADO<10><VALVE_ID_LAN><TERRORIST>" triggered "weaponstats2" (weapon "m3") (head "0") (chest "0") (stomach "0") (leftarm "2") (rightarm "0") (leftleg "0") (rightleg "0")
L 05/21/2018 - 12:41:38: "GARGAMEL O ESFAQUEADO<10><VALVE_ID_LAN><TERRORIST>" triggered "weaponstats" (weapon "m4a1") (shots "51") (hits "8") (kills "4") (headshots "3") (tks "0") (damage "515") (deaths "2")
L 05/21/2018 - 12:41:38: "GARGAMEL O ESFAQUEADO<10><VALVE_ID_LAN><TERRORIST>" triggered "weaponstats2" (weapon "m4a1") (head "3") (chest "1") (stomach "1") (leftarm "2") (rightarm "1") (leftleg "0") (rightleg "0")
L 05/21/2018 - 12:41:38: "GARGAMEL O ESFAQUEADO<10><VALVE_ID_LAN><TERRORIST>" triggered "weaponstats" (weapon "ak47") (shots "94") (hits "9") (kills "2") (headshots "1") (tks "0") (damage "398") (deaths "2")
L 05/21/2018 - 12:41:38: "GARGAMEL O ESFAQUEADO<10><VALVE_ID_LAN><TERRORIST>" triggered "weaponstats2" (weapon "ak47") (head "1") (chest "0") (stomach "1") (leftarm "4") (rightarm "2") (leftleg "1") (rightleg "0")
L 05/21/2018 - 12:41:38: "GARGAMEL O ESFAQUEADO<10><VALVE_ID_LAN><TERRORIST>" triggered "weaponstats" (weapon "knife") (shots "2") (hits "2") (kills "1") (headshots "0") (tks "0") (damage "130") (deaths "1")
L 05/21/2018 - 12:41:38: "GARGAMEL O ESFAQUEADO<10><VALVE_ID_LAN><TERRORIST>" triggered "weaponstats2" (weapon "knife") (head "0") (chest "0") (stomach "0") (leftarm "1") (rightarm "0") (leftleg "0") (rightleg "1")
L 05/21/2018 - 12:41:38: "GARGAMEL O ESFAQUEADO<10><VALVE_ID_LAN><TERRORIST>" triggered "time" (time "10:06")
L 05/21/2018 - 12:41:38: "GARGAMEL O ESFAQUEADO<10><VALVE_ID_LAN><TERRORIST>" triggered "latency" (ping "10")
L 05/21/2018 - 12:41:38: "TUX<11><VALVE_ID_LAN><TERRORIST>" triggered "weaponstats" (weapon "grenade") (shots "7") (hits "5") (kills "0") (headshots "0") (tks "0") (damage "102") (deaths "0")
L 05/21/2018 - 12:41:38: "TUX<11><VALVE_ID_LAN><TERRORIST>" triggered "weaponstats2" (weapon "grenade") (head "0") (chest "0") (stomach "0") (leftarm "0") (rightarm "0") (leftleg "0") (rightleg "0")
L 05/21/2018 - 12:41:38: "TUX<11><VALVE_ID_LAN><TERRORIST>" triggered "weaponstats" (weapon "xm1014") (shots "53") (hits "25") (kills "14") (headshots "1") (tks "0") (damage "2157") (deaths "7")
L 05/21/2018 - 12:41:38: "TUX<11><VALVE_ID_LAN><TERRORIST>" triggered "weaponstats2" (weapon "xm1014") (head "2") (chest "6") (stomach "2") (leftarm "6") (rightarm "4") (leftleg "2") (rightleg "3")
L 05/21/2018 - 12:41:38: "TUX<11><VALVE_ID_LAN><TERRORIST>" triggered "weaponstats" (weapon "mac10") (shots "8") (hits "1") (kills "1") (headshots "1") (tks "0") (damage "108") (deaths "0")
L 05/21/2018 - 12:41:38: "TUX<11><VALVE_ID_LAN><TERRORIST>" triggered "weaponstats2" (weapon "mac10") (head "1") (chest "0") (stomach "0") (leftarm "0") (rightarm "0") (leftleg "0") (rightleg "0")
L 05/21/2018 - 12:41:38: "TUX<11><VALVE_ID_LAN><TERRORIST>" triggered "weaponstats" (weapon "aug") (shots "16") (hits "6") (kills "0") (headshots "0") (tks "0") (damage "182") (deaths "4")
L 05/21/2018 - 12:41:38: "TUX<11><VALVE_ID_LAN><TERRORIST>" triggered "weaponstats2" (weapon "aug") (head "0") (chest "1") (stomach "0") (leftarm "3") (rightarm "2") (leftleg "0") (rightleg "0")
L 05/21/2018 - 12:41:38: "TUX<11><VALVE_ID_LAN><TERRORIST>" triggered "weaponstats" (weapon "glock18") (shots "4") (hits "0") (kills "0") (headshots "0") (tks "0") (damage "0") (deaths "0")
L 05/21/2018 - 12:41:38: "TUX<11><VALVE_ID_LAN><TERRORIST>" triggered "weaponstats2" (weapon "glock18") (head "0") (chest "0") (stomach "0") (leftarm "0") (rightarm "0") (leftleg "0") (rightleg "0")
L 05/21/2018 - 12:41:38: "TUX<11><VALVE_ID_LAN><TERRORIST>" triggered "weaponstats" (weapon "mp5navy") (shots "30") (hits "6") (kills "2") (headshots "1") (tks "0") (damage "226") (deaths "1")
L 05/21/2018 - 12:41:38: "TUX<11><VALVE_ID_LAN><TERRORIST>" triggered "weaponstats2" (weapon "mp5navy") (head "1") (chest "4") (stomach "0") (leftarm "1") (rightarm "0") (leftleg "0") (rightleg "0")
L 05/21/2018 - 12:41:38: "TUX<11><VALVE_ID_LAN><TERRORIST>" triggered "weaponstats" (weapon "m3") (shots "1") (hits "1") (kills "1") (headshots "0") (tks "0") (damage "171") (deaths "0")
L 05/21/2018 - 12:41:38: "TUX<11><VALVE_ID_LAN><TERRORIST>" triggered "weaponstats2" (weapon "m3") (head "0") (chest "0") (stomach "0") (leftarm "1") (rightarm "0") (leftleg "0") (rightleg "0")
L 05/21/2018 - 12:41:38: "TUX<11><VALVE_ID_LAN><TERRORIST>" triggered "weaponstats" (weapon "m4a1") (shots "64") (hits "18") (kills "5") (headshots "0") (tks "0") (damage "550") (deaths "4")
L 05/21/2018 - 12:41:38: "TUX<11><VALVE_ID_LAN><TERRORIST>" triggered "weaponstats2" (weapon "m4a1") (head "1") (chest "3") (stomach "3") (leftarm "5") (rightarm "4") (leftleg "0") (rightleg "2")
L 05/21/2018 - 12:41:38: "TUX<11><VALVE_ID_LAN><TERRORIST>" triggered "weaponstats" (weapon "ak47") (shots "14") (hits "2") (kills "0") (headshots "0") (tks "0") (damage "60") (deaths "2")
L 05/21/2018 - 12:41:38: "TUX<11><VALVE_ID_LAN><TERRORIST>" triggered "weaponstats2" (weapon "ak47") (head "0") (chest "0") (stomach "0") (leftarm "1") (rightarm "0") (leftleg "0") (rightleg "1")
L 05/21/2018 - 12:41:38: "TUX<11><VALVE_ID_LAN><TERRORIST>" triggered "time" (time "10:06")
L 05/21/2018 - 12:41:38: "TUX<11><VALVE_ID_LAN><TERRORIST>" triggered "latency" (ping "8")
L 05/21/2018 - 12:41:38: "Smolder<15><VALVE_ID_LAN><TERRORIST>" triggered "weaponstats" (weapon "grenade") (shots "5") (hits "6") (kills "0") (headshots "0") (tks "0") (damage "171") (deaths "0")
L 05/21/2018 - 12:41:38: "Smolder<15><VALVE_ID_LAN><TERRORIST>" triggered "weaponstats2" (weapon "grenade") (head "0") (chest "0") (stomach "0") (leftarm "0") (rightarm "0") (leftleg "0") (rightleg "0")
L 05/21/2018 - 12:41:38: "Smolder<15><VALVE_ID_LAN><TERRORIST>" triggered "weaponstats" (weapon "xm1014") (shots "12") (hits "4") (kills "1") (headshots "0") (tks "0") (damage "245") (deaths "2")
L 05/21/2018 - 12:41:38: "Smolder<15><VALVE_ID_LAN><TERRORIST>" triggered "weaponstats2" (weapon "xm1014") (head "0") (chest "2") (stomach "1") (leftarm "0") (rightarm "1") (leftleg "0") (rightleg "0")
L 05/21/2018 - 12:41:38: "Smolder<15><VALVE_ID_LAN><TERRORIST>" triggered "weaponstats" (weapon "aug") (shots "39") (hits "3") (kills "1") (headshots "1") (tks "0") (damage "193") (deaths "1")
L 05/21/2018 - 12:41:38: "Smolder<15><VALVE_ID_LAN><TERRORIST>" triggered "weaponstats2" (weapon "aug") (head "1") (chest "0") (stomach "0") (leftarm "2") (rightarm "0") (leftleg "0") (rightleg "0")
L 05/21/2018 - 12:41:38: "Smolder<15><VALVE_ID_LAN><TERRORIST>" triggered "weaponstats" (weapon "glock18") (shots "3") (hits "0") (kills "0") (headshots "0") (tks "0") (damage "0") (deaths "0")
L 05/21/2018 - 12:41:38: "Smolder<15><VALVE_ID_LAN><TERRORIST>" triggered "weaponstats2" (weapon "glock18") (head "0") (chest "0") (stomach "0") (leftarm "0") (rightarm "0") (leftleg "0") (rightleg "0")
L 05/21/2018 - 12:41:38: "Smolder<15><VALVE_ID_LAN><TERRORIST>" triggered "weaponstats" (weapon "mp5navy") (shots "187") (hits "24") (kills "8") (headshots "5") (tks "0") (damage "926") (deaths "2")
L 05/21/2018 - 12:41:38: "Smolder<15><VALVE_ID_LAN><TERRORIST>" triggered "weaponstats2" (weapon "mp5navy") (head "5") (chest "6") (stomach "2") (leftarm "8") (rightarm "1") (leftleg "1") (rightleg "1")
L 05/21/2018 - 12:41:38: "Smolder<15><VALVE_ID_LAN><TERRORIST>" triggered "weaponstats" (weapon "ak47") (shots "42") (hits "7") (kills "3") (headshots "3") (tks "0") (damage "562") (deaths "1")
L 05/21/2018 - 12:41:38: "Smolder<15><VALVE_ID_LAN><TERRORIST>" triggered "weaponstats2" (weapon "ak47") (head "3") (chest "1") (stomach "0") (leftarm "2") (rightarm "1") (leftleg "0") (rightleg "0")
L 05/21/2018 - 12:41:38: "Smolder<15><VALVE_ID_LAN><TERRORIST>" triggered "weaponstats" (weapon "knife") (shots "5") (hits "4") (kills "2") (headshots "0") (tks "0") (damage "390") (deaths "8")
L 05/21/2018 - 12:41:38: "Smolder<15><VALVE_ID_LAN><TERRORIST>" triggered "weaponstats2" (weapon "knife") (head "1") (chest "0") (stomach "1") (leftarm "0") (rightarm "1") (leftleg "1") (rightleg "0")
L 05/21/2018 - 12:41:38: "Smolder<15><VALVE_ID_LAN><TERRORIST>" triggered "time" (time "7:29")
L 05/21/2018 - 12:41:38: "Smolder<15><VALVE_ID_LAN><TERRORIST>" triggered "latency" (ping "7")
L 05/21/2018 - 12:41:38: "Inspetor Buginganga<19><VALVE_ID_LAN><TERRORIST>" triggered "weaponstats" (weapon "xm1014") (shots "3") (hits "0") (kills "0") (headshots "0") (tks "0") (damage "0") (deaths "1")
L 05/21/2018 - 12:41:38: "Inspetor Buginganga<19><VALVE_ID_LAN><TERRORIST>" triggered "weaponstats2" (weapon "xm1014") (head "0") (chest "0") (stomach "0") (leftarm "0") (rightarm "0") (leftleg "0") (rightleg "0")
L 05/21/2018 - 12:41:38: "Inspetor Buginganga<19><VALVE_ID_LAN><TERRORIST>" triggered "weaponstats" (weapon "glock18") (shots "9") (hits "1") (kills "1") (headshots "0") (tks "0") (damage "23") (deaths "1")
L 05/21/2018 - 12:41:38: "Inspetor Buginganga<19><VALVE_ID_LAN><TERRORIST>" triggered "weaponstats2" (weapon "glock18") (head "0") (chest "0") (stomach "0") (leftarm "1") (rightarm "0") (leftleg "0") (rightleg "0")
L 05/21/2018 - 12:41:38: "Inspetor Buginganga<19><VALVE_ID_LAN><TERRORIST>" triggered "weaponstats" (weapon "ak47") (shots "43") (hits "0") (kills "0") (headshots "0") (tks "0") (damage "0") (deaths "0")
L 05/21/2018 - 12:41:38: "Inspetor Buginganga<19><VALVE_ID_LAN><TERRORIST>" triggered "weaponstats2" (weapon "ak47") (head "0") (chest "0") (stomach "0") (leftarm "0") (rightarm "0") (leftleg "0") (rightleg "0")
L 05/21/2018 - 12:41:38: "Inspetor Buginganga<19><VALVE_ID_LAN><TERRORIST>" triggered "time" (time "2:16")
L 05/21/2018 - 12:41:38: "Inspetor Buginganga<19><VALVE_ID_LAN><TERRORIST>" triggered "latency" (ping "12")
L 05/21/2018 - 12:41:38: "@te<17><VALVE_ID_LAN><CT>" triggered "weaponstats" (weapon "grenade") (shots "2") (hits "4") (kills "0") (headshots "0") (tks "0") (damage "108") (deaths "0")
L 05/21/2018 - 12:41:38: "@te<17><VALVE_ID_LAN><CT>" triggered "weaponstats2" (weapon "grenade") (head "0") (chest "0") (stomach "0") (leftarm "0") (rightarm "0") (leftleg "0") (rightleg "0")
L 05/21/2018 - 12:41:38: "@te<17><VALVE_ID_LAN><CT>" triggered "weaponstats" (weapon "xm1014") (shots "20") (hits "8") (kills "3") (headshots "0") (tks "0") (damage "655") (deaths "4")
L 05/21/2018 - 12:41:38: "@te<17><VALVE_ID_LAN><CT>" triggered "weaponstats2" (weapon "xm1014") (head "1") (chest "0") (stomach "0") (leftarm "4") (rightarm "1") (leftleg "2") (rightleg "0")
L 05/21/2018 - 12:41:38: "@te<17><VALVE_ID_LAN><CT>" triggered "weaponstats" (weapon "mac10") (shots "8") (hits "2") (kills "0") (headshots "0") (tks "0") (damage "46") (deaths "1")
L 05/21/2018 - 12:41:38: "@te<17><VALVE_ID_LAN><CT>" triggered "weaponstats2" (weapon "mac10") (head "1") (chest "0") (stomach "0") (leftarm "1") (rightarm "0") (leftleg "0") (rightleg "0")
L 05/21/2018 - 12:41:38: "@te<17><VALVE_ID_LAN><CT>" triggered "weaponstats" (weapon "aug") (shots "79") (hits "18") (kills "4") (headshots "2") (tks "0") (damage "692") (deaths "5")
L 05/21/2018 - 12:41:38: "@te<17><VALVE_ID_LAN><CT>" triggered "weaponstats2" (weapon "aug") (head "2") (chest "2") (stomach "0") (leftarm "14") (rightarm "0") (leftleg "0") (rightleg "0")
L 05/21/2018 - 12:41:38: "@te<17><VALVE_ID_LAN><CT>" triggered "weaponstats" (weapon "usp") (shots "1") (hits "0") (kills "0") (headshots "0") (tks "0") (damage "0") (deaths "0")
L 05/21/2018 - 12:41:38: "@te<17><VALVE_ID_LAN><CT>" triggered "weaponstats2" (weapon "usp") (head "0") (chest "0") (stomach "0") (leftarm "0") (rightarm "0") (leftleg "0") (rightleg "0")
L 05/21/2018 - 12:41:38: "@te<17><VALVE_ID_LAN><CT>" triggered "weaponstats" (weapon "mp5navy") (shots "40") (hits "11") (kills "2") (headshots "0") (tks "0") (damage "214") (deaths "2")
L 05/21/2018 - 12:41:38: "@te<17><VALVE_ID_LAN><CT>" triggered "weaponstats2" (weapon "mp5navy") (head "0") (chest "0") (stomach "0") (leftarm "3") (rightarm "1") (leftleg "2") (rightleg "5")
L 05/21/2018 - 12:41:38: "@te<17><VALVE_ID_LAN><CT>" triggered "weaponstats" (weapon "m249") (shots "21") (hits "5") (kills "1") (headshots "1") (tks "0") (damage "197") (deaths "1")
L 05/21/2018 - 12:41:38: "@te<17><VALVE_ID_LAN><CT>" triggered "weaponstats2" (weapon "m249") (head "2") (chest "0") (stomach "0") (leftarm "2") (rightarm "1") (leftleg "0") (rightleg "0")
L 05/21/2018 - 12:41:38: "@te<17><VALVE_ID_LAN><CT>" triggered "time" (time "5:39")
L 05/21/2018 - 12:41:38: "@te<17><VALVE_ID_LAN><CT>" triggered "latency" (ping "7")
L 05/21/2018 - 12:41:38: [META] ini: Begin re-reading plugins list: c:/valve/cstrike/addons/metamod/plugins.ini
L 05/21/2018 - 12:41:38: [META] ini: Read plugin config for: AMX
L 05/21/2018 - 12:41:38: [META] ini: Read plugin config for: WinHL-Booster
L 05/21/2018 - 12:41:38: [META] ERROR: ini: Skipping plugin, couldn't stat file 'addons/hlguard/dlls/hlguard_mm_nightly.dll': No such file or directory
L 05/21/2018 - 12:41:38: [META] ini: Read plugin config for: WebMod
L 05/21/2018 - 12:41:38: [META] ini: Finished reading plugins list: c:/valve/cstrike/addons/metamod/plugins.ini; Found 3 plugins
L 05/21/2018 - 12:41:38: [META] dll: Updating plugins...
L 05/21/2018 - 12:41:38: [META] ERROR: dll: Failed query plugin '<hlguard_mm_nightly.dll>'; Couldn't open file 'addons/hlguard/dlls/hlguard_mm_nightly.dll': Não foi possível encontrar o módulo especificado.

L 05/21/2018 - 12:41:38: [META] ERROR: dll: Skipping plugin '<hlguard_mm_nightly.dll>'; couldn't query
L 05/21/2018 - 12:41:38: [META] dll: Finished updating 6 plugins; kept 3, loaded 0, unloaded 0, reloaded 0, delayed 0
L 05/21/2018 - 12:41:38: Server shutdown
L 05/21/2018 - 12:41:38: Log file closed
