L 05/25/2018 - 12:40:39: Log file started (file "logs\L0525003.log") (game "cstrike") (version "47/1.1.2.2/2603")
L 05/25/2018 - 12:40:41: "GARGAMEL O ESTRIPADOR<17><VALVE_ID_LAN><>" entered the game
L 05/25/2018 - 12:40:41: "TUX<18><VALVE_ID_LAN><>" entered the game
L 05/25/2018 - 12:40:41: "GARGAMEL O ESTRIPADOR<17><VALVE_ID_LAN><>" joined team "TERRORIST"
L 05/25/2018 - 12:40:41: World triggered "Game_Commencing"
L 05/25/2018 - 12:40:41: World triggered "Game_Commencing" (CT "0") (T "0")
L 05/25/2018 - 12:40:41: World triggered "Round_End"
L 05/25/2018 - 12:40:42: "TUX<18><VALVE_ID_LAN><>" joined team "TERRORIST"
L 05/25/2018 - 12:40:42: "Smolder<19><VALVE_ID_LAN><>" connected, address "10.15.3.173:27005"
L 05/25/2018 - 12:40:44: World triggered "Round_Start"
L 05/25/2018 - 12:40:45: "Smolder<19><VALVE_ID_LAN><>" entered the game
L 05/25/2018 - 12:40:47: "Smolder<19><VALVE_ID_LAN><>" joined team "TERRORIST"
L 05/25/2018 - 12:40:50: "Cap. Billy<15><VALVE_ID_LOOPBACK><CT>" killed "TUX<18><VALVE_ID_LAN><TERRORIST>" with "glock18"
L 05/25/2018 - 12:40:54: "GARGAMEL O ESTRIPADOR<17><VALVE_ID_LAN><TERRORIST>" killed "XXBOT Jeff<16><BOT><CT>" with "glock18"
L 05/25/2018 - 12:40:57: "Cap. Billy<15><VALVE_ID_LOOPBACK><CT>" killed "GARGAMEL O ESTRIPADOR<17><VALVE_ID_LAN><TERRORIST>" with "glock18"
L 05/25/2018 - 12:41:03: "@te<20><VALVE_ID_LAN><>" connected, address "10.15.2.23:27005"
L 05/25/2018 - 12:41:03: "Cap. Billy<15><VALVE_ID_LOOPBACK><CT>" killed "Smolder<19><VALVE_ID_LAN><TERRORIST>" with "knife"
L 05/25/2018 - 12:41:03: Team "CT" triggered "CTs_Win" (CT "1") (T "0")
L 05/25/2018 - 12:41:03: World triggered "Round_End"
L 05/25/2018 - 12:41:06: "@te<20><VALVE_ID_LAN><>" entered the game
L 05/25/2018 - 12:41:08: World triggered "Round_Start"
L 05/25/2018 - 12:41:08: "@te<20><VALVE_ID_LAN><>" joined team "CT"
L 05/25/2018 - 12:41:12: "Cap. Billy<15><VALVE_ID_LOOPBACK><CT>" killed "Smolder<19><VALVE_ID_LAN><TERRORIST>" with "glock18"
L 05/25/2018 - 12:41:16: "@te<20><VALVE_ID_LAN><CT>" killed "TUX<18><VALVE_ID_LAN><TERRORIST>" with "knife"
L 05/25/2018 - 12:41:19: "GARGAMEL O ESTRIPADOR<17><VALVE_ID_LAN><TERRORIST>" killed "@te<20><VALVE_ID_LAN><CT>" with "glock18"
L 05/25/2018 - 12:41:21: "Inspetor Buginganga<21><VALVE_ID_LAN><>" connected, address "10.15.2.117:27005"
L 05/25/2018 - 12:41:22: "Cap. Billy<15><VALVE_ID_LOOPBACK><CT>" killed "GARGAMEL O ESTRIPADOR<17><VALVE_ID_LAN><TERRORIST>" with "glock18"
L 05/25/2018 - 12:41:22: Team "CT" triggered "CTs_Win" (CT "2") (T "0")
L 05/25/2018 - 12:41:22: World triggered "Round_End"
L 05/25/2018 - 12:41:27: World triggered "Round_Start"
L 05/25/2018 - 12:41:29: "Inspetor Buginganga<21><VALVE_ID_LAN><>" entered the game
L 05/25/2018 - 12:41:32: "Cap. Billy<15><VALVE_ID_LOOPBACK><CT>" killed "TUX<18><VALVE_ID_LAN><TERRORIST>" with "glock18"
L 05/25/2018 - 12:41:33: "Inspetor Buginganga<21><VALVE_ID_LAN><>" joined team "CT"
L 05/25/2018 - 12:41:34: "Cap. Billy<15><VALVE_ID_LOOPBACK><CT>" killed "GARGAMEL O ESTRIPADOR<17><VALVE_ID_LAN><TERRORIST>" with "glock18"
L 05/25/2018 - 12:41:44: Server cvar "bot_quota" = "0"
L 05/25/2018 - 12:41:44: Kick: "XXBOT Jeff<16><UNKNOWN><>" was kicked by "Cap. Billy"
L 05/25/2018 - 12:41:44: "XXBOT Jeff<16><BOT><CT>" disconnected
L 05/25/2018 - 12:41:44: "@te<20><VALVE_ID_LAN><CT>" killed "Smolder<19><VALVE_ID_LAN><TERRORIST>" with "knife"
L 05/25/2018 - 12:41:44: Team "CT" triggered "CTs_Win" (CT "3") (T "0")
L 05/25/2018 - 12:41:44: World triggered "Round_End"
L 05/25/2018 - 12:41:49: World triggered "Round_Start"
L 05/25/2018 - 12:41:56: "Cap. Billy<15><VALVE_ID_LOOPBACK><CT>" killed "GARGAMEL O ESTRIPADOR<17><VALVE_ID_LAN><TERRORIST>" with "glock18"
L 05/25/2018 - 12:41:58: "@te<20><VALVE_ID_LAN><CT>" killed "TUX<18><VALVE_ID_LAN><TERRORIST>" with "glock18"
L 05/25/2018 - 12:42:04: "@te<20><VALVE_ID_LAN><CT>" killed "Smolder<19><VALVE_ID_LAN><TERRORIST>" with "glock18"
L 05/25/2018 - 12:42:04: Team "CT" triggered "CTs_Win" (CT "4") (T "0")
L 05/25/2018 - 12:42:04: World triggered "Round_End"
L 05/25/2018 - 12:42:09: World triggered "Round_Start"
L 05/25/2018 - 12:42:20: "TUX<18><VALVE_ID_LAN><TERRORIST>" killed "Inspetor Buginganga<21><VALVE_ID_LAN><CT>" with "knife"
L 05/25/2018 - 12:42:22: "TUX<18><VALVE_ID_LAN><TERRORIST>" killed "Cap. Billy<15><VALVE_ID_LOOPBACK><CT>" with "glock18"
L 05/25/2018 - 12:42:30: "@te<20><VALVE_ID_LAN><CT>" killed "Smolder<19><VALVE_ID_LAN><TERRORIST>" with "glock18"
L 05/25/2018 - 12:42:32: "TUX<18><VALVE_ID_LAN><TERRORIST>" killed "@te<20><VALVE_ID_LAN><CT>" with "knife"
L 05/25/2018 - 12:42:32: Team "TERRORIST" triggered "Terrorists_Win" (CT "4") (T "1")
L 05/25/2018 - 12:42:32: World triggered "Round_End"
L 05/25/2018 - 12:42:37: World triggered "Round_Start"
L 05/25/2018 - 12:42:46: "Cap. Billy<15><VALVE_ID_LOOPBACK><CT>" killed "GARGAMEL O ESTRIPADOR<17><VALVE_ID_LAN><TERRORIST>" with "glock18"
L 05/25/2018 - 12:42:46: "Smolder<19><VALVE_ID_LAN><TERRORIST>" killed "@te<20><VALVE_ID_LAN><CT>" with "knife"
L 05/25/2018 - 12:42:47: "Cap. Billy<15><VALVE_ID_LOOPBACK><CT>" killed "Smolder<19><VALVE_ID_LAN><TERRORIST>" with "glock18"
L 05/25/2018 - 12:42:49: "TUX<18><VALVE_ID_LAN><TERRORIST>" killed "Inspetor Buginganga<21><VALVE_ID_LAN><CT>" with "knife"
L 05/25/2018 - 12:42:56: "TUX<18><VALVE_ID_LAN><TERRORIST>" killed "Cap. Billy<15><VALVE_ID_LOOPBACK><CT>" with "glock18"
L 05/25/2018 - 12:42:56: Team "TERRORIST" triggered "Terrorists_Win" (CT "4") (T "2")
L 05/25/2018 - 12:42:56: World triggered "Round_End"
L 05/25/2018 - 12:43:01: World triggered "Round_Start"
L 05/25/2018 - 12:43:10: "GARGAMEL O ESTRIPADOR<17><VALVE_ID_LAN><TERRORIST>" killed "Inspetor Buginganga<21><VALVE_ID_LAN><CT>" with "glock18"
L 05/25/2018 - 12:43:11: "Cap. Billy<15><VALVE_ID_LOOPBACK><CT>" killed "Smolder<19><VALVE_ID_LAN><TERRORIST>" with "knife"
L 05/25/2018 - 12:43:15: "TUX<18><VALVE_ID_LAN><TERRORIST>" killed "@te<20><VALVE_ID_LAN><CT>" with "glock18"
L 05/25/2018 - 12:43:17: "Cap. Billy<15><VALVE_ID_LOOPBACK><CT>" killed "GARGAMEL O ESTRIPADOR<17><VALVE_ID_LAN><TERRORIST>" with "knife"
L 05/25/2018 - 12:43:19: "Cap. Billy<15><VALVE_ID_LOOPBACK><CT>" killed "TUX<18><VALVE_ID_LAN><TERRORIST>" with "glock18"
L 05/25/2018 - 12:43:19: Team "CT" triggered "CTs_Win" (CT "5") (T "2")
L 05/25/2018 - 12:43:19: World triggered "Round_End"
L 05/25/2018 - 12:43:24: World triggered "Round_Start"
L 05/25/2018 - 12:43:30: "Cap. Billy<15><VALVE_ID_LOOPBACK><CT>" killed "Smolder<19><VALVE_ID_LAN><TERRORIST>" with "glock18"
L 05/25/2018 - 12:43:31: "Inspetor Buginganga<21><VALVE_ID_LAN><CT>" killed "TUX<18><VALVE_ID_LAN><TERRORIST>" with "glock18"
L 05/25/2018 - 12:43:48: "@te<20><VALVE_ID_LAN><CT>" killed "GARGAMEL O ESTRIPADOR<17><VALVE_ID_LAN><TERRORIST>" with "knife"
L 05/25/2018 - 12:43:48: Team "CT" triggered "CTs_Win" (CT "6") (T "2")
L 05/25/2018 - 12:43:48: World triggered "Round_End"
L 05/25/2018 - 12:43:53: World triggered "Round_Start"
L 05/25/2018 - 12:44:01: "TUX<18><VALVE_ID_LAN><TERRORIST>" killed "Inspetor Buginganga<21><VALVE_ID_LAN><CT>" with "glock18"
L 05/25/2018 - 12:44:02: "@te<20><VALVE_ID_LAN><CT>" killed "GARGAMEL O ESTRIPADOR<17><VALVE_ID_LAN><TERRORIST>" with "glock18"
L 05/25/2018 - 12:44:04: "Cap. Billy<15><VALVE_ID_LOOPBACK><CT>" killed "TUX<18><VALVE_ID_LAN><TERRORIST>" with "glock18"
L 05/25/2018 - 12:44:09: "@te<20><VALVE_ID_LAN><CT>" killed "Smolder<19><VALVE_ID_LAN><TERRORIST>" with "knife"
L 05/25/2018 - 12:44:09: Team "CT" triggered "CTs_Win" (CT "7") (T "2")
L 05/25/2018 - 12:44:09: World triggered "Round_End"
L 05/25/2018 - 12:44:14: World triggered "Round_Start"
L 05/25/2018 - 12:44:22: "Cap. Billy<15><VALVE_ID_LOOPBACK><CT>" killed "TUX<18><VALVE_ID_LAN><TERRORIST>" with "glock18"
L 05/25/2018 - 12:44:23: "GARGAMEL O ESTRIPADOR<17><VALVE_ID_LAN><TERRORIST>" killed "Cap. Billy<15><VALVE_ID_LOOPBACK><CT>" with "glock18"
L 05/25/2018 - 12:44:24: "GARGAMEL O ESTRIPADOR<17><VALVE_ID_LAN><TERRORIST>" killed "@te<20><VALVE_ID_LAN><CT>" with "glock18"
L 05/25/2018 - 12:44:34: "Inspetor Buginganga<21><VALVE_ID_LAN><CT>" killed "GARGAMEL O ESTRIPADOR<17><VALVE_ID_LAN><TERRORIST>" with "glock18"
L 05/25/2018 - 12:44:36: "Inspetor Buginganga<21><VALVE_ID_LAN><CT>" killed "Smolder<19><VALVE_ID_LAN><TERRORIST>" with "glock18"
L 05/25/2018 - 12:44:36: Team "CT" triggered "CTs_Win" (CT "8") (T "2")
L 05/25/2018 - 12:44:36: World triggered "Round_End"
L 05/25/2018 - 12:44:41: World triggered "Round_Start"
L 05/25/2018 - 12:44:41: "Cap. Billy<15><VALVE_ID_LOOPBACK><CT>" say "HHAHAHAHAHAHAHAHAHAHAHAHAHAHAHAHAHAHA"
L 05/25/2018 - 12:44:47: "GARGAMEL O ESTRIPADOR<17><VALVE_ID_LAN><TERRORIST>" killed "Cap. Billy<15><VALVE_ID_LOOPBACK><CT>" with "glock18"
L 05/25/2018 - 12:44:54: "TUX<18><VALVE_ID_LAN><TERRORIST>" killed "Inspetor Buginganga<21><VALVE_ID_LAN><CT>" with "knife"
L 05/25/2018 - 12:45:15: "GARGAMEL O ESTRIPADOR<17><VALVE_ID_LAN><TERRORIST>" killed "@te<20><VALVE_ID_LAN><CT>" with "knife"
L 05/25/2018 - 12:45:15: Team "TERRORIST" triggered "Terrorists_Win" (CT "8") (T "3")
L 05/25/2018 - 12:45:15: World triggered "Round_End"
L 05/25/2018 - 12:45:20: World triggered "Round_Start"
L 05/25/2018 - 12:45:28: "Smolder<19><VALVE_ID_LAN><TERRORIST>" killed "@te<20><VALVE_ID_LAN><CT>" with "glock18"
L 05/25/2018 - 12:45:30: "Cap. Billy<15><VALVE_ID_LOOPBACK><CT>" killed "TUX<18><VALVE_ID_LAN><TERRORIST>" with "glock18"
L 05/25/2018 - 12:45:32: "Cap. Billy<15><VALVE_ID_LOOPBACK><CT>" killed "GARGAMEL O ESTRIPADOR<17><VALVE_ID_LAN><TERRORIST>" with "glock18"
L 05/25/2018 - 12:45:40: "Cap. Billy<15><VALVE_ID_LOOPBACK><CT>" killed "Smolder<19><VALVE_ID_LAN><TERRORIST>" with "knife"
L 05/25/2018 - 12:45:40: Team "CT" triggered "CTs_Win" (CT "9") (T "3")
L 05/25/2018 - 12:45:40: World triggered "Round_End"
L 05/25/2018 - 12:45:46: World triggered "Round_Start"
L 05/25/2018 - 12:45:48: "@te<20><VALVE_ID_LAN><CT>" say "oh meu deus"
L 05/25/2018 - 12:45:55: "Inspetor Buginganga<21><VALVE_ID_LAN><CT>" killed "TUX<18><VALVE_ID_LAN><TERRORIST>" with "glock18"
L 05/25/2018 - 12:45:56: "GARGAMEL O ESTRIPADOR<17><VALVE_ID_LAN><TERRORIST>" killed "Inspetor Buginganga<21><VALVE_ID_LAN><CT>" with "glock18"
L 05/25/2018 - 12:45:57: "Cap. Billy<15><VALVE_ID_LOOPBACK><CT>" killed "GARGAMEL O ESTRIPADOR<17><VALVE_ID_LAN><TERRORIST>" with "glock18"
L 05/25/2018 - 12:46:01: "@te<20><VALVE_ID_LAN><CT>" killed "Smolder<19><VALVE_ID_LAN><TERRORIST>" with "knife"
L 05/25/2018 - 12:46:01: Team "CT" triggered "CTs_Win" (CT "10") (T "3")
L 05/25/2018 - 12:46:01: World triggered "Round_End"
L 05/25/2018 - 12:46:06: World triggered "Round_Start"
L 05/25/2018 - 12:46:15: "TUX<18><VALVE_ID_LAN><TERRORIST>" killed "@te<20><VALVE_ID_LAN><CT>" with "glock18"
L 05/25/2018 - 12:46:18: "GARGAMEL O ESTRIPADOR<17><VALVE_ID_LAN><TERRORIST>" killed "Inspetor Buginganga<21><VALVE_ID_LAN><CT>" with "glock18"
L 05/25/2018 - 12:46:21: "Smolder<19><VALVE_ID_LAN><TERRORIST>" killed "Cap. Billy<15><VALVE_ID_LOOPBACK><CT>" with "knife"
L 05/25/2018 - 12:46:21: Team "TERRORIST" triggered "Terrorists_Win" (CT "10") (T "4")
L 05/25/2018 - 12:46:21: World triggered "Round_End"
L 05/25/2018 - 12:46:26: World triggered "Round_Start"
L 05/25/2018 - 12:46:30: "@te<20><VALVE_ID_LAN><CT>" killed "Smolder<19><VALVE_ID_LAN><TERRORIST>" with "knife"
L 05/25/2018 - 12:46:37: "Smolder<19><VALVE_ID_LAN><TERRORIST>" say "so faca" (dead)
L 05/25/2018 - 12:46:40: "Smolder<19><VALVE_ID_LAN><TERRORIST>" say "so faca" (dead)
L 05/25/2018 - 12:46:40: "GARGAMEL O ESTRIPADOR<17><VALVE_ID_LAN><TERRORIST>" killed "Inspetor Buginganga<21><VALVE_ID_LAN><CT>" with "knife"
L 05/25/2018 - 12:46:41: "Cap. Billy<15><VALVE_ID_LOOPBACK><CT>" killed "GARGAMEL O ESTRIPADOR<17><VALVE_ID_LAN><TERRORIST>" with "knife"
L 05/25/2018 - 12:46:42: "TUX<18><VALVE_ID_LAN><TERRORIST>" killed "Cap. Billy<15><VALVE_ID_LOOPBACK><CT>" with "glock18"
L 05/25/2018 - 12:46:43: "Smolder<19><VALVE_ID_LAN><TERRORIST>" say "so faca" (dead)
L 05/25/2018 - 12:46:45: "@te<20><VALVE_ID_LAN><CT>" killed "TUX<18><VALVE_ID_LAN><TERRORIST>" with "knife"
L 05/25/2018 - 12:46:45: Team "CT" triggered "CTs_Win" (CT "11") (T "4")
L 05/25/2018 - 12:46:45: World triggered "Round_End"
L 05/25/2018 - 12:46:47: "Smolder<19><VALVE_ID_LAN><TERRORIST>" say "so faca" (dead)
L 05/25/2018 - 12:46:50: World triggered "Round_Start"
L 05/25/2018 - 12:47:00: "@te<20><VALVE_ID_LAN><CT>" killed "Smolder<19><VALVE_ID_LAN><TERRORIST>" with "glock18"
L 05/25/2018 - 12:47:00: "Cap. Billy<15><VALVE_ID_LOOPBACK><CT>" killed "TUX<18><VALVE_ID_LAN><TERRORIST>" with "glock18"
L 05/25/2018 - 12:47:07: "GARGAMEL O ESTRIPADOR<17><VALVE_ID_LAN><TERRORIST>" killed "Cap. Billy<15><VALVE_ID_LOOPBACK><CT>" with "glock18"
L 05/25/2018 - 12:47:10: "Inspetor Buginganga<21><VALVE_ID_LAN><CT>" killed "GARGAMEL O ESTRIPADOR<17><VALVE_ID_LAN><TERRORIST>" with "glock18"
L 05/25/2018 - 12:47:10: Team "CT" triggered "CTs_Win" (CT "12") (T "4")
L 05/25/2018 - 12:47:10: World triggered "Round_End"
L 05/25/2018 - 12:47:15: World triggered "Round_Start"
L 05/25/2018 - 12:47:25: "TUX<18><VALVE_ID_LAN><TERRORIST>" killed "Inspetor Buginganga<21><VALVE_ID_LAN><CT>" with "glock18"
L 05/25/2018 - 12:47:25: "Smolder<19><VALVE_ID_LAN><TERRORIST>" killed "@te<20><VALVE_ID_LAN><CT>" with "knife"
L 05/25/2018 - 12:47:26: "GARGAMEL O ESTRIPADOR<17><VALVE_ID_LAN><TERRORIST>" killed "Cap. Billy<15><VALVE_ID_LOOPBACK><CT>" with "glock18"
L 05/25/2018 - 12:47:26: Team "TERRORIST" triggered "Terrorists_Win" (CT "12") (T "5")
L 05/25/2018 - 12:47:26: World triggered "Round_End"
L 05/25/2018 - 12:47:31: World triggered "Round_Start"
L 05/25/2018 - 12:47:41: "Cap. Billy<15><VALVE_ID_LOOPBACK><CT>" killed "GARGAMEL O ESTRIPADOR<17><VALVE_ID_LAN><TERRORIST>" with "glock18"
L 05/25/2018 - 12:47:45: "@te<20><VALVE_ID_LAN><CT>" killed "Smolder<19><VALVE_ID_LAN><TERRORIST>" with "glock18"
L 05/25/2018 - 12:47:46: "@te<20><VALVE_ID_LAN><CT>" killed "TUX<18><VALVE_ID_LAN><TERRORIST>" with "glock18"
L 05/25/2018 - 12:47:46: Team "CT" triggered "CTs_Win" (CT "13") (T "5")
L 05/25/2018 - 12:47:46: World triggered "Round_End"
L 05/25/2018 - 12:47:51: World triggered "Round_Start"
L 05/25/2018 - 12:48:00: "Cap. Billy<15><VALVE_ID_LOOPBACK><CT>" killed "Smolder<19><VALVE_ID_LAN><TERRORIST>" with "glock18"
L 05/25/2018 - 12:48:04: "GARGAMEL O ESTRIPADOR<17><VALVE_ID_LAN><TERRORIST>" killed "Inspetor Buginganga<21><VALVE_ID_LAN><CT>" with "glock18"
L 05/25/2018 - 12:48:06: "Cap. Billy<15><VALVE_ID_LOOPBACK><CT>" killed "GARGAMEL O ESTRIPADOR<17><VALVE_ID_LAN><TERRORIST>" with "glock18"
L 05/25/2018 - 12:48:17: "Cap. Billy<15><VALVE_ID_LOOPBACK><CT>" killed "TUX<18><VALVE_ID_LAN><TERRORIST>" with "knife"
L 05/25/2018 - 12:48:17: Team "CT" triggered "CTs_Win" (CT "14") (T "5")
L 05/25/2018 - 12:48:17: World triggered "Round_End"
L 05/25/2018 - 12:48:22: World triggered "Round_Start"
L 05/25/2018 - 12:48:30: "Inspetor Buginganga<21><VALVE_ID_LAN><CT>" killed "TUX<18><VALVE_ID_LAN><TERRORIST>" with "glock18"
L 05/25/2018 - 12:48:31: "Cap. Billy<15><VALVE_ID_LOOPBACK><CT>" killed "Smolder<19><VALVE_ID_LAN><TERRORIST>" with "glock18"
L 05/25/2018 - 12:48:40: "Inspetor Buginganga<21><VALVE_ID_LAN><CT>" killed "GARGAMEL O ESTRIPADOR<17><VALVE_ID_LAN><TERRORIST>" with "glock18"
L 05/25/2018 - 12:48:40: Team "CT" triggered "CTs_Win" (CT "15") (T "5")
L 05/25/2018 - 12:48:40: World triggered "Round_End"
L 05/25/2018 - 12:48:45: World triggered "Round_Start"
L 05/25/2018 - 12:48:51: Server cvar "amx_nextmap" = "fy_stoneworld"
L 05/25/2018 - 12:49:01: "GARGAMEL O ESTRIPADOR<17><VALVE_ID_LAN><TERRORIST>" killed "@te<20><VALVE_ID_LAN><CT>" with "glock18"
L 05/25/2018 - 12:49:05: "Cap. Billy<15><VALVE_ID_LOOPBACK><CT>" killed "Smolder<19><VALVE_ID_LAN><TERRORIST>" with "glock18"
L 05/25/2018 - 12:49:11: "GARGAMEL O ESTRIPADOR<17><VALVE_ID_LAN><TERRORIST>" killed "Inspetor Buginganga<21><VALVE_ID_LAN><CT>" with "knife"
L 05/25/2018 - 12:49:15: "GARGAMEL O ESTRIPADOR<17><VALVE_ID_LAN><TERRORIST>" killed "Cap. Billy<15><VALVE_ID_LOOPBACK><CT>" with "knife"
L 05/25/2018 - 12:49:15: Team "TERRORIST" triggered "Terrorists_Win" (CT "15") (T "6")
L 05/25/2018 - 12:49:15: World triggered "Round_End"
L 05/25/2018 - 12:49:20: World triggered "Round_Start"
L 05/25/2018 - 12:49:35: "Cap. Billy<15><VALVE_ID_LOOPBACK><CT>" killed "GARGAMEL O ESTRIPADOR<17><VALVE_ID_LAN><TERRORIST>" with "glock18"
L 05/25/2018 - 12:49:43: "TUX<18><VALVE_ID_LAN><TERRORIST>" killed "Cap. Billy<15><VALVE_ID_LOOPBACK><CT>" with "glock18"
L 05/25/2018 - 12:49:54: "Inspetor Buginganga<21><VALVE_ID_LAN><CT>" killed "Smolder<19><VALVE_ID_LAN><TERRORIST>" with "glock18"
L 05/25/2018 - 12:49:58: "Inspetor Buginganga<21><VALVE_ID_LAN><CT>" killed "TUX<18><VALVE_ID_LAN><TERRORIST>" with "glock18"
L 05/25/2018 - 12:49:58: Team "CT" triggered "CTs_Win" (CT "16") (T "6")
L 05/25/2018 - 12:49:58: World triggered "Round_End"
L 05/25/2018 - 12:50:03: World triggered "Round_Start"
L 05/25/2018 - 12:50:13: "GARGAMEL O ESTRIPADOR<17><VALVE_ID_LAN><TERRORIST>" killed "@te<20><VALVE_ID_LAN><CT>" with "glock18"
L 05/25/2018 - 12:50:13: "Cap. Billy<15><VALVE_ID_LOOPBACK><CT>" killed "Smolder<19><VALVE_ID_LAN><TERRORIST>" with "glock18"
L 05/25/2018 - 12:50:14: "TUX<18><VALVE_ID_LAN><TERRORIST>" killed "Cap. Billy<15><VALVE_ID_LOOPBACK><CT>" with "glock18"
L 05/25/2018 - 12:50:16: "GARGAMEL O ESTRIPADOR<17><VALVE_ID_LAN><TERRORIST>" killed "Inspetor Buginganga<21><VALVE_ID_LAN><CT>" with "glock18"
L 05/25/2018 - 12:50:16: Team "TERRORIST" triggered "Terrorists_Win" (CT "16") (T "7")
L 05/25/2018 - 12:50:16: World triggered "Round_End"
L 05/25/2018 - 12:50:21: World triggered "Round_Start"
L 05/25/2018 - 12:50:30: "Smolder<19><VALVE_ID_LAN><TERRORIST>" killed "@te<20><VALVE_ID_LAN><CT>" with "glock18"
L 05/25/2018 - 12:50:34: "Cap. Billy<15><VALVE_ID_LOOPBACK><CT>" killed "GARGAMEL O ESTRIPADOR<17><VALVE_ID_LAN><TERRORIST>" with "glock18"
L 05/25/2018 - 12:50:35: "Inspetor Buginganga<21><VALVE_ID_LAN><CT>" killed "Smolder<19><VALVE_ID_LAN><TERRORIST>" with "glock18"
L 05/25/2018 - 12:50:36: "Cap. Billy<15><VALVE_ID_LOOPBACK><CT>" killed "TUX<18><VALVE_ID_LAN><TERRORIST>" with "knife"
L 05/25/2018 - 12:50:36: Team "CT" triggered "CTs_Win" (CT "17") (T "7")
L 05/25/2018 - 12:50:36: World triggered "Round_End"
L 05/25/2018 - 12:50:41: "@te<20><VALVE_ID_LAN><CT>" say "hui" (dead)
L 05/25/2018 - 12:50:41: World triggered "Round_Start"
L 05/25/2018 - 12:50:44: Team "CT" scored "17" with "3" players
L 05/25/2018 - 12:50:44: Team "TERRORIST" scored "7" with "3" players
L 05/25/2018 - 12:50:47: "Cap. Billy<15><VALVE_ID_LOOPBACK><CT>" triggered "weaponstats" (weapon "glock18") (shots "275") (hits "87") (kills "25") (headshots "23") (tks "0") (damage "3358") (deaths "7")
L 05/25/2018 - 12:50:47: "Cap. Billy<15><VALVE_ID_LOOPBACK><CT>" triggered "weaponstats2" (weapon "glock18") (head "35") (chest "5") (stomach "2") (leftarm "18") (rightarm "23") (leftleg "2") (rightleg "2")
L 05/25/2018 - 12:50:47: "Cap. Billy<15><VALVE_ID_LOOPBACK><CT>" triggered "weaponstats" (weapon "knife") (shots "14") (hits "11") (kills "7") (headshots "6") (tks "0") (damage "1235") (deaths "4")
L 05/25/2018 - 12:50:47: "Cap. Billy<15><VALVE_ID_LOOPBACK><CT>" triggered "weaponstats2" (weapon "knife") (head "8") (chest "2") (stomach "0") (leftarm "1") (rightarm "0") (leftleg "0") (rightleg "0")
L 05/25/2018 - 12:50:47: "Cap. Billy<15><VALVE_ID_LOOPBACK><CT>" triggered "time" (time "10:10")
L 05/25/2018 - 12:50:47: "Cap. Billy<15><VALVE_ID_LOOPBACK><CT>" triggered "latency" (ping "0")
L 05/25/2018 - 12:50:47: "GARGAMEL O ESTRIPADOR<17><VALVE_ID_LAN><TERRORIST>" triggered "weaponstats" (weapon "glock18") (shots "286") (hits "89") (kills "14") (headshots "12") (tks "0") (damage "2001") (deaths "11")
L 05/25/2018 - 12:50:47: "GARGAMEL O ESTRIPADOR<17><VALVE_ID_LAN><TERRORIST>" triggered "weaponstats2" (weapon "glock18") (head "15") (chest "15") (stomach "5") (leftarm "21") (rightarm "24") (leftleg "3") (rightleg "6")
L 05/25/2018 - 12:50:47: "GARGAMEL O ESTRIPADOR<17><VALVE_ID_LAN><TERRORIST>" triggered "weaponstats" (weapon "knife") (shots "12") (hits "8") (kills "4") (headshots "1") (tks "0") (damage "645") (deaths "7")
L 05/25/2018 - 12:50:47: "GARGAMEL O ESTRIPADOR<17><VALVE_ID_LAN><TERRORIST>" triggered "weaponstats2" (weapon "knife") (head "2") (chest "1") (stomach "1") (leftarm "0") (rightarm "4") (leftleg "0") (rightleg "0")
L 05/25/2018 - 12:50:47: "GARGAMEL O ESTRIPADOR<17><VALVE_ID_LAN><TERRORIST>" triggered "time" (time "10:06")
L 05/25/2018 - 12:50:47: "GARGAMEL O ESTRIPADOR<17><VALVE_ID_LAN><TERRORIST>" triggered "latency" (ping "10")
L 05/25/2018 - 12:50:47: "TUX<18><VALVE_ID_LAN><TERRORIST>" triggered "weaponstats" (weapon "glock18") (shots "171") (hits "57") (kills "9") (headshots "6") (tks "0") (damage "1288") (deaths "11")
L 05/25/2018 - 12:50:47: "TUX<18><VALVE_ID_LAN><TERRORIST>" triggered "weaponstats2" (weapon "glock18") (head "10") (chest "12") (stomach "1") (leftarm "11") (rightarm "20") (leftleg "1") (rightleg "2")
L 05/25/2018 - 12:50:47: "TUX<18><VALVE_ID_LAN><TERRORIST>" triggered "weaponstats" (weapon "knife") (shots "14") (hits "11") (kills "4") (headshots "0") (tks "0") (damage "679") (deaths "6")
L 05/25/2018 - 12:50:47: "TUX<18><VALVE_ID_LAN><TERRORIST>" triggered "weaponstats2" (weapon "knife") (head "1") (chest "2") (stomach "0") (leftarm "4") (rightarm "4") (leftleg "0") (rightleg "0")
L 05/25/2018 - 12:50:47: "TUX<18><VALVE_ID_LAN><TERRORIST>" triggered "time" (time "10:05")
L 05/25/2018 - 12:50:47: "TUX<18><VALVE_ID_LAN><TERRORIST>" triggered "latency" (ping "10")
L 05/25/2018 - 12:50:47: "Smolder<19><VALVE_ID_LAN><TERRORIST>" triggered "weaponstats" (weapon "glock18") (shots "64") (hits "15") (kills "2") (headshots "1") (tks "0") (damage "416") (deaths "5")
L 05/25/2018 - 12:50:47: "Smolder<19><VALVE_ID_LAN><TERRORIST>" triggered "weaponstats2" (weapon "glock18") (head "3") (chest "0") (stomach "0") (leftarm "6") (rightarm "6") (leftleg "0") (rightleg "0")
L 05/25/2018 - 12:50:47: "Smolder<19><VALVE_ID_LAN><TERRORIST>" triggered "weaponstats" (weapon "knife") (shots "28") (hits "12") (kills "3") (headshots "1") (tks "0") (damage "975") (deaths "16")
L 05/25/2018 - 12:50:47: "Smolder<19><VALVE_ID_LAN><TERRORIST>" triggered "weaponstats2" (weapon "knife") (head "3") (chest "4") (stomach "0") (leftarm "2") (rightarm "3") (leftleg "0") (rightleg "0")
L 05/25/2018 - 12:50:47: "Smolder<19><VALVE_ID_LAN><TERRORIST>" triggered "time" (time "10:01")
L 05/25/2018 - 12:50:47: "Smolder<19><VALVE_ID_LAN><TERRORIST>" triggered "latency" (ping "7")
L 05/25/2018 - 12:50:47: "@te<20><VALVE_ID_LAN><CT>" triggered "weaponstats" (weapon "glock18") (shots "171") (hits "31") (kills "7") (headshots "4") (tks "0") (damage "887") (deaths "6")
L 05/25/2018 - 12:50:47: "@te<20><VALVE_ID_LAN><CT>" triggered "weaponstats2" (weapon "glock18") (head "6") (chest "7") (stomach "1") (leftarm "12") (rightarm "3") (leftleg "1") (rightleg "1")
L 05/25/2018 - 12:50:47: "@te<20><VALVE_ID_LAN><CT>" triggered "weaponstats" (weapon "knife") (shots "24") (hits "13") (kills "7") (headshots "4") (tks "0") (damage "1125") (deaths "6")
L 05/25/2018 - 12:50:47: "@te<20><VALVE_ID_LAN><CT>" triggered "weaponstats2" (weapon "knife") (head "6") (chest "1") (stomach "1") (leftarm "1") (rightarm "3") (leftleg "1") (rightleg "0")
L 05/25/2018 - 12:50:47: "@te<20><VALVE_ID_LAN><CT>" triggered "time" (time "9:40")
L 05/25/2018 - 12:50:47: "@te<20><VALVE_ID_LAN><CT>" triggered "latency" (ping "8")
L 05/25/2018 - 12:50:47: "Inspetor Buginganga<21><VALVE_ID_LAN><CT>" triggered "weaponstats" (weapon "glock18") (shots "264") (hits "86") (kills "10") (headshots "9") (tks "0") (damage "1871") (deaths "12")
L 05/25/2018 - 12:50:47: "Inspetor Buginganga<21><VALVE_ID_LAN><CT>" triggered "weaponstats2" (weapon "glock18") (head "16") (chest "11") (stomach "4") (leftarm "30") (rightarm "12") (leftleg "4") (rightleg "9")
L 05/25/2018 - 12:50:47: "Inspetor Buginganga<21><VALVE_ID_LAN><CT>" triggered "time" (time "9:17")
L 05/25/2018 - 12:50:47: "Inspetor Buginganga<21><VALVE_ID_LAN><CT>" triggered "latency" (ping "12")
L 05/25/2018 - 12:50:47: [META] ini: Begin re-reading plugins list: c:/valve/cstrike/addons/metamod/plugins.ini
L 05/25/2018 - 12:50:47: [META] ini: Read plugin config for: AMX
L 05/25/2018 - 12:50:47: [META] ini: Read plugin config for: WinHL-Booster
L 05/25/2018 - 12:50:47: [META] ERROR: ini: Skipping plugin, couldn't stat file 'addons/hlguard/dlls/hlguard_mm_nightly.dll': No such file or directory
L 05/25/2018 - 12:50:47: [META] ini: Read plugin config for: WebMod
L 05/25/2018 - 12:50:47: [META] ini: Finished reading plugins list: c:/valve/cstrike/addons/metamod/plugins.ini; Found 3 plugins
L 05/25/2018 - 12:50:47: [META] dll: Updating plugins...
L 05/25/2018 - 12:50:47: [META] ERROR: dll: Failed query plugin '<hlguard_mm_nightly.dll>'; Couldn't open file 'addons/hlguard/dlls/hlguard_mm_nightly.dll': Não foi possível encontrar o módulo especificado.

L 05/25/2018 - 12:50:47: [META] ERROR: dll: Skipping plugin '<hlguard_mm_nightly.dll>'; couldn't query
L 05/25/2018 - 12:50:47: [META] dll: Finished updating 6 plugins; kept 3, loaded 0, unloaded 0, reloaded 0, delayed 0
L 05/25/2018 - 12:50:47: Server shutdown
L 05/25/2018 - 12:50:47: Log file closed
