L 05/21/2018 - 12:41:46: Log file started (file "logs\L0521002.log") (game "cstrike") (version "47/1.1.2.2/2603")
L 05/21/2018 - 12:41:46: Loading map "cs_deagle5"
L 05/21/2018 - 12:41:46: Server cvars start
L 05/21/2018 - 12:41:46: Server cvar "_tutor_bomb_viewable_check_interval" = "0.5"
L 05/21/2018 - 12:41:46: Server cvar "_tutor_debug_level" = "0"
L 05/21/2018 - 12:41:46: Server cvar "_tutor_examine_time" = "0.5"
L 05/21/2018 - 12:41:46: Server cvar "_tutor_hint_interval_time" = "10.0"
L 05/21/2018 - 12:41:46: Server cvar "_tutor_look_angle" = "10"
L 05/21/2018 - 12:41:46: Server cvar "_tutor_look_distance" = "200"
L 05/21/2018 - 12:41:46: Server cvar "_tutor_message_character_display_time_coefficient" = "0.07"
L 05/21/2018 - 12:41:46: Server cvar "_tutor_message_minimum_display_time" = "1"
L 05/21/2018 - 12:41:46: Server cvar "_tutor_message_repeats" = "5"
L 05/21/2018 - 12:41:46: Server cvar "_tutor_view_distance" = "1000"
L 05/21/2018 - 12:41:46: Server cvar "allow_spectators" = "1.0"
L 05/21/2018 - 12:41:46: Server cvar "amx_modules" = "2"
L 05/21/2018 - 12:41:46: Server cvar "amx_nextmap" = "aim_map_usp"
L 05/21/2018 - 12:41:46: Server cvar "amx_timeleft" = "00:00"
L 05/21/2018 - 12:41:46: Server cvar "amx_version" = "2006.3"
L 05/21/2018 - 12:41:46: Server cvar "booster_version" = "1.60"
L 05/21/2018 - 12:41:46: Server cvar "bot_allow_grenades" = "1"
L 05/21/2018 - 12:41:46: Server cvar "bot_allow_machine_guns" = "1"
L 05/21/2018 - 12:41:46: Server cvar "bot_allow_pistols" = "1"
L 05/21/2018 - 12:41:46: Server cvar "bot_allow_rifles" = "1"
L 05/21/2018 - 12:41:46: Server cvar "bot_allow_rogues" = "1"
L 05/21/2018 - 12:41:46: Server cvar "bot_allow_shield" = "1"
L 05/21/2018 - 12:41:46: Server cvar "bot_allow_shotguns" = "1"
L 05/21/2018 - 12:41:46: Server cvar "bot_allow_snipers" = "1"
L 05/21/2018 - 12:41:46: Server cvar "bot_allow_sub_machine_guns" = "1"
L 05/21/2018 - 12:41:46: Server cvar "bot_auto_vacate" = "1"
L 05/21/2018 - 12:41:46: Server cvar "bot_chatter" = "normal"
L 05/21/2018 - 12:41:46: Server cvar "bot_debug" = "0"
L 05/21/2018 - 12:41:46: Server cvar "bot_defer_to_human" = "0"
L 05/21/2018 - 12:41:46: Server cvar "bot_difficulty" = "2"
L 05/21/2018 - 12:41:46: Server cvar "bot_join_after_player" = "1"
L 05/21/2018 - 12:41:46: Server cvar "bot_join_team" = "ct"
L 05/21/2018 - 12:41:46: Server cvar "bot_nav_edit" = "0"
L 05/21/2018 - 12:41:46: Server cvar "bot_nav_zdraw" = "4"
L 05/21/2018 - 12:41:46: Server cvar "bot_prefix" = "XXBOT"
L 05/21/2018 - 12:41:46: Server cvar "bot_quicksave" = "0"
L 05/21/2018 - 12:41:46: Server cvar "bot_quota" = "1"
L 05/21/2018 - 12:41:46: Server cvar "bot_quota_match" = "0"
L 05/21/2018 - 12:41:46: Server cvar "bot_show_danger" = "0"
L 05/21/2018 - 12:41:46: Server cvar "bot_show_nav" = "0"
L 05/21/2018 - 12:41:46: Server cvar "bot_stop" = "0"
L 05/21/2018 - 12:41:46: Server cvar "bot_traceview" = "0"
L 05/21/2018 - 12:41:46: Server cvar "bot_walk" = "0"
L 05/21/2018 - 12:41:46: Server cvar "bot_zombie" = "0"
L 05/21/2018 - 12:41:46: Server cvar "coop" = "0"
L 05/21/2018 - 12:41:46: Server cvar "deathmatch" = "1"
L 05/21/2018 - 12:41:46: Server cvar "decalfrequency" = "30"
L 05/21/2018 - 12:41:46: Server cvar "edgefriction" = "2"
L 05/21/2018 - 12:41:46: Server cvar "fun_version" = "2006.3"
L 05/21/2018 - 12:41:46: Server cvar "humans_join_team" = "any"
L 05/21/2018 - 12:41:46: Server cvar "max_queries_sec" = "3.0"
L 05/21/2018 - 12:41:46: Server cvar "max_queries_sec_global" = "30"
L 05/21/2018 - 12:41:46: Server cvar "max_queries_window" = "60"
L 05/21/2018 - 12:41:46: Server cvar "metamod_version" = "1.19"
L 05/21/2018 - 12:41:46: Server cvar "mp_allowmonsters" = "0"
L 05/21/2018 - 12:41:46: Server cvar "mp_autokick" = "0"
L 05/21/2018 - 12:41:46: Server cvar "mp_autoteambalance" = "0"
L 05/21/2018 - 12:41:46: Server cvar "mp_buytime" = "1.500000"
L 05/21/2018 - 12:41:46: Server cvar "mp_c4timer" = "45"
L 05/21/2018 - 12:41:46: Server cvar "mp_chattime" = "10"
L 05/21/2018 - 12:41:46: Server cvar "mp_consistency" = "1"
L 05/21/2018 - 12:41:46: Server cvar "mp_fadetoblack" = "0"
L 05/21/2018 - 12:41:46: Server cvar "mp_flashlight" = "0"
L 05/21/2018 - 12:41:46: Server cvar "mp_footsteps" = "1"
L 05/21/2018 - 12:41:46: Server cvar "mp_forcecamera" = "2"
L 05/21/2018 - 12:41:46: Server cvar "mp_forcechasecam" = "0"
L 05/21/2018 - 12:41:46: Server cvar "mp_fragsleft" = "0"
L 05/21/2018 - 12:41:46: Server cvar "mp_freezetime" = "0.000000"
L 05/21/2018 - 12:41:46: Server cvar "mp_friendlyfire" = "1"
L 05/21/2018 - 12:41:46: Server cvar "mp_ghostfrequency" = "0.1"
L 05/21/2018 - 12:41:46: Server cvar "mp_hostagepenalty" = "5.000000"
L 05/21/2018 - 12:41:46: Server cvar "mp_kickpercent" = "0.66"
L 05/21/2018 - 12:41:46: Server cvar "mp_limitteams" = "0"
L 05/21/2018 - 12:41:46: Server cvar "mp_logdetail" = "0"
L 05/21/2018 - 12:41:46: Server cvar "mp_logfile" = "1"
L 05/21/2018 - 12:41:46: Server cvar "mp_logmessages" = "1"
L 05/21/2018 - 12:41:46: Server cvar "mp_mapvoteratio" = "0.66"
L 05/21/2018 - 12:41:46: Server cvar "mp_maxrounds" = "0.000000"
L 05/21/2018 - 12:41:46: Server cvar "mp_mirrordamage" = "0"
L 05/21/2018 - 12:41:46: Server cvar "mp_playerid" = "0"
L 05/21/2018 - 12:41:46: Server cvar "mp_roundtime" = "2.000000"
L 05/21/2018 - 12:41:46: Server cvar "mp_startmoney" = "1500.000000"
L 05/21/2018 - 12:41:46: Server cvar "mp_timeleft" = "0"
L 05/21/2018 - 12:41:46: Server cvar "mp_timelimit" = "10.000000"
L 05/21/2018 - 12:41:46: Server cvar "mp_tkpunish" = "1"
L 05/21/2018 - 12:41:46: Server cvar "mp_windifference" = "1"
L 05/21/2018 - 12:41:46: Server cvar "mp_winlimit" = "0.000000"
L 05/21/2018 - 12:41:46: Server cvar "pausable" = "0"
L 05/21/2018 - 12:41:46: Server cvar "server_fps" = "90"
L 05/21/2018 - 12:41:46: Server cvar "sv_accelerate" = "5"
L 05/21/2018 - 12:41:46: Server cvar "sv_aim" = "0"
L 05/21/2018 - 12:41:46: Server cvar "sv_airaccelerate" = "10"
L 05/21/2018 - 12:41:46: Server cvar "sv_airmove" = "1"
L 05/21/2018 - 12:41:46: Server cvar "sv_allowupload" = "1"
L 05/21/2018 - 12:41:46: Server cvar "sv_alltalk" = "0"
L 05/21/2018 - 12:41:46: Server cvar "sv_bounce" = "1"
L 05/21/2018 - 12:41:46: Server cvar "sv_cheats" = "0"
L 05/21/2018 - 12:41:46: Server cvar "sv_clienttrace" = "1"
L 05/21/2018 - 12:41:46: Server cvar "sv_clipmode" = "0"
L 05/21/2018 - 12:41:46: Server cvar "sv_contact" = ""
L 05/21/2018 - 12:41:46: Server cvar "sv_friction" = "4"
L 05/21/2018 - 12:41:46: Server cvar "sv_gravity" = "800"
L 05/21/2018 - 12:41:46: Server cvar "sv_logblocks" = "0"
L 05/21/2018 - 12:41:46: Server cvar "sv_maxrate" = "0"
L 05/21/2018 - 12:41:46: Server cvar "sv_maxspeed" = "320"
L 05/21/2018 - 12:41:46: Server cvar "sv_minrate" = "0"
L 05/21/2018 - 12:41:46: Server cvar "sv_password" = ""
L 05/21/2018 - 12:41:46: Server cvar "sv_proxies" = "1"
L 05/21/2018 - 12:41:46: Server cvar "sv_region" = "-1"
L 05/21/2018 - 12:41:46: Server cvar "sv_restart" = "0"
L 05/21/2018 - 12:41:46: Server cvar "sv_restartround" = "0"
L 05/21/2018 - 12:41:46: Server cvar "sv_stepsize" = "18"
L 05/21/2018 - 12:41:46: Server cvar "sv_stopspeed" = "75"
L 05/21/2018 - 12:41:46: Server cvar "sv_voiceenable" = "1"
L 05/21/2018 - 12:41:46: Server cvar "sv_wateraccelerate" = "10"
L 05/21/2018 - 12:41:46: Server cvar "sv_waterfriction" = "1"
L 05/21/2018 - 12:41:46: Server cvar "sys_ticrate" = "10000"
L 05/21/2018 - 12:41:46: Server cvar "w_version" = "0.48"
L 05/21/2018 - 12:41:46: Server cvars end
L 05/21/2018 - 12:41:46: Server cvar "sv_maxspeed" = "900"
L 05/21/2018 - 12:41:46: Server cvar "sv_maxspeed" = "320"
L 05/21/2018 - 12:41:46: Server cvar "amx_nextmap" = "alabordage"
L 05/21/2018 - 12:41:47: Started map "cs_deagle5" (CRC "-1198965124")
L 05/21/2018 - 12:41:52: "Cap. Billy<20><VALVE_ID_LOOPBACK><>" connected, address "loopback"
L 05/21/2018 - 12:41:52: "Cap. Billy<20><VALVE_ID_LOOPBACK><>" entered the game
L 05/21/2018 - 12:41:53: World triggered "Round_Start"
L 05/21/2018 - 12:41:53: "Smolder<21><VALVE_ID_LAN><>" connected, address "10.15.3.173:27005"
L 05/21/2018 - 12:41:53: "Cap. Billy<20><VALVE_ID_LOOPBACK><>" joined team "CT"
L 05/21/2018 - 12:41:53: "XXBOT Connor<22><BOT><>" joined team "CT"
L 05/21/2018 - 12:41:53: "XXBOT Connor<22><BOT><>" entered the game
L 05/21/2018 - 12:41:54: "Inspetor Buginganga<23><VALVE_ID_LAN><>" connected, address "10.15.2.117:27005"
L 05/21/2018 - 12:41:55: "GARGAMEL O ESFAQUEADO<24><VALVE_ID_LAN><>" connected, address "10.15.2.108:27005"
L 05/21/2018 - 12:41:55: "Cap. Billy<20><VALVE_ID_LOOPBACK><CT>" triggered "time" (time "0:02")
L 05/21/2018 - 12:41:55: "Cap. Billy<20><VALVE_ID_LOOPBACK><CT>" triggered "latency" (ping "0")
L 05/21/2018 - 12:41:55: [META] ini: Begin re-reading plugins list: c:/valve/cstrike/addons/metamod/plugins.ini
L 05/21/2018 - 12:41:55: [META] ini: Read plugin config for: AMX
L 05/21/2018 - 12:41:55: [META] ini: Read plugin config for: WinHL-Booster
L 05/21/2018 - 12:41:55: [META] ERROR: ini: Skipping plugin, couldn't stat file 'addons/hlguard/dlls/hlguard_mm_nightly.dll': No such file or directory
L 05/21/2018 - 12:41:55: [META] ini: Read plugin config for: WebMod
L 05/21/2018 - 12:41:55: [META] ini: Finished reading plugins list: c:/valve/cstrike/addons/metamod/plugins.ini; Found 3 plugins
L 05/21/2018 - 12:41:55: [META] dll: Updating plugins...
L 05/21/2018 - 12:41:55: [META] ERROR: dll: Failed query plugin '<hlguard_mm_nightly.dll>'; Couldn't open file 'addons/hlguard/dlls/hlguard_mm_nightly.dll': Não foi possível encontrar o módulo especificado.

L 05/21/2018 - 12:41:55: [META] ERROR: dll: Skipping plugin '<hlguard_mm_nightly.dll>'; couldn't query
L 05/21/2018 - 12:41:55: [META] dll: Finished updating 6 plugins; kept 3, loaded 0, unloaded 0, reloaded 0, delayed 0
L 05/21/2018 - 12:41:55: "Cap. Billy<-1><><CT>" disconnected
L 05/21/2018 - 12:41:55: "XXBOT Connor<-1><><CT>" disconnected
L 05/21/2018 - 12:41:55: World triggered "Round_Draw" (CT "0") (T "0")
L 05/21/2018 - 12:41:55: World triggered "Round_End"
L 05/21/2018 - 12:41:55: Server shutdown
L 05/21/2018 - 12:41:55: Log file closed
