L 06/04/2018 - 12:51:05: Log file started (file "logs\L0604004.log") (game "cstrike") (version "47/1.1.2.2/2603")
L 06/04/2018 - 12:51:06: World triggered "Round_Start"
L 06/04/2018 - 12:51:07: "GARGAMEL O ESTRIPADOR<28><VALVE_ID_LAN><>" entered the game
L 06/04/2018 - 12:51:07: "INDIO<27><VALVE_ID_LAN><>" entered the game
L 06/04/2018 - 12:51:07: "Calango<26><VALVE_ID_LAN><>" entered the game
L 06/04/2018 - 12:51:08: "GARGAMEL O ESTRIPADOR<28><VALVE_ID_LAN><>" joined team "TERRORIST"
L 06/04/2018 - 12:51:09: "Calango<26><VALVE_ID_LAN><>" joined team "CT"
L 06/04/2018 - 12:51:09: "INDIO<27><VALVE_ID_LAN><>" joined team "CT"
L 06/04/2018 - 12:51:11: "Calcas Peludas<29><VALVE_ID_LAN><>" connected, address "10.15.2.49:27005"
L 06/04/2018 - 12:51:12: "Cap. Billy<24><VALVE_ID_LOOPBACK><CT>" killed "XXBOT Gabe<25><BOT><TERRORIST>" with "deagle"
L 06/04/2018 - 12:51:14: "Calcas Peludas<29><VALVE_ID_LAN><>" entered the game
L 06/04/2018 - 12:51:14: "Inspetor Buginganga<30><VALVE_ID_LAN><>" connected, address "10.15.2.117:27005"
L 06/04/2018 - 12:51:16: "Calcas Peludas<29><VALVE_ID_LAN><>" joined team "TERRORIST"
L 06/04/2018 - 12:51:17: "Inspetor Buginganga<30><VALVE_ID_LAN><>" entered the game
L 06/04/2018 - 12:51:18: "INDIO<27><VALVE_ID_LAN><CT>" killed "Calcas Peludas<29><VALVE_ID_LAN><TERRORIST>" with "deagle"
L 06/04/2018 - 12:51:18: "Cap. Billy<24><VALVE_ID_LOOPBACK><CT>" killed "GARGAMEL O ESTRIPADOR<28><VALVE_ID_LAN><TERRORIST>" with "deagle"
L 06/04/2018 - 12:51:18: Team "CT" triggered "CTs_Win" (CT "1") (T "0")
L 06/04/2018 - 12:51:18: World triggered "Round_End"
L 06/04/2018 - 12:51:20: "Inspetor Buginganga<30><VALVE_ID_LAN><>" joined team "CT"
L 06/04/2018 - 12:51:23: "Calcas Peludas<29><VALVE_ID_LAN><TERRORIST>" say "porra e essa" (dead)
L 06/04/2018 - 12:51:23: World triggered "Round_Start"
L 06/04/2018 - 12:51:26: "XXBOT Erik<31><BOT><>" joined team "TERRORIST"
L 06/04/2018 - 12:51:26: Server cvar "bot_quota" = "2"
L 06/04/2018 - 12:51:26: "XXBOT Erik<31><BOT><>" entered the game
L 06/04/2018 - 12:51:32: "Calango<26><VALVE_ID_LAN><CT>" killed "XXBOT Erik<31><BOT><TERRORIST>" with "deagle"
L 06/04/2018 - 12:51:35: "INDIO<27><VALVE_ID_LAN><CT>" killed "GARGAMEL O ESTRIPADOR<28><VALVE_ID_LAN><TERRORIST>" with "deagle"
L 06/04/2018 - 12:51:36: "Cap. Billy<24><VALVE_ID_LOOPBACK><CT>" killed "XXBOT Gabe<25><BOT><TERRORIST>" with "deagle"
L 06/04/2018 - 12:51:43: "Calcas Peludas<29><VALVE_ID_LAN><TERRORIST>" killed "INDIO<27><VALVE_ID_LAN><CT>" with "deagle"
L 06/04/2018 - 12:51:48: "Calango<26><VALVE_ID_LAN><CT>" killed "Calcas Peludas<29><VALVE_ID_LAN><TERRORIST>" with "deagle"
L 06/04/2018 - 12:51:48: Team "CT" triggered "CTs_Win" (CT "2") (T "0")
L 06/04/2018 - 12:51:48: World triggered "Round_End"
L 06/04/2018 - 12:51:53: World triggered "Round_Start"
L 06/04/2018 - 12:51:55: "Cap. Billy<24><VALVE_ID_LOOPBACK><CT>" say "KD O JACK"
L 06/04/2018 - 12:52:03: "Calango<26><VALVE_ID_LAN><CT>" killed "Calcas Peludas<29><VALVE_ID_LAN><TERRORIST>" with "deagle"
L 06/04/2018 - 12:52:07: "XXBOT Erik<31><BOT><TERRORIST>" killed "Inspetor Buginganga<30><VALVE_ID_LAN><CT>" with "deagle"
L 06/04/2018 - 12:52:11: "INDIO<27><VALVE_ID_LAN><CT>" say " passso"
L 06/04/2018 - 12:52:11: "GARGAMEL O ESTRIPADOR<28><VALVE_ID_LAN><TERRORIST>" killed "Calango<26><VALVE_ID_LAN><CT>" with "deagle"
L 06/04/2018 - 12:52:14: "Calcas Peludas<29><VALVE_ID_LAN><TERRORIST>" say "kd o jack" (dead)
L 06/04/2018 - 12:52:20: "XXBOT Erik<31><BOT><TERRORIST>" killed "Cap. Billy<24><VALVE_ID_LOOPBACK><CT>" with "deagle"
L 06/04/2018 - 12:52:22: "Calango<26><VALVE_ID_LAN><CT>" say "travou\" (dead)
L 06/04/2018 - 12:52:26: "XXBOT Erik<31><BOT><TERRORIST>" killed "INDIO<27><VALVE_ID_LAN><CT>" with "deagle"
L 06/04/2018 - 12:52:26: Team "TERRORIST" triggered "Terrorists_Win" (CT "2") (T "1")
L 06/04/2018 - 12:52:26: World triggered "Round_End"
L 06/04/2018 - 12:52:31: World triggered "Round_Start"
L 06/04/2018 - 12:52:38: "Calcas Peludas<29><VALVE_ID_LAN><TERRORIST>" killed "Inspetor Buginganga<30><VALVE_ID_LAN><CT>" with "deagle"
L 06/04/2018 - 12:52:38: "Calango<26><VALVE_ID_LAN><CT>" killed "XXBOT Gabe<25><BOT><TERRORIST>" with "deagle"
L 06/04/2018 - 12:52:46: "XXBOT Erik<31><BOT><TERRORIST>" killed "INDIO<27><VALVE_ID_LAN><CT>" with "deagle"
L 06/04/2018 - 12:52:49: "GARGAMEL O ESTRIPADOR<28><VALVE_ID_LAN><TERRORIST>" killed "Cap. Billy<24><VALVE_ID_LOOPBACK><CT>" with "deagle"
L 06/04/2018 - 12:52:51: "Calango<26><VALVE_ID_LAN><CT>" killed "GARGAMEL O ESTRIPADOR<28><VALVE_ID_LAN><TERRORIST>" with "knife"
L 06/04/2018 - 12:52:58: "XXBOT Erik<31><BOT><TERRORIST>" killed "Calango<26><VALVE_ID_LAN><CT>" with "deagle"
L 06/04/2018 - 12:52:58: Team "TERRORIST" triggered "Terrorists_Win" (CT "2") (T "2")
L 06/04/2018 - 12:52:58: World triggered "Round_End"
L 06/04/2018 - 12:52:59: "INDIO<27><VALVE_ID_LAN><CT>" say "kkkkkkkk" (dead)
L 06/04/2018 - 12:52:59: "GARGAMEL O ESTRIPADOR<28><VALVE_ID_LAN><TERRORIST>" say "llkkk" (dead)
L 06/04/2018 - 12:53:03: World triggered "Round_Start"
L 06/04/2018 - 12:53:11: "INDIO<27><VALVE_ID_LAN><CT>" killed "XXBOT Erik<31><BOT><TERRORIST>" with "deagle"
L 06/04/2018 - 12:53:11: "INDIO<27><VALVE_ID_LAN><CT>" killed "XXBOT Gabe<25><BOT><TERRORIST>" with "deagle"
L 06/04/2018 - 12:53:21: "Calcas Peludas<29><VALVE_ID_LAN><TERRORIST>" killed "INDIO<27><VALVE_ID_LAN><CT>" with "deagle"
L 06/04/2018 - 12:53:29: "GARGAMEL O ESTRIPADOR<28><VALVE_ID_LAN><TERRORIST>" killed "Calango<26><VALVE_ID_LAN><CT>" with "knife"
L 06/04/2018 - 12:53:29: "Cap. Billy<24><VALVE_ID_LOOPBACK><CT>" killed "GARGAMEL O ESTRIPADOR<28><VALVE_ID_LAN><TERRORIST>" with "knife"
L 06/04/2018 - 12:53:31: "Cap. Billy<24><VALVE_ID_LOOPBACK><CT>" killed "Calcas Peludas<29><VALVE_ID_LAN><TERRORIST>" with "deagle"
L 06/04/2018 - 12:53:31: Team "CT" triggered "CTs_Win" (CT "3") (T "2")
L 06/04/2018 - 12:53:31: World triggered "Round_End"
L 06/04/2018 - 12:53:34: "Calango<26><VALVE_ID_LAN><CT>" say "peeegue\]" (dead)
L 06/04/2018 - 12:53:36: World triggered "Round_Start"
L 06/04/2018 - 12:53:44: "Inspetor Buginganga<30><VALVE_ID_LAN><CT>" killed "Calcas Peludas<29><VALVE_ID_LAN><TERRORIST>" with "deagle"
L 06/04/2018 - 12:53:45: "Calango<26><VALVE_ID_LAN><CT>" killed "GARGAMEL O ESTRIPADOR<28><VALVE_ID_LAN><TERRORIST>" with "deagle"
L 06/04/2018 - 12:53:46: "INDIO<27><VALVE_ID_LAN><CT>" killed "XXBOT Erik<31><BOT><TERRORIST>" with "knife"
L 06/04/2018 - 12:53:46: "Cap. Billy<24><VALVE_ID_LOOPBACK><CT>" killed "XXBOT Gabe<25><BOT><TERRORIST>" with "deagle"
L 06/04/2018 - 12:53:46: Team "CT" triggered "CTs_Win" (CT "4") (T "2")
L 06/04/2018 - 12:53:46: World triggered "Round_End"
L 06/04/2018 - 12:53:51: World triggered "Round_Start"
L 06/04/2018 - 12:53:57: "Cap. Billy<24><VALVE_ID_LOOPBACK><CT>" say "poxa jack fugiu pra nao ser ima"
L 06/04/2018 - 12:53:59: "XXBOT Erik<31><BOT><TERRORIST>" killed "Calango<26><VALVE_ID_LAN><CT>" with "deagle"
L 06/04/2018 - 12:54:00: "XXBOT Erik<31><BOT><TERRORIST>" killed "INDIO<27><VALVE_ID_LAN><CT>" with "deagle"
L 06/04/2018 - 12:54:05: "XXBOT Erik<31><BOT><TERRORIST>" killed "Cap. Billy<24><VALVE_ID_LOOPBACK><CT>" with "deagle"
L 06/04/2018 - 12:54:12: "INDIO<27><VALVE_ID_LAN><CT>" say "kkk" (dead)
L 06/04/2018 - 12:54:15: "INDIO<27><VALVE_ID_LAN><CT>" say "zzzz" (dead)
L 06/04/2018 - 12:54:15: "XXBOT Erik<31><BOT><TERRORIST>" killed "Inspetor Buginganga<30><VALVE_ID_LAN><CT>" with "deagle"
L 06/04/2018 - 12:54:15: Team "TERRORIST" triggered "Terrorists_Win" (CT "4") (T "3")
L 06/04/2018 - 12:54:15: World triggered "Round_End"
L 06/04/2018 - 12:54:17: "Cap. Billy<24><VALVE_ID_LOOPBACK><CT>" say_team "nao destravou ainda?" (dead)
L 06/04/2018 - 12:54:20: "Calango<26><VALVE_ID_LAN><CT>" say "ta travado ainda" (dead)
L 06/04/2018 - 12:54:20: World triggered "Round_Start"
L 06/04/2018 - 12:54:29: "Calcas Peludas<29><VALVE_ID_LAN><TERRORIST>" killed "INDIO<27><VALVE_ID_LAN><CT>" with "knife"
L 06/04/2018 - 12:54:29: "Cap. Billy<24><VALVE_ID_LOOPBACK><CT>" killed "XXBOT Gabe<25><BOT><TERRORIST>" with "deagle"
L 06/04/2018 - 12:54:30: "XXBOT Erik<31><BOT><TERRORIST>" killed "Inspetor Buginganga<30><VALVE_ID_LAN><CT>" with "deagle"
L 06/04/2018 - 12:54:38: "Cap. Billy<24><VALVE_ID_LOOPBACK><CT>" killed "XXBOT Erik<31><BOT><TERRORIST>" with "deagle"
L 06/04/2018 - 12:54:40: "GARGAMEL O ESTRIPADOR<28><VALVE_ID_LAN><TERRORIST>" killed "Calango<26><VALVE_ID_LAN><CT>" with "knife"
L 06/04/2018 - 12:54:42: "Cap. Billy<24><VALVE_ID_LOOPBACK><CT>" killed "GARGAMEL O ESTRIPADOR<28><VALVE_ID_LAN><TERRORIST>" with "knife"
L 06/04/2018 - 12:54:47: "GARGAMEL O ESTRIPADOR<28><VALVE_ID_LAN><TERRORIST>" say "kkk" (dead)
L 06/04/2018 - 12:54:50: "Calcas Peludas<29><VALVE_ID_LAN><TERRORIST>" killed "Cap. Billy<24><VALVE_ID_LOOPBACK><CT>" with "deagle"
L 06/04/2018 - 12:54:50: Team "TERRORIST" triggered "Terrorists_Win" (CT "4") (T "4")
L 06/04/2018 - 12:54:50: World triggered "Round_End"
L 06/04/2018 - 12:54:53: "GARGAMEL O ESTRIPADOR<28><VALVE_ID_LAN><TERRORIST>" say " pegue" (dead)
L 06/04/2018 - 12:54:55: World triggered "Round_Start"
L 06/04/2018 - 12:55:05: "Cap. Billy<24><VALVE_ID_LOOPBACK><CT>" killed "XXBOT Erik<31><BOT><TERRORIST>" with "deagle"
L 06/04/2018 - 12:55:07: "Calcas Peludas<29><VALVE_ID_LAN><TERRORIST>" killed "INDIO<27><VALVE_ID_LAN><CT>" with "deagle"
L 06/04/2018 - 12:55:07: "Calango<26><VALVE_ID_LAN><CT>" killed "XXBOT Gabe<25><BOT><TERRORIST>" with "deagle"
L 06/04/2018 - 12:55:12: "Cap. Billy<24><VALVE_ID_LOOPBACK><CT>" killed "GARGAMEL O ESTRIPADOR<28><VALVE_ID_LAN><TERRORIST>" with "knife"
L 06/04/2018 - 12:55:22: "Calcas Peludas<29><VALVE_ID_LAN><TERRORIST>" killed "Calango<26><VALVE_ID_LAN><CT>" with "deagle"
L 06/04/2018 - 12:55:26: "Cap. Billy<24><VALVE_ID_LOOPBACK><CT>" killed "Calcas Peludas<29><VALVE_ID_LAN><TERRORIST>" with "knife"
L 06/04/2018 - 12:55:26: Team "CT" triggered "CTs_Win" (CT "5") (T "4")
L 06/04/2018 - 12:55:26: World triggered "Round_End"
L 06/04/2018 - 12:55:31: World triggered "Round_Start"
L 06/04/2018 - 12:55:41: "Calcas Peludas<29><VALVE_ID_LAN><TERRORIST>" killed "Calango<26><VALVE_ID_LAN><CT>" with "deagle"
L 06/04/2018 - 12:55:42: "Inspetor Buginganga<30><VALVE_ID_LAN><CT>" killed "Calcas Peludas<29><VALVE_ID_LAN><TERRORIST>" with "deagle"
L 06/04/2018 - 12:55:43: "INDIO<27><VALVE_ID_LAN><CT>" killed "XXBOT Erik<31><BOT><TERRORIST>" with "deagle"
L 06/04/2018 - 12:55:43: "GARGAMEL O ESTRIPADOR<28><VALVE_ID_LAN><TERRORIST>" killed "Inspetor Buginganga<30><VALVE_ID_LAN><CT>" with "knife"
L 06/04/2018 - 12:55:46: "Cap. Billy<24><VALVE_ID_LOOPBACK><CT>" killed "GARGAMEL O ESTRIPADOR<28><VALVE_ID_LAN><TERRORIST>" with "knife"
L 06/04/2018 - 12:55:52: "XXBOT Gabe<25><BOT><TERRORIST>" killed "INDIO<27><VALVE_ID_LAN><CT>" with "deagle"
L 06/04/2018 - 12:55:54: "Cap. Billy<24><VALVE_ID_LOOPBACK><CT>" killed "XXBOT Gabe<25><BOT><TERRORIST>" with "deagle"
L 06/04/2018 - 12:55:54: Team "CT" triggered "CTs_Win" (CT "6") (T "4")
L 06/04/2018 - 12:55:54: World triggered "Round_End"
L 06/04/2018 - 12:55:57: "Calango<26><VALVE_ID_LAN><CT>" say "timeleft" (dead)
L 06/04/2018 - 12:55:59: "Calcas Peludas<29><VALVE_ID_LAN><TERRORIST>" say "bot burro" (dead)
L 06/04/2018 - 12:56:00: World triggered "Round_Start"
L 06/04/2018 - 12:56:05: "Calcas Peludas<29><VALVE_ID_LAN><TERRORIST>" killed "Calango<26><VALVE_ID_LAN><CT>" with "deagle"
L 06/04/2018 - 12:56:09: "XXBOT Erik<31><BOT><TERRORIST>" killed "INDIO<27><VALVE_ID_LAN><CT>" with "deagle"
L 06/04/2018 - 12:56:09: "Inspetor Buginganga<30><VALVE_ID_LAN><CT>" killed "Calcas Peludas<29><VALVE_ID_LAN><TERRORIST>" with "deagle"
L 06/04/2018 - 12:56:10: "Calango<26><VALVE_ID_LAN><CT>" say "jacl ta reiniciando" (dead)
L 06/04/2018 - 12:56:13: "Cap. Billy<24><VALVE_ID_LOOPBACK><CT>" killed "XXBOT Gabe<25><BOT><TERRORIST>" with "deagle"
L 06/04/2018 - 12:56:17: "Cap. Billy<24><VALVE_ID_LOOPBACK><CT>" killed "XXBOT Erik<31><BOT><TERRORIST>" with "deagle"
L 06/04/2018 - 12:56:36: "Jack<32><VALVE_ID_LAN><>" connected, address "10.15.2.104:27005"
L 06/04/2018 - 12:56:38: "Calango<26><VALVE_ID_LAN><CT>" say "zzZzZzZz" (dead)
L 06/04/2018 - 12:56:40: "Jack<32><VALVE_ID_LAN><>" entered the game
L 06/04/2018 - 12:56:45: "Jack<32><VALVE_ID_LAN><>" joined team "TERRORIST"
L 06/04/2018 - 12:56:48: "GARGAMEL O ESTRIPADOR<28><VALVE_ID_LAN><TERRORIST>" killed "Cap. Billy<24><VALVE_ID_LOOPBACK><CT>" with "deagle"
L 06/04/2018 - 12:56:52: "INDIO<27><VALVE_ID_LAN><CT>" say_team "no final coloca o co bot so na faca" (dead)
L 06/04/2018 - 12:56:55: "Calcas Peludas<29><VALVE_ID_LAN><TERRORIST>" say "tira os bot e vamos na faca" (dead)
L 06/04/2018 - 12:57:03: "Jack<32><VALVE_ID_LAN><TERRORIST>" say "timeleft" (dead)
L 06/04/2018 - 12:57:06: "GARGAMEL O ESTRIPADOR<28><VALVE_ID_LAN><TERRORIST>" killed "Inspetor Buginganga<30><VALVE_ID_LAN><CT>" with "knife"
L 06/04/2018 - 12:57:06: Team "TERRORIST" triggered "Terrorists_Win" (CT "6") (T "5")
L 06/04/2018 - 12:57:06: World triggered "Round_End"
L 06/04/2018 - 12:57:11: World triggered "Round_Start"
L 06/04/2018 - 12:57:12: Server cvar "bot_quota" = "1"
L 06/04/2018 - 12:57:12: Server cvar "bot_quota" = "0"
L 06/04/2018 - 12:57:12: Kick: "XXBOT Gabe<25><UNKNOWN><>" was kicked by "Cap. Billy"
L 06/04/2018 - 12:57:12: "XXBOT Gabe<25><BOT><TERRORIST>" disconnected
L 06/04/2018 - 12:57:12: Kick: "XXBOT Erik<31><UNKNOWN><>" was kicked by "Cap. Billy"
L 06/04/2018 - 12:57:12: "XXBOT Erik<31><BOT><TERRORIST>" disconnected
L 06/04/2018 - 12:57:14: "Calango<26><VALVE_ID_LAN><CT>" say_team "bot'ao direito inspetor"
L 06/04/2018 - 12:57:16: "XXBOT Zim<33><BOT><>" joined team "TERRORIST"
L 06/04/2018 - 12:57:16: Server cvar "bot_quota" = "1"
L 06/04/2018 - 12:57:16: "XXBOT Zim<33><BOT><>" entered the game
L 06/04/2018 - 12:57:17: "Calcas Peludas<29><VALVE_ID_LAN><TERRORIST>" say "so faca"
L 06/04/2018 - 12:57:18: "Jack<32><VALVE_ID_LAN><TERRORIST>" killed "INDIO<27><VALVE_ID_LAN><CT>" with "deagle"
L 06/04/2018 - 12:57:19: "Calango<26><VALVE_ID_LAN><CT>" killed "GARGAMEL O ESTRIPADOR<28><VALVE_ID_LAN><TERRORIST>" with "deagle"
L 06/04/2018 - 12:57:24: "Jack<32><VALVE_ID_LAN><TERRORIST>" killed "Inspetor Buginganga<30><VALVE_ID_LAN><CT>" with "deagle"
L 06/04/2018 - 12:57:24: "Cap. Billy<24><VALVE_ID_LOOPBACK><CT>" killed "XXBOT Zim<33><BOT><TERRORIST>" with "deagle"
L 06/04/2018 - 12:57:25: "Calango<26><VALVE_ID_LAN><CT>" killed "Jack<32><VALVE_ID_LAN><TERRORIST>" with "deagle"
L 06/04/2018 - 12:57:33: "Jack<32><VALVE_ID_LAN><TERRORIST>" say "ta cedo" (dead)
L 06/04/2018 - 12:57:39: "Calcas Peludas<29><VALVE_ID_LAN><TERRORIST>" killed "Calango<26><VALVE_ID_LAN><CT>" with "knife"
L 06/04/2018 - 12:57:41: "Jack<32><VALVE_ID_LAN><TERRORIST>" say "timelef" (dead)
L 06/04/2018 - 12:57:44: "Calango<26><VALVE_ID_LAN><CT>" say "timeleft" (dead)
L 06/04/2018 - 12:57:45: "INDIO<27><VALVE_ID_LAN><CT>" say "kkkkkkkkkk" (dead)
L 06/04/2018 - 12:57:45: "Jack<32><VALVE_ID_LAN><TERRORIST>" say "timeleft" (dead)
L 06/04/2018 - 12:57:46: "Calcas Peludas<29><VALVE_ID_LAN><TERRORIST>" killed "Cap. Billy<24><VALVE_ID_LOOPBACK><CT>" with "knife"
L 06/04/2018 - 12:57:46: Team "TERRORIST" triggered "Terrorists_Win" (CT "6") (T "6")
L 06/04/2018 - 12:57:46: World triggered "Round_End"
L 06/04/2018 - 12:57:48: "Calango<26><VALVE_ID_LAN><CT>" say "eita" (dead)
L 06/04/2018 - 12:57:50: "GARGAMEL O ESTRIPADOR<28><VALVE_ID_LAN><TERRORIST>" say "boa" (dead)
L 06/04/2018 - 12:57:51: Server cvar "bot_quota" = "0"
L 06/04/2018 - 12:57:51: Kick: "XXBOT Zim<33><UNKNOWN><>" was kicked by "Cap. Billy"
L 06/04/2018 - 12:57:51: "XXBOT Zim<33><BOT><TERRORIST>" disconnected
L 06/04/2018 - 12:57:51: World triggered "Round_Start"
L 06/04/2018 - 12:57:55: Server cvar "bot_allow_pistols" = "0"
L 06/04/2018 - 12:57:55: Server cvar "bot_allow_shotguns" = "0"
L 06/04/2018 - 12:57:55: Server cvar "bot_allow_sub_machine_guns" = "0"
L 06/04/2018 - 12:57:55: Server cvar "bot_allow_rifles" = "0"
L 06/04/2018 - 12:57:55: Server cvar "bot_allow_machine_guns" = "0"
L 06/04/2018 - 12:57:55: Server cvar "bot_allow_grenades" = "0"
L 06/04/2018 - 12:57:55: Server cvar "bot_allow_snipers" = "0"
L 06/04/2018 - 12:57:55: Server cvar "bot_allow_shield" = "0"
L 06/04/2018 - 12:57:57: "XXBOT Vladimir<34><BOT><>" joined team "TERRORIST"
L 06/04/2018 - 12:57:57: Server cvar "bot_quota" = "1"
L 06/04/2018 - 12:57:57: "XXBOT Vladimir<34><BOT><>" entered the game
L 06/04/2018 - 12:58:02: "GARGAMEL O ESTRIPADOR<28><VALVE_ID_LAN><TERRORIST>" killed "Cap. Billy<24><VALVE_ID_LOOPBACK><CT>" with "knife"
L 06/04/2018 - 12:58:02: "Inspetor Buginganga<30><VALVE_ID_LAN><CT>" killed "Jack<32><VALVE_ID_LAN><TERRORIST>" with "deagle"
L 06/04/2018 - 12:58:04: "Calango<26><VALVE_ID_LAN><CT>" killed "GARGAMEL O ESTRIPADOR<28><VALVE_ID_LAN><TERRORIST>" with "knife"
L 06/04/2018 - 12:58:05: "Inspetor Buginganga<30><VALVE_ID_LAN><CT>" killed "XXBOT Vladimir<34><BOT><TERRORIST>" with "deagle"
L 06/04/2018 - 12:58:05: "Calango<26><VALVE_ID_LAN><CT>" killed "Calcas Peludas<29><VALVE_ID_LAN><TERRORIST>" with "knife"
L 06/04/2018 - 12:58:05: Team "CT" triggered "CTs_Win" (CT "7") (T "6")
L 06/04/2018 - 12:58:05: World triggered "Round_End"
L 06/04/2018 - 12:58:06: "Cap. Billy<24><VALVE_ID_LOOPBACK><CT>" say "SOH FACAAAAA" (dead)
L 06/04/2018 - 12:58:09: "Jack<32><VALVE_ID_LAN><TERRORIST>" say "porra..eh faca ou nao" (dead)
L 06/04/2018 - 12:58:10: "Cap. Billy<24><VALVE_ID_LOOPBACK><CT>" say "SOH FACAAA" (dead)
L 06/04/2018 - 12:58:10: World triggered "Round_Start"
L 06/04/2018 - 12:58:11: "Calcas Peludas<29><VALVE_ID_LAN><TERRORIST>" say "so faca pow"
L 06/04/2018 - 12:58:13: "Cap. Billy<24><VALVE_ID_LOOPBACK><CT>" say "SOH FACAAA"
L 06/04/2018 - 12:58:17: "Calcas Peludas<29><VALVE_ID_LAN><TERRORIST>" killed "Calango<26><VALVE_ID_LAN><CT>" with "knife"
L 06/04/2018 - 12:58:22: "Calcas Peludas<29><VALVE_ID_LAN><TERRORIST>" killed "INDIO<27><VALVE_ID_LAN><CT>" with "knife"
L 06/04/2018 - 12:58:26: "Inspetor Buginganga<30><VALVE_ID_LAN><CT>" killed "Calcas Peludas<29><VALVE_ID_LAN><TERRORIST>" with "knife"
L 06/04/2018 - 12:58:30: "GARGAMEL O ESTRIPADOR<28><VALVE_ID_LAN><TERRORIST>" killed "Inspetor Buginganga<30><VALVE_ID_LAN><CT>" with "knife"
L 06/04/2018 - 12:58:31: "Cap. Billy<24><VALVE_ID_LOOPBACK><CT>" killed "Jack<32><VALVE_ID_LAN><TERRORIST>" with "knife"
L 06/04/2018 - 12:58:32: "Cap. Billy<24><VALVE_ID_LOOPBACK><CT>" killed "GARGAMEL O ESTRIPADOR<28><VALVE_ID_LAN><TERRORIST>" with "knife"
L 06/04/2018 - 12:58:37: "XXBOT Vladimir<34><BOT><TERRORIST>" committed suicide with "knife"
L 06/04/2018 - 12:58:37: Team "CT" triggered "CTs_Win" (CT "8") (T "6")
L 06/04/2018 - 12:58:37: World triggered "Round_End"
L 06/04/2018 - 12:58:38: "Jack<32><VALVE_ID_LAN><TERRORIST>" say "tira o  bot" (dead)
L 06/04/2018 - 12:58:42: World triggered "Round_Start"
L 06/04/2018 - 12:58:49: "Calango<26><VALVE_ID_LAN><CT>" killed "Calcas Peludas<29><VALVE_ID_LAN><TERRORIST>" with "knife"
L 06/04/2018 - 12:58:50: "Jack<32><VALVE_ID_LAN><TERRORIST>" killed "Inspetor Buginganga<30><VALVE_ID_LAN><CT>" with "knife"
L 06/04/2018 - 12:58:55: "XXBOT Vladimir<34><BOT><TERRORIST>" killed "INDIO<27><VALVE_ID_LAN><CT>" with "knife"
L 06/04/2018 - 12:58:55: "Cap. Billy<24><VALVE_ID_LOOPBACK><CT>" killed "XXBOT Vladimir<34><BOT><TERRORIST>" with "knife"
L 06/04/2018 - 12:58:57: "Jack<32><VALVE_ID_LAN><TERRORIST>" killed "Calango<26><VALVE_ID_LAN><CT>" with "knife"
L 06/04/2018 - 12:58:58: "Calcas Peludas<29><VALVE_ID_LAN><TERRORIST>" say "facada voadora " (dead)
L 06/04/2018 - 12:59:01: "Cap. Billy<24><VALVE_ID_LOOPBACK><CT>" killed "Jack<32><VALVE_ID_LAN><TERRORIST>" with "knife"
L 06/04/2018 - 12:59:04: "GARGAMEL O ESTRIPADOR<28><VALVE_ID_LAN><TERRORIST>" killed "Cap. Billy<24><VALVE_ID_LOOPBACK><CT>" with "knife"
L 06/04/2018 - 12:59:04: Team "TERRORIST" triggered "Terrorists_Win" (CT "8") (T "7")
L 06/04/2018 - 12:59:04: World triggered "Round_End"
L 06/04/2018 - 12:59:06: "Calcas Peludas<29><VALVE_ID_LAN><TERRORIST>" say "cuidado com o furico kkkkkkk" (dead)
L 06/04/2018 - 12:59:09: World triggered "Round_Start"
L 06/04/2018 - 12:59:17: Server cvar "amx_nextmap" = "pistols2"
L 06/04/2018 - 12:59:19: "Jack<32><VALVE_ID_LAN><TERRORIST>" killed "INDIO<27><VALVE_ID_LAN><CT>" with "knife"
L 06/04/2018 - 12:59:48: "GARGAMEL O ESTRIPADOR<28><VALVE_ID_LAN><TERRORIST>" killed "Calango<26><VALVE_ID_LAN><CT>" with "knife"
L 06/04/2018 - 12:59:49: "Cap. Billy<24><VALVE_ID_LOOPBACK><CT>" killed "GARGAMEL O ESTRIPADOR<28><VALVE_ID_LAN><TERRORIST>" with "knife"
L 06/04/2018 - 12:59:54: "Cap. Billy<24><VALVE_ID_LOOPBACK><CT>" killed "XXBOT Vladimir<34><BOT><TERRORIST>" with "knife"
L 06/04/2018 - 13:00:10: "Jack<32><VALVE_ID_LAN><TERRORIST>" killed "Inspetor Buginganga<30><VALVE_ID_LAN><CT>" with "knife"
L 06/04/2018 - 13:00:17: "Jack<32><VALVE_ID_LAN><TERRORIST>" killed "Cap. Billy<24><VALVE_ID_LOOPBACK><CT>" with "knife"
L 06/04/2018 - 13:00:17: Team "TERRORIST" triggered "Terrorists_Win" (CT "8") (T "8")
L 06/04/2018 - 13:00:17: World triggered "Round_End"
L 06/04/2018 - 13:00:21: "INDIO<27><VALVE_ID_LAN><CT>" say_team "co o obotao direito" (dead)
L 06/04/2018 - 13:00:22: World triggered "Round_Start"
L 06/04/2018 - 13:00:28: "Calango<26><VALVE_ID_LAN><CT>" killed "Calcas Peludas<29><VALVE_ID_LAN><TERRORIST>" with "knife"
L 06/04/2018 - 13:00:31: "INDIO<27><VALVE_ID_LAN><CT>" killed "XXBOT Vladimir<34><BOT><TERRORIST>" with "knife"
L 06/04/2018 - 13:00:32: "Jack<32><VALVE_ID_LAN><TERRORIST>" killed "Inspetor Buginganga<30><VALVE_ID_LAN><CT>" with "knife"
L 06/04/2018 - 13:00:32: "GARGAMEL O ESTRIPADOR<28><VALVE_ID_LAN><TERRORIST>" killed "Calango<26><VALVE_ID_LAN><CT>" with "knife"
L 06/04/2018 - 13:00:43: "INDIO<27><VALVE_ID_LAN><CT>" killed "Jack<32><VALVE_ID_LAN><TERRORIST>" with "knife"
L 06/04/2018 - 13:00:44: "INDIO<27><VALVE_ID_LAN><CT>" killed "GARGAMEL O ESTRIPADOR<28><VALVE_ID_LAN><TERRORIST>" with "knife"
L 06/04/2018 - 13:00:44: Team "CT" triggered "CTs_Win" (CT "9") (T "8")
L 06/04/2018 - 13:00:44: World triggered "Round_End"
L 06/04/2018 - 13:00:49: World triggered "Round_Start"
L 06/04/2018 - 13:00:50: "Jack<32><VALVE_ID_LAN><TERRORIST>" say "tira o bot"
L 06/04/2018 - 13:01:00: "Calango<26><VALVE_ID_LAN><CT>" killed "Jack<32><VALVE_ID_LAN><TERRORIST>" with "knife"
L 06/04/2018 - 13:01:00: "INDIO<27><VALVE_ID_LAN><CT>" killed "XXBOT Vladimir<34><BOT><TERRORIST>" with "knife"
L 06/04/2018 - 13:01:03: "Calango<26><VALVE_ID_LAN><CT>" killed "Calcas Peludas<29><VALVE_ID_LAN><TERRORIST>" with "knife"
L 06/04/2018 - 13:01:04: "Calango<26><VALVE_ID_LAN><CT>" killed "GARGAMEL O ESTRIPADOR<28><VALVE_ID_LAN><TERRORIST>" with "knife"
L 06/04/2018 - 13:01:04: Team "CT" triggered "CTs_Win" (CT "10") (T "8")
L 06/04/2018 - 13:01:04: World triggered "Round_End"
L 06/04/2018 - 13:01:06: Team "CT" scored "10" with "4" players
L 06/04/2018 - 13:01:06: Team "TERRORIST" scored "8" with "4" players
L 06/04/2018 - 13:01:08: "Cap. Billy<24><VALVE_ID_LOOPBACK><CT>" triggered "weaponstats" (weapon "deagle") (shots "74") (hits "42") (kills "12") (headshots "5") (tks "0") (damage "1827") (deaths "3")
L 06/04/2018 - 13:01:08: "Cap. Billy<24><VALVE_ID_LOOPBACK><CT>" triggered "weaponstats2" (weapon "deagle") (head "6") (chest "6") (stomach "0") (leftarm "20") (rightarm "8") (leftleg "1") (rightleg "1")
L 06/04/2018 - 13:01:08: "Cap. Billy<24><VALVE_ID_LOOPBACK><CT>" triggered "weaponstats" (weapon "knife") (shots "31") (hits "18") (kills "11") (headshots "8") (tks "0") (damage "1930") (deaths "6")
L 06/04/2018 - 13:01:08: "Cap. Billy<24><VALVE_ID_LOOPBACK><CT>" triggered "weaponstats2" (weapon "knife") (head "10") (chest "0") (stomach "1") (leftarm "5") (rightarm "2") (leftleg "0") (rightleg "0")
L 06/04/2018 - 13:01:08: "Cap. Billy<24><VALVE_ID_LOOPBACK><CT>" triggered "time" (time "10:05")
L 06/04/2018 - 13:01:08: "Cap. Billy<24><VALVE_ID_LOOPBACK><CT>" triggered "latency" (ping "0")
L 06/04/2018 - 13:01:08: "Calango<26><VALVE_ID_LAN><CT>" triggered "weaponstats" (weapon "deagle") (shots "48") (hits "21") (kills "8") (headshots "4") (tks "0") (damage "1106") (deaths "2")
L 06/04/2018 - 13:01:08: "Calango<26><VALVE_ID_LAN><CT>" triggered "weaponstats2" (weapon "deagle") (head "4") (chest "7") (stomach "2") (leftarm "5") (rightarm "3") (leftleg "0") (rightleg "0")
L 06/04/2018 - 13:01:08: "Calango<26><VALVE_ID_LAN><CT>" triggered "weaponstats" (weapon "knife") (shots "21") (hits "12") (kills "8") (headshots "6") (tks "0") (damage "1324") (deaths "11")
L 06/04/2018 - 13:01:08: "Calango<26><VALVE_ID_LAN><CT>" triggered "weaponstats2" (weapon "knife") (head "7") (chest "2") (stomach "1") (leftarm "0") (rightarm "2") (leftleg "0") (rightleg "0")
L 06/04/2018 - 13:01:08: "Calango<26><VALVE_ID_LAN><CT>" triggered "time" (time "10:00")
L 06/04/2018 - 13:01:08: "Calango<26><VALVE_ID_LAN><CT>" triggered "latency" (ping "5")
L 06/04/2018 - 13:01:08: "INDIO<27><VALVE_ID_LAN><CT>" triggered "weaponstats" (weapon "deagle") (shots "42") (hits "15") (kills "5") (headshots "2") (tks "0") (damage "769") (deaths "5")
L 06/04/2018 - 13:01:08: "INDIO<27><VALVE_ID_LAN><CT>" triggered "weaponstats2" (weapon "deagle") (head "2") (chest "5") (stomach "0") (leftarm "5") (rightarm "3") (leftleg "0") (rightleg "0")
L 06/04/2018 - 13:01:08: "INDIO<27><VALVE_ID_LAN><CT>" triggered "weaponstats" (weapon "knife") (shots "23") (hits "12") (kills "5") (headshots "3") (tks "0") (damage "1014") (deaths "8")
L 06/04/2018 - 13:01:08: "INDIO<27><VALVE_ID_LAN><CT>" triggered "weaponstats2" (weapon "knife") (head "6") (chest "0") (stomach "1") (leftarm "5") (rightarm "0") (leftleg "0") (rightleg "0")
L 06/04/2018 - 13:01:08: "INDIO<27><VALVE_ID_LAN><CT>" triggered "time" (time "10:00")
L 06/04/2018 - 13:01:08: "INDIO<27><VALVE_ID_LAN><CT>" triggered "latency" (ping "12")
L 06/04/2018 - 13:01:08: "GARGAMEL O ESTRIPADOR<28><VALVE_ID_LAN><TERRORIST>" triggered "weaponstats" (weapon "deagle") (shots "83") (hits "13") (kills "3") (headshots "1") (tks "0") (damage "483") (deaths "3")
L 06/04/2018 - 13:01:08: "GARGAMEL O ESTRIPADOR<28><VALVE_ID_LAN><TERRORIST>" triggered "weaponstats2" (weapon "deagle") (head "1") (chest "3") (stomach "0") (leftarm "4") (rightarm "1") (leftleg "2") (rightleg "2")
L 06/04/2018 - 13:01:08: "GARGAMEL O ESTRIPADOR<28><VALVE_ID_LAN><TERRORIST>" triggered "weaponstats" (weapon "knife") (shots "23") (hits "14") (kills "9") (headshots "0") (tks "0") (damage "880") (deaths "11")
L 06/04/2018 - 13:01:08: "GARGAMEL O ESTRIPADOR<28><VALVE_ID_LAN><TERRORIST>" triggered "weaponstats2" (weapon "knife") (head "0") (chest "3") (stomach "2") (leftarm "2") (rightarm "5") (leftleg "1") (rightleg "1")
L 06/04/2018 - 13:01:08: "GARGAMEL O ESTRIPADOR<28><VALVE_ID_LAN><TERRORIST>" triggered "time" (time "10:00")
L 06/04/2018 - 13:01:08: "GARGAMEL O ESTRIPADOR<28><VALVE_ID_LAN><TERRORIST>" triggered "latency" (ping "8")
L 06/04/2018 - 13:01:08: "Calcas Peludas<29><VALVE_ID_LAN><TERRORIST>" triggered "weaponstats" (weapon "deagle") (shots "58") (hits "30") (kills "8") (headshots "2") (tks "0") (damage "1262") (deaths "4")
L 06/04/2018 - 13:01:08: "Calcas Peludas<29><VALVE_ID_LAN><TERRORIST>" triggered "weaponstats2" (weapon "deagle") (head "2") (chest "9") (stomach "3") (leftarm "7") (rightarm "8") (leftleg "0") (rightleg "1")
L 06/04/2018 - 13:01:08: "Calcas Peludas<29><VALVE_ID_LAN><TERRORIST>" triggered "weaponstats" (weapon "knife") (shots "19") (hits "11") (kills "5") (headshots "3") (tks "0") (damage "1011") (deaths "9")
L 06/04/2018 - 13:01:08: "Calcas Peludas<29><VALVE_ID_LAN><TERRORIST>" triggered "weaponstats2" (weapon "knife") (head "5") (chest "3") (stomach "0") (leftarm "1") (rightarm "1") (leftleg "1") (rightleg "0")
L 06/04/2018 - 13:01:08: "Calcas Peludas<29><VALVE_ID_LAN><TERRORIST>" triggered "time" (time "9:53")
L 06/04/2018 - 13:01:08: "Calcas Peludas<29><VALVE_ID_LAN><TERRORIST>" triggered "latency" (ping "9")
L 06/04/2018 - 13:01:08: "Inspetor Buginganga<30><VALVE_ID_LAN><CT>" triggered "weaponstats" (weapon "deagle") (shots "51") (hits "17") (kills "5") (headshots "1") (tks "0") (damage "700") (deaths "6")
L 06/04/2018 - 13:01:08: "Inspetor Buginganga<30><VALVE_ID_LAN><CT>" triggered "weaponstats2" (weapon "deagle") (head "1") (chest "3") (stomach "0") (leftarm "6") (rightarm "7") (leftleg "0") (rightleg "0")
L 06/04/2018 - 13:01:08: "Inspetor Buginganga<30><VALVE_ID_LAN><CT>" triggered "weaponstats" (weapon "knife") (shots "39") (hits "16") (kills "1") (headshots "1") (tks "0") (damage "272") (deaths "5")
L 06/04/2018 - 13:01:08: "Inspetor Buginganga<30><VALVE_ID_LAN><CT>" triggered "weaponstats2" (weapon "knife") (head "11") (chest "0") (stomach "1") (leftarm "2") (rightarm "2") (leftleg "0") (rightleg "0")
L 06/04/2018 - 13:01:08: "Inspetor Buginganga<30><VALVE_ID_LAN><CT>" triggered "time" (time "9:50")
L 06/04/2018 - 13:01:08: "Inspetor Buginganga<30><VALVE_ID_LAN><CT>" triggered "latency" (ping "7")
L 06/04/2018 - 13:01:08: "Jack<32><VALVE_ID_LAN><TERRORIST>" triggered "weaponstats" (weapon "deagle") (shots "4") (hits "2") (kills "2") (headshots "2") (tks "0") (damage "336") (deaths "1")
L 06/04/2018 - 13:01:08: "Jack<32><VALVE_ID_LAN><TERRORIST>" triggered "weaponstats2" (weapon "deagle") (head "2") (chest "0") (stomach "0") (leftarm "0") (rightarm "0") (leftleg "0") (rightleg "0")
L 06/04/2018 - 13:01:08: "Jack<32><VALVE_ID_LAN><TERRORIST>" triggered "weaponstats" (weapon "knife") (shots "41") (hits "13") (kills "6") (headshots "4") (tks "0") (damage "1047") (deaths "5")
L 06/04/2018 - 13:01:08: "Jack<32><VALVE_ID_LAN><TERRORIST>" triggered "weaponstats2" (weapon "knife") (head "6") (chest "5") (stomach "0") (leftarm "1") (rightarm "1") (leftleg "0") (rightleg "0")
L 06/04/2018 - 13:01:08: "Jack<32><VALVE_ID_LAN><TERRORIST>" triggered "time" (time "4:27")
L 06/04/2018 - 13:01:08: "Jack<32><VALVE_ID_LAN><TERRORIST>" triggered "latency" (ping "8")
L 06/04/2018 - 13:01:08: [META] ini: Begin re-reading plugins list: c:/valve/cstrike/addons/metamod/plugins.ini
L 06/04/2018 - 13:01:08: [META] ini: Read plugin config for: AMX
L 06/04/2018 - 13:01:08: [META] ini: Read plugin config for: WinHL-Booster
L 06/04/2018 - 13:01:08: [META] ERROR: ini: Skipping plugin, couldn't stat file 'addons/hlguard/dlls/hlguard_mm_nightly.dll': No such file or directory
L 06/04/2018 - 13:01:08: [META] ini: Read plugin config for: WebMod
L 06/04/2018 - 13:01:08: [META] ini: Finished reading plugins list: c:/valve/cstrike/addons/metamod/plugins.ini; Found 3 plugins
L 06/04/2018 - 13:01:08: [META] dll: Updating plugins...
L 06/04/2018 - 13:01:08: [META] ERROR: dll: Failed query plugin '<hlguard_mm_nightly.dll>'; Couldn't open file 'addons/hlguard/dlls/hlguard_mm_nightly.dll': Não foi possível encontrar o módulo especificado.

L 06/04/2018 - 13:01:08: [META] ERROR: dll: Skipping plugin '<hlguard_mm_nightly.dll>'; couldn't query
L 06/04/2018 - 13:01:08: [META] dll: Finished updating 6 plugins; kept 3, loaded 0, unloaded 0, reloaded 0, delayed 0
L 06/04/2018 - 13:01:08: Server shutdown
L 06/04/2018 - 13:01:08: Log file closed
