L 06/19/2018 - 12:46:11: Log file started (file "logs\L0619002.log") (game "cstrike") (version "47/1.1.2.2/2603")
L 06/19/2018 - 12:46:11: Loading map "aim_glockbust2"
L 06/19/2018 - 12:46:11: Server cvars start
L 06/19/2018 - 12:46:11: Server cvar "_tutor_bomb_viewable_check_interval" = "0.5"
L 06/19/2018 - 12:46:11: Server cvar "_tutor_debug_level" = "0"
L 06/19/2018 - 12:46:11: Server cvar "_tutor_examine_time" = "0.5"
L 06/19/2018 - 12:46:11: Server cvar "_tutor_hint_interval_time" = "10.0"
L 06/19/2018 - 12:46:11: Server cvar "_tutor_look_angle" = "10"
L 06/19/2018 - 12:46:11: Server cvar "_tutor_look_distance" = "200"
L 06/19/2018 - 12:46:11: Server cvar "_tutor_message_character_display_time_coefficient" = "0.07"
L 06/19/2018 - 12:46:11: Server cvar "_tutor_message_minimum_display_time" = "1"
L 06/19/2018 - 12:46:11: Server cvar "_tutor_message_repeats" = "5"
L 06/19/2018 - 12:46:11: Server cvar "_tutor_view_distance" = "1000"
L 06/19/2018 - 12:46:11: Server cvar "allow_spectators" = "1.0"
L 06/19/2018 - 12:46:11: Server cvar "amx_modules" = "2"
L 06/19/2018 - 12:46:11: Server cvar "amx_nextmap" = "aim_pistol"
L 06/19/2018 - 12:46:11: Server cvar "amx_timeleft" = "09:51"
L 06/19/2018 - 12:46:11: Server cvar "amx_version" = "2006.3"
L 06/19/2018 - 12:46:11: Server cvar "booster_version" = "1.60"
L 06/19/2018 - 12:46:11: Server cvar "bot_allow_grenades" = "1"
L 06/19/2018 - 12:46:11: Server cvar "bot_allow_machine_guns" = "1"
L 06/19/2018 - 12:46:11: Server cvar "bot_allow_pistols" = "1"
L 06/19/2018 - 12:46:11: Server cvar "bot_allow_rifles" = "1"
L 06/19/2018 - 12:46:11: Server cvar "bot_allow_rogues" = "1"
L 06/19/2018 - 12:46:11: Server cvar "bot_allow_shield" = "1"
L 06/19/2018 - 12:46:11: Server cvar "bot_allow_shotguns" = "1"
L 06/19/2018 - 12:46:11: Server cvar "bot_allow_snipers" = "1"
L 06/19/2018 - 12:46:11: Server cvar "bot_allow_sub_machine_guns" = "1"
L 06/19/2018 - 12:46:11: Server cvar "bot_auto_vacate" = "1"
L 06/19/2018 - 12:46:11: Server cvar "bot_chatter" = "normal"
L 06/19/2018 - 12:46:11: Server cvar "bot_debug" = "0"
L 06/19/2018 - 12:46:11: Server cvar "bot_defer_to_human" = "0"
L 06/19/2018 - 12:46:11: Server cvar "bot_difficulty" = "2"
L 06/19/2018 - 12:46:11: Server cvar "bot_join_after_player" = "1"
L 06/19/2018 - 12:46:11: Server cvar "bot_join_team" = "t"
L 06/19/2018 - 12:46:11: Server cvar "bot_nav_edit" = "0"
L 06/19/2018 - 12:46:11: Server cvar "bot_nav_zdraw" = "4"
L 06/19/2018 - 12:46:11: Server cvar "bot_prefix" = "XXBOT"
L 06/19/2018 - 12:46:11: Server cvar "bot_quicksave" = "0"
L 06/19/2018 - 12:46:11: Server cvar "bot_quota" = "0"
L 06/19/2018 - 12:46:11: Server cvar "bot_quota_match" = "0"
L 06/19/2018 - 12:46:11: Server cvar "bot_show_danger" = "0"
L 06/19/2018 - 12:46:11: Server cvar "bot_show_nav" = "0"
L 06/19/2018 - 12:46:11: Server cvar "bot_stop" = "0"
L 06/19/2018 - 12:46:11: Server cvar "bot_traceview" = "0"
L 06/19/2018 - 12:46:11: Server cvar "bot_walk" = "0"
L 06/19/2018 - 12:46:11: Server cvar "bot_zombie" = "0"
L 06/19/2018 - 12:46:11: Server cvar "coop" = "0"
L 06/19/2018 - 12:46:11: Server cvar "deathmatch" = "1"
L 06/19/2018 - 12:46:11: Server cvar "decalfrequency" = "30"
L 06/19/2018 - 12:46:11: Server cvar "edgefriction" = "2"
L 06/19/2018 - 12:46:11: Server cvar "fun_version" = "2006.3"
L 06/19/2018 - 12:46:11: Server cvar "humans_join_team" = "any"
L 06/19/2018 - 12:46:11: Server cvar "max_queries_sec" = "3.0"
L 06/19/2018 - 12:46:11: Server cvar "max_queries_sec_global" = "30"
L 06/19/2018 - 12:46:11: Server cvar "max_queries_window" = "60"
L 06/19/2018 - 12:46:11: Server cvar "metamod_version" = "1.19"
L 06/19/2018 - 12:46:11: Server cvar "mp_allowmonsters" = "0"
L 06/19/2018 - 12:46:11: Server cvar "mp_autokick" = "0"
L 06/19/2018 - 12:46:11: Server cvar "mp_autoteambalance" = "0"
L 06/19/2018 - 12:46:11: Server cvar "mp_buytime" = "1.500000"
L 06/19/2018 - 12:46:11: Server cvar "mp_c4timer" = "45"
L 06/19/2018 - 12:46:11: Server cvar "mp_chattime" = "10"
L 06/19/2018 - 12:46:11: Server cvar "mp_consistency" = "1"
L 06/19/2018 - 12:46:11: Server cvar "mp_fadetoblack" = "0"
L 06/19/2018 - 12:46:11: Server cvar "mp_flashlight" = "0"
L 06/19/2018 - 12:46:11: Server cvar "mp_footsteps" = "1"
L 06/19/2018 - 12:46:11: Server cvar "mp_forcecamera" = "2"
L 06/19/2018 - 12:46:11: Server cvar "mp_forcechasecam" = "0"
L 06/19/2018 - 12:46:11: Server cvar "mp_fragsleft" = "0"
L 06/19/2018 - 12:46:11: Server cvar "mp_freezetime" = "0.000000"
L 06/19/2018 - 12:46:11: Server cvar "mp_friendlyfire" = "1"
L 06/19/2018 - 12:46:11: Server cvar "mp_ghostfrequency" = "0.1"
L 06/19/2018 - 12:46:11: Server cvar "mp_hostagepenalty" = "5.000000"
L 06/19/2018 - 12:46:11: Server cvar "mp_kickpercent" = "0.66"
L 06/19/2018 - 12:46:11: Server cvar "mp_limitteams" = "0"
L 06/19/2018 - 12:46:11: Server cvar "mp_logdetail" = "0"
L 06/19/2018 - 12:46:11: Server cvar "mp_logfile" = "1"
L 06/19/2018 - 12:46:11: Server cvar "mp_logmessages" = "1"
L 06/19/2018 - 12:46:11: Server cvar "mp_mapvoteratio" = "0.66"
L 06/19/2018 - 12:46:11: Server cvar "mp_maxrounds" = "0.000000"
L 06/19/2018 - 12:46:11: Server cvar "mp_mirrordamage" = "0"
L 06/19/2018 - 12:46:11: Server cvar "mp_playerid" = "0"
L 06/19/2018 - 12:46:11: Server cvar "mp_roundtime" = "2.000000"
L 06/19/2018 - 12:46:11: Server cvar "mp_startmoney" = "1500.000000"
L 06/19/2018 - 12:46:11: Server cvar "mp_timeleft" = "0"
L 06/19/2018 - 12:46:11: Server cvar "mp_timelimit" = "10.000000"
L 06/19/2018 - 12:46:11: Server cvar "mp_tkpunish" = "1"
L 06/19/2018 - 12:46:11: Server cvar "mp_windifference" = "1"
L 06/19/2018 - 12:46:11: Server cvar "mp_winlimit" = "0.000000"
L 06/19/2018 - 12:46:11: Server cvar "pausable" = "0"
L 06/19/2018 - 12:46:11: Server cvar "server_fps" = "93"
L 06/19/2018 - 12:46:11: Server cvar "sv_accelerate" = "5"
L 06/19/2018 - 12:46:11: Server cvar "sv_aim" = "0"
L 06/19/2018 - 12:46:11: Server cvar "sv_airaccelerate" = "10"
L 06/19/2018 - 12:46:11: Server cvar "sv_airmove" = "1"
L 06/19/2018 - 12:46:11: Server cvar "sv_allowupload" = "1"
L 06/19/2018 - 12:46:11: Server cvar "sv_alltalk" = "0"
L 06/19/2018 - 12:46:11: Server cvar "sv_bounce" = "1"
L 06/19/2018 - 12:46:11: Server cvar "sv_cheats" = "0"
L 06/19/2018 - 12:46:11: Server cvar "sv_clienttrace" = "1"
L 06/19/2018 - 12:46:11: Server cvar "sv_clipmode" = "0"
L 06/19/2018 - 12:46:11: Server cvar "sv_contact" = ""
L 06/19/2018 - 12:46:11: Server cvar "sv_friction" = "4"
L 06/19/2018 - 12:46:11: Server cvar "sv_gravity" = "800"
L 06/19/2018 - 12:46:11: Server cvar "sv_logblocks" = "0"
L 06/19/2018 - 12:46:11: Server cvar "sv_maxrate" = "0"
L 06/19/2018 - 12:46:11: Server cvar "sv_maxspeed" = "320"
L 06/19/2018 - 12:46:11: Server cvar "sv_minrate" = "0"
L 06/19/2018 - 12:46:11: Server cvar "sv_password" = ""
L 06/19/2018 - 12:46:11: Server cvar "sv_proxies" = "1"
L 06/19/2018 - 12:46:11: Server cvar "sv_region" = "-1"
L 06/19/2018 - 12:46:11: Server cvar "sv_restart" = "0"
L 06/19/2018 - 12:46:11: Server cvar "sv_restartround" = "0"
L 06/19/2018 - 12:46:11: Server cvar "sv_stepsize" = "18"
L 06/19/2018 - 12:46:11: Server cvar "sv_stopspeed" = "75"
L 06/19/2018 - 12:46:11: Server cvar "sv_voiceenable" = "1"
L 06/19/2018 - 12:46:11: Server cvar "sv_wateraccelerate" = "10"
L 06/19/2018 - 12:46:11: Server cvar "sv_waterfriction" = "1"
L 06/19/2018 - 12:46:11: Server cvar "sys_ticrate" = "10000"
L 06/19/2018 - 12:46:11: Server cvar "w_version" = "0.48"
L 06/19/2018 - 12:46:11: Server cvars end
L 06/19/2018 - 12:46:11: Server cvar "sv_maxspeed" = "900"
L 06/19/2018 - 12:46:11: Server cvar "bot_difficulty" = "3"
L 06/19/2018 - 12:46:11: Server cvar "sv_maxspeed" = "320"
L 06/19/2018 - 12:46:11: Server cvar "amx_nextmap" = "fy_pool2k"
L 06/19/2018 - 12:46:12: Started map "aim_glockbust2" (CRC "-1694105036")
L 06/19/2018 - 12:46:21: "INDIO<7><VALVE_ID_LOOPBACK><>" connected, address "loopback"
L 06/19/2018 - 12:46:21: "INDIO<7><VALVE_ID_LOOPBACK><>" entered the game
L 06/19/2018 - 12:46:22: World triggered "Round_Start"
L 06/19/2018 - 12:46:22: "Cable<8><VALVE_ID_LAN><>" connected, address "10.15.2.104:27005"
L 06/19/2018 - 12:46:22: "GARGAMEL O ESTRIPADOR<9><VALVE_ID_LAN><>" connected, address "10.15.2.108:27005"
L 06/19/2018 - 12:46:24: "INDIO<7><VALVE_ID_LOOPBACK><>" joined team "CT"
L 06/19/2018 - 12:46:25: "Calango<10><VALVE_ID_LAN><>" connected, address "10.15.2.102:27005"
L 06/19/2018 - 12:46:25: "Calcas Peludas<11><VALVE_ID_LAN><>" connected, address "10.15.2.192:27005"
L 06/19/2018 - 12:46:25: "GARGAMEL O ESTRIPADOR<9><VALVE_ID_LAN><>" entered the game
L 06/19/2018 - 12:46:26: "GARGAMEL O ESTRIPADOR<9><VALVE_ID_LAN><>" joined team "TERRORIST"
L 06/19/2018 - 12:46:26: World triggered "Game_Commencing"
L 06/19/2018 - 12:46:26: World triggered "Game_Commencing" (CT "0") (T "0")
L 06/19/2018 - 12:46:26: World triggered "Round_End"
L 06/19/2018 - 12:46:26: "Cable<8><VALVE_ID_LAN><>" entered the game
L 06/19/2018 - 12:46:27: "Calango<10><VALVE_ID_LAN><>" entered the game
L 06/19/2018 - 12:46:27: "Calcas Peludas<11><VALVE_ID_LAN><>" entered the game
L 06/19/2018 - 12:46:29: "Cable<8><VALVE_ID_LAN><>" joined team "CT"
L 06/19/2018 - 12:46:29: "Calcas Peludas<11><VALVE_ID_LAN><>" joined team "TERRORIST"
L 06/19/2018 - 12:46:29: World triggered "Round_Start"
L 06/19/2018 - 12:46:30: "Calango<10><VALVE_ID_LAN><>" joined team "TERRORIST"
L 06/19/2018 - 12:46:33: "Calcas Peludas<11><VALVE_ID_LAN><TERRORIST>" killed "INDIO<7><VALVE_ID_LOOPBACK><CT>" with "glock18"
L 06/19/2018 - 12:46:36: "@te<12><VALVE_ID_LAN><>" connected, address "10.15.2.23:27005"
L 06/19/2018 - 12:46:38: "Calcas Peludas<11><VALVE_ID_LAN><TERRORIST>" killed "Cable<8><VALVE_ID_LAN><CT>" with "glock18"
L 06/19/2018 - 12:46:38: Team "TERRORIST" triggered "Terrorists_Win" (CT "0") (T "1")
L 06/19/2018 - 12:46:38: World triggered "Round_End"
L 06/19/2018 - 12:46:39: "@te<12><VALVE_ID_LAN><>" entered the game
L 06/19/2018 - 12:46:43: World triggered "Round_Start"
L 06/19/2018 - 12:46:52: "@te<12><VALVE_ID_LAN><>" joined team "CT"
L 06/19/2018 - 12:46:53: "INDIO<7><VALVE_ID_LOOPBACK><CT>" killed "GARGAMEL O ESTRIPADOR<9><VALVE_ID_LAN><TERRORIST>" with "glock18"
L 06/19/2018 - 12:46:55: "Calcas Peludas<11><VALVE_ID_LAN><TERRORIST>" killed "Cable<8><VALVE_ID_LAN><CT>" with "glock18"
L 06/19/2018 - 12:46:59: "Calango<10><VALVE_ID_LAN><TERRORIST>" killed "@te<12><VALVE_ID_LAN><CT>" with "glock18"
L 06/19/2018 - 12:47:06: "INDIO<7><VALVE_ID_LOOPBACK><CT>" killed "Calango<10><VALVE_ID_LAN><TERRORIST>" with "glock18"
L 06/19/2018 - 12:47:09: "Calcas Peludas<11><VALVE_ID_LAN><TERRORIST>" killed "INDIO<7><VALVE_ID_LOOPBACK><CT>" with "knife"
L 06/19/2018 - 12:47:09: Team "TERRORIST" triggered "Terrorists_Win" (CT "0") (T "2")
L 06/19/2018 - 12:47:09: World triggered "Round_End"
L 06/19/2018 - 12:47:12: "Calango<10><VALVE_ID_LAN><TERRORIST>" say "ui" (dead)
L 06/19/2018 - 12:47:14: World triggered "Round_Start"
L 06/19/2018 - 12:47:15: "Calango<10><VALVE_ID_LAN><TERRORIST>" say "boa tarde"
L 06/19/2018 - 12:47:15: "Cable<8><VALVE_ID_LAN><CT>" say "xococeswaa"
L 06/19/2018 - 12:47:26: "Calcas Peludas<11><VALVE_ID_LAN><TERRORIST>" killed "Cable<8><VALVE_ID_LAN><CT>" with "glock18"
L 06/19/2018 - 12:47:37: "@te<12><VALVE_ID_LAN><CT>" killed "Calango<10><VALVE_ID_LAN><TERRORIST>" with "knife"
L 06/19/2018 - 12:47:37: "INDIO<7><VALVE_ID_LOOPBACK><CT>" killed "GARGAMEL O ESTRIPADOR<9><VALVE_ID_LAN><TERRORIST>" with "knife"
L 06/19/2018 - 12:47:37: "Calcas Peludas<11><VALVE_ID_LAN><TERRORIST>" killed "@te<12><VALVE_ID_LAN><CT>" with "knife"
L 06/19/2018 - 12:47:42: "INDIO<7><VALVE_ID_LOOPBACK><CT>" killed "Calcas Peludas<11><VALVE_ID_LAN><TERRORIST>" with "glock18"
L 06/19/2018 - 12:47:42: Team "CT" triggered "CTs_Win" (CT "1") (T "2")
L 06/19/2018 - 12:47:42: World triggered "Round_End"
L 06/19/2018 - 12:47:47: World triggered "Round_Start"
L 06/19/2018 - 12:47:54: "Calcas Peludas<11><VALVE_ID_LAN><TERRORIST>" killed "@te<12><VALVE_ID_LAN><CT>" with "glock18"
L 06/19/2018 - 12:47:55: "INDIO<7><VALVE_ID_LOOPBACK><CT>" killed "GARGAMEL O ESTRIPADOR<9><VALVE_ID_LAN><TERRORIST>" with "knife"
L 06/19/2018 - 12:47:57: "Calango<10><VALVE_ID_LAN><TERRORIST>" killed "INDIO<7><VALVE_ID_LOOPBACK><CT>" with "knife"
L 06/19/2018 - 12:47:58: "Cable<8><VALVE_ID_LAN><CT>" killed "Calcas Peludas<11><VALVE_ID_LAN><TERRORIST>" with "glock18"
L 06/19/2018 - 12:48:01: "Cable<8><VALVE_ID_LAN><CT>" killed "Calango<10><VALVE_ID_LAN><TERRORIST>" with "glock18"
L 06/19/2018 - 12:48:01: Team "CT" triggered "CTs_Win" (CT "2") (T "2")
L 06/19/2018 - 12:48:01: World triggered "Round_End"
L 06/19/2018 - 12:48:06: World triggered "Round_Start"
L 06/19/2018 - 12:48:14: "Calango<10><VALVE_ID_LAN><TERRORIST>" killed "INDIO<7><VALVE_ID_LOOPBACK><CT>" with "glock18"
L 06/19/2018 - 12:48:15: "Cable<8><VALVE_ID_LAN><CT>" killed "Calango<10><VALVE_ID_LAN><TERRORIST>" with "glock18"
L 06/19/2018 - 12:48:19: "@te<12><VALVE_ID_LAN><CT>" killed "Calcas Peludas<11><VALVE_ID_LAN><TERRORIST>" with "knife"
L 06/19/2018 - 12:48:22: "GARGAMEL O ESTRIPADOR<9><VALVE_ID_LAN><TERRORIST>" killed "Cable<8><VALVE_ID_LAN><CT>" with "knife"
L 06/19/2018 - 12:48:22: "@te<12><VALVE_ID_LAN><CT>" killed "GARGAMEL O ESTRIPADOR<9><VALVE_ID_LAN><TERRORIST>" with "knife"
L 06/19/2018 - 12:48:22: Team "CT" triggered "CTs_Win" (CT "3") (T "2")
L 06/19/2018 - 12:48:22: World triggered "Round_End"
L 06/19/2018 - 12:48:25: "Calango<10><VALVE_ID_LAN><TERRORIST>" say_team "u" (dead)
L 06/19/2018 - 12:48:27: World triggered "Round_Start"
L 06/19/2018 - 12:48:35: "Calcas Peludas<11><VALVE_ID_LAN><TERRORIST>" killed "INDIO<7><VALVE_ID_LOOPBACK><CT>" with "glock18"
L 06/19/2018 - 12:48:40: "GARGAMEL O ESTRIPADOR<9><VALVE_ID_LAN><TERRORIST>" killed "@te<12><VALVE_ID_LAN><CT>" with "knife"
L 06/19/2018 - 12:48:42: "Calango<10><VALVE_ID_LAN><TERRORIST>" killed "Cable<8><VALVE_ID_LAN><CT>" with "glock18"
L 06/19/2018 - 12:48:42: Team "TERRORIST" triggered "Terrorists_Win" (CT "3") (T "3")
L 06/19/2018 - 12:48:42: World triggered "Round_End"
L 06/19/2018 - 12:48:46: "INDIO<7><VALVE_ID_LOOPBACK><CT>" say_team " juntos" (dead)
L 06/19/2018 - 12:48:47: World triggered "Round_Start"
L 06/19/2018 - 12:48:53: "Calcas Peludas<11><VALVE_ID_LAN><TERRORIST>" killed "Cable<8><VALVE_ID_LAN><CT>" with "glock18"
L 06/19/2018 - 12:48:57: "@te<12><VALVE_ID_LAN><CT>" killed "Calango<10><VALVE_ID_LAN><TERRORIST>" with "glock18"
L 06/19/2018 - 12:48:57: "INDIO<7><VALVE_ID_LOOPBACK><CT>" killed "GARGAMEL O ESTRIPADOR<9><VALVE_ID_LAN><TERRORIST>" with "glock18"
L 06/19/2018 - 12:49:02: "INDIO<7><VALVE_ID_LOOPBACK><CT>" killed "Calcas Peludas<11><VALVE_ID_LAN><TERRORIST>" with "knife"
L 06/19/2018 - 12:49:02: Team "CT" triggered "CTs_Win" (CT "4") (T "3")
L 06/19/2018 - 12:49:02: World triggered "Round_End"
L 06/19/2018 - 12:49:07: World triggered "Round_Start"
L 06/19/2018 - 12:49:19: "GARGAMEL O ESTRIPADOR<9><VALVE_ID_LAN><TERRORIST>" killed "INDIO<7><VALVE_ID_LOOPBACK><CT>" with "glock18"
L 06/19/2018 - 12:49:26: "Inspetor Buginganga<13><VALVE_ID_LAN><>" connected, address "10.15.2.117:27005"
L 06/19/2018 - 12:49:29: "GARGAMEL O ESTRIPADOR<9><VALVE_ID_LAN><TERRORIST>" killed "@te<12><VALVE_ID_LAN><CT>" with "knife"
L 06/19/2018 - 12:49:32: "Cable<8><VALVE_ID_LAN><CT>" killed "GARGAMEL O ESTRIPADOR<9><VALVE_ID_LAN><TERRORIST>" with "glock18"
L 06/19/2018 - 12:49:33: "Inspetor Buginganga<13><VALVE_ID_LAN><>" entered the game
L 06/19/2018 - 12:49:36: "Inspetor Buginganga<13><VALVE_ID_LAN><>" joined team "CT"
L 06/19/2018 - 12:49:41: "Cable<8><VALVE_ID_LAN><CT>" killed "Calango<10><VALVE_ID_LAN><TERRORIST>" with "glock18"
L 06/19/2018 - 12:49:44: "Calcas Peludas<11><VALVE_ID_LAN><TERRORIST>" killed "Cable<8><VALVE_ID_LAN><CT>" with "glock18"
L 06/19/2018 - 12:49:44: Team "TERRORIST" triggered "Terrorists_Win" (CT "4") (T "4")
L 06/19/2018 - 12:49:44: World triggered "Round_End"
L 06/19/2018 - 12:49:49: World triggered "Round_Start"
L 06/19/2018 - 12:49:49: "XXBOT Zach<14><BOT><>" joined team "TERRORIST"
L 06/19/2018 - 12:49:49: Server cvar "bot_quota" = "1"
L 06/19/2018 - 12:49:49: "XXBOT Zach<14><BOT><>" entered the game
L 06/19/2018 - 12:49:57: "INDIO<7><VALVE_ID_LOOPBACK><CT>" killed "Calcas Peludas<11><VALVE_ID_LAN><TERRORIST>" with "glock18"
L 06/19/2018 - 12:50:00: "GARGAMEL O ESTRIPADOR<9><VALVE_ID_LAN><TERRORIST>" killed "Inspetor Buginganga<13><VALVE_ID_LAN><CT>" with "glock18"
L 06/19/2018 - 12:50:01: "@te<12><VALVE_ID_LAN><CT>" killed "XXBOT Zach<14><BOT><TERRORIST>" with "glock18"
L 06/19/2018 - 12:50:01: "Cable<8><VALVE_ID_LAN><CT>" killed "Calango<10><VALVE_ID_LAN><TERRORIST>" with "glock18"
L 06/19/2018 - 12:50:03: "GARGAMEL O ESTRIPADOR<9><VALVE_ID_LAN><TERRORIST>" killed "Cable<8><VALVE_ID_LAN><CT>" with "knife"
L 06/19/2018 - 12:50:09: "GARGAMEL O ESTRIPADOR<9><VALVE_ID_LAN><TERRORIST>" killed "INDIO<7><VALVE_ID_LOOPBACK><CT>" with "knife"
L 06/19/2018 - 12:50:13: "@te<12><VALVE_ID_LAN><CT>" killed "GARGAMEL O ESTRIPADOR<9><VALVE_ID_LAN><TERRORIST>" with "glock18"
L 06/19/2018 - 12:50:13: Team "CT" triggered "CTs_Win" (CT "5") (T "4")
L 06/19/2018 - 12:50:13: World triggered "Round_End"
L 06/19/2018 - 12:50:15: "Calcas Peludas<11><VALVE_ID_LAN><TERRORIST>" say "quase" (dead)
L 06/19/2018 - 12:50:16: "Calango<10><VALVE_ID_LAN><TERRORIST>" say_team "eta" (dead)
L 06/19/2018 - 12:50:18: World triggered "Round_Start"
L 06/19/2018 - 12:50:24: "Cable<8><VALVE_ID_LAN><CT>" killed "Calcas Peludas<11><VALVE_ID_LAN><TERRORIST>" with "glock18"
L 06/19/2018 - 12:50:25: "Calango<10><VALVE_ID_LAN><TERRORIST>" killed "Inspetor Buginganga<13><VALVE_ID_LAN><CT>" with "glock18"
L 06/19/2018 - 12:50:26: "INDIO<7><VALVE_ID_LOOPBACK><CT>" killed "GARGAMEL O ESTRIPADOR<9><VALVE_ID_LAN><TERRORIST>" with "glock18"
L 06/19/2018 - 12:50:35: "Cable<8><VALVE_ID_LAN><CT>" killed "XXBOT Zach<14><BOT><TERRORIST>" with "glock18"
L 06/19/2018 - 12:50:36: "Calango<10><VALVE_ID_LAN><TERRORIST>" killed "Cable<8><VALVE_ID_LAN><CT>" with "knife"
L 06/19/2018 - 12:50:43: "@te<12><VALVE_ID_LAN><CT>" killed "Calango<10><VALVE_ID_LAN><TERRORIST>" with "knife"
L 06/19/2018 - 12:50:43: Team "CT" triggered "CTs_Win" (CT "6") (T "4")
L 06/19/2018 - 12:50:43: World triggered "Round_End"
L 06/19/2018 - 12:50:44: "Cable<8><VALVE_ID_LAN><CT>" say "covardeeee" (dead)
L 06/19/2018 - 12:50:46: "Cable<8><VALVE_ID_LAN><CT>" say "pegi" (dead)
L 06/19/2018 - 12:50:48: "Calcas Peludas<11><VALVE_ID_LAN><TERRORIST>" say "covardia pura" (dead)
L 06/19/2018 - 12:50:48: World triggered "Round_Start"
L 06/19/2018 - 12:50:55: "Calango<10><VALVE_ID_LAN><TERRORIST>" killed "Cable<8><VALVE_ID_LAN><CT>" with "glock18"
L 06/19/2018 - 12:50:55: "Calcas Peludas<11><VALVE_ID_LAN><TERRORIST>" killed "INDIO<7><VALVE_ID_LOOPBACK><CT>" with "glock18"
L 06/19/2018 - 12:50:57: "Calango<10><VALVE_ID_LAN><TERRORIST>" killed "@te<12><VALVE_ID_LAN><CT>" with "glock18"
L 06/19/2018 - 12:51:05: "Calango<10><VALVE_ID_LAN><TERRORIST>" killed "Inspetor Buginganga<13><VALVE_ID_LAN><CT>" with "knife"
L 06/19/2018 - 12:51:05: Team "TERRORIST" triggered "Terrorists_Win" (CT "6") (T "5")
L 06/19/2018 - 12:51:05: World triggered "Round_End"
L 06/19/2018 - 12:51:10: World triggered "Round_Start"
L 06/19/2018 - 12:51:19: "Calango<10><VALVE_ID_LAN><TERRORIST>" killed "Cable<8><VALVE_ID_LAN><CT>" with "glock18"
L 06/19/2018 - 12:51:21: "GARGAMEL O ESTRIPADOR<9><VALVE_ID_LAN><TERRORIST>" killed "Inspetor Buginganga<13><VALVE_ID_LAN><CT>" with "glock18"
L 06/19/2018 - 12:51:22: "@te<12><VALVE_ID_LAN><CT>" killed "Calango<10><VALVE_ID_LAN><TERRORIST>" with "knife"
L 06/19/2018 - 12:51:35: "INDIO<7><VALVE_ID_LOOPBACK><CT>" killed "Calcas Peludas<11><VALVE_ID_LAN><TERRORIST>" with "glock18"
L 06/19/2018 - 12:51:37: "XXBOT Zach<14><BOT><TERRORIST>" killed "@te<12><VALVE_ID_LAN><CT>" with "glock18"
L 06/19/2018 - 12:51:43: "XXBOT Zach<14><BOT><TERRORIST>" killed "INDIO<7><VALVE_ID_LOOPBACK><CT>" with "glock18"
L 06/19/2018 - 12:51:43: Team "TERRORIST" triggered "Terrorists_Win" (CT "6") (T "6")
L 06/19/2018 - 12:51:43: World triggered "Round_End"
L 06/19/2018 - 12:51:45: "Cable<8><VALVE_ID_LAN><CT>" say "bot duro" (dead)
L 06/19/2018 - 12:51:45: "Calcas Peludas<11><VALVE_ID_LAN><TERRORIST>" say "tome" (dead)
L 06/19/2018 - 12:51:48: World triggered "Round_Start"
L 06/19/2018 - 12:51:57: "INDIO<7><VALVE_ID_LOOPBACK><CT>" killed "Calango<10><VALVE_ID_LAN><TERRORIST>" with "glock18"
L 06/19/2018 - 12:51:58: "Calcas Peludas<11><VALVE_ID_LAN><TERRORIST>" killed "Cable<8><VALVE_ID_LAN><CT>" with "glock18"
L 06/19/2018 - 12:51:59: "XXBOT Zach<14><BOT><TERRORIST>" killed "@te<12><VALVE_ID_LAN><CT>" with "glock18"
L 06/19/2018 - 12:52:01: "XXBOT Zach<14><BOT><TERRORIST>" killed "INDIO<7><VALVE_ID_LOOPBACK><CT>" with "glock18"
L 06/19/2018 - 12:52:02: "Inspetor Buginganga<13><VALVE_ID_LAN><CT>" killed "GARGAMEL O ESTRIPADOR<9><VALVE_ID_LAN><TERRORIST>" with "glock18"
L 06/19/2018 - 12:52:05: "Calcas Peludas<11><VALVE_ID_LAN><TERRORIST>" killed "Inspetor Buginganga<13><VALVE_ID_LAN><CT>" with "glock18"
L 06/19/2018 - 12:52:05: Team "TERRORIST" triggered "Terrorists_Win" (CT "6") (T "7")
L 06/19/2018 - 12:52:05: World triggered "Round_End"
L 06/19/2018 - 12:52:10: World triggered "Round_Start"
L 06/19/2018 - 12:52:21: "Cable<8><VALVE_ID_LAN><CT>" killed "GARGAMEL O ESTRIPADOR<9><VALVE_ID_LAN><TERRORIST>" with "glock18"
L 06/19/2018 - 12:52:22: "Calcas Peludas<11><VALVE_ID_LAN><TERRORIST>" killed "Inspetor Buginganga<13><VALVE_ID_LAN><CT>" with "glock18"
L 06/19/2018 - 12:52:22: "Calango<10><VALVE_ID_LAN><TERRORIST>" killed "@te<12><VALVE_ID_LAN><CT>" with "knife"
L 06/19/2018 - 12:52:23: "Cable<8><VALVE_ID_LAN><CT>" killed "XXBOT Zach<14><BOT><TERRORIST>" with "glock18"
L 06/19/2018 - 12:52:23: "INDIO<7><VALVE_ID_LOOPBACK><CT>" killed "Calango<10><VALVE_ID_LAN><TERRORIST>" with "knife"
L 06/19/2018 - 12:52:44: "Calcas Peludas<11><VALVE_ID_LAN><TERRORIST>" killed "INDIO<7><VALVE_ID_LOOPBACK><CT>" with "glock18"
L 06/19/2018 - 12:52:59: "Cable<8><VALVE_ID_LAN><CT>" killed "Calcas Peludas<11><VALVE_ID_LAN><TERRORIST>" with "knife"
L 06/19/2018 - 12:52:59: Team "CT" triggered "CTs_Win" (CT "7") (T "7")
L 06/19/2018 - 12:52:59: World triggered "Round_End"
L 06/19/2018 - 12:53:03: "Calango<10><VALVE_ID_LAN><TERRORIST>" say_team "ui" (dead)
L 06/19/2018 - 12:53:04: "@te<12><VALVE_ID_LAN><CT>" say_team "ai mamae" (dead)
L 06/19/2018 - 12:53:04: "GARGAMEL O ESTRIPADOR<9><VALVE_ID_LAN><TERRORIST>" say " bem feito" (dead)
L 06/19/2018 - 12:53:05: World triggered "Round_Start"
L 06/19/2018 - 12:53:12: "Cable<8><VALVE_ID_LAN><CT>" killed "Calango<10><VALVE_ID_LAN><TERRORIST>" with "glock18"
L 06/19/2018 - 12:53:14: "@te<12><VALVE_ID_LAN><CT>" killed "Calcas Peludas<11><VALVE_ID_LAN><TERRORIST>" with "glock18"
L 06/19/2018 - 12:53:19: "GARGAMEL O ESTRIPADOR<9><VALVE_ID_LAN><TERRORIST>" killed "Inspetor Buginganga<13><VALVE_ID_LAN><CT>" with "glock18"
L 06/19/2018 - 12:53:20: "Cable<8><VALVE_ID_LAN><CT>" killed "XXBOT Zach<14><BOT><TERRORIST>" with "knife"
L 06/19/2018 - 12:53:25: "GARGAMEL O ESTRIPADOR<9><VALVE_ID_LAN><TERRORIST>" killed "INDIO<7><VALVE_ID_LOOPBACK><CT>" with "glock18"
L 06/19/2018 - 12:53:34: "GARGAMEL O ESTRIPADOR<9><VALVE_ID_LAN><TERRORIST>" killed "@te<12><VALVE_ID_LAN><CT>" with "glock18"
L 06/19/2018 - 12:53:36: "Calcas Peludas<11><VALVE_ID_LAN><TERRORIST>" say "boa" (dead)
L 06/19/2018 - 12:53:36: "Cable<8><VALVE_ID_LAN><CT>" killed "GARGAMEL O ESTRIPADOR<9><VALVE_ID_LAN><TERRORIST>" with "glock18"
L 06/19/2018 - 12:53:36: Team "CT" triggered "CTs_Win" (CT "8") (T "7")
L 06/19/2018 - 12:53:36: World triggered "Round_End"
L 06/19/2018 - 12:53:41: World triggered "Round_Start"
L 06/19/2018 - 12:53:51: "Calango<10><VALVE_ID_LAN><TERRORIST>" killed "INDIO<7><VALVE_ID_LOOPBACK><CT>" with "glock18"
L 06/19/2018 - 12:53:55: "Calcas Peludas<11><VALVE_ID_LAN><TERRORIST>" killed "Cable<8><VALVE_ID_LAN><CT>" with "glock18"
L 06/19/2018 - 12:53:56: "@te<12><VALVE_ID_LAN><CT>" killed "GARGAMEL O ESTRIPADOR<9><VALVE_ID_LAN><TERRORIST>" with "knife"
L 06/19/2018 - 12:54:03: "Calango<10><VALVE_ID_LAN><TERRORIST>" killed "Inspetor Buginganga<13><VALVE_ID_LAN><CT>" with "glock18"
L 06/19/2018 - 12:54:04: "Calcas Peludas<11><VALVE_ID_LAN><TERRORIST>" killed "@te<12><VALVE_ID_LAN><CT>" with "glock18"
L 06/19/2018 - 12:54:04: Team "TERRORIST" triggered "Terrorists_Win" (CT "8") (T "8")
L 06/19/2018 - 12:54:04: World triggered "Round_End"
L 06/19/2018 - 12:54:09: World triggered "Round_Start"
L 06/19/2018 - 12:54:11: "Cable<8><VALVE_ID_LAN><CT>" say "covardeeesss. venham na faca"
L 06/19/2018 - 12:54:18: "Cable<8><VALVE_ID_LAN><CT>" killed "GARGAMEL O ESTRIPADOR<9><VALVE_ID_LAN><TERRORIST>" with "glock18"
L 06/19/2018 - 12:54:19: "@te<12><VALVE_ID_LAN><CT>" killed "XXBOT Zach<14><BOT><TERRORIST>" with "glock18"
L 06/19/2018 - 12:54:20: "Calcas Peludas<11><VALVE_ID_LAN><TERRORIST>" killed "INDIO<7><VALVE_ID_LOOPBACK><CT>" with "glock18"
L 06/19/2018 - 12:54:25: "@te<12><VALVE_ID_LAN><CT>" killed "Calcas Peludas<11><VALVE_ID_LAN><TERRORIST>" with "glock18"
L 06/19/2018 - 12:54:25: "Cable<8><VALVE_ID_LAN><CT>" killed "Calango<10><VALVE_ID_LAN><TERRORIST>" with "knife"
L 06/19/2018 - 12:54:25: Team "CT" triggered "CTs_Win" (CT "9") (T "8")
L 06/19/2018 - 12:54:25: World triggered "Round_End"
L 06/19/2018 - 12:54:30: World triggered "Round_Start"
L 06/19/2018 - 12:54:36: Server cvar "amx_nextmap" = "cs_paintball1"
L 06/19/2018 - 12:54:39: "Cable<8><VALVE_ID_LAN><CT>" killed "XXBOT Zach<14><BOT><TERRORIST>" with "glock18"
L 06/19/2018 - 12:54:40: "GARGAMEL O ESTRIPADOR<9><VALVE_ID_LAN><TERRORIST>" killed "INDIO<7><VALVE_ID_LOOPBACK><CT>" with "glock18"
L 06/19/2018 - 12:54:41: "@te<12><VALVE_ID_LAN><CT>" killed "Calango<10><VALVE_ID_LAN><TERRORIST>" with "glock18"
L 06/19/2018 - 12:54:45: "Calcas Peludas<11><VALVE_ID_LAN><TERRORIST>" killed "Inspetor Buginganga<13><VALVE_ID_LAN><CT>" with "glock18"
L 06/19/2018 - 12:54:45: "Cable<8><VALVE_ID_LAN><CT>" killed "GARGAMEL O ESTRIPADOR<9><VALVE_ID_LAN><TERRORIST>" with "knife"
L 06/19/2018 - 12:54:59: "Cable<8><VALVE_ID_LAN><CT>" killed "Calcas Peludas<11><VALVE_ID_LAN><TERRORIST>" with "knife"
L 06/19/2018 - 12:54:59: Team "CT" triggered "CTs_Win" (CT "10") (T "8")
L 06/19/2018 - 12:54:59: World triggered "Round_End"
L 06/19/2018 - 12:55:04: "@te<12><VALVE_ID_LAN><CT>" say "ui"
L 06/19/2018 - 12:55:04: World triggered "Round_Start"
L 06/19/2018 - 12:55:13: "GARGAMEL O ESTRIPADOR<9><VALVE_ID_LAN><TERRORIST>" killed "Cable<8><VALVE_ID_LAN><CT>" with "knife"
L 06/19/2018 - 12:55:17: "INDIO<7><VALVE_ID_LOOPBACK><CT>" killed "XXBOT Zach<14><BOT><TERRORIST>" with "knife"
L 06/19/2018 - 12:55:18: "Calcas Peludas<11><VALVE_ID_LAN><TERRORIST>" killed "INDIO<7><VALVE_ID_LOOPBACK><CT>" with "glock18"
L 06/19/2018 - 12:55:21: "Calcas Peludas<11><VALVE_ID_LAN><TERRORIST>" killed "@te<12><VALVE_ID_LAN><CT>" with "knife"
L 06/19/2018 - 12:55:22: "Inspetor Buginganga<13><VALVE_ID_LAN><CT>" killed "Calango<10><VALVE_ID_LAN><TERRORIST>" with "glock18"
L 06/19/2018 - 12:55:23: "Inspetor Buginganga<13><VALVE_ID_LAN><CT>" killed "Calcas Peludas<11><VALVE_ID_LAN><TERRORIST>" with "glock18"
L 06/19/2018 - 12:55:27: "Calcas Peludas<11><VALVE_ID_LAN><TERRORIST>" say "kkkkkkkkkkkk" (dead)
L 06/19/2018 - 12:55:34: "@te<12><VALVE_ID_LAN><CT>" say "covrde" (dead)
L 06/19/2018 - 12:55:36: "Inspetor Buginganga<13><VALVE_ID_LAN><CT>" killed "GARGAMEL O ESTRIPADOR<9><VALVE_ID_LAN><TERRORIST>" with "glock18"
L 06/19/2018 - 12:55:36: Team "CT" triggered "CTs_Win" (CT "11") (T "8")
L 06/19/2018 - 12:55:36: World triggered "Round_End"
L 06/19/2018 - 12:55:37: "Calcas Peludas<11><VALVE_ID_LAN><TERRORIST>" say "kkkkkkk" (dead)
L 06/19/2018 - 12:55:40: "Cable<8><VALVE_ID_LAN><CT>" say "peugiii" (dead)
L 06/19/2018 - 12:55:41: World triggered "Round_Start"
L 06/19/2018 - 12:55:47: "Calcas Peludas<11><VALVE_ID_LAN><TERRORIST>" killed "Inspetor Buginganga<13><VALVE_ID_LAN><CT>" with "glock18"
L 06/19/2018 - 12:55:48: "Cable<8><VALVE_ID_LAN><CT>" killed "GARGAMEL O ESTRIPADOR<9><VALVE_ID_LAN><TERRORIST>" with "glock18"
L 06/19/2018 - 12:55:50: "Cable<8><VALVE_ID_LAN><CT>" killed "Calango<10><VALVE_ID_LAN><TERRORIST>" with "glock18"
L 06/19/2018 - 12:55:53: "Cable<8><VALVE_ID_LAN><CT>" killed "Calcas Peludas<11><VALVE_ID_LAN><TERRORIST>" with "knife"
L 06/19/2018 - 12:55:56: "XXBOT Zach<14><BOT><TERRORIST>" killed "INDIO<7><VALVE_ID_LOOPBACK><CT>" with "glock18"
L 06/19/2018 - 12:55:58: "@te<12><VALVE_ID_LAN><CT>" killed "XXBOT Zach<14><BOT><TERRORIST>" with "knife"
L 06/19/2018 - 12:55:58: Team "CT" triggered "CTs_Win" (CT "12") (T "8")
L 06/19/2018 - 12:55:58: World triggered "Round_End"
L 06/19/2018 - 12:56:03: World triggered "Round_Start"
L 06/19/2018 - 12:56:12: "Cable<8><VALVE_ID_LAN><CT>" killed "Calcas Peludas<11><VALVE_ID_LAN><TERRORIST>" with "glock18"
L 06/19/2018 - 12:56:15: "@te<12><VALVE_ID_LAN><CT>" killed "Calango<10><VALVE_ID_LAN><TERRORIST>" with "glock18"
L 06/19/2018 - 12:56:18: "@te<12><VALVE_ID_LAN><CT>" killed "GARGAMEL O ESTRIPADOR<9><VALVE_ID_LAN><TERRORIST>" with "glock18"
L 06/19/2018 - 12:56:22: "Cable<8><VALVE_ID_LAN><CT>" killed "XXBOT Zach<14><BOT><TERRORIST>" with "knife"
L 06/19/2018 - 12:56:22: Team "CT" triggered "CTs_Win" (CT "13") (T "8")
L 06/19/2018 - 12:56:22: World triggered "Round_End"
L 06/19/2018 - 12:56:23: "Calcas Peludas<11><VALVE_ID_LAN><TERRORIST>" say "bot burro da porra" (dead)
L 06/19/2018 - 12:56:27: World triggered "Round_Start"
L 06/19/2018 - 12:56:29: Team "CT" scored "13" with "4" players
L 06/19/2018 - 12:56:29: Team "TERRORIST" scored "8" with "4" players
L 06/19/2018 - 12:56:39: "INDIO<7><VALVE_ID_LOOPBACK><CT>" triggered "weaponstats" (weapon "glock18") (shots "231") (hits "77") (kills "8") (headshots "6") (tks "0") (damage "1444") (deaths "14")
L 06/19/2018 - 12:56:39: "INDIO<7><VALVE_ID_LOOPBACK><CT>" triggered "weaponstats2" (weapon "glock18") (head "10") (chest "9") (stomach "5") (leftarm "28") (rightarm "23") (leftleg "2") (rightleg "0")
L 06/19/2018 - 12:56:39: "INDIO<7><VALVE_ID_LOOPBACK><CT>" triggered "weaponstats" (weapon "knife") (shots "18") (hits "8") (kills "5") (headshots "3") (tks "0") (damage "850") (deaths "3")
L 06/19/2018 - 12:56:39: "INDIO<7><VALVE_ID_LOOPBACK><CT>" triggered "weaponstats2" (weapon "knife") (head "4") (chest "0") (stomach "1") (leftarm "1") (rightarm "2") (leftleg "0") (rightleg "0")
L 06/19/2018 - 12:56:39: "INDIO<7><VALVE_ID_LOOPBACK><CT>" triggered "time" (time "10:16")
L 06/19/2018 - 12:56:39: "INDIO<7><VALVE_ID_LOOPBACK><CT>" triggered "latency" (ping "0")
L 06/19/2018 - 12:56:39: "Cable<8><VALVE_ID_LAN><CT>" triggered "weaponstats" (weapon "glock18") (shots "193") (hits "77") (kills "17") (headshots "13") (tks "0") (damage "2129") (deaths "10")
L 06/19/2018 - 12:56:39: "Cable<8><VALVE_ID_LAN><CT>" triggered "weaponstats2" (weapon "glock18") (head "19") (chest "15") (stomach "5") (leftarm "19") (rightarm "17") (leftleg "1") (rightleg "1")
L 06/19/2018 - 12:56:39: "Cable<8><VALVE_ID_LAN><CT>" triggered "weaponstats" (weapon "knife") (shots "14") (hits "9") (kills "7") (headshots "4") (tks "0") (damage "1015") (deaths "4")
L 06/19/2018 - 12:56:39: "Cable<8><VALVE_ID_LAN><CT>" triggered "weaponstats2" (weapon "knife") (head "4") (chest "1") (stomach "1") (leftarm "2") (rightarm "1") (leftleg "0") (rightleg "0")
L 06/19/2018 - 12:56:39: "Cable<8><VALVE_ID_LAN><CT>" triggered "time" (time "10:11")
L 06/19/2018 - 12:56:39: "Cable<8><VALVE_ID_LAN><CT>" triggered "latency" (ping "7")
L 06/19/2018 - 12:56:39: "GARGAMEL O ESTRIPADOR<9><VALVE_ID_LAN><TERRORIST>" triggered "weaponstats" (weapon "glock18") (shots "167") (hits "49") (kills "7") (headshots "6") (tks "0") (damage "1313") (deaths "11")
L 06/19/2018 - 12:56:39: "GARGAMEL O ESTRIPADOR<9><VALVE_ID_LAN><TERRORIST>" triggered "weaponstats2" (weapon "glock18") (head "12") (chest "3") (stomach "3") (leftarm "18") (rightarm "10") (leftleg "0") (rightleg "3")
L 06/19/2018 - 12:56:39: "GARGAMEL O ESTRIPADOR<9><VALVE_ID_LAN><TERRORIST>" triggered "weaponstats" (weapon "knife") (shots "19") (hits "10") (kills "6") (headshots "0") (tks "0") (damage "624") (deaths "6")
L 06/19/2018 - 12:56:39: "GARGAMEL O ESTRIPADOR<9><VALVE_ID_LAN><TERRORIST>" triggered "weaponstats2" (weapon "knife") (head "1") (chest "3") (stomach "3") (leftarm "2") (rightarm "0") (leftleg "1") (rightleg "0")
L 06/19/2018 - 12:56:39: "GARGAMEL O ESTRIPADOR<9><VALVE_ID_LAN><TERRORIST>" triggered "time" (time "10:12")
L 06/19/2018 - 12:56:39: "GARGAMEL O ESTRIPADOR<9><VALVE_ID_LAN><TERRORIST>" triggered "latency" (ping "9")
L 06/19/2018 - 12:56:39: "Calango<10><VALVE_ID_LAN><TERRORIST>" triggered "weaponstats" (weapon "glock18") (shots "175") (hits "56") (kills "9") (headshots "7") (tks "0") (damage "1493") (deaths "12")
L 06/19/2018 - 12:56:39: "Calango<10><VALVE_ID_LAN><TERRORIST>" triggered "weaponstats2" (weapon "glock18") (head "13") (chest "8") (stomach "4") (leftarm "17") (rightarm "12") (leftleg "0") (rightleg "2")
L 06/19/2018 - 12:56:39: "Calango<10><VALVE_ID_LAN><TERRORIST>" triggered "weaponstats" (weapon "knife") (shots "13") (hits "9") (kills "4") (headshots "2") (tks "0") (damage "905") (deaths "5")
L 06/19/2018 - 12:56:39: "Calango<10><VALVE_ID_LAN><TERRORIST>" triggered "weaponstats2" (weapon "knife") (head "2") (chest "0") (stomach "0") (leftarm "3") (rightarm "2") (leftleg "1") (rightleg "1")
L 06/19/2018 - 12:56:39: "Calango<10><VALVE_ID_LAN><TERRORIST>" triggered "time" (time "10:10")
L 06/19/2018 - 12:56:39: "Calango<10><VALVE_ID_LAN><TERRORIST>" triggered "latency" (ping "13")
L 06/19/2018 - 12:56:39: "Calcas Peludas<11><VALVE_ID_LAN><TERRORIST>" triggered "weaponstats" (weapon "glock18") (shots "275") (hits "111") (kills "19") (headshots "11") (tks "0") (damage "2276") (deaths "9")
L 06/19/2018 - 12:56:39: "Calcas Peludas<11><VALVE_ID_LAN><TERRORIST>" triggered "weaponstats2" (weapon "glock18") (head "21") (chest "22") (stomach "7") (leftarm "32") (rightarm "25") (leftleg "2") (rightleg "2")
L 06/19/2018 - 12:56:39: "Calcas Peludas<11><VALVE_ID_LAN><TERRORIST>" triggered "weaponstats" (weapon "knife") (shots "17") (hits "9") (kills "3") (headshots "0") (tks "0") (damage "569") (deaths "5")
L 06/19/2018 - 12:56:39: "Calcas Peludas<11><VALVE_ID_LAN><TERRORIST>" triggered "weaponstats2" (weapon "knife") (head "2") (chest "3") (stomach "1") (leftarm "3") (rightarm "0") (leftleg "0") (rightleg "0")
L 06/19/2018 - 12:56:39: "Calcas Peludas<11><VALVE_ID_LAN><TERRORIST>" triggered "time" (time "10:10")
L 06/19/2018 - 12:56:39: "Calcas Peludas<11><VALVE_ID_LAN><TERRORIST>" triggered "latency" (ping "10")
L 06/19/2018 - 12:56:39: "@te<12><VALVE_ID_LAN><CT>" triggered "weaponstats" (weapon "glock18") (shots "121") (hits "38") (kills "9") (headshots "6") (tks "0") (damage "1088") (deaths "4")
L 06/19/2018 - 12:56:39: "@te<12><VALVE_ID_LAN><CT>" triggered "weaponstats2" (weapon "glock18") (head "8") (chest "7") (stomach "1") (leftarm "9") (rightarm "13") (leftleg "0") (rightleg "0")
L 06/19/2018 - 12:56:39: "@te<12><VALVE_ID_LAN><CT>" triggered "weaponstats" (weapon "knife") (shots "23") (hits "15") (kills "7") (headshots "4") (tks "0") (damage "1359") (deaths "8")
L 06/19/2018 - 12:56:39: "@te<12><VALVE_ID_LAN><CT>" triggered "weaponstats2" (weapon "knife") (head "4") (chest "1") (stomach "3") (leftarm "3") (rightarm "1") (leftleg "1") (rightleg "2")
L 06/19/2018 - 12:56:39: "@te<12><VALVE_ID_LAN><CT>" triggered "time" (time "9:58")
L 06/19/2018 - 12:56:39: "@te<12><VALVE_ID_LAN><CT>" triggered "latency" (ping "8")
L 06/19/2018 - 12:56:39: "Inspetor Buginganga<13><VALVE_ID_LAN><CT>" triggered "weaponstats" (weapon "glock18") (shots "170") (hits "66") (kills "4") (headshots "4") (tks "0") (damage "970") (deaths "10")
L 06/19/2018 - 12:56:39: "Inspetor Buginganga<13><VALVE_ID_LAN><CT>" triggered "weaponstats2" (weapon "glock18") (head "6") (chest "18") (stomach "9") (leftarm "18") (rightarm "4") (leftleg "6") (rightleg "5")
L 06/19/2018 - 12:56:39: "Inspetor Buginganga<13><VALVE_ID_LAN><CT>" triggered "time" (time "7:04")
L 06/19/2018 - 12:56:39: "Inspetor Buginganga<13><VALVE_ID_LAN><CT>" triggered "latency" (ping "9")
L 06/19/2018 - 12:56:39: [META] ini: Begin re-reading plugins list: c:/valve/cstrike/addons/metamod/plugins.ini
L 06/19/2018 - 12:56:39: [META] ini: Read plugin config for: AMX
L 06/19/2018 - 12:56:39: [META] ini: Read plugin config for: WinHL-Booster
L 06/19/2018 - 12:56:39: [META] ERROR: ini: Skipping plugin, couldn't stat file 'addons/hlguard/dlls/hlguard_mm_nightly.dll': No such file or directory
L 06/19/2018 - 12:56:39: [META] ini: Read plugin config for: WebMod
L 06/19/2018 - 12:56:39: [META] ini: Finished reading plugins list: c:/valve/cstrike/addons/metamod/plugins.ini; Found 3 plugins
L 06/19/2018 - 12:56:39: [META] dll: Updating plugins...
L 06/19/2018 - 12:56:39: [META] ERROR: dll: Failed query plugin '<hlguard_mm_nightly.dll>'; Couldn't open file 'addons/hlguard/dlls/hlguard_mm_nightly.dll': Não foi possível encontrar o módulo especificado.

L 06/19/2018 - 12:56:39: [META] ERROR: dll: Skipping plugin '<hlguard_mm_nightly.dll>'; couldn't query
L 06/19/2018 - 12:56:39: [META] dll: Finished updating 6 plugins; kept 3, loaded 0, unloaded 0, reloaded 0, delayed 0
L 06/19/2018 - 12:56:39: Log file closed
