L 06/19/2018 - 12:35:36: Log file started (file "logs\L0619000.log") (game "cstrike") (version "47/1.1.2.2/2603")
L 06/19/2018 - 12:35:41: World triggered "Game_Commencing"
L 06/19/2018 - 12:35:41: World triggered "Game_Commencing" (CT "0") (T "0")
L 06/19/2018 - 12:35:41: World triggered "Round_End"
L 06/19/2018 - 12:35:43: "Calango<4><VALVE_ID_LAN><>" connected, address "10.15.2.102:27005"
L 06/19/2018 - 12:35:44: World triggered "Round_Start"
L 06/19/2018 - 12:35:45: "Cable<5><VALVE_ID_LAN><>" connected, address "10.15.2.104:27005"
L 06/19/2018 - 12:35:47: "Calango<4><VALVE_ID_LAN><>" entered the game
L 06/19/2018 - 12:35:47: "@te<3><VALVE_ID_LAN><>" entered the game
L 06/19/2018 - 12:35:49: "GARGAMEL O ESTRIPADOR<2><VALVE_ID_LAN><TERRORIST>" killed "INDIO<1><VALVE_ID_LOOPBACK><CT>" with "m4a1"
L 06/19/2018 - 12:35:49: Team "TERRORIST" triggered "Terrorists_Win" (CT "0") (T "1")
L 06/19/2018 - 12:35:49: World triggered "Round_End"
L 06/19/2018 - 12:35:50: "Calango<4><VALVE_ID_LAN><>" joined team "CT"
L 06/19/2018 - 12:35:54: World triggered "Round_Start"
L 06/19/2018 - 12:35:55: "@te<3><VALVE_ID_LAN><>" joined team "CT"
L 06/19/2018 - 12:35:56: "Calango<4><VALVE_ID_LAN><CT>" committed suicide with "world"
L 06/19/2018 - 12:35:56: "Calango<4><VALVE_ID_LAN><CT>" joined team "TERRORIST"
L 06/19/2018 - 12:36:08: "Calcas Peludas<6><VALVE_ID_LAN><>" connected, address "10.15.2.192:27005"
L 06/19/2018 - 12:36:08: "Cable<5><VALVE_ID_LAN><>" entered the game
L 06/19/2018 - 12:36:10: "Calcas Peludas<6><VALVE_ID_LAN><>" entered the game
L 06/19/2018 - 12:36:13: "Calcas Peludas<6><VALVE_ID_LAN><>" joined team "TERRORIST"
L 06/19/2018 - 12:36:18: "Cable<5><VALVE_ID_LAN><>" joined team "CT"
L 06/19/2018 - 12:36:19: "@te<3><VALVE_ID_LAN><CT>" killed "GARGAMEL O ESTRIPADOR<2><VALVE_ID_LAN><TERRORIST>" with "mp5navy"
L 06/19/2018 - 12:36:22: "Calcas Peludas<6><VALVE_ID_LAN><TERRORIST>" killed "@te<3><VALVE_ID_LAN><CT>" with "knife"
L 06/19/2018 - 12:36:25: "Calcas Peludas<6><VALVE_ID_LAN><TERRORIST>" killed "INDIO<1><VALVE_ID_LOOPBACK><CT>" with "xm1014"
L 06/19/2018 - 12:36:26: "Calcas Peludas<6><VALVE_ID_LAN><TERRORIST>" killed "Cable<5><VALVE_ID_LAN><CT>" with "xm1014"
L 06/19/2018 - 12:36:26: Team "TERRORIST" triggered "Terrorists_Win" (CT "0") (T "2")
L 06/19/2018 - 12:36:26: World triggered "Round_End"
L 06/19/2018 - 12:36:31: World triggered "Round_Start"
L 06/19/2018 - 12:36:32: "GARGAMEL O ESTRIPADOR<2><VALVE_ID_LAN><TERRORIST>" say " agora vai"
L 06/19/2018 - 12:36:36: "Cable<5><VALVE_ID_LAN><CT>" killed "Calcas Peludas<6><VALVE_ID_LAN><TERRORIST>" with "mp5navy"
L 06/19/2018 - 12:36:38: "INDIO<1><VALVE_ID_LOOPBACK><CT>" killed "GARGAMEL O ESTRIPADOR<2><VALVE_ID_LAN><TERRORIST>" with "xm1014"
L 06/19/2018 - 12:36:38: "Cable<5><VALVE_ID_LAN><CT>" killed "Calango<4><VALVE_ID_LAN><TERRORIST>" with "mp5navy"
L 06/19/2018 - 12:36:38: Team "CT" triggered "CTs_Win" (CT "1") (T "2")
L 06/19/2018 - 12:36:38: World triggered "Round_End"
L 06/19/2018 - 12:36:43: World triggered "Round_Start"
L 06/19/2018 - 12:36:50: "Calango<4><VALVE_ID_LAN><TERRORIST>" killed "@te<3><VALVE_ID_LAN><CT>" with "m3"
L 06/19/2018 - 12:36:50: "INDIO<1><VALVE_ID_LOOPBACK><CT>" killed "Calango<4><VALVE_ID_LAN><TERRORIST>" with "xm1014"
L 06/19/2018 - 12:36:54: "Cable<5><VALVE_ID_LAN><CT>" killed "Calcas Peludas<6><VALVE_ID_LAN><TERRORIST>" with "mp5navy"
L 06/19/2018 - 12:36:58: "Cable<5><VALVE_ID_LAN><CT>" killed "GARGAMEL O ESTRIPADOR<2><VALVE_ID_LAN><TERRORIST>" with "mp5navy"
L 06/19/2018 - 12:36:58: Team "CT" triggered "CTs_Win" (CT "2") (T "2")
L 06/19/2018 - 12:36:58: World triggered "Round_End"
L 06/19/2018 - 12:37:02: "Calcas Peludas<6><VALVE_ID_LAN><TERRORIST>" say "boa tarde @" (dead)
L 06/19/2018 - 12:37:03: World triggered "Round_Start"
L 06/19/2018 - 12:37:05: "GARGAMEL O ESTRIPADOR<2><VALVE_ID_LAN><TERRORIST>" killed "INDIO<1><VALVE_ID_LOOPBACK><CT>" with "aug"
L 06/19/2018 - 12:37:09: "@te<3><VALVE_ID_LAN><CT>" killed "GARGAMEL O ESTRIPADOR<2><VALVE_ID_LAN><TERRORIST>" with "m249"
L 06/19/2018 - 12:37:10: "Calango<4><VALVE_ID_LAN><TERRORIST>" killed "@te<3><VALVE_ID_LAN><CT>" with "xm1014"
L 06/19/2018 - 12:37:16: "Cable<5><VALVE_ID_LAN><CT>" killed "Calango<4><VALVE_ID_LAN><TERRORIST>" with "mp5navy"
L 06/19/2018 - 12:37:23: "Calcas Peludas<6><VALVE_ID_LAN><TERRORIST>" killed "Cable<5><VALVE_ID_LAN><CT>" with "ak47"
L 06/19/2018 - 12:37:23: Team "TERRORIST" triggered "Terrorists_Win" (CT "2") (T "3")
L 06/19/2018 - 12:37:23: World triggered "Round_End"
L 06/19/2018 - 12:37:28: World triggered "Round_Start"
L 06/19/2018 - 12:37:33: "INDIO<1><VALVE_ID_LOOPBACK><CT>" killed "Calango<4><VALVE_ID_LAN><TERRORIST>" with "xm1014"
L 06/19/2018 - 12:37:36: "Calcas Peludas<6><VALVE_ID_LAN><TERRORIST>" killed "INDIO<1><VALVE_ID_LOOPBACK><CT>" with "ak47"
L 06/19/2018 - 12:37:38: "Cable<5><VALVE_ID_LAN><CT>" killed "GARGAMEL O ESTRIPADOR<2><VALVE_ID_LAN><TERRORIST>" with "usp"
L 06/19/2018 - 12:37:42: "@te<3><VALVE_ID_LAN><CT>" killed "Calcas Peludas<6><VALVE_ID_LAN><TERRORIST>" with "aug"
L 06/19/2018 - 12:37:42: Team "CT" triggered "CTs_Win" (CT "3") (T "3")
L 06/19/2018 - 12:37:42: World triggered "Round_End"
L 06/19/2018 - 12:37:47: World triggered "Round_Start"
L 06/19/2018 - 12:37:52: "GARGAMEL O ESTRIPADOR<2><VALVE_ID_LAN><TERRORIST>" killed "INDIO<1><VALVE_ID_LOOPBACK><CT>" with "aug"
L 06/19/2018 - 12:37:53: "Cable<5><VALVE_ID_LAN><CT>" killed "Calcas Peludas<6><VALVE_ID_LAN><TERRORIST>" with "mp5navy"
L 06/19/2018 - 12:37:55: "Cable<5><VALVE_ID_LAN><CT>" killed "Calango<4><VALVE_ID_LAN><TERRORIST>" with "mp5navy"
L 06/19/2018 - 12:37:59: "GARGAMEL O ESTRIPADOR<2><VALVE_ID_LAN><TERRORIST>" killed "Cable<5><VALVE_ID_LAN><CT>" with "aug"
L 06/19/2018 - 12:38:18: "GARGAMEL O ESTRIPADOR<2><VALVE_ID_LAN><TERRORIST>" killed "@te<3><VALVE_ID_LAN><CT>" with "aug"
L 06/19/2018 - 12:38:18: Team "TERRORIST" triggered "Terrorists_Win" (CT "3") (T "4")
L 06/19/2018 - 12:38:18: World triggered "Round_End"
L 06/19/2018 - 12:38:21: "Calcas Peludas<6><VALVE_ID_LAN><TERRORIST>" say "kkkkkk" (dead)
L 06/19/2018 - 12:38:23: World triggered "Round_Start"
L 06/19/2018 - 12:38:29: "@te<3><VALVE_ID_LAN><CT>" killed "GARGAMEL O ESTRIPADOR<2><VALVE_ID_LAN><TERRORIST>" with "ak47"
L 06/19/2018 - 12:38:30: "Calcas Peludas<6><VALVE_ID_LAN><TERRORIST>" killed "Cable<5><VALVE_ID_LAN><CT>" with "aug"
L 06/19/2018 - 12:38:33: "Calango<4><VALVE_ID_LAN><TERRORIST>" killed "INDIO<1><VALVE_ID_LOOPBACK><CT>" with "xm1014"
L 06/19/2018 - 12:38:34: "Calcas Peludas<6><VALVE_ID_LAN><TERRORIST>" killed "@te<3><VALVE_ID_LAN><CT>" with "aug"
L 06/19/2018 - 12:38:34: Team "TERRORIST" triggered "Terrorists_Win" (CT "3") (T "5")
L 06/19/2018 - 12:38:34: World triggered "Round_End"
L 06/19/2018 - 12:38:40: World triggered "Round_Start"
L 06/19/2018 - 12:38:50: "@te<3><VALVE_ID_LAN><CT>" killed "GARGAMEL O ESTRIPADOR<2><VALVE_ID_LAN><TERRORIST>" with "m249"
L 06/19/2018 - 12:38:52: "Cable<5><VALVE_ID_LAN><CT>" killed "Calango<4><VALVE_ID_LAN><TERRORIST>" with "usp"
L 06/19/2018 - 12:39:01: "Calcas Peludas<6><VALVE_ID_LAN><TERRORIST>" killed "Cable<5><VALVE_ID_LAN><CT>" with "m4a1"
L 06/19/2018 - 12:39:05: "Calcas Peludas<6><VALVE_ID_LAN><TERRORIST>" killed "INDIO<1><VALVE_ID_LOOPBACK><CT>" with "m4a1"
L 06/19/2018 - 12:39:07: "Calcas Peludas<6><VALVE_ID_LAN><TERRORIST>" killed "@te<3><VALVE_ID_LAN><CT>" with "m4a1"
L 06/19/2018 - 12:39:07: Team "TERRORIST" triggered "Terrorists_Win" (CT "3") (T "6")
L 06/19/2018 - 12:39:07: World triggered "Round_End"
L 06/19/2018 - 12:39:08: "Cable<5><VALVE_ID_LAN><CT>" say "camper" (dead)
L 06/19/2018 - 12:39:10: "Cable<5><VALVE_ID_LAN><CT>" say "covarde" (dead)
L 06/19/2018 - 12:39:10: "Calcas Peludas<6><VALVE_ID_LAN><TERRORIST>" say "kkkk"
L 06/19/2018 - 12:39:10: "GARGAMEL O ESTRIPADOR<2><VALVE_ID_LAN><TERRORIST>" say "kkkkk" (dead)
L 06/19/2018 - 12:39:12: World triggered "Round_Start"
L 06/19/2018 - 12:39:12: "Calango<4><VALVE_ID_LAN><TERRORIST>" say "kkkk"
L 06/19/2018 - 12:39:13: "Cable<5><VALVE_ID_LAN><CT>" say "camperrrrrrr"
L 06/19/2018 - 12:39:14: "Calcas Peludas<6><VALVE_ID_LAN><TERRORIST>" killed "@te<3><VALVE_ID_LAN><CT>" with "m4a1"
L 06/19/2018 - 12:39:17: "Calango<4><VALVE_ID_LAN><TERRORIST>" killed "INDIO<1><VALVE_ID_LOOPBACK><CT>" with "ak47"
L 06/19/2018 - 12:39:24: "Cable<5><VALVE_ID_LAN><CT>" killed "Calango<4><VALVE_ID_LAN><TERRORIST>" with "aug"
L 06/19/2018 - 12:39:28: "Calcas Peludas<6><VALVE_ID_LAN><TERRORIST>" killed "Cable<5><VALVE_ID_LAN><CT>" with "m4a1"
L 06/19/2018 - 12:39:28: Team "TERRORIST" triggered "Terrorists_Win" (CT "3") (T "7")
L 06/19/2018 - 12:39:28: World triggered "Round_End"
L 06/19/2018 - 12:39:33: World triggered "Round_Start"
L 06/19/2018 - 12:39:38: "INDIO<1><VALVE_ID_LOOPBACK><CT>" killed "GARGAMEL O ESTRIPADOR<2><VALVE_ID_LAN><TERRORIST>" with "xm1014"
L 06/19/2018 - 12:39:38: "Cable<5><VALVE_ID_LAN><CT>" killed "Calango<4><VALVE_ID_LAN><TERRORIST>" with "mp5navy"
L 06/19/2018 - 12:39:40: "Calcas Peludas<6><VALVE_ID_LAN><TERRORIST>" killed "Cable<5><VALVE_ID_LAN><CT>" with "m4a1"
L 06/19/2018 - 12:39:44: "INDIO<1><VALVE_ID_LOOPBACK><CT>" killed "Calcas Peludas<6><VALVE_ID_LAN><TERRORIST>" with "xm1014"
L 06/19/2018 - 12:39:44: Team "CT" triggered "CTs_Win" (CT "4") (T "7")
L 06/19/2018 - 12:39:44: World triggered "Round_End"
L 06/19/2018 - 12:39:49: World triggered "Round_Start"
L 06/19/2018 - 12:39:53: "GARGAMEL O ESTRIPADOR<2><VALVE_ID_LAN><TERRORIST>" killed "@te<3><VALVE_ID_LAN><CT>" with "m3"
L 06/19/2018 - 12:39:54: "INDIO<1><VALVE_ID_LOOPBACK><CT>" killed "GARGAMEL O ESTRIPADOR<2><VALVE_ID_LAN><TERRORIST>" with "xm1014"
L 06/19/2018 - 12:40:01: "Cable<5><VALVE_ID_LAN><CT>" killed "Calango<4><VALVE_ID_LAN><TERRORIST>" with "ak47"
L 06/19/2018 - 12:40:02: "Calcas Peludas<6><VALVE_ID_LAN><TERRORIST>" killed "INDIO<1><VALVE_ID_LOOPBACK><CT>" with "aug"
L 06/19/2018 - 12:40:03: "Cable<5><VALVE_ID_LAN><CT>" killed "Calcas Peludas<6><VALVE_ID_LAN><TERRORIST>" with "ak47"
L 06/19/2018 - 12:40:03: Team "CT" triggered "CTs_Win" (CT "5") (T "7")
L 06/19/2018 - 12:40:03: World triggered "Round_End"
L 06/19/2018 - 12:40:08: World triggered "Round_Start"
L 06/19/2018 - 12:40:14: "INDIO<1><VALVE_ID_LOOPBACK><CT>" killed "Calango<4><VALVE_ID_LAN><TERRORIST>" with "m4a1"
L 06/19/2018 - 12:40:14: "INDIO<1><VALVE_ID_LOOPBACK><CT>" killed "GARGAMEL O ESTRIPADOR<2><VALVE_ID_LAN><TERRORIST>" with "m4a1"
L 06/19/2018 - 12:40:22: "Calcas Peludas<6><VALVE_ID_LAN><TERRORIST>" killed "Cable<5><VALVE_ID_LAN><CT>" with "m4a1"
L 06/19/2018 - 12:40:24: "Calcas Peludas<6><VALVE_ID_LAN><TERRORIST>" killed "@te<3><VALVE_ID_LAN><CT>" with "m4a1"
L 06/19/2018 - 12:40:33: "Calcas Peludas<6><VALVE_ID_LAN><TERRORIST>" killed "INDIO<1><VALVE_ID_LOOPBACK><CT>" with "m4a1"
L 06/19/2018 - 12:40:33: Team "TERRORIST" triggered "Terrorists_Win" (CT "5") (T "8")
L 06/19/2018 - 12:40:33: World triggered "Round_End"
L 06/19/2018 - 12:40:37: "GARGAMEL O ESTRIPADOR<2><VALVE_ID_LAN><TERRORIST>" say "boa" (dead)
L 06/19/2018 - 12:40:38: World triggered "Round_Start"
L 06/19/2018 - 12:40:39: "Cable<5><VALVE_ID_LAN><CT>" say "calca so cagando... campeerrrr"
L 06/19/2018 - 12:40:42: "INDIO<1><VALVE_ID_LOOPBACK><CT>" killed "GARGAMEL O ESTRIPADOR<2><VALVE_ID_LAN><TERRORIST>" with "xm1014"
L 06/19/2018 - 12:40:43: "Calcas Peludas<6><VALVE_ID_LAN><TERRORIST>" killed "Cable<5><VALVE_ID_LAN><CT>" with "m4a1"
L 06/19/2018 - 12:40:46: "INDIO<1><VALVE_ID_LOOPBACK><CT>" killed "Calcas Peludas<6><VALVE_ID_LAN><TERRORIST>" with "xm1014"
L 06/19/2018 - 12:40:48: "Calango<4><VALVE_ID_LAN><TERRORIST>" killed "INDIO<1><VALVE_ID_LOOPBACK><CT>" with "xm1014"
L 06/19/2018 - 12:41:00: "Calcas Peludas<6><VALVE_ID_LAN><TERRORIST>" say "quem e voce cable" (dead)
L 06/19/2018 - 12:41:03: "Calcas Peludas<6><VALVE_ID_LAN><TERRORIST>" say "kkkkk" (dead)
L 06/19/2018 - 12:41:08: "Cable<5><VALVE_ID_LAN><CT>" say "eu venho do futuro" (dead)
L 06/19/2018 - 12:41:09: "INDIO<1><VALVE_ID_LOOPBACK><CT>" say "he o jack" (dead)
L 06/19/2018 - 12:41:11: "@te<3><VALVE_ID_LAN><CT>" killed "Calango<4><VALVE_ID_LAN><TERRORIST>" with "aug"
L 06/19/2018 - 12:41:11: Team "CT" triggered "CTs_Win" (CT "6") (T "8")
L 06/19/2018 - 12:41:11: World triggered "Round_End"
L 06/19/2018 - 12:41:14: "Calcas Peludas<6><VALVE_ID_LAN><TERRORIST>" say "eh viado" (dead)
L 06/19/2018 - 12:41:16: World triggered "Round_Start"
L 06/19/2018 - 12:41:21: "Cable<5><VALVE_ID_LAN><CT>" say "comoo  viado tb"
L 06/19/2018 - 12:41:23: "Calcas Peludas<6><VALVE_ID_LAN><TERRORIST>" killed "Cable<5><VALVE_ID_LAN><CT>" with "xm1014"
L 06/19/2018 - 12:41:28: "@te<3><VALVE_ID_LAN><CT>" killed "Calango<4><VALVE_ID_LAN><TERRORIST>" with "aug"
L 06/19/2018 - 12:41:28: "@te<3><VALVE_ID_LAN><CT>" killed "GARGAMEL O ESTRIPADOR<2><VALVE_ID_LAN><TERRORIST>" with "aug"
L 06/19/2018 - 12:41:29: "Calcas Peludas<6><VALVE_ID_LAN><TERRORIST>" killed "INDIO<1><VALVE_ID_LOOPBACK><CT>" with "xm1014"
L 06/19/2018 - 12:41:31: "Calcas Peludas<6><VALVE_ID_LAN><TERRORIST>" killed "@te<3><VALVE_ID_LAN><CT>" with "xm1014"
L 06/19/2018 - 12:41:31: Team "TERRORIST" triggered "Terrorists_Win" (CT "6") (T "9")
L 06/19/2018 - 12:41:31: World triggered "Round_End"
L 06/19/2018 - 12:41:36: World triggered "Round_Start"
L 06/19/2018 - 12:41:41: "GARGAMEL O ESTRIPADOR<2><VALVE_ID_LAN><TERRORIST>" killed "INDIO<1><VALVE_ID_LOOPBACK><CT>" with "m3"
L 06/19/2018 - 12:41:41: "GARGAMEL O ESTRIPADOR<2><VALVE_ID_LAN><TERRORIST>" killed "Cable<5><VALVE_ID_LAN><CT>" with "m3"
L 06/19/2018 - 12:41:41: "@te<3><VALVE_ID_LAN><CT>" killed "GARGAMEL O ESTRIPADOR<2><VALVE_ID_LAN><TERRORIST>" with "mp5navy"
L 06/19/2018 - 12:41:44: "@te<3><VALVE_ID_LAN><CT>" killed "Calcas Peludas<6><VALVE_ID_LAN><TERRORIST>" with "mp5navy"
L 06/19/2018 - 12:41:49: "@te<3><VALVE_ID_LAN><CT>" killed "Calango<4><VALVE_ID_LAN><TERRORIST>" with "xm1014"
L 06/19/2018 - 12:41:49: Team "CT" triggered "CTs_Win" (CT "7") (T "9")
L 06/19/2018 - 12:41:49: World triggered "Round_End"
L 06/19/2018 - 12:41:52: "Calango<4><VALVE_ID_LAN><TERRORIST>" say "kceta" (dead)
L 06/19/2018 - 12:41:54: World triggered "Round_Start"
L 06/19/2018 - 12:42:01: "Calango<4><VALVE_ID_LAN><TERRORIST>" killed "INDIO<1><VALVE_ID_LOOPBACK><CT>" with "mac10"
L 06/19/2018 - 12:42:03: "Calcas Peludas<6><VALVE_ID_LAN><TERRORIST>" killed "Cable<5><VALVE_ID_LAN><CT>" with "m4a1"
L 06/19/2018 - 12:42:11: "@te<3><VALVE_ID_LAN><CT>" killed "GARGAMEL O ESTRIPADOR<2><VALVE_ID_LAN><TERRORIST>" with "xm1014"
L 06/19/2018 - 12:42:12: "Calango<4><VALVE_ID_LAN><TERRORIST>" killed "@te<3><VALVE_ID_LAN><CT>" with "tmp"
L 06/19/2018 - 12:42:12: Team "TERRORIST" triggered "Terrorists_Win" (CT "7") (T "10")
L 06/19/2018 - 12:42:12: World triggered "Round_End"
L 06/19/2018 - 12:42:17: World triggered "Round_Start"
L 06/19/2018 - 12:42:19: "Calango<4><VALVE_ID_LAN><TERRORIST>" killed "@te<3><VALVE_ID_LAN><CT>" with "mac10"
L 06/19/2018 - 12:42:23: "Calango<4><VALVE_ID_LAN><TERRORIST>" killed "Cable<5><VALVE_ID_LAN><CT>" with "mac10"
L 06/19/2018 - 12:42:24: "INDIO<1><VALVE_ID_LOOPBACK><CT>" killed "Calcas Peludas<6><VALVE_ID_LAN><TERRORIST>" with "xm1014"
L 06/19/2018 - 12:42:27: "INDIO<1><VALVE_ID_LOOPBACK><CT>" killed "Calango<4><VALVE_ID_LAN><TERRORIST>" with "xm1014"
L 06/19/2018 - 12:42:34: "INDIO<1><VALVE_ID_LOOPBACK><CT>" killed "GARGAMEL O ESTRIPADOR<2><VALVE_ID_LAN><TERRORIST>" with "xm1014"
L 06/19/2018 - 12:42:34: Team "CT" triggered "CTs_Win" (CT "8") (T "10")
L 06/19/2018 - 12:42:34: World triggered "Round_End"
L 06/19/2018 - 12:42:39: World triggered "Round_Start"
L 06/19/2018 - 12:42:44: "Cable<5><VALVE_ID_LAN><CT>" killed "Calcas Peludas<6><VALVE_ID_LAN><TERRORIST>" with "mp5navy"
L 06/19/2018 - 12:42:46: "Calango<4><VALVE_ID_LAN><TERRORIST>" killed "Cable<5><VALVE_ID_LAN><CT>" with "g3sg1"
L 06/19/2018 - 12:42:48: "@te<3><VALVE_ID_LAN><CT>" killed "GARGAMEL O ESTRIPADOR<2><VALVE_ID_LAN><TERRORIST>" with "xm1014"
L 06/19/2018 - 12:42:50: "INDIO<1><VALVE_ID_LOOPBACK><CT>" killed "Calango<4><VALVE_ID_LAN><TERRORIST>" with "xm1014"
L 06/19/2018 - 12:42:50: Team "CT" triggered "CTs_Win" (CT "9") (T "10")
L 06/19/2018 - 12:42:50: World triggered "Round_End"
L 06/19/2018 - 12:42:55: World triggered "Round_Start"
L 06/19/2018 - 12:42:57: "Calcas Peludas<6><VALVE_ID_LAN><TERRORIST>" say "quem e calango"
L 06/19/2018 - 12:43:02: "INDIO<1><VALVE_ID_LOOPBACK><CT>" killed "GARGAMEL O ESTRIPADOR<2><VALVE_ID_LAN><TERRORIST>" with "xm1014"
L 06/19/2018 - 12:43:03: "Calango<4><VALVE_ID_LAN><TERRORIST>" killed "@te<3><VALVE_ID_LAN><CT>" with "aug"
L 06/19/2018 - 12:43:05: "Calcas Peludas<6><VALVE_ID_LAN><TERRORIST>" killed "INDIO<1><VALVE_ID_LOOPBACK><CT>" with "m4a1"
L 06/19/2018 - 12:43:09: "Cable<5><VALVE_ID_LAN><CT>" killed "Calango<4><VALVE_ID_LAN><TERRORIST>" with "m4a1"
L 06/19/2018 - 12:43:22: "GARGAMEL O ESTRIPADOR<2><VALVE_ID_LAN><TERRORIST>" say "ZZZZZZZzzzzzz" (dead)
L 06/19/2018 - 12:43:27: "Calango<4><VALVE_ID_LAN><TERRORIST>" say "ZzZzZzZZ" (dead)
L 06/19/2018 - 12:43:31: "Calcas Peludas<6><VALVE_ID_LAN><TERRORIST>" killed "Cable<5><VALVE_ID_LAN><CT>" with "m4a1"
L 06/19/2018 - 12:43:31: Team "TERRORIST" triggered "Terrorists_Win" (CT "9") (T "11")
L 06/19/2018 - 12:43:31: World triggered "Round_End"
L 06/19/2018 - 12:43:36: World triggered "Round_Start"
L 06/19/2018 - 12:43:41: "GARGAMEL O ESTRIPADOR<2><VALVE_ID_LAN><TERRORIST>" killed "INDIO<1><VALVE_ID_LOOPBACK><CT>" with "ak47"
L 06/19/2018 - 12:43:44: "Calango<4><VALVE_ID_LAN><TERRORIST>" killed "@te<3><VALVE_ID_LAN><CT>" with "mac10"
L 06/19/2018 - 12:43:44: "Calcas Peludas<6><VALVE_ID_LAN><TERRORIST>" killed "Cable<5><VALVE_ID_LAN><CT>" with "m4a1"
L 06/19/2018 - 12:43:44: Team "TERRORIST" triggered "Terrorists_Win" (CT "9") (T "12")
L 06/19/2018 - 12:43:44: World triggered "Round_End"
L 06/19/2018 - 12:43:49: World triggered "Round_Start"
L 06/19/2018 - 12:43:52: "INDIO<1><VALVE_ID_LOOPBACK><CT>" killed "Calango<4><VALVE_ID_LAN><TERRORIST>" with "xm1014"
L 06/19/2018 - 12:43:57: "INDIO<1><VALVE_ID_LOOPBACK><CT>" killed "Calcas Peludas<6><VALVE_ID_LAN><TERRORIST>" with "xm1014"
L 06/19/2018 - 12:44:03: Server cvar "amx_nextmap" = "alabordage"
L 06/19/2018 - 12:44:09: "@te<3><VALVE_ID_LAN><CT>" killed "GARGAMEL O ESTRIPADOR<2><VALVE_ID_LAN><TERRORIST>" with "aug"
L 06/19/2018 - 12:44:09: Team "CT" triggered "CTs_Win" (CT "10") (T "12")
L 06/19/2018 - 12:44:09: World triggered "Round_End"
L 06/19/2018 - 12:44:12: "Calango<4><VALVE_ID_LAN><TERRORIST>" say "kkkkk" (dead)
L 06/19/2018 - 12:44:14: World triggered "Round_Start"
L 06/19/2018 - 12:44:19: "Cable<5><VALVE_ID_LAN><CT>" killed "Calcas Peludas<6><VALVE_ID_LAN><TERRORIST>" with "mac10"
L 06/19/2018 - 12:44:21: "GARGAMEL O ESTRIPADOR<2><VALVE_ID_LAN><TERRORIST>" killed "Cable<5><VALVE_ID_LAN><CT>" with "aug"
L 06/19/2018 - 12:44:32: "INDIO<1><VALVE_ID_LOOPBACK><CT>" killed "Calango<4><VALVE_ID_LAN><TERRORIST>" with "xm1014"
L 06/19/2018 - 12:44:41: "INDIO<1><VALVE_ID_LOOPBACK><CT>" killed "GARGAMEL O ESTRIPADOR<2><VALVE_ID_LAN><TERRORIST>" with "xm1014"
L 06/19/2018 - 12:44:41: Team "CT" triggered "CTs_Win" (CT "11") (T "12")
L 06/19/2018 - 12:44:41: World triggered "Round_End"
L 06/19/2018 - 12:44:46: World triggered "Round_Start"
L 06/19/2018 - 12:44:46: "Calcas Peludas<6><VALVE_ID_LAN><TERRORIST>" say "pegou bomba"
L 06/19/2018 - 12:44:49: "GARGAMEL O ESTRIPADOR<2><VALVE_ID_LAN><TERRORIST>" killed "INDIO<1><VALVE_ID_LOOPBACK><CT>" with "m3"
L 06/19/2018 - 12:44:50: "Cable<5><VALVE_ID_LAN><CT>" killed "Calcas Peludas<6><VALVE_ID_LAN><TERRORIST>" with "m4a1"
L 06/19/2018 - 12:44:52: "@te<3><VALVE_ID_LAN><CT>" killed "GARGAMEL O ESTRIPADOR<2><VALVE_ID_LAN><TERRORIST>" with "aug"
L 06/19/2018 - 12:44:53: "Cable<5><VALVE_ID_LAN><CT>" killed "Calango<4><VALVE_ID_LAN><TERRORIST>" with "m4a1"
L 06/19/2018 - 12:44:53: Team "CT" triggered "CTs_Win" (CT "12") (T "12")
L 06/19/2018 - 12:44:53: World triggered "Round_End"
L 06/19/2018 - 12:44:58: World triggered "Round_Start"
L 06/19/2018 - 12:44:58: "Calcas Peludas<6><VALVE_ID_LAN><TERRORIST>" say "pegou a bomba na hora da facada"
L 06/19/2018 - 12:45:03: "INDIO<1><VALVE_ID_LOOPBACK><CT>" killed "GARGAMEL O ESTRIPADOR<2><VALVE_ID_LAN><TERRORIST>" with "mp5navy"
L 06/19/2018 - 12:45:03: "Calcas Peludas<6><VALVE_ID_LAN><TERRORIST>" killed "@te<3><VALVE_ID_LAN><CT>" with "ak47"
L 06/19/2018 - 12:45:07: "Cable<5><VALVE_ID_LAN><CT>" killed "Calango<4><VALVE_ID_LAN><TERRORIST>" with "m4a1"
L 06/19/2018 - 12:45:10: "Calcas Peludas<6><VALVE_ID_LAN><TERRORIST>" killed "Cable<5><VALVE_ID_LAN><CT>" with "ak47"
L 06/19/2018 - 12:45:11: "INDIO<1><VALVE_ID_LOOPBACK><CT>" killed "Calcas Peludas<6><VALVE_ID_LAN><TERRORIST>" with "mp5navy"
L 06/19/2018 - 12:45:11: Team "CT" triggered "CTs_Win" (CT "13") (T "12")
L 06/19/2018 - 12:45:11: World triggered "Round_End"
L 06/19/2018 - 12:45:16: World triggered "Round_Start"
L 06/19/2018 - 12:45:17: "Calango<4><VALVE_ID_LAN><TERRORIST>" say "eu vi"
L 06/19/2018 - 12:45:21: "INDIO<1><VALVE_ID_LOOPBACK><CT>" killed "Calango<4><VALVE_ID_LAN><TERRORIST>" with "mp5navy"
L 06/19/2018 - 12:45:21: "GARGAMEL O ESTRIPADOR<2><VALVE_ID_LAN><TERRORIST>" killed "@te<3><VALVE_ID_LAN><CT>" with "m4a1"
L 06/19/2018 - 12:45:22: "Cable<5><VALVE_ID_LAN><CT>" killed "GARGAMEL O ESTRIPADOR<2><VALVE_ID_LAN><TERRORIST>" with "usp"
L 06/19/2018 - 12:45:28: "Calcas Peludas<6><VALVE_ID_LAN><TERRORIST>" killed "INDIO<1><VALVE_ID_LOOPBACK><CT>" with "xm1014"
L 06/19/2018 - 12:45:28: "Cable<5><VALVE_ID_LAN><CT>" killed "Calcas Peludas<6><VALVE_ID_LAN><TERRORIST>" with "usp"
L 06/19/2018 - 12:45:28: Team "CT" triggered "CTs_Win" (CT "14") (T "12")
L 06/19/2018 - 12:45:28: World triggered "Round_End"
L 06/19/2018 - 12:45:34: World triggered "Round_Start"
L 06/19/2018 - 12:45:39: "Cable<5><VALVE_ID_LAN><CT>" killed "Calcas Peludas<6><VALVE_ID_LAN><TERRORIST>" with "xm1014"
L 06/19/2018 - 12:45:41: "Calango<4><VALVE_ID_LAN><TERRORIST>" killed "Cable<5><VALVE_ID_LAN><CT>" with "glock18"
L 06/19/2018 - 12:45:45: "@te<3><VALVE_ID_LAN><CT>" killed "GARGAMEL O ESTRIPADOR<2><VALVE_ID_LAN><TERRORIST>" with "mac10"
L 06/19/2018 - 12:45:47: "INDIO<1><VALVE_ID_LOOPBACK><CT>" killed "Calango<4><VALVE_ID_LAN><TERRORIST>" with "xm1014"
L 06/19/2018 - 12:45:47: Team "CT" triggered "CTs_Win" (CT "15") (T "12")
L 06/19/2018 - 12:45:47: World triggered "Round_End"
L 06/19/2018 - 12:45:49: "Cable<5><VALVE_ID_LAN><CT>" say "vitoria" (dead)
L 06/19/2018 - 12:45:51: "Cable<5><VALVE_ID_LAN><CT>" say "vitoria" (dead)
L 06/19/2018 - 12:45:52: World triggered "Round_Start"
L 06/19/2018 - 12:45:53: "Cable<5><VALVE_ID_LAN><CT>" say "vutira"
L 06/19/2018 - 12:45:54: Team "CT" scored "15" with "3" players
L 06/19/2018 - 12:45:54: Team "TERRORIST" scored "12" with "3" players
L 06/19/2018 - 12:46:03: "INDIO<1><VALVE_ID_LOOPBACK><CT>" triggered "weaponstats" (weapon "grenade") (shots "7") (hits "1") (kills "0") (headshots "0") (tks "0") (damage "30") (deaths "1")
L 06/19/2018 - 12:46:03: "INDIO<1><VALVE_ID_LOOPBACK><CT>" triggered "weaponstats2" (weapon "grenade") (head "0") (chest "0") (stomach "0") (leftarm "0") (rightarm "0") (leftleg "0") (rightleg "0")
L 06/19/2018 - 12:46:03: "INDIO<1><VALVE_ID_LOOPBACK><CT>" triggered "weaponstats" (weapon "xm1014") (shots "63") (hits "38") (kills "18") (headshots "3") (tks "0") (damage "2557") (deaths "7")
L 06/19/2018 - 12:46:03: "INDIO<1><VALVE_ID_LOOPBACK><CT>" triggered "weaponstats2" (weapon "xm1014") (head "3") (chest "7") (stomach "6") (leftarm "9") (rightarm "3") (leftleg "7") (rightleg "3")
L 06/19/2018 - 12:46:03: "INDIO<1><VALVE_ID_LOOPBACK><CT>" triggered "weaponstats" (weapon "usp") (shots "15") (hits "1") (kills "0") (headshots "0") (tks "0") (damage "20") (deaths "1")
L 06/19/2018 - 12:46:03: "INDIO<1><VALVE_ID_LOOPBACK><CT>" triggered "weaponstats2" (weapon "usp") (head "0") (chest "0") (stomach "0") (leftarm "0") (rightarm "0") (leftleg "0") (rightleg "1")
L 06/19/2018 - 12:46:03: "INDIO<1><VALVE_ID_LOOPBACK><CT>" triggered "weaponstats" (weapon "mp5navy") (shots "35") (hits "12") (kills "3") (headshots "2") (tks "0") (damage "465") (deaths "2")
L 06/19/2018 - 12:46:03: "INDIO<1><VALVE_ID_LOOPBACK><CT>" triggered "weaponstats2" (weapon "mp5navy") (head "3") (chest "0") (stomach "2") (leftarm "4") (rightarm "1") (leftleg "0") (rightleg "2")
L 06/19/2018 - 12:46:03: "INDIO<1><VALVE_ID_LOOPBACK><CT>" triggered "weaponstats" (weapon "m4a1") (shots "54") (hits "7") (kills "2") (headshots "1") (tks "0") (damage "323") (deaths "3")
L 06/19/2018 - 12:46:03: "INDIO<1><VALVE_ID_LOOPBACK><CT>" triggered "weaponstats2" (weapon "m4a1") (head "1") (chest "1") (stomach "0") (leftarm "4") (rightarm "1") (leftleg "0") (rightleg "0")
L 06/19/2018 - 12:46:03: "INDIO<1><VALVE_ID_LOOPBACK><CT>" triggered "weaponstats" (weapon "knife") (shots "2") (hits "0") (kills "0") (headshots "0") (tks "0") (damage "0") (deaths "3")
L 06/19/2018 - 12:46:03: "INDIO<1><VALVE_ID_LOOPBACK><CT>" triggered "weaponstats2" (weapon "knife") (head "0") (chest "0") (stomach "0") (leftarm "0") (rightarm "0") (leftleg "0") (rightleg "0")
L 06/19/2018 - 12:46:03: "INDIO<1><VALVE_ID_LOOPBACK><CT>" triggered "time" (time "10:29")
L 06/19/2018 - 12:46:03: "INDIO<1><VALVE_ID_LOOPBACK><CT>" triggered "latency" (ping "0")
L 06/19/2018 - 12:46:03: "GARGAMEL O ESTRIPADOR<2><VALVE_ID_LAN><TERRORIST>" triggered "weaponstats" (weapon "grenade") (shots "1") (hits "0") (kills "0") (headshots "0") (tks "0") (damage "0") (deaths "1")
L 06/19/2018 - 12:46:03: "GARGAMEL O ESTRIPADOR<2><VALVE_ID_LAN><TERRORIST>" triggered "weaponstats2" (weapon "grenade") (head "0") (chest "0") (stomach "0") (leftarm "0") (rightarm "0") (leftleg "0") (rightleg "0")
L 06/19/2018 - 12:46:03: "GARGAMEL O ESTRIPADOR<2><VALVE_ID_LAN><TERRORIST>" triggered "weaponstats" (weapon "xm1014") (shots "3") (hits "0") (kills "0") (headshots "0") (tks "0") (damage "0") (deaths "1")
L 06/19/2018 - 12:46:03: "GARGAMEL O ESTRIPADOR<2><VALVE_ID_LAN><TERRORIST>" triggered "weaponstats2" (weapon "xm1014") (head "0") (chest "0") (stomach "0") (leftarm "0") (rightarm "0") (leftleg "0") (rightleg "0")
L 06/19/2018 - 12:46:03: "GARGAMEL O ESTRIPADOR<2><VALVE_ID_LAN><TERRORIST>" triggered "weaponstats" (weapon "aug") (shots "70") (hits "14") (kills "5") (headshots "4") (tks "0") (damage "787") (deaths "4")
L 06/19/2018 - 12:46:03: "GARGAMEL O ESTRIPADOR<2><VALVE_ID_LAN><TERRORIST>" triggered "weaponstats2" (weapon "aug") (head "4") (chest "4") (stomach "2") (leftarm "2") (rightarm "0") (leftleg "0") (rightleg "2")
L 06/19/2018 - 12:46:03: "GARGAMEL O ESTRIPADOR<2><VALVE_ID_LAN><TERRORIST>" triggered "weaponstats" (weapon "glock18") (shots "4") (hits "0") (kills "0") (headshots "0") (tks "0") (damage "0") (deaths "0")
L 06/19/2018 - 12:46:03: "GARGAMEL O ESTRIPADOR<2><VALVE_ID_LAN><TERRORIST>" triggered "weaponstats2" (weapon "glock18") (head "0") (chest "0") (stomach "0") (leftarm "0") (rightarm "0") (leftleg "0") (rightleg "0")
L 06/19/2018 - 12:46:03: "GARGAMEL O ESTRIPADOR<2><VALVE_ID_LAN><TERRORIST>" triggered "weaponstats" (weapon "m3") (shots "8") (hits "6") (kills "4") (headshots "0") (tks "0") (damage "537") (deaths "5")
L 06/19/2018 - 12:46:03: "GARGAMEL O ESTRIPADOR<2><VALVE_ID_LAN><TERRORIST>" triggered "weaponstats2" (weapon "m3") (head "0") (chest "0") (stomach "1") (leftarm "3") (rightarm "2") (leftleg "0") (rightleg "0")
L 06/19/2018 - 12:46:03: "GARGAMEL O ESTRIPADOR<2><VALVE_ID_LAN><TERRORIST>" triggered "weaponstats" (weapon "m4a1") (shots "32") (hits "8") (kills "2") (headshots "1") (tks "0") (damage "326") (deaths "4")
L 06/19/2018 - 12:46:03: "GARGAMEL O ESTRIPADOR<2><VALVE_ID_LAN><TERRORIST>" triggered "weaponstats2" (weapon "m4a1") (head "1") (chest "0") (stomach "1") (leftarm "2") (rightarm "0") (leftleg "0") (rightleg "4")
L 06/19/2018 - 12:46:03: "GARGAMEL O ESTRIPADOR<2><VALVE_ID_LAN><TERRORIST>" triggered "weaponstats" (weapon "ak47") (shots "51") (hits "7") (kills "1") (headshots "0") (tks "0") (damage "264") (deaths "4")
L 06/19/2018 - 12:46:03: "GARGAMEL O ESTRIPADOR<2><VALVE_ID_LAN><TERRORIST>" triggered "weaponstats2" (weapon "ak47") (head "0") (chest "3") (stomach "2") (leftarm "1") (rightarm "0") (leftleg "1") (rightleg "0")
L 06/19/2018 - 12:46:03: "GARGAMEL O ESTRIPADOR<2><VALVE_ID_LAN><TERRORIST>" triggered "time" (time "10:26")
L 06/19/2018 - 12:46:03: "GARGAMEL O ESTRIPADOR<2><VALVE_ID_LAN><TERRORIST>" triggered "latency" (ping "8")
L 06/19/2018 - 12:46:03: "@te<3><VALVE_ID_LAN><CT>" triggered "weaponstats" (weapon "grenade") (shots "7") (hits "5") (kills "0") (headshots "0") (tks "0") (damage "247") (deaths "1")
L 06/19/2018 - 12:46:03: "@te<3><VALVE_ID_LAN><CT>" triggered "weaponstats2" (weapon "grenade") (head "0") (chest "0") (stomach "0") (leftarm "0") (rightarm "0") (leftleg "0") (rightleg "0")
L 06/19/2018 - 12:46:03: "@te<3><VALVE_ID_LAN><CT>" triggered "weaponstats" (weapon "xm1014") (shots "18") (hits "6") (kills "3") (headshots "1") (tks "0") (damage "803") (deaths "3")
L 06/19/2018 - 12:46:03: "@te<3><VALVE_ID_LAN><CT>" triggered "weaponstats2" (weapon "xm1014") (head "1") (chest "1") (stomach "0") (leftarm "1") (rightarm "2") (leftleg "0") (rightleg "1")
L 06/19/2018 - 12:46:03: "@te<3><VALVE_ID_LAN><CT>" triggered "weaponstats" (weapon "mac10") (shots "18") (hits "2") (kills "1") (headshots "0") (tks "0") (damage "55") (deaths "1")
L 06/19/2018 - 12:46:03: "@te<3><VALVE_ID_LAN><CT>" triggered "weaponstats2" (weapon "mac10") (head "0") (chest "1") (stomach "0") (leftarm "0") (rightarm "1") (leftleg "0") (rightleg "0")
L 06/19/2018 - 12:46:03: "@te<3><VALVE_ID_LAN><CT>" triggered "weaponstats" (weapon "aug") (shots "113") (hits "27") (kills "6") (headshots "1") (tks "0") (damage "850") (deaths "5")
L 06/19/2018 - 12:46:03: "@te<3><VALVE_ID_LAN><CT>" triggered "weaponstats2" (weapon "aug") (head "1") (chest "0") (stomach "6") (leftarm "10") (rightarm "3") (leftleg "2") (rightleg "5")
L 06/19/2018 - 12:46:03: "@te<3><VALVE_ID_LAN><CT>" triggered "weaponstats" (weapon "usp") (shots "2") (hits "0") (kills "0") (headshots "0") (tks "0") (damage "0") (deaths "0")
L 06/19/2018 - 12:46:03: "@te<3><VALVE_ID_LAN><CT>" triggered "weaponstats2" (weapon "usp") (head "0") (chest "0") (stomach "0") (leftarm "0") (rightarm "0") (leftleg "0") (rightleg "0")
L 06/19/2018 - 12:46:03: "@te<3><VALVE_ID_LAN><CT>" triggered "weaponstats" (weapon "mp5navy") (shots "56") (hits "11") (kills "3") (headshots "0") (tks "0") (damage "246") (deaths "0")
L 06/19/2018 - 12:46:03: "@te<3><VALVE_ID_LAN><CT>" triggered "weaponstats2" (weapon "mp5navy") (head "0") (chest "5") (stomach "0") (leftarm "3") (rightarm "1") (leftleg "0") (rightleg "2")
L 06/19/2018 - 12:46:03: "@te<3><VALVE_ID_LAN><CT>" triggered "weaponstats" (weapon "m249") (shots "17") (hits "5") (kills "2") (headshots "1") (tks "0") (damage "231") (deaths "1")
L 06/19/2018 - 12:46:03: "@te<3><VALVE_ID_LAN><CT>" triggered "weaponstats2" (weapon "m249") (head "1") (chest "0") (stomach "0") (leftarm "1") (rightarm "0") (leftleg "0") (rightleg "3")
L 06/19/2018 - 12:46:03: "@te<3><VALVE_ID_LAN><CT>" triggered "weaponstats" (weapon "m4a1") (shots "1") (hits "0") (kills "0") (headshots "0") (tks "0") (damage "0") (deaths "0")
L 06/19/2018 - 12:46:03: "@te<3><VALVE_ID_LAN><CT>" triggered "weaponstats2" (weapon "m4a1") (head "0") (chest "0") (stomach "0") (leftarm "0") (rightarm "0") (leftleg "0") (rightleg "0")
L 06/19/2018 - 12:46:03: "@te<3><VALVE_ID_LAN><CT>" triggered "weaponstats" (weapon "ak47") (shots "11") (hits "1") (kills "1") (headshots "1") (tks "0") (damage "136") (deaths "1")
L 06/19/2018 - 12:46:03: "@te<3><VALVE_ID_LAN><CT>" triggered "weaponstats2" (weapon "ak47") (head "1") (chest "0") (stomach "0") (leftarm "0") (rightarm "0") (leftleg "0") (rightleg "0")
L 06/19/2018 - 12:46:03: "@te<3><VALVE_ID_LAN><CT>" triggered "weaponstats" (weapon "knife") (shots "2") (hits "0") (kills "0") (headshots "0") (tks "0") (damage "0") (deaths "4")
L 06/19/2018 - 12:46:03: "@te<3><VALVE_ID_LAN><CT>" triggered "weaponstats2" (weapon "knife") (head "0") (chest "0") (stomach "0") (leftarm "0") (rightarm "0") (leftleg "0") (rightleg "0")
L 06/19/2018 - 12:46:03: "@te<3><VALVE_ID_LAN><CT>" triggered "time" (time "10:05")
L 06/19/2018 - 12:46:03: "@te<3><VALVE_ID_LAN><CT>" triggered "latency" (ping "6")
L 06/19/2018 - 12:46:03: "Calango<4><VALVE_ID_LAN><TERRORIST>" triggered "weaponstats" (weapon "grenade") (shots "2") (hits "1") (kills "0") (headshots "0") (tks "0") (damage "5") (deaths "1")
L 06/19/2018 - 12:46:03: "Calango<4><VALVE_ID_LAN><TERRORIST>" triggered "weaponstats2" (weapon "grenade") (head "0") (chest "0") (stomach "0") (leftarm "0") (rightarm "0") (leftleg "0") (rightleg "0")
L 06/19/2018 - 12:46:03: "Calango<4><VALVE_ID_LAN><TERRORIST>" triggered "weaponstats" (weapon "xm1014") (shots "28") (hits "12") (kills "3") (headshots "1") (tks "0") (damage "1031") (deaths "6")
L 06/19/2018 - 12:46:03: "Calango<4><VALVE_ID_LAN><TERRORIST>" triggered "weaponstats2" (weapon "xm1014") (head "1") (chest "1") (stomach "0") (leftarm "6") (rightarm "2") (leftleg "1") (rightleg "1")
L 06/19/2018 - 12:46:03: "Calango<4><VALVE_ID_LAN><TERRORIST>" triggered "weaponstats" (weapon "mac10") (shots "102") (hits "17") (kills "4") (headshots "1") (tks "0") (damage "496") (deaths "3")
L 06/19/2018 - 12:46:03: "Calango<4><VALVE_ID_LAN><TERRORIST>" triggered "weaponstats2" (weapon "mac10") (head "1") (chest "2") (stomach "0") (leftarm "9") (rightarm "4") (leftleg "0") (rightleg "1")
L 06/19/2018 - 12:46:03: "Calango<4><VALVE_ID_LAN><TERRORIST>" triggered "weaponstats" (weapon "aug") (shots "37") (hits "4") (kills "1") (headshots "0") (tks "0") (damage "132") (deaths "3")
L 06/19/2018 - 12:46:03: "Calango<4><VALVE_ID_LAN><TERRORIST>" triggered "weaponstats2" (weapon "aug") (head "0") (chest "2") (stomach "0") (leftarm "0") (rightarm "2") (leftleg "0") (rightleg "0")
L 06/19/2018 - 12:46:03: "Calango<4><VALVE_ID_LAN><TERRORIST>" triggered "weaponstats" (weapon "glock18") (shots "22") (hits "6") (kills "1") (headshots "1") (tks "0") (damage "203") (deaths "1")
L 06/19/2018 - 12:46:03: "Calango<4><VALVE_ID_LAN><TERRORIST>" triggered "weaponstats2" (weapon "glock18") (head "1") (chest "2") (stomach "0") (leftarm "0") (rightarm "2") (leftleg "1") (rightleg "0")
L 06/19/2018 - 12:46:03: "Calango<4><VALVE_ID_LAN><TERRORIST>" triggered "weaponstats" (weapon "awp") (shots "1") (hits "0") (kills "0") (headshots "0") (tks "0") (damage "0") (deaths "1")
L 06/19/2018 - 12:46:03: "Calango<4><VALVE_ID_LAN><TERRORIST>" triggered "weaponstats2" (weapon "awp") (head "0") (chest "0") (stomach "0") (leftarm "0") (rightarm "0") (leftleg "0") (rightleg "0")
L 06/19/2018 - 12:46:03: "Calango<4><VALVE_ID_LAN><TERRORIST>" triggered "weaponstats" (weapon "m249") (shots "7") (hits "0") (kills "0") (headshots "0") (tks "0") (damage "0") (deaths "0")
L 06/19/2018 - 12:46:03: "Calango<4><VALVE_ID_LAN><TERRORIST>" triggered "weaponstats2" (weapon "m249") (head "0") (chest "0") (stomach "0") (leftarm "0") (rightarm "0") (leftleg "0") (rightleg "0")
L 06/19/2018 - 12:46:03: "Calango<4><VALVE_ID_LAN><TERRORIST>" triggered "weaponstats" (weapon "m3") (shots "1") (hits "1") (kills "1") (headshots "0") (tks "0") (damage "136") (deaths "1")
L 06/19/2018 - 12:46:03: "Calango<4><VALVE_ID_LAN><TERRORIST>" triggered "weaponstats2" (weapon "m3") (head "0") (chest "0") (stomach "0") (leftarm "0") (rightarm "0") (leftleg "0") (rightleg "1")
L 06/19/2018 - 12:46:03: "Calango<4><VALVE_ID_LAN><TERRORIST>" triggered "weaponstats" (weapon "tmp") (shots "19") (hits "3") (kills "1") (headshots "0") (tks "0") (damage "53") (deaths "0")
L 06/19/2018 - 12:46:03: "Calango<4><VALVE_ID_LAN><TERRORIST>" triggered "weaponstats2" (weapon "tmp") (head "0") (chest "2") (stomach "0") (leftarm "1") (rightarm "0") (leftleg "0") (rightleg "0")
L 06/19/2018 - 12:46:03: "Calango<4><VALVE_ID_LAN><TERRORIST>" triggered "weaponstats" (weapon "g3sg1") (shots "21") (hits "3") (kills "1") (headshots "0") (tks "0") (damage "100") (deaths "1")
L 06/19/2018 - 12:46:03: "Calango<4><VALVE_ID_LAN><TERRORIST>" triggered "weaponstats2" (weapon "g3sg1") (head "0") (chest "1") (stomach "0") (leftarm "1") (rightarm "1") (leftleg "0") (rightleg "0")
L 06/19/2018 - 12:46:03: "Calango<4><VALVE_ID_LAN><TERRORIST>" triggered "weaponstats" (weapon "ak47") (shots "10") (hits "1") (kills "1") (headshots "1") (tks "0") (damage "148") (deaths "1")
L 06/19/2018 - 12:46:03: "Calango<4><VALVE_ID_LAN><TERRORIST>" triggered "weaponstats2" (weapon "ak47") (head "1") (chest "0") (stomach "0") (leftarm "0") (rightarm "0") (leftleg "0") (rightleg "0")
L 06/19/2018 - 12:46:03: "Calango<4><VALVE_ID_LAN><TERRORIST>" triggered "weaponstats" (weapon "knife") (shots "1") (hits "1") (kills "0") (headshots "0") (tks "0") (damage "65") (deaths "4")
L 06/19/2018 - 12:46:03: "Calango<4><VALVE_ID_LAN><TERRORIST>" triggered "weaponstats2" (weapon "knife") (head "0") (chest "0") (stomach "0") (leftarm "0") (rightarm "1") (leftleg "0") (rightleg "0")
L 06/19/2018 - 12:46:03: "Calango<4><VALVE_ID_LAN><TERRORIST>" triggered "time" (time "10:05")
L 06/19/2018 - 12:46:03: "Calango<4><VALVE_ID_LAN><TERRORIST>" triggered "latency" (ping "11")
L 06/19/2018 - 12:46:03: "Cable<5><VALVE_ID_LAN><CT>" triggered "weaponstats" (weapon "grenade") (shots "7") (hits "5") (kills "0") (headshots "0") (tks "0") (damage "142") (deaths "1")
L 06/19/2018 - 12:46:03: "Cable<5><VALVE_ID_LAN><CT>" triggered "weaponstats2" (weapon "grenade") (head "0") (chest "0") (stomach "0") (leftarm "0") (rightarm "0") (leftleg "0") (rightleg "0")
L 06/19/2018 - 12:46:03: "Cable<5><VALVE_ID_LAN><CT>" triggered "weaponstats" (weapon "xm1014") (shots "7") (hits "4") (kills "1") (headshots "0") (tks "0") (damage "177") (deaths "1")
L 06/19/2018 - 12:46:03: "Cable<5><VALVE_ID_LAN><CT>" triggered "weaponstats2" (weapon "xm1014") (head "0") (chest "0") (stomach "0") (leftarm "1") (rightarm "2") (leftleg "0") (rightleg "1")
L 06/19/2018 - 12:46:03: "Cable<5><VALVE_ID_LAN><CT>" triggered "weaponstats" (weapon "mac10") (shots "17") (hits "6") (kills "1") (headshots "1") (tks "0") (damage "208") (deaths "1")
L 06/19/2018 - 12:46:03: "Cable<5><VALVE_ID_LAN><CT>" triggered "weaponstats2" (weapon "mac10") (head "1") (chest "1") (stomach "1") (leftarm "3") (rightarm "0") (leftleg "0") (rightleg "0")
L 06/19/2018 - 12:46:03: "Cable<5><VALVE_ID_LAN><CT>" triggered "weaponstats" (weapon "aug") (shots "27") (hits "8") (kills "1") (headshots "0") (tks "0") (damage "236") (deaths "0")
L 06/19/2018 - 12:46:03: "Cable<5><VALVE_ID_LAN><CT>" triggered "weaponstats2" (weapon "aug") (head "0") (chest "2") (stomach "0") (leftarm "1") (rightarm "3") (leftleg "0") (rightleg "2")
L 06/19/2018 - 12:46:03: "Cable<5><VALVE_ID_LAN><CT>" triggered "weaponstats" (weapon "usp") (shots "45") (hits "18") (kills "4") (headshots "1") (tks "0") (damage "509") (deaths "4")
L 06/19/2018 - 12:46:03: "Cable<5><VALVE_ID_LAN><CT>" triggered "weaponstats2" (weapon "usp") (head "1") (chest "5") (stomach "1") (leftarm "6") (rightarm "3") (leftleg "1") (rightleg "1")
L 06/19/2018 - 12:46:03: "Cable<5><VALVE_ID_LAN><CT>" triggered "weaponstats" (weapon "mp5navy") (shots "152") (hits "34") (kills "9") (headshots "6") (tks "0") (damage "1203") (deaths "4")
L 06/19/2018 - 12:46:03: "Cable<5><VALVE_ID_LAN><CT>" triggered "weaponstats2" (weapon "mp5navy") (head "7") (chest "8") (stomach "2") (leftarm "7") (rightarm "4") (leftleg "2") (rightleg "4")
L 06/19/2018 - 12:46:03: "Cable<5><VALVE_ID_LAN><CT>" triggered "weaponstats" (weapon "m4a1") (shots "67") (hits "22") (kills "4") (headshots "1") (tks "0") (damage "609") (deaths "5")
L 06/19/2018 - 12:46:03: "Cable<5><VALVE_ID_LAN><CT>" triggered "weaponstats2" (weapon "m4a1") (head "1") (chest "6") (stomach "3") (leftarm "7") (rightarm "0") (leftleg "4") (rightleg "1")
L 06/19/2018 - 12:46:03: "Cable<5><VALVE_ID_LAN><CT>" triggered "weaponstats" (weapon "ak47") (shots "42") (hits "8") (kills "2") (headshots "0") (tks "0") (damage "242") (deaths "1")
L 06/19/2018 - 12:46:03: "Cable<5><VALVE_ID_LAN><CT>" triggered "weaponstats2" (weapon "ak47") (head "1") (chest "2") (stomach "1") (leftarm "2") (rightarm "1") (leftleg "1") (rightleg "0")
L 06/19/2018 - 12:46:03: "Cable<5><VALVE_ID_LAN><CT>" triggered "weaponstats" (weapon "knife") (shots "1") (hits "1") (kills "0") (headshots "0") (tks "0") (damage "65") (deaths "2")
L 06/19/2018 - 12:46:03: "Cable<5><VALVE_ID_LAN><CT>" triggered "weaponstats2" (weapon "knife") (head "0") (chest "0") (stomach "0") (leftarm "0") (rightarm "1") (leftleg "0") (rightleg "0")
L 06/19/2018 - 12:46:03: "Cable<5><VALVE_ID_LAN><CT>" triggered "time" (time "9:52")
L 06/19/2018 - 12:46:03: "Cable<5><VALVE_ID_LAN><CT>" triggered "latency" (ping "7")
L 06/19/2018 - 12:46:03: "Calcas Peludas<6><VALVE_ID_LAN><TERRORIST>" triggered "weaponstats" (weapon "grenade") (shots "4") (hits "3") (kills "0") (headshots "0") (tks "0") (damage "144") (deaths "0")
L 06/19/2018 - 12:46:03: "Calcas Peludas<6><VALVE_ID_LAN><TERRORIST>" triggered "weaponstats2" (weapon "grenade") (head "0") (chest "0") (stomach "0") (leftarm "0") (rightarm "0") (leftleg "0") (rightleg "0")
L 06/19/2018 - 12:46:03: "Calcas Peludas<6><VALVE_ID_LAN><TERRORIST>" triggered "weaponstats" (weapon "xm1014") (shots "24") (hits "11") (kills "6") (headshots "2") (tks "0") (damage "1237") (deaths "6")
L 06/19/2018 - 12:46:03: "Calcas Peludas<6><VALVE_ID_LAN><TERRORIST>" triggered "weaponstats2" (weapon "xm1014") (head "2") (chest "3") (stomach "1") (leftarm "4") (rightarm "0") (leftleg "0") (rightleg "1")
L 06/19/2018 - 12:46:03: "Calcas Peludas<6><VALVE_ID_LAN><TERRORIST>" triggered "weaponstats" (weapon "mac10") (shots "19") (hits "3") (kills "0") (headshots "0") (tks "0") (damage "74") (deaths "0")
L 06/19/2018 - 12:46:03: "Calcas Peludas<6><VALVE_ID_LAN><TERRORIST>" triggered "weaponstats2" (weapon "mac10") (head "0") (chest "1") (stomach "1") (leftarm "1") (rightarm "0") (leftleg "0") (rightleg "0")
L 06/19/2018 - 12:46:03: "Calcas Peludas<6><VALVE_ID_LAN><TERRORIST>" triggered "weaponstats" (weapon "aug") (shots "56") (hits "11") (kills "3") (headshots "1") (tks "0") (damage "396") (deaths "3")
L 06/19/2018 - 12:46:03: "Calcas Peludas<6><VALVE_ID_LAN><TERRORIST>" triggered "weaponstats2" (weapon "aug") (head "1") (chest "2") (stomach "2") (leftarm "2") (rightarm "1") (leftleg "2") (rightleg "1")
L 06/19/2018 - 12:46:03: "Calcas Peludas<6><VALVE_ID_LAN><TERRORIST>" triggered "weaponstats" (weapon "glock18") (shots "2") (hits "0") (kills "0") (headshots "0") (tks "0") (damage "0") (deaths "0")
L 06/19/2018 - 12:46:03: "Calcas Peludas<6><VALVE_ID_LAN><TERRORIST>" triggered "weaponstats2" (weapon "glock18") (head "0") (chest "0") (stomach "0") (leftarm "0") (rightarm "0") (leftleg "0") (rightleg "0")
L 06/19/2018 - 12:46:03: "Calcas Peludas<6><VALVE_ID_LAN><TERRORIST>" triggered "weaponstats" (weapon "mp5navy") (shots "30") (hits "5") (kills "0") (headshots "0") (tks "0") (damage "168") (deaths "0")
L 06/19/2018 - 12:46:03: "Calcas Peludas<6><VALVE_ID_LAN><TERRORIST>" triggered "weaponstats2" (weapon "mp5navy") (head "1") (chest "0") (stomach "3") (leftarm "1") (rightarm "0") (leftleg "0") (rightleg "0")
L 06/19/2018 - 12:46:03: "Calcas Peludas<6><VALVE_ID_LAN><TERRORIST>" triggered "weaponstats" (weapon "m4a1") (shots "244") (hits "50") (kills "14") (headshots "2") (tks "0") (damage "1618") (deaths "4")
L 06/19/2018 - 12:46:03: "Calcas Peludas<6><VALVE_ID_LAN><TERRORIST>" triggered "weaponstats2" (weapon "m4a1") (head "3") (chest "9") (stomach "5") (leftarm "14") (rightarm "3") (leftleg "6") (rightleg "10")
L 06/19/2018 - 12:46:03: "Calcas Peludas<6><VALVE_ID_LAN><TERRORIST>" triggered "weaponstats" (weapon "ak47") (shots "54") (hits "7") (kills "4") (headshots "2") (tks "0") (damage "431") (deaths "2")
L 06/19/2018 - 12:46:03: "Calcas Peludas<6><VALVE_ID_LAN><TERRORIST>" triggered "weaponstats2" (weapon "ak47") (head "2") (chest "1") (stomach "0") (leftarm "2") (rightarm "2") (leftleg "0") (rightleg "0")
L 06/19/2018 - 12:46:03: "Calcas Peludas<6><VALVE_ID_LAN><TERRORIST>" triggered "weaponstats" (weapon "knife") (shots "3") (hits "2") (kills "1") (headshots "1") (tks "0") (damage "325") (deaths "1")
L 06/19/2018 - 12:46:03: "Calcas Peludas<6><VALVE_ID_LAN><TERRORIST>" triggered "weaponstats2" (weapon "knife") (head "1") (chest "0") (stomach "0") (leftarm "0") (rightarm "0") (leftleg "1") (rightleg "0")
L 06/19/2018 - 12:46:03: "Calcas Peludas<6><VALVE_ID_LAN><TERRORIST>" triggered "time" (time "9:50")
L 06/19/2018 - 12:46:03: "Calcas Peludas<6><VALVE_ID_LAN><TERRORIST>" triggered "latency" (ping "12")
L 06/19/2018 - 12:46:03: [META] ini: Begin re-reading plugins list: c:/valve/cstrike/addons/metamod/plugins.ini
L 06/19/2018 - 12:46:03: [META] ini: Read plugin config for: AMX
L 06/19/2018 - 12:46:03: [META] ini: Read plugin config for: WinHL-Booster
L 06/19/2018 - 12:46:03: [META] ERROR: ini: Skipping plugin, couldn't stat file 'addons/hlguard/dlls/hlguard_mm_nightly.dll': No such file or directory
L 06/19/2018 - 12:46:03: [META] ini: Read plugin config for: WebMod
L 06/19/2018 - 12:46:03: [META] ini: Finished reading plugins list: c:/valve/cstrike/addons/metamod/plugins.ini; Found 3 plugins
L 06/19/2018 - 12:46:03: [META] dll: Updating plugins...
L 06/19/2018 - 12:46:03: [META] ERROR: dll: Failed query plugin '<hlguard_mm_nightly.dll>'; Couldn't open file 'addons/hlguard/dlls/hlguard_mm_nightly.dll': Não foi possível encontrar o módulo especificado.

L 06/19/2018 - 12:46:03: [META] ERROR: dll: Skipping plugin '<hlguard_mm_nightly.dll>'; couldn't query
L 06/19/2018 - 12:46:03: [META] dll: Finished updating 6 plugins; kept 3, loaded 0, unloaded 0, reloaded 0, delayed 0
L 06/19/2018 - 12:46:03: Log file closed
