L 06/11/2018 - 12:31:17: Log file started (file "logs\L0611000.log") (game "cstrike") (version "47/1.1.2.2/2603")
L 06/11/2018 - 12:31:21: "Calango<4><VALVE_ID_LAN><CT>" killed "Smolder<6><VALVE_ID_LAN><TERRORIST>" with "mac10"
L 06/11/2018 - 12:31:25: "XXBOT Xavier<5><BOT><TERRORIST>" killed "Calango<4><VALVE_ID_LAN><CT>" with "m249"
L 06/11/2018 - 12:31:30: "XXBOT Xavier<5><BOT><TERRORIST>" killed "Cap. Billy<3><VALVE_ID_LOOPBACK><CT>" with "m249"
L 06/11/2018 - 12:31:30: Team "TERRORIST" triggered "Terrorists_Win" (CT "2") (T "1")
L 06/11/2018 - 12:31:30: World triggered "Round_End"
L 06/11/2018 - 12:31:35: World triggered "Round_Start"
L 06/11/2018 - 12:31:39: "Calango<4><VALVE_ID_LAN><CT>" killed "Smolder<6><VALVE_ID_LAN><TERRORIST>" with "m4a1"
L 06/11/2018 - 12:31:43: "Inspetor Buginganga<7><VALVE_ID_LAN><>" connected, address "10.15.2.117:27005"
L 06/11/2018 - 12:31:43: "Cap. Billy<3><VALVE_ID_LOOPBACK><CT>" killed "XXBOT Xavier<5><BOT><TERRORIST>" with "mp5navy"
L 06/11/2018 - 12:31:43: Team "CT" triggered "CTs_Win" (CT "3") (T "1")
L 06/11/2018 - 12:31:43: World triggered "Round_End"
L 06/11/2018 - 12:31:48: World triggered "Round_Start"
L 06/11/2018 - 12:31:49: "Inspetor Buginganga<7><VALVE_ID_LAN><>" entered the game
L 06/11/2018 - 12:31:53: "Inspetor Buginganga<7><VALVE_ID_LAN><>" joined team "CT"
L 06/11/2018 - 12:31:58: "Smolder<6><VALVE_ID_LAN><TERRORIST>" killed "Cap. Billy<3><VALVE_ID_LOOPBACK><CT>" with "ak47"
L 06/11/2018 - 12:32:00: "Calango<4><VALVE_ID_LAN><CT>" killed "XXBOT Xavier<5><BOT><TERRORIST>" with "m4a1"
L 06/11/2018 - 12:32:02: "Smolder<6><VALVE_ID_LAN><TERRORIST>" killed "Calango<4><VALVE_ID_LAN><CT>" with "knife"
L 06/11/2018 - 12:32:04: "Calango<4><VALVE_ID_LAN><CT>" say "eitaa" (dead)
L 06/11/2018 - 12:32:05: "Smolder<6><VALVE_ID_LAN><TERRORIST>" killed "Inspetor Buginganga<7><VALVE_ID_LAN><CT>" with "ak47"
L 06/11/2018 - 12:32:05: Team "TERRORIST" triggered "Terrorists_Win" (CT "3") (T "2")
L 06/11/2018 - 12:32:05: World triggered "Round_End"
L 06/11/2018 - 12:32:07: "XXBOT Xander<8><BOT><>" joined team "TERRORIST"
L 06/11/2018 - 12:32:07: Server cvar "bot_quota" = "2"
L 06/11/2018 - 12:32:08: "XXBOT Xander<8><BOT><>" entered the game
L 06/11/2018 - 12:32:08: "Calango<4><VALVE_ID_LAN><CT>" say "de 100" (dead)
L 06/11/2018 - 12:32:10: World triggered "Round_Start"
L 06/11/2018 - 12:32:15: "Smolder<6><VALVE_ID_LAN><TERRORIST>" committed suicide with "grenade"
L 06/11/2018 - 12:32:15: "Calango<4><VALVE_ID_LAN><CT>" killed "XXBOT Xavier<5><BOT><TERRORIST>" with "mac10"
L 06/11/2018 - 12:32:18: "Calango<4><VALVE_ID_LAN><CT>" killed "XXBOT Xander<8><BOT><TERRORIST>" with "mac10"
L 06/11/2018 - 12:32:18: Team "CT" triggered "CTs_Win" (CT "4") (T "2")
L 06/11/2018 - 12:32:18: World triggered "Round_End"
L 06/11/2018 - 12:32:23: World triggered "Round_Start"
L 06/11/2018 - 12:32:26: "Cap. Billy<3><VALVE_ID_LOOPBACK><CT>" killed "Smolder<6><VALVE_ID_LAN><TERRORIST>" with "mp5navy"
L 06/11/2018 - 12:32:32: "Inspetor Buginganga<7><VALVE_ID_LAN><CT>" killed "XXBOT Xander<8><BOT><TERRORIST>" with "xm1014"
L 06/11/2018 - 12:32:32: "Smolder<6><VALVE_ID_LAN><TERRORIST>" say "boa tarde" (dead)
L 06/11/2018 - 12:32:33: "Cap. Billy<3><VALVE_ID_LOOPBACK><CT>" killed "XXBOT Xavier<5><BOT><TERRORIST>" with "mp5navy"
L 06/11/2018 - 12:32:33: Team "CT" triggered "CTs_Win" (CT "5") (T "2")
L 06/11/2018 - 12:32:33: World triggered "Round_End"
L 06/11/2018 - 12:32:38: World triggered "Round_Start"
L 06/11/2018 - 12:32:45: "Cap. Billy<3><VALVE_ID_LOOPBACK><CT>" killed "XXBOT Xavier<5><BOT><TERRORIST>" with "xm1014"
L 06/11/2018 - 12:32:45: "Calango<4><VALVE_ID_LAN><CT>" killed "XXBOT Xander<8><BOT><TERRORIST>" with "mac10"
L 06/11/2018 - 12:32:48: "Smolder<6><VALVE_ID_LAN><TERRORIST>" killed "Cap. Billy<3><VALVE_ID_LOOPBACK><CT>" with "ak47"
L 06/11/2018 - 12:32:49: "Calango<4><VALVE_ID_LAN><CT>" killed "Smolder<6><VALVE_ID_LAN><TERRORIST>" with "mac10"
L 06/11/2018 - 12:32:49: Team "CT" triggered "CTs_Win" (CT "6") (T "2")
L 06/11/2018 - 12:32:49: World triggered "Round_End"
L 06/11/2018 - 12:32:54: World triggered "Round_Start"
L 06/11/2018 - 12:32:59: "Cap. Billy<3><VALVE_ID_LOOPBACK><CT>" killed "XXBOT Xander<8><BOT><TERRORIST>" with "aug"
L 06/11/2018 - 12:33:01: "XXBOT Xavier<5><BOT><TERRORIST>" killed "Calango<4><VALVE_ID_LAN><CT>" with "m4a1"
L 06/11/2018 - 12:33:03: "Cap. Billy<3><VALVE_ID_LOOPBACK><CT>" killed "XXBOT Xavier<5><BOT><TERRORIST>" with "aug"
L 06/11/2018 - 12:33:09: "Cap. Billy<3><VALVE_ID_LOOPBACK><CT>" killed "Smolder<6><VALVE_ID_LAN><TERRORIST>" with "aug"
L 06/11/2018 - 12:33:09: Team "CT" triggered "CTs_Win" (CT "7") (T "2")
L 06/11/2018 - 12:33:09: World triggered "Round_End"
L 06/11/2018 - 12:33:14: World triggered "Round_Start"
L 06/11/2018 - 12:33:18: "Smolder<6><VALVE_ID_LAN><TERRORIST>" killed "Inspetor Buginganga<7><VALVE_ID_LAN><CT>" with "xm1014"
L 06/11/2018 - 12:33:18: "Cap. Billy<3><VALVE_ID_LOOPBACK><CT>" killed "Smolder<6><VALVE_ID_LAN><TERRORIST>" with "aug"
L 06/11/2018 - 12:33:23: "Cap. Billy<3><VALVE_ID_LOOPBACK><CT>" killed "XXBOT Xander<8><BOT><TERRORIST>" with "aug"
L 06/11/2018 - 12:33:26: "Calango<4><VALVE_ID_LAN><CT>" killed "XXBOT Xavier<5><BOT><TERRORIST>" with "xm1014"
L 06/11/2018 - 12:33:26: Team "CT" triggered "CTs_Win" (CT "8") (T "2")
L 06/11/2018 - 12:33:26: World triggered "Round_End"
L 06/11/2018 - 12:33:31: World triggered "Round_Start"
L 06/11/2018 - 12:33:37: "Cap. Billy<3><VALVE_ID_LOOPBACK><CT>" killed "XXBOT Xavier<5><BOT><TERRORIST>" with "aug"
L 06/11/2018 - 12:33:40: "Calango<4><VALVE_ID_LAN><CT>" killed "Smolder<6><VALVE_ID_LAN><TERRORIST>" with "xm1014"
L 06/11/2018 - 12:33:43: "Cap. Billy<3><VALVE_ID_LOOPBACK><CT>" killed "XXBOT Xander<8><BOT><TERRORIST>" with "aug"
L 06/11/2018 - 12:33:43: Team "CT" triggered "CTs_Win" (CT "9") (T "2")
L 06/11/2018 - 12:33:43: World triggered "Round_End"
L 06/11/2018 - 12:33:48: World triggered "Round_Start"
L 06/11/2018 - 12:33:52: "Calango<4><VALVE_ID_LAN><CT>" killed "Smolder<6><VALVE_ID_LAN><TERRORIST>" with "xm1014"
L 06/11/2018 - 12:33:54: "Calango<4><VALVE_ID_LAN><CT>" killed "XXBOT Xavier<5><BOT><TERRORIST>" with "xm1014"
L 06/11/2018 - 12:33:54: "Calango<4><VALVE_ID_LAN><CT>" killed "XXBOT Xander<8><BOT><TERRORIST>" with "xm1014"
L 06/11/2018 - 12:33:54: Team "CT" triggered "CTs_Win" (CT "10") (T "2")
L 06/11/2018 - 12:33:54: World triggered "Round_End"
L 06/11/2018 - 12:34:00: World triggered "Round_Start"
L 06/11/2018 - 12:34:00: "Cap. Billy<3><VALVE_ID_LOOPBACK><CT>" say_team "passa pra lah calango"
L 06/11/2018 - 12:34:03: "Smolder<6><VALVE_ID_LAN><TERRORIST>" killed "Calango<4><VALVE_ID_LAN><CT>" with "mp5navy"
L 06/11/2018 - 12:34:06: "Cap. Billy<3><VALVE_ID_LOOPBACK><CT>" killed "XXBOT Xander<8><BOT><TERRORIST>" with "aug"
L 06/11/2018 - 12:34:08: "Cap. Billy<3><VALVE_ID_LOOPBACK><CT>" killed "XXBOT Xavier<5><BOT><TERRORIST>" with "aug"
L 06/11/2018 - 12:34:08: "Smolder<6><VALVE_ID_LAN><TERRORIST>" killed "Cap. Billy<3><VALVE_ID_LOOPBACK><CT>" with "mp5navy"
L 06/11/2018 - 12:34:10: "Calango<4><VALVE_ID_LAN><CT>" joined team "TERRORIST"
L 06/11/2018 - 12:34:18: "Inspetor Buginganga<7><VALVE_ID_LAN><CT>" killed "Smolder<6><VALVE_ID_LAN><TERRORIST>" with "aug"
L 06/11/2018 - 12:34:18: Team "CT" triggered "CTs_Win" (CT "11") (T "2")
L 06/11/2018 - 12:34:18: World triggered "Round_End"
L 06/11/2018 - 12:34:20: Server cvar "bot_quota" = "1"
L 06/11/2018 - 12:34:20: Server cvar "bot_quota" = "0"
L 06/11/2018 - 12:34:20: Kick: "XXBOT Xavier<5><UNKNOWN><>" was kicked by "Cap. Billy"
L 06/11/2018 - 12:34:20: "XXBOT Xavier<5><BOT><TERRORIST>" disconnected
L 06/11/2018 - 12:34:20: Kick: "XXBOT Xander<8><UNKNOWN><>" was kicked by "Cap. Billy"
L 06/11/2018 - 12:34:20: "XXBOT Xander<8><BOT><TERRORIST>" disconnected
L 06/11/2018 - 12:34:23: World triggered "Round_Start"
L 06/11/2018 - 12:34:28: "Inspetor Buginganga<7><VALVE_ID_LAN><CT>" killed "Calango<4><VALVE_ID_LAN><TERRORIST>" with "mp5navy"
L 06/11/2018 - 12:34:30: "Smolder<6><VALVE_ID_LAN><TERRORIST>" killed "Inspetor Buginganga<7><VALVE_ID_LAN><CT>" with "knife"
L 06/11/2018 - 12:34:35: "Cap. Billy<3><VALVE_ID_LOOPBACK><CT>" killed "Smolder<6><VALVE_ID_LAN><TERRORIST>" with "mp5navy"
L 06/11/2018 - 12:34:35: Team "CT" triggered "CTs_Win" (CT "12") (T "2")
L 06/11/2018 - 12:34:35: World triggered "Round_End"
L 06/11/2018 - 12:34:40: World triggered "Round_Start"
L 06/11/2018 - 12:34:47: "Smolder<6><VALVE_ID_LAN><TERRORIST>" killed "Inspetor Buginganga<7><VALVE_ID_LAN><CT>" with "xm1014"
L 06/11/2018 - 12:34:48: "Cap. Billy<3><VALVE_ID_LOOPBACK><CT>" killed "Smolder<6><VALVE_ID_LAN><TERRORIST>" with "mp5navy"
L 06/11/2018 - 12:34:49: "Cap. Billy<3><VALVE_ID_LOOPBACK><CT>" killed "Calango<4><VALVE_ID_LAN><TERRORIST>" with "mp5navy"
L 06/11/2018 - 12:34:49: Team "CT" triggered "CTs_Win" (CT "13") (T "2")
L 06/11/2018 - 12:34:49: World triggered "Round_End"
L 06/11/2018 - 12:34:54: World triggered "Round_Start"
L 06/11/2018 - 12:35:00: "Calango<4><VALVE_ID_LAN><TERRORIST>" killed "Inspetor Buginganga<7><VALVE_ID_LAN><CT>" with "aug"
L 06/11/2018 - 12:35:01: "Cap. Billy<3><VALVE_ID_LOOPBACK><CT>" killed "Calango<4><VALVE_ID_LAN><TERRORIST>" with "mp5navy"
L 06/11/2018 - 12:35:01: "Cap. Billy<3><VALVE_ID_LOOPBACK><CT>" killed "Smolder<6><VALVE_ID_LAN><TERRORIST>" with "mp5navy"
L 06/11/2018 - 12:35:01: Team "CT" triggered "CTs_Win" (CT "14") (T "2")
L 06/11/2018 - 12:35:01: World triggered "Round_End"
L 06/11/2018 - 12:35:07: World triggered "Round_Start"
L 06/11/2018 - 12:35:09: "Calango<4><VALVE_ID_LAN><TERRORIST>" killed "Inspetor Buginganga<7><VALVE_ID_LAN><CT>" with "ak47"
L 06/11/2018 - 12:35:15: "Calango<4><VALVE_ID_LAN><TERRORIST>" killed "Cap. Billy<3><VALVE_ID_LOOPBACK><CT>" with "ak47"
L 06/11/2018 - 12:35:15: Team "TERRORIST" triggered "Terrorists_Win" (CT "14") (T "3")
L 06/11/2018 - 12:35:15: World triggered "Round_End"
L 06/11/2018 - 12:35:20: World triggered "Round_Start"
L 06/11/2018 - 12:35:37: "Cap. Billy<3><VALVE_ID_LOOPBACK><CT>" killed "Smolder<6><VALVE_ID_LAN><TERRORIST>" with "aug"
L 06/11/2018 - 12:35:56: "Calango<4><VALVE_ID_LAN><TERRORIST>" killed "Inspetor Buginganga<7><VALVE_ID_LAN><CT>" with "ak47"
L 06/11/2018 - 12:35:58: "Cap. Billy<3><VALVE_ID_LOOPBACK><CT>" killed "Calango<4><VALVE_ID_LAN><TERRORIST>" with "xm1014"
L 06/11/2018 - 12:35:58: Team "CT" triggered "CTs_Win" (CT "15") (T "3")
L 06/11/2018 - 12:35:58: World triggered "Round_End"
L 06/11/2018 - 12:36:03: World triggered "Round_Start"
L 06/11/2018 - 12:36:12: "Cap. Billy<3><VALVE_ID_LOOPBACK><CT>" killed "Smolder<6><VALVE_ID_LAN><TERRORIST>" with "xm1014"
L 06/11/2018 - 12:36:25: "Calango<4><VALVE_ID_LAN><TERRORIST>" killed "Inspetor Buginganga<7><VALVE_ID_LAN><CT>" with "ak47"
L 06/11/2018 - 12:36:27: "Cap. Billy<3><VALVE_ID_LOOPBACK><CT>" killed "Calango<4><VALVE_ID_LAN><TERRORIST>" with "xm1014"
L 06/11/2018 - 12:36:27: Team "CT" triggered "CTs_Win" (CT "16") (T "3")
L 06/11/2018 - 12:36:27: World triggered "Round_End"
L 06/11/2018 - 12:36:32: World triggered "Round_Start"
L 06/11/2018 - 12:36:45: "Calango<4><VALVE_ID_LAN><TERRORIST>" killed "Inspetor Buginganga<7><VALVE_ID_LAN><CT>" with "m4a1"
L 06/11/2018 - 12:36:48: "Cap. Billy<3><VALVE_ID_LOOPBACK><CT>" killed "Smolder<6><VALVE_ID_LAN><TERRORIST>" with "knife"
L 06/11/2018 - 12:36:57: "Calango<4><VALVE_ID_LAN><TERRORIST>" killed "Cap. Billy<3><VALVE_ID_LOOPBACK><CT>" with "m4a1"
L 06/11/2018 - 12:36:57: Team "TERRORIST" triggered "Terrorists_Win" (CT "16") (T "4")
L 06/11/2018 - 12:36:57: World triggered "Round_End"
L 06/11/2018 - 12:37:02: World triggered "Round_Start"
L 06/11/2018 - 12:37:14: "Calango<4><VALVE_ID_LAN><TERRORIST>" killed "Inspetor Buginganga<7><VALVE_ID_LAN><CT>" with "m4a1"
L 06/11/2018 - 12:37:14: "Cap. Billy<3><VALVE_ID_LOOPBACK><CT>" killed "Calango<4><VALVE_ID_LAN><TERRORIST>" with "m4a1"
L 06/11/2018 - 12:37:17: "Cap. Billy<3><VALVE_ID_LOOPBACK><CT>" killed "Smolder<6><VALVE_ID_LAN><TERRORIST>" with "m4a1"
L 06/11/2018 - 12:37:17: Team "CT" triggered "CTs_Win" (CT "17") (T "4")
L 06/11/2018 - 12:37:17: World triggered "Round_End"
L 06/11/2018 - 12:37:22: World triggered "Round_Start"
L 06/11/2018 - 12:37:28: "Calango<4><VALVE_ID_LAN><TERRORIST>" killed "Inspetor Buginganga<7><VALVE_ID_LAN><CT>" with "aug"
L 06/11/2018 - 12:37:30: "Cap. Billy<3><VALVE_ID_LOOPBACK><CT>" killed "Smolder<6><VALVE_ID_LAN><TERRORIST>" with "m4a1"
L 06/11/2018 - 12:37:33: "Cap. Billy<3><VALVE_ID_LOOPBACK><CT>" killed "Calango<4><VALVE_ID_LAN><TERRORIST>" with "m4a1"
L 06/11/2018 - 12:37:33: Team "CT" triggered "CTs_Win" (CT "18") (T "4")
L 06/11/2018 - 12:37:33: World triggered "Round_End"
L 06/11/2018 - 12:37:38: World triggered "Round_Start"
L 06/11/2018 - 12:37:44: "Smolder<6><VALVE_ID_LAN><TERRORIST>" killed "Inspetor Buginganga<7><VALVE_ID_LAN><CT>" with "knife"
L 06/11/2018 - 12:37:45: "Cap. Billy<3><VALVE_ID_LOOPBACK><CT>" killed "Calango<4><VALVE_ID_LAN><TERRORIST>" with "m4a1"
L 06/11/2018 - 12:37:52: "Cap. Billy<3><VALVE_ID_LOOPBACK><CT>" killed "Smolder<6><VALVE_ID_LAN><TERRORIST>" with "m4a1"
L 06/11/2018 - 12:37:52: Team "CT" triggered "CTs_Win" (CT "19") (T "4")
L 06/11/2018 - 12:37:52: World triggered "Round_End"
L 06/11/2018 - 12:37:57: World triggered "Round_Start"
L 06/11/2018 - 12:38:13: "Inspetor Buginganga<7><VALVE_ID_LAN><CT>" killed "Calango<4><VALVE_ID_LAN><TERRORIST>" with "aug"
L 06/11/2018 - 12:38:13: "Cap. Billy<3><VALVE_ID_LOOPBACK><CT>" killed "Smolder<6><VALVE_ID_LAN><TERRORIST>" with "knife"
L 06/11/2018 - 12:38:13: Team "CT" triggered "CTs_Win" (CT "20") (T "4")
L 06/11/2018 - 12:38:13: World triggered "Round_End"
L 06/11/2018 - 12:38:18: World triggered "Round_Start"
L 06/11/2018 - 12:38:25: "Cable<9><VALVE_ID_LAN><>" connected, address "10.15.2.104:27005"
L 06/11/2018 - 12:38:27: "Cap. Billy<3><VALVE_ID_LOOPBACK><CT>" killed "Smolder<6><VALVE_ID_LAN><TERRORIST>" with "m4a1"
L 06/11/2018 - 12:38:33: "Inspetor Buginganga<7><VALVE_ID_LAN><CT>" killed "Calango<4><VALVE_ID_LAN><TERRORIST>" with "aug"
L 06/11/2018 - 12:38:33: Team "CT" triggered "CTs_Win" (CT "21") (T "4")
L 06/11/2018 - 12:38:33: World triggered "Round_End"
L 06/11/2018 - 12:38:37: "Cable<9><VALVE_ID_LAN><>" entered the game
L 06/11/2018 - 12:38:38: World triggered "Round_Start"
L 06/11/2018 - 12:38:44: Server cvar "amx_nextmap" = "fy_stoneworld"
L 06/11/2018 - 12:38:44: "Cable<9><VALVE_ID_LAN><>" joined team "CT"
L 06/11/2018 - 12:38:49: "Calango<4><VALVE_ID_LAN><TERRORIST>" killed "Inspetor Buginganga<7><VALVE_ID_LAN><CT>" with "m4a1"
L 06/11/2018 - 12:38:51: "Cable<9><VALVE_ID_LAN><CT>" killed "Smolder<6><VALVE_ID_LAN><TERRORIST>" with "usp"
L 06/11/2018 - 12:38:52: "Cable<9><VALVE_ID_LAN><CT>" killed "Calango<4><VALVE_ID_LAN><TERRORIST>" with "usp"
L 06/11/2018 - 12:38:52: Team "CT" triggered "CTs_Win" (CT "22") (T "4")
L 06/11/2018 - 12:38:52: World triggered "Round_End"
L 06/11/2018 - 12:38:57: "XXBOT Tyler<10><BOT><>" joined team "TERRORIST"
L 06/11/2018 - 12:38:57: Server cvar "bot_quota" = "1"
L 06/11/2018 - 12:38:57: "XXBOT Tyler<10><BOT><>" entered the game
L 06/11/2018 - 12:38:57: World triggered "Round_Start"
L 06/11/2018 - 12:39:02: "Cable<9><VALVE_ID_LAN><CT>" killed "Cap. Billy<3><VALVE_ID_LOOPBACK><CT>" with "grenade"
L 06/11/2018 - 12:39:02: "Cable<9><VALVE_ID_LAN><CT>" killed "Smolder<6><VALVE_ID_LAN><TERRORIST>" with "grenade"
L 06/11/2018 - 12:39:07: "Inspetor Buginganga<7><VALVE_ID_LAN><CT>" killed "Calango<4><VALVE_ID_LAN><TERRORIST>" with "tmp"
L 06/11/2018 - 12:39:08: "Cable<9><VALVE_ID_LAN><CT>" killed "XXBOT Tyler<10><BOT><TERRORIST>" with "m4a1"
L 06/11/2018 - 12:39:08: Team "CT" triggered "CTs_Win" (CT "23") (T "4")
L 06/11/2018 - 12:39:08: World triggered "Round_End"
L 06/11/2018 - 12:39:13: World triggered "Round_Start"
L 06/11/2018 - 12:39:13: "Cable<9><VALVE_ID_LAN><CT>" committed suicide with "world"
L 06/11/2018 - 12:39:26: "Calango<4><VALVE_ID_LAN><TERRORIST>" killed "Cap. Billy<3><VALVE_ID_LOOPBACK><CT>" with "ak47"
L 06/11/2018 - 12:39:28: "Calango<4><VALVE_ID_LAN><TERRORIST>" killed "Inspetor Buginganga<7><VALVE_ID_LAN><CT>" with "ak47"
L 06/11/2018 - 12:39:28: Team "TERRORIST" triggered "Terrorists_Win" (CT "23") (T "5")
L 06/11/2018 - 12:39:28: World triggered "Round_End"
L 06/11/2018 - 12:39:33: World triggered "Round_Start"
L 06/11/2018 - 12:39:39: "Cable<9><VALVE_ID_LAN><CT>" killed "Smolder<6><VALVE_ID_LAN><TERRORIST>" with "usp"
L 06/11/2018 - 12:39:39: "Calango<4><VALVE_ID_LAN><TERRORIST>" killed "Inspetor Buginganga<7><VALVE_ID_LAN><CT>" with "ak47"
L 06/11/2018 - 12:39:40: "Calango<4><VALVE_ID_LAN><TERRORIST>" killed "Cap. Billy<3><VALVE_ID_LOOPBACK><CT>" with "ak47"
L 06/11/2018 - 12:39:44: "XXBOT Tyler<10><BOT><TERRORIST>" killed "Cable<9><VALVE_ID_LAN><CT>" with "m4a1"
L 06/11/2018 - 12:39:44: Team "TERRORIST" triggered "Terrorists_Win" (CT "23") (T "6")
L 06/11/2018 - 12:39:44: World triggered "Round_End"
L 06/11/2018 - 12:39:49: World triggered "Round_Start"
L 06/11/2018 - 12:39:52: "Cap. Billy<3><VALVE_ID_LOOPBACK><CT>" killed "Smolder<6><VALVE_ID_LAN><TERRORIST>" with "xm1014"
L 06/11/2018 - 12:39:55: "Calango<4><VALVE_ID_LAN><TERRORIST>" killed "Cable<9><VALVE_ID_LAN><CT>" with "ak47"
L 06/11/2018 - 12:39:58: "Calango<4><VALVE_ID_LAN><TERRORIST>" killed "Inspetor Buginganga<7><VALVE_ID_LAN><CT>" with "ak47"
L 06/11/2018 - 12:40:01: "Cap. Billy<3><VALVE_ID_LOOPBACK><CT>" killed "XXBOT Tyler<10><BOT><TERRORIST>" with "xm1014"
L 06/11/2018 - 12:40:02: "Cap. Billy<3><VALVE_ID_LOOPBACK><CT>" killed "Calango<4><VALVE_ID_LAN><TERRORIST>" with "xm1014"
L 06/11/2018 - 12:40:02: Team "CT" triggered "CTs_Win" (CT "24") (T "6")
L 06/11/2018 - 12:40:02: World triggered "Round_End"
L 06/11/2018 - 12:40:07: World triggered "Round_Start"
L 06/11/2018 - 12:40:21: "Cable<9><VALVE_ID_LAN><CT>" killed "Smolder<6><VALVE_ID_LAN><TERRORIST>" with "ak47"
L 06/11/2018 - 12:40:25: "Inspetor Buginganga<7><VALVE_ID_LAN><CT>" killed "XXBOT Tyler<10><BOT><TERRORIST>" with "m4a1"
L 06/11/2018 - 12:40:30: "Calango<4><VALVE_ID_LAN><TERRORIST>" killed "Cap. Billy<3><VALVE_ID_LOOPBACK><CT>" with "aug"
L 06/11/2018 - 12:40:31: "Calango<4><VALVE_ID_LAN><TERRORIST>" killed "Inspetor Buginganga<7><VALVE_ID_LAN><CT>" with "aug"
L 06/11/2018 - 12:40:33: Team "CT" scored "24" with "3" players
L 06/11/2018 - 12:40:33: Team "TERRORIST" scored "6" with "3" players
L 06/11/2018 - 12:40:35: "Cap. Billy<3><VALVE_ID_LOOPBACK><CT>" triggered "weaponstats" (weapon "grenade") (shots "18") (hits "9") (kills "0") (headshots "0") (tks "0") (damage "278") (deaths "0")
L 06/11/2018 - 12:40:35: "Cap. Billy<3><VALVE_ID_LOOPBACK><CT>" triggered "weaponstats2" (weapon "grenade") (head "0") (chest "0") (stomach "0") (leftarm "0") (rightarm "0") (leftleg "0") (rightleg "0")
L 06/11/2018 - 12:40:35: "Cap. Billy<3><VALVE_ID_LOOPBACK><CT>" triggered "weaponstats" (weapon "xm1014") (shots "14") (hits "11") (kills "7") (headshots "1") (tks "0") (damage "1194") (deaths "3")
L 06/11/2018 - 12:40:35: "Cap. Billy<3><VALVE_ID_LOOPBACK><CT>" triggered "weaponstats2" (weapon "xm1014") (head "2") (chest "3") (stomach "0") (leftarm "3") (rightarm "2") (leftleg "0") (rightleg "1")
L 06/11/2018 - 12:40:35: "Cap. Billy<3><VALVE_ID_LOOPBACK><CT>" triggered "weaponstats" (weapon "mac10") (shots "49") (hits "6") (kills "1") (headshots "1") (tks "0") (damage "232") (deaths "0")
L 06/11/2018 - 12:40:35: "Cap. Billy<3><VALVE_ID_LOOPBACK><CT>" triggered "weaponstats2" (weapon "mac10") (head "1") (chest "2") (stomach "0") (leftarm "2") (rightarm "1") (leftleg "0") (rightleg "0")
L 06/11/2018 - 12:40:35: "Cap. Billy<3><VALVE_ID_LOOPBACK><CT>" triggered "weaponstats" (weapon "aug") (shots "144") (hits "38") (kills "10") (headshots "7") (tks "0") (damage "1774") (deaths "2")
L 06/11/2018 - 12:40:35: "Cap. Billy<3><VALVE_ID_LOOPBACK><CT>" triggered "weaponstats2" (weapon "aug") (head "8") (chest "7") (stomach "1") (leftarm "10") (rightarm "8") (leftleg "1") (rightleg "3")
L 06/11/2018 - 12:40:35: "Cap. Billy<3><VALVE_ID_LOOPBACK><CT>" triggered "weaponstats" (weapon "usp") (shots "2") (hits "0") (kills "0") (headshots "0") (tks "0") (damage "0") (deaths "0")
L 06/11/2018 - 12:40:35: "Cap. Billy<3><VALVE_ID_LOOPBACK><CT>" triggered "weaponstats2" (weapon "usp") (head "0") (chest "0") (stomach "0") (leftarm "0") (rightarm "0") (leftleg "0") (rightleg "0")
L 06/11/2018 - 12:40:35: "Cap. Billy<3><VALVE_ID_LOOPBACK><CT>" triggered "weaponstats" (weapon "mp5navy") (shots "103") (hits "35") (kills "8") (headshots "5") (tks "0") (damage "1155") (deaths "1")
L 06/11/2018 - 12:40:35: "Cap. Billy<3><VALVE_ID_LOOPBACK><CT>" triggered "weaponstats2" (weapon "mp5navy") (head "5") (chest "12") (stomach "5") (leftarm "9") (rightarm "3") (leftleg "1") (rightleg "0")
L 06/11/2018 - 12:40:35: "Cap. Billy<3><VALVE_ID_LOOPBACK><CT>" triggered "weaponstats" (weapon "m4a1") (shots "52") (hits "20") (kills "7") (headshots "4") (tks "0") (damage "1008") (deaths "1")
L 06/11/2018 - 12:40:35: "Cap. Billy<3><VALVE_ID_LOOPBACK><CT>" triggered "weaponstats2" (weapon "m4a1") (head "4") (chest "3") (stomach "2") (leftarm "7") (rightarm "4") (leftleg "0") (rightleg "0")
L 06/11/2018 - 12:40:35: "Cap. Billy<3><VALVE_ID_LOOPBACK><CT>" triggered "weaponstats" (weapon "knife") (shots "5") (hits "4") (kills "2") (headshots "1") (tks "0") (damage "455") (deaths "3")
L 06/11/2018 - 12:40:35: "Cap. Billy<3><VALVE_ID_LOOPBACK><CT>" triggered "weaponstats2" (weapon "knife") (head "2") (chest "1") (stomach "0") (leftarm "0") (rightarm "1") (leftleg "0") (rightleg "0")
L 06/11/2018 - 12:40:35: "Cap. Billy<3><VALVE_ID_LOOPBACK><CT>" triggered "time" (time "10:05")
L 06/11/2018 - 12:40:35: "Cap. Billy<3><VALVE_ID_LOOPBACK><CT>" triggered "latency" (ping "0")
L 06/11/2018 - 12:40:35: "Calango<4><VALVE_ID_LAN><TERRORIST>" triggered "weaponstats" (weapon "grenade") (shots "6") (hits "2") (kills "0") (headshots "0") (tks "0") (damage "122") (deaths "0")
L 06/11/2018 - 12:40:35: "Calango<4><VALVE_ID_LAN><TERRORIST>" triggered "weaponstats2" (weapon "grenade") (head "0") (chest "0") (stomach "0") (leftarm "0") (rightarm "0") (leftleg "0") (rightleg "0")
L 06/11/2018 - 12:40:35: "Calango<4><VALVE_ID_LAN><TERRORIST>" triggered "weaponstats" (weapon "xm1014") (shots "32") (hits "14") (kills "5") (headshots "2") (tks "0") (damage "889") (deaths "2")
L 06/11/2018 - 12:40:35: "Calango<4><VALVE_ID_LAN><TERRORIST>" triggered "weaponstats2" (weapon "xm1014") (head "2") (chest "1") (stomach "1") (leftarm "4") (rightarm "2") (leftleg "2") (rightleg "2")
L 06/11/2018 - 12:40:35: "Calango<4><VALVE_ID_LAN><TERRORIST>" triggered "weaponstats" (weapon "mac10") (shots "67") (hits "13") (kills "7") (headshots "5") (tks "0") (damage "682") (deaths "1")
L 06/11/2018 - 12:40:35: "Calango<4><VALVE_ID_LAN><TERRORIST>" triggered "weaponstats2" (weapon "mac10") (head "5") (chest "2") (stomach "2") (leftarm "2") (rightarm "1") (leftleg "0") (rightleg "1")
L 06/11/2018 - 12:40:35: "Calango<4><VALVE_ID_LAN><TERRORIST>" triggered "weaponstats" (weapon "aug") (shots "50") (hits "19") (kills "4") (headshots "0") (tks "0") (damage "547") (deaths "2")
L 06/11/2018 - 12:40:35: "Calango<4><VALVE_ID_LAN><TERRORIST>" triggered "weaponstats2" (weapon "aug") (head "0") (chest "3") (stomach "4") (leftarm "4") (rightarm "2") (leftleg "3") (rightleg "3")
L 06/11/2018 - 12:40:35: "Calango<4><VALVE_ID_LAN><TERRORIST>" triggered "weaponstats" (weapon "usp") (shots "1") (hits "0") (kills "0") (headshots "0") (tks "0") (damage "0") (deaths "0")
L 06/11/2018 - 12:40:35: "Calango<4><VALVE_ID_LAN><TERRORIST>" triggered "weaponstats2" (weapon "usp") (head "0") (chest "0") (stomach "0") (leftarm "0") (rightarm "0") (leftleg "0") (rightleg "0")
L 06/11/2018 - 12:40:35: "Calango<4><VALVE_ID_LAN><TERRORIST>" triggered "weaponstats" (weapon "glock18") (shots "13") (hits "3") (kills "0") (headshots "0") (tks "0") (damage "50") (deaths "0")
L 06/11/2018 - 12:40:35: "Calango<4><VALVE_ID_LAN><TERRORIST>" triggered "weaponstats2" (weapon "glock18") (head "0") (chest "1") (stomach "0") (leftarm "0") (rightarm "2") (leftleg "0") (rightleg "0")
L 06/11/2018 - 12:40:35: "Calango<4><VALVE_ID_LAN><TERRORIST>" triggered "weaponstats" (weapon "mp5navy") (shots "13") (hits "4") (kills "0") (headshots "0") (tks "0") (damage "58") (deaths "0")
L 06/11/2018 - 12:40:35: "Calango<4><VALVE_ID_LAN><TERRORIST>" triggered "weaponstats2" (weapon "mp5navy") (head "0") (chest "0") (stomach "0") (leftarm "0") (rightarm "0") (leftleg "1") (rightleg "3")
L 06/11/2018 - 12:40:35: "Calango<4><VALVE_ID_LAN><TERRORIST>" triggered "weaponstats" (weapon "m4a1") (shots "79") (hits "26") (kills "6") (headshots "1") (tks "0") (damage "852") (deaths "2")
L 06/11/2018 - 12:40:35: "Calango<4><VALVE_ID_LAN><TERRORIST>" triggered "weaponstats2" (weapon "m4a1") (head "1") (chest "5") (stomach "2") (leftarm "10") (rightarm "4") (leftleg "3") (rightleg "1")
L 06/11/2018 - 12:40:35: "Calango<4><VALVE_ID_LAN><TERRORIST>" triggered "weaponstats" (weapon "g3sg1") (shots "5") (hits "1") (kills "0") (headshots "0") (tks "0") (damage "42") (deaths "1")
L 06/11/2018 - 12:40:35: "Calango<4><VALVE_ID_LAN><TERRORIST>" triggered "weaponstats2" (weapon "g3sg1") (head "0") (chest "0") (stomach "0") (leftarm "0") (rightarm "0") (leftleg "0") (rightleg "1")
L 06/11/2018 - 12:40:35: "Calango<4><VALVE_ID_LAN><TERRORIST>" triggered "weaponstats" (weapon "ak47") (shots "116") (hits "33") (kills "10") (headshots "2") (tks "0") (damage "1203") (deaths "5")
L 06/11/2018 - 12:40:35: "Calango<4><VALVE_ID_LAN><TERRORIST>" triggered "weaponstats2" (weapon "ak47") (head "3") (chest "4") (stomach "2") (leftarm "7") (rightarm "4") (leftleg "10") (rightleg "3")
L 06/11/2018 - 12:40:35: "Calango<4><VALVE_ID_LAN><TERRORIST>" triggered "weaponstats" (weapon "knife") (shots "1") (hits "0") (kills "0") (headshots "0") (tks "0") (damage "0") (deaths "4")
L 06/11/2018 - 12:40:35: "Calango<4><VALVE_ID_LAN><TERRORIST>" triggered "weaponstats2" (weapon "knife") (head "0") (chest "0") (stomach "0") (leftarm "0") (rightarm "0") (leftleg "0") (rightleg "0")
L 06/11/2018 - 12:40:35: "Calango<4><VALVE_ID_LAN><TERRORIST>" triggered "time" (time "10:01")
L 06/11/2018 - 12:40:35: "Calango<4><VALVE_ID_LAN><TERRORIST>" triggered "latency" (ping "8")
L 06/11/2018 - 12:40:35: "Cable<9><VALVE_ID_LAN><CT>" triggered "weaponstats" (weapon "grenade") (shots "1") (hits "3") (kills "2") (headshots "0") (tks "1") (damage "135") (deaths "0")
L 06/11/2018 - 12:40:35: "Cable<9><VALVE_ID_LAN><CT>" triggered "weaponstats2" (weapon "grenade") (head "0") (chest "0") (stomach "0") (leftarm "0") (rightarm "0") (leftleg "0") (rightleg "0")
L 06/11/2018 - 12:40:35: "Cable<9><VALVE_ID_LAN><CT>" triggered "weaponstats" (weapon "usp") (shots "22") (hits "9") (kills "3") (headshots "1") (tks "0") (damage "378") (deaths "1")
L 06/11/2018 - 12:40:35: "Cable<9><VALVE_ID_LAN><CT>" triggered "weaponstats2" (weapon "usp") (head "1") (chest "1") (stomach "2") (leftarm "3") (rightarm "2") (leftleg "0") (rightleg "0")
L 06/11/2018 - 12:40:35: "Cable<9><VALVE_ID_LAN><CT>" triggered "weaponstats" (weapon "m4a1") (shots "18") (hits "1") (kills "1") (headshots "1") (tks "0") (damage "124") (deaths "1")
L 06/11/2018 - 12:40:35: "Cable<9><VALVE_ID_LAN><CT>" triggered "weaponstats2" (weapon "m4a1") (head "1") (chest "0") (stomach "0") (leftarm "0") (rightarm "0") (leftleg "0") (rightleg "0")
L 06/11/2018 - 12:40:35: "Cable<9><VALVE_ID_LAN><CT>" triggered "weaponstats" (weapon "ak47") (shots "9") (hits "6") (kills "1") (headshots "0") (tks "0") (damage "141") (deaths "0")
L 06/11/2018 - 12:40:35: "Cable<9><VALVE_ID_LAN><CT>" triggered "weaponstats2" (weapon "ak47") (head "0") (chest "0") (stomach "1") (leftarm "0") (rightarm "2") (leftleg "1") (rightleg "2")
L 06/11/2018 - 12:40:35: "Cable<9><VALVE_ID_LAN><CT>" triggered "time" (time "1:57")
L 06/11/2018 - 12:40:35: "Cable<9><VALVE_ID_LAN><CT>" triggered "latency" (ping "8")
L 06/11/2018 - 12:40:35: "Smolder<6><VALVE_ID_LAN><TERRORIST>" triggered "weaponstats" (weapon "grenade") (shots "2") (hits "2") (kills "1") (headshots "0") (tks "0") (damage "85") (deaths "0")
L 06/11/2018 - 12:40:35: "Smolder<6><VALVE_ID_LAN><TERRORIST>" triggered "weaponstats2" (weapon "grenade") (head "0") (chest "0") (stomach "0") (leftarm "0") (rightarm "0") (leftleg "0") (rightleg "0")
L 06/11/2018 - 12:40:35: "Smolder<6><VALVE_ID_LAN><TERRORIST>" triggered "weaponstats" (weapon "xm1014") (shots "17") (hits "2") (kills "2") (headshots "1") (tks "0") (damage "234") (deaths "5")
L 06/11/2018 - 12:40:35: "Smolder<6><VALVE_ID_LAN><TERRORIST>" triggered "weaponstats2" (weapon "xm1014") (head "1") (chest "0") (stomach "0") (leftarm "0") (rightarm "1") (leftleg "0") (rightleg "0")
L 06/11/2018 - 12:40:35: "Smolder<6><VALVE_ID_LAN><TERRORIST>" triggered "weaponstats" (weapon "aug") (shots "37") (hits "13") (kills "0") (headshots "0") (tks "0") (damage "273") (deaths "1")
L 06/11/2018 - 12:40:35: "Smolder<6><VALVE_ID_LAN><TERRORIST>" triggered "weaponstats2" (weapon "aug") (head "0") (chest "1") (stomach "0") (leftarm "2") (rightarm "8") (leftleg "0") (rightleg "2")
L 06/11/2018 - 12:40:35: "Smolder<6><VALVE_ID_LAN><TERRORIST>" triggered "weaponstats" (weapon "glock18") (shots "2") (hits "0") (kills "0") (headshots "0") (tks "0") (damage "0") (deaths "0")
L 06/11/2018 - 12:40:35: "Smolder<6><VALVE_ID_LAN><TERRORIST>" triggered "weaponstats2" (weapon "glock18") (head "0") (chest "0") (stomach "0") (leftarm "0") (rightarm "0") (leftleg "0") (rightleg "0")
L 06/11/2018 - 12:40:35: "Smolder<6><VALVE_ID_LAN><TERRORIST>" triggered "weaponstats" (weapon "mp5navy") (shots "87") (hits "11") (kills "2") (headshots "1") (tks "0") (damage "330") (deaths "3")
L 06/11/2018 - 12:40:35: "Smolder<6><VALVE_ID_LAN><TERRORIST>" triggered "weaponstats2" (weapon "mp5navy") (head "1") (chest "3") (stomach "3") (leftarm "1") (rightarm "3") (leftleg "0") (rightleg "0")
L 06/11/2018 - 12:40:35: "Smolder<6><VALVE_ID_LAN><TERRORIST>" triggered "weaponstats" (weapon "m3") (shots "2") (hits "2") (kills "0") (headshots "0") (tks "0") (damage "103") (deaths "2")
L 06/11/2018 - 12:40:35: "Smolder<6><VALVE_ID_LAN><TERRORIST>" triggered "weaponstats2" (weapon "m3") (head "0") (chest "1") (stomach "0") (leftarm "1") (rightarm "0") (leftleg "0") (rightleg "0")
L 06/11/2018 - 12:40:35: "Smolder<6><VALVE_ID_LAN><TERRORIST>" triggered "weaponstats" (weapon "ak47") (shots "47") (hits "8") (kills "3") (headshots "2") (tks "0") (damage "494") (deaths "2")
L 06/11/2018 - 12:40:35: "Smolder<6><VALVE_ID_LAN><TERRORIST>" triggered "weaponstats2" (weapon "ak47") (head "2") (chest "2") (stomach "1") (leftarm "3") (rightarm "0") (leftleg "0") (rightleg "0")
L 06/11/2018 - 12:40:35: "Smolder<6><VALVE_ID_LAN><TERRORIST>" triggered "weaponstats" (weapon "knife") (shots "9") (hits "6") (kills "3") (headshots "3") (tks "0") (damage "585") (deaths "13")
L 06/11/2018 - 12:40:35: "Smolder<6><VALVE_ID_LAN><TERRORIST>" triggered "weaponstats2" (weapon "knife") (head "6") (chest "0") (stomach "0") (leftarm "0") (rightarm "0") (leftleg "0") (rightleg "0")
L 06/11/2018 - 12:40:35: "Smolder<6><VALVE_ID_LAN><TERRORIST>" triggered "weaponstats" (weapon "p90") (shots "16") (hits "4") (kills "0") (headshots "0") (tks "0") (damage "91") (deaths "1")
L 06/11/2018 - 12:40:35: "Smolder<6><VALVE_ID_LAN><TERRORIST>" triggered "weaponstats2" (weapon "p90") (head "0") (chest "1") (stomach "3") (leftarm "0") (rightarm "0") (leftleg "0") (rightleg "0")
L 06/11/2018 - 12:40:35: "Smolder<6><VALVE_ID_LAN><TERRORIST>" triggered "time" (time "9:49")
L 06/11/2018 - 12:40:35: "Smolder<6><VALVE_ID_LAN><TERRORIST>" triggered "latency" (ping "9")
L 06/11/2018 - 12:40:35: "Inspetor Buginganga<7><VALVE_ID_LAN><CT>" triggered "weaponstats" (weapon "xm1014") (shots "19") (hits "4") (kills "1") (headshots "0") (tks "0") (damage "194") (deaths "2")
L 06/11/2018 - 12:40:35: "Inspetor Buginganga<7><VALVE_ID_LAN><CT>" triggered "weaponstats2" (weapon "xm1014") (head "0") (chest "2") (stomach "0") (leftarm "0") (rightarm "1") (leftleg "1") (rightleg "0")
L 06/11/2018 - 12:40:35: "Inspetor Buginganga<7><VALVE_ID_LAN><CT>" triggered "weaponstats" (weapon "aug") (shots "51") (hits "10") (kills "3") (headshots "1") (tks "0") (damage "364") (deaths "2")
L 06/11/2018 - 12:40:35: "Inspetor Buginganga<7><VALVE_ID_LAN><CT>" triggered "weaponstats2" (weapon "aug") (head "1") (chest "0") (stomach "2") (leftarm "2") (rightarm "3") (leftleg "1") (rightleg "1")
L 06/11/2018 - 12:40:35: "Inspetor Buginganga<7><VALVE_ID_LAN><CT>" triggered "weaponstats" (weapon "usp") (shots "11") (hits "1") (kills "0") (headshots "0") (tks "0") (damage "12") (deaths "3")
L 06/11/2018 - 12:40:35: "Inspetor Buginganga<7><VALVE_ID_LAN><CT>" triggered "weaponstats2" (weapon "usp") (head "0") (chest "0") (stomach "1") (leftarm "0") (rightarm "0") (leftleg "0") (rightleg "0")
L 06/11/2018 - 12:40:35: "Inspetor Buginganga<7><VALVE_ID_LAN><CT>" triggered "weaponstats" (weapon "mp5navy") (shots "32") (hits "3") (kills "1") (headshots "0") (tks "0") (damage "61") (deaths "3")
L 06/11/2018 - 12:40:35: "Inspetor Buginganga<7><VALVE_ID_LAN><CT>" triggered "weaponstats2" (weapon "mp5navy") (head "0") (chest "1") (stomach "1") (leftarm "0") (rightarm "0") (leftleg "0") (rightleg "1")
L 06/11/2018 - 12:40:35: "Inspetor Buginganga<7><VALVE_ID_LAN><CT>" triggered "weaponstats" (weapon "m249") (shots "12") (hits "0") (kills "0") (headshots "0") (tks "0") (damage "0") (deaths "3")
L 06/11/2018 - 12:40:35: "Inspetor Buginganga<7><VALVE_ID_LAN><CT>" triggered "weaponstats2" (weapon "m249") (head "0") (chest "0") (stomach "0") (leftarm "0") (rightarm "0") (leftleg "0") (rightleg "0")
L 06/11/2018 - 12:40:35: "Inspetor Buginganga<7><VALVE_ID_LAN><CT>" triggered "weaponstats" (weapon "m4a1") (shots "17") (hits "2") (kills "1") (headshots "1") (tks "0") (damage "133") (deaths "1")
L 06/11/2018 - 12:40:35: "Inspetor Buginganga<7><VALVE_ID_LAN><CT>" triggered "weaponstats2" (weapon "m4a1") (head "1") (chest "0") (stomach "0") (leftarm "1") (rightarm "0") (leftleg "0") (rightleg "0")
L 06/11/2018 - 12:40:35: "Inspetor Buginganga<7><VALVE_ID_LAN><CT>" triggered "weaponstats" (weapon "tmp") (shots "45") (hits "6") (kills "1") (headshots "1") (tks "0") (damage "191") (deaths "2")
L 06/11/2018 - 12:40:35: "Inspetor Buginganga<7><VALVE_ID_LAN><CT>" triggered "weaponstats2" (weapon "tmp") (head "2") (chest "0") (stomach "0") (leftarm "3") (rightarm "1") (leftleg "0") (rightleg "0")
L 06/11/2018 - 12:40:35: "Inspetor Buginganga<7><VALVE_ID_LAN><CT>" triggered "time" (time "8:45")
L 06/11/2018 - 12:40:35: "Inspetor Buginganga<7><VALVE_ID_LAN><CT>" triggered "latency" (ping "8")
L 06/11/2018 - 12:40:35: [META] ini: Begin re-reading plugins list: c:/valve/cstrike/addons/metamod/plugins.ini
L 06/11/2018 - 12:40:35: [META] ini: Read plugin config for: AMX
L 06/11/2018 - 12:40:35: [META] ini: Read plugin config for: WinHL-Booster
L 06/11/2018 - 12:40:35: [META] ERROR: ini: Skipping plugin, couldn't stat file 'addons/hlguard/dlls/hlguard_mm_nightly.dll': No such file or directory
L 06/11/2018 - 12:40:35: [META] ini: Read plugin config for: WebMod
L 06/11/2018 - 12:40:35: [META] ini: Finished reading plugins list: c:/valve/cstrike/addons/metamod/plugins.ini; Found 3 plugins
L 06/11/2018 - 12:40:35: [META] dll: Updating plugins...
L 06/11/2018 - 12:40:35: [META] ERROR: dll: Failed query plugin '<hlguard_mm_nightly.dll>'; Couldn't open file 'addons/hlguard/dlls/hlguard_mm_nightly.dll': Não foi possível encontrar o módulo especificado.

L 06/11/2018 - 12:40:35: [META] ERROR: dll: Skipping plugin '<hlguard_mm_nightly.dll>'; couldn't query
L 06/11/2018 - 12:40:35: [META] dll: Finished updating 6 plugins; kept 3, loaded 0, unloaded 0, reloaded 0, delayed 0
L 06/11/2018 - 12:40:35: Server shutdown
L 06/11/2018 - 12:40:35: Log file closed
