L 06/26/2018 - 12:51:32: Log file started (file "logs\L0626004.log") (game "cstrike") (version "47/1.1.2.2/2603")
L 06/26/2018 - 12:51:33: "Calcas Peludas<25><VALVE_ID_LAN><>" joined team "TERRORIST"
L 06/26/2018 - 12:51:33: "GARGAMEL O ESTRIPADOR<28><VALVE_ID_LAN><>" entered the game
L 06/26/2018 - 12:51:33: "Smolder<27><VALVE_ID_LAN><>" entered the game
L 06/26/2018 - 12:51:34: "Inspetor Buginganga<24><VALVE_ID_LAN><>" joined team "CT"
L 06/26/2018 - 12:51:34: "GARGAMEL O ESTRIPADOR<28><VALVE_ID_LAN><>" joined team "TERRORIST"
L 06/26/2018 - 12:51:35: "Smolder<27><VALVE_ID_LAN><>" joined team "TERRORIST"
L 06/26/2018 - 12:51:38: "Cable<29><VALVE_ID_LAN><>" connected, address "10.15.2.104:27005"
L 06/26/2018 - 12:51:39: "@te<30><VALVE_ID_LAN><>" connected, address "10.15.2.23:27005"
L 06/26/2018 - 12:51:40: "Smolder<27><VALVE_ID_LAN><TERRORIST>" killed "Cap Billy<23><VALVE_ID_LOOPBACK><CT>" with "deagle"
L 06/26/2018 - 12:51:41: "Cable<29><VALVE_ID_LAN><>" entered the game
L 06/26/2018 - 12:51:42: "@te<30><VALVE_ID_LAN><>" entered the game
L 06/26/2018 - 12:51:43: "GARGAMEL O ESTRIPADOR<28><VALVE_ID_LAN><TERRORIST>" killed "Inspetor Buginganga<24><VALVE_ID_LAN><CT>" with "deagle"
L 06/26/2018 - 12:51:43: Team "TERRORIST" triggered "Terrorists_Win" (CT "0") (T "1")
L 06/26/2018 - 12:51:43: World triggered "Round_End"
L 06/26/2018 - 12:51:45: "@te<30><VALVE_ID_LAN><>" joined team "CT"
L 06/26/2018 - 12:51:46: "Cable<29><VALVE_ID_LAN><>" joined team "CT"
L 06/26/2018 - 12:51:48: World triggered "Round_Start"
L 06/26/2018 - 12:51:54: "Smolder<27><VALVE_ID_LAN><TERRORIST>" killed "Cap Billy<23><VALVE_ID_LOOPBACK><CT>" with "deagle"
L 06/26/2018 - 12:51:59: "GARGAMEL O ESTRIPADOR<28><VALVE_ID_LAN><TERRORIST>" killed "Inspetor Buginganga<24><VALVE_ID_LAN><CT>" with "deagle"
L 06/26/2018 - 12:52:00: "Cable<29><VALVE_ID_LAN><CT>" killed "XXBOT Erik<26><BOT><TERRORIST>" with "deagle"
L 06/26/2018 - 12:52:01: "@te<30><VALVE_ID_LAN><CT>" killed "Smolder<27><VALVE_ID_LAN><TERRORIST>" with "deagle"
L 06/26/2018 - 12:52:14: "GARGAMEL O ESTRIPADOR<28><VALVE_ID_LAN><TERRORIST>" killed "@te<30><VALVE_ID_LAN><CT>" with "deagle"
L 06/26/2018 - 12:52:23: "GARGAMEL O ESTRIPADOR<28><VALVE_ID_LAN><TERRORIST>" killed "Cable<29><VALVE_ID_LAN><CT>" with "deagle"
L 06/26/2018 - 12:52:23: Team "TERRORIST" triggered "Terrorists_Win" (CT "0") (T "2")
L 06/26/2018 - 12:52:23: World triggered "Round_End"
L 06/26/2018 - 12:52:28: World triggered "Round_Start"
L 06/26/2018 - 12:52:36: "Cable<29><VALVE_ID_LAN><CT>" killed "Calcas Peludas<25><VALVE_ID_LAN><TERRORIST>" with "deagle"
L 06/26/2018 - 12:52:38: "Cap Billy<23><VALVE_ID_LOOPBACK><CT>" killed "Smolder<27><VALVE_ID_LAN><TERRORIST>" with "deagle"
L 06/26/2018 - 12:52:40: "XXBOT Erik<26><BOT><TERRORIST>" killed "Cap Billy<23><VALVE_ID_LOOPBACK><CT>" with "deagle"
L 06/26/2018 - 12:52:42: "Inspetor Buginganga<24><VALVE_ID_LAN><CT>" killed "GARGAMEL O ESTRIPADOR<28><VALVE_ID_LAN><TERRORIST>" with "deagle"
L 06/26/2018 - 12:52:49: "XXBOT Erik<26><BOT><TERRORIST>" killed "Cable<29><VALVE_ID_LAN><CT>" with "deagle"
L 06/26/2018 - 12:53:04: "@te<30><VALVE_ID_LAN><CT>" killed "XXBOT Erik<26><BOT><TERRORIST>" with "deagle"
L 06/26/2018 - 12:53:04: Team "CT" triggered "CTs_Win" (CT "1") (T "2")
L 06/26/2018 - 12:53:04: World triggered "Round_End"
L 06/26/2018 - 12:53:09: "Calcas Peludas<25><VALVE_ID_LAN><TERRORIST>" say "bot doido" (dead)
L 06/26/2018 - 12:53:09: World triggered "Round_Start"
L 06/26/2018 - 12:53:21: "Inspetor Buginganga<24><VALVE_ID_LAN><CT>" killed "XXBOT Erik<26><BOT><TERRORIST>" with "deagle"
L 06/26/2018 - 12:53:21: "Cable<29><VALVE_ID_LAN><CT>" killed "Smolder<27><VALVE_ID_LAN><TERRORIST>" with "deagle"
L 06/26/2018 - 12:53:25: "Calcas Peludas<25><VALVE_ID_LAN><TERRORIST>" killed "Cap Billy<23><VALVE_ID_LOOPBACK><CT>" with "knife"
L 06/26/2018 - 12:53:27: "Cable<29><VALVE_ID_LAN><CT>" killed "GARGAMEL O ESTRIPADOR<28><VALVE_ID_LAN><TERRORIST>" with "deagle"
L 06/26/2018 - 12:53:31: "GARGAMEL O ESTRIPADOR<28><VALVE_ID_LAN><TERRORIST>" say "quase" (dead)
L 06/26/2018 - 12:53:45: "Cable<29><VALVE_ID_LAN><CT>" killed "Calcas Peludas<25><VALVE_ID_LAN><TERRORIST>" with "knife"
L 06/26/2018 - 12:53:45: Team "CT" triggered "CTs_Win" (CT "2") (T "2")
L 06/26/2018 - 12:53:45: World triggered "Round_End"
L 06/26/2018 - 12:53:47: "Calcas Peludas<25><VALVE_ID_LAN><TERRORIST>" say "oxe" (dead)
L 06/26/2018 - 12:53:50: World triggered "Round_Start"
L 06/26/2018 - 12:53:59: "Calcas Peludas<25><VALVE_ID_LAN><TERRORIST>" killed "Inspetor Buginganga<24><VALVE_ID_LAN><CT>" with "deagle"
L 06/26/2018 - 12:54:04: "Cap Billy<23><VALVE_ID_LOOPBACK><CT>" killed "Smolder<27><VALVE_ID_LAN><TERRORIST>" with "knife"
L 06/26/2018 - 12:54:09: "@te<30><VALVE_ID_LAN><CT>" killed "GARGAMEL O ESTRIPADOR<28><VALVE_ID_LAN><TERRORIST>" with "knife"
L 06/26/2018 - 12:54:14: "GARGAMEL O ESTRIPADOR<28><VALVE_ID_LAN><TERRORIST>" say "kkk" (dead)
L 06/26/2018 - 12:54:24: "GARGAMEL O ESTRIPADOR<28><VALVE_ID_LAN><TERRORIST>" say " acabou a bala" (dead)
L 06/26/2018 - 12:54:28: "XXBOT Erik<26><BOT><TERRORIST>" killed "Cable<29><VALVE_ID_LAN><CT>" with "deagle"
L 06/26/2018 - 12:54:47: "Cap Billy<23><VALVE_ID_LOOPBACK><CT>" say "pqp welinton aqui homi"
L 06/26/2018 - 12:54:51: "Cable<29><VALVE_ID_LAN><CT>" say "bora kct" (dead)
L 06/26/2018 - 12:54:56: "XXBOT Erik<26><BOT><TERRORIST>" killed "@te<30><VALVE_ID_LAN><CT>" with "deagle"
L 06/26/2018 - 12:55:01: "Cap Billy<23><VALVE_ID_LOOPBACK><CT>" killed "XXBOT Erik<26><BOT><TERRORIST>" with "deagle"
L 06/26/2018 - 12:55:02: "Cable<29><VALVE_ID_LAN><CT>" say "timeleft" (dead)
L 06/26/2018 - 12:55:08: "Cap Billy<23><VALVE_ID_LOOPBACK><CT>" killed "Calcas Peludas<25><VALVE_ID_LAN><TERRORIST>" with "deagle"
L 06/26/2018 - 12:55:08: Team "CT" triggered "CTs_Win" (CT "3") (T "2")
L 06/26/2018 - 12:55:08: World triggered "Round_End"
L 06/26/2018 - 12:55:10: "@te<30><VALVE_ID_LAN><CT>" say "escondido atraz do bot" (dead)
L 06/26/2018 - 12:55:13: World triggered "Round_Start"
L 06/26/2018 - 12:55:14: "Cap Billy<23><VALVE_ID_LOOPBACK><CT>" say "homi pelo amor de deus"
L 06/26/2018 - 12:55:20: "GARGAMEL O ESTRIPADOR<28><VALVE_ID_LAN><TERRORIST>" killed "Cap Billy<23><VALVE_ID_LOOPBACK><CT>" with "deagle"
L 06/26/2018 - 12:55:24: "Cap Billy<23><VALVE_ID_LOOPBACK><CT>" say "tah fodaa" (dead)
L 06/26/2018 - 12:55:29: "Calcas Peludas<25><VALVE_ID_LAN><TERRORIST>" killed "Cable<29><VALVE_ID_LAN><CT>" with "deagle"
L 06/26/2018 - 12:55:31: "XXBOT Erik<26><BOT><TERRORIST>" killed "Inspetor Buginganga<24><VALVE_ID_LAN><CT>" with "deagle"
L 06/26/2018 - 12:55:33: "@te<30><VALVE_ID_LAN><CT>" killed "XXBOT Erik<26><BOT><TERRORIST>" with "deagle"
L 06/26/2018 - 12:55:38: "GARGAMEL O ESTRIPADOR<28><VALVE_ID_LAN><TERRORIST>" killed "@te<30><VALVE_ID_LAN><CT>" with "deagle"
L 06/26/2018 - 12:55:38: Team "TERRORIST" triggered "Terrorists_Win" (CT "3") (T "3")
L 06/26/2018 - 12:55:38: World triggered "Round_End"
L 06/26/2018 - 12:55:43: World triggered "Round_Start"
L 06/26/2018 - 12:55:56: "XXBOT Erik<26><BOT><TERRORIST>" killed "Cap Billy<23><VALVE_ID_LOOPBACK><CT>" with "deagle"
L 06/26/2018 - 12:55:58: "Cable<29><VALVE_ID_LAN><CT>" killed "XXBOT Erik<26><BOT><TERRORIST>" with "deagle"
L 06/26/2018 - 12:56:00: "@te<30><VALVE_ID_LAN><CT>" killed "Smolder<27><VALVE_ID_LAN><TERRORIST>" with "deagle"
L 06/26/2018 - 12:56:03: "Calcas Peludas<25><VALVE_ID_LAN><TERRORIST>" killed "Cable<29><VALVE_ID_LAN><CT>" with "deagle"
L 06/26/2018 - 12:56:04: "GARGAMEL O ESTRIPADOR<28><VALVE_ID_LAN><TERRORIST>" killed "Inspetor Buginganga<24><VALVE_ID_LAN><CT>" with "deagle"
L 06/26/2018 - 12:56:06: "@te<30><VALVE_ID_LAN><CT>" killed "Calcas Peludas<25><VALVE_ID_LAN><TERRORIST>" with "knife"
L 06/26/2018 - 12:56:13: "@te<30><VALVE_ID_LAN><CT>" say "ai mamae"
L 06/26/2018 - 12:56:23: "GARGAMEL O ESTRIPADOR<28><VALVE_ID_LAN><TERRORIST>" killed "@te<30><VALVE_ID_LAN><CT>" with "deagle"
L 06/26/2018 - 12:56:23: Team "TERRORIST" triggered "Terrorists_Win" (CT "3") (T "4")
L 06/26/2018 - 12:56:23: World triggered "Round_End"
L 06/26/2018 - 12:56:28: World triggered "Round_Start"
L 06/26/2018 - 12:56:38: "Smolder<27><VALVE_ID_LAN><TERRORIST>" killed "Inspetor Buginganga<24><VALVE_ID_LAN><CT>" with "deagle"
L 06/26/2018 - 12:56:42: "@te<30><VALVE_ID_LAN><CT>" killed "XXBOT Erik<26><BOT><TERRORIST>" with "deagle"
L 06/26/2018 - 12:56:42: "Cable<29><VALVE_ID_LAN><CT>" killed "Smolder<27><VALVE_ID_LAN><TERRORIST>" with "knife"
L 06/26/2018 - 12:56:48: "GARGAMEL O ESTRIPADOR<28><VALVE_ID_LAN><TERRORIST>" killed "Cable<29><VALVE_ID_LAN><CT>" with "deagle"
L 06/26/2018 - 12:56:50: "@te<30><VALVE_ID_LAN><CT>" killed "GARGAMEL O ESTRIPADOR<28><VALVE_ID_LAN><TERRORIST>" with "deagle"
L 06/26/2018 - 12:56:56: "Calcas Peludas<25><VALVE_ID_LAN><TERRORIST>" killed "Cap Billy<23><VALVE_ID_LOOPBACK><CT>" with "deagle"
L 06/26/2018 - 12:56:59: "Calcas Peludas<25><VALVE_ID_LAN><TERRORIST>" killed "@te<30><VALVE_ID_LAN><CT>" with "deagle"
L 06/26/2018 - 12:56:59: Team "TERRORIST" triggered "Terrorists_Win" (CT "3") (T "5")
L 06/26/2018 - 12:56:59: World triggered "Round_End"
L 06/26/2018 - 12:57:04: World triggered "Round_Start"
L 06/26/2018 - 12:57:18: "Calcas Peludas<25><VALVE_ID_LAN><TERRORIST>" killed "Inspetor Buginganga<24><VALVE_ID_LAN><CT>" with "deagle"
L 06/26/2018 - 12:57:22: "XXBOT Erik<26><BOT><TERRORIST>" killed "@te<30><VALVE_ID_LAN><CT>" with "deagle"
L 06/26/2018 - 12:57:24: "Calcas Peludas<25><VALVE_ID_LAN><TERRORIST>" killed "Cap Billy<23><VALVE_ID_LOOPBACK><CT>" with "knife"
L 06/26/2018 - 12:57:37: "Calcas Peludas<25><VALVE_ID_LAN><TERRORIST>" killed "Cable<29><VALVE_ID_LAN><CT>" with "knife"
L 06/26/2018 - 12:57:37: Team "TERRORIST" triggered "Terrorists_Win" (CT "3") (T "6")
L 06/26/2018 - 12:57:37: World triggered "Round_End"
L 06/26/2018 - 12:57:37: "Smolder<27><VALVE_ID_LAN><TERRORIST>" killed "Calcas Peludas<25><VALVE_ID_LAN><TERRORIST>" with "knife"
L 06/26/2018 - 12:57:40: "Cable<29><VALVE_ID_LAN><CT>" say "kk" (dead)
L 06/26/2018 - 12:57:41: "Cap Billy<23><VALVE_ID_LOOPBACK><CT>" say "HAHHAHAHAHAHAHAHA" (dead)
L 06/26/2018 - 12:57:41: "@te<30><VALVE_ID_LAN><CT>" say "kkkkkkkk" (dead)
L 06/26/2018 - 12:57:42: World triggered "Round_Start"
L 06/26/2018 - 12:57:42: "Smolder<27><VALVE_ID_LAN><TERRORIST>" committed suicide with "world"
L 06/26/2018 - 12:57:51: "Smolder<27><VALVE_ID_LAN><TERRORIST>" say "secura" (dead)
L 06/26/2018 - 12:57:51: "GARGAMEL O ESTRIPADOR<28><VALVE_ID_LAN><TERRORIST>" killed "Inspetor Buginganga<24><VALVE_ID_LAN><CT>" with "deagle"
L 06/26/2018 - 12:57:54: "GARGAMEL O ESTRIPADOR<28><VALVE_ID_LAN><TERRORIST>" killed "Cap Billy<23><VALVE_ID_LOOPBACK><CT>" with "deagle"
L 06/26/2018 - 12:57:59: "XXBOT Erik<26><BOT><TERRORIST>" killed "Cable<29><VALVE_ID_LAN><CT>" with "deagle"
L 06/26/2018 - 12:58:03: "XXBOT Erik<26><BOT><TERRORIST>" killed "@te<30><VALVE_ID_LAN><CT>" with "deagle"
L 06/26/2018 - 12:58:03: Team "TERRORIST" triggered "Terrorists_Win" (CT "3") (T "7")
L 06/26/2018 - 12:58:03: World triggered "Round_End"
L 06/26/2018 - 12:58:08: World triggered "Round_Start"
L 06/26/2018 - 12:58:16: "Cap Billy<23><VALVE_ID_LOOPBACK><CT>" killed "XXBOT Erik<26><BOT><TERRORIST>" with "deagle"
L 06/26/2018 - 12:58:23: "Smolder<27><VALVE_ID_LAN><TERRORIST>" killed "Cap Billy<23><VALVE_ID_LOOPBACK><CT>" with "knife"
L 06/26/2018 - 12:58:26: "Smolder<27><VALVE_ID_LAN><TERRORIST>" killed "Inspetor Buginganga<24><VALVE_ID_LAN><CT>" with "knife"
L 06/26/2018 - 12:58:26: "@te<30><VALVE_ID_LAN><CT>" killed "Smolder<27><VALVE_ID_LAN><TERRORIST>" with "deagle"
L 06/26/2018 - 12:58:36: "Smolder<27><VALVE_ID_LAN><TERRORIST>" say "torei 2" (dead)
L 06/26/2018 - 12:58:39: "@te<30><VALVE_ID_LAN><CT>" killed "Calcas Peludas<25><VALVE_ID_LAN><TERRORIST>" with "knife"
L 06/26/2018 - 12:58:45: "Calcas Peludas<25><VALVE_ID_LAN><TERRORIST>" say "aproveitador" (dead)
L 06/26/2018 - 12:58:57: "@te<30><VALVE_ID_LAN><CT>" killed "GARGAMEL O ESTRIPADOR<28><VALVE_ID_LAN><TERRORIST>" with "deagle"
L 06/26/2018 - 12:58:57: Team "CT" triggered "CTs_Win" (CT "4") (T "7")
L 06/26/2018 - 12:58:57: World triggered "Round_End"
L 06/26/2018 - 12:59:01: "Calcas Peludas<25><VALVE_ID_LAN><TERRORIST>" say "bixxo doido" (dead)
L 06/26/2018 - 12:59:02: World triggered "Round_Start"
L 06/26/2018 - 12:59:08: "GARGAMEL O ESTRIPADOR<28><VALVE_ID_LAN><TERRORIST>" killed "Inspetor Buginganga<24><VALVE_ID_LAN><CT>" with "deagle"
L 06/26/2018 - 12:59:18: "Calcas Peludas<25><VALVE_ID_LAN><TERRORIST>" killed "Cap Billy<23><VALVE_ID_LOOPBACK><CT>" with "knife"
L 06/26/2018 - 12:59:20: "XXBOT Erik<26><BOT><TERRORIST>" killed "Cable<29><VALVE_ID_LAN><CT>" with "deagle"
L 06/26/2018 - 12:59:21: "@te<30><VALVE_ID_LAN><CT>" killed "XXBOT Erik<26><BOT><TERRORIST>" with "deagle"
L 06/26/2018 - 12:59:24: "@te<30><VALVE_ID_LAN><CT>" killed "Calcas Peludas<25><VALVE_ID_LAN><TERRORIST>" with "deagle"
L 06/26/2018 - 12:59:32: "Cable<29><VALVE_ID_LAN><CT>" say "time" (dead)
L 06/26/2018 - 12:59:39: "Calcas Peludas<25><VALVE_ID_LAN><TERRORIST>" say "todo mundo na faca" (dead)
L 06/26/2018 - 12:59:42: "Calcas Peludas<25><VALVE_ID_LAN><TERRORIST>" say "faca" (dead)
L 06/26/2018 - 12:59:43: Server cvar "amx_nextmap" = "cs_paintball1"
L 06/26/2018 - 12:59:44: "Calcas Peludas<25><VALVE_ID_LAN><TERRORIST>" say "faca" (dead)
L 06/26/2018 - 12:59:46: "Calcas Peludas<25><VALVE_ID_LAN><TERRORIST>" say "faca" (dead)
L 06/26/2018 - 12:59:48: "Calcas Peludas<25><VALVE_ID_LAN><TERRORIST>" say "faca" (dead)
L 06/26/2018 - 12:59:50: Server cvar "bot_allow_pistols" = "0"
L 06/26/2018 - 12:59:50: Server cvar "bot_allow_shotguns" = "0"
L 06/26/2018 - 12:59:50: Server cvar "bot_allow_sub_machine_guns" = "0"
L 06/26/2018 - 12:59:50: Server cvar "bot_allow_rifles" = "0"
L 06/26/2018 - 12:59:50: Server cvar "bot_allow_machine_guns" = "0"
L 06/26/2018 - 12:59:50: Server cvar "bot_allow_grenades" = "0"
L 06/26/2018 - 12:59:50: Server cvar "bot_allow_snipers" = "0"
L 06/26/2018 - 12:59:50: Server cvar "bot_allow_shield" = "0"
L 06/26/2018 - 12:59:51: "Calcas Peludas<25><VALVE_ID_LAN><TERRORIST>" say "faca" (dead)
L 06/26/2018 - 12:59:53: "Calcas Peludas<25><VALVE_ID_LAN><TERRORIST>" say "faca" (dead)
L 06/26/2018 - 12:59:55: "GARGAMEL O ESTRIPADOR<28><VALVE_ID_LAN><TERRORIST>" killed "@te<30><VALVE_ID_LAN><CT>" with "knife"
L 06/26/2018 - 12:59:55: Team "TERRORIST" triggered "Terrorists_Win" (CT "4") (T "8")
L 06/26/2018 - 12:59:55: World triggered "Round_End"
L 06/26/2018 - 12:59:57: "Calcas Peludas<25><VALVE_ID_LAN><TERRORIST>" say "faca" (dead)
L 06/26/2018 - 12:59:58: "Cap Billy<23><VALVE_ID_LOOPBACK><CT>" say "SOH FACAAA" (dead)
L 06/26/2018 - 12:59:59: "Cable<29><VALVE_ID_LAN><CT>" say "eita" (dead)
L 06/26/2018 - 12:59:59: "Calcas Peludas<25><VALVE_ID_LAN><TERRORIST>" say "faca" (dead)
L 06/26/2018 - 13:00:00: World triggered "Round_Start"
L 06/26/2018 - 13:00:00: "Cap Billy<23><VALVE_ID_LOOPBACK><CT>" say "SPH FACA "
L 06/26/2018 - 13:00:09: "Smolder<27><VALVE_ID_LAN><TERRORIST>" killed "@te<30><VALVE_ID_LAN><CT>" with "knife"
L 06/26/2018 - 13:00:10: "XXBOT Erik<26><BOT><TERRORIST>" killed "Cable<29><VALVE_ID_LAN><CT>" with "knife"
L 06/26/2018 - 13:00:11: "Calcas Peludas<25><VALVE_ID_LAN><TERRORIST>" killed "Cap Billy<23><VALVE_ID_LOOPBACK><CT>" with "knife"
L 06/26/2018 - 13:00:13: "Smolder<27><VALVE_ID_LAN><TERRORIST>" killed "Inspetor Buginganga<24><VALVE_ID_LAN><CT>" with "knife"
L 06/26/2018 - 13:00:13: Team "TERRORIST" triggered "Terrorists_Win" (CT "4") (T "9")
L 06/26/2018 - 13:00:13: World triggered "Round_End"
L 06/26/2018 - 13:00:18: World triggered "Round_Start"
L 06/26/2018 - 13:00:21: "Cable<29><VALVE_ID_LAN><CT>" say "porra do bot"
L 06/26/2018 - 13:00:32: "Cap Billy<23><VALVE_ID_LOOPBACK><CT>" killed "GARGAMEL O ESTRIPADOR<28><VALVE_ID_LAN><TERRORIST>" with "knife"
L 06/26/2018 - 13:00:38: "Calcas Peludas<25><VALVE_ID_LAN><TERRORIST>" killed "Cap Billy<23><VALVE_ID_LOOPBACK><CT>" with "knife"
L 06/26/2018 - 13:00:40: "@te<30><VALVE_ID_LAN><CT>" killed "Calcas Peludas<25><VALVE_ID_LAN><TERRORIST>" with "knife"
L 06/26/2018 - 13:00:41: "Smolder<27><VALVE_ID_LAN><TERRORIST>" killed "Cable<29><VALVE_ID_LAN><CT>" with "knife"
L 06/26/2018 - 13:00:43: "@te<30><VALVE_ID_LAN><CT>" killed "Smolder<27><VALVE_ID_LAN><TERRORIST>" with "knife"
L 06/26/2018 - 13:00:47: "Calcas Peludas<25><VALVE_ID_LAN><TERRORIST>" say "tinha que ser o aproveitador" (dead)
L 06/26/2018 - 13:00:57: Server cvar "bot_quota" = "0"
L 06/26/2018 - 13:00:57: Kick: "XXBOT Erik<26><UNKNOWN><>" was kicked by "Cap Billy"
L 06/26/2018 - 13:00:57: "XXBOT Erik<26><BOT><TERRORIST>" disconnected
L 06/26/2018 - 13:00:57: Team "CT" triggered "CTs_Win" (CT "5") (T "9")
L 06/26/2018 - 13:00:57: World triggered "Round_End"
L 06/26/2018 - 13:00:58: "Calcas Peludas<25><VALVE_ID_LAN><TERRORIST>" say "o bot ta na escada" (dead)
L 06/26/2018 - 13:01:02: World triggered "Round_Start"
L 06/26/2018 - 13:01:11: "Smolder<27><VALVE_ID_LAN><TERRORIST>" killed "Cable<29><VALVE_ID_LAN><CT>" with "knife"
L 06/26/2018 - 13:01:14: "GARGAMEL O ESTRIPADOR<28><VALVE_ID_LAN><TERRORIST>" killed "Inspetor Buginganga<24><VALVE_ID_LAN><CT>" with "knife"
L 06/26/2018 - 13:01:16: "Smolder<27><VALVE_ID_LAN><TERRORIST>" killed "Cap Billy<23><VALVE_ID_LOOPBACK><CT>" with "knife"
L 06/26/2018 - 13:01:18: "Smolder<27><VALVE_ID_LAN><TERRORIST>" killed "@te<30><VALVE_ID_LAN><CT>" with "knife"
L 06/26/2018 - 13:01:18: Team "TERRORIST" triggered "Terrorists_Win" (CT "5") (T "10")
L 06/26/2018 - 13:01:18: World triggered "Round_End"
L 06/26/2018 - 13:01:22: "Cap Billy<23><VALVE_ID_LOOPBACK><CT>" say_team "temos que ir juntos" (dead)
L 06/26/2018 - 13:01:23: World triggered "Round_Start"
L 06/26/2018 - 13:01:29: "GARGAMEL O ESTRIPADOR<28><VALVE_ID_LAN><TERRORIST>" killed "Cap Billy<23><VALVE_ID_LOOPBACK><CT>" with "knife"
L 06/26/2018 - 13:01:29: "Cable<29><VALVE_ID_LAN><CT>" killed "GARGAMEL O ESTRIPADOR<28><VALVE_ID_LAN><TERRORIST>" with "knife"
L 06/26/2018 - 13:01:31: "Calcas Peludas<25><VALVE_ID_LAN><TERRORIST>" killed "Cable<29><VALVE_ID_LAN><CT>" with "knife"
L 06/26/2018 - 13:01:31: "Inspetor Buginganga<24><VALVE_ID_LAN><CT>" killed "Calcas Peludas<25><VALVE_ID_LAN><TERRORIST>" with "knife"
L 06/26/2018 - 13:01:32: "Smolder<27><VALVE_ID_LAN><TERRORIST>" killed "Inspetor Buginganga<24><VALVE_ID_LAN><CT>" with "knife"
L 06/26/2018 - 13:01:32: Team "CT" scored "5" with "4" players
L 06/26/2018 - 13:01:32: Team "TERRORIST" scored "10" with "3" players
L 06/26/2018 - 13:01:37: "Cap Billy<23><VALVE_ID_LOOPBACK><CT>" triggered "weaponstats" (weapon "deagle") (shots "61") (hits "20") (kills "4") (headshots "3") (tks "0") (damage "958") (deaths "5")
L 06/26/2018 - 13:01:37: "Cap Billy<23><VALVE_ID_LOOPBACK><CT>" triggered "weaponstats2" (weapon "deagle") (head "3") (chest "0") (stomach "0") (leftarm "7") (rightarm "10") (leftleg "0") (rightleg "0")
L 06/26/2018 - 13:01:37: "Cap Billy<23><VALVE_ID_LOOPBACK><CT>" triggered "weaponstats" (weapon "knife") (shots "25") (hits "7") (kills "2") (headshots "2") (tks "0") (damage "551") (deaths "10")
L 06/26/2018 - 13:01:37: "Cap Billy<23><VALVE_ID_LOOPBACK><CT>" triggered "weaponstats2" (weapon "knife") (head "3") (chest "2") (stomach "1") (leftarm "0") (rightarm "0") (leftleg "1") (rightleg "0")
L 06/26/2018 - 13:01:37: "Cap Billy<23><VALVE_ID_LOOPBACK><CT>" triggered "time" (time "10:08")
L 06/26/2018 - 13:01:37: "Cap Billy<23><VALVE_ID_LOOPBACK><CT>" triggered "latency" (ping "0")
L 06/26/2018 - 13:01:37: "Inspetor Buginganga<24><VALVE_ID_LAN><CT>" triggered "weaponstats" (weapon "deagle") (shots "53") (hits "15") (kills "2") (headshots "1") (tks "0") (damage "570") (deaths "9")
L 06/26/2018 - 13:01:37: "Inspetor Buginganga<24><VALVE_ID_LAN><CT>" triggered "weaponstats2" (weapon "deagle") (head "1") (chest "3") (stomach "2") (leftarm "8") (rightarm "1") (leftleg "0") (rightleg "0")
L 06/26/2018 - 13:01:37: "Inspetor Buginganga<24><VALVE_ID_LAN><CT>" triggered "weaponstats" (weapon "knife") (shots "5") (hits "2") (kills "1") (headshots "0") (tks "0") (damage "110") (deaths "4")
L 06/26/2018 - 13:01:37: "Inspetor Buginganga<24><VALVE_ID_LAN><CT>" triggered "weaponstats2" (weapon "knife") (head "0") (chest "1") (stomach "0") (leftarm "0") (rightarm "1") (leftleg "0") (rightleg "0")
L 06/26/2018 - 13:01:37: "Inspetor Buginganga<24><VALVE_ID_LAN><CT>" triggered "time" (time "10:05")
L 06/26/2018 - 13:01:37: "Inspetor Buginganga<24><VALVE_ID_LAN><CT>" triggered "latency" (ping "10")
L 06/26/2018 - 13:01:37: "Calcas Peludas<25><VALVE_ID_LAN><TERRORIST>" triggered "weaponstats" (weapon "deagle") (shots "149") (hits "39") (kills "6") (headshots "2") (tks "0") (damage "1233") (deaths "4")
L 06/26/2018 - 13:01:37: "Calcas Peludas<25><VALVE_ID_LAN><TERRORIST>" triggered "weaponstats2" (weapon "deagle") (head "2") (chest "8") (stomach "6") (leftarm "9") (rightarm "10") (leftleg "2") (rightleg "2")
L 06/26/2018 - 13:01:37: "Calcas Peludas<25><VALVE_ID_LAN><TERRORIST>" triggered "weaponstats" (weapon "knife") (shots "36") (hits "12") (kills "7") (headshots "5") (tks "0") (damage "1324") (deaths "5")
L 06/26/2018 - 13:01:37: "Calcas Peludas<25><VALVE_ID_LAN><TERRORIST>" triggered "weaponstats2" (weapon "knife") (head "5") (chest "2") (stomach "0") (leftarm "4") (rightarm "1") (leftleg "0") (rightleg "0")
L 06/26/2018 - 13:01:37: "Calcas Peludas<25><VALVE_ID_LAN><TERRORIST>" triggered "time" (time "10:04")
L 06/26/2018 - 13:01:37: "Calcas Peludas<25><VALVE_ID_LAN><TERRORIST>" triggered "latency" (ping "8")
L 06/26/2018 - 13:01:37: "Smolder<27><VALVE_ID_LAN><TERRORIST>" triggered "weaponstats" (weapon "deagle") (shots "43") (hits "18") (kills "3") (headshots "0") (tks "0") (damage "520") (deaths "2")
L 06/26/2018 - 13:01:37: "Smolder<27><VALVE_ID_LAN><TERRORIST>" triggered "weaponstats2" (weapon "deagle") (head "0") (chest "3") (stomach "0") (leftarm "6") (rightarm "8") (leftleg "1") (rightleg "0")
L 06/26/2018 - 13:01:37: "Smolder<27><VALVE_ID_LAN><TERRORIST>" triggered "weaponstats" (weapon "knife") (shots "28") (hits "19") (kills "10") (headshots "8") (tks "1") (damage "1617") (deaths "7")
L 06/26/2018 - 13:01:37: "Smolder<27><VALVE_ID_LAN><TERRORIST>" triggered "weaponstats2" (weapon "knife") (head "13") (chest "3") (stomach "1") (leftarm "1") (rightarm "1") (leftleg "0") (rightleg "0")
L 06/26/2018 - 13:01:37: "Smolder<27><VALVE_ID_LAN><TERRORIST>" triggered "time" (time "10:03")
L 06/26/2018 - 13:01:37: "Smolder<27><VALVE_ID_LAN><TERRORIST>" triggered "latency" (ping "10")
L 06/26/2018 - 13:01:37: "GARGAMEL O ESTRIPADOR<28><VALVE_ID_LAN><TERRORIST>" triggered "weaponstats" (weapon "deagle") (shots "111") (hits "31") (kills "12") (headshots "6") (tks "0") (damage "1565") (deaths "1")
L 06/26/2018 - 13:01:37: "GARGAMEL O ESTRIPADOR<28><VALVE_ID_LAN><TERRORIST>" triggered "weaponstats2" (weapon "deagle") (head "7") (chest "4") (stomach "6") (leftarm "5") (rightarm "4") (leftleg "2") (rightleg "3")
L 06/26/2018 - 13:01:37: "GARGAMEL O ESTRIPADOR<28><VALVE_ID_LAN><TERRORIST>" triggered "weaponstats" (weapon "knife") (shots "17") (hits "6") (kills "3") (headshots "1") (tks "0") (damage "519") (deaths "6")
L 06/26/2018 - 13:01:37: "GARGAMEL O ESTRIPADOR<28><VALVE_ID_LAN><TERRORIST>" triggered "weaponstats2" (weapon "knife") (head "1") (chest "1") (stomach "1") (leftarm "0") (rightarm "2") (leftleg "1") (rightleg "0")
L 06/26/2018 - 13:01:37: "GARGAMEL O ESTRIPADOR<28><VALVE_ID_LAN><TERRORIST>" triggered "time" (time "10:03")
L 06/26/2018 - 13:01:37: "GARGAMEL O ESTRIPADOR<28><VALVE_ID_LAN><TERRORIST>" triggered "latency" (ping "6")
L 06/26/2018 - 13:01:37: "Cable<29><VALVE_ID_LAN><CT>" triggered "weaponstats" (weapon "deagle") (shots "75") (hits "25") (kills "5") (headshots "2") (tks "0") (damage "913") (deaths "5")
L 06/26/2018 - 13:01:37: "Cable<29><VALVE_ID_LAN><CT>" triggered "weaponstats2" (weapon "deagle") (head "3") (chest "2") (stomach "5") (leftarm "8") (rightarm "4") (leftleg "3") (rightleg "0")
L 06/26/2018 - 13:01:37: "Cable<29><VALVE_ID_LAN><CT>" triggered "weaponstats" (weapon "knife") (shots "27") (hits "8") (kills "3") (headshots "2") (tks "0") (damage "772") (deaths "8")
L 06/26/2018 - 13:01:37: "Cable<29><VALVE_ID_LAN><CT>" triggered "weaponstats2" (weapon "knife") (head "3") (chest "0") (stomach "0") (leftarm "3") (rightarm "1") (leftleg "0") (rightleg "1")
L 06/26/2018 - 13:01:37: "Cable<29><VALVE_ID_LAN><CT>" triggered "time" (time "9:55")
L 06/26/2018 - 13:01:37: "Cable<29><VALVE_ID_LAN><CT>" triggered "latency" (ping "9")
L 06/26/2018 - 13:01:37: "@te<30><VALVE_ID_LAN><CT>" triggered "weaponstats" (weapon "deagle") (shots "96") (hits "39") (kills "10") (headshots "2") (tks "0") (damage "1481") (deaths "7")
L 06/26/2018 - 13:01:37: "@te<30><VALVE_ID_LAN><CT>" triggered "weaponstats2" (weapon "deagle") (head "2") (chest "6") (stomach "7") (leftarm "12") (rightarm "5") (leftleg "4") (rightleg "3")
L 06/26/2018 - 13:01:37: "@te<30><VALVE_ID_LAN><CT>" triggered "weaponstats" (weapon "knife") (shots "15") (hits "7") (kills "5") (headshots "2") (tks "0") (damage "495") (deaths "3")
L 06/26/2018 - 13:01:37: "@te<30><VALVE_ID_LAN><CT>" triggered "weaponstats2" (weapon "knife") (head "4") (chest "3") (stomach "0") (leftarm "0") (rightarm "0") (leftleg "0") (rightleg "0")
L 06/26/2018 - 13:01:37: "@te<30><VALVE_ID_LAN><CT>" triggered "time" (time "9:54")
L 06/26/2018 - 13:01:37: "@te<30><VALVE_ID_LAN><CT>" triggered "latency" (ping "14")
L 06/26/2018 - 13:01:37: [META] ini: Begin re-reading plugins list: c:/valve/cstrike/addons/metamod/plugins.ini
L 06/26/2018 - 13:01:37: [META] ini: Read plugin config for: AMX
L 06/26/2018 - 13:01:37: [META] ini: Read plugin config for: WinHL-Booster
L 06/26/2018 - 13:01:37: [META] ERROR: ini: Skipping plugin, couldn't stat file 'addons/hlguard/dlls/hlguard_mm_nightly.dll': No such file or directory
L 06/26/2018 - 13:01:37: [META] ini: Read plugin config for: WebMod
L 06/26/2018 - 13:01:37: [META] ini: Finished reading plugins list: c:/valve/cstrike/addons/metamod/plugins.ini; Found 3 plugins
L 06/26/2018 - 13:01:37: [META] dll: Updating plugins...
L 06/26/2018 - 13:01:37: [META] ERROR: dll: Failed query plugin '<hlguard_mm_nightly.dll>'; Couldn't open file 'addons/hlguard/dlls/hlguard_mm_nightly.dll': Não foi possível encontrar o módulo especificado.

L 06/26/2018 - 13:01:37: [META] ERROR: dll: Skipping plugin '<hlguard_mm_nightly.dll>'; couldn't query
L 06/26/2018 - 13:01:37: [META] dll: Finished updating 6 plugins; kept 3, loaded 0, unloaded 0, reloaded 0, delayed 0
L 06/26/2018 - 13:01:37: Server shutdown
L 06/26/2018 - 13:01:37: Log file closed
