L 06/20/2018 - 12:41:13: Log file started (file "logs\L0620002.log") (game "cstrike") (version "47/1.1.2.2/2603")
L 06/20/2018 - 12:41:14: "GARGAMEL O ESTRIPADOR<10><VALVE_ID_LAN><>" entered the game
L 06/20/2018 - 12:41:15: "Calcas Peludas<11><VALVE_ID_LAN><>" entered the game
L 06/20/2018 - 12:41:15: "Cable<12><VALVE_ID_LAN><>" connected, address "10.15.2.104:27005"
L 06/20/2018 - 12:41:16: "GARGAMEL O ESTRIPADOR<10><VALVE_ID_LAN><>" joined team "TERRORIST"
L 06/20/2018 - 12:41:16: World triggered "Game_Commencing"
L 06/20/2018 - 12:41:16: World triggered "Game_Commencing" (CT "0") (T "0")
L 06/20/2018 - 12:41:16: World triggered "Round_End"
L 06/20/2018 - 12:41:16: "Calcas Peludas<11><VALVE_ID_LAN><>" joined team "TERRORIST"
L 06/20/2018 - 12:41:18: "Cable<12><VALVE_ID_LAN><>" entered the game
L 06/20/2018 - 12:41:19: World triggered "Round_Start"
L 06/20/2018 - 12:41:23: "Cable<12><VALVE_ID_LAN><>" joined team "CT"
L 06/20/2018 - 12:41:27: "Calcas Peludas<11><VALVE_ID_LAN><TERRORIST>" killed "Cable<12><VALVE_ID_LAN><CT>" with "glock18"
L 06/20/2018 - 12:41:32: "Cap Billy<9><VALVE_ID_LOOPBACK><CT>" killed "Calcas Peludas<11><VALVE_ID_LAN><TERRORIST>" with "knife"
L 06/20/2018 - 12:41:37: "Cable<12><VALVE_ID_LAN><CT>" say "vigii ja" (dead)
L 06/20/2018 - 12:41:56: "Calcas Peludas<11><VALVE_ID_LAN><TERRORIST>" say "servidor gerado por ele fica mais facil" (dead)
L 06/20/2018 - 12:42:06: "Cap Billy<9><VALVE_ID_LOOPBACK><CT>" killed "GARGAMEL O ESTRIPADOR<10><VALVE_ID_LAN><TERRORIST>" with "knife"
L 06/20/2018 - 12:42:06: Team "CT" triggered "CTs_Win" (CT "1") (T "0")
L 06/20/2018 - 12:42:06: World triggered "Round_End"
L 06/20/2018 - 12:42:08: "Calcas Peludas<11><VALVE_ID_LAN><TERRORIST>" say "kkkkkk" (dead)
L 06/20/2018 - 12:42:09: "Cable<12><VALVE_ID_LAN><CT>" say "kkkk pegui" (dead)
L 06/20/2018 - 12:42:11: World triggered "Round_Start"
L 06/20/2018 - 12:42:11: "Calcas Peludas<11><VALVE_ID_LAN><TERRORIST>" say "surpresa"
L 06/20/2018 - 12:42:21: "Calcas Peludas<11><VALVE_ID_LAN><TERRORIST>" killed "Cable<12><VALVE_ID_LAN><CT>" with "glock18"
L 06/20/2018 - 12:42:30: "Cap Billy<9><VALVE_ID_LOOPBACK><CT>" killed "Calcas Peludas<11><VALVE_ID_LAN><TERRORIST>" with "knife"
L 06/20/2018 - 12:42:35: "GARGAMEL O ESTRIPADOR<10><VALVE_ID_LAN><TERRORIST>" killed "Cap Billy<9><VALVE_ID_LOOPBACK><CT>" with "glock18"
L 06/20/2018 - 12:42:35: Team "TERRORIST" triggered "Terrorists_Win" (CT "1") (T "1")
L 06/20/2018 - 12:42:35: World triggered "Round_End"
L 06/20/2018 - 12:42:37: "Calcas Peludas<11><VALVE_ID_LAN><TERRORIST>" say "kkkkkkkk" (dead)
L 06/20/2018 - 12:42:40: World triggered "Round_Start"
L 06/20/2018 - 12:42:41: "Cap Billy<9><VALVE_ID_LOOPBACK><CT>" say "AHHHHH COVARDAOOOO!!"
L 06/20/2018 - 12:42:53: "Cable<12><VALVE_ID_LAN><CT>" killed "GARGAMEL O ESTRIPADOR<10><VALVE_ID_LAN><TERRORIST>" with "glock18"
L 06/20/2018 - 12:42:54: "Cap Billy<9><VALVE_ID_LOOPBACK><CT>" killed "Calcas Peludas<11><VALVE_ID_LAN><TERRORIST>" with "glock18"
L 06/20/2018 - 12:42:54: Team "CT" triggered "CTs_Win" (CT "2") (T "1")
L 06/20/2018 - 12:42:54: World triggered "Round_End"
L 06/20/2018 - 12:42:59: World triggered "Round_Start"
L 06/20/2018 - 12:43:17: "Cable<12><VALVE_ID_LAN><CT>" killed "GARGAMEL O ESTRIPADOR<10><VALVE_ID_LAN><TERRORIST>" with "knife"
L 06/20/2018 - 12:43:20: "Calcas Peludas<11><VALVE_ID_LAN><TERRORIST>" killed "Cable<12><VALVE_ID_LAN><CT>" with "knife"
L 06/20/2018 - 12:43:30: "Cap Billy<9><VALVE_ID_LOOPBACK><CT>" killed "Calcas Peludas<11><VALVE_ID_LAN><TERRORIST>" with "glock18"
L 06/20/2018 - 12:43:30: Team "CT" triggered "CTs_Win" (CT "3") (T "1")
L 06/20/2018 - 12:43:30: World triggered "Round_End"
L 06/20/2018 - 12:43:33: "Calcas Peludas<11><VALVE_ID_LAN><TERRORIST>" say "kkkkk" (dead)
L 06/20/2018 - 12:43:35: World triggered "Round_Start"
L 06/20/2018 - 12:43:53: "GARGAMEL O ESTRIPADOR<10><VALVE_ID_LAN><TERRORIST>" killed "Cap Billy<9><VALVE_ID_LOOPBACK><CT>" with "glock18"
L 06/20/2018 - 12:43:59: "Calcas Peludas<11><VALVE_ID_LAN><TERRORIST>" killed "Cable<12><VALVE_ID_LAN><CT>" with "glock18"
L 06/20/2018 - 12:43:59: Team "TERRORIST" triggered "Terrorists_Win" (CT "3") (T "2")
L 06/20/2018 - 12:43:59: World triggered "Round_End"
L 06/20/2018 - 12:44:04: World triggered "Round_Start"
L 06/20/2018 - 12:44:24: "Cap Billy<9><VALVE_ID_LOOPBACK><CT>" killed "GARGAMEL O ESTRIPADOR<10><VALVE_ID_LAN><TERRORIST>" with "knife"
L 06/20/2018 - 12:44:42: "Cap Billy<9><VALVE_ID_LOOPBACK><CT>" killed "Calcas Peludas<11><VALVE_ID_LAN><TERRORIST>" with "glock18"
L 06/20/2018 - 12:44:42: Team "CT" triggered "CTs_Win" (CT "4") (T "2")
L 06/20/2018 - 12:44:42: World triggered "Round_End"
L 06/20/2018 - 12:44:47: World triggered "Round_Start"
L 06/20/2018 - 12:44:55: "Cap Billy<9><VALVE_ID_LOOPBACK><CT>" killed "GARGAMEL O ESTRIPADOR<10><VALVE_ID_LAN><TERRORIST>" with "glock18"
L 06/20/2018 - 12:44:59: "Calcas Peludas<11><VALVE_ID_LAN><TERRORIST>" killed "Cable<12><VALVE_ID_LAN><CT>" with "glock18"
L 06/20/2018 - 12:45:13: "Cap Billy<9><VALVE_ID_LOOPBACK><CT>" killed "Calcas Peludas<11><VALVE_ID_LAN><TERRORIST>" with "knife"
L 06/20/2018 - 12:45:13: Team "CT" triggered "CTs_Win" (CT "5") (T "2")
L 06/20/2018 - 12:45:13: World triggered "Round_End"
L 06/20/2018 - 12:45:18: World triggered "Round_Start"
L 06/20/2018 - 12:45:23: "Cable<12><VALVE_ID_LAN><CT>" killed "GARGAMEL O ESTRIPADOR<10><VALVE_ID_LAN><TERRORIST>" with "glock18"
L 06/20/2018 - 12:45:26: "Calcas Peludas<11><VALVE_ID_LAN><TERRORIST>" killed "Cap Billy<9><VALVE_ID_LOOPBACK><CT>" with "glock18"
L 06/20/2018 - 12:45:31: "Calcas Peludas<11><VALVE_ID_LAN><TERRORIST>" killed "Cable<12><VALVE_ID_LAN><CT>" with "glock18"
L 06/20/2018 - 12:45:31: Team "TERRORIST" triggered "Terrorists_Win" (CT "5") (T "3")
L 06/20/2018 - 12:45:31: World triggered "Round_End"
L 06/20/2018 - 12:45:34: "Calcas Peludas<11><VALVE_ID_LAN><TERRORIST>" say "merda"
L 06/20/2018 - 12:45:36: World triggered "Round_Start"
L 06/20/2018 - 12:45:44: "Cable<12><VALVE_ID_LAN><CT>" killed "Calcas Peludas<11><VALVE_ID_LAN><TERRORIST>" with "glock18"
L 06/20/2018 - 12:45:53: "Calcas Peludas<11><VALVE_ID_LAN><TERRORIST>" say "faca" (dead)
L 06/20/2018 - 12:45:56: "GARGAMEL O ESTRIPADOR<10><VALVE_ID_LAN><TERRORIST>" killed "Cap Billy<9><VALVE_ID_LOOPBACK><CT>" with "glock18"
L 06/20/2018 - 12:46:00: "GARGAMEL O ESTRIPADOR<10><VALVE_ID_LAN><TERRORIST>" killed "Cable<12><VALVE_ID_LAN><CT>" with "glock18"
L 06/20/2018 - 12:46:00: Team "TERRORIST" triggered "Terrorists_Win" (CT "5") (T "4")
L 06/20/2018 - 12:46:00: World triggered "Round_End"
L 06/20/2018 - 12:46:02: "Calcas Peludas<11><VALVE_ID_LAN><TERRORIST>" say "boa" (dead)
L 06/20/2018 - 12:46:05: World triggered "Round_Start"
L 06/20/2018 - 12:46:17: "Cable<12><VALVE_ID_LAN><CT>" killed "GARGAMEL O ESTRIPADOR<10><VALVE_ID_LAN><TERRORIST>" with "knife"
L 06/20/2018 - 12:46:23: "Cap Billy<9><VALVE_ID_LOOPBACK><CT>" killed "Calcas Peludas<11><VALVE_ID_LAN><TERRORIST>" with "knife"
L 06/20/2018 - 12:46:23: Team "CT" triggered "CTs_Win" (CT "6") (T "4")
L 06/20/2018 - 12:46:23: World triggered "Round_End"
L 06/20/2018 - 12:46:27: "Calcas Peludas<11><VALVE_ID_LAN><TERRORIST>" say "corre demais" (dead)
L 06/20/2018 - 12:46:28: World triggered "Round_Start"
L 06/20/2018 - 12:46:30: "Calcas Peludas<11><VALVE_ID_LAN><TERRORIST>" say "porra e"
L 06/20/2018 - 12:46:39: "Cap Billy<9><VALVE_ID_LOOPBACK><CT>" killed "Calcas Peludas<11><VALVE_ID_LAN><TERRORIST>" with "glock18"
L 06/20/2018 - 12:46:49: "Cap Billy<9><VALVE_ID_LOOPBACK><CT>" killed "GARGAMEL O ESTRIPADOR<10><VALVE_ID_LAN><TERRORIST>" with "knife"
L 06/20/2018 - 12:46:49: Team "CT" triggered "CTs_Win" (CT "7") (T "4")
L 06/20/2018 - 12:46:49: World triggered "Round_End"
L 06/20/2018 - 12:46:50: "Calcas Peludas<11><VALVE_ID_LAN><TERRORIST>" say "voces estao todos drogados" (dead)
L 06/20/2018 - 12:46:54: World triggered "Round_Start"
L 06/20/2018 - 12:47:10: "Cap Billy<9><VALVE_ID_LOOPBACK><CT>" killed "Calcas Peludas<11><VALVE_ID_LAN><TERRORIST>" with "glock18"
L 06/20/2018 - 12:47:10: "GARGAMEL O ESTRIPADOR<10><VALVE_ID_LAN><TERRORIST>" killed "Cable<12><VALVE_ID_LAN><CT>" with "glock18"
L 06/20/2018 - 12:47:29: "Cap Billy<9><VALVE_ID_LOOPBACK><CT>" killed "GARGAMEL O ESTRIPADOR<10><VALVE_ID_LAN><TERRORIST>" with "knife"
L 06/20/2018 - 12:47:29: Team "CT" triggered "CTs_Win" (CT "8") (T "4")
L 06/20/2018 - 12:47:29: World triggered "Round_End"
L 06/20/2018 - 12:47:35: World triggered "Round_Start"
L 06/20/2018 - 12:47:59: "Cable<12><VALVE_ID_LAN><CT>" killed "GARGAMEL O ESTRIPADOR<10><VALVE_ID_LAN><TERRORIST>" with "knife"
L 06/20/2018 - 12:47:59: "Cap Billy<9><VALVE_ID_LOOPBACK><CT>" killed "Calcas Peludas<11><VALVE_ID_LAN><TERRORIST>" with "knife"
L 06/20/2018 - 12:47:59: Team "CT" triggered "CTs_Win" (CT "9") (T "4")
L 06/20/2018 - 12:47:59: World triggered "Round_End"
L 06/20/2018 - 12:48:02: "Calcas Peludas<11><VALVE_ID_LAN><TERRORIST>" say "pqp" (dead)
L 06/20/2018 - 12:48:04: World triggered "Round_Start"
L 06/20/2018 - 12:48:05: "Calcas Peludas<11><VALVE_ID_LAN><TERRORIST>" say "eh turbo "
L 06/20/2018 - 12:48:17: "Cable<12><VALVE_ID_LAN><CT>" killed "Calcas Peludas<11><VALVE_ID_LAN><TERRORIST>" with "knife"
L 06/20/2018 - 12:48:21: "GARGAMEL O ESTRIPADOR<10><VALVE_ID_LAN><TERRORIST>" killed "Cable<12><VALVE_ID_LAN><CT>" with "knife"
L 06/20/2018 - 12:48:29: "Calcas Peludas<11><VALVE_ID_LAN><TERRORIST>" say "absurdo um negocio desse" (dead)
L 06/20/2018 - 12:48:37: "Cap Billy<9><VALVE_ID_LOOPBACK><CT>" killed "GARGAMEL O ESTRIPADOR<10><VALVE_ID_LAN><TERRORIST>" with "knife"
L 06/20/2018 - 12:48:37: Team "CT" triggered "CTs_Win" (CT "10") (T "4")
L 06/20/2018 - 12:48:37: World triggered "Round_End"
L 06/20/2018 - 12:48:42: World triggered "Round_Start"
L 06/20/2018 - 12:48:42: "Calcas Peludas<11><VALVE_ID_LAN><TERRORIST>" say "num disse"
L 06/20/2018 - 12:48:52: "Cap Billy<9><VALVE_ID_LOOPBACK><CT>" killed "GARGAMEL O ESTRIPADOR<10><VALVE_ID_LAN><TERRORIST>" with "knife"
L 06/20/2018 - 12:48:54: "Calcas Peludas<11><VALVE_ID_LAN><TERRORIST>" killed "Cap Billy<9><VALVE_ID_LOOPBACK><CT>" with "glock18"
L 06/20/2018 - 12:49:07: "GARGAMEL O ESTRIPADOR<10><VALVE_ID_LAN><TERRORIST>" say " ele ta machucado" (dead)
L 06/20/2018 - 12:49:16: "Calcas Peludas<11><VALVE_ID_LAN><TERRORIST>" killed "Cable<12><VALVE_ID_LAN><CT>" with "knife"
L 06/20/2018 - 12:49:16: Team "TERRORIST" triggered "Terrorists_Win" (CT "10") (T "5")
L 06/20/2018 - 12:49:16: World triggered "Round_End"
L 06/20/2018 - 12:49:19: "Calcas Peludas<11><VALVE_ID_LAN><TERRORIST>" say "kkkkkkkk"
L 06/20/2018 - 12:49:21: "GARGAMEL O ESTRIPADOR<10><VALVE_ID_LAN><TERRORIST>" say "kkk" (dead)
L 06/20/2018 - 12:49:21: World triggered "Round_Start"
L 06/20/2018 - 12:49:25: Server cvar "amx_nextmap" = "aim_map_usp"
L 06/20/2018 - 12:49:29: "GARGAMEL O ESTRIPADOR<10><VALVE_ID_LAN><TERRORIST>" killed "Cable<12><VALVE_ID_LAN><CT>" with "glock18"
L 06/20/2018 - 12:49:32: "Calcas Peludas<11><VALVE_ID_LAN><TERRORIST>" killed "Cap Billy<9><VALVE_ID_LOOPBACK><CT>" with "glock18"
L 06/20/2018 - 12:49:32: Team "TERRORIST" triggered "Terrorists_Win" (CT "10") (T "6")
L 06/20/2018 - 12:49:32: World triggered "Round_End"
L 06/20/2018 - 12:49:37: World triggered "Round_Start"
L 06/20/2018 - 12:49:56: "Cable<12><VALVE_ID_LAN><CT>" killed "GARGAMEL O ESTRIPADOR<10><VALVE_ID_LAN><TERRORIST>" with "glock18"
L 06/20/2018 - 12:49:59: "Cap Billy<9><VALVE_ID_LOOPBACK><CT>" killed "Calcas Peludas<11><VALVE_ID_LAN><TERRORIST>" with "knife"
L 06/20/2018 - 12:49:59: Team "CT" triggered "CTs_Win" (CT "11") (T "6")
L 06/20/2018 - 12:49:59: World triggered "Round_End"
L 06/20/2018 - 12:50:04: World triggered "Round_Start"
L 06/20/2018 - 12:50:20: "Cap Billy<9><VALVE_ID_LOOPBACK><CT>" killed "Calcas Peludas<11><VALVE_ID_LAN><TERRORIST>" with "glock18"
L 06/20/2018 - 12:50:31: "GARGAMEL O ESTRIPADOR<10><VALVE_ID_LAN><TERRORIST>" killed "Cable<12><VALVE_ID_LAN><CT>" with "glock18"
L 06/20/2018 - 12:50:32: "Cap Billy<9><VALVE_ID_LOOPBACK><CT>" killed "GARGAMEL O ESTRIPADOR<10><VALVE_ID_LAN><TERRORIST>" with "knife"
L 06/20/2018 - 12:50:32: Team "CT" triggered "CTs_Win" (CT "12") (T "6")
L 06/20/2018 - 12:50:32: World triggered "Round_End"
L 06/20/2018 - 12:50:36: "Cable<12><VALVE_ID_LAN><CT>" say "pegui" (dead)
L 06/20/2018 - 12:50:37: World triggered "Round_Start"
L 06/20/2018 - 12:50:57: "Calcas Peludas<11><VALVE_ID_LAN><TERRORIST>" killed "Cable<12><VALVE_ID_LAN><CT>" with "glock18"
L 06/20/2018 - 12:51:17: "Calcas Peludas<11><VALVE_ID_LAN><TERRORIST>" killed "Cap Billy<9><VALVE_ID_LOOPBACK><CT>" with "glock18"
L 06/20/2018 - 12:51:17: Team "TERRORIST" triggered "Terrorists_Win" (CT "12") (T "7")
L 06/20/2018 - 12:51:17: World triggered "Round_End"
L 06/20/2018 - 12:51:19: Team "CT" scored "12" with "2" players
L 06/20/2018 - 12:51:19: Team "TERRORIST" scored "7" with "2" players
L 06/20/2018 - 12:51:23: "Cap Billy<9><VALVE_ID_LOOPBACK><CT>" triggered "weaponstats" (weapon "glock18") (shots "98") (hits "37") (kills "7") (headshots "7") (tks "0") (damage "1406") (deaths "2")
L 06/20/2018 - 12:51:23: "Cap Billy<9><VALVE_ID_LOOPBACK><CT>" triggered "weaponstats2" (weapon "glock18") (head "16") (chest "2") (stomach "1") (leftarm "4") (rightarm "12") (leftleg "0") (rightleg "2")
L 06/20/2018 - 12:51:23: "Cap Billy<9><VALVE_ID_LOOPBACK><CT>" triggered "weaponstats" (weapon "knife") (shots "23") (hits "18") (kills "13") (headshots "10") (tks "0") (damage "2235") (deaths "5")
L 06/20/2018 - 12:51:23: "Cap Billy<9><VALVE_ID_LOOPBACK><CT>" triggered "weaponstats2" (weapon "knife") (head "12") (chest "3") (stomach "0") (leftarm "2") (rightarm "1") (leftleg "0") (rightleg "0")
L 06/20/2018 - 12:51:23: "Cap Billy<9><VALVE_ID_LOOPBACK><CT>" triggered "time" (time "10:12")
L 06/20/2018 - 12:51:23: "Cap Billy<9><VALVE_ID_LOOPBACK><CT>" triggered "latency" (ping "0")
L 06/20/2018 - 12:51:23: "GARGAMEL O ESTRIPADOR<10><VALVE_ID_LAN><TERRORIST>" triggered "weaponstats" (weapon "glock18") (shots "145") (hits "34") (kills "7") (headshots "7") (tks "0") (damage "1188") (deaths "6")
L 06/20/2018 - 12:51:23: "GARGAMEL O ESTRIPADOR<10><VALVE_ID_LAN><TERRORIST>" triggered "weaponstats2" (weapon "glock18") (head "11") (chest "3") (stomach "3") (leftarm "7") (rightarm "10") (leftleg "0") (rightleg "0")
L 06/20/2018 - 12:51:23: "GARGAMEL O ESTRIPADOR<10><VALVE_ID_LAN><TERRORIST>" triggered "weaponstats" (weapon "knife") (shots "22") (hits "10") (kills "1") (headshots "1") (tks "0") (damage "499") (deaths "8")
L 06/20/2018 - 12:51:23: "GARGAMEL O ESTRIPADOR<10><VALVE_ID_LAN><TERRORIST>" triggered "weaponstats2" (weapon "knife") (head "2") (chest "2") (stomach "1") (leftarm "3") (rightarm "1") (leftleg "0") (rightleg "1")
L 06/20/2018 - 12:51:23: "GARGAMEL O ESTRIPADOR<10><VALVE_ID_LAN><TERRORIST>" triggered "time" (time "10:08")
L 06/20/2018 - 12:51:23: "GARGAMEL O ESTRIPADOR<10><VALVE_ID_LAN><TERRORIST>" triggered "latency" (ping "7")
L 06/20/2018 - 12:51:23: "Calcas Peludas<11><VALVE_ID_LAN><TERRORIST>" triggered "weaponstats" (weapon "glock18") (shots "191") (hits "64") (kills "10") (headshots "5") (tks "0") (damage "1433") (deaths "9")
L 06/20/2018 - 12:51:23: "Calcas Peludas<11><VALVE_ID_LAN><TERRORIST>" triggered "weaponstats2" (weapon "glock18") (head "10") (chest "21") (stomach "1") (leftarm "13") (rightarm "16") (leftleg "1") (rightleg "2")
L 06/20/2018 - 12:51:23: "Calcas Peludas<11><VALVE_ID_LAN><TERRORIST>" triggered "weaponstats" (weapon "knife") (shots "19") (hits "5") (kills "2") (headshots "1") (tks "0") (damage "275") (deaths "5")
L 06/20/2018 - 12:51:23: "Calcas Peludas<11><VALVE_ID_LAN><TERRORIST>" triggered "weaponstats2" (weapon "knife") (head "1") (chest "0") (stomach "1") (leftarm "2") (rightarm "1") (leftleg "0") (rightleg "0")
L 06/20/2018 - 12:51:23: "Calcas Peludas<11><VALVE_ID_LAN><TERRORIST>" triggered "time" (time "10:08")
L 06/20/2018 - 12:51:23: "Calcas Peludas<11><VALVE_ID_LAN><TERRORIST>" triggered "latency" (ping "7")
L 06/20/2018 - 12:51:23: "Cable<12><VALVE_ID_LAN><CT>" triggered "weaponstats" (weapon "glock18") (shots "102") (hits "34") (kills "4") (headshots "4") (tks "0") (damage "744") (deaths "5")
L 06/20/2018 - 12:51:23: "Cable<12><VALVE_ID_LAN><CT>" triggered "weaponstats2" (weapon "glock18") (head "5") (chest "4") (stomach "2") (leftarm "15") (rightarm "7") (leftleg "0") (rightleg "1")
L 06/20/2018 - 12:51:23: "Cable<12><VALVE_ID_LAN><CT>" triggered "weaponstats" (weapon "knife") (shots "27") (hits "8") (kills "4") (headshots "2") (tks "0") (damage "960") (deaths "8")
L 06/20/2018 - 12:51:23: "Cable<12><VALVE_ID_LAN><CT>" triggered "weaponstats2" (weapon "knife") (head "3") (chest "0") (stomach "0") (leftarm "1") (rightarm "4") (leftleg "0") (rightleg "0")
L 06/20/2018 - 12:51:23: "Cable<12><VALVE_ID_LAN><CT>" triggered "time" (time "10:04")
L 06/20/2018 - 12:51:23: "Cable<12><VALVE_ID_LAN><CT>" triggered "latency" (ping "6")
L 06/20/2018 - 12:51:23: [META] ini: Begin re-reading plugins list: c:/valve/cstrike/addons/metamod/plugins.ini
L 06/20/2018 - 12:51:23: [META] ini: Read plugin config for: AMX
L 06/20/2018 - 12:51:23: [META] ini: Read plugin config for: WinHL-Booster
L 06/20/2018 - 12:51:23: [META] ERROR: ini: Skipping plugin, couldn't stat file 'addons/hlguard/dlls/hlguard_mm_nightly.dll': No such file or directory
L 06/20/2018 - 12:51:23: [META] ini: Read plugin config for: WebMod
L 06/20/2018 - 12:51:23: [META] ini: Finished reading plugins list: c:/valve/cstrike/addons/metamod/plugins.ini; Found 3 plugins
L 06/20/2018 - 12:51:23: [META] dll: Updating plugins...
L 06/20/2018 - 12:51:23: [META] ERROR: dll: Failed query plugin '<hlguard_mm_nightly.dll>'; Couldn't open file 'addons/hlguard/dlls/hlguard_mm_nightly.dll': Não foi possível encontrar o módulo especificado.

L 06/20/2018 - 12:51:23: [META] ERROR: dll: Skipping plugin '<hlguard_mm_nightly.dll>'; couldn't query
L 06/20/2018 - 12:51:23: [META] dll: Finished updating 6 plugins; kept 3, loaded 0, unloaded 0, reloaded 0, delayed 0
L 06/20/2018 - 12:51:23: Server shutdown
L 06/20/2018 - 12:51:23: Log file closed
