L 06/29/2018 - 12:30:51: Log file started (file "logs\L0629000.log") (game "cstrike") (version "47/1.1.2.2/2603")
L 06/29/2018 - 12:30:52: "Inspetor Buginganga<7><VALVE_ID_LAN><>" entered the game
L 06/29/2018 - 12:30:53: "Calcas Peludas<8><VALVE_ID_LAN><>" entered the game
L 06/29/2018 - 12:30:53: "GARGAMEL O ESTRIPADOR<9><VALVE_ID_LAN><>" entered the game
L 06/29/2018 - 12:30:54: "GARGAMEL O ESTRIPADOR<9><VALVE_ID_LAN><>" joined team "TERRORIST"
L 06/29/2018 - 12:30:54: "Calcas Peludas<8><VALVE_ID_LAN><>" joined team "TERRORIST"
L 06/29/2018 - 12:30:54: World triggered "Game_Commencing"
L 06/29/2018 - 12:30:54: World triggered "Game_Commencing" (CT "0") (T "0")
L 06/29/2018 - 12:30:54: World triggered "Round_End"
L 06/29/2018 - 12:30:56: "Cap Billy<6><VALVE_ID_LOOPBACK><CT>" killed "GARGAMEL O ESTRIPADOR<9><VALVE_ID_LAN><TERRORIST>" with "aug"
L 06/29/2018 - 12:30:57: "Inspetor Buginganga<7><VALVE_ID_LAN><>" joined team "CT"
L 06/29/2018 - 12:30:57: World triggered "Round_Start"
L 06/29/2018 - 12:31:04: "GARGAMEL O ESTRIPADOR<9><VALVE_ID_LAN><TERRORIST>" killed "Inspetor Buginganga<7><VALVE_ID_LAN><CT>" with "aug"
L 06/29/2018 - 12:31:05: "Cap Billy<6><VALVE_ID_LOOPBACK><CT>" killed "GARGAMEL O ESTRIPADOR<9><VALVE_ID_LAN><TERRORIST>" with "xm1014"
L 06/29/2018 - 12:31:08: "Cap Billy<6><VALVE_ID_LOOPBACK><CT>" killed "Calcas Peludas<8><VALVE_ID_LAN><TERRORIST>" with "xm1014"
L 06/29/2018 - 12:31:08: Team "CT" triggered "CTs_Win" (CT "1") (T "0")
L 06/29/2018 - 12:31:08: World triggered "Round_End"
L 06/29/2018 - 12:31:11: "Kratos<10><VALVE_ID_LAN><>" connected, address "10.15.1.156:27005"
L 06/29/2018 - 12:31:13: World triggered "Round_Start"
L 06/29/2018 - 12:31:13: "Kratos<10><VALVE_ID_LAN><>" entered the game
L 06/29/2018 - 12:31:18: "Kratos<10><VALVE_ID_LAN><>" joined team "TERRORIST"
L 06/29/2018 - 12:31:20: "GARGAMEL O ESTRIPADOR<9><VALVE_ID_LAN><TERRORIST>" killed "Inspetor Buginganga<7><VALVE_ID_LAN><CT>" with "xm1014"
L 06/29/2018 - 12:31:22: "Cap Billy<6><VALVE_ID_LOOPBACK><CT>" killed "GARGAMEL O ESTRIPADOR<9><VALVE_ID_LAN><TERRORIST>" with "xm1014"
L 06/29/2018 - 12:31:27: "Cap Billy<6><VALVE_ID_LOOPBACK><CT>" killed "Calcas Peludas<8><VALVE_ID_LAN><TERRORIST>" with "xm1014"
L 06/29/2018 - 12:31:29: "Kratos<10><VALVE_ID_LAN><TERRORIST>" killed "Cap Billy<6><VALVE_ID_LOOPBACK><CT>" with "glock18"
L 06/29/2018 - 12:31:29: Team "TERRORIST" triggered "Terrorists_Win" (CT "1") (T "1")
L 06/29/2018 - 12:31:29: World triggered "Round_End"
L 06/29/2018 - 12:31:30: "Smolder<11><VALVE_ID_LAN><>" connected, address "10.15.3.173:27005"
L 06/29/2018 - 12:31:33: "XXBOT Rip<12><BOT><>" joined team "CT"
L 06/29/2018 - 12:31:33: Server cvar "bot_quota" = "1"
L 06/29/2018 - 12:31:33: "XXBOT Rip<12><BOT><>" entered the game
L 06/29/2018 - 12:31:34: World triggered "Round_Start"
L 06/29/2018 - 12:31:34: "Smolder<11><VALVE_ID_LAN><>" entered the game
L 06/29/2018 - 12:31:36: "Cap Billy<6><VALVE_ID_LOOPBACK><CT>" killed "Calcas Peludas<8><VALVE_ID_LAN><TERRORIST>" with "mac10"
L 06/29/2018 - 12:31:37: "Smolder<11><VALVE_ID_LAN><>" joined team "TERRORIST"
L 06/29/2018 - 12:31:43: "Smolder<11><VALVE_ID_LAN><TERRORIST>" killed "Inspetor Buginganga<7><VALVE_ID_LAN><CT>" with "knife"
L 06/29/2018 - 12:31:45: "Cap Billy<6><VALVE_ID_LOOPBACK><CT>" killed "GARGAMEL O ESTRIPADOR<9><VALVE_ID_LAN><TERRORIST>" with "m4a1"
L 06/29/2018 - 12:31:45: "Kratos<10><VALVE_ID_LAN><TERRORIST>" killed "XXBOT Rip<12><BOT><CT>" with "xm1014"
L 06/29/2018 - 12:31:48: "Cap Billy<6><VALVE_ID_LOOPBACK><CT>" killed "Smolder<11><VALVE_ID_LAN><TERRORIST>" with "m4a1"
L 06/29/2018 - 12:31:53: "Smolder<11><VALVE_ID_LAN><TERRORIST>" say "boa tarde" (dead)
L 06/29/2018 - 12:31:54: "XXBOT Brett<13><BOT><>" joined team "CT"
L 06/29/2018 - 12:31:54: Server cvar "bot_quota" = "2"
L 06/29/2018 - 12:31:54: "XXBOT Brett<13><BOT><>" entered the game
L 06/29/2018 - 12:31:57: "Calcas Peludas<8><VALVE_ID_LAN><TERRORIST>" say "boa tarde" (dead)
L 06/29/2018 - 12:31:59: "Kratos<10><VALVE_ID_LAN><TERRORIST>" killed "Cap Billy<6><VALVE_ID_LOOPBACK><CT>" with "xm1014"
L 06/29/2018 - 12:31:59: Team "TERRORIST" triggered "Terrorists_Win" (CT "1") (T "2")
L 06/29/2018 - 12:31:59: World triggered "Round_End"
L 06/29/2018 - 12:32:03: "Smolder<11><VALVE_ID_LAN><TERRORIST>" say "no lindo lago do amor" (dead)
L 06/29/2018 - 12:32:04: World triggered "Round_Start"
L 06/29/2018 - 12:32:06: "Calcas Peludas<8><VALVE_ID_LAN><TERRORIST>" killed "Cap Billy<6><VALVE_ID_LOOPBACK><CT>" with "ak47"
L 06/29/2018 - 12:32:06: "Calcas Peludas<8><VALVE_ID_LAN><TERRORIST>" killed "Inspetor Buginganga<7><VALVE_ID_LAN><CT>" with "ak47"
L 06/29/2018 - 12:32:07: "XXBOT Rip<12><BOT><CT>" killed "Calcas Peludas<8><VALVE_ID_LAN><TERRORIST>" with "usp"
L 06/29/2018 - 12:32:13: "Kratos<10><VALVE_ID_LAN><TERRORIST>" killed "XXBOT Rip<12><BOT><CT>" with "xm1014"
L 06/29/2018 - 12:32:13: "XXBOT Brett<13><BOT><CT>" killed "GARGAMEL O ESTRIPADOR<9><VALVE_ID_LAN><TERRORIST>" with "mac10"
L 06/29/2018 - 12:32:15: "Smolder<11><VALVE_ID_LAN><TERRORIST>" killed "XXBOT Brett<13><BOT><CT>" with "mp5navy"
L 06/29/2018 - 12:32:15: Team "TERRORIST" triggered "Terrorists_Win" (CT "1") (T "3")
L 06/29/2018 - 12:32:15: World triggered "Round_End"
L 06/29/2018 - 12:32:20: "GARGAMEL O ESTRIPADOR<9><VALVE_ID_LAN><TERRORIST>" joined team "CT"
L 06/29/2018 - 12:32:20: World triggered "Round_Start"
L 06/29/2018 - 12:32:24: "Smolder<11><VALVE_ID_LAN><TERRORIST>" killed "Inspetor Buginganga<7><VALVE_ID_LAN><CT>" with "grenade"
L 06/29/2018 - 12:32:24: "Smolder<11><VALVE_ID_LAN><TERRORIST>" killed "GARGAMEL O ESTRIPADOR<9><VALVE_ID_LAN><CT>" with "grenade"
L 06/29/2018 - 12:32:24: "Smolder<11><VALVE_ID_LAN><TERRORIST>" killed "XXBOT Rip<12><BOT><CT>" with "grenade"
L 06/29/2018 - 12:32:24: Server cvar "bot_quota" = "1"
L 06/29/2018 - 12:32:24: Server cvar "bot_quota" = "0"
L 06/29/2018 - 12:32:24: Kick: "XXBOT Rip<12><UNKNOWN><>" was kicked by "Cap Billy"
L 06/29/2018 - 12:32:24: "XXBOT Rip<12><BOT><CT>" disconnected
L 06/29/2018 - 12:32:24: Kick: "XXBOT Brett<13><UNKNOWN><>" was kicked by "Cap Billy"
L 06/29/2018 - 12:32:24: "XXBOT Brett<13><BOT><CT>" disconnected
L 06/29/2018 - 12:32:27: "Cap Billy<6><VALVE_ID_LOOPBACK><CT>" killed "Smolder<11><VALVE_ID_LAN><TERRORIST>" with "mac10"
L 06/29/2018 - 12:32:29: "Kratos<10><VALVE_ID_LAN><TERRORIST>" killed "Cap Billy<6><VALVE_ID_LOOPBACK><CT>" with "xm1014"
L 06/29/2018 - 12:32:29: Team "TERRORIST" triggered "Terrorists_Win" (CT "1") (T "4")
L 06/29/2018 - 12:32:29: World triggered "Round_End"
L 06/29/2018 - 12:32:34: World triggered "Round_Start"
L 06/29/2018 - 12:32:37: "Smolder<11><VALVE_ID_LAN><TERRORIST>" killed "Cap Billy<6><VALVE_ID_LOOPBACK><CT>" with "aug"
L 06/29/2018 - 12:32:40: "Calcas Peludas<8><VALVE_ID_LAN><TERRORIST>" killed "Inspetor Buginganga<7><VALVE_ID_LAN><CT>" with "m4a1"
L 06/29/2018 - 12:32:42: "GARGAMEL O ESTRIPADOR<9><VALVE_ID_LAN><CT>" killed "Smolder<11><VALVE_ID_LAN><TERRORIST>" with "ak47"
L 06/29/2018 - 12:32:45: "GARGAMEL O ESTRIPADOR<9><VALVE_ID_LAN><CT>" killed "Calcas Peludas<8><VALVE_ID_LAN><TERRORIST>" with "ak47"
L 06/29/2018 - 12:32:45: "Kratos<10><VALVE_ID_LAN><TERRORIST>" killed "GARGAMEL O ESTRIPADOR<9><VALVE_ID_LAN><CT>" with "xm1014"
L 06/29/2018 - 12:32:45: Team "TERRORIST" triggered "Terrorists_Win" (CT "1") (T "5")
L 06/29/2018 - 12:32:45: World triggered "Round_End"
L 06/29/2018 - 12:32:50: World triggered "Round_Start"
L 06/29/2018 - 12:32:53: "Kratos<10><VALVE_ID_LAN><TERRORIST>" killed "Calcas Peludas<8><VALVE_ID_LAN><TERRORIST>" with "grenade"
L 06/29/2018 - 12:32:55: "Kratos<10><VALVE_ID_LAN><TERRORIST>" killed "Cap Billy<6><VALVE_ID_LOOPBACK><CT>" with "xm1014"
L 06/29/2018 - 12:32:59: "Calcas Peludas<8><VALVE_ID_LAN><TERRORIST>" say "valeu amigo" (dead)
L 06/29/2018 - 12:33:03: "GARGAMEL O ESTRIPADOR<9><VALVE_ID_LAN><CT>" killed "Smolder<11><VALVE_ID_LAN><TERRORIST>" with "m249"
L 06/29/2018 - 12:33:04: "Kratos<10><VALVE_ID_LAN><TERRORIST>" killed "GARGAMEL O ESTRIPADOR<9><VALVE_ID_LAN><CT>" with "xm1014"
L 06/29/2018 - 12:33:12: "Kratos<10><VALVE_ID_LAN><TERRORIST>" killed "Inspetor Buginganga<7><VALVE_ID_LAN><CT>" with "xm1014"
L 06/29/2018 - 12:33:12: Team "TERRORIST" triggered "Terrorists_Win" (CT "1") (T "6")
L 06/29/2018 - 12:33:12: World triggered "Round_End"
L 06/29/2018 - 12:33:16: "Cap Billy<6><VALVE_ID_LOOPBACK><CT>" say_team "USA O FONE PIOWWWW" (dead)
L 06/29/2018 - 12:33:17: World triggered "Round_Start"
L 06/29/2018 - 12:33:17: "Kratos<10><VALVE_ID_LAN><TERRORIST>" committed suicide with "world"
L 06/29/2018 - 12:33:25: "Cap Billy<6><VALVE_ID_LOOPBACK><CT>" killed "Calcas Peludas<8><VALVE_ID_LAN><TERRORIST>" with "m4a1"
L 06/29/2018 - 12:33:27: "Smolder<11><VALVE_ID_LAN><TERRORIST>" killed "Cap Billy<6><VALVE_ID_LOOPBACK><CT>" with "mp5navy"
L 06/29/2018 - 12:33:39: "Inspetor Buginganga<7><VALVE_ID_LAN><CT>" killed "Smolder<11><VALVE_ID_LAN><TERRORIST>" with "xm1014"
L 06/29/2018 - 12:33:39: Team "CT" triggered "CTs_Win" (CT "2") (T "6")
L 06/29/2018 - 12:33:39: World triggered "Round_End"
L 06/29/2018 - 12:33:41: "Calcas Peludas<8><VALVE_ID_LAN><TERRORIST>" say "hahahhaa" (dead)
L 06/29/2018 - 12:33:42: "Inspetor Buginganga<7><VALVE_ID_LAN><CT>" killed "GARGAMEL O ESTRIPADOR<9><VALVE_ID_LAN><CT>" with "xm1014"
L 06/29/2018 - 12:33:44: World triggered "Round_Start"
L 06/29/2018 - 12:33:44: "Inspetor Buginganga<7><VALVE_ID_LAN><CT>" committed suicide with "world"
L 06/29/2018 - 12:33:48: "Smolder<11><VALVE_ID_LAN><TERRORIST>" killed "GARGAMEL O ESTRIPADOR<9><VALVE_ID_LAN><CT>" with "xm1014"
L 06/29/2018 - 12:33:49: "Calcas Peludas<8><VALVE_ID_LAN><TERRORIST>" killed "Cap Billy<6><VALVE_ID_LOOPBACK><CT>" with "m4a1"
L 06/29/2018 - 12:33:49: Team "TERRORIST" triggered "Terrorists_Win" (CT "2") (T "7")
L 06/29/2018 - 12:33:49: World triggered "Round_End"
L 06/29/2018 - 12:33:54: World triggered "Round_Start"
L 06/29/2018 - 12:33:58: "Cap Billy<6><VALVE_ID_LOOPBACK><CT>" killed "Kratos<10><VALVE_ID_LAN><TERRORIST>" with "usp"
L 06/29/2018 - 12:33:59: "Calcas Peludas<8><VALVE_ID_LAN><TERRORIST>" killed "Inspetor Buginganga<7><VALVE_ID_LAN><CT>" with "m4a1"
L 06/29/2018 - 12:34:01: "GARGAMEL O ESTRIPADOR<9><VALVE_ID_LAN><CT>" killed "Smolder<11><VALVE_ID_LAN><TERRORIST>" with "ak47"
L 06/29/2018 - 12:34:08: "Cap Billy<6><VALVE_ID_LOOPBACK><CT>" killed "Calcas Peludas<8><VALVE_ID_LAN><TERRORIST>" with "mp5navy"
L 06/29/2018 - 12:34:08: Team "CT" triggered "CTs_Win" (CT "3") (T "7")
L 06/29/2018 - 12:34:08: World triggered "Round_End"
L 06/29/2018 - 12:34:13: World triggered "Round_Start"
L 06/29/2018 - 12:34:19: "Kratos<10><VALVE_ID_LAN><TERRORIST>" killed "GARGAMEL O ESTRIPADOR<9><VALVE_ID_LAN><CT>" with "ak47"
L 06/29/2018 - 12:34:19: "Kratos<10><VALVE_ID_LAN><TERRORIST>" killed "Inspetor Buginganga<7><VALVE_ID_LAN><CT>" with "ak47"
L 06/29/2018 - 12:34:23: "Kratos<10><VALVE_ID_LAN><TERRORIST>" killed "Cap Billy<6><VALVE_ID_LOOPBACK><CT>" with "tmp"
L 06/29/2018 - 12:34:23: Team "TERRORIST" triggered "Terrorists_Win" (CT "3") (T "8")
L 06/29/2018 - 12:34:23: World triggered "Round_End"
L 06/29/2018 - 12:34:28: World triggered "Round_Start"
L 06/29/2018 - 12:34:31: "Smolder<11><VALVE_ID_LAN><TERRORIST>" killed "Cap Billy<6><VALVE_ID_LOOPBACK><CT>" with "mp5navy"
L 06/29/2018 - 12:34:35: "GARGAMEL O ESTRIPADOR<9><VALVE_ID_LAN><CT>" killed "Smolder<11><VALVE_ID_LAN><TERRORIST>" with "m249"
L 06/29/2018 - 12:34:37: "Kratos<10><VALVE_ID_LAN><TERRORIST>" killed "GARGAMEL O ESTRIPADOR<9><VALVE_ID_LAN><CT>" with "tmp"
L 06/29/2018 - 12:34:37: "Calcas Peludas<8><VALVE_ID_LAN><TERRORIST>" killed "Inspetor Buginganga<7><VALVE_ID_LAN><CT>" with "knife"
L 06/29/2018 - 12:34:37: Team "TERRORIST" triggered "Terrorists_Win" (CT "3") (T "9")
L 06/29/2018 - 12:34:37: World triggered "Round_End"
L 06/29/2018 - 12:34:42: "Smolder<11><VALVE_ID_LAN><TERRORIST>" say "eh festa" (dead)
L 06/29/2018 - 12:34:42: World triggered "Round_Start"
L 06/29/2018 - 12:34:48: "Smolder<11><VALVE_ID_LAN><TERRORIST>" killed "GARGAMEL O ESTRIPADOR<9><VALVE_ID_LAN><CT>" with "xm1014"
L 06/29/2018 - 12:34:51: "Cap Billy<6><VALVE_ID_LOOPBACK><CT>" killed "Calcas Peludas<8><VALVE_ID_LAN><TERRORIST>" with "xm1014"
L 06/29/2018 - 12:34:52: "Kratos<10><VALVE_ID_LAN><TERRORIST>" killed "Cap Billy<6><VALVE_ID_LOOPBACK><CT>" with "tmp"
L 06/29/2018 - 12:34:59: "Smolder<11><VALVE_ID_LAN><TERRORIST>" killed "Inspetor Buginganga<7><VALVE_ID_LAN><CT>" with "xm1014"
L 06/29/2018 - 12:34:59: Team "TERRORIST" triggered "Terrorists_Win" (CT "3") (T "10")
L 06/29/2018 - 12:34:59: World triggered "Round_End"
L 06/29/2018 - 12:35:04: World triggered "Round_Start"
L 06/29/2018 - 12:35:07: "Calcas Peludas<8><VALVE_ID_LAN><TERRORIST>" killed "Cap Billy<6><VALVE_ID_LOOPBACK><CT>" with "m3"
L 06/29/2018 - 12:35:09: "Calcas Peludas<8><VALVE_ID_LAN><TERRORIST>" killed "Inspetor Buginganga<7><VALVE_ID_LAN><CT>" with "m3"
L 06/29/2018 - 12:35:09: "Smolder<11><VALVE_ID_LAN><TERRORIST>" killed "GARGAMEL O ESTRIPADOR<9><VALVE_ID_LAN><CT>" with "xm1014"
L 06/29/2018 - 12:35:09: Team "TERRORIST" triggered "Terrorists_Win" (CT "3") (T "11")
L 06/29/2018 - 12:35:09: World triggered "Round_End"
L 06/29/2018 - 12:35:14: World triggered "Round_Start"
L 06/29/2018 - 12:35:16: "Calcas Peludas<8><VALVE_ID_LAN><TERRORIST>" killed "Cap Billy<6><VALVE_ID_LOOPBACK><CT>" with "xm1014"
L 06/29/2018 - 12:35:18: "Smolder<11><VALVE_ID_LAN><TERRORIST>" killed "GARGAMEL O ESTRIPADOR<9><VALVE_ID_LAN><CT>" with "grenade"
L 06/29/2018 - 12:35:23: "Kratos<10><VALVE_ID_LAN><TERRORIST>" killed "Inspetor Buginganga<7><VALVE_ID_LAN><CT>" with "tmp"
L 06/29/2018 - 12:35:23: Team "TERRORIST" triggered "Terrorists_Win" (CT "3") (T "12")
L 06/29/2018 - 12:35:23: World triggered "Round_End"
L 06/29/2018 - 12:35:28: World triggered "Round_Start"
L 06/29/2018 - 12:35:33: "Calcas Peludas<8><VALVE_ID_LAN><TERRORIST>" killed "GARGAMEL O ESTRIPADOR<9><VALVE_ID_LAN><CT>" with "xm1014"
L 06/29/2018 - 12:35:34: "Cap Billy<6><VALVE_ID_LOOPBACK><CT>" killed "Calcas Peludas<8><VALVE_ID_LAN><TERRORIST>" with "m4a1"
L 06/29/2018 - 12:35:35: "Inspetor Buginganga<7><VALVE_ID_LAN><CT>" killed "Smolder<11><VALVE_ID_LAN><TERRORIST>" with "usp"
L 06/29/2018 - 12:35:39: "Cap Billy<6><VALVE_ID_LOOPBACK><CT>" killed "Kratos<10><VALVE_ID_LAN><TERRORIST>" with "m4a1"
L 06/29/2018 - 12:35:39: Team "CT" triggered "CTs_Win" (CT "4") (T "12")
L 06/29/2018 - 12:35:39: World triggered "Round_End"
L 06/29/2018 - 12:35:44: World triggered "Round_Start"
L 06/29/2018 - 12:35:47: "Calcas Peludas<8><VALVE_ID_LAN><TERRORIST>" killed "GARGAMEL O ESTRIPADOR<9><VALVE_ID_LAN><CT>" with "awp"
L 06/29/2018 - 12:35:49: "Cap Billy<6><VALVE_ID_LOOPBACK><CT>" killed "Calcas Peludas<8><VALVE_ID_LAN><TERRORIST>" with "m4a1"
L 06/29/2018 - 12:35:50: "Kratos<10><VALVE_ID_LAN><TERRORIST>" killed "Cap Billy<6><VALVE_ID_LOOPBACK><CT>" with "mp5navy"
L 06/29/2018 - 12:35:50: "Smolder<11><VALVE_ID_LAN><TERRORIST>" killed "Inspetor Buginganga<7><VALVE_ID_LAN><CT>" with "xm1014"
L 06/29/2018 - 12:35:50: Team "TERRORIST" triggered "Terrorists_Win" (CT "4") (T "13")
L 06/29/2018 - 12:35:50: World triggered "Round_End"
L 06/29/2018 - 12:35:55: World triggered "Round_Start"
L 06/29/2018 - 12:35:58: "Cap Billy<6><VALVE_ID_LOOPBACK><CT>" killed "Calcas Peludas<8><VALVE_ID_LAN><TERRORIST>" with "mac10"
L 06/29/2018 - 12:36:04: "Kratos<10><VALVE_ID_LAN><TERRORIST>" killed "Cap Billy<6><VALVE_ID_LOOPBACK><CT>" with "mp5navy"
L 06/29/2018 - 12:36:04: "Inspetor Buginganga<7><VALVE_ID_LAN><CT>" killed "Smolder<11><VALVE_ID_LAN><TERRORIST>" with "usp"
L 06/29/2018 - 12:36:09: "Kratos<10><VALVE_ID_LAN><TERRORIST>" killed "GARGAMEL O ESTRIPADOR<9><VALVE_ID_LAN><CT>" with "mp5navy"
L 06/29/2018 - 12:36:10: "Calcas Peludas<8><VALVE_ID_LAN><TERRORIST>" say "levaram uma surra" (dead)
L 06/29/2018 - 12:36:23: "Inspetor Buginganga<7><VALVE_ID_LAN><CT>" killed "Kratos<10><VALVE_ID_LAN><TERRORIST>" with "xm1014"
L 06/29/2018 - 12:36:23: Team "CT" triggered "CTs_Win" (CT "5") (T "13")
L 06/29/2018 - 12:36:23: World triggered "Round_End"
L 06/29/2018 - 12:36:24: "Cap Billy<6><VALVE_ID_LOOPBACK><CT>" say_team "esse homi tem que se mexer" (dead)
L 06/29/2018 - 12:36:28: World triggered "Round_Start"
L 06/29/2018 - 12:36:32: "Calcas Peludas<8><VALVE_ID_LAN><TERRORIST>" killed "Cap Billy<6><VALVE_ID_LOOPBACK><CT>" with "ak47"
L 06/29/2018 - 12:36:36: "Kratos<10><VALVE_ID_LAN><TERRORIST>" killed "GARGAMEL O ESTRIPADOR<9><VALVE_ID_LAN><CT>" with "m3"
L 06/29/2018 - 12:36:39: "Inspetor Buginganga<7><VALVE_ID_LAN><CT>" killed "Smolder<11><VALVE_ID_LAN><TERRORIST>" with "xm1014"
L 06/29/2018 - 12:36:59: "GARGAMEL O ESTRIPADOR<9><VALVE_ID_LAN><CT>" say " vai macho" (dead)
L 06/29/2018 - 12:37:04: "Kratos<10><VALVE_ID_LAN><TERRORIST>" killed "Inspetor Buginganga<7><VALVE_ID_LAN><CT>" with "knife"
L 06/29/2018 - 12:37:04: Team "TERRORIST" triggered "Terrorists_Win" (CT "5") (T "14")
L 06/29/2018 - 12:37:04: World triggered "Round_End"
L 06/29/2018 - 12:37:05: "Cap Billy<6><VALVE_ID_LOOPBACK><CT>" say_team "TEM QUE SE MEXER POW PARADO EH OSSO" (dead)
L 06/29/2018 - 12:37:09: World triggered "Round_Start"
L 06/29/2018 - 12:37:15: "Kratos<10><VALVE_ID_LAN><TERRORIST>" killed "Cap Billy<6><VALVE_ID_LOOPBACK><CT>" with "aug"
L 06/29/2018 - 12:37:16: "GARGAMEL O ESTRIPADOR<9><VALVE_ID_LAN><CT>" killed "Calcas Peludas<8><VALVE_ID_LAN><TERRORIST>" with "xm1014"
L 06/29/2018 - 12:37:19: "GARGAMEL O ESTRIPADOR<9><VALVE_ID_LAN><CT>" killed "Smolder<11><VALVE_ID_LAN><TERRORIST>" with "xm1014"
L 06/29/2018 - 12:37:20: "Kratos<10><VALVE_ID_LAN><TERRORIST>" killed "GARGAMEL O ESTRIPADOR<9><VALVE_ID_LAN><CT>" with "xm1014"
L 06/29/2018 - 12:37:22: "Kratos<10><VALVE_ID_LAN><TERRORIST>" killed "Inspetor Buginganga<7><VALVE_ID_LAN><CT>" with "xm1014"
L 06/29/2018 - 12:37:22: Team "TERRORIST" triggered "Terrorists_Win" (CT "5") (T "15")
L 06/29/2018 - 12:37:22: World triggered "Round_End"
L 06/29/2018 - 12:37:27: World triggered "Round_Start"
L 06/29/2018 - 12:37:29: "Cap Billy<6><VALVE_ID_LOOPBACK><CT>" killed "Calcas Peludas<8><VALVE_ID_LAN><TERRORIST>" with "aug"
L 06/29/2018 - 12:37:29: "Cap Billy<6><VALVE_ID_LOOPBACK><CT>" killed "Kratos<10><VALVE_ID_LAN><TERRORIST>" with "aug"
L 06/29/2018 - 12:37:31: "GARGAMEL O ESTRIPADOR<9><VALVE_ID_LAN><CT>" killed "Smolder<11><VALVE_ID_LAN><TERRORIST>" with "mac10"
L 06/29/2018 - 12:37:31: Team "CT" triggered "CTs_Win" (CT "6") (T "15")
L 06/29/2018 - 12:37:31: World triggered "Round_End"
L 06/29/2018 - 12:37:36: World triggered "Round_Start"
L 06/29/2018 - 12:37:42: "Kratos<10><VALVE_ID_LAN><TERRORIST>" killed "GARGAMEL O ESTRIPADOR<9><VALVE_ID_LAN><CT>" with "aug"
L 06/29/2018 - 12:37:43: "Kratos<10><VALVE_ID_LAN><TERRORIST>" killed "Inspetor Buginganga<7><VALVE_ID_LAN><CT>" with "aug"
L 06/29/2018 - 12:37:49: "Cap Billy<6><VALVE_ID_LOOPBACK><CT>" killed "Calcas Peludas<8><VALVE_ID_LAN><TERRORIST>" with "xm1014"
L 06/29/2018 - 12:37:54: "Cap Billy<6><VALVE_ID_LOOPBACK><CT>" killed "Smolder<11><VALVE_ID_LAN><TERRORIST>" with "xm1014"
L 06/29/2018 - 12:37:58: "Cap Billy<6><VALVE_ID_LOOPBACK><CT>" killed "Kratos<10><VALVE_ID_LAN><TERRORIST>" with "xm1014"
L 06/29/2018 - 12:37:58: Team "CT" triggered "CTs_Win" (CT "7") (T "15")
L 06/29/2018 - 12:37:58: World triggered "Round_End"
L 06/29/2018 - 12:38:01: "Calcas Peludas<8><VALVE_ID_LAN><TERRORIST>" say "kralho" (dead)
L 06/29/2018 - 12:38:03: World triggered "Round_Start"
L 06/29/2018 - 12:38:03: "@te<14><VALVE_ID_LAN><>" connected, address "10.15.2.23:27005"
L 06/29/2018 - 12:38:10: "GARGAMEL O ESTRIPADOR<9><VALVE_ID_LAN><CT>" killed "Kratos<10><VALVE_ID_LAN><TERRORIST>" with "m249"
L 06/29/2018 - 12:38:11: "Cap Billy<6><VALVE_ID_LOOPBACK><CT>" killed "Smolder<11><VALVE_ID_LAN><TERRORIST>" with "xm1014"
L 06/29/2018 - 12:38:13: "Cap Billy<6><VALVE_ID_LOOPBACK><CT>" killed "Calcas Peludas<8><VALVE_ID_LAN><TERRORIST>" with "xm1014"
L 06/29/2018 - 12:38:13: Team "CT" triggered "CTs_Win" (CT "8") (T "15")
L 06/29/2018 - 12:38:13: World triggered "Round_End"
L 06/29/2018 - 12:38:18: World triggered "Round_Start"
L 06/29/2018 - 12:38:22: "@te<14><VALVE_ID_LAN><>" entered the game
L 06/29/2018 - 12:38:22: "Kratos<10><VALVE_ID_LAN><TERRORIST>" killed "GARGAMEL O ESTRIPADOR<9><VALVE_ID_LAN><CT>" with "mp5navy"
L 06/29/2018 - 12:38:23: "Smolder<11><VALVE_ID_LAN><TERRORIST>" killed "Cap Billy<6><VALVE_ID_LOOPBACK><CT>" with "xm1014"
L 06/29/2018 - 12:38:27: "Kratos<10><VALVE_ID_LAN><TERRORIST>" killed "Inspetor Buginganga<7><VALVE_ID_LAN><CT>" with "knife"
L 06/29/2018 - 12:38:27: Team "TERRORIST" triggered "Terrorists_Win" (CT "8") (T "16")
L 06/29/2018 - 12:38:27: World triggered "Round_End"
L 06/29/2018 - 12:38:31: "Cap Billy<6><VALVE_ID_LOOPBACK><CT>" say_team "NAO FIK PARADOO" (dead)
L 06/29/2018 - 12:38:32: World triggered "Round_Start"
L 06/29/2018 - 12:38:35: "@te<14><VALVE_ID_LAN><>" joined team "CT"
L 06/29/2018 - 12:38:37: "Cap Billy<6><VALVE_ID_LOOPBACK><CT>" killed "Kratos<10><VALVE_ID_LAN><TERRORIST>" with "mac10"
L 06/29/2018 - 12:38:40: "Calcas Peludas<8><VALVE_ID_LAN><TERRORIST>" killed "GARGAMEL O ESTRIPADOR<9><VALVE_ID_LAN><CT>" with "m4a1"
L 06/29/2018 - 12:38:43: "@te<14><VALVE_ID_LAN><CT>" killed "Calcas Peludas<8><VALVE_ID_LAN><TERRORIST>" with "ak47"
L 06/29/2018 - 12:38:43: "Smolder<11><VALVE_ID_LAN><TERRORIST>" killed "Cap Billy<6><VALVE_ID_LOOPBACK><CT>" with "xm1014"
L 06/29/2018 - 12:38:44: "Kratos<10><VALVE_ID_LAN><TERRORIST>" say "kd nosso bot" (dead)
L 06/29/2018 - 12:38:47: "XXBOT Zach<15><BOT><>" joined team "TERRORIST"
L 06/29/2018 - 12:38:47: Server cvar "bot_quota" = "1"
L 06/29/2018 - 12:38:47: "XXBOT Zach<15><BOT><>" entered the game
L 06/29/2018 - 12:38:49: "@te<14><VALVE_ID_LAN><CT>" killed "Smolder<11><VALVE_ID_LAN><TERRORIST>" with "xm1014"
L 06/29/2018 - 12:38:58: "@te<14><VALVE_ID_LAN><CT>" killed "XXBOT Zach<15><BOT><TERRORIST>" with "xm1014"
L 06/29/2018 - 12:38:58: Team "CT" triggered "CTs_Win" (CT "9") (T "16")
L 06/29/2018 - 12:38:58: World triggered "Round_End"
L 06/29/2018 - 12:39:03: "Calcas Peludas<8><VALVE_ID_LAN><TERRORIST>" say "bot burro nao vale" (dead)
L 06/29/2018 - 12:39:03: World triggered "Round_Start"
L 06/29/2018 - 12:39:07: "Calcas Peludas<8><VALVE_ID_LAN><TERRORIST>" killed "@te<14><VALVE_ID_LAN><CT>" with "glock18"
L 06/29/2018 - 12:39:08: "Calcas Peludas<8><VALVE_ID_LAN><TERRORIST>" killed "GARGAMEL O ESTRIPADOR<9><VALVE_ID_LAN><CT>" with "glock18"
L 06/29/2018 - 12:39:08: "Cap Billy<6><VALVE_ID_LOOPBACK><CT>" killed "XXBOT Zach<15><BOT><TERRORIST>" with "xm1014"
L 06/29/2018 - 12:39:09: "Cap Billy<6><VALVE_ID_LOOPBACK><CT>" killed "Smolder<11><VALVE_ID_LAN><TERRORIST>" with "xm1014"
L 06/29/2018 - 12:39:11: "Cap Billy<6><VALVE_ID_LOOPBACK><CT>" killed "Calcas Peludas<8><VALVE_ID_LAN><TERRORIST>" with "xm1014"
L 06/29/2018 - 12:39:13: "Inspetor Buginganga<7><VALVE_ID_LAN><CT>" killed "Kratos<10><VALVE_ID_LAN><TERRORIST>" with "mp5navy"
L 06/29/2018 - 12:39:13: Team "CT" triggered "CTs_Win" (CT "10") (T "16")
L 06/29/2018 - 12:39:13: World triggered "Round_End"
L 06/29/2018 - 12:39:17: Server cvar "amx_nextmap" = "sp_babar"
L 06/29/2018 - 12:39:18: World triggered "Round_Start"
L 06/29/2018 - 12:39:21: "Smolder<11><VALVE_ID_LAN><TERRORIST>" killed "@te<14><VALVE_ID_LAN><CT>" with "xm1014"
L 06/29/2018 - 12:39:23: "Smolder<11><VALVE_ID_LAN><TERRORIST>" killed "Inspetor Buginganga<7><VALVE_ID_LAN><CT>" with "xm1014"
L 06/29/2018 - 12:39:23: "GARGAMEL O ESTRIPADOR<9><VALVE_ID_LAN><CT>" killed "Smolder<11><VALVE_ID_LAN><TERRORIST>" with "m4a1"
L 06/29/2018 - 12:39:24: "Kratos<10><VALVE_ID_LAN><TERRORIST>" killed "GARGAMEL O ESTRIPADOR<9><VALVE_ID_LAN><CT>" with "mp5navy"
L 06/29/2018 - 12:39:27: "Cap Billy<6><VALVE_ID_LOOPBACK><CT>" killed "Kratos<10><VALVE_ID_LAN><TERRORIST>" with "xm1014"
L 06/29/2018 - 12:39:28: "Cap Billy<6><VALVE_ID_LOOPBACK><CT>" killed "XXBOT Zach<15><BOT><TERRORIST>" with "xm1014"
L 06/29/2018 - 12:39:33: "Cap Billy<6><VALVE_ID_LOOPBACK><CT>" killed "Calcas Peludas<8><VALVE_ID_LAN><TERRORIST>" with "xm1014"
L 06/29/2018 - 12:39:33: Team "CT" triggered "CTs_Win" (CT "11") (T "16")
L 06/29/2018 - 12:39:33: World triggered "Round_End"
L 06/29/2018 - 12:39:38: "Kratos<10><VALVE_ID_LAN><TERRORIST>" say "errasse feio" (dead)
L 06/29/2018 - 12:39:38: World triggered "Round_Start"
L 06/29/2018 - 12:39:39: "@te<14><VALVE_ID_LAN><CT>" say "toma Camper"
L 06/29/2018 - 12:39:43: "Calcas Peludas<8><VALVE_ID_LAN><TERRORIST>" killed "Inspetor Buginganga<7><VALVE_ID_LAN><CT>" with "m3"
L 06/29/2018 - 12:39:45: "Cap Billy<6><VALVE_ID_LOOPBACK><CT>" killed "Kratos<10><VALVE_ID_LAN><TERRORIST>" with "xm1014"
L 06/29/2018 - 12:39:46: "@te<14><VALVE_ID_LAN><CT>" killed "Calcas Peludas<8><VALVE_ID_LAN><TERRORIST>" with "knife"
L 06/29/2018 - 12:39:47: "Smolder<11><VALVE_ID_LAN><TERRORIST>" killed "Cap Billy<6><VALVE_ID_LOOPBACK><CT>" with "aug"
L 06/29/2018 - 12:39:48: "GARGAMEL O ESTRIPADOR<9><VALVE_ID_LAN><CT>" killed "Smolder<11><VALVE_ID_LAN><TERRORIST>" with "aug"
L 06/29/2018 - 12:39:51: "Calcas Peludas<8><VALVE_ID_LAN><TERRORIST>" say_team "porra" (dead)
L 06/29/2018 - 12:39:53: "GARGAMEL O ESTRIPADOR<9><VALVE_ID_LAN><CT>" killed "XXBOT Zach<15><BOT><TERRORIST>" with "aug"
L 06/29/2018 - 12:39:53: Team "CT" triggered "CTs_Win" (CT "12") (T "16")
L 06/29/2018 - 12:39:53: World triggered "Round_End"
L 06/29/2018 - 12:39:54: "Calcas Peludas<8><VALVE_ID_LAN><TERRORIST>" say "oxe" (dead)
L 06/29/2018 - 12:39:58: World triggered "Round_Start"
L 06/29/2018 - 12:40:00: "Cap Billy<6><VALVE_ID_LOOPBACK><CT>" killed "Kratos<10><VALVE_ID_LAN><TERRORIST>" with "mac10"
L 06/29/2018 - 12:40:02: "Smolder<11><VALVE_ID_LAN><TERRORIST>" killed "Calcas Peludas<8><VALVE_ID_LAN><TERRORIST>" with "m4a1"
L 06/29/2018 - 12:40:02: "Kratos<10><VALVE_ID_LAN><TERRORIST>" say "porra" (dead)
L 06/29/2018 - 12:40:05: "Cap Billy<6><VALVE_ID_LOOPBACK><CT>" killed "XXBOT Zach<15><BOT><TERRORIST>" with "xm1014"
L 06/29/2018 - 12:40:05: "Kratos<10><VALVE_ID_LAN><TERRORIST>" say "timeleft" (dead)
L 06/29/2018 - 12:40:06: "Cap Billy<6><VALVE_ID_LOOPBACK><CT>" killed "Smolder<11><VALVE_ID_LAN><TERRORIST>" with "xm1014"
L 06/29/2018 - 12:40:06: Team "CT" triggered "CTs_Win" (CT "13") (T "16")
L 06/29/2018 - 12:40:06: World triggered "Round_End"
L 06/29/2018 - 12:40:08: "Kratos<10><VALVE_ID_LAN><TERRORIST>" say_team "segura" (dead)
L 06/29/2018 - 12:40:10: "Calcas Peludas<8><VALVE_ID_LAN><TERRORIST>" say "desastre" (dead)
L 06/29/2018 - 12:40:11: World triggered "Round_Start"
L 06/29/2018 - 12:40:11: "Smolder<11><VALVE_ID_LAN><TERRORIST>" committed suicide with "world"
L 06/29/2018 - 12:40:14: "Kratos<10><VALVE_ID_LAN><TERRORIST>" killed "GARGAMEL O ESTRIPADOR<9><VALVE_ID_LAN><CT>" with "xm1014"
L 06/29/2018 - 12:40:15: "Kratos<10><VALVE_ID_LAN><TERRORIST>" killed "@te<14><VALVE_ID_LAN><CT>" with "xm1014"
L 06/29/2018 - 12:40:15: "@te<14><VALVE_ID_LAN><CT>" killed "Calcas Peludas<8><VALVE_ID_LAN><TERRORIST>" with "grenade"
L 06/29/2018 - 12:40:17: "Kratos<10><VALVE_ID_LAN><TERRORIST>" killed "Inspetor Buginganga<7><VALVE_ID_LAN><CT>" with "xm1014"
L 06/29/2018 - 12:40:18: "Cap Billy<6><VALVE_ID_LOOPBACK><CT>" killed "Kratos<10><VALVE_ID_LAN><TERRORIST>" with "xm1014"
L 06/29/2018 - 12:40:23: "Cap Billy<6><VALVE_ID_LOOPBACK><CT>" killed "XXBOT Zach<15><BOT><TERRORIST>" with "xm1014"
L 06/29/2018 - 12:40:23: Team "CT" triggered "CTs_Win" (CT "14") (T "16")
L 06/29/2018 - 12:40:23: World triggered "Round_End"
L 06/29/2018 - 12:40:28: World triggered "Round_Start"
L 06/29/2018 - 12:40:30: "Kratos<10><VALVE_ID_LAN><TERRORIST>" killed "GARGAMEL O ESTRIPADOR<9><VALVE_ID_LAN><CT>" with "aug"
L 06/29/2018 - 12:40:32: "Calcas Peludas<8><VALVE_ID_LAN><TERRORIST>" killed "Inspetor Buginganga<7><VALVE_ID_LAN><CT>" with "glock18"
L 06/29/2018 - 12:40:34: "Smolder<11><VALVE_ID_LAN><TERRORIST>" killed "Cap Billy<6><VALVE_ID_LOOPBACK><CT>" with "ak47"
L 06/29/2018 - 12:40:38: "Calcas Peludas<8><VALVE_ID_LAN><TERRORIST>" killed "Kratos<10><VALVE_ID_LAN><TERRORIST>" with "aug"
L 06/29/2018 - 12:40:38: "@te<14><VALVE_ID_LAN><CT>" killed "XXBOT Zach<15><BOT><TERRORIST>" with "xm1014"
L 06/29/2018 - 12:40:39: "Smolder<11><VALVE_ID_LAN><TERRORIST>" killed "@te<14><VALVE_ID_LAN><CT>" with "ak47"
L 06/29/2018 - 12:40:39: Team "TERRORIST" triggered "Terrorists_Win" (CT "14") (T "17")
L 06/29/2018 - 12:40:39: World triggered "Round_End"
L 06/29/2018 - 12:40:42: "Kratos<10><VALVE_ID_LAN><TERRORIST>" say "boa" (dead)
L 06/29/2018 - 12:40:44: World triggered "Round_Start"
L 06/29/2018 - 12:40:44: "Calcas Peludas<8><VALVE_ID_LAN><TERRORIST>" committed suicide with "world"
L 06/29/2018 - 12:40:49: "Cap Billy<6><VALVE_ID_LOOPBACK><CT>" killed "Smolder<11><VALVE_ID_LAN><TERRORIST>" with "mac10"
L 06/29/2018 - 12:40:51: "GARGAMEL O ESTRIPADOR<9><VALVE_ID_LAN><CT>" killed "Kratos<10><VALVE_ID_LAN><TERRORIST>" with "tmp"
L 06/29/2018 - 12:40:51: "Cap Billy<6><VALVE_ID_LOOPBACK><CT>" killed "XXBOT Zach<15><BOT><TERRORIST>" with "mac10"
L 06/29/2018 - 12:40:51: Team "CT" triggered "CTs_Win" (CT "15") (T "17")
L 06/29/2018 - 12:40:51: World triggered "Round_End"
L 06/29/2018 - 12:40:53: "Calcas Peludas<8><VALVE_ID_LAN><TERRORIST>" say "ganhamos" (dead)
L 06/29/2018 - 12:40:56: World triggered "Round_Start"
L 06/29/2018 - 12:40:57: Team "CT" scored "15" with "4" players
L 06/29/2018 - 12:40:57: Team "TERRORIST" scored "17" with "4" players
L 06/29/2018 - 12:41:00: "Cap Billy<6><VALVE_ID_LOOPBACK><CT>" triggered "weaponstats" (weapon "grenade") (shots "10") (hits "11") (kills "0") (headshots "0") (tks "0") (damage "542") (deaths "0")
L 06/29/2018 - 12:41:00: "Cap Billy<6><VALVE_ID_LOOPBACK><CT>" triggered "weaponstats2" (weapon "grenade") (head "0") (chest "0") (stomach "0") (leftarm "0") (rightarm "0") (leftleg "0") (rightleg "0")
L 06/29/2018 - 12:41:00: "Cap Billy<6><VALVE_ID_LOOPBACK><CT>" triggered "weaponstats" (weapon "xm1014") (shots "77") (hits "46") (kills "21") (headshots "6") (tks "0") (damage "2766") (deaths "7")
L 06/29/2018 - 12:41:00: "Cap Billy<6><VALVE_ID_LOOPBACK><CT>" triggered "weaponstats2" (weapon "xm1014") (head "9") (chest "4") (stomach "7") (leftarm "10") (rightarm "5") (leftleg "6") (rightleg "5")
L 06/29/2018 - 12:41:00: "Cap Billy<6><VALVE_ID_LOOPBACK><CT>" triggered "weaponstats" (weapon "mac10") (shots "97") (hits "27") (kills "7") (headshots "5") (tks "0") (damage "1131") (deaths "3")
L 06/29/2018 - 12:41:00: "Cap Billy<6><VALVE_ID_LOOPBACK><CT>" triggered "weaponstats2" (weapon "mac10") (head "6") (chest "3") (stomach "0") (leftarm "13") (rightarm "4") (leftleg "0") (rightleg "1")
L 06/29/2018 - 12:41:00: "Cap Billy<6><VALVE_ID_LOOPBACK><CT>" triggered "weaponstats" (weapon "aug") (shots "37") (hits "12") (kills "3") (headshots "0") (tks "0") (damage "445") (deaths "1")
L 06/29/2018 - 12:41:00: "Cap Billy<6><VALVE_ID_LOOPBACK><CT>" triggered "weaponstats2" (weapon "aug") (head "0") (chest "2") (stomach "0") (leftarm "9") (rightarm "1") (leftleg "0") (rightleg "0")
L 06/29/2018 - 12:41:00: "Cap Billy<6><VALVE_ID_LOOPBACK><CT>" triggered "weaponstats" (weapon "usp") (shots "15") (hits "4") (kills "1") (headshots "0") (tks "0") (damage "108") (deaths "0")
L 06/29/2018 - 12:41:00: "Cap Billy<6><VALVE_ID_LOOPBACK><CT>" triggered "weaponstats2" (weapon "usp") (head "0") (chest "1") (stomach "0") (leftarm "3") (rightarm "0") (leftleg "0") (rightleg "0")
L 06/29/2018 - 12:41:00: "Cap Billy<6><VALVE_ID_LOOPBACK><CT>" triggered "weaponstats" (weapon "mp5navy") (shots "43") (hits "15") (kills "1") (headshots "0") (tks "0") (damage "310") (deaths "3")
L 06/29/2018 - 12:41:00: "Cap Billy<6><VALVE_ID_LOOPBACK><CT>" triggered "weaponstats2" (weapon "mp5navy") (head "0") (chest "2") (stomach "2") (leftarm "5") (rightarm "2") (leftleg "1") (rightleg "3")
L 06/29/2018 - 12:41:00: "Cap Billy<6><VALVE_ID_LOOPBACK><CT>" triggered "weaponstats" (weapon "m4a1") (shots "77") (hits "18") (kills "6") (headshots "1") (tks "0") (damage "624") (deaths "5")
L 06/29/2018 - 12:41:00: "Cap Billy<6><VALVE_ID_LOOPBACK><CT>" triggered "weaponstats2" (weapon "m4a1") (head "1") (chest "7") (stomach "1") (leftarm "6") (rightarm "1") (leftleg "0") (rightleg "2")
L 06/29/2018 - 12:41:00: "Cap Billy<6><VALVE_ID_LOOPBACK><CT>" triggered "time" (time "10:13")
L 06/29/2018 - 12:41:00: "Cap Billy<6><VALVE_ID_LOOPBACK><CT>" triggered "latency" (ping "0")
L 06/29/2018 - 12:41:00: "Inspetor Buginganga<7><VALVE_ID_LAN><CT>" triggered "weaponstats" (weapon "xm1014") (shots "28") (hits "8") (kills "4") (headshots "3") (tks "1") (damage "985") (deaths "6")
L 06/29/2018 - 12:41:00: "Inspetor Buginganga<7><VALVE_ID_LAN><CT>" triggered "weaponstats2" (weapon "xm1014") (head "3") (chest "0") (stomach "1") (leftarm "1") (rightarm "1") (leftleg "0") (rightleg "2")
L 06/29/2018 - 12:41:00: "Inspetor Buginganga<7><VALVE_ID_LAN><CT>" triggered "weaponstats" (weapon "mac10") (shots "5") (hits "0") (kills "0") (headshots "0") (tks "0") (damage "0") (deaths "2")
L 06/29/2018 - 12:41:00: "Inspetor Buginganga<7><VALVE_ID_LAN><CT>" triggered "weaponstats2" (weapon "mac10") (head "0") (chest "0") (stomach "0") (leftarm "0") (rightarm "0") (leftleg "0") (rightleg "0")
L 06/29/2018 - 12:41:00: "Inspetor Buginganga<7><VALVE_ID_LAN><CT>" triggered "weaponstats" (weapon "usp") (shots "15") (hits "3") (kills "2") (headshots "2") (tks "0") (damage "270") (deaths "5")
L 06/29/2018 - 12:41:00: "Inspetor Buginganga<7><VALVE_ID_LAN><CT>" triggered "weaponstats2" (weapon "usp") (head "2") (chest "0") (stomach "0") (leftarm "0") (rightarm "1") (leftleg "0") (rightleg "0")
L 06/29/2018 - 12:41:00: "Inspetor Buginganga<7><VALVE_ID_LAN><CT>" triggered "weaponstats" (weapon "mp5navy") (shots "29") (hits "6") (kills "1") (headshots "0") (tks "0") (damage "80") (deaths "3")
L 06/29/2018 - 12:41:00: "Inspetor Buginganga<7><VALVE_ID_LAN><CT>" triggered "weaponstats2" (weapon "mp5navy") (head "0") (chest "1") (stomach "2") (leftarm "1") (rightarm "0") (leftleg "1") (rightleg "1")
L 06/29/2018 - 12:41:00: "Inspetor Buginganga<7><VALVE_ID_LAN><CT>" triggered "weaponstats" (weapon "tmp") (shots "6") (hits "0") (kills "0") (headshots "0") (tks "0") (damage "0") (deaths "1")
L 06/29/2018 - 12:41:00: "Inspetor Buginganga<7><VALVE_ID_LAN><CT>" triggered "weaponstats2" (weapon "tmp") (head "0") (chest "0") (stomach "0") (leftarm "0") (rightarm "0") (leftleg "0") (rightleg "0")
L 06/29/2018 - 12:41:00: "Inspetor Buginganga<7><VALVE_ID_LAN><CT>" triggered "weaponstats" (weapon "ak47") (shots "29") (hits "2") (kills "0") (headshots "0") (tks "0") (damage "47") (deaths "4")
L 06/29/2018 - 12:41:00: "Inspetor Buginganga<7><VALVE_ID_LAN><CT>" triggered "weaponstats2" (weapon "ak47") (head "0") (chest "0") (stomach "0") (leftarm "1") (rightarm "1") (leftleg "0") (rightleg "0")
L 06/29/2018 - 12:41:00: "Inspetor Buginganga<7><VALVE_ID_LAN><CT>" triggered "time" (time "10:07")
L 06/29/2018 - 12:41:00: "Inspetor Buginganga<7><VALVE_ID_LAN><CT>" triggered "latency" (ping "9")
L 06/29/2018 - 12:41:00: "Calcas Peludas<8><VALVE_ID_LAN><TERRORIST>" triggered "weaponstats" (weapon "grenade") (shots "3") (hits "4") (kills "0") (headshots "0") (tks "0") (damage "136") (deaths "0")
L 06/29/2018 - 12:41:00: "Calcas Peludas<8><VALVE_ID_LAN><TERRORIST>" triggered "weaponstats2" (weapon "grenade") (head "0") (chest "0") (stomach "0") (leftarm "0") (rightarm "0") (leftleg "0") (rightleg "0")
L 06/29/2018 - 12:41:00: "Calcas Peludas<8><VALVE_ID_LAN><TERRORIST>" triggered "weaponstats" (weapon "xm1014") (shots "14") (hits "6") (kills "2") (headshots "0") (tks "0") (damage "337") (deaths "3")
L 06/29/2018 - 12:41:00: "Calcas Peludas<8><VALVE_ID_LAN><TERRORIST>" triggered "weaponstats2" (weapon "xm1014") (head "0") (chest "1") (stomach "0") (leftarm "0") (rightarm "2") (leftleg "2") (rightleg "1")
L 06/29/2018 - 12:41:00: "Calcas Peludas<8><VALVE_ID_LAN><TERRORIST>" triggered "weaponstats" (weapon "aug") (shots "13") (hits "2") (kills "1") (headshots "0") (tks "1") (damage "42") (deaths "0")
L 06/29/2018 - 12:41:00: "Calcas Peludas<8><VALVE_ID_LAN><TERRORIST>" triggered "weaponstats2" (weapon "aug") (head "0") (chest "1") (stomach "0") (leftarm "1") (rightarm "0") (leftleg "0") (rightleg "0")
L 06/29/2018 - 12:41:00: "Calcas Peludas<8><VALVE_ID_LAN><TERRORIST>" triggered "weaponstats" (weapon "glock18") (shots "28") (hits "11") (kills "3") (headshots "1") (tks "0") (damage "257") (deaths "3")
L 06/29/2018 - 12:41:00: "Calcas Peludas<8><VALVE_ID_LAN><TERRORIST>" triggered "weaponstats2" (weapon "glock18") (head "2") (chest "2") (stomach "1") (leftarm "1") (rightarm "3") (leftleg "1") (rightleg "1")
L 06/29/2018 - 12:41:00: "Calcas Peludas<8><VALVE_ID_LAN><TERRORIST>" triggered "weaponstats" (weapon "awp") (shots "3") (hits "2") (kills "1") (headshots "0") (tks "0") (damage "200") (deaths "1")
L 06/29/2018 - 12:41:00: "Calcas Peludas<8><VALVE_ID_LAN><TERRORIST>" triggered "weaponstats2" (weapon "awp") (head "0") (chest "0") (stomach "0") (leftarm "1") (rightarm "0") (leftleg "0") (rightleg "1")
L 06/29/2018 - 12:41:00: "Calcas Peludas<8><VALVE_ID_LAN><TERRORIST>" triggered "weaponstats" (weapon "mp5navy") (shots "1") (hits "0") (kills "0") (headshots "0") (tks "0") (damage "0") (deaths "0")
L 06/29/2018 - 12:41:00: "Calcas Peludas<8><VALVE_ID_LAN><TERRORIST>" triggered "weaponstats2" (weapon "mp5navy") (head "0") (chest "0") (stomach "0") (leftarm "0") (rightarm "0") (leftleg "0") (rightleg "0")
L 06/29/2018 - 12:41:00: "Calcas Peludas<8><VALVE_ID_LAN><TERRORIST>" triggered "weaponstats" (weapon "m3") (shots "5") (hits "4") (kills "3") (headshots "0") (tks "0") (damage "459") (deaths "4")
L 06/29/2018 - 12:41:00: "Calcas Peludas<8><VALVE_ID_LAN><TERRORIST>" triggered "weaponstats2" (weapon "m3") (head "0") (chest "1") (stomach "1") (leftarm "0") (rightarm "2") (leftleg "0") (rightleg "0")
L 06/29/2018 - 12:41:00: "Calcas Peludas<8><VALVE_ID_LAN><TERRORIST>" triggered "weaponstats" (weapon "m4a1") (shots "118") (hits "20") (kills "4") (headshots "1") (tks "0") (damage "686") (deaths "8")
L 06/29/2018 - 12:41:00: "Calcas Peludas<8><VALVE_ID_LAN><TERRORIST>" triggered "weaponstats2" (weapon "m4a1") (head "2") (chest "5") (stomach "2") (leftarm "4") (rightarm "3") (leftleg "3") (rightleg "1")
L 06/29/2018 - 12:41:00: "Calcas Peludas<8><VALVE_ID_LAN><TERRORIST>" triggered "weaponstats" (weapon "ak47") (shots "70") (hits "20") (kills "3") (headshots "2") (tks "0") (damage "694") (deaths "4")
L 06/29/2018 - 12:41:00: "Calcas Peludas<8><VALVE_ID_LAN><TERRORIST>" triggered "weaponstats2" (weapon "ak47") (head "3") (chest "1") (stomach "3") (leftarm "2") (rightarm "4") (leftleg "3") (rightleg "4")
L 06/29/2018 - 12:41:00: "Calcas Peludas<8><VALVE_ID_LAN><TERRORIST>" triggered "weaponstats" (weapon "knife") (shots "5") (hits "2") (kills "1") (headshots "1") (tks "0") (damage "282") (deaths "0")
L 06/29/2018 - 12:41:00: "Calcas Peludas<8><VALVE_ID_LAN><TERRORIST>" triggered "weaponstats2" (weapon "knife") (head "1") (chest "0") (stomach "0") (leftarm "0") (rightarm "0") (leftleg "0") (rightleg "1")
L 06/29/2018 - 12:41:00: "Calcas Peludas<8><VALVE_ID_LAN><TERRORIST>" triggered "time" (time "10:07")
L 06/29/2018 - 12:41:00: "Calcas Peludas<8><VALVE_ID_LAN><TERRORIST>" triggered "latency" (ping "10")
L 06/29/2018 - 12:41:00: "GARGAMEL O ESTRIPADOR<9><VALVE_ID_LAN><CT>" triggered "weaponstats" (weapon "grenade") (shots "3") (hits "2") (kills "0") (headshots "0") (tks "0") (damage "137") (deaths "0")
L 06/29/2018 - 12:41:00: "GARGAMEL O ESTRIPADOR<9><VALVE_ID_LAN><CT>" triggered "weaponstats2" (weapon "grenade") (head "0") (chest "0") (stomach "0") (leftarm "0") (rightarm "0") (leftleg "0") (rightleg "0")
L 06/29/2018 - 12:41:00: "GARGAMEL O ESTRIPADOR<9><VALVE_ID_LAN><CT>" triggered "weaponstats" (weapon "xm1014") (shots "27") (hits "10") (kills "3") (headshots "0") (tks "0") (damage "637") (deaths "6")
L 06/29/2018 - 12:41:00: "GARGAMEL O ESTRIPADOR<9><VALVE_ID_LAN><CT>" triggered "weaponstats2" (weapon "xm1014") (head "1") (chest "0") (stomach "1") (leftarm "6") (rightarm "1") (leftleg "0") (rightleg "1")
L 06/29/2018 - 12:41:00: "GARGAMEL O ESTRIPADOR<9><VALVE_ID_LAN><CT>" triggered "weaponstats" (weapon "mac10") (shots "34") (hits "4") (kills "1") (headshots "0") (tks "0") (damage "110") (deaths "1")
L 06/29/2018 - 12:41:00: "GARGAMEL O ESTRIPADOR<9><VALVE_ID_LAN><CT>" triggered "weaponstats2" (weapon "mac10") (head "0") (chest "1") (stomach "0") (leftarm "0") (rightarm "3") (leftleg "0") (rightleg "0")
L 06/29/2018 - 12:41:00: "GARGAMEL O ESTRIPADOR<9><VALVE_ID_LAN><CT>" triggered "weaponstats" (weapon "aug") (shots "59") (hits "12") (kills "3") (headshots "1") (tks "0") (damage "474") (deaths "6")
L 06/29/2018 - 12:41:00: "GARGAMEL O ESTRIPADOR<9><VALVE_ID_LAN><CT>" triggered "weaponstats2" (weapon "aug") (head "1") (chest "4") (stomach "4") (leftarm "2") (rightarm "1") (leftleg "0") (rightleg "0")
L 06/29/2018 - 12:41:00: "GARGAMEL O ESTRIPADOR<9><VALVE_ID_LAN><CT>" triggered "weaponstats" (weapon "usp") (shots "3") (hits "0") (kills "0") (headshots "0") (tks "0") (damage "0") (deaths "1")
L 06/29/2018 - 12:41:00: "GARGAMEL O ESTRIPADOR<9><VALVE_ID_LAN><CT>" triggered "weaponstats2" (weapon "usp") (head "0") (chest "0") (stomach "0") (leftarm "0") (rightarm "0") (leftleg "0") (rightleg "0")
L 06/29/2018 - 12:41:00: "GARGAMEL O ESTRIPADOR<9><VALVE_ID_LAN><CT>" triggered "weaponstats" (weapon "glock18") (shots "1") (hits "0") (kills "0") (headshots "0") (tks "0") (damage "0") (deaths "1")
L 06/29/2018 - 12:41:00: "GARGAMEL O ESTRIPADOR<9><VALVE_ID_LAN><CT>" triggered "weaponstats2" (weapon "glock18") (head "0") (chest "0") (stomach "0") (leftarm "0") (rightarm "0") (leftleg "0") (rightleg "0")
L 06/29/2018 - 12:41:00: "GARGAMEL O ESTRIPADOR<9><VALVE_ID_LAN><CT>" triggered "weaponstats" (weapon "mp5navy") (shots "2") (hits "1") (kills "0") (headshots "0") (tks "0") (damage "20") (deaths "1")
L 06/29/2018 - 12:41:00: "GARGAMEL O ESTRIPADOR<9><VALVE_ID_LAN><CT>" triggered "weaponstats2" (weapon "mp5navy") (head "0") (chest "0") (stomach "0") (leftarm "0") (rightarm "1") (leftleg "0") (rightleg "0")
L 06/29/2018 - 12:41:00: "GARGAMEL O ESTRIPADOR<9><VALVE_ID_LAN><CT>" triggered "weaponstats" (weapon "m249") (shots "300") (hits "15") (kills "3") (headshots "1") (tks "0") (damage "371") (deaths "3")
L 06/29/2018 - 12:41:00: "GARGAMEL O ESTRIPADOR<9><VALVE_ID_LAN><CT>" triggered "weaponstats2" (weapon "m249") (head "1") (chest "3") (stomach "1") (leftarm "1") (rightarm "0") (leftleg "2") (rightleg "7")
L 06/29/2018 - 12:41:00: "GARGAMEL O ESTRIPADOR<9><VALVE_ID_LAN><CT>" triggered "weaponstats" (weapon "m4a1") (shots "19") (hits "4") (kills "1") (headshots "0") (tks "0") (damage "79") (deaths "2")
L 06/29/2018 - 12:41:00: "GARGAMEL O ESTRIPADOR<9><VALVE_ID_LAN><CT>" triggered "weaponstats2" (weapon "m4a1") (head "0") (chest "1") (stomach "0") (leftarm "0") (rightarm "1") (leftleg "2") (rightleg "0")
L 06/29/2018 - 12:41:00: "GARGAMEL O ESTRIPADOR<9><VALVE_ID_LAN><CT>" triggered "weaponstats" (weapon "tmp") (shots "21") (hits "6") (kills "1") (headshots "1") (tks "0") (damage "188") (deaths "1")
L 06/29/2018 - 12:41:00: "GARGAMEL O ESTRIPADOR<9><VALVE_ID_LAN><CT>" triggered "weaponstats2" (weapon "tmp") (head "2") (chest "1") (stomach "2") (leftarm "1") (rightarm "0") (leftleg "0") (rightleg "0")
L 06/29/2018 - 12:41:00: "GARGAMEL O ESTRIPADOR<9><VALVE_ID_LAN><CT>" triggered "weaponstats" (weapon "ak47") (shots "24") (hits "7") (kills "3") (headshots "1") (tks "0") (damage "363") (deaths "2")
L 06/29/2018 - 12:41:00: "GARGAMEL O ESTRIPADOR<9><VALVE_ID_LAN><CT>" triggered "weaponstats2" (weapon "ak47") (head "1") (chest "5") (stomach "1") (leftarm "0") (rightarm "0") (leftleg "0") (rightleg "0")
L 06/29/2018 - 12:41:00: "GARGAMEL O ESTRIPADOR<9><VALVE_ID_LAN><CT>" triggered "weaponstats" (weapon "knife") (shots "1") (hits "1") (kills "0") (headshots "0") (tks "0") (damage "22") (deaths "3")
L 06/29/2018 - 12:41:00: "GARGAMEL O ESTRIPADOR<9><VALVE_ID_LAN><CT>" triggered "weaponstats2" (weapon "knife") (head "0") (chest "0") (stomach "0") (leftarm "0") (rightarm "0") (leftleg "1") (rightleg "0")
L 06/29/2018 - 12:41:00: "GARGAMEL O ESTRIPADOR<9><VALVE_ID_LAN><CT>" triggered "time" (time "10:06")
L 06/29/2018 - 12:41:00: "GARGAMEL O ESTRIPADOR<9><VALVE_ID_LAN><CT>" triggered "latency" (ping "7")
L 06/29/2018 - 12:41:00: "Kratos<10><VALVE_ID_LAN><TERRORIST>" triggered "weaponstats" (weapon "grenade") (shots "13") (hits "14") (kills "1") (headshots "0") (tks "1") (damage "496") (deaths "0")
L 06/29/2018 - 12:41:00: "Kratos<10><VALVE_ID_LAN><TERRORIST>" triggered "weaponstats2" (weapon "grenade") (head "0") (chest "0") (stomach "0") (leftarm "0") (rightarm "0") (leftleg "0") (rightleg "0")
L 06/29/2018 - 12:41:00: "Kratos<10><VALVE_ID_LAN><TERRORIST>" triggered "weaponstats" (weapon "xm1014") (shots "40") (hits "26") (kills "13") (headshots "3") (tks "0") (damage "1906") (deaths "5")
L 06/29/2018 - 12:41:00: "Kratos<10><VALVE_ID_LAN><TERRORIST>" triggered "weaponstats2" (weapon "xm1014") (head "3") (chest "4") (stomach "3") (leftarm "5") (rightarm "2") (leftleg "2") (rightleg "7")
L 06/29/2018 - 12:41:00: "Kratos<10><VALVE_ID_LAN><TERRORIST>" triggered "weaponstats" (weapon "mac10") (shots "2") (hits "2") (kills "0") (headshots "0") (tks "0") (damage "53") (deaths "1")
L 06/29/2018 - 12:41:00: "Kratos<10><VALVE_ID_LAN><TERRORIST>" triggered "weaponstats2" (weapon "mac10") (head "0") (chest "1") (stomach "0") (leftarm "0") (rightarm "1") (leftleg "0") (rightleg "0")
L 06/29/2018 - 12:41:00: "Kratos<10><VALVE_ID_LAN><TERRORIST>" triggered "weaponstats" (weapon "aug") (shots "52") (hits "17") (kills "4") (headshots "2") (tks "0") (damage "624") (deaths "1")
L 06/29/2018 - 12:41:00: "Kratos<10><VALVE_ID_LAN><TERRORIST>" triggered "weaponstats2" (weapon "aug") (head "2") (chest "3") (stomach "0") (leftarm "5") (rightarm "5") (leftleg "1") (rightleg "1")
L 06/29/2018 - 12:41:00: "Kratos<10><VALVE_ID_LAN><TERRORIST>" triggered "weaponstats" (weapon "glock18") (shots "9") (hits "2") (kills "1") (headshots "0") (tks "0") (damage "41") (deaths "0")
L 06/29/2018 - 12:41:00: "Kratos<10><VALVE_ID_LAN><TERRORIST>" triggered "weaponstats2" (weapon "glock18") (head "0") (chest "2") (stomach "0") (leftarm "0") (rightarm "0") (leftleg "0") (rightleg "0")
L 06/29/2018 - 12:41:00: "Kratos<10><VALVE_ID_LAN><TERRORIST>" triggered "weaponstats" (weapon "mp5navy") (shots "86") (hits "22") (kills "5") (headshots "2") (tks "0") (damage "652") (deaths "3")
L 06/29/2018 - 12:41:00: "Kratos<10><VALVE_ID_LAN><TERRORIST>" triggered "weaponstats2" (weapon "mp5navy") (head "2") (chest "7") (stomach "2") (leftarm "10") (rightarm "0") (leftleg "0") (rightleg "1")
L 06/29/2018 - 12:41:00: "Kratos<10><VALVE_ID_LAN><TERRORIST>" triggered "weaponstats" (weapon "m3") (shots "1") (hits "1") (kills "1") (headshots "0") (tks "0") (damage "228") (deaths "0")
L 06/29/2018 - 12:41:00: "Kratos<10><VALVE_ID_LAN><TERRORIST>" triggered "weaponstats2" (weapon "m3") (head "0") (chest "0") (stomach "0") (leftarm "0") (rightarm "1") (leftleg "0") (rightleg "0")
L 06/29/2018 - 12:41:00: "Kratos<10><VALVE_ID_LAN><TERRORIST>" triggered "weaponstats" (weapon "m4a1") (shots "5") (hits "2") (kills "0") (headshots "0") (tks "0") (damage "53") (deaths "1")
L 06/29/2018 - 12:41:00: "Kratos<10><VALVE_ID_LAN><TERRORIST>" triggered "weaponstats2" (weapon "m4a1") (head "0") (chest "0") (stomach "0") (leftarm "1") (rightarm "0") (leftleg "1") (rightleg "0")
L 06/29/2018 - 12:41:00: "Kratos<10><VALVE_ID_LAN><TERRORIST>" triggered "weaponstats" (weapon "tmp") (shots "53") (hits "20") (kills "4") (headshots "2") (tks "0") (damage "552") (deaths "1")
L 06/29/2018 - 12:41:00: "Kratos<10><VALVE_ID_LAN><TERRORIST>" triggered "weaponstats2" (weapon "tmp") (head "3") (chest "4") (stomach "0") (leftarm "9") (rightarm "3") (leftleg "0") (rightleg "1")
L 06/29/2018 - 12:41:00: "Kratos<10><VALVE_ID_LAN><TERRORIST>" triggered "weaponstats" (weapon "ak47") (shots "30") (hits "8") (kills "2") (headshots "1") (tks "0") (damage "365") (deaths "1")
L 06/29/2018 - 12:41:00: "Kratos<10><VALVE_ID_LAN><TERRORIST>" triggered "weaponstats2" (weapon "ak47") (head "1") (chest "0") (stomach "2") (leftarm "3") (rightarm "0") (leftleg "0") (rightleg "2")
L 06/29/2018 - 12:41:00: "Kratos<10><VALVE_ID_LAN><TERRORIST>" triggered "weaponstats" (weapon "knife") (shots "3") (hits "3") (kills "2") (headshots "1") (tks "0") (damage "390") (deaths "1")
L 06/29/2018 - 12:41:00: "Kratos<10><VALVE_ID_LAN><TERRORIST>" triggered "weaponstats2" (weapon "knife") (head "1") (chest "1") (stomach "0") (leftarm "0") (rightarm "1") (leftleg "0") (rightleg "0")
L 06/29/2018 - 12:41:00: "Kratos<10><VALVE_ID_LAN><TERRORIST>" triggered "weaponstats" (weapon "p90") (shots "11") (hits "0") (kills "0") (headshots "0") (tks "0") (damage "0") (deaths "1")
L 06/29/2018 - 12:41:00: "Kratos<10><VALVE_ID_LAN><TERRORIST>" triggered "weaponstats2" (weapon "p90") (head "0") (chest "0") (stomach "0") (leftarm "0") (rightarm "0") (leftleg "0") (rightleg "0")
L 06/29/2018 - 12:41:00: "Kratos<10><VALVE_ID_LAN><TERRORIST>" triggered "time" (time "9:46")
L 06/29/2018 - 12:41:00: "Kratos<10><VALVE_ID_LAN><TERRORIST>" triggered "latency" (ping "9")
L 06/29/2018 - 12:41:00: "Smolder<11><VALVE_ID_LAN><TERRORIST>" triggered "weaponstats" (weapon "grenade") (shots "8") (hits "8") (kills "4") (headshots "0") (tks "0") (damage "413") (deaths "0")
L 06/29/2018 - 12:41:00: "Smolder<11><VALVE_ID_LAN><TERRORIST>" triggered "weaponstats2" (weapon "grenade") (head "0") (chest "0") (stomach "0") (leftarm "0") (rightarm "0") (leftleg "0") (rightleg "0")
L 06/29/2018 - 12:41:00: "Smolder<11><VALVE_ID_LAN><TERRORIST>" triggered "weaponstats" (weapon "xm1014") (shots "56") (hits "19") (kills "9") (headshots "1") (tks "0") (damage "1338") (deaths "5")
L 06/29/2018 - 12:41:00: "Smolder<11><VALVE_ID_LAN><TERRORIST>" triggered "weaponstats2" (weapon "xm1014") (head "1") (chest "5") (stomach "4") (leftarm "3") (rightarm "2") (leftleg "3") (rightleg "1")
L 06/29/2018 - 12:41:00: "Smolder<11><VALVE_ID_LAN><TERRORIST>" triggered "weaponstats" (weapon "aug") (shots "20") (hits "6") (kills "2") (headshots "1") (tks "0") (damage "258") (deaths "1")
L 06/29/2018 - 12:41:00: "Smolder<11><VALVE_ID_LAN><TERRORIST>" triggered "weaponstats2" (weapon "aug") (head "1") (chest "1") (stomach "1") (leftarm "0") (rightarm "1") (leftleg "0") (rightleg "2")
L 06/29/2018 - 12:41:00: "Smolder<11><VALVE_ID_LAN><TERRORIST>" triggered "weaponstats" (weapon "glock18") (shots "2") (hits "0") (kills "0") (headshots "0") (tks "0") (damage "0") (deaths "1")
L 06/29/2018 - 12:41:00: "Smolder<11><VALVE_ID_LAN><TERRORIST>" triggered "weaponstats2" (weapon "glock18") (head "0") (chest "0") (stomach "0") (leftarm "0") (rightarm "0") (leftleg "0") (rightleg "0")
L 06/29/2018 - 12:41:00: "Smolder<11><VALVE_ID_LAN><TERRORIST>" triggered "weaponstats" (weapon "mp5navy") (shots "103") (hits "13") (kills "3") (headshots "1") (tks "0") (damage "405") (deaths "5")
L 06/29/2018 - 12:41:00: "Smolder<11><VALVE_ID_LAN><TERRORIST>" triggered "weaponstats2" (weapon "mp5navy") (head "2") (chest "1") (stomach "2") (leftarm "2") (rightarm "0") (leftleg "3") (rightleg "3")
L 06/29/2018 - 12:41:00: "Smolder<11><VALVE_ID_LAN><TERRORIST>" triggered "weaponstats" (weapon "m4a1") (shots "7") (hits "5") (kills "1") (headshots "0") (tks "1") (damage "88") (deaths "1")
L 06/29/2018 - 12:41:00: "Smolder<11><VALVE_ID_LAN><TERRORIST>" triggered "weaponstats2" (weapon "m4a1") (head "0") (chest "1") (stomach "0") (leftarm "2") (rightarm "0") (leftleg "2") (rightleg "0")
L 06/29/2018 - 12:41:00: "Smolder<11><VALVE_ID_LAN><TERRORIST>" triggered "weaponstats" (weapon "ak47") (shots "42") (hits "13") (kills "2") (headshots "0") (tks "0") (damage "249") (deaths "4")
L 06/29/2018 - 12:41:00: "Smolder<11><VALVE_ID_LAN><TERRORIST>" triggered "weaponstats2" (weapon "ak47") (head "0") (chest "1") (stomach "2") (leftarm "4") (rightarm "2") (leftleg "0") (rightleg "4")
L 06/29/2018 - 12:41:00: "Smolder<11><VALVE_ID_LAN><TERRORIST>" triggered "weaponstats" (weapon "knife") (shots "3") (hits "3") (kills "1") (headshots "0") (tks "0") (damage "325") (deaths "3")
L 06/29/2018 - 12:41:00: "Smolder<11><VALVE_ID_LAN><TERRORIST>" triggered "weaponstats2" (weapon "knife") (head "0") (chest "0") (stomach "0") (leftarm "1") (rightarm "1") (leftleg "1") (rightleg "0")
L 06/29/2018 - 12:41:00: "Smolder<11><VALVE_ID_LAN><TERRORIST>" triggered "time" (time "9:26")
L 06/29/2018 - 12:41:00: "Smolder<11><VALVE_ID_LAN><TERRORIST>" triggered "latency" (ping "10")
L 06/29/2018 - 12:41:00: "@te<14><VALVE_ID_LAN><CT>" triggered "weaponstats" (weapon "grenade") (shots "3") (hits "6") (kills "1") (headshots "0") (tks "0") (damage "269") (deaths "1")
L 06/29/2018 - 12:41:00: "@te<14><VALVE_ID_LAN><CT>" triggered "weaponstats2" (weapon "grenade") (head "0") (chest "0") (stomach "0") (leftarm "0") (rightarm "0") (leftleg "0") (rightleg "0")
L 06/29/2018 - 12:41:00: "@te<14><VALVE_ID_LAN><CT>" triggered "weaponstats" (weapon "xm1014") (shots "14") (hits "7") (kills "3") (headshots "1") (tks "0") (damage "557") (deaths "1")
L 06/29/2018 - 12:41:00: "@te<14><VALVE_ID_LAN><CT>" triggered "weaponstats2" (weapon "xm1014") (head "1") (chest "1") (stomach "1") (leftarm "3") (rightarm "0") (leftleg "1") (rightleg "0")
L 06/29/2018 - 12:41:00: "@te<14><VALVE_ID_LAN><CT>" triggered "weaponstats" (weapon "mac10") (shots "7") (hits "0") (kills "0") (headshots "0") (tks "0") (damage "0") (deaths "0")
L 06/29/2018 - 12:41:00: "@te<14><VALVE_ID_LAN><CT>" triggered "weaponstats2" (weapon "mac10") (head "0") (chest "0") (stomach "0") (leftarm "0") (rightarm "0") (leftleg "0") (rightleg "0")
L 06/29/2018 - 12:41:00: "@te<14><VALVE_ID_LAN><CT>" triggered "weaponstats" (weapon "m249") (shots "5") (hits "2") (kills "0") (headshots "0") (tks "0") (damage "62") (deaths "1")
L 06/29/2018 - 12:41:00: "@te<14><VALVE_ID_LAN><CT>" triggered "weaponstats2" (weapon "m249") (head "2") (chest "0") (stomach "0") (leftarm "0") (rightarm "0") (leftleg "0") (rightleg "0")
L 06/29/2018 - 12:41:00: "@te<14><VALVE_ID_LAN><CT>" triggered "weaponstats" (weapon "m4a1") (shots "2") (hits "0") (kills "0") (headshots "0") (tks "0") (damage "0") (deaths "1")
L 06/29/2018 - 12:41:00: "@te<14><VALVE_ID_LAN><CT>" triggered "weaponstats2" (weapon "m4a1") (head "0") (chest "0") (stomach "0") (leftarm "0") (rightarm "0") (leftleg "0") (rightleg "0")
L 06/29/2018 - 12:41:00: "@te<14><VALVE_ID_LAN><CT>" triggered "weaponstats" (weapon "ak47") (shots "7") (hits "3") (kills "1") (headshots "1") (tks "0") (damage "215") (deaths "0")
L 06/29/2018 - 12:41:00: "@te<14><VALVE_ID_LAN><CT>" triggered "weaponstats2" (weapon "ak47") (head "1") (chest "0") (stomach "0") (leftarm "2") (rightarm "0") (leftleg "0") (rightleg "0")
L 06/29/2018 - 12:41:00: "@te<14><VALVE_ID_LAN><CT>" triggered "weaponstats" (weapon "knife") (shots "1") (hits "1") (kills "1") (headshots "0") (tks "0") (damage "195") (deaths "0")
L 06/29/2018 - 12:41:00: "@te<14><VALVE_ID_LAN><CT>" triggered "weaponstats2" (weapon "knife") (head "0") (chest "0") (stomach "0") (leftarm "1") (rightarm "0") (leftleg "0") (rightleg "0")
L 06/29/2018 - 12:41:00: "@te<14><VALVE_ID_LAN><CT>" triggered "time" (time "2:38")
L 06/29/2018 - 12:41:00: "@te<14><VALVE_ID_LAN><CT>" triggered "latency" (ping "4")
L 06/29/2018 - 12:41:00: [META] ini: Begin re-reading plugins list: c:/valve/cstrike/addons/metamod/plugins.ini
L 06/29/2018 - 12:41:00: [META] ini: Read plugin config for: AMX
L 06/29/2018 - 12:41:00: [META] ini: Read plugin config for: WinHL-Booster
L 06/29/2018 - 12:41:00: [META] ERROR: ini: Skipping plugin, couldn't stat file 'addons/hlguard/dlls/hlguard_mm_nightly.dll': No such file or directory
L 06/29/2018 - 12:41:00: [META] ini: Read plugin config for: WebMod
L 06/29/2018 - 12:41:00: [META] ini: Finished reading plugins list: c:/valve/cstrike/addons/metamod/plugins.ini; Found 3 plugins
L 06/29/2018 - 12:41:00: [META] dll: Updating plugins...
L 06/29/2018 - 12:41:00: [META] ERROR: dll: Failed query plugin '<hlguard_mm_nightly.dll>'; Couldn't open file 'addons/hlguard/dlls/hlguard_mm_nightly.dll': No foi possvel encontrar o mdulo especificado.

L 06/29/2018 - 12:41:00: [META] ERROR: dll: Skipping plugin '<hlguard_mm_nightly.dll>'; couldn't query
L 06/29/2018 - 12:41:00: [META] dll: Finished updating 6 plugins; kept 3, loaded 0, unloaded 0, reloaded 0, delayed 0
L 06/29/2018 - 12:41:00: Server shutdown
L 06/29/2018 - 12:41:00: Log file closed
