L 07/01/2019 - 12:51:33: Log file started (file "logs\L0701005.log") (game "cstrike") (version "47/1.1.2.2/2603")
L 07/01/2019 - 12:51:33: "Calcas Peludas<35><VALVE_ID_LAN><>" joined team "TERRORIST"
L 07/01/2019 - 12:51:33: World triggered "Round_Start"
L 07/01/2019 - 12:51:33: "Mustafa:)2.0<39><VALVE_ID_LAN><>" connected, address "10.15.2.38:27005"
L 07/01/2019 - 12:51:34: "Ice_Man<33><VALVE_ID_LAN><>" joined team "TERRORIST"
L 07/01/2019 - 12:51:34: "Kitkat<36><VALVE_ID_LAN><>" joined team "CT"
L 07/01/2019 - 12:51:34: "Jack<34><VALVE_ID_LAN><>" joined team "CT"
L 07/01/2019 - 12:51:36: "Mustafa:)2.0<39><VALVE_ID_LAN><>" entered the game
L 07/01/2019 - 12:51:37: "Gho$T<38><VALVE_ID_LAN><>" joined team "CT"
L 07/01/2019 - 12:51:37: "Cap Billy<32><VALVE_ID_LOOPBACK><CT>" killed "Ice_Man<33><VALVE_ID_LAN><TERRORIST>" with "deagle"
L 07/01/2019 - 12:51:38: "INDIO<40><VALVE_ID_LAN><>" connected, address "10.15.2.117:27005"
L 07/01/2019 - 12:51:38: "Mustafa:)2.0<39><VALVE_ID_LAN><>" joined team "TERRORIST"
L 07/01/2019 - 12:51:39: "Calcas Peludas<35><VALVE_ID_LAN><TERRORIST>" killed "Jack<34><VALVE_ID_LAN><CT>" with "deagle"
L 07/01/2019 - 12:51:40: "INDIO<40><VALVE_ID_LAN><>" entered the game
L 07/01/2019 - 12:51:43: "INDIO<40><VALVE_ID_LAN><>" joined team "CT"
L 07/01/2019 - 12:51:46: "Mustafa:)2.0<39><VALVE_ID_LAN><TERRORIST>" killed "Gho$T<38><VALVE_ID_LAN><CT>" with "deagle"
L 07/01/2019 - 12:51:47: "Smolder<41><VALVE_ID_LAN><>" connected, address "10.15.2.119:27005"
L 07/01/2019 - 12:51:47: "Cap Billy<32><VALVE_ID_LOOPBACK><CT>" killed "Mustafa:)2.0<39><VALVE_ID_LAN><TERRORIST>" with "deagle"
L 07/01/2019 - 12:51:49: "Smolder<41><VALVE_ID_LAN><>" entered the game
L 07/01/2019 - 12:51:50: "Kitkat<36><VALVE_ID_LAN><CT>" killed "Calcas Peludas<35><VALVE_ID_LAN><TERRORIST>" with "deagle"
L 07/01/2019 - 12:51:52: "Smolder<41><VALVE_ID_LAN><>" joined team "TERRORIST"
L 07/01/2019 - 12:51:57: "Kitkat<36><VALVE_ID_LAN><CT>" killed "Smolder<41><VALVE_ID_LAN><TERRORIST>" with "deagle"
L 07/01/2019 - 12:52:03: "XXBOT Victor<37><BOT><TERRORIST>" killed "INDIO<40><VALVE_ID_LAN><CT>" with "deagle"
L 07/01/2019 - 12:52:05: "Cap Billy<32><VALVE_ID_LOOPBACK><CT>" killed "XXBOT Victor<37><BOT><TERRORIST>" with "deagle"
L 07/01/2019 - 12:52:05: Team "CT" triggered "CTs_Win" (CT "1") (T "0")
L 07/01/2019 - 12:52:05: World triggered "Round_End"
L 07/01/2019 - 12:52:10: World triggered "Round_Start"
L 07/01/2019 - 12:52:11: "Cap Billy<32><VALVE_ID_LOOPBACK><CT>" say_team "o mustafa ta com um bnoneco diferentre"
L 07/01/2019 - 12:52:18: "Gho$T<38><VALVE_ID_LAN><CT>" killed "Mustafa:)2.0<39><VALVE_ID_LAN><TERRORIST>" with "deagle"
L 07/01/2019 - 12:52:20: "Calcas Peludas<35><VALVE_ID_LAN><TERRORIST>" killed "INDIO<40><VALVE_ID_LAN><CT>" with "deagle"
L 07/01/2019 - 12:52:22: "Cap Billy<32><VALVE_ID_LOOPBACK><CT>" killed "Ice_Man<33><VALVE_ID_LAN><TERRORIST>" with "knife"
L 07/01/2019 - 12:52:25: "Ice_Man<33><VALVE_ID_LAN><TERRORIST>" say "cheater" (dead)
L 07/01/2019 - 12:52:26: "Cap Billy<32><VALVE_ID_LOOPBACK><CT>" killed "Calcas Peludas<35><VALVE_ID_LAN><TERRORIST>" with "deagle"
L 07/01/2019 - 12:52:26: "Gho$T<38><VALVE_ID_LAN><CT>" killed "Smolder<41><VALVE_ID_LAN><TERRORIST>" with "deagle"
L 07/01/2019 - 12:52:27: "Kitkat<36><VALVE_ID_LAN><CT>" killed "XXBOT Victor<37><BOT><TERRORIST>" with "deagle"
L 07/01/2019 - 12:52:27: Team "CT" triggered "CTs_Win" (CT "2") (T "0")
L 07/01/2019 - 12:52:27: World triggered "Round_End"
L 07/01/2019 - 12:52:33: World triggered "Round_Start"
L 07/01/2019 - 12:52:34: "Cap Billy<32><VALVE_ID_LOOPBACK><CT>" say_team "MAL GHOST"
L 07/01/2019 - 12:52:38: "Calcas Peludas<35><VALVE_ID_LAN><TERRORIST>" killed "INDIO<40><VALVE_ID_LAN><CT>" with "deagle"
L 07/01/2019 - 12:52:43: "Ice_Man<33><VALVE_ID_LAN><TERRORIST>" killed "Smolder<41><VALVE_ID_LAN><TERRORIST>" with "deagle"
L 07/01/2019 - 12:52:43: "Mustafa:)2.0<39><VALVE_ID_LAN><TERRORIST>" killed "Cap Billy<32><VALVE_ID_LOOPBACK><CT>" with "deagle"
L 07/01/2019 - 12:52:44: "Calcas Peludas<35><VALVE_ID_LAN><TERRORIST>" killed "Gho$T<38><VALVE_ID_LAN><CT>" with "knife"
L 07/01/2019 - 12:52:45: "Jack<34><VALVE_ID_LAN><CT>" killed "Mustafa:)2.0<39><VALVE_ID_LAN><TERRORIST>" with "deagle"
L 07/01/2019 - 12:52:48: "Jack<34><VALVE_ID_LAN><CT>" killed "Ice_Man<33><VALVE_ID_LAN><TERRORIST>" with "deagle"
L 07/01/2019 - 12:52:49: "Gho$T<38><VALVE_ID_LAN><CT>" say "viafdo" (dead)
L 07/01/2019 - 12:52:49: "Kitkat<36><VALVE_ID_LAN><CT>" killed "XXBOT Victor<37><BOT><TERRORIST>" with "deagle"
L 07/01/2019 - 12:52:51: "Ice_Man<33><VALVE_ID_LAN><TERRORIST>" say_team "salvei um" (dead)
L 07/01/2019 - 12:52:56: "Smolder<41><VALVE_ID_LAN><TERRORIST>" say "fui eu" (dead)
L 07/01/2019 - 12:52:56: "Jack<34><VALVE_ID_LAN><CT>" killed "Calcas Peludas<35><VALVE_ID_LAN><TERRORIST>" with "deagle"
L 07/01/2019 - 12:52:56: Team "CT" triggered "CTs_Win" (CT "3") (T "0")
L 07/01/2019 - 12:52:56: World triggered "Round_End"
L 07/01/2019 - 12:53:01: World triggered "Round_Start"
L 07/01/2019 - 12:53:01: "Ice_Man<33><VALVE_ID_LAN><TERRORIST>" committed suicide with "world"
L 07/01/2019 - 12:53:01: "Cap Billy<32><VALVE_ID_LOOPBACK><CT>" say_team "era pra tuter vindo jackkkkkkk"
L 07/01/2019 - 12:53:06: "Cap Billy<32><VALVE_ID_LOOPBACK><CT>" say_team "viesse tinha pego tudim"
L 07/01/2019 - 12:53:08: "Jack<34><VALVE_ID_LAN><CT>" say_team "morrer"
L 07/01/2019 - 12:53:12: "Calcas Peludas<35><VALVE_ID_LAN><TERRORIST>" killed "Jack<34><VALVE_ID_LAN><CT>" with "deagle"
L 07/01/2019 - 12:53:12: "Cap Billy<32><VALVE_ID_LOOPBACK><CT>" killed "Mustafa:)2.0<39><VALVE_ID_LAN><TERRORIST>" with "deagle"
L 07/01/2019 - 12:53:17: "XXBOT Victor<37><BOT><TERRORIST>" killed "Kitkat<36><VALVE_ID_LAN><CT>" with "deagle"
L 07/01/2019 - 12:53:17: "Smolder<41><VALVE_ID_LAN><TERRORIST>" killed "Cap Billy<32><VALVE_ID_LOOPBACK><CT>" with "deagle"
L 07/01/2019 - 12:53:19: "Smolder<41><VALVE_ID_LAN><TERRORIST>" killed "Gho$T<38><VALVE_ID_LAN><CT>" with "knife"
L 07/01/2019 - 12:53:21: "Gho$T<38><VALVE_ID_LAN><CT>" say "reiosse" (dead)
L 07/01/2019 - 12:53:21: "INDIO<40><VALVE_ID_LAN><CT>" killed "Smolder<41><VALVE_ID_LAN><TERRORIST>" with "knife"
L 07/01/2019 - 12:53:23: "Jack<34><VALVE_ID_LAN><CT>" say "mas" (dead)
L 07/01/2019 - 12:53:25: "Cap Billy<32><VALVE_ID_LOOPBACK><CT>" say "HAHAHAHAHAHA" (dead)
L 07/01/2019 - 12:53:27: "Jack<34><VALVE_ID_LAN><CT>" say_team "mas fui.. " (dead)
L 07/01/2019 - 12:53:27: "Smolder<41><VALVE_ID_LAN><TERRORIST>" say "kkkkkkkk" (dead)
L 07/01/2019 - 12:53:29: "Jack<34><VALVE_ID_LAN><CT>" say_team "na bala" (dead)
L 07/01/2019 - 12:53:38: "INDIO<40><VALVE_ID_LAN><CT>" killed "Calcas Peludas<35><VALVE_ID_LAN><TERRORIST>" with "deagle"
L 07/01/2019 - 12:53:45: "Cap Billy<32><VALVE_ID_LOOPBACK><CT>" say_team "tu tivesse me seguido tinha pego tudim na faca" (dead)
L 07/01/2019 - 12:53:52: "Cap Billy<32><VALVE_ID_LOOPBACK><CT>" say_team "eu dei uma no smolder ainda" (dead)
L 07/01/2019 - 12:53:56: "Jack<34><VALVE_ID_LAN><CT>" say_team "ai tua ia dizer q deixei no sal kkkk" (dead)
L 07/01/2019 - 12:53:56: "Calcas Peludas<35><VALVE_ID_LAN><TERRORIST>" say "mata esse bot " (dead)
L 07/01/2019 - 12:53:59: "Cap Billy<32><VALVE_ID_LOOPBACK><CT>" say_team "era pra ter " (dead)
L 07/01/2019 - 12:54:04: "XXBOT Victor<37><BOT><TERRORIST>" committed suicide with "deagle"
L 07/01/2019 - 12:54:04: Team "CT" triggered "CTs_Win" (CT "4") (T "0")
L 07/01/2019 - 12:54:04: World triggered "Round_End"
L 07/01/2019 - 12:54:09: World triggered "Round_Start"
L 07/01/2019 - 12:54:13: "Cap Billy<32><VALVE_ID_LOOPBACK><CT>" say_team "e desisti"
L 07/01/2019 - 12:54:18: "Smolder<41><VALVE_ID_LAN><TERRORIST>" killed "Gho$T<38><VALVE_ID_LAN><CT>" with "knife"
L 07/01/2019 - 12:54:21: "Gho$T<38><VALVE_ID_LAN><CT>" say "aaaa gay\" (dead)
L 07/01/2019 - 12:54:21: "Calcas Peludas<35><VALVE_ID_LAN><TERRORIST>" killed "Kitkat<36><VALVE_ID_LAN><CT>" with "deagle"
L 07/01/2019 - 12:54:22: "INDIO<40><VALVE_ID_LAN><CT>" killed "XXBOT Victor<37><BOT><TERRORIST>" with "deagle"
L 07/01/2019 - 12:54:23: "Mustafa:)2.0<39><VALVE_ID_LAN><TERRORIST>" killed "INDIO<40><VALVE_ID_LAN><CT>" with "deagle"
L 07/01/2019 - 12:54:26: "Jack<34><VALVE_ID_LAN><CT>" killed "Smolder<41><VALVE_ID_LAN><TERRORIST>" with "deagle"
L 07/01/2019 - 12:54:30: "Calcas Peludas<35><VALVE_ID_LAN><TERRORIST>" killed "Cap Billy<32><VALVE_ID_LOOPBACK><CT>" with "deagle"
L 07/01/2019 - 12:54:37: "Mustafa:)2.0<39><VALVE_ID_LAN><TERRORIST>" killed "Jack<34><VALVE_ID_LAN><CT>" with "deagle"
L 07/01/2019 - 12:54:37: Team "TERRORIST" triggered "Terrorists_Win" (CT "4") (T "1")
L 07/01/2019 - 12:54:37: World triggered "Round_End"
L 07/01/2019 - 12:54:42: World triggered "Round_Start"
L 07/01/2019 - 12:54:47: "Calcas Peludas<35><VALVE_ID_LAN><TERRORIST>" killed "Kitkat<36><VALVE_ID_LAN><CT>" with "deagle"
L 07/01/2019 - 12:54:47: "Gho$T<38><VALVE_ID_LAN><CT>" killed "Mustafa:)2.0<39><VALVE_ID_LAN><TERRORIST>" with "deagle"
L 07/01/2019 - 12:54:49: "Calcas Peludas<35><VALVE_ID_LAN><TERRORIST>" killed "Jack<34><VALVE_ID_LAN><CT>" with "deagle"
L 07/01/2019 - 12:54:52: "Gho$T<38><VALVE_ID_LAN><CT>" killed "XXBOT Victor<37><BOT><TERRORIST>" with "deagle"
L 07/01/2019 - 12:54:53: "Calcas Peludas<35><VALVE_ID_LAN><TERRORIST>" killed "Cap Billy<32><VALVE_ID_LOOPBACK><CT>" with "deagle"
L 07/01/2019 - 12:54:56: "Gho$T<38><VALVE_ID_LAN><CT>" killed "Calcas Peludas<35><VALVE_ID_LAN><TERRORIST>" with "deagle"
L 07/01/2019 - 12:55:02: "Smolder<41><VALVE_ID_LAN><TERRORIST>" killed "INDIO<40><VALVE_ID_LAN><CT>" with "deagle"
L 07/01/2019 - 12:55:09: "Gho$T<38><VALVE_ID_LAN><CT>" killed "Smolder<41><VALVE_ID_LAN><TERRORIST>" with "deagle"
L 07/01/2019 - 12:55:14: "Gho$T<38><VALVE_ID_LAN><CT>" killed "Ice_Man<33><VALVE_ID_LAN><TERRORIST>" with "deagle"
L 07/01/2019 - 12:55:14: Team "CT" triggered "CTs_Win" (CT "5") (T "1")
L 07/01/2019 - 12:55:14: World triggered "Round_End"
L 07/01/2019 - 12:55:19: "Ice_Man<33><VALVE_ID_LAN><TERRORIST>" say_team "nao acerto.. drogaaa" (dead)
L 07/01/2019 - 12:55:19: World triggered "Round_Start"
L 07/01/2019 - 12:55:26: "Gho$T<38><VALVE_ID_LAN><CT>" killed "Smolder<41><VALVE_ID_LAN><TERRORIST>" with "deagle"
L 07/01/2019 - 12:55:28: "Mustafa:)2.0<39><VALVE_ID_LAN><TERRORIST>" killed "Gho$T<38><VALVE_ID_LAN><CT>" with "deagle"
L 07/01/2019 - 12:55:30: "Cap Billy<32><VALVE_ID_LOOPBACK><CT>" killed "Mustafa:)2.0<39><VALVE_ID_LAN><TERRORIST>" with "deagle"
L 07/01/2019 - 12:55:32: "Smolder<41><VALVE_ID_LAN><TERRORIST>" say_team "fica" (dead)
L 07/01/2019 - 12:55:34: "Smolder<41><VALVE_ID_LAN><TERRORIST>" say_team "fica" (dead)
L 07/01/2019 - 12:55:36: "Ice_Man<33><VALVE_ID_LAN><TERRORIST>" killed "INDIO<40><VALVE_ID_LAN><CT>" with "deagle"
L 07/01/2019 - 12:55:37: "XXBOT Victor<37><BOT><TERRORIST>" killed "Kitkat<36><VALVE_ID_LAN><CT>" with "deagle"
L 07/01/2019 - 12:55:37: "Cap Billy<32><VALVE_ID_LOOPBACK><CT>" killed "Ice_Man<33><VALVE_ID_LAN><TERRORIST>" with "deagle"
L 07/01/2019 - 12:55:39: "Smolder<41><VALVE_ID_LAN><TERRORIST>" say_team "fica" (dead)
L 07/01/2019 - 12:55:41: "Jack<34><VALVE_ID_LAN><CT>" killed "Calcas Peludas<35><VALVE_ID_LAN><TERRORIST>" with "deagle"
L 07/01/2019 - 12:55:43: "Smolder<41><VALVE_ID_LAN><TERRORIST>" say_team "fica" (dead)
L 07/01/2019 - 12:55:45: "Smolder<41><VALVE_ID_LAN><TERRORIST>" say_team "fica" (dead)
L 07/01/2019 - 12:55:48: "XXBOT Victor<37><BOT><TERRORIST>" committed suicide with "deagle"
L 07/01/2019 - 12:55:48: Team "CT" triggered "CTs_Win" (CT "6") (T "1")
L 07/01/2019 - 12:55:48: World triggered "Round_End"
L 07/01/2019 - 12:55:51: "INDIO<40><VALVE_ID_LAN><CT>" say_team "tao se entregando" (dead)
L 07/01/2019 - 12:55:53: World triggered "Round_Start"
L 07/01/2019 - 12:56:01: "XXBOT Victor<37><BOT><TERRORIST>" killed "Kitkat<36><VALVE_ID_LAN><CT>" with "deagle"
L 07/01/2019 - 12:56:01: "Mustafa:)2.0<39><VALVE_ID_LAN><TERRORIST>" killed "Jack<34><VALVE_ID_LAN><CT>" with "deagle"
L 07/01/2019 - 12:56:04: "Smolder<41><VALVE_ID_LAN><TERRORIST>" killed "INDIO<40><VALVE_ID_LAN><CT>" with "deagle"
L 07/01/2019 - 12:56:05: "Cap Billy<32><VALVE_ID_LOOPBACK><CT>" killed "Mustafa:)2.0<39><VALVE_ID_LAN><TERRORIST>" with "deagle"
L 07/01/2019 - 12:56:06: "Cap Billy<32><VALVE_ID_LOOPBACK><CT>" killed "Ice_Man<33><VALVE_ID_LAN><TERRORIST>" with "deagle"
L 07/01/2019 - 12:56:08: "Smolder<41><VALVE_ID_LAN><TERRORIST>" killed "Cap Billy<32><VALVE_ID_LOOPBACK><CT>" with "deagle"
L 07/01/2019 - 12:56:08: "Gho$T<38><VALVE_ID_LAN><CT>" killed "Smolder<41><VALVE_ID_LAN><TERRORIST>" with "knife"
L 07/01/2019 - 12:56:12: "XXBOT Victor<37><BOT><TERRORIST>" killed "Gho$T<38><VALVE_ID_LAN><CT>" with "deagle"
L 07/01/2019 - 12:56:12: Team "TERRORIST" triggered "Terrorists_Win" (CT "6") (T "2")
L 07/01/2019 - 12:56:12: World triggered "Round_End"
L 07/01/2019 - 12:56:15: "Cap Billy<32><VALVE_ID_LOOPBACK><CT>" say "AHAHAHAHAHAHA" (dead)
L 07/01/2019 - 12:56:16: "Calcas Peludas<35><VALVE_ID_LAN><TERRORIST>" say_team "fica"
L 07/01/2019 - 12:56:17: World triggered "Round_Start"
L 07/01/2019 - 12:56:28: "INDIO<40><VALVE_ID_LAN><CT>" killed "Mustafa:)2.0<39><VALVE_ID_LAN><TERRORIST>" with "knife"
L 07/01/2019 - 12:56:28: "Calcas Peludas<35><VALVE_ID_LAN><TERRORIST>" killed "Gho$T<38><VALVE_ID_LAN><CT>" with "knife"
L 07/01/2019 - 12:56:29: "Smolder<41><VALVE_ID_LAN><TERRORIST>" killed "Jack<34><VALVE_ID_LAN><CT>" with "deagle"
L 07/01/2019 - 12:56:31: "XXBOT Victor<37><BOT><TERRORIST>" killed "Cap Billy<32><VALVE_ID_LOOPBACK><CT>" with "deagle"
L 07/01/2019 - 12:56:34: "XXBOT Victor<37><BOT><TERRORIST>" killed "Kitkat<36><VALVE_ID_LAN><CT>" with "deagle"
L 07/01/2019 - 12:56:40: "Cap Billy<32><VALVE_ID_LOOPBACK><CT>" say_team "levasse ghost?" (dead)
L 07/01/2019 - 12:56:42: "Ice_Man<33><VALVE_ID_LAN><TERRORIST>" killed "INDIO<40><VALVE_ID_LAN><CT>" with "deagle"
L 07/01/2019 - 12:56:42: Team "TERRORIST" triggered "Terrorists_Win" (CT "6") (T "3")
L 07/01/2019 - 12:56:42: World triggered "Round_End"
L 07/01/2019 - 12:56:43: "Gho$T<38><VALVE_ID_LAN><CT>" say_team "levei" (dead)
L 07/01/2019 - 12:56:45: "Calcas Peludas<35><VALVE_ID_LAN><TERRORIST>" say_team "fica"
L 07/01/2019 - 12:56:45: "Cap Billy<32><VALVE_ID_LOOPBACK><CT>" say_team "hahahaha" (dead)
L 07/01/2019 - 12:56:46: "Gho$T<38><VALVE_ID_LAN><CT>" say_team "de 100" (dead)
L 07/01/2019 - 12:56:47: World triggered "Round_Start"
L 07/01/2019 - 12:56:53: "Ice_Man<33><VALVE_ID_LAN><TERRORIST>" killed "Cap Billy<32><VALVE_ID_LOOPBACK><CT>" with "deagle"
L 07/01/2019 - 12:56:55: "Kitkat<36><VALVE_ID_LAN><CT>" killed "Ice_Man<33><VALVE_ID_LAN><TERRORIST>" with "deagle"
L 07/01/2019 - 12:56:58: "Gho$T<38><VALVE_ID_LAN><CT>" killed "Mustafa:)2.0<39><VALVE_ID_LAN><TERRORIST>" with "deagle"
L 07/01/2019 - 12:57:01: "XXBOT Victor<37><BOT><TERRORIST>" killed "Kitkat<36><VALVE_ID_LAN><CT>" with "deagle"
L 07/01/2019 - 12:57:02: "Smolder<41><VALVE_ID_LAN><TERRORIST>" killed "Gho$T<38><VALVE_ID_LAN><CT>" with "deagle"
L 07/01/2019 - 12:57:04: "Calcas Peludas<35><VALVE_ID_LAN><TERRORIST>" killed "Jack<34><VALVE_ID_LAN><CT>" with "deagle"
L 07/01/2019 - 12:57:06: "INDIO<40><VALVE_ID_LAN><CT>" killed "XXBOT Victor<37><BOT><TERRORIST>" with "knife"
L 07/01/2019 - 12:57:08: "Calcas Peludas<35><VALVE_ID_LAN><TERRORIST>" killed "INDIO<40><VALVE_ID_LAN><CT>" with "deagle"
L 07/01/2019 - 12:57:08: Team "TERRORIST" triggered "Terrorists_Win" (CT "6") (T "4")
L 07/01/2019 - 12:57:08: World triggered "Round_End"
L 07/01/2019 - 12:57:13: World triggered "Round_Start"
L 07/01/2019 - 12:57:19: "Smolder<41><VALVE_ID_LAN><TERRORIST>" killed "Kitkat<36><VALVE_ID_LAN><CT>" with "deagle"
L 07/01/2019 - 12:57:20: "Mustafa:)2.0<39><VALVE_ID_LAN><TERRORIST>" killed "Cap Billy<32><VALVE_ID_LOOPBACK><CT>" with "deagle"
L 07/01/2019 - 12:57:22: "Ice_Man<33><VALVE_ID_LAN><TERRORIST>" killed "Gho$T<38><VALVE_ID_LAN><CT>" with "deagle"
L 07/01/2019 - 12:57:23: "Jack<34><VALVE_ID_LAN><CT>" killed "Smolder<41><VALVE_ID_LAN><TERRORIST>" with "deagle"
L 07/01/2019 - 12:57:43: "Kitkat<36><VALVE_ID_LAN><CT>" triggered "weaponstats" (weapon "deagle") (shots "70") (hits "15") (kills "5") (headshots "1") (tks "0") (damage "627") (deaths "6")
L 07/01/2019 - 12:57:43: "Kitkat<36><VALVE_ID_LAN><CT>" triggered "weaponstats2" (weapon "deagle") (head "1") (chest "3") (stomach "2") (leftarm "4") (rightarm "2") (leftleg "0") (rightleg "3")
L 07/01/2019 - 12:57:43: "Kitkat<36><VALVE_ID_LAN><CT>" triggered "weaponstats" (weapon "knife") (shots "1") (hits "1") (kills "0") (headshots "0") (tks "0") (damage "55") (deaths "2")
L 07/01/2019 - 12:57:43: "Kitkat<36><VALVE_ID_LAN><CT>" triggered "weaponstats2" (weapon "knife") (head "1") (chest "0") (stomach "0") (leftarm "0") (rightarm "0") (leftleg "0") (rightleg "0")
L 07/01/2019 - 12:57:43: "Kitkat<36><VALVE_ID_LAN><CT>" triggered "time" (time "6:11")
L 07/01/2019 - 12:57:43: "Kitkat<36><VALVE_ID_LAN><CT>" triggered "latency" (ping "10")
L 07/01/2019 - 12:57:43: "Kitkat<36><VALVE_ID_LAN><CT>" disconnected
L 07/01/2019 - 12:57:44: "Jack<34><VALVE_ID_LAN><CT>" killed "Ice_Man<33><VALVE_ID_LAN><TERRORIST>" with "knife"
L 07/01/2019 - 12:57:45: "XXBOT Victor<37><BOT><TERRORIST>" killed "Jack<34><VALVE_ID_LAN><CT>" with "deagle"
L 07/01/2019 - 12:57:46: "Ice_Man<33><VALVE_ID_LAN><TERRORIST>" say "eita" (dead)
L 07/01/2019 - 12:57:49: "Cap Billy<32><VALVE_ID_LOOPBACK><CT>" say "ANRE" (dead)
L 07/01/2019 - 12:57:49: "INDIO<40><VALVE_ID_LAN><CT>" killed "Calcas Peludas<35><VALVE_ID_LAN><TERRORIST>" with "knife"
L 07/01/2019 - 12:57:52: "Gho$T<38><VALVE_ID_LAN><CT>" say "pegue" (dead)
L 07/01/2019 - 12:57:52: "Cap Billy<32><VALVE_ID_LOOPBACK><CT>" say "EGUEEE" (dead)
L 07/01/2019 - 12:57:53: "Jack<34><VALVE_ID_LAN><CT>" say_team "na " (dead)
L 07/01/2019 - 12:57:57: "Jack<34><VALVE_ID_LAN><CT>" say "na virada da quina" (dead)
L 07/01/2019 - 12:57:57: "Calcas Peludas<35><VALVE_ID_LAN><TERRORIST>" say "hahahahahahahahaha" (dead)
L 07/01/2019 - 12:58:02: "Mustafa:)2.0<39><VALVE_ID_LAN><TERRORIST>" killed "INDIO<40><VALVE_ID_LAN><CT>" with "deagle"
L 07/01/2019 - 12:58:02: Team "TERRORIST" triggered "Terrorists_Win" (CT "6") (T "5")
L 07/01/2019 - 12:58:02: World triggered "Round_End"
L 07/01/2019 - 12:58:07: "Calcas Peludas<35><VALVE_ID_LAN><TERRORIST>" say "na cara" (dead)
L 07/01/2019 - 12:58:07: Server cvar "bot_quota" = "0"
L 07/01/2019 - 12:58:07: Kick: "XXBOT Victor<37><UNKNOWN><>" was kicked by "Cap Billy"
L 07/01/2019 - 12:58:07: "XXBOT Victor<37><BOT><TERRORIST>" disconnected
L 07/01/2019 - 12:58:07: World triggered "Round_Start"
L 07/01/2019 - 12:58:12: "Calcas Peludas<35><VALVE_ID_LAN><TERRORIST>" killed "Cap Billy<32><VALVE_ID_LOOPBACK><CT>" with "deagle"
L 07/01/2019 - 12:58:15: "Mustafa:)2.0<39><VALVE_ID_LAN><TERRORIST>" killed "INDIO<40><VALVE_ID_LAN><CT>" with "deagle"
L 07/01/2019 - 12:58:16: "Ice_Man<33><VALVE_ID_LAN><TERRORIST>" killed "Gho$T<38><VALVE_ID_LAN><CT>" with "deagle"
L 07/01/2019 - 12:58:20: "Mustafa:)2.0<39><VALVE_ID_LAN><TERRORIST>" killed "Jack<34><VALVE_ID_LAN><CT>" with "deagle"
L 07/01/2019 - 12:58:20: Team "TERRORIST" triggered "Terrorists_Win" (CT "6") (T "6")
L 07/01/2019 - 12:58:20: World triggered "Round_End"
L 07/01/2019 - 12:58:25: "Gho$T<38><VALVE_ID_LAN><CT>" say "timeleft" (dead)
L 07/01/2019 - 12:58:25: World triggered "Round_Start"
L 07/01/2019 - 12:58:31: "Smolder<41><VALVE_ID_LAN><TERRORIST>" killed "Cap Billy<32><VALVE_ID_LOOPBACK><CT>" with "deagle"
L 07/01/2019 - 12:58:35: "Smolder<41><VALVE_ID_LAN><TERRORIST>" killed "Jack<34><VALVE_ID_LAN><CT>" with "deagle"
L 07/01/2019 - 12:58:48: "Smolder<41><VALVE_ID_LAN><TERRORIST>" killed "Gho$T<38><VALVE_ID_LAN><CT>" with "knife"
L 07/01/2019 - 12:58:50: "INDIO<40><VALVE_ID_LAN><CT>" killed "Calcas Peludas<35><VALVE_ID_LAN><TERRORIST>" with "deagle"
L 07/01/2019 - 12:58:53: "Cap Billy<32><VALVE_ID_LOOPBACK><CT>" say_team "sabia que vc ia levar" (dead)
L 07/01/2019 - 12:58:57: "Jack<34><VALVE_ID_LAN><CT>" say "kkk" (dead)
L 07/01/2019 - 12:59:00: "Cap Billy<32><VALVE_ID_LOOPBACK><CT>" say_team "olha o life powww" (dead)
L 07/01/2019 - 12:59:01: "Ice_Man<33><VALVE_ID_LAN><TERRORIST>" killed "INDIO<40><VALVE_ID_LAN><CT>" with "deagle"
L 07/01/2019 - 12:59:01: Team "TERRORIST" triggered "Terrorists_Win" (CT "6") (T "7")
L 07/01/2019 - 12:59:01: World triggered "Round_End"
L 07/01/2019 - 12:59:06: World triggered "Round_Start"
L 07/01/2019 - 12:59:07: "Cap Billy<32><VALVE_ID_LOOPBACK><CT>" say_team "com 40 andando no meio"
L 07/01/2019 - 12:59:11: "Gho$T<38><VALVE_ID_LAN><CT>" say_team "lasca"
L 07/01/2019 - 12:59:21: "INDIO<40><VALVE_ID_LAN><CT>" killed "Mustafa:)2.0<39><VALVE_ID_LAN><TERRORIST>" with "deagle"
L 07/01/2019 - 12:59:23: "INDIO<40><VALVE_ID_LAN><CT>" killed "Smolder<41><VALVE_ID_LAN><TERRORIST>" with "deagle"
L 07/01/2019 - 12:59:25: "Ice_Man<33><VALVE_ID_LAN><TERRORIST>" killed "Gho$T<38><VALVE_ID_LAN><CT>" with "deagle"
L 07/01/2019 - 12:59:31: "Ice_Man<33><VALVE_ID_LAN><TERRORIST>" killed "INDIO<40><VALVE_ID_LAN><CT>" with "deagle"
L 07/01/2019 - 12:59:35: "Calcas Peludas<35><VALVE_ID_LAN><TERRORIST>" killed "Cap Billy<32><VALVE_ID_LOOPBACK><CT>" with "deagle"
L 07/01/2019 - 12:59:40: "Jack<34><VALVE_ID_LAN><CT>" killed "Calcas Peludas<35><VALVE_ID_LAN><TERRORIST>" with "deagle"
L 07/01/2019 - 12:59:44: Server cvar "amx_nextmap" = "fy_stoneworld"
L 07/01/2019 - 12:59:48: "Jack<34><VALVE_ID_LAN><CT>" killed "Ice_Man<33><VALVE_ID_LAN><TERRORIST>" with "deagle"
L 07/01/2019 - 12:59:48: Team "CT" triggered "CTs_Win" (CT "7") (T "7")
L 07/01/2019 - 12:59:48: World triggered "Round_End"
L 07/01/2019 - 12:59:50: "Ice_Man<33><VALVE_ID_LAN><TERRORIST>" say_team "droga" (dead)
L 07/01/2019 - 12:59:53: World triggered "Round_Start"
L 07/01/2019 - 12:59:59: "Calcas Peludas<35><VALVE_ID_LAN><TERRORIST>" killed "Gho$T<38><VALVE_ID_LAN><CT>" with "deagle"
L 07/01/2019 - 13:00:08: "INDIO<40><VALVE_ID_LAN><CT>" killed "Mustafa:)2.0<39><VALVE_ID_LAN><TERRORIST>" with "knife"
L 07/01/2019 - 13:00:10: "Cap Billy<32><VALVE_ID_LOOPBACK><CT>" killed "Calcas Peludas<35><VALVE_ID_LAN><TERRORIST>" with "knife"
L 07/01/2019 - 13:00:11: "INDIO<40><VALVE_ID_LAN><CT>" killed "Ice_Man<33><VALVE_ID_LAN><TERRORIST>" with "knife"
L 07/01/2019 - 13:00:12: "Jack<34><VALVE_ID_LAN><CT>" killed "Smolder<41><VALVE_ID_LAN><TERRORIST>" with "knife"
L 07/01/2019 - 13:00:12: Team "CT" triggered "CTs_Win" (CT "8") (T "7")
L 07/01/2019 - 13:00:12: World triggered "Round_End"
L 07/01/2019 - 13:00:15: "Gho$T<38><VALVE_ID_LAN><CT>" say "pegue" (dead)
L 07/01/2019 - 13:00:17: World triggered "Round_Start"
L 07/01/2019 - 13:00:17: "Calcas Peludas<35><VALVE_ID_LAN><TERRORIST>" say "inacreditavel"
L 07/01/2019 - 13:00:26: "Mustafa:)2.0<39><VALVE_ID_LAN><TERRORIST>" killed "Jack<34><VALVE_ID_LAN><CT>" with "deagle"
L 07/01/2019 - 13:00:31: "Cap Billy<32><VALVE_ID_LOOPBACK><CT>" killed "Ice_Man<33><VALVE_ID_LAN><TERRORIST>" with "deagle"
L 07/01/2019 - 13:00:31: "Mustafa:)2.0<39><VALVE_ID_LAN><TERRORIST>" killed "Cap Billy<32><VALVE_ID_LOOPBACK><CT>" with "deagle"
L 07/01/2019 - 13:00:36: "Cap Billy<32><VALVE_ID_LOOPBACK><CT>" say "timeleft" (dead)
L 07/01/2019 - 13:00:40: "INDIO<40><VALVE_ID_LAN><CT>" killed "Mustafa:)2.0<39><VALVE_ID_LAN><TERRORIST>" with "deagle"
L 07/01/2019 - 13:00:41: "Gho$T<38><VALVE_ID_LAN><CT>" killed "Smolder<41><VALVE_ID_LAN><TERRORIST>" with "knife"
L 07/01/2019 - 13:00:45: "Jack<34><VALVE_ID_LAN><CT>" say "boooooa" (dead)
L 07/01/2019 - 13:00:48: "Calcas Peludas<35><VALVE_ID_LAN><TERRORIST>" killed "INDIO<40><VALVE_ID_LAN><CT>" with "deagle"
L 07/01/2019 - 13:00:51: "Gho$T<38><VALVE_ID_LAN><CT>" killed "Calcas Peludas<35><VALVE_ID_LAN><TERRORIST>" with "deagle"
L 07/01/2019 - 13:00:51: Team "CT" triggered "CTs_Win" (CT "9") (T "7")
L 07/01/2019 - 13:00:51: World triggered "Round_End"
L 07/01/2019 - 13:00:56: World triggered "Round_Start"
L 07/01/2019 - 13:00:57: "Jack<34><VALVE_ID_LAN><CT>" say "timeleft"
L 07/01/2019 - 13:01:01: "Calcas Peludas<35><VALVE_ID_LAN><TERRORIST>" killed "INDIO<40><VALVE_ID_LAN><CT>" with "deagle"
L 07/01/2019 - 13:01:08: "Ice_Man<33><VALVE_ID_LAN><TERRORIST>" killed "Gho$T<38><VALVE_ID_LAN><CT>" with "deagle"
L 07/01/2019 - 13:01:13: "Ice_Man<33><VALVE_ID_LAN><TERRORIST>" killed "Jack<34><VALVE_ID_LAN><CT>" with "deagle"
L 07/01/2019 - 13:01:17: "Mustafa:)2.0<39><VALVE_ID_LAN><TERRORIST>" killed "Cap Billy<32><VALVE_ID_LOOPBACK><CT>" with "deagle"
L 07/01/2019 - 13:01:17: Team "TERRORIST" triggered "Terrorists_Win" (CT "9") (T "8")
L 07/01/2019 - 13:01:17: World triggered "Round_End"
L 07/01/2019 - 13:01:21: "Cap Billy<32><VALVE_ID_LOOPBACK><CT>" say "timeleft" (dead)
L 07/01/2019 - 13:01:22: World triggered "Round_Start"
L 07/01/2019 - 13:01:22: "Gho$T<38><VALVE_ID_LAN><CT>" say "timeleft"
L 07/01/2019 - 13:01:31: "Mustafa:)2.0<39><VALVE_ID_LAN><TERRORIST>" killed "Gho$T<38><VALVE_ID_LAN><CT>" with "knife"
L 07/01/2019 - 13:01:31: "Calcas Peludas<35><VALVE_ID_LAN><TERRORIST>" killed "Cap Billy<32><VALVE_ID_LOOPBACK><CT>" with "knife"
L 07/01/2019 - 13:01:32: "INDIO<40><VALVE_ID_LAN><CT>" killed "Ice_Man<33><VALVE_ID_LAN><TERRORIST>" with "knife"
L 07/01/2019 - 13:01:33: Team "CT" scored "9" with "4" players
L 07/01/2019 - 13:01:33: Team "TERRORIST" scored "8" with "4" players
L 07/01/2019 - 13:01:38: "Cap Billy<32><VALVE_ID_LOOPBACK><CT>" triggered "weaponstats" (weapon "deagle") (shots "82") (hits "34") (kills "10") (headshots "2") (tks "0") (damage "1288") (deaths "9")
L 07/01/2019 - 13:01:38: "Cap Billy<32><VALVE_ID_LOOPBACK><CT>" triggered "weaponstats2" (weapon "deagle") (head "4") (chest "6") (stomach "4") (leftarm "11") (rightarm "6") (leftleg "2") (rightleg "1")
L 07/01/2019 - 13:01:38: "Cap Billy<32><VALVE_ID_LOOPBACK><CT>" triggered "weaponstats" (weapon "knife") (shots "11") (hits "7") (kills "2") (headshots "1") (tks "0") (damage "551") (deaths "5")
L 07/01/2019 - 13:01:38: "Cap Billy<32><VALVE_ID_LOOPBACK><CT>" triggered "weaponstats2" (weapon "knife") (head "3") (chest "1") (stomach "0") (leftarm "1") (rightarm "2") (leftleg "0") (rightleg "0")
L 07/01/2019 - 13:01:38: "Cap Billy<32><VALVE_ID_LOOPBACK><CT>" triggered "time" (time "10:06")
L 07/01/2019 - 13:01:38: "Cap Billy<32><VALVE_ID_LOOPBACK><CT>" triggered "latency" (ping "0")
L 07/01/2019 - 13:01:38: "Ice_Man<33><VALVE_ID_LAN><TERRORIST>" triggered "weaponstats" (weapon "deagle") (shots "99") (hits "25") (kills "11") (headshots "4") (tks "1") (damage "1325") (deaths "11")
L 07/01/2019 - 13:01:38: "Ice_Man<33><VALVE_ID_LAN><TERRORIST>" triggered "weaponstats2" (weapon "deagle") (head "4") (chest "2") (stomach "4") (leftarm "14") (rightarm "1") (leftleg "0") (rightleg "0")
L 07/01/2019 - 13:01:38: "Ice_Man<33><VALVE_ID_LAN><TERRORIST>" triggered "weaponstats" (weapon "knife") (shots "1") (hits "1") (kills "0") (headshots "0") (tks "0") (damage "55") (deaths "1")
L 07/01/2019 - 13:01:38: "Ice_Man<33><VALVE_ID_LAN><TERRORIST>" triggered "weaponstats2" (weapon "knife") (head "0") (chest "1") (stomach "0") (leftarm "0") (rightarm "0") (leftleg "0") (rightleg "0")
L 07/01/2019 - 13:01:38: "Ice_Man<33><VALVE_ID_LAN><TERRORIST>" triggered "time" (time "10:03")
L 07/01/2019 - 13:01:38: "Ice_Man<33><VALVE_ID_LAN><TERRORIST>" triggered "latency" (ping "7")
L 07/01/2019 - 13:01:38: "Jack<34><VALVE_ID_LAN><CT>" triggered "weaponstats" (weapon "deagle") (shots "87") (hits "36") (kills "8") (headshots "2") (tks "0") (damage "1371") (deaths "9")
L 07/01/2019 - 13:01:38: "Jack<34><VALVE_ID_LAN><CT>" triggered "weaponstats2" (weapon "deagle") (head "2") (chest "9") (stomach "2") (leftarm "10") (rightarm "9") (leftleg "1") (rightleg "3")
L 07/01/2019 - 13:01:38: "Jack<34><VALVE_ID_LAN><CT>" triggered "weaponstats" (weapon "knife") (shots "8") (hits "3") (kills "2") (headshots "0") (tks "0") (damage "165") (deaths "3")
L 07/01/2019 - 13:01:38: "Jack<34><VALVE_ID_LAN><CT>" triggered "weaponstats2" (weapon "knife") (head "0") (chest "0") (stomach "1") (leftarm "1") (rightarm "0") (leftleg "0") (rightleg "1")
L 07/01/2019 - 13:01:38: "Jack<34><VALVE_ID_LAN><CT>" triggered "time" (time "10:03")
L 07/01/2019 - 13:01:38: "Jack<34><VALVE_ID_LAN><CT>" triggered "latency" (ping "7")
L 07/01/2019 - 13:01:38: "Calcas Peludas<35><VALVE_ID_LAN><TERRORIST>" triggered "weaponstats" (weapon "deagle") (shots "160") (hits "59") (kills "16") (headshots "9") (tks "0") (damage "2794") (deaths "8")
L 07/01/2019 - 13:01:38: "Calcas Peludas<35><VALVE_ID_LAN><TERRORIST>" triggered "weaponstats2" (weapon "deagle") (head "10") (chest "8") (stomach "4") (leftarm "23") (rightarm "8") (leftleg "5") (rightleg "1")
L 07/01/2019 - 13:01:38: "Calcas Peludas<35><VALVE_ID_LAN><TERRORIST>" triggered "weaponstats" (weapon "knife") (shots "8") (hits "7") (kills "3") (headshots "2") (tks "0") (damage "551") (deaths "3")
L 07/01/2019 - 13:01:38: "Calcas Peludas<35><VALVE_ID_LAN><TERRORIST>" triggered "weaponstats2" (weapon "knife") (head "2") (chest "0") (stomach "0") (leftarm "2") (rightarm "3") (leftleg "0") (rightleg "0")
L 07/01/2019 - 13:01:38: "Calcas Peludas<35><VALVE_ID_LAN><TERRORIST>" triggered "time" (time "10:03")
L 07/01/2019 - 13:01:38: "Calcas Peludas<35><VALVE_ID_LAN><TERRORIST>" triggered "latency" (ping "7")
L 07/01/2019 - 13:01:38: "Gho$T<38><VALVE_ID_LAN><CT>" triggered "weaponstats" (weapon "deagle") (shots "107") (hits "35") (kills "10") (headshots "2") (tks "0") (damage "1440") (deaths "7")
L 07/01/2019 - 13:01:38: "Gho$T<38><VALVE_ID_LAN><CT>" triggered "weaponstats2" (weapon "deagle") (head "2") (chest "7") (stomach "0") (leftarm "14") (rightarm "8") (leftleg "0") (rightleg "4")
L 07/01/2019 - 13:01:38: "Gho$T<38><VALVE_ID_LAN><CT>" triggered "weaponstats" (weapon "knife") (shots "8") (hits "7") (kills "2") (headshots "0") (tks "0") (damage "495") (deaths "8")
L 07/01/2019 - 13:01:38: "Gho$T<38><VALVE_ID_LAN><CT>" triggered "weaponstats2" (weapon "knife") (head "1") (chest "3") (stomach "0") (leftarm "2") (rightarm "1") (leftleg "0") (rightleg "0")
L 07/01/2019 - 13:01:38: "Gho$T<38><VALVE_ID_LAN><CT>" triggered "time" (time "10:02")
L 07/01/2019 - 13:01:38: "Gho$T<38><VALVE_ID_LAN><CT>" triggered "latency" (ping "9")
L 07/01/2019 - 13:01:38: "Mustafa:)2.0<39><VALVE_ID_LAN><TERRORIST>" triggered "weaponstats" (weapon "deagle") (shots "106") (hits "34") (kills "13") (headshots "5") (tks "0") (damage "1656") (deaths "12")
L 07/01/2019 - 13:01:38: "Mustafa:)2.0<39><VALVE_ID_LAN><TERRORIST>" triggered "weaponstats2" (weapon "deagle") (head "6") (chest "4") (stomach "5") (leftarm "7") (rightarm "10") (leftleg "0") (rightleg "2")
L 07/01/2019 - 13:01:38: "Mustafa:)2.0<39><VALVE_ID_LAN><TERRORIST>" triggered "weaponstats" (weapon "knife") (shots "3") (hits "1") (kills "1") (headshots "0") (tks "0") (damage "55") (deaths "0")
L 07/01/2019 - 13:01:38: "Mustafa:)2.0<39><VALVE_ID_LAN><TERRORIST>" triggered "weaponstats2" (weapon "knife") (head "0") (chest "1") (stomach "0") (leftarm "0") (rightarm "0") (leftleg "0") (rightleg "0")
L 07/01/2019 - 13:01:38: "Mustafa:)2.0<39><VALVE_ID_LAN><TERRORIST>" triggered "time" (time "9:59")
L 07/01/2019 - 13:01:38: "Mustafa:)2.0<39><VALVE_ID_LAN><TERRORIST>" triggered "latency" (ping "8")
L 07/01/2019 - 13:01:38: "INDIO<40><VALVE_ID_LAN><CT>" triggered "weaponstats" (weapon "deagle") (shots "64") (hits "25") (kills "6") (headshots "2") (tks "0") (damage "1059") (deaths "10")
L 07/01/2019 - 13:01:38: "INDIO<40><VALVE_ID_LAN><CT>" triggered "weaponstats2" (weapon "deagle") (head "2") (chest "7") (stomach "4") (leftarm "9") (rightarm "3") (leftleg "0") (rightleg "0")
L 07/01/2019 - 13:01:38: "INDIO<40><VALVE_ID_LAN><CT>" triggered "weaponstats" (weapon "knife") (shots "27") (hits "11") (kills "7") (headshots "3") (tks "0") (damage "881") (deaths "5")
L 07/01/2019 - 13:01:38: "INDIO<40><VALVE_ID_LAN><CT>" triggered "weaponstats2" (weapon "knife") (head "5") (chest "3") (stomach "0") (leftarm "1") (rightarm "2") (leftleg "0") (rightleg "0")
L 07/01/2019 - 13:01:38: "INDIO<40><VALVE_ID_LAN><CT>" triggered "time" (time "9:54")
L 07/01/2019 - 13:01:38: "INDIO<40><VALVE_ID_LAN><CT>" triggered "latency" (ping "8")
L 07/01/2019 - 13:01:38: "Smolder<41><VALVE_ID_LAN><TERRORIST>" triggered "weaponstats" (weapon "deagle") (shots "125") (hits "30") (kills "9") (headshots "2") (tks "0") (damage "1247") (deaths "6")
L 07/01/2019 - 13:01:38: "Smolder<41><VALVE_ID_LAN><TERRORIST>" triggered "weaponstats2" (weapon "deagle") (head "5") (chest "4") (stomach "0") (leftarm "10") (rightarm "10") (leftleg "1") (rightleg "0")
L 07/01/2019 - 13:01:38: "Smolder<41><VALVE_ID_LAN><TERRORIST>" triggered "weaponstats" (weapon "knife") (shots "11") (hits "8") (kills "3") (headshots "2") (tks "0") (damage "716") (deaths "6")
L 07/01/2019 - 13:01:38: "Smolder<41><VALVE_ID_LAN><TERRORIST>" triggered "weaponstats2" (weapon "knife") (head "4") (chest "0") (stomach "0") (leftarm "1") (rightarm "2") (leftleg "1") (rightleg "0")
L 07/01/2019 - 13:01:38: "Smolder<41><VALVE_ID_LAN><TERRORIST>" triggered "time" (time "9:45")
L 07/01/2019 - 13:01:38: "Smolder<41><VALVE_ID_LAN><TERRORIST>" triggered "latency" (ping "10")
L 07/01/2019 - 13:01:38: [META] ini: Begin re-reading plugins list: c:/valve/cstrike/addons/metamod/plugins.ini
L 07/01/2019 - 13:01:38: [META] ini: Read plugin config for: AMX
L 07/01/2019 - 13:01:38: [META] ini: Read plugin config for: WinHL-Booster
L 07/01/2019 - 13:01:38: [META] ERROR: ini: Skipping plugin, couldn't stat file 'addons/hlguard/dlls/hlguard_mm_nightly.dll': No such file or directory
L 07/01/2019 - 13:01:38: [META] ini: Read plugin config for: WebMod
L 07/01/2019 - 13:01:38: [META] ini: Finished reading plugins list: c:/valve/cstrike/addons/metamod/plugins.ini; Found 3 plugins
L 07/01/2019 - 13:01:38: [META] dll: Updating plugins...
L 07/01/2019 - 13:01:38: [META] ERROR: dll: Failed query plugin '<hlguard_mm_nightly.dll>'; Couldn't open file 'addons/hlguard/dlls/hlguard_mm_nightly.dll': Não foi possível encontrar o módulo especificado.

L 07/01/2019 - 13:01:38: [META] ERROR: dll: Skipping plugin '<hlguard_mm_nightly.dll>'; couldn't query
L 07/01/2019 - 13:01:38: [META] dll: Finished updating 6 plugins; kept 3, loaded 0, unloaded 0, reloaded 0, delayed 0
L 07/01/2019 - 13:01:38: Server shutdown
L 07/01/2019 - 13:01:38: Log file closed
