L 07/12/2019 - 12:40:16: Log file started (file "logs\L0712008.log") (game "cstrike") (version "47/1.1.2.2/2603")
L 07/12/2019 - 12:40:17: World triggered "Round_Start"
L 07/12/2019 - 12:40:17: "Calcas Peludas<24><VALVE_ID_LAN><>" entered the game
L 07/12/2019 - 12:40:17: "Gho$T<22><VALVE_ID_LAN><>" entered the game
L 07/12/2019 - 12:40:17: "Jack<23><VALVE_ID_LAN><>" entered the game
L 07/12/2019 - 12:40:17: "Smolder<25><VALVE_ID_LAN><>" entered the game
L 07/12/2019 - 12:40:18: "Calcas Peludas<24><VALVE_ID_LAN><>" joined team "TERRORIST"
L 07/12/2019 - 12:40:18: "INDIO<27><VALVE_ID_LAN><>" entered the game
L 07/12/2019 - 12:40:18: "Ice_Man<26><VALVE_ID_LAN><>" entered the game
L 07/12/2019 - 12:40:18: "Mustafa:)2.0<28><VALVE_ID_LAN><>" entered the game
L 07/12/2019 - 12:40:18: "Kitkat<20><VALVE_ID_LAN><>" joined team "CT"
L 07/12/2019 - 12:40:19: "Jack<23><VALVE_ID_LAN><>" joined team "CT"
L 07/12/2019 - 12:40:19: "Gho$T<22><VALVE_ID_LAN><>" joined team "CT"
L 07/12/2019 - 12:40:20: "Mustafa:)2.0<28><VALVE_ID_LAN><>" joined team "TERRORIST"
L 07/12/2019 - 12:40:20: "Ice_Man<26><VALVE_ID_LAN><>" joined team "TERRORIST"
L 07/12/2019 - 12:40:20: "INDIO<27><VALVE_ID_LAN><>" joined team "CT"
L 07/12/2019 - 12:40:20: "Smolder<25><VALVE_ID_LAN><>" joined team "TERRORIST"
L 07/12/2019 - 12:40:25: "Mustafa:)2.0<28><VALVE_ID_LAN><TERRORIST>" killed "INDIO<27><VALVE_ID_LAN><CT>" with "glock18"
L 07/12/2019 - 12:40:25: "Gho$T<22><VALVE_ID_LAN><CT>" killed "Smolder<25><VALVE_ID_LAN><TERRORIST>" with "glock18"
L 07/12/2019 - 12:40:26: "Cap Billy<19><VALVE_ID_LOOPBACK><CT>" killed "XXBOT Ivan<21><BOT><TERRORIST>" with "glock18"
L 07/12/2019 - 12:40:28: "Ice_Man<26><VALVE_ID_LAN><TERRORIST>" killed "Kitkat<20><VALVE_ID_LAN><CT>" with "glock18"
L 07/12/2019 - 12:40:29: "Cap Billy<19><VALVE_ID_LOOPBACK><CT>" killed "Calcas Peludas<24><VALVE_ID_LAN><TERRORIST>" with "glock18"
L 07/12/2019 - 12:40:32: "Mustafa:)2.0<28><VALVE_ID_LAN><TERRORIST>" killed "Cap Billy<19><VALVE_ID_LOOPBACK><CT>" with "glock18"
L 07/12/2019 - 12:40:33: "Ice_Man<26><VALVE_ID_LAN><TERRORIST>" killed "Gho$T<22><VALVE_ID_LAN><CT>" with "glock18"
L 07/12/2019 - 12:40:34: "Calcas Peludas<24><VALVE_ID_LAN><TERRORIST>" say_team "cuiado com facas" (dead)
L 07/12/2019 - 12:40:41: "Ice_Man<26><VALVE_ID_LAN><TERRORIST>" killed "Jack<23><VALVE_ID_LAN><CT>" with "glock18"
L 07/12/2019 - 12:40:41: Team "TERRORIST" triggered "Terrorists_Win" (CT "0") (T "1")
L 07/12/2019 - 12:40:41: World triggered "Round_End"
L 07/12/2019 - 12:40:44: "Calcas Peludas<24><VALVE_ID_LAN><TERRORIST>" say_team "boa" (dead)
L 07/12/2019 - 12:40:46: World triggered "Round_Start"
L 07/12/2019 - 12:40:50: "Jack<23><VALVE_ID_LAN><CT>" killed "XXBOT Ivan<21><BOT><TERRORIST>" with "glock18"
L 07/12/2019 - 12:40:51: "Ice_Man<26><VALVE_ID_LAN><TERRORIST>" killed "Cap Billy<19><VALVE_ID_LOOPBACK><CT>" with "glock18"
L 07/12/2019 - 12:40:54: "Smolder<25><VALVE_ID_LAN><TERRORIST>" killed "Gho$T<22><VALVE_ID_LAN><CT>" with "knife"
L 07/12/2019 - 12:40:56: "INDIO<27><VALVE_ID_LAN><CT>" killed "Ice_Man<26><VALVE_ID_LAN><TERRORIST>" with "glock18"
L 07/12/2019 - 12:40:57: "Smolder<25><VALVE_ID_LAN><TERRORIST>" killed "Kitkat<20><VALVE_ID_LAN><CT>" with "glock18"
L 07/12/2019 - 12:40:59: "Ice_Man<26><VALVE_ID_LAN><TERRORIST>" say "ui nega" (dead)
L 07/12/2019 - 12:41:00: "Calcas Peludas<24><VALVE_ID_LAN><TERRORIST>" killed "Jack<23><VALVE_ID_LAN><CT>" with "glock18"
L 07/12/2019 - 12:41:00: "INDIO<27><VALVE_ID_LAN><CT>" killed "Calcas Peludas<24><VALVE_ID_LAN><TERRORIST>" with "glock18"
L 07/12/2019 - 12:41:03: "Mustafa:)2.0<28><VALVE_ID_LAN><TERRORIST>" killed "INDIO<27><VALVE_ID_LAN><CT>" with "glock18"
L 07/12/2019 - 12:41:03: Team "TERRORIST" triggered "Terrorists_Win" (CT "0") (T "2")
L 07/12/2019 - 12:41:03: World triggered "Round_End"
L 07/12/2019 - 12:41:08: World triggered "Round_Start"
L 07/12/2019 - 12:41:13: "Jack<23><VALVE_ID_LAN><CT>" killed "XXBOT Ivan<21><BOT><TERRORIST>" with "glock18"
L 07/12/2019 - 12:41:14: "Mustafa:)2.0<28><VALVE_ID_LAN><TERRORIST>" killed "INDIO<27><VALVE_ID_LAN><CT>" with "glock18"
L 07/12/2019 - 12:41:16: "Ice_Man<26><VALVE_ID_LAN><TERRORIST>" killed "Cap Billy<19><VALVE_ID_LOOPBACK><CT>" with "glock18"
L 07/12/2019 - 12:41:18: "Kitkat<20><VALVE_ID_LAN><CT>" killed "Smolder<25><VALVE_ID_LAN><TERRORIST>" with "glock18"
L 07/12/2019 - 12:41:19: "Jack<23><VALVE_ID_LAN><CT>" killed "Ice_Man<26><VALVE_ID_LAN><TERRORIST>" with "glock18"
L 07/12/2019 - 12:41:19: "Gho$T<22><VALVE_ID_LAN><CT>" killed "Calcas Peludas<24><VALVE_ID_LAN><TERRORIST>" with "glock18"
L 07/12/2019 - 12:41:29: "Jack<23><VALVE_ID_LAN><CT>" killed "Mustafa:)2.0<28><VALVE_ID_LAN><TERRORIST>" with "glock18"
L 07/12/2019 - 12:41:29: Team "CT" triggered "CTs_Win" (CT "1") (T "2")
L 07/12/2019 - 12:41:29: World triggered "Round_End"
L 07/12/2019 - 12:41:34: World triggered "Round_Start"
L 07/12/2019 - 12:41:38: "Kitkat<20><VALVE_ID_LAN><CT>" killed "Calcas Peludas<24><VALVE_ID_LAN><TERRORIST>" with "glock18"
L 07/12/2019 - 12:41:39: "Cap Billy<19><VALVE_ID_LOOPBACK><CT>" killed "Ice_Man<26><VALVE_ID_LAN><TERRORIST>" with "glock18"
L 07/12/2019 - 12:41:40: "INDIO<27><VALVE_ID_LAN><CT>" killed "Mustafa:)2.0<28><VALVE_ID_LAN><TERRORIST>" with "glock18"
L 07/12/2019 - 12:41:42: "Smolder<25><VALVE_ID_LAN><TERRORIST>" killed "Jack<23><VALVE_ID_LAN><CT>" with "glock18"
L 07/12/2019 - 12:41:43: "XXBOT Ivan<21><BOT><TERRORIST>" killed "Gho$T<22><VALVE_ID_LAN><CT>" with "glock18"
L 07/12/2019 - 12:41:45: "Smolder<25><VALVE_ID_LAN><TERRORIST>" killed "Kitkat<20><VALVE_ID_LAN><CT>" with "knife"
L 07/12/2019 - 12:41:46: "INDIO<27><VALVE_ID_LAN><CT>" killed "XXBOT Ivan<21><BOT><TERRORIST>" with "glock18"
L 07/12/2019 - 12:41:48: "Ice_Man<26><VALVE_ID_LAN><TERRORIST>" say "ui" (dead)
L 07/12/2019 - 12:41:50: "Cap Billy<19><VALVE_ID_LOOPBACK><CT>" killed "Smolder<25><VALVE_ID_LAN><TERRORIST>" with "glock18"
L 07/12/2019 - 12:41:50: Team "CT" triggered "CTs_Win" (CT "2") (T "2")
L 07/12/2019 - 12:41:50: World triggered "Round_End"
L 07/12/2019 - 12:41:54: "Jack<23><VALVE_ID_LAN><CT>" say_team "metade pra cada lado" (dead)
L 07/12/2019 - 12:41:55: World triggered "Round_Start"
L 07/12/2019 - 12:41:59: "Calcas Peludas<24><VALVE_ID_LAN><TERRORIST>" killed "Gho$T<22><VALVE_ID_LAN><CT>" with "glock18"
L 07/12/2019 - 12:42:01: "Ice_Man<26><VALVE_ID_LAN><TERRORIST>" killed "Cap Billy<19><VALVE_ID_LOOPBACK><CT>" with "glock18"
L 07/12/2019 - 12:42:02: "Jack<23><VALVE_ID_LAN><CT>" killed "Smolder<25><VALVE_ID_LAN><TERRORIST>" with "glock18"
L 07/12/2019 - 12:42:02: "INDIO<27><VALVE_ID_LAN><CT>" killed "XXBOT Ivan<21><BOT><TERRORIST>" with "glock18"
L 07/12/2019 - 12:42:03: "Jack<23><VALVE_ID_LAN><CT>" killed "Ice_Man<26><VALVE_ID_LAN><TERRORIST>" with "glock18"
L 07/12/2019 - 12:42:03: "Mustafa:)2.0<28><VALVE_ID_LAN><TERRORIST>" killed "Kitkat<20><VALVE_ID_LAN><CT>" with "glock18"
L 07/12/2019 - 12:42:06: "Calcas Peludas<24><VALVE_ID_LAN><TERRORIST>" killed "Jack<23><VALVE_ID_LAN><CT>" with "glock18"
L 07/12/2019 - 12:42:08: "Mustafa:)2.0<28><VALVE_ID_LAN><TERRORIST>" killed "INDIO<27><VALVE_ID_LAN><CT>" with "glock18"
L 07/12/2019 - 12:42:08: Team "TERRORIST" triggered "Terrorists_Win" (CT "2") (T "3")
L 07/12/2019 - 12:42:08: World triggered "Round_End"
L 07/12/2019 - 12:42:13: World triggered "Round_Start"
L 07/12/2019 - 12:42:15: "Cap Billy<19><VALVE_ID_LOOPBACK><CT>" say "CALCAS FIXAS!!"
L 07/12/2019 - 12:42:18: "Smolder<25><VALVE_ID_LAN><TERRORIST>" killed "Kitkat<20><VALVE_ID_LAN><CT>" with "glock18"
L 07/12/2019 - 12:42:19: "Jack<23><VALVE_ID_LAN><CT>" killed "Smolder<25><VALVE_ID_LAN><TERRORIST>" with "glock18"
L 07/12/2019 - 12:42:20: "Gho$T<22><VALVE_ID_LAN><CT>" killed "Ice_Man<26><VALVE_ID_LAN><TERRORIST>" with "glock18"
L 07/12/2019 - 12:42:21: "Cap Billy<19><VALVE_ID_LOOPBACK><CT>" killed "XXBOT Ivan<21><BOT><TERRORIST>" with "glock18"
L 07/12/2019 - 12:42:23: "Calcas Peludas<24><VALVE_ID_LAN><TERRORIST>" killed "Gho$T<22><VALVE_ID_LAN><CT>" with "glock18"
L 07/12/2019 - 12:42:24: "Jack<23><VALVE_ID_LAN><CT>" killed "Calcas Peludas<24><VALVE_ID_LAN><TERRORIST>" with "glock18"
L 07/12/2019 - 12:42:26: "Cap Billy<19><VALVE_ID_LOOPBACK><CT>" killed "Mustafa:)2.0<28><VALVE_ID_LAN><TERRORIST>" with "glock18"
L 07/12/2019 - 12:42:26: Team "CT" triggered "CTs_Win" (CT "3") (T "3")
L 07/12/2019 - 12:42:26: World triggered "Round_End"
L 07/12/2019 - 12:42:31: World triggered "Round_Start"
L 07/12/2019 - 12:42:37: "Smolder<25><VALVE_ID_LAN><TERRORIST>" killed "Cap Billy<19><VALVE_ID_LOOPBACK><CT>" with "glock18"
L 07/12/2019 - 12:42:38: "Smolder<25><VALVE_ID_LAN><TERRORIST>" killed "Gho$T<22><VALVE_ID_LAN><CT>" with "glock18"
L 07/12/2019 - 12:42:38: "Ice_Man<26><VALVE_ID_LAN><TERRORIST>" killed "INDIO<27><VALVE_ID_LAN><CT>" with "glock18"
L 07/12/2019 - 12:42:38: "Smolder<25><VALVE_ID_LAN><TERRORIST>" killed "Kitkat<20><VALVE_ID_LAN><CT>" with "glock18"
L 07/12/2019 - 12:42:39: "Jack<23><VALVE_ID_LAN><CT>" killed "Ice_Man<26><VALVE_ID_LAN><TERRORIST>" with "glock18"
L 07/12/2019 - 12:42:42: "Cap Billy<19><VALVE_ID_LOOPBACK><CT>" say_team "tah foda hj" (dead)
L 07/12/2019 - 12:42:47: "Jack<23><VALVE_ID_LAN><CT>" killed "Calcas Peludas<24><VALVE_ID_LAN><TERRORIST>" with "glock18"
L 07/12/2019 - 12:42:49: "Jack<23><VALVE_ID_LAN><CT>" killed "Smolder<25><VALVE_ID_LAN><TERRORIST>" with "glock18"
L 07/12/2019 - 12:42:51: "Mustafa:)2.0<28><VALVE_ID_LAN><TERRORIST>" killed "Jack<23><VALVE_ID_LAN><CT>" with "glock18"
L 07/12/2019 - 12:42:51: Team "TERRORIST" triggered "Terrorists_Win" (CT "3") (T "4")
L 07/12/2019 - 12:42:51: World triggered "Round_End"
L 07/12/2019 - 12:42:56: World triggered "Round_Start"
L 07/12/2019 - 12:43:03: "Mustafa:)2.0<28><VALVE_ID_LAN><TERRORIST>" killed "Jack<23><VALVE_ID_LAN><CT>" with "glock18"
L 07/12/2019 - 12:43:03: "Smolder<25><VALVE_ID_LAN><TERRORIST>" killed "Cap Billy<19><VALVE_ID_LOOPBACK><CT>" with "glock18"
L 07/12/2019 - 12:43:03: "Kitkat<20><VALVE_ID_LAN><CT>" killed "Ice_Man<26><VALVE_ID_LAN><TERRORIST>" with "glock18"
L 07/12/2019 - 12:43:10: "Gho$T<22><VALVE_ID_LAN><CT>" killed "XXBOT Ivan<21><BOT><TERRORIST>" with "glock18"
L 07/12/2019 - 12:43:11: "Mustafa:)2.0<28><VALVE_ID_LAN><TERRORIST>" killed "Smolder<25><VALVE_ID_LAN><TERRORIST>" with "glock18"
L 07/12/2019 - 12:43:12: "Gho$T<22><VALVE_ID_LAN><CT>" killed "Calcas Peludas<24><VALVE_ID_LAN><TERRORIST>" with "glock18"
L 07/12/2019 - 12:43:13: "Gho$T<22><VALVE_ID_LAN><CT>" killed "Mustafa:)2.0<28><VALVE_ID_LAN><TERRORIST>" with "glock18"
L 07/12/2019 - 12:43:13: Team "CT" triggered "CTs_Win" (CT "4") (T "4")
L 07/12/2019 - 12:43:13: World triggered "Round_End"
L 07/12/2019 - 12:43:18: World triggered "Round_Start"
L 07/12/2019 - 12:43:18: "Mustafa:)2.0<28><VALVE_ID_LAN><TERRORIST>" committed suicide with "world"
L 07/12/2019 - 12:43:19: "Jack<23><VALVE_ID_LAN><CT>" say "salvou indio"
L 07/12/2019 - 12:43:24: "Smolder<25><VALVE_ID_LAN><TERRORIST>" killed "Cap Billy<19><VALVE_ID_LOOPBACK><CT>" with "glock18"
L 07/12/2019 - 12:43:24: "Ice_Man<26><VALVE_ID_LAN><TERRORIST>" killed "Jack<23><VALVE_ID_LAN><CT>" with "glock18"
L 07/12/2019 - 12:43:25: "INDIO<27><VALVE_ID_LAN><CT>" killed "Ice_Man<26><VALVE_ID_LAN><TERRORIST>" with "knife"
L 07/12/2019 - 12:43:26: "Gho$T<22><VALVE_ID_LAN><CT>" killed "Smolder<25><VALVE_ID_LAN><TERRORIST>" with "glock18"
L 07/12/2019 - 12:43:26: "Calcas Peludas<24><VALVE_ID_LAN><TERRORIST>" killed "INDIO<27><VALVE_ID_LAN><CT>" with "glock18"
L 07/12/2019 - 12:43:29: "XXBOT Ivan<21><BOT><TERRORIST>" killed "Gho$T<22><VALVE_ID_LAN><CT>" with "glock18"
L 07/12/2019 - 12:43:29: "Kitkat<20><VALVE_ID_LAN><CT>" killed "Calcas Peludas<24><VALVE_ID_LAN><TERRORIST>" with "glock18"
L 07/12/2019 - 12:43:30: "Cap Billy<19><VALVE_ID_LOOPBACK><CT>" say "PEGUE PARAENSEEEEEE" (dead)
L 07/12/2019 - 12:43:32: "XXBOT Ivan<21><BOT><TERRORIST>" killed "Kitkat<20><VALVE_ID_LAN><CT>" with "glock18"
L 07/12/2019 - 12:43:32: Team "TERRORIST" triggered "Terrorists_Win" (CT "4") (T "5")
L 07/12/2019 - 12:43:32: World triggered "Round_End"
L 07/12/2019 - 12:43:37: World triggered "Round_Start"
L 07/12/2019 - 12:43:41: "Ice_Man<26><VALVE_ID_LAN><TERRORIST>" killed "Cap Billy<19><VALVE_ID_LOOPBACK><CT>" with "glock18"
L 07/12/2019 - 12:43:42: "Kitkat<20><VALVE_ID_LAN><CT>" killed "Ice_Man<26><VALVE_ID_LAN><TERRORIST>" with "glock18"
L 07/12/2019 - 12:43:42: "Gho$T<22><VALVE_ID_LAN><CT>" killed "Smolder<25><VALVE_ID_LAN><TERRORIST>" with "glock18"
L 07/12/2019 - 12:43:43: "INDIO<27><VALVE_ID_LAN><CT>" killed "XXBOT Ivan<21><BOT><TERRORIST>" with "glock18"
L 07/12/2019 - 12:43:48: "Gho$T<22><VALVE_ID_LAN><CT>" killed "Mustafa:)2.0<28><VALVE_ID_LAN><TERRORIST>" with "glock18"
L 07/12/2019 - 12:43:48: "Ice_Man<26><VALVE_ID_LAN><TERRORIST>" say "campo aberto nao vem...nao consegue..." (dead)
L 07/12/2019 - 12:43:49: "Kitkat<20><VALVE_ID_LAN><CT>" killed "Calcas Peludas<24><VALVE_ID_LAN><TERRORIST>" with "glock18"
L 07/12/2019 - 12:43:49: Team "CT" triggered "CTs_Win" (CT "5") (T "5")
L 07/12/2019 - 12:43:49: World triggered "Round_End"
L 07/12/2019 - 12:43:54: World triggered "Round_Start"
L 07/12/2019 - 12:44:00: "INDIO<27><VALVE_ID_LAN><CT>" killed "Mustafa:)2.0<28><VALVE_ID_LAN><TERRORIST>" with "glock18"
L 07/12/2019 - 12:44:00: "Calcas Peludas<24><VALVE_ID_LAN><TERRORIST>" killed "INDIO<27><VALVE_ID_LAN><CT>" with "glock18"
L 07/12/2019 - 12:44:02: "Ice_Man<26><VALVE_ID_LAN><TERRORIST>" killed "Jack<23><VALVE_ID_LAN><CT>" with "glock18"
L 07/12/2019 - 12:44:02: "Smolder<25><VALVE_ID_LAN><TERRORIST>" killed "Gho$T<22><VALVE_ID_LAN><CT>" with "glock18"
L 07/12/2019 - 12:44:02: "Kitkat<20><VALVE_ID_LAN><CT>" killed "Ice_Man<26><VALVE_ID_LAN><TERRORIST>" with "glock18"
L 07/12/2019 - 12:44:06: "Cap Billy<19><VALVE_ID_LOOPBACK><CT>" killed "Smolder<25><VALVE_ID_LAN><TERRORIST>" with "glock18"
L 07/12/2019 - 12:44:11: "Cap Billy<19><VALVE_ID_LOOPBACK><CT>" killed "Calcas Peludas<24><VALVE_ID_LAN><TERRORIST>" with "glock18"
L 07/12/2019 - 12:44:14: "Cap Billy<19><VALVE_ID_LOOPBACK><CT>" killed "XXBOT Ivan<21><BOT><TERRORIST>" with "glock18"
L 07/12/2019 - 12:44:14: Team "CT" triggered "CTs_Win" (CT "6") (T "5")
L 07/12/2019 - 12:44:14: World triggered "Round_End"
L 07/12/2019 - 12:44:19: World triggered "Round_Start"
L 07/12/2019 - 12:44:20: "Jack<23><VALVE_ID_LAN><CT>" say "bot ta"
L 07/12/2019 - 12:44:25: "INDIO<27><VALVE_ID_LAN><CT>" killed "XXBOT Ivan<21><BOT><TERRORIST>" with "glock18"
L 07/12/2019 - 12:44:26: "Smolder<25><VALVE_ID_LAN><TERRORIST>" killed "Kitkat<20><VALVE_ID_LAN><CT>" with "glock18"
L 07/12/2019 - 12:44:26: "Cap Billy<19><VALVE_ID_LOOPBACK><CT>" killed "Mustafa:)2.0<28><VALVE_ID_LAN><TERRORIST>" with "glock18"
L 07/12/2019 - 12:44:29: "Calcas Peludas<24><VALVE_ID_LAN><TERRORIST>" killed "INDIO<27><VALVE_ID_LAN><CT>" with "glock18"
L 07/12/2019 - 12:44:29: "Smolder<25><VALVE_ID_LAN><TERRORIST>" killed "Cap Billy<19><VALVE_ID_LOOPBACK><CT>" with "knife"
L 07/12/2019 - 12:44:31: "Jack<23><VALVE_ID_LAN><CT>" killed "Smolder<25><VALVE_ID_LAN><TERRORIST>" with "glock18"
L 07/12/2019 - 12:44:32: "Jack<23><VALVE_ID_LAN><CT>" killed "Ice_Man<26><VALVE_ID_LAN><TERRORIST>" with "glock18"
L 07/12/2019 - 12:44:36: "Ice_Man<26><VALVE_ID_LAN><TERRORIST>" say "ui nega" (dead)
L 07/12/2019 - 12:44:36: "Smolder<25><VALVE_ID_LAN><TERRORIST>" say "tome" (dead)
L 07/12/2019 - 12:44:37: "Calcas Peludas<24><VALVE_ID_LAN><TERRORIST>" killed "Gho$T<22><VALVE_ID_LAN><CT>" with "glock18"
L 07/12/2019 - 12:44:39: "Jack<23><VALVE_ID_LAN><CT>" killed "Calcas Peludas<24><VALVE_ID_LAN><TERRORIST>" with "glock18"
L 07/12/2019 - 12:44:39: Team "CT" triggered "CTs_Win" (CT "7") (T "5")
L 07/12/2019 - 12:44:39: World triggered "Round_End"
L 07/12/2019 - 12:44:41: "Ice_Man<26><VALVE_ID_LAN><TERRORIST>" say "pegaram o cabeludo" (dead)
L 07/12/2019 - 12:44:44: World triggered "Round_Start"
L 07/12/2019 - 12:44:49: "Ice_Man<26><VALVE_ID_LAN><TERRORIST>" killed "INDIO<27><VALVE_ID_LAN><CT>" with "glock18"
L 07/12/2019 - 12:44:49: "Cap Billy<19><VALVE_ID_LOOPBACK><CT>" killed "Ice_Man<26><VALVE_ID_LAN><TERRORIST>" with "glock18"
L 07/12/2019 - 12:44:51: "Smolder<25><VALVE_ID_LAN><TERRORIST>" killed "Cap Billy<19><VALVE_ID_LOOPBACK><CT>" with "glock18"
L 07/12/2019 - 12:44:51: "Gho$T<22><VALVE_ID_LAN><CT>" killed "XXBOT Ivan<21><BOT><TERRORIST>" with "glock18"
L 07/12/2019 - 12:44:54: "Mustafa:)2.0<28><VALVE_ID_LAN><TERRORIST>" killed "Gho$T<22><VALVE_ID_LAN><CT>" with "glock18"
L 07/12/2019 - 12:44:54: "Jack<23><VALVE_ID_LAN><CT>" killed "Mustafa:)2.0<28><VALVE_ID_LAN><TERRORIST>" with "glock18"
L 07/12/2019 - 12:44:56: "Kitkat<20><VALVE_ID_LAN><CT>" killed "Calcas Peludas<24><VALVE_ID_LAN><TERRORIST>" with "glock18"
L 07/12/2019 - 12:44:57: "Smolder<25><VALVE_ID_LAN><TERRORIST>" killed "Kitkat<20><VALVE_ID_LAN><CT>" with "glock18"
L 07/12/2019 - 12:44:58: "Ice_Man<26><VALVE_ID_LAN><TERRORIST>" say_team "atira" (dead)
L 07/12/2019 - 12:45:02: "Calcas Peludas<24><VALVE_ID_LAN><TERRORIST>" say_team "ok" (dead)
L 07/12/2019 - 12:45:14: "Calcas Peludas<24><VALVE_ID_LAN><TERRORIST>" say_team "atira" (dead)
L 07/12/2019 - 12:45:14: "Smolder<25><VALVE_ID_LAN><TERRORIST>" killed "Jack<23><VALVE_ID_LAN><CT>" with "glock18"
L 07/12/2019 - 12:45:14: Team "TERRORIST" triggered "Terrorists_Win" (CT "7") (T "6")
L 07/12/2019 - 12:45:14: World triggered "Round_End"
L 07/12/2019 - 12:45:15: "Ice_Man<26><VALVE_ID_LAN><TERRORIST>" say_team "ganhar o mapa depis faca no outro faca" (dead)
L 07/12/2019 - 12:45:19: World triggered "Round_Start"
L 07/12/2019 - 12:45:25: "INDIO<27><VALVE_ID_LAN><CT>" killed "Ice_Man<26><VALVE_ID_LAN><TERRORIST>" with "glock18"
L 07/12/2019 - 12:45:27: "Calcas Peludas<24><VALVE_ID_LAN><TERRORIST>" killed "INDIO<27><VALVE_ID_LAN><CT>" with "glock18"
L 07/12/2019 - 12:45:27: "Mustafa:)2.0<28><VALVE_ID_LAN><TERRORIST>" killed "Gho$T<22><VALVE_ID_LAN><CT>" with "glock18"
L 07/12/2019 - 12:45:28: "Kitkat<20><VALVE_ID_LAN><CT>" killed "Smolder<25><VALVE_ID_LAN><TERRORIST>" with "glock18"
L 07/12/2019 - 12:45:30: "Kitkat<20><VALVE_ID_LAN><CT>" killed "Calcas Peludas<24><VALVE_ID_LAN><TERRORIST>" with "glock18"
L 07/12/2019 - 12:45:32: "Ice_Man<26><VALVE_ID_LAN><TERRORIST>" say_team "ganhar o mapa.. e no outro mapa.. faca" (dead)
L 07/12/2019 - 12:45:33: "Cap Billy<19><VALVE_ID_LOOPBACK><CT>" killed "Mustafa:)2.0<28><VALVE_ID_LAN><TERRORIST>" with "glock18"
L 07/12/2019 - 12:45:34: "Cap Billy<19><VALVE_ID_LOOPBACK><CT>" killed "XXBOT Ivan<21><BOT><TERRORIST>" with "glock18"
L 07/12/2019 - 12:45:34: Team "CT" triggered "CTs_Win" (CT "8") (T "6")
L 07/12/2019 - 12:45:34: World triggered "Round_End"
L 07/12/2019 - 12:45:36: "Calcas Peludas<24><VALVE_ID_LAN><TERRORIST>" say_team "ok" (dead)
L 07/12/2019 - 12:45:38: "Smolder<25><VALVE_ID_LAN><TERRORIST>" say_team "ok" (dead)
L 07/12/2019 - 12:45:38: "Calcas Peludas<24><VALVE_ID_LAN><TERRORIST>" say_team "mapa" (dead)
L 07/12/2019 - 12:45:39: World triggered "Round_Start"
L 07/12/2019 - 12:45:45: "Calcas Peludas<24><VALVE_ID_LAN><TERRORIST>" killed "Kitkat<20><VALVE_ID_LAN><CT>" with "glock18"
L 07/12/2019 - 12:45:45: "Ice_Man<26><VALVE_ID_LAN><TERRORIST>" killed "Cap Billy<19><VALVE_ID_LOOPBACK><CT>" with "glock18"
L 07/12/2019 - 12:45:45: "Gho$T<22><VALVE_ID_LAN><CT>" killed "XXBOT Ivan<21><BOT><TERRORIST>" with "glock18"
L 07/12/2019 - 12:45:46: "Mustafa:)2.0<28><VALVE_ID_LAN><TERRORIST>" killed "INDIO<27><VALVE_ID_LAN><CT>" with "glock18"
L 07/12/2019 - 12:45:49: "Smolder<25><VALVE_ID_LAN><TERRORIST>" killed "Gho$T<22><VALVE_ID_LAN><CT>" with "knife"
L 07/12/2019 - 12:45:54: "Jack<23><VALVE_ID_LAN><CT>" killed "Calcas Peludas<24><VALVE_ID_LAN><TERRORIST>" with "glock18"
L 07/12/2019 - 12:45:57: "Smolder<25><VALVE_ID_LAN><TERRORIST>" killed "Jack<23><VALVE_ID_LAN><CT>" with "glock18"
L 07/12/2019 - 12:45:57: Team "TERRORIST" triggered "Terrorists_Win" (CT "8") (T "7")
L 07/12/2019 - 12:45:57: World triggered "Round_End"
L 07/12/2019 - 12:46:02: World triggered "Round_Start"
L 07/12/2019 - 12:46:07: "Jack<23><VALVE_ID_LAN><CT>" killed "Mustafa:)2.0<28><VALVE_ID_LAN><TERRORIST>" with "glock18"
L 07/12/2019 - 12:46:07: "Ice_Man<26><VALVE_ID_LAN><TERRORIST>" killed "INDIO<27><VALVE_ID_LAN><CT>" with "glock18"
L 07/12/2019 - 12:46:07: "Gho$T<22><VALVE_ID_LAN><CT>" killed "Calcas Peludas<24><VALVE_ID_LAN><TERRORIST>" with "glock18"
L 07/12/2019 - 12:46:08: "Smolder<25><VALVE_ID_LAN><TERRORIST>" killed "Gho$T<22><VALVE_ID_LAN><CT>" with "knife"
L 07/12/2019 - 12:46:11: "Calcas Peludas<24><VALVE_ID_LAN><TERRORIST>" say "hahahaha" (dead)
L 07/12/2019 - 12:46:11: "Ice_Man<26><VALVE_ID_LAN><TERRORIST>" killed "Jack<23><VALVE_ID_LAN><CT>" with "glock18"
L 07/12/2019 - 12:46:11: "Gho$T<22><VALVE_ID_LAN><CT>" say "porrraaaa" (dead)
L 07/12/2019 - 12:46:12: "Smolder<25><VALVE_ID_LAN><TERRORIST>" killed "Kitkat<20><VALVE_ID_LAN><CT>" with "glock18"
L 07/12/2019 - 12:46:13: "Cap Billy<19><VALVE_ID_LOOPBACK><CT>" killed "Ice_Man<26><VALVE_ID_LAN><TERRORIST>" with "glock18"
L 07/12/2019 - 12:46:20: "Gho$T<22><VALVE_ID_LAN><CT>" say "smolder hj ta so me esfaquenado" (dead)
L 07/12/2019 - 12:46:23: "Ice_Man<26><VALVE_ID_LAN><TERRORIST>" say "ui nega.. pegaram o gasparziho" (dead)
L 07/12/2019 - 12:46:23: "Smolder<25><VALVE_ID_LAN><TERRORIST>" killed "Cap Billy<19><VALVE_ID_LOOPBACK><CT>" with "glock18"
L 07/12/2019 - 12:46:23: Team "TERRORIST" triggered "Terrorists_Win" (CT "8") (T "8")
L 07/12/2019 - 12:46:23: World triggered "Round_End"
L 07/12/2019 - 12:46:26: "Calcas Peludas<24><VALVE_ID_LAN><TERRORIST>" say "pegue" (dead)
L 07/12/2019 - 12:46:28: World triggered "Round_Start"
L 07/12/2019 - 12:46:29: "Cap Billy<19><VALVE_ID_LOOPBACK><CT>" say_team "nao olhei o maa"
L 07/12/2019 - 12:46:34: "Jack<23><VALVE_ID_LAN><CT>" killed "Mustafa:)2.0<28><VALVE_ID_LAN><TERRORIST>" with "glock18"
L 07/12/2019 - 12:46:38: "Calcas Peludas<24><VALVE_ID_LAN><TERRORIST>" killed "Kitkat<20><VALVE_ID_LAN><CT>" with "glock18"
L 07/12/2019 - 12:46:39: "Smolder<25><VALVE_ID_LAN><TERRORIST>" killed "Gho$T<22><VALVE_ID_LAN><CT>" with "glock18"
L 07/12/2019 - 12:46:39: "INDIO<27><VALVE_ID_LAN><CT>" killed "Ice_Man<26><VALVE_ID_LAN><TERRORIST>" with "glock18"
L 07/12/2019 - 12:46:42: "Calcas Peludas<24><VALVE_ID_LAN><TERRORIST>" killed "INDIO<27><VALVE_ID_LAN><CT>" with "glock18"
L 07/12/2019 - 12:46:42: "Jack<23><VALVE_ID_LAN><CT>" killed "Smolder<25><VALVE_ID_LAN><TERRORIST>" with "glock18"
L 07/12/2019 - 12:46:45: "Calcas Peludas<24><VALVE_ID_LAN><TERRORIST>" killed "Jack<23><VALVE_ID_LAN><CT>" with "glock18"
L 07/12/2019 - 12:46:48: "Cap Billy<19><VALVE_ID_LOOPBACK><CT>" killed "Calcas Peludas<24><VALVE_ID_LAN><TERRORIST>" with "glock18"
L 07/12/2019 - 12:46:51: "Cap Billy<19><VALVE_ID_LOOPBACK><CT>" killed "XXBOT Ivan<21><BOT><TERRORIST>" with "glock18"
L 07/12/2019 - 12:46:51: Team "CT" triggered "CTs_Win" (CT "9") (T "8")
L 07/12/2019 - 12:46:51: World triggered "Round_End"
L 07/12/2019 - 12:46:56: World triggered "Round_Start"
L 07/12/2019 - 12:46:57: "Jack<23><VALVE_ID_LAN><CT>" say_team "mapa"
L 07/12/2019 - 12:47:01: "Calcas Peludas<24><VALVE_ID_LAN><TERRORIST>" killed "Cap Billy<19><VALVE_ID_LOOPBACK><CT>" with "glock18"
L 07/12/2019 - 12:47:01: "Mustafa:)2.0<28><VALVE_ID_LAN><TERRORIST>" killed "Gho$T<22><VALVE_ID_LAN><CT>" with "glock18"
L 07/12/2019 - 12:47:03: "INDIO<27><VALVE_ID_LAN><CT>" killed "Ice_Man<26><VALVE_ID_LAN><TERRORIST>" with "glock18"
L 07/12/2019 - 12:47:04: "INDIO<27><VALVE_ID_LAN><CT>" killed "XXBOT Ivan<21><BOT><TERRORIST>" with "glock18"
L 07/12/2019 - 12:47:07: "Kitkat<20><VALVE_ID_LAN><CT>" killed "Smolder<25><VALVE_ID_LAN><TERRORIST>" with "glock18"
L 07/12/2019 - 12:47:09: "Calcas Peludas<24><VALVE_ID_LAN><TERRORIST>" killed "INDIO<27><VALVE_ID_LAN><CT>" with "knife"
L 07/12/2019 - 12:47:11: "Jack<23><VALVE_ID_LAN><CT>" killed "Calcas Peludas<24><VALVE_ID_LAN><TERRORIST>" with "glock18"
L 07/12/2019 - 12:47:12: "Smolder<25><VALVE_ID_LAN><TERRORIST>" say "tome" (dead)
L 07/12/2019 - 12:47:13: "Kitkat<20><VALVE_ID_LAN><CT>" killed "Mustafa:)2.0<28><VALVE_ID_LAN><TERRORIST>" with "glock18"
L 07/12/2019 - 12:47:13: Team "CT" triggered "CTs_Win" (CT "10") (T "8")
L 07/12/2019 - 12:47:13: World triggered "Round_End"
L 07/12/2019 - 12:47:14: "Ice_Man<26><VALVE_ID_LAN><TERRORIST>" say "ui.. pegaram o incolume" (dead)
L 07/12/2019 - 12:47:18: World triggered "Round_Start"
L 07/12/2019 - 12:47:20: "Jack<23><VALVE_ID_LAN><CT>" say_team "mapa"
L 07/12/2019 - 12:47:23: "Cap Billy<19><VALVE_ID_LOOPBACK><CT>" killed "Ice_Man<26><VALVE_ID_LAN><TERRORIST>" with "glock18"
L 07/12/2019 - 12:47:24: "INDIO<27><VALVE_ID_LAN><CT>" killed "Mustafa:)2.0<28><VALVE_ID_LAN><TERRORIST>" with "glock18"
L 07/12/2019 - 12:47:25: "Calcas Peludas<24><VALVE_ID_LAN><TERRORIST>" killed "Cap Billy<19><VALVE_ID_LOOPBACK><CT>" with "glock18"
L 07/12/2019 - 12:47:27: "INDIO<27><VALVE_ID_LAN><CT>" killed "Calcas Peludas<24><VALVE_ID_LAN><TERRORIST>" with "glock18"
L 07/12/2019 - 12:47:29: "Smolder<25><VALVE_ID_LAN><TERRORIST>" killed "Gho$T<22><VALVE_ID_LAN><CT>" with "glock18"
L 07/12/2019 - 12:47:29: "Jack<23><VALVE_ID_LAN><CT>" killed "XXBOT Ivan<21><BOT><TERRORIST>" with "glock18"
L 07/12/2019 - 12:47:39: "Calcas Peludas<24><VALVE_ID_LAN><TERRORIST>" say "incolume furado" (dead)
L 07/12/2019 - 12:47:41: "Smolder<25><VALVE_ID_LAN><TERRORIST>" killed "Kitkat<20><VALVE_ID_LAN><CT>" with "glock18"
L 07/12/2019 - 12:47:43: "Jack<23><VALVE_ID_LAN><CT>" killed "Smolder<25><VALVE_ID_LAN><TERRORIST>" with "glock18"
L 07/12/2019 - 12:47:43: Team "CT" triggered "CTs_Win" (CT "11") (T "8")
L 07/12/2019 - 12:47:43: World triggered "Round_End"
L 07/12/2019 - 12:47:48: World triggered "Round_Start"
L 07/12/2019 - 12:47:54: "Calcas Peludas<24><VALVE_ID_LAN><TERRORIST>" killed "Jack<23><VALVE_ID_LAN><CT>" with "glock18"
L 07/12/2019 - 12:47:54: "INDIO<27><VALVE_ID_LAN><CT>" killed "Calcas Peludas<24><VALVE_ID_LAN><TERRORIST>" with "glock18"
L 07/12/2019 - 12:47:54: "XXBOT Ivan<21><BOT><TERRORIST>" killed "INDIO<27><VALVE_ID_LAN><CT>" with "glock18"
L 07/12/2019 - 12:47:55: "Cap Billy<19><VALVE_ID_LOOPBACK><CT>" killed "Ice_Man<26><VALVE_ID_LAN><TERRORIST>" with "glock18"
L 07/12/2019 - 12:48:02: "Smolder<25><VALVE_ID_LAN><TERRORIST>" killed "Gho$T<22><VALVE_ID_LAN><CT>" with "knife"
L 07/12/2019 - 12:48:03: "Kitkat<20><VALVE_ID_LAN><CT>" killed "Smolder<25><VALVE_ID_LAN><TERRORIST>" with "knife"
L 07/12/2019 - 12:48:04: "Calcas Peludas<24><VALVE_ID_LAN><TERRORIST>" say "tome" (dead)
L 07/12/2019 - 12:48:04: "Ice_Man<26><VALVE_ID_LAN><TERRORIST>" say "eita" (dead)
L 07/12/2019 - 12:48:06: "Mustafa:)2.0<28><VALVE_ID_LAN><TERRORIST>" killed "Kitkat<20><VALVE_ID_LAN><CT>" with "glock18"
L 07/12/2019 - 12:48:07: "Cap Billy<19><VALVE_ID_LOOPBACK><CT>" killed "XXBOT Ivan<21><BOT><TERRORIST>" with "glock18"
L 07/12/2019 - 12:48:07: "Jack<23><VALVE_ID_LAN><CT>" say "ho hohoh" (dead)
L 07/12/2019 - 12:48:07: "Ice_Man<26><VALVE_ID_LAN><TERRORIST>" say "ghostima" (dead)
L 07/12/2019 - 12:48:11: "Mustafa:)2.0<28><VALVE_ID_LAN><TERRORIST>" killed "Cap Billy<19><VALVE_ID_LOOPBACK><CT>" with "glock18"
L 07/12/2019 - 12:48:11: Team "TERRORIST" triggered "Terrorists_Win" (CT "11") (T "9")
L 07/12/2019 - 12:48:11: World triggered "Round_End"
L 07/12/2019 - 12:48:16: World triggered "Round_Start"
L 07/12/2019 - 12:48:23: "Gho$T<22><VALVE_ID_LAN><CT>" killed "Calcas Peludas<24><VALVE_ID_LAN><TERRORIST>" with "knife"
L 07/12/2019 - 12:48:23: "Ice_Man<26><VALVE_ID_LAN><TERRORIST>" killed "Gho$T<22><VALVE_ID_LAN><CT>" with "glock18"
L 07/12/2019 - 12:48:24: "Cap Billy<19><VALVE_ID_LOOPBACK><CT>" killed "Ice_Man<26><VALVE_ID_LAN><TERRORIST>" with "glock18"
L 07/12/2019 - 12:48:24: "Kitkat<20><VALVE_ID_LAN><CT>" killed "Smolder<25><VALVE_ID_LAN><TERRORIST>" with "glock18"
L 07/12/2019 - 12:48:25: "Mustafa:)2.0<28><VALVE_ID_LAN><TERRORIST>" killed "Jack<23><VALVE_ID_LAN><CT>" with "glock18"
L 07/12/2019 - 12:48:27: "XXBOT Ivan<21><BOT><TERRORIST>" killed "Kitkat<20><VALVE_ID_LAN><CT>" with "glock18"
L 07/12/2019 - 12:48:27: "Calcas Peludas<24><VALVE_ID_LAN><TERRORIST>" say "covarde" (dead)
L 07/12/2019 - 12:48:28: Server cvar "amx_nextmap" = "cs_paintball1"
L 07/12/2019 - 12:48:32: "Cap Billy<19><VALVE_ID_LOOPBACK><CT>" killed "Mustafa:)2.0<28><VALVE_ID_LAN><TERRORIST>" with "glock18"
L 07/12/2019 - 12:48:33: "Cap Billy<19><VALVE_ID_LOOPBACK><CT>" killed "XXBOT Ivan<21><BOT><TERRORIST>" with "glock18"
L 07/12/2019 - 12:48:33: Team "CT" triggered "CTs_Win" (CT "12") (T "9")
L 07/12/2019 - 12:48:33: World triggered "Round_End"
L 07/12/2019 - 12:48:38: World triggered "Round_Start"
L 07/12/2019 - 12:48:45: "Mustafa:)2.0<28><VALVE_ID_LAN><TERRORIST>" killed "INDIO<27><VALVE_ID_LAN><CT>" with "glock18"
L 07/12/2019 - 12:48:45: "Kitkat<20><VALVE_ID_LAN><CT>" killed "Ice_Man<26><VALVE_ID_LAN><TERRORIST>" with "glock18"
L 07/12/2019 - 12:48:46: "Gho$T<22><VALVE_ID_LAN><CT>" killed "XXBOT Ivan<21><BOT><TERRORIST>" with "glock18"
L 07/12/2019 - 12:48:47: "Calcas Peludas<24><VALVE_ID_LAN><TERRORIST>" killed "Gho$T<22><VALVE_ID_LAN><CT>" with "glock18"
L 07/12/2019 - 12:48:48: "Kitkat<20><VALVE_ID_LAN><CT>" killed "Smolder<25><VALVE_ID_LAN><TERRORIST>" with "glock18"
L 07/12/2019 - 12:48:48: "Cap Billy<19><VALVE_ID_LOOPBACK><CT>" killed "Calcas Peludas<24><VALVE_ID_LAN><TERRORIST>" with "glock18"
L 07/12/2019 - 12:48:50: "Kitkat<20><VALVE_ID_LAN><CT>" killed "Mustafa:)2.0<28><VALVE_ID_LAN><TERRORIST>" with "glock18"
L 07/12/2019 - 12:48:50: Team "CT" triggered "CTs_Win" (CT "13") (T "9")
L 07/12/2019 - 12:48:50: World triggered "Round_End"
L 07/12/2019 - 12:48:55: World triggered "Round_Start"
L 07/12/2019 - 12:49:02: "Ice_Man<26><VALVE_ID_LAN><TERRORIST>" killed "INDIO<27><VALVE_ID_LAN><CT>" with "glock18"
L 07/12/2019 - 12:49:02: "Smolder<25><VALVE_ID_LAN><TERRORIST>" killed "Kitkat<20><VALVE_ID_LAN><CT>" with "knife"
L 07/12/2019 - 12:49:02: "Jack<23><VALVE_ID_LAN><CT>" killed "XXBOT Ivan<21><BOT><TERRORIST>" with "glock18"
L 07/12/2019 - 12:49:06: "Calcas Peludas<24><VALVE_ID_LAN><TERRORIST>" killed "Gho$T<22><VALVE_ID_LAN><CT>" with "glock18"
L 07/12/2019 - 12:49:08: "Mustafa:)2.0<28><VALVE_ID_LAN><TERRORIST>" killed "Jack<23><VALVE_ID_LAN><CT>" with "glock18"
L 07/12/2019 - 12:49:08: "Smolder<25><VALVE_ID_LAN><TERRORIST>" killed "Cap Billy<19><VALVE_ID_LOOPBACK><CT>" with "glock18"
L 07/12/2019 - 12:49:08: Team "TERRORIST" triggered "Terrorists_Win" (CT "13") (T "10")
L 07/12/2019 - 12:49:08: World triggered "Round_End"
L 07/12/2019 - 12:49:11: "Gho$T<22><VALVE_ID_LAN><CT>" say_team "maaal" (dead)
L 07/12/2019 - 12:49:12: "Jack<23><VALVE_ID_LAN><CT>" say_team "mapa" (dead)
L 07/12/2019 - 12:49:13: World triggered "Round_Start"
L 07/12/2019 - 12:49:14: "INDIO<27><VALVE_ID_LAN><CT>" say_team "calma agora"
L 07/12/2019 - 12:49:20: "Ice_Man<26><VALVE_ID_LAN><TERRORIST>" killed "Jack<23><VALVE_ID_LAN><CT>" with "glock18"
L 07/12/2019 - 12:49:21: "Calcas Peludas<24><VALVE_ID_LAN><TERRORIST>" killed "Gho$T<22><VALVE_ID_LAN><CT>" with "knife"
L 07/12/2019 - 12:49:21: "INDIO<27><VALVE_ID_LAN><CT>" killed "Calcas Peludas<24><VALVE_ID_LAN><TERRORIST>" with "glock18"
L 07/12/2019 - 12:49:22: "Kitkat<20><VALVE_ID_LAN><CT>" killed "Smolder<25><VALVE_ID_LAN><TERRORIST>" with "glock18"
L 07/12/2019 - 12:49:24: "Calcas Peludas<24><VALVE_ID_LAN><TERRORIST>" say "pegue" (dead)
L 07/12/2019 - 12:49:25: "Cap Billy<19><VALVE_ID_LOOPBACK><CT>" killed "XXBOT Ivan<21><BOT><TERRORIST>" with "glock18"
L 07/12/2019 - 12:49:25: "Ice_Man<26><VALVE_ID_LAN><TERRORIST>" killed "Kitkat<20><VALVE_ID_LAN><CT>" with "glock18"
L 07/12/2019 - 12:49:26: "Smolder<25><VALVE_ID_LAN><TERRORIST>" say "ghostima" (dead)
L 07/12/2019 - 12:49:29: "INDIO<27><VALVE_ID_LAN><CT>" killed "Ice_Man<26><VALVE_ID_LAN><TERRORIST>" with "glock18"
L 07/12/2019 - 12:49:30: "Jack<23><VALVE_ID_LAN><CT>" say "timeleft" (dead)
L 07/12/2019 - 12:49:32: "Mustafa:)2.0<28><VALVE_ID_LAN><TERRORIST>" killed "Cap Billy<19><VALVE_ID_LOOPBACK><CT>" with "glock18"
L 07/12/2019 - 12:49:34: "Jack<23><VALVE_ID_LAN><CT>" say_team "mapa" (dead)
L 07/12/2019 - 12:49:37: "Cap Billy<19><VALVE_ID_LOOPBACK><CT>" say_team "malz" (dead)
L 07/12/2019 - 12:49:39: "INDIO<27><VALVE_ID_LAN><CT>" killed "Mustafa:)2.0<28><VALVE_ID_LAN><TERRORIST>" with "glock18"
L 07/12/2019 - 12:49:39: Team "CT" triggered "CTs_Win" (CT "14") (T "10")
L 07/12/2019 - 12:49:39: World triggered "Round_End"
L 07/12/2019 - 12:49:41: "Cap Billy<19><VALVE_ID_LOOPBACK><CT>" say_team "dei nenhuma faca ainda" (dead)
L 07/12/2019 - 12:49:44: World triggered "Round_Start"
L 07/12/2019 - 12:49:44: "Jack<23><VALVE_ID_LAN><CT>" say_team "proximo deagle"
L 07/12/2019 - 12:49:49: "Kitkat<20><VALVE_ID_LAN><CT>" killed "Mustafa:)2.0<28><VALVE_ID_LAN><TERRORIST>" with "glock18"
L 07/12/2019 - 12:49:51: "Cap Billy<19><VALVE_ID_LOOPBACK><CT>" killed "Ice_Man<26><VALVE_ID_LAN><TERRORIST>" with "glock18"
L 07/12/2019 - 12:49:52: "Gho$T<22><VALVE_ID_LAN><CT>" killed "Calcas Peludas<24><VALVE_ID_LAN><TERRORIST>" with "knife"
L 07/12/2019 - 12:49:52: "INDIO<27><VALVE_ID_LAN><CT>" killed "XXBOT Ivan<21><BOT><TERRORIST>" with "glock18"
L 07/12/2019 - 12:49:57: "Cap Billy<19><VALVE_ID_LOOPBACK><CT>" killed "Smolder<25><VALVE_ID_LAN><TERRORIST>" with "knife"
L 07/12/2019 - 12:49:57: Team "CT" triggered "CTs_Win" (CT "15") (T "10")
L 07/12/2019 - 12:49:57: World triggered "Round_End"
L 07/12/2019 - 12:50:02: World triggered "Round_Start"
L 07/12/2019 - 12:50:09: "Ice_Man<26><VALVE_ID_LAN><TERRORIST>" killed "INDIO<27><VALVE_ID_LAN><CT>" with "glock18"
L 07/12/2019 - 12:50:10: "Calcas Peludas<24><VALVE_ID_LAN><TERRORIST>" killed "Gho$T<22><VALVE_ID_LAN><CT>" with "glock18"
L 07/12/2019 - 12:50:11: "Cap Billy<19><VALVE_ID_LOOPBACK><CT>" killed "XXBOT Ivan<21><BOT><TERRORIST>" with "glock18"
L 07/12/2019 - 12:50:11: "Jack<23><VALVE_ID_LAN><CT>" killed "Smolder<25><VALVE_ID_LAN><TERRORIST>" with "knife"
L 07/12/2019 - 12:50:12: "Ice_Man<26><VALVE_ID_LAN><TERRORIST>" killed "Jack<23><VALVE_ID_LAN><CT>" with "glock18"
L 07/12/2019 - 12:50:13: "Calcas Peludas<24><VALVE_ID_LAN><TERRORIST>" killed "Cap Billy<19><VALVE_ID_LOOPBACK><CT>" with "glock18"
L 07/12/2019 - 12:50:14: "Mustafa:)2.0<28><VALVE_ID_LAN><TERRORIST>" killed "Kitkat<20><VALVE_ID_LAN><CT>" with "glock18"
L 07/12/2019 - 12:50:14: Team "TERRORIST" triggered "Terrorists_Win" (CT "15") (T "11")
L 07/12/2019 - 12:50:14: World triggered "Round_End"
L 07/12/2019 - 12:50:17: Team "CT" scored "15" with "5" players
L 07/12/2019 - 12:50:17: Team "TERRORIST" scored "11" with "5" players
L 07/12/2019 - 12:50:20: "Cap Billy<19><VALVE_ID_LOOPBACK><CT>" triggered "weaponstats" (weapon "glock18") (shots "372") (hits "118") (kills "26") (headshots "13") (tks "0") (damage "3432") (deaths "15")
L 07/12/2019 - 12:50:20: "Cap Billy<19><VALVE_ID_LOOPBACK><CT>" triggered "weaponstats2" (weapon "glock18") (head "19") (chest "22") (stomach "6") (leftarm "41") (rightarm "27") (leftleg "1") (rightleg "2")
L 07/12/2019 - 12:50:20: "Cap Billy<19><VALVE_ID_LOOPBACK><CT>" triggered "weaponstats" (weapon "knife") (shots "5") (hits "1") (kills "1") (headshots "0") (tks "0") (damage "65") (deaths "3")
L 07/12/2019 - 12:50:20: "Cap Billy<19><VALVE_ID_LOOPBACK><CT>" triggered "weaponstats2" (weapon "knife") (head "0") (chest "0") (stomach "0") (leftarm "1") (rightarm "0") (leftleg "0") (rightleg "0")
L 07/12/2019 - 12:50:20: "Cap Billy<19><VALVE_ID_LOOPBACK><CT>" triggered "time" (time "10:06")
L 07/12/2019 - 12:50:20: "Cap Billy<19><VALVE_ID_LOOPBACK><CT>" triggered "latency" (ping "0")
L 07/12/2019 - 12:50:20: "Kitkat<20><VALVE_ID_LAN><CT>" triggered "weaponstats" (weapon "glock18") (shots "306") (hits "102") (kills "18") (headshots "2") (tks "0") (damage "1956") (deaths "15")
L 07/12/2019 - 12:50:20: "Kitkat<20><VALVE_ID_LAN><CT>" triggered "weaponstats2" (weapon "glock18") (head "3") (chest "16") (stomach "8") (leftarm "46") (rightarm "19") (leftleg "5") (rightleg "5")
L 07/12/2019 - 12:50:20: "Kitkat<20><VALVE_ID_LAN><CT>" triggered "weaponstats" (weapon "knife") (shots "2") (hits "1") (kills "1") (headshots "0") (tks "0") (damage "65") (deaths "3")
L 07/12/2019 - 12:50:20: "Kitkat<20><VALVE_ID_LAN><CT>" triggered "weaponstats2" (weapon "knife") (head "0") (chest "0") (stomach "0") (leftarm "1") (rightarm "0") (leftleg "0") (rightleg "0")
L 07/12/2019 - 12:50:20: "Kitkat<20><VALVE_ID_LAN><CT>" triggered "time" (time "10:04")
L 07/12/2019 - 12:50:20: "Kitkat<20><VALVE_ID_LAN><CT>" triggered "latency" (ping "5")
L 07/12/2019 - 12:50:20: "Gho$T<22><VALVE_ID_LAN><CT>" triggered "weaponstats" (weapon "glock18") (shots "238") (hits "69") (kills "13") (headshots "6") (tks "0") (damage "2048") (deaths "21")
L 07/12/2019 - 12:50:20: "Gho$T<22><VALVE_ID_LAN><CT>" triggered "weaponstats2" (weapon "glock18") (head "10") (chest "15") (stomach "2") (leftarm "19") (rightarm "16") (leftleg "5") (rightleg "2")
L 07/12/2019 - 12:50:20: "Gho$T<22><VALVE_ID_LAN><CT>" triggered "weaponstats" (weapon "knife") (shots "8") (hits "4") (kills "2") (headshots "0") (tks "0") (damage "260") (deaths "1")
L 07/12/2019 - 12:50:20: "Gho$T<22><VALVE_ID_LAN><CT>" triggered "weaponstats2" (weapon "knife") (head "0") (chest "1") (stomach "0") (leftarm "2") (rightarm "1") (leftleg "0") (rightleg "0")
L 07/12/2019 - 12:50:20: "Gho$T<22><VALVE_ID_LAN><CT>" triggered "time" (time "10:02")
L 07/12/2019 - 12:50:20: "Gho$T<22><VALVE_ID_LAN><CT>" triggered "latency" (ping "11")
L 07/12/2019 - 12:50:20: "Jack<23><VALVE_ID_LAN><CT>" triggered "weaponstats" (weapon "glock18") (shots "388") (hits "139") (kills "23") (headshots "6") (tks "0") (damage "2874") (deaths "15")
L 07/12/2019 - 12:50:20: "Jack<23><VALVE_ID_LAN><CT>" triggered "weaponstats2" (weapon "glock18") (head "10") (chest "31") (stomach "16") (leftarm "44") (rightarm "28") (leftleg "8") (rightleg "2")
L 07/12/2019 - 12:50:20: "Jack<23><VALVE_ID_LAN><CT>" triggered "weaponstats" (weapon "knife") (shots "3") (hits "1") (kills "1") (headshots "1") (tks "0") (damage "260") (deaths "2")
L 07/12/2019 - 12:50:20: "Jack<23><VALVE_ID_LAN><CT>" triggered "weaponstats2" (weapon "knife") (head "1") (chest "0") (stomach "0") (leftarm "0") (rightarm "0") (leftleg "0") (rightleg "0")
L 07/12/2019 - 12:50:20: "Jack<23><VALVE_ID_LAN><CT>" triggered "time" (time "10:02")
L 07/12/2019 - 12:50:20: "Jack<23><VALVE_ID_LAN><CT>" triggered "latency" (ping "12")
L 07/12/2019 - 12:50:20: "Calcas Peludas<24><VALVE_ID_LAN><TERRORIST>" triggered "weaponstats" (weapon "glock18") (shots "403") (hits "110") (kills "20") (headshots "8") (tks "0") (damage "2435") (deaths "18")
L 07/12/2019 - 12:50:20: "Calcas Peludas<24><VALVE_ID_LAN><TERRORIST>" triggered "weaponstats2" (weapon "glock18") (head "11") (chest "26") (stomach "5") (leftarm "25") (rightarm "34") (leftleg "4") (rightleg "5")
L 07/12/2019 - 12:50:20: "Calcas Peludas<24><VALVE_ID_LAN><TERRORIST>" triggered "weaponstats" (weapon "knife") (shots "9") (hits "2") (kills "2") (headshots "1") (tks "0") (damage "130") (deaths "5")
L 07/12/2019 - 12:50:20: "Calcas Peludas<24><VALVE_ID_LAN><TERRORIST>" triggered "weaponstats2" (weapon "knife") (head "1") (chest "0") (stomach "0") (leftarm "1") (rightarm "0") (leftleg "0") (rightleg "0")
L 07/12/2019 - 12:50:20: "Calcas Peludas<24><VALVE_ID_LAN><TERRORIST>" triggered "time" (time "10:02")
L 07/12/2019 - 12:50:20: "Calcas Peludas<24><VALVE_ID_LAN><TERRORIST>" triggered "latency" (ping "9")
L 07/12/2019 - 12:50:20: "Smolder<25><VALVE_ID_LAN><TERRORIST>" triggered "weaponstats" (weapon "glock18") (shots "232") (hits "70") (kills "20") (headshots "14") (tks "0") (damage "2851") (deaths "16")
L 07/12/2019 - 12:50:20: "Smolder<25><VALVE_ID_LAN><TERRORIST>" triggered "weaponstats2" (weapon "glock18") (head "22") (chest "4") (stomach "2") (leftarm "21") (rightarm "19") (leftleg "1") (rightleg "1")
L 07/12/2019 - 12:50:20: "Smolder<25><VALVE_ID_LAN><TERRORIST>" triggered "weaponstats" (weapon "knife") (shots "15") (hits "9") (kills "7") (headshots "3") (tks "0") (damage "1235") (deaths "5")
L 07/12/2019 - 12:50:20: "Smolder<25><VALVE_ID_LAN><TERRORIST>" triggered "weaponstats2" (weapon "knife") (head "4") (chest "1") (stomach "0") (leftarm "0") (rightarm "4") (leftleg "0") (rightleg "0")
L 07/12/2019 - 12:50:20: "Smolder<25><VALVE_ID_LAN><TERRORIST>" triggered "time" (time "10:02")
L 07/12/2019 - 12:50:20: "Smolder<25><VALVE_ID_LAN><TERRORIST>" triggered "latency" (ping "12")
L 07/12/2019 - 12:50:20: "Ice_Man<26><VALVE_ID_LAN><TERRORIST>" triggered "weaponstats" (weapon "glock18") (shots "215") (hits "75") (kills "20") (headshots "15") (tks "0") (damage "2754") (deaths "22")
L 07/12/2019 - 12:50:20: "Ice_Man<26><VALVE_ID_LAN><TERRORIST>" triggered "weaponstats2" (weapon "glock18") (head "19") (chest "11") (stomach "3") (leftarm "16") (rightarm "26") (leftleg "0") (rightleg "0")
L 07/12/2019 - 12:50:20: "Ice_Man<26><VALVE_ID_LAN><TERRORIST>" triggered "weaponstats" (weapon "knife") (shots "1") (hits "0") (kills "0") (headshots "0") (tks "0") (damage "0") (deaths "0")
L 07/12/2019 - 12:50:20: "Ice_Man<26><VALVE_ID_LAN><TERRORIST>" triggered "weaponstats2" (weapon "knife") (head "0") (chest "0") (stomach "0") (leftarm "0") (rightarm "0") (leftleg "0") (rightleg "0")
L 07/12/2019 - 12:50:20: "Ice_Man<26><VALVE_ID_LAN><TERRORIST>" triggered "time" (time "10:01")
L 07/12/2019 - 12:50:20: "Ice_Man<26><VALVE_ID_LAN><TERRORIST>" triggered "latency" (ping "12")
L 07/12/2019 - 12:50:20: "INDIO<27><VALVE_ID_LAN><CT>" triggered "weaponstats" (weapon "glock18") (shots "314") (hits "111") (kills "19") (headshots "8") (tks "0") (damage "2471") (deaths "14")
L 07/12/2019 - 12:50:20: "INDIO<27><VALVE_ID_LAN><CT>" triggered "weaponstats2" (weapon "glock18") (head "11") (chest "21") (stomach "7") (leftarm "32") (rightarm "31") (leftleg "4") (rightleg "5")
L 07/12/2019 - 12:50:20: "INDIO<27><VALVE_ID_LAN><CT>" triggered "weaponstats" (weapon "knife") (shots "7") (hits "2") (kills "1") (headshots "0") (tks "0") (damage "130") (deaths "4")
L 07/12/2019 - 12:50:20: "INDIO<27><VALVE_ID_LAN><CT>" triggered "weaponstats2" (weapon "knife") (head "1") (chest "0") (stomach "0") (leftarm "0") (rightarm "0") (leftleg "0") (rightleg "1")
L 07/12/2019 - 12:50:20: "INDIO<27><VALVE_ID_LAN><CT>" triggered "time" (time "10:02")
L 07/12/2019 - 12:50:20: "INDIO<27><VALVE_ID_LAN><CT>" triggered "latency" (ping "8")
L 07/12/2019 - 12:50:20: "Mustafa:)2.0<28><VALVE_ID_LAN><TERRORIST>" triggered "weaponstats" (weapon "glock18") (shots "431") (hits "150") (kills "20") (headshots "4") (tks "1") (damage "2813") (deaths "17")
L 07/12/2019 - 12:50:20: "Mustafa:)2.0<28><VALVE_ID_LAN><TERRORIST>" triggered "weaponstats2" (weapon "glock18") (head "11") (chest "32") (stomach "18") (leftarm "44") (rightarm "32") (leftleg "3") (rightleg "10")
L 07/12/2019 - 12:50:20: "Mustafa:)2.0<28><VALVE_ID_LAN><TERRORIST>" triggered "time" (time "10:01")
L 07/12/2019 - 12:50:20: "Mustafa:)2.0<28><VALVE_ID_LAN><TERRORIST>" triggered "latency" (ping "12")
L 07/12/2019 - 12:50:20: [META] ini: Begin re-reading plugins list: c:/valve/cstrike/addons/metamod/plugins.ini
L 07/12/2019 - 12:50:20: [META] ini: Read plugin config for: AMX
L 07/12/2019 - 12:50:20: [META] ini: Read plugin config for: WinHL-Booster
L 07/12/2019 - 12:50:20: [META] ERROR: ini: Skipping plugin, couldn't stat file 'addons/hlguard/dlls/hlguard_mm_nightly.dll': No such file or directory
L 07/12/2019 - 12:50:20: [META] ini: Read plugin config for: WebMod
L 07/12/2019 - 12:50:20: [META] ini: Finished reading plugins list: c:/valve/cstrike/addons/metamod/plugins.ini; Found 3 plugins
L 07/12/2019 - 12:50:20: [META] dll: Updating plugins...
L 07/12/2019 - 12:50:20: [META] ERROR: dll: Failed query plugin '<hlguard_mm_nightly.dll>'; Couldn't open file 'addons/hlguard/dlls/hlguard_mm_nightly.dll': Não foi possível encontrar o módulo especificado.

L 07/12/2019 - 12:50:20: [META] ERROR: dll: Skipping plugin '<hlguard_mm_nightly.dll>'; couldn't query
L 07/12/2019 - 12:50:20: [META] dll: Finished updating 6 plugins; kept 3, loaded 0, unloaded 0, reloaded 0, delayed 0
L 07/12/2019 - 12:50:20: Server shutdown
L 07/12/2019 - 12:50:20: Log file closed
