L 07/25/2018 - 12:51:28: Log file started (file "logs\L0725005.log") (game "cstrike") (version "47/1.1.2.2/2603")
L 07/25/2018 - 12:51:29: "Calango<22><VALVE_ID_LAN><>" entered the game
L 07/25/2018 - 12:51:29: "Cable<23><VALVE_ID_LAN><>" entered the game
L 07/25/2018 - 12:51:29: "GARGAMEL O ESTRIPADOR<24><VALVE_ID_LAN><>" entered the game
L 07/25/2018 - 12:51:29: "Smolder<25><VALVE_ID_LAN><>" entered the game
L 07/25/2018 - 12:51:30: "GARGAMEL O ESTRIPADOR<24><VALVE_ID_LAN><>" joined team "TERRORIST"
L 07/25/2018 - 12:51:30: World triggered "Game_Commencing"
L 07/25/2018 - 12:51:30: World triggered "Game_Commencing" (CT "0") (T "0")
L 07/25/2018 - 12:51:30: World triggered "Round_End"
L 07/25/2018 - 12:51:31: "Calango<22><VALVE_ID_LAN><>" joined team "CT"
L 07/25/2018 - 12:51:32: "Cable<23><VALVE_ID_LAN><>" joined team "TERRORIST"
L 07/25/2018 - 12:51:32: "Smolder<25><VALVE_ID_LAN><>" joined team "TERRORIST"
L 07/25/2018 - 12:51:33: World triggered "Round_Start"
L 07/25/2018 - 12:51:48: "Smolder<25><VALVE_ID_LAN><TERRORIST>" say "faca na lagartixa"
L 07/25/2018 - 12:51:52: "GARGAMEL O ESTRIPADOR<24><VALVE_ID_LAN><TERRORIST>" killed "Calango<22><VALVE_ID_LAN><CT>" with "deagle"
L 07/25/2018 - 12:51:55: "Calango<22><VALVE_ID_LAN><CT>" say "sai da[i" (dead)
L 07/25/2018 - 12:51:57: "Inspetor Buginganga<26><VALVE_ID_LAN><>" connected, address "10.15.2.117:27005"
L 07/25/2018 - 12:52:00: "Inspetor Buginganga<26><VALVE_ID_LAN><>" entered the game
L 07/25/2018 - 12:52:00: "Cap Billy<21><VALVE_ID_LOOPBACK><CT>" killed "Cable<23><VALVE_ID_LAN><TERRORIST>" with "deagle"
L 07/25/2018 - 12:52:04: "Calango<22><VALVE_ID_LAN><CT>" say "n'ao levo mais uma facada" (dead)
L 07/25/2018 - 12:52:07: "Cap Billy<21><VALVE_ID_LOOPBACK><CT>" killed "GARGAMEL O ESTRIPADOR<24><VALVE_ID_LAN><TERRORIST>" with "deagle"
L 07/25/2018 - 12:52:09: "Cable<23><VALVE_ID_LAN><TERRORIST>" say "quero ver" (dead)
L 07/25/2018 - 12:52:16: "Inspetor Buginganga<26><VALVE_ID_LAN><>" joined team "CT"
L 07/25/2018 - 12:52:21: "Cap Billy<21><VALVE_ID_LOOPBACK><CT>" killed "Smolder<25><VALVE_ID_LAN><TERRORIST>" with "deagle"
L 07/25/2018 - 12:52:21: Team "CT" triggered "CTs_Win" (CT "1") (T "0")
L 07/25/2018 - 12:52:21: World triggered "Round_End"
L 07/25/2018 - 12:52:27: World triggered "Round_Start"
L 07/25/2018 - 12:52:37: "Calango<22><VALVE_ID_LAN><CT>" killed "Cable<23><VALVE_ID_LAN><TERRORIST>" with "deagle"
L 07/25/2018 - 12:52:48: "Cap Billy<21><VALVE_ID_LOOPBACK><CT>" killed "GARGAMEL O ESTRIPADOR<24><VALVE_ID_LAN><TERRORIST>" with "knife"
L 07/25/2018 - 12:52:49: "Smolder<25><VALVE_ID_LAN><TERRORIST>" killed "Cap Billy<21><VALVE_ID_LOOPBACK><CT>" with "knife"
L 07/25/2018 - 12:52:51: "Smolder<25><VALVE_ID_LAN><TERRORIST>" killed "Calango<22><VALVE_ID_LAN><CT>" with "knife"
L 07/25/2018 - 12:52:55: "Cable<23><VALVE_ID_LAN><TERRORIST>" say "kkk" (dead)
L 07/25/2018 - 12:52:58: "Cap Billy<21><VALVE_ID_LOOPBACK><CT>" say_team "mas homi" (dead)
L 07/25/2018 - 12:53:03: "Calango<22><VALVE_ID_LAN><CT>" say "to nervodo" (dead)
L 07/25/2018 - 12:53:06: "Cap Billy<21><VALVE_ID_LOOPBACK><CT>" say_team " me segue" (dead)
L 07/25/2018 - 12:53:13: "Calango<22><VALVE_ID_LAN><CT>" say_team "ok" (dead)
L 07/25/2018 - 12:53:15: "Inspetor Buginganga<26><VALVE_ID_LAN><CT>" killed "Smolder<25><VALVE_ID_LAN><TERRORIST>" with "deagle"
L 07/25/2018 - 12:53:15: Team "CT" triggered "CTs_Win" (CT "2") (T "0")
L 07/25/2018 - 12:53:15: World triggered "Round_End"
L 07/25/2018 - 12:53:16: "Cap Billy<21><VALVE_ID_LOOPBACK><CT>" say_team "tu vem com a faca na mao" (dead)
L 07/25/2018 - 12:53:20: World triggered "Round_Start"
L 07/25/2018 - 12:53:22: "Cap Billy<21><VALVE_ID_LOOPBACK><CT>" say_team "eu vou amolecer e tu da"
L 07/25/2018 - 12:53:30: "Calango<22><VALVE_ID_LAN><CT>" killed "Cable<23><VALVE_ID_LAN><TERRORIST>" with "knife"
L 07/25/2018 - 12:53:37: "Smolder<25><VALVE_ID_LAN><TERRORIST>" killed "Cap Billy<21><VALVE_ID_LOOPBACK><CT>" with "deagle"
L 07/25/2018 - 12:53:39: "Inspetor Buginganga<26><VALVE_ID_LAN><CT>" killed "GARGAMEL O ESTRIPADOR<24><VALVE_ID_LAN><TERRORIST>" with "deagle"
L 07/25/2018 - 12:53:40: "Calango<22><VALVE_ID_LAN><CT>" killed "Smolder<25><VALVE_ID_LAN><TERRORIST>" with "deagle"
L 07/25/2018 - 12:53:40: Team "CT" triggered "CTs_Win" (CT "3") (T "0")
L 07/25/2018 - 12:53:40: World triggered "Round_End"
L 07/25/2018 - 12:53:45: World triggered "Round_Start"
L 07/25/2018 - 12:53:46: "Cap Billy<21><VALVE_ID_LOOPBACK><CT>" say_team "OLHA AI"
L 07/25/2018 - 12:53:57: "Cap Billy<21><VALVE_ID_LOOPBACK><CT>" killed "Smolder<25><VALVE_ID_LAN><TERRORIST>" with "knife"
L 07/25/2018 - 12:53:58: "GARGAMEL O ESTRIPADOR<24><VALVE_ID_LAN><TERRORIST>" killed "Inspetor Buginganga<26><VALVE_ID_LAN><CT>" with "knife"
L 07/25/2018 - 12:53:59: "Calango<22><VALVE_ID_LAN><CT>" killed "GARGAMEL O ESTRIPADOR<24><VALVE_ID_LAN><TERRORIST>" with "knife"
L 07/25/2018 - 12:54:02: "Cable<23><VALVE_ID_LAN><TERRORIST>" killed "Calango<22><VALVE_ID_LAN><CT>" with "knife"
L 07/25/2018 - 12:54:03: "Cap Billy<21><VALVE_ID_LOOPBACK><CT>" killed "Cable<23><VALVE_ID_LAN><TERRORIST>" with "deagle"
L 07/25/2018 - 12:54:03: Team "CT" triggered "CTs_Win" (CT "4") (T "0")
L 07/25/2018 - 12:54:03: World triggered "Round_End"
L 07/25/2018 - 12:54:07: "Cable<23><VALVE_ID_LAN><TERRORIST>" say "pegui" (dead)
L 07/25/2018 - 12:54:08: World triggered "Round_Start"
L 07/25/2018 - 12:54:22: "Inspetor Buginganga<26><VALVE_ID_LAN><CT>" killed "Smolder<25><VALVE_ID_LAN><TERRORIST>" with "deagle"
L 07/25/2018 - 12:54:25: "GARGAMEL O ESTRIPADOR<24><VALVE_ID_LAN><TERRORIST>" killed "Calango<22><VALVE_ID_LAN><CT>" with "knife"
L 07/25/2018 - 12:54:30: "Cap Billy<21><VALVE_ID_LOOPBACK><CT>" killed "Cable<23><VALVE_ID_LAN><TERRORIST>" with "knife"
L 07/25/2018 - 12:54:34: "Smolder<25><VALVE_ID_LAN><TERRORIST>" say "eita na lagartixa" (dead)
L 07/25/2018 - 12:54:37: "Cap Billy<21><VALVE_ID_LOOPBACK><CT>" killed "GARGAMEL O ESTRIPADOR<24><VALVE_ID_LAN><TERRORIST>" with "deagle"
L 07/25/2018 - 12:54:37: Team "CT" triggered "CTs_Win" (CT "5") (T "0")
L 07/25/2018 - 12:54:37: World triggered "Round_End"
L 07/25/2018 - 12:54:42: "Calango<22><VALVE_ID_LAN><CT>" say "saporra" (dead)
L 07/25/2018 - 12:54:42: World triggered "Round_Start"
L 07/25/2018 - 12:54:49: "Calango<22><VALVE_ID_LAN><CT>" killed "Smolder<25><VALVE_ID_LAN><TERRORIST>" with "deagle"
L 07/25/2018 - 12:54:55: "Calango<22><VALVE_ID_LAN><CT>" killed "Cable<23><VALVE_ID_LAN><TERRORIST>" with "deagle"
L 07/25/2018 - 12:55:04: "GARGAMEL O ESTRIPADOR<24><VALVE_ID_LAN><TERRORIST>" killed "Cap Billy<21><VALVE_ID_LOOPBACK><CT>" with "deagle"
L 07/25/2018 - 12:55:15: "Calango<22><VALVE_ID_LAN><CT>" killed "GARGAMEL O ESTRIPADOR<24><VALVE_ID_LAN><TERRORIST>" with "deagle"
L 07/25/2018 - 12:55:15: Team "CT" triggered "CTs_Win" (CT "6") (T "0")
L 07/25/2018 - 12:55:15: World triggered "Round_End"
L 07/25/2018 - 12:55:20: World triggered "Round_Start"
L 07/25/2018 - 12:55:43: "Calango<22><VALVE_ID_LAN><CT>" killed "Smolder<25><VALVE_ID_LAN><TERRORIST>" with "deagle"
L 07/25/2018 - 12:55:45: "Cable<23><VALVE_ID_LAN><TERRORIST>" killed "Inspetor Buginganga<26><VALVE_ID_LAN><CT>" with "deagle"
L 07/25/2018 - 12:55:53: "Cap Billy<21><VALVE_ID_LOOPBACK><CT>" killed "Cable<23><VALVE_ID_LAN><TERRORIST>" with "knife"
L 07/25/2018 - 12:55:56: "GARGAMEL O ESTRIPADOR<24><VALVE_ID_LAN><TERRORIST>" killed "Calango<22><VALVE_ID_LAN><CT>" with "deagle"
L 07/25/2018 - 12:56:01: "Smolder<25><VALVE_ID_LAN><TERRORIST>" say "o cabo com 1 de life" (dead)
L 07/25/2018 - 12:56:01: "Cap Billy<21><VALVE_ID_LOOPBACK><CT>" killed "GARGAMEL O ESTRIPADOR<24><VALVE_ID_LAN><TERRORIST>" with "knife"
L 07/25/2018 - 12:56:01: Team "CT" triggered "CTs_Win" (CT "7") (T "0")
L 07/25/2018 - 12:56:01: World triggered "Round_End"
L 07/25/2018 - 12:56:03: "Calango<22><VALVE_ID_LAN><CT>" say "kkkkkk" (dead)
L 07/25/2018 - 12:56:06: World triggered "Round_Start"
L 07/25/2018 - 12:56:07: "Cap Billy<21><VALVE_ID_LOOPBACK><CT>" say "HAHAHAHHAHAHAHHA"
L 07/25/2018 - 12:56:24: "Cap Billy<21><VALVE_ID_LOOPBACK><CT>" killed "Smolder<25><VALVE_ID_LAN><TERRORIST>" with "knife"
L 07/25/2018 - 12:56:26: "Cap Billy<21><VALVE_ID_LOOPBACK><CT>" killed "GARGAMEL O ESTRIPADOR<24><VALVE_ID_LAN><TERRORIST>" with "knife"
L 07/25/2018 - 12:56:28: "Cable<23><VALVE_ID_LAN><TERRORIST>" killed "Calango<22><VALVE_ID_LAN><CT>" with "knife"
L 07/25/2018 - 12:56:31: "Cable<23><VALVE_ID_LAN><TERRORIST>" killed "Cap Billy<21><VALVE_ID_LOOPBACK><CT>" with "knife"
L 07/25/2018 - 12:56:45: "Cap Billy<21><VALVE_ID_LOOPBACK><CT>" say_team "HEHEHEHHEHEHEHHEHEHH" (dead)
L 07/25/2018 - 12:56:47: "Inspetor Buginganga<26><VALVE_ID_LAN><CT>" killed "Cable<23><VALVE_ID_LAN><TERRORIST>" with "deagle"
L 07/25/2018 - 12:56:47: Team "CT" triggered "CTs_Win" (CT "8") (T "0")
L 07/25/2018 - 12:56:47: World triggered "Round_End"
L 07/25/2018 - 12:56:50: "Calango<22><VALVE_ID_LAN><CT>" say "uahauhaua" (dead)
L 07/25/2018 - 12:56:52: World triggered "Round_Start"
L 07/25/2018 - 12:56:52: "Cap Billy<21><VALVE_ID_LOOPBACK><CT>" say "ARAPUCA DA ARAPUCA"
L 07/25/2018 - 12:56:56: "Cap Billy<21><VALVE_ID_LOOPBACK><CT>" killed "Smolder<25><VALVE_ID_LAN><TERRORIST>" with "deagle"
L 07/25/2018 - 12:57:02: "Cap Billy<21><VALVE_ID_LOOPBACK><CT>" killed "Cable<23><VALVE_ID_LAN><TERRORIST>" with "knife"
L 07/25/2018 - 12:57:05: "Inspetor Buginganga<26><VALVE_ID_LAN><CT>" killed "GARGAMEL O ESTRIPADOR<24><VALVE_ID_LAN><TERRORIST>" with "deagle"
L 07/25/2018 - 12:57:05: Team "CT" triggered "CTs_Win" (CT "9") (T "0")
L 07/25/2018 - 12:57:05: World triggered "Round_End"
L 07/25/2018 - 12:57:10: World triggered "Round_Start"
L 07/25/2018 - 12:57:21: "Smolder<25><VALVE_ID_LAN><TERRORIST>" killed "Cap Billy<21><VALVE_ID_LOOPBACK><CT>" with "deagle"
L 07/25/2018 - 12:57:22: "Calango<22><VALVE_ID_LAN><CT>" killed "Smolder<25><VALVE_ID_LAN><TERRORIST>" with "deagle"
L 07/25/2018 - 12:57:33: "Cable<23><VALVE_ID_LAN><TERRORIST>" killed "Inspetor Buginganga<26><VALVE_ID_LAN><CT>" with "knife"
L 07/25/2018 - 12:57:35: "Cable<23><VALVE_ID_LAN><TERRORIST>" killed "Calango<22><VALVE_ID_LAN><CT>" with "knife"
L 07/25/2018 - 12:57:35: Team "TERRORIST" triggered "Terrorists_Win" (CT "9") (T "1")
L 07/25/2018 - 12:57:35: World triggered "Round_End"
L 07/25/2018 - 12:57:36: "Smolder<25><VALVE_ID_LAN><TERRORIST>" say "cacou" (dead)
L 07/25/2018 - 12:57:40: World triggered "Round_Start"
L 07/25/2018 - 12:57:48: "Calango<22><VALVE_ID_LAN><CT>" killed "Smolder<25><VALVE_ID_LAN><TERRORIST>" with "deagle"
L 07/25/2018 - 12:57:59: "Calango<22><VALVE_ID_LAN><CT>" killed "Cable<23><VALVE_ID_LAN><TERRORIST>" with "knife"
L 07/25/2018 - 12:58:13: "Smolder<25><VALVE_ID_LAN><TERRORIST>" say "faca" (dead)
L 07/25/2018 - 12:58:18: "Cable<23><VALVE_ID_LAN><TERRORIST>" say "timeleft" (dead)
L 07/25/2018 - 12:58:18: "GARGAMEL O ESTRIPADOR<24><VALVE_ID_LAN><TERRORIST>" killed "Cap Billy<21><VALVE_ID_LOOPBACK><CT>" with "deagle"
L 07/25/2018 - 12:58:38: "GARGAMEL O ESTRIPADOR<24><VALVE_ID_LAN><TERRORIST>" killed "Calango<22><VALVE_ID_LAN><CT>" with "deagle"
L 07/25/2018 - 12:58:47: "Inspetor Buginganga<26><VALVE_ID_LAN><CT>" killed "GARGAMEL O ESTRIPADOR<24><VALVE_ID_LAN><TERRORIST>" with "deagle"
L 07/25/2018 - 12:58:47: Team "CT" triggered "CTs_Win" (CT "10") (T "1")
L 07/25/2018 - 12:58:47: World triggered "Round_End"
L 07/25/2018 - 12:58:49: "Calango<22><VALVE_ID_LAN><CT>" say "oia" (dead)
L 07/25/2018 - 12:58:51: "Calango<22><VALVE_ID_LAN><CT>" say "timeleft" (dead)
L 07/25/2018 - 12:58:52: World triggered "Round_Start"
L 07/25/2018 - 12:59:01: "Cap Billy<21><VALVE_ID_LOOPBACK><CT>" say_team "SOH FACA"
L 07/25/2018 - 12:59:27: "Smolder<25><VALVE_ID_LAN><TERRORIST>" killed "Cap Billy<21><VALVE_ID_LOOPBACK><CT>" with "knife"
L 07/25/2018 - 12:59:40: "Smolder<25><VALVE_ID_LAN><TERRORIST>" killed "Calango<22><VALVE_ID_LAN><CT>" with "knife"
L 07/25/2018 - 12:59:40: Server cvar "amx_nextmap" = "aim_ak-colt_pool"
L 07/25/2018 - 12:59:59: "Smolder<25><VALVE_ID_LAN><TERRORIST>" killed "Inspetor Buginganga<26><VALVE_ID_LAN><CT>" with "knife"
L 07/25/2018 - 12:59:59: Team "TERRORIST" triggered "Terrorists_Win" (CT "10") (T "2")
L 07/25/2018 - 12:59:59: World triggered "Round_End"
L 07/25/2018 - 13:00:04: World triggered "Round_Start"
L 07/25/2018 - 13:00:05: "Cable<23><VALVE_ID_LAN><TERRORIST>" say "corrrida do caralho"
L 07/25/2018 - 13:00:05: "GARGAMEL O ESTRIPADOR<24><VALVE_ID_LAN><TERRORIST>" say "medroso"
L 07/25/2018 - 13:00:17: "Calango<22><VALVE_ID_LAN><CT>" killed "GARGAMEL O ESTRIPADOR<24><VALVE_ID_LAN><TERRORIST>" with "knife"
L 07/25/2018 - 13:00:18: "Cap Billy<21><VALVE_ID_LOOPBACK><CT>" killed "Smolder<25><VALVE_ID_LAN><TERRORIST>" with "knife"
L 07/25/2018 - 13:00:20: "Cap Billy<21><VALVE_ID_LOOPBACK><CT>" killed "Cable<23><VALVE_ID_LAN><TERRORIST>" with "knife"
L 07/25/2018 - 13:00:20: Team "CT" triggered "CTs_Win" (CT "11") (T "2")
L 07/25/2018 - 13:00:20: World triggered "Round_End"
L 07/25/2018 - 13:00:25: World triggered "Round_Start"
L 07/25/2018 - 13:00:40: "GARGAMEL O ESTRIPADOR<24><VALVE_ID_LAN><TERRORIST>" killed "Cable<23><VALVE_ID_LAN><TERRORIST>" with "knife"
L 07/25/2018 - 13:00:40: "Smolder<25><VALVE_ID_LAN><TERRORIST>" killed "Cap Billy<21><VALVE_ID_LOOPBACK><CT>" with "knife"
L 07/25/2018 - 13:00:44: "Smolder<25><VALVE_ID_LAN><TERRORIST>" killed "Calango<22><VALVE_ID_LAN><CT>" with "knife"
L 07/25/2018 - 13:00:52: "Inspetor Buginganga<26><VALVE_ID_LAN><CT>" killed "Smolder<25><VALVE_ID_LAN><TERRORIST>" with "knife"
L 07/25/2018 - 13:00:53: "GARGAMEL O ESTRIPADOR<24><VALVE_ID_LAN><TERRORIST>" killed "Inspetor Buginganga<26><VALVE_ID_LAN><CT>" with "knife"
L 07/25/2018 - 13:00:53: Team "TERRORIST" triggered "Terrorists_Win" (CT "11") (T "3")
L 07/25/2018 - 13:00:53: World triggered "Round_End"
L 07/25/2018 - 13:00:55: "Calango<22><VALVE_ID_LAN><CT>" say "eguii" (dead)
L 07/25/2018 - 13:00:58: "Calango<22><VALVE_ID_LAN><CT>" say "timeleft" (dead)
L 07/25/2018 - 13:00:58: "Cap Billy<21><VALVE_ID_LOOPBACK><CT>" say_team "ESSE HOMI TEM QUE VIR COLADO COMIGOs" (dead)
L 07/25/2018 - 13:00:58: World triggered "Round_Start"
L 07/25/2018 - 13:00:59: "GARGAMEL O ESTRIPADOR<24><VALVE_ID_LAN><TERRORIST>" committed suicide with "world"
L 07/25/2018 - 13:01:08: "Inspetor Buginganga<26><VALVE_ID_LAN><CT>" killed "Cable<23><VALVE_ID_LAN><TERRORIST>" with "knife"
L 07/25/2018 - 13:01:25: "Cap Billy<21><VALVE_ID_LOOPBACK><CT>" killed "Smolder<25><VALVE_ID_LAN><TERRORIST>" with "knife"
L 07/25/2018 - 13:01:25: Team "CT" triggered "CTs_Win" (CT "12") (T "3")
L 07/25/2018 - 13:01:25: World triggered "Round_End"
L 07/25/2018 - 13:01:30: World triggered "Round_Start"
L 07/25/2018 - 13:01:33: Team "CT" scored "12" with "3" players
L 07/25/2018 - 13:01:33: Team "TERRORIST" scored "3" with "3" players
L 07/25/2018 - 13:01:34: "Cap Billy<21><VALVE_ID_LOOPBACK><CT>" triggered "weaponstats" (weapon "deagle") (shots "84") (hits "23") (kills "6") (headshots "3") (tks "0") (damage "1051") (deaths "2")
L 07/25/2018 - 13:01:34: "Cap Billy<21><VALVE_ID_LOOPBACK><CT>" triggered "weaponstats2" (weapon "deagle") (head "4") (chest "2") (stomach "0") (leftarm "8") (rightarm "5") (leftleg "3") (rightleg "1")
L 07/25/2018 - 13:01:34: "Cap Billy<21><VALVE_ID_LOOPBACK><CT>" triggered "weaponstats" (weapon "knife") (shots "38") (hits "18") (kills "11") (headshots "5") (tks "0") (damage "1547") (deaths "6")
L 07/25/2018 - 13:01:34: "Cap Billy<21><VALVE_ID_LOOPBACK><CT>" triggered "weaponstats2" (weapon "knife") (head "7") (chest "5") (stomach "0") (leftarm "3") (rightarm "3") (leftleg "0") (rightleg "0")
L 07/25/2018 - 13:01:34: "Cap Billy<21><VALVE_ID_LOOPBACK><CT>" triggered "time" (time "10:09")
L 07/25/2018 - 13:01:34: "Cap Billy<21><VALVE_ID_LOOPBACK><CT>" triggered "latency" (ping "0")
L 07/25/2018 - 13:01:34: "Calango<22><VALVE_ID_LAN><CT>" triggered "weaponstats" (weapon "deagle") (shots "70") (hits "23") (kills "8") (headshots "1") (tks "0") (damage "897") (deaths "3")
L 07/25/2018 - 13:01:34: "Calango<22><VALVE_ID_LAN><CT>" triggered "weaponstats2" (weapon "deagle") (head "2") (chest "6") (stomach "2") (leftarm "10") (rightarm "1") (leftleg "0") (rightleg "2")
L 07/25/2018 - 13:01:34: "Calango<22><VALVE_ID_LAN><CT>" triggered "weaponstats" (weapon "knife") (shots "28") (hits "16") (kills "4") (headshots "3") (tks "0") (damage "1003") (deaths "7")
L 07/25/2018 - 13:01:34: "Calango<22><VALVE_ID_LAN><CT>" triggered "weaponstats2" (weapon "knife") (head "5") (chest "3") (stomach "1") (leftarm "3") (rightarm "2") (leftleg "2") (rightleg "0")
L 07/25/2018 - 13:01:34: "Calango<22><VALVE_ID_LAN><CT>" triggered "time" (time "10:05")
L 07/25/2018 - 13:01:34: "Calango<22><VALVE_ID_LAN><CT>" triggered "latency" (ping "3")
L 07/25/2018 - 13:01:34: "Cable<23><VALVE_ID_LAN><TERRORIST>" triggered "weaponstats" (weapon "deagle") (shots "32") (hits "6") (kills "1") (headshots "0") (tks "0") (damage "176") (deaths "1")
L 07/25/2018 - 13:01:34: "Cable<23><VALVE_ID_LAN><TERRORIST>" triggered "weaponstats2" (weapon "deagle") (head "0") (chest "2") (stomach "0") (leftarm "2") (rightarm "0") (leftleg "1") (rightleg "1")
L 07/25/2018 - 13:01:34: "Cable<23><VALVE_ID_LAN><TERRORIST>" triggered "weaponstats" (weapon "knife") (shots "22") (hits "16") (kills "5") (headshots "3") (tks "0") (damage "1120") (deaths "12")
L 07/25/2018 - 13:01:34: "Cable<23><VALVE_ID_LAN><TERRORIST>" triggered "weaponstats2" (weapon "knife") (head "7") (chest "2") (stomach "0") (leftarm "2") (rightarm "5") (leftleg "0") (rightleg "0")
L 07/25/2018 - 13:01:34: "Cable<23><VALVE_ID_LAN><TERRORIST>" triggered "time" (time "10:05")
L 07/25/2018 - 13:01:34: "Cable<23><VALVE_ID_LAN><TERRORIST>" triggered "latency" (ping "11")
L 07/25/2018 - 13:01:34: "GARGAMEL O ESTRIPADOR<24><VALVE_ID_LAN><TERRORIST>" triggered "weaponstats" (weapon "deagle") (shots "97") (hits "23") (kills "5") (headshots "0") (tks "0") (damage "763") (deaths "4")
L 07/25/2018 - 13:01:34: "GARGAMEL O ESTRIPADOR<24><VALVE_ID_LAN><TERRORIST>" triggered "weaponstats2" (weapon "deagle") (head "1") (chest "1") (stomach "4") (leftarm "3") (rightarm "2") (leftleg "6") (rightleg "6")
L 07/25/2018 - 13:01:34: "GARGAMEL O ESTRIPADOR<24><VALVE_ID_LAN><TERRORIST>" triggered "weaponstats" (weapon "knife") (shots "26") (hits "13") (kills "4") (headshots "0") (tks "1") (damage "718") (deaths "8")
L 07/25/2018 - 13:01:34: "GARGAMEL O ESTRIPADOR<24><VALVE_ID_LAN><TERRORIST>" triggered "weaponstats2" (weapon "knife") (head "1") (chest "1") (stomach "1") (leftarm "5") (rightarm "4") (leftleg "0") (rightleg "1")
L 07/25/2018 - 13:01:34: "GARGAMEL O ESTRIPADOR<24><VALVE_ID_LAN><TERRORIST>" triggered "time" (time "10:05")
L 07/25/2018 - 13:01:34: "GARGAMEL O ESTRIPADOR<24><VALVE_ID_LAN><TERRORIST>" triggered "latency" (ping "7")
L 07/25/2018 - 13:01:34: "Smolder<25><VALVE_ID_LAN><TERRORIST>" triggered "weaponstats" (weapon "deagle") (shots "49") (hits "10") (kills "2") (headshots "1") (tks "0") (damage "459") (deaths "9")
L 07/25/2018 - 13:01:34: "Smolder<25><VALVE_ID_LAN><TERRORIST>" triggered "weaponstats2" (weapon "deagle") (head "2") (chest "2") (stomach "1") (leftarm "1") (rightarm "3") (leftleg "1") (rightleg "0")
L 07/25/2018 - 13:01:34: "Smolder<25><VALVE_ID_LAN><TERRORIST>" triggered "weaponstats" (weapon "knife") (shots "46") (hits "10") (kills "7") (headshots "3") (tks "0") (damage "1010") (deaths "5")
L 07/25/2018 - 13:01:34: "Smolder<25><VALVE_ID_LAN><TERRORIST>" triggered "weaponstats2" (weapon "knife") (head "4") (chest "4") (stomach "0") (leftarm "2") (rightarm "0") (leftleg "0") (rightleg "0")
L 07/25/2018 - 13:01:34: "Smolder<25><VALVE_ID_LAN><TERRORIST>" triggered "time" (time "10:04")
L 07/25/2018 - 13:01:34: "Smolder<25><VALVE_ID_LAN><TERRORIST>" triggered "latency" (ping "12")
L 07/25/2018 - 13:01:34: "Inspetor Buginganga<26><VALVE_ID_LAN><CT>" triggered "weaponstats" (weapon "deagle") (shots "112") (hits "24") (kills "6") (headshots "1") (tks "0") (damage "896") (deaths "2")
L 07/25/2018 - 13:01:34: "Inspetor Buginganga<26><VALVE_ID_LAN><CT>" triggered "weaponstats2" (weapon "deagle") (head "3") (chest "6") (stomach "4") (leftarm "2") (rightarm "8") (leftleg "1") (rightleg "0")
L 07/25/2018 - 13:01:34: "Inspetor Buginganga<26><VALVE_ID_LAN><CT>" triggered "weaponstats" (weapon "knife") (shots "10") (hits "3") (kills "2") (headshots "1") (tks "0") (damage "295") (deaths "3")
L 07/25/2018 - 13:01:34: "Inspetor Buginganga<26><VALVE_ID_LAN><CT>" triggered "weaponstats2" (weapon "knife") (head "1") (chest "0") (stomach "0") (leftarm "2") (rightarm "0") (leftleg "0") (rightleg "0")
L 07/25/2018 - 13:01:34: "Inspetor Buginganga<26><VALVE_ID_LAN><CT>" triggered "time" (time "9:34")
L 07/25/2018 - 13:01:34: "Inspetor Buginganga<26><VALVE_ID_LAN><CT>" triggered "latency" (ping "8")
L 07/25/2018 - 13:01:34: [META] ini: Begin re-reading plugins list: c:/valve/cstrike/addons/metamod/plugins.ini
L 07/25/2018 - 13:01:34: [META] ini: Read plugin config for: AMX
L 07/25/2018 - 13:01:34: [META] ini: Read plugin config for: WinHL-Booster
L 07/25/2018 - 13:01:34: [META] ERROR: ini: Skipping plugin, couldn't stat file 'addons/hlguard/dlls/hlguard_mm_nightly.dll': No such file or directory
L 07/25/2018 - 13:01:34: [META] ini: Read plugin config for: WebMod
L 07/25/2018 - 13:01:34: [META] ini: Finished reading plugins list: c:/valve/cstrike/addons/metamod/plugins.ini; Found 3 plugins
L 07/25/2018 - 13:01:34: [META] dll: Updating plugins...
L 07/25/2018 - 13:01:34: [META] ERROR: dll: Failed query plugin '<hlguard_mm_nightly.dll>'; Couldn't open file 'addons/hlguard/dlls/hlguard_mm_nightly.dll': Não foi possível encontrar o módulo especificado.

L 07/25/2018 - 13:01:34: [META] ERROR: dll: Skipping plugin '<hlguard_mm_nightly.dll>'; couldn't query
L 07/25/2018 - 13:01:34: [META] dll: Finished updating 6 plugins; kept 3, loaded 0, unloaded 0, reloaded 0, delayed 0
L 07/25/2018 - 13:01:34: Server shutdown
L 07/25/2018 - 13:01:34: Log file closed
