L 07/30/2018 - 12:51:22: Log file started (file "logs\L0730004.log") (game "cstrike") (version "47/1.1.2.2/2603")
L 07/30/2018 - 12:51:22: "Cable<13><VALVE_ID_LAN><>" entered the game
L 07/30/2018 - 12:51:23: "GARGAMEL O MATA CT<14><VALVE_ID_LAN><>" entered the game
L 07/30/2018 - 12:51:23: "GARGAMEL O MATA CT<14><VALVE_ID_LAN><>" joined team "TERRORIST"
L 07/30/2018 - 12:51:24: World triggered "Game_Commencing"
L 07/30/2018 - 12:51:24: World triggered "Game_Commencing" (CT "0") (T "0")
L 07/30/2018 - 12:51:24: World triggered "Round_End"
L 07/30/2018 - 12:51:25: "Inspetor Buginganga<15><VALVE_ID_LAN><>" connected, address "10.15.2.117:27005"
L 07/30/2018 - 12:51:25: "Cable<13><VALVE_ID_LAN><>" joined team "TERRORIST"
L 07/30/2018 - 12:51:27: World triggered "Round_Start"
L 07/30/2018 - 12:51:27: "Inspetor Buginganga<15><VALVE_ID_LAN><>" entered the game
L 07/30/2018 - 12:51:32: "Inspetor Buginganga<15><VALVE_ID_LAN><>" joined team "CT"
L 07/30/2018 - 12:51:40: "Cable<13><VALVE_ID_LAN><TERRORIST>" killed "Inspetor Buginganga<15><VALVE_ID_LAN><CT>" with "knife"
L 07/30/2018 - 12:51:47: "Cable<13><VALVE_ID_LAN><TERRORIST>" killed "Cap Billy<12><VALVE_ID_LOOPBACK><CT>" with "deagle"
L 07/30/2018 - 12:51:47: Team "TERRORIST" triggered "Terrorists_Win" (CT "0") (T "1")
L 07/30/2018 - 12:51:47: World triggered "Round_End"
L 07/30/2018 - 12:51:52: World triggered "Round_Start"
L 07/30/2018 - 12:52:12: "GARGAMEL O MATA CT<14><VALVE_ID_LAN><TERRORIST>" killed "Inspetor Buginganga<15><VALVE_ID_LAN><CT>" with "deagle"
L 07/30/2018 - 12:52:14: "Cap Billy<12><VALVE_ID_LOOPBACK><CT>" killed "GARGAMEL O MATA CT<14><VALVE_ID_LAN><TERRORIST>" with "deagle"
L 07/30/2018 - 12:52:19: "Cap Billy<12><VALVE_ID_LOOPBACK><CT>" killed "Cable<13><VALVE_ID_LAN><TERRORIST>" with "deagle"
L 07/30/2018 - 12:52:19: Team "CT" triggered "CTs_Win" (CT "1") (T "1")
L 07/30/2018 - 12:52:19: World triggered "Round_End"
L 07/30/2018 - 12:52:24: World triggered "Round_Start"
L 07/30/2018 - 12:52:38: "GARGAMEL O MATA CT<14><VALVE_ID_LAN><TERRORIST>" killed "Inspetor Buginganga<15><VALVE_ID_LAN><CT>" with "deagle"
L 07/30/2018 - 12:52:47: "GARGAMEL O MATA CT<14><VALVE_ID_LAN><TERRORIST>" killed "Cap Billy<12><VALVE_ID_LOOPBACK><CT>" with "deagle"
L 07/30/2018 - 12:52:47: Team "TERRORIST" triggered "Terrorists_Win" (CT "1") (T "2")
L 07/30/2018 - 12:52:47: World triggered "Round_End"
L 07/30/2018 - 12:52:52: World triggered "Round_Start"
L 07/30/2018 - 12:52:57: "Cap Billy<12><VALVE_ID_LOOPBACK><CT>" killed "Cable<13><VALVE_ID_LAN><TERRORIST>" with "deagle"
L 07/30/2018 - 12:53:03: "GARGAMEL O MATA CT<14><VALVE_ID_LAN><TERRORIST>" killed "Cap Billy<12><VALVE_ID_LOOPBACK><CT>" with "knife"
L 07/30/2018 - 12:53:07: "Cable<13><VALVE_ID_LAN><TERRORIST>" say "uia" (dead)
L 07/30/2018 - 12:53:19: "Inspetor Buginganga<15><VALVE_ID_LAN><CT>" killed "GARGAMEL O MATA CT<14><VALVE_ID_LAN><TERRORIST>" with "deagle"
L 07/30/2018 - 12:53:19: Team "CT" triggered "CTs_Win" (CT "2") (T "2")
L 07/30/2018 - 12:53:19: World triggered "Round_End"
L 07/30/2018 - 12:53:24: World triggered "Round_Start"
L 07/30/2018 - 12:53:41: "Cable<13><VALVE_ID_LAN><TERRORIST>" killed "Inspetor Buginganga<15><VALVE_ID_LAN><CT>" with "knife"
L 07/30/2018 - 12:53:44: "Cap Billy<12><VALVE_ID_LOOPBACK><CT>" killed "Cable<13><VALVE_ID_LAN><TERRORIST>" with "knife"
L 07/30/2018 - 12:53:54: "Cap Billy<12><VALVE_ID_LOOPBACK><CT>" killed "GARGAMEL O MATA CT<14><VALVE_ID_LAN><TERRORIST>" with "deagle"
L 07/30/2018 - 12:53:54: Team "CT" triggered "CTs_Win" (CT "3") (T "2")
L 07/30/2018 - 12:53:54: World triggered "Round_End"
L 07/30/2018 - 12:53:59: World triggered "Round_Start"
L 07/30/2018 - 12:54:10: "Cap Billy<12><VALVE_ID_LOOPBACK><CT>" killed "GARGAMEL O MATA CT<14><VALVE_ID_LAN><TERRORIST>" with "deagle"
L 07/30/2018 - 12:54:24: "Inspetor Buginganga<15><VALVE_ID_LAN><CT>" killed "Cable<13><VALVE_ID_LAN><TERRORIST>" with "deagle"
L 07/30/2018 - 12:54:24: Team "CT" triggered "CTs_Win" (CT "4") (T "2")
L 07/30/2018 - 12:54:24: World triggered "Round_End"
L 07/30/2018 - 12:54:29: "GARGAMEL O MATA CT<14><VALVE_ID_LAN><TERRORIST>" say " mais home" (dead)
L 07/30/2018 - 12:54:29: World triggered "Round_Start"
L 07/30/2018 - 12:54:52: "GARGAMEL O MATA CT<14><VALVE_ID_LAN><TERRORIST>" killed "Cap Billy<12><VALVE_ID_LOOPBACK><CT>" with "knife"
L 07/30/2018 - 12:55:12: "Cable<13><VALVE_ID_LAN><TERRORIST>" killed "Inspetor Buginganga<15><VALVE_ID_LAN><CT>" with "deagle"
L 07/30/2018 - 12:55:12: Team "TERRORIST" triggered "Terrorists_Win" (CT "4") (T "3")
L 07/30/2018 - 12:55:12: World triggered "Round_End"
L 07/30/2018 - 12:55:17: World triggered "Round_Start"
L 07/30/2018 - 12:55:44: "Inspetor Buginganga<15><VALVE_ID_LAN><CT>" killed "GARGAMEL O MATA CT<14><VALVE_ID_LAN><TERRORIST>" with "deagle"
L 07/30/2018 - 12:55:45: "Cable<13><VALVE_ID_LAN><TERRORIST>" killed "Cap Billy<12><VALVE_ID_LOOPBACK><CT>" with "deagle"
L 07/30/2018 - 12:55:51: "Inspetor Buginganga<15><VALVE_ID_LAN><CT>" killed "Cable<13><VALVE_ID_LAN><TERRORIST>" with "deagle"
L 07/30/2018 - 12:55:51: Team "CT" triggered "CTs_Win" (CT "5") (T "3")
L 07/30/2018 - 12:55:51: World triggered "Round_End"
L 07/30/2018 - 12:55:56: World triggered "Round_Start"
L 07/30/2018 - 12:55:56: "Inspetor Buginganga<15><VALVE_ID_LAN><CT>" say "lkkkkk"
L 07/30/2018 - 12:55:56: "Cap Billy<12><VALVE_ID_LOOPBACK><CT>" say "HAHAHAHAH"
L 07/30/2018 - 12:56:08: "Cable<13><VALVE_ID_LAN><TERRORIST>" killed "Inspetor Buginganga<15><VALVE_ID_LAN><CT>" with "knife"
L 07/30/2018 - 12:56:10: "Cable<13><VALVE_ID_LAN><TERRORIST>" killed "Cap Billy<12><VALVE_ID_LOOPBACK><CT>" with "deagle"
L 07/30/2018 - 12:56:10: Team "TERRORIST" triggered "Terrorists_Win" (CT "5") (T "4")
L 07/30/2018 - 12:56:10: World triggered "Round_End"
L 07/30/2018 - 12:56:15: World triggered "Round_Start"
L 07/30/2018 - 12:56:29: "Cap Billy<12><VALVE_ID_LOOPBACK><CT>" killed "GARGAMEL O MATA CT<14><VALVE_ID_LAN><TERRORIST>" with "knife"
L 07/30/2018 - 12:56:32: "Cap Billy<12><VALVE_ID_LOOPBACK><CT>" killed "Cable<13><VALVE_ID_LAN><TERRORIST>" with "deagle"
L 07/30/2018 - 12:56:32: Team "CT" triggered "CTs_Win" (CT "6") (T "4")
L 07/30/2018 - 12:56:32: World triggered "Round_End"
L 07/30/2018 - 12:56:37: World triggered "Round_Start"
L 07/30/2018 - 12:56:49: "GARGAMEL O MATA CT<14><VALVE_ID_LAN><TERRORIST>" killed "Inspetor Buginganga<15><VALVE_ID_LAN><CT>" with "knife"
L 07/30/2018 - 12:56:56: "Cap Billy<12><VALVE_ID_LOOPBACK><CT>" killed "GARGAMEL O MATA CT<14><VALVE_ID_LAN><TERRORIST>" with "knife"
L 07/30/2018 - 12:57:10: "Cap Billy<12><VALVE_ID_LOOPBACK><CT>" killed "Cable<13><VALVE_ID_LAN><TERRORIST>" with "knife"
L 07/30/2018 - 12:57:10: Team "CT" triggered "CTs_Win" (CT "7") (T "4")
L 07/30/2018 - 12:57:10: World triggered "Round_End"
L 07/30/2018 - 12:57:15: World triggered "Round_Start"
L 07/30/2018 - 12:57:16: "Inspetor Buginganga<15><VALVE_ID_LAN><CT>" say "boaaaa"
L 07/30/2018 - 12:57:23: "Cap Billy<12><VALVE_ID_LOOPBACK><CT>" killed "GARGAMEL O MATA CT<14><VALVE_ID_LAN><TERRORIST>" with "knife"
L 07/30/2018 - 12:57:23: "Cable<13><VALVE_ID_LAN><TERRORIST>" say "mesma distancia..eu nao chegeui.. capitao chegou"
L 07/30/2018 - 12:57:26: "Cap Billy<12><VALVE_ID_LOOPBACK><CT>" killed "Cable<13><VALVE_ID_LAN><TERRORIST>" with "deagle"
L 07/30/2018 - 12:57:26: Team "CT" triggered "CTs_Win" (CT "8") (T "4")
L 07/30/2018 - 12:57:26: World triggered "Round_End"
L 07/30/2018 - 12:57:31: World triggered "Round_Start"
L 07/30/2018 - 12:57:55: "Cable<13><VALVE_ID_LAN><TERRORIST>" killed "Cap Billy<12><VALVE_ID_LOOPBACK><CT>" with "deagle"
L 07/30/2018 - 12:57:56: "Cable<13><VALVE_ID_LAN><TERRORIST>" killed "Inspetor Buginganga<15><VALVE_ID_LAN><CT>" with "deagle"
L 07/30/2018 - 12:57:56: Team "TERRORIST" triggered "Terrorists_Win" (CT "8") (T "5")
L 07/30/2018 - 12:57:56: World triggered "Round_End"
L 07/30/2018 - 12:58:01: World triggered "Round_Start"
L 07/30/2018 - 12:58:44: "Cable<13><VALVE_ID_LAN><TERRORIST>" killed "Inspetor Buginganga<15><VALVE_ID_LAN><CT>" with "deagle"
L 07/30/2018 - 12:58:44: "GARGAMEL O MATA CT<14><VALVE_ID_LAN><TERRORIST>" killed "Cap Billy<12><VALVE_ID_LOOPBACK><CT>" with "deagle"
L 07/30/2018 - 12:58:44: Team "TERRORIST" triggered "Terrorists_Win" (CT "8") (T "6")
L 07/30/2018 - 12:58:44: World triggered "Round_End"
L 07/30/2018 - 12:58:49: World triggered "Round_Start"
L 07/30/2018 - 12:58:55: "Cable<13><VALVE_ID_LAN><TERRORIST>" say "peram de capear"
L 07/30/2018 - 12:58:58: "Cable<13><VALVE_ID_LAN><TERRORIST>" say "bora joggar po"
L 07/30/2018 - 12:59:02: "Inspetor Buginganga<15><VALVE_ID_LAN><CT>" killed "GARGAMEL O MATA CT<14><VALVE_ID_LAN><TERRORIST>" with "deagle"
L 07/30/2018 - 12:59:09: "Cap Billy<12><VALVE_ID_LOOPBACK><CT>" killed "Cable<13><VALVE_ID_LAN><TERRORIST>" with "knife"
L 07/30/2018 - 12:59:09: Team "CT" triggered "CTs_Win" (CT "9") (T "6")
L 07/30/2018 - 12:59:09: World triggered "Round_End"
L 07/30/2018 - 12:59:14: World triggered "Round_Start"
L 07/30/2018 - 12:59:16: "Cap Billy<12><VALVE_ID_LOOPBACK><CT>" say "foi uma arapuca"
L 07/30/2018 - 12:59:22: "Cap Billy<12><VALVE_ID_LOOPBACK><CT>" killed "Cable<13><VALVE_ID_LAN><TERRORIST>" with "deagle"
L 07/30/2018 - 12:59:26: "GARGAMEL O MATA CT<14><VALVE_ID_LAN><TERRORIST>" killed "Cap Billy<12><VALVE_ID_LOOPBACK><CT>" with "knife"
L 07/30/2018 - 12:59:34: Server cvar "amx_nextmap" = "ak-colt_dust_arena"
L 07/30/2018 - 12:59:41: "Inspetor Buginganga<15><VALVE_ID_LAN><CT>" killed "GARGAMEL O MATA CT<14><VALVE_ID_LAN><TERRORIST>" with "deagle"
L 07/30/2018 - 12:59:41: Team "CT" triggered "CTs_Win" (CT "10") (T "6")
L 07/30/2018 - 12:59:41: World triggered "Round_End"
L 07/30/2018 - 12:59:46: World triggered "Round_Start"
L 07/30/2018 - 12:59:46: "Cable<13><VALVE_ID_LAN><TERRORIST>" say "arapuca de cu eh rola saim pra jogar.. tempo acabando."
L 07/30/2018 - 12:59:54: "Inspetor Buginganga<15><VALVE_ID_LAN><CT>" killed "GARGAMEL O MATA CT<14><VALVE_ID_LAN><TERRORIST>" with "deagle"
L 07/30/2018 - 12:59:57: "Cap Billy<12><VALVE_ID_LOOPBACK><CT>" killed "Cable<13><VALVE_ID_LAN><TERRORIST>" with "knife"
L 07/30/2018 - 12:59:57: Team "CT" triggered "CTs_Win" (CT "11") (T "6")
L 07/30/2018 - 12:59:57: World triggered "Round_End"
L 07/30/2018 - 13:00:01: "Inspetor Buginganga<15><VALVE_ID_LAN><CT>" say "boaaaa"
L 07/30/2018 - 13:00:02: World triggered "Round_Start"
L 07/30/2018 - 13:00:03: "Cap Billy<12><VALVE_ID_LOOPBACK><CT>" say "HAHHAHAHAHAHAHAHAHAHAH"
L 07/30/2018 - 13:00:05: "Cable<13><VALVE_ID_LAN><TERRORIST>" say "putra qq pariu"
L 07/30/2018 - 13:00:09: "Cable<13><VALVE_ID_LAN><TERRORIST>" say_team "faca cega do caralgho"
L 07/30/2018 - 13:00:15: "Cable<13><VALVE_ID_LAN><TERRORIST>" say "faca cega da porra"
L 07/30/2018 - 13:00:16: "GARGAMEL O MATA CT<14><VALVE_ID_LAN><TERRORIST>" killed "Inspetor Buginganga<15><VALVE_ID_LAN><CT>" with "deagle"
L 07/30/2018 - 13:00:20: "Cap Billy<12><VALVE_ID_LOOPBACK><CT>" killed "GARGAMEL O MATA CT<14><VALVE_ID_LAN><TERRORIST>" with "knife"
L 07/30/2018 - 13:00:36: "Cable<13><VALVE_ID_LAN><TERRORIST>" killed "Cap Billy<12><VALVE_ID_LOOPBACK><CT>" with "knife"
L 07/30/2018 - 13:00:36: Team "TERRORIST" triggered "Terrorists_Win" (CT "11") (T "7")
L 07/30/2018 - 13:00:36: World triggered "Round_End"
L 07/30/2018 - 13:00:41: World triggered "Round_Start"
L 07/30/2018 - 13:00:57: "Inspetor Buginganga<15><VALVE_ID_LAN><CT>" killed "Cable<13><VALVE_ID_LAN><TERRORIST>" with "deagle"
L 07/30/2018 - 13:01:01: "GARGAMEL O MATA CT<14><VALVE_ID_LAN><TERRORIST>" killed "Inspetor Buginganga<15><VALVE_ID_LAN><CT>" with "knife"
L 07/30/2018 - 13:01:03: "Cap Billy<12><VALVE_ID_LOOPBACK><CT>" killed "GARGAMEL O MATA CT<14><VALVE_ID_LAN><TERRORIST>" with "knife"
L 07/30/2018 - 13:01:03: Team "CT" triggered "CTs_Win" (CT "12") (T "7")
L 07/30/2018 - 13:01:03: World triggered "Round_End"
L 07/30/2018 - 13:01:08: World triggered "Round_Start"
L 07/30/2018 - 13:01:09: "Inspetor Buginganga<15><VALVE_ID_LAN><CT>" say "amaciei a carne"
L 07/30/2018 - 13:01:09: "Cable<13><VALVE_ID_LAN><TERRORIST>" say "timeleft"
L 07/30/2018 - 13:01:18: "Cable<13><VALVE_ID_LAN><TERRORIST>" killed "Cap Billy<12><VALVE_ID_LOOPBACK><CT>" with "knife"
L 07/30/2018 - 13:01:21: "Cable<13><VALVE_ID_LAN><TERRORIST>" killed "Inspetor Buginganga<15><VALVE_ID_LAN><CT>" with "knife"
L 07/30/2018 - 13:01:21: Team "TERRORIST" triggered "Terrorists_Win" (CT "12") (T "8")
L 07/30/2018 - 13:01:21: World triggered "Round_End"
L 07/30/2018 - 13:01:26: World triggered "Round_Start"
L 07/30/2018 - 13:01:27: Team "CT" scored "12" with "2" players
L 07/30/2018 - 13:01:27: Team "TERRORIST" scored "8" with "2" players
L 07/30/2018 - 13:01:28: "Cap Billy<12><VALVE_ID_LOOPBACK><CT>" triggered "weaponstats" (weapon "deagle") (shots "104") (hits "27") (kills "8") (headshots "5") (tks "0") (damage "1336") (deaths "2")
L 07/30/2018 - 13:01:28: "Cap Billy<12><VALVE_ID_LOOPBACK><CT>" triggered "weaponstats2" (weapon "deagle") (head "5") (chest "4") (stomach "3") (leftarm "9") (rightarm "5") (leftleg "0") (rightleg "1")
L 07/30/2018 - 13:01:28: "Cap Billy<12><VALVE_ID_LOOPBACK><CT>" triggered "weaponstats" (weapon "knife") (shots "39") (hits "19") (kills "9") (headshots "6") (tks "0") (damage "1487") (deaths "9")
L 07/30/2018 - 13:01:28: "Cap Billy<12><VALVE_ID_LOOPBACK><CT>" triggered "weaponstats2" (weapon "knife") (head "13") (chest "2") (stomach "0") (leftarm "3") (rightarm "1") (leftleg "0") (rightleg "0")
L 07/30/2018 - 13:01:28: "Cap Billy<12><VALVE_ID_LOOPBACK><CT>" triggered "time" (time "10:09")
L 07/30/2018 - 13:01:28: "Cap Billy<12><VALVE_ID_LOOPBACK><CT>" triggered "latency" (ping "0")
L 07/30/2018 - 13:01:28: "Cable<13><VALVE_ID_LAN><TERRORIST>" triggered "weaponstats" (weapon "deagle") (shots "76") (hits "25") (kills "7") (headshots "1") (tks "0") (damage "901") (deaths "4")
L 07/30/2018 - 13:01:28: "Cable<13><VALVE_ID_LAN><TERRORIST>" triggered "weaponstats2" (weapon "deagle") (head "1") (chest "7") (stomach "0") (leftarm "7") (rightarm "5") (leftleg "2") (rightleg "3")
L 07/30/2018 - 13:01:28: "Cable<13><VALVE_ID_LAN><TERRORIST>" triggered "weaponstats" (weapon "knife") (shots "29") (hits "15") (kills "6") (headshots "2") (tks "0") (damage "1101") (deaths "8")
L 07/30/2018 - 13:01:28: "Cable<13><VALVE_ID_LAN><TERRORIST>" triggered "weaponstats2" (weapon "knife") (head "3") (chest "1") (stomach "2") (leftarm "4") (rightarm "3") (leftleg "1") (rightleg "1")
L 07/30/2018 - 13:01:28: "Cable<13><VALVE_ID_LAN><TERRORIST>" triggered "time" (time "10:05")
L 07/30/2018 - 13:01:28: "Cable<13><VALVE_ID_LAN><TERRORIST>" triggered "latency" (ping "7")
L 07/30/2018 - 13:01:28: "GARGAMEL O MATA CT<14><VALVE_ID_LAN><TERRORIST>" triggered "weaponstats" (weapon "deagle") (shots "93") (hits "21") (kills "5") (headshots "2") (tks "0") (damage "907") (deaths "5")
L 07/30/2018 - 13:01:28: "GARGAMEL O MATA CT<14><VALVE_ID_LAN><TERRORIST>" triggered "weaponstats2" (weapon "deagle") (head "2") (chest "0") (stomach "2") (leftarm "8") (rightarm "3") (leftleg "2") (rightleg "4")
L 07/30/2018 - 13:01:28: "GARGAMEL O MATA CT<14><VALVE_ID_LAN><TERRORIST>" triggered "weaponstats" (weapon "knife") (shots "21") (hits "14") (kills "5") (headshots "2") (tks "0") (damage "1066") (deaths "8")
L 07/30/2018 - 13:01:28: "GARGAMEL O MATA CT<14><VALVE_ID_LAN><TERRORIST>" triggered "weaponstats2" (weapon "knife") (head "3") (chest "2") (stomach "0") (leftarm "5") (rightarm "3") (leftleg "1") (rightleg "0")
L 07/30/2018 - 13:01:28: "GARGAMEL O MATA CT<14><VALVE_ID_LAN><TERRORIST>" triggered "time" (time "10:04")
L 07/30/2018 - 13:01:28: "GARGAMEL O MATA CT<14><VALVE_ID_LAN><TERRORIST>" triggered "latency" (ping "6")
L 07/30/2018 - 13:01:28: "Inspetor Buginganga<15><VALVE_ID_LAN><CT>" triggered "weaponstats" (weapon "deagle") (shots "105") (hits "33") (kills "8") (headshots "1") (tks "0") (damage "1295") (deaths "11")
L 07/30/2018 - 13:01:28: "Inspetor Buginganga<15><VALVE_ID_LAN><CT>" triggered "weaponstats2" (weapon "deagle") (head "1") (chest "8") (stomach "6") (leftarm "12") (rightarm "4") (leftleg "0") (rightleg "2")
L 07/30/2018 - 13:01:28: "Inspetor Buginganga<15><VALVE_ID_LAN><CT>" triggered "weaponstats" (weapon "knife") (shots "3") (hits "1") (kills "0") (headshots "0") (tks "0") (damage "55") (deaths "1")
L 07/30/2018 - 13:01:28: "Inspetor Buginganga<15><VALVE_ID_LAN><CT>" triggered "weaponstats2" (weapon "knife") (head "0") (chest "0") (stomach "0") (leftarm "0") (rightarm "0") (leftleg "0") (rightleg "1")
L 07/30/2018 - 13:01:28: "Inspetor Buginganga<15><VALVE_ID_LAN><CT>" triggered "time" (time "10:00")
L 07/30/2018 - 13:01:28: "Inspetor Buginganga<15><VALVE_ID_LAN><CT>" triggered "latency" (ping "7")
L 07/30/2018 - 13:01:28: [META] ini: Begin re-reading plugins list: c:/valve/cstrike/addons/metamod/plugins.ini
L 07/30/2018 - 13:01:28: [META] ini: Read plugin config for: AMX
L 07/30/2018 - 13:01:28: [META] ini: Read plugin config for: WinHL-Booster
L 07/30/2018 - 13:01:28: [META] ERROR: ini: Skipping plugin, couldn't stat file 'addons/hlguard/dlls/hlguard_mm_nightly.dll': No such file or directory
L 07/30/2018 - 13:01:28: [META] ini: Read plugin config for: WebMod
L 07/30/2018 - 13:01:28: [META] ini: Finished reading plugins list: c:/valve/cstrike/addons/metamod/plugins.ini; Found 3 plugins
L 07/30/2018 - 13:01:28: [META] dll: Updating plugins...
L 07/30/2018 - 13:01:28: [META] ERROR: dll: Failed query plugin '<hlguard_mm_nightly.dll>'; Couldn't open file 'addons/hlguard/dlls/hlguard_mm_nightly.dll': Não foi possível encontrar o módulo especificado.

L 07/30/2018 - 13:01:28: [META] ERROR: dll: Skipping plugin '<hlguard_mm_nightly.dll>'; couldn't query
L 07/30/2018 - 13:01:28: [META] dll: Finished updating 6 plugins; kept 3, loaded 0, unloaded 0, reloaded 0, delayed 0
L 07/30/2018 - 13:01:28: Server shutdown
L 07/30/2018 - 13:01:28: Log file closed
