L 08/06/2019 - 12:28:32: Log file started (file "logs\L0806000.log") (game "cstrike") (version "47/1.1.2.2/2603")
L 08/06/2019 - 12:28:32: "Cap Billy<10><VALVE_ID_LAN><>" entered the game
L 08/06/2019 - 12:28:33: "Calcas Peludas<7><VALVE_ID_LAN><TERRORIST>" triggered "Spawned_With_The_Bomb"
L 08/06/2019 - 12:28:33: World triggered "Round_Start"
L 08/06/2019 - 12:28:45: "CEIFADOR<6><VALVE_ID_LOOPBACK><TERRORIST>" killed "Jack<9><VALVE_ID_LAN><CT>" with "mac10"
L 08/06/2019 - 12:28:46: "Calcas Peludas<7><VALVE_ID_LAN><TERRORIST>" killed "Gho$T<8><VALVE_ID_LAN><CT>" with "aug"
L 08/06/2019 - 12:28:46: Team "TERRORIST" triggered "Terrorists_Win" (CT "0") (T "1")
L 08/06/2019 - 12:28:46: World triggered "Round_End"
L 08/06/2019 - 12:28:51: "CEIFADOR<6><VALVE_ID_LOOPBACK><TERRORIST>" triggered "Spawned_With_The_Bomb"
L 08/06/2019 - 12:28:51: World triggered "Round_Start"
L 08/06/2019 - 12:28:53: "Cap Billy<10><VALVE_ID_LAN><UNASSIGNED>" triggered "time" (time "0:21")
L 08/06/2019 - 12:28:53: "Cap Billy<10><VALVE_ID_LAN><UNASSIGNED>" triggered "latency" (ping "9")
L 08/06/2019 - 12:28:53: "Cap Billy<10><VALVE_ID_LAN><>" disconnected
L 08/06/2019 - 12:28:55: "XXBOT Crusher<11><BOT><>" joined team "TERRORIST"
L 08/06/2019 - 12:28:55: Server cvar "bot_quota" = "1"
L 08/06/2019 - 12:28:55: "XXBOT Crusher<11><BOT><>" entered the game
L 08/06/2019 - 12:29:05: "Gho$T<8><VALVE_ID_LAN><CT>" killed "CEIFADOR<6><VALVE_ID_LOOPBACK><TERRORIST>" with "xm1014"
L 08/06/2019 - 12:29:05: "CEIFADOR<6><VALVE_ID_LOOPBACK><TERRORIST>" triggered "Dropped_The_Bomb"
L 08/06/2019 - 12:29:08: "XXBOT Crusher<11><BOT><TERRORIST>" killed "Gho$T<8><VALVE_ID_LAN><CT>" with "glock18"
L 08/06/2019 - 12:29:09: "Jack<9><VALVE_ID_LAN><CT>" killed "Calcas Peludas<7><VALVE_ID_LAN><TERRORIST>" with "mp5navy"
L 08/06/2019 - 12:29:10: "Jack<9><VALVE_ID_LAN><CT>" killed "XXBOT Crusher<11><BOT><TERRORIST>" with "mp5navy"
L 08/06/2019 - 12:29:10: Team "CT" triggered "CTs_Win" (CT "1") (T "1")
L 08/06/2019 - 12:29:10: World triggered "Round_End"
L 08/06/2019 - 12:29:14: Server cvar "bot_quota" = "0"
L 08/06/2019 - 12:29:14: Kick: "XXBOT Crusher<11><UNKNOWN><>" was kicked by "CEIFADOR"
L 08/06/2019 - 12:29:14: "XXBOT Crusher<11><BOT><TERRORIST>" disconnected
L 08/06/2019 - 12:29:15: "Calcas Peludas<7><VALVE_ID_LAN><TERRORIST>" triggered "Spawned_With_The_Bomb"
L 08/06/2019 - 12:29:15: World triggered "Round_Start"
L 08/06/2019 - 12:29:19: "Cap Billy<12><VALVE_ID_LAN><>" connected, address "10.15.2.199:27005"
L 08/06/2019 - 12:29:21: "CEIFADOR<6><VALVE_ID_LOOPBACK><TERRORIST>" killed "Gho$T<8><VALVE_ID_LAN><CT>" with "sg552"
L 08/06/2019 - 12:29:22: "Kitkat<13><VALVE_ID_LAN><>" connected, address "10.15.2.133:27005"
L 08/06/2019 - 12:29:22: "Cap Billy<12><VALVE_ID_LAN><>" entered the game
L 08/06/2019 - 12:29:22: "Jack<9><VALVE_ID_LAN><CT>" killed "CEIFADOR<6><VALVE_ID_LOOPBACK><TERRORIST>" with "mp5navy"
L 08/06/2019 - 12:29:24: "Cap Billy<12><VALVE_ID_LAN><>" joined team "CT"
L 08/06/2019 - 12:29:26: "Jack<9><VALVE_ID_LAN><CT>" killed "Calcas Peludas<7><VALVE_ID_LAN><TERRORIST>" with "mp5navy"
L 08/06/2019 - 12:29:26: Team "CT" triggered "CTs_Win" (CT "2") (T "1")
L 08/06/2019 - 12:29:26: World triggered "Round_End"
L 08/06/2019 - 12:29:31: "CEIFADOR<6><VALVE_ID_LOOPBACK><TERRORIST>" triggered "Spawned_With_The_Bomb"
L 08/06/2019 - 12:29:31: World triggered "Round_Start"
L 08/06/2019 - 12:29:32: "Kitkat<13><VALVE_ID_LAN><>" entered the game
L 08/06/2019 - 12:29:32: "XXBOT Moe<14><BOT><>" joined team "TERRORIST"
L 08/06/2019 - 12:29:32: Server cvar "bot_quota" = "1"
L 08/06/2019 - 12:29:32: "XXBOT Moe<14><BOT><>" entered the game
L 08/06/2019 - 12:29:35: "Cap Billy<12><VALVE_ID_LAN><CT>" killed "XXBOT Moe<14><BOT><TERRORIST>" with "m4a1"
L 08/06/2019 - 12:29:37: "Kitkat<13><VALVE_ID_LAN><>" joined team "CT"
L 08/06/2019 - 12:29:37: "CEIFADOR<6><VALVE_ID_LOOPBACK><TERRORIST>" killed "Gho$T<8><VALVE_ID_LAN><CT>" with "ak47"
L 08/06/2019 - 12:29:38: "Jack<9><VALVE_ID_LAN><CT>" killed "Calcas Peludas<7><VALVE_ID_LAN><TERRORIST>" with "mp5navy"
L 08/06/2019 - 12:29:45: "Calcas Peludas<7><VALVE_ID_LAN><TERRORIST>" say "bot" (dead)
L 08/06/2019 - 12:29:46: "CEIFADOR<6><VALVE_ID_LOOPBACK><TERRORIST>" killed "Cap Billy<12><VALVE_ID_LAN><CT>" with "ak47"
L 08/06/2019 - 12:29:47: "Jack<9><VALVE_ID_LAN><CT>" killed "CEIFADOR<6><VALVE_ID_LOOPBACK><TERRORIST>" with "mp5navy"
L 08/06/2019 - 12:29:47: Team "CT" triggered "CTs_Win" (CT "3") (T "1")
L 08/06/2019 - 12:29:47: World triggered "Round_End"
L 08/06/2019 - 12:29:49: "Calcas Peludas<7><VALVE_ID_LAN><TERRORIST>" say "pasa lguem" (dead)
L 08/06/2019 - 12:29:52: "Calcas Peludas<7><VALVE_ID_LAN><TERRORIST>" triggered "Spawned_With_The_Bomb"
L 08/06/2019 - 12:29:52: World triggered "Round_Start"
L 08/06/2019 - 12:29:56: "Gho$T<8><VALVE_ID_LAN><CT>" committed suicide with "world"
L 08/06/2019 - 12:29:56: "Gho$T<8><VALVE_ID_LAN><CT>" joined team "TERRORIST"
L 08/06/2019 - 12:29:57: "CEIFADOR<6><VALVE_ID_LOOPBACK><TERRORIST>" killed "Kitkat<13><VALVE_ID_LAN><CT>" with "aug"
L 08/06/2019 - 12:29:58: "Calcas Peludas<7><VALVE_ID_LAN><TERRORIST>" killed "Cap Billy<12><VALVE_ID_LAN><CT>" with "xm1014"
L 08/06/2019 - 12:30:01: "Jack<9><VALVE_ID_LAN><CT>" killed "Calcas Peludas<7><VALVE_ID_LAN><TERRORIST>" with "mp5navy"
L 08/06/2019 - 12:30:01: "Calcas Peludas<7><VALVE_ID_LAN><TERRORIST>" triggered "Dropped_The_Bomb"
L 08/06/2019 - 12:30:06: "CEIFADOR<6><VALVE_ID_LOOPBACK><TERRORIST>" triggered "Got_The_Bomb"
L 08/06/2019 - 12:30:06: "Calcas Peludas<7><VALVE_ID_LAN><TERRORIST>" say "tira o bot" (dead)
L 08/06/2019 - 12:30:08: "CEIFADOR<6><VALVE_ID_LOOPBACK><TERRORIST>" killed "Jack<9><VALVE_ID_LAN><CT>" with "aug"
L 08/06/2019 - 12:30:08: Team "TERRORIST" triggered "Terrorists_Win" (CT "3") (T "2")
L 08/06/2019 - 12:30:08: World triggered "Round_End"
L 08/06/2019 - 12:30:11: Server cvar "bot_quota" = "0"
L 08/06/2019 - 12:30:11: Kick: "XXBOT Moe<14><UNKNOWN><>" was kicked by "CEIFADOR"
L 08/06/2019 - 12:30:11: "XXBOT Moe<14><BOT><TERRORIST>" disconnected
L 08/06/2019 - 12:30:13: "Gho$T<8><VALVE_ID_LAN><TERRORIST>" triggered "Spawned_With_The_Bomb"
L 08/06/2019 - 12:30:13: World triggered "Round_Start"
L 08/06/2019 - 12:30:16: "Gho$T<8><VALVE_ID_LAN><TERRORIST>" killed "Cap Billy<12><VALVE_ID_LAN><CT>" with "awp"
L 08/06/2019 - 12:30:20: "Kitkat<13><VALVE_ID_LAN><CT>" killed "Calcas Peludas<7><VALVE_ID_LAN><TERRORIST>" with "ak47"
L 08/06/2019 - 12:30:20: "CEIFADOR<6><VALVE_ID_LOOPBACK><TERRORIST>" killed "Jack<9><VALVE_ID_LAN><CT>" with "aug"
L 08/06/2019 - 12:30:27: "CEIFADOR<6><VALVE_ID_LOOPBACK><TERRORIST>" killed "Kitkat<13><VALVE_ID_LAN><CT>" with "aug"
L 08/06/2019 - 12:30:27: Team "TERRORIST" triggered "Terrorists_Win" (CT "3") (T "3")
L 08/06/2019 - 12:30:27: World triggered "Round_End"
L 08/06/2019 - 12:30:31: "Gho$T<8><VALVE_ID_LAN><TERRORIST>" say_team "malw"
L 08/06/2019 - 12:30:32: "CEIFADOR<6><VALVE_ID_LOOPBACK><TERRORIST>" triggered "Spawned_With_The_Bomb"
L 08/06/2019 - 12:30:32: World triggered "Round_Start"
L 08/06/2019 - 12:30:42: "Cap Billy<12><VALVE_ID_LAN><CT>" killed "CEIFADOR<6><VALVE_ID_LOOPBACK><TERRORIST>" with "xm1014"
L 08/06/2019 - 12:30:42: "CEIFADOR<6><VALVE_ID_LOOPBACK><TERRORIST>" triggered "Dropped_The_Bomb"
L 08/06/2019 - 12:30:46: "Kitkat<13><VALVE_ID_LAN><CT>" killed "Gho$T<8><VALVE_ID_LAN><TERRORIST>" with "aug"
L 08/06/2019 - 12:30:51: Log file closed
