L 08/08/2019 - 12:54:12: Log file started (file "logs\L0808006.log") (game "cstrike") (version "47/1.1.2.2/2603")
L 08/08/2019 - 12:54:13: World triggered "Round_Start"
L 08/08/2019 - 12:54:17: "Cap Billy<33><VALVE_ID_LAN><CT>" killed "Calcas Peludas<31><VALVE_ID_LAN><TERRORIST>" with "deagle"
L 08/08/2019 - 12:54:21: "Smolder<37><VALVE_ID_LAN><TERRORIST>" killed "Kitkat<29><VALVE_ID_LAN><CT>" with "deagle"
L 08/08/2019 - 12:54:24: "Cap Billy<33><VALVE_ID_LAN><CT>" killed "XXBOT Erik<32><BOT><TERRORIST>" with "deagle"
L 08/08/2019 - 12:54:24: "Gho$T<35><VALVE_ID_LAN><CT>" killed "Smolder<37><VALVE_ID_LAN><TERRORIST>" with "deagle"
L 08/08/2019 - 12:54:28: "XXBOT Reed<30><BOT><TERRORIST>" killed "Gho$T<35><VALVE_ID_LAN><CT>" with "deagle"
L 08/08/2019 - 12:54:31: "XXBOT Reed<30><BOT><TERRORIST>" killed "@te<36><VALVE_ID_LAN><CT>" with "deagle"
L 08/08/2019 - 12:54:34: "XXBOT Reed<30><BOT><TERRORIST>" killed "Cap Billy<33><VALVE_ID_LAN><CT>" with "deagle"
L 08/08/2019 - 12:54:45: "Calcas Peludas<31><VALVE_ID_LAN><TERRORIST>" say_team "quem levou mais facdas sobe a rampa" (dead)
L 08/08/2019 - 12:54:45: "Jack<34><VALVE_ID_LAN><CT>" killed "XXBOT Reed<30><BOT><TERRORIST>" with "deagle"
L 08/08/2019 - 12:54:48: "Smolder<37><VALVE_ID_LAN><TERRORIST>" say "drible da vcaca" (dead)
L 08/08/2019 - 12:54:57: "Cap Billy<33><VALVE_ID_LAN><CT>" say "dreible da cagada" (dead)
L 08/08/2019 - 12:55:10: "Jack<34><VALVE_ID_LAN><CT>" killed "CEIFADOR<28><VALVE_ID_LOOPBACK><TERRORIST>" with "deagle"
L 08/08/2019 - 12:55:10: Team "CT" triggered "CTs_Win" (CT "1") (T "1")
L 08/08/2019 - 12:55:10: World triggered "Round_End"
L 08/08/2019 - 12:55:12: "Cap Billy<33><VALVE_ID_LAN><CT>" say "HEHEHEH" (dead)
L 08/08/2019 - 12:55:15: World triggered "Round_Start"
L 08/08/2019 - 12:55:23: "Jack<34><VALVE_ID_LAN><CT>" killed "XXBOT Reed<30><BOT><TERRORIST>" with "deagle"
L 08/08/2019 - 12:55:23: "Jack<34><VALVE_ID_LAN><CT>" killed "XXBOT Erik<32><BOT><TERRORIST>" with "deagle"
L 08/08/2019 - 12:55:27: "Calcas Peludas<31><VALVE_ID_LAN><TERRORIST>" killed "Gho$T<35><VALVE_ID_LAN><CT>" with "deagle"
L 08/08/2019 - 12:55:28: "Cap Billy<33><VALVE_ID_LAN><CT>" killed "Calcas Peludas<31><VALVE_ID_LAN><TERRORIST>" with "deagle"
L 08/08/2019 - 12:55:31: "Cap Billy<33><VALVE_ID_LAN><CT>" killed "CEIFADOR<28><VALVE_ID_LOOPBACK><TERRORIST>" with "deagle"
L 08/08/2019 - 12:55:36: "Kitkat<29><VALVE_ID_LAN><CT>" killed "Smolder<37><VALVE_ID_LAN><TERRORIST>" with "knife"
L 08/08/2019 - 12:55:36: Team "CT" triggered "CTs_Win" (CT "2") (T "1")
L 08/08/2019 - 12:55:36: World triggered "Round_End"
L 08/08/2019 - 12:55:41: "Gho$T<35><VALVE_ID_LAN><CT>" say "EEEEEEEEEEE" (dead)
L 08/08/2019 - 12:55:41: World triggered "Round_Start"
L 08/08/2019 - 12:55:41: "Cap Billy<33><VALVE_ID_LAN><CT>" say "PEDIU!!!!!"
L 08/08/2019 - 12:55:43: "Gho$T<35><VALVE_ID_LAN><CT>" say "dose diaria"
L 08/08/2019 - 12:55:56: "XXBOT Erik<32><BOT><TERRORIST>" killed "Jack<34><VALVE_ID_LAN><CT>" with "deagle"
L 08/08/2019 - 12:55:57: "@te<36><VALVE_ID_LAN><CT>" killed "XXBOT Reed<30><BOT><TERRORIST>" with "deagle"
L 08/08/2019 - 12:56:00: "Cap Billy<33><VALVE_ID_LAN><CT>" killed "Calcas Peludas<31><VALVE_ID_LAN><TERRORIST>" with "knife"
L 08/08/2019 - 12:56:00: "Smolder<37><VALVE_ID_LAN><TERRORIST>" killed "Kitkat<29><VALVE_ID_LAN><CT>" with "knife"
L 08/08/2019 - 12:56:02: "Smolder<37><VALVE_ID_LAN><TERRORIST>" killed "Gho$T<35><VALVE_ID_LAN><CT>" with "knife"
L 08/08/2019 - 12:56:02: "Cap Billy<33><VALVE_ID_LAN><CT>" killed "CEIFADOR<28><VALVE_ID_LOOPBACK><TERRORIST>" with "knife"
L 08/08/2019 - 12:56:03: "XXBOT Erik<32><BOT><TERRORIST>" killed "@te<36><VALVE_ID_LAN><CT>" with "deagle"
L 08/08/2019 - 12:56:05: "Calcas Peludas<31><VALVE_ID_LAN><TERRORIST>" say "fdp" (dead)
L 08/08/2019 - 12:56:05: "Cap Billy<33><VALVE_ID_LAN><CT>" killed "XXBOT Erik<32><BOT><TERRORIST>" with "deagle"
L 08/08/2019 - 12:56:09: "Gho$T<35><VALVE_ID_LAN><CT>" say "desgraca" (dead)
L 08/08/2019 - 12:56:11: "Cap Billy<33><VALVE_ID_LAN><CT>" killed "Smolder<37><VALVE_ID_LAN><TERRORIST>" with "deagle"
L 08/08/2019 - 12:56:11: Team "CT" triggered "CTs_Win" (CT "3") (T "1")
L 08/08/2019 - 12:56:11: World triggered "Round_End"
L 08/08/2019 - 12:56:16: World triggered "Round_Start"
L 08/08/2019 - 12:56:23: "CEIFADOR<28><VALVE_ID_LOOPBACK><TERRORIST>" killed "Gho$T<35><VALVE_ID_LAN><CT>" with "deagle"
L 08/08/2019 - 12:56:24: "Cap Billy<33><VALVE_ID_LAN><CT>" killed "Calcas Peludas<31><VALVE_ID_LAN><TERRORIST>" with "knife"
L 08/08/2019 - 12:56:26: "XXBOT Erik<32><BOT><TERRORIST>" killed "Cap Billy<33><VALVE_ID_LAN><CT>" with "deagle"
L 08/08/2019 - 12:56:28: "XXBOT Reed<30><BOT><TERRORIST>" killed "Jack<34><VALVE_ID_LAN><CT>" with "deagle"
L 08/08/2019 - 12:56:31: "XXBOT Erik<32><BOT><TERRORIST>" killed "@te<36><VALVE_ID_LAN><CT>" with "deagle"
L 08/08/2019 - 12:56:32: "Calcas Peludas<31><VALVE_ID_LAN><TERRORIST>" say "fi de rapariga" (dead)
L 08/08/2019 - 12:56:33: "Cap Billy<33><VALVE_ID_LAN><CT>" say "HAHAHAHAHAHAHAHAHAHAHAHA" (dead)
L 08/08/2019 - 12:56:33: "Gho$T<35><VALVE_ID_LAN><CT>" say "deixei calcas molinho" (dead)
L 08/08/2019 - 12:56:38: "XXBOT Reed<30><BOT><TERRORIST>" killed "Kitkat<29><VALVE_ID_LAN><CT>" with "deagle"
L 08/08/2019 - 12:56:38: Team "TERRORIST" triggered "Terrorists_Win" (CT "3") (T "2")
L 08/08/2019 - 12:56:38: World triggered "Round_End"
L 08/08/2019 - 12:56:44: World triggered "Round_Start"
L 08/08/2019 - 12:56:44: "Cap Billy<33><VALVE_ID_LAN><CT>" say "HAHHAAHAHA"
L 08/08/2019 - 12:56:45: "Cap Billy<33><VALVE_ID_LAN><CT>" say "DELICIA"
L 08/08/2019 - 12:56:56: "Gho$T<35><VALVE_ID_LAN><CT>" killed "XXBOT Reed<30><BOT><TERRORIST>" with "deagle"
L 08/08/2019 - 12:56:56: "CEIFADOR<28><VALVE_ID_LOOPBACK><TERRORIST>" killed "Gho$T<35><VALVE_ID_LAN><CT>" with "deagle"
L 08/08/2019 - 12:56:57: "Calcas Peludas<31><VALVE_ID_LAN><TERRORIST>" killed "Cap Billy<33><VALVE_ID_LAN><CT>" with "deagle"
L 08/08/2019 - 12:57:00: "XXBOT Erik<32><BOT><TERRORIST>" killed "Jack<34><VALVE_ID_LAN><CT>" with "deagle"
L 08/08/2019 - 12:57:01: "Calcas Peludas<31><VALVE_ID_LAN><TERRORIST>" killed "Kitkat<29><VALVE_ID_LAN><CT>" with "knife"
L 08/08/2019 - 12:57:05: "Calcas Peludas<31><VALVE_ID_LAN><TERRORIST>" killed "@te<36><VALVE_ID_LAN><CT>" with "knife"
L 08/08/2019 - 12:57:05: Team "TERRORIST" triggered "Terrorists_Win" (CT "3") (T "3")
L 08/08/2019 - 12:57:05: World triggered "Round_End"
L 08/08/2019 - 12:57:08: "Calcas Peludas<31><VALVE_ID_LAN><TERRORIST>" say "peguem"
L 08/08/2019 - 12:57:09: "Cap Billy<33><VALVE_ID_LAN><CT>" say_team "AH MEU DEUS DO CEU" (dead)
L 08/08/2019 - 12:57:10: "Jack<34><VALVE_ID_LAN><CT>" say "carai arroba" (dead)
L 08/08/2019 - 12:57:10: World triggered "Round_Start"
L 08/08/2019 - 12:57:13: "Gho$T<35><VALVE_ID_LAN><CT>" say_team "@ ja levou 10"
L 08/08/2019 - 12:57:20: "Gho$T<35><VALVE_ID_LAN><CT>" killed "Smolder<37><VALVE_ID_LAN><TERRORIST>" with "deagle"
L 08/08/2019 - 12:57:21: "CEIFADOR<28><VALVE_ID_LOOPBACK><TERRORIST>" killed "Calcas Peludas<31><VALVE_ID_LAN><TERRORIST>" with "knife"
L 08/08/2019 - 12:57:24: "CEIFADOR<28><VALVE_ID_LOOPBACK><TERRORIST>" killed "Gho$T<35><VALVE_ID_LAN><CT>" with "deagle"
L 08/08/2019 - 12:57:25: "CEIFADOR<28><VALVE_ID_LOOPBACK><TERRORIST>" killed "Jack<34><VALVE_ID_LAN><CT>" with "deagle"
L 08/08/2019 - 12:57:26: "Cap Billy<33><VALVE_ID_LAN><CT>" killed "CEIFADOR<28><VALVE_ID_LOOPBACK><TERRORIST>" with "knife"
L 08/08/2019 - 12:57:26: "Calcas Peludas<31><VALVE_ID_LAN><TERRORIST>" say "yhahahahahhahaha" (dead)
L 08/08/2019 - 12:57:29: "Gho$T<35><VALVE_ID_LAN><CT>" say "HAHAHAHAHAHHAHA" (dead)
L 08/08/2019 - 12:57:30: "Jack<34><VALVE_ID_LAN><CT>" say "na cara " (dead)
L 08/08/2019 - 12:57:30: "Calcas Peludas<31><VALVE_ID_LAN><TERRORIST>" say "que tragedia" (dead)
L 08/08/2019 - 12:57:33: "Gho$T<35><VALVE_ID_LAN><CT>" say "AHAHHAHAHAHAAHAH" (dead)
L 08/08/2019 - 12:57:35: "Smolder<37><VALVE_ID_LAN><TERRORIST>" say "tagedia" (dead)
L 08/08/2019 - 12:57:37: "Jack<34><VALVE_ID_LAN><CT>" say "pense num aperreio" (dead)
L 08/08/2019 - 12:57:37: "Cap Billy<33><VALVE_ID_LAN><CT>" killed "XXBOT Reed<30><BOT><TERRORIST>" with "deagle"
L 08/08/2019 - 12:57:38: "XXBOT Erik<32><BOT><TERRORIST>" killed "Cap Billy<33><VALVE_ID_LAN><CT>" with "deagle"
L 08/08/2019 - 12:57:40: "XXBOT Erik<32><BOT><TERRORIST>" killed "Kitkat<29><VALVE_ID_LAN><CT>" with "deagle"
L 08/08/2019 - 12:57:42: "Cap Billy<33><VALVE_ID_LAN><CT>" say "NAO CORRAAAAAA" (dead)
L 08/08/2019 - 12:57:46: "Smolder<37><VALVE_ID_LAN><TERRORIST>" say "tragedia" (dead)
L 08/08/2019 - 12:57:46: "Cap Billy<33><VALVE_ID_LAN><CT>" say "NAO CORAAA" (dead)
L 08/08/2019 - 12:57:47: "Calcas Peludas<31><VALVE_ID_LAN><TERRORIST>" say "bagaceira da porra" (dead)
L 08/08/2019 - 12:57:51: "XXBOT Erik<32><BOT><TERRORIST>" killed "@te<36><VALVE_ID_LAN><CT>" with "deagle"
L 08/08/2019 - 12:57:51: Team "TERRORIST" triggered "Terrorists_Win" (CT "3") (T "4")
L 08/08/2019 - 12:57:51: World triggered "Round_End"
L 08/08/2019 - 12:57:53: "Gho$T<35><VALVE_ID_LAN><CT>" say "correu feito um odio" (dead)
L 08/08/2019 - 12:57:56: "Gho$T<35><VALVE_ID_LAN><CT>" say "doido" (dead)
L 08/08/2019 - 12:57:56: "CEIFADOR<28><VALVE_ID_LOOPBACK><TERRORIST>" committed suicide with "world"
L 08/08/2019 - 12:57:56: World triggered "Round_Start"
L 08/08/2019 - 12:57:57: "Jack<34><VALVE_ID_LAN><CT>" say "timeleft"
L 08/08/2019 - 12:58:01: "Calcas Peludas<31><VALVE_ID_LAN><TERRORIST>" killed "Smolder<37><VALVE_ID_LAN><TERRORIST>" with "deagle"
L 08/08/2019 - 12:58:01: "Calcas Peludas<31><VALVE_ID_LAN><TERRORIST>" killed "Gho$T<35><VALVE_ID_LAN><CT>" with "deagle"
L 08/08/2019 - 12:58:05: "Gho$T<35><VALVE_ID_LAN><CT>" say "kkkkkkkk" (dead)
L 08/08/2019 - 12:58:05: "XXBOT Erik<32><BOT><TERRORIST>" killed "@te<36><VALVE_ID_LAN><CT>" with "deagle"
L 08/08/2019 - 12:58:06: "Calcas Peludas<31><VALVE_ID_LAN><TERRORIST>" killed "Cap Billy<33><VALVE_ID_LAN><CT>" with "deagle"
L 08/08/2019 - 12:58:09: "Jack<34><VALVE_ID_LAN><CT>" killed "XXBOT Erik<32><BOT><TERRORIST>" with "deagle"
L 08/08/2019 - 12:58:13: "Jack<34><VALVE_ID_LAN><CT>" killed "Calcas Peludas<31><VALVE_ID_LAN><TERRORIST>" with "deagle"
L 08/08/2019 - 12:58:18: "Smolder<37><VALVE_ID_LAN><TERRORIST>" say "quase" (dead)
L 08/08/2019 - 12:58:22: "Calcas Peludas<31><VALVE_ID_LAN><TERRORIST>" say "hahahaha" (dead)
L 08/08/2019 - 12:58:24: "XXBOT Reed<30><BOT><TERRORIST>" committed suicide with "deagle"
L 08/08/2019 - 12:58:24: Team "CT" triggered "CTs_Win" (CT "4") (T "4")
L 08/08/2019 - 12:58:24: World triggered "Round_End"
L 08/08/2019 - 12:58:29: "Cap Billy<33><VALVE_ID_LAN><CT>" say "HAHAHAHAHAHA" (dead)
L 08/08/2019 - 12:58:29: World triggered "Round_Start"
L 08/08/2019 - 12:58:30: "Calcas Peludas<31><VALVE_ID_LAN><TERRORIST>" committed suicide with "world"
L 08/08/2019 - 12:58:35: "Gho$T<35><VALVE_ID_LAN><CT>" killed "XXBOT Reed<30><BOT><TERRORIST>" with "deagle"
L 08/08/2019 - 12:58:40: "CEIFADOR<28><VALVE_ID_LOOPBACK><TERRORIST>" killed "Cap Billy<33><VALVE_ID_LAN><CT>" with "deagle"
L 08/08/2019 - 12:58:47: "Smolder<37><VALVE_ID_LAN><TERRORIST>" killed "@te<36><VALVE_ID_LAN><CT>" with "deagle"
L 08/08/2019 - 12:58:48: "Kitkat<29><VALVE_ID_LAN><CT>" killed "CEIFADOR<28><VALVE_ID_LOOPBACK><TERRORIST>" with "deagle"
L 08/08/2019 - 12:58:50: "Smolder<37><VALVE_ID_LAN><TERRORIST>" killed "Jack<34><VALVE_ID_LAN><CT>" with "knife"
L 08/08/2019 - 12:58:57: "Kitkat<29><VALVE_ID_LAN><CT>" killed "Smolder<37><VALVE_ID_LAN><TERRORIST>" with "deagle"
L 08/08/2019 - 12:58:57: "XXBOT Erik<32><BOT><TERRORIST>" killed "Gho$T<35><VALVE_ID_LAN><CT>" with "deagle"
L 08/08/2019 - 12:59:00: "Smolder<37><VALVE_ID_LAN><TERRORIST>" say "na cara" (dead)
L 08/08/2019 - 12:59:04: "XXBOT Erik<32><BOT><TERRORIST>" killed "Kitkat<29><VALVE_ID_LAN><CT>" with "deagle"
L 08/08/2019 - 12:59:04: Team "TERRORIST" triggered "Terrorists_Win" (CT "4") (T "5")
L 08/08/2019 - 12:59:04: World triggered "Round_End"
L 08/08/2019 - 12:59:04: "Cap Billy<33><VALVE_ID_LAN><CT>" say_team "VCS MOLE NO MEIO DAS CAIXAS" (dead)
L 08/08/2019 - 12:59:05: "Jack<34><VALVE_ID_LAN><CT>" say "os caba nao morrem de bala.. eh foda.. xiter da porra" (dead)
L 08/08/2019 - 12:59:08: "Cap Billy<33><VALVE_ID_LAN><CT>" say_team "bom demais" (dead)
L 08/08/2019 - 12:59:08: "Kitkat<29><VALVE_ID_LAN><CT>" triggered "weaponstats" (weapon "deagle") (shots "66") (hits "19") (kills "3") (headshots "0") (tks "0") (damage "570") (deaths "5")
L 08/08/2019 - 12:59:08: "Kitkat<29><VALVE_ID_LAN><CT>" triggered "weaponstats2" (weapon "deagle") (head "0") (chest "1") (stomach "4") (leftarm "3") (rightarm "3") (leftleg "6") (rightleg "2")
L 08/08/2019 - 12:59:08: "Kitkat<29><VALVE_ID_LAN><CT>" triggered "weaponstats" (weapon "knife") (shots "2") (hits "2") (kills "1") (headshots "1") (tks "0") (damage "276") (deaths "2")
L 08/08/2019 - 12:59:08: "Kitkat<29><VALVE_ID_LAN><CT>" triggered "weaponstats2" (weapon "knife") (head "1") (chest "0") (stomach "0") (leftarm "1") (rightarm "0") (leftleg "0") (rightleg "0")
L 08/08/2019 - 12:59:08: "Kitkat<29><VALVE_ID_LAN><CT>" triggered "time" (time "5:41")
L 08/08/2019 - 12:59:08: "Kitkat<29><VALVE_ID_LAN><CT>" triggered "latency" (ping "9")
L 08/08/2019 - 12:59:08: "Kitkat<29><VALVE_ID_LAN><CT>" disconnected
L 08/08/2019 - 12:59:09: World triggered "Round_Start"
L 08/08/2019 - 12:59:18: "Jack<34><VALVE_ID_LAN><CT>" killed "CEIFADOR<28><VALVE_ID_LOOPBACK><TERRORIST>" with "deagle"
L 08/08/2019 - 12:59:20: "Cap Billy<33><VALVE_ID_LAN><CT>" killed "XXBOT Erik<32><BOT><TERRORIST>" with "deagle"
L 08/08/2019 - 12:59:21: Server cvar "bot_quota" = "1"
L 08/08/2019 - 12:59:21: Server cvar "bot_quota" = "0"
L 08/08/2019 - 12:59:21: Kick: "XXBOT Reed<30><UNKNOWN><>" was kicked by "CEIFADOR"
L 08/08/2019 - 12:59:21: "XXBOT Reed<30><BOT><TERRORIST>" disconnected
L 08/08/2019 - 12:59:21: Kick: "XXBOT Erik<32><UNKNOWN><>" was kicked by "CEIFADOR"
L 08/08/2019 - 12:59:21: "XXBOT Erik<32><BOT><TERRORIST>" disconnected
L 08/08/2019 - 12:59:30: "XXBOT Quinn<38><BOT><>" joined team "TERRORIST"
L 08/08/2019 - 12:59:30: Server cvar "bot_quota" = "1"
L 08/08/2019 - 12:59:30: "XXBOT Quinn<38><BOT><>" entered the game
L 08/08/2019 - 12:59:31: "Smolder<37><VALVE_ID_LAN><TERRORIST>" killed "Gho$T<35><VALVE_ID_LAN><CT>" with "deagle"
L 08/08/2019 - 12:59:35: "Jack<34><VALVE_ID_LAN><CT>" killed "Smolder<37><VALVE_ID_LAN><TERRORIST>" with "deagle"
L 08/08/2019 - 12:59:39: "Calcas Peludas<31><VALVE_ID_LAN><TERRORIST>" killed "Cap Billy<33><VALVE_ID_LAN><CT>" with "deagle"
L 08/08/2019 - 12:59:40: Log file closed
