L 08/07/2019 - 12:31:50: Log file started (file "logs\L0807001.log") (game "cstrike") (version "47/1.1.2.2/2603")
L 08/07/2019 - 12:31:54: "Smolder<4><VALVE_ID_LAN><TERRORIST>" killed "Gho$T<7><VALVE_ID_LAN><CT>" with "mp5navy"
L 08/07/2019 - 12:31:54: "CEIFADOR<3><VALVE_ID_LOOPBACK><TERRORIST>" killed "XXBOT Arnold<11><BOT><CT>" with "ak47"
L 08/07/2019 - 12:31:57: "Jack<9><VALVE_ID_LAN><CT>" killed "Calcas Peludas<10><VALVE_ID_LAN><TERRORIST>" with "mp5navy"
L 08/07/2019 - 12:31:57: "Jack<9><VALVE_ID_LAN><CT>" killed "Smolder<4><VALVE_ID_LAN><TERRORIST>" with "mp5navy"
L 08/07/2019 - 12:32:12: "Jack<9><VALVE_ID_LAN><CT>" killed "CEIFADOR<3><VALVE_ID_LOOPBACK><TERRORIST>" with "mp5navy"
L 08/07/2019 - 12:32:12: Team "CT" triggered "CTs_Win" (CT "5") (T "6")
L 08/07/2019 - 12:32:12: World triggered "Round_End"
L 08/07/2019 - 12:32:15: "Calcas Peludas<10><VALVE_ID_LAN><TERRORIST>" say_team "esse homi correndo com a bomba" (dead)
L 08/07/2019 - 12:32:17: "Smolder<4><VALVE_ID_LAN><TERRORIST>" triggered "Spawned_With_The_Bomb"
L 08/07/2019 - 12:32:17: World triggered "Round_Start"
L 08/07/2019 - 12:32:19: "XXBOT Arnold<11><BOT><CT>" killed "Calcas Peludas<10><VALVE_ID_LAN><TERRORIST>" with "usp"
L 08/07/2019 - 12:32:24: "Gho$T<7><VALVE_ID_LAN><CT>" killed "Smolder<4><VALVE_ID_LAN><TERRORIST>" with "sg552"
L 08/07/2019 - 12:32:24: "Smolder<4><VALVE_ID_LAN><TERRORIST>" triggered "Dropped_The_Bomb"
L 08/07/2019 - 12:32:29: "Jack<9><VALVE_ID_LAN><CT>" killed "CEIFADOR<3><VALVE_ID_LOOPBACK><TERRORIST>" with "mp5navy"
L 08/07/2019 - 12:32:29: Team "CT" triggered "CTs_Win" (CT "6") (T "6")
L 08/07/2019 - 12:32:29: World triggered "Round_End"
L 08/07/2019 - 12:32:32: "Calcas Peludas<10><VALVE_ID_LAN><TERRORIST>" say_team "mapa" (dead)
L 08/07/2019 - 12:32:34: "Calcas Peludas<10><VALVE_ID_LAN><TERRORIST>" triggered "Spawned_With_The_Bomb"
L 08/07/2019 - 12:32:34: World triggered "Round_Start"
L 08/07/2019 - 12:32:37: "Calcas Peludas<10><VALVE_ID_LAN><TERRORIST>" killed "Gho$T<7><VALVE_ID_LAN><CT>" with "awp"
L 08/07/2019 - 12:32:38: "Jack<9><VALVE_ID_LAN><CT>" killed "CEIFADOR<3><VALVE_ID_LOOPBACK><TERRORIST>" with "mp5navy"
L 08/07/2019 - 12:32:40: "Smolder<4><VALVE_ID_LAN><TERRORIST>" killed "XXBOT Arnold<11><BOT><CT>" with "p90"
L 08/07/2019 - 12:32:57: "Jack<9><VALVE_ID_LAN><CT>" killed "Smolder<4><VALVE_ID_LAN><TERRORIST>" with "mp5navy"
L 08/07/2019 - 12:33:12: "Jack<9><VALVE_ID_LAN><CT>" killed "Calcas Peludas<10><VALVE_ID_LAN><TERRORIST>" with "knife"
L 08/07/2019 - 12:33:12: Team "CT" triggered "CTs_Win" (CT "7") (T "6")
L 08/07/2019 - 12:33:12: World triggered "Round_End"
L 08/07/2019 - 12:33:15: "Gho$T<7><VALVE_ID_LAN><CT>" say "AHAHHAHAHAHAHAAHHAHHHA" (dead)
L 08/07/2019 - 12:33:17: "CEIFADOR<3><VALVE_ID_LOOPBACK><TERRORIST>" triggered "Spawned_With_The_Bomb"
L 08/07/2019 - 12:33:17: World triggered "Round_Start"
L 08/07/2019 - 12:33:17: "Gho$T<7><VALVE_ID_LAN><CT>" say "boa tarde"
L 08/07/2019 - 12:33:24: "XXBOT Arnold<11><BOT><CT>" killed "Smolder<4><VALVE_ID_LAN><TERRORIST>" with "usp"
L 08/07/2019 - 12:33:25: "CEIFADOR<3><VALVE_ID_LOOPBACK><TERRORIST>" killed "XXBOT Arnold<11><BOT><CT>" with "g3sg1"
L 08/07/2019 - 12:33:27: "Gho$T<7><VALVE_ID_LAN><CT>" killed "Calcas Peludas<10><VALVE_ID_LAN><TERRORIST>" with "p90"
L 08/07/2019 - 12:33:30: "Calcas Peludas<10><VALVE_ID_LAN><TERRORIST>" say "porra" (dead)
L 08/07/2019 - 12:33:31: "Gho$T<7><VALVE_ID_LAN><CT>" killed "CEIFADOR<3><VALVE_ID_LOOPBACK><TERRORIST>" with "p90"
L 08/07/2019 - 12:33:31: Team "CT" triggered "CTs_Win" (CT "8") (T "6")
L 08/07/2019 - 12:33:31: World triggered "Round_End"
L 08/07/2019 - 12:33:33: "@te<12><VALVE_ID_LAN><>" connected, address "10.15.2.86:27005"
L 08/07/2019 - 12:33:35: "Calcas Peludas<10><VALVE_ID_LAN><TERRORIST>" say "que merda" (dead)
L 08/07/2019 - 12:33:36: "Smolder<4><VALVE_ID_LAN><TERRORIST>" triggered "Spawned_With_The_Bomb"
L 08/07/2019 - 12:33:36: World triggered "Round_Start"
L 08/07/2019 - 12:33:41: "Smolder<4><VALVE_ID_LAN><TERRORIST>" killed "XXBOT Arnold<11><BOT><CT>" with "xm1014"
L 08/07/2019 - 12:33:45: "Jack<9><VALVE_ID_LAN><CT>" killed "CEIFADOR<3><VALVE_ID_LOOPBACK><TERRORIST>" with "mp5navy"
L 08/07/2019 - 12:33:46: "@te<12><VALVE_ID_LAN><>" entered the game
L 08/07/2019 - 12:33:47: "Gho$T<7><VALVE_ID_LAN><CT>" killed "Calcas Peludas<10><VALVE_ID_LAN><TERRORIST>" with "p90"
L 08/07/2019 - 12:33:51: "Jack<9><VALVE_ID_LAN><CT>" killed "Smolder<4><VALVE_ID_LAN><TERRORIST>" with "knife"
L 08/07/2019 - 12:33:51: Team "CT" triggered "CTs_Win" (CT "9") (T "6")
L 08/07/2019 - 12:33:51: World triggered "Round_End"
L 08/07/2019 - 12:33:54: "Calcas Peludas<10><VALVE_ID_LAN><TERRORIST>" say "hahahahahaghahaha" (dead)
L 08/07/2019 - 12:33:56: "Gho$T<7><VALVE_ID_LAN><CT>" say "AHHAHAHAHAHAHAHHAHAHHAHAHHAHAHHA"
L 08/07/2019 - 12:33:56: "Calcas Peludas<10><VALVE_ID_LAN><TERRORIST>" triggered "Spawned_With_The_Bomb"
L 08/07/2019 - 12:33:56: World triggered "Round_Start"
L 08/07/2019 - 12:33:59: "Jack<9><VALVE_ID_LAN><CT>" killed "Calcas Peludas<10><VALVE_ID_LAN><TERRORIST>" with "mp5navy"
L 08/07/2019 - 12:33:59: "Calcas Peludas<10><VALVE_ID_LAN><TERRORIST>" triggered "Dropped_The_Bomb"
L 08/07/2019 - 12:34:00: "CEIFADOR<3><VALVE_ID_LOOPBACK><TERRORIST>" killed "Jack<9><VALVE_ID_LAN><CT>" with "ak47"
L 08/07/2019 - 12:34:02: "Gho$T<7><VALVE_ID_LAN><CT>" killed "CEIFADOR<3><VALVE_ID_LOOPBACK><TERRORIST>" with "p90"
L 08/07/2019 - 12:34:03: "Kitkat<13><VALVE_ID_LAN><>" connected, address "10.15.2.133:27005"
L 08/07/2019 - 12:34:10: "Smolder<4><VALVE_ID_LAN><TERRORIST>" killed "Gho$T<7><VALVE_ID_LAN><CT>" with "mp5navy"
L 08/07/2019 - 12:34:14: "Gho$T<7><VALVE_ID_LAN><CT>" say "AAHHAAHA" (dead)
L 08/07/2019 - 12:34:15: "XXBOT Arnold<11><BOT><CT>" killed "Smolder<4><VALVE_ID_LAN><TERRORIST>" with "mp5navy"
L 08/07/2019 - 12:34:15: Team "CT" triggered "CTs_Win" (CT "10") (T "6")
L 08/07/2019 - 12:34:15: World triggered "Round_End"
L 08/07/2019 - 12:34:15: "Kitkat<13><VALVE_ID_LAN><>" entered the game
L 08/07/2019 - 12:34:17: "Gho$T<7><VALVE_ID_LAN><CT>" say "lasca" (dead)
L 08/07/2019 - 12:34:19: "Kitkat<13><VALVE_ID_LAN><>" joined team "CT"
L 08/07/2019 - 12:34:20: "CEIFADOR<3><VALVE_ID_LOOPBACK><TERRORIST>" triggered "Spawned_With_The_Bomb"
L 08/07/2019 - 12:34:20: World triggered "Round_Start"
L 08/07/2019 - 12:34:21: "CEIFADOR<3><VALVE_ID_LOOPBACK><TERRORIST>" say_team "mapa"
L 08/07/2019 - 12:34:25: "Calcas Peludas<10><VALVE_ID_LAN><TERRORIST>" killed "XXBOT Arnold<11><BOT><CT>" with "xm1014"
L 08/07/2019 - 12:34:31: "CEIFADOR<3><VALVE_ID_LOOPBACK><TERRORIST>" killed "Kitkat<13><VALVE_ID_LAN><CT>" with "awp"
L 08/07/2019 - 12:34:32: "Jack<9><VALVE_ID_LAN><CT>" killed "Smolder<4><VALVE_ID_LAN><TERRORIST>" with "p90"
L 08/07/2019 - 12:34:37: "CEIFADOR<3><VALVE_ID_LOOPBACK><TERRORIST>" killed "Gho$T<7><VALVE_ID_LAN><CT>" with "m4a1"
L 08/07/2019 - 12:34:40: "CEIFADOR<3><VALVE_ID_LOOPBACK><TERRORIST>" killed "Jack<9><VALVE_ID_LAN><CT>" with "m4a1"
L 08/07/2019 - 12:34:40: Team "TERRORIST" triggered "Terrorists_Win" (CT "10") (T "7")
L 08/07/2019 - 12:34:40: World triggered "Round_End"
L 08/07/2019 - 12:34:45: "Smolder<4><VALVE_ID_LAN><TERRORIST>" triggered "Spawned_With_The_Bomb"
L 08/07/2019 - 12:34:45: World triggered "Round_Start"
L 08/07/2019 - 12:34:50: "XXBOT Arnold<11><BOT><CT>" killed "Calcas Peludas<10><VALVE_ID_LAN><TERRORIST>" with "usp"
L 08/07/2019 - 12:34:52: "Gho$T<7><VALVE_ID_LAN><CT>" killed "CEIFADOR<3><VALVE_ID_LOOPBACK><TERRORIST>" with "m3"
L 08/07/2019 - 12:34:52: "Kitkat<13><VALVE_ID_LAN><CT>" killed "Smolder<4><VALVE_ID_LAN><TERRORIST>" with "tmp"
L 08/07/2019 - 12:34:52: Team "CT" triggered "CTs_Win" (CT "11") (T "7")
L 08/07/2019 - 12:34:52: World triggered "Round_End"
L 08/07/2019 - 12:34:54: "@te<12><VALVE_ID_LAN><>" joined team "CT"
L 08/07/2019 - 12:34:56: "XXBOT Moe<14><BOT><>" joined team "TERRORIST"
L 08/07/2019 - 12:34:56: Server cvar "bot_quota" = "2"
L 08/07/2019 - 12:34:56: "XXBOT Moe<14><BOT><>" entered the game
L 08/07/2019 - 12:34:57: "Calcas Peludas<10><VALVE_ID_LAN><TERRORIST>" triggered "Spawned_With_The_Bomb"
L 08/07/2019 - 12:34:57: World triggered "Round_Start"
L 08/07/2019 - 12:35:03: Server cvar "bot_quota" = "1"
L 08/07/2019 - 12:35:03: Server cvar "bot_quota" = "0"
L 08/07/2019 - 12:35:03: Kick: "XXBOT Arnold<11><UNKNOWN><>" was kicked by "CEIFADOR"
L 08/07/2019 - 12:35:03: "XXBOT Arnold<11><BOT><CT>" disconnected
L 08/07/2019 - 12:35:03: Kick: "XXBOT Moe<14><UNKNOWN><>" was kicked by "CEIFADOR"
L 08/07/2019 - 12:35:03: "XXBOT Moe<14><BOT><TERRORIST>" disconnected
L 08/07/2019 - 12:35:05: "Gho$T<7><VALVE_ID_LAN><CT>" killed "CEIFADOR<3><VALVE_ID_LOOPBACK><TERRORIST>" with "m3"
L 08/07/2019 - 12:35:08: "Calcas Peludas<10><VALVE_ID_LAN><TERRORIST>" killed "Kitkat<13><VALVE_ID_LAN><CT>" with "knife"
L 08/07/2019 - 12:35:08: "Gho$T<7><VALVE_ID_LAN><CT>" killed "Calcas Peludas<10><VALVE_ID_LAN><TERRORIST>" with "m3"
L 08/07/2019 - 12:35:08: "Calcas Peludas<10><VALVE_ID_LAN><TERRORIST>" triggered "Dropped_The_Bomb"
L 08/07/2019 - 12:35:12: "Smolder<4><VALVE_ID_LAN><TERRORIST>" killed "Jack<9><VALVE_ID_LAN><CT>" with "knife"
L 08/07/2019 - 12:35:13: "XXBOT Steel<15><BOT><>" joined team "TERRORIST"
L 08/07/2019 - 12:35:13: Server cvar "bot_quota" = "1"
L 08/07/2019 - 12:35:13: "XXBOT Steel<15><BOT><>" entered the game
L 08/07/2019 - 12:35:14: "Gho$T<7><VALVE_ID_LAN><CT>" killed "Smolder<4><VALVE_ID_LAN><TERRORIST>" with "m3"
L 08/07/2019 - 12:35:19: "Calcas Peludas<10><VALVE_ID_LAN><TERRORIST>" say "bot lesado" (dead)
L 08/07/2019 - 12:35:27: "Gho$T<7><VALVE_ID_LAN><CT>" killed "XXBOT Steel<15><BOT><TERRORIST>" with "m3"
L 08/07/2019 - 12:35:27: Team "CT" triggered "CTs_Win" (CT "12") (T "7")
L 08/07/2019 - 12:35:27: World triggered "Round_End"
L 08/07/2019 - 12:35:31: "Jack<9><VALVE_ID_LAN><CT>" say "meia hora tentando alcancasr smodlder" (dead)
L 08/07/2019 - 12:35:32: "XXBOT Steel<15><BOT><TERRORIST>" triggered "Spawned_With_The_Bomb"
L 08/07/2019 - 12:35:32: World triggered "Round_Start"
L 08/07/2019 - 12:35:36: "@te<12><VALVE_ID_LAN><CT>" killed "Calcas Peludas<10><VALVE_ID_LAN><TERRORIST>" with "grenade"
L 08/07/2019 - 12:35:36: "@te<12><VALVE_ID_LAN><CT>" killed "XXBOT Steel<15><BOT><TERRORIST>" with "grenade"
L 08/07/2019 - 12:35:36: "XXBOT Steel<15><BOT><TERRORIST>" triggered "Dropped_The_Bomb"
L 08/07/2019 - 12:35:37: "Jack<9><VALVE_ID_LAN><CT>" killed "CEIFADOR<3><VALVE_ID_LOOPBACK><TERRORIST>" with "m4a1"
L 08/07/2019 - 12:35:40: "Smolder<4><VALVE_ID_LAN><TERRORIST>" killed "Jack<9><VALVE_ID_LAN><CT>" with "mp5navy"
L 08/07/2019 - 12:35:41: "Calcas Peludas<10><VALVE_ID_LAN><TERRORIST>" say "bomba atomica" (dead)
L 08/07/2019 - 12:35:43: "Gho$T<7><VALVE_ID_LAN><CT>" killed "Smolder<4><VALVE_ID_LAN><TERRORIST>" with "m3"
L 08/07/2019 - 12:35:43: Team "CT" triggered "CTs_Win" (CT "13") (T "7")
L 08/07/2019 - 12:35:43: World triggered "Round_End"
L 08/07/2019 - 12:35:48: "CEIFADOR<3><VALVE_ID_LOOPBACK><TERRORIST>" triggered "Spawned_With_The_Bomb"
L 08/07/2019 - 12:35:48: World triggered "Round_Start"
L 08/07/2019 - 12:35:51: "Smolder<4><VALVE_ID_LAN><TERRORIST>" killed "Gho$T<7><VALVE_ID_LAN><CT>" with "xm1014"
L 08/07/2019 - 12:35:52: "Kitkat<13><VALVE_ID_LAN><CT>" killed "Calcas Peludas<10><VALVE_ID_LAN><TERRORIST>" with "aug"
L 08/07/2019 - 12:35:53: "@te<12><VALVE_ID_LAN><CT>" killed "Smolder<4><VALVE_ID_LAN><TERRORIST>" with "xm1014"
L 08/07/2019 - 12:35:55: "CEIFADOR<3><VALVE_ID_LOOPBACK><TERRORIST>" killed "Jack<9><VALVE_ID_LAN><CT>" with "aug"
L 08/07/2019 - 12:35:57: "XXBOT Steel<15><BOT><TERRORIST>" killed "Kitkat<13><VALVE_ID_LAN><CT>" with "glock18"
L 08/07/2019 - 12:36:01: "@te<12><VALVE_ID_LAN><CT>" killed "XXBOT Steel<15><BOT><TERRORIST>" with "xm1014"
L 08/07/2019 - 12:36:03: "CEIFADOR<3><VALVE_ID_LOOPBACK><TERRORIST>" killed "@te<12><VALVE_ID_LAN><CT>" with "aug"
L 08/07/2019 - 12:36:03: Team "TERRORIST" triggered "Terrorists_Win" (CT "13") (T "8")
L 08/07/2019 - 12:36:03: World triggered "Round_End"
L 08/07/2019 - 12:36:04: "Calcas Peludas<10><VALVE_ID_LAN><TERRORIST>" say_team "camper" (dead)
L 08/07/2019 - 12:36:08: "Smolder<4><VALVE_ID_LAN><TERRORIST>" triggered "Spawned_With_The_Bomb"
L 08/07/2019 - 12:36:08: World triggered "Round_Start"
L 08/07/2019 - 12:36:13: "Calcas Peludas<10><VALVE_ID_LAN><TERRORIST>" killed "Kitkat<13><VALVE_ID_LAN><CT>" with "aug"
L 08/07/2019 - 12:36:14: "Smolder<4><VALVE_ID_LAN><TERRORIST>" killed "Jack<9><VALVE_ID_LAN><CT>" with "mp5navy"
L 08/07/2019 - 12:36:15: "Gho$T<7><VALVE_ID_LAN><CT>" killed "XXBOT Steel<15><BOT><TERRORIST>" with "xm1014"
L 08/07/2019 - 12:36:19: "Calcas Peludas<10><VALVE_ID_LAN><TERRORIST>" killed "Gho$T<7><VALVE_ID_LAN><CT>" with "aug"
L 08/07/2019 - 12:36:22: "@te<12><VALVE_ID_LAN><CT>" killed "Calcas Peludas<10><VALVE_ID_LAN><TERRORIST>" with "m4a1"
L 08/07/2019 - 12:36:23: "@te<12><VALVE_ID_LAN><CT>" killed "CEIFADOR<3><VALVE_ID_LOOPBACK><TERRORIST>" with "m4a1"
L 08/07/2019 - 12:36:34: "Smolder<4><VALVE_ID_LAN><TERRORIST>" killed "@te<12><VALVE_ID_LAN><CT>" with "mp5navy"
L 08/07/2019 - 12:36:34: Team "TERRORIST" triggered "Terrorists_Win" (CT "13") (T "9")
L 08/07/2019 - 12:36:34: World triggered "Round_End"
L 08/07/2019 - 12:36:36: "Calcas Peludas<10><VALVE_ID_LAN><TERRORIST>" say "camper" (dead)
L 08/07/2019 - 12:36:37: "CEIFADOR<3><VALVE_ID_LOOPBACK><TERRORIST>" say_team "mapa" (dead)
L 08/07/2019 - 12:36:39: "Calcas Peludas<10><VALVE_ID_LAN><TERRORIST>" triggered "Spawned_With_The_Bomb"
L 08/07/2019 - 12:36:39: World triggered "Round_Start"
L 08/07/2019 - 12:36:45: "Calcas Peludas<10><VALVE_ID_LAN><TERRORIST>" killed "Gho$T<7><VALVE_ID_LAN><CT>" with "ak47"
L 08/07/2019 - 12:36:49: "Jack<9><VALVE_ID_LAN><CT>" killed "Smolder<4><VALVE_ID_LAN><TERRORIST>" with "m249"
L 08/07/2019 - 12:36:49: "Calcas Peludas<10><VALVE_ID_LAN><TERRORIST>" killed "Jack<9><VALVE_ID_LAN><CT>" with "ak47"
L 08/07/2019 - 12:36:50: "CEIFADOR<3><VALVE_ID_LOOPBACK><TERRORIST>" killed "@te<12><VALVE_ID_LAN><CT>" with "knife"
L 08/07/2019 - 12:36:51: "XXBOT Steel<15><BOT><TERRORIST>" killed "Kitkat<13><VALVE_ID_LAN><CT>" with "sg552"
L 08/07/2019 - 12:36:51: Team "TERRORIST" triggered "Terrorists_Win" (CT "13") (T "10")
L 08/07/2019 - 12:36:51: World triggered "Round_End"
L 08/07/2019 - 12:36:54: "Smolder<4><VALVE_ID_LAN><TERRORIST>" joined team "TERRORIST"
L 08/07/2019 - 12:36:56: "CEIFADOR<3><VALVE_ID_LOOPBACK><TERRORIST>" triggered "Spawned_With_The_Bomb"
L 08/07/2019 - 12:36:56: World triggered "Round_Start"
L 08/07/2019 - 12:36:57: "Smolder<4><VALVE_ID_LAN><TERRORIST>" joined team "TERRORIST"
L 08/07/2019 - 12:36:59: "CEIFADOR<3><VALVE_ID_LOOPBACK><TERRORIST>" killed "Gho$T<7><VALVE_ID_LAN><CT>" with "aug"
L 08/07/2019 - 12:37:03: "CEIFADOR<3><VALVE_ID_LOOPBACK><TERRORIST>" killed "Jack<9><VALVE_ID_LAN><CT>" with "aug"
L 08/07/2019 - 12:37:05: "XXBOT Steel<15><BOT><TERRORIST>" killed "@te<12><VALVE_ID_LAN><CT>" with "p90"
L 08/07/2019 - 12:37:06: Server cvar "amx_nextmap" = "ak-colt_dust_arena"
L 08/07/2019 - 12:37:06: "Kitkat<13><VALVE_ID_LAN><CT>" killed "XXBOT Steel<15><BOT><TERRORIST>" with "mp5navy"
L 08/07/2019 - 12:37:15: "CEIFADOR<3><VALVE_ID_LOOPBACK><TERRORIST>" killed "Kitkat<13><VALVE_ID_LAN><CT>" with "glock18"
L 08/07/2019 - 12:37:15: Team "TERRORIST" triggered "Terrorists_Win" (CT "13") (T "11")
L 08/07/2019 - 12:37:15: World triggered "Round_End"
L 08/07/2019 - 12:37:20: "CEIFADOR<3><VALVE_ID_LOOPBACK><TERRORIST>" triggered "Spawned_With_The_Bomb"
L 08/07/2019 - 12:37:20: World triggered "Round_Start"
L 08/07/2019 - 12:37:23: "CEIFADOR<3><VALVE_ID_LOOPBACK><TERRORIST>" killed "Gho$T<7><VALVE_ID_LAN><CT>" with "aug"
L 08/07/2019 - 12:37:29: "Jack<9><VALVE_ID_LAN><CT>" killed "Calcas Peludas<10><VALVE_ID_LAN><TERRORIST>" with "mp5navy"
L 08/07/2019 - 12:37:30: "XXBOT Steel<15><BOT><TERRORIST>" killed "Jack<9><VALVE_ID_LAN><CT>" with "glock18"
L 08/07/2019 - 12:37:30: "Smolder<4><VALVE_ID_LAN><TERRORIST>" killed "@te<12><VALVE_ID_LAN><CT>" with "xm1014"
L 08/07/2019 - 12:37:32: "Kitkat<13><VALVE_ID_LAN><CT>" killed "XXBOT Steel<15><BOT><TERRORIST>" with "ak47"
L 08/07/2019 - 12:37:33: "Smolder<4><VALVE_ID_LAN><TERRORIST>" killed "Kitkat<13><VALVE_ID_LAN><CT>" with "xm1014"
L 08/07/2019 - 12:37:33: Team "TERRORIST" triggered "Terrorists_Win" (CT "13") (T "12")
L 08/07/2019 - 12:37:33: World triggered "Round_End"
L 08/07/2019 - 12:37:36: "Calcas Peludas<10><VALVE_ID_LAN><TERRORIST>" say_team "mapa" (dead)
L 08/07/2019 - 12:37:38: "Smolder<4><VALVE_ID_LAN><TERRORIST>" triggered "Spawned_With_The_Bomb"
L 08/07/2019 - 12:37:38: World triggered "Round_Start"
L 08/07/2019 - 12:37:42: "Jack<9><VALVE_ID_LAN><CT>" killed "CEIFADOR<3><VALVE_ID_LOOPBACK><TERRORIST>" with "usp"
L 08/07/2019 - 12:37:43: "Jack<9><VALVE_ID_LAN><CT>" killed "XXBOT Steel<15><BOT><TERRORIST>" with "usp"
L 08/07/2019 - 12:37:43: "Calcas Peludas<10><VALVE_ID_LAN><TERRORIST>" killed "Kitkat<13><VALVE_ID_LAN><CT>" with "aug"
L 08/07/2019 - 12:37:47: "Smolder<4><VALVE_ID_LAN><TERRORIST>" killed "Jack<9><VALVE_ID_LAN><CT>" with "xm1014"
L 08/07/2019 - 12:37:50: "Gho$T<7><VALVE_ID_LAN><CT>" killed "Calcas Peludas<10><VALVE_ID_LAN><TERRORIST>" with "ak47"
L 08/07/2019 - 12:37:51: "Gho$T<7><VALVE_ID_LAN><CT>" killed "Smolder<4><VALVE_ID_LAN><TERRORIST>" with "ak47"
L 08/07/2019 - 12:37:51: Team "CT" triggered "CTs_Win" (CT "14") (T "12")
L 08/07/2019 - 12:37:51: World triggered "Round_End"
L 08/07/2019 - 12:37:54: "CEIFADOR<3><VALVE_ID_LOOPBACK><TERRORIST>" say_team "mapa" (dead)
L 08/07/2019 - 12:37:56: "Calcas Peludas<10><VALVE_ID_LAN><TERRORIST>" triggered "Spawned_With_The_Bomb"
L 08/07/2019 - 12:37:56: World triggered "Round_Start"
L 08/07/2019 - 12:38:00: "Gho$T<7><VALVE_ID_LAN><CT>" killed "Smolder<4><VALVE_ID_LAN><TERRORIST>" with "m4a1"
L 08/07/2019 - 12:38:02: "Calcas Peludas<10><VALVE_ID_LAN><TERRORIST>" killed "Gho$T<7><VALVE_ID_LAN><CT>" with "ak47"
L 08/07/2019 - 12:38:06: "CEIFADOR<3><VALVE_ID_LOOPBACK><TERRORIST>" killed "@te<12><VALVE_ID_LAN><CT>" with "mp5navy"
L 08/07/2019 - 12:38:08: "XXBOT Steel<15><BOT><TERRORIST>" killed "Kitkat<13><VALVE_ID_LAN><CT>" with "sg552"
L 08/07/2019 - 12:38:11: "Jack<9><VALVE_ID_LAN><CT>" killed "XXBOT Steel<15><BOT><TERRORIST>" with "m3"
L 08/07/2019 - 12:38:12: "Calcas Peludas<10><VALVE_ID_LAN><TERRORIST>" killed "Jack<9><VALVE_ID_LAN><CT>" with "ak47"
L 08/07/2019 - 12:38:12: Team "TERRORIST" triggered "Terrorists_Win" (CT "14") (T "13")
L 08/07/2019 - 12:38:12: World triggered "Round_End"
L 08/07/2019 - 12:38:18: "XXBOT Steel<15><BOT><TERRORIST>" triggered "Spawned_With_The_Bomb"
L 08/07/2019 - 12:38:18: World triggered "Round_Start"
L 08/07/2019 - 12:38:22: "Jack<9><VALVE_ID_LAN><CT>" killed "CEIFADOR<3><VALVE_ID_LOOPBACK><TERRORIST>" with "m4a1"
L 08/07/2019 - 12:38:23: "Calcas Peludas<10><VALVE_ID_LAN><TERRORIST>" killed "@te<12><VALVE_ID_LAN><CT>" with "ak47"
L 08/07/2019 - 12:38:26: "Smolder<4><VALVE_ID_LAN><TERRORIST>" killed "Jack<9><VALVE_ID_LAN><CT>" with "mp5navy"
L 08/07/2019 - 12:38:27: "Kitkat<13><VALVE_ID_LAN><CT>" killed "Calcas Peludas<10><VALVE_ID_LAN><TERRORIST>" with "mp5navy"
L 08/07/2019 - 12:38:29: "Kitkat<13><VALVE_ID_LAN><CT>" killed "XXBOT Steel<15><BOT><TERRORIST>" with "mp5navy"
L 08/07/2019 - 12:38:29: "XXBOT Steel<15><BOT><TERRORIST>" triggered "Dropped_The_Bomb"
L 08/07/2019 - 12:38:42: "Smolder<4><VALVE_ID_LAN><TERRORIST>" killed "Kitkat<13><VALVE_ID_LAN><CT>" with "mp5navy"
L 08/07/2019 - 12:38:44: "Smolder<4><VALVE_ID_LAN><TERRORIST>" killed "Gho$T<7><VALVE_ID_LAN><CT>" with "mp5navy"
L 08/07/2019 - 12:38:44: Team "TERRORIST" triggered "Terrorists_Win" (CT "14") (T "14")
L 08/07/2019 - 12:38:44: World triggered "Round_End"
L 08/07/2019 - 12:38:48: "CEIFADOR<3><VALVE_ID_LOOPBACK><TERRORIST>" say_team "segura" (dead)
L 08/07/2019 - 12:38:49: "CEIFADOR<3><VALVE_ID_LOOPBACK><TERRORIST>" triggered "Spawned_With_The_Bomb"
L 08/07/2019 - 12:38:49: World triggered "Round_Start"
L 08/07/2019 - 12:38:52: "Calcas Peludas<10><VALVE_ID_LAN><TERRORIST>" killed "Gho$T<7><VALVE_ID_LAN><CT>" with "awp"
L 08/07/2019 - 12:38:55: "Jack<9><VALVE_ID_LAN><CT>" killed "Smolder<4><VALVE_ID_LAN><TERRORIST>" with "mp5navy"
L 08/07/2019 - 12:38:56: "XXBOT Steel<15><BOT><TERRORIST>" killed "Kitkat<13><VALVE_ID_LAN><CT>" with "g3sg1"
L 08/07/2019 - 12:38:56: "CEIFADOR<3><VALVE_ID_LOOPBACK><TERRORIST>" killed "@te<12><VALVE_ID_LAN><CT>" with "xm1014"
L 08/07/2019 - 12:38:57: "XXBOT Steel<15><BOT><TERRORIST>" killed "Jack<9><VALVE_ID_LAN><CT>" with "g3sg1"
L 08/07/2019 - 12:38:57: Team "TERRORIST" triggered "Terrorists_Win" (CT "14") (T "15")
L 08/07/2019 - 12:38:57: World triggered "Round_End"
L 08/07/2019 - 12:39:00: Team "CT" scored "14" with "4" players
L 08/07/2019 - 12:39:00: Team "TERRORIST" scored "15" with "4" players
L 08/07/2019 - 12:39:03: "CEIFADOR<3><VALVE_ID_LOOPBACK><TERRORIST>" triggered "weaponstats" (weapon "grenade") (shots "4") (hits "6") (kills "0") (headshots "0") (tks "0") (damage "242") (deaths "0")
L 08/07/2019 - 12:39:03: "CEIFADOR<3><VALVE_ID_LOOPBACK><TERRORIST>" triggered "weaponstats2" (weapon "grenade") (head "0") (chest "0") (stomach "0") (leftarm "0") (rightarm "0") (leftleg "0") (rightleg "0")
L 08/07/2019 - 12:39:03: "CEIFADOR<3><VALVE_ID_LOOPBACK><TERRORIST>" triggered "weaponstats" (weapon "xm1014") (shots "10") (hits "4") (kills "2") (headshots "1") (tks "0") (damage "645") (deaths "2")
L 08/07/2019 - 12:39:03: "CEIFADOR<3><VALVE_ID_LOOPBACK><TERRORIST>" triggered "weaponstats2" (weapon "xm1014") (head "1") (chest "1") (stomach "0") (leftarm "0") (rightarm "1") (leftleg "1") (rightleg "0")
L 08/07/2019 - 12:39:03: "CEIFADOR<3><VALVE_ID_LOOPBACK><TERRORIST>" triggered "weaponstats" (weapon "mac10") (shots "34") (hits "1") (kills "1") (headshots "1") (tks "0") (damage "108") (deaths "0")
L 08/07/2019 - 12:39:03: "CEIFADOR<3><VALVE_ID_LOOPBACK><TERRORIST>" triggered "weaponstats2" (weapon "mac10") (head "1") (chest "0") (stomach "0") (leftarm "0") (rightarm "0") (leftleg "0") (rightleg "0")
L 08/07/2019 - 12:39:03: "CEIFADOR<3><VALVE_ID_LOOPBACK><TERRORIST>" triggered "weaponstats" (weapon "aug") (shots "105") (hits "35") (kills "8") (headshots "3") (tks "0") (damage "1247") (deaths "3")
L 08/07/2019 - 12:39:03: "CEIFADOR<3><VALVE_ID_LOOPBACK><TERRORIST>" triggered "weaponstats2" (weapon "aug") (head "3") (chest "5") (stomach "6") (leftarm "9") (rightarm "1") (leftleg "4") (rightleg "7")
L 08/07/2019 - 12:39:03: "CEIFADOR<3><VALVE_ID_LOOPBACK><TERRORIST>" triggered "weaponstats" (weapon "glock18") (shots "10") (hits "4") (kills "1") (headshots "1") (tks "0") (damage "109") (deaths "1")
L 08/07/2019 - 12:39:03: "CEIFADOR<3><VALVE_ID_LOOPBACK><TERRORIST>" triggered "weaponstats2" (weapon "glock18") (head "1") (chest "1") (stomach "1") (leftarm "0") (rightarm "0") (leftleg "1") (rightleg "0")
L 08/07/2019 - 12:39:03: "CEIFADOR<3><VALVE_ID_LOOPBACK><TERRORIST>" triggered "weaponstats" (weapon "awp") (shots "2") (hits "1") (kills "1") (headshots "0") (tks "0") (damage "142") (deaths "0")
L 08/07/2019 - 12:39:03: "CEIFADOR<3><VALVE_ID_LOOPBACK><TERRORIST>" triggered "weaponstats2" (weapon "awp") (head "0") (chest "0") (stomach "1") (leftarm "0") (rightarm "0") (leftleg "0") (rightleg "0")
L 08/07/2019 - 12:39:03: "CEIFADOR<3><VALVE_ID_LOOPBACK><TERRORIST>" triggered "weaponstats" (weapon "mp5navy") (shots "43") (hits "8") (kills "2") (headshots "1") (tks "0") (damage "273") (deaths "2")
L 08/07/2019 - 12:39:03: "CEIFADOR<3><VALVE_ID_LOOPBACK><TERRORIST>" triggered "weaponstats2" (weapon "mp5navy") (head "1") (chest "1") (stomach "0") (leftarm "3") (rightarm "2") (leftleg "1") (rightleg "0")
L 08/07/2019 - 12:39:03: "CEIFADOR<3><VALVE_ID_LOOPBACK><TERRORIST>" triggered "weaponstats" (weapon "m3") (shots "1") (hits "0") (kills "0") (headshots "0") (tks "0") (damage "0") (deaths "0")
L 08/07/2019 - 12:39:03: "CEIFADOR<3><VALVE_ID_LOOPBACK><TERRORIST>" triggered "weaponstats2" (weapon "m3") (head "0") (chest "0") (stomach "0") (leftarm "0") (rightarm "0") (leftleg "0") (rightleg "0")
L 08/07/2019 - 12:39:03: "CEIFADOR<3><VALVE_ID_LOOPBACK><TERRORIST>" triggered "weaponstats" (weapon "m4a1") (shots "37") (hits "8") (kills "2") (headshots "0") (tks "0") (damage "250") (deaths "1")
L 08/07/2019 - 12:39:03: "CEIFADOR<3><VALVE_ID_LOOPBACK><TERRORIST>" triggered "weaponstats2" (weapon "m4a1") (head "0") (chest "2") (stomach "1") (leftarm "1") (rightarm "3") (leftleg "0") (rightleg "1")
L 08/07/2019 - 12:39:03: "CEIFADOR<3><VALVE_ID_LOOPBACK><TERRORIST>" triggered "weaponstats" (weapon "tmp") (shots "31") (hits "5") (kills "0") (headshots "0") (tks "0") (damage "62") (deaths "1")
L 08/07/2019 - 12:39:03: "CEIFADOR<3><VALVE_ID_LOOPBACK><TERRORIST>" triggered "weaponstats2" (weapon "tmp") (head "0") (chest "0") (stomach "0") (leftarm "0") (rightarm "1") (leftleg "3") (rightleg "1")
L 08/07/2019 - 12:39:03: "CEIFADOR<3><VALVE_ID_LOOPBACK><TERRORIST>" triggered "weaponstats" (weapon "g3sg1") (shots "10") (hits "5") (kills "1") (headshots "0") (tks "0") (damage "159") (deaths "0")
L 08/07/2019 - 12:39:03: "CEIFADOR<3><VALVE_ID_LOOPBACK><TERRORIST>" triggered "weaponstats2" (weapon "g3sg1") (head "0") (chest "0") (stomach "0") (leftarm "2") (rightarm "0") (leftleg "1") (rightleg "2")
L 08/07/2019 - 12:39:03: "CEIFADOR<3><VALVE_ID_LOOPBACK><TERRORIST>" triggered "weaponstats" (weapon "ak47") (shots "32") (hits "8") (kills "2") (headshots "0") (tks "0") (damage "219") (deaths "3")
L 08/07/2019 - 12:39:03: "CEIFADOR<3><VALVE_ID_LOOPBACK><TERRORIST>" triggered "weaponstats2" (weapon "ak47") (head "0") (chest "2") (stomach "0") (leftarm "2") (rightarm "3") (leftleg "0") (rightleg "1")
L 08/07/2019 - 12:39:03: "CEIFADOR<3><VALVE_ID_LOOPBACK><TERRORIST>" triggered "weaponstats" (weapon "knife") (shots "3") (hits "1") (kills "1") (headshots "1") (tks "0") (damage "65") (deaths "5")
L 08/07/2019 - 12:39:03: "CEIFADOR<3><VALVE_ID_LOOPBACK><TERRORIST>" triggered "weaponstats2" (weapon "knife") (head "1") (chest "0") (stomach "0") (leftarm "0") (rightarm "0") (leftleg "0") (rightleg "0")
L 08/07/2019 - 12:39:03: "CEIFADOR<3><VALVE_ID_LOOPBACK><TERRORIST>" triggered "time" (time "10:42")
L 08/07/2019 - 12:39:03: "CEIFADOR<3><VALVE_ID_LOOPBACK><TERRORIST>" triggered "latency" (ping "0")
L 08/07/2019 - 12:39:03: "Smolder<4><VALVE_ID_LAN><TERRORIST>" triggered "weaponstats" (weapon "grenade") (shots "7") (hits "7") (kills "0") (headshots "0") (tks "0") (damage "242") (deaths "0")
L 08/07/2019 - 12:39:03: "Smolder<4><VALVE_ID_LAN><TERRORIST>" triggered "weaponstats2" (weapon "grenade") (head "0") (chest "0") (stomach "0") (leftarm "0") (rightarm "0") (leftleg "0") (rightleg "0")
L 08/07/2019 - 12:39:03: "Smolder<4><VALVE_ID_LAN><TERRORIST>" triggered "weaponstats" (weapon "xm1014") (shots "57") (hits "25") (kills "10") (headshots "0") (tks "0") (damage "1498") (deaths "8")
L 08/07/2019 - 12:39:03: "Smolder<4><VALVE_ID_LAN><TERRORIST>" triggered "weaponstats2" (weapon "xm1014") (head "0") (chest "2") (stomach "4") (leftarm "6") (rightarm "6") (leftleg "1") (rightleg "6")
L 08/07/2019 - 12:39:03: "Smolder<4><VALVE_ID_LAN><TERRORIST>" triggered "weaponstats" (weapon "glock18") (shots "2") (hits "0") (kills "0") (headshots "0") (tks "0") (damage "0") (deaths "0")
L 08/07/2019 - 12:39:03: "Smolder<4><VALVE_ID_LAN><TERRORIST>" triggered "weaponstats2" (weapon "glock18") (head "0") (chest "0") (stomach "0") (leftarm "0") (rightarm "0") (leftleg "0") (rightleg "0")
L 08/07/2019 - 12:39:03: "Smolder<4><VALVE_ID_LAN><TERRORIST>" triggered "weaponstats" (weapon "mp5navy") (shots "233") (hits "34") (kills "10") (headshots "2") (tks "0") (damage "929") (deaths "8")
L 08/07/2019 - 12:39:03: "Smolder<4><VALVE_ID_LAN><TERRORIST>" triggered "weaponstats2" (weapon "mp5navy") (head "2") (chest "7") (stomach "6") (leftarm "11") (rightarm "5") (leftleg "0") (rightleg "3")
L 08/07/2019 - 12:39:03: "Smolder<4><VALVE_ID_LAN><TERRORIST>" triggered "weaponstats" (weapon "m4a1") (shots "11") (hits "1") (kills "0") (headshots "0") (tks "0") (damage "31") (deaths "1")
L 08/07/2019 - 12:39:03: "Smolder<4><VALVE_ID_LAN><TERRORIST>" triggered "weaponstats2" (weapon "m4a1") (head "0") (chest "0") (stomach "0") (leftarm "1") (rightarm "0") (leftleg "0") (rightleg "0")
L 08/07/2019 - 12:39:03: "Smolder<4><VALVE_ID_LAN><TERRORIST>" triggered "weaponstats" (weapon "g3sg1") (shots "1") (hits "0") (kills "0") (headshots "0") (tks "0") (damage "0") (deaths "0")
L 08/07/2019 - 12:39:03: "Smolder<4><VALVE_ID_LAN><TERRORIST>" triggered "weaponstats2" (weapon "g3sg1") (head "0") (chest "0") (stomach "0") (leftarm "0") (rightarm "0") (leftleg "0") (rightleg "0")
L 08/07/2019 - 12:39:03: "Smolder<4><VALVE_ID_LAN><TERRORIST>" triggered "weaponstats" (weapon "knife") (shots "4") (hits "1") (kills "1") (headshots "1") (tks "0") (damage "260") (deaths "3")
L 08/07/2019 - 12:39:03: "Smolder<4><VALVE_ID_LAN><TERRORIST>" triggered "weaponstats2" (weapon "knife") (head "1") (chest "0") (stomach "0") (leftarm "0") (rightarm "0") (leftleg "0") (rightleg "0")
L 08/07/2019 - 12:39:03: "Smolder<4><VALVE_ID_LAN><TERRORIST>" triggered "weaponstats" (weapon "p90") (shots "19") (hits "5") (kills "1") (headshots "1") (tks "0") (damage "147") (deaths "1")
L 08/07/2019 - 12:39:03: "Smolder<4><VALVE_ID_LAN><TERRORIST>" triggered "weaponstats2" (weapon "p90") (head "1") (chest "0") (stomach "0") (leftarm "0") (rightarm "1") (leftleg "3") (rightleg "0")
L 08/07/2019 - 12:39:03: "Smolder<4><VALVE_ID_LAN><TERRORIST>" triggered "time" (time "10:30")
L 08/07/2019 - 12:39:03: "Smolder<4><VALVE_ID_LAN><TERRORIST>" triggered "latency" (ping "9")
L 08/07/2019 - 12:39:03: "Calcas Peludas<10><VALVE_ID_LAN><TERRORIST>" triggered "weaponstats" (weapon "grenade") (shots "4") (hits "5") (kills "0") (headshots "0") (tks "0") (damage "138") (deaths "0")
L 08/07/2019 - 12:39:03: "Calcas Peludas<10><VALVE_ID_LAN><TERRORIST>" triggered "weaponstats2" (weapon "grenade") (head "0") (chest "0") (stomach "0") (leftarm "0") (rightarm "0") (leftleg "0") (rightleg "0")
L 08/07/2019 - 12:39:03: "Calcas Peludas<10><VALVE_ID_LAN><TERRORIST>" triggered "weaponstats" (weapon "xm1014") (shots "22") (hits "7") (kills "1") (headshots "0") (tks "0") (damage "429") (deaths "2")
L 08/07/2019 - 12:39:03: "Calcas Peludas<10><VALVE_ID_LAN><TERRORIST>" triggered "weaponstats2" (weapon "xm1014") (head "0") (chest "1") (stomach "0") (leftarm "2") (rightarm "3") (leftleg "0") (rightleg "1")
L 08/07/2019 - 12:39:03: "Calcas Peludas<10><VALVE_ID_LAN><TERRORIST>" triggered "weaponstats" (weapon "aug") (shots "86") (hits "18") (kills "3") (headshots "0") (tks "0") (damage "548") (deaths "2")
L 08/07/2019 - 12:39:03: "Calcas Peludas<10><VALVE_ID_LAN><TERRORIST>" triggered "weaponstats2" (weapon "aug") (head "0") (chest "6") (stomach "2") (leftarm "6") (rightarm "4") (leftleg "0") (rightleg "0")
L 08/07/2019 - 12:39:03: "Calcas Peludas<10><VALVE_ID_LAN><TERRORIST>" triggered "weaponstats" (weapon "glock18") (shots "4") (hits "0") (kills "0") (headshots "0") (tks "0") (damage "0") (deaths "1")
L 08/07/2019 - 12:39:03: "Calcas Peludas<10><VALVE_ID_LAN><TERRORIST>" triggered "weaponstats2" (weapon "glock18") (head "0") (chest "0") (stomach "0") (leftarm "0") (rightarm "0") (leftleg "0") (rightleg "0")
L 08/07/2019 - 12:39:03: "Calcas Peludas<10><VALVE_ID_LAN><TERRORIST>" triggered "weaponstats" (weapon "awp") (shots "3") (hits "2") (kills "2") (headshots "0") (tks "0") (damage "225") (deaths "0")
L 08/07/2019 - 12:39:03: "Calcas Peludas<10><VALVE_ID_LAN><TERRORIST>" triggered "weaponstats2" (weapon "awp") (head "0") (chest "1") (stomach "0") (leftarm "0") (rightarm "1") (leftleg "0") (rightleg "0")
L 08/07/2019 - 12:39:03: "Calcas Peludas<10><VALVE_ID_LAN><TERRORIST>" triggered "weaponstats" (weapon "m249") (shots "20") (hits "6") (kills "0") (headshots "0") (tks "0") (damage "189") (deaths "2")
L 08/07/2019 - 12:39:03: "Calcas Peludas<10><VALVE_ID_LAN><TERRORIST>" triggered "weaponstats2" (weapon "m249") (head "0") (chest "1") (stomach "2") (leftarm "2") (rightarm "0") (leftleg "0") (rightleg "1")
L 08/07/2019 - 12:39:03: "Calcas Peludas<10><VALVE_ID_LAN><TERRORIST>" triggered "weaponstats" (weapon "m3") (shots "2") (hits "1") (kills "0") (headshots "0") (tks "0") (damage "16") (deaths "1")
L 08/07/2019 - 12:39:03: "Calcas Peludas<10><VALVE_ID_LAN><TERRORIST>" triggered "weaponstats2" (weapon "m3") (head "0") (chest "0") (stomach "0") (leftarm "1") (rightarm "0") (leftleg "0") (rightleg "0")
L 08/07/2019 - 12:39:03: "Calcas Peludas<10><VALVE_ID_LAN><TERRORIST>" triggered "weaponstats" (weapon "m4a1") (shots "38") (hits "0") (kills "0") (headshots "0") (tks "0") (damage "0") (deaths "0")
L 08/07/2019 - 12:39:03: "Calcas Peludas<10><VALVE_ID_LAN><TERRORIST>" triggered "weaponstats2" (weapon "m4a1") (head "0") (chest "0") (stomach "0") (leftarm "0") (rightarm "0") (leftleg "0") (rightleg "0")
L 08/07/2019 - 12:39:03: "Calcas Peludas<10><VALVE_ID_LAN><TERRORIST>" triggered "weaponstats" (weapon "tmp") (shots "26") (hits "4") (kills "1") (headshots "0") (tks "0") (damage "116") (deaths "0")
L 08/07/2019 - 12:39:03: "Calcas Peludas<10><VALVE_ID_LAN><TERRORIST>" triggered "weaponstats2" (weapon "tmp") (head "1") (chest "0") (stomach "0") (leftarm "2") (rightarm "1") (leftleg "0") (rightleg "0")
L 08/07/2019 - 12:39:03: "Calcas Peludas<10><VALVE_ID_LAN><TERRORIST>" triggered "weaponstats" (weapon "ak47") (shots "65") (hits "9") (kills "5") (headshots "3") (tks "0") (damage "606") (deaths "4")
L 08/07/2019 - 12:39:03: "Calcas Peludas<10><VALVE_ID_LAN><TERRORIST>" triggered "weaponstats2" (weapon "ak47") (head "3") (chest "2") (stomach "0") (leftarm "4") (rightarm "0") (leftleg "0") (rightleg "0")
L 08/07/2019 - 12:39:03: "Calcas Peludas<10><VALVE_ID_LAN><TERRORIST>" triggered "weaponstats" (weapon "knife") (shots "3") (hits "2") (kills "1") (headshots "1") (tks "0") (damage "130") (deaths "3")
L 08/07/2019 - 12:39:03: "Calcas Peludas<10><VALVE_ID_LAN><TERRORIST>" triggered "weaponstats2" (weapon "knife") (head "1") (chest "0") (stomach "0") (leftarm "1") (rightarm "0") (leftleg "0") (rightleg "0")
L 08/07/2019 - 12:39:03: "Calcas Peludas<10><VALVE_ID_LAN><TERRORIST>" triggered "weaponstats" (weapon "p90") (shots "24") (hits "3") (kills "0") (headshots "0") (tks "0") (damage "52") (deaths "1")
L 08/07/2019 - 12:39:03: "Calcas Peludas<10><VALVE_ID_LAN><TERRORIST>" triggered "weaponstats2" (weapon "p90") (head "0") (chest "1") (stomach "1") (leftarm "1") (rightarm "0") (leftleg "0") (rightleg "0")
L 08/07/2019 - 12:39:03: "Calcas Peludas<10><VALVE_ID_LAN><TERRORIST>" triggered "time" (time "8:12")
L 08/07/2019 - 12:39:03: "Calcas Peludas<10><VALVE_ID_LAN><TERRORIST>" triggered "latency" (ping "8")
L 08/07/2019 - 12:39:03: "Jack<9><VALVE_ID_LAN><CT>" triggered "weaponstats" (weapon "grenade") (shots "4") (hits "4") (kills "0") (headshots "0") (tks "0") (damage "99") (deaths "0")
L 08/07/2019 - 12:39:03: "Jack<9><VALVE_ID_LAN><CT>" triggered "weaponstats2" (weapon "grenade") (head "0") (chest "0") (stomach "0") (leftarm "0") (rightarm "0") (leftleg "0") (rightleg "0")
L 08/07/2019 - 12:39:03: "Jack<9><VALVE_ID_LAN><CT>" triggered "weaponstats" (weapon "usp") (shots "21") (hits "11") (kills "2") (headshots "1") (tks "0") (damage "321") (deaths "2")
L 08/07/2019 - 12:39:03: "Jack<9><VALVE_ID_LAN><CT>" triggered "weaponstats2" (weapon "usp") (head "1") (chest "3") (stomach "0") (leftarm "2") (rightarm "2") (leftleg "0") (rightleg "3")
L 08/07/2019 - 12:39:03: "Jack<9><VALVE_ID_LAN><CT>" triggered "weaponstats" (weapon "mp5navy") (shots "209") (hits "36") (kills "10") (headshots "3") (tks "0") (damage "919") (deaths "4")
L 08/07/2019 - 12:39:03: "Jack<9><VALVE_ID_LAN><CT>" triggered "weaponstats2" (weapon "mp5navy") (head "3") (chest "10") (stomach "3") (leftarm "3") (rightarm "8") (leftleg "4") (rightleg "5")
L 08/07/2019 - 12:39:03: "Jack<9><VALVE_ID_LAN><CT>" triggered "weaponstats" (weapon "m249") (shots "44") (hits "1") (kills "1") (headshots "1") (tks "0") (damage "108") (deaths "1")
L 08/07/2019 - 12:39:03: "Jack<9><VALVE_ID_LAN><CT>" triggered "weaponstats2" (weapon "m249") (head "1") (chest "0") (stomach "0") (leftarm "0") (rightarm "0") (leftleg "0") (rightleg "0")
L 08/07/2019 - 12:39:03: "Jack<9><VALVE_ID_LAN><CT>" triggered "weaponstats" (weapon "m3") (shots "2") (hits "1") (kills "1") (headshots "0") (tks "0") (damage "171") (deaths "1")
L 08/07/2019 - 12:39:03: "Jack<9><VALVE_ID_LAN><CT>" triggered "weaponstats2" (weapon "m3") (head "0") (chest "0") (stomach "1") (leftarm "0") (rightarm "0") (leftleg "0") (rightleg "0")
L 08/07/2019 - 12:39:03: "Jack<9><VALVE_ID_LAN><CT>" triggered "weaponstats" (weapon "m4a1") (shots "89") (hits "11") (kills "4") (headshots "4") (tks "0") (damage "687") (deaths "4")
L 08/07/2019 - 12:39:03: "Jack<9><VALVE_ID_LAN><CT>" triggered "weaponstats2" (weapon "m4a1") (head "4") (chest "1") (stomach "2") (leftarm "1") (rightarm "2") (leftleg "0") (rightleg "1")
L 08/07/2019 - 12:39:03: "Jack<9><VALVE_ID_LAN><CT>" triggered "weaponstats" (weapon "sg552") (shots "9") (hits "2") (kills "0") (headshots "0") (tks "0") (damage "30") (deaths "0")
L 08/07/2019 - 12:39:03: "Jack<9><VALVE_ID_LAN><CT>" triggered "weaponstats2" (weapon "sg552") (head "0") (chest "0") (stomach "0") (leftarm "0") (rightarm "0") (leftleg "1") (rightleg "1")
L 08/07/2019 - 12:39:03: "Jack<9><VALVE_ID_LAN><CT>" triggered "weaponstats" (weapon "ak47") (shots "10") (hits "2") (kills "0") (headshots "0") (tks "0") (damage "78") (deaths "1")
L 08/07/2019 - 12:39:03: "Jack<9><VALVE_ID_LAN><CT>" triggered "weaponstats2" (weapon "ak47") (head "0") (chest "0") (stomach "1") (leftarm "1") (rightarm "0") (leftleg "0") (rightleg "0")
L 08/07/2019 - 12:39:03: "Jack<9><VALVE_ID_LAN><CT>" triggered "weaponstats" (weapon "knife") (shots "7") (hits "2") (kills "2") (headshots "2") (tks "0") (damage "325") (deaths "1")
L 08/07/2019 - 12:39:03: "Jack<9><VALVE_ID_LAN><CT>" triggered "weaponstats2" (weapon "knife") (head "2") (chest "0") (stomach "0") (leftarm "0") (rightarm "0") (leftleg "0") (rightleg "0")
L 08/07/2019 - 12:39:03: "Jack<9><VALVE_ID_LAN><CT>" triggered "weaponstats" (weapon "p90") (shots "11") (hits "7") (kills "1") (headshots "0") (tks "0") (damage "128") (deaths "1")
L 08/07/2019 - 12:39:03: "Jack<9><VALVE_ID_LAN><CT>" triggered "weaponstats2" (weapon "p90") (head "0") (chest "1") (stomach "0") (leftarm "1") (rightarm "4") (leftleg "0") (rightleg "1")
L 08/07/2019 - 12:39:03: "Jack<9><VALVE_ID_LAN><CT>" triggered "time" (time "8:41")
L 08/07/2019 - 12:39:03: "Jack<9><VALVE_ID_LAN><CT>" triggered "latency" (ping "10")
L 08/07/2019 - 12:39:03: "Gho$T<7><VALVE_ID_LAN><CT>" triggered "weaponstats" (weapon "grenade") (shots "6") (hits "8") (kills "0") (headshots "0") (tks "0") (damage "290") (deaths "1")
L 08/07/2019 - 12:39:03: "Gho$T<7><VALVE_ID_LAN><CT>" triggered "weaponstats2" (weapon "grenade") (head "0") (chest "0") (stomach "0") (leftarm "0") (rightarm "0") (leftleg "0") (rightleg "0")
L 08/07/2019 - 12:39:03: "Gho$T<7><VALVE_ID_LAN><CT>" triggered "weaponstats" (weapon "xm1014") (shots "22") (hits "6") (kills "2") (headshots "0") (tks "0") (damage "326") (deaths "4")
L 08/07/2019 - 12:39:03: "Gho$T<7><VALVE_ID_LAN><CT>" triggered "weaponstats2" (weapon "xm1014") (head "1") (chest "0") (stomach "2") (leftarm "1") (rightarm "0") (leftleg "1") (rightleg "1")
L 08/07/2019 - 12:39:03: "Gho$T<7><VALVE_ID_LAN><CT>" triggered "weaponstats" (weapon "usp") (shots "8") (hits "4") (kills "1") (headshots "0") (tks "0") (damage "115") (deaths "1")
L 08/07/2019 - 12:39:03: "Gho$T<7><VALVE_ID_LAN><CT>" triggered "weaponstats2" (weapon "usp") (head "0") (chest "2") (stomach "1") (leftarm "1") (rightarm "0") (leftleg "0") (rightleg "0")
L 08/07/2019 - 12:39:03: "Gho$T<7><VALVE_ID_LAN><CT>" triggered "weaponstats" (weapon "mp5navy") (shots "20") (hits "2") (kills "0") (headshots "0") (tks "0") (damage "36") (deaths "1")
L 08/07/2019 - 12:39:03: "Gho$T<7><VALVE_ID_LAN><CT>" triggered "weaponstats2" (weapon "mp5navy") (head "0") (chest "1") (stomach "0") (leftarm "0") (rightarm "0") (leftleg "0") (rightleg "1")
L 08/07/2019 - 12:39:03: "Gho$T<7><VALVE_ID_LAN><CT>" triggered "weaponstats" (weapon "m3") (shots "15") (hits "10") (kills "6") (headshots "1") (tks "0") (damage "761") (deaths "1")
L 08/07/2019 - 12:39:03: "Gho$T<7><VALVE_ID_LAN><CT>" triggered "weaponstats2" (weapon "m3") (head "2") (chest "1") (stomach "1") (leftarm "2") (rightarm "1") (leftleg "0") (rightleg "3")
L 08/07/2019 - 12:39:03: "Gho$T<7><VALVE_ID_LAN><CT>" triggered "weaponstats" (weapon "m4a1") (shots "6") (hits "4") (kills "1") (headshots "0") (tks "0") (damage "119") (deaths "1")
L 08/07/2019 - 12:39:03: "Gho$T<7><VALVE_ID_LAN><CT>" triggered "weaponstats2" (weapon "m4a1") (head "0") (chest "0") (stomach "0") (leftarm "3") (rightarm "0") (leftleg "0") (rightleg "1")
L 08/07/2019 - 12:39:03: "Gho$T<7><VALVE_ID_LAN><CT>" triggered "weaponstats" (weapon "sg552") (shots "80") (hits "21") (kills "4") (headshots "1") (tks "0") (damage "627") (deaths "5")
L 08/07/2019 - 12:39:03: "Gho$T<7><VALVE_ID_LAN><CT>" triggered "weaponstats2" (weapon "sg552") (head "1") (chest "2") (stomach "4") (leftarm "7") (rightarm "3") (leftleg "0") (rightleg "4")
L 08/07/2019 - 12:39:03: "Gho$T<7><VALVE_ID_LAN><CT>" triggered "weaponstats" (weapon "ak47") (shots "10") (hits "3") (kills "2") (headshots "0") (tks "0") (damage "116") (deaths "0")
L 08/07/2019 - 12:39:03: "Gho$T<7><VALVE_ID_LAN><CT>" triggered "weaponstats2" (weapon "ak47") (head "0") (chest "0") (stomach "2") (leftarm "0") (rightarm "0") (leftleg "0") (rightleg "1")
L 08/07/2019 - 12:39:03: "Gho$T<7><VALVE_ID_LAN><CT>" triggered "weaponstats" (weapon "p90") (shots "123") (hits "18") (kills "4") (headshots "3") (tks "0") (damage "561") (deaths "2")
L 08/07/2019 - 12:39:03: "Gho$T<7><VALVE_ID_LAN><CT>" triggered "weaponstats2" (weapon "p90") (head "4") (chest "1") (stomach "0") (leftarm "6") (rightarm "4") (leftleg "2") (rightleg "1")
L 08/07/2019 - 12:39:03: "Gho$T<7><VALVE_ID_LAN><CT>" triggered "time" (time "9:12")
L 08/07/2019 - 12:39:03: "Gho$T<7><VALVE_ID_LAN><CT>" triggered "latency" (ping "12")
L 08/07/2019 - 12:39:03: "@te<12><VALVE_ID_LAN><CT>" triggered "weaponstats" (weapon "grenade") (shots "3") (hits "6") (kills "2") (headshots "0") (tks "0") (damage "309") (deaths "0")
L 08/07/2019 - 12:39:03: "@te<12><VALVE_ID_LAN><CT>" triggered "weaponstats2" (weapon "grenade") (head "0") (chest "0") (stomach "0") (leftarm "0") (rightarm "0") (leftleg "0") (rightleg "0")
L 08/07/2019 - 12:39:03: "@te<12><VALVE_ID_LAN><CT>" triggered "weaponstats" (weapon "xm1014") (shots "5") (hits "3") (kills "2") (headshots "0") (tks "0") (damage "297") (deaths "3")
L 08/07/2019 - 12:39:03: "@te<12><VALVE_ID_LAN><CT>" triggered "weaponstats2" (weapon "xm1014") (head "0") (chest "0") (stomach "0") (leftarm "1") (rightarm "1") (leftleg "1") (rightleg "0")
L 08/07/2019 - 12:39:03: "@te<12><VALVE_ID_LAN><CT>" triggered "weaponstats" (weapon "mac10") (shots "4") (hits "0") (kills "0") (headshots "0") (tks "0") (damage "0") (deaths "1")
L 08/07/2019 - 12:39:03: "@te<12><VALVE_ID_LAN><CT>" triggered "weaponstats2" (weapon "mac10") (head "0") (chest "0") (stomach "0") (leftarm "0") (rightarm "0") (leftleg "0") (rightleg "0")
L 08/07/2019 - 12:39:03: "@te<12><VALVE_ID_LAN><CT>" triggered "weaponstats" (weapon "mp5navy") (shots "1") (hits "0") (kills "0") (headshots "0") (tks "0") (damage "0") (deaths "0")
L 08/07/2019 - 12:39:03: "@te<12><VALVE_ID_LAN><CT>" triggered "weaponstats2" (weapon "mp5navy") (head "0") (chest "0") (stomach "0") (leftarm "0") (rightarm "0") (leftleg "0") (rightleg "0")
L 08/07/2019 - 12:39:03: "@te<12><VALVE_ID_LAN><CT>" triggered "weaponstats" (weapon "m3") (shots "1") (hits "0") (kills "0") (headshots "0") (tks "0") (damage "0") (deaths "1")
L 08/07/2019 - 12:39:03: "@te<12><VALVE_ID_LAN><CT>" triggered "weaponstats2" (weapon "m3") (head "0") (chest "0") (stomach "0") (leftarm "0") (rightarm "0") (leftleg "0") (rightleg "0")
L 08/07/2019 - 12:39:03: "@te<12><VALVE_ID_LAN><CT>" triggered "weaponstats" (weapon "m4a1") (shots "24") (hits "9") (kills "2") (headshots "0") (tks "0") (damage "253") (deaths "1")
L 08/07/2019 - 12:39:03: "@te<12><VALVE_ID_LAN><CT>" triggered "weaponstats2" (weapon "m4a1") (head "0") (chest "2") (stomach "1") (leftarm "4") (rightarm "1") (leftleg "0") (rightleg "1")
L 08/07/2019 - 12:39:03: "@te<12><VALVE_ID_LAN><CT>" triggered "weaponstats" (weapon "knife") (shots "2") (hits "0") (kills "0") (headshots "0") (tks "0") (damage "0") (deaths "0")
L 08/07/2019 - 12:39:03: "@te<12><VALVE_ID_LAN><CT>" triggered "weaponstats2" (weapon "knife") (head "0") (chest "0") (stomach "0") (leftarm "0") (rightarm "0") (leftleg "0") (rightleg "0")
L 08/07/2019 - 12:39:03: "@te<12><VALVE_ID_LAN><CT>" triggered "time" (time "5:16")
L 08/07/2019 - 12:39:03: "@te<12><VALVE_ID_LAN><CT>" triggered "latency" (ping "10")
L 08/07/2019 - 12:39:03: "Kitkat<13><VALVE_ID_LAN><CT>" triggered "weaponstats" (weapon "aug") (shots "46") (hits "4") (kills "1") (headshots "1") (tks "0") (damage "184") (deaths "3")
L 08/07/2019 - 12:39:03: "Kitkat<13><VALVE_ID_LAN><CT>" triggered "weaponstats2" (weapon "aug") (head "1") (chest "1") (stomach "0") (leftarm "1") (rightarm "0") (leftleg "1") (rightleg "0")
L 08/07/2019 - 12:39:03: "Kitkat<13><VALVE_ID_LAN><CT>" triggered "weaponstats" (weapon "mp5navy") (shots "49") (hits "12") (kills "3") (headshots "2") (tks "0") (damage "357") (deaths "2")
L 08/07/2019 - 12:39:03: "Kitkat<13><VALVE_ID_LAN><CT>" triggered "weaponstats2" (weapon "mp5navy") (head "2") (chest "3") (stomach "0") (leftarm "1") (rightarm "1") (leftleg "1") (rightleg "4")
L 08/07/2019 - 12:39:03: "Kitkat<13><VALVE_ID_LAN><CT>" triggered "weaponstats" (weapon "m249") (shots "7") (hits "0") (kills "0") (headshots "0") (tks "0") (damage "0") (deaths "1")
L 08/07/2019 - 12:39:03: "Kitkat<13><VALVE_ID_LAN><CT>" triggered "weaponstats2" (weapon "m249") (head "0") (chest "0") (stomach "0") (leftarm "0") (rightarm "0") (leftleg "0") (rightleg "0")
L 08/07/2019 - 12:39:03: "Kitkat<13><VALVE_ID_LAN><CT>" triggered "weaponstats" (weapon "tmp") (shots "36") (hits "5") (kills "1") (headshots "1") (tks "0") (damage "209") (deaths "1")
L 08/07/2019 - 12:39:03: "Kitkat<13><VALVE_ID_LAN><CT>" triggered "weaponstats2" (weapon "tmp") (head "2") (chest "1") (stomach "0") (leftarm "0") (rightarm "0") (leftleg "1") (rightleg "1")
L 08/07/2019 - 12:39:03: "Kitkat<13><VALVE_ID_LAN><CT>" triggered "weaponstats" (weapon "g3sg1") (shots "16") (hits "2") (kills "0") (headshots "0") (tks "0") (damage "117") (deaths "1")
L 08/07/2019 - 12:39:03: "Kitkat<13><VALVE_ID_LAN><CT>" triggered "weaponstats2" (weapon "g3sg1") (head "0") (chest "1") (stomach "0") (leftarm "1") (rightarm "0") (leftleg "0") (rightleg "0")
L 08/07/2019 - 12:39:03: "Kitkat<13><VALVE_ID_LAN><CT>" triggered "weaponstats" (weapon "ak47") (shots "27") (hits "2") (kills "1") (headshots "0") (tks "0") (damage "70") (deaths "2")
L 08/07/2019 - 12:39:03: "Kitkat<13><VALVE_ID_LAN><CT>" triggered "weaponstats2" (weapon "ak47") (head "0") (chest "2") (stomach "0") (leftarm "0") (rightarm "0") (leftleg "0") (rightleg "0")
L 08/07/2019 - 12:39:03: "Kitkat<13><VALVE_ID_LAN><CT>" triggered "weaponstats" (weapon "knife") (shots "1") (hits "1") (kills "0") (headshots "0") (tks "0") (damage "65") (deaths "1")
L 08/07/2019 - 12:39:03: "Kitkat<13><VALVE_ID_LAN><CT>" triggered "weaponstats2" (weapon "knife") (head "0") (chest "0") (stomach "0") (leftarm "0") (rightarm "1") (leftleg "0") (rightleg "0")
L 08/07/2019 - 12:39:03: "Kitkat<13><VALVE_ID_LAN><CT>" triggered "time" (time "4:47")
L 08/07/2019 - 12:39:03: "Kitkat<13><VALVE_ID_LAN><CT>" triggered "latency" (ping "8")
L 08/07/2019 - 12:39:03: [META] ini: Begin re-reading plugins list: c:/valve/cstrike/addons/metamod/plugins.ini
L 08/07/2019 - 12:39:03: [META] ini: Read plugin config for: AMX
L 08/07/2019 - 12:39:03: [META] ini: Read plugin config for: WinHL-Booster
L 08/07/2019 - 12:39:03: [META] ERROR: ini: Skipping plugin, couldn't stat file 'addons/hlguard/dlls/hlguard_mm_nightly.dll': No such file or directory
L 08/07/2019 - 12:39:03: [META] ini: Read plugin config for: WebMod
L 08/07/2019 - 12:39:03: [META] ini: Finished reading plugins list: c:/valve/cstrike/addons/metamod/plugins.ini; Found 3 plugins
L 08/07/2019 - 12:39:03: [META] dll: Updating plugins...
L 08/07/2019 - 12:39:03: [META] ERROR: dll: Failed query plugin '<hlguard_mm_nightly.dll>'; Couldn't open file 'addons/hlguard/dlls/hlguard_mm_nightly.dll': Não foi possível encontrar o módulo especificado.

L 08/07/2019 - 12:39:03: [META] ERROR: dll: Skipping plugin '<hlguard_mm_nightly.dll>'; couldn't query
L 08/07/2019 - 12:39:03: [META] dll: Finished updating 6 plugins; kept 3, loaded 0, unloaded 0, reloaded 0, delayed 0
L 08/07/2019 - 12:39:03: Server shutdown
L 08/07/2019 - 12:39:03: Log file closed
