L 08/08/2019 - 12:32:03: Log file started (file "logs\L0808000.log") (game "cstrike") (version "47/1.1.2.2/2603")
L 08/08/2019 - 12:32:04: "Gho$T<4><VALVE_ID_LAN><>" connected, address "10.15.2.123:27005"
L 08/08/2019 - 12:32:04: "Smolder<2><VALVE_ID_LAN><>" entered the game
L 08/08/2019 - 12:32:06: "Jack<3><VALVE_ID_LAN><>" entered the game
L 08/08/2019 - 12:32:07: "Calcas Peludas<5><VALVE_ID_LAN><>" connected, address "10.15.2.230:27005"
L 08/08/2019 - 12:32:08: "Smolder<2><VALVE_ID_LAN><>" joined team "TERRORIST"
L 08/08/2019 - 12:32:09: "Jack<3><VALVE_ID_LAN><>" joined team "CT"
L 08/08/2019 - 12:32:09: World triggered "Game_Commencing"
L 08/08/2019 - 12:32:09: World triggered "Game_Commencing" (CT "0") (T "0")
L 08/08/2019 - 12:32:09: World triggered "Round_End"
L 08/08/2019 - 12:32:10: "Kitkat<6><VALVE_ID_LAN><>" connected, address "10.15.2.133:27005"
L 08/08/2019 - 12:32:11: "Calcas Peludas<5><VALVE_ID_LAN><>" entered the game
L 08/08/2019 - 12:32:12: "Calcas Peludas<5><VALVE_ID_LAN><>" joined team "TERRORIST"
L 08/08/2019 - 12:32:12: "Smolder<2><VALVE_ID_LAN><TERRORIST>" triggered "Spawned_With_The_Bomb"
L 08/08/2019 - 12:32:12: World triggered "Round_Start"
L 08/08/2019 - 12:32:13: "Gho$T<4><VALVE_ID_LAN><>" entered the game
L 08/08/2019 - 12:32:16: "Calcas Peludas<5><VALVE_ID_LAN><TERRORIST>" killed "Jack<3><VALVE_ID_LAN><CT>" with "aug"
L 08/08/2019 - 12:32:16: Team "TERRORIST" triggered "Terrorists_Win" (CT "0") (T "1")
L 08/08/2019 - 12:32:16: World triggered "Round_End"
L 08/08/2019 - 12:32:17: "Gho$T<4><VALVE_ID_LAN><>" joined team "CT"
L 08/08/2019 - 12:32:21: "Calcas Peludas<5><VALVE_ID_LAN><TERRORIST>" triggered "Spawned_With_The_Bomb"
L 08/08/2019 - 12:32:21: World triggered "Round_Start"
L 08/08/2019 - 12:32:22: "Kitkat<6><VALVE_ID_LAN><>" entered the game
L 08/08/2019 - 12:32:24: "Gho$T<4><VALVE_ID_LAN><CT>" killed "Smolder<2><VALVE_ID_LAN><TERRORIST>" with "ak47"
L 08/08/2019 - 12:32:24: "XXBOT Quintin<7><BOT><>" joined team "CT"
L 08/08/2019 - 12:32:24: Server cvar "bot_quota" = "1"
L 08/08/2019 - 12:32:24: "XXBOT Quintin<7><BOT><>" entered the game
L 08/08/2019 - 12:32:26: "Kitkat<6><VALVE_ID_LAN><>" joined team "CT"
L 08/08/2019 - 12:32:27: "CEIFADOR<1><VALVE_ID_LOOPBACK><TERRORIST>" killed "Gho$T<4><VALVE_ID_LAN><CT>" with "mp5navy"
L 08/08/2019 - 12:32:29: "CEIFADOR<1><VALVE_ID_LOOPBACK><TERRORIST>" killed "Jack<3><VALVE_ID_LAN><CT>" with "mp5navy"
L 08/08/2019 - 12:32:30: "XXBOT Quintin<7><BOT><CT>" killed "CEIFADOR<1><VALVE_ID_LOOPBACK><TERRORIST>" with "usp"
L 08/08/2019 - 12:32:42: "Gho$T<4><VALVE_ID_LAN><CT>" say "iiihh" (dead)
L 08/08/2019 - 12:32:42: "@te<8><VALVE_ID_LAN><>" connected, address "10.15.2.86:27005"
L 08/08/2019 - 12:32:47: Server cvar "bot_quota" = "0"
L 08/08/2019 - 12:32:47: Kick: "XXBOT Quintin<7><UNKNOWN><>" was kicked by "CEIFADOR"
L 08/08/2019 - 12:32:47: "XXBOT Quintin<7><BOT><CT>" disconnected
L 08/08/2019 - 12:32:48: "INDIO<9><VALVE_ID_LAN><>" connected, address "10.15.2.117:27005"
L 08/08/2019 - 12:32:53: "@te<10><VALVE_ID_LAN><>" connected, address "10.15.2.86:27005"
L 08/08/2019 - 12:32:53: "INDIO<9><VALVE_ID_LAN><>" entered the game
L 08/08/2019 - 12:32:56: "@te<10><VALVE_ID_LAN><>" entered the game
L 08/08/2019 - 12:32:56: "INDIO<9><VALVE_ID_LAN><>" joined team "CT"
L 08/08/2019 - 12:32:57: "Calcas Peludas<5><VALVE_ID_LAN><TERRORIST>" killed "Kitkat<6><VALVE_ID_LAN><CT>" with "aug"
L 08/08/2019 - 12:32:57: Team "TERRORIST" triggered "Terrorists_Win" (CT "0") (T "2")
L 08/08/2019 - 12:32:57: World triggered "Round_End"
L 08/08/2019 - 12:33:00: "@te<10><VALVE_ID_LAN><>" joined team "CT"
L 08/08/2019 - 12:33:02: "XXBOT Zed<11><BOT><>" joined team "TERRORIST"
L 08/08/2019 - 12:33:02: Server cvar "bot_quota" = "1"
L 08/08/2019 - 12:33:02: "XXBOT Zed<11><BOT><>" entered the game
L 08/08/2019 - 12:33:02: "XXBOT Zed<11><BOT><TERRORIST>" triggered "Spawned_With_The_Bomb"
L 08/08/2019 - 12:33:02: World triggered "Round_Start"
L 08/08/2019 - 12:33:06: "Calcas Peludas<5><VALVE_ID_LAN><TERRORIST>" killed "Gho$T<4><VALVE_ID_LAN><CT>" with "aug"
L 08/08/2019 - 12:33:08: "XXBOT Quintin<12><BOT><>" joined team "TERRORIST"
L 08/08/2019 - 12:33:08: Server cvar "bot_quota" = "2"
L 08/08/2019 - 12:33:08: "XXBOT Quintin<12><BOT><>" entered the game
L 08/08/2019 - 12:33:11: "XXBOT Zed<11><BOT><TERRORIST>" killed "Jack<3><VALVE_ID_LAN><CT>" with "glock18"
L 08/08/2019 - 12:33:15: "XXBOT Zed<11><BOT><TERRORIST>" killed "@te<10><VALVE_ID_LAN><CT>" with "glock18"
L 08/08/2019 - 12:33:15: "INDIO<9><VALVE_ID_LAN><CT>" killed "XXBOT Quintin<12><BOT><TERRORIST>" with "mp5navy"
L 08/08/2019 - 12:33:18: "CEIFADOR<1><VALVE_ID_LOOPBACK><TERRORIST>" killed "INDIO<9><VALVE_ID_LAN><CT>" with "sg552"
L 08/08/2019 - 12:33:18: "XXBOT Zed<11><BOT><TERRORIST>" killed "Kitkat<6><VALVE_ID_LAN><CT>" with "glock18"
L 08/08/2019 - 12:33:18: Team "TERRORIST" triggered "Terrorists_Win" (CT "0") (T "3")
L 08/08/2019 - 12:33:18: World triggered "Round_End"
L 08/08/2019 - 12:33:23: "XXBOT Quintin<12><BOT><TERRORIST>" triggered "Spawned_With_The_Bomb"
L 08/08/2019 - 12:33:23: World triggered "Round_Start"
L 08/08/2019 - 12:33:25: "Gho$T<4><VALVE_ID_LAN><CT>" committed suicide with "world"
L 08/08/2019 - 12:33:25: "Gho$T<4><VALVE_ID_LAN><CT>" joined team "TERRORIST"
L 08/08/2019 - 12:33:26: "INDIO<9><VALVE_ID_LAN><CT>" say_team "mauda kit"
L 08/08/2019 - 12:33:27: "Calcas Peludas<5><VALVE_ID_LAN><TERRORIST>" killed "INDIO<9><VALVE_ID_LAN><CT>" with "xm1014"
L 08/08/2019 - 12:33:28: "Jack<3><VALVE_ID_LAN><CT>" killed "Calcas Peludas<5><VALVE_ID_LAN><TERRORIST>" with "p90"
L 08/08/2019 - 12:33:29: "Smolder<2><VALVE_ID_LAN><TERRORIST>" killed "@te<10><VALVE_ID_LAN><CT>" with "mp5navy"
L 08/08/2019 - 12:33:30: "Smolder<2><VALVE_ID_LAN><TERRORIST>" killed "Kitkat<6><VALVE_ID_LAN><CT>" with "mp5navy"
L 08/08/2019 - 12:33:32: "XXBOT Zed<11><BOT><TERRORIST>" killed "Jack<3><VALVE_ID_LAN><CT>" with "aug"
L 08/08/2019 - 12:33:32: Team "TERRORIST" triggered "Terrorists_Win" (CT "0") (T "4")
L 08/08/2019 - 12:33:32: World triggered "Round_End"
L 08/08/2019 - 12:33:37: "XXBOT Quintin<12><BOT><TERRORIST>" triggered "Spawned_With_The_Bomb"
L 08/08/2019 - 12:33:37: World triggered "Round_Start"
L 08/08/2019 - 12:33:38: "INDIO<9><VALVE_ID_LAN><CT>" triggered "weaponstats" (weapon "mp5navy") (shots "50") (hits "9") (kills "1") (headshots "1") (tks "0") (damage "202") (deaths "1")
L 08/08/2019 - 12:33:38: "INDIO<9><VALVE_ID_LAN><CT>" triggered "weaponstats2" (weapon "mp5navy") (head "1") (chest "0") (stomach "0") (leftarm "0") (rightarm "4") (leftleg "0") (rightleg "4")
L 08/08/2019 - 12:33:38: "INDIO<9><VALVE_ID_LAN><CT>" triggered "time" (time "0:44")
L 08/08/2019 - 12:33:38: "INDIO<9><VALVE_ID_LAN><CT>" triggered "latency" (ping "11")
L 08/08/2019 - 12:33:38: "INDIO<9><VALVE_ID_LAN><CT>" disconnected
L 08/08/2019 - 12:33:41: Server cvar "bot_quota" = "1"
L 08/08/2019 - 12:33:41: Server cvar "bot_quota" = "0"
L 08/08/2019 - 12:33:41: Kick: "XXBOT Zed<11><UNKNOWN><>" was kicked by "CEIFADOR"
L 08/08/2019 - 12:33:41: "XXBOT Zed<11><BOT><TERRORIST>" disconnected
L 08/08/2019 - 12:33:41: Kick: "XXBOT Quintin<12><UNKNOWN><>" was kicked by "CEIFADOR"
L 08/08/2019 - 12:33:41: "XXBOT Quintin<12><BOT><TERRORIST>" triggered "Dropped_The_Bomb"
L 08/08/2019 - 12:33:41: "XXBOT Quintin<12><BOT><TERRORIST>" disconnected
L 08/08/2019 - 12:33:48: "Gho$T<4><VALVE_ID_LAN><TERRORIST>" committed suicide with "world"
L 08/08/2019 - 12:33:48: "Gho$T<4><VALVE_ID_LAN><TERRORIST>" joined team "CT"
L 08/08/2019 - 12:33:49: "Smolder<2><VALVE_ID_LAN><TERRORIST>" killed "Kitkat<6><VALVE_ID_LAN><CT>" with "mp5navy"
L 08/08/2019 - 12:33:50: "Calcas Peludas<5><VALVE_ID_LAN><TERRORIST>" killed "Jack<3><VALVE_ID_LAN><CT>" with "aug"
L 08/08/2019 - 12:33:54: "Kitkat<6><VALVE_ID_LAN><CT>" say "o que" (dead)
L 08/08/2019 - 12:33:55: "Smolder<2><VALVE_ID_LAN><TERRORIST>" killed "@te<10><VALVE_ID_LAN><CT>" with "knife"
L 08/08/2019 - 12:33:55: Team "TERRORIST" triggered "Terrorists_Win" (CT "0") (T "5")
L 08/08/2019 - 12:33:55: World triggered "Round_End"
L 08/08/2019 - 12:33:57: "Gho$T<4><VALVE_ID_LAN><CT>" say "kd o indio" (dead)
L 08/08/2019 - 12:34:00: "CEIFADOR<1><VALVE_ID_LOOPBACK><TERRORIST>" triggered "Spawned_With_The_Bomb"
L 08/08/2019 - 12:34:00: World triggered "Round_Start"
L 08/08/2019 - 12:34:02: "XXBOT Minh<13><BOT><>" joined team "TERRORIST"
L 08/08/2019 - 12:34:02: Server cvar "bot_quota" = "1"
L 08/08/2019 - 12:34:02: "XXBOT Minh<13><BOT><>" entered the game
L 08/08/2019 - 12:34:08: "Smolder<2><VALVE_ID_LAN><TERRORIST>" killed "Kitkat<6><VALVE_ID_LAN><CT>" with "mp5navy"
L 08/08/2019 - 12:34:09: "XXBOT Minh<13><BOT><TERRORIST>" killed "Gho$T<4><VALVE_ID_LAN><CT>" with "glock18"
L 08/08/2019 - 12:34:13: "XXBOT Minh<13><BOT><TERRORIST>" killed "@te<10><VALVE_ID_LAN><CT>" with "glock18"
L 08/08/2019 - 12:34:16: "Jack<3><VALVE_ID_LAN><CT>" killed "Calcas Peludas<5><VALVE_ID_LAN><TERRORIST>" with "m4a1"
L 08/08/2019 - 12:34:17: "XXBOT Minh<13><BOT><TERRORIST>" killed "Jack<3><VALVE_ID_LAN><CT>" with "glock18"
L 08/08/2019 - 12:34:17: Team "TERRORIST" triggered "Terrorists_Win" (CT "0") (T "6")
L 08/08/2019 - 12:34:17: World triggered "Round_End"
L 08/08/2019 - 12:34:22: "Smolder<2><VALVE_ID_LAN><TERRORIST>" triggered "Spawned_With_The_Bomb"
L 08/08/2019 - 12:34:22: World triggered "Round_Start"
L 08/08/2019 - 12:34:27: "Jack<3><VALVE_ID_LAN><CT>" killed "XXBOT Minh<13><BOT><TERRORIST>" with "m4a1"
L 08/08/2019 - 12:34:27: "CEIFADOR<1><VALVE_ID_LOOPBACK><TERRORIST>" killed "Gho$T<4><VALVE_ID_LAN><CT>" with "grenade"
L 08/08/2019 - 12:34:27: "@te<10><VALVE_ID_LAN><CT>" killed "Calcas Peludas<5><VALVE_ID_LAN><TERRORIST>" with "mp5navy"
L 08/08/2019 - 12:34:32: "Smolder<2><VALVE_ID_LAN><TERRORIST>" killed "Kitkat<6><VALVE_ID_LAN><CT>" with "mp5navy"
L 08/08/2019 - 12:34:33: "Smolder<2><VALVE_ID_LAN><TERRORIST>" killed "@te<10><VALVE_ID_LAN><CT>" with "mp5navy"
L 08/08/2019 - 12:34:33: "Calcas Peludas<5><VALVE_ID_LAN><TERRORIST>" triggered "weaponstats" (weapon "grenade") (shots "2") (hits "4") (kills "0") (headshots "0") (tks "0") (damage "118") (deaths "0")
L 08/08/2019 - 12:34:33: "Calcas Peludas<5><VALVE_ID_LAN><TERRORIST>" triggered "weaponstats2" (weapon "grenade") (head "0") (chest "0") (stomach "0") (leftarm "0") (rightarm "0") (leftleg "0") (rightleg "0")
L 08/08/2019 - 12:34:33: "Calcas Peludas<5><VALVE_ID_LAN><TERRORIST>" triggered "weaponstats" (weapon "xm1014") (shots "6") (hits "4") (kills "1") (headshots "1") (tks "0") (damage "164") (deaths "2")
L 08/08/2019 - 12:34:33: "Calcas Peludas<5><VALVE_ID_LAN><TERRORIST>" triggered "weaponstats2" (weapon "xm1014") (head "1") (chest "0") (stomach "0") (leftarm "1") (rightarm "1") (leftleg "0") (rightleg "1")
L 08/08/2019 - 12:34:33: "Calcas Peludas<5><VALVE_ID_LAN><TERRORIST>" triggered "weaponstats" (weapon "aug") (shots "123") (hits "25") (kills "4") (headshots "0") (tks "0") (damage "605") (deaths "0")
L 08/08/2019 - 12:34:33: "Calcas Peludas<5><VALVE_ID_LAN><TERRORIST>" triggered "weaponstats2" (weapon "aug") (head "0") (chest "2") (stomach "4") (leftarm "9") (rightarm "6") (leftleg "2") (rightleg "2")
L 08/08/2019 - 12:34:33: "Calcas Peludas<5><VALVE_ID_LAN><TERRORIST>" triggered "weaponstats" (weapon "glock18") (shots "1") (hits "0") (kills "0") (headshots "0") (tks "0") (damage "0") (deaths "0")
L 08/08/2019 - 12:34:33: "Calcas Peludas<5><VALVE_ID_LAN><TERRORIST>" triggered "weaponstats2" (weapon "glock18") (head "0") (chest "0") (stomach "0") (leftarm "0") (rightarm "0") (leftleg "0") (rightleg "0")
L 08/08/2019 - 12:34:33: "Calcas Peludas<5><VALVE_ID_LAN><TERRORIST>" triggered "weaponstats" (weapon "tmp") (shots "23") (hits "3") (kills "0") (headshots "0") (tks "0") (damage "47") (deaths "0")
L 08/08/2019 - 12:34:33: "Calcas Peludas<5><VALVE_ID_LAN><TERRORIST>" triggered "weaponstats2" (weapon "tmp") (head "0") (chest "1") (stomach "0") (leftarm "1") (rightarm "1") (leftleg "0") (rightleg "0")
L 08/08/2019 - 12:34:33: "Calcas Peludas<5><VALVE_ID_LAN><TERRORIST>" triggered "weaponstats" (weapon "sg552") (shots "3") (hits "0") (kills "0") (headshots "0") (tks "0") (damage "0") (deaths "1")
L 08/08/2019 - 12:34:33: "Calcas Peludas<5><VALVE_ID_LAN><TERRORIST>" triggered "weaponstats2" (weapon "sg552") (head "0") (chest "0") (stomach "0") (leftarm "0") (rightarm "0") (leftleg "0") (rightleg "0")
L 08/08/2019 - 12:34:33: "Calcas Peludas<5><VALVE_ID_LAN><TERRORIST>" triggered "time" (time "2:10")
L 08/08/2019 - 12:34:33: "Calcas Peludas<5><VALVE_ID_LAN><TERRORIST>" triggered "latency" (ping "8")
L 08/08/2019 - 12:34:33: "Calcas Peludas<5><VALVE_ID_LAN><TERRORIST>" disconnected
L 08/08/2019 - 12:34:34: "CEIFADOR<1><VALVE_ID_LOOPBACK><TERRORIST>" killed "Jack<3><VALVE_ID_LAN><CT>" with "knife"
L 08/08/2019 - 12:34:34: Team "TERRORIST" triggered "Terrorists_Win" (CT "0") (T "7")
L 08/08/2019 - 12:34:34: World triggered "Round_End"
L 08/08/2019 - 12:34:35: "Calcas Peludas<14><VALVE_ID_LAN><>" connected, address "10.15.2.230:27005"
L 08/08/2019 - 12:34:38: "Calcas Peludas<14><VALVE_ID_LAN><>" entered the game
L 08/08/2019 - 12:34:39: "Calcas Peludas<14><VALVE_ID_LAN><>" joined team "TERRORIST"
L 08/08/2019 - 12:34:39: "Calcas Peludas<14><VALVE_ID_LAN><TERRORIST>" triggered "Spawned_With_The_Bomb"
L 08/08/2019 - 12:34:39: World triggered "Round_Start"
L 08/08/2019 - 12:34:46: "Gho$T<4><VALVE_ID_LAN><CT>" killed "Calcas Peludas<14><VALVE_ID_LAN><TERRORIST>" with "p90"
L 08/08/2019 - 12:34:46: "Calcas Peludas<14><VALVE_ID_LAN><TERRORIST>" triggered "Dropped_The_Bomb"
L 08/08/2019 - 12:34:48: "CEIFADOR<1><VALVE_ID_LOOPBACK><TERRORIST>" killed "Jack<3><VALVE_ID_LAN><CT>" with "xm1014"
L 08/08/2019 - 12:34:49: "XXBOT Minh<13><BOT><TERRORIST>" killed "Gho$T<4><VALVE_ID_LAN><CT>" with "xm1014"
L 08/08/2019 - 12:34:50: "Calcas Peludas<14><VALVE_ID_LAN><TERRORIST>" triggered "weaponstats" (weapon "aug") (shots "2") (hits "0") (kills "0") (headshots "0") (tks "0") (damage "0") (deaths "0")
L 08/08/2019 - 12:34:50: "Calcas Peludas<14><VALVE_ID_LAN><TERRORIST>" triggered "weaponstats2" (weapon "aug") (head "0") (chest "0") (stomach "0") (leftarm "0") (rightarm "0") (leftleg "0") (rightleg "0")
L 08/08/2019 - 12:34:50: "Calcas Peludas<14><VALVE_ID_LAN><TERRORIST>" triggered "time" (time "0:12")
L 08/08/2019 - 12:34:50: "Calcas Peludas<14><VALVE_ID_LAN><TERRORIST>" triggered "latency" (ping "0")
L 08/08/2019 - 12:34:50: "Calcas Peludas<14><VALVE_ID_LAN><TERRORIST>" disconnected
L 08/08/2019 - 12:34:53: "Smolder<2><VALVE_ID_LAN><TERRORIST>" killed "Kitkat<6><VALVE_ID_LAN><CT>" with "mp5navy"
L 08/08/2019 - 12:34:53: "CEIFADOR<1><VALVE_ID_LOOPBACK><TERRORIST>" killed "@te<10><VALVE_ID_LAN><CT>" with "xm1014"
L 08/08/2019 - 12:34:53: Team "TERRORIST" triggered "Terrorists_Win" (CT "0") (T "8")
L 08/08/2019 - 12:34:53: World triggered "Round_End"
L 08/08/2019 - 12:34:58: "CEIFADOR<1><VALVE_ID_LOOPBACK><TERRORIST>" triggered "Spawned_With_The_Bomb"
L 08/08/2019 - 12:34:58: World triggered "Round_Start"
L 08/08/2019 - 12:35:04: "Gho$T<4><VALVE_ID_LAN><CT>" killed "Smolder<2><VALVE_ID_LAN><TERRORIST>" with "m3"
L 08/08/2019 - 12:35:06: "CEIFADOR<1><VALVE_ID_LOOPBACK><TERRORIST>" killed "Jack<3><VALVE_ID_LAN><CT>" with "xm1014"
L 08/08/2019 - 12:35:06: "Gho$T<4><VALVE_ID_LAN><CT>" killed "CEIFADOR<1><VALVE_ID_LOOPBACK><TERRORIST>" with "m3"
L 08/08/2019 - 12:35:06: "CEIFADOR<1><VALVE_ID_LOOPBACK><TERRORIST>" triggered "Dropped_The_Bomb"
L 08/08/2019 - 12:35:07: "XXBOT Minh<13><BOT><TERRORIST>" killed "Gho$T<4><VALVE_ID_LAN><CT>" with "xm1014"
L 08/08/2019 - 12:35:17: "XXBOT Crusher<15><BOT><>" joined team "TERRORIST"
L 08/08/2019 - 12:35:17: Server cvar "bot_quota" = "2"
L 08/08/2019 - 12:35:17: "XXBOT Crusher<15><BOT><>" entered the game
L 08/08/2019 - 12:35:17: "Calcas Peludas<16><VALVE_ID_LAN><>" connected, address "10.15.2.230:27005"
L 08/08/2019 - 12:35:18: "Kitkat<6><VALVE_ID_LAN><CT>" killed "XXBOT Minh<13><BOT><TERRORIST>" with "ak47"
L 08/08/2019 - 12:35:19: "XXBOT Crusher<15><BOT><TERRORIST>" killed "@te<10><VALVE_ID_LAN><CT>" with "glock18"
L 08/08/2019 - 12:35:20: "Calcas Peludas<16><VALVE_ID_LAN><>" entered the game
L 08/08/2019 - 12:35:21: "Gho$T<4><VALVE_ID_LAN><CT>" say "calcas ta jogando remoto e" (dead)
L 08/08/2019 - 12:35:22: "Calcas Peludas<16><VALVE_ID_LAN><>" joined team "TERRORIST"
L 08/08/2019 - 12:35:23: Server cvar "bot_quota" = "1"
L 08/08/2019 - 12:35:23: Server cvar "bot_quota" = "0"
L 08/08/2019 - 12:35:23: Kick: "XXBOT Crusher<15><UNKNOWN><>" was kicked by "CEIFADOR"
L 08/08/2019 - 12:35:23: "XXBOT Crusher<15><BOT><TERRORIST>" disconnected
L 08/08/2019 - 12:35:23: Team "CT" triggered "CTs_Win" (CT "1") (T "8")
L 08/08/2019 - 12:35:23: World triggered "Round_End"
L 08/08/2019 - 12:35:23: Kick: "XXBOT Minh<13><UNKNOWN><>" was kicked by "CEIFADOR"
L 08/08/2019 - 12:35:23: "XXBOT Minh<13><BOT><TERRORIST>" disconnected
L 08/08/2019 - 12:35:28: "Smolder<2><VALVE_ID_LAN><TERRORIST>" triggered "Spawned_With_The_Bomb"
L 08/08/2019 - 12:35:28: World triggered "Round_Start"
L 08/08/2019 - 12:35:30: "XXBOT Ringo<17><BOT><>" joined team "TERRORIST"
L 08/08/2019 - 12:35:30: Server cvar "bot_quota" = "1"
L 08/08/2019 - 12:35:30: "XXBOT Ringo<17><BOT><>" entered the game
L 08/08/2019 - 12:35:32: "XXBOT Ringo<17><BOT><TERRORIST>" killed "Gho$T<4><VALVE_ID_LAN><CT>" with "glock18"
L 08/08/2019 - 12:35:33: "Jack<3><VALVE_ID_LAN><CT>" killed "XXBOT Ringo<17><BOT><TERRORIST>" with "m4a1"
L 08/08/2019 - 12:35:37: "Kitkat<6><VALVE_ID_LAN><CT>" killed "Calcas Peludas<16><VALVE_ID_LAN><TERRORIST>" with "ak47"
L 08/08/2019 - 12:35:37: "Smolder<2><VALVE_ID_LAN><TERRORIST>" killed "Jack<3><VALVE_ID_LAN><CT>" with "m4a1"
L 08/08/2019 - 12:35:38: "Kitkat<6><VALVE_ID_LAN><CT>" killed "CEIFADOR<1><VALVE_ID_LOOPBACK><TERRORIST>" with "ak47"
L 08/08/2019 - 12:35:39: "Gho$T<4><VALVE_ID_LAN><CT>" say "porra e calcas" (dead)
L 08/08/2019 - 12:35:44: "Gho$T<4><VALVE_ID_LAN><CT>" say "jogado remoto e" (dead)
L 08/08/2019 - 12:35:45: "Calcas Peludas<16><VALVE_ID_LAN><TERRORIST>" say "sei nao" (dead)
L 08/08/2019 - 12:35:53: "@te<10><VALVE_ID_LAN><CT>" killed "Smolder<2><VALVE_ID_LAN><TERRORIST>" with "xm1014"
L 08/08/2019 - 12:35:53: Team "CT" triggered "CTs_Win" (CT "2") (T "8")
L 08/08/2019 - 12:35:53: World triggered "Round_End"
L 08/08/2019 - 12:35:53: "Calcas Peludas<16><VALVE_ID_LAN><TERRORIST>" say "caindo 2 x ja" (dead)
L 08/08/2019 - 12:35:56: "CEIFADOR<1><VALVE_ID_LOOPBACK><TERRORIST>" say "sai e bvolta da gota" (dead)
L 08/08/2019 - 12:35:58: "XXBOT Ringo<17><BOT><TERRORIST>" triggered "Spawned_With_The_Bomb"
L 08/08/2019 - 12:35:58: World triggered "Round_Start"
L 08/08/2019 - 12:36:02: "Gho$T<4><VALVE_ID_LAN><CT>" killed "XXBOT Ringo<17><BOT><TERRORIST>" with "p90"
L 08/08/2019 - 12:36:02: "XXBOT Ringo<17><BOT><TERRORIST>" triggered "Dropped_The_Bomb"
L 08/08/2019 - 12:36:03: "CEIFADOR<1><VALVE_ID_LOOPBACK><TERRORIST>" killed "@te<10><VALVE_ID_LAN><CT>" with "m4a1"
L 08/08/2019 - 12:36:04: "CEIFADOR<1><VALVE_ID_LOOPBACK><TERRORIST>" killed "Jack<3><VALVE_ID_LAN><CT>" with "m4a1"
L 08/08/2019 - 12:36:05: "Smolder<2><VALVE_ID_LAN><TERRORIST>" killed "Gho$T<4><VALVE_ID_LAN><CT>" with "mp5navy"
L 08/08/2019 - 12:36:11: "Smolder<2><VALVE_ID_LAN><TERRORIST>" killed "Kitkat<6><VALVE_ID_LAN><CT>" with "mp5navy"
L 08/08/2019 - 12:36:11: Team "TERRORIST" triggered "Terrorists_Win" (CT "2") (T "9")
L 08/08/2019 - 12:36:11: World triggered "Round_End"
L 08/08/2019 - 12:36:16: "Gho$T<4><VALVE_ID_LAN><CT>" say "geracao incompetente" (dead)
L 08/08/2019 - 12:36:16: "Calcas Peludas<16><VALVE_ID_LAN><TERRORIST>" triggered "Spawned_With_The_Bomb"
L 08/08/2019 - 12:36:16: World triggered "Round_Start"
L 08/08/2019 - 12:36:16: "Jack<3><VALVE_ID_LAN><CT>" say "quem viado jogou a bomba no proprio time..carai"
L 08/08/2019 - 12:36:21: "CEIFADOR<1><VALVE_ID_LOOPBACK><TERRORIST>" killed "Kitkat<6><VALVE_ID_LAN><CT>" with "m4a1"
L 08/08/2019 - 12:36:24: "Gho$T<4><VALVE_ID_LAN><CT>" killed "XXBOT Ringo<17><BOT><TERRORIST>" with "m4a1"
L 08/08/2019 - 12:36:24: "Smolder<2><VALVE_ID_LAN><TERRORIST>" killed "Gho$T<4><VALVE_ID_LAN><CT>" with "mp5navy"
L 08/08/2019 - 12:36:26: "Jack<3><VALVE_ID_LAN><CT>" killed "Calcas Peludas<16><VALVE_ID_LAN><TERRORIST>" with "mp5navy"
L 08/08/2019 - 12:36:26: "Calcas Peludas<16><VALVE_ID_LAN><TERRORIST>" triggered "Dropped_The_Bomb"
L 08/08/2019 - 12:36:26: "Smolder<2><VALVE_ID_LAN><TERRORIST>" triggered "Got_The_Bomb"
L 08/08/2019 - 12:36:26: "@te<10><VALVE_ID_LAN><CT>" killed "Smolder<2><VALVE_ID_LAN><TERRORIST>" with "p90"
L 08/08/2019 - 12:36:26: "Smolder<2><VALVE_ID_LAN><TERRORIST>" triggered "Dropped_The_Bomb"
L 08/08/2019 - 12:36:27: "@te<10><VALVE_ID_LAN><CT>" killed "Jack<3><VALVE_ID_LAN><CT>" with "p90"
L 08/08/2019 - 12:36:31: "Calcas Peludas<16><VALVE_ID_LAN><TERRORIST>" say_team "faca " (dead)
L 08/08/2019 - 12:36:32: "CEIFADOR<1><VALVE_ID_LOOPBACK><TERRORIST>" killed "@te<10><VALVE_ID_LAN><CT>" with "m4a1"
L 08/08/2019 - 12:36:32: Team "TERRORIST" triggered "Terrorists_Win" (CT "2") (T "10")
L 08/08/2019 - 12:36:32: World triggered "Round_End"
L 08/08/2019 - 12:36:35: "Calcas Peludas<16><VALVE_ID_LAN><TERRORIST>" say_team "usar faca" (dead)
L 08/08/2019 - 12:36:37: "CEIFADOR<1><VALVE_ID_LOOPBACK><TERRORIST>" triggered "Spawned_With_The_Bomb"
L 08/08/2019 - 12:36:37: World triggered "Round_Start"
L 08/08/2019 - 12:36:37: "@te<10><VALVE_ID_LAN><CT>" committed suicide with "world"
L 08/08/2019 - 12:36:42: "Gho$T<4><VALVE_ID_LAN><CT>" killed "CEIFADOR<1><VALVE_ID_LOOPBACK><TERRORIST>" with "xm1014"
L 08/08/2019 - 12:36:42: "CEIFADOR<1><VALVE_ID_LOOPBACK><TERRORIST>" triggered "Dropped_The_Bomb"
L 08/08/2019 - 12:36:42: "Jack<3><VALVE_ID_LAN><CT>" killed "Smolder<2><VALVE_ID_LAN><TERRORIST>" with "usp"
L 08/08/2019 - 12:36:43: "Gho$T<4><VALVE_ID_LAN><CT>" killed "Calcas Peludas<16><VALVE_ID_LAN><TERRORIST>" with "xm1014"
L 08/08/2019 - 12:36:47: "Gho$T<4><VALVE_ID_LAN><CT>" killed "XXBOT Ringo<17><BOT><TERRORIST>" with "xm1014"
L 08/08/2019 - 12:36:47: Team "CT" triggered "CTs_Win" (CT "3") (T "10")
L 08/08/2019 - 12:36:47: World triggered "Round_End"
L 08/08/2019 - 12:36:52: "Smolder<2><VALVE_ID_LAN><TERRORIST>" triggered "Spawned_With_The_Bomb"
L 08/08/2019 - 12:36:52: World triggered "Round_Start"
L 08/08/2019 - 12:36:52: "Smolder<2><VALVE_ID_LAN><TERRORIST>" say "trocou por um pacote na hora da bomba"
L 08/08/2019 - 12:36:56: "Calcas Peludas<16><VALVE_ID_LAN><TERRORIST>" killed "Gho$T<4><VALVE_ID_LAN><CT>" with "p90"
L 08/08/2019 - 12:36:57: "Smolder<2><VALVE_ID_LAN><TERRORIST>" killed "Kitkat<6><VALVE_ID_LAN><CT>" with "xm1014"
L 08/08/2019 - 12:36:58: "Smolder<2><VALVE_ID_LAN><TERRORIST>" killed "Jack<3><VALVE_ID_LAN><CT>" with "xm1014"
L 08/08/2019 - 12:37:03: "@te<10><VALVE_ID_LAN><CT>" killed "Smolder<2><VALVE_ID_LAN><TERRORIST>" with "xm1014"
L 08/08/2019 - 12:37:03: "Smolder<2><VALVE_ID_LAN><TERRORIST>" triggered "Dropped_The_Bomb"
L 08/08/2019 - 12:37:04: "Calcas Peludas<16><VALVE_ID_LAN><TERRORIST>" killed "@te<10><VALVE_ID_LAN><CT>" with "m3"
L 08/08/2019 - 12:37:04: Team "TERRORIST" triggered "Terrorists_Win" (CT "3") (T "11")
L 08/08/2019 - 12:37:04: World triggered "Round_End"
L 08/08/2019 - 12:37:09: "XXBOT Ringo<17><BOT><TERRORIST>" triggered "Spawned_With_The_Bomb"
L 08/08/2019 - 12:37:09: World triggered "Round_Start"
L 08/08/2019 - 12:37:15: "Smolder<2><VALVE_ID_LAN><TERRORIST>" killed "Jack<3><VALVE_ID_LAN><CT>" with "mp5navy"
L 08/08/2019 - 12:37:16: "Gho$T<4><VALVE_ID_LAN><CT>" killed "CEIFADOR<1><VALVE_ID_LOOPBACK><TERRORIST>" with "sg552"
L 08/08/2019 - 12:37:17: "Gho$T<4><VALVE_ID_LAN><CT>" killed "XXBOT Ringo<17><BOT><TERRORIST>" with "sg552"
L 08/08/2019 - 12:37:17: "XXBOT Ringo<17><BOT><TERRORIST>" triggered "Dropped_The_Bomb"
L 08/08/2019 - 12:37:17: "@te<10><VALVE_ID_LAN><CT>" killed "Smolder<2><VALVE_ID_LAN><TERRORIST>" with "xm1014"
L 08/08/2019 - 12:37:19: "Calcas Peludas<16><VALVE_ID_LAN><TERRORIST>" killed "Gho$T<4><VALVE_ID_LAN><CT>" with "m3"
L 08/08/2019 - 12:37:22: "Calcas Peludas<16><VALVE_ID_LAN><TERRORIST>" killed "@te<10><VALVE_ID_LAN><CT>" with "m3"
L 08/08/2019 - 12:37:36: "Calcas Peludas<16><VALVE_ID_LAN><TERRORIST>" killed "Kitkat<6><VALVE_ID_LAN><CT>" with "aug"
L 08/08/2019 - 12:37:36: Team "TERRORIST" triggered "Terrorists_Win" (CT "3") (T "12")
L 08/08/2019 - 12:37:36: World triggered "Round_End"
L 08/08/2019 - 12:37:41: Log file closed
