L 08/06/2019 - 12:39:01: Log file started (file "logs\L0806003.log") (game "cstrike") (version "47/1.1.2.2/2603")
L 08/06/2019 - 12:39:02: "Cap Billy<19><VALVE_ID_LAN><>" joined team "CT"
L 08/06/2019 - 12:39:02: World triggered "Game_Commencing"
L 08/06/2019 - 12:39:02: World triggered "Game_Commencing" (CT "0") (T "0")
L 08/06/2019 - 12:39:02: World triggered "Round_End"
L 08/06/2019 - 12:39:02: "Calcas Peludas<20><VALVE_ID_LAN><>" joined team "TERRORIST"
L 08/06/2019 - 12:39:02: "Jack<22><VALVE_ID_LAN><>" entered the game
L 08/06/2019 - 12:39:03: "Kitkat<18><VALVE_ID_LAN><>" joined team "CT"
L 08/06/2019 - 12:39:03: "Gho$T<23><VALVE_ID_LAN><>" connected, address "10.15.2.123:27005"
L 08/06/2019 - 12:39:04: "Jack<22><VALVE_ID_LAN><>" joined team "CT"
L 08/06/2019 - 12:39:05: World triggered "Round_Start"
L 08/06/2019 - 12:39:06: "Gho$T<23><VALVE_ID_LAN><>" entered the game
L 08/06/2019 - 12:39:08: "Gho$T<23><VALVE_ID_LAN><>" joined team "CT"
L 08/06/2019 - 12:39:10: "Kitkat<18><VALVE_ID_LAN><CT>" killed "CEIFADOR<17><VALVE_ID_LOOPBACK><TERRORIST>" with "glock18"
L 08/06/2019 - 12:39:10: "Gho$T<23><VALVE_ID_LAN><CT>" committed suicide with "world"
L 08/06/2019 - 12:39:10: "Gho$T<23><VALVE_ID_LAN><CT>" joined team "TERRORIST"
L 08/06/2019 - 12:39:14: "Kitkat<18><VALVE_ID_LAN><CT>" killed "XXBOT Joe<21><BOT><TERRORIST>" with "glock18"
L 08/06/2019 - 12:39:15: "Calcas Peludas<20><VALVE_ID_LAN><TERRORIST>" killed "Kitkat<18><VALVE_ID_LAN><CT>" with "glock18"
L 08/06/2019 - 12:39:16: "@te<24><VALVE_ID_LAN><>" connected, address "10.15.2.86:27005"
L 08/06/2019 - 12:39:17: "Calcas Peludas<20><VALVE_ID_LAN><TERRORIST>" killed "Cap Billy<19><VALVE_ID_LAN><CT>" with "glock18"
L 08/06/2019 - 12:39:19: "@te<24><VALVE_ID_LAN><>" entered the game
L 08/06/2019 - 12:39:21: "@te<24><VALVE_ID_LAN><>" joined team "CT"
L 08/06/2019 - 12:39:21: "Calcas Peludas<20><VALVE_ID_LAN><TERRORIST>" killed "Jack<22><VALVE_ID_LAN><CT>" with "glock18"
L 08/06/2019 - 12:39:21: Team "TERRORIST" triggered "Terrorists_Win" (CT "0") (T "1")
L 08/06/2019 - 12:39:21: World triggered "Round_End"
L 08/06/2019 - 12:39:26: World triggered "Round_Start"
L 08/06/2019 - 12:39:33: "Jack<22><VALVE_ID_LAN><CT>" killed "CEIFADOR<17><VALVE_ID_LOOPBACK><TERRORIST>" with "glock18"
L 08/06/2019 - 12:39:34: "Kitkat<18><VALVE_ID_LAN><CT>" killed "Calcas Peludas<20><VALVE_ID_LAN><TERRORIST>" with "glock18"
L 08/06/2019 - 12:39:36: "Cap Billy<19><VALVE_ID_LAN><CT>" killed "Gho$T<23><VALVE_ID_LAN><TERRORIST>" with "glock18"
L 08/06/2019 - 12:39:38: "XXBOT Joe<21><BOT><TERRORIST>" killed "Jack<22><VALVE_ID_LAN><CT>" with "glock18"
L 08/06/2019 - 12:39:39: "Cap Billy<19><VALVE_ID_LAN><CT>" killed "XXBOT Joe<21><BOT><TERRORIST>" with "glock18"
L 08/06/2019 - 12:39:39: Team "CT" triggered "CTs_Win" (CT "1") (T "1")
L 08/06/2019 - 12:39:39: World triggered "Round_End"
L 08/06/2019 - 12:39:44: World triggered "Round_Start"
L 08/06/2019 - 12:39:45: "Cap Billy<19><VALVE_ID_LAN><CT>" say_team "SALVEI O GHOST"
L 08/06/2019 - 12:39:50: "CEIFADOR<17><VALVE_ID_LOOPBACK><TERRORIST>" killed "Kitkat<18><VALVE_ID_LAN><CT>" with "glock18"
L 08/06/2019 - 12:39:53: "Cap Billy<19><VALVE_ID_LAN><CT>" killed "Gho$T<23><VALVE_ID_LAN><TERRORIST>" with "glock18"
L 08/06/2019 - 12:39:53: "CEIFADOR<17><VALVE_ID_LOOPBACK><TERRORIST>" killed "Jack<22><VALVE_ID_LAN><CT>" with "glock18"
L 08/06/2019 - 12:39:58: "@te<24><VALVE_ID_LAN><CT>" killed "Calcas Peludas<20><VALVE_ID_LAN><TERRORIST>" with "glock18"
L 08/06/2019 - 12:40:00: "CEIFADOR<17><VALVE_ID_LOOPBACK><TERRORIST>" killed "Cap Billy<19><VALVE_ID_LAN><CT>" with "glock18"
L 08/06/2019 - 12:40:08: "Cap Billy<19><VALVE_ID_LAN><CT>" say "malz jakck" (dead)
L 08/06/2019 - 12:40:11: "Jack<22><VALVE_ID_LAN><CT>" say "vcs tao ouvindo eco no jogo pergunto" (dead)
L 08/06/2019 - 12:40:11: "XXBOT Joe<21><BOT><TERRORIST>" killed "@te<24><VALVE_ID_LAN><CT>" with "glock18"
L 08/06/2019 - 12:40:11: Team "TERRORIST" triggered "Terrorists_Win" (CT "1") (T "2")
L 08/06/2019 - 12:40:11: World triggered "Round_End"
L 08/06/2019 - 12:40:16: World triggered "Round_Start"
L 08/06/2019 - 12:40:24: "Gho$T<23><VALVE_ID_LAN><TERRORIST>" killed "Kitkat<18><VALVE_ID_LAN><CT>" with "glock18"
L 08/06/2019 - 12:40:25: "Jack<22><VALVE_ID_LAN><CT>" killed "CEIFADOR<17><VALVE_ID_LOOPBACK><TERRORIST>" with "glock18"
L 08/06/2019 - 12:40:26: "Calcas Peludas<20><VALVE_ID_LAN><TERRORIST>" killed "Cap Billy<19><VALVE_ID_LAN><CT>" with "glock18"
L 08/06/2019 - 12:40:26: "@te<24><VALVE_ID_LAN><CT>" killed "XXBOT Joe<21><BOT><TERRORIST>" with "glock18"
L 08/06/2019 - 12:40:29: "Calcas Peludas<20><VALVE_ID_LAN><TERRORIST>" killed "Jack<22><VALVE_ID_LAN><CT>" with "glock18"
L 08/06/2019 - 12:40:30: "Cap Billy<19><VALVE_ID_LAN><CT>" say_team "eh do outro mapa" (dead)
L 08/06/2019 - 12:40:33: "Calcas Peludas<20><VALVE_ID_LAN><TERRORIST>" killed "@te<24><VALVE_ID_LAN><CT>" with "glock18"
L 08/06/2019 - 12:40:33: Team "TERRORIST" triggered "Terrorists_Win" (CT "1") (T "3")
L 08/06/2019 - 12:40:33: World triggered "Round_End"
L 08/06/2019 - 12:40:33: "Cap Billy<19><VALVE_ID_LAN><CT>" say_team "do gladiator" (dead)
L 08/06/2019 - 12:40:36: "Jack<22><VALVE_ID_LAN><CT>" say "carai" (dead)
L 08/06/2019 - 12:40:38: World triggered "Round_Start"
L 08/06/2019 - 12:40:39: "Cap Billy<19><VALVE_ID_LAN><CT>" say_team "tem que sair do jogo e entrar novamente"
L 08/06/2019 - 12:40:44: "Calcas Peludas<20><VALVE_ID_LAN><TERRORIST>" killed "Cap Billy<19><VALVE_ID_LAN><CT>" with "glock18"
L 08/06/2019 - 12:40:45: "Jack<22><VALVE_ID_LAN><CT>" killed "XXBOT Joe<21><BOT><TERRORIST>" with "glock18"
L 08/06/2019 - 12:40:45: "@te<24><VALVE_ID_LAN><CT>" killed "Gho$T<23><VALVE_ID_LAN><TERRORIST>" with "glock18"
L 08/06/2019 - 12:40:46: "CEIFADOR<17><VALVE_ID_LOOPBACK><TERRORIST>" killed "@te<24><VALVE_ID_LAN><CT>" with "glock18"
L 08/06/2019 - 12:40:46: "Jack<22><VALVE_ID_LAN><CT>" killed "Calcas Peludas<20><VALVE_ID_LAN><TERRORIST>" with "glock18"
L 08/06/2019 - 12:40:50: "Kitkat<18><VALVE_ID_LAN><CT>" killed "CEIFADOR<17><VALVE_ID_LOOPBACK><TERRORIST>" with "glock18"
L 08/06/2019 - 12:40:50: Team "CT" triggered "CTs_Win" (CT "2") (T "3")
L 08/06/2019 - 12:40:50: World triggered "Round_End"
L 08/06/2019 - 12:40:55: World triggered "Round_Start"
L 08/06/2019 - 12:40:57: "Jack<22><VALVE_ID_LAN><CT>" say "ta massa com eco"
L 08/06/2019 - 12:41:01: "Cap Billy<19><VALVE_ID_LAN><CT>" killed "XXBOT Joe<21><BOT><TERRORIST>" with "glock18"
L 08/06/2019 - 12:41:02: "Gho$T<23><VALVE_ID_LAN><TERRORIST>" killed "Cap Billy<19><VALVE_ID_LAN><CT>" with "glock18"
L 08/06/2019 - 12:41:05: "Gho$T<23><VALVE_ID_LAN><TERRORIST>" killed "@te<24><VALVE_ID_LAN><CT>" with "glock18"
L 08/06/2019 - 12:41:08: "Jack<22><VALVE_ID_LAN><CT>" killed "Gho$T<23><VALVE_ID_LAN><TERRORIST>" with "glock18"
L 08/06/2019 - 12:41:09: "Kitkat<18><VALVE_ID_LAN><CT>" killed "Calcas Peludas<20><VALVE_ID_LAN><TERRORIST>" with "glock18"
L 08/06/2019 - 12:41:10: "Jack<22><VALVE_ID_LAN><CT>" killed "CEIFADOR<17><VALVE_ID_LOOPBACK><TERRORIST>" with "glock18"
L 08/06/2019 - 12:41:10: Team "CT" triggered "CTs_Win" (CT "3") (T "3")
L 08/06/2019 - 12:41:10: World triggered "Round_End"
L 08/06/2019 - 12:41:15: World triggered "Round_Start"
L 08/06/2019 - 12:41:15: "Cap Billy<19><VALVE_ID_LAN><CT>" say_team "os cara tao me matando com um tiro de longe"
L 08/06/2019 - 12:41:20: "Calcas Peludas<20><VALVE_ID_LAN><TERRORIST>" killed "Jack<22><VALVE_ID_LAN><CT>" with "glock18"
L 08/06/2019 - 12:41:26: "XXBOT Joe<21><BOT><TERRORIST>" killed "@te<24><VALVE_ID_LAN><CT>" with "glock18"
L 08/06/2019 - 12:41:26: "Kitkat<18><VALVE_ID_LAN><CT>" killed "XXBOT Joe<21><BOT><TERRORIST>" with "glock18"
L 08/06/2019 - 12:41:28: "CEIFADOR<17><VALVE_ID_LOOPBACK><TERRORIST>" killed "Kitkat<18><VALVE_ID_LAN><CT>" with "glock18"
L 08/06/2019 - 12:41:29: "Gho$T<23><VALVE_ID_LAN><TERRORIST>" killed "Cap Billy<19><VALVE_ID_LAN><CT>" with "knife"
L 08/06/2019 - 12:41:29: Team "TERRORIST" triggered "Terrorists_Win" (CT "3") (T "4")
L 08/06/2019 - 12:41:29: World triggered "Round_End"
L 08/06/2019 - 12:41:33: "Calcas Peludas<20><VALVE_ID_LAN><TERRORIST>" say_team "capitao ima"
L 08/06/2019 - 12:41:34: World triggered "Round_Start"
L 08/06/2019 - 12:41:34: "Gho$T<23><VALVE_ID_LAN><TERRORIST>" say "mal cap"
L 08/06/2019 - 12:41:39: "@te<24><VALVE_ID_LAN><CT>" killed "Calcas Peludas<20><VALVE_ID_LAN><TERRORIST>" with "glock18"
L 08/06/2019 - 12:41:40: "CEIFADOR<17><VALVE_ID_LOOPBACK><TERRORIST>" killed "Cap Billy<19><VALVE_ID_LAN><CT>" with "glock18"
L 08/06/2019 - 12:41:40: "@te<24><VALVE_ID_LAN><CT>" killed "Gho$T<23><VALVE_ID_LAN><TERRORIST>" with "glock18"
L 08/06/2019 - 12:41:44: "Jack<22><VALVE_ID_LAN><CT>" killed "XXBOT Joe<21><BOT><TERRORIST>" with "glock18"
L 08/06/2019 - 12:41:47: "Kitkat<18><VALVE_ID_LAN><CT>" killed "CEIFADOR<17><VALVE_ID_LOOPBACK><TERRORIST>" with "glock18"
L 08/06/2019 - 12:41:47: Team "CT" triggered "CTs_Win" (CT "4") (T "4")
L 08/06/2019 - 12:41:47: World triggered "Round_End"
L 08/06/2019 - 12:41:48: "Calcas Peludas<20><VALVE_ID_LAN><TERRORIST>" say_team "faca no capitao" (dead)
L 08/06/2019 - 12:41:52: World triggered "Round_Start"
L 08/06/2019 - 12:41:59: "Jack<22><VALVE_ID_LAN><CT>" killed "CEIFADOR<17><VALVE_ID_LOOPBACK><TERRORIST>" with "glock18"
L 08/06/2019 - 12:41:59: "Gho$T<23><VALVE_ID_LAN><TERRORIST>" killed "@te<24><VALVE_ID_LAN><CT>" with "glock18"
L 08/06/2019 - 12:42:01: "Jack<22><VALVE_ID_LAN><CT>" killed "Gho$T<23><VALVE_ID_LAN><TERRORIST>" with "glock18"
L 08/06/2019 - 12:42:01: "Cap Billy<19><VALVE_ID_LAN><CT>" killed "XXBOT Joe<21><BOT><TERRORIST>" with "glock18"
L 08/06/2019 - 12:42:04: "Kitkat<18><VALVE_ID_LAN><CT>" killed "Calcas Peludas<20><VALVE_ID_LAN><TERRORIST>" with "glock18"
L 08/06/2019 - 12:42:04: Team "CT" triggered "CTs_Win" (CT "5") (T "4")
L 08/06/2019 - 12:42:04: World triggered "Round_End"
L 08/06/2019 - 12:42:09: World triggered "Round_Start"
L 08/06/2019 - 12:42:15: "Jack<22><VALVE_ID_LAN><CT>" killed "Gho$T<23><VALVE_ID_LAN><TERRORIST>" with "glock18"
L 08/06/2019 - 12:42:17: "Calcas Peludas<20><VALVE_ID_LAN><TERRORIST>" killed "Kitkat<18><VALVE_ID_LAN><CT>" with "glock18"
L 08/06/2019 - 12:42:21: "Jack<22><VALVE_ID_LAN><CT>" killed "CEIFADOR<17><VALVE_ID_LOOPBACK><TERRORIST>" with "glock18"
L 08/06/2019 - 12:42:22: "Jack<22><VALVE_ID_LAN><CT>" killed "XXBOT Joe<21><BOT><TERRORIST>" with "glock18"
L 08/06/2019 - 12:42:30: "Calcas Peludas<20><VALVE_ID_LAN><TERRORIST>" killed "Cap Billy<19><VALVE_ID_LAN><CT>" with "glock18"
L 08/06/2019 - 12:42:31: "Jack<22><VALVE_ID_LAN><CT>" killed "Calcas Peludas<20><VALVE_ID_LAN><TERRORIST>" with "glock18"
L 08/06/2019 - 12:42:31: Team "CT" triggered "CTs_Win" (CT "6") (T "4")
L 08/06/2019 - 12:42:31: World triggered "Round_End"
L 08/06/2019 - 12:42:36: World triggered "Round_Start"
L 08/06/2019 - 12:42:42: "Calcas Peludas<20><VALVE_ID_LAN><TERRORIST>" killed "Jack<22><VALVE_ID_LAN><CT>" with "glock18"
L 08/06/2019 - 12:42:44: "Kitkat<18><VALVE_ID_LAN><CT>" killed "XXBOT Joe<21><BOT><TERRORIST>" with "glock18"
L 08/06/2019 - 12:42:45: "Calcas Peludas<20><VALVE_ID_LAN><TERRORIST>" killed "Kitkat<18><VALVE_ID_LAN><CT>" with "glock18"
L 08/06/2019 - 12:42:47: "Gho$T<23><VALVE_ID_LAN><TERRORIST>" killed "@te<24><VALVE_ID_LAN><CT>" with "knife"
L 08/06/2019 - 12:42:51: "Cap Billy<19><VALVE_ID_LAN><CT>" killed "Gho$T<23><VALVE_ID_LAN><TERRORIST>" with "glock18"
L 08/06/2019 - 12:42:55: "Cap Billy<19><VALVE_ID_LAN><CT>" killed "Calcas Peludas<20><VALVE_ID_LAN><TERRORIST>" with "glock18"
L 08/06/2019 - 12:42:57: "CEIFADOR<17><VALVE_ID_LOOPBACK><TERRORIST>" killed "Cap Billy<19><VALVE_ID_LAN><CT>" with "glock18"
L 08/06/2019 - 12:42:57: Team "TERRORIST" triggered "Terrorists_Win" (CT "6") (T "5")
L 08/06/2019 - 12:42:57: World triggered "Round_End"
L 08/06/2019 - 12:43:02: World triggered "Round_Start"
L 08/06/2019 - 12:43:06: "Kitkat<18><VALVE_ID_LAN><CT>" killed "Calcas Peludas<20><VALVE_ID_LAN><TERRORIST>" with "glock18"
L 08/06/2019 - 12:43:08: "CEIFADOR<17><VALVE_ID_LOOPBACK><TERRORIST>" killed "Kitkat<18><VALVE_ID_LAN><CT>" with "glock18"
L 08/06/2019 - 12:43:08: "Gho$T<23><VALVE_ID_LAN><TERRORIST>" killed "Jack<22><VALVE_ID_LAN><CT>" with "glock18"
L 08/06/2019 - 12:43:08: "Cap Billy<19><VALVE_ID_LAN><CT>" killed "CEIFADOR<17><VALVE_ID_LOOPBACK><TERRORIST>" with "glock18"
L 08/06/2019 - 12:43:13: "Cap Billy<19><VALVE_ID_LAN><CT>" killed "XXBOT Joe<21><BOT><TERRORIST>" with "knife"
L 08/06/2019 - 12:43:14: "Gho$T<23><VALVE_ID_LAN><TERRORIST>" killed "@te<24><VALVE_ID_LAN><CT>" with "knife"
L 08/06/2019 - 12:43:16: "Cap Billy<19><VALVE_ID_LAN><CT>" killed "Gho$T<23><VALVE_ID_LAN><TERRORIST>" with "glock18"
L 08/06/2019 - 12:43:16: Team "CT" triggered "CTs_Win" (CT "7") (T "5")
L 08/06/2019 - 12:43:16: World triggered "Round_End"
L 08/06/2019 - 12:43:19: "Calcas Peludas<20><VALVE_ID_LAN><TERRORIST>" say "papa bot" (dead)
L 08/06/2019 - 12:43:21: World triggered "Round_Start"
L 08/06/2019 - 12:43:29: "Calcas Peludas<20><VALVE_ID_LAN><TERRORIST>" killed "Cap Billy<19><VALVE_ID_LAN><CT>" with "glock18"
L 08/06/2019 - 12:43:30: "Jack<22><VALVE_ID_LAN><CT>" killed "XXBOT Joe<21><BOT><TERRORIST>" with "glock18"
L 08/06/2019 - 12:43:32: "Calcas Peludas<20><VALVE_ID_LAN><TERRORIST>" killed "@te<24><VALVE_ID_LAN><CT>" with "glock18"
L 08/06/2019 - 12:43:32: "Kitkat<18><VALVE_ID_LAN><CT>" killed "Gho$T<23><VALVE_ID_LAN><TERRORIST>" with "glock18"
L 08/06/2019 - 12:43:36: "Jack<22><VALVE_ID_LAN><CT>" killed "CEIFADOR<17><VALVE_ID_LOOPBACK><TERRORIST>" with "glock18"
L 08/06/2019 - 12:43:36: "Calcas Peludas<20><VALVE_ID_LAN><TERRORIST>" killed "Jack<22><VALVE_ID_LAN><CT>" with "glock18"
L 08/06/2019 - 12:43:43: "Cap Billy<19><VALVE_ID_LAN><CT>" say_team "tao me matando com um tiroooo" (dead)
L 08/06/2019 - 12:43:47: "Cap Billy<19><VALVE_ID_LAN><CT>" say_team "puta que pariu" (dead)
L 08/06/2019 - 12:43:48: "Jack<22><VALVE_ID_LAN><CT>" say "bota o capacete" (dead)
L 08/06/2019 - 12:43:53: "Cap Billy<19><VALVE_ID_LAN><CT>" say_team "kkkkkkkk" (dead)
L 08/06/2019 - 12:43:55: "Cap Billy<19><VALVE_ID_LAN><CT>" say_team "ta foda" (dead)
L 08/06/2019 - 12:43:58: "Calcas Peludas<20><VALVE_ID_LAN><TERRORIST>" killed "Kitkat<18><VALVE_ID_LAN><CT>" with "glock18"
L 08/06/2019 - 12:43:58: Team "TERRORIST" triggered "Terrorists_Win" (CT "7") (T "6")
L 08/06/2019 - 12:43:58: World triggered "Round_End"
L 08/06/2019 - 12:44:03: World triggered "Round_Start"
L 08/06/2019 - 12:44:04: "Jack<22><VALVE_ID_LAN><CT>" say "vinte anos nessa porra e nao aprendeu"
L 08/06/2019 - 12:44:08: "Cap Billy<19><VALVE_ID_LAN><CT>" killed "Gho$T<23><VALVE_ID_LAN><TERRORIST>" with "glock18"
L 08/06/2019 - 12:44:09: "CEIFADOR<17><VALVE_ID_LOOPBACK><TERRORIST>" killed "Cap Billy<19><VALVE_ID_LAN><CT>" with "glock18"
L 08/06/2019 - 12:44:12: "Calcas Peludas<20><VALVE_ID_LAN><TERRORIST>" killed "@te<24><VALVE_ID_LAN><CT>" with "glock18"
L 08/06/2019 - 12:44:16: "CEIFADOR<17><VALVE_ID_LOOPBACK><TERRORIST>" killed "Jack<22><VALVE_ID_LAN><CT>" with "glock18"
L 08/06/2019 - 12:44:18: "@te<24><VALVE_ID_LAN><CT>" say_team "fica" (dead)
L 08/06/2019 - 12:44:19: "Calcas Peludas<20><VALVE_ID_LAN><TERRORIST>" killed "Kitkat<18><VALVE_ID_LAN><CT>" with "glock18"
L 08/06/2019 - 12:44:19: Team "TERRORIST" triggered "Terrorists_Win" (CT "7") (T "7")
L 08/06/2019 - 12:44:19: World triggered "Round_End"
L 08/06/2019 - 12:44:24: World triggered "Round_Start"
L 08/06/2019 - 12:44:25: "Cap Billy<19><VALVE_ID_LAN><CT>" say_team "vc ta fcuano"
L 08/06/2019 - 12:44:31: "Kitkat<18><VALVE_ID_LAN><CT>" killed "Calcas Peludas<20><VALVE_ID_LAN><TERRORIST>" with "glock18"
L 08/06/2019 - 12:44:35: "Jack<22><VALVE_ID_LAN><CT>" killed "Gho$T<23><VALVE_ID_LAN><TERRORIST>" with "glock18"
L 08/06/2019 - 12:44:38: "Kitkat<18><VALVE_ID_LAN><CT>" killed "CEIFADOR<17><VALVE_ID_LOOPBACK><TERRORIST>" with "glock18"
L 08/06/2019 - 12:44:42: "XXBOT Joe<21><BOT><TERRORIST>" killed "@te<24><VALVE_ID_LAN><CT>" with "glock18"
L 08/06/2019 - 12:44:43: "Cap Billy<19><VALVE_ID_LAN><CT>" killed "XXBOT Joe<21><BOT><TERRORIST>" with "glock18"
L 08/06/2019 - 12:44:43: Team "CT" triggered "CTs_Win" (CT "8") (T "7")
L 08/06/2019 - 12:44:43: World triggered "Round_End"
L 08/06/2019 - 12:44:47: "Gho$T<23><VALVE_ID_LAN><TERRORIST>" say "timeleft" (dead)
L 08/06/2019 - 12:44:48: World triggered "Round_Start"
L 08/06/2019 - 12:44:57: "Kitkat<18><VALVE_ID_LAN><CT>" killed "XXBOT Joe<21><BOT><TERRORIST>" with "glock18"
L 08/06/2019 - 12:44:58: "Jack<22><VALVE_ID_LAN><CT>" killed "CEIFADOR<17><VALVE_ID_LOOPBACK><TERRORIST>" with "glock18"
L 08/06/2019 - 12:45:00: "Gho$T<23><VALVE_ID_LAN><TERRORIST>" killed "Cap Billy<19><VALVE_ID_LAN><CT>" with "glock18"
L 08/06/2019 - 12:45:02: "Gho$T<23><VALVE_ID_LAN><TERRORIST>" killed "Jack<22><VALVE_ID_LAN><CT>" with "glock18"
L 08/06/2019 - 12:45:10: "@te<24><VALVE_ID_LAN><CT>" killed "Calcas Peludas<20><VALVE_ID_LAN><TERRORIST>" with "glock18"
L 08/06/2019 - 12:45:15: "Gho$T<23><VALVE_ID_LAN><TERRORIST>" killed "Kitkat<18><VALVE_ID_LAN><CT>" with "glock18"
L 08/06/2019 - 12:45:24: "@te<24><VALVE_ID_LAN><CT>" killed "Gho$T<23><VALVE_ID_LAN><TERRORIST>" with "glock18"
L 08/06/2019 - 12:45:24: Team "CT" triggered "CTs_Win" (CT "9") (T "7")
L 08/06/2019 - 12:45:24: World triggered "Round_End"
L 08/06/2019 - 12:45:28: "Calcas Peludas<20><VALVE_ID_LAN><TERRORIST>" say_team "nano" (dead)
L 08/06/2019 - 12:45:29: World triggered "Round_Start"
L 08/06/2019 - 12:45:33: "Calcas Peludas<20><VALVE_ID_LAN><TERRORIST>" killed "Kitkat<18><VALVE_ID_LAN><CT>" with "glock18"
L 08/06/2019 - 12:45:40: "Cap Billy<19><VALVE_ID_LAN><CT>" killed "CEIFADOR<17><VALVE_ID_LOOPBACK><TERRORIST>" with "glock18"
L 08/06/2019 - 12:45:41: "Gho$T<23><VALVE_ID_LAN><TERRORIST>" killed "Jack<22><VALVE_ID_LAN><CT>" with "glock18"
L 08/06/2019 - 12:45:42: "XXBOT Joe<21><BOT><TERRORIST>" killed "Cap Billy<19><VALVE_ID_LAN><CT>" with "glock18"
L 08/06/2019 - 12:45:44: "@te<24><VALVE_ID_LAN><CT>" killed "Gho$T<23><VALVE_ID_LAN><TERRORIST>" with "glock18"
L 08/06/2019 - 12:45:44: "Calcas Peludas<20><VALVE_ID_LAN><TERRORIST>" killed "@te<24><VALVE_ID_LAN><CT>" with "glock18"
L 08/06/2019 - 12:45:44: Team "TERRORIST" triggered "Terrorists_Win" (CT "9") (T "8")
L 08/06/2019 - 12:45:44: World triggered "Round_End"
L 08/06/2019 - 12:45:49: "Cap Billy<19><VALVE_ID_LAN><CT>" say_team "ta uma merda" (dead)
L 08/06/2019 - 12:45:49: "CEIFADOR<17><VALVE_ID_LOOPBACK><TERRORIST>" say_team "mapas" (dead)
L 08/06/2019 - 12:45:49: World triggered "Round_Start"
L 08/06/2019 - 12:45:56: "Jack<22><VALVE_ID_LAN><CT>" killed "CEIFADOR<17><VALVE_ID_LOOPBACK><TERRORIST>" with "glock18"
L 08/06/2019 - 12:46:00: "Gho$T<23><VALVE_ID_LAN><TERRORIST>" killed "Kitkat<18><VALVE_ID_LAN><CT>" with "glock18"
L 08/06/2019 - 12:46:03: "Calcas Peludas<20><VALVE_ID_LAN><TERRORIST>" killed "Jack<22><VALVE_ID_LAN><CT>" with "glock18"
L 08/06/2019 - 12:46:04: "Cap Billy<19><VALVE_ID_LAN><CT>" killed "Gho$T<23><VALVE_ID_LAN><TERRORIST>" with "glock18"
L 08/06/2019 - 12:46:06: "@te<24><VALVE_ID_LAN><CT>" killed "XXBOT Joe<21><BOT><TERRORIST>" with "glock18"
L 08/06/2019 - 12:46:09: "Calcas Peludas<20><VALVE_ID_LAN><TERRORIST>" killed "@te<24><VALVE_ID_LAN><CT>" with "glock18"
L 08/06/2019 - 12:46:11: "Cap Billy<19><VALVE_ID_LAN><CT>" killed "Calcas Peludas<20><VALVE_ID_LAN><TERRORIST>" with "glock18"
L 08/06/2019 - 12:46:11: Team "CT" triggered "CTs_Win" (CT "10") (T "8")
L 08/06/2019 - 12:46:11: World triggered "Round_End"
L 08/06/2019 - 12:46:16: World triggered "Round_Start"
L 08/06/2019 - 12:46:17: "Cap Billy<19><VALVE_ID_LAN><CT>" say "CALXCAS FIXAS"
L 08/06/2019 - 12:46:23: "Jack<22><VALVE_ID_LAN><CT>" killed "Calcas Peludas<20><VALVE_ID_LAN><TERRORIST>" with "glock18"
L 08/06/2019 - 12:46:24: "Cap Billy<19><VALVE_ID_LAN><CT>" killed "Gho$T<23><VALVE_ID_LAN><TERRORIST>" with "glock18"
L 08/06/2019 - 12:46:26: "Kitkat<18><VALVE_ID_LAN><CT>" killed "XXBOT Joe<21><BOT><TERRORIST>" with "glock18"
L 08/06/2019 - 12:46:26: "Jack<22><VALVE_ID_LAN><CT>" killed "CEIFADOR<17><VALVE_ID_LOOPBACK><TERRORIST>" with "glock18"
L 08/06/2019 - 12:46:26: Team "CT" triggered "CTs_Win" (CT "11") (T "8")
L 08/06/2019 - 12:46:26: World triggered "Round_End"
L 08/06/2019 - 12:46:31: "Calcas Peludas<20><VALVE_ID_LAN><TERRORIST>" say "fixa no seu rabo" (dead)
L 08/06/2019 - 12:46:31: World triggered "Round_Start"
L 08/06/2019 - 12:46:40: "CEIFADOR<17><VALVE_ID_LOOPBACK><TERRORIST>" killed "Jack<22><VALVE_ID_LAN><CT>" with "glock18"
L 08/06/2019 - 12:46:43: "Calcas Peludas<20><VALVE_ID_LAN><TERRORIST>" killed "@te<24><VALVE_ID_LAN><CT>" with "glock18"
L 08/06/2019 - 12:46:44: "Cap Billy<19><VALVE_ID_LAN><CT>" killed "Gho$T<23><VALVE_ID_LAN><TERRORIST>" with "glock18"
L 08/06/2019 - 12:46:47: "Cap Billy<19><VALVE_ID_LAN><CT>" killed "XXBOT Joe<21><BOT><TERRORIST>" with "glock18"
L 08/06/2019 - 12:46:48: "CEIFADOR<17><VALVE_ID_LOOPBACK><TERRORIST>" killed "Cap Billy<19><VALVE_ID_LAN><CT>" with "glock18"
L 08/06/2019 - 12:46:59: "CEIFADOR<17><VALVE_ID_LOOPBACK><TERRORIST>" killed "Kitkat<18><VALVE_ID_LAN><CT>" with "glock18"
L 08/06/2019 - 12:46:59: Team "TERRORIST" triggered "Terrorists_Win" (CT "11") (T "9")
L 08/06/2019 - 12:46:59: World triggered "Round_End"
L 08/06/2019 - 12:47:04: World triggered "Round_Start"
L 08/06/2019 - 12:47:10: "Jack<22><VALVE_ID_LAN><CT>" killed "Gho$T<23><VALVE_ID_LAN><TERRORIST>" with "glock18"
L 08/06/2019 - 12:47:10: "CEIFADOR<17><VALVE_ID_LOOPBACK><TERRORIST>" killed "Cap Billy<19><VALVE_ID_LAN><CT>" with "glock18"
L 08/06/2019 - 12:47:11: "CEIFADOR<17><VALVE_ID_LOOPBACK><TERRORIST>" killed "@te<24><VALVE_ID_LAN><CT>" with "glock18"
L 08/06/2019 - 12:47:12: Server cvar "amx_nextmap" = "cs_paintball1"
L 08/06/2019 - 12:47:12: "Kitkat<18><VALVE_ID_LAN><CT>" killed "XXBOT Joe<21><BOT><TERRORIST>" with "glock18"
L 08/06/2019 - 12:47:14: "Jack<22><VALVE_ID_LAN><CT>" killed "CEIFADOR<17><VALVE_ID_LOOPBACK><TERRORIST>" with "glock18"
L 08/06/2019 - 12:47:17: "Jack<22><VALVE_ID_LAN><CT>" killed "Calcas Peludas<20><VALVE_ID_LAN><TERRORIST>" with "glock18"
L 08/06/2019 - 12:47:17: Team "CT" triggered "CTs_Win" (CT "12") (T "9")
L 08/06/2019 - 12:47:17: World triggered "Round_End"
L 08/06/2019 - 12:47:22: World triggered "Round_Start"
L 08/06/2019 - 12:47:27: "Jack<22><VALVE_ID_LAN><CT>" killed "CEIFADOR<17><VALVE_ID_LOOPBACK><TERRORIST>" with "glock18"
L 08/06/2019 - 12:47:31: "Cap Billy<19><VALVE_ID_LAN><CT>" killed "Gho$T<23><VALVE_ID_LAN><TERRORIST>" with "glock18"
L 08/06/2019 - 12:47:32: "Calcas Peludas<20><VALVE_ID_LAN><TERRORIST>" killed "@te<24><VALVE_ID_LAN><CT>" with "glock18"
L 08/06/2019 - 12:47:34: "Calcas Peludas<20><VALVE_ID_LAN><TERRORIST>" killed "Cap Billy<19><VALVE_ID_LAN><CT>" with "glock18"
L 08/06/2019 - 12:47:36: "Calcas Peludas<20><VALVE_ID_LAN><TERRORIST>" killed "Kitkat<18><VALVE_ID_LAN><CT>" with "glock18"
L 08/06/2019 - 12:47:39: "Jack<22><VALVE_ID_LAN><CT>" killed "XXBOT Joe<21><BOT><TERRORIST>" with "glock18"
L 08/06/2019 - 12:47:50: "Calcas Peludas<20><VALVE_ID_LAN><TERRORIST>" killed "Jack<22><VALVE_ID_LAN><CT>" with "glock18"
L 08/06/2019 - 12:47:50: Team "TERRORIST" triggered "Terrorists_Win" (CT "12") (T "10")
L 08/06/2019 - 12:47:50: World triggered "Round_End"
L 08/06/2019 - 12:47:54: "CEIFADOR<17><VALVE_ID_LOOPBACK><TERRORIST>" say_team "mapa" (dead)
L 08/06/2019 - 12:47:55: World triggered "Round_Start"
L 08/06/2019 - 12:48:02: "Jack<22><VALVE_ID_LAN><CT>" killed "Gho$T<23><VALVE_ID_LAN><TERRORIST>" with "glock18"
L 08/06/2019 - 12:48:03: "CEIFADOR<17><VALVE_ID_LOOPBACK><TERRORIST>" killed "Cap Billy<19><VALVE_ID_LAN><CT>" with "glock18"
L 08/06/2019 - 12:48:04: "Jack<22><VALVE_ID_LAN><CT>" killed "XXBOT Joe<21><BOT><TERRORIST>" with "glock18"
L 08/06/2019 - 12:48:08: "Calcas Peludas<20><VALVE_ID_LAN><TERRORIST>" killed "@te<24><VALVE_ID_LAN><CT>" with "glock18"
L 08/06/2019 - 12:48:11: "Jack<22><VALVE_ID_LAN><CT>" killed "CEIFADOR<17><VALVE_ID_LOOPBACK><TERRORIST>" with "glock18"
L 08/06/2019 - 12:48:15: "Calcas Peludas<20><VALVE_ID_LAN><TERRORIST>" killed "Jack<22><VALVE_ID_LAN><CT>" with "glock18"
L 08/06/2019 - 12:48:19: "Calcas Peludas<20><VALVE_ID_LAN><TERRORIST>" killed "Kitkat<18><VALVE_ID_LAN><CT>" with "glock18"
L 08/06/2019 - 12:48:19: Team "TERRORIST" triggered "Terrorists_Win" (CT "12") (T "11")
L 08/06/2019 - 12:48:19: World triggered "Round_End"
L 08/06/2019 - 12:48:20: "Cap Billy<19><VALVE_ID_LAN><CT>" say "uuuuuuuu" (dead)
L 08/06/2019 - 12:48:22: "CEIFADOR<17><VALVE_ID_LOOPBACK><TERRORIST>" say_team "map" (dead)
L 08/06/2019 - 12:48:24: "CEIFADOR<17><VALVE_ID_LOOPBACK><TERRORIST>" say_team "map" (dead)
L 08/06/2019 - 12:48:24: World triggered "Round_Start"
L 08/06/2019 - 12:48:29: "Gho$T<23><VALVE_ID_LAN><TERRORIST>" killed "Kitkat<18><VALVE_ID_LAN><CT>" with "glock18"
L 08/06/2019 - 12:48:31: "Calcas Peludas<20><VALVE_ID_LAN><TERRORIST>" killed "Cap Billy<19><VALVE_ID_LAN><CT>" with "glock18"
L 08/06/2019 - 12:48:34: "CEIFADOR<17><VALVE_ID_LOOPBACK><TERRORIST>" killed "@te<24><VALVE_ID_LAN><CT>" with "knife"
L 08/06/2019 - 12:48:35: "Calcas Peludas<20><VALVE_ID_LAN><TERRORIST>" killed "Jack<22><VALVE_ID_LAN><CT>" with "glock18"
L 08/06/2019 - 12:48:35: Team "TERRORIST" triggered "Terrorists_Win" (CT "12") (T "12")
L 08/06/2019 - 12:48:35: World triggered "Round_End"
L 08/06/2019 - 12:48:40: "Jack<22><VALVE_ID_LAN><CT>" say_team "mapa caraiii" (dead)
L 08/06/2019 - 12:48:40: World triggered "Round_Start"
L 08/06/2019 - 12:48:41: "Jack<22><VALVE_ID_LAN><CT>" say_team "mapa"
L 08/06/2019 - 12:48:44: "Cap Billy<19><VALVE_ID_LAN><CT>" killed "Gho$T<23><VALVE_ID_LAN><TERRORIST>" with "glock18"
L 08/06/2019 - 12:48:46: "CEIFADOR<17><VALVE_ID_LOOPBACK><TERRORIST>" killed "Jack<22><VALVE_ID_LAN><CT>" with "glock18"
L 08/06/2019 - 12:48:48: "Cap Billy<19><VALVE_ID_LAN><CT>" killed "Calcas Peludas<20><VALVE_ID_LAN><TERRORIST>" with "knife"
L 08/06/2019 - 12:48:49: "CEIFADOR<17><VALVE_ID_LOOPBACK><TERRORIST>" killed "@te<24><VALVE_ID_LAN><CT>" with "glock18"
L 08/06/2019 - 12:48:49: "XXBOT Joe<21><BOT><TERRORIST>" killed "Kitkat<18><VALVE_ID_LAN><CT>" with "glock18"
L 08/06/2019 - 12:48:51: "Calcas Peludas<20><VALVE_ID_LAN><TERRORIST>" say "eita" (dead)
L 08/06/2019 - 12:48:52: "CEIFADOR<17><VALVE_ID_LOOPBACK><TERRORIST>" killed "Cap Billy<19><VALVE_ID_LAN><CT>" with "glock18"
L 08/06/2019 - 12:48:52: Team "TERRORIST" triggered "Terrorists_Win" (CT "12") (T "13")
L 08/06/2019 - 12:48:52: World triggered "Round_End"
L 08/06/2019 - 12:48:56: "Jack<22><VALVE_ID_LAN><CT>" say_team "mapa porraaa" (dead)
L 08/06/2019 - 12:48:57: World triggered "Round_Start"
L 08/06/2019 - 12:49:01: "Calcas Peludas<20><VALVE_ID_LAN><TERRORIST>" killed "@te<24><VALVE_ID_LAN><CT>" with "glock18"
L 08/06/2019 - 12:49:02: "Gho$T<23><VALVE_ID_LAN><TERRORIST>" killed "Cap Billy<19><VALVE_ID_LAN><CT>" with "glock18"
L 08/06/2019 - 12:49:03: "Kitkat<18><VALVE_ID_LAN><CT>" killed "Calcas Peludas<20><VALVE_ID_LAN><TERRORIST>" with "glock18"
L 08/06/2019 - 12:49:04: "CEIFADOR<17><VALVE_ID_LOOPBACK><TERRORIST>" killed "Kitkat<18><VALVE_ID_LAN><CT>" with "glock18"
L 08/06/2019 - 12:49:04: "Jack<22><VALVE_ID_LAN><CT>" killed "Gho$T<23><VALVE_ID_LAN><TERRORIST>" with "glock18"
L 08/06/2019 - 12:49:05: Team "CT" scored "12" with "4" players
L 08/06/2019 - 12:49:05: Team "TERRORIST" scored "13" with "4" players
L 08/06/2019 - 12:49:06: "Cap Billy<19><VALVE_ID_LAN><CT>" triggered "weaponstats" (weapon "glock18") (shots "309") (hits "105") (kills "19") (headshots "7") (tks "0") (damage "2635") (deaths "17")
L 08/06/2019 - 12:49:06: "Cap Billy<19><VALVE_ID_LAN><CT>" triggered "weaponstats2" (weapon "glock18") (head "11") (chest "17") (stomach "2") (leftarm "30") (rightarm "41") (leftleg "3") (rightleg "1")
L 08/06/2019 - 12:49:06: "Cap Billy<19><VALVE_ID_LAN><CT>" triggered "weaponstats" (weapon "knife") (shots "4") (hits "3") (kills "2") (headshots "0") (tks "0") (damage "325") (deaths "3")
L 08/06/2019 - 12:49:06: "Cap Billy<19><VALVE_ID_LAN><CT>" triggered "weaponstats2" (weapon "knife") (head "0") (chest "1") (stomach "0") (leftarm "0") (rightarm "2") (leftleg "0") (rightleg "0")
L 08/06/2019 - 12:49:06: "Cap Billy<19><VALVE_ID_LAN><CT>" triggered "time" (time "10:05")
L 08/06/2019 - 12:49:06: "Cap Billy<19><VALVE_ID_LAN><CT>" triggered "latency" (ping "8")
L 08/06/2019 - 12:49:10: "CEIFADOR<17><VALVE_ID_LOOPBACK><TERRORIST>" triggered "weaponstats" (weapon "glock18") (shots "291") (hits "84") (kills "20") (headshots "9") (tks "0") (damage "2169") (deaths "15")
L 08/06/2019 - 12:49:10: "CEIFADOR<17><VALVE_ID_LOOPBACK><TERRORIST>" triggered "weaponstats2" (weapon "glock18") (head "11") (chest "15") (stomach "6") (leftarm "32") (rightarm "19") (leftleg "1") (rightleg "0")
L 08/06/2019 - 12:49:10: "CEIFADOR<17><VALVE_ID_LOOPBACK><TERRORIST>" triggered "weaponstats" (weapon "knife") (shots "4") (hits "2") (kills "1") (headshots "1") (tks "0") (damage "325") (deaths "3")
L 08/06/2019 - 12:49:10: "CEIFADOR<17><VALVE_ID_LOOPBACK><TERRORIST>" triggered "weaponstats2" (weapon "knife") (head "1") (chest "0") (stomach "0") (leftarm "0") (rightarm "1") (leftleg "0") (rightleg "0")
L 08/06/2019 - 12:49:10: "CEIFADOR<17><VALVE_ID_LOOPBACK><TERRORIST>" triggered "time" (time "10:13")
L 08/06/2019 - 12:49:10: "CEIFADOR<17><VALVE_ID_LOOPBACK><TERRORIST>" triggered "latency" (ping "0")
L 08/06/2019 - 12:49:10: "Kitkat<18><VALVE_ID_LAN><CT>" triggered "weaponstats" (weapon "glock18") (shots "313") (hits "99") (kills "17") (headshots "9") (tks "0") (damage "2236") (deaths "17")
L 08/06/2019 - 12:49:10: "Kitkat<18><VALVE_ID_LAN><CT>" triggered "weaponstats2" (weapon "glock18") (head "10") (chest "17") (stomach "10") (leftarm "39") (rightarm "8") (leftleg "7") (rightleg "8")
L 08/06/2019 - 12:49:10: "Kitkat<18><VALVE_ID_LAN><CT>" triggered "time" (time "10:10")
L 08/06/2019 - 12:49:10: "Kitkat<18><VALVE_ID_LAN><CT>" triggered "latency" (ping "9")
L 08/06/2019 - 12:49:10: "Calcas Peludas<20><VALVE_ID_LAN><TERRORIST>" triggered "weaponstats" (weapon "glock18") (shots "497") (hits "169") (kills "33") (headshots "16") (tks "0") (damage "4387") (deaths "14")
L 08/06/2019 - 12:49:10: "Calcas Peludas<20><VALVE_ID_LAN><TERRORIST>" triggered "weaponstats2" (weapon "glock18") (head "29") (chest "30") (stomach "7") (leftarm "61") (rightarm "32") (leftleg "7") (rightleg "3")
L 08/06/2019 - 12:49:10: "Calcas Peludas<20><VALVE_ID_LAN><TERRORIST>" triggered "weaponstats" (weapon "knife") (shots "5") (hits "0") (kills "0") (headshots "0") (tks "0") (damage "0") (deaths "2")
L 08/06/2019 - 12:49:10: "Calcas Peludas<20><VALVE_ID_LAN><TERRORIST>" triggered "weaponstats2" (weapon "knife") (head "0") (chest "0") (stomach "0") (leftarm "0") (rightarm "0") (leftleg "0") (rightleg "0")
L 08/06/2019 - 12:49:10: "Calcas Peludas<20><VALVE_ID_LAN><TERRORIST>" triggered "time" (time "10:09")
L 08/06/2019 - 12:49:10: "Calcas Peludas<20><VALVE_ID_LAN><TERRORIST>" triggered "latency" (ping "7")
L 08/06/2019 - 12:49:10: "Jack<22><VALVE_ID_LAN><CT>" triggered "weaponstats" (weapon "glock18") (shots "344") (hits "128") (kills "29") (headshots "13") (tks "0") (damage "3493") (deaths "17")
L 08/06/2019 - 12:49:10: "Jack<22><VALVE_ID_LAN><CT>" triggered "weaponstats2" (weapon "glock18") (head "19") (chest "19") (stomach "8") (leftarm "52") (rightarm "25") (leftleg "1") (rightleg "4")
L 08/06/2019 - 12:49:10: "Jack<22><VALVE_ID_LAN><CT>" triggered "weaponstats" (weapon "knife") (shots "2") (hits "1") (kills "0") (headshots "0") (tks "0") (damage "65") (deaths "0")
L 08/06/2019 - 12:49:10: "Jack<22><VALVE_ID_LAN><CT>" triggered "weaponstats2" (weapon "knife") (head "0") (chest "0") (stomach "0") (leftarm "1") (rightarm "0") (leftleg "0") (rightleg "0")
L 08/06/2019 - 12:49:10: "Jack<22><VALVE_ID_LAN><CT>" triggered "time" (time "10:08")
L 08/06/2019 - 12:49:10: "Jack<22><VALVE_ID_LAN><CT>" triggered "latency" (ping "7")
L 08/06/2019 - 12:49:10: "Gho$T<23><VALVE_ID_LAN><TERRORIST>" triggered "weaponstats" (weapon "glock18") (shots "226") (hits "68") (kills "12") (headshots "4") (tks "0") (damage "1737") (deaths "21")
L 08/06/2019 - 12:49:10: "Gho$T<23><VALVE_ID_LAN><TERRORIST>" triggered "weaponstats2" (weapon "glock18") (head "5") (chest "13") (stomach "3") (leftarm "26") (rightarm "20") (leftleg "0") (rightleg "1")
L 08/06/2019 - 12:49:10: "Gho$T<23><VALVE_ID_LAN><TERRORIST>" triggered "weaponstats" (weapon "knife") (shots "6") (hits "4") (kills "3") (headshots "2") (tks "0") (damage "780") (deaths "1")
L 08/06/2019 - 12:49:10: "Gho$T<23><VALVE_ID_LAN><TERRORIST>" triggered "weaponstats2" (weapon "knife") (head "2") (chest "1") (stomach "0") (leftarm "0") (rightarm "1") (leftleg "0") (rightleg "0")
L 08/06/2019 - 12:49:10: "Gho$T<23><VALVE_ID_LAN><TERRORIST>" triggered "time" (time "10:04")
L 08/06/2019 - 12:49:10: "Gho$T<23><VALVE_ID_LAN><TERRORIST>" triggered "latency" (ping "11")
L 08/06/2019 - 12:49:10: "@te<24><VALVE_ID_LAN><CT>" triggered "weaponstats" (weapon "glock18") (shots "241") (hits "61") (kills "9") (headshots "4") (tks "0") (damage "1539") (deaths "19")
L 08/06/2019 - 12:49:10: "@te<24><VALVE_ID_LAN><CT>" triggered "weaponstats2" (weapon "glock18") (head "7") (chest "7") (stomach "5") (leftarm "17") (rightarm "19") (leftleg "4") (rightleg "2")
L 08/06/2019 - 12:49:10: "@te<24><VALVE_ID_LAN><CT>" triggered "weaponstats" (weapon "knife") (shots "3") (hits "1") (kills "0") (headshots "0") (tks "0") (damage "65") (deaths "1")
L 08/06/2019 - 12:49:10: "@te<24><VALVE_ID_LAN><CT>" triggered "weaponstats2" (weapon "knife") (head "0") (chest "0") (stomach "0") (leftarm "0") (rightarm "1") (leftleg "0") (rightleg "0")
L 08/06/2019 - 12:49:10: "@te<24><VALVE_ID_LAN><CT>" triggered "time" (time "9:51")
L 08/06/2019 - 12:49:10: "@te<24><VALVE_ID_LAN><CT>" triggered "latency" (ping "10")
L 08/06/2019 - 12:49:10: [META] ini: Begin re-reading plugins list: c:/valve/cstrike/addons/metamod/plugins.ini
L 08/06/2019 - 12:49:10: [META] ini: Read plugin config for: AMX
L 08/06/2019 - 12:49:10: [META] ini: Read plugin config for: WinHL-Booster
L 08/06/2019 - 12:49:10: [META] ERROR: ini: Skipping plugin, couldn't stat file 'addons/hlguard/dlls/hlguard_mm_nightly.dll': No such file or directory
L 08/06/2019 - 12:49:10: [META] ini: Read plugin config for: WebMod
L 08/06/2019 - 12:49:10: [META] ini: Finished reading plugins list: c:/valve/cstrike/addons/metamod/plugins.ini; Found 3 plugins
L 08/06/2019 - 12:49:10: [META] dll: Updating plugins...
L 08/06/2019 - 12:49:10: [META] ERROR: dll: Failed query plugin '<hlguard_mm_nightly.dll>'; Couldn't open file 'addons/hlguard/dlls/hlguard_mm_nightly.dll': Não foi possível encontrar o módulo especificado.

L 08/06/2019 - 12:49:10: [META] ERROR: dll: Skipping plugin '<hlguard_mm_nightly.dll>'; couldn't query
L 08/06/2019 - 12:49:10: [META] dll: Finished updating 6 plugins; kept 3, loaded 0, unloaded 0, reloaded 0, delayed 0
L 08/06/2019 - 12:49:10: Server shutdown
L 08/06/2019 - 12:49:10: Log file closed
