L 08/16/2019 - 12:51:44: Log file started (file "logs\L0816012.log") (game "cstrike") (version "47/1.1.2.2/2603")
L 08/16/2019 - 12:51:45: "Jack<25><VALVE_ID_LAN><>" connected, address "10.15.2.45:27005"
L 08/16/2019 - 12:51:45: "Calcas Peludas<26><VALVE_ID_LAN><>" connected, address "10.15.2.230:27005"
L 08/16/2019 - 12:51:45: "Kratos-away<19><VALVE_ID_LAN><>" entered the game
L 08/16/2019 - 12:51:45: "Ciclops<21><VALVE_ID_LAN><>" entered the game
L 08/16/2019 - 12:51:45: "Cap Billy<20><VALVE_ID_LAN><>" entered the game
L 08/16/2019 - 12:51:46: "INDIO<22><VALVE_ID_LAN><>" entered the game
L 08/16/2019 - 12:51:46: "Ice_Man<23><VALVE_ID_LAN><>" entered the game
L 08/16/2019 - 12:51:47: "Gho$T<24><VALVE_ID_LAN><>" entered the game
L 08/16/2019 - 12:51:47: "Cap Billy<20><VALVE_ID_LAN><>" joined team "CT"
L 08/16/2019 - 12:51:47: "CEIFADOR<18><VALVE_ID_LOOPBACK><TERRORIST>" say_team "faca"
L 08/16/2019 - 12:51:47: "Calcas Peludas<26><VALVE_ID_LAN><>" entered the game
L 08/16/2019 - 12:51:47: World triggered "Game_Commencing"
L 08/16/2019 - 12:51:47: World triggered "Game_Commencing" (CT "0") (T "0")
L 08/16/2019 - 12:51:47: World triggered "Round_End"
L 08/16/2019 - 12:51:47: "Kratos-away<19><VALVE_ID_LAN><>" joined team "TERRORIST"
L 08/16/2019 - 12:51:47: "Jack<25><VALVE_ID_LAN><>" entered the game
L 08/16/2019 - 12:51:47: "Ice_Man<23><VALVE_ID_LAN><>" joined team "TERRORIST"
L 08/16/2019 - 12:51:48: "Ciclops<21><VALVE_ID_LAN><>" joined team "TERRORIST"
L 08/16/2019 - 12:51:48: "Calcas Peludas<26><VALVE_ID_LAN><>" joined team "TERRORIST"
L 08/16/2019 - 12:51:48: "INDIO<22><VALVE_ID_LAN><>" joined team "CT"
L 08/16/2019 - 12:51:48: "@te<27><VALVE_ID_LAN><>" connected, address "10.15.2.86:27005"
L 08/16/2019 - 12:51:48: "Smolder<28><VALVE_ID_LAN><>" connected, address "10.15.2.124:27005"
L 08/16/2019 - 12:51:48: "Gho$T<24><VALVE_ID_LAN><>" joined team "CT"
L 08/16/2019 - 12:51:50: "Jack<25><VALVE_ID_LAN><>" joined team "CT"
L 08/16/2019 - 12:51:50: World triggered "Round_Start"
L 08/16/2019 - 12:51:52: "Smolder<28><VALVE_ID_LAN><>" entered the game
L 08/16/2019 - 12:51:53: Log file closed
