L 08/15/2019 - 12:39:26: Log file started (file "logs\L0815003.log") (game "cstrike") (version "47/1.1.2.2/2603")
L 08/15/2019 - 12:39:27: "INDIO<25><VALVE_ID_LAN><>" entered the game
L 08/15/2019 - 12:39:27: "Ice_Man<24><VALVE_ID_LAN><>" entered the game
L 08/15/2019 - 12:39:28: "Smolder<29><VALVE_ID_LAN><>" connected, address "10.15.200.122:27005"
L 08/15/2019 - 12:39:28: "Calcas Peludas<26><VALVE_ID_LAN><>" entered the game
L 08/15/2019 - 12:39:28: "Gho$T<27><VALVE_ID_LAN><>" entered the game
L 08/15/2019 - 12:39:28: "Cap Billy<28><VALVE_ID_LAN><>" entered the game
L 08/15/2019 - 12:39:28: "Kratos-Celular<23><VALVE_ID_LAN><>" entered the game
L 08/15/2019 - 12:39:29: "Calcas Peludas<26><VALVE_ID_LAN><>" joined team "TERRORIST"
L 08/15/2019 - 12:39:29: "Ice_Man<24><VALVE_ID_LAN><>" joined team "TERRORIST"
L 08/15/2019 - 12:39:29: "INDIO<25><VALVE_ID_LAN><>" joined team "CT"
L 08/15/2019 - 12:39:30: "Cap Billy<28><VALVE_ID_LAN><>" joined team "CT"
L 08/15/2019 - 12:39:30: World triggered "Game_Commencing"
L 08/15/2019 - 12:39:30: World triggered "Game_Commencing" (CT "0") (T "0")
L 08/15/2019 - 12:39:30: World triggered "Round_End"
L 08/15/2019 - 12:39:31: "Kratos-Celular<23><VALVE_ID_LAN><>" joined team "TERRORIST"
L 08/15/2019 - 12:39:31: "Smolder<29><VALVE_ID_LAN><>" entered the game
L 08/15/2019 - 12:39:31: "Gho$T<27><VALVE_ID_LAN><>" joined team "CT"
L 08/15/2019 - 12:39:32: "Kitkat<22><VALVE_ID_LAN><>" joined team "CT"
L 08/15/2019 - 12:39:33: World triggered "Round_Start"
L 08/15/2019 - 12:39:34: "Smolder<29><VALVE_ID_LAN><>" joined team "TERRORIST"
L 08/15/2019 - 12:39:37: "XXBOT Kurt<30><BOT><>" joined team "CT"
L 08/15/2019 - 12:39:37: Server cvar "bot_quota" = "1"
L 08/15/2019 - 12:39:37: "XXBOT Kurt<30><BOT><>" entered the game
L 08/15/2019 - 12:39:38: "Gho$T<27><VALVE_ID_LAN><CT>" killed "Smolder<29><VALVE_ID_LAN><TERRORIST>" with "glock18"
L 08/15/2019 - 12:39:39: "Ice_Man<24><VALVE_ID_LAN><TERRORIST>" killed "XXBOT Kurt<30><BOT><CT>" with "glock18"
L 08/15/2019 - 12:39:42: "Cap Billy<28><VALVE_ID_LAN><CT>" killed "Ice_Man<24><VALVE_ID_LAN><TERRORIST>" with "glock18"
L 08/15/2019 - 12:39:43: "INDIO<25><VALVE_ID_LAN><CT>" killed "Kratos-Celular<23><VALVE_ID_LAN><TERRORIST>" with "glock18"
L 08/15/2019 - 12:39:44: "Cap Billy<28><VALVE_ID_LAN><CT>" killed "CEIFADOR<21><VALVE_ID_LOOPBACK><TERRORIST>" with "glock18"
L 08/15/2019 - 12:39:44: "Calcas Peludas<26><VALVE_ID_LAN><TERRORIST>" killed "Kitkat<22><VALVE_ID_LAN><CT>" with "glock18"
L 08/15/2019 - 12:39:46: "Cap Billy<28><VALVE_ID_LAN><CT>" killed "Calcas Peludas<26><VALVE_ID_LAN><TERRORIST>" with "glock18"
L 08/15/2019 - 12:39:46: Team "CT" triggered "CTs_Win" (CT "1") (T "0")
L 08/15/2019 - 12:39:46: World triggered "Round_End"
L 08/15/2019 - 12:39:47: "Smolder<29><VALVE_ID_LAN><TERRORIST>" say "boa tarde no capitaooooooooo" (dead)
L 08/15/2019 - 12:39:50: "Kratos-Celular<23><VALVE_ID_LAN><TERRORIST>" say "tem nem graca jogar assim" (dead)
L 08/15/2019 - 12:39:51: World triggered "Round_Start"
L 08/15/2019 - 12:39:57: "Cap Billy<28><VALVE_ID_LAN><CT>" killed "Calcas Peludas<26><VALVE_ID_LAN><TERRORIST>" with "glock18"
L 08/15/2019 - 12:39:57: "Gho$T<27><VALVE_ID_LAN><CT>" killed "Ice_Man<24><VALVE_ID_LAN><TERRORIST>" with "glock18"
L 08/15/2019 - 12:39:57: "Smolder<29><VALVE_ID_LAN><TERRORIST>" killed "INDIO<25><VALVE_ID_LAN><CT>" with "glock18"
L 08/15/2019 - 12:39:59: "Gho$T<27><VALVE_ID_LAN><CT>" killed "Kratos-Celular<23><VALVE_ID_LAN><TERRORIST>" with "glock18"
L 08/15/2019 - 12:40:01: "Smolder<29><VALVE_ID_LAN><TERRORIST>" killed "Gho$T<27><VALVE_ID_LAN><CT>" with "glock18"
L 08/15/2019 - 12:40:04: "Kitkat<22><VALVE_ID_LAN><CT>" killed "CEIFADOR<21><VALVE_ID_LOOPBACK><TERRORIST>" with "glock18"
L 08/15/2019 - 12:40:05: "Smolder<29><VALVE_ID_LAN><TERRORIST>" killed "Cap Billy<28><VALVE_ID_LAN><CT>" with "glock18"
L 08/15/2019 - 12:40:09: "Ice_Man<24><VALVE_ID_LAN><TERRORIST>" say_team "so da raiva jogar po celular" (dead)
L 08/15/2019 - 12:40:09: "Cap Billy<28><VALVE_ID_LAN><CT>" say_team "kd o @ ein?" (dead)
L 08/15/2019 - 12:40:10: "Kitkat<22><VALVE_ID_LAN><CT>" killed "Smolder<29><VALVE_ID_LAN><TERRORIST>" with "glock18"
L 08/15/2019 - 12:40:10: Team "CT" triggered "CTs_Win" (CT "2") (T "0")
L 08/15/2019 - 12:40:10: World triggered "Round_End"
L 08/15/2019 - 12:40:13: "Gho$T<27><VALVE_ID_LAN><CT>" say "ne sie" (dead)
L 08/15/2019 - 12:40:15: "INDIO<25><VALVE_ID_LAN><CT>" say "saiu" (dead)
L 08/15/2019 - 12:40:15: "Calcas Peludas<26><VALVE_ID_LAN><TERRORIST>" say "presta nao"
L 08/15/2019 - 12:40:15: World triggered "Round_Start"
L 08/15/2019 - 12:40:22: "CEIFADOR<21><VALVE_ID_LOOPBACK><TERRORIST>" killed "Gho$T<27><VALVE_ID_LAN><CT>" with "glock18"
L 08/15/2019 - 12:40:23: "INDIO<25><VALVE_ID_LAN><CT>" killed "Smolder<29><VALVE_ID_LAN><TERRORIST>" with "glock18"
L 08/15/2019 - 12:40:23: "Ice_Man<24><VALVE_ID_LAN><TERRORIST>" killed "XXBOT Kurt<30><BOT><CT>" with "glock18"
L 08/15/2019 - 12:40:25: "Kitkat<22><VALVE_ID_LAN><CT>" killed "CEIFADOR<21><VALVE_ID_LOOPBACK><TERRORIST>" with "glock18"
L 08/15/2019 - 12:40:27: "Cap Billy<28><VALVE_ID_LAN><CT>" killed "Ice_Man<24><VALVE_ID_LAN><TERRORIST>" with "glock18"
L 08/15/2019 - 12:40:28: "Kratos-Celular<23><VALVE_ID_LAN><TERRORIST>" killed "Kitkat<22><VALVE_ID_LAN><CT>" with "glock18"
L 08/15/2019 - 12:40:30: "Cap Billy<28><VALVE_ID_LAN><CT>" killed "Calcas Peludas<26><VALVE_ID_LAN><TERRORIST>" with "glock18"
L 08/15/2019 - 12:40:34: "Cap Billy<28><VALVE_ID_LAN><CT>" killed "Kratos-Celular<23><VALVE_ID_LAN><TERRORIST>" with "glock18"
L 08/15/2019 - 12:40:34: Team "CT" triggered "CTs_Win" (CT "3") (T "0")
L 08/15/2019 - 12:40:34: World triggered "Round_End"
L 08/15/2019 - 12:40:38: "Gho$T<27><VALVE_ID_LAN><CT>" say "kratos jumper" (dead)
L 08/15/2019 - 12:40:39: World triggered "Round_Start"
L 08/15/2019 - 12:40:44: "Gho$T<27><VALVE_ID_LAN><CT>" killed "Smolder<29><VALVE_ID_LAN><TERRORIST>" with "glock18"
L 08/15/2019 - 12:40:45: "Calcas Peludas<26><VALVE_ID_LAN><TERRORIST>" killed "INDIO<25><VALVE_ID_LAN><CT>" with "glock18"
L 08/15/2019 - 12:40:47: "CEIFADOR<21><VALVE_ID_LOOPBACK><TERRORIST>" killed "Gho$T<27><VALVE_ID_LAN><CT>" with "glock18"
L 08/15/2019 - 12:40:50: "Ice_Man<24><VALVE_ID_LAN><TERRORIST>" killed "XXBOT Kurt<30><BOT><CT>" with "glock18"
L 08/15/2019 - 12:40:51: "Cap Billy<28><VALVE_ID_LAN><CT>" killed "Ice_Man<24><VALVE_ID_LAN><TERRORIST>" with "glock18"
L 08/15/2019 - 12:40:54: "CEIFADOR<21><VALVE_ID_LOOPBACK><TERRORIST>" killed "Kitkat<22><VALVE_ID_LAN><CT>" with "glock18"
L 08/15/2019 - 12:40:55: "INDIO<25><VALVE_ID_LAN><CT>" say_team "ciudado gost" (dead)
L 08/15/2019 - 12:40:57: "Cap Billy<28><VALVE_ID_LAN><CT>" killed "Calcas Peludas<26><VALVE_ID_LAN><TERRORIST>" with "glock18"
L 08/15/2019 - 12:40:59: "Gho$T<27><VALVE_ID_LAN><CT>" say_team "bl" (dead)
L 08/15/2019 - 12:41:04: "Cap Billy<28><VALVE_ID_LAN><CT>" killed "Kratos-Celular<23><VALVE_ID_LAN><TERRORIST>" with "glock18"
L 08/15/2019 - 12:41:10: "Cap Billy<28><VALVE_ID_LAN><CT>" killed "CEIFADOR<21><VALVE_ID_LOOPBACK><TERRORIST>" with "glock18"
L 08/15/2019 - 12:41:10: Team "CT" triggered "CTs_Win" (CT "4") (T "0")
L 08/15/2019 - 12:41:10: World triggered "Round_End"
L 08/15/2019 - 12:41:14: "Calcas Peludas<26><VALVE_ID_LAN><TERRORIST>" say "sabia" (dead)
L 08/15/2019 - 12:41:15: World triggered "Round_Start"
L 08/15/2019 - 12:41:21: "CEIFADOR<21><VALVE_ID_LOOPBACK><TERRORIST>" killed "Kitkat<22><VALVE_ID_LAN><CT>" with "glock18"
L 08/15/2019 - 12:41:23: "INDIO<25><VALVE_ID_LAN><CT>" killed "CEIFADOR<21><VALVE_ID_LOOPBACK><TERRORIST>" with "glock18"
L 08/15/2019 - 12:41:23: "XXBOT Kurt<30><BOT><CT>" killed "Ice_Man<24><VALVE_ID_LAN><TERRORIST>" with "glock18"
L 08/15/2019 - 12:41:26: "XXBOT Kurt<30><BOT><CT>" killed "Calcas Peludas<26><VALVE_ID_LAN><TERRORIST>" with "glock18"
L 08/15/2019 - 12:41:27: "Kratos-Celular<23><VALVE_ID_LAN><TERRORIST>" killed "XXBOT Kurt<30><BOT><CT>" with "glock18"
L 08/15/2019 - 12:41:28: "Cap Billy<28><VALVE_ID_LAN><CT>" killed "Smolder<29><VALVE_ID_LAN><TERRORIST>" with "glock18"
L 08/15/2019 - 12:41:30: "INDIO<25><VALVE_ID_LAN><CT>" killed "Kratos-Celular<23><VALVE_ID_LAN><TERRORIST>" with "glock18"
L 08/15/2019 - 12:41:30: Team "CT" triggered "CTs_Win" (CT "5") (T "0")
L 08/15/2019 - 12:41:30: World triggered "Round_End"
L 08/15/2019 - 12:41:35: World triggered "Round_Start"
L 08/15/2019 - 12:41:41: "Kitkat<22><VALVE_ID_LAN><CT>" killed "Smolder<29><VALVE_ID_LAN><TERRORIST>" with "glock18"
L 08/15/2019 - 12:41:41: "Calcas Peludas<26><VALVE_ID_LAN><TERRORIST>" killed "Kitkat<22><VALVE_ID_LAN><CT>" with "glock18"
L 08/15/2019 - 12:41:42: "Cap Billy<28><VALVE_ID_LAN><CT>" killed "Kratos-Celular<23><VALVE_ID_LAN><TERRORIST>" with "glock18"
L 08/15/2019 - 12:41:43: "Calcas Peludas<26><VALVE_ID_LAN><TERRORIST>" killed "XXBOT Kurt<30><BOT><CT>" with "glock18"
L 08/15/2019 - 12:41:44: "Ice_Man<24><VALVE_ID_LAN><TERRORIST>" killed "Cap Billy<28><VALVE_ID_LAN><CT>" with "glock18"
L 08/15/2019 - 12:41:46: "Calcas Peludas<26><VALVE_ID_LAN><TERRORIST>" killed "Gho$T<27><VALVE_ID_LAN><CT>" with "glock18"
L 08/15/2019 - 12:41:47: "Calcas Peludas<26><VALVE_ID_LAN><TERRORIST>" killed "INDIO<25><VALVE_ID_LAN><CT>" with "glock18"
L 08/15/2019 - 12:41:47: Team "TERRORIST" triggered "Terrorists_Win" (CT "5") (T "1")
L 08/15/2019 - 12:41:47: World triggered "Round_End"
L 08/15/2019 - 12:41:52: World triggered "Round_Start"
L 08/15/2019 - 12:41:54: "Cap Billy<28><VALVE_ID_LAN><CT>" say "saia do seu quadrans"
L 08/15/2019 - 12:41:59: "Kratos-Celular<23><VALVE_ID_LAN><TERRORIST>" killed "Kitkat<22><VALVE_ID_LAN><CT>" with "glock18"
L 08/15/2019 - 12:41:59: "Gho$T<27><VALVE_ID_LAN><CT>" killed "CEIFADOR<21><VALVE_ID_LOOPBACK><TERRORIST>" with "glock18"
L 08/15/2019 - 12:42:01: "XXBOT Kurt<30><BOT><CT>" killed "Ice_Man<24><VALVE_ID_LAN><TERRORIST>" with "knife"
L 08/15/2019 - 12:42:01: "Smolder<29><VALVE_ID_LAN><TERRORIST>" killed "XXBOT Kurt<30><BOT><CT>" with "glock18"
L 08/15/2019 - 12:42:04: "Calcas Peludas<26><VALVE_ID_LAN><TERRORIST>" killed "Cap Billy<28><VALVE_ID_LAN><CT>" with "glock18"
L 08/15/2019 - 12:42:05: "Gho$T<27><VALVE_ID_LAN><CT>" killed "Kratos-Celular<23><VALVE_ID_LAN><TERRORIST>" with "glock18"
L 08/15/2019 - 12:42:08: "Smolder<29><VALVE_ID_LAN><TERRORIST>" killed "Gho$T<27><VALVE_ID_LAN><CT>" with "glock18"
L 08/15/2019 - 12:42:12: "Smolder<29><VALVE_ID_LAN><TERRORIST>" killed "INDIO<25><VALVE_ID_LAN><CT>" with "glock18"
L 08/15/2019 - 12:42:12: Team "TERRORIST" triggered "Terrorists_Win" (CT "5") (T "2")
L 08/15/2019 - 12:42:12: World triggered "Round_End"
L 08/15/2019 - 12:42:17: World triggered "Round_Start"
L 08/15/2019 - 12:42:17: "Cap Billy<28><VALVE_ID_LAN><CT>" say_team "bora deixa reagir nao"
L 08/15/2019 - 12:42:22: "Gho$T<27><VALVE_ID_LAN><CT>" killed "Smolder<29><VALVE_ID_LAN><TERRORIST>" with "glock18"
L 08/15/2019 - 12:42:23: "Calcas Peludas<26><VALVE_ID_LAN><TERRORIST>" killed "XXBOT Kurt<30><BOT><CT>" with "glock18"
L 08/15/2019 - 12:42:23: "CEIFADOR<21><VALVE_ID_LOOPBACK><TERRORIST>" killed "INDIO<25><VALVE_ID_LAN><CT>" with "glock18"
L 08/15/2019 - 12:42:23: "Calcas Peludas<26><VALVE_ID_LAN><TERRORIST>" killed "Gho$T<27><VALVE_ID_LAN><CT>" with "glock18"
L 08/15/2019 - 12:42:23: "Cap Billy<28><VALVE_ID_LAN><CT>" killed "CEIFADOR<21><VALVE_ID_LOOPBACK><TERRORIST>" with "glock18"
L 08/15/2019 - 12:42:27: "Kratos-Celular<23><VALVE_ID_LAN><TERRORIST>" killed "Kitkat<22><VALVE_ID_LAN><CT>" with "glock18"
L 08/15/2019 - 12:42:28: "Cap Billy<28><VALVE_ID_LAN><CT>" killed "Calcas Peludas<26><VALVE_ID_LAN><TERRORIST>" with "glock18"
L 08/15/2019 - 12:42:29: "Cap Billy<28><VALVE_ID_LAN><CT>" killed "Ice_Man<24><VALVE_ID_LAN><TERRORIST>" with "glock18"
L 08/15/2019 - 12:42:32: "Kratos-Celular<23><VALVE_ID_LAN><TERRORIST>" killed "Cap Billy<28><VALVE_ID_LAN><CT>" with "glock18"
L 08/15/2019 - 12:42:32: Team "TERRORIST" triggered "Terrorists_Win" (CT "5") (T "3")
L 08/15/2019 - 12:42:32: World triggered "Round_End"
L 08/15/2019 - 12:42:37: World triggered "Round_Start"
L 08/15/2019 - 12:42:43: "Cap Billy<28><VALVE_ID_LAN><CT>" killed "Ice_Man<24><VALVE_ID_LAN><TERRORIST>" with "glock18"
L 08/15/2019 - 12:42:43: "Gho$T<27><VALVE_ID_LAN><CT>" killed "CEIFADOR<21><VALVE_ID_LOOPBACK><TERRORIST>" with "glock18"
L 08/15/2019 - 12:42:43: "XXBOT Kurt<30><BOT><CT>" killed "Smolder<29><VALVE_ID_LAN><TERRORIST>" with "glock18"
L 08/15/2019 - 12:42:46: "Kratos-Celular<23><VALVE_ID_LAN><TERRORIST>" killed "XXBOT Kurt<30><BOT><CT>" with "glock18"
L 08/15/2019 - 12:42:48: "Kratos-Celular<23><VALVE_ID_LAN><TERRORIST>" killed "Cap Billy<28><VALVE_ID_LAN><CT>" with "glock18"
L 08/15/2019 - 12:42:50: "Calcas Peludas<26><VALVE_ID_LAN><TERRORIST>" killed "INDIO<25><VALVE_ID_LAN><CT>" with "glock18"
L 08/15/2019 - 12:42:50: "Gho$T<27><VALVE_ID_LAN><CT>" killed "Kratos-Celular<23><VALVE_ID_LAN><TERRORIST>" with "glock18"
L 08/15/2019 - 12:42:50: "Kitkat<22><VALVE_ID_LAN><CT>" killed "Calcas Peludas<26><VALVE_ID_LAN><TERRORIST>" with "glock18"
L 08/15/2019 - 12:42:50: Team "CT" triggered "CTs_Win" (CT "6") (T "3")
L 08/15/2019 - 12:42:50: World triggered "Round_End"
L 08/15/2019 - 12:42:55: World triggered "Round_Start"
L 08/15/2019 - 12:42:56: "Cap Billy<28><VALVE_ID_LAN><CT>" say "CALCADS FICAS"
L 08/15/2019 - 12:42:59: "Calcas Peludas<26><VALVE_ID_LAN><TERRORIST>" killed "Gho$T<27><VALVE_ID_LAN><CT>" with "glock18"
L 08/15/2019 - 12:43:01: "INDIO<25><VALVE_ID_LAN><CT>" killed "Calcas Peludas<26><VALVE_ID_LAN><TERRORIST>" with "glock18"
L 08/15/2019 - 12:43:01: "Kitkat<22><VALVE_ID_LAN><CT>" killed "Smolder<29><VALVE_ID_LAN><TERRORIST>" with "glock18"
L 08/15/2019 - 12:43:02: "Kratos-Celular<23><VALVE_ID_LAN><TERRORIST>" killed "INDIO<25><VALVE_ID_LAN><CT>" with "glock18"
L 08/15/2019 - 12:43:03: "CEIFADOR<21><VALVE_ID_LOOPBACK><TERRORIST>" killed "Cap Billy<28><VALVE_ID_LAN><CT>" with "glock18"
L 08/15/2019 - 12:43:04: "Ice_Man<24><VALVE_ID_LAN><TERRORIST>" killed "XXBOT Kurt<30><BOT><CT>" with "glock18"
L 08/15/2019 - 12:43:06: "Calcas Peludas<26><VALVE_ID_LAN><TERRORIST>" say "fica na tua bunda" (dead)
L 08/15/2019 - 12:43:08: "CEIFADOR<21><VALVE_ID_LOOPBACK><TERRORIST>" killed "Kitkat<22><VALVE_ID_LAN><CT>" with "glock18"
L 08/15/2019 - 12:43:08: Team "TERRORIST" triggered "Terrorists_Win" (CT "6") (T "4")
L 08/15/2019 - 12:43:08: World triggered "Round_End"
L 08/15/2019 - 12:43:13: World triggered "Round_Start"
L 08/15/2019 - 12:43:19: "INDIO<25><VALVE_ID_LAN><CT>" killed "Ice_Man<24><VALVE_ID_LAN><TERRORIST>" with "glock18"
L 08/15/2019 - 12:43:20: "Gho$T<27><VALVE_ID_LAN><CT>" killed "Calcas Peludas<26><VALVE_ID_LAN><TERRORIST>" with "glock18"
L 08/15/2019 - 12:43:20: "XXBOT Kurt<30><BOT><CT>" killed "Smolder<29><VALVE_ID_LAN><TERRORIST>" with "glock18"
L 08/15/2019 - 12:43:21: "CEIFADOR<21><VALVE_ID_LOOPBACK><TERRORIST>" killed "XXBOT Kurt<30><BOT><CT>" with "glock18"
L 08/15/2019 - 12:43:23: "INDIO<25><VALVE_ID_LAN><CT>" killed "CEIFADOR<21><VALVE_ID_LOOPBACK><TERRORIST>" with "glock18"
L 08/15/2019 - 12:43:26: "Kitkat<22><VALVE_ID_LAN><CT>" killed "Kratos-Celular<23><VALVE_ID_LAN><TERRORIST>" with "glock18"
L 08/15/2019 - 12:43:26: Team "CT" triggered "CTs_Win" (CT "7") (T "4")
L 08/15/2019 - 12:43:26: World triggered "Round_End"
L 08/15/2019 - 12:43:31: World triggered "Round_Start"
L 08/15/2019 - 12:43:35: "Ice_Man<24><VALVE_ID_LAN><TERRORIST>" killed "INDIO<25><VALVE_ID_LAN><CT>" with "glock18"
L 08/15/2019 - 12:43:37: "CEIFADOR<21><VALVE_ID_LOOPBACK><TERRORIST>" killed "Gho$T<27><VALVE_ID_LAN><CT>" with "glock18"
L 08/15/2019 - 12:43:38: "Ice_Man<24><VALVE_ID_LAN><TERRORIST>" killed "Cap Billy<28><VALVE_ID_LAN><CT>" with "glock18"
L 08/15/2019 - 12:43:39: "Kitkat<22><VALVE_ID_LAN><CT>" killed "Kratos-Celular<23><VALVE_ID_LAN><TERRORIST>" with "glock18"
L 08/15/2019 - 12:43:41: "Smolder<29><VALVE_ID_LAN><TERRORIST>" killed "Kitkat<22><VALVE_ID_LAN><CT>" with "glock18"
L 08/15/2019 - 12:43:42: "Calcas Peludas<26><VALVE_ID_LAN><TERRORIST>" killed "XXBOT Kurt<30><BOT><CT>" with "glock18"
L 08/15/2019 - 12:43:42: Team "TERRORIST" triggered "Terrorists_Win" (CT "7") (T "5")
L 08/15/2019 - 12:43:42: World triggered "Round_End"
L 08/15/2019 - 12:43:47: World triggered "Round_Start"
L 08/15/2019 - 12:43:51: "Smolder<29><VALVE_ID_LAN><TERRORIST>" killed "Gho$T<27><VALVE_ID_LAN><CT>" with "glock18"
L 08/15/2019 - 12:43:53: "Kratos-Celular<23><VALVE_ID_LAN><TERRORIST>" killed "Kitkat<22><VALVE_ID_LAN><CT>" with "glock18"
L 08/15/2019 - 12:43:54: "XXBOT Kurt<30><BOT><CT>" killed "Smolder<29><VALVE_ID_LAN><TERRORIST>" with "glock18"
L 08/15/2019 - 12:43:55: "XXBOT Kurt<30><BOT><CT>" killed "Ice_Man<24><VALVE_ID_LAN><TERRORIST>" with "glock18"
L 08/15/2019 - 12:43:57: "Calcas Peludas<26><VALVE_ID_LAN><TERRORIST>" killed "Cap Billy<28><VALVE_ID_LAN><CT>" with "glock18"
L 08/15/2019 - 12:43:58: "INDIO<25><VALVE_ID_LAN><CT>" killed "Kratos-Celular<23><VALVE_ID_LAN><TERRORIST>" with "glock18"
L 08/15/2019 - 12:44:00: "CEIFADOR<21><VALVE_ID_LOOPBACK><TERRORIST>" killed "XXBOT Kurt<30><BOT><CT>" with "glock18"
L 08/15/2019 - 12:44:03: "Calcas Peludas<26><VALVE_ID_LAN><TERRORIST>" killed "INDIO<25><VALVE_ID_LAN><CT>" with "glock18"
L 08/15/2019 - 12:44:03: Team "TERRORIST" triggered "Terrorists_Win" (CT "7") (T "6")
L 08/15/2019 - 12:44:03: World triggered "Round_End"
L 08/15/2019 - 12:44:04: "Cap Billy<28><VALVE_ID_LAN><CT>" say "SAI DAI CLCASSSSSS" (dead)
L 08/15/2019 - 12:44:08: World triggered "Round_Start"
L 08/15/2019 - 12:44:08: "Cap Billy<28><VALVE_ID_LAN><CT>" say "APERTA W AI"
L 08/15/2019 - 12:44:12: "CEIFADOR<21><VALVE_ID_LOOPBACK><TERRORIST>" killed "XXBOT Kurt<30><BOT><CT>" with "glock18"
L 08/15/2019 - 12:44:12: "Smolder<29><VALVE_ID_LAN><TERRORIST>" killed "INDIO<25><VALVE_ID_LAN><CT>" with "glock18"
L 08/15/2019 - 12:44:15: "Cap Billy<28><VALVE_ID_LAN><CT>" killed "Smolder<29><VALVE_ID_LAN><TERRORIST>" with "glock18"
L 08/15/2019 - 12:44:15: "Cap Billy<28><VALVE_ID_LAN><CT>" killed "Ice_Man<24><VALVE_ID_LAN><TERRORIST>" with "glock18"
L 08/15/2019 - 12:44:19: "Cap Billy<28><VALVE_ID_LAN><CT>" killed "CEIFADOR<21><VALVE_ID_LOOPBACK><TERRORIST>" with "glock18"
L 08/15/2019 - 12:44:23: "Calcas Peludas<26><VALVE_ID_LAN><TERRORIST>" killed "Gho$T<27><VALVE_ID_LAN><CT>" with "glock18"
L 08/15/2019 - 12:44:24: "Kitkat<22><VALVE_ID_LAN><CT>" killed "Calcas Peludas<26><VALVE_ID_LAN><TERRORIST>" with "glock18"
L 08/15/2019 - 12:44:26: "Kitkat<22><VALVE_ID_LAN><CT>" killed "Kratos-Celular<23><VALVE_ID_LAN><TERRORIST>" with "glock18"
L 08/15/2019 - 12:44:26: Team "CT" triggered "CTs_Win" (CT "8") (T "6")
L 08/15/2019 - 12:44:26: World triggered "Round_End"
L 08/15/2019 - 12:44:31: World triggered "Round_Start"
L 08/15/2019 - 12:44:36: "INDIO<25><VALVE_ID_LAN><CT>" killed "CEIFADOR<21><VALVE_ID_LOOPBACK><TERRORIST>" with "glock18"
L 08/15/2019 - 12:44:38: "Cap Billy<28><VALVE_ID_LAN><CT>" killed "Gho$T<27><VALVE_ID_LAN><CT>" with "glock18"
L 08/15/2019 - 12:44:39: "INDIO<25><VALVE_ID_LAN><CT>" killed "Ice_Man<24><VALVE_ID_LAN><TERRORIST>" with "glock18"
L 08/15/2019 - 12:44:39: "Smolder<29><VALVE_ID_LAN><TERRORIST>" killed "Cap Billy<28><VALVE_ID_LAN><CT>" with "glock18"
L 08/15/2019 - 12:44:42: "Calcas Peludas<26><VALVE_ID_LAN><TERRORIST>" killed "INDIO<25><VALVE_ID_LAN><CT>" with "glock18"
L 08/15/2019 - 12:44:42: "XXBOT Kurt<30><BOT><CT>" killed "Smolder<29><VALVE_ID_LAN><TERRORIST>" with "glock18"
L 08/15/2019 - 12:44:44: "Calcas Peludas<26><VALVE_ID_LAN><TERRORIST>" killed "Kitkat<22><VALVE_ID_LAN><CT>" with "glock18"
L 08/15/2019 - 12:44:48: "Gho$T<27><VALVE_ID_LAN><CT>" say "kratos ousado" (dead)
L 08/15/2019 - 12:44:48: "Kratos-Celular<23><VALVE_ID_LAN><TERRORIST>" killed "XXBOT Kurt<30><BOT><CT>" with "glock18"
L 08/15/2019 - 12:44:48: Team "TERRORIST" triggered "Terrorists_Win" (CT "8") (T "7")
L 08/15/2019 - 12:44:48: World triggered "Round_End"
L 08/15/2019 - 12:44:53: World triggered "Round_Start"
L 08/15/2019 - 12:44:53: "Cap Billy<28><VALVE_ID_LAN><CT>" committed suicide with "world"
L 08/15/2019 - 12:44:59: "Ice_Man<24><VALVE_ID_LAN><TERRORIST>" killed "INDIO<25><VALVE_ID_LAN><CT>" with "glock18"
L 08/15/2019 - 12:45:00: "Gho$T<27><VALVE_ID_LAN><CT>" killed "Ice_Man<24><VALVE_ID_LAN><TERRORIST>" with "glock18"
L 08/15/2019 - 12:45:00: "Kitkat<22><VALVE_ID_LAN><CT>" killed "Kratos-Celular<23><VALVE_ID_LAN><TERRORIST>" with "glock18"
L 08/15/2019 - 12:45:03: "Calcas Peludas<26><VALVE_ID_LAN><TERRORIST>" killed "XXBOT Kurt<30><BOT><CT>" with "glock18"
L 08/15/2019 - 12:45:08: "Calcas Peludas<26><VALVE_ID_LAN><TERRORIST>" killed "Gho$T<27><VALVE_ID_LAN><CT>" with "glock18"
L 08/15/2019 - 12:45:27: "Cap Billy<28><VALVE_ID_LAN><CT>" say "ate morto o cap causa medo neles" (dead)
L 08/15/2019 - 12:45:30: "Smolder<29><VALVE_ID_LAN><TERRORIST>" killed "Kitkat<22><VALVE_ID_LAN><CT>" with "glock18"
L 08/15/2019 - 12:45:30: Team "TERRORIST" triggered "Terrorists_Win" (CT "8") (T "8")
L 08/15/2019 - 12:45:30: World triggered "Round_End"
L 08/15/2019 - 12:45:32: "Gho$T<27><VALVE_ID_LAN><CT>" say "kkkkk" (dead)
L 08/15/2019 - 12:45:35: World triggered "Round_Start"
L 08/15/2019 - 12:45:42: "CEIFADOR<21><VALVE_ID_LOOPBACK><TERRORIST>" killed "Cap Billy<28><VALVE_ID_LAN><CT>" with "glock18"
L 08/15/2019 - 12:45:44: "Smolder<29><VALVE_ID_LAN><TERRORIST>" killed "Kitkat<22><VALVE_ID_LAN><CT>" with "glock18"
L 08/15/2019 - 12:45:46: "XXBOT Kurt<30><BOT><CT>" killed "Smolder<29><VALVE_ID_LAN><TERRORIST>" with "glock18"
L 08/15/2019 - 12:45:46: "INDIO<25><VALVE_ID_LAN><CT>" killed "CEIFADOR<21><VALVE_ID_LOOPBACK><TERRORIST>" with "glock18"
L 08/15/2019 - 12:45:48: "XXBOT Kurt<30><BOT><CT>" killed "Kratos-Celular<23><VALVE_ID_LAN><TERRORIST>" with "glock18"
L 08/15/2019 - 12:45:49: "Ice_Man<24><VALVE_ID_LAN><TERRORIST>" killed "INDIO<25><VALVE_ID_LAN><CT>" with "glock18"
L 08/15/2019 - 12:45:49: "XXBOT Kurt<30><BOT><CT>" killed "Calcas Peludas<26><VALVE_ID_LAN><TERRORIST>" with "glock18"
L 08/15/2019 - 12:45:52: Log file closed
