L 08/16/2019 - 12:41:02: Log file started (file "logs\L0816009.log") (game "cstrike") (version "47/1.1.2.2/2603")
L 08/16/2019 - 12:41:02: "Calcas Peludas<4><VALVE_ID_LAN><>" entered the game
L 08/16/2019 - 12:41:02: "Kratos-away<3><VALVE_ID_LAN><>" entered the game
L 08/16/2019 - 12:41:02: "INDIO<5><VALVE_ID_LAN><>" entered the game
L 08/16/2019 - 12:41:03: "Calcas Peludas<4><VALVE_ID_LAN><>" joined team "TERRORIST"
L 08/16/2019 - 12:41:03: "@te<8><VALVE_ID_LAN><>" connected, address "10.15.2.86:27005"
L 08/16/2019 - 12:41:04: "Cap Billy<6><VALVE_ID_LAN><>" entered the game
L 08/16/2019 - 12:41:04: "Kratos-away<3><VALVE_ID_LAN><>" joined team "TERRORIST"
L 08/16/2019 - 12:41:04: "Jack<9><VALVE_ID_LAN><>" connected, address "10.15.2.45:27005"
L 08/16/2019 - 12:41:04: "Ciclops<7><VALVE_ID_LAN><>" entered the game
L 08/16/2019 - 12:41:04: "INDIO<5><VALVE_ID_LAN><>" joined team "CT"
L 08/16/2019 - 12:41:05: "Cap Billy<6><VALVE_ID_LAN><>" joined team "CT"
L 08/16/2019 - 12:41:05: World triggered "Game_Commencing"
L 08/16/2019 - 12:41:05: World triggered "Game_Commencing" (CT "0") (T "0")
L 08/16/2019 - 12:41:05: World triggered "Round_End"
L 08/16/2019 - 12:41:06: "@te<8><VALVE_ID_LAN><>" entered the game
L 08/16/2019 - 12:41:07: "Ciclops<7><VALVE_ID_LAN><>" joined team "TERRORIST"
L 08/16/2019 - 12:41:07: "Jack<9><VALVE_ID_LAN><>" entered the game
L 08/16/2019 - 12:41:07: "Smolder<2><VALVE_ID_LAN><>" joined team "TERRORIST"
L 08/16/2019 - 12:41:08: World triggered "Round_Start"
L 08/16/2019 - 12:41:08: "@te<8><VALVE_ID_LAN><>" joined team "CT"
L 08/16/2019 - 12:41:10: "Jack<9><VALVE_ID_LAN><>" joined team "CT"
L 08/16/2019 - 12:41:13: "Gho$T<10><VALVE_ID_LAN><>" connected, address "10.15.2.123:27005"
L 08/16/2019 - 12:41:14: "XXBOT Brad<11><BOT><>" joined team "CT"
L 08/16/2019 - 12:41:14: Server cvar "bot_quota" = "1"
L 08/16/2019 - 12:41:14: "XXBOT Brad<11><BOT><>" entered the game
L 08/16/2019 - 12:41:16: "Gho$T<10><VALVE_ID_LAN><>" entered the game
L 08/16/2019 - 12:41:16: "INDIO<5><VALVE_ID_LAN><CT>" killed "Smolder<2><VALVE_ID_LAN><TERRORIST>" with "glock18"
L 08/16/2019 - 12:41:18: "Gho$T<10><VALVE_ID_LAN><>" joined team "CT"
L 08/16/2019 - 12:41:18: "Kratos-away<3><VALVE_ID_LAN><TERRORIST>" killed "INDIO<5><VALVE_ID_LAN><CT>" with "glock18"
L 08/16/2019 - 12:41:21: "Kratos-away<3><VALVE_ID_LAN><TERRORIST>" killed "Jack<9><VALVE_ID_LAN><CT>" with "glock18"
L 08/16/2019 - 12:41:23: "@te<8><VALVE_ID_LAN><CT>" killed "Ciclops<7><VALVE_ID_LAN><TERRORIST>" with "glock18"
L 08/16/2019 - 12:41:26: "Cap Billy<6><VALVE_ID_LAN><CT>" killed "Kratos-away<3><VALVE_ID_LAN><TERRORIST>" with "glock18"
L 08/16/2019 - 12:41:26: "XXBOT Brad<11><BOT><CT>" killed "CEIFADOR<1><VALVE_ID_LOOPBACK><TERRORIST>" with "glock18"
L 08/16/2019 - 12:41:27: "Calcas Peludas<4><VALVE_ID_LAN><TERRORIST>" killed "Gho$T<10><VALVE_ID_LAN><CT>" with "glock18"
L 08/16/2019 - 12:41:40: "Kratos-away<3><VALVE_ID_LAN><TERRORIST>" say "tira obot" (dead)
L 08/16/2019 - 12:41:40: "Ciclops<7><VALVE_ID_LAN><TERRORIST>" triggered "weaponstats" (weapon "glock18") (shots "9") (hits "0") (kills "0") (headshots "0") (tks "0") (damage "0") (deaths "1")
L 08/16/2019 - 12:41:40: "Ciclops<7><VALVE_ID_LAN><TERRORIST>" triggered "weaponstats2" (weapon "glock18") (head "0") (chest "0") (stomach "0") (leftarm "0") (rightarm "0") (leftleg "0") (rightleg "0")
L 08/16/2019 - 12:41:40: "Ciclops<7><VALVE_ID_LAN><TERRORIST>" triggered "time" (time "0:28")
L 08/16/2019 - 12:41:40: "Ciclops<7><VALVE_ID_LAN><TERRORIST>" triggered "latency" (ping "8")
L 08/16/2019 - 12:41:40: "Ciclops<7><VALVE_ID_LAN><TERRORIST>" disconnected
L 08/16/2019 - 12:41:40: "Gho$T<10><VALVE_ID_LAN><CT>" say "geracao incompetente" (dead)
L 08/16/2019 - 12:41:42: "@te<8><VALVE_ID_LAN><CT>" killed "Calcas Peludas<4><VALVE_ID_LAN><TERRORIST>" with "glock18"
L 08/16/2019 - 12:41:42: Team "CT" triggered "CTs_Win" (CT "1") (T "0")
L 08/16/2019 - 12:41:42: World triggered "Round_End"
L 08/16/2019 - 12:41:44: "Ciclops<12><VALVE_ID_LAN><>" connected, address "10.15.2.119:27005"
L 08/16/2019 - 12:41:46: "Ice_Man<13><VALVE_ID_LAN><>" connected, address "10.15.4.2:27005"
L 08/16/2019 - 12:41:47: "Ciclops<12><VALVE_ID_LAN><>" entered the game
L 08/16/2019 - 12:41:47: World triggered "Round_Start"
L 08/16/2019 - 12:41:49: "Ciclops<12><VALVE_ID_LAN><>" joined team "TERRORIST"
L 08/16/2019 - 12:41:50: "Ice_Man<13><VALVE_ID_LAN><>" entered the game
L 08/16/2019 - 12:41:51: "Ice_Man<13><VALVE_ID_LAN><>" joined team "TERRORIST"
L 08/16/2019 - 12:41:52: Server cvar "bot_quota" = "0"
L 08/16/2019 - 12:41:52: Kick: "XXBOT Brad<11><UNKNOWN><>" was kicked by "CEIFADOR"
L 08/16/2019 - 12:41:52: "XXBOT Brad<11><BOT><CT>" disconnected
L 08/16/2019 - 12:41:54: "Kratos-away<3><VALVE_ID_LAN><TERRORIST>" killed "Gho$T<10><VALVE_ID_LAN><CT>" with "glock18"
L 08/16/2019 - 12:41:54: "Cap Billy<6><VALVE_ID_LAN><CT>" killed "Calcas Peludas<4><VALVE_ID_LAN><TERRORIST>" with "glock18"
L 08/16/2019 - 12:41:56: "Cap Billy<6><VALVE_ID_LAN><CT>" killed "Kratos-away<3><VALVE_ID_LAN><TERRORIST>" with "glock18"
L 08/16/2019 - 12:41:57: "XXBOT Erik<14><BOT><>" joined team "CT"
L 08/16/2019 - 12:41:57: Server cvar "bot_quota" = "1"
L 08/16/2019 - 12:41:57: "XXBOT Erik<14><BOT><>" entered the game
L 08/16/2019 - 12:41:58: "Ciclops<12><VALVE_ID_LAN><TERRORIST>" killed "Jack<9><VALVE_ID_LAN><CT>" with "glock18"
L 08/16/2019 - 12:41:58: "Cap Billy<6><VALVE_ID_LAN><CT>" killed "Smolder<2><VALVE_ID_LAN><TERRORIST>" with "glock18"
L 08/16/2019 - 12:41:59: "Ice_Man<13><VALVE_ID_LAN><TERRORIST>" killed "INDIO<5><VALVE_ID_LAN><CT>" with "glock18"
L 08/16/2019 - 12:42:02: "Cap Billy<6><VALVE_ID_LAN><CT>" killed "Ice_Man<13><VALVE_ID_LAN><TERRORIST>" with "knife"
L 08/16/2019 - 12:42:04: "Ciclops<12><VALVE_ID_LAN><TERRORIST>" killed "XXBOT Erik<14><BOT><CT>" with "glock18"
L 08/16/2019 - 12:42:05: "Ice_Man<13><VALVE_ID_LAN><TERRORIST>" say "safado" (dead)
L 08/16/2019 - 12:42:06: "Jack<9><VALVE_ID_LAN><CT>" say "eita " (dead)
L 08/16/2019 - 12:42:07: "INDIO<5><VALVE_ID_LAN><CT>" say "kkkkkkkkkkk" (dead)
L 08/16/2019 - 12:42:08: "Jack<9><VALVE_ID_LAN><CT>" say " eu vi" (dead)
L 08/16/2019 - 12:42:09: "CEIFADOR<1><VALVE_ID_LOOPBACK><TERRORIST>" killed "Cap Billy<6><VALVE_ID_LAN><CT>" with "glock18"
L 08/16/2019 - 12:42:12: "@te<8><VALVE_ID_LAN><CT>" killed "Ciclops<12><VALVE_ID_LAN><TERRORIST>" with "glock18"
L 08/16/2019 - 12:42:13: "Ice_Man<13><VALVE_ID_LAN><TERRORIST>" say "camper como sempre" (dead)
L 08/16/2019 - 12:42:14: "INDIO<5><VALVE_ID_LAN><CT>" say "eu tb" (dead)
L 08/16/2019 - 12:42:15: "CEIFADOR<1><VALVE_ID_LOOPBACK><TERRORIST>" killed "@te<8><VALVE_ID_LAN><CT>" with "glock18"
L 08/16/2019 - 12:42:15: Team "TERRORIST" triggered "Terrorists_Win" (CT "1") (T "1")
L 08/16/2019 - 12:42:15: World triggered "Round_End"
L 08/16/2019 - 12:42:17: "Cap Billy<6><VALVE_ID_LAN><CT>" say "LEVOU" (dead)
L 08/16/2019 - 12:42:20: World triggered "Round_Start"
L 08/16/2019 - 12:42:20: "Jack<9><VALVE_ID_LAN><CT>" say "vai vazar acai do buxo"
L 08/16/2019 - 12:42:25: "Ice_Man<13><VALVE_ID_LAN><TERRORIST>" killed "INDIO<5><VALVE_ID_LAN><CT>" with "glock18"
L 08/16/2019 - 12:42:27: "Cap Billy<6><VALVE_ID_LAN><CT>" killed "Ice_Man<13><VALVE_ID_LAN><TERRORIST>" with "glock18"
L 08/16/2019 - 12:42:28: "Smolder<2><VALVE_ID_LAN><TERRORIST>" killed "Gho$T<10><VALVE_ID_LAN><CT>" with "glock18"
L 08/16/2019 - 12:42:28: "Jack<9><VALVE_ID_LAN><CT>" killed "Ciclops<12><VALVE_ID_LAN><TERRORIST>" with "glock18"
L 08/16/2019 - 12:42:29: "Jack<9><VALVE_ID_LAN><CT>" killed "Kratos-away<3><VALVE_ID_LAN><TERRORIST>" with "glock18"
L 08/16/2019 - 12:42:29: "Jack<9><VALVE_ID_LAN><CT>" killed "Smolder<2><VALVE_ID_LAN><TERRORIST>" with "glock18"
L 08/16/2019 - 12:42:29: "CEIFADOR<1><VALVE_ID_LOOPBACK><TERRORIST>" killed "Jack<9><VALVE_ID_LAN><CT>" with "glock18"
L 08/16/2019 - 12:42:30: "Cap Billy<6><VALVE_ID_LAN><CT>" killed "CEIFADOR<1><VALVE_ID_LOOPBACK><TERRORIST>" with "knife"
L 08/16/2019 - 12:42:30: "@te<8><VALVE_ID_LAN><CT>" killed "Calcas Peludas<4><VALVE_ID_LAN><TERRORIST>" with "glock18"
L 08/16/2019 - 12:42:30: Team "CT" triggered "CTs_Win" (CT "2") (T "1")
L 08/16/2019 - 12:42:30: World triggered "Round_End"
L 08/16/2019 - 12:42:33: "Gho$T<10><VALVE_ID_LAN><CT>" say "HAHAHAHAHAHAH" (dead)
L 08/16/2019 - 12:42:34: "INDIO<5><VALVE_ID_LAN><CT>" say "kkkkkkkkkkkk" (dead)
L 08/16/2019 - 12:42:35: World triggered "Round_Start"
L 08/16/2019 - 12:42:35: "Jack<9><VALVE_ID_LAN><CT>" say "oia"
L 08/16/2019 - 12:42:36: "Gho$T<10><VALVE_ID_LAN><CT>" say "boaa cap"
L 08/16/2019 - 12:42:39: "INDIO<5><VALVE_ID_LAN><CT>" killed "Ice_Man<13><VALVE_ID_LAN><TERRORIST>" with "glock18"
L 08/16/2019 - 12:42:41: "Smolder<2><VALVE_ID_LAN><TERRORIST>" killed "INDIO<5><VALVE_ID_LAN><CT>" with "glock18"
L 08/16/2019 - 12:42:42: "Gho$T<10><VALVE_ID_LAN><CT>" killed "CEIFADOR<1><VALVE_ID_LOOPBACK><TERRORIST>" with "glock18"
L 08/16/2019 - 12:42:42: "Ciclops<12><VALVE_ID_LAN><TERRORIST>" killed "Cap Billy<6><VALVE_ID_LAN><CT>" with "glock18"
L 08/16/2019 - 12:42:44: "Jack<9><VALVE_ID_LAN><CT>" killed "Kratos-away<3><VALVE_ID_LAN><TERRORIST>" with "glock18"
L 08/16/2019 - 12:42:44: "Calcas Peludas<4><VALVE_ID_LAN><TERRORIST>" killed "Gho$T<10><VALVE_ID_LAN><CT>" with "glock18"
L 08/16/2019 - 12:42:46: "Calcas Peludas<4><VALVE_ID_LAN><TERRORIST>" killed "@te<8><VALVE_ID_LAN><CT>" with "glock18"
L 08/16/2019 - 12:42:48: "Cap Billy<6><VALVE_ID_LAN><CT>" say "AHAHAHAHAHAHA" (dead)
L 08/16/2019 - 12:42:50: "XXBOT Erik<14><BOT><CT>" killed "Smolder<2><VALVE_ID_LAN><TERRORIST>" with "glock18"
L 08/16/2019 - 12:42:51: "Jack<9><VALVE_ID_LAN><CT>" killed "Calcas Peludas<4><VALVE_ID_LAN><TERRORIST>" with "glock18"
L 08/16/2019 - 12:42:52: "XXBOT Erik<14><BOT><CT>" killed "Ciclops<12><VALVE_ID_LAN><TERRORIST>" with "glock18"
L 08/16/2019 - 12:42:52: Team "CT" triggered "CTs_Win" (CT "3") (T "1")
L 08/16/2019 - 12:42:52: World triggered "Round_End"
L 08/16/2019 - 12:42:56: "CEIFADOR<1><VALVE_ID_LOOPBACK><TERRORIST>" say_team "junto" (dead)
L 08/16/2019 - 12:42:57: World triggered "Round_Start"
L 08/16/2019 - 12:43:02: "Cap Billy<6><VALVE_ID_LAN><CT>" killed "Ice_Man<13><VALVE_ID_LAN><TERRORIST>" with "glock18"
L 08/16/2019 - 12:43:03: "Calcas Peludas<4><VALVE_ID_LAN><TERRORIST>" killed "@te<8><VALVE_ID_LAN><CT>" with "glock18"
L 08/16/2019 - 12:43:03: "INDIO<5><VALVE_ID_LAN><CT>" killed "Ciclops<12><VALVE_ID_LAN><TERRORIST>" with "glock18"
L 08/16/2019 - 12:43:05: "Cap Billy<6><VALVE_ID_LAN><CT>" killed "Calcas Peludas<4><VALVE_ID_LAN><TERRORIST>" with "glock18"
L 08/16/2019 - 12:43:06: "Jack<9><VALVE_ID_LAN><CT>" killed "Kratos-away<3><VALVE_ID_LAN><TERRORIST>" with "glock18"
L 08/16/2019 - 12:43:06: "XXBOT Erik<14><BOT><CT>" killed "CEIFADOR<1><VALVE_ID_LOOPBACK><TERRORIST>" with "glock18"
L 08/16/2019 - 12:43:08: "XXBOT Erik<14><BOT><CT>" killed "Smolder<2><VALVE_ID_LAN><TERRORIST>" with "glock18"
L 08/16/2019 - 12:43:08: Team "CT" triggered "CTs_Win" (CT "4") (T "1")
L 08/16/2019 - 12:43:08: World triggered "Round_End"
L 08/16/2019 - 12:43:13: World triggered "Round_Start"
L 08/16/2019 - 12:43:18: "Ice_Man<13><VALVE_ID_LAN><TERRORIST>" killed "Cap Billy<6><VALVE_ID_LAN><CT>" with "glock18"
L 08/16/2019 - 12:43:20: "Ice_Man<13><VALVE_ID_LAN><TERRORIST>" killed "INDIO<5><VALVE_ID_LAN><CT>" with "glock18"
L 08/16/2019 - 12:43:20: "XXBOT Erik<14><BOT><CT>" killed "CEIFADOR<1><VALVE_ID_LOOPBACK><TERRORIST>" with "glock18"
L 08/16/2019 - 12:43:21: "@te<8><VALVE_ID_LAN><CT>" killed "Smolder<2><VALVE_ID_LAN><TERRORIST>" with "glock18"
L 08/16/2019 - 12:43:21: "Ciclops<12><VALVE_ID_LAN><TERRORIST>" killed "XXBOT Erik<14><BOT><CT>" with "glock18"
L 08/16/2019 - 12:43:25: "Ice_Man<13><VALVE_ID_LAN><TERRORIST>" killed "Jack<9><VALVE_ID_LAN><CT>" with "glock18"
L 08/16/2019 - 12:43:27: "Ciclops<12><VALVE_ID_LAN><TERRORIST>" killed "Gho$T<10><VALVE_ID_LAN><CT>" with "glock18"
L 08/16/2019 - 12:43:32: "@te<8><VALVE_ID_LAN><CT>" killed "Ice_Man<13><VALVE_ID_LAN><TERRORIST>" with "glock18"
L 08/16/2019 - 12:43:41: "@te<8><VALVE_ID_LAN><CT>" killed "Calcas Peludas<4><VALVE_ID_LAN><TERRORIST>" with "glock18"
L 08/16/2019 - 12:43:41: "Ciclops<12><VALVE_ID_LAN><TERRORIST>" killed "@te<8><VALVE_ID_LAN><CT>" with "glock18"
L 08/16/2019 - 12:43:41: Team "TERRORIST" triggered "Terrorists_Win" (CT "4") (T "2")
L 08/16/2019 - 12:43:41: World triggered "Round_End"
L 08/16/2019 - 12:43:46: World triggered "Round_Start"
L 08/16/2019 - 12:43:47: "Cap Billy<6><VALVE_ID_LAN><CT>" say "BOA CICLOPS!!!!"
L 08/16/2019 - 12:43:51: "Ice_Man<13><VALVE_ID_LAN><TERRORIST>" killed "INDIO<5><VALVE_ID_LAN><CT>" with "glock18"
L 08/16/2019 - 12:43:53: "Ice_Man<13><VALVE_ID_LAN><TERRORIST>" killed "Gho$T<10><VALVE_ID_LAN><CT>" with "glock18"
L 08/16/2019 - 12:43:53: "Calcas Peludas<4><VALVE_ID_LAN><TERRORIST>" killed "@te<8><VALVE_ID_LAN><CT>" with "glock18"
L 08/16/2019 - 12:43:53: "Cap Billy<6><VALVE_ID_LAN><CT>" killed "Ice_Man<13><VALVE_ID_LAN><TERRORIST>" with "glock18"
L 08/16/2019 - 12:43:54: "Smolder<2><VALVE_ID_LAN><TERRORIST>" killed "Cap Billy<6><VALVE_ID_LAN><CT>" with "glock18"
L 08/16/2019 - 12:43:55: "Ciclops<12><VALVE_ID_LAN><TERRORIST>" killed "XXBOT Erik<14><BOT><CT>" with "glock18"
L 08/16/2019 - 12:43:57: "Jack<9><VALVE_ID_LAN><CT>" killed "CEIFADOR<1><VALVE_ID_LOOPBACK><TERRORIST>" with "glock18"
L 08/16/2019 - 12:44:00: "Jack<9><VALVE_ID_LAN><CT>" killed "Smolder<2><VALVE_ID_LAN><TERRORIST>" with "glock18"
L 08/16/2019 - 12:44:02: "Ciclops<12><VALVE_ID_LAN><TERRORIST>" killed "Jack<9><VALVE_ID_LAN><CT>" with "knife"
L 08/16/2019 - 12:44:02: Team "TERRORIST" triggered "Terrorists_Win" (CT "4") (T "3")
L 08/16/2019 - 12:44:02: World triggered "Round_End"
L 08/16/2019 - 12:44:05: "Ice_Man<13><VALVE_ID_LAN><TERRORIST>" say "ui mamae" (dead)
L 08/16/2019 - 12:44:05: "Smolder<2><VALVE_ID_LAN><TERRORIST>" say "tome" (dead)
L 08/16/2019 - 12:44:07: World triggered "Round_Start"
L 08/16/2019 - 12:44:09: "Kratos-away<3><VALVE_ID_LAN><TERRORIST>" say "porra nao vejo nem o round travado"
L 08/16/2019 - 12:44:11: "Smolder<2><VALVE_ID_LAN><TERRORIST>" killed "Cap Billy<6><VALVE_ID_LAN><CT>" with "glock18"
L 08/16/2019 - 12:44:13: "Smolder<2><VALVE_ID_LAN><TERRORIST>" killed "Jack<9><VALVE_ID_LAN><CT>" with "glock18"
L 08/16/2019 - 12:44:14: "INDIO<5><VALVE_ID_LAN><CT>" killed "Smolder<2><VALVE_ID_LAN><TERRORIST>" with "glock18"
L 08/16/2019 - 12:44:15: "CEIFADOR<1><VALVE_ID_LOOPBACK><TERRORIST>" killed "INDIO<5><VALVE_ID_LAN><CT>" with "glock18"
L 08/16/2019 - 12:44:16: "Calcas Peludas<4><VALVE_ID_LAN><TERRORIST>" killed "XXBOT Erik<14><BOT><CT>" with "glock18"
L 08/16/2019 - 12:44:19: "CEIFADOR<1><VALVE_ID_LOOPBACK><TERRORIST>" killed "Gho$T<10><VALVE_ID_LAN><CT>" with "glock18"
L 08/16/2019 - 12:44:22: "Ciclops<12><VALVE_ID_LAN><TERRORIST>" killed "@te<8><VALVE_ID_LAN><CT>" with "knife"
L 08/16/2019 - 12:44:22: Team "TERRORIST" triggered "Terrorists_Win" (CT "4") (T "4")
L 08/16/2019 - 12:44:22: World triggered "Round_End"
L 08/16/2019 - 12:44:25: "Smolder<2><VALVE_ID_LAN><TERRORIST>" say "tome" (dead)
L 08/16/2019 - 12:44:25: "Ice_Man<13><VALVE_ID_LAN><TERRORIST>" say "ui mamae"
L 08/16/2019 - 12:44:27: "Calcas Peludas<4><VALVE_ID_LAN><TERRORIST>" say "hehehehe"
L 08/16/2019 - 12:44:27: "Cap Billy<6><VALVE_ID_LAN><CT>" say_team "porra essa foi de graa"
L 08/16/2019 - 12:44:27: World triggered "Round_Start"
L 08/16/2019 - 12:44:28: "Jack<9><VALVE_ID_LAN><CT>" say_team "mapa"
L 08/16/2019 - 12:44:36: "Ciclops<12><VALVE_ID_LAN><TERRORIST>" killed "INDIO<5><VALVE_ID_LAN><CT>" with "glock18"
L 08/16/2019 - 12:44:37: "Cap Billy<6><VALVE_ID_LAN><CT>" killed "Ice_Man<13><VALVE_ID_LAN><TERRORIST>" with "glock18"
L 08/16/2019 - 12:44:39: "XXBOT Erik<14><BOT><CT>" killed "Ciclops<12><VALVE_ID_LAN><TERRORIST>" with "glock18"
L 08/16/2019 - 12:44:39: "Kratos-away<3><VALVE_ID_LAN><TERRORIST>" killed "Gho$T<10><VALVE_ID_LAN><CT>" with "glock18"
L 08/16/2019 - 12:44:39: "Smolder<2><VALVE_ID_LAN><TERRORIST>" killed "Cap Billy<6><VALVE_ID_LAN><CT>" with "glock18"
L 08/16/2019 - 12:44:40: "Jack<9><VALVE_ID_LAN><CT>" killed "Smolder<2><VALVE_ID_LAN><TERRORIST>" with "glock18"
L 08/16/2019 - 12:44:40: "@te<8><VALVE_ID_LAN><CT>" killed "CEIFADOR<1><VALVE_ID_LOOPBACK><TERRORIST>" with "glock18"
L 08/16/2019 - 12:44:43: "XXBOT Erik<14><BOT><CT>" killed "Kratos-away<3><VALVE_ID_LAN><TERRORIST>" with "glock18"
L 08/16/2019 - 12:44:44: "Calcas Peludas<4><VALVE_ID_LAN><TERRORIST>" killed "Jack<9><VALVE_ID_LAN><CT>" with "glock18"
L 08/16/2019 - 12:44:46: "XXBOT Erik<14><BOT><CT>" killed "Calcas Peludas<4><VALVE_ID_LAN><TERRORIST>" with "glock18"
L 08/16/2019 - 12:44:46: Team "CT" triggered "CTs_Win" (CT "5") (T "4")
L 08/16/2019 - 12:44:46: World triggered "Round_End"
L 08/16/2019 - 12:44:50: "Kratos-away<3><VALVE_ID_LAN><TERRORIST>" say "ta foda nao da pra jogar" (dead)
L 08/16/2019 - 12:44:51: World triggered "Round_Start"
L 08/16/2019 - 12:44:51: "Jack<9><VALVE_ID_LAN><CT>" say_team "mapa viraram"
L 08/16/2019 - 12:44:55: "INDIO<5><VALVE_ID_LAN><CT>" killed "Calcas Peludas<4><VALVE_ID_LAN><TERRORIST>" with "glock18"
L 08/16/2019 - 12:44:56: "Smolder<2><VALVE_ID_LAN><TERRORIST>" killed "Cap Billy<6><VALVE_ID_LAN><CT>" with "glock18"
L 08/16/2019 - 12:44:57: "INDIO<5><VALVE_ID_LAN><CT>" killed "Smolder<2><VALVE_ID_LAN><TERRORIST>" with "glock18"
L 08/16/2019 - 12:44:58: "Gho$T<10><VALVE_ID_LAN><CT>" killed "Ice_Man<13><VALVE_ID_LAN><TERRORIST>" with "glock18"
L 08/16/2019 - 12:45:00: "CEIFADOR<1><VALVE_ID_LOOPBACK><TERRORIST>" killed "Gho$T<10><VALVE_ID_LAN><CT>" with "glock18"
L 08/16/2019 - 12:45:01: "INDIO<5><VALVE_ID_LAN><CT>" killed "Ciclops<12><VALVE_ID_LAN><TERRORIST>" with "glock18"
L 08/16/2019 - 12:45:03: "Kratos-away<3><VALVE_ID_LAN><TERRORIST>" killed "@te<8><VALVE_ID_LAN><CT>" with "glock18"
L 08/16/2019 - 12:45:05: "Jack<9><VALVE_ID_LAN><CT>" killed "Kratos-away<3><VALVE_ID_LAN><TERRORIST>" with "glock18"
L 08/16/2019 - 12:45:06: "CEIFADOR<1><VALVE_ID_LOOPBACK><TERRORIST>" killed "XXBOT Erik<14><BOT><CT>" with "glock18"
L 08/16/2019 - 12:45:09: "INDIO<5><VALVE_ID_LAN><CT>" killed "CEIFADOR<1><VALVE_ID_LOOPBACK><TERRORIST>" with "glock18"
L 08/16/2019 - 12:45:09: Team "CT" triggered "CTs_Win" (CT "6") (T "4")
L 08/16/2019 - 12:45:09: World triggered "Round_End"
L 08/16/2019 - 12:45:14: World triggered "Round_Start"
L 08/16/2019 - 12:45:15: "Jack<9><VALVE_ID_LAN><CT>" say "salvei kratos.. merda"
L 08/16/2019 - 12:45:19: "Calcas Peludas<4><VALVE_ID_LAN><TERRORIST>" killed "XXBOT Erik<14><BOT><CT>" with "glock18"
L 08/16/2019 - 12:45:21: "Cap Billy<6><VALVE_ID_LAN><CT>" killed "Calcas Peludas<4><VALVE_ID_LAN><TERRORIST>" with "glock18"
L 08/16/2019 - 12:45:21: "INDIO<5><VALVE_ID_LAN><CT>" killed "Kratos-away<3><VALVE_ID_LAN><TERRORIST>" with "knife"
L 08/16/2019 - 12:45:21: "Gho$T<10><VALVE_ID_LAN><CT>" killed "Ice_Man<13><VALVE_ID_LAN><TERRORIST>" with "glock18"
L 08/16/2019 - 12:45:21: "Smolder<2><VALVE_ID_LAN><TERRORIST>" killed "@te<8><VALVE_ID_LAN><CT>" with "glock18"
L 08/16/2019 - 12:45:22: "Jack<9><VALVE_ID_LAN><CT>" killed "Smolder<2><VALVE_ID_LAN><TERRORIST>" with "glock18"
L 08/16/2019 - 12:45:24: "Cap Billy<6><VALVE_ID_LAN><CT>" killed "CEIFADOR<1><VALVE_ID_LOOPBACK><TERRORIST>" with "glock18"
L 08/16/2019 - 12:45:25: "Kratos-away<3><VALVE_ID_LAN><TERRORIST>" say "porra" (dead)
L 08/16/2019 - 12:45:27: "Ciclops<12><VALVE_ID_LAN><TERRORIST>" killed "Gho$T<10><VALVE_ID_LAN><CT>" with "glock18"
L 08/16/2019 - 12:45:27: "Ciclops<12><VALVE_ID_LAN><TERRORIST>" killed "Jack<9><VALVE_ID_LAN><CT>" with "glock18"
L 08/16/2019 - 12:45:28: "Kratos-away<3><VALVE_ID_LAN><TERRORIST>" say "travado ef oda" (dead)
L 08/16/2019 - 12:45:31: "Cap Billy<6><VALVE_ID_LAN><CT>" killed "Ciclops<12><VALVE_ID_LAN><TERRORIST>" with "knife"
L 08/16/2019 - 12:45:31: Team "CT" triggered "CTs_Win" (CT "7") (T "4")
L 08/16/2019 - 12:45:31: World triggered "Round_End"
L 08/16/2019 - 12:45:34: "Jack<9><VALVE_ID_LAN><CT>" say "kkkkkkk" (dead)
L 08/16/2019 - 12:45:34: "Ice_Man<13><VALVE_ID_LAN><TERRORIST>" say "civardao" (dead)
L 08/16/2019 - 12:45:36: "Jack<9><VALVE_ID_LAN><CT>" say "eitaaaa" (dead)
L 08/16/2019 - 12:45:36: World triggered "Round_Start"
L 08/16/2019 - 12:45:38: "Cap Billy<6><VALVE_ID_LAN><CT>" say_team "nao elel llevou"
L 08/16/2019 - 12:45:41: "Ciclops<12><VALVE_ID_LAN><TERRORIST>" killed "INDIO<5><VALVE_ID_LAN><CT>" with "glock18"
L 08/16/2019 - 12:45:44: "Smolder<2><VALVE_ID_LAN><TERRORIST>" killed "Jack<9><VALVE_ID_LAN><CT>" with "glock18"
L 08/16/2019 - 12:45:45: "Kratos-away<3><VALVE_ID_LAN><TERRORIST>" killed "Gho$T<10><VALVE_ID_LAN><CT>" with "glock18"
L 08/16/2019 - 12:45:46: "@te<8><VALVE_ID_LAN><CT>" killed "Ciclops<12><VALVE_ID_LAN><TERRORIST>" with "glock18"
L 08/16/2019 - 12:45:47: "Calcas Peludas<4><VALVE_ID_LAN><TERRORIST>" killed "XXBOT Erik<14><BOT><CT>" with "glock18"
L 08/16/2019 - 12:45:51: "Ice_Man<13><VALVE_ID_LAN><TERRORIST>" killed "Cap Billy<6><VALVE_ID_LAN><CT>" with "glock18"
L 08/16/2019 - 12:45:53: "@te<8><VALVE_ID_LAN><CT>" killed "Smolder<2><VALVE_ID_LAN><TERRORIST>" with "glock18"
L 08/16/2019 - 12:45:55: "CEIFADOR<1><VALVE_ID_LOOPBACK><TERRORIST>" killed "@te<8><VALVE_ID_LAN><CT>" with "glock18"
L 08/16/2019 - 12:45:55: Team "TERRORIST" triggered "Terrorists_Win" (CT "7") (T "5")
L 08/16/2019 - 12:45:55: World triggered "Round_End"
L 08/16/2019 - 12:45:59: "INDIO<5><VALVE_ID_LAN><CT>" say_team "calma" (dead)
L 08/16/2019 - 12:46:00: World triggered "Round_Start"
L 08/16/2019 - 12:46:04: "Ice_Man<13><VALVE_ID_LAN><TERRORIST>" killed "INDIO<5><VALVE_ID_LAN><CT>" with "glock18"
L 08/16/2019 - 12:46:10: "Jack<9><VALVE_ID_LAN><CT>" killed "Smolder<2><VALVE_ID_LAN><TERRORIST>" with "glock18"
L 08/16/2019 - 12:46:11: "Calcas Peludas<4><VALVE_ID_LAN><TERRORIST>" killed "@te<8><VALVE_ID_LAN><CT>" with "glock18"
L 08/16/2019 - 12:46:13: "Kratos-away<3><VALVE_ID_LAN><TERRORIST>" killed "Cap Billy<6><VALVE_ID_LAN><CT>" with "glock18"
L 08/16/2019 - 12:46:15: "Calcas Peludas<4><VALVE_ID_LAN><TERRORIST>" killed "Gho$T<10><VALVE_ID_LAN><CT>" with "glock18"
L 08/16/2019 - 12:46:17: "XXBOT Erik<14><BOT><CT>" killed "CEIFADOR<1><VALVE_ID_LOOPBACK><TERRORIST>" with "glock18"
L 08/16/2019 - 12:46:21: "Cap Billy<6><VALVE_ID_LAN><CT>" say_team "agora vc salvou" (dead)
L 08/16/2019 - 12:46:21: "XXBOT Erik<14><BOT><CT>" killed "Calcas Peludas<4><VALVE_ID_LAN><TERRORIST>" with "glock18"
L 08/16/2019 - 12:46:23: "XXBOT Erik<14><BOT><CT>" killed "Kratos-away<3><VALVE_ID_LAN><TERRORIST>" with "glock18"
L 08/16/2019 - 12:46:24: "Ciclops<12><VALVE_ID_LAN><TERRORIST>" killed "XXBOT Erik<14><BOT><CT>" with "glock18"
L 08/16/2019 - 12:46:26: "Ciclops<12><VALVE_ID_LAN><TERRORIST>" killed "Jack<9><VALVE_ID_LAN><CT>" with "glock18"
L 08/16/2019 - 12:46:26: Team "TERRORIST" triggered "Terrorists_Win" (CT "7") (T "6")
L 08/16/2019 - 12:46:26: World triggered "Round_End"
L 08/16/2019 - 12:46:27: "CEIFADOR<1><VALVE_ID_LOOPBACK><TERRORIST>" say_team "bal,a" (dead)
L 08/16/2019 - 12:46:30: "CEIFADOR<1><VALVE_ID_LOOPBACK><TERRORIST>" say_team "balaa" (dead)
L 08/16/2019 - 12:46:30: "INDIO<5><VALVE_ID_LAN><CT>" say_team "mapa" (dead)
L 08/16/2019 - 12:46:31: World triggered "Round_Start"
L 08/16/2019 - 12:46:35: "Calcas Peludas<4><VALVE_ID_LAN><TERRORIST>" killed "INDIO<5><VALVE_ID_LAN><CT>" with "glock18"
L 08/16/2019 - 12:46:38: "Smolder<2><VALVE_ID_LAN><TERRORIST>" killed "Gho$T<10><VALVE_ID_LAN><CT>" with "glock18"
L 08/16/2019 - 12:46:38: "Jack<9><VALVE_ID_LAN><CT>" killed "Smolder<2><VALVE_ID_LAN><TERRORIST>" with "glock18"
L 08/16/2019 - 12:46:38: "Jack<9><VALVE_ID_LAN><CT>" killed "CEIFADOR<1><VALVE_ID_LOOPBACK><TERRORIST>" with "glock18"
L 08/16/2019 - 12:46:40: "XXBOT Erik<14><BOT><CT>" killed "Calcas Peludas<4><VALVE_ID_LAN><TERRORIST>" with "glock18"
L 08/16/2019 - 12:46:40: "Ice_Man<13><VALVE_ID_LAN><TERRORIST>" killed "Jack<9><VALVE_ID_LAN><CT>" with "glock18"
L 08/16/2019 - 12:46:41: "@te<8><VALVE_ID_LAN><CT>" killed "Ciclops<12><VALVE_ID_LAN><TERRORIST>" with "glock18"
L 08/16/2019 - 12:46:45: "@te<8><VALVE_ID_LAN><CT>" killed "Ice_Man<13><VALVE_ID_LAN><TERRORIST>" with "knife"
L 08/16/2019 - 12:46:48: "Gho$T<10><VALVE_ID_LAN><CT>" say "HAHAHAHA" (dead)
L 08/16/2019 - 12:46:48: "INDIO<5><VALVE_ID_LAN><CT>" say "ui" (dead)
L 08/16/2019 - 12:46:49: "Ice_Man<13><VALVE_ID_LAN><TERRORIST>" say "camper" (dead)
L 08/16/2019 - 12:46:53: "Jack<9><VALVE_ID_LAN><CT>" say "oia... vai vazar tucupi" (dead)
L 08/16/2019 - 12:47:00: "@te<8><VALVE_ID_LAN><CT>" killed "Kratos-away<3><VALVE_ID_LAN><TERRORIST>" with "knife"
L 08/16/2019 - 12:47:00: Team "CT" triggered "CTs_Win" (CT "8") (T "6")
L 08/16/2019 - 12:47:00: World triggered "Round_End"
L 08/16/2019 - 12:47:03: "Gho$T<10><VALVE_ID_LAN><CT>" say "AHUAHAUHAUAH" (dead)
L 08/16/2019 - 12:47:04: "INDIO<5><VALVE_ID_LAN><CT>" say "kkkkkkkkkkk" (dead)
L 08/16/2019 - 12:47:05: "Ice_Man<13><VALVE_ID_LAN><TERRORIST>" say "covradao" (dead)
L 08/16/2019 - 12:47:05: World triggered "Round_Start"
L 08/16/2019 - 12:47:05: "Cap Billy<6><VALVE_ID_LAN><CT>" say "NO MERCY"
L 08/16/2019 - 12:47:05: "Kratos-away<3><VALVE_ID_LAN><TERRORIST>" say "tem comom nao  jumper da porra"
L 08/16/2019 - 12:47:08: "Calcas Peludas<4><VALVE_ID_LAN><TERRORIST>" killed "XXBOT Erik<14><BOT><CT>" with "glock18"
L 08/16/2019 - 12:47:10: "Cap Billy<6><VALVE_ID_LAN><CT>" killed "Calcas Peludas<4><VALVE_ID_LAN><TERRORIST>" with "glock18"
L 08/16/2019 - 12:47:11: "INDIO<5><VALVE_ID_LAN><CT>" killed "Smolder<2><VALVE_ID_LAN><TERRORIST>" with "glock18"
L 08/16/2019 - 12:47:11: "Ciclops<12><VALVE_ID_LAN><TERRORIST>" killed "Jack<9><VALVE_ID_LAN><CT>" with "glock18"
L 08/16/2019 - 12:47:12: "Cap Billy<6><VALVE_ID_LAN><CT>" killed "Ice_Man<13><VALVE_ID_LAN><TERRORIST>" with "glock18"
L 08/16/2019 - 12:47:14: "Kratos-away<3><VALVE_ID_LAN><TERRORIST>" killed "INDIO<5><VALVE_ID_LAN><CT>" with "glock18"
L 08/16/2019 - 12:47:16: "Cap Billy<6><VALVE_ID_LAN><CT>" killed "CEIFADOR<1><VALVE_ID_LOOPBACK><TERRORIST>" with "glock18"
L 08/16/2019 - 12:47:18: "Gho$T<10><VALVE_ID_LAN><CT>" killed "Ciclops<12><VALVE_ID_LAN><TERRORIST>" with "knife"
L 08/16/2019 - 12:47:18: "Kratos-away<3><VALVE_ID_LAN><TERRORIST>" killed "Gho$T<10><VALVE_ID_LAN><CT>" with "glock18"
L 08/16/2019 - 12:47:23: "Cap Billy<6><VALVE_ID_LAN><CT>" killed "Kratos-away<3><VALVE_ID_LAN><TERRORIST>" with "glock18"
L 08/16/2019 - 12:47:23: Team "CT" triggered "CTs_Win" (CT "9") (T "6")
L 08/16/2019 - 12:47:23: World triggered "Round_End"
L 08/16/2019 - 12:47:24: "Gho$T<10><VALVE_ID_LAN><CT>" say "jumper" (dead)
L 08/16/2019 - 12:47:28: World triggered "Round_Start"
L 08/16/2019 - 12:47:28: "Jack<9><VALVE_ID_LAN><CT>" say "tao tudo juntin.. bando de baitola"
L 08/16/2019 - 12:47:29: "Kratos-away<3><VALVE_ID_LAN><TERRORIST>" say "porra"
L 08/16/2019 - 12:47:32: "Smolder<2><VALVE_ID_LAN><TERRORIST>" killed "XXBOT Erik<14><BOT><CT>" with "glock18"
L 08/16/2019 - 12:47:32: "Ciclops<12><VALVE_ID_LAN><TERRORIST>" killed "INDIO<5><VALVE_ID_LAN><CT>" with "glock18"
L 08/16/2019 - 12:47:35: "Gho$T<10><VALVE_ID_LAN><CT>" killed "Kratos-away<3><VALVE_ID_LAN><TERRORIST>" with "glock18"
L 08/16/2019 - 12:47:35: "Smolder<2><VALVE_ID_LAN><TERRORIST>" killed "Gho$T<10><VALVE_ID_LAN><CT>" with "knife"
L 08/16/2019 - 12:47:35: "Cap Billy<6><VALVE_ID_LAN><CT>" killed "Calcas Peludas<4><VALVE_ID_LAN><TERRORIST>" with "glock18"
L 08/16/2019 - 12:47:37: "@te<8><VALVE_ID_LAN><CT>" killed "Ciclops<12><VALVE_ID_LAN><TERRORIST>" with "glock18"
L 08/16/2019 - 12:47:37: "Cap Billy<6><VALVE_ID_LAN><CT>" killed "Ice_Man<13><VALVE_ID_LAN><TERRORIST>" with "glock18"
L 08/16/2019 - 12:47:38: "Cap Billy<6><VALVE_ID_LAN><CT>" killed "Smolder<2><VALVE_ID_LAN><TERRORIST>" with "glock18"
L 08/16/2019 - 12:47:38: "CEIFADOR<1><VALVE_ID_LOOPBACK><TERRORIST>" killed "@te<8><VALVE_ID_LAN><CT>" with "glock18"
L 08/16/2019 - 12:47:39: "Jack<9><VALVE_ID_LAN><CT>" killed "CEIFADOR<1><VALVE_ID_LOOPBACK><TERRORIST>" with "glock18"
L 08/16/2019 - 12:47:39: Team "CT" triggered "CTs_Win" (CT "10") (T "6")
L 08/16/2019 - 12:47:39: World triggered "Round_End"
L 08/16/2019 - 12:47:40: "Kratos-away<3><VALVE_ID_LAN><TERRORIST>" say "q bosta" (dead)
L 08/16/2019 - 12:47:42: "INDIO<5><VALVE_ID_LAN><CT>" say "kkkkk" (dead)
L 08/16/2019 - 12:47:44: World triggered "Round_Start"
L 08/16/2019 - 12:47:49: "Cap Billy<6><VALVE_ID_LAN><CT>" killed "Ice_Man<13><VALVE_ID_LAN><TERRORIST>" with "glock18"
L 08/16/2019 - 12:47:50: "Jack<9><VALVE_ID_LAN><CT>" killed "CEIFADOR<1><VALVE_ID_LOOPBACK><TERRORIST>" with "glock18"
L 08/16/2019 - 12:47:50: "Jack<9><VALVE_ID_LAN><CT>" killed "Calcas Peludas<4><VALVE_ID_LAN><TERRORIST>" with "glock18"
L 08/16/2019 - 12:47:52: "Kratos-away<3><VALVE_ID_LAN><TERRORIST>" killed "Gho$T<10><VALVE_ID_LAN><CT>" with "glock18"
L 08/16/2019 - 12:47:52: "Ciclops<12><VALVE_ID_LAN><TERRORIST>" killed "INDIO<5><VALVE_ID_LAN><CT>" with "glock18"
L 08/16/2019 - 12:47:52: "Cap Billy<6><VALVE_ID_LAN><CT>" killed "Ciclops<12><VALVE_ID_LAN><TERRORIST>" with "glock18"
L 08/16/2019 - 12:47:54: "@te<8><VALVE_ID_LAN><CT>" killed "Smolder<2><VALVE_ID_LAN><TERRORIST>" with "glock18"
L 08/16/2019 - 12:47:56: "XXBOT Erik<14><BOT><CT>" killed "Kratos-away<3><VALVE_ID_LAN><TERRORIST>" with "glock18"
L 08/16/2019 - 12:47:56: Team "CT" triggered "CTs_Win" (CT "11") (T "6")
L 08/16/2019 - 12:47:56: World triggered "Round_End"
L 08/16/2019 - 12:48:01: World triggered "Round_Start"
L 08/16/2019 - 12:48:04: "Cap Billy<6><VALVE_ID_LAN><CT>" killed "Smolder<2><VALVE_ID_LAN><TERRORIST>" with "glock18"
L 08/16/2019 - 12:48:06: "INDIO<5><VALVE_ID_LAN><CT>" killed "Kratos-away<3><VALVE_ID_LAN><TERRORIST>" with "glock18"
L 08/16/2019 - 12:48:06: "CEIFADOR<1><VALVE_ID_LOOPBACK><TERRORIST>" killed "INDIO<5><VALVE_ID_LAN><CT>" with "glock18"
L 08/16/2019 - 12:48:08: "Calcas Peludas<4><VALVE_ID_LAN><TERRORIST>" killed "XXBOT Erik<14><BOT><CT>" with "glock18"
L 08/16/2019 - 12:48:12: "CEIFADOR<1><VALVE_ID_LOOPBACK><TERRORIST>" killed "Gho$T<10><VALVE_ID_LAN><CT>" with "glock18"
L 08/16/2019 - 12:48:12: "Jack<9><VALVE_ID_LAN><CT>" killed "CEIFADOR<1><VALVE_ID_LOOPBACK><TERRORIST>" with "glock18"
L 08/16/2019 - 12:48:14: "Ice_Man<13><VALVE_ID_LAN><TERRORIST>" killed "Jack<9><VALVE_ID_LAN><CT>" with "glock18"
L 08/16/2019 - 12:48:15: "Kratos-away<3><VALVE_ID_LAN><TERRORIST>" triggered "weaponstats" (weapon "glock18") (shots "201") (hits "51") (kills "10") (headshots "6") (tks "0") (damage "1396") (deaths "12")
L 08/16/2019 - 12:48:15: "Kratos-away<3><VALVE_ID_LAN><TERRORIST>" triggered "weaponstats2" (weapon "glock18") (head "9") (chest "16") (stomach "0") (leftarm "12") (rightarm "12") (leftleg "0") (rightleg "2")
L 08/16/2019 - 12:48:15: "Kratos-away<3><VALVE_ID_LAN><TERRORIST>" triggered "weaponstats" (weapon "knife") (shots "5") (hits "0") (kills "0") (headshots "0") (tks "0") (damage "0") (deaths "2")
L 08/16/2019 - 12:48:15: "Kratos-away<3><VALVE_ID_LAN><TERRORIST>" triggered "weaponstats2" (weapon "knife") (head "0") (chest "0") (stomach "0") (leftarm "0") (rightarm "0") (leftleg "0") (rightleg "0")
L 08/16/2019 - 12:48:15: "Kratos-away<3><VALVE_ID_LAN><TERRORIST>" triggered "time" (time "7:04")
L 08/16/2019 - 12:48:15: "Kratos-away<3><VALVE_ID_LAN><TERRORIST>" triggered "latency" (ping "109")
L 08/16/2019 - 12:48:15: "Kratos-away<3><VALVE_ID_LAN><TERRORIST>" disconnected
L 08/16/2019 - 12:48:15: "@te<8><VALVE_ID_LAN><CT>" killed "Ice_Man<13><VALVE_ID_LAN><TERRORIST>" with "glock18"
L 08/16/2019 - 12:48:16: "@te<8><VALVE_ID_LAN><CT>" killed "Calcas Peludas<4><VALVE_ID_LAN><TERRORIST>" with "glock18"
L 08/16/2019 - 12:48:19: "Kratos-away<15><VALVE_ID_LAN><>" connected, address "10.15.4.1:27005"
L 08/16/2019 - 12:48:19: "Jack<9><VALVE_ID_LAN><CT>" say "penha" (dead)
L 08/16/2019 - 12:48:23: "Calcas Peludas<4><VALVE_ID_LAN><TERRORIST>" say "total" (dead)
L 08/16/2019 - 12:48:24: "Kratos-away<15><VALVE_ID_LAN><>" entered the game
L 08/16/2019 - 12:48:26: "Kratos-away<15><VALVE_ID_LAN><>" joined team "TERRORIST"
L 08/16/2019 - 12:48:26: "Ciclops<12><VALVE_ID_LAN><TERRORIST>" killed "@te<8><VALVE_ID_LAN><CT>" with "glock18"
L 08/16/2019 - 12:48:29: "Cap Billy<6><VALVE_ID_LAN><CT>" killed "Ciclops<12><VALVE_ID_LAN><TERRORIST>" with "glock18"
L 08/16/2019 - 12:48:29: Team "CT" triggered "CTs_Win" (CT "12") (T "6")
L 08/16/2019 - 12:48:29: World triggered "Round_End"
L 08/16/2019 - 12:48:34: World triggered "Round_Start"
L 08/16/2019 - 12:48:34: "Ice_Man<13><VALVE_ID_LAN><TERRORIST>" say "sempre oultimo"
L 08/16/2019 - 12:48:38: "Gho$T<10><VALVE_ID_LAN><CT>" killed "Calcas Peludas<4><VALVE_ID_LAN><TERRORIST>" with "glock18"
L 08/16/2019 - 12:48:40: "Gho$T<10><VALVE_ID_LAN><CT>" killed "Ciclops<12><VALVE_ID_LAN><TERRORIST>" with "glock18"
L 08/16/2019 - 12:48:41: "XXBOT Erik<14><BOT><CT>" killed "CEIFADOR<1><VALVE_ID_LOOPBACK><TERRORIST>" with "glock18"
L 08/16/2019 - 12:48:42: "Smolder<2><VALVE_ID_LAN><TERRORIST>" killed "INDIO<5><VALVE_ID_LAN><CT>" with "glock18"
L 08/16/2019 - 12:48:44: "Cap Billy<6><VALVE_ID_LAN><CT>" killed "Ice_Man<13><VALVE_ID_LAN><TERRORIST>" with "glock18"
L 08/16/2019 - 12:48:47: "Cap Billy<6><VALVE_ID_LAN><CT>" killed "Kratos-away<15><VALVE_ID_LAN><TERRORIST>" with "glock18"
L 08/16/2019 - 12:48:48: "Smolder<2><VALVE_ID_LAN><TERRORIST>" killed "Gho$T<10><VALVE_ID_LAN><CT>" with "glock18"
L 08/16/2019 - 12:48:48: "Jack<9><VALVE_ID_LAN><CT>" killed "Smolder<2><VALVE_ID_LAN><TERRORIST>" with "glock18"
L 08/16/2019 - 12:48:48: Team "CT" triggered "CTs_Win" (CT "13") (T "6")
L 08/16/2019 - 12:48:48: World triggered "Round_End"
L 08/16/2019 - 12:48:50: "Kratos-away<15><VALVE_ID_LAN><TERRORIST>" triggered "time" (time "0:26")
L 08/16/2019 - 12:48:50: "Kratos-away<15><VALVE_ID_LAN><TERRORIST>" triggered "latency" (ping "0")
L 08/16/2019 - 12:48:50: "Kratos-away<15><VALVE_ID_LAN><TERRORIST>" disconnected
L 08/16/2019 - 12:48:50: Log file closed
