L 08/12/2019 - 12:32:41: Log file started (file "logs\L0812001.log") (game "cstrike") (version "47/1.1.2.2/2603")
L 08/12/2019 - 12:32:43: "CEIFADOR<2><VALVE_ID_LOOPBACK><TERRORIST>" triggered "Spawned_With_The_Bomb"
L 08/12/2019 - 12:32:43: World triggered "Round_Start"
L 08/12/2019 - 12:32:50: "Calcas Peludas<4><VALVE_ID_LAN><CT>" killed "CEIFADOR<2><VALVE_ID_LOOPBACK><TERRORIST>" with "ak47"
L 08/12/2019 - 12:32:50: "CEIFADOR<2><VALVE_ID_LOOPBACK><TERRORIST>" triggered "Dropped_The_Bomb"
L 08/12/2019 - 12:32:54: "@te<11><VALVE_ID_LAN><CT>" killed "Smolder<3><VALVE_ID_LAN><TERRORIST>" with "mp5navy"
L 08/12/2019 - 12:32:58: "Kitkat<5><VALVE_ID_LAN><TERRORIST>" killed "Calcas Peludas<4><VALVE_ID_LAN><CT>" with "m4a1"
L 08/12/2019 - 12:32:59: "Kitkat<5><VALVE_ID_LAN><TERRORIST>" killed "@te<11><VALVE_ID_LAN><CT>" with "m4a1"
L 08/12/2019 - 12:33:02: "Gho$T<10><VALVE_ID_LAN><CT>" killed "Kitkat<5><VALVE_ID_LAN><TERRORIST>" with "m4a1"
L 08/12/2019 - 12:33:02: Team "CT" triggered "CTs_Win" (CT "7") (T "2")
L 08/12/2019 - 12:33:02: World triggered "Round_End"
L 08/12/2019 - 12:33:07: "Smolder<3><VALVE_ID_LAN><TERRORIST>" triggered "Spawned_With_The_Bomb"
L 08/12/2019 - 12:33:07: World triggered "Round_Start"
L 08/12/2019 - 12:33:17: "Kitkat<5><VALVE_ID_LAN><TERRORIST>" killed "@te<11><VALVE_ID_LAN><CT>" with "mac10"
L 08/12/2019 - 12:33:19: "Kitkat<5><VALVE_ID_LAN><TERRORIST>" killed "Gho$T<10><VALVE_ID_LAN><CT>" with "mac10"
L 08/12/2019 - 12:33:20: "Calcas Peludas<4><VALVE_ID_LAN><CT>" killed "Kitkat<5><VALVE_ID_LAN><TERRORIST>" with "usp"
L 08/12/2019 - 12:33:21: "CEIFADOR<2><VALVE_ID_LOOPBACK><TERRORIST>" killed "Calcas Peludas<4><VALVE_ID_LAN><CT>" with "tmp"
L 08/12/2019 - 12:33:21: Team "TERRORIST" triggered "Terrorists_Win" (CT "7") (T "3")
L 08/12/2019 - 12:33:21: World triggered "Round_End"
L 08/12/2019 - 12:33:26: "Kitkat<5><VALVE_ID_LAN><TERRORIST>" triggered "Spawned_With_The_Bomb"
L 08/12/2019 - 12:33:26: World triggered "Round_Start"
L 08/12/2019 - 12:33:29: "Calcas Peludas<4><VALVE_ID_LAN><CT>" killed "Smolder<3><VALVE_ID_LAN><TERRORIST>" with "mac10"
L 08/12/2019 - 12:33:32: "Calcas Peludas<4><VALVE_ID_LAN><CT>" killed "Kitkat<5><VALVE_ID_LAN><TERRORIST>" with "mac10"
L 08/12/2019 - 12:33:32: "Kitkat<5><VALVE_ID_LAN><TERRORIST>" triggered "Dropped_The_Bomb"
L 08/12/2019 - 12:33:34: "CEIFADOR<2><VALVE_ID_LOOPBACK><TERRORIST>" killed "@te<11><VALVE_ID_LAN><CT>" with "mp5navy"
L 08/12/2019 - 12:33:39: "CEIFADOR<2><VALVE_ID_LOOPBACK><TERRORIST>" killed "Calcas Peludas<4><VALVE_ID_LAN><CT>" with "mp5navy"
L 08/12/2019 - 12:33:40: "CEIFADOR<2><VALVE_ID_LOOPBACK><TERRORIST>" killed "Gho$T<10><VALVE_ID_LAN><CT>" with "mp5navy"
L 08/12/2019 - 12:33:40: Team "TERRORIST" triggered "Terrorists_Win" (CT "7") (T "4")
L 08/12/2019 - 12:33:40: World triggered "Round_End"
L 08/12/2019 - 12:33:45: "CEIFADOR<2><VALVE_ID_LOOPBACK><TERRORIST>" triggered "Spawned_With_The_Bomb"
L 08/12/2019 - 12:33:45: World triggered "Round_Start"
L 08/12/2019 - 12:33:50: "Smolder<3><VALVE_ID_LAN><TERRORIST>" killed "Calcas Peludas<4><VALVE_ID_LAN><CT>" with "ak47"
L 08/12/2019 - 12:33:51: "Smolder<3><VALVE_ID_LAN><TERRORIST>" killed "Gho$T<10><VALVE_ID_LAN><CT>" with "ak47"
L 08/12/2019 - 12:34:03: "CEIFADOR<2><VALVE_ID_LOOPBACK><TERRORIST>" killed "@te<11><VALVE_ID_LAN><CT>" with "mp5navy"
L 08/12/2019 - 12:34:03: Team "TERRORIST" triggered "Terrorists_Win" (CT "7") (T "5")
L 08/12/2019 - 12:34:03: World triggered "Round_End"
L 08/12/2019 - 12:34:08: "Smolder<3><VALVE_ID_LAN><TERRORIST>" triggered "Spawned_With_The_Bomb"
L 08/12/2019 - 12:34:08: World triggered "Round_Start"
L 08/12/2019 - 12:34:12: "Calcas Peludas<4><VALVE_ID_LAN><CT>" killed "Kitkat<5><VALVE_ID_LAN><TERRORIST>" with "m249"
L 08/12/2019 - 12:34:14: "CEIFADOR<2><VALVE_ID_LOOPBACK><TERRORIST>" killed "Calcas Peludas<4><VALVE_ID_LAN><CT>" with "mp5navy"
L 08/12/2019 - 12:34:16: "Gho$T<10><VALVE_ID_LAN><CT>" killed "CEIFADOR<2><VALVE_ID_LOOPBACK><TERRORIST>" with "knife"
L 08/12/2019 - 12:34:17: "Smolder<3><VALVE_ID_LAN><TERRORIST>" killed "@te<11><VALVE_ID_LAN><CT>" with "ak47"
L 08/12/2019 - 12:34:19: "Smolder<3><VALVE_ID_LAN><TERRORIST>" killed "Gho$T<10><VALVE_ID_LAN><CT>" with "ak47"
L 08/12/2019 - 12:34:19: Team "TERRORIST" triggered "Terrorists_Win" (CT "7") (T "6")
L 08/12/2019 - 12:34:19: World triggered "Round_End"
L 08/12/2019 - 12:34:19: "Calcas Peludas<4><VALVE_ID_LAN><CT>" say "eita" (dead)
L 08/12/2019 - 12:34:21: "Gho$T<10><VALVE_ID_LAN><CT>" say "Kkkkkkkkk" (dead)
L 08/12/2019 - 12:34:24: "Kitkat<5><VALVE_ID_LAN><TERRORIST>" triggered "Spawned_With_The_Bomb"
L 08/12/2019 - 12:34:24: World triggered "Round_Start"
L 08/12/2019 - 12:34:24: "Gho$T<10><VALVE_ID_LAN><CT>" say "boa tardeee"
L 08/12/2019 - 12:34:31: "Calcas Peludas<4><VALVE_ID_LAN><CT>" killed "Kitkat<5><VALVE_ID_LAN><TERRORIST>" with "aug"
L 08/12/2019 - 12:34:31: "Kitkat<5><VALVE_ID_LAN><TERRORIST>" triggered "Dropped_The_Bomb"
L 08/12/2019 - 12:34:32: "CEIFADOR<2><VALVE_ID_LOOPBACK><TERRORIST>" killed "Gho$T<10><VALVE_ID_LAN><CT>" with "aug"
L 08/12/2019 - 12:34:34: "Calcas Peludas<4><VALVE_ID_LAN><CT>" killed "CEIFADOR<2><VALVE_ID_LOOPBACK><TERRORIST>" with "aug"
L 08/12/2019 - 12:34:36: "Calcas Peludas<4><VALVE_ID_LAN><CT>" killed "Smolder<3><VALVE_ID_LAN><TERRORIST>" with "aug"
L 08/12/2019 - 12:34:36: Team "CT" triggered "CTs_Win" (CT "8") (T "6")
L 08/12/2019 - 12:34:36: World triggered "Round_End"
L 08/12/2019 - 12:34:41: "CEIFADOR<2><VALVE_ID_LOOPBACK><TERRORIST>" triggered "Spawned_With_The_Bomb"
L 08/12/2019 - 12:34:41: World triggered "Round_Start"
L 08/12/2019 - 12:34:46: "Calcas Peludas<4><VALVE_ID_LAN><CT>" killed "Smolder<3><VALVE_ID_LAN><TERRORIST>" with "ak47"
L 08/12/2019 - 12:34:56: "Gho$T<10><VALVE_ID_LAN><CT>" killed "Kitkat<5><VALVE_ID_LAN><TERRORIST>" with "m4a1"
L 08/12/2019 - 12:34:58: "Calcas Peludas<4><VALVE_ID_LAN><CT>" killed "CEIFADOR<2><VALVE_ID_LOOPBACK><TERRORIST>" with "ak47"
L 08/12/2019 - 12:34:58: Team "CT" triggered "CTs_Win" (CT "9") (T "6")
L 08/12/2019 - 12:34:58: World triggered "Round_End"
L 08/12/2019 - 12:35:03: "Smolder<3><VALVE_ID_LAN><TERRORIST>" triggered "Spawned_With_The_Bomb"
L 08/12/2019 - 12:35:03: World triggered "Round_Start"
L 08/12/2019 - 12:35:07: "Calcas Peludas<4><VALVE_ID_LAN><CT>" killed "CEIFADOR<2><VALVE_ID_LOOPBACK><TERRORIST>" with "ak47"
L 08/12/2019 - 12:35:13: "Gho$T<10><VALVE_ID_LAN><CT>" killed "Smolder<3><VALVE_ID_LAN><TERRORIST>" with "m4a1"
L 08/12/2019 - 12:35:13: "Smolder<3><VALVE_ID_LAN><TERRORIST>" triggered "Dropped_The_Bomb"
L 08/12/2019 - 12:35:15: "Kitkat<5><VALVE_ID_LAN><TERRORIST>" killed "Calcas Peludas<4><VALVE_ID_LAN><CT>" with "mac10"
L 08/12/2019 - 12:35:18: "Gho$T<10><VALVE_ID_LAN><CT>" killed "Kitkat<5><VALVE_ID_LAN><TERRORIST>" with "m4a1"
L 08/12/2019 - 12:35:18: Team "CT" triggered "CTs_Win" (CT "10") (T "6")
L 08/12/2019 - 12:35:18: World triggered "Round_End"
L 08/12/2019 - 12:35:23: "Kitkat<5><VALVE_ID_LAN><TERRORIST>" triggered "Spawned_With_The_Bomb"
L 08/12/2019 - 12:35:23: World triggered "Round_Start"
L 08/12/2019 - 12:35:28: "Smolder<3><VALVE_ID_LAN><TERRORIST>" killed "Gho$T<10><VALVE_ID_LAN><CT>" with "ak47"
L 08/12/2019 - 12:35:31: "Smolder<3><VALVE_ID_LAN><TERRORIST>" killed "@te<11><VALVE_ID_LAN><CT>" with "ak47"
L 08/12/2019 - 12:35:36: "Calcas Peludas<4><VALVE_ID_LAN><CT>" killed "CEIFADOR<2><VALVE_ID_LOOPBACK><TERRORIST>" with "xm1014"
L 08/12/2019 - 12:35:38: "Calcas Peludas<4><VALVE_ID_LAN><CT>" killed "Kitkat<5><VALVE_ID_LAN><TERRORIST>" with "xm1014"
L 08/12/2019 - 12:35:38: "Kitkat<5><VALVE_ID_LAN><TERRORIST>" triggered "Dropped_The_Bomb"
L 08/12/2019 - 12:35:42: "Calcas Peludas<4><VALVE_ID_LAN><CT>" killed "Smolder<3><VALVE_ID_LAN><TERRORIST>" with "awp"
L 08/12/2019 - 12:35:42: Team "CT" triggered "CTs_Win" (CT "11") (T "6")
L 08/12/2019 - 12:35:42: World triggered "Round_End"
L 08/12/2019 - 12:35:47: "CEIFADOR<2><VALVE_ID_LOOPBACK><TERRORIST>" triggered "Spawned_With_The_Bomb"
L 08/12/2019 - 12:35:47: World triggered "Round_Start"
L 08/12/2019 - 12:35:50: "Calcas Peludas<4><VALVE_ID_LAN><CT>" killed "Kitkat<5><VALVE_ID_LAN><TERRORIST>" with "awp"
L 08/12/2019 - 12:35:55: "CEIFADOR<2><VALVE_ID_LOOPBACK><TERRORIST>" killed "Gho$T<10><VALVE_ID_LAN><CT>" with "sg552"
L 08/12/2019 - 12:35:59: "Calcas Peludas<4><VALVE_ID_LAN><CT>" killed "CEIFADOR<2><VALVE_ID_LOOPBACK><TERRORIST>" with "sg552"
L 08/12/2019 - 12:35:59: "CEIFADOR<2><VALVE_ID_LOOPBACK><TERRORIST>" triggered "Dropped_The_Bomb"
L 08/12/2019 - 12:36:01: "Calcas Peludas<4><VALVE_ID_LAN><CT>" killed "Smolder<3><VALVE_ID_LAN><TERRORIST>" with "sg552"
L 08/12/2019 - 12:36:01: Team "CT" triggered "CTs_Win" (CT "12") (T "6")
L 08/12/2019 - 12:36:01: World triggered "Round_End"
L 08/12/2019 - 12:36:06: "Smolder<3><VALVE_ID_LAN><TERRORIST>" triggered "Spawned_With_The_Bomb"
L 08/12/2019 - 12:36:06: World triggered "Round_Start"
L 08/12/2019 - 12:36:13: "Calcas Peludas<4><VALVE_ID_LAN><CT>" killed "CEIFADOR<2><VALVE_ID_LOOPBACK><TERRORIST>" with "sg552"
L 08/12/2019 - 12:36:14: "Gho$T<10><VALVE_ID_LAN><CT>" killed "Kitkat<5><VALVE_ID_LAN><TERRORIST>" with "m4a1"
L 08/12/2019 - 12:36:15: "Smolder<3><VALVE_ID_LAN><TERRORIST>" killed "Calcas Peludas<4><VALVE_ID_LAN><CT>" with "xm1014"
L 08/12/2019 - 12:36:18: "Smolder<3><VALVE_ID_LAN><TERRORIST>" killed "Gho$T<10><VALVE_ID_LAN><CT>" with "xm1014"
L 08/12/2019 - 12:36:20: "Smolder<3><VALVE_ID_LAN><TERRORIST>" killed "@te<11><VALVE_ID_LAN><CT>" with "xm1014"
L 08/12/2019 - 12:36:20: Team "TERRORIST" triggered "Terrorists_Win" (CT "12") (T "7")
L 08/12/2019 - 12:36:20: World triggered "Round_End"
L 08/12/2019 - 12:36:25: "Kitkat<5><VALVE_ID_LAN><TERRORIST>" triggered "Spawned_With_The_Bomb"
L 08/12/2019 - 12:36:25: World triggered "Round_Start"
L 08/12/2019 - 12:36:28: "CEIFADOR<2><VALVE_ID_LOOPBACK><TERRORIST>" killed "Gho$T<10><VALVE_ID_LAN><CT>" with "m3"
L 08/12/2019 - 12:36:32: "CEIFADOR<2><VALVE_ID_LOOPBACK><TERRORIST>" killed "Calcas Peludas<4><VALVE_ID_LAN><CT>" with "m3"
L 08/12/2019 - 12:36:39: "@te<11><VALVE_ID_LAN><CT>" killed "CEIFADOR<2><VALVE_ID_LOOPBACK><TERRORIST>" with "mp5navy"
L 08/12/2019 - 12:36:40: "Smolder<3><VALVE_ID_LAN><TERRORIST>" killed "@te<11><VALVE_ID_LAN><CT>" with "knife"
L 08/12/2019 - 12:36:40: Team "TERRORIST" triggered "Terrorists_Win" (CT "12") (T "8")
L 08/12/2019 - 12:36:40: World triggered "Round_End"
L 08/12/2019 - 12:36:43: "Calcas Peludas<4><VALVE_ID_LAN><CT>" say "pegue" (dead)
L 08/12/2019 - 12:36:45: "CEIFADOR<2><VALVE_ID_LOOPBACK><TERRORIST>" triggered "Spawned_With_The_Bomb"
L 08/12/2019 - 12:36:45: World triggered "Round_Start"
L 08/12/2019 - 12:36:48: "Calcas Peludas<4><VALVE_ID_LAN><CT>" killed "Kitkat<5><VALVE_ID_LAN><TERRORIST>" with "sg552"
L 08/12/2019 - 12:36:49: "CEIFADOR<2><VALVE_ID_LOOPBACK><TERRORIST>" killed "Calcas Peludas<4><VALVE_ID_LAN><CT>" with "mp5navy"
L 08/12/2019 - 12:36:52: "Gho$T<10><VALVE_ID_LAN><CT>" killed "CEIFADOR<2><VALVE_ID_LOOPBACK><TERRORIST>" with "m3"
L 08/12/2019 - 12:36:52: "CEIFADOR<2><VALVE_ID_LOOPBACK><TERRORIST>" triggered "Dropped_The_Bomb"
L 08/12/2019 - 12:36:54: "Smolder<3><VALVE_ID_LAN><TERRORIST>" triggered "Got_The_Bomb"
L 08/12/2019 - 12:36:54: "Gho$T<10><VALVE_ID_LAN><CT>" killed "Smolder<3><VALVE_ID_LAN><TERRORIST>" with "m3"
L 08/12/2019 - 12:36:54: Team "CT" triggered "CTs_Win" (CT "13") (T "8")
L 08/12/2019 - 12:36:54: World triggered "Round_End"
L 08/12/2019 - 12:36:59: "Smolder<3><VALVE_ID_LAN><TERRORIST>" triggered "Spawned_With_The_Bomb"
L 08/12/2019 - 12:36:59: World triggered "Round_Start"
L 08/12/2019 - 12:37:04: "Gho$T<10><VALVE_ID_LAN><CT>" killed "Kitkat<5><VALVE_ID_LAN><TERRORIST>" with "m3"
L 08/12/2019 - 12:37:04: "CEIFADOR<2><VALVE_ID_LOOPBACK><TERRORIST>" killed "Gho$T<10><VALVE_ID_LAN><CT>" with "mp5navy"
L 08/12/2019 - 12:37:06: "@te<11><VALVE_ID_LAN><CT>" killed "CEIFADOR<2><VALVE_ID_LOOPBACK><TERRORIST>" with "xm1014"
L 08/12/2019 - 12:37:08: "@te<11><VALVE_ID_LAN><CT>" killed "Smolder<3><VALVE_ID_LAN><TERRORIST>" with "xm1014"
L 08/12/2019 - 12:37:08: Team "CT" triggered "CTs_Win" (CT "14") (T "8")
L 08/12/2019 - 12:37:08: World triggered "Round_End"
L 08/12/2019 - 12:37:13: "Kitkat<5><VALVE_ID_LAN><TERRORIST>" triggered "Spawned_With_The_Bomb"
L 08/12/2019 - 12:37:13: World triggered "Round_Start"
L 08/12/2019 - 12:37:19: "Calcas Peludas<4><VALVE_ID_LAN><CT>" killed "CEIFADOR<2><VALVE_ID_LOOPBACK><TERRORIST>" with "xm1014"
L 08/12/2019 - 12:37:20: "Kitkat<5><VALVE_ID_LAN><TERRORIST>" killed "Gho$T<10><VALVE_ID_LAN><CT>" with "p90"
L 08/12/2019 - 12:37:21: "Calcas Peludas<4><VALVE_ID_LAN><CT>" killed "Kitkat<5><VALVE_ID_LAN><TERRORIST>" with "xm1014"
L 08/12/2019 - 12:37:21: "Kitkat<5><VALVE_ID_LAN><TERRORIST>" triggered "Dropped_The_Bomb"
L 08/12/2019 - 12:37:24: "Calcas Peludas<4><VALVE_ID_LAN><CT>" killed "Smolder<3><VALVE_ID_LAN><TERRORIST>" with "xm1014"
L 08/12/2019 - 12:37:24: Team "CT" triggered "CTs_Win" (CT "15") (T "8")
L 08/12/2019 - 12:37:24: World triggered "Round_End"
L 08/12/2019 - 12:37:29: "CEIFADOR<2><VALVE_ID_LOOPBACK><TERRORIST>" triggered "Spawned_With_The_Bomb"
L 08/12/2019 - 12:37:29: World triggered "Round_Start"
L 08/12/2019 - 12:37:34: "CEIFADOR<2><VALVE_ID_LOOPBACK><TERRORIST>" killed "Calcas Peludas<4><VALVE_ID_LAN><CT>" with "tmp"
L 08/12/2019 - 12:37:35: "Smolder<3><VALVE_ID_LAN><TERRORIST>" killed "Gho$T<10><VALVE_ID_LAN><CT>" with "xm1014"
L 08/12/2019 - 12:37:35: "@te<11><VALVE_ID_LAN><CT>" killed "Kitkat<5><VALVE_ID_LAN><TERRORIST>" with "xm1014"
L 08/12/2019 - 12:37:37: "@te<11><VALVE_ID_LAN><CT>" killed "CEIFADOR<2><VALVE_ID_LOOPBACK><TERRORIST>" with "xm1014"
L 08/12/2019 - 12:37:37: "CEIFADOR<2><VALVE_ID_LOOPBACK><TERRORIST>" triggered "Dropped_The_Bomb"
L 08/12/2019 - 12:37:39: "Smolder<3><VALVE_ID_LAN><TERRORIST>" killed "@te<11><VALVE_ID_LAN><CT>" with "xm1014"
L 08/12/2019 - 12:37:39: Team "TERRORIST" triggered "Terrorists_Win" (CT "15") (T "9")
L 08/12/2019 - 12:37:39: World triggered "Round_End"
L 08/12/2019 - 12:37:44: "Smolder<3><VALVE_ID_LAN><TERRORIST>" triggered "Spawned_With_The_Bomb"
L 08/12/2019 - 12:37:44: World triggered "Round_Start"
L 08/12/2019 - 12:37:50: "Gho$T<10><VALVE_ID_LAN><CT>" killed "Smolder<3><VALVE_ID_LAN><TERRORIST>" with "m4a1"
L 08/12/2019 - 12:37:50: "Smolder<3><VALVE_ID_LAN><TERRORIST>" triggered "Dropped_The_Bomb"
L 08/12/2019 - 12:37:50: "CEIFADOR<2><VALVE_ID_LOOPBACK><TERRORIST>" killed "Gho$T<10><VALVE_ID_LAN><CT>" with "m4a1"
L 08/12/2019 - 12:37:52: "Calcas Peludas<4><VALVE_ID_LAN><CT>" killed "CEIFADOR<2><VALVE_ID_LOOPBACK><TERRORIST>" with "ak47"
L 08/12/2019 - 12:37:55: "@te<11><VALVE_ID_LAN><CT>" killed "Kitkat<5><VALVE_ID_LAN><TERRORIST>" with "xm1014"
L 08/12/2019 - 12:37:55: Team "CT" triggered "CTs_Win" (CT "16") (T "9")
L 08/12/2019 - 12:37:55: World triggered "Round_End"
L 08/12/2019 - 12:38:00: "Kitkat<5><VALVE_ID_LAN><TERRORIST>" triggered "Spawned_With_The_Bomb"
L 08/12/2019 - 12:38:00: World triggered "Round_Start"
L 08/12/2019 - 12:38:04: "CEIFADOR<2><VALVE_ID_LOOPBACK><TERRORIST>" killed "Calcas Peludas<4><VALVE_ID_LAN><CT>" with "tmp"
L 08/12/2019 - 12:38:04: "Calcas Peludas<4><VALVE_ID_LAN><CT>" killed "CEIFADOR<2><VALVE_ID_LOOPBACK><TERRORIST>" with "grenade"
L 08/12/2019 - 12:38:04: "Calcas Peludas<4><VALVE_ID_LAN><CT>" killed "Kitkat<5><VALVE_ID_LAN><TERRORIST>" with "grenade"
L 08/12/2019 - 12:38:04: "Kitkat<5><VALVE_ID_LAN><TERRORIST>" triggered "Dropped_The_Bomb"
L 08/12/2019 - 12:38:15: "Calcas Peludas<4><VALVE_ID_LAN><CT>" say "bomba atomica" (dead)
L 08/12/2019 - 12:38:19: Server cvar "amx_nextmap" = "aim_ak-colt_pool"
L 08/12/2019 - 12:38:33: "Smolder<3><VALVE_ID_LAN><TERRORIST>" killed "@te<11><VALVE_ID_LAN><CT>" with "mp5navy"
L 08/12/2019 - 12:38:36: "Smolder<3><VALVE_ID_LAN><TERRORIST>" killed "Gho$T<10><VALVE_ID_LAN><CT>" with "mp5navy"
L 08/12/2019 - 12:38:36: Team "TERRORIST" triggered "Terrorists_Win" (CT "16") (T "10")
L 08/12/2019 - 12:38:36: World triggered "Round_End"
L 08/12/2019 - 12:38:37: "Smolder<3><VALVE_ID_LAN><TERRORIST>" triggered "Got_The_Bomb"
L 08/12/2019 - 12:38:41: "CEIFADOR<2><VALVE_ID_LOOPBACK><TERRORIST>" triggered "Spawned_With_The_Bomb"
L 08/12/2019 - 12:38:41: World triggered "Round_Start"
L 08/12/2019 - 12:38:46: "Calcas Peludas<4><VALVE_ID_LAN><CT>" killed "CEIFADOR<2><VALVE_ID_LOOPBACK><TERRORIST>" with "ak47"
L 08/12/2019 - 12:38:46: "CEIFADOR<2><VALVE_ID_LOOPBACK><TERRORIST>" triggered "Dropped_The_Bomb"
L 08/12/2019 - 12:38:49: "@te<11><VALVE_ID_LAN><CT>" killed "Smolder<3><VALVE_ID_LAN><TERRORIST>" with "xm1014"
L 08/12/2019 - 12:38:50: "@te<11><VALVE_ID_LAN><CT>" killed "Kitkat<5><VALVE_ID_LAN><TERRORIST>" with "xm1014"
L 08/12/2019 - 12:38:50: Team "CT" triggered "CTs_Win" (CT "17") (T "10")
L 08/12/2019 - 12:38:50: World triggered "Round_End"
L 08/12/2019 - 12:38:55: "Smolder<3><VALVE_ID_LAN><TERRORIST>" triggered "Spawned_With_The_Bomb"
L 08/12/2019 - 12:38:55: World triggered "Round_Start"
L 08/12/2019 - 12:38:59: "Calcas Peludas<4><VALVE_ID_LAN><CT>" killed "CEIFADOR<2><VALVE_ID_LOOPBACK><TERRORIST>" with "ak47"
L 08/12/2019 - 12:39:02: "Smolder<3><VALVE_ID_LAN><TERRORIST>" killed "Gho$T<10><VALVE_ID_LAN><CT>" with "mp5navy"
L 08/12/2019 - 12:39:02: "Calcas Peludas<4><VALVE_ID_LAN><CT>" killed "Kitkat<5><VALVE_ID_LAN><TERRORIST>" with "ak47"
L 08/12/2019 - 12:39:08: "Smolder<3><VALVE_ID_LAN><TERRORIST>" killed "Calcas Peludas<4><VALVE_ID_LAN><CT>" with "mp5navy"
L 08/12/2019 - 12:39:09: "@te<11><VALVE_ID_LAN><CT>" killed "Smolder<3><VALVE_ID_LAN><TERRORIST>" with "xm1014"
L 08/12/2019 - 12:39:09: Team "CT" triggered "CTs_Win" (CT "18") (T "10")
L 08/12/2019 - 12:39:09: World triggered "Round_End"
L 08/12/2019 - 12:39:14: "Kitkat<5><VALVE_ID_LAN><TERRORIST>" triggered "Spawned_With_The_Bomb"
L 08/12/2019 - 12:39:14: World triggered "Round_Start"
L 08/12/2019 - 12:39:17: "Smolder<3><VALVE_ID_LAN><TERRORIST>" killed "Calcas Peludas<4><VALVE_ID_LAN><CT>" with "xm1014"
L 08/12/2019 - 12:39:20: "CEIFADOR<2><VALVE_ID_LOOPBACK><TERRORIST>" killed "Gho$T<10><VALVE_ID_LAN><CT>" with "tmp"
L 08/12/2019 - 12:39:32: "@te<11><VALVE_ID_LAN><CT>" killed "Smolder<3><VALVE_ID_LAN><TERRORIST>" with "xm1014"
L 08/12/2019 - 12:39:34: "CEIFADOR<2><VALVE_ID_LOOPBACK><TERRORIST>" killed "@te<11><VALVE_ID_LAN><CT>" with "tmp"
L 08/12/2019 - 12:39:34: Team "TERRORIST" triggered "Terrorists_Win" (CT "18") (T "11")
L 08/12/2019 - 12:39:34: World triggered "Round_End"
L 08/12/2019 - 12:39:40: "CEIFADOR<2><VALVE_ID_LOOPBACK><TERRORIST>" triggered "Spawned_With_The_Bomb"
L 08/12/2019 - 12:39:40: World triggered "Round_Start"
L 08/12/2019 - 12:39:45: "Smolder<3><VALVE_ID_LAN><TERRORIST>" killed "Gho$T<10><VALVE_ID_LAN><CT>" with "p90"
L 08/12/2019 - 12:39:45: "Calcas Peludas<4><VALVE_ID_LAN><CT>" killed "Smolder<3><VALVE_ID_LAN><TERRORIST>" with "m4a1"
L 08/12/2019 - 12:39:50: "@te<11><VALVE_ID_LAN><CT>" killed "CEIFADOR<2><VALVE_ID_LOOPBACK><TERRORIST>" with "xm1014"
L 08/12/2019 - 12:39:50: "CEIFADOR<2><VALVE_ID_LOOPBACK><TERRORIST>" triggered "Dropped_The_Bomb"
L 08/12/2019 - 12:39:53: "Calcas Peludas<4><VALVE_ID_LAN><CT>" killed "Kitkat<5><VALVE_ID_LAN><TERRORIST>" with "m4a1"
L 08/12/2019 - 12:39:53: Team "CT" triggered "CTs_Win" (CT "19") (T "11")
L 08/12/2019 - 12:39:53: World triggered "Round_End"
L 08/12/2019 - 12:39:58: "Smolder<3><VALVE_ID_LAN><TERRORIST>" triggered "Spawned_With_The_Bomb"
L 08/12/2019 - 12:39:58: World triggered "Round_Start"
L 08/12/2019 - 12:40:06: "@te<11><VALVE_ID_LAN><CT>" killed "Kitkat<5><VALVE_ID_LAN><TERRORIST>" with "xm1014"
L 08/12/2019 - 12:40:08: "Smolder<3><VALVE_ID_LAN><TERRORIST>" killed "Gho$T<10><VALVE_ID_LAN><CT>" with "ak47"
L 08/12/2019 - 12:40:11: "Calcas Peludas<4><VALVE_ID_LAN><CT>" killed "Smolder<3><VALVE_ID_LAN><TERRORIST>" with "m4a1"
L 08/12/2019 - 12:40:11: "Smolder<3><VALVE_ID_LAN><TERRORIST>" triggered "Dropped_The_Bomb"
L 08/12/2019 - 12:40:11: Team "CT" scored "19" with "3" players
L 08/12/2019 - 12:40:11: Team "TERRORIST" scored "11" with "3" players
L 08/12/2019 - 12:40:13: "CEIFADOR<2><VALVE_ID_LOOPBACK><TERRORIST>" triggered "weaponstats" (weapon "grenade") (shots "4") (hits "5") (kills "0") (headshots "0") (tks "0") (damage "64") (deaths "0")
L 08/12/2019 - 12:40:13: "CEIFADOR<2><VALVE_ID_LOOPBACK><TERRORIST>" triggered "weaponstats2" (weapon "grenade") (head "0") (chest "0") (stomach "0") (leftarm "0") (rightarm "0") (leftleg "0") (rightleg "0")
L 08/12/2019 - 12:40:13: "CEIFADOR<2><VALVE_ID_LOOPBACK><TERRORIST>" triggered "weaponstats" (weapon "xm1014") (shots "3") (hits "0") (kills "0") (headshots "0") (tks "0") (damage "0") (deaths "2")
L 08/12/2019 - 12:40:13: "CEIFADOR<2><VALVE_ID_LOOPBACK><TERRORIST>" triggered "weaponstats2" (weapon "xm1014") (head "0") (chest "0") (stomach "0") (leftarm "0") (rightarm "0") (leftleg "0") (rightleg "0")
L 08/12/2019 - 12:40:13: "CEIFADOR<2><VALVE_ID_LOOPBACK><TERRORIST>" triggered "weaponstats" (weapon "mac10") (shots "1") (hits "0") (kills "0") (headshots "0") (tks "0") (damage "0") (deaths "1")
L 08/12/2019 - 12:40:13: "CEIFADOR<2><VALVE_ID_LOOPBACK><TERRORIST>" triggered "weaponstats2" (weapon "mac10") (head "0") (chest "0") (stomach "0") (leftarm "0") (rightarm "0") (leftleg "0") (rightleg "0")
L 08/12/2019 - 12:40:13: "CEIFADOR<2><VALVE_ID_LOOPBACK><TERRORIST>" triggered "weaponstats" (weapon "aug") (shots "34") (hits "7") (kills "1") (headshots "1") (tks "0") (damage "288") (deaths "3")
L 08/12/2019 - 12:40:13: "CEIFADOR<2><VALVE_ID_LOOPBACK><TERRORIST>" triggered "weaponstats2" (weapon "aug") (head "1") (chest "2") (stomach "1") (leftarm "1") (rightarm "1") (leftleg "0") (rightleg "1")
L 08/12/2019 - 12:40:13: "CEIFADOR<2><VALVE_ID_LOOPBACK><TERRORIST>" triggered "weaponstats" (weapon "mp5navy") (shots "179") (hits "38") (kills "12") (headshots "3") (tks "0") (damage "1058") (deaths "5")
L 08/12/2019 - 12:40:13: "CEIFADOR<2><VALVE_ID_LOOPBACK><TERRORIST>" triggered "weaponstats2" (weapon "mp5navy") (head "3") (chest "9") (stomach "2") (leftarm "10") (rightarm "8") (leftleg "3") (rightleg "3")
L 08/12/2019 - 12:40:13: "CEIFADOR<2><VALVE_ID_LOOPBACK><TERRORIST>" triggered "weaponstats" (weapon "m3") (shots "4") (hits "3") (kills "2") (headshots "0") (tks "0") (damage "251") (deaths "0")
L 08/12/2019 - 12:40:13: "CEIFADOR<2><VALVE_ID_LOOPBACK><TERRORIST>" triggered "weaponstats2" (weapon "m3") (head "0") (chest "0") (stomach "0") (leftarm "1") (rightarm "0") (leftleg "0") (rightleg "2")
L 08/12/2019 - 12:40:13: "CEIFADOR<2><VALVE_ID_LOOPBACK><TERRORIST>" triggered "weaponstats" (weapon "m4a1") (shots "10") (hits "2") (kills "1") (headshots "0") (tks "0") (damage "59") (deaths "2")
L 08/12/2019 - 12:40:13: "CEIFADOR<2><VALVE_ID_LOOPBACK><TERRORIST>" triggered "weaponstats2" (weapon "m4a1") (head "0") (chest "0") (stomach "1") (leftarm "0") (rightarm "0") (leftleg "0") (rightleg "1")
L 08/12/2019 - 12:40:13: "CEIFADOR<2><VALVE_ID_LOOPBACK><TERRORIST>" triggered "weaponstats" (weapon "tmp") (shots "152") (hits "30") (kills "6") (headshots "3") (tks "0") (damage "800") (deaths "3")
L 08/12/2019 - 12:40:13: "CEIFADOR<2><VALVE_ID_LOOPBACK><TERRORIST>" triggered "weaponstats2" (weapon "tmp") (head "5") (chest "2") (stomach "4") (leftarm "10") (rightarm "3") (leftleg "3") (rightleg "3")
L 08/12/2019 - 12:40:13: "CEIFADOR<2><VALVE_ID_LOOPBACK><TERRORIST>" triggered "weaponstats" (weapon "sg552") (shots "15") (hits "5") (kills "1") (headshots "0") (tks "0") (damage "136") (deaths "1")
L 08/12/2019 - 12:40:13: "CEIFADOR<2><VALVE_ID_LOOPBACK><TERRORIST>" triggered "weaponstats2" (weapon "sg552") (head "0") (chest "1") (stomach "1") (leftarm "0") (rightarm "0") (leftleg "2") (rightleg "1")
L 08/12/2019 - 12:40:13: "CEIFADOR<2><VALVE_ID_LOOPBACK><TERRORIST>" triggered "weaponstats" (weapon "ak47") (shots "1") (hits "0") (kills "0") (headshots "0") (tks "0") (damage "0") (deaths "1")
L 08/12/2019 - 12:40:13: "CEIFADOR<2><VALVE_ID_LOOPBACK><TERRORIST>" triggered "weaponstats2" (weapon "ak47") (head "0") (chest "0") (stomach "0") (leftarm "0") (rightarm "0") (leftleg "0") (rightleg "0")
L 08/12/2019 - 12:40:13: "CEIFADOR<2><VALVE_ID_LOOPBACK><TERRORIST>" triggered "weaponstats" (weapon "knife") (shots "1") (hits "1") (kills "0") (headshots "0") (tks "0") (damage "65") (deaths "3")
L 08/12/2019 - 12:40:13: "CEIFADOR<2><VALVE_ID_LOOPBACK><TERRORIST>" triggered "weaponstats2" (weapon "knife") (head "0") (chest "0") (stomach "0") (leftarm "1") (rightarm "0") (leftleg "0") (rightleg "0")
L 08/12/2019 - 12:40:13: "CEIFADOR<2><VALVE_ID_LOOPBACK><TERRORIST>" triggered "time" (time "10:24")
L 08/12/2019 - 12:40:13: "CEIFADOR<2><VALVE_ID_LOOPBACK><TERRORIST>" triggered "latency" (ping "0")
L 08/12/2019 - 12:40:13: "Smolder<3><VALVE_ID_LAN><TERRORIST>" triggered "weaponstats" (weapon "grenade") (shots "7") (hits "6") (kills "0") (headshots "0") (tks "0") (damage "117") (deaths "1")
L 08/12/2019 - 12:40:13: "Smolder<3><VALVE_ID_LAN><TERRORIST>" triggered "weaponstats2" (weapon "grenade") (head "0") (chest "0") (stomach "0") (leftarm "0") (rightarm "0") (leftleg "0") (rightleg "0")
L 08/12/2019 - 12:40:13: "Smolder<3><VALVE_ID_LAN><TERRORIST>" triggered "weaponstats" (weapon "xm1014") (shots "43") (hits "22") (kills "9") (headshots "2") (tks "0") (damage "1431") (deaths "5")
L 08/12/2019 - 12:40:13: "Smolder<3><VALVE_ID_LAN><TERRORIST>" triggered "weaponstats2" (weapon "xm1014") (head "3") (chest "2") (stomach "3") (leftarm "4") (rightarm "6") (leftleg "3") (rightleg "1")
L 08/12/2019 - 12:40:13: "Smolder<3><VALVE_ID_LAN><TERRORIST>" triggered "weaponstats" (weapon "aug") (shots "1") (hits "0") (kills "0") (headshots "0") (tks "0") (damage "0") (deaths "0")
L 08/12/2019 - 12:40:13: "Smolder<3><VALVE_ID_LAN><TERRORIST>" triggered "weaponstats2" (weapon "aug") (head "0") (chest "0") (stomach "0") (leftarm "0") (rightarm "0") (leftleg "0") (rightleg "0")
L 08/12/2019 - 12:40:13: "Smolder<3><VALVE_ID_LAN><TERRORIST>" triggered "weaponstats" (weapon "glock18") (shots "1") (hits "0") (kills "0") (headshots "0") (tks "0") (damage "0") (deaths "1")
L 08/12/2019 - 12:40:13: "Smolder<3><VALVE_ID_LAN><TERRORIST>" triggered "weaponstats2" (weapon "glock18") (head "0") (chest "0") (stomach "0") (leftarm "0") (rightarm "0") (leftleg "0") (rightleg "0")
L 08/12/2019 - 12:40:13: "Smolder<3><VALVE_ID_LAN><TERRORIST>" triggered "weaponstats" (weapon "mp5navy") (shots "110") (hits "25") (kills "4") (headshots "1") (tks "0") (damage "667") (deaths "5")
L 08/12/2019 - 12:40:13: "Smolder<3><VALVE_ID_LAN><TERRORIST>" triggered "weaponstats2" (weapon "mp5navy") (head "2") (chest "1") (stomach "2") (leftarm "7") (rightarm "8") (leftleg "3") (rightleg "2")
L 08/12/2019 - 12:40:13: "Smolder<3><VALVE_ID_LAN><TERRORIST>" triggered "weaponstats" (weapon "ak47") (shots "81") (hits "24") (kills "7") (headshots "2") (tks "0") (damage "976") (deaths "4")
L 08/12/2019 - 12:40:13: "Smolder<3><VALVE_ID_LAN><TERRORIST>" triggered "weaponstats2" (weapon "ak47") (head "2") (chest "10") (stomach "0") (leftarm "5") (rightarm "5") (leftleg "2") (rightleg "0")
L 08/12/2019 - 12:40:13: "Smolder<3><VALVE_ID_LAN><TERRORIST>" triggered "weaponstats" (weapon "knife") (shots "3") (hits "1") (kills "1") (headshots "0") (tks "0") (damage "65") (deaths "5")
L 08/12/2019 - 12:40:13: "Smolder<3><VALVE_ID_LAN><TERRORIST>" triggered "weaponstats2" (weapon "knife") (head "0") (chest "0") (stomach "0") (leftarm "1") (rightarm "0") (leftleg "0") (rightleg "0")
L 08/12/2019 - 12:40:13: "Smolder<3><VALVE_ID_LAN><TERRORIST>" triggered "weaponstats" (weapon "p90") (shots "24") (hits "5") (kills "1") (headshots "0") (tks "0") (damage "119") (deaths "2")
L 08/12/2019 - 12:40:13: "Smolder<3><VALVE_ID_LAN><TERRORIST>" triggered "weaponstats2" (weapon "p90") (head "0") (chest "2") (stomach "1") (leftarm "2") (rightarm "0") (leftleg "0") (rightleg "0")
L 08/12/2019 - 12:40:13: "Smolder<3><VALVE_ID_LAN><TERRORIST>" triggered "time" (time "10:16")
L 08/12/2019 - 12:40:13: "Smolder<3><VALVE_ID_LAN><TERRORIST>" triggered "latency" (ping "5")
L 08/12/2019 - 12:40:13: "Calcas Peludas<4><VALVE_ID_LAN><CT>" triggered "weaponstats" (weapon "scout") (shots "1") (hits "1") (kills "0") (headshots "0") (tks "0") (damage "72") (deaths "0")
L 08/12/2019 - 12:40:13: "Calcas Peludas<4><VALVE_ID_LAN><CT>" triggered "weaponstats2" (weapon "scout") (head "0") (chest "0") (stomach "0") (leftarm "1") (rightarm "0") (leftleg "0") (rightleg "0")
L 08/12/2019 - 12:40:13: "Calcas Peludas<4><VALVE_ID_LAN><CT>" triggered "weaponstats" (weapon "grenade") (shots "8") (hits "5") (kills "2") (headshots "0") (tks "0") (damage "249") (deaths "0")
L 08/12/2019 - 12:40:13: "Calcas Peludas<4><VALVE_ID_LAN><CT>" triggered "weaponstats2" (weapon "grenade") (head "0") (chest "0") (stomach "0") (leftarm "0") (rightarm "0") (leftleg "0") (rightleg "0")
L 08/12/2019 - 12:40:13: "Calcas Peludas<4><VALVE_ID_LAN><CT>" triggered "weaponstats" (weapon "xm1014") (shots "30") (hits "18") (kills "8") (headshots "3") (tks "0") (damage "1256") (deaths "2")
L 08/12/2019 - 12:40:13: "Calcas Peludas<4><VALVE_ID_LAN><CT>" triggered "weaponstats2" (weapon "xm1014") (head "3") (chest "3") (stomach "2") (leftarm "4") (rightarm "0") (leftleg "3") (rightleg "3")
L 08/12/2019 - 12:40:13: "Calcas Peludas<4><VALVE_ID_LAN><CT>" triggered "weaponstats" (weapon "mac10") (shots "26") (hits "7") (kills "2") (headshots "1") (tks "0") (damage "226") (deaths "0")
L 08/12/2019 - 12:40:13: "Calcas Peludas<4><VALVE_ID_LAN><CT>" triggered "weaponstats2" (weapon "mac10") (head "1") (chest "1") (stomach "0") (leftarm "3") (rightarm "1") (leftleg "1") (rightleg "0")
L 08/12/2019 - 12:40:13: "Calcas Peludas<4><VALVE_ID_LAN><CT>" triggered "weaponstats" (weapon "aug") (shots "30") (hits "10") (kills "3") (headshots "2") (tks "0") (damage "397") (deaths "0")
L 08/12/2019 - 12:40:13: "Calcas Peludas<4><VALVE_ID_LAN><CT>" triggered "weaponstats2" (weapon "aug") (head "3") (chest "3") (stomach "1") (leftarm "2") (rightarm "1") (leftleg "0") (rightleg "0")
L 08/12/2019 - 12:40:13: "Calcas Peludas<4><VALVE_ID_LAN><CT>" triggered "weaponstats" (weapon "usp") (shots "12") (hits "4") (kills "2") (headshots "0") (tks "0") (damage "143") (deaths "3")
L 08/12/2019 - 12:40:13: "Calcas Peludas<4><VALVE_ID_LAN><CT>" triggered "weaponstats2" (weapon "usp") (head "0") (chest "1") (stomach "2") (leftarm "0") (rightarm "1") (leftleg "0") (rightleg "0")
L 08/12/2019 - 12:40:13: "Calcas Peludas<4><VALVE_ID_LAN><CT>" triggered "weaponstats" (weapon "glock18") (shots "1") (hits "0") (kills "0") (headshots "0") (tks "0") (damage "0") (deaths "0")
L 08/12/2019 - 12:40:13: "Calcas Peludas<4><VALVE_ID_LAN><CT>" triggered "weaponstats2" (weapon "glock18") (head "0") (chest "0") (stomach "0") (leftarm "0") (rightarm "0") (leftleg "0") (rightleg "0")
L 08/12/2019 - 12:40:13: "Calcas Peludas<4><VALVE_ID_LAN><CT>" triggered "weaponstats" (weapon "awp") (shots "4") (hits "3") (kills "2") (headshots "0") (tks "0") (damage "335") (deaths "0")
L 08/12/2019 - 12:40:13: "Calcas Peludas<4><VALVE_ID_LAN><CT>" triggered "weaponstats2" (weapon "awp") (head "0") (chest "0") (stomach "1") (leftarm "1") (rightarm "0") (leftleg "0") (rightleg "1")
L 08/12/2019 - 12:40:13: "Calcas Peludas<4><VALVE_ID_LAN><CT>" triggered "weaponstats" (weapon "mp5navy") (shots "11") (hits "1") (kills "1") (headshots "1") (tks "0") (damage "104") (deaths "1")
L 08/12/2019 - 12:40:13: "Calcas Peludas<4><VALVE_ID_LAN><CT>" triggered "weaponstats2" (weapon "mp5navy") (head "1") (chest "0") (stomach "0") (leftarm "0") (rightarm "0") (leftleg "0") (rightleg "0")
L 08/12/2019 - 12:40:13: "Calcas Peludas<4><VALVE_ID_LAN><CT>" triggered "weaponstats" (weapon "m249") (shots "12") (hits "4") (kills "1") (headshots "0") (tks "0") (damage "121") (deaths "1")
L 08/12/2019 - 12:40:13: "Calcas Peludas<4><VALVE_ID_LAN><CT>" triggered "weaponstats2" (weapon "m249") (head "0") (chest "2") (stomach "0") (leftarm "2") (rightarm "0") (leftleg "0") (rightleg "0")
L 08/12/2019 - 12:40:13: "Calcas Peludas<4><VALVE_ID_LAN><CT>" triggered "weaponstats" (weapon "m4a1") (shots "39") (hits "8") (kills "4") (headshots "2") (tks "0") (damage "413") (deaths "1")
L 08/12/2019 - 12:40:13: "Calcas Peludas<4><VALVE_ID_LAN><CT>" triggered "weaponstats2" (weapon "m4a1") (head "2") (chest "0") (stomach "0") (leftarm "5") (rightarm "0") (leftleg "1") (rightleg "0")
L 08/12/2019 - 12:40:13: "Calcas Peludas<4><VALVE_ID_LAN><CT>" triggered "weaponstats" (weapon "g3sg1") (shots "1") (hits "0") (kills "0") (headshots "0") (tks "0") (damage "0") (deaths "0")
L 08/12/2019 - 12:40:13: "Calcas Peludas<4><VALVE_ID_LAN><CT>" triggered "weaponstats2" (weapon "g3sg1") (head "0") (chest "0") (stomach "0") (leftarm "0") (rightarm "0") (leftleg "0") (rightleg "0")
L 08/12/2019 - 12:40:13: "Calcas Peludas<4><VALVE_ID_LAN><CT>" triggered "weaponstats" (weapon "sg552") (shots "77") (hits "21") (kills "7") (headshots "2") (tks "0") (damage "814") (deaths "3")
L 08/12/2019 - 12:40:13: "Calcas Peludas<4><VALVE_ID_LAN><CT>" triggered "weaponstats2" (weapon "sg552") (head "2") (chest "2") (stomach "1") (leftarm "13") (rightarm "1") (leftleg "0") (rightleg "2")
L 08/12/2019 - 12:40:13: "Calcas Peludas<4><VALVE_ID_LAN><CT>" triggered "weaponstats" (weapon "ak47") (shots "120") (hits "32") (kills "10") (headshots "3") (tks "0") (damage "1294") (deaths "3")
L 08/12/2019 - 12:40:13: "Calcas Peludas<4><VALVE_ID_LAN><CT>" triggered "weaponstats2" (weapon "ak47") (head "3") (chest "4") (stomach "5") (leftarm "8") (rightarm "7") (leftleg "1") (rightleg "4")
L 08/12/2019 - 12:40:13: "Calcas Peludas<4><VALVE_ID_LAN><CT>" triggered "weaponstats" (weapon "knife") (shots "2") (hits "2") (kills "0") (headshots "0") (tks "0") (damage "130") (deaths "4")
L 08/12/2019 - 12:40:13: "Calcas Peludas<4><VALVE_ID_LAN><CT>" triggered "weaponstats2" (weapon "knife") (head "0") (chest "1") (stomach "1") (leftarm "0") (rightarm "0") (leftleg "0") (rightleg "0")
L 08/12/2019 - 12:40:13: "Calcas Peludas<4><VALVE_ID_LAN><CT>" triggered "weaponstats" (weapon "p90") (shots "27") (hits "1") (kills "0") (headshots "0") (tks "0") (damage "11") (deaths "0")
L 08/12/2019 - 12:40:13: "Calcas Peludas<4><VALVE_ID_LAN><CT>" triggered "weaponstats2" (weapon "p90") (head "0") (chest "0") (stomach "0") (leftarm "0") (rightarm "0") (leftleg "1") (rightleg "0")
L 08/12/2019 - 12:40:13: "Calcas Peludas<4><VALVE_ID_LAN><CT>" triggered "time" (time "10:08")
L 08/12/2019 - 12:40:13: "Calcas Peludas<4><VALVE_ID_LAN><CT>" triggered "latency" (ping "11")
L 08/12/2019 - 12:40:13: "Kitkat<5><VALVE_ID_LAN><TERRORIST>" triggered "weaponstats" (weapon "mac10") (shots "81") (hits "14") (kills "3") (headshots "3") (tks "0") (damage "596") (deaths "4")
L 08/12/2019 - 12:40:13: "Kitkat<5><VALVE_ID_LAN><TERRORIST>" triggered "weaponstats2" (weapon "mac10") (head "3") (chest "3") (stomach "1") (leftarm "7") (rightarm "0") (leftleg "0") (rightleg "0")
L 08/12/2019 - 12:40:13: "Kitkat<5><VALVE_ID_LAN><TERRORIST>" triggered "weaponstats" (weapon "aug") (shots "41") (hits "9") (kills "0") (headshots "0") (tks "0") (damage "225") (deaths "7")
L 08/12/2019 - 12:40:13: "Kitkat<5><VALVE_ID_LAN><TERRORIST>" triggered "weaponstats2" (weapon "aug") (head "0") (chest "2") (stomach "0") (leftarm "1") (rightarm "1") (leftleg "4") (rightleg "1")
L 08/12/2019 - 12:40:13: "Kitkat<5><VALVE_ID_LAN><TERRORIST>" triggered "weaponstats" (weapon "glock18") (shots "8") (hits "2") (kills "0") (headshots "0") (tks "0") (damage "35") (deaths "1")
L 08/12/2019 - 12:40:13: "Kitkat<5><VALVE_ID_LAN><TERRORIST>" triggered "weaponstats2" (weapon "glock18") (head "0") (chest "0") (stomach "0") (leftarm "1") (rightarm "0") (leftleg "1") (rightleg "0")
L 08/12/2019 - 12:40:13: "Kitkat<5><VALVE_ID_LAN><TERRORIST>" triggered "weaponstats" (weapon "mp5navy") (shots "2") (hits "0") (kills "0") (headshots "0") (tks "0") (damage "0") (deaths "2")
L 08/12/2019 - 12:40:13: "Kitkat<5><VALVE_ID_LAN><TERRORIST>" triggered "weaponstats2" (weapon "mp5navy") (head "0") (chest "0") (stomach "0") (leftarm "0") (rightarm "0") (leftleg "0") (rightleg "0")
L 08/12/2019 - 12:40:13: "Kitkat<5><VALVE_ID_LAN><TERRORIST>" triggered "weaponstats" (weapon "m3") (shots "1") (hits "1") (kills "0") (headshots "0") (tks "0") (damage "15") (deaths "1")
L 08/12/2019 - 12:40:13: "Kitkat<5><VALVE_ID_LAN><TERRORIST>" triggered "weaponstats2" (weapon "m3") (head "0") (chest "0") (stomach "0") (leftarm "0") (rightarm "1") (leftleg "0") (rightleg "0")
L 08/12/2019 - 12:40:13: "Kitkat<5><VALVE_ID_LAN><TERRORIST>" triggered "weaponstats" (weapon "m4a1") (shots "36") (hits "6") (kills "2") (headshots "1") (tks "0") (damage "261") (deaths "3")
L 08/12/2019 - 12:40:13: "Kitkat<5><VALVE_ID_LAN><TERRORIST>" triggered "weaponstats2" (weapon "m4a1") (head "1") (chest "1") (stomach "0") (leftarm "2") (rightarm "0") (leftleg "1") (rightleg "1")
L 08/12/2019 - 12:40:13: "Kitkat<5><VALVE_ID_LAN><TERRORIST>" triggered "weaponstats" (weapon "tmp") (shots "43") (hits "6") (kills "0") (headshots "0") (tks "0") (damage "140") (deaths "3")
L 08/12/2019 - 12:40:13: "Kitkat<5><VALVE_ID_LAN><TERRORIST>" triggered "weaponstats2" (weapon "tmp") (head "1") (chest "1") (stomach "1") (leftarm "1") (rightarm "1") (leftleg "0") (rightleg "1")
L 08/12/2019 - 12:40:13: "Kitkat<5><VALVE_ID_LAN><TERRORIST>" triggered "weaponstats" (weapon "ak47") (shots "30") (hits "3") (kills "1") (headshots "1") (tks "0") (damage "209") (deaths "3")
L 08/12/2019 - 12:40:13: "Kitkat<5><VALVE_ID_LAN><TERRORIST>" triggered "weaponstats2" (weapon "ak47") (head "1") (chest "0") (stomach "0") (leftarm "1") (rightarm "0") (leftleg "0") (rightleg "1")
L 08/12/2019 - 12:40:13: "Kitkat<5><VALVE_ID_LAN><TERRORIST>" triggered "weaponstats" (weapon "p90") (shots "28") (hits "6") (kills "1") (headshots "0") (tks "0") (damage "128") (deaths "2")
L 08/12/2019 - 12:40:13: "Kitkat<5><VALVE_ID_LAN><TERRORIST>" triggered "weaponstats2" (weapon "p90") (head "0") (chest "2") (stomach "1") (leftarm "2") (rightarm "1") (leftleg "0") (rightleg "0")
L 08/12/2019 - 12:40:13: "Kitkat<5><VALVE_ID_LAN><TERRORIST>" triggered "time" (time "9:59")
L 08/12/2019 - 12:40:13: "Kitkat<5><VALVE_ID_LAN><TERRORIST>" triggered "latency" (ping "9")
L 08/12/2019 - 12:40:13: "Gho$T<10><VALVE_ID_LAN><CT>" triggered "weaponstats" (weapon "grenade") (shots "7") (hits "5") (kills "0") (headshots "0") (tks "0") (damage "175") (deaths "0")
L 08/12/2019 - 12:40:13: "Gho$T<10><VALVE_ID_LAN><CT>" triggered "weaponstats2" (weapon "grenade") (head "0") (chest "0") (stomach "0") (leftarm "0") (rightarm "0") (leftleg "0") (rightleg "0")
L 08/12/2019 - 12:40:13: "Gho$T<10><VALVE_ID_LAN><CT>" triggered "weaponstats" (weapon "xm1014") (shots "3") (hits "1") (kills "0") (headshots "0") (tks "0") (damage "34") (deaths "1")
L 08/12/2019 - 12:40:13: "Gho$T<10><VALVE_ID_LAN><CT>" triggered "weaponstats2" (weapon "xm1014") (head "0") (chest "1") (stomach "0") (leftarm "0") (rightarm "0") (leftleg "0") (rightleg "0")
L 08/12/2019 - 12:40:13: "Gho$T<10><VALVE_ID_LAN><CT>" triggered "weaponstats" (weapon "mac10") (shots "14") (hits "1") (kills "0") (headshots "0") (tks "0") (damage "15") (deaths "1")
L 08/12/2019 - 12:40:13: "Gho$T<10><VALVE_ID_LAN><CT>" triggered "weaponstats2" (weapon "mac10") (head "0") (chest "0") (stomach "0") (leftarm "0") (rightarm "0") (leftleg "0") (rightleg "1")
L 08/12/2019 - 12:40:13: "Gho$T<10><VALVE_ID_LAN><CT>" triggered "weaponstats" (weapon "aug") (shots "22") (hits "4") (kills "1") (headshots "0") (tks "0") (damage "120") (deaths "1")
L 08/12/2019 - 12:40:13: "Gho$T<10><VALVE_ID_LAN><CT>" triggered "weaponstats2" (weapon "aug") (head "0") (chest "1") (stomach "1") (leftarm "0") (rightarm "0") (leftleg "1") (rightleg "1")
L 08/12/2019 - 12:40:13: "Gho$T<10><VALVE_ID_LAN><CT>" triggered "weaponstats" (weapon "usp") (shots "8") (hits "2") (kills "0") (headshots "0") (tks "0") (damage "53") (deaths "1")
L 08/12/2019 - 12:40:13: "Gho$T<10><VALVE_ID_LAN><CT>" triggered "weaponstats2" (weapon "usp") (head "0") (chest "0") (stomach "0") (leftarm "2") (rightarm "0") (leftleg "0") (rightleg "0")
L 08/12/2019 - 12:40:13: "Gho$T<10><VALVE_ID_LAN><CT>" triggered "weaponstats" (weapon "mp5navy") (shots "15") (hits "6") (kills "0") (headshots "0") (tks "0") (damage "135") (deaths "1")
L 08/12/2019 - 12:40:13: "Gho$T<10><VALVE_ID_LAN><CT>" triggered "weaponstats2" (weapon "mp5navy") (head "0") (chest "1") (stomach "3") (leftarm "1") (rightarm "0") (leftleg "0") (rightleg "1")
L 08/12/2019 - 12:40:13: "Gho$T<10><VALVE_ID_LAN><CT>" triggered "weaponstats" (weapon "m249") (shots "3") (hits "0") (kills "0") (headshots "0") (tks "0") (damage "0") (deaths "0")
L 08/12/2019 - 12:40:13: "Gho$T<10><VALVE_ID_LAN><CT>" triggered "weaponstats2" (weapon "m249") (head "0") (chest "0") (stomach "0") (leftarm "0") (rightarm "0") (leftleg "0") (rightleg "0")
L 08/12/2019 - 12:40:13: "Gho$T<10><VALVE_ID_LAN><CT>" triggered "weaponstats" (weapon "m3") (shots "6") (hits "6") (kills "3") (headshots "0") (tks "0") (damage "408") (deaths "1")
L 08/12/2019 - 12:40:13: "Gho$T<10><VALVE_ID_LAN><CT>" triggered "weaponstats2" (weapon "m3") (head "0") (chest "1") (stomach "0") (leftarm "3") (rightarm "0") (leftleg "0") (rightleg "2")
L 08/12/2019 - 12:40:13: "Gho$T<10><VALVE_ID_LAN><CT>" triggered "weaponstats" (weapon "m4a1") (shots "62") (hits "20") (kills "7") (headshots "3") (tks "0") (damage "860") (deaths "6")
L 08/12/2019 - 12:40:13: "Gho$T<10><VALVE_ID_LAN><CT>" triggered "weaponstats2" (weapon "m4a1") (head "3") (chest "5") (stomach "1") (leftarm "7") (rightarm "1") (leftleg "0") (rightleg "3")
L 08/12/2019 - 12:40:13: "Gho$T<10><VALVE_ID_LAN><CT>" triggered "weaponstats" (weapon "ak47") (shots "22") (hits "3") (kills "1") (headshots "0") (tks "0") (damage "109") (deaths "1")
L 08/12/2019 - 12:40:13: "Gho$T<10><VALVE_ID_LAN><CT>" triggered "weaponstats2" (weapon "ak47") (head "0") (chest "1") (stomach "0") (leftarm "0") (rightarm "2") (leftleg "0") (rightleg "0")
L 08/12/2019 - 12:40:13: "Gho$T<10><VALVE_ID_LAN><CT>" triggered "weaponstats" (weapon "knife") (shots "6") (hits "5") (kills "1") (headshots "0") (tks "0") (damage "325") (deaths "7")
L 08/12/2019 - 12:40:13: "Gho$T<10><VALVE_ID_LAN><CT>" triggered "weaponstats2" (weapon "knife") (head "2") (chest "0") (stomach "0") (leftarm "3") (rightarm "0") (leftleg "0") (rightleg "0")
L 08/12/2019 - 12:40:13: "Gho$T<10><VALVE_ID_LAN><CT>" triggered "weaponstats" (weapon "p90") (shots "6") (hits "0") (kills "0") (headshots "0") (tks "0") (damage "0") (deaths "1")
L 08/12/2019 - 12:40:13: "Gho$T<10><VALVE_ID_LAN><CT>" triggered "weaponstats2" (weapon "p90") (head "0") (chest "0") (stomach "0") (leftarm "0") (rightarm "0") (leftleg "0") (rightleg "0")
L 08/12/2019 - 12:40:13: "Gho$T<10><VALVE_ID_LAN><CT>" triggered "time" (time "9:19")
L 08/12/2019 - 12:40:13: "Gho$T<10><VALVE_ID_LAN><CT>" triggered "latency" (ping "8")
L 08/12/2019 - 12:40:13: "@te<11><VALVE_ID_LAN><CT>" triggered "weaponstats" (weapon "grenade") (shots "9") (hits "15") (kills "0") (headshots "0") (tks "0") (damage "604") (deaths "0")
L 08/12/2019 - 12:40:13: "@te<11><VALVE_ID_LAN><CT>" triggered "weaponstats2" (weapon "grenade") (head "0") (chest "0") (stomach "0") (leftarm "0") (rightarm "0") (leftleg "0") (rightleg "0")
L 08/12/2019 - 12:40:13: "@te<11><VALVE_ID_LAN><CT>" triggered "weaponstats" (weapon "xm1014") (shots "49") (hits "30") (kills "13") (headshots "2") (tks "0") (damage "1874") (deaths "5")
L 08/12/2019 - 12:40:13: "@te<11><VALVE_ID_LAN><CT>" triggered "weaponstats2" (weapon "xm1014") (head "3") (chest "4") (stomach "1") (leftarm "8") (rightarm "5") (leftleg "5") (rightleg "4")
L 08/12/2019 - 12:40:13: "@te<11><VALVE_ID_LAN><CT>" triggered "weaponstats" (weapon "usp") (shots "4") (hits "1") (kills "0") (headshots "0") (tks "0") (damage "33") (deaths "1")
L 08/12/2019 - 12:40:13: "@te<11><VALVE_ID_LAN><CT>" triggered "weaponstats2" (weapon "usp") (head "0") (chest "0") (stomach "0") (leftarm "1") (rightarm "0") (leftleg "0") (rightleg "0")
L 08/12/2019 - 12:40:13: "@te<11><VALVE_ID_LAN><CT>" triggered "weaponstats" (weapon "awp") (shots "1") (hits "0") (kills "0") (headshots "0") (tks "0") (damage "0") (deaths "0")
L 08/12/2019 - 12:40:13: "@te<11><VALVE_ID_LAN><CT>" triggered "weaponstats2" (weapon "awp") (head "0") (chest "0") (stomach "0") (leftarm "0") (rightarm "0") (leftleg "0") (rightleg "0")
L 08/12/2019 - 12:40:13: "@te<11><VALVE_ID_LAN><CT>" triggered "weaponstats" (weapon "mp5navy") (shots "52") (hits "10") (kills "2") (headshots "0") (tks "0") (damage "197") (deaths "4")
L 08/12/2019 - 12:40:13: "@te<11><VALVE_ID_LAN><CT>" triggered "weaponstats2" (weapon "mp5navy") (head "0") (chest "2") (stomach "1") (leftarm "1") (rightarm "0") (leftleg "2") (rightleg "4")
L 08/12/2019 - 12:40:13: "@te<11><VALVE_ID_LAN><CT>" triggered "weaponstats" (weapon "knife") (shots "1") (hits "0") (kills "0") (headshots "0") (tks "0") (damage "0") (deaths "3")
L 08/12/2019 - 12:40:13: "@te<11><VALVE_ID_LAN><CT>" triggered "weaponstats2" (weapon "knife") (head "0") (chest "0") (stomach "0") (leftarm "0") (rightarm "0") (leftleg "0") (rightleg "0")
L 08/12/2019 - 12:40:13: "@te<11><VALVE_ID_LAN><CT>" triggered "weaponstats" (weapon "p90") (shots "26") (hits "5") (kills "0") (headshots "0") (tks "0") (damage "117") (deaths "0")
L 08/12/2019 - 12:40:13: "@te<11><VALVE_ID_LAN><CT>" triggered "weaponstats2" (weapon "p90") (head "0") (chest "1") (stomach "0") (leftarm "2") (rightarm "1") (leftleg "0") (rightleg "1")
L 08/12/2019 - 12:40:13: "@te<11><VALVE_ID_LAN><CT>" triggered "time" (time "9:10")
L 08/12/2019 - 12:40:13: "@te<11><VALVE_ID_LAN><CT>" triggered "latency" (ping "8")
L 08/12/2019 - 12:40:14: [META] ini: Begin re-reading plugins list: c:/valve/cstrike/addons/metamod/plugins.ini
L 08/12/2019 - 12:40:14: [META] ini: Read plugin config for: AMX
L 08/12/2019 - 12:40:14: [META] ini: Read plugin config for: WinHL-Booster
L 08/12/2019 - 12:40:14: [META] ERROR: ini: Skipping plugin, couldn't stat file 'addons/hlguard/dlls/hlguard_mm_nightly.dll': No such file or directory
L 08/12/2019 - 12:40:14: [META] ini: Read plugin config for: WebMod
L 08/12/2019 - 12:40:14: [META] ini: Finished reading plugins list: c:/valve/cstrike/addons/metamod/plugins.ini; Found 3 plugins
L 08/12/2019 - 12:40:14: [META] dll: Updating plugins...
L 08/12/2019 - 12:40:14: [META] ERROR: dll: Failed query plugin '<hlguard_mm_nightly.dll>'; Couldn't open file 'addons/hlguard/dlls/hlguard_mm_nightly.dll': Não foi possível encontrar o módulo especificado.

L 08/12/2019 - 12:40:14: [META] ERROR: dll: Skipping plugin '<hlguard_mm_nightly.dll>'; couldn't query
L 08/12/2019 - 12:40:14: [META] dll: Finished updating 6 plugins; kept 3, loaded 0, unloaded 0, reloaded 0, delayed 0
L 08/12/2019 - 12:40:14: Server shutdown
L 08/12/2019 - 12:40:14: Log file closed
