L 08/15/2019 - 12:57:40: Log file started (file "logs\L0815007.log") (game "cstrike") (version "47/1.1.2.2/2603")
L 08/15/2019 - 12:57:40: "Cap Billy<34><VALVE_ID_LAN><CT>" killed "Calcas Peludas<35><VALVE_ID_LAN><TERRORIST>" with "deagle"
L 08/15/2019 - 12:57:41: "Kratos-Celular<33><VALVE_ID_LAN><TERRORIST>" killed "Kitkat<32><VALVE_ID_LAN><CT>" with "knife"
L 08/15/2019 - 12:57:42: "INDIO<38><VALVE_ID_LAN><CT>" killed "Smolder<36><VALVE_ID_LAN><TERRORIST>" with "deagle"
L 08/15/2019 - 12:57:43: "Ice_Man<37><VALVE_ID_LAN><TERRORIST>" say "ui" (dead)
L 08/15/2019 - 12:57:44: "Cap Billy<34><VALVE_ID_LAN><CT>" killed "Kratos-Celular<33><VALVE_ID_LAN><TERRORIST>" with "deagle"
L 08/15/2019 - 12:57:44: Team "CT" triggered "CTs_Win" (CT "7") (T "6")
L 08/15/2019 - 12:57:44: World triggered "Round_End"
L 08/15/2019 - 12:57:49: World triggered "Round_Start"
L 08/15/2019 - 12:57:50: "Cap Billy<34><VALVE_ID_LAN><CT>" say "KITKAT IMA!!"
L 08/15/2019 - 12:57:53: "Cap Billy<34><VALVE_ID_LAN><CT>" say "PARABENS PROS TRS"
L 08/15/2019 - 12:57:56: "INDIO<38><VALVE_ID_LAN><CT>" killed "CEIFADOR<31><VALVE_ID_LOOPBACK><TERRORIST>" with "deagle"
L 08/15/2019 - 12:57:59: "Smolder<36><VALVE_ID_LAN><TERRORIST>" killed "Cap Billy<34><VALVE_ID_LAN><CT>" with "deagle"
L 08/15/2019 - 12:58:01: "Gho$T<39><VALVE_ID_LAN><CT>" killed "Smolder<36><VALVE_ID_LAN><TERRORIST>" with "knife"
L 08/15/2019 - 12:58:01: "Calcas Peludas<35><VALVE_ID_LAN><TERRORIST>" killed "Gho$T<39><VALVE_ID_LAN><CT>" with "deagle"
L 08/15/2019 - 12:58:02: "XXBOT Quinn<40><BOT><CT>" killed "Calcas Peludas<35><VALVE_ID_LAN><TERRORIST>" with "deagle"
L 08/15/2019 - 12:58:03: "CEIFADOR<31><VALVE_ID_LOOPBACK><TERRORIST>" say_team "faca" (dead)
L 08/15/2019 - 12:58:07: "Kitkat<32><VALVE_ID_LAN><CT>" killed "Kratos-Celular<33><VALVE_ID_LAN><TERRORIST>" with "deagle"
L 08/15/2019 - 12:58:08: "INDIO<38><VALVE_ID_LAN><CT>" killed "Ice_Man<37><VALVE_ID_LAN><TERRORIST>" with "deagle"
L 08/15/2019 - 12:58:08: Team "CT" triggered "CTs_Win" (CT "8") (T "6")
L 08/15/2019 - 12:58:08: World triggered "Round_End"
L 08/15/2019 - 12:58:12: "Cap Billy<34><VALVE_ID_LAN><CT>" say "TOE SMOLDER" (dead)
L 08/15/2019 - 12:58:13: World triggered "Round_Start"
L 08/15/2019 - 12:58:18: Server cvar "amx_nextmap" = "sp_babar"
L 08/15/2019 - 12:58:21: "Calcas Peludas<35><VALVE_ID_LAN><TERRORIST>" killed "Cap Billy<34><VALVE_ID_LAN><CT>" with "deagle"
L 08/15/2019 - 12:58:23: "Gho$T<39><VALVE_ID_LAN><CT>" killed "Ice_Man<37><VALVE_ID_LAN><TERRORIST>" with "knife"
L 08/15/2019 - 12:58:24: "Kitkat<32><VALVE_ID_LAN><CT>" killed "CEIFADOR<31><VALVE_ID_LOOPBACK><TERRORIST>" with "deagle"
L 08/15/2019 - 12:58:24: "Kratos-Celular<33><VALVE_ID_LAN><TERRORIST>" killed "Gho$T<39><VALVE_ID_LAN><CT>" with "knife"
L 08/15/2019 - 12:58:28: "Kitkat<32><VALVE_ID_LAN><CT>" killed "Kratos-Celular<33><VALVE_ID_LAN><TERRORIST>" with "deagle"
L 08/15/2019 - 12:58:29: "Ice_Man<37><VALVE_ID_LAN><TERRORIST>" say "toma camper" (dead)
L 08/15/2019 - 12:58:32: "Kratos-Celular<33><VALVE_ID_LAN><TERRORIST>" say "deliciaaaaaaa" (dead)
L 08/15/2019 - 12:58:35: "Kitkat<32><VALVE_ID_LAN><CT>" killed "Smolder<36><VALVE_ID_LAN><TERRORIST>" with "deagle"
L 08/15/2019 - 12:58:35: "Ice_Man<37><VALVE_ID_LAN><TERRORIST>" say "sacrificio em prol do time." (dead)
L 08/15/2019 - 12:58:36: "INDIO<38><VALVE_ID_LAN><CT>" killed "Calcas Peludas<35><VALVE_ID_LAN><TERRORIST>" with "deagle"
L 08/15/2019 - 12:58:36: Team "CT" triggered "CTs_Win" (CT "9") (T "6")
L 08/15/2019 - 12:58:36: World triggered "Round_End"
L 08/15/2019 - 12:58:36: "CEIFADOR<31><VALVE_ID_LOOPBACK><TERRORIST>" say "obrigado senhor" (dead)
L 08/15/2019 - 12:58:36: "Kratos-Celular<33><VALVE_ID_LAN><TERRORIST>" say "hauahuahahuah " (dead)
L 08/15/2019 - 12:58:41: "Kratos-Celular<33><VALVE_ID_LAN><TERRORIST>" say "obrigaod snehor" (dead)
L 08/15/2019 - 12:58:41: World triggered "Round_Start"
L 08/15/2019 - 12:58:49: "XXBOT Quinn<40><BOT><CT>" killed "Smolder<36><VALVE_ID_LAN><TERRORIST>" with "deagle"
L 08/15/2019 - 12:58:50: "CEIFADOR<31><VALVE_ID_LOOPBACK><TERRORIST>" killed "Kitkat<32><VALVE_ID_LAN><CT>" with "deagle"
L 08/15/2019 - 12:58:51: "Ice_Man<37><VALVE_ID_LAN><TERRORIST>" killed "INDIO<38><VALVE_ID_LAN><CT>" with "deagle"
L 08/15/2019 - 12:58:53: "Kratos-Celular<33><VALVE_ID_LAN><TERRORIST>" killed "XXBOT Quinn<40><BOT><CT>" with "deagle"
L 08/15/2019 - 12:58:56: "Ice_Man<37><VALVE_ID_LAN><TERRORIST>" killed "Gho$T<39><VALVE_ID_LAN><CT>" with "deagle"
L 08/15/2019 - 12:58:59: "Ice_Man<37><VALVE_ID_LAN><TERRORIST>" killed "Cap Billy<34><VALVE_ID_LAN><CT>" with "deagle"
L 08/15/2019 - 12:58:59: Team "TERRORIST" triggered "Terrorists_Win" (CT "9") (T "7")
L 08/15/2019 - 12:58:59: World triggered "Round_End"
L 08/15/2019 - 12:59:04: World triggered "Round_Start"
L 08/15/2019 - 12:59:07: "INDIO<38><VALVE_ID_LAN><CT>" say_team "krtos vai ser esfaqueador"
L 08/15/2019 - 12:59:10: "Gho$T<39><VALVE_ID_LAN><CT>" killed "Calcas Peludas<35><VALVE_ID_LAN><TERRORIST>" with "deagle"
L 08/15/2019 - 12:59:12: "CEIFADOR<31><VALVE_ID_LOOPBACK><TERRORIST>" killed "Gho$T<39><VALVE_ID_LAN><CT>" with "deagle"
L 08/15/2019 - 12:59:15: "XXBOT Quinn<40><BOT><CT>" killed "Ice_Man<37><VALVE_ID_LAN><TERRORIST>" with "deagle"
L 08/15/2019 - 12:59:16: "INDIO<38><VALVE_ID_LAN><CT>" killed "CEIFADOR<31><VALVE_ID_LOOPBACK><TERRORIST>" with "deagle"
L 08/15/2019 - 12:59:18: "Kitkat<32><VALVE_ID_LAN><CT>" killed "Kratos-Celular<33><VALVE_ID_LAN><TERRORIST>" with "deagle"
L 08/15/2019 - 12:59:23: "Cap Billy<34><VALVE_ID_LAN><CT>" killed "Smolder<36><VALVE_ID_LAN><TERRORIST>" with "knife"
L 08/15/2019 - 12:59:23: Team "CT" triggered "CTs_Win" (CT "10") (T "7")
L 08/15/2019 - 12:59:23: World triggered "Round_End"
L 08/15/2019 - 12:59:25: "Gho$T<39><VALVE_ID_LAN><CT>" say "kkkkkkk" (dead)
L 08/15/2019 - 12:59:26: "Calcas Peludas<35><VALVE_ID_LAN><TERRORIST>" say "putz" (dead)
L 08/15/2019 - 12:59:27: "Gho$T<39><VALVE_ID_LAN><CT>" say "kkkkkk" (dead)
L 08/15/2019 - 12:59:28: "INDIO<38><VALVE_ID_LAN><CT>" say_team "isso"
L 08/15/2019 - 12:59:28: World triggered "Round_Start"
L 08/15/2019 - 12:59:35: "Smolder<36><VALVE_ID_LAN><TERRORIST>" killed "Kitkat<32><VALVE_ID_LAN><CT>" with "deagle"
L 08/15/2019 - 12:59:36: "Kratos-Celular<33><VALVE_ID_LAN><TERRORIST>" killed "INDIO<38><VALVE_ID_LAN><CT>" with "deagle"
L 08/15/2019 - 12:59:37: "Smolder<36><VALVE_ID_LAN><TERRORIST>" killed "XXBOT Quinn<40><BOT><CT>" with "deagle"
L 08/15/2019 - 12:59:39: "Cap Billy<34><VALVE_ID_LAN><CT>" killed "Kratos-Celular<33><VALVE_ID_LAN><TERRORIST>" with "deagle"
L 08/15/2019 - 12:59:40: "Calcas Peludas<35><VALVE_ID_LAN><TERRORIST>" killed "Gho$T<39><VALVE_ID_LAN><CT>" with "deagle"
L 08/15/2019 - 12:59:42: "Calcas Peludas<35><VALVE_ID_LAN><TERRORIST>" killed "Cap Billy<34><VALVE_ID_LAN><CT>" with "deagle"
L 08/15/2019 - 12:59:42: Team "TERRORIST" triggered "Terrorists_Win" (CT "10") (T "8")
L 08/15/2019 - 12:59:42: World triggered "Round_End"
L 08/15/2019 - 12:59:47: World triggered "Round_Start"
L 08/15/2019 - 12:59:59: "Ice_Man<37><VALVE_ID_LAN><TERRORIST>" killed "XXBOT Quinn<40><BOT><CT>" with "deagle"
L 08/15/2019 - 13:00:03: "Ice_Man<37><VALVE_ID_LAN><TERRORIST>" killed "Cap Billy<34><VALVE_ID_LAN><CT>" with "deagle"
L 08/15/2019 - 13:00:08: "Smolder<36><VALVE_ID_LAN><TERRORIST>" killed "Gho$T<39><VALVE_ID_LAN><CT>" with "knife"
L 08/15/2019 - 13:00:09: "INDIO<38><VALVE_ID_LAN><CT>" killed "CEIFADOR<31><VALVE_ID_LOOPBACK><TERRORIST>" with "deagle"
L 08/15/2019 - 13:00:10: "Kratos-Celular<33><VALVE_ID_LAN><TERRORIST>" killed "INDIO<38><VALVE_ID_LAN><CT>" with "knife"
L 08/15/2019 - 13:00:10: Team "CT" scored "10" with "5" players
L 08/15/2019 - 13:00:10: Team "TERRORIST" scored "8" with "5" players
L 08/15/2019 - 13:00:14: "Calcas Peludas<35><VALVE_ID_LAN><TERRORIST>" triggered "weaponstats" (weapon "deagle") (shots "110") (hits "31") (kills "7") (headshots "3") (tks "0") (damage "1302") (deaths "11")
L 08/15/2019 - 13:00:14: "Calcas Peludas<35><VALVE_ID_LAN><TERRORIST>" triggered "weaponstats2" (weapon "deagle") (head "4") (chest "4") (stomach "3") (leftarm "11") (rightarm "7") (leftleg "2") (rightleg "0")
L 08/15/2019 - 13:00:14: "Calcas Peludas<35><VALVE_ID_LAN><TERRORIST>" triggered "weaponstats" (weapon "knife") (shots "5") (hits "2") (kills "2") (headshots "1") (tks "0") (damage "220") (deaths "3")
L 08/15/2019 - 13:00:14: "Calcas Peludas<35><VALVE_ID_LAN><TERRORIST>" triggered "weaponstats2" (weapon "knife") (head "1") (chest "0") (stomach "0") (leftarm "0") (rightarm "1") (leftleg "0") (rightleg "0")
L 08/15/2019 - 13:00:14: "Calcas Peludas<35><VALVE_ID_LAN><TERRORIST>" triggered "time" (time "10:04")
L 08/15/2019 - 13:00:14: "Calcas Peludas<35><VALVE_ID_LAN><TERRORIST>" triggered "latency" (ping "9")
L 08/15/2019 - 13:00:14: "Kitkat<32><VALVE_ID_LAN><CT>" triggered "weaponstats" (weapon "deagle") (shots "138") (hits "35") (kills "8") (headshots "2") (tks "0") (damage "1233") (deaths "9")
L 08/15/2019 - 13:00:14: "Kitkat<32><VALVE_ID_LAN><CT>" triggered "weaponstats2" (weapon "deagle") (head "2") (chest "7") (stomach "4") (leftarm "8") (rightarm "3") (leftleg "7") (rightleg "4")
L 08/15/2019 - 13:00:14: "Kitkat<32><VALVE_ID_LAN><CT>" triggered "weaponstats" (weapon "knife") (shots "4") (hits "4") (kills "1") (headshots "0") (tks "0") (damage "220") (deaths "4")
L 08/15/2019 - 13:00:14: "Kitkat<32><VALVE_ID_LAN><CT>" triggered "weaponstats2" (weapon "knife") (head "0") (chest "0") (stomach "0") (leftarm "2") (rightarm "2") (leftleg "0") (rightleg "0")
L 08/15/2019 - 13:00:14: "Kitkat<32><VALVE_ID_LAN><CT>" triggered "time" (time "10:06")
L 08/15/2019 - 13:00:14: "Kitkat<32><VALVE_ID_LAN><CT>" triggered "latency" (ping "6")
L 08/15/2019 - 13:00:17: "Smolder<36><VALVE_ID_LAN><TERRORIST>" triggered "weaponstats" (weapon "deagle") (shots "113") (hits "28") (kills "8") (headshots "6") (tks "0") (damage "1562") (deaths "9")
L 08/15/2019 - 13:00:17: "Smolder<36><VALVE_ID_LAN><TERRORIST>" triggered "weaponstats2" (weapon "deagle") (head "6") (chest "3") (stomach "0") (leftarm "11") (rightarm "2") (leftleg "3") (rightleg "3")
L 08/15/2019 - 13:00:17: "Smolder<36><VALVE_ID_LAN><TERRORIST>" triggered "weaponstats" (weapon "knife") (shots "10") (hits "5") (kills "3") (headshots "0") (tks "0") (damage "385") (deaths "6")
L 08/15/2019 - 13:00:17: "Smolder<36><VALVE_ID_LAN><TERRORIST>" triggered "weaponstats2" (weapon "knife") (head "1") (chest "3") (stomach "0") (leftarm "1") (rightarm "0") (leftleg "0") (rightleg "0")
L 08/15/2019 - 13:00:17: "Smolder<36><VALVE_ID_LAN><TERRORIST>" triggered "time" (time "10:07")
L 08/15/2019 - 13:00:17: "Smolder<36><VALVE_ID_LAN><TERRORIST>" triggered "latency" (ping "8")
L 08/15/2019 - 13:00:17: "Cap Billy<34><VALVE_ID_LAN><CT>" triggered "weaponstats" (weapon "deagle") (shots "142") (hits "47") (kills "14") (headshots "4") (tks "0") (damage "1859") (deaths "9")
L 08/15/2019 - 13:00:17: "Cap Billy<34><VALVE_ID_LAN><CT>" triggered "weaponstats2" (weapon "deagle") (head "4") (chest "12") (stomach "4") (leftarm "8") (rightarm "11") (leftleg "5") (rightleg "3")
L 08/15/2019 - 13:00:17: "Cap Billy<34><VALVE_ID_LAN><CT>" triggered "weaponstats" (weapon "knife") (shots "8") (hits "5") (kills "2") (headshots "0") (tks "0") (damage "275") (deaths "4")
L 08/15/2019 - 13:00:17: "Cap Billy<34><VALVE_ID_LAN><CT>" triggered "weaponstats2" (weapon "knife") (head "0") (chest "0") (stomach "0") (leftarm "2") (rightarm "2") (leftleg "1") (rightleg "0")
L 08/15/2019 - 13:00:17: "Cap Billy<34><VALVE_ID_LAN><CT>" triggered "time" (time "10:08")
L 08/15/2019 - 13:00:17: "Cap Billy<34><VALVE_ID_LAN><CT>" triggered "latency" (ping "7")
L 08/15/2019 - 13:00:18: "CEIFADOR<31><VALVE_ID_LOOPBACK><TERRORIST>" triggered "weaponstats" (weapon "deagle") (shots "110") (hits "51") (kills "12") (headshots "3") (tks "0") (damage "1792") (deaths "10")
L 08/15/2019 - 13:00:18: "CEIFADOR<31><VALVE_ID_LOOPBACK><TERRORIST>" triggered "weaponstats2" (weapon "deagle") (head "5") (chest "9") (stomach "8") (leftarm "15") (rightarm "8") (leftleg "4") (rightleg "2")
L 08/15/2019 - 13:00:18: "CEIFADOR<31><VALVE_ID_LOOPBACK><TERRORIST>" triggered "weaponstats" (weapon "knife") (shots "7") (hits "3") (kills "1") (headshots "0") (tks "0") (damage "165") (deaths "3")
L 08/15/2019 - 13:00:18: "CEIFADOR<31><VALVE_ID_LOOPBACK><TERRORIST>" triggered "weaponstats2" (weapon "knife") (head "0") (chest "2") (stomach "1") (leftarm "0") (rightarm "0") (leftleg "0") (rightleg "0")
L 08/15/2019 - 13:00:18: "CEIFADOR<31><VALVE_ID_LOOPBACK><TERRORIST>" triggered "time" (time "10:11")
L 08/15/2019 - 13:00:18: "CEIFADOR<31><VALVE_ID_LOOPBACK><TERRORIST>" triggered "latency" (ping "0")
L 08/15/2019 - 13:00:18: "Kratos-Celular<33><VALVE_ID_LAN><TERRORIST>" triggered "weaponstats" (weapon "deagle") (shots "99") (hits "29") (kills "5") (headshots "1") (tks "0") (damage "976") (deaths "11")
L 08/15/2019 - 13:00:18: "Kratos-Celular<33><VALVE_ID_LAN><TERRORIST>" triggered "weaponstats2" (weapon "deagle") (head "2") (chest "6") (stomach "2") (leftarm "8") (rightarm "1") (leftleg "2") (rightleg "8")
L 08/15/2019 - 13:00:18: "Kratos-Celular<33><VALVE_ID_LAN><TERRORIST>" triggered "weaponstats" (weapon "knife") (shots "8") (hits "7") (kills "6") (headshots "3") (tks "0") (damage "993") (deaths "3")
L 08/15/2019 - 13:00:18: "Kratos-Celular<33><VALVE_ID_LAN><TERRORIST>" triggered "weaponstats2" (weapon "knife") (head "3") (chest "1") (stomach "0") (leftarm "2") (rightarm "1") (leftleg "0") (rightleg "0")
L 08/15/2019 - 13:00:18: "Kratos-Celular<33><VALVE_ID_LAN><TERRORIST>" triggered "time" (time "10:07")
L 08/15/2019 - 13:00:18: "Kratos-Celular<33><VALVE_ID_LAN><TERRORIST>" triggered "latency" (ping "75")
L 08/15/2019 - 13:00:18: "Ice_Man<37><VALVE_ID_LAN><TERRORIST>" triggered "weaponstats" (weapon "deagle") (shots "177") (hits "63") (kills "22") (headshots "4") (tks "1") (damage "2725") (deaths "12")
L 08/15/2019 - 13:00:18: "Ice_Man<37><VALVE_ID_LAN><TERRORIST>" triggered "weaponstats2" (weapon "deagle") (head "5") (chest "13") (stomach "12") (leftarm "14") (rightarm "15") (leftleg "2") (rightleg "2")
L 08/15/2019 - 13:00:18: "Ice_Man<37><VALVE_ID_LAN><TERRORIST>" triggered "time" (time "10:07")
L 08/15/2019 - 13:00:18: "Ice_Man<37><VALVE_ID_LAN><TERRORIST>" triggered "latency" (ping "8")
L 08/15/2019 - 13:00:18: "INDIO<38><VALVE_ID_LAN><CT>" triggered "weaponstats" (weapon "deagle") (shots "107") (hits "48") (kills "14") (headshots "5") (tks "0") (damage "2203") (deaths "11")
L 08/15/2019 - 13:00:18: "INDIO<38><VALVE_ID_LAN><CT>" triggered "weaponstats2" (weapon "deagle") (head "6") (chest "7") (stomach "3") (leftarm "22") (rightarm "9") (leftleg "0") (rightleg "1")
L 08/15/2019 - 13:00:18: "INDIO<38><VALVE_ID_LAN><CT>" triggered "weaponstats" (weapon "knife") (shots "6") (hits "4") (kills "3") (headshots "1") (tks "0") (damage "386") (deaths "1")
L 08/15/2019 - 13:00:18: "INDIO<38><VALVE_ID_LAN><CT>" triggered "weaponstats2" (weapon "knife") (head "1") (chest "0") (stomach "0") (leftarm "1") (rightarm "2") (leftleg "0") (rightleg "0")
L 08/15/2019 - 13:00:18: "INDIO<38><VALVE_ID_LAN><CT>" triggered "time" (time "10:07")
L 08/15/2019 - 13:00:18: "INDIO<38><VALVE_ID_LAN><CT>" triggered "latency" (ping "11")
L 08/15/2019 - 13:00:18: "Gho$T<39><VALVE_ID_LAN><CT>" triggered "weaponstats" (weapon "deagle") (shots "90") (hits "25") (kills "6") (headshots "3") (tks "0") (damage "1221") (deaths "9")
L 08/15/2019 - 13:00:18: "Gho$T<39><VALVE_ID_LAN><CT>" triggered "weaponstats2" (weapon "deagle") (head "3") (chest "3") (stomach "1") (leftarm "11") (rightarm "4") (leftleg "0") (rightleg "3")
L 08/15/2019 - 13:00:18: "Gho$T<39><VALVE_ID_LAN><CT>" triggered "weaponstats" (weapon "knife") (shots "8") (hits "7") (kills "2") (headshots "0") (tks "0") (damage "385") (deaths "8")
L 08/15/2019 - 13:00:18: "Gho$T<39><VALVE_ID_LAN><CT>" triggered "weaponstats2" (weapon "knife") (head "0") (chest "0") (stomach "1") (leftarm "2") (rightarm "2") (leftleg "0") (rightleg "2")
L 08/15/2019 - 13:00:18: "Gho$T<39><VALVE_ID_LAN><CT>" triggered "time" (time "10:07")
L 08/15/2019 - 13:00:18: "Gho$T<39><VALVE_ID_LAN><CT>" triggered "latency" (ping "9")
L 08/15/2019 - 13:00:18: [META] ini: Begin re-reading plugins list: c:/valve/cstrike/addons/metamod/plugins.ini
L 08/15/2019 - 13:00:18: [META] ini: Read plugin config for: AMX
L 08/15/2019 - 13:00:18: [META] ini: Read plugin config for: WinHL-Booster
L 08/15/2019 - 13:00:18: [META] ERROR: ini: Skipping plugin, couldn't stat file 'addons/hlguard/dlls/hlguard_mm_nightly.dll': No such file or directory
L 08/15/2019 - 13:00:18: [META] ini: Read plugin config for: WebMod
L 08/15/2019 - 13:00:18: [META] ini: Finished reading plugins list: c:/valve/cstrike/addons/metamod/plugins.ini; Found 3 plugins
L 08/15/2019 - 13:00:18: [META] dll: Updating plugins...
L 08/15/2019 - 13:00:18: [META] ERROR: dll: Failed query plugin '<hlguard_mm_nightly.dll>'; Couldn't open file 'addons/hlguard/dlls/hlguard_mm_nightly.dll': Não foi possível encontrar o módulo especificado.

L 08/15/2019 - 13:00:18: [META] ERROR: dll: Skipping plugin '<hlguard_mm_nightly.dll>'; couldn't query
L 08/15/2019 - 13:00:18: [META] dll: Finished updating 6 plugins; kept 3, loaded 0, unloaded 0, reloaded 0, delayed 0
L 08/15/2019 - 13:00:18: Server shutdown
L 08/15/2019 - 13:00:18: Log file closed
