L 08/16/2018 - 12:31:17: Log file started (file "logs\L0816000.log") (game "cstrike") (version "47/1.1.2.2/2603")
L 08/16/2018 - 12:31:18: "Calango<15><VALVE_ID_LAN><>" entered the game
L 08/16/2018 - 12:31:18: "GARGAMEL O MATA CT<16><VALVE_ID_LAN><>" entered the game
L 08/16/2018 - 12:31:19: "Calcas Peludas<17><VALVE_ID_LAN><>" entered the game
L 08/16/2018 - 12:31:19: "NOVATO<18><VALVE_ID_LAN><>" connected, address "10.15.2.190:27005"
L 08/16/2018 - 12:31:20: "Calcas Peludas<17><VALVE_ID_LAN><>" joined team "TERRORIST"
L 08/16/2018 - 12:31:20: World triggered "Game_Commencing"
L 08/16/2018 - 12:31:20: World triggered "Game_Commencing" (CT "0") (T "0")
L 08/16/2018 - 12:31:20: World triggered "Round_End"
L 08/16/2018 - 12:31:21: "Inspetor Buginganga<14><VALVE_ID_LAN><>" joined team "CT"
L 08/16/2018 - 12:31:22: "GARGAMEL O MATA CT<16><VALVE_ID_LAN><>" joined team "TERRORIST"
L 08/16/2018 - 12:31:22: "NOVATO<18><VALVE_ID_LAN><>" entered the game
L 08/16/2018 - 12:31:23: World triggered "Round_Start"
L 08/16/2018 - 12:31:25: "NOVATO<18><VALVE_ID_LAN><>" joined team "CT"
L 08/16/2018 - 12:31:27: "Cap Billy<13><VALVE_ID_LOOPBACK><CT>" killed "Calcas Peludas<17><VALVE_ID_LAN><TERRORIST>" with "aug"
L 08/16/2018 - 12:31:30: "GARGAMEL O MATA CT<16><VALVE_ID_LAN><TERRORIST>" killed "Inspetor Buginganga<14><VALVE_ID_LAN><CT>" with "aug"
L 08/16/2018 - 12:31:31: "Calango<15><VALVE_ID_LAN><>" joined team "CT"
L 08/16/2018 - 12:31:32: "XXBOT John<19><BOT><>" joined team "TERRORIST"
L 08/16/2018 - 12:31:32: Server cvar "bot_quota" = "1"
L 08/16/2018 - 12:31:32: "XXBOT John<19><BOT><>" entered the game
L 08/16/2018 - 12:31:32: "NOVATO<18><VALVE_ID_LAN><CT>" killed "GARGAMEL O MATA CT<16><VALVE_ID_LAN><TERRORIST>" with "mac10"
L 08/16/2018 - 12:31:35: "XXBOT Hank<20><BOT><>" joined team "TERRORIST"
L 08/16/2018 - 12:31:35: Server cvar "bot_quota" = "2"
L 08/16/2018 - 12:31:35: "XXBOT Hank<20><BOT><>" entered the game
L 08/16/2018 - 12:31:38: "NOVATO<18><VALVE_ID_LAN><CT>" killed "XXBOT Hank<20><BOT><TERRORIST>" with "aug"
L 08/16/2018 - 12:31:40: "Cap Billy<13><VALVE_ID_LOOPBACK><CT>" killed "XXBOT John<19><BOT><TERRORIST>" with "aug"
L 08/16/2018 - 12:31:40: Team "CT" triggered "CTs_Win" (CT "1") (T "0")
L 08/16/2018 - 12:31:40: World triggered "Round_End"
L 08/16/2018 - 12:31:45: World triggered "Round_Start"
L 08/16/2018 - 12:31:45: "Calcas Peludas<17><VALVE_ID_LAN><TERRORIST>" say "os bots sao biurros"
L 08/16/2018 - 12:31:48: "Cap Billy<13><VALVE_ID_LOOPBACK><CT>" killed "Calcas Peludas<17><VALVE_ID_LAN><TERRORIST>" with "m4a1"
L 08/16/2018 - 12:31:50: "NOVATO<18><VALVE_ID_LAN><CT>" killed "GARGAMEL O MATA CT<16><VALVE_ID_LAN><TERRORIST>" with "aug"
L 08/16/2018 - 12:31:53: "Cap Billy<13><VALVE_ID_LOOPBACK><CT>" killed "XXBOT John<19><BOT><TERRORIST>" with "m4a1"
L 08/16/2018 - 12:31:55: "Calango<15><VALVE_ID_LAN><CT>" killed "XXBOT Hank<20><BOT><TERRORIST>" with "m4a1"
L 08/16/2018 - 12:31:55: Team "CT" triggered "CTs_Win" (CT "2") (T "0")
L 08/16/2018 - 12:31:55: World triggered "Round_End"
L 08/16/2018 - 12:31:58: "Cable<21><VALVE_ID_LAN><>" connected, address "10.15.2.104:27005"
L 08/16/2018 - 12:31:59: "Calcas Peludas<17><VALVE_ID_LAN><TERRORIST>" say "so com a faca" (dead)
L 08/16/2018 - 12:32:00: World triggered "Round_Start"
L 08/16/2018 - 12:32:06: "Cap Billy<13><VALVE_ID_LOOPBACK><CT>" killed "XXBOT Hank<20><BOT><TERRORIST>" with "m4a1"
L 08/16/2018 - 12:32:07: "Cap Billy<13><VALVE_ID_LOOPBACK><CT>" killed "XXBOT John<19><BOT><TERRORIST>" with "m4a1"
L 08/16/2018 - 12:32:08: "NOVATO<18><VALVE_ID_LAN><CT>" killed "GARGAMEL O MATA CT<16><VALVE_ID_LAN><TERRORIST>" with "aug"
L 08/16/2018 - 12:32:08: "Calcas Peludas<17><VALVE_ID_LAN><TERRORIST>" killed "Inspetor Buginganga<14><VALVE_ID_LAN><CT>" with "m4a1"
L 08/16/2018 - 12:32:12: "Cable<21><VALVE_ID_LAN><>" entered the game
L 08/16/2018 - 12:32:15: "Smolder<22><VALVE_ID_LAN><>" connected, address "10.15.3.173:27005"
L 08/16/2018 - 12:32:17: "Calcas Peludas<17><VALVE_ID_LAN><TERRORIST>" killed "Calango<15><VALVE_ID_LAN><CT>" with "m4a1"
L 08/16/2018 - 12:32:19: "Cap Billy<13><VALVE_ID_LOOPBACK><CT>" killed "Calcas Peludas<17><VALVE_ID_LAN><TERRORIST>" with "m4a1"
L 08/16/2018 - 12:32:19: Team "CT" triggered "CTs_Win" (CT "3") (T "0")
L 08/16/2018 - 12:32:19: World triggered "Round_End"
L 08/16/2018 - 12:32:20: "Cable<21><VALVE_ID_LAN><>" joined team "TERRORIST"
L 08/16/2018 - 12:32:21: "Smolder<22><VALVE_ID_LAN><>" entered the game
L 08/16/2018 - 12:32:23: "Smolder<22><VALVE_ID_LAN><>" joined team "TERRORIST"
L 08/16/2018 - 12:32:24: World triggered "Round_Start"
L 08/16/2018 - 12:32:27: Server cvar "bot_quota" = "1"
L 08/16/2018 - 12:32:27: Server cvar "bot_quota" = "0"
L 08/16/2018 - 12:32:27: Kick: "XXBOT John<19><UNKNOWN><>" was kicked by "Cap Billy"
L 08/16/2018 - 12:32:27: "XXBOT John<19><BOT><TERRORIST>" disconnected
L 08/16/2018 - 12:32:27: Kick: "XXBOT Hank<20><UNKNOWN><>" was kicked by "Cap Billy"
L 08/16/2018 - 12:32:27: "XXBOT Hank<20><BOT><TERRORIST>" disconnected
L 08/16/2018 - 12:32:29: "Cap Billy<13><VALVE_ID_LOOPBACK><CT>" killed "Calcas Peludas<17><VALVE_ID_LAN><TERRORIST>" with "m4a1"
L 08/16/2018 - 12:32:29: "Inspetor Buginganga<14><VALVE_ID_LAN><CT>" killed "GARGAMEL O MATA CT<16><VALVE_ID_LAN><TERRORIST>" with "xm1014"
L 08/16/2018 - 12:32:31: "Cable<21><VALVE_ID_LAN><TERRORIST>" killed "Inspetor Buginganga<14><VALVE_ID_LAN><CT>" with "ak47"
L 08/16/2018 - 12:32:31: "Smolder<22><VALVE_ID_LAN><TERRORIST>" killed "Calango<15><VALVE_ID_LAN><CT>" with "ak47"
L 08/16/2018 - 12:32:33: "Cap Billy<13><VALVE_ID_LOOPBACK><CT>" killed "Smolder<22><VALVE_ID_LAN><TERRORIST>" with "m4a1"
L 08/16/2018 - 12:32:38: "Cap Billy<13><VALVE_ID_LOOPBACK><CT>" killed "Cable<21><VALVE_ID_LAN><TERRORIST>" with "m4a1"
L 08/16/2018 - 12:32:38: Team "CT" triggered "CTs_Win" (CT "4") (T "0")
L 08/16/2018 - 12:32:38: World triggered "Round_End"
L 08/16/2018 - 12:32:43: World triggered "Round_Start"
L 08/16/2018 - 12:32:49: "NOVATO<18><VALVE_ID_LAN><CT>" killed "GARGAMEL O MATA CT<16><VALVE_ID_LAN><TERRORIST>" with "xm1014"
L 08/16/2018 - 12:32:52: "Inspetor Buginganga<14><VALVE_ID_LAN><CT>" killed "Cable<21><VALVE_ID_LAN><TERRORIST>" with "mp5navy"
L 08/16/2018 - 12:32:53: "Smolder<22><VALVE_ID_LAN><TERRORIST>" killed "Calango<15><VALVE_ID_LAN><CT>" with "xm1014"
L 08/16/2018 - 12:32:53: "NOVATO<18><VALVE_ID_LAN><CT>" killed "Smolder<22><VALVE_ID_LAN><TERRORIST>" with "xm1014"
L 08/16/2018 - 12:32:57: "Cap Billy<13><VALVE_ID_LOOPBACK><CT>" killed "Calcas Peludas<17><VALVE_ID_LAN><TERRORIST>" with "knife"
L 08/16/2018 - 12:32:57: Team "CT" triggered "CTs_Win" (CT "5") (T "0")
L 08/16/2018 - 12:32:57: World triggered "Round_End"
L 08/16/2018 - 12:33:00: "Calango<15><VALVE_ID_LAN><CT>" say "uiiii" (dead)
L 08/16/2018 - 12:33:01: "Calcas Peludas<17><VALVE_ID_LAN><TERRORIST>" say "egui" (dead)
L 08/16/2018 - 12:33:02: World triggered "Round_Start"
L 08/16/2018 - 12:33:02: "Calango<15><VALVE_ID_LAN><CT>" say "boa tadde"
L 08/16/2018 - 12:33:05: "Calcas Peludas<17><VALVE_ID_LAN><TERRORIST>" killed "Inspetor Buginganga<14><VALVE_ID_LAN><CT>" with "m3"
L 08/16/2018 - 12:33:07: "GARGAMEL O MATA CT<16><VALVE_ID_LAN><TERRORIST>" killed "Calango<15><VALVE_ID_LAN><CT>" with "xm1014"
L 08/16/2018 - 12:33:09: "Smolder<22><VALVE_ID_LAN><TERRORIST>" killed "NOVATO<18><VALVE_ID_LAN><CT>" with "aug"
L 08/16/2018 - 12:33:12: "GARGAMEL O MATA CT<16><VALVE_ID_LAN><TERRORIST>" killed "Cap Billy<13><VALVE_ID_LOOPBACK><CT>" with "xm1014"
L 08/16/2018 - 12:33:12: Team "TERRORIST" triggered "Terrorists_Win" (CT "5") (T "1")
L 08/16/2018 - 12:33:12: World triggered "Round_End"
L 08/16/2018 - 12:33:14: "Calango<15><VALVE_ID_LAN><CT>" say "aaaa" (dead)
L 08/16/2018 - 12:33:17: World triggered "Round_Start"
L 08/16/2018 - 12:33:19: "Calango<15><VALVE_ID_LAN><CT>" killed "Cable<21><VALVE_ID_LAN><TERRORIST>" with "aug"
L 08/16/2018 - 12:33:20: "Calcas Peludas<17><VALVE_ID_LAN><TERRORIST>" killed "Calango<15><VALVE_ID_LAN><CT>" with "ak47"
L 08/16/2018 - 12:33:21: "Cap Billy<13><VALVE_ID_LOOPBACK><CT>" killed "Calcas Peludas<17><VALVE_ID_LAN><TERRORIST>" with "xm1014"
L 08/16/2018 - 12:33:23: "GARGAMEL O MATA CT<16><VALVE_ID_LAN><TERRORIST>" killed "Inspetor Buginganga<14><VALVE_ID_LAN><CT>" with "xm1014"
L 08/16/2018 - 12:33:25: "Smolder<22><VALVE_ID_LAN><TERRORIST>" killed "Cap Billy<13><VALVE_ID_LOOPBACK><CT>" with "mp5navy"
L 08/16/2018 - 12:33:25: "NOVATO<18><VALVE_ID_LAN><CT>" killed "Smolder<22><VALVE_ID_LAN><TERRORIST>" with "m249"
L 08/16/2018 - 12:33:28: "GARGAMEL O MATA CT<16><VALVE_ID_LAN><TERRORIST>" killed "NOVATO<18><VALVE_ID_LAN><CT>" with "xm1014"
L 08/16/2018 - 12:33:28: Team "TERRORIST" triggered "Terrorists_Win" (CT "5") (T "2")
L 08/16/2018 - 12:33:28: World triggered "Round_End"
L 08/16/2018 - 12:33:33: World triggered "Round_Start"
L 08/16/2018 - 12:33:37: "NOVATO<18><VALVE_ID_LAN><CT>" killed "Smolder<22><VALVE_ID_LAN><TERRORIST>" with "m249"
L 08/16/2018 - 12:33:39: "NOVATO<18><VALVE_ID_LAN><CT>" killed "GARGAMEL O MATA CT<16><VALVE_ID_LAN><TERRORIST>" with "m249"
L 08/16/2018 - 12:33:43: "Cable<21><VALVE_ID_LAN><TERRORIST>" killed "Inspetor Buginganga<14><VALVE_ID_LAN><CT>" with "mp5navy"
L 08/16/2018 - 12:33:43: "Calango<15><VALVE_ID_LAN><CT>" killed "Cable<21><VALVE_ID_LAN><TERRORIST>" with "mac10"
L 08/16/2018 - 12:33:46: "Calango<15><VALVE_ID_LAN><CT>" killed "Calcas Peludas<17><VALVE_ID_LAN><TERRORIST>" with "mac10"
L 08/16/2018 - 12:33:46: Team "CT" triggered "CTs_Win" (CT "6") (T "2")
L 08/16/2018 - 12:33:46: World triggered "Round_End"
L 08/16/2018 - 12:33:51: World triggered "Round_Start"
L 08/16/2018 - 12:33:53: "Calango<15><VALVE_ID_LAN><CT>" killed "Calcas Peludas<17><VALVE_ID_LAN><TERRORIST>" with "grenade"
L 08/16/2018 - 12:33:54: "GARGAMEL O MATA CT<16><VALVE_ID_LAN><TERRORIST>" killed "Cap Billy<13><VALVE_ID_LOOPBACK><CT>" with "m3"
L 08/16/2018 - 12:33:57: "NOVATO<18><VALVE_ID_LAN><CT>" killed "GARGAMEL O MATA CT<16><VALVE_ID_LAN><TERRORIST>" with "m249"
L 08/16/2018 - 12:33:59: "Calango<15><VALVE_ID_LAN><CT>" killed "Cable<21><VALVE_ID_LAN><TERRORIST>" with "mac10"
L 08/16/2018 - 12:34:05: "NOVATO<18><VALVE_ID_LAN><CT>" killed "Smolder<22><VALVE_ID_LAN><TERRORIST>" with "xm1014"
L 08/16/2018 - 12:34:05: Team "CT" triggered "CTs_Win" (CT "7") (T "2")
L 08/16/2018 - 12:34:05: World triggered "Round_End"
L 08/16/2018 - 12:34:10: World triggered "Round_Start"
L 08/16/2018 - 12:34:10: "Cap Billy<13><VALVE_ID_LOOPBACK><CT>" say_team "NAO SE ESCONDE BUGIGANGA~!!!!!!"
L 08/16/2018 - 12:34:13: "Cap Billy<13><VALVE_ID_LOOPBACK><CT>" killed "GARGAMEL O MATA CT<16><VALVE_ID_LAN><TERRORIST>" with "mac10"
L 08/16/2018 - 12:34:13: "Calcas Peludas<17><VALVE_ID_LAN><TERRORIST>" killed "Cap Billy<13><VALVE_ID_LOOPBACK><CT>" with "ak47"
L 08/16/2018 - 12:34:13: "Calango<15><VALVE_ID_LAN><CT>" killed "Calcas Peludas<17><VALVE_ID_LAN><TERRORIST>" with "ak47"
L 08/16/2018 - 12:34:15: "Smolder<22><VALVE_ID_LAN><TERRORIST>" killed "NOVATO<18><VALVE_ID_LAN><CT>" with "mp5navy"
L 08/16/2018 - 12:34:16: "Smolder<22><VALVE_ID_LAN><TERRORIST>" killed "Inspetor Buginganga<14><VALVE_ID_LAN><CT>" with "mp5navy"
L 08/16/2018 - 12:34:17: "Calango<15><VALVE_ID_LAN><CT>" killed "Cable<21><VALVE_ID_LAN><TERRORIST>" with "ak47"
L 08/16/2018 - 12:34:20: "Calango<15><VALVE_ID_LAN><CT>" killed "Smolder<22><VALVE_ID_LAN><TERRORIST>" with "ak47"
L 08/16/2018 - 12:34:20: Team "CT" triggered "CTs_Win" (CT "8") (T "2")
L 08/16/2018 - 12:34:20: World triggered "Round_End"
L 08/16/2018 - 12:34:25: World triggered "Round_Start"
L 08/16/2018 - 12:34:30: "Cap Billy<13><VALVE_ID_LOOPBACK><CT>" killed "Calcas Peludas<17><VALVE_ID_LAN><TERRORIST>" with "m4a1"
L 08/16/2018 - 12:34:31: "NOVATO<18><VALVE_ID_LAN><CT>" killed "GARGAMEL O MATA CT<16><VALVE_ID_LAN><TERRORIST>" with "xm1014"
L 08/16/2018 - 12:34:33: "NOVATO<18><VALVE_ID_LAN><CT>" killed "Smolder<22><VALVE_ID_LAN><TERRORIST>" with "xm1014"
L 08/16/2018 - 12:34:35: "Cap Billy<13><VALVE_ID_LOOPBACK><CT>" killed "Cable<21><VALVE_ID_LAN><TERRORIST>" with "m4a1"
L 08/16/2018 - 12:34:35: Team "CT" triggered "CTs_Win" (CT "9") (T "2")
L 08/16/2018 - 12:34:35: World triggered "Round_End"
L 08/16/2018 - 12:34:40: World triggered "Round_Start"
L 08/16/2018 - 12:34:42: "NOVATO<18><VALVE_ID_LAN><CT>" killed "Smolder<22><VALVE_ID_LAN><TERRORIST>" with "ak47"
L 08/16/2018 - 12:34:45: "Inspetor Buginganga<14><VALVE_ID_LAN><CT>" killed "GARGAMEL O MATA CT<16><VALVE_ID_LAN><TERRORIST>" with "m249"
L 08/16/2018 - 12:34:46: "Calango<15><VALVE_ID_LAN><CT>" killed "Cable<21><VALVE_ID_LAN><TERRORIST>" with "ak47"
L 08/16/2018 - 12:34:46: "Calcas Peludas<17><VALVE_ID_LAN><TERRORIST>" killed "Inspetor Buginganga<14><VALVE_ID_LAN><CT>" with "aug"
L 08/16/2018 - 12:34:49: "Calcas Peludas<17><VALVE_ID_LAN><TERRORIST>" killed "Calango<15><VALVE_ID_LAN><CT>" with "aug"
L 08/16/2018 - 12:34:49: "Cap Billy<13><VALVE_ID_LOOPBACK><CT>" killed "Calcas Peludas<17><VALVE_ID_LAN><TERRORIST>" with "m4a1"
L 08/16/2018 - 12:34:49: Team "CT" triggered "CTs_Win" (CT "10") (T "2")
L 08/16/2018 - 12:34:49: World triggered "Round_End"
L 08/16/2018 - 12:34:54: World triggered "Round_Start"
L 08/16/2018 - 12:35:00: "Calango<15><VALVE_ID_LAN><CT>" killed "Calcas Peludas<17><VALVE_ID_LAN><TERRORIST>" with "mac10"
L 08/16/2018 - 12:35:00: "NOVATO<18><VALVE_ID_LAN><CT>" killed "GARGAMEL O MATA CT<16><VALVE_ID_LAN><TERRORIST>" with "ak47"
L 08/16/2018 - 12:35:00: "Cap Billy<13><VALVE_ID_LOOPBACK><CT>" killed "Cable<21><VALVE_ID_LAN><TERRORIST>" with "m4a1"
L 08/16/2018 - 12:35:03: "NOVATO<18><VALVE_ID_LAN><CT>" killed "Smolder<22><VALVE_ID_LAN><TERRORIST>" with "ak47"
L 08/16/2018 - 12:35:03: Team "CT" triggered "CTs_Win" (CT "11") (T "2")
L 08/16/2018 - 12:35:03: World triggered "Round_End"
L 08/16/2018 - 12:35:08: World triggered "Round_Start"
L 08/16/2018 - 12:35:12: "Cap Billy<13><VALVE_ID_LOOPBACK><CT>" killed "GARGAMEL O MATA CT<16><VALVE_ID_LAN><TERRORIST>" with "m4a1"
L 08/16/2018 - 12:35:13: "Cable<21><VALVE_ID_LAN><TERRORIST>" killed "Calango<15><VALVE_ID_LAN><CT>" with "m3"
L 08/16/2018 - 12:35:14: "Cap Billy<13><VALVE_ID_LOOPBACK><CT>" killed "Calcas Peludas<17><VALVE_ID_LAN><TERRORIST>" with "m4a1"
L 08/16/2018 - 12:35:18: "Cap Billy<13><VALVE_ID_LOOPBACK><CT>" killed "Smolder<22><VALVE_ID_LAN><TERRORIST>" with "m4a1"
L 08/16/2018 - 12:35:32: "Cap Billy<13><VALVE_ID_LOOPBACK><CT>" killed "Cable<21><VALVE_ID_LAN><TERRORIST>" with "knife"
L 08/16/2018 - 12:35:32: Team "CT" triggered "CTs_Win" (CT "12") (T "2")
L 08/16/2018 - 12:35:32: World triggered "Round_End"
L 08/16/2018 - 12:35:34: "Calango<15><VALVE_ID_LAN><CT>" say "ui" (dead)
L 08/16/2018 - 12:35:34: "Calcas Peludas<17><VALVE_ID_LAN><TERRORIST>" say "pegue" (dead)
L 08/16/2018 - 12:35:35: "Smolder<22><VALVE_ID_LAN><TERRORIST>" say "pegue" (dead)
L 08/16/2018 - 12:35:37: World triggered "Round_Start"
L 08/16/2018 - 12:35:39: "Calcas Peludas<17><VALVE_ID_LAN><TERRORIST>" killed "Calango<15><VALVE_ID_LAN><CT>" with "ak47"
L 08/16/2018 - 12:35:39: "Cable<21><VALVE_ID_LAN><TERRORIST>" say "pego naum"
L 08/16/2018 - 12:35:40: "NOVATO<18><VALVE_ID_LAN><CT>" killed "GARGAMEL O MATA CT<16><VALVE_ID_LAN><TERRORIST>" with "ak47"
L 08/16/2018 - 12:35:41: "@te<23><VALVE_ID_LAN><>" connected, address "10.15.2.23:27005"
L 08/16/2018 - 12:35:43: "Calcas Peludas<17><VALVE_ID_LAN><TERRORIST>" killed "Inspetor Buginganga<14><VALVE_ID_LAN><CT>" with "ak47"
L 08/16/2018 - 12:35:47: "NOVATO<18><VALVE_ID_LAN><CT>" killed "Cable<21><VALVE_ID_LAN><TERRORIST>" with "ak47"
L 08/16/2018 - 12:35:49: "Cap Billy<13><VALVE_ID_LOOPBACK><CT>" killed "Calcas Peludas<17><VALVE_ID_LAN><TERRORIST>" with "m4a1"
L 08/16/2018 - 12:35:54: "Smolder<22><VALVE_ID_LAN><TERRORIST>" killed "NOVATO<18><VALVE_ID_LAN><CT>" with "knife"
L 08/16/2018 - 12:35:58: "Calcas Peludas<17><VALVE_ID_LAN><TERRORIST>" say "pegue" (dead)
L 08/16/2018 - 12:35:59: "@te<23><VALVE_ID_LAN><>" entered the game
L 08/16/2018 - 12:36:01: "Smolder<22><VALVE_ID_LAN><TERRORIST>" killed "Cap Billy<13><VALVE_ID_LOOPBACK><CT>" with "mp5navy"
L 08/16/2018 - 12:36:01: Team "TERRORIST" triggered "Terrorists_Win" (CT "12") (T "3")
L 08/16/2018 - 12:36:01: World triggered "Round_End"
L 08/16/2018 - 12:36:04: "@te<23><VALVE_ID_LAN><>" joined team "CT"
L 08/16/2018 - 12:36:06: World triggered "Round_Start"
L 08/16/2018 - 12:36:08: "XXBOT Connor<24><BOT><>" joined team "TERRORIST"
L 08/16/2018 - 12:36:08: Server cvar "bot_quota" = "1"
L 08/16/2018 - 12:36:08: "XXBOT Connor<24><BOT><>" entered the game
L 08/16/2018 - 12:36:12: "@te<23><VALVE_ID_LAN><CT>" killed "Calcas Peludas<17><VALVE_ID_LAN><TERRORIST>" with "m4a1"
L 08/16/2018 - 12:36:15: "Smolder<22><VALVE_ID_LAN><TERRORIST>" killed "NOVATO<18><VALVE_ID_LAN><CT>" with "mp5navy"
L 08/16/2018 - 12:36:16: "Calango<15><VALVE_ID_LAN><CT>" killed "Cable<21><VALVE_ID_LAN><TERRORIST>" with "aug"
L 08/16/2018 - 12:36:19: "Inspetor Buginganga<14><VALVE_ID_LAN><CT>" killed "Smolder<22><VALVE_ID_LAN><TERRORIST>" with "mac10"
L 08/16/2018 - 12:36:19: "Calango<15><VALVE_ID_LAN><CT>" killed "XXBOT Connor<24><BOT><TERRORIST>" with "aug"
L 08/16/2018 - 12:36:20: "GARGAMEL O MATA CT<16><VALVE_ID_LAN><TERRORIST>" killed "Inspetor Buginganga<14><VALVE_ID_LAN><CT>" with "m4a1"
L 08/16/2018 - 12:36:22: "Cable<21><VALVE_ID_LAN><TERRORIST>" triggered "weaponstats" (weapon "aug") (shots "5") (hits "1") (kills "0") (headshots "0") (tks "0") (damage "29") (deaths "1")
L 08/16/2018 - 12:36:22: "Cable<21><VALVE_ID_LAN><TERRORIST>" triggered "weaponstats2" (weapon "aug") (head "0") (chest "0") (stomach "0") (leftarm "1") (rightarm "0") (leftleg "0") (rightleg "0")
L 08/16/2018 - 12:36:22: "Cable<21><VALVE_ID_LAN><TERRORIST>" triggered "weaponstats" (weapon "glock18") (shots "9") (hits "1") (kills "0") (headshots "0") (tks "0") (damage "6") (deaths "2")
L 08/16/2018 - 12:36:22: "Cable<21><VALVE_ID_LAN><TERRORIST>" triggered "weaponstats2" (weapon "glock18") (head "0") (chest "0") (stomach "0") (leftarm "0") (rightarm "1") (leftleg "0") (rightleg "0")
L 08/16/2018 - 12:36:22: "Cable<21><VALVE_ID_LAN><TERRORIST>" triggered "weaponstats" (weapon "mp5navy") (shots "48") (hits "9") (kills "1") (headshots "0") (tks "0") (damage "156") (deaths "4")
L 08/16/2018 - 12:36:22: "Cable<21><VALVE_ID_LAN><TERRORIST>" triggered "weaponstats2" (weapon "mp5navy") (head "0") (chest "2") (stomach "0") (leftarm "2") (rightarm "0") (leftleg "3") (rightleg "2")
L 08/16/2018 - 12:36:22: "Cable<21><VALVE_ID_LAN><TERRORIST>" triggered "weaponstats" (weapon "m3") (shots "3") (hits "1") (kills "1") (headshots "0") (tks "0") (damage "171") (deaths "1")
L 08/16/2018 - 12:36:22: "Cable<21><VALVE_ID_LAN><TERRORIST>" triggered "weaponstats2" (weapon "m3") (head "0") (chest "0") (stomach "0") (leftarm "1") (rightarm "0") (leftleg "0") (rightleg "0")
L 08/16/2018 - 12:36:22: "Cable<21><VALVE_ID_LAN><TERRORIST>" triggered "weaponstats" (weapon "m4a1") (shots "16") (hits "1") (kills "0") (headshots "0") (tks "0") (damage "24") (deaths "2")
L 08/16/2018 - 12:36:22: "Cable<21><VALVE_ID_LAN><TERRORIST>" triggered "weaponstats2" (weapon "m4a1") (head "0") (chest "0") (stomach "0") (leftarm "0") (rightarm "0") (leftleg "1") (rightleg "0")
L 08/16/2018 - 12:36:22: "Cable<21><VALVE_ID_LAN><TERRORIST>" triggered "weaponstats" (weapon "ak47") (shots "10") (hits "3") (kills "1") (headshots "0") (tks "0") (damage "88") (deaths "1")
L 08/16/2018 - 12:36:22: "Cable<21><VALVE_ID_LAN><TERRORIST>" triggered "weaponstats2" (weapon "ak47") (head "0") (chest "0") (stomach "0") (leftarm "1") (rightarm "0") (leftleg "0") (rightleg "2")
L 08/16/2018 - 12:36:22: "Cable<21><VALVE_ID_LAN><TERRORIST>" triggered "time" (time "4:09")
L 08/16/2018 - 12:36:22: "Cable<21><VALVE_ID_LAN><TERRORIST>" triggered "latency" (ping "8")
L 08/16/2018 - 12:36:22: "Cable<21><VALVE_ID_LAN><TERRORIST>" disconnected
L 08/16/2018 - 12:36:23: "GARGAMEL O MATA CT<16><VALVE_ID_LAN><TERRORIST>" killed "Calango<15><VALVE_ID_LAN><CT>" with "m4a1"
L 08/16/2018 - 12:36:24: "Cap Billy<13><VALVE_ID_LOOPBACK><CT>" killed "GARGAMEL O MATA CT<16><VALVE_ID_LAN><TERRORIST>" with "knife"
L 08/16/2018 - 12:36:24: Team "CT" triggered "CTs_Win" (CT "13") (T "3")
L 08/16/2018 - 12:36:24: World triggered "Round_End"
L 08/16/2018 - 12:36:28: "Calango<15><VALVE_ID_LAN><CT>" say "uiiii" (dead)
L 08/16/2018 - 12:36:29: World triggered "Round_Start"
L 08/16/2018 - 12:36:30: "XXBOT Chad<25><BOT><>" joined team "TERRORIST"
L 08/16/2018 - 12:36:30: Server cvar "bot_quota" = "2"
L 08/16/2018 - 12:36:30: "XXBOT Chad<25><BOT><>" entered the game
L 08/16/2018 - 12:36:31: "Cap Billy<13><VALVE_ID_LOOPBACK><CT>" killed "Calcas Peludas<17><VALVE_ID_LAN><TERRORIST>" with "xm1014"
L 08/16/2018 - 12:36:33: "Smolder<22><VALVE_ID_LAN><TERRORIST>" killed "Calango<15><VALVE_ID_LAN><CT>" with "ak47"
L 08/16/2018 - 12:36:33: "Cap Billy<13><VALVE_ID_LOOPBACK><CT>" killed "XXBOT Connor<24><BOT><TERRORIST>" with "xm1014"
L 08/16/2018 - 12:36:35: "GARGAMEL O MATA CT<16><VALVE_ID_LAN><TERRORIST>" killed "Inspetor Buginganga<14><VALVE_ID_LAN><CT>" with "m3"
L 08/16/2018 - 12:36:36: "XXBOT Chad<25><BOT><TERRORIST>" killed "Cap Billy<13><VALVE_ID_LOOPBACK><CT>" with "glock18"
L 08/16/2018 - 12:36:38: "@te<23><VALVE_ID_LAN><CT>" killed "GARGAMEL O MATA CT<16><VALVE_ID_LAN><TERRORIST>" with "m4a1"
L 08/16/2018 - 12:36:41: "Calcas Peludas<17><VALVE_ID_LAN><TERRORIST>" say "chad" (dead)
L 08/16/2018 - 12:36:41: "Cable<26><VALVE_ID_LAN><>" connected, address "10.15.2.104:27005"
L 08/16/2018 - 12:36:42: "NOVATO<18><VALVE_ID_LAN><CT>" killed "Smolder<22><VALVE_ID_LAN><TERRORIST>" with "ak47"
L 08/16/2018 - 12:36:45: "Cable<26><VALVE_ID_LAN><>" entered the game
L 08/16/2018 - 12:36:49: "Cable<26><VALVE_ID_LAN><>" joined team "TERRORIST"
L 08/16/2018 - 12:36:51: "NOVATO<18><VALVE_ID_LAN><CT>" killed "XXBOT Chad<25><BOT><TERRORIST>" with "ak47"
L 08/16/2018 - 12:36:51: Team "CT" triggered "CTs_Win" (CT "14") (T "3")
L 08/16/2018 - 12:36:51: World triggered "Round_End"
L 08/16/2018 - 12:36:54: Server cvar "bot_quota" = "1"
L 08/16/2018 - 12:36:54: Server cvar "bot_quota" = "0"
L 08/16/2018 - 12:36:54: Kick: "XXBOT Connor<24><UNKNOWN><>" was kicked by "Cap Billy"
L 08/16/2018 - 12:36:54: "XXBOT Connor<24><BOT><TERRORIST>" disconnected
L 08/16/2018 - 12:36:54: Kick: "XXBOT Chad<25><UNKNOWN><>" was kicked by "Cap Billy"
L 08/16/2018 - 12:36:54: "XXBOT Chad<25><BOT><TERRORIST>" disconnected
L 08/16/2018 - 12:36:56: World triggered "Round_Start"
L 08/16/2018 - 12:36:57: "XXBOT Finn<27><BOT><>" joined team "TERRORIST"
L 08/16/2018 - 12:36:57: Server cvar "bot_quota" = "1"
L 08/16/2018 - 12:36:57: "XXBOT Finn<27><BOT><>" entered the game
L 08/16/2018 - 12:37:01: "Cap Billy<13><VALVE_ID_LOOPBACK><CT>" killed "GARGAMEL O MATA CT<16><VALVE_ID_LAN><TERRORIST>" with "aug"
L 08/16/2018 - 12:37:03: "Calcas Peludas<17><VALVE_ID_LAN><TERRORIST>" killed "Cap Billy<13><VALVE_ID_LOOPBACK><CT>" with "mac10"
L 08/16/2018 - 12:37:05: "Smolder<22><VALVE_ID_LAN><TERRORIST>" killed "Calango<15><VALVE_ID_LAN><CT>" with "mp5navy"
L 08/16/2018 - 12:37:07: "@te<23><VALVE_ID_LAN><CT>" killed "XXBOT Finn<27><BOT><TERRORIST>" with "m4a1"
L 08/16/2018 - 12:37:07: "@te<23><VALVE_ID_LAN><CT>" killed "Calcas Peludas<17><VALVE_ID_LAN><TERRORIST>" with "m4a1"
L 08/16/2018 - 12:37:13: "NOVATO<18><VALVE_ID_LAN><CT>" killed "Cable<26><VALVE_ID_LAN><TERRORIST>" with "ak47"
L 08/16/2018 - 12:37:15: "NOVATO<18><VALVE_ID_LAN><CT>" killed "Smolder<22><VALVE_ID_LAN><TERRORIST>" with "ak47"
L 08/16/2018 - 12:37:15: Team "CT" triggered "CTs_Win" (CT "15") (T "3")
L 08/16/2018 - 12:37:15: World triggered "Round_End"
L 08/16/2018 - 12:37:18: "Calango<15><VALVE_ID_LAN><CT>" say "uuuuii" (dead)
L 08/16/2018 - 12:37:18: "Cap Billy<13><VALVE_ID_LOOPBACK><CT>" say "BOAAA!!!" (dead)
L 08/16/2018 - 12:37:18: "GARGAMEL O MATA CT<16><VALVE_ID_LAN><TERRORIST>" say "quase" (dead)
L 08/16/2018 - 12:37:19: "Calango<15><VALVE_ID_LAN><CT>" say "boaa" (dead)
L 08/16/2018 - 12:37:20: World triggered "Round_Start"
L 08/16/2018 - 12:37:22: "GARGAMEL O MATA CT<16><VALVE_ID_LAN><TERRORIST>" killed "Calango<15><VALVE_ID_LAN><CT>" with "m3"
L 08/16/2018 - 12:37:29: "NOVATO<18><VALVE_ID_LAN><CT>" killed "XXBOT Finn<27><BOT><TERRORIST>" with "ak47"
L 08/16/2018 - 12:37:30: "Cable<26><VALVE_ID_LAN><TERRORIST>" killed "NOVATO<18><VALVE_ID_LAN><CT>" with "ak47"
L 08/16/2018 - 12:37:30: "Inspetor Buginganga<14><VALVE_ID_LAN><CT>" killed "GARGAMEL O MATA CT<16><VALVE_ID_LAN><TERRORIST>" with "m3"
L 08/16/2018 - 12:37:30: "Smolder<22><VALVE_ID_LAN><TERRORIST>" killed "@te<23><VALVE_ID_LAN><CT>" with "ak47"
L 08/16/2018 - 12:37:32: "Smolder<22><VALVE_ID_LAN><TERRORIST>" killed "Inspetor Buginganga<14><VALVE_ID_LAN><CT>" with "ak47"
L 08/16/2018 - 12:37:32: "Cap Billy<13><VALVE_ID_LOOPBACK><CT>" killed "Cable<26><VALVE_ID_LAN><TERRORIST>" with "aug"
L 08/16/2018 - 12:37:35: "Cap Billy<13><VALVE_ID_LOOPBACK><CT>" killed "Smolder<22><VALVE_ID_LAN><TERRORIST>" with "aug"
L 08/16/2018 - 12:37:45: "Kratos<28><VALVE_ID_LAN><>" connected, address "10.15.1.156:27005"
L 08/16/2018 - 12:37:45: "Cap Billy<13><VALVE_ID_LOOPBACK><CT>" killed "Calcas Peludas<17><VALVE_ID_LAN><TERRORIST>" with "tmp"
L 08/16/2018 - 12:37:45: Team "CT" triggered "CTs_Win" (CT "16") (T "3")
L 08/16/2018 - 12:37:45: World triggered "Round_End"
L 08/16/2018 - 12:37:50: World triggered "Round_Start"
L 08/16/2018 - 12:37:54: "Calcas Peludas<17><VALVE_ID_LAN><TERRORIST>" killed "Inspetor Buginganga<14><VALVE_ID_LAN><CT>" with "m4a1"
L 08/16/2018 - 12:37:56: "Cap Billy<13><VALVE_ID_LOOPBACK><CT>" killed "GARGAMEL O MATA CT<16><VALVE_ID_LAN><TERRORIST>" with "m4a1"
L 08/16/2018 - 12:37:57: "@te<23><VALVE_ID_LAN><CT>" killed "Calcas Peludas<17><VALVE_ID_LAN><TERRORIST>" with "xm1014"
L 08/16/2018 - 12:38:00: "Kratos<28><VALVE_ID_LAN><>" entered the game
L 08/16/2018 - 12:38:02: "NOVATO<18><VALVE_ID_LAN><CT>" killed "Cable<26><VALVE_ID_LAN><TERRORIST>" with "m249"
L 08/16/2018 - 12:38:02: "Smolder<22><VALVE_ID_LAN><TERRORIST>" killed "@te<23><VALVE_ID_LAN><CT>" with "mp5navy"
L 08/16/2018 - 12:38:06: "Kratos<28><VALVE_ID_LAN><>" joined team "TERRORIST"
L 08/16/2018 - 12:38:06: "XXBOT Finn<27><BOT><TERRORIST>" killed "NOVATO<18><VALVE_ID_LAN><CT>" with "p90"
L 08/16/2018 - 12:38:09: "XXBOT Finn<27><BOT><TERRORIST>" killed "Calango<15><VALVE_ID_LAN><CT>" with "p90"
L 08/16/2018 - 12:38:10: Server cvar "bot_quota" = "0"
L 08/16/2018 - 12:38:10: Kick: "XXBOT Finn<27><UNKNOWN><>" was kicked by "Cap Billy"
L 08/16/2018 - 12:38:10: "XXBOT Finn<27><BOT><TERRORIST>" disconnected
L 08/16/2018 - 12:38:14: "Kratos<28><VALVE_ID_LAN><TERRORIST>" killed "Cap Billy<13><VALVE_ID_LOOPBACK><CT>" with "xm1014"
L 08/16/2018 - 12:38:14: Team "TERRORIST" triggered "Terrorists_Win" (CT "16") (T "4")
L 08/16/2018 - 12:38:14: World triggered "Round_End"
L 08/16/2018 - 12:38:17: "Calango<15><VALVE_ID_LAN><CT>" say "timeleft" (dead)
L 08/16/2018 - 12:38:19: World triggered "Round_Start"
L 08/16/2018 - 12:38:22: "Cap Billy<13><VALVE_ID_LOOPBACK><CT>" killed "Smolder<22><VALVE_ID_LAN><TERRORIST>" with "mac10"
L 08/16/2018 - 12:38:22: "Cable<26><VALVE_ID_LAN><TERRORIST>" killed "Cap Billy<13><VALVE_ID_LOOPBACK><CT>" with "ak47"
L 08/16/2018 - 12:38:24: "Cable<26><VALVE_ID_LAN><TERRORIST>" killed "Calango<15><VALVE_ID_LAN><CT>" with "ak47"
L 08/16/2018 - 12:38:26: "@te<23><VALVE_ID_LAN><CT>" killed "GARGAMEL O MATA CT<16><VALVE_ID_LAN><TERRORIST>" with "m4a1"
L 08/16/2018 - 12:38:29: "Kratos<28><VALVE_ID_LAN><TERRORIST>" killed "NOVATO<18><VALVE_ID_LAN><CT>" with "xm1014"
L 08/16/2018 - 12:38:30: "Calcas Peludas<17><VALVE_ID_LAN><TERRORIST>" killed "@te<23><VALVE_ID_LAN><CT>" with "m4a1"
L 08/16/2018 - 12:38:32: "Calcas Peludas<17><VALVE_ID_LAN><TERRORIST>" killed "Inspetor Buginganga<14><VALVE_ID_LAN><CT>" with "m4a1"
L 08/16/2018 - 12:38:32: Team "TERRORIST" triggered "Terrorists_Win" (CT "16") (T "5")
L 08/16/2018 - 12:38:32: World triggered "Round_End"
L 08/16/2018 - 12:38:35: "Cap Billy<13><VALVE_ID_LOOPBACK><CT>" say_team "NAO SE ESCONDEEEEEEE" (dead)
L 08/16/2018 - 12:38:37: World triggered "Round_Start"
L 08/16/2018 - 12:38:41: "Kratos<28><VALVE_ID_LAN><TERRORIST>" killed "Inspetor Buginganga<14><VALVE_ID_LAN><CT>" with "grenade"
L 08/16/2018 - 12:38:42: "Calango<15><VALVE_ID_LAN><CT>" killed "Smolder<22><VALVE_ID_LAN><TERRORIST>" with "xm1014"
L 08/16/2018 - 12:38:42: "Calcas Peludas<17><VALVE_ID_LAN><TERRORIST>" killed "Calango<15><VALVE_ID_LAN><CT>" with "m4a1"
L 08/16/2018 - 12:38:45: "Kratos<28><VALVE_ID_LAN><TERRORIST>" killed "NOVATO<18><VALVE_ID_LAN><CT>" with "xm1014"
L 08/16/2018 - 12:38:46: "Cap Billy<13><VALVE_ID_LOOPBACK><CT>" killed "Kratos<28><VALVE_ID_LAN><TERRORIST>" with "m249"
L 08/16/2018 - 12:38:48: "Cap Billy<13><VALVE_ID_LOOPBACK><CT>" killed "Cable<26><VALVE_ID_LAN><TERRORIST>" with "m249"
L 08/16/2018 - 12:38:48: "Cap Billy<13><VALVE_ID_LOOPBACK><CT>" killed "GARGAMEL O MATA CT<16><VALVE_ID_LAN><TERRORIST>" with "m249"
L 08/16/2018 - 12:38:51: "Calcas Peludas<17><VALVE_ID_LAN><TERRORIST>" killed "Cap Billy<13><VALVE_ID_LOOPBACK><CT>" with "m4a1"
L 08/16/2018 - 12:38:55: "Calango<15><VALVE_ID_LAN><CT>" say_team "corre @" (dead)
L 08/16/2018 - 12:39:03: "Cap Billy<13><VALVE_ID_LOOPBACK><CT>" say "briga de cachorro grande" (dead)
L 08/16/2018 - 12:39:04: "@te<23><VALVE_ID_LAN><CT>" killed "Calcas Peludas<17><VALVE_ID_LAN><TERRORIST>" with "m4a1"
L 08/16/2018 - 12:39:04: Team "CT" triggered "CTs_Win" (CT "17") (T "5")
L 08/16/2018 - 12:39:04: World triggered "Round_End"
L 08/16/2018 - 12:39:04: "Inspetor Buginganga<14><VALVE_ID_LAN><CT>" say "dois moitas" (dead)
L 08/16/2018 - 12:39:09: World triggered "Round_Start"
L 08/16/2018 - 12:39:10: "Calcas Peludas<17><VALVE_ID_LAN><TERRORIST>" say "covarde"
L 08/16/2018 - 12:39:14: "NOVATO<18><VALVE_ID_LAN><CT>" killed "GARGAMEL O MATA CT<16><VALVE_ID_LAN><TERRORIST>" with "ak47"
L 08/16/2018 - 12:39:14: "Inspetor Buginganga<14><VALVE_ID_LAN><CT>" killed "Calcas Peludas<17><VALVE_ID_LAN><TERRORIST>" with "mp5navy"
L 08/16/2018 - 12:39:16: "Calango<15><VALVE_ID_LAN><CT>" killed "Kratos<28><VALVE_ID_LAN><TERRORIST>" with "aug"
L 08/16/2018 - 12:39:19: "Smolder<22><VALVE_ID_LAN><TERRORIST>" killed "Cap Billy<13><VALVE_ID_LOOPBACK><CT>" with "mp5navy"
L 08/16/2018 - 12:39:21: "Smolder<22><VALVE_ID_LAN><TERRORIST>" killed "Inspetor Buginganga<14><VALVE_ID_LAN><CT>" with "mp5navy"
L 08/16/2018 - 12:39:21: "NOVATO<18><VALVE_ID_LAN><CT>" killed "Cable<26><VALVE_ID_LAN><TERRORIST>" with "ak47"
L 08/16/2018 - 12:39:29: Server cvar "amx_nextmap" = "aim_glockbust2"
L 08/16/2018 - 12:39:35: "@te<23><VALVE_ID_LAN><CT>" killed "Smolder<22><VALVE_ID_LAN><TERRORIST>" with "knife"
L 08/16/2018 - 12:39:35: Team "CT" triggered "CTs_Win" (CT "18") (T "5")
L 08/16/2018 - 12:39:35: World triggered "Round_End"
L 08/16/2018 - 12:39:38: "Cable<26><VALVE_ID_LAN><TERRORIST>" say "eita" (dead)
L 08/16/2018 - 12:39:38: "Calango<15><VALVE_ID_LAN><CT>" say "kkkkkkk"
L 08/16/2018 - 12:39:39: "Cap Billy<13><VALVE_ID_LOOPBACK><CT>" say "EEEIIITAAAAAA" (dead)
L 08/16/2018 - 12:39:39: "Calcas Peludas<17><VALVE_ID_LAN><TERRORIST>" say "eita" (dead)
L 08/16/2018 - 12:39:40: World triggered "Round_Start"
L 08/16/2018 - 12:39:46: "Calcas Peludas<17><VALVE_ID_LAN><TERRORIST>" killed "Inspetor Buginganga<14><VALVE_ID_LAN><CT>" with "p90"
L 08/16/2018 - 12:39:47: "Calcas Peludas<17><VALVE_ID_LAN><TERRORIST>" killed "NOVATO<18><VALVE_ID_LAN><CT>" with "p90"
L 08/16/2018 - 12:39:48: "Kratos<28><VALVE_ID_LAN><TERRORIST>" killed "@te<23><VALVE_ID_LAN><CT>" with "m4a1"
L 08/16/2018 - 12:39:48: "Calango<15><VALVE_ID_LAN><CT>" killed "GARGAMEL O MATA CT<16><VALVE_ID_LAN><TERRORIST>" with "xm1014"
L 08/16/2018 - 12:39:49: "Cap Billy<13><VALVE_ID_LOOPBACK><CT>" killed "Calcas Peludas<17><VALVE_ID_LAN><TERRORIST>" with "m249"
L 08/16/2018 - 12:39:51: "Cap Billy<13><VALVE_ID_LOOPBACK><CT>" killed "Cable<26><VALVE_ID_LAN><TERRORIST>" with "m249"
L 08/16/2018 - 12:39:51: "Cap Billy<13><VALVE_ID_LOOPBACK><CT>" killed "Smolder<22><VALVE_ID_LAN><TERRORIST>" with "m249"
L 08/16/2018 - 12:39:53: "Kratos<28><VALVE_ID_LAN><TERRORIST>" killed "Cap Billy<13><VALVE_ID_LOOPBACK><CT>" with "xm1014"
L 08/16/2018 - 12:39:55: "@te<23><VALVE_ID_LAN><CT>" say "boa tarde ne" (dead)
L 08/16/2018 - 12:39:58: "Calango<15><VALVE_ID_LAN><CT>" killed "Kratos<28><VALVE_ID_LAN><TERRORIST>" with "xm1014"
L 08/16/2018 - 12:39:58: Team "CT" triggered "CTs_Win" (CT "19") (T "5")
L 08/16/2018 - 12:39:58: World triggered "Round_End"
L 08/16/2018 - 12:39:59: "Inspetor Buginganga<14><VALVE_ID_LAN><CT>" joined team "CT"
L 08/16/2018 - 12:40:00: "Smolder<22><VALVE_ID_LAN><TERRORIST>" say "foi nao fi" (dead)
L 08/16/2018 - 12:40:03: World triggered "Round_Start"
L 08/16/2018 - 12:40:05: "Cap Billy<13><VALVE_ID_LOOPBACK><CT>" killed "Kratos<28><VALVE_ID_LAN><TERRORIST>" with "mac10"
L 08/16/2018 - 12:40:07: "NOVATO<18><VALVE_ID_LAN><CT>" killed "Cable<26><VALVE_ID_LAN><TERRORIST>" with "ak47"
L 08/16/2018 - 12:40:09: "GARGAMEL O MATA CT<16><VALVE_ID_LAN><TERRORIST>" killed "NOVATO<18><VALVE_ID_LAN><CT>" with "xm1014"
L 08/16/2018 - 12:40:12: "GARGAMEL O MATA CT<16><VALVE_ID_LAN><TERRORIST>" killed "Cap Billy<13><VALVE_ID_LOOPBACK><CT>" with "xm1014"
L 08/16/2018 - 12:40:13: "Calcas Peludas<17><VALVE_ID_LAN><TERRORIST>" killed "@te<23><VALVE_ID_LAN><CT>" with "g3sg1"
L 08/16/2018 - 12:40:14: "Calango<15><VALVE_ID_LAN><CT>" killed "GARGAMEL O MATA CT<16><VALVE_ID_LAN><TERRORIST>" with "xm1014"
L 08/16/2018 - 12:40:17: "Calango<15><VALVE_ID_LAN><CT>" killed "Smolder<22><VALVE_ID_LAN><TERRORIST>" with "xm1014"
L 08/16/2018 - 12:40:18: "Calcas Peludas<17><VALVE_ID_LAN><TERRORIST>" killed "Calango<15><VALVE_ID_LAN><CT>" with "m4a1"
L 08/16/2018 - 12:40:18: Team "TERRORIST" triggered "Terrorists_Win" (CT "19") (T "6")
L 08/16/2018 - 12:40:18: World triggered "Round_End"
L 08/16/2018 - 12:40:21: "Kratos<28><VALVE_ID_LAN><TERRORIST>" say "timeleft" (dead)
L 08/16/2018 - 12:40:23: World triggered "Round_Start"
L 08/16/2018 - 12:40:28: "Kratos<28><VALVE_ID_LAN><TERRORIST>" killed "@te<23><VALVE_ID_LAN><CT>" with "p90"
L 08/16/2018 - 12:40:33: "Calango<15><VALVE_ID_LAN><CT>" killed "GARGAMEL O MATA CT<16><VALVE_ID_LAN><TERRORIST>" with "mac10"
L 08/16/2018 - 12:40:34: "Kratos<28><VALVE_ID_LAN><TERRORIST>" killed "Inspetor Buginganga<14><VALVE_ID_LAN><CT>" with "p90"
L 08/16/2018 - 12:40:35: "NOVATO<18><VALVE_ID_LAN><CT>" killed "Calcas Peludas<17><VALVE_ID_LAN><TERRORIST>" with "m249"
L 08/16/2018 - 12:40:36: "NOVATO<18><VALVE_ID_LAN><CT>" killed "Cable<26><VALVE_ID_LAN><TERRORIST>" with "m249"
L 08/16/2018 - 12:40:38: "Kratos<28><VALVE_ID_LAN><TERRORIST>" killed "Calango<15><VALVE_ID_LAN><CT>" with "p90"
L 08/16/2018 - 12:40:39: "NOVATO<18><VALVE_ID_LAN><CT>" killed "Smolder<22><VALVE_ID_LAN><TERRORIST>" with "m249"
L 08/16/2018 - 12:40:43: "NOVATO<18><VALVE_ID_LAN><CT>" killed "Kratos<28><VALVE_ID_LAN><TERRORIST>" with "xm1014"
L 08/16/2018 - 12:40:43: Team "CT" triggered "CTs_Win" (CT "20") (T "6")
L 08/16/2018 - 12:40:43: World triggered "Round_End"
L 08/16/2018 - 12:40:48: World triggered "Round_Start"
L 08/16/2018 - 12:40:52: "Kratos<28><VALVE_ID_LAN><TERRORIST>" killed "Calango<15><VALVE_ID_LAN><CT>" with "m3"
L 08/16/2018 - 12:40:54: "Cap Billy<13><VALVE_ID_LOOPBACK><CT>" killed "GARGAMEL O MATA CT<16><VALVE_ID_LAN><TERRORIST>" with "m4a1"
L 08/16/2018 - 12:40:55: "Cable<26><VALVE_ID_LAN><TERRORIST>" killed "Inspetor Buginganga<14><VALVE_ID_LAN><CT>" with "aug"
L 08/16/2018 - 12:40:56: "NOVATO<18><VALVE_ID_LAN><CT>" killed "Kratos<28><VALVE_ID_LAN><TERRORIST>" with "xm1014"
L 08/16/2018 - 12:40:56: "Smolder<22><VALVE_ID_LAN><TERRORIST>" killed "NOVATO<18><VALVE_ID_LAN><CT>" with "mp5navy"
L 08/16/2018 - 12:40:57: "Cap Billy<13><VALVE_ID_LOOPBACK><CT>" killed "Cable<26><VALVE_ID_LAN><TERRORIST>" with "m4a1"
L 08/16/2018 - 12:40:58: "@te<23><VALVE_ID_LAN><CT>" killed "Smolder<22><VALVE_ID_LAN><TERRORIST>" with "aug"
L 08/16/2018 - 12:41:06: "Cap Billy<13><VALVE_ID_LOOPBACK><CT>" killed "Calcas Peludas<17><VALVE_ID_LAN><TERRORIST>" with "m4a1"
L 08/16/2018 - 12:41:06: Team "CT" triggered "CTs_Win" (CT "21") (T "6")
L 08/16/2018 - 12:41:06: World triggered "Round_End"
L 08/16/2018 - 12:41:11: World triggered "Round_Start"
L 08/16/2018 - 12:41:16: "Cable<26><VALVE_ID_LAN><TERRORIST>" killed "Cap Billy<13><VALVE_ID_LOOPBACK><CT>" with "aug"
L 08/16/2018 - 12:41:19: "Calango<15><VALVE_ID_LAN><CT>" killed "Smolder<22><VALVE_ID_LAN><TERRORIST>" with "ak47"
L 08/16/2018 - 12:41:20: "Cable<26><VALVE_ID_LAN><TERRORIST>" killed "Calango<15><VALVE_ID_LAN><CT>" with "aug"
L 08/16/2018 - 12:41:22: "NOVATO<18><VALVE_ID_LAN><CT>" killed "Calcas Peludas<17><VALVE_ID_LAN><TERRORIST>" with "m249"
L 08/16/2018 - 12:41:22: "@te<23><VALVE_ID_LAN><CT>" killed "GARGAMEL O MATA CT<16><VALVE_ID_LAN><TERRORIST>" with "m4a1"
L 08/16/2018 - 12:41:23: Team "CT" scored "21" with "5" players
L 08/16/2018 - 12:41:23: Team "TERRORIST" scored "6" with "5" players
L 08/16/2018 - 12:41:26: "Kratos<28><VALVE_ID_LAN><TERRORIST>" triggered "weaponstats" (weapon "grenade") (shots "2") (hits "2") (kills "1") (headshots "0") (tks "0") (damage "97") (deaths "0")
L 08/16/2018 - 12:41:26: "Kratos<28><VALVE_ID_LAN><TERRORIST>" triggered "weaponstats2" (weapon "grenade") (head "0") (chest "0") (stomach "0") (leftarm "0") (rightarm "0") (leftleg "0") (rightleg "0")
L 08/16/2018 - 12:41:26: "Kratos<28><VALVE_ID_LAN><TERRORIST>" triggered "weaponstats" (weapon "xm1014") (shots "19") (hits "7") (kills "4") (headshots "0") (tks "0") (damage "451") (deaths "2")
L 08/16/2018 - 12:41:26: "Kratos<28><VALVE_ID_LAN><TERRORIST>" triggered "weaponstats2" (weapon "xm1014") (head "0") (chest "2") (stomach "0") (leftarm "1") (rightarm "2") (leftleg "1") (rightleg "1")
L 08/16/2018 - 12:41:26: "Kratos<28><VALVE_ID_LAN><TERRORIST>" triggered "weaponstats" (weapon "aug") (shots "5") (hits "0") (kills "0") (headshots "0") (tks "0") (damage "0") (deaths "1")
L 08/16/2018 - 12:41:26: "Kratos<28><VALVE_ID_LAN><TERRORIST>" triggered "weaponstats2" (weapon "aug") (head "0") (chest "0") (stomach "0") (leftarm "0") (rightarm "0") (leftleg "0") (rightleg "0")
L 08/16/2018 - 12:41:26: "Kratos<28><VALVE_ID_LAN><TERRORIST>" triggered "weaponstats" (weapon "glock18") (shots "3") (hits "0") (kills "0") (headshots "0") (tks "0") (damage "0") (deaths "1")
L 08/16/2018 - 12:41:26: "Kratos<28><VALVE_ID_LAN><TERRORIST>" triggered "weaponstats2" (weapon "glock18") (head "0") (chest "0") (stomach "0") (leftarm "0") (rightarm "0") (leftleg "0") (rightleg "0")
L 08/16/2018 - 12:41:26: "Kratos<28><VALVE_ID_LAN><TERRORIST>" triggered "weaponstats" (weapon "m3") (shots "2") (hits "2") (kills "1") (headshots "0") (tks "0") (damage "194") (deaths "0")
L 08/16/2018 - 12:41:26: "Kratos<28><VALVE_ID_LAN><TERRORIST>" triggered "weaponstats2" (weapon "m3") (head "0") (chest "1") (stomach "1") (leftarm "0") (rightarm "0") (leftleg "0") (rightleg "0")
L 08/16/2018 - 12:41:26: "Kratos<28><VALVE_ID_LAN><TERRORIST>" triggered "weaponstats" (weapon "m4a1") (shots "31") (hits "9") (kills "1") (headshots "0") (tks "0") (damage "238") (deaths "1")
L 08/16/2018 - 12:41:26: "Kratos<28><VALVE_ID_LAN><TERRORIST>" triggered "weaponstats2" (weapon "m4a1") (head "1") (chest "2") (stomach "2") (leftarm "3") (rightarm "1") (leftleg "0") (rightleg "0")
L 08/16/2018 - 12:41:26: "Kratos<28><VALVE_ID_LAN><TERRORIST>" triggered "weaponstats" (weapon "ak47") (shots "2") (hits "1") (kills "0") (headshots "0") (tks "0") (damage "37") (deaths "1")
L 08/16/2018 - 12:41:26: "Kratos<28><VALVE_ID_LAN><TERRORIST>" triggered "weaponstats2" (weapon "ak47") (head "0") (chest "0") (stomach "0") (leftarm "0") (rightarm "1") (leftleg "0") (rightleg "0")
L 08/16/2018 - 12:41:26: "Kratos<28><VALVE_ID_LAN><TERRORIST>" triggered "weaponstats" (weapon "p90") (shots "32") (hits "7") (kills "3") (headshots "2") (tks "0") (damage "282") (deaths "0")
L 08/16/2018 - 12:41:26: "Kratos<28><VALVE_ID_LAN><TERRORIST>" triggered "weaponstats2" (weapon "p90") (head "2") (chest "1") (stomach "1") (leftarm "2") (rightarm "1") (leftleg "0") (rightleg "0")
L 08/16/2018 - 12:41:26: "Kratos<28><VALVE_ID_LAN><TERRORIST>" triggered "time" (time "3:26")
L 08/16/2018 - 12:41:26: "Kratos<28><VALVE_ID_LAN><TERRORIST>" triggered "latency" (ping "11")
L 08/16/2018 - 12:41:26: "Cap Billy<13><VALVE_ID_LOOPBACK><CT>" triggered "weaponstats" (weapon "grenade") (shots "11") (hits "11") (kills "0") (headshots "0") (tks "0") (damage "408") (deaths "0")
L 08/16/2018 - 12:41:26: "Cap Billy<13><VALVE_ID_LOOPBACK><CT>" triggered "weaponstats2" (weapon "grenade") (head "0") (chest "0") (stomach "0") (leftarm "0") (rightarm "0") (leftleg "0") (rightleg "0")
L 08/16/2018 - 12:41:26: "Cap Billy<13><VALVE_ID_LOOPBACK><CT>" triggered "weaponstats" (weapon "xm1014") (shots "12") (hits "7") (kills "3") (headshots "2") (tks "0") (damage "654") (deaths "3")
L 08/16/2018 - 12:41:26: "Cap Billy<13><VALVE_ID_LOOPBACK><CT>" triggered "weaponstats2" (weapon "xm1014") (head "2") (chest "0") (stomach "0") (leftarm "1") (rightarm "1") (leftleg "2") (rightleg "1")
L 08/16/2018 - 12:41:26: "Cap Billy<13><VALVE_ID_LOOPBACK><CT>" triggered "weaponstats" (weapon "mac10") (shots "21") (hits "8") (kills "3") (headshots "2") (tks "0") (damage "365") (deaths "2")
L 08/16/2018 - 12:41:26: "Cap Billy<13><VALVE_ID_LOOPBACK><CT>" triggered "weaponstats2" (weapon "mac10") (head "2") (chest "0") (stomach "1") (leftarm "4") (rightarm "0") (leftleg "0") (rightleg "1")
L 08/16/2018 - 12:41:26: "Cap Billy<13><VALVE_ID_LOOPBACK><CT>" triggered "weaponstats" (weapon "aug") (shots "49") (hits "18") (kills "5") (headshots "1") (tks "0") (damage "645") (deaths "0")
L 08/16/2018 - 12:41:26: "Cap Billy<13><VALVE_ID_LOOPBACK><CT>" triggered "weaponstats2" (weapon "aug") (head "2") (chest "4") (stomach "1") (leftarm "5") (rightarm "4") (leftleg "1") (rightleg "1")
L 08/16/2018 - 12:41:26: "Cap Billy<13><VALVE_ID_LOOPBACK><CT>" triggered "weaponstats" (weapon "usp") (shots "4") (hits "0") (kills "0") (headshots "0") (tks "0") (damage "0") (deaths "0")
L 08/16/2018 - 12:41:26: "Cap Billy<13><VALVE_ID_LOOPBACK><CT>" triggered "weaponstats2" (weapon "usp") (head "0") (chest "0") (stomach "0") (leftarm "0") (rightarm "0") (leftleg "0") (rightleg "0")
L 08/16/2018 - 12:41:26: "Cap Billy<13><VALVE_ID_LOOPBACK><CT>" triggered "weaponstats" (weapon "m249") (shots "37") (hits "15") (kills "6") (headshots "3") (tks "0") (damage "699") (deaths "2")
L 08/16/2018 - 12:41:26: "Cap Billy<13><VALVE_ID_LOOPBACK><CT>" triggered "weaponstats2" (weapon "m249") (head "3") (chest "3") (stomach "0") (leftarm "5") (rightarm "3") (leftleg "1") (rightleg "0")
L 08/16/2018 - 12:41:26: "Cap Billy<13><VALVE_ID_LOOPBACK><CT>" triggered "weaponstats" (weapon "m4a1") (shots "227") (hits "63") (kills "20") (headshots "9") (tks "0") (damage "2731") (deaths "5")
L 08/16/2018 - 12:41:26: "Cap Billy<13><VALVE_ID_LOOPBACK><CT>" triggered "weaponstats2" (weapon "m4a1") (head "9") (chest "11") (stomach "4") (leftarm "21") (rightarm "13") (leftleg "1") (rightleg "4")
L 08/16/2018 - 12:41:26: "Cap Billy<13><VALVE_ID_LOOPBACK><CT>" triggered "weaponstats" (weapon "tmp") (shots "14") (hits "5") (kills "1") (headshots "1") (tks "0") (damage "165") (deaths "0")
L 08/16/2018 - 12:41:26: "Cap Billy<13><VALVE_ID_LOOPBACK><CT>" triggered "weaponstats2" (weapon "tmp") (head "1") (chest "0") (stomach "0") (leftarm "4") (rightarm "0") (leftleg "0") (rightleg "0")
L 08/16/2018 - 12:41:26: "Cap Billy<13><VALVE_ID_LOOPBACK><CT>" triggered "weaponstats" (weapon "knife") (shots "3") (hits "3") (kills "3") (headshots "2") (tks "0") (damage "195") (deaths "2")
L 08/16/2018 - 12:41:26: "Cap Billy<13><VALVE_ID_LOOPBACK><CT>" triggered "weaponstats2" (weapon "knife") (head "2") (chest "1") (stomach "0") (leftarm "0") (rightarm "0") (leftleg "0") (rightleg "0")
L 08/16/2018 - 12:41:26: "Cap Billy<13><VALVE_ID_LOOPBACK><CT>" triggered "time" (time "10:12")
L 08/16/2018 - 12:41:26: "Cap Billy<13><VALVE_ID_LOOPBACK><CT>" triggered "latency" (ping "0")
L 08/16/2018 - 12:41:26: "Inspetor Buginganga<14><VALVE_ID_LAN><CT>" triggered "weaponstats" (weapon "grenade") (shots "3") (hits "2") (kills "0") (headshots "0") (tks "0") (damage "21") (deaths "0")
L 08/16/2018 - 12:41:26: "Inspetor Buginganga<14><VALVE_ID_LAN><CT>" triggered "weaponstats2" (weapon "grenade") (head "0") (chest "0") (stomach "0") (leftarm "0") (rightarm "0") (leftleg "0") (rightleg "0")
L 08/16/2018 - 12:41:26: "Inspetor Buginganga<14><VALVE_ID_LAN><CT>" triggered "weaponstats" (weapon "xm1014") (shots "10") (hits "1") (kills "1") (headshots "1") (tks "0") (damage "198") (deaths "3")
L 08/16/2018 - 12:41:26: "Inspetor Buginganga<14><VALVE_ID_LAN><CT>" triggered "weaponstats2" (weapon "xm1014") (head "1") (chest "0") (stomach "0") (leftarm "0") (rightarm "0") (leftleg "0") (rightleg "0")
L 08/16/2018 - 12:41:26: "Inspetor Buginganga<14><VALVE_ID_LAN><CT>" triggered "weaponstats" (weapon "mac10") (shots "19") (hits "4") (kills "1") (headshots "0") (tks "0") (damage "103") (deaths "2")
L 08/16/2018 - 12:41:26: "Inspetor Buginganga<14><VALVE_ID_LAN><CT>" triggered "weaponstats2" (weapon "mac10") (head "0") (chest "2") (stomach "0") (leftarm "0") (rightarm "2") (leftleg "0") (rightleg "0")
L 08/16/2018 - 12:41:26: "Inspetor Buginganga<14><VALVE_ID_LAN><CT>" triggered "weaponstats" (weapon "aug") (shots "29") (hits "2") (kills "0") (headshots "0") (tks "0") (damage "57") (deaths "2")
L 08/16/2018 - 12:41:26: "Inspetor Buginganga<14><VALVE_ID_LAN><CT>" triggered "weaponstats2" (weapon "aug") (head "0") (chest "0") (stomach "0") (leftarm "0") (rightarm "1") (leftleg "1") (rightleg "0")
L 08/16/2018 - 12:41:26: "Inspetor Buginganga<14><VALVE_ID_LAN><CT>" triggered "weaponstats" (weapon "usp") (shots "4") (hits "0") (kills "0") (headshots "0") (tks "0") (damage "0") (deaths "1")
L 08/16/2018 - 12:41:26: "Inspetor Buginganga<14><VALVE_ID_LAN><CT>" triggered "weaponstats2" (weapon "usp") (head "0") (chest "0") (stomach "0") (leftarm "0") (rightarm "0") (leftleg "0") (rightleg "0")
L 08/16/2018 - 12:41:26: "Inspetor Buginganga<14><VALVE_ID_LAN><CT>" triggered "weaponstats" (weapon "mp5navy") (shots "72") (hits "12") (kills "2") (headshots "1") (tks "0") (damage "280") (deaths "1")
L 08/16/2018 - 12:41:26: "Inspetor Buginganga<14><VALVE_ID_LAN><CT>" triggered "weaponstats2" (weapon "mp5navy") (head "1") (chest "2") (stomach "2") (leftarm "5") (rightarm "2") (leftleg "0") (rightleg "0")
L 08/16/2018 - 12:41:26: "Inspetor Buginganga<14><VALVE_ID_LAN><CT>" triggered "weaponstats" (weapon "m249") (shots "32") (hits "2") (kills "1") (headshots "1") (tks "0") (damage "150") (deaths "1")
L 08/16/2018 - 12:41:26: "Inspetor Buginganga<14><VALVE_ID_LAN><CT>" triggered "weaponstats2" (weapon "m249") (head "1") (chest "1") (stomach "0") (leftarm "0") (rightarm "0") (leftleg "0") (rightleg "0")
L 08/16/2018 - 12:41:26: "Inspetor Buginganga<14><VALVE_ID_LAN><CT>" triggered "weaponstats" (weapon "m3") (shots "2") (hits "1") (kills "1") (headshots "0") (tks "0") (damage "80") (deaths "1")
L 08/16/2018 - 12:41:26: "Inspetor Buginganga<14><VALVE_ID_LAN><CT>" triggered "weaponstats2" (weapon "m3") (head "0") (chest "0") (stomach "1") (leftarm "0") (rightarm "0") (leftleg "0") (rightleg "0")
L 08/16/2018 - 12:41:26: "Inspetor Buginganga<14><VALVE_ID_LAN><CT>" triggered "weaponstats" (weapon "m4a1") (shots "23") (hits "0") (kills "0") (headshots "0") (tks "0") (damage "0") (deaths "1")
L 08/16/2018 - 12:41:26: "Inspetor Buginganga<14><VALVE_ID_LAN><CT>" triggered "weaponstats2" (weapon "m4a1") (head "0") (chest "0") (stomach "0") (leftarm "0") (rightarm "0") (leftleg "0") (rightleg "0")
L 08/16/2018 - 12:41:26: "Inspetor Buginganga<14><VALVE_ID_LAN><CT>" triggered "weaponstats" (weapon "tmp") (shots "21") (hits "1") (kills "0") (headshots "0") (tks "0") (damage "11") (deaths "2")
L 08/16/2018 - 12:41:26: "Inspetor Buginganga<14><VALVE_ID_LAN><CT>" triggered "weaponstats2" (weapon "tmp") (head "0") (chest "0") (stomach "0") (leftarm "0") (rightarm "0") (leftleg "0") (rightleg "1")
L 08/16/2018 - 12:41:26: "Inspetor Buginganga<14><VALVE_ID_LAN><CT>" triggered "weaponstats" (weapon "ak47") (shots "28") (hits "1") (kills "0") (headshots "0") (tks "0") (damage "35") (deaths "3")
L 08/16/2018 - 12:41:26: "Inspetor Buginganga<14><VALVE_ID_LAN><CT>" triggered "weaponstats2" (weapon "ak47") (head "0") (chest "0") (stomach "0") (leftarm "1") (rightarm "0") (leftleg "0") (rightleg "0")
L 08/16/2018 - 12:41:26: "Inspetor Buginganga<14><VALVE_ID_LAN><CT>" triggered "weaponstats" (weapon "p90") (shots "15") (hits "0") (kills "0") (headshots "0") (tks "0") (damage "0") (deaths "1")
L 08/16/2018 - 12:41:26: "Inspetor Buginganga<14><VALVE_ID_LAN><CT>" triggered "weaponstats2" (weapon "p90") (head "0") (chest "0") (stomach "0") (leftarm "0") (rightarm "0") (leftleg "0") (rightleg "0")
L 08/16/2018 - 12:41:26: "Inspetor Buginganga<14><VALVE_ID_LAN><CT>" triggered "time" (time "10:09")
L 08/16/2018 - 12:41:26: "Inspetor Buginganga<14><VALVE_ID_LAN><CT>" triggered "latency" (ping "8")
L 08/16/2018 - 12:41:26: "Calango<15><VALVE_ID_LAN><CT>" triggered "weaponstats" (weapon "grenade") (shots "9") (hits "8") (kills "1") (headshots "0") (tks "0") (damage "369") (deaths "0")
L 08/16/2018 - 12:41:26: "Calango<15><VALVE_ID_LAN><CT>" triggered "weaponstats2" (weapon "grenade") (head "0") (chest "0") (stomach "0") (leftarm "0") (rightarm "0") (leftleg "0") (rightleg "0")
L 08/16/2018 - 12:41:26: "Calango<15><VALVE_ID_LAN><CT>" triggered "weaponstats" (weapon "xm1014") (shots "19") (hits "6") (kills "5") (headshots "2") (tks "0") (damage "675") (deaths "2")
L 08/16/2018 - 12:41:26: "Calango<15><VALVE_ID_LAN><CT>" triggered "weaponstats2" (weapon "xm1014") (head "2") (chest "1") (stomach "1") (leftarm "2") (rightarm "0") (leftleg "0") (rightleg "0")
L 08/16/2018 - 12:41:26: "Calango<15><VALVE_ID_LAN><CT>" triggered "weaponstats" (weapon "mac10") (shots "144") (hits "22") (kills "5") (headshots "3") (tks "0") (damage "775") (deaths "9")
L 08/16/2018 - 12:41:26: "Calango<15><VALVE_ID_LAN><CT>" triggered "weaponstats2" (weapon "mac10") (head "3") (chest "5") (stomach "2") (leftarm "9") (rightarm "2") (leftleg "1") (rightleg "0")
L 08/16/2018 - 12:41:26: "Calango<15><VALVE_ID_LAN><CT>" triggered "weaponstats" (weapon "aug") (shots "51") (hits "16") (kills "4") (headshots "3") (tks "0") (damage "704") (deaths "2")
L 08/16/2018 - 12:41:26: "Calango<15><VALVE_ID_LAN><CT>" triggered "weaponstats2" (weapon "aug") (head "3") (chest "3") (stomach "1") (leftarm "5") (rightarm "2") (leftleg "0") (rightleg "2")
L 08/16/2018 - 12:41:26: "Calango<15><VALVE_ID_LAN><CT>" triggered "weaponstats" (weapon "usp") (shots "9") (hits "1") (kills "0") (headshots "0") (tks "0") (damage "29") (deaths "1")
L 08/16/2018 - 12:41:26: "Calango<15><VALVE_ID_LAN><CT>" triggered "weaponstats2" (weapon "usp") (head "0") (chest "0") (stomach "0") (leftarm "1") (rightarm "0") (leftleg "0") (rightleg "0")
L 08/16/2018 - 12:41:26: "Calango<15><VALVE_ID_LAN><CT>" triggered "weaponstats" (weapon "awp") (shots "2") (hits "0") (kills "0") (headshots "0") (tks "0") (damage "0") (deaths "0")
L 08/16/2018 - 12:41:26: "Calango<15><VALVE_ID_LAN><CT>" triggered "weaponstats2" (weapon "awp") (head "0") (chest "0") (stomach "0") (leftarm "0") (rightarm "0") (leftleg "0") (rightleg "0")
L 08/16/2018 - 12:41:26: "Calango<15><VALVE_ID_LAN><CT>" triggered "weaponstats" (weapon "mp5navy") (shots "4") (hits "1") (kills "0") (headshots "0") (tks "0") (damage "7") (deaths "1")
L 08/16/2018 - 12:41:26: "Calango<15><VALVE_ID_LAN><CT>" triggered "weaponstats2" (weapon "mp5navy") (head "0") (chest "0") (stomach "0") (leftarm "1") (rightarm "0") (leftleg "0") (rightleg "0")
L 08/16/2018 - 12:41:26: "Calango<15><VALVE_ID_LAN><CT>" triggered "weaponstats" (weapon "m4a1") (shots "27") (hits "1") (kills "1") (headshots "1") (tks "0") (damage "56") (deaths "1")
L 08/16/2018 - 12:41:26: "Calango<15><VALVE_ID_LAN><CT>" triggered "weaponstats2" (weapon "m4a1") (head "1") (chest "0") (stomach "0") (leftarm "0") (rightarm "0") (leftleg "0") (rightleg "0")
L 08/16/2018 - 12:41:26: "Calango<15><VALVE_ID_LAN><CT>" triggered "weaponstats" (weapon "ak47") (shots "46") (hits "12") (kills "5") (headshots "2") (tks "0") (damage "555") (deaths "2")
L 08/16/2018 - 12:41:26: "Calango<15><VALVE_ID_LAN><CT>" triggered "weaponstats2" (weapon "ak47") (head "2") (chest "2") (stomach "0") (leftarm "5") (rightarm "1") (leftleg "0") (rightleg "2")
L 08/16/2018 - 12:41:26: "Calango<15><VALVE_ID_LAN><CT>" triggered "time" (time "10:08")
L 08/16/2018 - 12:41:26: "Calango<15><VALVE_ID_LAN><CT>" triggered "latency" (ping "8")
L 08/16/2018 - 12:41:26: "GARGAMEL O MATA CT<16><VALVE_ID_LAN><TERRORIST>" triggered "weaponstats" (weapon "grenade") (shots "2") (hits "3") (kills "0") (headshots "0") (tks "0") (damage "176") (deaths "0")
L 08/16/2018 - 12:41:26: "GARGAMEL O MATA CT<16><VALVE_ID_LAN><TERRORIST>" triggered "weaponstats2" (weapon "grenade") (head "0") (chest "0") (stomach "0") (leftarm "0") (rightarm "0") (leftleg "0") (rightleg "0")
L 08/16/2018 - 12:41:26: "GARGAMEL O MATA CT<16><VALVE_ID_LAN><TERRORIST>" triggered "weaponstats" (weapon "xm1014") (shots "46") (hits "18") (kills "6") (headshots "2") (tks "0") (damage "1048") (deaths "6")
L 08/16/2018 - 12:41:26: "GARGAMEL O MATA CT<16><VALVE_ID_LAN><TERRORIST>" triggered "weaponstats2" (weapon "xm1014") (head "2") (chest "1") (stomach "1") (leftarm "4") (rightarm "1") (leftleg "4") (rightleg "5")
L 08/16/2018 - 12:41:26: "GARGAMEL O MATA CT<16><VALVE_ID_LAN><TERRORIST>" triggered "weaponstats" (weapon "mac10") (shots "1") (hits "0") (kills "0") (headshots "0") (tks "0") (damage "0") (deaths "0")
L 08/16/2018 - 12:41:26: "GARGAMEL O MATA CT<16><VALVE_ID_LAN><TERRORIST>" triggered "weaponstats2" (weapon "mac10") (head "0") (chest "0") (stomach "0") (leftarm "0") (rightarm "0") (leftleg "0") (rightleg "0")
L 08/16/2018 - 12:41:26: "GARGAMEL O MATA CT<16><VALVE_ID_LAN><TERRORIST>" triggered "weaponstats" (weapon "aug") (shots "35") (hits "8") (kills "1") (headshots "0") (tks "0") (damage "199") (deaths "4")
L 08/16/2018 - 12:41:26: "GARGAMEL O MATA CT<16><VALVE_ID_LAN><TERRORIST>" triggered "weaponstats2" (weapon "aug") (head "0") (chest "0") (stomach "1") (leftarm "0") (rightarm "4") (leftleg "1") (rightleg "2")
L 08/16/2018 - 12:41:26: "GARGAMEL O MATA CT<16><VALVE_ID_LAN><TERRORIST>" triggered "weaponstats" (weapon "glock18") (shots "26") (hits "1") (kills "0") (headshots "0") (tks "0") (damage "21") (deaths "2")
L 08/16/2018 - 12:41:26: "GARGAMEL O MATA CT<16><VALVE_ID_LAN><TERRORIST>" triggered "weaponstats2" (weapon "glock18") (head "0") (chest "0") (stomach "0") (leftarm "1") (rightarm "0") (leftleg "0") (rightleg "0")
L 08/16/2018 - 12:41:26: "GARGAMEL O MATA CT<16><VALVE_ID_LAN><TERRORIST>" triggered "weaponstats" (weapon "m3") (shots "18") (hits "8") (kills "3") (headshots "1") (tks "0") (damage "938") (deaths "5")
L 08/16/2018 - 12:41:26: "GARGAMEL O MATA CT<16><VALVE_ID_LAN><TERRORIST>" triggered "weaponstats2" (weapon "m3") (head "1") (chest "0") (stomach "1") (leftarm "3") (rightarm "0") (leftleg "1") (rightleg "2")
L 08/16/2018 - 12:41:26: "GARGAMEL O MATA CT<16><VALVE_ID_LAN><TERRORIST>" triggered "weaponstats" (weapon "m4a1") (shots "31") (hits "10") (kills "2") (headshots "0") (tks "0") (damage "274") (deaths "4")
L 08/16/2018 - 12:41:26: "GARGAMEL O MATA CT<16><VALVE_ID_LAN><TERRORIST>" triggered "weaponstats2" (weapon "m4a1") (head "0") (chest "2") (stomach "1") (leftarm "2") (rightarm "1") (leftleg "1") (rightleg "3")
L 08/16/2018 - 12:41:26: "GARGAMEL O MATA CT<16><VALVE_ID_LAN><TERRORIST>" triggered "weaponstats" (weapon "ak47") (shots "24") (hits "0") (kills "0") (headshots "0") (tks "0") (damage "0") (deaths "3")
L 08/16/2018 - 12:41:26: "GARGAMEL O MATA CT<16><VALVE_ID_LAN><TERRORIST>" triggered "weaponstats2" (weapon "ak47") (head "0") (chest "0") (stomach "0") (leftarm "0") (rightarm "0") (leftleg "0") (rightleg "0")
L 08/16/2018 - 12:41:26: "GARGAMEL O MATA CT<16><VALVE_ID_LAN><TERRORIST>" triggered "weaponstats" (weapon "p90") (shots "11") (hits "4") (kills "0") (headshots "0") (tks "0") (damage "105") (deaths "1")
L 08/16/2018 - 12:41:26: "GARGAMEL O MATA CT<16><VALVE_ID_LAN><TERRORIST>" triggered "weaponstats2" (weapon "p90") (head "1") (chest "1") (stomach "0") (leftarm "1") (rightarm "0") (leftleg "0") (rightleg "1")
L 08/16/2018 - 12:41:26: "GARGAMEL O MATA CT<16><VALVE_ID_LAN><TERRORIST>" triggered "time" (time "10:08")
L 08/16/2018 - 12:41:26: "GARGAMEL O MATA CT<16><VALVE_ID_LAN><TERRORIST>" triggered "latency" (ping "9")
L 08/16/2018 - 12:41:26: "Calcas Peludas<17><VALVE_ID_LAN><TERRORIST>" triggered "weaponstats" (weapon "grenade") (shots "2") (hits "2") (kills "0") (headshots "0") (tks "0") (damage "21") (deaths "0")
L 08/16/2018 - 12:41:26: "Calcas Peludas<17><VALVE_ID_LAN><TERRORIST>" triggered "weaponstats2" (weapon "grenade") (head "0") (chest "0") (stomach "0") (leftarm "0") (rightarm "0") (leftleg "0") (rightleg "0")
L 08/16/2018 - 12:41:26: "Calcas Peludas<17><VALVE_ID_LAN><TERRORIST>" triggered "weaponstats" (weapon "xm1014") (shots "6") (hits "2") (kills "0") (headshots "0") (tks "0") (damage "85") (deaths "2")
L 08/16/2018 - 12:41:26: "Calcas Peludas<17><VALVE_ID_LAN><TERRORIST>" triggered "weaponstats2" (weapon "xm1014") (head "1") (chest "0") (stomach "0") (leftarm "0") (rightarm "1") (leftleg "0") (rightleg "0")
L 08/16/2018 - 12:41:26: "Calcas Peludas<17><VALVE_ID_LAN><TERRORIST>" triggered "weaponstats" (weapon "mac10") (shots "24") (hits "6") (kills "1") (headshots "0") (tks "0") (damage "108") (deaths "1")
L 08/16/2018 - 12:41:26: "Calcas Peludas<17><VALVE_ID_LAN><TERRORIST>" triggered "weaponstats2" (weapon "mac10") (head "0") (chest "1") (stomach "0") (leftarm "1") (rightarm "2") (leftleg "1") (rightleg "1")
L 08/16/2018 - 12:41:26: "Calcas Peludas<17><VALVE_ID_LAN><TERRORIST>" triggered "weaponstats" (weapon "aug") (shots "65") (hits "13") (kills "2") (headshots "1") (tks "0") (damage "390") (deaths "5")
L 08/16/2018 - 12:41:26: "Calcas Peludas<17><VALVE_ID_LAN><TERRORIST>" triggered "weaponstats2" (weapon "aug") (head "1") (chest "2") (stomach "3") (leftarm "4") (rightarm "0") (leftleg "1") (rightleg "2")
L 08/16/2018 - 12:41:26: "Calcas Peludas<17><VALVE_ID_LAN><TERRORIST>" triggered "weaponstats" (weapon "glock18") (shots "5") (hits "0") (kills "0") (headshots "0") (tks "0") (damage "0") (deaths "0")
L 08/16/2018 - 12:41:26: "Calcas Peludas<17><VALVE_ID_LAN><TERRORIST>" triggered "weaponstats2" (weapon "glock18") (head "0") (chest "0") (stomach "0") (leftarm "0") (rightarm "0") (leftleg "0") (rightleg "0")
L 08/16/2018 - 12:41:26: "Calcas Peludas<17><VALVE_ID_LAN><TERRORIST>" triggered "weaponstats" (weapon "awp") (shots "4") (hits "0") (kills "0") (headshots "0") (tks "0") (damage "0") (deaths "0")
L 08/16/2018 - 12:41:26: "Calcas Peludas<17><VALVE_ID_LAN><TERRORIST>" triggered "weaponstats2" (weapon "awp") (head "0") (chest "0") (stomach "0") (leftarm "0") (rightarm "0") (leftleg "0") (rightleg "0")
L 08/16/2018 - 12:41:26: "Calcas Peludas<17><VALVE_ID_LAN><TERRORIST>" triggered "weaponstats" (weapon "m3") (shots "4") (hits "3") (kills "1") (headshots "0") (tks "0") (damage "237") (deaths "1")
L 08/16/2018 - 12:41:26: "Calcas Peludas<17><VALVE_ID_LAN><TERRORIST>" triggered "weaponstats2" (weapon "m3") (head "0") (chest "0") (stomach "0") (leftarm "0") (rightarm "2") (leftleg "0") (rightleg "1")
L 08/16/2018 - 12:41:26: "Calcas Peludas<17><VALVE_ID_LAN><TERRORIST>" triggered "weaponstats" (weapon "m4a1") (shots "138") (hits "39") (kills "8") (headshots "1") (tks "0") (damage "1078") (deaths "6")
L 08/16/2018 - 12:41:26: "Calcas Peludas<17><VALVE_ID_LAN><TERRORIST>" triggered "weaponstats2" (weapon "m4a1") (head "2") (chest "9") (stomach "4") (leftarm "11") (rightarm "6") (leftleg "0") (rightleg "7")
L 08/16/2018 - 12:41:26: "Calcas Peludas<17><VALVE_ID_LAN><TERRORIST>" triggered "weaponstats" (weapon "g3sg1") (shots "10") (hits "1") (kills "1") (headshots "1") (tks "0") (damage "236") (deaths "0")
L 08/16/2018 - 12:41:26: "Calcas Peludas<17><VALVE_ID_LAN><TERRORIST>" triggered "weaponstats2" (weapon "g3sg1") (head "1") (chest "0") (stomach "0") (leftarm "0") (rightarm "0") (leftleg "0") (rightleg "0")
L 08/16/2018 - 12:41:26: "Calcas Peludas<17><VALVE_ID_LAN><TERRORIST>" triggered "weaponstats" (weapon "ak47") (shots "127") (hits "25") (kills "4") (headshots "1") (tks "0") (damage "881") (deaths "6")
L 08/16/2018 - 12:41:26: "Calcas Peludas<17><VALVE_ID_LAN><TERRORIST>" triggered "weaponstats2" (weapon "ak47") (head "2") (chest "8") (stomach "0") (leftarm "6") (rightarm "2") (leftleg "3") (rightleg "4")
L 08/16/2018 - 12:41:26: "Calcas Peludas<17><VALVE_ID_LAN><TERRORIST>" triggered "weaponstats" (weapon "knife") (shots "1") (hits "0") (kills "0") (headshots "0") (tks "0") (damage "0") (deaths "4")
L 08/16/2018 - 12:41:26: "Calcas Peludas<17><VALVE_ID_LAN><TERRORIST>" triggered "weaponstats2" (weapon "knife") (head "0") (chest "0") (stomach "0") (leftarm "0") (rightarm "0") (leftleg "0") (rightleg "0")
L 08/16/2018 - 12:41:26: "Calcas Peludas<17><VALVE_ID_LAN><TERRORIST>" triggered "weaponstats" (weapon "p90") (shots "18") (hits "5") (kills "2") (headshots "2") (tks "0") (damage "270") (deaths "0")
L 08/16/2018 - 12:41:26: "Calcas Peludas<17><VALVE_ID_LAN><TERRORIST>" triggered "weaponstats2" (weapon "p90") (head "3") (chest "0") (stomach "0") (leftarm "2") (rightarm "0") (leftleg "0") (rightleg "0")
L 08/16/2018 - 12:41:26: "Calcas Peludas<17><VALVE_ID_LAN><TERRORIST>" triggered "time" (time "10:07")
L 08/16/2018 - 12:41:26: "Calcas Peludas<17><VALVE_ID_LAN><TERRORIST>" triggered "latency" (ping "9")
L 08/16/2018 - 12:41:26: "NOVATO<18><VALVE_ID_LAN><CT>" triggered "weaponstats" (weapon "grenade") (shots "12") (hits "20") (kills "0") (headshots "0") (tks "0") (damage "729") (deaths "0")
L 08/16/2018 - 12:41:26: "NOVATO<18><VALVE_ID_LAN><CT>" triggered "weaponstats2" (weapon "grenade") (head "0") (chest "0") (stomach "0") (leftarm "0") (rightarm "0") (leftleg "0") (rightleg "0")
L 08/16/2018 - 12:41:26: "NOVATO<18><VALVE_ID_LAN><CT>" triggered "weaponstats" (weapon "xm1014") (shots "50") (hits "14") (kills "7") (headshots "2") (tks "0") (damage "1019") (deaths "3")
L 08/16/2018 - 12:41:26: "NOVATO<18><VALVE_ID_LAN><CT>" triggered "weaponstats2" (weapon "xm1014") (head "2") (chest "1") (stomach "0") (leftarm "7") (rightarm "4") (leftleg "0") (rightleg "0")
L 08/16/2018 - 12:41:26: "NOVATO<18><VALVE_ID_LAN><CT>" triggered "weaponstats" (weapon "mac10") (shots "15") (hits "4") (kills "1") (headshots "1") (tks "0") (damage "192") (deaths "0")
L 08/16/2018 - 12:41:26: "NOVATO<18><VALVE_ID_LAN><CT>" triggered "weaponstats2" (weapon "mac10") (head "1") (chest "2") (stomach "0") (leftarm "1") (rightarm "0") (leftleg "0") (rightleg "0")
L 08/16/2018 - 12:41:26: "NOVATO<18><VALVE_ID_LAN><CT>" triggered "weaponstats" (weapon "aug") (shots "53") (hits "6") (kills "3") (headshots "3") (tks "0") (damage "430") (deaths "1")
L 08/16/2018 - 12:41:26: "NOVATO<18><VALVE_ID_LAN><CT>" triggered "weaponstats2" (weapon "aug") (head "3") (chest "1") (stomach "0") (leftarm "1") (rightarm "1") (leftleg "0") (rightleg "0")
L 08/16/2018 - 12:41:26: "NOVATO<18><VALVE_ID_LAN><CT>" triggered "weaponstats" (weapon "m249") (shots "207") (hits "23") (kills "9") (headshots "3") (tks "0") (damage "952") (deaths "2")
L 08/16/2018 - 12:41:26: "NOVATO<18><VALVE_ID_LAN><CT>" triggered "weaponstats2" (weapon "m249") (head "6") (chest "1") (stomach "2") (leftarm "5") (rightarm "7") (leftleg "1") (rightleg "1")
L 08/16/2018 - 12:41:26: "NOVATO<18><VALVE_ID_LAN><CT>" triggered "weaponstats" (weapon "tmp") (shots "1") (hits "0") (kills "0") (headshots "0") (tks "0") (damage "0") (deaths "0")
L 08/16/2018 - 12:41:26: "NOVATO<18><VALVE_ID_LAN><CT>" triggered "weaponstats2" (weapon "tmp") (head "0") (chest "0") (stomach "0") (leftarm "0") (rightarm "0") (leftleg "0") (rightleg "0")
L 08/16/2018 - 12:41:26: "NOVATO<18><VALVE_ID_LAN><CT>" triggered "weaponstats" (weapon "ak47") (shots "188") (hits "32") (kills "13") (headshots "7") (tks "0") (damage "1760") (deaths "6")
L 08/16/2018 - 12:41:26: "NOVATO<18><VALVE_ID_LAN><CT>" triggered "weaponstats2" (weapon "ak47") (head "8") (chest "5") (stomach "3") (leftarm "6") (rightarm "7") (leftleg "1") (rightleg "2")
L 08/16/2018 - 12:41:26: "NOVATO<18><VALVE_ID_LAN><CT>" triggered "weaponstats" (weapon "knife") (shots "3") (hits "0") (kills "0") (headshots "0") (tks "0") (damage "0") (deaths "0")
L 08/16/2018 - 12:41:26: "NOVATO<18><VALVE_ID_LAN><CT>" triggered "weaponstats2" (weapon "knife") (head "0") (chest "0") (stomach "0") (leftarm "0") (rightarm "0") (leftleg "0") (rightleg "0")
L 08/16/2018 - 12:41:26: "NOVATO<18><VALVE_ID_LAN><CT>" triggered "time" (time "10:04")
L 08/16/2018 - 12:41:26: "NOVATO<18><VALVE_ID_LAN><CT>" triggered "latency" (ping "7")
L 08/16/2018 - 12:41:26: "@te<23><VALVE_ID_LAN><CT>" triggered "weaponstats" (weapon "grenade") (shots "3") (hits "3") (kills "0") (headshots "0") (tks "0") (damage "112") (deaths "0")
L 08/16/2018 - 12:41:26: "@te<23><VALVE_ID_LAN><CT>" triggered "weaponstats2" (weapon "grenade") (head "0") (chest "0") (stomach "0") (leftarm "0") (rightarm "0") (leftleg "0") (rightleg "0")
L 08/16/2018 - 12:41:26: "@te<23><VALVE_ID_LAN><CT>" triggered "weaponstats" (weapon "xm1014") (shots "6") (hits "3") (kills "1") (headshots "1") (tks "0") (damage "252") (deaths "1")
L 08/16/2018 - 12:41:26: "@te<23><VALVE_ID_LAN><CT>" triggered "weaponstats2" (weapon "xm1014") (head "2") (chest "0") (stomach "0") (leftarm "1") (rightarm "0") (leftleg "0") (rightleg "0")
L 08/16/2018 - 12:41:26: "@te<23><VALVE_ID_LAN><CT>" triggered "weaponstats" (weapon "aug") (shots "10") (hits "2") (kills "1") (headshots "1") (tks "0") (damage "156") (deaths "0")
L 08/16/2018 - 12:41:26: "@te<23><VALVE_ID_LAN><CT>" triggered "weaponstats2" (weapon "aug") (head "1") (chest "1") (stomach "0") (leftarm "0") (rightarm "0") (leftleg "0") (rightleg "0")
L 08/16/2018 - 12:41:26: "@te<23><VALVE_ID_LAN><CT>" triggered "weaponstats" (weapon "m4a1") (shots "81") (hits "24") (kills "7") (headshots "3") (tks "0") (damage "924") (deaths "2")
L 08/16/2018 - 12:41:26: "@te<23><VALVE_ID_LAN><CT>" triggered "weaponstats2" (weapon "m4a1") (head "3") (chest "4") (stomach "6") (leftarm "1") (rightarm "3") (leftleg "3") (rightleg "4")
L 08/16/2018 - 12:41:26: "@te<23><VALVE_ID_LAN><CT>" triggered "weaponstats" (weapon "knife") (shots "2") (hits "2") (kills "1") (headshots "0") (tks "0") (damage "130") (deaths "3")
L 08/16/2018 - 12:41:26: "@te<23><VALVE_ID_LAN><CT>" triggered "weaponstats2" (weapon "knife") (head "0") (chest "0") (stomach "0") (leftarm "1") (rightarm "1") (leftleg "0") (rightleg "0")
L 08/16/2018 - 12:41:26: "@te<23><VALVE_ID_LAN><CT>" triggered "time" (time "5:27")
L 08/16/2018 - 12:41:26: "@te<23><VALVE_ID_LAN><CT>" triggered "latency" (ping "8")
L 08/16/2018 - 12:41:26: "Smolder<22><VALVE_ID_LAN><TERRORIST>" triggered "weaponstats" (weapon "grenade") (shots "2") (hits "1") (kills "0") (headshots "0") (tks "0") (damage "47") (deaths "0")
L 08/16/2018 - 12:41:26: "Smolder<22><VALVE_ID_LAN><TERRORIST>" triggered "weaponstats2" (weapon "grenade") (head "0") (chest "0") (stomach "0") (leftarm "0") (rightarm "0") (leftleg "0") (rightleg "0")
L 08/16/2018 - 12:41:26: "Smolder<22><VALVE_ID_LAN><TERRORIST>" triggered "weaponstats" (weapon "xm1014") (shots "10") (hits "3") (kills "1") (headshots "0") (tks "0") (damage "208") (deaths "2")
L 08/16/2018 - 12:41:26: "Smolder<22><VALVE_ID_LAN><TERRORIST>" triggered "weaponstats2" (weapon "xm1014") (head "0") (chest "1") (stomach "0") (leftarm "0") (rightarm "1") (leftleg "0") (rightleg "1")
L 08/16/2018 - 12:41:26: "Smolder<22><VALVE_ID_LAN><TERRORIST>" triggered "weaponstats" (weapon "aug") (shots "18") (hits "4") (kills "1") (headshots "1") (tks "0") (damage "195") (deaths "2")
L 08/16/2018 - 12:41:26: "Smolder<22><VALVE_ID_LAN><TERRORIST>" triggered "weaponstats2" (weapon "aug") (head "2") (chest "1") (stomach "0") (leftarm "0") (rightarm "0") (leftleg "0") (rightleg "1")
L 08/16/2018 - 12:41:26: "Smolder<22><VALVE_ID_LAN><TERRORIST>" triggered "weaponstats" (weapon "glock18") (shots "2") (hits "0") (kills "0") (headshots "0") (tks "0") (damage "0") (deaths "1")
L 08/16/2018 - 12:41:26: "Smolder<22><VALVE_ID_LAN><TERRORIST>" triggered "weaponstats2" (weapon "glock18") (head "0") (chest "0") (stomach "0") (leftarm "0") (rightarm "0") (leftleg "0") (rightleg "0")
L 08/16/2018 - 12:41:26: "Smolder<22><VALVE_ID_LAN><TERRORIST>" triggered "weaponstats" (weapon "mp5navy") (shots "161") (hits "36") (kills "10") (headshots "3") (tks "0") (damage "1062") (deaths "7")
L 08/16/2018 - 12:41:26: "Smolder<22><VALVE_ID_LAN><TERRORIST>" triggered "weaponstats2" (weapon "mp5navy") (head "3") (chest "15") (stomach "2") (leftarm "14") (rightarm "2") (leftleg "0") (rightleg "0")
L 08/16/2018 - 12:41:26: "Smolder<22><VALVE_ID_LAN><TERRORIST>" triggered "weaponstats" (weapon "m3") (shots "2") (hits "1") (kills "0") (headshots "0") (tks "0") (damage "38") (deaths "1")
L 08/16/2018 - 12:41:26: "Smolder<22><VALVE_ID_LAN><TERRORIST>" triggered "weaponstats2" (weapon "m3") (head "0") (chest "0") (stomach "0") (leftarm "1") (rightarm "0") (leftleg "0") (rightleg "0")
L 08/16/2018 - 12:41:26: "Smolder<22><VALVE_ID_LAN><TERRORIST>" triggered "weaponstats" (weapon "m4a1") (shots "2") (hits "0") (kills "0") (headshots "0") (tks "0") (damage "0") (deaths "0")
L 08/16/2018 - 12:41:26: "Smolder<22><VALVE_ID_LAN><TERRORIST>" triggered "weaponstats2" (weapon "m4a1") (head "0") (chest "0") (stomach "0") (leftarm "0") (rightarm "0") (leftleg "0") (rightleg "0")
L 08/16/2018 - 12:41:26: "Smolder<22><VALVE_ID_LAN><TERRORIST>" triggered "weaponstats" (weapon "ak47") (shots "78") (hits "17") (kills "4") (headshots "2") (tks "0") (damage "698") (deaths "4")
L 08/16/2018 - 12:41:26: "Smolder<22><VALVE_ID_LAN><TERRORIST>" triggered "weaponstats2" (weapon "ak47") (head "2") (chest "1") (stomach "0") (leftarm "7") (rightarm "2") (leftleg "1") (rightleg "4")
L 08/16/2018 - 12:41:26: "Smolder<22><VALVE_ID_LAN><TERRORIST>" triggered "weaponstats" (weapon "knife") (shots "6") (hits "3") (kills "1") (headshots "0") (tks "0") (damage "195") (deaths "5")
L 08/16/2018 - 12:41:26: "Smolder<22><VALVE_ID_LAN><TERRORIST>" triggered "weaponstats2" (weapon "knife") (head "1") (chest "1") (stomach "0") (leftarm "0") (rightarm "1") (leftleg "0") (rightleg "0")
L 08/16/2018 - 12:41:26: "Smolder<22><VALVE_ID_LAN><TERRORIST>" triggered "time" (time "9:05")
L 08/16/2018 - 12:41:26: "Smolder<22><VALVE_ID_LAN><TERRORIST>" triggered "latency" (ping "11")
L 08/16/2018 - 12:41:26: "Cable<26><VALVE_ID_LAN><TERRORIST>" triggered "weaponstats" (weapon "grenade") (shots "1") (hits "2") (kills "0") (headshots "0") (tks "0") (damage "111") (deaths "0")
L 08/16/2018 - 12:41:26: "Cable<26><VALVE_ID_LAN><TERRORIST>" triggered "weaponstats2" (weapon "grenade") (head "0") (chest "0") (stomach "0") (leftarm "0") (rightarm "0") (leftleg "0") (rightleg "0")
L 08/16/2018 - 12:41:26: "Cable<26><VALVE_ID_LAN><TERRORIST>" triggered "weaponstats" (weapon "aug") (shots "31") (hits "12") (kills "3") (headshots "1") (tks "0") (damage "427") (deaths "2")
L 08/16/2018 - 12:41:26: "Cable<26><VALVE_ID_LAN><TERRORIST>" triggered "weaponstats2" (weapon "aug") (head "1") (chest "5") (stomach "2") (leftarm "2") (rightarm "0") (leftleg "1") (rightleg "1")
L 08/16/2018 - 12:41:26: "Cable<26><VALVE_ID_LAN><TERRORIST>" triggered "weaponstats" (weapon "glock18") (shots "25") (hits "0") (kills "0") (headshots "0") (tks "0") (damage "0") (deaths "1")
L 08/16/2018 - 12:41:26: "Cable<26><VALVE_ID_LAN><TERRORIST>" triggered "weaponstats2" (weapon "glock18") (head "0") (chest "0") (stomach "0") (leftarm "0") (rightarm "0") (leftleg "0") (rightleg "0")
L 08/16/2018 - 12:41:26: "Cable<26><VALVE_ID_LAN><TERRORIST>" triggered "weaponstats" (weapon "m4a1") (shots "2") (hits "1") (kills "0") (headshots "0") (tks "0") (damage "11") (deaths "1")
L 08/16/2018 - 12:41:26: "Cable<26><VALVE_ID_LAN><TERRORIST>" triggered "weaponstats2" (weapon "m4a1") (head "0") (chest "0") (stomach "0") (leftarm "1") (rightarm "0") (leftleg "0") (rightleg "0")
L 08/16/2018 - 12:41:26: "Cable<26><VALVE_ID_LAN><TERRORIST>" triggered "weaponstats" (weapon "ak47") (shots "32") (hits "9") (kills "3") (headshots "1") (tks "0") (damage "393") (deaths "2")
L 08/16/2018 - 12:41:26: "Cable<26><VALVE_ID_LAN><TERRORIST>" triggered "weaponstats2" (weapon "ak47") (head "1") (chest "3") (stomach "2") (leftarm "0") (rightarm "2") (leftleg "0") (rightleg "1")
L 08/16/2018 - 12:41:26: "Cable<26><VALVE_ID_LAN><TERRORIST>" triggered "time" (time "4:41")
L 08/16/2018 - 12:41:26: "Cable<26><VALVE_ID_LAN><TERRORIST>" triggered "latency" (ping "9")
L 08/16/2018 - 12:41:26: [META] ini: Begin re-reading plugins list: c:/valve/cstrike/addons/metamod/plugins.ini
L 08/16/2018 - 12:41:26: [META] ini: Read plugin config for: AMX
L 08/16/2018 - 12:41:26: [META] ini: Read plugin config for: WinHL-Booster
L 08/16/2018 - 12:41:26: [META] ERROR: ini: Skipping plugin, couldn't stat file 'addons/hlguard/dlls/hlguard_mm_nightly.dll': No such file or directory
L 08/16/2018 - 12:41:26: [META] ini: Read plugin config for: WebMod
L 08/16/2018 - 12:41:26: [META] ini: Finished reading plugins list: c:/valve/cstrike/addons/metamod/plugins.ini; Found 3 plugins
L 08/16/2018 - 12:41:26: [META] dll: Updating plugins...
L 08/16/2018 - 12:41:26: [META] ERROR: dll: Failed query plugin '<hlguard_mm_nightly.dll>'; Couldn't open file 'addons/hlguard/dlls/hlguard_mm_nightly.dll': No foi possvel encontrar o mdulo especificado.

L 08/16/2018 - 12:41:26: [META] ERROR: dll: Skipping plugin '<hlguard_mm_nightly.dll>'; couldn't query
L 08/16/2018 - 12:41:26: [META] dll: Finished updating 6 plugins; kept 3, loaded 0, unloaded 0, reloaded 0, delayed 0
L 08/16/2018 - 12:41:27: Server shutdown
L 08/16/2018 - 12:41:27: Log file closed
