L 08/20/2019 - 12:29:36: Log file started (file "logs\L0820000.log") (game "cstrike") (version "47/1.1.2.2/2603")
L 08/20/2019 - 12:29:36: "Calcas Peludas<13><VALVE_ID_LAN><>" entered the game
L 08/20/2019 - 12:29:36: "Jack<14><VALVE_ID_LAN><>" entered the game
L 08/20/2019 - 12:29:37: "Cap Billy<15><VALVE_ID_LAN><>" entered the game
L 08/20/2019 - 12:29:38: "Calcas Peludas<13><VALVE_ID_LAN><>" joined team "TERRORIST"
L 08/20/2019 - 12:29:38: "Gho$T<18><VALVE_ID_LAN><>" entered the game
L 08/20/2019 - 12:29:38: "INDIO<19><VALVE_ID_LAN><>" entered the game
L 08/20/2019 - 12:29:38: "Cap Billy<15><VALVE_ID_LAN><>" joined team "CT"
L 08/20/2019 - 12:29:39: World triggered "Game_Commencing"
L 08/20/2019 - 12:29:39: World triggered "Game_Commencing" (CT "0") (T "0")
L 08/20/2019 - 12:29:39: World triggered "Round_End"
L 08/20/2019 - 12:29:39: "Jack<14><VALVE_ID_LAN><>" joined team "CT"
L 08/20/2019 - 12:29:40: "Kratos-away<16><VALVE_ID_LAN><>" entered the game
L 08/20/2019 - 12:29:40: "Ice_Man<17><VALVE_ID_LAN><>" entered the game
L 08/20/2019 - 12:29:41: "INDIO<19><VALVE_ID_LAN><>" joined team "CT"
L 08/20/2019 - 12:29:42: "Calcas Peludas<13><VALVE_ID_LAN><TERRORIST>" triggered "Spawned_With_The_Bomb"
L 08/20/2019 - 12:29:42: World triggered "Round_Start"
L 08/20/2019 - 12:29:42: "Kratos-away<16><VALVE_ID_LAN><>" joined team "TERRORIST"
L 08/20/2019 - 12:29:43: "Ice_Man<17><VALVE_ID_LAN><>" joined team "TERRORIST"
L 08/20/2019 - 12:29:46: "Gho$T<18><VALVE_ID_LAN><>" joined team "CT"
L 08/20/2019 - 12:29:47: "Kratos-away<16><VALVE_ID_LAN><TERRORIST>" killed "INDIO<19><VALVE_ID_LAN><CT>" with "aug"
L 08/20/2019 - 12:29:48: "Calcas Peludas<13><VALVE_ID_LAN><TERRORIST>" killed "Cap Billy<15><VALVE_ID_LAN><CT>" with "mac10"
L 08/20/2019 - 12:29:49: "Jack<14><VALVE_ID_LAN><CT>" killed "Ice_Man<17><VALVE_ID_LAN><TERRORIST>" with "mp5navy"
L 08/20/2019 - 12:29:51: "Calcas Peludas<13><VALVE_ID_LAN><TERRORIST>" killed "Gho$T<18><VALVE_ID_LAN><CT>" with "mac10"
L 08/20/2019 - 12:30:00: "Jack<14><VALVE_ID_LAN><CT>" killed "CEIFADOR<12><VALVE_ID_LOOPBACK><TERRORIST>" with "mp5navy"
L 08/20/2019 - 12:30:01: "Kratos-away<16><VALVE_ID_LAN><TERRORIST>" killed "Jack<14><VALVE_ID_LAN><CT>" with "aug"
L 08/20/2019 - 12:30:01: Team "TERRORIST" triggered "Terrorists_Win" (CT "0") (T "1")
L 08/20/2019 - 12:30:01: World triggered "Round_End"
L 08/20/2019 - 12:30:02: "Kitkat<20><VALVE_ID_LAN><>" connected, address "10.15.2.133:27005"
L 08/20/2019 - 12:30:06: "Kratos-away<16><VALVE_ID_LAN><TERRORIST>" triggered "Spawned_With_The_Bomb"
L 08/20/2019 - 12:30:06: World triggered "Round_Start"
L 08/20/2019 - 12:30:10: "Jack<14><VALVE_ID_LAN><CT>" killed "CEIFADOR<12><VALVE_ID_LOOPBACK><TERRORIST>" with "usp"
L 08/20/2019 - 12:30:10: "Ice_Man<17><VALVE_ID_LAN><TERRORIST>" killed "Jack<14><VALVE_ID_LAN><CT>" with "ak47"
L 08/20/2019 - 12:30:11: "Gho$T<18><VALVE_ID_LAN><CT>" killed "Ice_Man<17><VALVE_ID_LAN><TERRORIST>" with "xm1014"
L 08/20/2019 - 12:30:13: "Calcas Peludas<13><VALVE_ID_LAN><TERRORIST>" killed "Gho$T<18><VALVE_ID_LAN><CT>" with "mac10"
L 08/20/2019 - 12:30:13: "Kitkat<20><VALVE_ID_LAN><>" entered the game
L 08/20/2019 - 12:30:14: "Kratos-away<16><VALVE_ID_LAN><TERRORIST>" killed "INDIO<19><VALVE_ID_LAN><CT>" with "aug"
L 08/20/2019 - 12:30:17: "Kitkat<20><VALVE_ID_LAN><>" joined team "CT"
L 08/20/2019 - 12:30:18: "Cap Billy<15><VALVE_ID_LAN><CT>" killed "Kratos-away<16><VALVE_ID_LAN><TERRORIST>" with "xm1014"
L 08/20/2019 - 12:30:18: "Kratos-away<16><VALVE_ID_LAN><TERRORIST>" triggered "Dropped_The_Bomb"
L 08/20/2019 - 12:30:19: "Cap Billy<15><VALVE_ID_LAN><CT>" killed "Calcas Peludas<13><VALVE_ID_LAN><TERRORIST>" with "xm1014"
L 08/20/2019 - 12:30:19: Team "CT" triggered "CTs_Win" (CT "1") (T "1")
L 08/20/2019 - 12:30:19: World triggered "Round_End"
L 08/20/2019 - 12:30:21: "XXBOT Wolf<21><BOT><>" joined team "TERRORIST"
L 08/20/2019 - 12:30:21: Server cvar "bot_quota" = "1"
L 08/20/2019 - 12:30:21: "XXBOT Wolf<21><BOT><>" entered the game
L 08/20/2019 - 12:30:24: "Ice_Man<17><VALVE_ID_LAN><TERRORIST>" triggered "Spawned_With_The_Bomb"
L 08/20/2019 - 12:30:24: World triggered "Round_Start"
L 08/20/2019 - 12:30:24: "@te<22><VALVE_ID_LAN><>" connected, address "10.15.2.86:27005"
L 08/20/2019 - 12:30:28: "Gho$T<18><VALVE_ID_LAN><CT>" killed "XXBOT Wolf<21><BOT><TERRORIST>" with "mp5navy"
L 08/20/2019 - 12:30:29: "Kitkat<20><VALVE_ID_LAN><CT>" killed "Calcas Peludas<13><VALVE_ID_LAN><TERRORIST>" with "tmp"
L 08/20/2019 - 12:30:29: "Kratos-away<16><VALVE_ID_LAN><TERRORIST>" killed "Kitkat<20><VALVE_ID_LAN><CT>" with "aug"
L 08/20/2019 - 12:30:30: "Gho$T<18><VALVE_ID_LAN><CT>" killed "CEIFADOR<12><VALVE_ID_LOOPBACK><TERRORIST>" with "mp5navy"
L 08/20/2019 - 12:30:32: "Cap Billy<15><VALVE_ID_LAN><CT>" killed "Kratos-away<16><VALVE_ID_LAN><TERRORIST>" with "xm1014"
L 08/20/2019 - 12:30:33: "Ice_Man<17><VALVE_ID_LAN><TERRORIST>" killed "Jack<14><VALVE_ID_LAN><CT>" with "m249"
L 08/20/2019 - 12:30:38: "Ice_Man<17><VALVE_ID_LAN><TERRORIST>" killed "Gho$T<18><VALVE_ID_LAN><CT>" with "m249"
L 08/20/2019 - 12:30:38: "@te<22><VALVE_ID_LAN><>" entered the game
L 08/20/2019 - 12:30:38: "Ice_Man<17><VALVE_ID_LAN><TERRORIST>" killed "Cap Billy<15><VALVE_ID_LAN><CT>" with "m249"
L 08/20/2019 - 12:30:41: "Ice_Man<17><VALVE_ID_LAN><TERRORIST>" killed "INDIO<19><VALVE_ID_LAN><CT>" with "m249"
L 08/20/2019 - 12:30:41: Team "TERRORIST" triggered "Terrorists_Win" (CT "1") (T "2")
L 08/20/2019 - 12:30:41: World triggered "Round_End"
L 08/20/2019 - 12:30:45: "@te<22><VALVE_ID_LAN><>" joined team "CT"
L 08/20/2019 - 12:30:46: "XXBOT Wolf<21><BOT><TERRORIST>" triggered "Spawned_With_The_Bomb"
L 08/20/2019 - 12:30:46: World triggered "Round_Start"
L 08/20/2019 - 12:30:47: "Jack<14><VALVE_ID_LAN><CT>" say "passar kit"
L 08/20/2019 - 12:30:52: "Kratos-away<16><VALVE_ID_LAN><TERRORIST>" killed "INDIO<19><VALVE_ID_LAN><CT>" with "mac10"
L 08/20/2019 - 12:30:54: "Gho$T<18><VALVE_ID_LAN><CT>" killed "XXBOT Wolf<21><BOT><TERRORIST>" with "awp"
L 08/20/2019 - 12:30:54: "XXBOT Wolf<21><BOT><TERRORIST>" triggered "Dropped_The_Bomb"
L 08/20/2019 - 12:30:58: "CEIFADOR<12><VALVE_ID_LOOPBACK><TERRORIST>" killed "Jack<14><VALVE_ID_LAN><CT>" with "m4a1"
L 08/20/2019 - 12:30:58: "Calcas Peludas<13><VALVE_ID_LAN><TERRORIST>" killed "Kitkat<20><VALVE_ID_LAN><CT>" with "xm1014"
L 08/20/2019 - 12:30:58: "@te<22><VALVE_ID_LAN><CT>" killed "CEIFADOR<12><VALVE_ID_LOOPBACK><TERRORIST>" with "sg552"
L 08/20/2019 - 12:30:59: "Kratos-away<16><VALVE_ID_LAN><TERRORIST>" killed "@te<22><VALVE_ID_LAN><CT>" with "mac10"
L 08/20/2019 - 12:31:00: "Kratos-away<16><VALVE_ID_LAN><TERRORIST>" killed "Gho$T<18><VALVE_ID_LAN><CT>" with "mac10"
L 08/20/2019 - 12:31:00: "Cap Billy<15><VALVE_ID_LAN><CT>" killed "Kratos-away<16><VALVE_ID_LAN><TERRORIST>" with "ak47"
L 08/20/2019 - 12:31:02: "Ice_Man<17><VALVE_ID_LAN><TERRORIST>" killed "Cap Billy<15><VALVE_ID_LAN><CT>" with "m249"
L 08/20/2019 - 12:31:02: Team "TERRORIST" triggered "Terrorists_Win" (CT "1") (T "3")
L 08/20/2019 - 12:31:02: World triggered "Round_End"
L 08/20/2019 - 12:31:03: "XXBOT Moe<23><BOT><>" joined team "TERRORIST"
L 08/20/2019 - 12:31:03: Server cvar "bot_quota" = "2"
L 08/20/2019 - 12:31:03: "XXBOT Moe<23><BOT><>" entered the game
L 08/20/2019 - 12:31:03: "Kitkat<20><VALVE_ID_LAN><CT>" triggered "weaponstats" (weapon "aug") (shots "12") (hits "0") (kills "0") (headshots "0") (tks "0") (damage "0") (deaths "1")
L 08/20/2019 - 12:31:03: "Kitkat<20><VALVE_ID_LAN><CT>" triggered "weaponstats2" (weapon "aug") (head "0") (chest "0") (stomach "0") (leftarm "0") (rightarm "0") (leftleg "0") (rightleg "0")
L 08/20/2019 - 12:31:03: "Kitkat<20><VALVE_ID_LAN><CT>" triggered "weaponstats" (weapon "tmp") (shots "12") (hits "5") (kills "1") (headshots "1") (tks "0") (damage "139") (deaths "1")
L 08/20/2019 - 12:31:03: "Kitkat<20><VALVE_ID_LAN><CT>" triggered "weaponstats2" (weapon "tmp") (head "1") (chest "1") (stomach "0") (leftarm "3") (rightarm "0") (leftleg "0") (rightleg "0")
L 08/20/2019 - 12:31:03: "Kitkat<20><VALVE_ID_LAN><CT>" triggered "time" (time "0:50")
L 08/20/2019 - 12:31:03: "Kitkat<20><VALVE_ID_LAN><CT>" triggered "latency" (ping "13")
L 08/20/2019 - 12:31:03: "Kitkat<20><VALVE_ID_LAN><CT>" disconnected
L 08/20/2019 - 12:31:07: "XXBOT Moe<23><BOT><TERRORIST>" triggered "Spawned_With_The_Bomb"
L 08/20/2019 - 12:31:07: World triggered "Round_Start"
L 08/20/2019 - 12:31:16: "Jack<14><VALVE_ID_LAN><CT>" killed "CEIFADOR<12><VALVE_ID_LOOPBACK><TERRORIST>" with "m4a1"
L 08/20/2019 - 12:31:16: "XXBOT Moe<23><BOT><TERRORIST>" killed "Cap Billy<15><VALVE_ID_LAN><CT>" with "glock18"
L 08/20/2019 - 12:31:18: "Kratos-away<16><VALVE_ID_LAN><TERRORIST>" killed "INDIO<19><VALVE_ID_LAN><CT>" with "sg552"
L 08/20/2019 - 12:31:18: "Gho$T<18><VALVE_ID_LAN><CT>" killed "Ice_Man<17><VALVE_ID_LAN><TERRORIST>" with "mp5navy"
L 08/20/2019 - 12:31:19: "XXBOT Moe<23><BOT><TERRORIST>" killed "Gho$T<18><VALVE_ID_LAN><CT>" with "glock18"
L 08/20/2019 - 12:31:21: "Jack<14><VALVE_ID_LAN><CT>" killed "Calcas Peludas<13><VALVE_ID_LAN><TERRORIST>" with "m4a1"
L 08/20/2019 - 12:31:21: "Kitkat<24><VALVE_ID_LAN><>" connected, address "10.15.2.133:27005"
L 08/20/2019 - 12:31:22: Server cvar "bot_quota" = "1"
L 08/20/2019 - 12:31:22: Server cvar "bot_quota" = "0"
L 08/20/2019 - 12:31:22: Kick: "XXBOT Wolf<21><UNKNOWN><>" was kicked by "CEIFADOR"
L 08/20/2019 - 12:31:22: "XXBOT Wolf<21><BOT><TERRORIST>" disconnected
L 08/20/2019 - 12:31:22: Kick: "XXBOT Moe<23><UNKNOWN><>" was kicked by "CEIFADOR"
L 08/20/2019 - 12:31:22: "XXBOT Moe<23><BOT><TERRORIST>" triggered "Dropped_The_Bomb"
L 08/20/2019 - 12:31:22: "XXBOT Moe<23><BOT><TERRORIST>" disconnected
L 08/20/2019 - 12:31:23: "Jack<14><VALVE_ID_LAN><CT>" killed "Kratos-away<16><VALVE_ID_LAN><TERRORIST>" with "m4a1"
L 08/20/2019 - 12:31:23: Team "CT" triggered "CTs_Win" (CT "2") (T "3")
L 08/20/2019 - 12:31:23: World triggered "Round_End"
L 08/20/2019 - 12:31:24: "Kitkat<24><VALVE_ID_LAN><>" entered the game
L 08/20/2019 - 12:31:26: "Kitkat<24><VALVE_ID_LAN><>" joined team "TERRORIST"
L 08/20/2019 - 12:31:28: "CEIFADOR<12><VALVE_ID_LOOPBACK><TERRORIST>" triggered "Spawned_With_The_Bomb"
L 08/20/2019 - 12:31:28: World triggered "Round_Start"
L 08/20/2019 - 12:31:31: "Cap Billy<15><VALVE_ID_LAN><CT>" killed "Calcas Peludas<13><VALVE_ID_LAN><TERRORIST>" with "ak47"
L 08/20/2019 - 12:31:33: "CEIFADOR<12><VALVE_ID_LOOPBACK><TERRORIST>" killed "Cap Billy<15><VALVE_ID_LAN><CT>" with "xm1014"
L 08/20/2019 - 12:31:36: "Gho$T<18><VALVE_ID_LAN><CT>" killed "CEIFADOR<12><VALVE_ID_LOOPBACK><TERRORIST>" with "awp"
L 08/20/2019 - 12:31:36: "CEIFADOR<12><VALVE_ID_LOOPBACK><TERRORIST>" triggered "Dropped_The_Bomb"
L 08/20/2019 - 12:31:37: "Kratos-away<16><VALVE_ID_LAN><TERRORIST>" killed "INDIO<19><VALVE_ID_LAN><CT>" with "m4a1"
L 08/20/2019 - 12:31:39: "Ice_Man<17><VALVE_ID_LAN><TERRORIST>" killed "@te<22><VALVE_ID_LAN><CT>" with "tmp"
L 08/20/2019 - 12:31:40: "Jack<14><VALVE_ID_LAN><CT>" killed "Kitkat<24><VALVE_ID_LAN><TERRORIST>" with "m4a1"
L 08/20/2019 - 12:31:44: "Gho$T<18><VALVE_ID_LAN><CT>" killed "Kratos-away<16><VALVE_ID_LAN><TERRORIST>" with "m249"
L 08/20/2019 - 12:31:45: "Ice_Man<17><VALVE_ID_LAN><TERRORIST>" killed "Gho$T<18><VALVE_ID_LAN><CT>" with "tmp"
L 08/20/2019 - 12:31:51: "Ice_Man<17><VALVE_ID_LAN><TERRORIST>" killed "Jack<14><VALVE_ID_LAN><CT>" with "tmp"
L 08/20/2019 - 12:31:51: Team "TERRORIST" triggered "Terrorists_Win" (CT "2") (T "4")
L 08/20/2019 - 12:31:51: World triggered "Round_End"
L 08/20/2019 - 12:31:56: "Calcas Peludas<13><VALVE_ID_LAN><TERRORIST>" triggered "Spawned_With_The_Bomb"
L 08/20/2019 - 12:31:56: World triggered "Round_Start"
L 08/20/2019 - 12:32:00: "CEIFADOR<12><VALVE_ID_LOOPBACK><TERRORIST>" killed "Gho$T<18><VALVE_ID_LAN><CT>" with "mp5navy"
L 08/20/2019 - 12:32:04: "Calcas Peludas<13><VALVE_ID_LAN><TERRORIST>" killed "Cap Billy<15><VALVE_ID_LAN><CT>" with "aug"
L 08/20/2019 - 12:32:04: "Kratos-away<16><VALVE_ID_LAN><TERRORIST>" killed "CEIFADOR<12><VALVE_ID_LOOPBACK><TERRORIST>" with "tmp"
L 08/20/2019 - 12:32:04: "Calcas Peludas<13><VALVE_ID_LAN><TERRORIST>" killed "INDIO<19><VALVE_ID_LAN><CT>" with "aug"
L 08/20/2019 - 12:32:05: "Ice_Man<17><VALVE_ID_LAN><TERRORIST>" killed "@te<22><VALVE_ID_LAN><CT>" with "tmp"
L 08/20/2019 - 12:32:07: "Jack<14><VALVE_ID_LAN><CT>" killed "Ice_Man<17><VALVE_ID_LAN><TERRORIST>" with "sg552"
L 08/20/2019 - 12:32:11: "Jack<14><VALVE_ID_LAN><CT>" killed "Kratos-away<16><VALVE_ID_LAN><TERRORIST>" with "sg552"
L 08/20/2019 - 12:32:13: "Jack<14><VALVE_ID_LAN><CT>" killed "Calcas Peludas<13><VALVE_ID_LAN><TERRORIST>" with "sg552"
L 08/20/2019 - 12:32:13: "Calcas Peludas<13><VALVE_ID_LAN><TERRORIST>" triggered "Dropped_The_Bomb"
L 08/20/2019 - 12:32:16: "Kitkat<24><VALVE_ID_LAN><TERRORIST>" killed "Jack<14><VALVE_ID_LAN><CT>" with "ak47"
L 08/20/2019 - 12:32:16: Team "TERRORIST" triggered "Terrorists_Win" (CT "2") (T "5")
L 08/20/2019 - 12:32:16: World triggered "Round_End"
L 08/20/2019 - 12:32:18: "Kitkat<24><VALVE_ID_LAN><TERRORIST>" triggered "Got_The_Bomb"
L 08/20/2019 - 12:32:21: "Kratos-away<16><VALVE_ID_LAN><TERRORIST>" triggered "Spawned_With_The_Bomb"
L 08/20/2019 - 12:32:21: World triggered "Round_Start"
L 08/20/2019 - 12:32:21: "Kratos-away<16><VALVE_ID_LAN><TERRORIST>" committed suicide with "world"
L 08/20/2019 - 12:32:21: "Kratos-away<16><VALVE_ID_LAN><TERRORIST>" triggered "Dropped_The_Bomb"
L 08/20/2019 - 12:32:24: "CEIFADOR<12><VALVE_ID_LOOPBACK><TERRORIST>" killed "Jack<14><VALVE_ID_LAN><CT>" with "ak47"
L 08/20/2019 - 12:32:25: "Calcas Peludas<13><VALVE_ID_LAN><TERRORIST>" killed "Cap Billy<15><VALVE_ID_LAN><CT>" with "sg552"
L 08/20/2019 - 12:32:28: "CEIFADOR<12><VALVE_ID_LOOPBACK><TERRORIST>" killed "@te<22><VALVE_ID_LAN><CT>" with "ak47"
L 08/20/2019 - 12:32:33: "Gho$T<18><VALVE_ID_LAN><CT>" killed "Calcas Peludas<13><VALVE_ID_LAN><TERRORIST>" with "knife"
L 08/20/2019 - 12:32:34: "Kitkat<24><VALVE_ID_LAN><TERRORIST>" killed "Gho$T<18><VALVE_ID_LAN><CT>" with "ak47"
L 08/20/2019 - 12:32:34: "Ice_Man<17><VALVE_ID_LAN><TERRORIST>" killed "INDIO<19><VALVE_ID_LAN><CT>" with "m249"
L 08/20/2019 - 12:32:34: Team "TERRORIST" triggered "Terrorists_Win" (CT "2") (T "6")
L 08/20/2019 - 12:32:34: World triggered "Round_End"
L 08/20/2019 - 12:32:36: "Calcas Peludas<13><VALVE_ID_LAN><TERRORIST>" say "ei meu deus" (dead)
L 08/20/2019 - 12:32:36: "Gho$T<18><VALVE_ID_LAN><CT>" say "HAAHUAHUAHAUAHUAH" (dead)
L 08/20/2019 - 12:32:37: "Kratos-away<16><VALVE_ID_LAN><TERRORIST>" say "comecou a travar >(" (dead)
L 08/20/2019 - 12:32:39: "Gho$T<18><VALVE_ID_LAN><CT>" say "HAUAHAHUAHUAHAUHAU" (dead)
L 08/20/2019 - 12:32:39: "Ice_Man<17><VALVE_ID_LAN><TERRORIST>" triggered "Spawned_With_The_Bomb"
L 08/20/2019 - 12:32:39: World triggered "Round_Start"
L 08/20/2019 - 12:32:40: "Jack<14><VALVE_ID_LAN><CT>" say "no lindo lago do amooorrrrrr"
L 08/20/2019 - 12:32:40: "Cap Billy<15><VALVE_ID_LAN><CT>" say "NA PIA BATISMALLLLLLLL"
L 08/20/2019 - 12:32:40: "@te<22><VALVE_ID_LAN><CT>" say "eita boa tarde"
L 08/20/2019 - 12:32:41: "Calcas Peludas<13><VALVE_ID_LAN><TERRORIST>" say "facada molhada"
L 08/20/2019 - 12:32:44: "Kitkat<24><VALVE_ID_LAN><TERRORIST>" killed "INDIO<19><VALVE_ID_LAN><CT>" with "ak47"
L 08/20/2019 - 12:32:44: "Cap Billy<15><VALVE_ID_LAN><CT>" killed "Kratos-away<16><VALVE_ID_LAN><TERRORIST>" with "m4a1"
L 08/20/2019 - 12:32:45: "Calcas Peludas<13><VALVE_ID_LAN><TERRORIST>" killed "@te<22><VALVE_ID_LAN><CT>" with "xm1014"
L 08/20/2019 - 12:32:47: "CEIFADOR<12><VALVE_ID_LOOPBACK><TERRORIST>" killed "Cap Billy<15><VALVE_ID_LAN><CT>" with "ak47"
L 08/20/2019 - 12:32:47: "Gho$T<18><VALVE_ID_LAN><CT>" killed "Kitkat<24><VALVE_ID_LAN><TERRORIST>" with "p90"
L 08/20/2019 - 12:32:51: "CEIFADOR<12><VALVE_ID_LOOPBACK><TERRORIST>" killed "Gho$T<18><VALVE_ID_LAN><CT>" with "ak47"
L 08/20/2019 - 12:32:53: "CEIFADOR<12><VALVE_ID_LOOPBACK><TERRORIST>" killed "Jack<14><VALVE_ID_LAN><CT>" with "ak47"
L 08/20/2019 - 12:32:53: Team "TERRORIST" triggered "Terrorists_Win" (CT "2") (T "7")
L 08/20/2019 - 12:32:53: World triggered "Round_End"
L 08/20/2019 - 12:32:58: "Kitkat<24><VALVE_ID_LAN><TERRORIST>" triggered "Spawned_With_The_Bomb"
L 08/20/2019 - 12:32:58: World triggered "Round_Start"
L 08/20/2019 - 12:32:58: "Cap Billy<15><VALVE_ID_LAN><CT>" say "eu te batizooo"
L 08/20/2019 - 12:33:01: "Kratos-away<16><VALVE_ID_LAN><TERRORIST>" killed "Gho$T<18><VALVE_ID_LAN><CT>" with "aug"
L 08/20/2019 - 12:33:03: "Cap Billy<15><VALVE_ID_LAN><CT>" killed "Calcas Peludas<13><VALVE_ID_LAN><TERRORIST>" with "awp"
L 08/20/2019 - 12:33:05: "Kratos-away<16><VALVE_ID_LAN><TERRORIST>" killed "INDIO<19><VALVE_ID_LAN><CT>" with "aug"
L 08/20/2019 - 12:33:07: "Calcas Peludas<13><VALVE_ID_LAN><TERRORIST>" say "batizado " (dead)
L 08/20/2019 - 12:33:07: "Ice_Man<17><VALVE_ID_LAN><TERRORIST>" killed "@te<22><VALVE_ID_LAN><CT>" with "xm1014"
L 08/20/2019 - 12:33:09: "CEIFADOR<12><VALVE_ID_LOOPBACK><TERRORIST>" killed "Jack<14><VALVE_ID_LAN><CT>" with "ak47"
L 08/20/2019 - 12:33:09: "Cap Billy<15><VALVE_ID_LAN><CT>" killed "CEIFADOR<12><VALVE_ID_LOOPBACK><TERRORIST>" with "tmp"
L 08/20/2019 - 12:33:10: "Calcas Peludas<13><VALVE_ID_LAN><TERRORIST>" say "kkkkkkkk" (dead)
L 08/20/2019 - 12:33:10: "Cap Billy<15><VALVE_ID_LAN><CT>" killed "Kitkat<24><VALVE_ID_LAN><TERRORIST>" with "tmp"
L 08/20/2019 - 12:33:10: "Kitkat<24><VALVE_ID_LAN><TERRORIST>" triggered "Dropped_The_Bomb"
L 08/20/2019 - 12:33:14: "Gho$T<18><VALVE_ID_LAN><CT>" say "kkkk" (dead)
L 08/20/2019 - 12:33:15: "Ice_Man<17><VALVE_ID_LAN><TERRORIST>" killed "Cap Billy<15><VALVE_ID_LAN><CT>" with "xm1014"
L 08/20/2019 - 12:33:15: Team "TERRORIST" triggered "Terrorists_Win" (CT "2") (T "8")
L 08/20/2019 - 12:33:15: World triggered "Round_End"
L 08/20/2019 - 12:33:16: "Kratos-away<16><VALVE_ID_LAN><TERRORIST>" triggered "Got_The_Bomb"
L 08/20/2019 - 12:33:20: "CEIFADOR<12><VALVE_ID_LOOPBACK><TERRORIST>" triggered "Spawned_With_The_Bomb"
L 08/20/2019 - 12:33:20: World triggered "Round_Start"
L 08/20/2019 - 12:33:24: "Kratos-away<16><VALVE_ID_LAN><TERRORIST>" killed "Cap Billy<15><VALVE_ID_LAN><CT>" with "aug"
L 08/20/2019 - 12:33:25: "Gho$T<18><VALVE_ID_LAN><CT>" killed "Kitkat<24><VALVE_ID_LAN><TERRORIST>" with "awp"
L 08/20/2019 - 12:33:28: "Ice_Man<17><VALVE_ID_LAN><TERRORIST>" killed "Jack<14><VALVE_ID_LAN><CT>" with "xm1014"
L 08/20/2019 - 12:33:29: "Gho$T<18><VALVE_ID_LAN><CT>" killed "Calcas Peludas<13><VALVE_ID_LAN><TERRORIST>" with "awp"
L 08/20/2019 - 12:33:29: "Ice_Man<17><VALVE_ID_LAN><TERRORIST>" killed "INDIO<19><VALVE_ID_LAN><CT>" with "xm1014"
L 08/20/2019 - 12:33:30: "Ice_Man<17><VALVE_ID_LAN><TERRORIST>" killed "@te<22><VALVE_ID_LAN><CT>" with "xm1014"
L 08/20/2019 - 12:33:32: "Kratos-away<16><VALVE_ID_LAN><TERRORIST>" killed "Gho$T<18><VALVE_ID_LAN><CT>" with "aug"
L 08/20/2019 - 12:33:32: Team "TERRORIST" triggered "Terrorists_Win" (CT "2") (T "9")
L 08/20/2019 - 12:33:32: World triggered "Round_End"
L 08/20/2019 - 12:33:37: "Calcas Peludas<13><VALVE_ID_LAN><TERRORIST>" triggered "Spawned_With_The_Bomb"
L 08/20/2019 - 12:33:37: World triggered "Round_Start"
L 08/20/2019 - 12:33:42: "Ice_Man<17><VALVE_ID_LAN><TERRORIST>" killed "Gho$T<18><VALVE_ID_LAN><CT>" with "xm1014"
L 08/20/2019 - 12:33:43: "Jack<14><VALVE_ID_LAN><CT>" killed "Kratos-away<16><VALVE_ID_LAN><TERRORIST>" with "usp"
L 08/20/2019 - 12:33:43: "Cap Billy<15><VALVE_ID_LAN><CT>" killed "Ice_Man<17><VALVE_ID_LAN><TERRORIST>" with "m4a1"
L 08/20/2019 - 12:33:44: "CEIFADOR<12><VALVE_ID_LOOPBACK><TERRORIST>" killed "Jack<14><VALVE_ID_LAN><CT>" with "ak47"
L 08/20/2019 - 12:33:47: "Calcas Peludas<13><VALVE_ID_LAN><TERRORIST>" killed "INDIO<19><VALVE_ID_LAN><CT>" with "aug"
L 08/20/2019 - 12:33:49: "Calcas Peludas<13><VALVE_ID_LAN><TERRORIST>" killed "Cap Billy<15><VALVE_ID_LAN><CT>" with "aug"
L 08/20/2019 - 12:33:51: "CEIFADOR<12><VALVE_ID_LOOPBACK><TERRORIST>" killed "@te<22><VALVE_ID_LAN><CT>" with "ak47"
L 08/20/2019 - 12:33:51: Team "TERRORIST" triggered "Terrorists_Win" (CT "2") (T "10")
L 08/20/2019 - 12:33:51: World triggered "Round_End"
L 08/20/2019 - 12:33:54: "Cap Billy<15><VALVE_ID_LAN><CT>" say "sai da tocaaa" (dead)
L 08/20/2019 - 12:33:56: "Kratos-away<16><VALVE_ID_LAN><TERRORIST>" triggered "Spawned_With_The_Bomb"
L 08/20/2019 - 12:33:56: World triggered "Round_Start"
L 08/20/2019 - 12:33:58: "Calcas Peludas<13><VALVE_ID_LAN><TERRORIST>" killed "INDIO<19><VALVE_ID_LAN><CT>" with "sg552"
L 08/20/2019 - 12:33:58: "Calcas Peludas<13><VALVE_ID_LAN><TERRORIST>" killed "Cap Billy<15><VALVE_ID_LAN><CT>" with "sg552"
L 08/20/2019 - 12:34:02: "Gho$T<18><VALVE_ID_LAN><CT>" killed "CEIFADOR<12><VALVE_ID_LOOPBACK><TERRORIST>" with "aug"
L 08/20/2019 - 12:34:03: "Gho$T<18><VALVE_ID_LAN><CT>" killed "Calcas Peludas<13><VALVE_ID_LAN><TERRORIST>" with "aug"
L 08/20/2019 - 12:34:03: "Kratos-away<16><VALVE_ID_LAN><TERRORIST>" killed "Jack<14><VALVE_ID_LAN><CT>" with "aug"
L 08/20/2019 - 12:34:03: "Kitkat<24><VALVE_ID_LAN><TERRORIST>" killed "Gho$T<18><VALVE_ID_LAN><CT>" with "m4a1"
L 08/20/2019 - 12:34:07: "@te<22><VALVE_ID_LAN><CT>" killed "Ice_Man<17><VALVE_ID_LAN><TERRORIST>" with "p90"
L 08/20/2019 - 12:34:08: "@te<22><VALVE_ID_LAN><CT>" killed "Kratos-away<16><VALVE_ID_LAN><TERRORIST>" with "p90"
L 08/20/2019 - 12:34:08: "Kratos-away<16><VALVE_ID_LAN><TERRORIST>" triggered "Dropped_The_Bomb"
L 08/20/2019 - 12:34:13: "Kitkat<24><VALVE_ID_LAN><TERRORIST>" killed "@te<22><VALVE_ID_LAN><CT>" with "m4a1"
L 08/20/2019 - 12:34:13: Team "TERRORIST" triggered "Terrorists_Win" (CT "2") (T "11")
L 08/20/2019 - 12:34:13: World triggered "Round_End"
L 08/20/2019 - 12:34:17: "Calcas Peludas<13><VALVE_ID_LAN><TERRORIST>" say "indio pode jogar" (dead)
L 08/20/2019 - 12:34:18: "Ice_Man<17><VALVE_ID_LAN><TERRORIST>" triggered "Spawned_With_The_Bomb"
L 08/20/2019 - 12:34:18: World triggered "Round_Start"
L 08/20/2019 - 12:34:24: "Ice_Man<17><VALVE_ID_LAN><TERRORIST>" killed "Gho$T<18><VALVE_ID_LAN><CT>" with "sg552"
L 08/20/2019 - 12:34:25: "Cap Billy<15><VALVE_ID_LAN><CT>" killed "Calcas Peludas<13><VALVE_ID_LAN><TERRORIST>" with "xm1014"
L 08/20/2019 - 12:34:27: "CEIFADOR<12><VALVE_ID_LOOPBACK><TERRORIST>" killed "Jack<14><VALVE_ID_LAN><CT>" with "mp5navy"
L 08/20/2019 - 12:34:28: "Gho$T<18><VALVE_ID_LAN><CT>" say "kkkkk" (dead)
L 08/20/2019 - 12:34:28: "Ice_Man<17><VALVE_ID_LAN><TERRORIST>" killed "Cap Billy<15><VALVE_ID_LAN><CT>" with "sg552"
L 08/20/2019 - 12:34:29: "CEIFADOR<12><VALVE_ID_LOOPBACK><TERRORIST>" killed "@te<22><VALVE_ID_LAN><CT>" with "mp5navy"
L 08/20/2019 - 12:34:30: "Ice_Man<17><VALVE_ID_LAN><TERRORIST>" killed "INDIO<19><VALVE_ID_LAN><CT>" with "sg552"
L 08/20/2019 - 12:34:30: Team "TERRORIST" triggered "Terrorists_Win" (CT "2") (T "12")
L 08/20/2019 - 12:34:30: World triggered "Round_End"
L 08/20/2019 - 12:34:35: "Kitkat<24><VALVE_ID_LAN><TERRORIST>" triggered "Spawned_With_The_Bomb"
L 08/20/2019 - 12:34:35: World triggered "Round_Start"
L 08/20/2019 - 12:34:39: "Cap Billy<15><VALVE_ID_LAN><CT>" killed "Ice_Man<17><VALVE_ID_LAN><TERRORIST>" with "awp"
L 08/20/2019 - 12:34:41: "Calcas Peludas<13><VALVE_ID_LAN><TERRORIST>" killed "Gho$T<18><VALVE_ID_LAN><CT>" with "aug"
L 08/20/2019 - 12:34:42: "Kratos-away<16><VALVE_ID_LAN><TERRORIST>" killed "Jack<14><VALVE_ID_LAN><CT>" with "knife"
L 08/20/2019 - 12:34:43: "INDIO<19><VALVE_ID_LAN><CT>" killed "Kitkat<24><VALVE_ID_LAN><TERRORIST>" with "m4a1"
L 08/20/2019 - 12:34:43: "Kitkat<24><VALVE_ID_LAN><TERRORIST>" triggered "Dropped_The_Bomb"
L 08/20/2019 - 12:34:44: "Calcas Peludas<13><VALVE_ID_LAN><TERRORIST>" killed "INDIO<19><VALVE_ID_LAN><CT>" with "aug"
L 08/20/2019 - 12:34:45: "Ice_Man<17><VALVE_ID_LAN><TERRORIST>" say "ui" (dead)
L 08/20/2019 - 12:34:45: "CEIFADOR<12><VALVE_ID_LOOPBACK><TERRORIST>" triggered "Got_The_Bomb"
L 08/20/2019 - 12:34:45: "Jack<14><VALVE_ID_LAN><CT>" say "viado" (dead)
L 08/20/2019 - 12:34:51: "Cap Billy<15><VALVE_ID_LAN><CT>" killed "CEIFADOR<12><VALVE_ID_LOOPBACK><TERRORIST>" with "mp5navy"
L 08/20/2019 - 12:34:51: "CEIFADOR<12><VALVE_ID_LOOPBACK><TERRORIST>" triggered "Dropped_The_Bomb"
L 08/20/2019 - 12:34:55: "Cap Billy<15><VALVE_ID_LAN><CT>" killed "Calcas Peludas<13><VALVE_ID_LAN><TERRORIST>" with "mp5navy"
L 08/20/2019 - 12:34:55: "Ice_Man<17><VALVE_ID_LAN><TERRORIST>" say "camper.." (dead)
L 08/20/2019 - 12:35:00: "Kratos-away<16><VALVE_ID_LAN><TERRORIST>" killed "Cap Billy<15><VALVE_ID_LAN><CT>" with "tmp"
L 08/20/2019 - 12:35:05: "Ice_Man<17><VALVE_ID_LAN><TERRORIST>" say "kkkkk" (dead)
L 08/20/2019 - 12:35:12: "Cap Billy<15><VALVE_ID_LAN><CT>" say_team "o q foi indio?" (dead)
L 08/20/2019 - 12:35:12: "@te<22><VALVE_ID_LAN><CT>" killed "Kratos-away<16><VALVE_ID_LAN><TERRORIST>" with "p90"
L 08/20/2019 - 12:35:12: Team "CT" triggered "CTs_Win" (CT "3") (T "12")
L 08/20/2019 - 12:35:12: World triggered "Round_End"
L 08/20/2019 - 12:35:14: "Kratos-away<16><VALVE_ID_LAN><TERRORIST>" say "porra" (dead)
L 08/20/2019 - 12:35:17: "CEIFADOR<12><VALVE_ID_LOOPBACK><TERRORIST>" triggered "Spawned_With_The_Bomb"
L 08/20/2019 - 12:35:17: World triggered "Round_Start"
L 08/20/2019 - 12:35:18: "Kratos-away<16><VALVE_ID_LAN><TERRORIST>" say "boa tarde em quem"
L 08/20/2019 - 12:35:22: "Calcas Peludas<13><VALVE_ID_LAN><TERRORIST>" killed "@te<22><VALVE_ID_LAN><CT>" with "mac10"
L 08/20/2019 - 12:35:22: "Gho$T<18><VALVE_ID_LAN><CT>" killed "Ice_Man<17><VALVE_ID_LAN><TERRORIST>" with "awp"
L 08/20/2019 - 12:35:24: "Kratos-away<16><VALVE_ID_LAN><TERRORIST>" killed "INDIO<19><VALVE_ID_LAN><CT>" with "aug"
L 08/20/2019 - 12:35:24: "CEIFADOR<12><VALVE_ID_LOOPBACK><TERRORIST>" killed "Jack<14><VALVE_ID_LAN><CT>" with "mp5navy"
L 08/20/2019 - 12:35:26: "Gho$T<18><VALVE_ID_LAN><CT>" killed "Calcas Peludas<13><VALVE_ID_LAN><TERRORIST>" with "tmp"
L 08/20/2019 - 12:35:27: "Kitkat<24><VALVE_ID_LAN><TERRORIST>" killed "Gho$T<18><VALVE_ID_LAN><CT>" with "tmp"
L 08/20/2019 - 12:35:29: "Cap Billy<15><VALVE_ID_LAN><CT>" killed "Kratos-away<16><VALVE_ID_LAN><TERRORIST>" with "mp5navy"
L 08/20/2019 - 12:35:30: "Cap Billy<15><VALVE_ID_LAN><CT>" killed "CEIFADOR<12><VALVE_ID_LOOPBACK><TERRORIST>" with "mp5navy"
L 08/20/2019 - 12:35:30: "CEIFADOR<12><VALVE_ID_LOOPBACK><TERRORIST>" triggered "Dropped_The_Bomb"
L 08/20/2019 - 12:35:32: "Cap Billy<15><VALVE_ID_LAN><CT>" killed "Kitkat<24><VALVE_ID_LAN><TERRORIST>" with "mp5navy"
L 08/20/2019 - 12:35:32: Team "CT" triggered "CTs_Win" (CT "4") (T "12")
L 08/20/2019 - 12:35:32: World triggered "Round_End"
L 08/20/2019 - 12:35:35: "Gho$T<18><VALVE_ID_LAN><CT>" say "cno calcas" (dead)
L 08/20/2019 - 12:35:35: "Jack<14><VALVE_ID_LAN><CT>" say "sonha alice.. ghost no calcas" (dead)
L 08/20/2019 - 12:35:36: "Kratos-away<16><VALVE_ID_LAN><TERRORIST>" say "boa tarde foi em quem?" (dead)
L 08/20/2019 - 12:35:37: "Calcas Peludas<13><VALVE_ID_LAN><TERRORIST>" triggered "Spawned_With_The_Bomb"
L 08/20/2019 - 12:35:37: World triggered "Round_Start"
L 08/20/2019 - 12:35:41: "Gho$T<18><VALVE_ID_LAN><CT>" killed "Calcas Peludas<13><VALVE_ID_LAN><TERRORIST>" with "xm1014"
L 08/20/2019 - 12:35:41: "Calcas Peludas<13><VALVE_ID_LAN><TERRORIST>" triggered "Dropped_The_Bomb"
L 08/20/2019 - 12:35:43: "Calcas Peludas<13><VALVE_ID_LAN><TERRORIST>" say "calcas" (dead)
L 08/20/2019 - 12:35:43: "Jack<14><VALVE_ID_LAN><CT>" killed "Ice_Man<17><VALVE_ID_LAN><TERRORIST>" with "p90"
L 08/20/2019 - 12:35:44: "Cap Billy<15><VALVE_ID_LAN><CT>" killed "Kratos-away<16><VALVE_ID_LAN><TERRORIST>" with "mp5navy"
L 08/20/2019 - 12:35:44: "Kitkat<24><VALVE_ID_LAN><TERRORIST>" killed "Jack<14><VALVE_ID_LAN><CT>" with "p90"
L 08/20/2019 - 12:35:45: "Cap Billy<15><VALVE_ID_LAN><CT>" killed "CEIFADOR<12><VALVE_ID_LOOPBACK><TERRORIST>" with "mp5navy"
L 08/20/2019 - 12:35:46: "INDIO<19><VALVE_ID_LAN><CT>" killed "Kitkat<24><VALVE_ID_LAN><TERRORIST>" with "m4a1"
L 08/20/2019 - 12:35:46: Team "CT" triggered "CTs_Win" (CT "5") (T "12")
L 08/20/2019 - 12:35:46: World triggered "Round_End"
L 08/20/2019 - 12:35:49: "Kratos-away<16><VALVE_ID_LAN><TERRORIST>" say "pena\" (dead)
L 08/20/2019 - 12:35:51: "Kratos-away<16><VALVE_ID_LAN><TERRORIST>" triggered "Spawned_With_The_Bomb"
L 08/20/2019 - 12:35:51: World triggered "Round_Start"
L 08/20/2019 - 12:35:53: "INDIO<19><VALVE_ID_LAN><CT>" killed "Ice_Man<17><VALVE_ID_LAN><TERRORIST>" with "m4a1"
L 08/20/2019 - 12:35:54: "Jack<14><VALVE_ID_LAN><CT>" killed "Calcas Peludas<13><VALVE_ID_LAN><TERRORIST>" with "usp"
L 08/20/2019 - 12:35:54: "Cap Billy<15><VALVE_ID_LAN><CT>" killed "CEIFADOR<12><VALVE_ID_LOOPBACK><TERRORIST>" with "grenade"
L 08/20/2019 - 12:35:55: "Gho$T<18><VALVE_ID_LAN><CT>" say "noi calcas"
L 08/20/2019 - 12:35:55: "Ice_Man<17><VALVE_ID_LAN><TERRORIST>" say "eita" (dead)
L 08/20/2019 - 12:35:56: "Kratos-away<16><VALVE_ID_LAN><TERRORIST>" killed "Jack<14><VALVE_ID_LAN><CT>" with "xm1014"
L 08/20/2019 - 12:35:56: "Cap Billy<15><VALVE_ID_LAN><CT>" killed "Kratos-away<16><VALVE_ID_LAN><TERRORIST>" with "mp5navy"
L 08/20/2019 - 12:35:56: "Kratos-away<16><VALVE_ID_LAN><TERRORIST>" triggered "Dropped_The_Bomb"
L 08/20/2019 - 12:35:58: "Cap Billy<15><VALVE_ID_LAN><CT>" killed "Kitkat<24><VALVE_ID_LAN><TERRORIST>" with "mp5navy"
L 08/20/2019 - 12:35:58: Team "CT" triggered "CTs_Win" (CT "6") (T "12")
L 08/20/2019 - 12:35:58: World triggered "Round_End"
L 08/20/2019 - 12:36:03: "Ice_Man<17><VALVE_ID_LAN><TERRORIST>" triggered "Spawned_With_The_Bomb"
L 08/20/2019 - 12:36:03: World triggered "Round_Start"
L 08/20/2019 - 12:36:06: "INDIO<19><VALVE_ID_LAN><CT>" killed "Calcas Peludas<13><VALVE_ID_LAN><TERRORIST>" with "m4a1"
L 08/20/2019 - 12:36:06: "Gho$T<18><VALVE_ID_LAN><CT>" killed "Ice_Man<17><VALVE_ID_LAN><TERRORIST>" with "grenade"
L 08/20/2019 - 12:36:06: "Ice_Man<17><VALVE_ID_LAN><TERRORIST>" triggered "Dropped_The_Bomb"
L 08/20/2019 - 12:36:08: "Kratos-away<16><VALVE_ID_LAN><TERRORIST>" killed "INDIO<19><VALVE_ID_LAN><CT>" with "aug"
L 08/20/2019 - 12:36:12: "Cap Billy<15><VALVE_ID_LAN><CT>" killed "CEIFADOR<12><VALVE_ID_LOOPBACK><TERRORIST>" with "mp5navy"
L 08/20/2019 - 12:36:13: "Kratos-away<16><VALVE_ID_LAN><TERRORIST>" killed "Cap Billy<15><VALVE_ID_LAN><CT>" with "aug"
L 08/20/2019 - 12:36:17: "@te<22><VALVE_ID_LAN><CT>" killed "Kitkat<24><VALVE_ID_LAN><TERRORIST>" with "mp5navy"
L 08/20/2019 - 12:36:17: "Kratos-away<16><VALVE_ID_LAN><TERRORIST>" killed "Gho$T<18><VALVE_ID_LAN><CT>" with "aug"
L 08/20/2019 - 12:36:22: "Cap Billy<15><VALVE_ID_LAN><CT>" say "thahhahahaahahahahaha" (dead)
L 08/20/2019 - 12:36:28: "Kratos-away<16><VALVE_ID_LAN><TERRORIST>" killed "Jack<14><VALVE_ID_LAN><CT>" with "aug"
L 08/20/2019 - 12:36:31: "Gho$T<18><VALVE_ID_LAN><CT>" say "desliga o xvideos kratos" (dead)
L 08/20/2019 - 12:36:33: "@te<22><VALVE_ID_LAN><CT>" killed "Kratos-away<16><VALVE_ID_LAN><TERRORIST>" with "mp5navy"
L 08/20/2019 - 12:36:33: Team "CT" triggered "CTs_Win" (CT "7") (T "12")
L 08/20/2019 - 12:36:33: World triggered "Round_End"
L 08/20/2019 - 12:36:38: "Kitkat<24><VALVE_ID_LAN><TERRORIST>" triggered "Spawned_With_The_Bomb"
L 08/20/2019 - 12:36:38: World triggered "Round_Start"
L 08/20/2019 - 12:36:44: "Ice_Man<17><VALVE_ID_LAN><TERRORIST>" killed "Gho$T<18><VALVE_ID_LAN><CT>" with "mp5navy"
L 08/20/2019 - 12:36:44: "Kitkat<24><VALVE_ID_LAN><TERRORIST>" killed "INDIO<19><VALVE_ID_LAN><CT>" with "p90"
L 08/20/2019 - 12:36:45: "Kratos-away<16><VALVE_ID_LAN><TERRORIST>" killed "Calcas Peludas<13><VALVE_ID_LAN><TERRORIST>" with "sg552"
L 08/20/2019 - 12:36:46: "Kratos-away<16><VALVE_ID_LAN><TERRORIST>" killed "@te<22><VALVE_ID_LAN><CT>" with "sg552"
L 08/20/2019 - 12:36:48: "Calcas Peludas<13><VALVE_ID_LAN><TERRORIST>" joined team "CT"
L 08/20/2019 - 12:36:49: "Jack<14><VALVE_ID_LAN><CT>" killed "Ice_Man<17><VALVE_ID_LAN><TERRORIST>" with "mac10"
L 08/20/2019 - 12:36:51: "Ice_Man<17><VALVE_ID_LAN><TERRORIST>" say "camper" (dead)
L 08/20/2019 - 12:36:52: "Cap Billy<15><VALVE_ID_LAN><CT>" killed "CEIFADOR<12><VALVE_ID_LOOPBACK><TERRORIST>" with "mp5navy"
L 08/20/2019 - 12:36:54: "Cap Billy<15><VALVE_ID_LAN><CT>" killed "Kratos-away<16><VALVE_ID_LAN><TERRORIST>" with "mp5navy"
L 08/20/2019 - 12:36:57: "Calcas Peludas<13><VALVE_ID_LAN><CT>" triggered "weaponstats" (weapon "grenade") (shots "3") (hits "7") (kills "0") (headshots "0") (tks "0") (damage "135") (deaths "0")
L 08/20/2019 - 12:36:57: "Calcas Peludas<13><VALVE_ID_LAN><CT>" triggered "weaponstats2" (weapon "grenade") (head "0") (chest "0") (stomach "0") (leftarm "0") (rightarm "0") (leftleg "0") (rightleg "0")
L 08/20/2019 - 12:36:57: "Calcas Peludas<13><VALVE_ID_LAN><CT>" triggered "weaponstats" (weapon "xm1014") (shots "17") (hits "6") (kills "2") (headshots "0") (tks "0") (damage "348") (deaths "4")
L 08/20/2019 - 12:36:57: "Calcas Peludas<13><VALVE_ID_LAN><CT>" triggered "weaponstats2" (weapon "xm1014") (head "0") (chest "1") (stomach "0") (leftarm "2") (rightarm "1") (leftleg "0") (rightleg "2")
L 08/20/2019 - 12:36:57: "Calcas Peludas<13><VALVE_ID_LAN><CT>" triggered "weaponstats" (weapon "mac10") (shots "79") (hits "9") (kills "4") (headshots "2") (tks "0") (damage "342") (deaths "2")
L 08/20/2019 - 12:36:57: "Calcas Peludas<13><VALVE_ID_LAN><CT>" triggered "weaponstats2" (weapon "mac10") (head "2") (chest "3") (stomach "0") (leftarm "1") (rightarm "0") (leftleg "1") (rightleg "2")
L 08/20/2019 - 12:36:57: "Calcas Peludas<13><VALVE_ID_LAN><CT>" triggered "weaponstats" (weapon "aug") (shots "80") (hits "19") (kills "6") (headshots "2") (tks "0") (damage "671") (deaths "2")
L 08/20/2019 - 12:36:57: "Calcas Peludas<13><VALVE_ID_LAN><CT>" triggered "weaponstats2" (weapon "aug") (head "2") (chest "3") (stomach "1") (leftarm "10") (rightarm "2") (leftleg "0") (rightleg "1")
L 08/20/2019 - 12:36:57: "Calcas Peludas<13><VALVE_ID_LAN><CT>" triggered "weaponstats" (weapon "tmp") (shots "1") (hits "0") (kills "0") (headshots "0") (tks "0") (damage "0") (deaths "0")
L 08/20/2019 - 12:36:57: "Calcas Peludas<13><VALVE_ID_LAN><CT>" triggered "weaponstats2" (weapon "tmp") (head "0") (chest "0") (stomach "0") (leftarm "0") (rightarm "0") (leftleg "0") (rightleg "0")
L 08/20/2019 - 12:36:57: "Calcas Peludas<13><VALVE_ID_LAN><CT>" triggered "weaponstats" (weapon "sg552") (shots "54") (hits "9") (kills "3") (headshots "1") (tks "0") (damage "380") (deaths "4")
L 08/20/2019 - 12:36:57: "Calcas Peludas<13><VALVE_ID_LAN><CT>" triggered "weaponstats2" (weapon "sg552") (head "1") (chest "0") (stomach "3") (leftarm "1") (rightarm "1") (leftleg "1") (rightleg "2")
L 08/20/2019 - 12:36:57: "Calcas Peludas<13><VALVE_ID_LAN><CT>" triggered "weaponstats" (weapon "ak47") (shots "39") (hits "6") (kills "0") (headshots "0") (tks "0") (damage "118") (deaths "3")
L 08/20/2019 - 12:36:57: "Calcas Peludas<13><VALVE_ID_LAN><CT>" triggered "weaponstats2" (weapon "ak47") (head "0") (chest "0") (stomach "0") (leftarm "4") (rightarm "0") (leftleg "1") (rightleg "1")
L 08/20/2019 - 12:36:57: "Calcas Peludas<13><VALVE_ID_LAN><CT>" triggered "weaponstats" (weapon "knife") (shots "8") (hits "0") (kills "0") (headshots "0") (tks "0") (damage "0") (deaths "0")
L 08/20/2019 - 12:36:57: "Calcas Peludas<13><VALVE_ID_LAN><CT>" triggered "weaponstats2" (weapon "knife") (head "0") (chest "0") (stomach "0") (leftarm "0") (rightarm "0") (leftleg "0") (rightleg "0")
L 08/20/2019 - 12:36:57: "Calcas Peludas<13><VALVE_ID_LAN><CT>" triggered "weaponstats" (weapon "p90") (shots "16") (hits "4") (kills "0") (headshots "0") (tks "0") (damage "79") (deaths "1")
L 08/20/2019 - 12:36:57: "Calcas Peludas<13><VALVE_ID_LAN><CT>" triggered "weaponstats2" (weapon "p90") (head "0") (chest "1") (stomach "1") (leftarm "1") (rightarm "1") (leftleg "0") (rightleg "0")
L 08/20/2019 - 12:36:57: "Calcas Peludas<13><VALVE_ID_LAN><CT>" triggered "time" (time "7:21")
L 08/20/2019 - 12:36:57: "Calcas Peludas<13><VALVE_ID_LAN><CT>" triggered "latency" (ping "7")
L 08/20/2019 - 12:36:57: "Calcas Peludas<13><VALVE_ID_LAN><CT>" disconnected
L 08/20/2019 - 12:36:57: "Calcas Peludas<25><VALVE_ID_LAN><>" connected, address "10.15.2.230:27005"
L 08/20/2019 - 12:36:58: "CEIFADOR<12><VALVE_ID_LOOPBACK><TERRORIST>" say_team "mapa" (dead)
L 08/20/2019 - 12:37:00: "Calcas Peludas<25><VALVE_ID_LAN><>" entered the game
L 08/20/2019 - 12:37:01: "Calcas Peludas<25><VALVE_ID_LAN><>" joined team "TERRORIST"
L 08/20/2019 - 12:37:03: "Kitkat<24><VALVE_ID_LAN><TERRORIST>" killed "Jack<14><VALVE_ID_LAN><CT>" with "p90"
L 08/20/2019 - 12:37:04: "Cap Billy<15><VALVE_ID_LAN><CT>" killed "Kitkat<24><VALVE_ID_LAN><TERRORIST>" with "mp5navy"
L 08/20/2019 - 12:37:04: Team "CT" triggered "CTs_Win" (CT "8") (T "12")
L 08/20/2019 - 12:37:04: World triggered "Round_End"
L 08/20/2019 - 12:37:09: "CEIFADOR<12><VALVE_ID_LOOPBACK><TERRORIST>" triggered "Spawned_With_The_Bomb"
L 08/20/2019 - 12:37:09: World triggered "Round_Start"
L 08/20/2019 - 12:37:09: "Kratos-away<16><VALVE_ID_LAN><TERRORIST>" committed suicide with "world"
L 08/20/2019 - 12:37:14: "@te<22><VALVE_ID_LAN><CT>" killed "CEIFADOR<12><VALVE_ID_LOOPBACK><TERRORIST>" with "sg552"
L 08/20/2019 - 12:37:14: "CEIFADOR<12><VALVE_ID_LOOPBACK><TERRORIST>" triggered "Dropped_The_Bomb"
L 08/20/2019 - 12:37:16: "Cap Billy<15><VALVE_ID_LAN><CT>" killed "Gho$T<18><VALVE_ID_LAN><CT>" with "mp5navy"
L 08/20/2019 - 12:37:17: "INDIO<19><VALVE_ID_LAN><CT>" killed "Calcas Peludas<25><VALVE_ID_LAN><TERRORIST>" with "mp5navy"
L 08/20/2019 - 12:37:20: "Cap Billy<15><VALVE_ID_LAN><CT>" killed "Kitkat<24><VALVE_ID_LAN><TERRORIST>" with "knife"
L 08/20/2019 - 12:37:22: "Jack<14><VALVE_ID_LAN><CT>" killed "Ice_Man<17><VALVE_ID_LAN><TERRORIST>" with "m4a1"
L 08/20/2019 - 12:37:22: Team "CT" triggered "CTs_Win" (CT "9") (T "12")
L 08/20/2019 - 12:37:22: World triggered "Round_End"
L 08/20/2019 - 12:37:25: "Kitkat<24><VALVE_ID_LAN><TERRORIST>" say "merdsa" (dead)
L 08/20/2019 - 12:37:26: "CEIFADOR<12><VALVE_ID_LOOPBACK><TERRORIST>" say_team "segura" (dead)
L 08/20/2019 - 12:37:26: "Calcas Peludas<25><VALVE_ID_LAN><TERRORIST>" say "covarde" (dead)
L 08/20/2019 - 12:37:27: "Calcas Peludas<25><VALVE_ID_LAN><TERRORIST>" triggered "Spawned_With_The_Bomb"
L 08/20/2019 - 12:37:27: World triggered "Round_Start"
L 08/20/2019 - 12:37:27: "Cap Billy<15><VALVE_ID_LAN><CT>" committed suicide with "world"
L 08/20/2019 - 12:37:30: "INDIO<19><VALVE_ID_LAN><CT>" killed "Calcas Peludas<25><VALVE_ID_LAN><TERRORIST>" with "mp5navy"
L 08/20/2019 - 12:37:30: "Calcas Peludas<25><VALVE_ID_LAN><TERRORIST>" triggered "Dropped_The_Bomb"
L 08/20/2019 - 12:37:31: "CEIFADOR<12><VALVE_ID_LOOPBACK><TERRORIST>" triggered "Got_The_Bomb"
L 08/20/2019 - 12:37:33: "INDIO<19><VALVE_ID_LAN><CT>" killed "CEIFADOR<12><VALVE_ID_LOOPBACK><TERRORIST>" with "mp5navy"
L 08/20/2019 - 12:37:33: "CEIFADOR<12><VALVE_ID_LOOPBACK><TERRORIST>" triggered "Dropped_The_Bomb"
L 08/20/2019 - 12:37:34: "Ice_Man<17><VALVE_ID_LAN><TERRORIST>" killed "Gho$T<18><VALVE_ID_LAN><CT>" with "tmp"
L 08/20/2019 - 12:37:34: "Kratos-away<16><VALVE_ID_LAN><TERRORIST>" killed "INDIO<19><VALVE_ID_LAN><CT>" with "aug"
L 08/20/2019 - 12:37:35: "Ice_Man<17><VALVE_ID_LAN><TERRORIST>" killed "@te<22><VALVE_ID_LAN><CT>" with "tmp"
L 08/20/2019 - 12:37:40: "Jack<14><VALVE_ID_LAN><CT>" killed "Kitkat<24><VALVE_ID_LAN><TERRORIST>" with "m4a1"
L 08/20/2019 - 12:37:41: "Ice_Man<17><VALVE_ID_LAN><TERRORIST>" killed "Jack<14><VALVE_ID_LAN><CT>" with "tmp"
L 08/20/2019 - 12:37:41: Team "TERRORIST" triggered "Terrorists_Win" (CT "9") (T "13")
L 08/20/2019 - 12:37:41: World triggered "Round_End"
L 08/20/2019 - 12:37:42: "Cap Billy<15><VALVE_ID_LAN><CT>" say_team "isso eh hora de ir na faca homi??" (dead)
L 08/20/2019 - 12:37:46: "Cap Billy<15><VALVE_ID_LAN><CT>" say_team " a gente chegandpo" (dead)
L 08/20/2019 - 12:37:46: "Kratos-away<16><VALVE_ID_LAN><TERRORIST>" triggered "Spawned_With_The_Bomb"
L 08/20/2019 - 12:37:46: World triggered "Round_Start"
L 08/20/2019 - 12:37:48: Server cvar "amx_nextmap" = "fy_stoneworld"
L 08/20/2019 - 12:37:50: "Cap Billy<15><VALVE_ID_LAN><CT>" killed "Kratos-away<16><VALVE_ID_LAN><TERRORIST>" with "awp"
L 08/20/2019 - 12:37:50: "Kratos-away<16><VALVE_ID_LAN><TERRORIST>" triggered "Dropped_The_Bomb"
L 08/20/2019 - 12:37:52: "CEIFADOR<12><VALVE_ID_LOOPBACK><TERRORIST>" killed "Jack<14><VALVE_ID_LAN><CT>" with "ak47"
L 08/20/2019 - 12:37:53: "Gho$T<18><VALVE_ID_LAN><CT>" killed "CEIFADOR<12><VALVE_ID_LOOPBACK><TERRORIST>" with "m249"
L 08/20/2019 - 12:37:53: "Calcas Peludas<25><VALVE_ID_LAN><TERRORIST>" killed "Gho$T<18><VALVE_ID_LAN><CT>" with "sg552"
L 08/20/2019 - 12:37:53: "INDIO<19><VALVE_ID_LAN><CT>" killed "Kitkat<24><VALVE_ID_LAN><TERRORIST>" with "xm1014"
L 08/20/2019 - 12:37:55: "Calcas Peludas<25><VALVE_ID_LAN><TERRORIST>" killed "@te<22><VALVE_ID_LAN><CT>" with "sg552"
L 08/20/2019 - 12:37:56: "Ice_Man<17><VALVE_ID_LAN><TERRORIST>" killed "INDIO<19><VALVE_ID_LAN><CT>" with "tmp"
L 08/20/2019 - 12:37:58: "Kratos-away<16><VALVE_ID_LAN><TERRORIST>" say "timeleft" (dead)
L 08/20/2019 - 12:38:02: "Kratos-away<16><VALVE_ID_LAN><TERRORIST>" say_team "mapa" (dead)
L 08/20/2019 - 12:38:04: "Cap Billy<15><VALVE_ID_LAN><CT>" killed "Ice_Man<17><VALVE_ID_LAN><TERRORIST>" with "mp5navy"
L 08/20/2019 - 12:38:09: "Calcas Peludas<25><VALVE_ID_LAN><TERRORIST>" killed "Cap Billy<15><VALVE_ID_LAN><CT>" with "sg552"
L 08/20/2019 - 12:38:09: Team "TERRORIST" triggered "Terrorists_Win" (CT "9") (T "14")
L 08/20/2019 - 12:38:09: World triggered "Round_End"
L 08/20/2019 - 12:38:14: "Ice_Man<17><VALVE_ID_LAN><TERRORIST>" triggered "Spawned_With_The_Bomb"
L 08/20/2019 - 12:38:14: World triggered "Round_Start"
L 08/20/2019 - 12:38:18: "Calcas Peludas<25><VALVE_ID_LAN><TERRORIST>" killed "INDIO<19><VALVE_ID_LAN><CT>" with "sg552"
L 08/20/2019 - 12:38:21: "Gho$T<18><VALVE_ID_LAN><CT>" killed "Ice_Man<17><VALVE_ID_LAN><TERRORIST>" with "p90"
L 08/20/2019 - 12:38:21: "Ice_Man<17><VALVE_ID_LAN><TERRORIST>" triggered "Dropped_The_Bomb"
L 08/20/2019 - 12:38:22: "Cap Billy<15><VALVE_ID_LAN><CT>" killed "Kratos-away<16><VALVE_ID_LAN><TERRORIST>" with "m4a1"
L 08/20/2019 - 12:38:22: "Calcas Peludas<25><VALVE_ID_LAN><TERRORIST>" killed "Jack<14><VALVE_ID_LAN><CT>" with "sg552"
L 08/20/2019 - 12:38:23: "Kitkat<24><VALVE_ID_LAN><TERRORIST>" killed "Cap Billy<15><VALVE_ID_LAN><CT>" with "mac10"
L 08/20/2019 - 12:38:24: "Kitkat<24><VALVE_ID_LAN><TERRORIST>" killed "Gho$T<18><VALVE_ID_LAN><CT>" with "mac10"
L 08/20/2019 - 12:38:26: "Kitkat<24><VALVE_ID_LAN><TERRORIST>" killed "@te<22><VALVE_ID_LAN><CT>" with "mac10"
L 08/20/2019 - 12:38:26: Team "TERRORIST" triggered "Terrorists_Win" (CT "9") (T "15")
L 08/20/2019 - 12:38:26: World triggered "Round_End"
L 08/20/2019 - 12:38:31: "Kitkat<24><VALVE_ID_LAN><TERRORIST>" triggered "Spawned_With_The_Bomb"
L 08/20/2019 - 12:38:31: World triggered "Round_Start"
L 08/20/2019 - 12:38:38: "Gho$T<18><VALVE_ID_LAN><CT>" killed "Kratos-away<16><VALVE_ID_LAN><TERRORIST>" with "m3"
L 08/20/2019 - 12:38:39: "CEIFADOR<12><VALVE_ID_LOOPBACK><TERRORIST>" killed "INDIO<19><VALVE_ID_LAN><CT>" with "xm1014"
L 08/20/2019 - 12:38:41: "Calcas Peludas<25><VALVE_ID_LAN><TERRORIST>" killed "Jack<14><VALVE_ID_LAN><CT>" with "sg552"
L 08/20/2019 - 12:38:42: "@te<22><VALVE_ID_LAN><CT>" killed "Ice_Man<17><VALVE_ID_LAN><TERRORIST>" with "mac10"
L 08/20/2019 - 12:38:44: "Cap Billy<15><VALVE_ID_LAN><CT>" killed "Gho$T<18><VALVE_ID_LAN><CT>" with "sg552"
L 08/20/2019 - 12:38:44: "Cap Billy<15><VALVE_ID_LAN><CT>" killed "Calcas Peludas<25><VALVE_ID_LAN><TERRORIST>" with "sg552"
L 08/20/2019 - 12:38:48: "@te<22><VALVE_ID_LAN><CT>" killed "Kitkat<24><VALVE_ID_LAN><TERRORIST>" with "mac10"
L 08/20/2019 - 12:38:48: "Kitkat<24><VALVE_ID_LAN><TERRORIST>" triggered "Dropped_The_Bomb"
L 08/20/2019 - 12:38:50: "CEIFADOR<12><VALVE_ID_LOOPBACK><TERRORIST>" killed "@te<22><VALVE_ID_LAN><CT>" with "xm1014"
L 08/20/2019 - 12:38:58: "Kratos-away<16><VALVE_ID_LAN><TERRORIST>" say "timeleft" (dead)
L 08/20/2019 - 12:39:04: "Calcas Peludas<25><VALVE_ID_LAN><TERRORIST>" say_team "se esconde" (dead)
L 08/20/2019 - 12:39:08: "CEIFADOR<12><VALVE_ID_LOOPBACK><TERRORIST>" killed "Cap Billy<15><VALVE_ID_LAN><CT>" with "xm1014"
L 08/20/2019 - 12:39:08: Team "TERRORIST" triggered "Terrorists_Win" (CT "9") (T "16")
L 08/20/2019 - 12:39:08: World triggered "Round_End"
L 08/20/2019 - 12:39:11: "Ice_Man<17><VALVE_ID_LAN><TERRORIST>" say "pega" (dead)
L 08/20/2019 - 12:39:13: "CEIFADOR<12><VALVE_ID_LOOPBACK><TERRORIST>" triggered "Spawned_With_The_Bomb"
L 08/20/2019 - 12:39:13: World triggered "Round_Start"
L 08/20/2019 - 12:39:13: "Cap Billy<15><VALVE_ID_LAN><CT>" committed suicide with "world"
L 08/20/2019 - 12:39:19: "Calcas Peludas<25><VALVE_ID_LAN><TERRORIST>" killed "Jack<14><VALVE_ID_LAN><CT>" with "ak47"
L 08/20/2019 - 12:39:21: "Calcas Peludas<25><VALVE_ID_LAN><TERRORIST>" killed "Gho$T<18><VALVE_ID_LAN><CT>" with "ak47"
L 08/20/2019 - 12:39:23: "Calcas Peludas<25><VALVE_ID_LAN><TERRORIST>" killed "@te<22><VALVE_ID_LAN><CT>" with "ak47"
L 08/20/2019 - 12:39:24: "INDIO<19><VALVE_ID_LAN><CT>" killed "Ice_Man<17><VALVE_ID_LAN><TERRORIST>" with "usp"
L 08/20/2019 - 12:39:25: "CEIFADOR<12><VALVE_ID_LOOPBACK><TERRORIST>" killed "INDIO<19><VALVE_ID_LAN><CT>" with "glock18"
L 08/20/2019 - 12:39:25: Team "TERRORIST" triggered "Terrorists_Win" (CT "9") (T "17")
L 08/20/2019 - 12:39:25: World triggered "Round_End"
L 08/20/2019 - 12:39:30: "Calcas Peludas<25><VALVE_ID_LAN><TERRORIST>" triggered "Spawned_With_The_Bomb"
L 08/20/2019 - 12:39:30: World triggered "Round_Start"
L 08/20/2019 - 12:39:33: "Kitkat<24><VALVE_ID_LAN><TERRORIST>" killed "Gho$T<18><VALVE_ID_LAN><CT>" with "m249"
L 08/20/2019 - 12:39:35: Log file closed
