L 08/22/2019 - 12:49:46: Log file started (file "logs\L0822006.log") (game "cstrike") (version "47/1.1.2.2/2603")
L 08/22/2019 - 12:49:50: "Calcas Peludas<41><VALVE_ID_LAN><TERRORIST>" killed "Cap Billy<36><VALVE_ID_LAN><CT>" with "glock18"
L 08/22/2019 - 12:49:50: Team "TERRORIST" triggered "Terrorists_Win" (CT "13") (T "10")
L 08/22/2019 - 12:49:50: World triggered "Round_End"
L 08/22/2019 - 12:49:50: "Jack<40><VALVE_ID_LAN><CT>" say "aheheheheheheheheh" (dead)
L 08/22/2019 - 12:49:51: Team "CT" scored "13" with "5" players
L 08/22/2019 - 12:49:51: Team "TERRORIST" scored "10" with "6" players
L 08/22/2019 - 12:49:51: "Kitkat<44><VALVE_ID_LAN><>" connected, address "10.15.2.133:27005"
L 08/22/2019 - 12:49:52: "Ice_Man<34><VALVE_ID_LAN><TERRORIST>" say "pega" (dead)
L 08/22/2019 - 12:49:53: "Cap Billy<36><VALVE_ID_LAN><CT>" triggered "weaponstats" (weapon "glock18") (shots "439") (hits "130") (kills "31") (headshots "19") (tks "0") (damage "3855") (deaths "13")
L 08/22/2019 - 12:49:53: "Cap Billy<36><VALVE_ID_LAN><CT>" triggered "weaponstats2" (weapon "glock18") (head "30") (chest "23") (stomach "8") (leftarm "42") (rightarm "20") (leftleg "0") (rightleg "7")
L 08/22/2019 - 12:49:53: "Cap Billy<36><VALVE_ID_LAN><CT>" triggered "weaponstats" (weapon "knife") (shots "11") (hits "4") (kills "1") (headshots "0") (tks "0") (damage "200") (deaths "2")
L 08/22/2019 - 12:49:53: "Cap Billy<36><VALVE_ID_LAN><CT>" triggered "weaponstats2" (weapon "knife") (head "3") (chest "1") (stomach "0") (leftarm "0") (rightarm "0") (leftleg "0") (rightleg "0")
L 08/22/2019 - 12:49:53: "Cap Billy<36><VALVE_ID_LAN><CT>" triggered "time" (time "10:06")
L 08/22/2019 - 12:49:53: "Cap Billy<36><VALVE_ID_LAN><CT>" triggered "latency" (ping "9")
L 08/22/2019 - 12:49:54: "CEIFADOR<31><VALVE_ID_LOOPBACK><TERRORIST>" triggered "weaponstats" (weapon "glock18") (shots "279") (hits "82") (kills "12") (headshots "7") (tks "0") (damage "2215") (deaths "14")
L 08/22/2019 - 12:49:54: "CEIFADOR<31><VALVE_ID_LOOPBACK><TERRORIST>" triggered "weaponstats2" (weapon "glock18") (head "12") (chest "8") (stomach "9") (leftarm "25") (rightarm "25") (leftleg "2") (rightleg "1")
L 08/22/2019 - 12:49:54: "CEIFADOR<31><VALVE_ID_LOOPBACK><TERRORIST>" triggered "weaponstats" (weapon "knife") (shots "4") (hits "2") (kills "2") (headshots "1") (tks "0") (damage "147") (deaths "3")
L 08/22/2019 - 12:49:54: "CEIFADOR<31><VALVE_ID_LOOPBACK><TERRORIST>" triggered "weaponstats2" (weapon "knife") (head "1") (chest "0") (stomach "0") (leftarm "0") (rightarm "1") (leftleg "0") (rightleg "0")
L 08/22/2019 - 12:49:54: "CEIFADOR<31><VALVE_ID_LOOPBACK><TERRORIST>" triggered "time" (time "10:11")
L 08/22/2019 - 12:49:54: "CEIFADOR<31><VALVE_ID_LOOPBACK><TERRORIST>" triggered "latency" (ping "0")
L 08/22/2019 - 12:49:54: "Ice_Man<34><VALVE_ID_LAN><TERRORIST>" triggered "weaponstats" (weapon "glock18") (shots "370") (hits "113") (kills "31") (headshots "19") (tks "0") (damage "3552") (deaths "17")
L 08/22/2019 - 12:49:54: "Ice_Man<34><VALVE_ID_LAN><TERRORIST>" triggered "weaponstats2" (weapon "glock18") (head "27") (chest "15") (stomach "4") (leftarm "25") (rightarm "38") (leftleg "1") (rightleg "3")
L 08/22/2019 - 12:49:54: "Ice_Man<34><VALVE_ID_LAN><TERRORIST>" triggered "weaponstats" (weapon "knife") (shots "1") (hits "0") (kills "0") (headshots "0") (tks "0") (damage "0") (deaths "1")
L 08/22/2019 - 12:49:54: "Ice_Man<34><VALVE_ID_LAN><TERRORIST>" triggered "weaponstats2" (weapon "knife") (head "0") (chest "0") (stomach "0") (leftarm "0") (rightarm "0") (leftleg "0") (rightleg "0")
L 08/22/2019 - 12:49:54: "Ice_Man<34><VALVE_ID_LAN><TERRORIST>" triggered "time" (time "10:08")
L 08/22/2019 - 12:49:54: "Ice_Man<34><VALVE_ID_LAN><TERRORIST>" triggered "latency" (ping "15")
L 08/22/2019 - 12:49:54: "Smolder<35><VALVE_ID_LAN><TERRORIST>" triggered "weaponstats" (weapon "glock18") (shots "254") (hits "74") (kills "19") (headshots "13") (tks "1") (damage "2493") (deaths "16")
L 08/22/2019 - 12:49:54: "Smolder<35><VALVE_ID_LAN><TERRORIST>" triggered "weaponstats2" (weapon "glock18") (head "20") (chest "13") (stomach "4") (leftarm "15") (rightarm "17") (leftleg "1") (rightleg "4")
L 08/22/2019 - 12:49:54: "Smolder<35><VALVE_ID_LAN><TERRORIST>" triggered "weaponstats" (weapon "knife") (shots "5") (hits "4") (kills "3") (headshots "2") (tks "0") (damage "585") (deaths "4")
L 08/22/2019 - 12:49:54: "Smolder<35><VALVE_ID_LAN><TERRORIST>" triggered "weaponstats2" (weapon "knife") (head "2") (chest "1") (stomach "0") (leftarm "1") (rightarm "0") (leftleg "0") (rightleg "0")
L 08/22/2019 - 12:49:54: "Smolder<35><VALVE_ID_LAN><TERRORIST>" triggered "time" (time "10:08")
L 08/22/2019 - 12:49:54: "Smolder<35><VALVE_ID_LAN><TERRORIST>" triggered "latency" (ping "6")
L 08/22/2019 - 12:49:54: "INDIO<38><VALVE_ID_LAN><CT>" triggered "weaponstats" (weapon "glock18") (shots "286") (hits "82") (kills "12") (headshots "8") (tks "0") (damage "1950") (deaths "19")
L 08/22/2019 - 12:49:54: "INDIO<38><VALVE_ID_LAN><CT>" triggered "weaponstats2" (weapon "glock18") (head "12") (chest "11") (stomach "10") (leftarm "35") (rightarm "12") (leftleg "1") (rightleg "1")
L 08/22/2019 - 12:49:54: "INDIO<38><VALVE_ID_LAN><CT>" triggered "weaponstats" (weapon "knife") (shots "5") (hits "2") (kills "2") (headshots "1") (tks "0") (damage "130") (deaths "1")
L 08/22/2019 - 12:49:54: "INDIO<38><VALVE_ID_LAN><CT>" triggered "weaponstats2" (weapon "knife") (head "1") (chest "0") (stomach "0") (leftarm "0") (rightarm "1") (leftleg "0") (rightleg "0")
L 08/22/2019 - 12:49:54: "INDIO<38><VALVE_ID_LAN><CT>" triggered "time" (time "10:07")
L 08/22/2019 - 12:49:54: "INDIO<38><VALVE_ID_LAN><CT>" triggered "latency" (ping "9")
L 08/22/2019 - 12:49:54: "Gho$T<39><VALVE_ID_LAN><CT>" triggered "weaponstats" (weapon "glock18") (shots "240") (hits "81") (kills "14") (headshots "9") (tks "0") (damage "2224") (deaths "15")
L 08/22/2019 - 12:49:54: "Gho$T<39><VALVE_ID_LAN><CT>" triggered "weaponstats2" (weapon "glock18") (head "16") (chest "11") (stomach "7") (leftarm "19") (rightarm "19") (leftleg "2") (rightleg "7")
L 08/22/2019 - 12:49:54: "Gho$T<39><VALVE_ID_LAN><CT>" triggered "weaponstats" (weapon "knife") (shots "6") (hits "6") (kills "5") (headshots "3") (tks "0") (damage "780") (deaths "4")
L 08/22/2019 - 12:49:54: "Gho$T<39><VALVE_ID_LAN><CT>" triggered "weaponstats2" (weapon "knife") (head "3") (chest "0") (stomach "0") (leftarm "1") (rightarm "2") (leftleg "0") (rightleg "0")
L 08/22/2019 - 12:49:54: "Gho$T<39><VALVE_ID_LAN><CT>" triggered "time" (time "10:07")
L 08/22/2019 - 12:49:54: "Gho$T<39><VALVE_ID_LAN><CT>" triggered "latency" (ping "10")
L 08/22/2019 - 12:49:54: "Jack<40><VALVE_ID_LAN><CT>" triggered "weaponstats" (weapon "glock18") (shots "336") (hits "106") (kills "30") (headshots "16") (tks "0") (damage "3197") (deaths "17")
L 08/22/2019 - 12:49:54: "Jack<40><VALVE_ID_LAN><CT>" triggered "weaponstats2" (weapon "glock18") (head "21") (chest "16") (stomach "6") (leftarm "33") (rightarm "28") (leftleg "0") (rightleg "2")
L 08/22/2019 - 12:49:54: "Jack<40><VALVE_ID_LAN><CT>" triggered "weaponstats" (weapon "knife") (shots "6") (hits "1") (kills "1") (headshots "0") (tks "0") (damage "65") (deaths "1")
L 08/22/2019 - 12:49:54: "Jack<40><VALVE_ID_LAN><CT>" triggered "weaponstats2" (weapon "knife") (head "0") (chest "0") (stomach "1") (leftarm "0") (rightarm "0") (leftleg "0") (rightleg "0")
L 08/22/2019 - 12:49:54: "Jack<40><VALVE_ID_LAN><CT>" triggered "time" (time "10:07")
L 08/22/2019 - 12:49:54: "Jack<40><VALVE_ID_LAN><CT>" triggered "latency" (ping "11")
L 08/22/2019 - 12:49:54: "Calcas Peludas<41><VALVE_ID_LAN><TERRORIST>" triggered "weaponstats" (weapon "glock18") (shots "343") (hits "85") (kills "13") (headshots "4") (tks "0") (damage "1790") (deaths "13")
L 08/22/2019 - 12:49:54: "Calcas Peludas<41><VALVE_ID_LAN><TERRORIST>" triggered "weaponstats2" (weapon "glock18") (head "10") (chest "14") (stomach "3") (leftarm "36") (rightarm "18") (leftleg "2") (rightleg "2")
L 08/22/2019 - 12:49:54: "Calcas Peludas<41><VALVE_ID_LAN><TERRORIST>" triggered "weaponstats" (weapon "knife") (shots "9") (hits "3") (kills "0") (headshots "0") (tks "0") (damage "195") (deaths "6")
L 08/22/2019 - 12:49:54: "Calcas Peludas<41><VALVE_ID_LAN><TERRORIST>" triggered "weaponstats2" (weapon "knife") (head "0") (chest "1") (stomach "0") (leftarm "0") (rightarm "2") (leftleg "0") (rightleg "0")
L 08/22/2019 - 12:49:54: "Calcas Peludas<41><VALVE_ID_LAN><TERRORIST>" triggered "time" (time "10:06")
L 08/22/2019 - 12:49:54: "Calcas Peludas<41><VALVE_ID_LAN><TERRORIST>" triggered "latency" (ping "10")
L 08/22/2019 - 12:49:54: "@te<42><VALVE_ID_LAN><CT>" triggered "weaponstats" (weapon "glock18") (shots "215") (hits "60") (kills "9") (headshots "5") (tks "0") (damage "1640") (deaths "13")
L 08/22/2019 - 12:49:54: "@te<42><VALVE_ID_LAN><CT>" triggered "weaponstats2" (weapon "glock18") (head "9") (chest "12") (stomach "7") (leftarm "12") (rightarm "11") (leftleg "5") (rightleg "4")
L 08/22/2019 - 12:49:54: "@te<42><VALVE_ID_LAN><CT>" triggered "weaponstats" (weapon "knife") (shots "4") (hits "2") (kills "1") (headshots "0") (tks "0") (damage "87") (deaths "2")
L 08/22/2019 - 12:49:54: "@te<42><VALVE_ID_LAN><CT>" triggered "weaponstats2" (weapon "knife") (head "0") (chest "1") (stomach "0") (leftarm "1") (rightarm "0") (leftleg "0") (rightleg "0")
L 08/22/2019 - 12:49:54: "@te<42><VALVE_ID_LAN><CT>" triggered "time" (time "10:05")
L 08/22/2019 - 12:49:54: "@te<42><VALVE_ID_LAN><CT>" triggered "latency" (ping "10")
L 08/22/2019 - 12:49:54: "Kratos-away<43><VALVE_ID_LAN><TERRORIST>" triggered "weaponstats" (weapon "glock18") (shots "195") (hits "69") (kills "12") (headshots "4") (tks "0") (damage "1683") (deaths "20")
L 08/22/2019 - 12:49:54: "Kratos-away<43><VALVE_ID_LAN><TERRORIST>" triggered "weaponstats2" (weapon "glock18") (head "9") (chest "11") (stomach "8") (leftarm "20") (rightarm "16") (leftleg "3") (rightleg "2")
L 08/22/2019 - 12:49:54: "Kratos-away<43><VALVE_ID_LAN><TERRORIST>" triggered "weaponstats" (weapon "knife") (shots "1") (hits "1") (kills "1") (headshots "0") (tks "0") (damage "65") (deaths "3")
L 08/22/2019 - 12:49:54: "Kratos-away<43><VALVE_ID_LAN><TERRORIST>" triggered "weaponstats2" (weapon "knife") (head "0") (chest "0") (stomach "0") (leftarm "0") (rightarm "1") (leftleg "0") (rightleg "0")
L 08/22/2019 - 12:49:54: "Kratos-away<43><VALVE_ID_LAN><TERRORIST>" triggered "time" (time "10:01")
L 08/22/2019 - 12:49:54: "Kratos-away<43><VALVE_ID_LAN><TERRORIST>" triggered "latency" (ping "173")
L 08/22/2019 - 12:49:54: [META] ini: Begin re-reading plugins list: c:/valve/cstrike/addons/metamod/plugins.ini
L 08/22/2019 - 12:49:54: [META] ini: Read plugin config for: AMX
L 08/22/2019 - 12:49:54: [META] ini: Read plugin config for: WinHL-Booster
L 08/22/2019 - 12:49:54: [META] ERROR: ini: Skipping plugin, couldn't stat file 'addons/hlguard/dlls/hlguard_mm_nightly.dll': No such file or directory
L 08/22/2019 - 12:49:54: [META] ini: Read plugin config for: WebMod
L 08/22/2019 - 12:49:54: [META] ini: Finished reading plugins list: c:/valve/cstrike/addons/metamod/plugins.ini; Found 3 plugins
L 08/22/2019 - 12:49:54: [META] dll: Updating plugins...
L 08/22/2019 - 12:49:54: [META] ERROR: dll: Failed query plugin '<hlguard_mm_nightly.dll>'; Couldn't open file 'addons/hlguard/dlls/hlguard_mm_nightly.dll': Não foi possível encontrar o módulo especificado.

L 08/22/2019 - 12:49:54: [META] ERROR: dll: Skipping plugin '<hlguard_mm_nightly.dll>'; couldn't query
L 08/22/2019 - 12:49:54: [META] dll: Finished updating 6 plugins; kept 3, loaded 0, unloaded 0, reloaded 0, delayed 0
L 08/22/2019 - 12:49:54: Server shutdown
L 08/22/2019 - 12:49:54: Log file closed
