L 08/26/2019 - 12:29:26: Log file started (file "logs\L0826000.log") (game "cstrike") (version "47/1.1.2.2/2603")
L 08/26/2019 - 12:29:30: "Gho$T<11><VALVE_ID_LAN><CT>" killed "Smolder<12><VALVE_ID_LAN><TERRORIST>" with "awp"
L 08/26/2019 - 12:29:30: "Smolder<12><VALVE_ID_LAN><TERRORIST>" triggered "Dropped_The_Bomb"
L 08/26/2019 - 12:29:31: "Jack<13><VALVE_ID_LAN><CT>" say "porra.. wwwwwwww  wwwwwww"
L 08/26/2019 - 12:29:35: "Cap Billy<10><VALVE_ID_LAN><CT>" killed "CEIFADOR<9><VALVE_ID_LOOPBACK><TERRORIST>" with "m4a1"
L 08/26/2019 - 12:29:35: Team "CT" triggered "CTs_Win" (CT "1") (T "0")
L 08/26/2019 - 12:29:35: World triggered "Round_End"
L 08/26/2019 - 12:29:40: "CEIFADOR<9><VALVE_ID_LOOPBACK><TERRORIST>" triggered "Spawned_With_The_Bomb"
L 08/26/2019 - 12:29:40: World triggered "Round_Start"
L 08/26/2019 - 12:29:43: "XXBOT Steel<14><BOT><>" joined team "TERRORIST"
L 08/26/2019 - 12:29:43: Server cvar "bot_quota" = "1"
L 08/26/2019 - 12:29:43: "XXBOT Steel<14><BOT><>" entered the game
L 08/26/2019 - 12:29:43: "Gho$T<11><VALVE_ID_LAN><CT>" killed "Smolder<12><VALVE_ID_LAN><TERRORIST>" with "grenade"
L 08/26/2019 - 12:29:46: "Jack<13><VALVE_ID_LAN><CT>" killed "CEIFADOR<9><VALVE_ID_LOOPBACK><TERRORIST>" with "mp5navy"
L 08/26/2019 - 12:29:46: "CEIFADOR<9><VALVE_ID_LOOPBACK><TERRORIST>" triggered "Dropped_The_Bomb"
L 08/26/2019 - 12:29:50: "Cap Billy<10><VALVE_ID_LAN><CT>" killed "XXBOT Steel<14><BOT><TERRORIST>" with "m4a1"
L 08/26/2019 - 12:29:50: Team "CT" triggered "CTs_Win" (CT "2") (T "0")
L 08/26/2019 - 12:29:50: World triggered "Round_End"
L 08/26/2019 - 12:29:55: "Smolder<12><VALVE_ID_LAN><TERRORIST>" triggered "Spawned_With_The_Bomb"
L 08/26/2019 - 12:29:55: World triggered "Round_Start"
L 08/26/2019 - 12:30:00: "Jack<13><VALVE_ID_LAN><CT>" killed "Smolder<12><VALVE_ID_LAN><TERRORIST>" with "grenade"
L 08/26/2019 - 12:30:00: "Smolder<12><VALVE_ID_LAN><TERRORIST>" triggered "Dropped_The_Bomb"
L 08/26/2019 - 12:30:01: "CEIFADOR<9><VALVE_ID_LOOPBACK><TERRORIST>" killed "Gho$T<11><VALVE_ID_LAN><CT>" with "ak47"
L 08/26/2019 - 12:30:02: "Cap Billy<10><VALVE_ID_LAN><CT>" killed "XXBOT Steel<14><BOT><TERRORIST>" with "m4a1"
L 08/26/2019 - 12:30:07: "Cap Billy<10><VALVE_ID_LAN><CT>" killed "CEIFADOR<9><VALVE_ID_LOOPBACK><TERRORIST>" with "m4a1"
L 08/26/2019 - 12:30:07: Team "CT" triggered "CTs_Win" (CT "3") (T "0")
L 08/26/2019 - 12:30:07: World triggered "Round_End"
L 08/26/2019 - 12:30:09: "Ice_Man<15><VALVE_ID_LAN><>" connected, address "10.15.4.1:27005"
L 08/26/2019 - 12:30:12: "XXBOT Steel<14><BOT><TERRORIST>" triggered "Spawned_With_The_Bomb"
L 08/26/2019 - 12:30:12: World triggered "Round_Start"
L 08/26/2019 - 12:30:13: "Ice_Man<15><VALVE_ID_LAN><>" entered the game
L 08/26/2019 - 12:30:20: "CEIFADOR<9><VALVE_ID_LOOPBACK><TERRORIST>" killed "Gho$T<11><VALVE_ID_LAN><CT>" with "ak47"
L 08/26/2019 - 12:30:21: "Ice_Man<15><VALVE_ID_LAN><>" joined team "TERRORIST"
L 08/26/2019 - 12:30:22: "Jack<13><VALVE_ID_LAN><CT>" killed "Smolder<12><VALVE_ID_LAN><TERRORIST>" with "mp5navy"
L 08/26/2019 - 12:30:24: "CEIFADOR<9><VALVE_ID_LOOPBACK><TERRORIST>" killed "Jack<13><VALVE_ID_LAN><CT>" with "ak47"
L 08/26/2019 - 12:30:26: "Cap Billy<10><VALVE_ID_LAN><CT>" killed "CEIFADOR<9><VALVE_ID_LOOPBACK><TERRORIST>" with "knife"
L 08/26/2019 - 12:30:28: "Cap Billy<10><VALVE_ID_LAN><CT>" killed "Ice_Man<15><VALVE_ID_LAN><TERRORIST>" with "m4a1"
L 08/26/2019 - 12:30:30: "Gho$T<11><VALVE_ID_LAN><CT>" say "AHAHUAHUAHAUHAUHAUHAUHAUAHUAHA" (dead)
L 08/26/2019 - 12:30:31: "Jack<13><VALVE_ID_LAN><CT>" say "mas ja" (dead)
L 08/26/2019 - 12:30:32: "Gho$T<11><VALVE_ID_LAN><CT>" say "GAUHAUAHUAHAUHAUHUAHA" (dead)
L 08/26/2019 - 12:30:37: "Gho$T<11><VALVE_ID_LAN><CT>" say "OBG MEYU DEUS" (dead)
L 08/26/2019 - 12:30:37: Server cvar "bot_quota" = "0"
L 08/26/2019 - 12:30:37: Kick: "XXBOT Steel<14><UNKNOWN><>" was kicked by "CEIFADOR"
L 08/26/2019 - 12:30:37: "XXBOT Steel<14><BOT><TERRORIST>" triggered "Dropped_The_Bomb"
L 08/26/2019 - 12:30:37: "XXBOT Steel<14><BOT><TERRORIST>" disconnected
L 08/26/2019 - 12:30:37: Team "CT" triggered "CTs_Win" (CT "4") (T "0")
L 08/26/2019 - 12:30:37: World triggered "Round_End"
L 08/26/2019 - 12:30:38: "Kitkat<16><VALVE_ID_LAN><>" connected, address "10.15.2.133:27005"
L 08/26/2019 - 12:30:41: "Gho$T<11><VALVE_ID_LAN><CT>" say "KKK" (dead)
L 08/26/2019 - 12:30:42: "CEIFADOR<9><VALVE_ID_LOOPBACK><TERRORIST>" triggered "Spawned_With_The_Bomb"
L 08/26/2019 - 12:30:42: World triggered "Round_Start"
L 08/26/2019 - 12:30:42: "Cap Billy<10><VALVE_ID_LAN><CT>" say "OBG ICE!!!!"
L 08/26/2019 - 12:30:46: "Kitkat<16><VALVE_ID_LAN><>" entered the game
L 08/26/2019 - 12:30:53: "Gho$T<11><VALVE_ID_LAN><CT>" killed "Ice_Man<15><VALVE_ID_LAN><TERRORIST>" with "m4a1"
L 08/26/2019 - 12:30:57: "Smolder<12><VALVE_ID_LAN><TERRORIST>" killed "Gho$T<11><VALVE_ID_LAN><CT>" with "mp5navy"
L 08/26/2019 - 12:30:58: "Smolder<12><VALVE_ID_LAN><TERRORIST>" killed "Cap Billy<10><VALVE_ID_LAN><CT>" with "mp5navy"
L 08/26/2019 - 12:31:01: "CEIFADOR<9><VALVE_ID_LOOPBACK><TERRORIST>" killed "Jack<13><VALVE_ID_LAN><CT>" with "m4a1"
L 08/26/2019 - 12:31:01: Team "TERRORIST" triggered "Terrorists_Win" (CT "4") (T "1")
L 08/26/2019 - 12:31:01: World triggered "Round_End"
L 08/26/2019 - 12:31:01: "INDIO<17><VALVE_ID_LAN><>" connected, address "10.15.2.117:27005"
L 08/26/2019 - 12:31:01: "Kitkat<16><VALVE_ID_LAN><>" joined team "CT"
L 08/26/2019 - 12:31:03: "Cap Billy<10><VALVE_ID_LAN><CT>" say "OBG ICE" (dead)
L 08/26/2019 - 12:31:03: "Gho$T<11><VALVE_ID_LAN><CT>" say "kkkk" (dead)
L 08/26/2019 - 12:31:04: "INDIO<17><VALVE_ID_LAN><>" entered the game
L 08/26/2019 - 12:31:06: "Cap Billy<10><VALVE_ID_LAN><CT>" say "BOA TARED CEIFA" (dead)
L 08/26/2019 - 12:31:06: "Smolder<12><VALVE_ID_LAN><TERRORIST>" triggered "Spawned_With_The_Bomb"
L 08/26/2019 - 12:31:06: World triggered "Round_Start"
L 08/26/2019 - 12:31:07: "INDIO<17><VALVE_ID_LAN><>" joined team "CT"
L 08/26/2019 - 12:31:11: "Smolder<12><VALVE_ID_LAN><TERRORIST>" killed "Ice_Man<15><VALVE_ID_LAN><TERRORIST>" with "grenade"
L 08/26/2019 - 12:31:15: "Cap Billy<10><VALVE_ID_LAN><CT>" killed "CEIFADOR<9><VALVE_ID_LOOPBACK><TERRORIST>" with "knife"
L 08/26/2019 - 12:31:16: "Smolder<12><VALVE_ID_LAN><TERRORIST>" killed "Cap Billy<10><VALVE_ID_LAN><CT>" with "mp5navy"
L 08/26/2019 - 12:31:19: "Smolder<12><VALVE_ID_LAN><TERRORIST>" killed "Jack<13><VALVE_ID_LAN><CT>" with "mp5navy"
L 08/26/2019 - 12:31:19: "Gho$T<11><VALVE_ID_LAN><CT>" say "HAUHAUAHUA"
L 08/26/2019 - 12:31:20: "INDIO<17><VALVE_ID_LAN><CT>" triggered "time" (time "0:16")
L 08/26/2019 - 12:31:20: "INDIO<17><VALVE_ID_LAN><CT>" triggered "latency" (ping "0")
L 08/26/2019 - 12:31:20: "INDIO<17><VALVE_ID_LAN><CT>" disconnected
L 08/26/2019 - 12:31:21: "Gho$T<11><VALVE_ID_LAN><CT>" killed "Smolder<12><VALVE_ID_LAN><TERRORIST>" with "p90"
L 08/26/2019 - 12:31:21: Team "CT" triggered "CTs_Win" (CT "5") (T "1")
L 08/26/2019 - 12:31:21: World triggered "Round_End"
L 08/26/2019 - 12:31:23: "XXBOT Rock<18><BOT><>" joined team "TERRORIST"
L 08/26/2019 - 12:31:23: Server cvar "bot_quota" = "1"
L 08/26/2019 - 12:31:23: "XXBOT Rock<18><BOT><>" entered the game
L 08/26/2019 - 12:31:25: "Cap Billy<10><VALVE_ID_LAN><CT>" say "MAIS UMA PRA CONFIRMAR!@@!!!" (dead)
L 08/26/2019 - 12:31:25: "XXBOT Quade<19><BOT><>" joined team "TERRORIST"
L 08/26/2019 - 12:31:25: Server cvar "bot_quota" = "2"
L 08/26/2019 - 12:31:25: "XXBOT Quade<19><BOT><>" entered the game
L 08/26/2019 - 12:31:26: "Ice_Man<15><VALVE_ID_LAN><TERRORIST>" triggered "Spawned_With_The_Bomb"
L 08/26/2019 - 12:31:26: World triggered "Round_Start"
L 08/26/2019 - 12:31:26: "Smolder<12><VALVE_ID_LAN><TERRORIST>" committed suicide with "world"
L 08/26/2019 - 12:31:30: "Cap Billy<10><VALVE_ID_LAN><CT>" killed "Ice_Man<15><VALVE_ID_LAN><TERRORIST>" with "m4a1"
L 08/26/2019 - 12:31:30: "Ice_Man<15><VALVE_ID_LAN><TERRORIST>" triggered "Dropped_The_Bomb"
L 08/26/2019 - 12:31:32: "XXBOT Rock<18><BOT><TERRORIST>" killed "Jack<13><VALVE_ID_LAN><CT>" with "glock18"
L 08/26/2019 - 12:31:34: "XXBOT Rock<18><BOT><TERRORIST>" triggered "Got_The_Bomb"
L 08/26/2019 - 12:31:34: "Cap Billy<10><VALVE_ID_LAN><CT>" killed "XXBOT Quade<19><BOT><TERRORIST>" with "m4a1"
L 08/26/2019 - 12:31:35: "CEIFADOR<9><VALVE_ID_LOOPBACK><TERRORIST>" killed "Cap Billy<10><VALVE_ID_LAN><CT>" with "ak47"
L 08/26/2019 - 12:31:36: "XXBOT Rock<18><BOT><TERRORIST>" killed "Gho$T<11><VALVE_ID_LAN><CT>" with "glock18"
L 08/26/2019 - 12:31:41: "Kitkat<16><VALVE_ID_LAN><CT>" killed "CEIFADOR<9><VALVE_ID_LOOPBACK><TERRORIST>" with "mac10"
L 08/26/2019 - 12:31:44: "INDIO<20><VALVE_ID_LAN><>" connected, address "10.15.2.117:27005"
L 08/26/2019 - 12:31:46: Server cvar "bot_quota" = "1"
L 08/26/2019 - 12:31:46: Server cvar "bot_quota" = "0"
L 08/26/2019 - 12:31:46: Kick: "XXBOT Rock<18><UNKNOWN><>" was kicked by "CEIFADOR"
L 08/26/2019 - 12:31:46: "XXBOT Rock<18><BOT><TERRORIST>" triggered "Dropped_The_Bomb"
L 08/26/2019 - 12:31:46: "XXBOT Rock<18><BOT><TERRORIST>" disconnected
L 08/26/2019 - 12:31:46: Team "CT" triggered "CTs_Win" (CT "6") (T "1")
L 08/26/2019 - 12:31:46: World triggered "Round_End"
L 08/26/2019 - 12:31:46: Kick: "XXBOT Quade<19><UNKNOWN><>" was kicked by "CEIFADOR"
L 08/26/2019 - 12:31:46: "XXBOT Quade<19><BOT><TERRORIST>" disconnected
L 08/26/2019 - 12:31:46: "INDIO<20><VALVE_ID_LAN><>" entered the game
L 08/26/2019 - 12:31:47: "Jack<13><VALVE_ID_LAN><CT>" say "tira bot" (dead)
L 08/26/2019 - 12:31:49: "INDIO<20><VALVE_ID_LAN><>" joined team "CT"
L 08/26/2019 - 12:31:51: "CEIFADOR<9><VALVE_ID_LOOPBACK><TERRORIST>" triggered "Spawned_With_The_Bomb"
L 08/26/2019 - 12:31:51: World triggered "Round_Start"
L 08/26/2019 - 12:31:52: "XXBOT Quintin<21><BOT><>" joined team "TERRORIST"
L 08/26/2019 - 12:31:52: Server cvar "bot_quota" = "1"
L 08/26/2019 - 12:31:52: "XXBOT Quintin<21><BOT><>" entered the game
L 08/26/2019 - 12:31:55: "Gho$T<11><VALVE_ID_LAN><CT>" killed "Ice_Man<15><VALVE_ID_LAN><TERRORIST>" with "aug"
L 08/26/2019 - 12:31:57: "INDIO<20><VALVE_ID_LAN><CT>" killed "Smolder<12><VALVE_ID_LAN><TERRORIST>" with "sg552"
L 08/26/2019 - 12:31:58: "Kitkat<16><VALVE_ID_LAN><CT>" killed "XXBOT Quintin<21><BOT><TERRORIST>" with "mac10"
L 08/26/2019 - 12:32:04: "CEIFADOR<9><VALVE_ID_LOOPBACK><TERRORIST>" killed "INDIO<20><VALVE_ID_LAN><CT>" with "aug"
L 08/26/2019 - 12:32:05: "CEIFADOR<9><VALVE_ID_LOOPBACK><TERRORIST>" killed "Gho$T<11><VALVE_ID_LAN><CT>" with "aug"
L 08/26/2019 - 12:32:10: "Cap Billy<10><VALVE_ID_LAN><CT>" killed "CEIFADOR<9><VALVE_ID_LOOPBACK><TERRORIST>" with "knife"
L 08/26/2019 - 12:32:10: Team "CT" triggered "CTs_Win" (CT "7") (T "1")
L 08/26/2019 - 12:32:10: World triggered "Round_End"
L 08/26/2019 - 12:32:13: "INDIO<20><VALVE_ID_LAN><CT>" triggered "weaponstats" (weapon "sg552") (shots "15") (hits "6") (kills "1") (headshots "0") (tks "0") (damage "189") (deaths "0")
L 08/26/2019 - 12:32:13: "INDIO<20><VALVE_ID_LAN><CT>" triggered "weaponstats2" (weapon "sg552") (head "0") (chest "2") (stomach "0") (leftarm "3") (rightarm "1") (leftleg "0") (rightleg "0")
L 08/26/2019 - 12:32:13: "INDIO<20><VALVE_ID_LAN><CT>" triggered "time" (time "0:27")
L 08/26/2019 - 12:32:13: "INDIO<20><VALVE_ID_LAN><CT>" triggered "latency" (ping "0")
L 08/26/2019 - 12:32:13: "INDIO<20><VALVE_ID_LAN><CT>" disconnected
L 08/26/2019 - 12:32:15: "Smolder<12><VALVE_ID_LAN><TERRORIST>" triggered "Spawned_With_The_Bomb"
L 08/26/2019 - 12:32:15: World triggered "Round_Start"
L 08/26/2019 - 12:32:15: "Cap Billy<10><VALVE_ID_LAN><CT>" say "OBG MEU DEUS!!!!"
L 08/26/2019 - 12:32:18: "XXBOT Pheonix<22><BOT><>" joined team "TERRORIST"
L 08/26/2019 - 12:32:18: Server cvar "bot_quota" = "2"
L 08/26/2019 - 12:32:18: "XXBOT Pheonix<22><BOT><>" entered the game
L 08/26/2019 - 12:32:20: "Ice_Man<15><VALVE_ID_LAN><TERRORIST>" killed "Kitkat<16><VALVE_ID_LAN><CT>" with "aug"
L 08/26/2019 - 12:32:21: "Gho$T<11><VALVE_ID_LAN><CT>" killed "XXBOT Pheonix<22><BOT><TERRORIST>" with "p90"
L 08/26/2019 - 12:32:23: "Gho$T<11><VALVE_ID_LAN><CT>" killed "Smolder<12><VALVE_ID_LAN><TERRORIST>" with "knife"
L 08/26/2019 - 12:32:23: "Smolder<12><VALVE_ID_LAN><TERRORIST>" triggered "Dropped_The_Bomb"
L 08/26/2019 - 12:32:26: "Cap Billy<10><VALVE_ID_LAN><CT>" killed "XXBOT Quintin<21><BOT><TERRORIST>" with "ak47"
L 08/26/2019 - 12:32:27: "CEIFADOR<9><VALVE_ID_LOOPBACK><TERRORIST>" killed "Gho$T<11><VALVE_ID_LAN><CT>" with "tmp"
L 08/26/2019 - 12:32:28: "Cap Billy<10><VALVE_ID_LAN><CT>" killed "Ice_Man<15><VALVE_ID_LAN><TERRORIST>" with "ak47"
L 08/26/2019 - 12:32:30: "CEIFADOR<9><VALVE_ID_LOOPBACK><TERRORIST>" killed "Jack<13><VALVE_ID_LAN><CT>" with "tmp"
L 08/26/2019 - 12:32:32: "Cap Billy<10><VALVE_ID_LAN><CT>" killed "CEIFADOR<9><VALVE_ID_LOOPBACK><TERRORIST>" with "ak47"
L 08/26/2019 - 12:32:32: Team "CT" triggered "CTs_Win" (CT "8") (T "1")
L 08/26/2019 - 12:32:32: World triggered "Round_End"
L 08/26/2019 - 12:32:37: "Ice_Man<15><VALVE_ID_LAN><TERRORIST>" triggered "Spawned_With_The_Bomb"
L 08/26/2019 - 12:32:37: World triggered "Round_Start"
L 08/26/2019 - 12:32:37: "Jack<13><VALVE_ID_LAN><CT>" say "tira bot carai"
L 08/26/2019 - 12:32:41: "Gho$T<11><VALVE_ID_LAN><CT>" killed "XXBOT Pheonix<22><BOT><TERRORIST>" with "usp"
L 08/26/2019 - 12:32:41: "XXBOT Quintin<21><BOT><TERRORIST>" killed "Gho$T<11><VALVE_ID_LAN><CT>" with "glock18"
L 08/26/2019 - 12:32:45: "Cap Billy<10><VALVE_ID_LAN><CT>" killed "XXBOT Quintin<21><BOT><TERRORIST>" with "ak47"
L 08/26/2019 - 12:32:45: "Kitkat<16><VALVE_ID_LAN><CT>" killed "Ice_Man<15><VALVE_ID_LAN><TERRORIST>" with "mp5navy"
L 08/26/2019 - 12:32:45: "Ice_Man<15><VALVE_ID_LAN><TERRORIST>" triggered "Dropped_The_Bomb"
L 08/26/2019 - 12:32:46: "CEIFADOR<9><VALVE_ID_LOOPBACK><TERRORIST>" killed "Jack<13><VALVE_ID_LAN><CT>" with "ak47"
L 08/26/2019 - 12:32:47: "Cap Billy<10><VALVE_ID_LAN><CT>" killed "CEIFADOR<9><VALVE_ID_LOOPBACK><TERRORIST>" with "ak47"
L 08/26/2019 - 12:32:50: "Kitkat<16><VALVE_ID_LAN><CT>" killed "Smolder<12><VALVE_ID_LAN><TERRORIST>" with "mp5navy"
L 08/26/2019 - 12:32:50: Team "CT" triggered "CTs_Win" (CT "9") (T "1")
L 08/26/2019 - 12:32:50: World triggered "Round_End"
L 08/26/2019 - 12:32:54: "Jack<13><VALVE_ID_LAN><CT>" say "tira bot carai" (dead)
L 08/26/2019 - 12:32:55: "XXBOT Quintin<21><BOT><TERRORIST>" triggered "Spawned_With_The_Bomb"
L 08/26/2019 - 12:32:55: World triggered "Round_Start"
L 08/26/2019 - 12:32:58: "Smolder<12><VALVE_ID_LAN><TERRORIST>" killed "Cap Billy<10><VALVE_ID_LAN><CT>" with "xm1014"
L 08/26/2019 - 12:33:02: "Jack<13><VALVE_ID_LAN><CT>" killed "Smolder<12><VALVE_ID_LAN><TERRORIST>" with "m3"
L 08/26/2019 - 12:33:03: "XXBOT Pheonix<22><BOT><TERRORIST>" killed "Kitkat<16><VALVE_ID_LAN><CT>" with "glock18"
L 08/26/2019 - 12:33:05: "Jack<13><VALVE_ID_LAN><CT>" killed "CEIFADOR<9><VALVE_ID_LOOPBACK><TERRORIST>" with "m3"
L 08/26/2019 - 12:33:06: "XXBOT Quintin<21><BOT><TERRORIST>" killed "Jack<13><VALVE_ID_LAN><CT>" with "glock18"
L 08/26/2019 - 12:33:06: "Ice_Man<15><VALVE_ID_LAN><TERRORIST>" killed "Gho$T<11><VALVE_ID_LAN><CT>" with "p90"
L 08/26/2019 - 12:33:06: Team "TERRORIST" triggered "Terrorists_Win" (CT "9") (T "2")
L 08/26/2019 - 12:33:06: World triggered "Round_End"
L 08/26/2019 - 12:33:11: Server cvar "bot_quota" = "1"
L 08/26/2019 - 12:33:11: Server cvar "bot_quota" = "0"
L 08/26/2019 - 12:33:11: Kick: "XXBOT Quintin<21><UNKNOWN><>" was kicked by "CEIFADOR"
L 08/26/2019 - 12:33:11: "XXBOT Quintin<21><BOT><TERRORIST>" disconnected
L 08/26/2019 - 12:33:11: Kick: "XXBOT Pheonix<22><UNKNOWN><>" was kicked by "CEIFADOR"
L 08/26/2019 - 12:33:11: "XXBOT Pheonix<22><BOT><TERRORIST>" disconnected
L 08/26/2019 - 12:33:11: "CEIFADOR<9><VALVE_ID_LOOPBACK><TERRORIST>" triggered "Spawned_With_The_Bomb"
L 08/26/2019 - 12:33:11: World triggered "Round_Start"
L 08/26/2019 - 12:33:16: "Ice_Man<15><VALVE_ID_LAN><TERRORIST>" killed "Cap Billy<10><VALVE_ID_LAN><CT>" with "p90"
L 08/26/2019 - 12:33:16: "Smolder<12><VALVE_ID_LAN><TERRORIST>" killed "Ice_Man<15><VALVE_ID_LAN><TERRORIST>" with "aug"
L 08/26/2019 - 12:33:18: "CEIFADOR<9><VALVE_ID_LOOPBACK><TERRORIST>" killed "Gho$T<11><VALVE_ID_LAN><CT>" with "g3sg1"
L 08/26/2019 - 12:33:22: "Jack<13><VALVE_ID_LAN><CT>" killed "CEIFADOR<9><VALVE_ID_LOOPBACK><TERRORIST>" with "m4a1"
L 08/26/2019 - 12:33:22: "CEIFADOR<9><VALVE_ID_LOOPBACK><TERRORIST>" triggered "Dropped_The_Bomb"
L 08/26/2019 - 12:33:22: "Ice_Man<15><VALVE_ID_LAN><TERRORIST>" triggered "weaponstats" (weapon "grenade") (shots "1") (hits "1") (kills "0") (headshots "0") (tks "0") (damage "51") (deaths "0")
L 08/26/2019 - 12:33:22: "Ice_Man<15><VALVE_ID_LAN><TERRORIST>" triggered "weaponstats2" (weapon "grenade") (head "0") (chest "0") (stomach "0") (leftarm "0") (rightarm "0") (leftleg "0") (rightleg "0")
L 08/26/2019 - 12:33:22: "Ice_Man<15><VALVE_ID_LAN><TERRORIST>" triggered "weaponstats" (weapon "xm1014") (shots "2") (hits "1") (kills "0") (headshots "0") (tks "0") (damage "12") (deaths "2")
L 08/26/2019 - 12:33:22: "Ice_Man<15><VALVE_ID_LAN><TERRORIST>" triggered "weaponstats2" (weapon "xm1014") (head "0") (chest "0") (stomach "0") (leftarm "0") (rightarm "0") (leftleg "1") (rightleg "0")
L 08/26/2019 - 12:33:22: "Ice_Man<15><VALVE_ID_LAN><TERRORIST>" triggered "weaponstats" (weapon "aug") (shots "12") (hits "3") (kills "1") (headshots "1") (tks "0") (damage "176") (deaths "0")
L 08/26/2019 - 12:33:22: "Ice_Man<15><VALVE_ID_LAN><TERRORIST>" triggered "weaponstats2" (weapon "aug") (head "1") (chest "0") (stomach "0") (leftarm "2") (rightarm "0") (leftleg "0") (rightleg "0")
L 08/26/2019 - 12:33:22: "Ice_Man<15><VALVE_ID_LAN><TERRORIST>" triggered "weaponstats" (weapon "glock18") (shots "3") (hits "0") (kills "0") (headshots "0") (tks "0") (damage "0") (deaths "0")
L 08/26/2019 - 12:33:22: "Ice_Man<15><VALVE_ID_LAN><TERRORIST>" triggered "weaponstats2" (weapon "glock18") (head "0") (chest "0") (stomach "0") (leftarm "0") (rightarm "0") (leftleg "0") (rightleg "0")
L 08/26/2019 - 12:33:22: "Ice_Man<15><VALVE_ID_LAN><TERRORIST>" triggered "weaponstats" (weapon "m3") (shots "4") (hits "4") (kills "0") (headshots "0") (tks "0") (damage "229") (deaths "3")
L 08/26/2019 - 12:33:22: "Ice_Man<15><VALVE_ID_LAN><TERRORIST>" triggered "weaponstats2" (weapon "m3") (head "1") (chest "0") (stomach "0") (leftarm "1") (rightarm "0") (leftleg "0") (rightleg "2")
L 08/26/2019 - 12:33:22: "Ice_Man<15><VALVE_ID_LAN><TERRORIST>" triggered "weaponstats" (weapon "tmp") (shots "7") (hits "2") (kills "0") (headshots "0") (tks "0") (damage "26") (deaths "2")
L 08/26/2019 - 12:33:22: "Ice_Man<15><VALVE_ID_LAN><TERRORIST>" triggered "weaponstats2" (weapon "tmp") (head "0") (chest "0") (stomach "0") (leftarm "1") (rightarm "0") (leftleg "0") (rightleg "1")
L 08/26/2019 - 12:33:22: "Ice_Man<15><VALVE_ID_LAN><TERRORIST>" triggered "weaponstats" (weapon "g3sg1") (shots "1") (hits "0") (kills "0") (headshots "0") (tks "0") (damage "0") (deaths "0")
L 08/26/2019 - 12:33:22: "Ice_Man<15><VALVE_ID_LAN><TERRORIST>" triggered "weaponstats2" (weapon "g3sg1") (head "0") (chest "0") (stomach "0") (leftarm "0") (rightarm "0") (leftleg "0") (rightleg "0")
L 08/26/2019 - 12:33:22: "Ice_Man<15><VALVE_ID_LAN><TERRORIST>" triggered "weaponstats" (weapon "p90") (shots "38") (hits "9") (kills "2") (headshots "2") (tks "0") (damage "383") (deaths "1")
L 08/26/2019 - 12:33:22: "Ice_Man<15><VALVE_ID_LAN><TERRORIST>" triggered "weaponstats2" (weapon "p90") (head "3") (chest "2") (stomach "1") (leftarm "2") (rightarm "1") (leftleg "0") (rightleg "0")
L 08/26/2019 - 12:33:22: "Ice_Man<15><VALVE_ID_LAN><TERRORIST>" triggered "time" (time "3:09")
L 08/26/2019 - 12:33:22: "Ice_Man<15><VALVE_ID_LAN><TERRORIST>" triggered "latency" (ping "22")
L 08/26/2019 - 12:33:22: "Ice_Man<15><VALVE_ID_LAN><TERRORIST>" disconnected
L 08/26/2019 - 12:33:25: "XXBOT Stone<23><BOT><>" joined team "TERRORIST"
L 08/26/2019 - 12:33:25: Server cvar "bot_quota" = "1"
L 08/26/2019 - 12:33:25: "XXBOT Stone<23><BOT><>" entered the game
L 08/26/2019 - 12:33:26: "Smolder<12><VALVE_ID_LAN><TERRORIST>" killed "Kitkat<16><VALVE_ID_LAN><CT>" with "aug"
L 08/26/2019 - 12:33:29: "XXBOT Stone<23><BOT><TERRORIST>" killed "Jack<13><VALVE_ID_LAN><CT>" with "glock18"
L 08/26/2019 - 12:33:29: Team "TERRORIST" triggered "Terrorists_Win" (CT "9") (T "3")
L 08/26/2019 - 12:33:29: World triggered "Round_End"
L 08/26/2019 - 12:33:30: "Gho$T<11><VALVE_ID_LAN><CT>" say "kd ice" (dead)
L 08/26/2019 - 12:33:34: "Smolder<12><VALVE_ID_LAN><TERRORIST>" triggered "Spawned_With_The_Bomb"
L 08/26/2019 - 12:33:34: World triggered "Round_Start"
L 08/26/2019 - 12:33:34: "Smolder<12><VALVE_ID_LAN><TERRORIST>" committed suicide with "world"
L 08/26/2019 - 12:33:34: "Smolder<12><VALVE_ID_LAN><TERRORIST>" triggered "Dropped_The_Bomb"
L 08/26/2019 - 12:33:35: "XXBOT Stone<23><BOT><TERRORIST>" triggered "Got_The_Bomb"
L 08/26/2019 - 12:33:36: "XXBOT Crusher<24><BOT><>" joined team "TERRORIST"
L 08/26/2019 - 12:33:36: Server cvar "bot_quota" = "2"
L 08/26/2019 - 12:33:36: "XXBOT Crusher<24><BOT><>" entered the game
L 08/26/2019 - 12:33:42: "XXBOT Stone<23><BOT><TERRORIST>" killed "Gho$T<11><VALVE_ID_LAN><CT>" with "xm1014"
L 08/26/2019 - 12:33:42: "Cap Billy<10><VALVE_ID_LAN><CT>" killed "XXBOT Stone<23><BOT><TERRORIST>" with "m4a1"
L 08/26/2019 - 12:33:42: "XXBOT Stone<23><BOT><TERRORIST>" triggered "Dropped_The_Bomb"
L 08/26/2019 - 12:33:44: "Ice_Man<25><VALVE_ID_LAN><>" connected, address "10.15.4.1:27005"
L 08/26/2019 - 12:33:44: "CEIFADOR<9><VALVE_ID_LOOPBACK><TERRORIST>" killed "Cap Billy<10><VALVE_ID_LAN><CT>" with "ak47"
L 08/26/2019 - 12:33:44: "Jack<13><VALVE_ID_LAN><CT>" killed "XXBOT Crusher<24><BOT><TERRORIST>" with "aug"
L 08/26/2019 - 12:33:48: "Ice_Man<25><VALVE_ID_LAN><>" entered the game
L 08/26/2019 - 12:33:51: "Ice_Man<25><VALVE_ID_LAN><>" joined team "TERRORIST"
L 08/26/2019 - 12:33:54: "CEIFADOR<9><VALVE_ID_LOOPBACK><TERRORIST>" killed "Kitkat<16><VALVE_ID_LAN><CT>" with "aug"
L 08/26/2019 - 12:33:56: "CEIFADOR<9><VALVE_ID_LOOPBACK><TERRORIST>" killed "Jack<13><VALVE_ID_LAN><CT>" with "aug"
L 08/26/2019 - 12:33:56: Team "TERRORIST" triggered "Terrorists_Win" (CT "9") (T "4")
L 08/26/2019 - 12:33:56: World triggered "Round_End"
L 08/26/2019 - 12:34:01: "XXBOT Stone<23><BOT><TERRORIST>" triggered "Spawned_With_The_Bomb"
L 08/26/2019 - 12:34:01: World triggered "Round_Start"
L 08/26/2019 - 12:34:03: "Jack<13><VALVE_ID_LAN><CT>" say "porra ceifador"
L 08/26/2019 - 12:34:05: "Ice_Man<25><VALVE_ID_LAN><TERRORIST>" killed "Gho$T<11><VALVE_ID_LAN><CT>" with "xm1014"
L 08/26/2019 - 12:34:06: "Jack<13><VALVE_ID_LAN><CT>" say "tira uujm boty"
L 08/26/2019 - 12:34:07: "Ice_Man<25><VALVE_ID_LAN><TERRORIST>" killed "Jack<13><VALVE_ID_LAN><CT>" with "xm1014"
L 08/26/2019 - 12:34:09: "Kitkat<16><VALVE_ID_LAN><CT>" killed "XXBOT Crusher<24><BOT><TERRORIST>" with "mp5navy"
L 08/26/2019 - 12:34:09: "Ice_Man<25><VALVE_ID_LAN><TERRORIST>" killed "Kitkat<16><VALVE_ID_LAN><CT>" with "xm1014"
L 08/26/2019 - 12:34:17: "CEIFADOR<9><VALVE_ID_LOOPBACK><TERRORIST>" killed "Smolder<12><VALVE_ID_LAN><TERRORIST>" with "knife"
L 08/26/2019 - 12:34:20: "Cap Billy<10><VALVE_ID_LAN><CT>" killed "CEIFADOR<9><VALVE_ID_LOOPBACK><TERRORIST>" with "m4a1"
L 08/26/2019 - 12:34:21: "Gho$T<11><VALVE_ID_LAN><CT>" say "UHAUAHUAHAUHAUAHUAHAUHAUAHHA" (dead)
L 08/26/2019 - 12:34:27: "Gho$T<11><VALVE_ID_LAN><CT>" say "AHAHAHAAHAHAH" (dead)
L 08/26/2019 - 12:34:27: Server cvar "bot_quota" = "1"
L 08/26/2019 - 12:34:27: Server cvar "bot_quota" = "0"
L 08/26/2019 - 12:34:27: Kick: "XXBOT Stone<23><UNKNOWN><>" was kicked by "CEIFADOR"
L 08/26/2019 - 12:34:27: "XXBOT Stone<23><BOT><TERRORIST>" triggered "Dropped_The_Bomb"
L 08/26/2019 - 12:34:27: "XXBOT Stone<23><BOT><TERRORIST>" disconnected
L 08/26/2019 - 12:34:27: Kick: "XXBOT Crusher<24><UNKNOWN><>" was kicked by "CEIFADOR"
L 08/26/2019 - 12:34:27: "XXBOT Crusher<24><BOT><TERRORIST>" disconnected
L 08/26/2019 - 12:34:28: "Ice_Man<25><VALVE_ID_LAN><TERRORIST>" killed "Cap Billy<10><VALVE_ID_LAN><CT>" with "xm1014"
L 08/26/2019 - 12:34:28: Team "TERRORIST" triggered "Terrorists_Win" (CT "9") (T "5")
L 08/26/2019 - 12:34:28: World triggered "Round_End"
L 08/26/2019 - 12:34:31: "Jack<13><VALVE_ID_LAN><CT>" say "caralho ceifador.. tira um bot... leseira da porra" (dead)
L 08/26/2019 - 12:34:31: "Cap Billy<10><VALVE_ID_LAN><CT>" say "HAHAHAHAHAHHAHAHA" (dead)
L 08/26/2019 - 12:34:33: "CEIFADOR<9><VALVE_ID_LOOPBACK><TERRORIST>" triggered "Spawned_With_The_Bomb"
L 08/26/2019 - 12:34:33: "CEIFADOR<9><VALVE_ID_LOOPBACK><TERRORIST>" committed suicide with "world"
L 08/26/2019 - 12:34:33: "CEIFADOR<9><VALVE_ID_LOOPBACK><TERRORIST>" triggered "Dropped_The_Bomb"
L 08/26/2019 - 12:34:33: World triggered "Round_Start"
L 08/26/2019 - 12:34:33: "XXBOT Crusher<26><BOT><>" joined team "TERRORIST"
L 08/26/2019 - 12:34:33: Server cvar "bot_quota" = "1"
L 08/26/2019 - 12:34:33: "XXBOT Crusher<26><BOT><>" entered the game
L 08/26/2019 - 12:34:38: "XXBOT Crusher<26><BOT><TERRORIST>" triggered "Got_The_Bomb"
L 08/26/2019 - 12:34:40: "Ice_Man<25><VALVE_ID_LAN><TERRORIST>" killed "Jack<13><VALVE_ID_LAN><CT>" with "xm1014"
L 08/26/2019 - 12:34:45: "Kitkat<16><VALVE_ID_LAN><CT>" killed "Ice_Man<25><VALVE_ID_LAN><TERRORIST>" with "ak47"
L 08/26/2019 - 12:34:50: "Cap Billy<10><VALVE_ID_LAN><CT>" killed "Smolder<12><VALVE_ID_LAN><TERRORIST>" with "sg552"
L 08/26/2019 - 12:34:53: "Gho$T<11><VALVE_ID_LAN><CT>" killed "XXBOT Crusher<26><BOT><TERRORIST>" with "m4a1"
L 08/26/2019 - 12:34:53: Team "CT" triggered "CTs_Win" (CT "10") (T "5")
L 08/26/2019 - 12:34:53: World triggered "Round_End"
L 08/26/2019 - 12:34:55: "Jack<13><VALVE_ID_LAN><CT>" say "q dificuldade de botar so um bot.. volta pra escolinha" (dead)
L 08/26/2019 - 12:34:58: "Smolder<12><VALVE_ID_LAN><TERRORIST>" triggered "Spawned_With_The_Bomb"
L 08/26/2019 - 12:34:58: World triggered "Round_Start"
L 08/26/2019 - 12:35:01: "Cap Billy<10><VALVE_ID_LAN><CT>" killed "XXBOT Crusher<26><BOT><TERRORIST>" with "sg552"
L 08/26/2019 - 12:35:01: "Gho$T<11><VALVE_ID_LAN><CT>" killed "CEIFADOR<9><VALVE_ID_LOOPBACK><TERRORIST>" with "grenade"
L 08/26/2019 - 12:35:06: "Cap Billy<10><VALVE_ID_LAN><CT>" killed "Smolder<12><VALVE_ID_LAN><TERRORIST>" with "knife"
L 08/26/2019 - 12:35:06: "Smolder<12><VALVE_ID_LAN><TERRORIST>" triggered "Dropped_The_Bomb"
L 08/26/2019 - 12:35:08: "Cap Billy<10><VALVE_ID_LAN><CT>" killed "Ice_Man<25><VALVE_ID_LAN><TERRORIST>" with "sg552"
L 08/26/2019 - 12:35:08: Team "CT" triggered "CTs_Win" (CT "11") (T "5")
L 08/26/2019 - 12:35:08: World triggered "Round_End"
L 08/26/2019 - 12:35:09: "CEIFADOR<9><VALVE_ID_LOOPBACK><TERRORIST>" say "ta um entra e sai de gente" (dead)
L 08/26/2019 - 12:35:13: "XXBOT Crusher<26><BOT><TERRORIST>" triggered "Spawned_With_The_Bomb"
L 08/26/2019 - 12:35:13: World triggered "Round_Start"
L 08/26/2019 - 12:35:18: "Cap Billy<10><VALVE_ID_LAN><CT>" killed "XXBOT Crusher<26><BOT><TERRORIST>" with "sg552"
L 08/26/2019 - 12:35:18: "XXBOT Crusher<26><BOT><TERRORIST>" triggered "Dropped_The_Bomb"
L 08/26/2019 - 12:35:19: "INDIO<27><VALVE_ID_LAN><>" connected, address "10.15.2.117:27005"
L 08/26/2019 - 12:35:20: "Gho$T<11><VALVE_ID_LAN><CT>" killed "Ice_Man<25><VALVE_ID_LAN><TERRORIST>" with "m4a1"
L 08/26/2019 - 12:35:21: "Cap Billy<10><VALVE_ID_LAN><CT>" killed "CEIFADOR<9><VALVE_ID_LOOPBACK><TERRORIST>" with "sg552"
L 08/26/2019 - 12:35:22: "Smolder<12><VALVE_ID_LAN><TERRORIST>" killed "Gho$T<11><VALVE_ID_LAN><CT>" with "mp5navy"
L 08/26/2019 - 12:35:23: "Cap Billy<10><VALVE_ID_LAN><CT>" killed "Smolder<12><VALVE_ID_LAN><TERRORIST>" with "sg552"
L 08/26/2019 - 12:35:23: Team "CT" triggered "CTs_Win" (CT "12") (T "5")
L 08/26/2019 - 12:35:23: World triggered "Round_End"
L 08/26/2019 - 12:35:28: "Ice_Man<25><VALVE_ID_LAN><TERRORIST>" triggered "Spawned_With_The_Bomb"
L 08/26/2019 - 12:35:28: World triggered "Round_Start"
L 08/26/2019 - 12:35:30: "INDIO<27><VALVE_ID_LAN><>" entered the game
L 08/26/2019 - 12:35:33: "CEIFADOR<9><VALVE_ID_LOOPBACK><TERRORIST>" killed "Cap Billy<10><VALVE_ID_LAN><CT>" with "xm1014"
L 08/26/2019 - 12:35:33: "INDIO<27><VALVE_ID_LAN><>" joined team "CT"
L 08/26/2019 - 12:35:34: "Kitkat<16><VALVE_ID_LAN><CT>" killed "Ice_Man<25><VALVE_ID_LAN><TERRORIST>" with "ak47"
L 08/26/2019 - 12:35:34: "Ice_Man<25><VALVE_ID_LAN><TERRORIST>" triggered "Dropped_The_Bomb"
L 08/26/2019 - 12:35:35: "XXBOT Crusher<26><BOT><TERRORIST>" killed "Kitkat<16><VALVE_ID_LAN><CT>" with "glock18"
L 08/26/2019 - 12:35:36: "Gho$T<11><VALVE_ID_LAN><CT>" killed "Smolder<12><VALVE_ID_LAN><TERRORIST>" with "xm1014"
L 08/26/2019 - 12:35:37: "CEIFADOR<9><VALVE_ID_LOOPBACK><TERRORIST>" triggered "Got_The_Bomb"
L 08/26/2019 - 12:35:39: "XXBOT Crusher<26><BOT><TERRORIST>" killed "INDIO<27><VALVE_ID_LAN><CT>" with "glock18"
L 08/26/2019 - 12:35:41: "Jack<13><VALVE_ID_LAN><CT>" killed "CEIFADOR<9><VALVE_ID_LOOPBACK><TERRORIST>" with "aug"
L 08/26/2019 - 12:35:41: "CEIFADOR<9><VALVE_ID_LOOPBACK><TERRORIST>" triggered "Dropped_The_Bomb"
L 08/26/2019 - 12:35:42: "Gho$T<11><VALVE_ID_LAN><CT>" killed "XXBOT Crusher<26><BOT><TERRORIST>" with "xm1014"
L 08/26/2019 - 12:35:42: Team "CT" triggered "CTs_Win" (CT "13") (T "5")
L 08/26/2019 - 12:35:42: World triggered "Round_End"
L 08/26/2019 - 12:35:47: "XXBOT Quade<28><BOT><>" joined team "TERRORIST"
L 08/26/2019 - 12:35:47: Server cvar "bot_quota" = "2"
L 08/26/2019 - 12:35:47: "XXBOT Quade<28><BOT><>" entered the game
L 08/26/2019 - 12:35:47: "Ice_Man<25><VALVE_ID_LAN><TERRORIST>" triggered "Spawned_With_The_Bomb"
L 08/26/2019 - 12:35:47: World triggered "Round_Start"
L 08/26/2019 - 12:35:49: "Gho$T<11><VALVE_ID_LAN><CT>" say_team "massagrcer"
L 08/26/2019 - 12:35:51: "Calcas Peludas<29><VALVE_ID_LAN><>" connected, address "10.15.2.230:27005"
L 08/26/2019 - 12:35:52: "Cap Billy<10><VALVE_ID_LAN><CT>" killed "XXBOT Quade<28><BOT><TERRORIST>" with "m4a1"
L 08/26/2019 - 12:35:54: "INDIO<27><VALVE_ID_LAN><CT>" killed "CEIFADOR<9><VALVE_ID_LOOPBACK><TERRORIST>" with "sg552"
L 08/26/2019 - 12:35:54: "INDIO<27><VALVE_ID_LAN><CT>" killed "XXBOT Crusher<26><BOT><TERRORIST>" with "sg552"
L 08/26/2019 - 12:35:56: "Ice_Man<25><VALVE_ID_LAN><TERRORIST>" killed "Gho$T<11><VALVE_ID_LAN><CT>" with "ak47"
L 08/26/2019 - 12:35:56: "Cap Billy<10><VALVE_ID_LAN><CT>" killed "Ice_Man<25><VALVE_ID_LAN><TERRORIST>" with "m4a1"
L 08/26/2019 - 12:35:56: "Ice_Man<25><VALVE_ID_LAN><TERRORIST>" triggered "Dropped_The_Bomb"
L 08/26/2019 - 12:35:58: "Calcas Peludas<29><VALVE_ID_LAN><>" entered the game
L 08/26/2019 - 12:36:00: "Smolder<12><VALVE_ID_LAN><TERRORIST>" killed "Cap Billy<10><VALVE_ID_LAN><CT>" with "aug"
L 08/26/2019 - 12:36:02: "Gho$T<11><VALVE_ID_LAN><CT>" say_team "massacre" (dead)
L 08/26/2019 - 12:36:04: "Jack<13><VALVE_ID_LAN><CT>" killed "Smolder<12><VALVE_ID_LAN><TERRORIST>" with "aug"
L 08/26/2019 - 12:36:04: Team "CT" triggered "CTs_Win" (CT "14") (T "5")
L 08/26/2019 - 12:36:04: World triggered "Round_End"
L 08/26/2019 - 12:36:09: "CEIFADOR<9><VALVE_ID_LOOPBACK><TERRORIST>" triggered "Spawned_With_The_Bomb"
L 08/26/2019 - 12:36:09: World triggered "Round_Start"
L 08/26/2019 - 12:36:11: "Cap Billy<10><VALVE_ID_LAN><CT>" killed "XXBOT Quade<28><BOT><TERRORIST>" with "ak47"
L 08/26/2019 - 12:36:13: "XXBOT Crusher<26><BOT><TERRORIST>" killed "Gho$T<11><VALVE_ID_LAN><CT>" with "glock18"
L 08/26/2019 - 12:36:16: "Jack<13><VALVE_ID_LAN><CT>" killed "Ice_Man<25><VALVE_ID_LAN><TERRORIST>" with "aug"
L 08/26/2019 - 12:36:16: "Smolder<12><VALVE_ID_LAN><TERRORIST>" killed "Kitkat<16><VALVE_ID_LAN><CT>" with "mp5navy"
L 08/26/2019 - 12:36:17: "Cap Billy<10><VALVE_ID_LAN><CT>" killed "XXBOT Crusher<26><BOT><TERRORIST>" with "ak47"
L 08/26/2019 - 12:36:17: "CEIFADOR<9><VALVE_ID_LOOPBACK><TERRORIST>" killed "Cap Billy<10><VALVE_ID_LAN><CT>" with "ak47"
L 08/26/2019 - 12:36:20: "CEIFADOR<9><VALVE_ID_LOOPBACK><TERRORIST>" killed "Jack<13><VALVE_ID_LAN><CT>" with "ak47"
L 08/26/2019 - 12:36:23: "CEIFADOR<9><VALVE_ID_LOOPBACK><TERRORIST>" killed "INDIO<27><VALVE_ID_LAN><CT>" with "ak47"
L 08/26/2019 - 12:36:23: Team "TERRORIST" triggered "Terrorists_Win" (CT "14") (T "6")
L 08/26/2019 - 12:36:23: World triggered "Round_End"
L 08/26/2019 - 12:36:24: "Gho$T<11><VALVE_ID_LAN><CT>" say "deixando seus amiguinhos no sal calcas covarde" (dead)
L 08/26/2019 - 12:36:25: "Calcas Peludas<29><VALVE_ID_LAN><>" joined team "TERRORIST"
L 08/26/2019 - 12:36:26: Server cvar "bot_quota" = "1"
L 08/26/2019 - 12:36:26: Server cvar "bot_quota" = "0"
L 08/26/2019 - 12:36:26: Kick: "XXBOT Crusher<26><UNKNOWN><>" was kicked by "CEIFADOR"
L 08/26/2019 - 12:36:26: "XXBOT Crusher<26><BOT><TERRORIST>" disconnected
L 08/26/2019 - 12:36:26: Kick: "XXBOT Quade<28><UNKNOWN><>" was kicked by "CEIFADOR"
L 08/26/2019 - 12:36:26: "XXBOT Quade<28><BOT><TERRORIST>" disconnected
L 08/26/2019 - 12:36:28: "Smolder<12><VALVE_ID_LAN><TERRORIST>" triggered "Spawned_With_The_Bomb"
L 08/26/2019 - 12:36:28: World triggered "Round_Start"
L 08/26/2019 - 12:36:30: "XXBOT Kyle<30><BOT><>" joined team "TERRORIST"
L 08/26/2019 - 12:36:30: Server cvar "bot_quota" = "1"
L 08/26/2019 - 12:36:30: "XXBOT Kyle<30><BOT><>" entered the game
L 08/26/2019 - 12:36:34: "CEIFADOR<9><VALVE_ID_LOOPBACK><TERRORIST>" killed "Jack<13><VALVE_ID_LAN><CT>" with "xm1014"
L 08/26/2019 - 12:36:35: "INDIO<27><VALVE_ID_LAN><CT>" killed "Ice_Man<25><VALVE_ID_LAN><TERRORIST>" with "xm1014"
L 08/26/2019 - 12:36:37: "CEIFADOR<9><VALVE_ID_LOOPBACK><TERRORIST>" killed "Kitkat<16><VALVE_ID_LAN><CT>" with "xm1014"
L 08/26/2019 - 12:36:39: "Cap Billy<10><VALVE_ID_LAN><CT>" killed "Smolder<12><VALVE_ID_LAN><TERRORIST>" with "mac10"
L 08/26/2019 - 12:36:39: "Smolder<12><VALVE_ID_LAN><TERRORIST>" triggered "Dropped_The_Bomb"
L 08/26/2019 - 12:36:40: "XXBOT Kyle<30><BOT><TERRORIST>" killed "INDIO<27><VALVE_ID_LAN><CT>" with "glock18"
L 08/26/2019 - 12:36:40: "Cap Billy<10><VALVE_ID_LAN><CT>" killed "CEIFADOR<9><VALVE_ID_LOOPBACK><TERRORIST>" with "mac10"
L 08/26/2019 - 12:36:47: "XXBOT Kyle<30><BOT><TERRORIST>" killed "Gho$T<11><VALVE_ID_LAN><CT>" with "mp5navy"
L 08/26/2019 - 12:36:48: "XXBOT Kyle<30><BOT><TERRORIST>" killed "Cap Billy<10><VALVE_ID_LAN><CT>" with "mp5navy"
L 08/26/2019 - 12:36:48: Team "TERRORIST" triggered "Terrorists_Win" (CT "14") (T "7")
L 08/26/2019 - 12:36:48: World triggered "Round_End"
L 08/26/2019 - 12:36:52: "XXBOT Kyle<30><BOT><TERRORIST>" triggered "Got_The_Bomb"
L 08/26/2019 - 12:36:53: "XXBOT Kyle<30><BOT><TERRORIST>" triggered "Spawned_With_The_Bomb"
L 08/26/2019 - 12:36:53: World triggered "Round_Start"
L 08/26/2019 - 12:37:00: "XXBOT Kyle<30><BOT><TERRORIST>" killed "INDIO<27><VALVE_ID_LAN><CT>" with "mp5navy"
L 08/26/2019 - 12:37:00: "Smolder<12><VALVE_ID_LAN><TERRORIST>" killed "Gho$T<11><VALVE_ID_LAN><CT>" with "tmp"
L 08/26/2019 - 12:37:01: "Ice_Man<25><VALVE_ID_LAN><TERRORIST>" killed "Jack<13><VALVE_ID_LAN><CT>" with "xm1014"
L 08/26/2019 - 12:37:02: "Cap Billy<10><VALVE_ID_LAN><CT>" killed "Smolder<12><VALVE_ID_LAN><TERRORIST>" with "m4a1"
L 08/26/2019 - 12:37:02: "CEIFADOR<9><VALVE_ID_LOOPBACK><TERRORIST>" killed "Kitkat<16><VALVE_ID_LAN><CT>" with "mp5navy"
L 08/26/2019 - 12:37:08: "Cap Billy<10><VALVE_ID_LAN><CT>" killed "CEIFADOR<9><VALVE_ID_LOOPBACK><TERRORIST>" with "m4a1"
L 08/26/2019 - 12:37:13: "XXBOT Kyle<30><BOT><TERRORIST>" killed "Cap Billy<10><VALVE_ID_LAN><CT>" with "mp5navy"
L 08/26/2019 - 12:37:13: Team "TERRORIST" triggered "Terrorists_Win" (CT "14") (T "8")
L 08/26/2019 - 12:37:13: World triggered "Round_End"
L 08/26/2019 - 12:37:18: "Ice_Man<25><VALVE_ID_LAN><TERRORIST>" triggered "Spawned_With_The_Bomb"
L 08/26/2019 - 12:37:18: World triggered "Round_Start"
L 08/26/2019 - 12:37:22: "INDIO<27><VALVE_ID_LAN><CT>" killed "Ice_Man<25><VALVE_ID_LAN><TERRORIST>" with "xm1014"
L 08/26/2019 - 12:37:22: "Ice_Man<25><VALVE_ID_LAN><TERRORIST>" triggered "Dropped_The_Bomb"
L 08/26/2019 - 12:37:24: "INDIO<27><VALVE_ID_LAN><CT>" killed "XXBOT Kyle<30><BOT><TERRORIST>" with "xm1014"
L 08/26/2019 - 12:37:25: "CEIFADOR<9><VALVE_ID_LOOPBACK><TERRORIST>" killed "INDIO<27><VALVE_ID_LAN><CT>" with "mp5navy"
L 08/26/2019 - 12:37:27: "CEIFADOR<9><VALVE_ID_LOOPBACK><TERRORIST>" killed "Gho$T<11><VALVE_ID_LAN><CT>" with "mp5navy"
L 08/26/2019 - 12:37:28: "Calcas Peludas<29><VALVE_ID_LAN><TERRORIST>" killed "Jack<13><VALVE_ID_LAN><CT>" with "sg552"
L 08/26/2019 - 12:37:30: "Smolder<12><VALVE_ID_LAN><TERRORIST>" triggered "Got_The_Bomb"
L 08/26/2019 - 12:37:32: "CEIFADOR<9><VALVE_ID_LOOPBACK><TERRORIST>" killed "Kitkat<16><VALVE_ID_LAN><CT>" with "mp5navy"
L 08/26/2019 - 12:37:34: Server cvar "amx_nextmap" = "aim_ak-colt_pool"
L 08/26/2019 - 12:37:35: "Cap Billy<10><VALVE_ID_LAN><CT>" killed "CEIFADOR<9><VALVE_ID_LOOPBACK><TERRORIST>" with "sg552"
L 08/26/2019 - 12:37:41: "Calcas Peludas<29><VALVE_ID_LAN><TERRORIST>" killed "Cap Billy<10><VALVE_ID_LAN><CT>" with "mp5navy"
L 08/26/2019 - 12:37:41: Team "TERRORIST" triggered "Terrorists_Win" (CT "14") (T "9")
L 08/26/2019 - 12:37:41: World triggered "Round_End"
L 08/26/2019 - 12:37:46: "Calcas Peludas<29><VALVE_ID_LAN><TERRORIST>" triggered "Spawned_With_The_Bomb"
L 08/26/2019 - 12:37:46: World triggered "Round_Start"
L 08/26/2019 - 12:37:50: "Smolder<12><VALVE_ID_LAN><TERRORIST>" killed "Gho$T<11><VALVE_ID_LAN><CT>" with "ak47"
L 08/26/2019 - 12:37:51: "Kitkat<16><VALVE_ID_LAN><CT>" killed "Calcas Peludas<29><VALVE_ID_LAN><TERRORIST>" with "usp"
L 08/26/2019 - 12:37:51: "Calcas Peludas<29><VALVE_ID_LAN><TERRORIST>" triggered "Dropped_The_Bomb"
L 08/26/2019 - 12:37:51: "Jack<13><VALVE_ID_LAN><CT>" killed "Ice_Man<25><VALVE_ID_LAN><TERRORIST>" with "usp"
L 08/26/2019 - 12:37:51: "INDIO<27><VALVE_ID_LAN><CT>" killed "Smolder<12><VALVE_ID_LAN><TERRORIST>" with "m4a1"
L 08/26/2019 - 12:37:52: "XXBOT Kyle<30><BOT><TERRORIST>" killed "Jack<13><VALVE_ID_LAN><CT>" with "glock18"
L 08/26/2019 - 12:37:53: "INDIO<27><VALVE_ID_LAN><CT>" killed "CEIFADOR<9><VALVE_ID_LOOPBACK><TERRORIST>" with "m4a1"
L 08/26/2019 - 12:37:54: "XXBOT Kyle<30><BOT><TERRORIST>" triggered "Got_The_Bomb"
L 08/26/2019 - 12:38:02: "Kitkat<16><VALVE_ID_LAN><CT>" killed "XXBOT Kyle<30><BOT><TERRORIST>" with "tmp"
L 08/26/2019 - 12:38:02: Team "CT" triggered "CTs_Win" (CT "15") (T "9")
L 08/26/2019 - 12:38:02: World triggered "Round_End"
L 08/26/2019 - 12:38:07: "CEIFADOR<9><VALVE_ID_LOOPBACK><TERRORIST>" triggered "Spawned_With_The_Bomb"
L 08/26/2019 - 12:38:07: World triggered "Round_Start"
L 08/26/2019 - 12:38:10: "XXBOT Kyle<30><BOT><TERRORIST>" killed "CEIFADOR<9><VALVE_ID_LOOPBACK><TERRORIST>" with "glock18"
L 08/26/2019 - 12:38:10: "CEIFADOR<9><VALVE_ID_LOOPBACK><TERRORIST>" triggered "Dropped_The_Bomb"
L 08/26/2019 - 12:38:11: "XXBOT Kyle<30><BOT><TERRORIST>" killed "Gho$T<11><VALVE_ID_LAN><CT>" with "glock18"
L 08/26/2019 - 12:38:15: "Smolder<12><VALVE_ID_LAN><TERRORIST>" killed "Kitkat<16><VALVE_ID_LAN><CT>" with "xm1014"
L 08/26/2019 - 12:38:16: "Cap Billy<10><VALVE_ID_LAN><CT>" killed "Calcas Peludas<29><VALVE_ID_LAN><TERRORIST>" with "sg552"
L 08/26/2019 - 12:38:17: "Smolder<12><VALVE_ID_LAN><TERRORIST>" killed "INDIO<27><VALVE_ID_LAN><CT>" with "xm1014"
L 08/26/2019 - 12:38:17: "Jack<13><VALVE_ID_LAN><CT>" killed "Ice_Man<25><VALVE_ID_LAN><TERRORIST>" with "aug"
L 08/26/2019 - 12:38:19: "Gho$T<11><VALVE_ID_LAN><CT>" say "xcarai,.. o bot matou ceifado" (dead)
L 08/26/2019 - 12:38:21: "Cap Billy<10><VALVE_ID_LAN><CT>" killed "Jack<13><VALVE_ID_LAN><CT>" with "mp5navy"
L 08/26/2019 - 12:38:24: "Cap Billy<10><VALVE_ID_LAN><CT>" killed "Smolder<12><VALVE_ID_LAN><TERRORIST>" with "mp5navy"
L 08/26/2019 - 12:38:26: "XXBOT Kyle<30><BOT><TERRORIST>" killed "Cap Billy<10><VALVE_ID_LAN><CT>" with "aug"
L 08/26/2019 - 12:38:26: Team "TERRORIST" triggered "Terrorists_Win" (CT "15") (T "10")
L 08/26/2019 - 12:38:26: World triggered "Round_End"
L 08/26/2019 - 12:38:29: "Cap Billy<10><VALVE_ID_LAN><CT>" say_team "malz jack" (dead)
L 08/26/2019 - 12:38:31: "Smolder<12><VALVE_ID_LAN><TERRORIST>" triggered "Spawned_With_The_Bomb"
L 08/26/2019 - 12:38:31: World triggered "Round_Start"
L 08/26/2019 - 12:38:31: "Cap Billy<10><VALVE_ID_LAN><CT>" committed suicide with "world"
L 08/26/2019 - 12:38:34: "Cap Billy<10><VALVE_ID_LAN><CT>" say "timeleft" (dead)
L 08/26/2019 - 12:38:35: "Smolder<12><VALVE_ID_LAN><TERRORIST>" killed "Ice_Man<25><VALVE_ID_LAN><TERRORIST>" with "ak47"
L 08/26/2019 - 12:38:35: "INDIO<27><VALVE_ID_LAN><CT>" killed "Smolder<12><VALVE_ID_LAN><TERRORIST>" with "xm1014"
L 08/26/2019 - 12:38:35: "Smolder<12><VALVE_ID_LAN><TERRORIST>" triggered "Dropped_The_Bomb"
L 08/26/2019 - 12:38:37: "Jack<13><VALVE_ID_LAN><CT>" killed "Calcas Peludas<29><VALVE_ID_LAN><TERRORIST>" with "usp"
L 08/26/2019 - 12:38:38: "XXBOT Kyle<30><BOT><TERRORIST>" killed "Jack<13><VALVE_ID_LAN><CT>" with "mp5navy"
L 08/26/2019 - 12:38:40: "XXBOT Kyle<30><BOT><TERRORIST>" killed "INDIO<27><VALVE_ID_LAN><CT>" with "mp5navy"
L 08/26/2019 - 12:38:40: "CEIFADOR<9><VALVE_ID_LOOPBACK><TERRORIST>" killed "Gho$T<11><VALVE_ID_LAN><CT>" with "tmp"
L 08/26/2019 - 12:38:41: "CEIFADOR<9><VALVE_ID_LOOPBACK><TERRORIST>" killed "Kitkat<16><VALVE_ID_LAN><CT>" with "tmp"
L 08/26/2019 - 12:38:41: Team "TERRORIST" triggered "Terrorists_Win" (CT "15") (T "11")
L 08/26/2019 - 12:38:41: World triggered "Round_End"
L 08/26/2019 - 12:38:46: "XXBOT Kyle<30><BOT><TERRORIST>" triggered "Spawned_With_The_Bomb"
L 08/26/2019 - 12:38:46: World triggered "Round_Start"
L 08/26/2019 - 12:38:46: "Smolder<12><VALVE_ID_LAN><TERRORIST>" committed suicide with "world"
L 08/26/2019 - 12:38:49: "Calcas Peludas<29><VALVE_ID_LAN><TERRORIST>" killed "Jack<13><VALVE_ID_LAN><CT>" with "awp"
L 08/26/2019 - 12:38:49: "Calcas Peludas<29><VALVE_ID_LAN><TERRORIST>" killed "Gho$T<11><VALVE_ID_LAN><CT>" with "awp"
L 08/26/2019 - 12:38:51: "Cap Billy<10><VALVE_ID_LAN><CT>" killed "Ice_Man<25><VALVE_ID_LAN><TERRORIST>" with "xm1014"
L 08/26/2019 - 12:38:52: "CEIFADOR<9><VALVE_ID_LOOPBACK><TERRORIST>" killed "INDIO<27><VALVE_ID_LAN><CT>" with "ak47"
L 08/26/2019 - 12:38:54: "XXBOT Kyle<30><BOT><TERRORIST>" killed "Kitkat<16><VALVE_ID_LAN><CT>" with "mp5navy"
L 08/26/2019 - 12:39:03: "CEIFADOR<9><VALVE_ID_LOOPBACK><TERRORIST>" killed "Cap Billy<10><VALVE_ID_LAN><CT>" with "ak47"
L 08/26/2019 - 12:39:03: Team "TERRORIST" triggered "Terrorists_Win" (CT "15") (T "12")
L 08/26/2019 - 12:39:03: World triggered "Round_End"
L 08/26/2019 - 12:39:08: "Ice_Man<25><VALVE_ID_LAN><TERRORIST>" triggered "Spawned_With_The_Bomb"
L 08/26/2019 - 12:39:08: World triggered "Round_Start"
L 08/26/2019 - 12:39:13: "Gho$T<11><VALVE_ID_LAN><CT>" killed "Calcas Peludas<29><VALVE_ID_LAN><TERRORIST>" with "m4a1"
L 08/26/2019 - 12:39:17: "Ice_Man<25><VALVE_ID_LAN><TERRORIST>" killed "Kitkat<16><VALVE_ID_LAN><CT>" with "xm1014"
L 08/26/2019 - 12:39:17: "CEIFADOR<9><VALVE_ID_LOOPBACK><TERRORIST>" killed "Gho$T<11><VALVE_ID_LAN><CT>" with "ak47"
L 08/26/2019 - 12:39:17: "CEIFADOR<9><VALVE_ID_LOOPBACK><TERRORIST>" killed "Jack<13><VALVE_ID_LAN><CT>" with "ak47"
L 08/26/2019 - 12:39:17: "CEIFADOR<9><VALVE_ID_LOOPBACK><TERRORIST>" killed "Smolder<12><VALVE_ID_LAN><TERRORIST>" with "ak47"
L 08/26/2019 - 12:39:19: "Ice_Man<25><VALVE_ID_LAN><TERRORIST>" killed "INDIO<27><VALVE_ID_LAN><CT>" with "xm1014"
L 08/26/2019 - 12:39:22: "Cap Billy<10><VALVE_ID_LAN><CT>" killed "Ice_Man<25><VALVE_ID_LAN><TERRORIST>" with "xm1014"
L 08/26/2019 - 12:39:22: "Ice_Man<25><VALVE_ID_LAN><TERRORIST>" triggered "Dropped_The_Bomb"
L 08/26/2019 - 12:39:23: "Cap Billy<10><VALVE_ID_LAN><CT>" killed "XXBOT Kyle<30><BOT><TERRORIST>" with "xm1014"
L 08/26/2019 - 12:39:23: "Jack<13><VALVE_ID_LAN><CT>" say "penha" (dead)
L 08/26/2019 - 12:39:26: Team "CT" scored "15" with "5" players
L 08/26/2019 - 12:39:26: Team "TERRORIST" scored "12" with "5" players
L 08/26/2019 - 12:39:29: "Cap Billy<10><VALVE_ID_LAN><CT>" triggered "weaponstats" (weapon "grenade") (shots "9") (hits "16") (kills "0") (headshots "0") (tks "0") (damage "586") (deaths "0")
L 08/26/2019 - 12:39:29: "Cap Billy<10><VALVE_ID_LAN><CT>" triggered "weaponstats2" (weapon "grenade") (head "0") (chest "0") (stomach "0") (leftarm "0") (rightarm "0") (leftleg "0") (rightleg "0")
L 08/26/2019 - 12:39:29: "Cap Billy<10><VALVE_ID_LAN><CT>" triggered "weaponstats" (weapon "xm1014") (shots "13") (hits "5") (kills "3") (headshots "1") (tks "0") (damage "473") (deaths "2")
L 08/26/2019 - 12:39:29: "Cap Billy<10><VALVE_ID_LAN><CT>" triggered "weaponstats2" (weapon "xm1014") (head "1") (chest "0") (stomach "0") (leftarm "2") (rightarm "1") (leftleg "1") (rightleg "0")
L 08/26/2019 - 12:39:29: "Cap Billy<10><VALVE_ID_LAN><CT>" triggered "weaponstats" (weapon "mac10") (shots "30") (hits "10") (kills "2") (headshots "0") (tks "0") (damage "262") (deaths "0")
L 08/26/2019 - 12:39:29: "Cap Billy<10><VALVE_ID_LAN><CT>" triggered "weaponstats2" (weapon "mac10") (head "0") (chest "5") (stomach "0") (leftarm "2") (rightarm "3") (leftleg "0") (rightleg "0")
L 08/26/2019 - 12:39:29: "Cap Billy<10><VALVE_ID_LAN><CT>" triggered "weaponstats" (weapon "usp") (shots "7") (hits "3") (kills "0") (headshots "0") (tks "0") (damage "91") (deaths "1")
L 08/26/2019 - 12:39:29: "Cap Billy<10><VALVE_ID_LAN><CT>" triggered "weaponstats2" (weapon "usp") (head "0") (chest "0") (stomach "1") (leftarm "1") (rightarm "1") (leftleg "0") (rightleg "0")
L 08/26/2019 - 12:39:29: "Cap Billy<10><VALVE_ID_LAN><CT>" triggered "weaponstats" (weapon "awp") (shots "1") (hits "0") (kills "0") (headshots "0") (tks "0") (damage "0") (deaths "0")
L 08/26/2019 - 12:39:29: "Cap Billy<10><VALVE_ID_LAN><CT>" triggered "weaponstats2" (weapon "awp") (head "0") (chest "0") (stomach "0") (leftarm "0") (rightarm "0") (leftleg "0") (rightleg "0")
L 08/26/2019 - 12:39:29: "Cap Billy<10><VALVE_ID_LAN><CT>" triggered "weaponstats" (weapon "mp5navy") (shots "17") (hits "5") (kills "2") (headshots "0") (tks "1") (damage "103") (deaths "1")
L 08/26/2019 - 12:39:29: "Cap Billy<10><VALVE_ID_LAN><CT>" triggered "weaponstats2" (weapon "mp5navy") (head "0") (chest "0") (stomach "2") (leftarm "2") (rightarm "0") (leftleg "0") (rightleg "1")
L 08/26/2019 - 12:39:29: "Cap Billy<10><VALVE_ID_LAN><CT>" triggered "weaponstats" (weapon "m4a1") (shots "187") (hits "50") (kills "14") (headshots "3") (tks "0") (damage "1832") (deaths "6")
L 08/26/2019 - 12:39:29: "Cap Billy<10><VALVE_ID_LAN><CT>" triggered "weaponstats2" (weapon "m4a1") (head "5") (chest "9") (stomach "8") (leftarm "11") (rightarm "10") (leftleg "1") (rightleg "6")
L 08/26/2019 - 12:39:29: "Cap Billy<10><VALVE_ID_LAN><CT>" triggered "weaponstats" (weapon "sg552") (shots "80") (hits "18") (kills "8") (headshots "2") (tks "0") (damage "731") (deaths "2")
L 08/26/2019 - 12:39:29: "Cap Billy<10><VALVE_ID_LAN><CT>" triggered "weaponstats2" (weapon "sg552") (head "2") (chest "3") (stomach "1") (leftarm "7") (rightarm "4") (leftleg "1") (rightleg "0")
L 08/26/2019 - 12:39:29: "Cap Billy<10><VALVE_ID_LAN><CT>" triggered "weaponstats" (weapon "ak47") (shots "59") (hits "19") (kills "7") (headshots "2") (tks "0") (damage "794") (deaths "2")
L 08/26/2019 - 12:39:29: "Cap Billy<10><VALVE_ID_LAN><CT>" triggered "weaponstats2" (weapon "ak47") (head "4") (chest "2") (stomach "2") (leftarm "4") (rightarm "6") (leftleg "1") (rightleg "0")
L 08/26/2019 - 12:39:29: "Cap Billy<10><VALVE_ID_LAN><CT>" triggered "weaponstats" (weapon "knife") (shots "11") (hits "6") (kills "4") (headshots "1") (tks "0") (damage "585") (deaths "2")
L 08/26/2019 - 12:39:29: "Cap Billy<10><VALVE_ID_LAN><CT>" triggered "weaponstats2" (weapon "knife") (head "1") (chest "2") (stomach "0") (leftarm "2") (rightarm "1") (leftleg "0") (rightleg "0")
L 08/26/2019 - 12:39:29: "Cap Billy<10><VALVE_ID_LAN><CT>" triggered "time" (time "10:06")
L 08/26/2019 - 12:39:29: "Cap Billy<10><VALVE_ID_LAN><CT>" triggered "latency" (ping "7")
L 08/26/2019 - 12:39:29: "CEIFADOR<9><VALVE_ID_LOOPBACK><TERRORIST>" triggered "weaponstats" (weapon "grenade") (shots "3") (hits "6") (kills "0") (headshots "0") (tks "0") (damage "302") (deaths "0")
L 08/26/2019 - 12:39:29: "CEIFADOR<9><VALVE_ID_LOOPBACK><TERRORIST>" triggered "weaponstats2" (weapon "grenade") (head "0") (chest "0") (stomach "0") (leftarm "0") (rightarm "0") (leftleg "0") (rightleg "0")
L 08/26/2019 - 12:39:29: "CEIFADOR<9><VALVE_ID_LOOPBACK><TERRORIST>" triggered "weaponstats" (weapon "xm1014") (shots "19") (hits "12") (kills "3") (headshots "1") (tks "0") (damage "585") (deaths "2")
L 08/26/2019 - 12:39:29: "CEIFADOR<9><VALVE_ID_LOOPBACK><TERRORIST>" triggered "weaponstats2" (weapon "xm1014") (head "1") (chest "0") (stomach "3") (leftarm "2") (rightarm "1") (leftleg "2") (rightleg "3")
L 08/26/2019 - 12:39:29: "CEIFADOR<9><VALVE_ID_LOOPBACK><TERRORIST>" triggered "weaponstats" (weapon "aug") (shots "54") (hits "10") (kills "4") (headshots "1") (tks "0") (damage "383") (deaths "1")
L 08/26/2019 - 12:39:29: "CEIFADOR<9><VALVE_ID_LOOPBACK><TERRORIST>" triggered "weaponstats2" (weapon "aug") (head "1") (chest "2") (stomach "0") (leftarm "5") (rightarm "2") (leftleg "0") (rightleg "0")
L 08/26/2019 - 12:39:29: "CEIFADOR<9><VALVE_ID_LOOPBACK><TERRORIST>" triggered "weaponstats" (weapon "glock18") (shots "9") (hits "2") (kills "0") (headshots "0") (tks "0") (damage "51") (deaths "1")
L 08/26/2019 - 12:39:29: "CEIFADOR<9><VALVE_ID_LOOPBACK><TERRORIST>" triggered "weaponstats2" (weapon "glock18") (head "0") (chest "1") (stomach "0") (leftarm "1") (rightarm "0") (leftleg "0") (rightleg "0")
L 08/26/2019 - 12:39:29: "CEIFADOR<9><VALVE_ID_LOOPBACK><TERRORIST>" triggered "weaponstats" (weapon "mp5navy") (shots "86") (hits "31") (kills "4") (headshots "1") (tks "0") (damage "672") (deaths "4")
L 08/26/2019 - 12:39:29: "CEIFADOR<9><VALVE_ID_LOOPBACK><TERRORIST>" triggered "weaponstats2" (weapon "mp5navy") (head "2") (chest "1") (stomach "2") (leftarm "10") (rightarm "6") (leftleg "6") (rightleg "4")
L 08/26/2019 - 12:39:29: "CEIFADOR<9><VALVE_ID_LOOPBACK><TERRORIST>" triggered "weaponstats" (weapon "m249") (shots "3") (hits "0") (kills "0") (headshots "0") (tks "0") (damage "0") (deaths "0")
L 08/26/2019 - 12:39:29: "CEIFADOR<9><VALVE_ID_LOOPBACK><TERRORIST>" triggered "weaponstats2" (weapon "m249") (head "0") (chest "0") (stomach "0") (leftarm "0") (rightarm "0") (leftleg "0") (rightleg "0")
L 08/26/2019 - 12:39:29: "CEIFADOR<9><VALVE_ID_LOOPBACK><TERRORIST>" triggered "weaponstats" (weapon "m3") (shots "2") (hits "1") (kills "0") (headshots "0") (tks "0") (damage "40") (deaths "1")
L 08/26/2019 - 12:39:29: "CEIFADOR<9><VALVE_ID_LOOPBACK><TERRORIST>" triggered "weaponstats2" (weapon "m3") (head "0") (chest "0") (stomach "0") (leftarm "0") (rightarm "0") (leftleg "0") (rightleg "1")
L 08/26/2019 - 12:39:29: "CEIFADOR<9><VALVE_ID_LOOPBACK><TERRORIST>" triggered "weaponstats" (weapon "m4a1") (shots "26") (hits "7") (kills "1") (headshots "0") (tks "0") (damage "187") (deaths "2")
L 08/26/2019 - 12:39:29: "CEIFADOR<9><VALVE_ID_LOOPBACK><TERRORIST>" triggered "weaponstats2" (weapon "m4a1") (head "0") (chest "3") (stomach "0") (leftarm "3") (rightarm "1") (leftleg "0") (rightleg "0")
L 08/26/2019 - 12:39:29: "CEIFADOR<9><VALVE_ID_LOOPBACK><TERRORIST>" triggered "weaponstats" (weapon "tmp") (shots "60") (hits "15") (kills "4") (headshots "1") (tks "0") (damage "381") (deaths "1")
L 08/26/2019 - 12:39:29: "CEIFADOR<9><VALVE_ID_LOOPBACK><TERRORIST>" triggered "weaponstats2" (weapon "tmp") (head "3") (chest "2") (stomach "1") (leftarm "3") (rightarm "4") (leftleg "1") (rightleg "1")
L 08/26/2019 - 12:39:29: "CEIFADOR<9><VALVE_ID_LOOPBACK><TERRORIST>" triggered "weaponstats" (weapon "g3sg1") (shots "5") (hits "2") (kills "1") (headshots "0") (tks "0") (damage "105") (deaths "0")
L 08/26/2019 - 12:39:29: "CEIFADOR<9><VALVE_ID_LOOPBACK><TERRORIST>" triggered "weaponstats2" (weapon "g3sg1") (head "0") (chest "0") (stomach "0") (leftarm "0") (rightarm "1") (leftleg "1") (rightleg "0")
L 08/26/2019 - 12:39:29: "CEIFADOR<9><VALVE_ID_LOOPBACK><TERRORIST>" triggered "weaponstats" (weapon "ak47") (shots "182") (hits "36") (kills "14") (headshots "3") (tks "1") (damage "1416") (deaths "7")
L 08/26/2019 - 12:39:29: "CEIFADOR<9><VALVE_ID_LOOPBACK><TERRORIST>" triggered "weaponstats2" (weapon "ak47") (head "4") (chest "6") (stomach "4") (leftarm "9") (rightarm "7") (leftleg "1") (rightleg "5")
L 08/26/2019 - 12:39:29: "CEIFADOR<9><VALVE_ID_LOOPBACK><TERRORIST>" triggered "weaponstats" (weapon "knife") (shots "1") (hits "1") (kills "1") (headshots "0") (tks "1") (damage "68") (deaths "1")
L 08/26/2019 - 12:39:29: "CEIFADOR<9><VALVE_ID_LOOPBACK><TERRORIST>" triggered "weaponstats2" (weapon "knife") (head "0") (chest "0") (stomach "0") (leftarm "1") (rightarm "0") (leftleg "0") (rightleg "0")
L 08/26/2019 - 12:39:29: "CEIFADOR<9><VALVE_ID_LOOPBACK><TERRORIST>" triggered "time" (time "10:10")
L 08/26/2019 - 12:39:29: "CEIFADOR<9><VALVE_ID_LOOPBACK><TERRORIST>" triggered "latency" (ping "0")
L 08/26/2019 - 12:39:29: "Gho$T<11><VALVE_ID_LAN><CT>" triggered "weaponstats" (weapon "grenade") (shots "5") (hits "8") (kills "2") (headshots "0") (tks "0") (damage "432") (deaths "0")
L 08/26/2019 - 12:39:29: "Gho$T<11><VALVE_ID_LAN><CT>" triggered "weaponstats2" (weapon "grenade") (head "0") (chest "0") (stomach "0") (leftarm "0") (rightarm "0") (leftleg "0") (rightleg "0")
L 08/26/2019 - 12:39:29: "Gho$T<11><VALVE_ID_LAN><CT>" triggered "weaponstats" (weapon "xm1014") (shots "16") (hits "6") (kills "2") (headshots "0") (tks "0") (damage "313") (deaths "1")
L 08/26/2019 - 12:39:29: "Gho$T<11><VALVE_ID_LAN><CT>" triggered "weaponstats2" (weapon "xm1014") (head "1") (chest "0") (stomach "2") (leftarm "1") (rightarm "0") (leftleg "2") (rightleg "0")
L 08/26/2019 - 12:39:29: "Gho$T<11><VALVE_ID_LAN><CT>" triggered "weaponstats" (weapon "mac10") (shots "1") (hits "0") (kills "0") (headshots "0") (tks "0") (damage "0") (deaths "0")
L 08/26/2019 - 12:39:29: "Gho$T<11><VALVE_ID_LAN><CT>" triggered "weaponstats2" (weapon "mac10") (head "0") (chest "0") (stomach "0") (leftarm "0") (rightarm "0") (leftleg "0") (rightleg "0")
L 08/26/2019 - 12:39:29: "Gho$T<11><VALVE_ID_LAN><CT>" triggered "weaponstats" (weapon "aug") (shots "11") (hits "1") (kills "1") (headshots "1") (tks "0") (damage "120") (deaths "0")
L 08/26/2019 - 12:39:29: "Gho$T<11><VALVE_ID_LAN><CT>" triggered "weaponstats2" (weapon "aug") (head "1") (chest "0") (stomach "0") (leftarm "0") (rightarm "0") (leftleg "0") (rightleg "0")
L 08/26/2019 - 12:39:29: "Gho$T<11><VALVE_ID_LAN><CT>" triggered "weaponstats" (weapon "usp") (shots "5") (hits "3") (kills "1") (headshots "0") (tks "0") (damage "93") (deaths "3")
L 08/26/2019 - 12:39:29: "Gho$T<11><VALVE_ID_LAN><CT>" triggered "weaponstats2" (weapon "usp") (head "0") (chest "0") (stomach "0") (leftarm "2") (rightarm "1") (leftleg "0") (rightleg "0")
L 08/26/2019 - 12:39:29: "Gho$T<11><VALVE_ID_LAN><CT>" triggered "weaponstats" (weapon "awp") (shots "1") (hits "1") (kills "1") (headshots "0") (tks "0") (damage "116") (deaths "0")
L 08/26/2019 - 12:39:29: "Gho$T<11><VALVE_ID_LAN><CT>" triggered "weaponstats2" (weapon "awp") (head "0") (chest "1") (stomach "0") (leftarm "0") (rightarm "0") (leftleg "0") (rightleg "0")
L 08/26/2019 - 12:39:29: "Gho$T<11><VALVE_ID_LAN><CT>" triggered "weaponstats" (weapon "mp5navy") (shots "9") (hits "1") (kills "0") (headshots "0") (tks "0") (damage "24") (deaths "1")
L 08/26/2019 - 12:39:29: "Gho$T<11><VALVE_ID_LAN><CT>" triggered "weaponstats2" (weapon "mp5navy") (head "0") (chest "0") (stomach "0") (leftarm "1") (rightarm "0") (leftleg "0") (rightleg "0")
L 08/26/2019 - 12:39:29: "Gho$T<11><VALVE_ID_LAN><CT>" triggered "weaponstats" (weapon "m4a1") (shots "57") (hits "14") (kills "4") (headshots "2") (tks "0") (damage "582") (deaths "3")
L 08/26/2019 - 12:39:29: "Gho$T<11><VALVE_ID_LAN><CT>" triggered "weaponstats2" (weapon "m4a1") (head "2") (chest "2") (stomach "1") (leftarm "5") (rightarm "2") (leftleg "1") (rightleg "1")
L 08/26/2019 - 12:39:29: "Gho$T<11><VALVE_ID_LAN><CT>" triggered "weaponstats" (weapon "g3sg1") (shots "1") (hits "0") (kills "0") (headshots "0") (tks "0") (damage "0") (deaths "0")
L 08/26/2019 - 12:39:29: "Gho$T<11><VALVE_ID_LAN><CT>" triggered "weaponstats2" (weapon "g3sg1") (head "0") (chest "0") (stomach "0") (leftarm "0") (rightarm "0") (leftleg "0") (rightleg "0")
L 08/26/2019 - 12:39:29: "Gho$T<11><VALVE_ID_LAN><CT>" triggered "weaponstats" (weapon "sg552") (shots "5") (hits "0") (kills "0") (headshots "0") (tks "0") (damage "0") (deaths "0")
L 08/26/2019 - 12:39:29: "Gho$T<11><VALVE_ID_LAN><CT>" triggered "weaponstats2" (weapon "sg552") (head "0") (chest "0") (stomach "0") (leftarm "0") (rightarm "0") (leftleg "0") (rightleg "0")
L 08/26/2019 - 12:39:29: "Gho$T<11><VALVE_ID_LAN><CT>" triggered "weaponstats" (weapon "ak47") (shots "15") (hits "0") (kills "0") (headshots "0") (tks "0") (damage "0") (deaths "0")
L 08/26/2019 - 12:39:29: "Gho$T<11><VALVE_ID_LAN><CT>" triggered "weaponstats2" (weapon "ak47") (head "0") (chest "0") (stomach "0") (leftarm "0") (rightarm "0") (leftleg "0") (rightleg "0")
L 08/26/2019 - 12:39:29: "Gho$T<11><VALVE_ID_LAN><CT>" triggered "weaponstats" (weapon "knife") (shots "9") (hits "4") (kills "1") (headshots "1") (tks "0") (damage "455") (deaths "12")
L 08/26/2019 - 12:39:29: "Gho$T<11><VALVE_ID_LAN><CT>" triggered "weaponstats2" (weapon "knife") (head "1") (chest "1") (stomach "0") (leftarm "1") (rightarm "0") (leftleg "1") (rightleg "0")
L 08/26/2019 - 12:39:29: "Gho$T<11><VALVE_ID_LAN><CT>" triggered "weaponstats" (weapon "p90") (shots "134") (hits "14") (kills "2") (headshots "0") (tks "0") (damage "251") (deaths "2")
L 08/26/2019 - 12:39:29: "Gho$T<11><VALVE_ID_LAN><CT>" triggered "weaponstats2" (weapon "p90") (head "0") (chest "2") (stomach "2") (leftarm "1") (rightarm "5") (leftleg "2") (rightleg "2")
L 08/26/2019 - 12:39:29: "Gho$T<11><VALVE_ID_LAN><CT>" triggered "time" (time "10:07")
L 08/26/2019 - 12:39:29: "Gho$T<11><VALVE_ID_LAN><CT>" triggered "latency" (ping "12")
L 08/26/2019 - 12:39:29: "Smolder<12><VALVE_ID_LAN><TERRORIST>" triggered "weaponstats" (weapon "grenade") (shots "2") (hits "2") (kills "1") (headshots "0") (tks "1") (damage "72") (deaths "0")
L 08/26/2019 - 12:39:29: "Smolder<12><VALVE_ID_LAN><TERRORIST>" triggered "weaponstats2" (weapon "grenade") (head "0") (chest "0") (stomach "0") (leftarm "0") (rightarm "0") (leftleg "0") (rightleg "0")
L 08/26/2019 - 12:39:29: "Smolder<12><VALVE_ID_LAN><TERRORIST>" triggered "weaponstats" (weapon "xm1014") (shots "20") (hits "7") (kills "3") (headshots "0") (tks "0") (damage "576") (deaths "4")
L 08/26/2019 - 12:39:29: "Smolder<12><VALVE_ID_LAN><TERRORIST>" triggered "weaponstats2" (weapon "xm1014") (head "1") (chest "1") (stomach "1") (leftarm "4") (rightarm "0") (leftleg "0") (rightleg "0")
L 08/26/2019 - 12:39:29: "Smolder<12><VALVE_ID_LAN><TERRORIST>" triggered "weaponstats" (weapon "aug") (shots "106") (hits "9") (kills "3") (headshots "3") (tks "1") (damage "413") (deaths "3")
L 08/26/2019 - 12:39:29: "Smolder<12><VALVE_ID_LAN><TERRORIST>" triggered "weaponstats2" (weapon "aug") (head "4") (chest "0") (stomach "0") (leftarm "2") (rightarm "2") (leftleg "0") (rightleg "1")
L 08/26/2019 - 12:39:29: "Smolder<12><VALVE_ID_LAN><TERRORIST>" triggered "weaponstats" (weapon "glock18") (shots "7") (hits "0") (kills "0") (headshots "0") (tks "0") (damage "0") (deaths "2")
L 08/26/2019 - 12:39:29: "Smolder<12><VALVE_ID_LAN><TERRORIST>" triggered "weaponstats2" (weapon "glock18") (head "0") (chest "0") (stomach "0") (leftarm "0") (rightarm "0") (leftleg "0") (rightleg "0")
L 08/26/2019 - 12:39:29: "Smolder<12><VALVE_ID_LAN><TERRORIST>" triggered "weaponstats" (weapon "mp5navy") (shots "149") (hits "31") (kills "6") (headshots "3") (tks "0") (damage "977") (deaths "7")
L 08/26/2019 - 12:39:29: "Smolder<12><VALVE_ID_LAN><TERRORIST>" triggered "weaponstats2" (weapon "mp5navy") (head "5") (chest "7") (stomach "3") (leftarm "8") (rightarm "4") (leftleg "2") (rightleg "2")
L 08/26/2019 - 12:39:29: "Smolder<12><VALVE_ID_LAN><TERRORIST>" triggered "weaponstats" (weapon "m3") (shots "1") (hits "0") (kills "0") (headshots "0") (tks "0") (damage "0") (deaths "1")
L 08/26/2019 - 12:39:29: "Smolder<12><VALVE_ID_LAN><TERRORIST>" triggered "weaponstats2" (weapon "m3") (head "0") (chest "0") (stomach "0") (leftarm "0") (rightarm "0") (leftleg "0") (rightleg "0")
L 08/26/2019 - 12:39:29: "Smolder<12><VALVE_ID_LAN><TERRORIST>" triggered "weaponstats" (weapon "m4a1") (shots "10") (hits "2") (kills "0") (headshots "0") (tks "0") (damage "72") (deaths "1")
L 08/26/2019 - 12:39:29: "Smolder<12><VALVE_ID_LAN><TERRORIST>" triggered "weaponstats2" (weapon "m4a1") (head "0") (chest "0") (stomach "2") (leftarm "0") (rightarm "0") (leftleg "0") (rightleg "0")
L 08/26/2019 - 12:39:29: "Smolder<12><VALVE_ID_LAN><TERRORIST>" triggered "weaponstats" (weapon "tmp") (shots "30") (hits "8") (kills "1") (headshots "1") (tks "0") (damage "248") (deaths "1")
L 08/26/2019 - 12:39:29: "Smolder<12><VALVE_ID_LAN><TERRORIST>" triggered "weaponstats2" (weapon "tmp") (head "2") (chest "2") (stomach "0") (leftarm "3") (rightarm "0") (leftleg "1") (rightleg "0")
L 08/26/2019 - 12:39:29: "Smolder<12><VALVE_ID_LAN><TERRORIST>" triggered "weaponstats" (weapon "g3sg1") (shots "1") (hits "0") (kills "0") (headshots "0") (tks "0") (damage "0") (deaths "0")
L 08/26/2019 - 12:39:29: "Smolder<12><VALVE_ID_LAN><TERRORIST>" triggered "weaponstats2" (weapon "g3sg1") (head "0") (chest "0") (stomach "0") (leftarm "0") (rightarm "0") (leftleg "0") (rightleg "0")
L 08/26/2019 - 12:39:29: "Smolder<12><VALVE_ID_LAN><TERRORIST>" triggered "weaponstats" (weapon "ak47") (shots "32") (hits "9") (kills "2") (headshots "0") (tks "1") (damage "196") (deaths "2")
L 08/26/2019 - 12:39:29: "Smolder<12><VALVE_ID_LAN><TERRORIST>" triggered "weaponstats2" (weapon "ak47") (head "0") (chest "0") (stomach "1") (leftarm "1") (rightarm "1") (leftleg "3") (rightleg "3")
L 08/26/2019 - 12:39:29: "Smolder<12><VALVE_ID_LAN><TERRORIST>" triggered "weaponstats" (weapon "knife") (shots "5") (hits "2") (kills "0") (headshots "0") (tks "0") (damage "130") (deaths "3")
L 08/26/2019 - 12:39:29: "Smolder<12><VALVE_ID_LAN><TERRORIST>" triggered "weaponstats2" (weapon "knife") (head "0") (chest "0") (stomach "0") (leftarm "1") (rightarm "1") (leftleg "0") (rightleg "0")
L 08/26/2019 - 12:39:29: "Smolder<12><VALVE_ID_LAN><TERRORIST>" triggered "time" (time "10:06")
L 08/26/2019 - 12:39:29: "Smolder<12><VALVE_ID_LAN><TERRORIST>" triggered "latency" (ping "6")
L 08/26/2019 - 12:39:29: "Jack<13><VALVE_ID_LAN><CT>" triggered "weaponstats" (weapon "grenade") (shots "7") (hits "13") (kills "1") (headshots "0") (tks "0") (damage "299") (deaths "0")
L 08/26/2019 - 12:39:29: "Jack<13><VALVE_ID_LAN><CT>" triggered "weaponstats2" (weapon "grenade") (head "0") (chest "0") (stomach "0") (leftarm "0") (rightarm "0") (leftleg "0") (rightleg "0")
L 08/26/2019 - 12:39:29: "Jack<13><VALVE_ID_LAN><CT>" triggered "weaponstats" (weapon "aug") (shots "128") (hits "20") (kills "5") (headshots "0") (tks "0") (damage "622") (deaths "6")
L 08/26/2019 - 12:39:29: "Jack<13><VALVE_ID_LAN><CT>" triggered "weaponstats2" (weapon "aug") (head "0") (chest "3") (stomach "3") (leftarm "7") (rightarm "6") (leftleg "0") (rightleg "1")
L 08/26/2019 - 12:39:29: "Jack<13><VALVE_ID_LAN><CT>" triggered "weaponstats" (weapon "usp") (shots "15") (hits "9") (kills "2") (headshots "0") (tks "0") (damage "253") (deaths "5")
L 08/26/2019 - 12:39:29: "Jack<13><VALVE_ID_LAN><CT>" triggered "weaponstats2" (weapon "usp") (head "0") (chest "5") (stomach "0") (leftarm "1") (rightarm "2") (leftleg "1") (rightleg "0")
L 08/26/2019 - 12:39:29: "Jack<13><VALVE_ID_LAN><CT>" triggered "weaponstats" (weapon "mp5navy") (shots "56") (hits "13") (kills "2") (headshots "0") (tks "0") (damage "233") (deaths "2")
L 08/26/2019 - 12:39:29: "Jack<13><VALVE_ID_LAN><CT>" triggered "weaponstats2" (weapon "mp5navy") (head "0") (chest "3") (stomach "2") (leftarm "3") (rightarm "0") (leftleg "3") (rightleg "2")
L 08/26/2019 - 12:39:29: "Jack<13><VALVE_ID_LAN><CT>" triggered "weaponstats" (weapon "m3") (shots "4") (hits "4") (kills "2") (headshots "0") (tks "0") (damage "355") (deaths "2")
L 08/26/2019 - 12:39:29: "Jack<13><VALVE_ID_LAN><CT>" triggered "weaponstats2" (weapon "m3") (head "0") (chest "1") (stomach "2") (leftarm "1") (rightarm "0") (leftleg "0") (rightleg "0")
L 08/26/2019 - 12:39:29: "Jack<13><VALVE_ID_LAN><CT>" triggered "weaponstats" (weapon "m4a1") (shots "32") (hits "6") (kills "1") (headshots "0") (tks "0") (damage "204") (deaths "1")
L 08/26/2019 - 12:39:29: "Jack<13><VALVE_ID_LAN><CT>" triggered "weaponstats2" (weapon "m4a1") (head "0") (chest "1") (stomach "3") (leftarm "2") (rightarm "0") (leftleg "0") (rightleg "0")
L 08/26/2019 - 12:39:29: "Jack<13><VALVE_ID_LAN><CT>" triggered "weaponstats" (weapon "g3sg1") (shots "6") (hits "2") (kills "0") (headshots "0") (tks "0") (damage "84") (deaths "1")
L 08/26/2019 - 12:39:29: "Jack<13><VALVE_ID_LAN><CT>" triggered "weaponstats2" (weapon "g3sg1") (head "0") (chest "0") (stomach "0") (leftarm "0") (rightarm "0") (leftleg "1") (rightleg "1")
L 08/26/2019 - 12:39:29: "Jack<13><VALVE_ID_LAN><CT>" triggered "weaponstats" (weapon "knife") (shots "1") (hits "0") (kills "0") (headshots "0") (tks "0") (damage "0") (deaths "1")
L 08/26/2019 - 12:39:29: "Jack<13><VALVE_ID_LAN><CT>" triggered "weaponstats2" (weapon "knife") (head "0") (chest "0") (stomach "0") (leftarm "0") (rightarm "0") (leftleg "0") (rightleg "0")
L 08/26/2019 - 12:39:29: "Jack<13><VALVE_ID_LAN><CT>" triggered "weaponstats" (weapon "p90") (shots "19") (hits "4") (kills "0") (headshots "0") (tks "0") (damage "69") (deaths "2")
L 08/26/2019 - 12:39:29: "Jack<13><VALVE_ID_LAN><CT>" triggered "weaponstats2" (weapon "p90") (head "0") (chest "1") (stomach "1") (leftarm "1") (rightarm "0") (leftleg "0") (rightleg "1")
L 08/26/2019 - 12:39:29: "Jack<13><VALVE_ID_LAN><CT>" triggered "time" (time "10:06")
L 08/26/2019 - 12:39:29: "Jack<13><VALVE_ID_LAN><CT>" triggered "latency" (ping "7")
L 08/26/2019 - 12:39:29: "Kitkat<16><VALVE_ID_LAN><CT>" triggered "weaponstats" (weapon "xm1014") (shots "1") (hits "0") (kills "0") (headshots "0") (tks "0") (damage "0") (deaths "1")
L 08/26/2019 - 12:39:29: "Kitkat<16><VALVE_ID_LAN><CT>" triggered "weaponstats2" (weapon "xm1014") (head "0") (chest "0") (stomach "0") (leftarm "0") (rightarm "0") (leftleg "0") (rightleg "0")
L 08/26/2019 - 12:39:29: "Kitkat<16><VALVE_ID_LAN><CT>" triggered "weaponstats" (weapon "mac10") (shots "70") (hits "8") (kills "2") (headshots "0") (tks "0") (damage "206") (deaths "2")
L 08/26/2019 - 12:39:29: "Kitkat<16><VALVE_ID_LAN><CT>" triggered "weaponstats2" (weapon "mac10") (head "0") (chest "2") (stomach "2") (leftarm "2") (rightarm "0") (leftleg "2") (rightleg "0")
L 08/26/2019 - 12:39:29: "Kitkat<16><VALVE_ID_LAN><CT>" triggered "weaponstats" (weapon "aug") (shots "9") (hits "0") (kills "0") (headshots "0") (tks "0") (damage "0") (deaths "2")
L 08/26/2019 - 12:39:29: "Kitkat<16><VALVE_ID_LAN><CT>" triggered "weaponstats2" (weapon "aug") (head "0") (chest "0") (stomach "0") (leftarm "0") (rightarm "0") (leftleg "0") (rightleg "0")
L 08/26/2019 - 12:39:29: "Kitkat<16><VALVE_ID_LAN><CT>" triggered "weaponstats" (weapon "usp") (shots "14") (hits "5") (kills "1") (headshots "0") (tks "0") (damage "103") (deaths "0")
L 08/26/2019 - 12:39:29: "Kitkat<16><VALVE_ID_LAN><CT>" triggered "weaponstats2" (weapon "usp") (head "0") (chest "0") (stomach "3") (leftarm "0") (rightarm "0") (leftleg "0") (rightleg "2")
L 08/26/2019 - 12:39:29: "Kitkat<16><VALVE_ID_LAN><CT>" triggered "weaponstats" (weapon "mp5navy") (shots "91") (hits "27") (kills "3") (headshots "0") (tks "0") (damage "560") (deaths "5")
L 08/26/2019 - 12:39:29: "Kitkat<16><VALVE_ID_LAN><CT>" triggered "weaponstats2" (weapon "mp5navy") (head "1") (chest "4") (stomach "1") (leftarm "7") (rightarm "3") (leftleg "5") (rightleg "6")
L 08/26/2019 - 12:39:29: "Kitkat<16><VALVE_ID_LAN><CT>" triggered "weaponstats" (weapon "tmp") (shots "30") (hits "8") (kills "1") (headshots "0") (tks "0") (damage "183") (deaths "3")
L 08/26/2019 - 12:39:29: "Kitkat<16><VALVE_ID_LAN><CT>" triggered "weaponstats2" (weapon "tmp") (head "1") (chest "4") (stomach "0") (leftarm "1") (rightarm "2") (leftleg "0") (rightleg "0")
L 08/26/2019 - 12:39:29: "Kitkat<16><VALVE_ID_LAN><CT>" triggered "weaponstats" (weapon "ak47") (shots "86") (hits "5") (kills "2") (headshots "2") (tks "0") (damage "394") (deaths "1")
L 08/26/2019 - 12:39:29: "Kitkat<16><VALVE_ID_LAN><CT>" triggered "weaponstats2" (weapon "ak47") (head "2") (chest "1") (stomach "0") (leftarm "2") (rightarm "0") (leftleg "0") (rightleg "0")
L 08/26/2019 - 12:39:29: "Kitkat<16><VALVE_ID_LAN><CT>" triggered "time" (time "8:43")
L 08/26/2019 - 12:39:29: "Kitkat<16><VALVE_ID_LAN><CT>" triggered "latency" (ping "5")
L 08/26/2019 - 12:39:29: "Ice_Man<25><VALVE_ID_LAN><TERRORIST>" triggered "weaponstats" (weapon "grenade") (shots "1") (hits "4") (kills "0") (headshots "0") (tks "0") (damage "123") (deaths "0")
L 08/26/2019 - 12:39:29: "Ice_Man<25><VALVE_ID_LAN><TERRORIST>" triggered "weaponstats2" (weapon "grenade") (head "0") (chest "0") (stomach "0") (leftarm "0") (rightarm "0") (leftleg "0") (rightleg "0")
L 08/26/2019 - 12:39:29: "Ice_Man<25><VALVE_ID_LAN><TERRORIST>" triggered "weaponstats" (weapon "xm1014") (shots "47") (hits "16") (kills "8") (headshots "1") (tks "0") (damage "820") (deaths "6")
L 08/26/2019 - 12:39:29: "Ice_Man<25><VALVE_ID_LAN><TERRORIST>" triggered "weaponstats2" (weapon "xm1014") (head "2") (chest "3") (stomach "2") (leftarm "4") (rightarm "3") (leftleg "2") (rightleg "0")
L 08/26/2019 - 12:39:29: "Ice_Man<25><VALVE_ID_LAN><TERRORIST>" triggered "weaponstats" (weapon "mac10") (shots "9") (hits "2") (kills "0") (headshots "0") (tks "0") (damage "50") (deaths "1")
L 08/26/2019 - 12:39:29: "Ice_Man<25><VALVE_ID_LAN><TERRORIST>" triggered "weaponstats2" (weapon "mac10") (head "0") (chest "0") (stomach "0") (leftarm "2") (rightarm "0") (leftleg "0") (rightleg "0")
L 08/26/2019 - 12:39:29: "Ice_Man<25><VALVE_ID_LAN><TERRORIST>" triggered "weaponstats" (weapon "glock18") (shots "1") (hits "0") (kills "0") (headshots "0") (tks "0") (damage "0") (deaths "0")
L 08/26/2019 - 12:39:29: "Ice_Man<25><VALVE_ID_LAN><TERRORIST>" triggered "weaponstats2" (weapon "glock18") (head "0") (chest "0") (stomach "0") (leftarm "0") (rightarm "0") (leftleg "0") (rightleg "0")
L 08/26/2019 - 12:39:29: "Ice_Man<25><VALVE_ID_LAN><TERRORIST>" triggered "weaponstats" (weapon "mp5navy") (shots "3") (hits "0") (kills "0") (headshots "0") (tks "0") (damage "0") (deaths "1")
L 08/26/2019 - 12:39:29: "Ice_Man<25><VALVE_ID_LAN><TERRORIST>" triggered "weaponstats2" (weapon "mp5navy") (head "0") (chest "0") (stomach "0") (leftarm "0") (rightarm "0") (leftleg "0") (rightleg "0")
L 08/26/2019 - 12:39:29: "Ice_Man<25><VALVE_ID_LAN><TERRORIST>" triggered "weaponstats" (weapon "m3") (shots "3") (hits "2") (kills "0") (headshots "0") (tks "0") (damage "45") (deaths "1")
L 08/26/2019 - 12:39:29: "Ice_Man<25><VALVE_ID_LAN><TERRORIST>" triggered "weaponstats2" (weapon "m3") (head "0") (chest "0") (stomach "0") (leftarm "2") (rightarm "0") (leftleg "0") (rightleg "0")
L 08/26/2019 - 12:39:29: "Ice_Man<25><VALVE_ID_LAN><TERRORIST>" triggered "weaponstats" (weapon "tmp") (shots "30") (hits "5") (kills "0") (headshots "0") (tks "0") (damage "69") (deaths "1")
L 08/26/2019 - 12:39:29: "Ice_Man<25><VALVE_ID_LAN><TERRORIST>" triggered "weaponstats2" (weapon "tmp") (head "0") (chest "1") (stomach "0") (leftarm "1") (rightarm "1") (leftleg "0") (rightleg "2")
L 08/26/2019 - 12:39:29: "Ice_Man<25><VALVE_ID_LAN><TERRORIST>" triggered "weaponstats" (weapon "g3sg1") (shots "5") (hits "0") (kills "0") (headshots "0") (tks "0") (damage "0") (deaths "0")
L 08/26/2019 - 12:39:29: "Ice_Man<25><VALVE_ID_LAN><TERRORIST>" triggered "weaponstats2" (weapon "g3sg1") (head "0") (chest "0") (stomach "0") (leftarm "0") (rightarm "0") (leftleg "0") (rightleg "0")
L 08/26/2019 - 12:39:29: "Ice_Man<25><VALVE_ID_LAN><TERRORIST>" triggered "weaponstats" (weapon "sg552") (shots "8") (hits "1") (kills "0") (headshots "0") (tks "0") (damage "29") (deaths "1")
L 08/26/2019 - 12:39:29: "Ice_Man<25><VALVE_ID_LAN><TERRORIST>" triggered "weaponstats2" (weapon "sg552") (head "0") (chest "0") (stomach "0") (leftarm "1") (rightarm "0") (leftleg "0") (rightleg "0")
L 08/26/2019 - 12:39:29: "Ice_Man<25><VALVE_ID_LAN><TERRORIST>" triggered "weaponstats" (weapon "ak47") (shots "18") (hits "3") (kills "1") (headshots "0") (tks "0") (damage "109") (deaths "1")
L 08/26/2019 - 12:39:29: "Ice_Man<25><VALVE_ID_LAN><TERRORIST>" triggered "weaponstats2" (weapon "ak47") (head "0") (chest "2") (stomach "0") (leftarm "0") (rightarm "1") (leftleg "0") (rightleg "0")
L 08/26/2019 - 12:39:29: "Ice_Man<25><VALVE_ID_LAN><TERRORIST>" triggered "time" (time "5:41")
L 08/26/2019 - 12:39:29: "Ice_Man<25><VALVE_ID_LAN><TERRORIST>" triggered "latency" (ping "110")
L 08/26/2019 - 12:39:29: "INDIO<27><VALVE_ID_LAN><CT>" triggered "weaponstats" (weapon "grenade") (shots "2") (hits "3") (kills "0") (headshots "0") (tks "0") (damage "121") (deaths "0")
L 08/26/2019 - 12:39:29: "INDIO<27><VALVE_ID_LAN><CT>" triggered "weaponstats2" (weapon "grenade") (head "0") (chest "0") (stomach "0") (leftarm "0") (rightarm "0") (leftleg "0") (rightleg "0")
L 08/26/2019 - 12:39:29: "INDIO<27><VALVE_ID_LAN><CT>" triggered "weaponstats" (weapon "xm1014") (shots "17") (hits "11") (kills "4") (headshots "1") (tks "0") (damage "660") (deaths "2")
L 08/26/2019 - 12:39:29: "INDIO<27><VALVE_ID_LAN><CT>" triggered "weaponstats2" (weapon "xm1014") (head "2") (chest "1") (stomach "1") (leftarm "0") (rightarm "0") (leftleg "4") (rightleg "3")
L 08/26/2019 - 12:39:29: "INDIO<27><VALVE_ID_LAN><CT>" triggered "weaponstats" (weapon "mp5navy") (shots "10") (hits "2") (kills "0") (headshots "0") (tks "0") (damage "12") (deaths "2")
L 08/26/2019 - 12:39:29: "INDIO<27><VALVE_ID_LAN><CT>" triggered "weaponstats2" (weapon "mp5navy") (head "0") (chest "1") (stomach "0") (leftarm "1") (rightarm "0") (leftleg "0") (rightleg "0")
L 08/26/2019 - 12:39:29: "INDIO<27><VALVE_ID_LAN><CT>" triggered "weaponstats" (weapon "m4a1") (shots "36") (hits "8") (kills "2") (headshots "1") (tks "0") (damage "301") (deaths "0")
L 08/26/2019 - 12:39:29: "INDIO<27><VALVE_ID_LAN><CT>" triggered "weaponstats2" (weapon "m4a1") (head "1") (chest "1") (stomach "3") (leftarm "1") (rightarm "1") (leftleg "1") (rightleg "0")
L 08/26/2019 - 12:39:29: "INDIO<27><VALVE_ID_LAN><CT>" triggered "weaponstats" (weapon "sg552") (shots "56") (hits "8") (kills "2") (headshots "1") (tks "0") (damage "321") (deaths "2")
L 08/26/2019 - 12:39:29: "INDIO<27><VALVE_ID_LAN><CT>" triggered "weaponstats2" (weapon "sg552") (head "1") (chest "2") (stomach "0") (leftarm "3") (rightarm "1") (leftleg "1") (rightleg "0")
L 08/26/2019 - 12:39:29: "INDIO<27><VALVE_ID_LAN><CT>" triggered "time" (time "3:58")
L 08/26/2019 - 12:39:29: "INDIO<27><VALVE_ID_LAN><CT>" triggered "latency" (ping "11")
L 08/26/2019 - 12:39:29: "Calcas Peludas<29><VALVE_ID_LAN><TERRORIST>" triggered "weaponstats" (weapon "xm1014") (shots "4") (hits "3") (kills "0") (headshots "0") (tks "0") (damage "134") (deaths "1")
L 08/26/2019 - 12:39:29: "Calcas Peludas<29><VALVE_ID_LAN><TERRORIST>" triggered "weaponstats2" (weapon "xm1014") (head "1") (chest "0") (stomach "1") (leftarm "0") (rightarm "1") (leftleg "0") (rightleg "0")
L 08/26/2019 - 12:39:29: "Calcas Peludas<29><VALVE_ID_LAN><TERRORIST>" triggered "weaponstats" (weapon "aug") (shots "11") (hits "2") (kills "0") (headshots "0") (tks "0") (damage "35") (deaths "1")
L 08/26/2019 - 12:39:29: "Calcas Peludas<29><VALVE_ID_LAN><TERRORIST>" triggered "weaponstats2" (weapon "aug") (head "0") (chest "0") (stomach "0") (leftarm "1") (rightarm "0") (leftleg "1") (rightleg "0")
L 08/26/2019 - 12:39:29: "Calcas Peludas<29><VALVE_ID_LAN><TERRORIST>" triggered "weaponstats" (weapon "glock18") (shots "1") (hits "0") (kills "0") (headshots "0") (tks "0") (damage "0") (deaths "0")
L 08/26/2019 - 12:39:29: "Calcas Peludas<29><VALVE_ID_LAN><TERRORIST>" triggered "weaponstats2" (weapon "glock18") (head "0") (chest "0") (stomach "0") (leftarm "0") (rightarm "0") (leftleg "0") (rightleg "0")
L 08/26/2019 - 12:39:29: "Calcas Peludas<29><VALVE_ID_LAN><TERRORIST>" triggered "weaponstats" (weapon "awp") (shots "2") (hits "2") (kills "2") (headshots "0") (tks "0") (damage "247") (deaths "0")
L 08/26/2019 - 12:39:29: "Calcas Peludas<29><VALVE_ID_LAN><TERRORIST>" triggered "weaponstats2" (weapon "awp") (head "0") (chest "0") (stomach "2") (leftarm "0") (rightarm "0") (leftleg "0") (rightleg "0")
L 08/26/2019 - 12:39:29: "Calcas Peludas<29><VALVE_ID_LAN><TERRORIST>" triggered "weaponstats" (weapon "mp5navy") (shots "19") (hits "1") (kills "1") (headshots "1") (tks "0") (damage "108") (deaths "1")
L 08/26/2019 - 12:39:29: "Calcas Peludas<29><VALVE_ID_LAN><TERRORIST>" triggered "weaponstats2" (weapon "mp5navy") (head "1") (chest "0") (stomach "0") (leftarm "0") (rightarm "0") (leftleg "0") (rightleg "0")
L 08/26/2019 - 12:39:29: "Calcas Peludas<29><VALVE_ID_LAN><TERRORIST>" triggered "weaponstats" (weapon "m3") (shots "1") (hits "0") (kills "0") (headshots "0") (tks "0") (damage "0") (deaths "1")
L 08/26/2019 - 12:39:29: "Calcas Peludas<29><VALVE_ID_LAN><TERRORIST>" triggered "weaponstats2" (weapon "m3") (head "0") (chest "0") (stomach "0") (leftarm "0") (rightarm "0") (leftleg "0") (rightleg "0")
L 08/26/2019 - 12:39:29: "Calcas Peludas<29><VALVE_ID_LAN><TERRORIST>" triggered "weaponstats" (weapon "sg552") (shots "22") (hits "5") (kills "1") (headshots "0") (tks "0") (damage "160") (deaths "0")
L 08/26/2019 - 12:39:29: "Calcas Peludas<29><VALVE_ID_LAN><TERRORIST>" triggered "weaponstats2" (weapon "sg552") (head "0") (chest "0") (stomach "1") (leftarm "2") (rightarm "1") (leftleg "0") (rightleg "1")
L 08/26/2019 - 12:39:29: "Calcas Peludas<29><VALVE_ID_LAN><TERRORIST>" triggered "time" (time "3:30")
L 08/26/2019 - 12:39:29: "Calcas Peludas<29><VALVE_ID_LAN><TERRORIST>" triggered "latency" (ping "7")
L 08/26/2019 - 12:39:29: [META] ini: Begin re-reading plugins list: c:/valve/cstrike/addons/metamod/plugins.ini
L 08/26/2019 - 12:39:29: [META] ini: Read plugin config for: AMX
L 08/26/2019 - 12:39:29: [META] ini: Read plugin config for: WinHL-Booster
L 08/26/2019 - 12:39:29: [META] ERROR: ini: Skipping plugin, couldn't stat file 'addons/hlguard/dlls/hlguard_mm_nightly.dll': No such file or directory
L 08/26/2019 - 12:39:29: [META] ini: Read plugin config for: WebMod
L 08/26/2019 - 12:39:29: [META] ini: Finished reading plugins list: c:/valve/cstrike/addons/metamod/plugins.ini; Found 3 plugins
L 08/26/2019 - 12:39:29: [META] dll: Updating plugins...
L 08/26/2019 - 12:39:29: [META] ERROR: dll: Failed query plugin '<hlguard_mm_nightly.dll>'; Couldn't open file 'addons/hlguard/dlls/hlguard_mm_nightly.dll': No foi possvel encontrar o mdulo especificado.

L 08/26/2019 - 12:39:29: [META] ERROR: dll: Skipping plugin '<hlguard_mm_nightly.dll>'; couldn't query
L 08/26/2019 - 12:39:29: [META] dll: Finished updating 6 plugins; kept 3, loaded 0, unloaded 0, reloaded 0, delayed 0
L 08/26/2019 - 12:39:29: Server shutdown
L 08/26/2019 - 12:39:29: Log file closed
