L 08/29/2018 - 12:41:11: Log file started (file "logs\L0829001.log") (game "cstrike") (version "47/1.1.2.2/2603")
L 08/29/2018 - 12:41:11: Loading map "aim_glockbust2"
L 08/29/2018 - 12:41:11: Server cvars start
L 08/29/2018 - 12:41:11: Server cvar "_tutor_bomb_viewable_check_interval" = "0.5"
L 08/29/2018 - 12:41:11: Server cvar "_tutor_debug_level" = "0"
L 08/29/2018 - 12:41:11: Server cvar "_tutor_examine_time" = "0.5"
L 08/29/2018 - 12:41:11: Server cvar "_tutor_hint_interval_time" = "10.0"
L 08/29/2018 - 12:41:11: Server cvar "_tutor_look_angle" = "10"
L 08/29/2018 - 12:41:11: Server cvar "_tutor_look_distance" = "200"
L 08/29/2018 - 12:41:11: Server cvar "_tutor_message_character_display_time_coefficient" = "0.07"
L 08/29/2018 - 12:41:11: Server cvar "_tutor_message_minimum_display_time" = "1"
L 08/29/2018 - 12:41:11: Server cvar "_tutor_message_repeats" = "5"
L 08/29/2018 - 12:41:11: Server cvar "_tutor_view_distance" = "1000"
L 08/29/2018 - 12:41:11: Server cvar "allow_spectators" = "1.0"
L 08/29/2018 - 12:41:11: Server cvar "amx_modules" = "2"
L 08/29/2018 - 12:41:11: Server cvar "amx_nextmap" = "fy_stoneworld"
L 08/29/2018 - 12:41:11: Server cvar "amx_timeleft" = "00:00"
L 08/29/2018 - 12:41:11: Server cvar "amx_version" = "2006.3"
L 08/29/2018 - 12:41:11: Server cvar "booster_version" = "1.60"
L 08/29/2018 - 12:41:11: Server cvar "bot_allow_grenades" = "1"
L 08/29/2018 - 12:41:11: Server cvar "bot_allow_machine_guns" = "1"
L 08/29/2018 - 12:41:11: Server cvar "bot_allow_pistols" = "1"
L 08/29/2018 - 12:41:11: Server cvar "bot_allow_rifles" = "1"
L 08/29/2018 - 12:41:11: Server cvar "bot_allow_rogues" = "1"
L 08/29/2018 - 12:41:11: Server cvar "bot_allow_shield" = "1"
L 08/29/2018 - 12:41:11: Server cvar "bot_allow_shotguns" = "1"
L 08/29/2018 - 12:41:11: Server cvar "bot_allow_snipers" = "1"
L 08/29/2018 - 12:41:11: Server cvar "bot_allow_sub_machine_guns" = "1"
L 08/29/2018 - 12:41:11: Server cvar "bot_auto_vacate" = "1"
L 08/29/2018 - 12:41:11: Server cvar "bot_chatter" = "normal"
L 08/29/2018 - 12:41:11: Server cvar "bot_debug" = "0"
L 08/29/2018 - 12:41:11: Server cvar "bot_defer_to_human" = "0"
L 08/29/2018 - 12:41:11: Server cvar "bot_difficulty" = "3"
L 08/29/2018 - 12:41:11: Server cvar "bot_join_after_player" = "1"
L 08/29/2018 - 12:41:11: Server cvar "bot_join_team" = "t"
L 08/29/2018 - 12:41:11: Server cvar "bot_nav_edit" = "0"
L 08/29/2018 - 12:41:11: Server cvar "bot_nav_zdraw" = "4"
L 08/29/2018 - 12:41:11: Server cvar "bot_prefix" = "XXBOT"
L 08/29/2018 - 12:41:11: Server cvar "bot_quicksave" = "0"
L 08/29/2018 - 12:41:11: Server cvar "bot_quota" = "1"
L 08/29/2018 - 12:41:11: Server cvar "bot_quota_match" = "0"
L 08/29/2018 - 12:41:11: Server cvar "bot_show_danger" = "0"
L 08/29/2018 - 12:41:11: Server cvar "bot_show_nav" = "0"
L 08/29/2018 - 12:41:11: Server cvar "bot_stop" = "0"
L 08/29/2018 - 12:41:11: Server cvar "bot_traceview" = "0"
L 08/29/2018 - 12:41:11: Server cvar "bot_walk" = "0"
L 08/29/2018 - 12:41:11: Server cvar "bot_zombie" = "0"
L 08/29/2018 - 12:41:11: Server cvar "coop" = "0"
L 08/29/2018 - 12:41:11: Server cvar "deathmatch" = "1"
L 08/29/2018 - 12:41:11: Server cvar "decalfrequency" = "30"
L 08/29/2018 - 12:41:11: Server cvar "edgefriction" = "2"
L 08/29/2018 - 12:41:11: Server cvar "fun_version" = "2006.3"
L 08/29/2018 - 12:41:11: Server cvar "humans_join_team" = "any"
L 08/29/2018 - 12:41:11: Server cvar "max_queries_sec" = "3.0"
L 08/29/2018 - 12:41:11: Server cvar "max_queries_sec_global" = "30"
L 08/29/2018 - 12:41:11: Server cvar "max_queries_window" = "60"
L 08/29/2018 - 12:41:11: Server cvar "metamod_version" = "1.19"
L 08/29/2018 - 12:41:11: Server cvar "mp_allowmonsters" = "0"
L 08/29/2018 - 12:41:11: Server cvar "mp_autokick" = "0"
L 08/29/2018 - 12:41:11: Server cvar "mp_autoteambalance" = "0"
L 08/29/2018 - 12:41:11: Server cvar "mp_buytime" = "1.500000"
L 08/29/2018 - 12:41:11: Server cvar "mp_c4timer" = "45"
L 08/29/2018 - 12:41:11: Server cvar "mp_chattime" = "10"
L 08/29/2018 - 12:41:11: Server cvar "mp_consistency" = "1"
L 08/29/2018 - 12:41:11: Server cvar "mp_fadetoblack" = "0"
L 08/29/2018 - 12:41:11: Server cvar "mp_flashlight" = "0"
L 08/29/2018 - 12:41:11: Server cvar "mp_footsteps" = "1"
L 08/29/2018 - 12:41:11: Server cvar "mp_forcecamera" = "2"
L 08/29/2018 - 12:41:11: Server cvar "mp_forcechasecam" = "0"
L 08/29/2018 - 12:41:11: Server cvar "mp_fragsleft" = "0"
L 08/29/2018 - 12:41:11: Server cvar "mp_freezetime" = "0.000000"
L 08/29/2018 - 12:41:11: Server cvar "mp_friendlyfire" = "1"
L 08/29/2018 - 12:41:11: Server cvar "mp_ghostfrequency" = "0.1"
L 08/29/2018 - 12:41:11: Server cvar "mp_hostagepenalty" = "5.000000"
L 08/29/2018 - 12:41:11: Server cvar "mp_kickpercent" = "0.66"
L 08/29/2018 - 12:41:11: Server cvar "mp_limitteams" = "0"
L 08/29/2018 - 12:41:11: Server cvar "mp_logdetail" = "0"
L 08/29/2018 - 12:41:11: Server cvar "mp_logfile" = "1"
L 08/29/2018 - 12:41:11: Server cvar "mp_logmessages" = "1"
L 08/29/2018 - 12:41:11: Server cvar "mp_mapvoteratio" = "0.66"
L 08/29/2018 - 12:41:11: Server cvar "mp_maxrounds" = "0.000000"
L 08/29/2018 - 12:41:11: Server cvar "mp_mirrordamage" = "0"
L 08/29/2018 - 12:41:11: Server cvar "mp_playerid" = "0"
L 08/29/2018 - 12:41:11: Server cvar "mp_roundtime" = "2.000000"
L 08/29/2018 - 12:41:11: Server cvar "mp_startmoney" = "1500.000000"
L 08/29/2018 - 12:41:11: Server cvar "mp_timeleft" = "0"
L 08/29/2018 - 12:41:11: Server cvar "mp_timelimit" = "10.000000"
L 08/29/2018 - 12:41:11: Server cvar "mp_tkpunish" = "1"
L 08/29/2018 - 12:41:11: Server cvar "mp_windifference" = "1"
L 08/29/2018 - 12:41:11: Server cvar "mp_winlimit" = "0.000000"
L 08/29/2018 - 12:41:11: Server cvar "pausable" = "0"
L 08/29/2018 - 12:41:11: Server cvar "server_fps" = "87"
L 08/29/2018 - 12:41:11: Server cvar "sv_accelerate" = "5"
L 08/29/2018 - 12:41:11: Server cvar "sv_aim" = "0"
L 08/29/2018 - 12:41:11: Server cvar "sv_airaccelerate" = "10"
L 08/29/2018 - 12:41:11: Server cvar "sv_airmove" = "1"
L 08/29/2018 - 12:41:11: Server cvar "sv_allowupload" = "1"
L 08/29/2018 - 12:41:11: Server cvar "sv_alltalk" = "0"
L 08/29/2018 - 12:41:11: Server cvar "sv_bounce" = "1"
L 08/29/2018 - 12:41:11: Server cvar "sv_cheats" = "0"
L 08/29/2018 - 12:41:11: Server cvar "sv_clienttrace" = "1"
L 08/29/2018 - 12:41:11: Server cvar "sv_clipmode" = "0"
L 08/29/2018 - 12:41:11: Server cvar "sv_contact" = ""
L 08/29/2018 - 12:41:11: Server cvar "sv_friction" = "4"
L 08/29/2018 - 12:41:11: Server cvar "sv_gravity" = "800"
L 08/29/2018 - 12:41:11: Server cvar "sv_logblocks" = "0"
L 08/29/2018 - 12:41:11: Server cvar "sv_maxrate" = "0"
L 08/29/2018 - 12:41:11: Server cvar "sv_maxspeed" = "320"
L 08/29/2018 - 12:41:11: Server cvar "sv_minrate" = "0"
L 08/29/2018 - 12:41:11: Server cvar "sv_password" = ""
L 08/29/2018 - 12:41:11: Server cvar "sv_proxies" = "1"
L 08/29/2018 - 12:41:11: Server cvar "sv_region" = "-1"
L 08/29/2018 - 12:41:11: Server cvar "sv_restart" = "0"
L 08/29/2018 - 12:41:11: Server cvar "sv_restartround" = "0"
L 08/29/2018 - 12:41:11: Server cvar "sv_stepsize" = "18"
L 08/29/2018 - 12:41:11: Server cvar "sv_stopspeed" = "75"
L 08/29/2018 - 12:41:11: Server cvar "sv_voiceenable" = "1"
L 08/29/2018 - 12:41:11: Server cvar "sv_wateraccelerate" = "10"
L 08/29/2018 - 12:41:11: Server cvar "sv_waterfriction" = "1"
L 08/29/2018 - 12:41:11: Server cvar "sys_ticrate" = "10000"
L 08/29/2018 - 12:41:11: Server cvar "w_version" = "0.48"
L 08/29/2018 - 12:41:11: Server cvars end
L 08/29/2018 - 12:41:11: Server cvar "sv_maxspeed" = "900"
L 08/29/2018 - 12:41:12: Server cvar "bot_difficulty" = "2"
L 08/29/2018 - 12:41:12: Server cvar "sv_maxspeed" = "320"
L 08/29/2018 - 12:41:12: Server cvar "amx_nextmap" = "fy_pool2k"
L 08/29/2018 - 12:41:12: Started map "aim_glockbust2" (CRC "-1694105036")
L 08/29/2018 - 12:41:21: "Cap Billy<14><VALVE_ID_LOOPBACK><>" connected, address "loopback"
L 08/29/2018 - 12:41:22: "Cap Billy<14><VALVE_ID_LOOPBACK><>" entered the game
L 08/29/2018 - 12:41:22: World triggered "Round_Start"
L 08/29/2018 - 12:41:23: "Cap Billy<14><VALVE_ID_LOOPBACK><>" joined team "CT"
L 08/29/2018 - 12:41:23: "XXBOT Adrian<15><BOT><>" joined team "TERRORIST"
L 08/29/2018 - 12:41:23: "XXBOT Adrian<15><BOT><>" entered the game
L 08/29/2018 - 12:41:23: World triggered "Game_Commencing"
L 08/29/2018 - 12:41:23: World triggered "Game_Commencing" (CT "0") (T "0")
L 08/29/2018 - 12:41:23: World triggered "Round_End"
L 08/29/2018 - 12:41:23: "GARGAMEL ALFA<16><VALVE_ID_LAN><>" connected, address "10.15.2.38:27005"
L 08/29/2018 - 12:41:23: "Jack is Back!<17><VALVE_ID_LAN><>" connected, address "10.15.2.104:27005"
L 08/29/2018 - 12:41:24: "NOVATO<18><VALVE_ID_LAN><>" connected, address "10.15.2.190:27005"
L 08/29/2018 - 12:41:24: "Inspetor Buginganga<19><VALVE_ID_LAN><>" connected, address "10.15.2.117:27005"
L 08/29/2018 - 12:41:25: "GARGAMEL ALFA<16><VALVE_ID_LAN><>" entered the game
L 08/29/2018 - 12:41:26: World triggered "Round_Start"
L 08/29/2018 - 12:41:26: "Jack is Back!<17><VALVE_ID_LAN><>" entered the game
L 08/29/2018 - 12:41:26: "GARGAMEL ALFA<16><VALVE_ID_LAN><>" joined team "TERRORIST"
L 08/29/2018 - 12:41:27: "Inspetor Buginganga<19><VALVE_ID_LAN><>" entered the game
L 08/29/2018 - 12:41:27: "NOVATO<18><VALVE_ID_LAN><>" entered the game
L 08/29/2018 - 12:41:28: "Jack is Back!<17><VALVE_ID_LAN><>" joined team "TERRORIST"
L 08/29/2018 - 12:41:29: "@te<20><VALVE_ID_LAN><>" connected, address "10.15.2.23:27005"
L 08/29/2018 - 12:41:29: "Inspetor Buginganga<19><VALVE_ID_LAN><>" joined team "CT"
L 08/29/2018 - 12:41:29: "NOVATO<18><VALVE_ID_LAN><>" joined team "CT"
L 08/29/2018 - 12:41:30: "Cap Billy<14><VALVE_ID_LOOPBACK><CT>" killed "GARGAMEL ALFA<16><VALVE_ID_LAN><TERRORIST>" with "glock18"
L 08/29/2018 - 12:41:32: "@te<20><VALVE_ID_LAN><>" entered the game
L 08/29/2018 - 12:41:34: "@te<20><VALVE_ID_LAN><>" joined team "CT"
L 08/29/2018 - 12:41:35: "Cap Billy<14><VALVE_ID_LOOPBACK><CT>" killed "XXBOT Adrian<15><BOT><TERRORIST>" with "glock18"
L 08/29/2018 - 12:41:39: "Calcas Peludas<21><VALVE_ID_LAN><>" connected, address "10.15.2.230:27005"
L 08/29/2018 - 12:41:40: "Jack is Back!<17><VALVE_ID_LAN><TERRORIST>" killed "@te<20><VALVE_ID_LAN><CT>" with "glock18"
L 08/29/2018 - 12:41:41: "Cap Billy<14><VALVE_ID_LOOPBACK><CT>" killed "Jack is Back!<17><VALVE_ID_LAN><TERRORIST>" with "glock18"
L 08/29/2018 - 12:41:41: Team "CT" triggered "CTs_Win" (CT "1") (T "0")
L 08/29/2018 - 12:41:41: World triggered "Round_End"
L 08/29/2018 - 12:41:42: "Calcas Peludas<21><VALVE_ID_LAN><>" entered the game
L 08/29/2018 - 12:41:43: "Calcas Peludas<21><VALVE_ID_LAN><>" joined team "TERRORIST"
L 08/29/2018 - 12:41:46: World triggered "Round_Start"
L 08/29/2018 - 12:41:52: "Cap Billy<14><VALVE_ID_LOOPBACK><CT>" killed "XXBOT Adrian<15><BOT><TERRORIST>" with "glock18"
L 08/29/2018 - 12:41:53: "Inspetor Buginganga<19><VALVE_ID_LAN><CT>" killed "GARGAMEL ALFA<16><VALVE_ID_LAN><TERRORIST>" with "glock18"
L 08/29/2018 - 12:41:55: "Jack is Back!<17><VALVE_ID_LAN><TERRORIST>" killed "Cap Billy<14><VALVE_ID_LOOPBACK><CT>" with "glock18"
L 08/29/2018 - 12:41:58: "Jack is Back!<17><VALVE_ID_LAN><TERRORIST>" killed "@te<20><VALVE_ID_LAN><CT>" with "glock18"
L 08/29/2018 - 12:41:58: "Jack is Back!<17><VALVE_ID_LAN><TERRORIST>" killed "Inspetor Buginganga<19><VALVE_ID_LAN><CT>" with "glock18"
L 08/29/2018 - 12:42:03: "Calcas Peludas<21><VALVE_ID_LAN><TERRORIST>" killed "NOVATO<18><VALVE_ID_LAN><CT>" with "glock18"
L 08/29/2018 - 12:42:03: Team "TERRORIST" triggered "Terrorists_Win" (CT "1") (T "1")
L 08/29/2018 - 12:42:03: World triggered "Round_End"
L 08/29/2018 - 12:42:08: World triggered "Round_Start"
L 08/29/2018 - 12:42:16: "Jack is Back!<17><VALVE_ID_LAN><TERRORIST>" killed "@te<20><VALVE_ID_LAN><CT>" with "glock18"
L 08/29/2018 - 12:42:18: "Jack is Back!<17><VALVE_ID_LAN><TERRORIST>" killed "Inspetor Buginganga<19><VALVE_ID_LAN><CT>" with "glock18"
L 08/29/2018 - 12:42:19: "Cap Billy<14><VALVE_ID_LOOPBACK><CT>" killed "XXBOT Adrian<15><BOT><TERRORIST>" with "glock18"
L 08/29/2018 - 12:42:26: "Cap Billy<14><VALVE_ID_LOOPBACK><CT>" killed "Calcas Peludas<21><VALVE_ID_LAN><TERRORIST>" with "glock18"
L 08/29/2018 - 12:42:29: "Jack is Back!<17><VALVE_ID_LAN><TERRORIST>" killed "NOVATO<18><VALVE_ID_LAN><CT>" with "knife"
L 08/29/2018 - 12:42:30: "Cap Billy<14><VALVE_ID_LOOPBACK><CT>" killed "GARGAMEL ALFA<16><VALVE_ID_LAN><TERRORIST>" with "knife"
L 08/29/2018 - 12:42:33: "Cap Billy<14><VALVE_ID_LOOPBACK><CT>" killed "Jack is Back!<17><VALVE_ID_LAN><TERRORIST>" with "knife"
L 08/29/2018 - 12:42:33: Team "CT" triggered "CTs_Win" (CT "2") (T "1")
L 08/29/2018 - 12:42:33: World triggered "Round_End"
L 08/29/2018 - 12:42:38: World triggered "Round_Start"
L 08/29/2018 - 12:42:45: "GARGAMEL ALFA<16><VALVE_ID_LAN><TERRORIST>" killed "Cap Billy<14><VALVE_ID_LOOPBACK><CT>" with "glock18"
L 08/29/2018 - 12:42:46: "@te<20><VALVE_ID_LAN><CT>" killed "Jack is Back!<17><VALVE_ID_LAN><TERRORIST>" with "knife"
L 08/29/2018 - 12:42:47: "GARGAMEL ALFA<16><VALVE_ID_LAN><TERRORIST>" killed "Inspetor Buginganga<19><VALVE_ID_LAN><CT>" with "glock18"
L 08/29/2018 - 12:42:49: "GARGAMEL ALFA<16><VALVE_ID_LAN><TERRORIST>" killed "@te<20><VALVE_ID_LAN><CT>" with "glock18"
L 08/29/2018 - 12:42:52: "Calcas Peludas<21><VALVE_ID_LAN><TERRORIST>" killed "NOVATO<18><VALVE_ID_LAN><CT>" with "knife"
L 08/29/2018 - 12:42:52: Team "TERRORIST" triggered "Terrorists_Win" (CT "2") (T "2")
L 08/29/2018 - 12:42:52: World triggered "Round_End"
L 08/29/2018 - 12:42:57: World triggered "Round_Start"
L 08/29/2018 - 12:43:05: "Cap Billy<14><VALVE_ID_LOOPBACK><CT>" killed "GARGAMEL ALFA<16><VALVE_ID_LAN><TERRORIST>" with "glock18"
L 08/29/2018 - 12:43:06: "Inspetor Buginganga<19><VALVE_ID_LAN><CT>" killed "XXBOT Adrian<15><BOT><TERRORIST>" with "glock18"
L 08/29/2018 - 12:43:07: "@te<20><VALVE_ID_LAN><CT>" killed "Jack is Back!<17><VALVE_ID_LAN><TERRORIST>" with "glock18"
L 08/29/2018 - 12:43:07: "Kratos<22><VALVE_ID_LAN><>" connected, address "10.15.1.156:27005"
L 08/29/2018 - 12:43:10: "Smolder<23><VALVE_ID_LAN><>" connected, address "10.15.3.173:27005"
L 08/29/2018 - 12:43:16: "Kratos<22><VALVE_ID_LAN><>" entered the game
L 08/29/2018 - 12:43:16: "Smolder<23><VALVE_ID_LAN><>" entered the game
L 08/29/2018 - 12:43:18: "Kratos<22><VALVE_ID_LAN><>" joined team "TERRORIST"
L 08/29/2018 - 12:43:20: "Smolder<23><VALVE_ID_LAN><>" joined team "TERRORIST"
L 08/29/2018 - 12:43:22: "Jack is Back!<17><VALVE_ID_LAN><TERRORIST>" say "eita" (dead)
L 08/29/2018 - 12:43:25: "Jack is Back!<17><VALVE_ID_LAN><TERRORIST>" joined team "CT"
L 08/29/2018 - 12:43:31: "Cap Billy<14><VALVE_ID_LOOPBACK><CT>" killed "Calcas Peludas<21><VALVE_ID_LAN><TERRORIST>" with "knife"
L 08/29/2018 - 12:43:31: Team "CT" triggered "CTs_Win" (CT "3") (T "2")
L 08/29/2018 - 12:43:31: World triggered "Round_End"
L 08/29/2018 - 12:43:34: "Calcas Peludas<21><VALVE_ID_LAN><TERRORIST>" say "obrigado" (dead)
L 08/29/2018 - 12:43:35: Server cvar "bot_quota" = "0"
L 08/29/2018 - 12:43:35: Kick: "XXBOT Adrian<15><UNKNOWN><>" was kicked by "Cap Billy"
L 08/29/2018 - 12:43:35: "XXBOT Adrian<15><BOT><TERRORIST>" disconnected
L 08/29/2018 - 12:43:36: World triggered "Round_Start"
L 08/29/2018 - 12:43:36: "@te<20><VALVE_ID_LAN><CT>" say "ur"
L 08/29/2018 - 12:43:41: "XXBOT Cory<24><BOT><>" joined team "TERRORIST"
L 08/29/2018 - 12:43:41: Server cvar "bot_quota" = "1"
L 08/29/2018 - 12:43:41: "XXBOT Cory<24><BOT><>" entered the game
L 08/29/2018 - 12:43:44: "@te<20><VALVE_ID_LAN><CT>" killed "Smolder<23><VALVE_ID_LAN><TERRORIST>" with "glock18"
L 08/29/2018 - 12:43:44: "Calcas Peludas<21><VALVE_ID_LAN><TERRORIST>" killed "Inspetor Buginganga<19><VALVE_ID_LAN><CT>" with "glock18"
L 08/29/2018 - 12:43:47: "Jack is Back!<17><VALVE_ID_LAN><CT>" killed "XXBOT Cory<24><BOT><TERRORIST>" with "glock18"
L 08/29/2018 - 12:43:50: "Calcas Peludas<21><VALVE_ID_LAN><TERRORIST>" killed "Cap Billy<14><VALVE_ID_LOOPBACK><CT>" with "glock18"
L 08/29/2018 - 12:43:50: "Jack is Back!<17><VALVE_ID_LAN><CT>" killed "GARGAMEL ALFA<16><VALVE_ID_LAN><TERRORIST>" with "glock18"
L 08/29/2018 - 12:43:59: "NOVATO<18><VALVE_ID_LAN><CT>" killed "Kratos<22><VALVE_ID_LAN><TERRORIST>" with "glock18"
L 08/29/2018 - 12:44:01: "Calcas Peludas<21><VALVE_ID_LAN><TERRORIST>" killed "@te<20><VALVE_ID_LAN><CT>" with "glock18"
L 08/29/2018 - 12:44:02: "NOVATO<18><VALVE_ID_LAN><CT>" killed "Calcas Peludas<21><VALVE_ID_LAN><TERRORIST>" with "glock18"
L 08/29/2018 - 12:44:02: Team "CT" triggered "CTs_Win" (CT "4") (T "2")
L 08/29/2018 - 12:44:02: World triggered "Round_End"
L 08/29/2018 - 12:44:07: World triggered "Round_Start"
L 08/29/2018 - 12:44:12: "Cap Billy<14><VALVE_ID_LOOPBACK><CT>" killed "Kratos<22><VALVE_ID_LAN><TERRORIST>" with "glock18"
L 08/29/2018 - 12:44:13: "Jack is Back!<17><VALVE_ID_LAN><CT>" killed "GARGAMEL ALFA<16><VALVE_ID_LAN><TERRORIST>" with "glock18"
L 08/29/2018 - 12:44:14: "Cap Billy<14><VALVE_ID_LOOPBACK><CT>" killed "XXBOT Cory<24><BOT><TERRORIST>" with "glock18"
L 08/29/2018 - 12:44:18: "@te<20><VALVE_ID_LAN><CT>" killed "Calcas Peludas<21><VALVE_ID_LAN><TERRORIST>" with "glock18"
L 08/29/2018 - 12:44:22: "Calcas Peludas<21><VALVE_ID_LAN><TERRORIST>" say "uh" (dead)
L 08/29/2018 - 12:44:24: "NOVATO<18><VALVE_ID_LAN><CT>" killed "Smolder<23><VALVE_ID_LAN><TERRORIST>" with "knife"
L 08/29/2018 - 12:44:24: Team "CT" triggered "CTs_Win" (CT "5") (T "2")
L 08/29/2018 - 12:44:24: World triggered "Round_End"
L 08/29/2018 - 12:44:29: World triggered "Round_Start"
L 08/29/2018 - 12:44:36: "Cap Billy<14><VALVE_ID_LOOPBACK><CT>" killed "Calcas Peludas<21><VALVE_ID_LAN><TERRORIST>" with "glock18"
L 08/29/2018 - 12:44:36: "Cap Billy<14><VALVE_ID_LOOPBACK><CT>" killed "GARGAMEL ALFA<16><VALVE_ID_LAN><TERRORIST>" with "glock18"
L 08/29/2018 - 12:44:43: "Jack is Back!<17><VALVE_ID_LAN><CT>" killed "Kratos<22><VALVE_ID_LAN><TERRORIST>" with "glock18"
L 08/29/2018 - 12:44:47: "Inspetor Buginganga<19><VALVE_ID_LAN><CT>" killed "Smolder<23><VALVE_ID_LAN><TERRORIST>" with "glock18"
L 08/29/2018 - 12:44:49: "Inspetor Buginganga<19><VALVE_ID_LAN><CT>" killed "XXBOT Cory<24><BOT><TERRORIST>" with "glock18"
L 08/29/2018 - 12:44:49: Team "CT" triggered "CTs_Win" (CT "6") (T "2")
L 08/29/2018 - 12:44:49: World triggered "Round_End"
L 08/29/2018 - 12:44:49: "Kratos<22><VALVE_ID_LAN><TERRORIST>" say "porra to matando ninguem" (dead)
L 08/29/2018 - 12:44:54: World triggered "Round_Start"
L 08/29/2018 - 12:45:01: "Cap Billy<14><VALVE_ID_LOOPBACK><CT>" killed "GARGAMEL ALFA<16><VALVE_ID_LAN><TERRORIST>" with "glock18"
L 08/29/2018 - 12:45:04: "Cap Billy<14><VALVE_ID_LOOPBACK><CT>" killed "XXBOT Cory<24><BOT><TERRORIST>" with "glock18"
L 08/29/2018 - 12:45:07: "Kratos<22><VALVE_ID_LAN><TERRORIST>" killed "@te<20><VALVE_ID_LAN><CT>" with "glock18"
L 08/29/2018 - 12:45:07: "Jack is Back!<17><VALVE_ID_LAN><CT>" killed "Calcas Peludas<21><VALVE_ID_LAN><TERRORIST>" with "glock18"
L 08/29/2018 - 12:45:08: "GARGAMEL ALFA<16><VALVE_ID_LAN><TERRORIST>" say "pracima" (dead)
L 08/29/2018 - 12:45:09: "Cap Billy<14><VALVE_ID_LOOPBACK><CT>" killed "Kratos<22><VALVE_ID_LAN><TERRORIST>" with "glock18"
L 08/29/2018 - 12:45:15: "Cap Billy<14><VALVE_ID_LOOPBACK><CT>" killed "Smolder<23><VALVE_ID_LAN><TERRORIST>" with "knife"
L 08/29/2018 - 12:45:15: Team "CT" triggered "CTs_Win" (CT "7") (T "2")
L 08/29/2018 - 12:45:15: World triggered "Round_End"
L 08/29/2018 - 12:45:15: "Jack is Back!<17><VALVE_ID_LAN><CT>" killed "Cap Billy<14><VALVE_ID_LOOPBACK><CT>" with "knife"
L 08/29/2018 - 12:45:18: "Calcas Peludas<21><VALVE_ID_LAN><TERRORIST>" say "ahahahahahah" (dead)
L 08/29/2018 - 12:45:18: "Kratos<22><VALVE_ID_LAN><TERRORIST>" say "hauhauhauh" (dead)
L 08/29/2018 - 12:45:19: "Smolder<23><VALVE_ID_LAN><TERRORIST>" say "boa" (dead)
L 08/29/2018 - 12:45:20: World triggered "Round_Start"
L 08/29/2018 - 12:45:20: "Jack is Back!<17><VALVE_ID_LAN><CT>" committed suicide with "world"
L 08/29/2018 - 12:45:21: "@te<20><VALVE_ID_LAN><CT>" say "eita p"
L 08/29/2018 - 12:45:25: "Kratos<22><VALVE_ID_LAN><TERRORIST>" killed "NOVATO<18><VALVE_ID_LAN><CT>" with "glock18"
L 08/29/2018 - 12:45:26: "Kratos<22><VALVE_ID_LAN><TERRORIST>" killed "Cap Billy<14><VALVE_ID_LOOPBACK><CT>" with "glock18"
L 08/29/2018 - 12:45:33: "@te<20><VALVE_ID_LAN><CT>" killed "GARGAMEL ALFA<16><VALVE_ID_LAN><TERRORIST>" with "glock18"
L 08/29/2018 - 12:45:34: "XXBOT Cory<24><BOT><TERRORIST>" killed "@te<20><VALVE_ID_LAN><CT>" with "glock18"
L 08/29/2018 - 12:45:40: "Smolder<23><VALVE_ID_LAN><TERRORIST>" killed "Inspetor Buginganga<19><VALVE_ID_LAN><CT>" with "knife"
L 08/29/2018 - 12:45:40: Team "TERRORIST" triggered "Terrorists_Win" (CT "7") (T "3")
L 08/29/2018 - 12:45:40: World triggered "Round_End"
L 08/29/2018 - 12:45:45: World triggered "Round_Start"
L 08/29/2018 - 12:45:46: "Cap Billy<14><VALVE_ID_LOOPBACK><CT>" say_team "NAO SE ESCONDEE HOMi]"
L 08/29/2018 - 12:45:55: "Cap Billy<14><VALVE_ID_LOOPBACK><CT>" killed "XXBOT Cory<24><BOT><TERRORIST>" with "glock18"
L 08/29/2018 - 12:46:01: "@te<20><VALVE_ID_LAN><CT>" killed "Smolder<23><VALVE_ID_LAN><TERRORIST>" with "knife"
L 08/29/2018 - 12:46:03: "GARGAMEL ALFA<16><VALVE_ID_LAN><TERRORIST>" killed "Cap Billy<14><VALVE_ID_LOOPBACK><CT>" with "glock18"
L 08/29/2018 - 12:46:09: "Jack is Back!<17><VALVE_ID_LAN><CT>" killed "Kratos<22><VALVE_ID_LAN><TERRORIST>" with "glock18"
L 08/29/2018 - 12:46:13: "@te<20><VALVE_ID_LAN><CT>" killed "Calcas Peludas<21><VALVE_ID_LAN><TERRORIST>" with "knife"
L 08/29/2018 - 12:46:13: "NOVATO<18><VALVE_ID_LAN><CT>" killed "@te<20><VALVE_ID_LAN><CT>" with "knife"
L 08/29/2018 - 12:46:16: "Calcas Peludas<21><VALVE_ID_LAN><TERRORIST>" say "ahahhhaa" (dead)
L 08/29/2018 - 12:46:17: "Smolder<23><VALVE_ID_LAN><TERRORIST>" say "boa" (dead)
L 08/29/2018 - 12:46:18: "Cap Billy<14><VALVE_ID_LOOPBACK><CT>" say "raapz" (dead)
L 08/29/2018 - 12:46:20: "Kratos<22><VALVE_ID_LAN><TERRORIST>" say "desespero ct" (dead)
L 08/29/2018 - 12:46:23: "@te<20><VALVE_ID_LAN><CT>" say "eita porra" (dead)
L 08/29/2018 - 12:46:23: "GARGAMEL ALFA<16><VALVE_ID_LAN><TERRORIST>" killed "Jack is Back!<17><VALVE_ID_LAN><CT>" with "glock18"
L 08/29/2018 - 12:46:25: "Cap Billy<14><VALVE_ID_LOOPBACK><CT>" say "vcs estao trapalhoes hj!" (dead)
L 08/29/2018 - 12:46:26: "Smolder<23><VALVE_ID_LAN><TERRORIST>" say "crise" (dead)
L 08/29/2018 - 12:46:31: "Jack is Back!<17><VALVE_ID_LAN><CT>" say "cts se matando de rodo rs" (dead)
L 08/29/2018 - 12:46:31: "NOVATO<18><VALVE_ID_LAN><CT>" killed "GARGAMEL ALFA<16><VALVE_ID_LAN><TERRORIST>" with "glock18"
L 08/29/2018 - 12:46:31: Team "CT" triggered "CTs_Win" (CT "8") (T "3")
L 08/29/2018 - 12:46:31: World triggered "Round_End"
L 08/29/2018 - 12:46:31: "Kratos<22><VALVE_ID_LAN><TERRORIST>" say "ta dando muito lag" (dead)
L 08/29/2018 - 12:46:31: "Smolder<23><VALVE_ID_LAN><TERRORIST>" say "crise mo ct" (dead)
L 08/29/2018 - 12:46:36: "Calcas Peludas<21><VALVE_ID_LAN><TERRORIST>" say "mortos a fome" (dead)
L 08/29/2018 - 12:46:36: World triggered "Round_Start"
L 08/29/2018 - 12:46:36: "NOVATO<18><VALVE_ID_LAN><CT>" committed suicide with "world"
L 08/29/2018 - 12:46:42: "Inspetor Buginganga<19><VALVE_ID_LAN><CT>" killed "Kratos<22><VALVE_ID_LAN><TERRORIST>" with "glock18"
L 08/29/2018 - 12:46:44: "Cap Billy<14><VALVE_ID_LOOPBACK><CT>" killed "XXBOT Cory<24><BOT><TERRORIST>" with "glock18"
L 08/29/2018 - 12:46:46: "Calcas Peludas<21><VALVE_ID_LAN><TERRORIST>" killed "Inspetor Buginganga<19><VALVE_ID_LAN><CT>" with "knife"
L 08/29/2018 - 12:46:48: "Jack is Back!<17><VALVE_ID_LAN><CT>" killed "GARGAMEL ALFA<16><VALVE_ID_LAN><TERRORIST>" with "knife"
L 08/29/2018 - 12:46:51: "Cap Billy<14><VALVE_ID_LOOPBACK><CT>" killed "Calcas Peludas<21><VALVE_ID_LAN><TERRORIST>" with "glock18"
L 08/29/2018 - 12:46:54: "Smolder<23><VALVE_ID_LAN><TERRORIST>" killed "Jack is Back!<17><VALVE_ID_LAN><CT>" with "glock18"
L 08/29/2018 - 12:46:56: "@te<20><VALVE_ID_LAN><CT>" killed "Smolder<23><VALVE_ID_LAN><TERRORIST>" with "glock18"
L 08/29/2018 - 12:46:56: Team "CT" triggered "CTs_Win" (CT "9") (T "3")
L 08/29/2018 - 12:46:56: World triggered "Round_End"
L 08/29/2018 - 12:47:01: World triggered "Round_Start"
L 08/29/2018 - 12:47:03: "Jack is Back!<17><VALVE_ID_LAN><CT>" say "kkkk  facaamiga"
L 08/29/2018 - 12:47:08: "Kratos<22><VALVE_ID_LAN><TERRORIST>" killed "Inspetor Buginganga<19><VALVE_ID_LAN><CT>" with "glock18"
L 08/29/2018 - 12:47:11: "Cap Billy<14><VALVE_ID_LOOPBACK><CT>" killed "XXBOT Cory<24><BOT><TERRORIST>" with "glock18"
L 08/29/2018 - 12:47:13: "@te<20><VALVE_ID_LAN><CT>" killed "Smolder<23><VALVE_ID_LAN><TERRORIST>" with "knife"
L 08/29/2018 - 12:47:16: "Calcas Peludas<21><VALVE_ID_LAN><TERRORIST>" killed "@te<20><VALVE_ID_LAN><CT>" with "knife"
L 08/29/2018 - 12:47:16: "Jack is Back!<17><VALVE_ID_LAN><CT>" killed "GARGAMEL ALFA<16><VALVE_ID_LAN><TERRORIST>" with "knife"
L 08/29/2018 - 12:47:18: "Cap Billy<14><VALVE_ID_LOOPBACK><CT>" killed "Calcas Peludas<21><VALVE_ID_LAN><TERRORIST>" with "knife"
L 08/29/2018 - 12:47:18: "Kratos<22><VALVE_ID_LAN><TERRORIST>" killed "Jack is Back!<17><VALVE_ID_LAN><CT>" with "knife"
L 08/29/2018 - 12:47:22: "NOVATO<18><VALVE_ID_LAN><CT>" killed "Kratos<22><VALVE_ID_LAN><TERRORIST>" with "knife"
L 08/29/2018 - 12:47:22: Team "CT" triggered "CTs_Win" (CT "10") (T "3")
L 08/29/2018 - 12:47:22: World triggered "Round_End"
L 08/29/2018 - 12:47:25: "Kratos<22><VALVE_ID_LAN><TERRORIST>" say "covarde" (dead)
L 08/29/2018 - 12:47:27: World triggered "Round_Start"
L 08/29/2018 - 12:47:28: "@te<20><VALVE_ID_LAN><CT>" say "ui"
L 08/29/2018 - 12:47:29: "Calcas Peludas<21><VALVE_ID_LAN><TERRORIST>" say "rolo dapora"
L 08/29/2018 - 12:47:32: "Kratos<22><VALVE_ID_LAN><TERRORIST>" killed "Cap Billy<14><VALVE_ID_LOOPBACK><CT>" with "glock18"
L 08/29/2018 - 12:47:36: "Smolder<23><VALVE_ID_LAN><TERRORIST>" killed "Inspetor Buginganga<19><VALVE_ID_LAN><CT>" with "glock18"
L 08/29/2018 - 12:47:39: "GARGAMEL ALFA<16><VALVE_ID_LAN><TERRORIST>" killed "@te<20><VALVE_ID_LAN><CT>" with "glock18"
L 08/29/2018 - 12:47:40: "NOVATO<18><VALVE_ID_LAN><CT>" killed "XXBOT Cory<24><BOT><TERRORIST>" with "glock18"
L 08/29/2018 - 12:47:49: "Kratos<22><VALVE_ID_LAN><TERRORIST>" killed "NOVATO<18><VALVE_ID_LAN><CT>" with "glock18"
L 08/29/2018 - 12:47:50: "Cap Billy<14><VALVE_ID_LOOPBACK><CT>" say "chama-se bater esteira" (dead)
L 08/29/2018 - 12:47:53: "GARGAMEL ALFA<16><VALVE_ID_LAN><TERRORIST>" killed "Jack is Back!<17><VALVE_ID_LAN><CT>" with "glock18"
L 08/29/2018 - 12:47:53: Team "TERRORIST" triggered "Terrorists_Win" (CT "10") (T "4")
L 08/29/2018 - 12:47:53: World triggered "Round_End"
L 08/29/2018 - 12:47:58: World triggered "Round_Start"
L 08/29/2018 - 12:48:02: "Kratos<22><VALVE_ID_LAN><TERRORIST>" killed "Jack is Back!<17><VALVE_ID_LAN><CT>" with "glock18"
L 08/29/2018 - 12:48:06: "NOVATO<18><VALVE_ID_LAN><CT>" killed "Kratos<22><VALVE_ID_LAN><TERRORIST>" with "glock18"
L 08/29/2018 - 12:48:09: "Smolder<23><VALVE_ID_LAN><TERRORIST>" killed "@te<20><VALVE_ID_LAN><CT>" with "glock18"
L 08/29/2018 - 12:48:10: "Cap Billy<14><VALVE_ID_LOOPBACK><CT>" killed "XXBOT Cory<24><BOT><TERRORIST>" with "glock18"
L 08/29/2018 - 12:48:10: "Smolder<23><VALVE_ID_LAN><TERRORIST>" killed "Inspetor Buginganga<19><VALVE_ID_LAN><CT>" with "glock18"
L 08/29/2018 - 12:48:14: "Jack is Back!<17><VALVE_ID_LAN><CT>" say "caralho..saim da minha frente" (dead)
L 08/29/2018 - 12:48:25: "Calcas Peludas<21><VALVE_ID_LAN><TERRORIST>" killed "NOVATO<18><VALVE_ID_LAN><CT>" with "glock18"
L 08/29/2018 - 12:48:41: "Cap Billy<14><VALVE_ID_LOOPBACK><CT>" killed "Calcas Peludas<21><VALVE_ID_LAN><TERRORIST>" with "glock18"
L 08/29/2018 - 12:48:57: "Kratos<22><VALVE_ID_LAN><TERRORIST>" say "timeleft" (dead)
L 08/29/2018 - 12:49:01: "GARGAMEL ALFA<16><VALVE_ID_LAN><TERRORIST>" killed "Cap Billy<14><VALVE_ID_LOOPBACK><CT>" with "glock18"
L 08/29/2018 - 12:49:01: Team "TERRORIST" triggered "Terrorists_Win" (CT "10") (T "5")
L 08/29/2018 - 12:49:01: World triggered "Round_End"
L 08/29/2018 - 12:49:02: "Calcas Peludas<21><VALVE_ID_LAN><TERRORIST>" say_team "segura ele " (dead)
L 08/29/2018 - 12:49:05: "Calcas Peludas<21><VALVE_ID_LAN><TERRORIST>" say "boa" (dead)
L 08/29/2018 - 12:49:06: "@te<20><VALVE_ID_LAN><CT>" say "covarde" (dead)
L 08/29/2018 - 12:49:06: World triggered "Round_Start"
L 08/29/2018 - 12:49:12: "Cap Billy<14><VALVE_ID_LOOPBACK><CT>" killed "Calcas Peludas<21><VALVE_ID_LAN><TERRORIST>" with "glock18"
L 08/29/2018 - 12:49:13: "Cap Billy<14><VALVE_ID_LOOPBACK><CT>" killed "GARGAMEL ALFA<16><VALVE_ID_LAN><TERRORIST>" with "glock18"
L 08/29/2018 - 12:49:13: "Kratos<22><VALVE_ID_LAN><TERRORIST>" killed "Cap Billy<14><VALVE_ID_LOOPBACK><CT>" with "glock18"
L 08/29/2018 - 12:49:19: "Jack is Back!<17><VALVE_ID_LAN><CT>" killed "XXBOT Cory<24><BOT><TERRORIST>" with "glock18"
L 08/29/2018 - 12:49:23: "NOVATO<18><VALVE_ID_LAN><CT>" killed "Kratos<22><VALVE_ID_LAN><TERRORIST>" with "knife"
L 08/29/2018 - 12:49:23: "@te<20><VALVE_ID_LAN><CT>" killed "Smolder<23><VALVE_ID_LAN><TERRORIST>" with "glock18"
L 08/29/2018 - 12:49:23: Team "CT" triggered "CTs_Win" (CT "11") (T "5")
L 08/29/2018 - 12:49:23: World triggered "Round_End"
L 08/29/2018 - 12:49:28: World triggered "Round_Start"
L 08/29/2018 - 12:49:28: "Calcas Peludas<21><VALVE_ID_LAN><TERRORIST>" say "porra foi isso "
L 08/29/2018 - 12:49:32: "Jack is Back!<17><VALVE_ID_LAN><CT>" killed "Kratos<22><VALVE_ID_LAN><TERRORIST>" with "glock18"
L 08/29/2018 - 12:49:35: "Calcas Peludas<21><VALVE_ID_LAN><TERRORIST>" killed "Jack is Back!<17><VALVE_ID_LAN><CT>" with "knife"
L 08/29/2018 - 12:49:37: "@te<20><VALVE_ID_LAN><CT>" killed "XXBOT Cory<24><BOT><TERRORIST>" with "glock18"
L 08/29/2018 - 12:49:37: Server cvar "amx_nextmap" = "aim_ak-colt_pool"
L 08/29/2018 - 12:49:41: "Cap Billy<14><VALVE_ID_LOOPBACK><CT>" killed "Smolder<23><VALVE_ID_LAN><TERRORIST>" with "glock18"
L 08/29/2018 - 12:49:56: "@te<20><VALVE_ID_LAN><CT>" killed "GARGAMEL ALFA<16><VALVE_ID_LAN><TERRORIST>" with "glock18"
L 08/29/2018 - 12:49:58: "@te<20><VALVE_ID_LAN><CT>" killed "Calcas Peludas<21><VALVE_ID_LAN><TERRORIST>" with "glock18"
L 08/29/2018 - 12:49:58: Team "CT" triggered "CTs_Win" (CT "12") (T "5")
L 08/29/2018 - 12:49:58: World triggered "Round_End"
L 08/29/2018 - 12:50:03: World triggered "Round_Start"
L 08/29/2018 - 12:50:09: "GARGAMEL ALFA<16><VALVE_ID_LAN><TERRORIST>" killed "Cap Billy<14><VALVE_ID_LOOPBACK><CT>" with "glock18"
L 08/29/2018 - 12:50:12: "@te<20><VALVE_ID_LAN><CT>" killed "Smolder<23><VALVE_ID_LAN><TERRORIST>" with "glock18"
L 08/29/2018 - 12:50:14: "Calcas Peludas<21><VALVE_ID_LAN><TERRORIST>" killed "@te<20><VALVE_ID_LAN><CT>" with "glock18"
L 08/29/2018 - 12:50:14: "XXBOT Cory<24><BOT><TERRORIST>" killed "Jack is Back!<17><VALVE_ID_LAN><CT>" with "glock18"
L 08/29/2018 - 12:50:15: "GARGAMEL ALFA<16><VALVE_ID_LAN><TERRORIST>" killed "Inspetor Buginganga<19><VALVE_ID_LAN><CT>" with "knife"
L 08/29/2018 - 12:50:15: "Cap Billy<14><VALVE_ID_LOOPBACK><CT>" say_team "vcs tao foda hj!!!!!" (dead)
L 08/29/2018 - 12:50:21: "NOVATO<18><VALVE_ID_LAN><CT>" killed "Kratos<22><VALVE_ID_LAN><TERRORIST>" with "glock18"
L 08/29/2018 - 12:50:22: "XXBOT Cory<24><BOT><TERRORIST>" killed "NOVATO<18><VALVE_ID_LAN><CT>" with "glock18"
L 08/29/2018 - 12:50:22: Team "TERRORIST" triggered "Terrorists_Win" (CT "12") (T "6")
L 08/29/2018 - 12:50:22: World triggered "Round_End"
L 08/29/2018 - 12:50:27: World triggered "Round_Start"
L 08/29/2018 - 12:50:42: "XXBOT Cory<24><BOT><TERRORIST>" killed "Inspetor Buginganga<19><VALVE_ID_LAN><CT>" with "glock18"
L 08/29/2018 - 12:50:42: "Kratos<22><VALVE_ID_LAN><TERRORIST>" killed "NOVATO<18><VALVE_ID_LAN><CT>" with "glock18"
L 08/29/2018 - 12:50:43: "Cap Billy<14><VALVE_ID_LOOPBACK><CT>" killed "Smolder<23><VALVE_ID_LAN><TERRORIST>" with "glock18"
L 08/29/2018 - 12:50:45: "@te<20><VALVE_ID_LAN><CT>" killed "GARGAMEL ALFA<16><VALVE_ID_LAN><TERRORIST>" with "glock18"
L 08/29/2018 - 12:50:48: "Calcas Peludas<21><VALVE_ID_LAN><TERRORIST>" killed "Cap Billy<14><VALVE_ID_LOOPBACK><CT>" with "knife"
L 08/29/2018 - 12:50:51: "Smolder<23><VALVE_ID_LAN><TERRORIST>" say "tome" (dead)
L 08/29/2018 - 12:50:52: "XXBOT Cory<24><BOT><TERRORIST>" killed "Jack is Back!<17><VALVE_ID_LAN><CT>" with "glock18"
L 08/29/2018 - 12:50:54: "@te<20><VALVE_ID_LAN><CT>" killed "XXBOT Cory<24><BOT><TERRORIST>" with "knife"
L 08/29/2018 - 12:50:57: "@te<20><VALVE_ID_LAN><CT>" killed "Kratos<22><VALVE_ID_LAN><TERRORIST>" with "glock18"
L 08/29/2018 - 12:50:59: "Smolder<23><VALVE_ID_LAN><TERRORIST>" say "papaa bot" (dead)
L 08/29/2018 - 12:51:01: "@te<20><VALVE_ID_LAN><CT>" killed "Calcas Peludas<21><VALVE_ID_LAN><TERRORIST>" with "glock18"
L 08/29/2018 - 12:51:01: Team "CT" triggered "CTs_Win" (CT "13") (T "6")
L 08/29/2018 - 12:51:01: World triggered "Round_End"
L 08/29/2018 - 12:51:04: "Jack is Back!<17><VALVE_ID_LAN><CT>" say "kkk" (dead)
L 08/29/2018 - 12:51:06: "Calcas Peludas<21><VALVE_ID_LAN><TERRORIST>" say "puta merda" (dead)
L 08/29/2018 - 12:51:06: World triggered "Round_Start"
L 08/29/2018 - 12:51:09: "Jack is Back!<17><VALVE_ID_LAN><CT>" say "achou q tinha acabao"
L 08/29/2018 - 12:51:14: "Kratos<22><VALVE_ID_LAN><TERRORIST>" killed "Jack is Back!<17><VALVE_ID_LAN><CT>" with "glock18"
L 08/29/2018 - 12:51:17: "NOVATO<18><VALVE_ID_LAN><CT>" killed "Kratos<22><VALVE_ID_LAN><TERRORIST>" with "glock18"
L 08/29/2018 - 12:51:18: "GARGAMEL ALFA<16><VALVE_ID_LAN><TERRORIST>" killed "@te<20><VALVE_ID_LAN><CT>" with "glock18"
L 08/29/2018 - 12:51:21: "NOVATO<18><VALVE_ID_LAN><CT>" killed "GARGAMEL ALFA<16><VALVE_ID_LAN><TERRORIST>" with "glock18"
L 08/29/2018 - 12:51:21: "Inspetor Buginganga<19><VALVE_ID_LAN><CT>" killed "Calcas Peludas<21><VALVE_ID_LAN><TERRORIST>" with "glock18"
L 08/29/2018 - 12:51:21: "Smolder<23><VALVE_ID_LAN><TERRORIST>" killed "Inspetor Buginganga<19><VALVE_ID_LAN><CT>" with "knife"
L 08/29/2018 - 12:51:22: "Cap Billy<14><VALVE_ID_LOOPBACK><CT>" killed "Smolder<23><VALVE_ID_LAN><TERRORIST>" with "knife"
L 08/29/2018 - 12:51:24: "@te<20><VALVE_ID_LAN><CT>" say "pooooorrrraa" (dead)
L 08/29/2018 - 12:51:26: Team "CT" scored "13" with "5" players
L 08/29/2018 - 12:51:26: Team "TERRORIST" scored "6" with "5" players
L 08/29/2018 - 12:51:27: "Cap Billy<14><VALVE_ID_LOOPBACK><CT>" triggered "weaponstats" (weapon "glock18") (shots "242") (hits "81") (kills "24") (headshots "20") (tks "0") (damage "3220") (deaths "10")
L 08/29/2018 - 12:51:27: "Cap Billy<14><VALVE_ID_LOOPBACK><CT>" triggered "weaponstats2" (weapon "glock18") (head "31") (chest "9") (stomach "3") (leftarm "17") (rightarm "21") (leftleg "0") (rightleg "0")
L 08/29/2018 - 12:51:27: "Cap Billy<14><VALVE_ID_LOOPBACK><CT>" triggered "weaponstats" (weapon "knife") (shots "22") (hits "9") (kills "6") (headshots "3") (tks "0") (damage "664") (deaths "1")
L 08/29/2018 - 12:51:27: "Cap Billy<14><VALVE_ID_LOOPBACK><CT>" triggered "weaponstats2" (weapon "knife") (head "5") (chest "1") (stomach "0") (leftarm "1") (rightarm "2") (leftleg "0") (rightleg "0")
L 08/29/2018 - 12:51:27: "Cap Billy<14><VALVE_ID_LOOPBACK><CT>" triggered "time" (time "10:05")
L 08/29/2018 - 12:51:27: "Cap Billy<14><VALVE_ID_LOOPBACK><CT>" triggered "latency" (ping "0")
L 08/29/2018 - 12:51:27: "GARGAMEL ALFA<16><VALVE_ID_LAN><TERRORIST>" triggered "weaponstats" (weapon "glock18") (shots "187") (hits "45") (kills "10") (headshots "9") (tks "0") (damage "1297") (deaths "11")
L 08/29/2018 - 12:51:27: "GARGAMEL ALFA<16><VALVE_ID_LAN><TERRORIST>" triggered "weaponstats2" (weapon "glock18") (head "10") (chest "8") (stomach "2") (leftarm "10") (rightarm "10") (leftleg "3") (rightleg "2")
L 08/29/2018 - 12:51:27: "GARGAMEL ALFA<16><VALVE_ID_LAN><TERRORIST>" triggered "weaponstats" (weapon "knife") (shots "7") (hits "4") (kills "1") (headshots "0") (tks "0") (damage "330") (deaths "5")
L 08/29/2018 - 12:51:27: "GARGAMEL ALFA<16><VALVE_ID_LAN><TERRORIST>" triggered "weaponstats2" (weapon "knife") (head "0") (chest "2") (stomach "0") (leftarm "1") (rightarm "0") (leftleg "0") (rightleg "1")
L 08/29/2018 - 12:51:27: "GARGAMEL ALFA<16><VALVE_ID_LAN><TERRORIST>" triggered "time" (time "10:01")
L 08/29/2018 - 12:51:27: "GARGAMEL ALFA<16><VALVE_ID_LAN><TERRORIST>" triggered "latency" (ping "12")
L 08/29/2018 - 12:51:27: "Jack is Back!<17><VALVE_ID_LAN><CT>" triggered "weaponstats" (weapon "glock18") (shots "180") (hits "62") (kills "14") (headshots "13") (tks "0") (damage "2077") (deaths "9")
L 08/29/2018 - 12:51:27: "Jack is Back!<17><VALVE_ID_LAN><CT>" triggered "weaponstats2" (weapon "glock18") (head "19") (chest "15") (stomach "1") (leftarm "10") (rightarm "14") (leftleg "1") (rightleg "2")
L 08/29/2018 - 12:51:27: "Jack is Back!<17><VALVE_ID_LAN><CT>" triggered "weaponstats" (weapon "knife") (shots "18") (hits "11") (kills "4") (headshots "1") (tks "1") (damage "569") (deaths "5")
L 08/29/2018 - 12:51:27: "Jack is Back!<17><VALVE_ID_LAN><CT>" triggered "weaponstats2" (weapon "knife") (head "5") (chest "1") (stomach "0") (leftarm "3") (rightarm "2") (leftleg "0") (rightleg "0")
L 08/29/2018 - 12:51:27: "Jack is Back!<17><VALVE_ID_LAN><CT>" triggered "time" (time "10:01")
L 08/29/2018 - 12:51:27: "Jack is Back!<17><VALVE_ID_LAN><CT>" triggered "latency" (ping "10")
L 08/29/2018 - 12:51:27: "NOVATO<18><VALVE_ID_LAN><CT>" triggered "weaponstats" (weapon "glock18") (shots "355") (hits "83") (kills "8") (headshots "3") (tks "0") (damage "1427") (deaths "7")
L 08/29/2018 - 12:51:27: "NOVATO<18><VALVE_ID_LAN><CT>" triggered "weaponstats2" (weapon "glock18") (head "14") (chest "21") (stomach "5") (leftarm "25") (rightarm "14") (leftleg "3") (rightleg "1")
L 08/29/2018 - 12:51:27: "NOVATO<18><VALVE_ID_LAN><CT>" triggered "weaponstats" (weapon "knife") (shots "9") (hits "5") (kills "4") (headshots "2") (tks "1") (damage "688") (deaths "2")
L 08/29/2018 - 12:51:27: "NOVATO<18><VALVE_ID_LAN><CT>" triggered "weaponstats2" (weapon "knife") (head "2") (chest "1") (stomach "0") (leftarm "0") (rightarm "2") (leftleg "0") (rightleg "0")
L 08/29/2018 - 12:51:27: "NOVATO<18><VALVE_ID_LAN><CT>" triggered "time" (time "9:59")
L 08/29/2018 - 12:51:27: "NOVATO<18><VALVE_ID_LAN><CT>" triggered "latency" (ping "9")
L 08/29/2018 - 12:51:27: "Inspetor Buginganga<19><VALVE_ID_LAN><CT>" triggered "weaponstats" (weapon "glock18") (shots "174") (hits "60") (kills "6") (headshots "3") (tks "0") (damage "929") (deaths "12")
L 08/29/2018 - 12:51:27: "Inspetor Buginganga<19><VALVE_ID_LAN><CT>" triggered "weaponstats2" (weapon "glock18") (head "7") (chest "11") (stomach "10") (leftarm "16") (rightarm "7") (leftleg "4") (rightleg "5")
L 08/29/2018 - 12:51:27: "Inspetor Buginganga<19><VALVE_ID_LAN><CT>" triggered "time" (time "10:00")
L 08/29/2018 - 12:51:27: "Inspetor Buginganga<19><VALVE_ID_LAN><CT>" triggered "latency" (ping "7")
L 08/29/2018 - 12:51:27: "@te<20><VALVE_ID_LAN><CT>" triggered "weaponstats" (weapon "glock18") (shots "160") (hits "50") (kills "13") (headshots "7") (tks "0") (damage "1441") (deaths "9")
L 08/29/2018 - 12:51:27: "@te<20><VALVE_ID_LAN><CT>" triggered "weaponstats2" (weapon "glock18") (head "14") (chest "9") (stomach "5") (leftarm "13") (rightarm "6") (leftleg "1") (rightleg "2")
L 08/29/2018 - 12:51:27: "@te<20><VALVE_ID_LAN><CT>" triggered "weaponstats" (weapon "knife") (shots "13") (hits "7") (kills "5") (headshots "2") (tks "0") (damage "795") (deaths "4")
L 08/29/2018 - 12:51:27: "@te<20><VALVE_ID_LAN><CT>" triggered "weaponstats2" (weapon "knife") (head "2") (chest "1") (stomach "0") (leftarm "1") (rightarm "1") (leftleg "1") (rightleg "0")
L 08/29/2018 - 12:51:27: "@te<20><VALVE_ID_LAN><CT>" triggered "time" (time "9:55")
L 08/29/2018 - 12:51:27: "@te<20><VALVE_ID_LAN><CT>" triggered "latency" (ping "6")
L 08/29/2018 - 12:51:27: "Calcas Peludas<21><VALVE_ID_LAN><TERRORIST>" triggered "weaponstats" (weapon "glock18") (shots "182") (hits "44") (kills "6") (headshots "3") (tks "0") (damage "804") (deaths "7")
L 08/29/2018 - 12:51:27: "Calcas Peludas<21><VALVE_ID_LAN><TERRORIST>" triggered "weaponstats2" (weapon "glock18") (head "5") (chest "10") (stomach "3") (leftarm "15") (rightarm "7") (leftleg "2") (rightleg "2")
L 08/29/2018 - 12:51:27: "Calcas Peludas<21><VALVE_ID_LAN><TERRORIST>" triggered "weaponstats" (weapon "knife") (shots "33") (hits "13") (kills "5") (headshots "1") (tks "0") (damage "708") (deaths "7")
L 08/29/2018 - 12:51:27: "Calcas Peludas<21><VALVE_ID_LAN><TERRORIST>" triggered "weaponstats2" (weapon "knife") (head "2") (chest "0") (stomach "1") (leftarm "3") (rightarm "4") (leftleg "3") (rightleg "0")
L 08/29/2018 - 12:51:27: "Calcas Peludas<21><VALVE_ID_LAN><TERRORIST>" triggered "time" (time "9:45")
L 08/29/2018 - 12:51:27: "Calcas Peludas<21><VALVE_ID_LAN><TERRORIST>" triggered "latency" (ping "8")
L 08/29/2018 - 12:51:27: "Kratos<22><VALVE_ID_LAN><TERRORIST>" triggered "weaponstats" (weapon "glock18") (shots "161") (hits "45") (kills "10") (headshots "10") (tks "0") (damage "1538") (deaths "9")
L 08/29/2018 - 12:51:27: "Kratos<22><VALVE_ID_LAN><TERRORIST>" triggered "weaponstats2" (weapon "glock18") (head "14") (chest "4") (stomach "0") (leftarm "9") (rightarm "18") (leftleg "0") (rightleg "0")
L 08/29/2018 - 12:51:27: "Kratos<22><VALVE_ID_LAN><TERRORIST>" triggered "weaponstats" (weapon "knife") (shots "8") (hits "3") (kills "1") (headshots "1") (tks "0") (damage "165") (deaths "4")
L 08/29/2018 - 12:51:27: "Kratos<22><VALVE_ID_LAN><TERRORIST>" triggered "weaponstats2" (weapon "knife") (head "2") (chest "0") (stomach "0") (leftarm "1") (rightarm "0") (leftleg "0") (rightleg "0")
L 08/29/2018 - 12:51:27: "Kratos<22><VALVE_ID_LAN><TERRORIST>" triggered "time" (time "8:11")
L 08/29/2018 - 12:51:27: "Kratos<22><VALVE_ID_LAN><TERRORIST>" triggered "latency" (ping "7")
L 08/29/2018 - 12:51:27: "Smolder<23><VALVE_ID_LAN><TERRORIST>" triggered "weaponstats" (weapon "glock18") (shots "86") (hits "20") (kills "4") (headshots "4") (tks "0") (damage "523") (deaths "3")
L 08/29/2018 - 12:51:27: "Smolder<23><VALVE_ID_LAN><TERRORIST>" triggered "weaponstats2" (weapon "glock18") (head "5") (chest "2") (stomach "1") (leftarm "6") (rightarm "5") (leftleg "1") (rightleg "0")
L 08/29/2018 - 12:51:27: "Smolder<23><VALVE_ID_LAN><TERRORIST>" triggered "weaponstats" (weapon "knife") (shots "14") (hits "7") (kills "2") (headshots "0") (tks "0") (damage "495") (deaths "9")
L 08/29/2018 - 12:51:27: "Smolder<23><VALVE_ID_LAN><TERRORIST>" triggered "weaponstats2" (weapon "knife") (head "0") (chest "1") (stomach "0") (leftarm "2") (rightarm "4") (leftleg "0") (rightleg "0")
L 08/29/2018 - 12:51:27: "Smolder<23><VALVE_ID_LAN><TERRORIST>" triggered "time" (time "8:10")
L 08/29/2018 - 12:51:27: "Smolder<23><VALVE_ID_LAN><TERRORIST>" triggered "latency" (ping "8")
L 08/29/2018 - 12:51:27: [META] ini: Begin re-reading plugins list: c:/valve/cstrike/addons/metamod/plugins.ini
L 08/29/2018 - 12:51:27: [META] ini: Read plugin config for: AMX
L 08/29/2018 - 12:51:27: [META] ini: Read plugin config for: WinHL-Booster
L 08/29/2018 - 12:51:27: [META] ERROR: ini: Skipping plugin, couldn't stat file 'addons/hlguard/dlls/hlguard_mm_nightly.dll': No such file or directory
L 08/29/2018 - 12:51:27: [META] ini: Read plugin config for: WebMod
L 08/29/2018 - 12:51:27: [META] ini: Finished reading plugins list: c:/valve/cstrike/addons/metamod/plugins.ini; Found 3 plugins
L 08/29/2018 - 12:51:27: [META] dll: Updating plugins...
L 08/29/2018 - 12:51:27: [META] ERROR: dll: Failed query plugin '<hlguard_mm_nightly.dll>'; Couldn't open file 'addons/hlguard/dlls/hlguard_mm_nightly.dll': Não foi possível encontrar o módulo especificado.

L 08/29/2018 - 12:51:27: [META] ERROR: dll: Skipping plugin '<hlguard_mm_nightly.dll>'; couldn't query
L 08/29/2018 - 12:51:27: [META] dll: Finished updating 6 plugins; kept 3, loaded 0, unloaded 0, reloaded 0, delayed 0
L 08/29/2018 - 12:51:27: Server shutdown
L 08/29/2018 - 12:51:27: Log file closed
