L 08/28/2019 - 12:39:00: Log file started (file "logs\L0828007.log") (game "cstrike") (version "47/1.1.2.2/2603")
L 08/28/2019 - 12:39:00: Loading map "aim_glockbust2"
L 08/28/2019 - 12:39:00: Server cvars start
L 08/28/2019 - 12:39:00: Server cvar "_tutor_bomb_viewable_check_interval" = "0.5"
L 08/28/2019 - 12:39:00: Server cvar "_tutor_debug_level" = "0"
L 08/28/2019 - 12:39:00: Server cvar "_tutor_examine_time" = "0.5"
L 08/28/2019 - 12:39:00: Server cvar "_tutor_hint_interval_time" = "10.0"
L 08/28/2019 - 12:39:00: Server cvar "_tutor_look_angle" = "10"
L 08/28/2019 - 12:39:00: Server cvar "_tutor_look_distance" = "200"
L 08/28/2019 - 12:39:00: Server cvar "_tutor_message_character_display_time_coefficient" = "0.07"
L 08/28/2019 - 12:39:00: Server cvar "_tutor_message_minimum_display_time" = "1"
L 08/28/2019 - 12:39:00: Server cvar "_tutor_message_repeats" = "5"
L 08/28/2019 - 12:39:00: Server cvar "_tutor_view_distance" = "1000"
L 08/28/2019 - 12:39:00: Server cvar "allow_spectators" = "1.0"
L 08/28/2019 - 12:39:00: Server cvar "amx_modules" = "2"
L 08/28/2019 - 12:39:00: Server cvar "amx_nextmap" = "cs_paintball1"
L 08/28/2019 - 12:39:00: Server cvar "amx_timeleft" = "00:00"
L 08/28/2019 - 12:39:00: Server cvar "amx_version" = "2006.3"
L 08/28/2019 - 12:39:00: Server cvar "booster_version" = "1.60"
L 08/28/2019 - 12:39:00: Server cvar "bot_allow_grenades" = "0"
L 08/28/2019 - 12:39:00: Server cvar "bot_allow_machine_guns" = "0"
L 08/28/2019 - 12:39:00: Server cvar "bot_allow_pistols" = "1"
L 08/28/2019 - 12:39:00: Server cvar "bot_allow_rifles" = "0"
L 08/28/2019 - 12:39:00: Server cvar "bot_allow_rogues" = "1"
L 08/28/2019 - 12:39:00: Server cvar "bot_allow_shield" = "0"
L 08/28/2019 - 12:39:00: Server cvar "bot_allow_shotguns" = "0"
L 08/28/2019 - 12:39:00: Server cvar "bot_allow_snipers" = "0"
L 08/28/2019 - 12:39:00: Server cvar "bot_allow_sub_machine_guns" = "0"
L 08/28/2019 - 12:39:00: Server cvar "bot_auto_vacate" = "1"
L 08/28/2019 - 12:39:00: Server cvar "bot_chatter" = "normal"
L 08/28/2019 - 12:39:00: Server cvar "bot_debug" = "0"
L 08/28/2019 - 12:39:00: Server cvar "bot_defer_to_human" = "0"
L 08/28/2019 - 12:39:00: Server cvar "bot_difficulty" = "3"
L 08/28/2019 - 12:39:00: Server cvar "bot_join_after_player" = "1"
L 08/28/2019 - 12:39:00: Server cvar "bot_join_team" = "t"
L 08/28/2019 - 12:39:00: Server cvar "bot_nav_edit" = "0"
L 08/28/2019 - 12:39:00: Server cvar "bot_nav_zdraw" = "4"
L 08/28/2019 - 12:39:00: Server cvar "bot_prefix" = "XXBOT"
L 08/28/2019 - 12:39:00: Server cvar "bot_quicksave" = "0"
L 08/28/2019 - 12:39:00: Server cvar "bot_quota" = "0"
L 08/28/2019 - 12:39:00: Server cvar "bot_quota_match" = "0"
L 08/28/2019 - 12:39:00: Server cvar "bot_show_danger" = "0"
L 08/28/2019 - 12:39:00: Server cvar "bot_show_nav" = "0"
L 08/28/2019 - 12:39:00: Server cvar "bot_stop" = "0"
L 08/28/2019 - 12:39:00: Server cvar "bot_traceview" = "0"
L 08/28/2019 - 12:39:00: Server cvar "bot_walk" = "0"
L 08/28/2019 - 12:39:00: Server cvar "bot_zombie" = "0"
L 08/28/2019 - 12:39:00: Server cvar "coop" = "0"
L 08/28/2019 - 12:39:00: Server cvar "deathmatch" = "1"
L 08/28/2019 - 12:39:00: Server cvar "decalfrequency" = "30"
L 08/28/2019 - 12:39:00: Server cvar "edgefriction" = "2"
L 08/28/2019 - 12:39:00: Server cvar "fun_version" = "2006.3"
L 08/28/2019 - 12:39:00: Server cvar "humans_join_team" = "any"
L 08/28/2019 - 12:39:00: Server cvar "max_queries_sec" = "3.0"
L 08/28/2019 - 12:39:00: Server cvar "max_queries_sec_global" = "30"
L 08/28/2019 - 12:39:00: Server cvar "max_queries_window" = "60"
L 08/28/2019 - 12:39:00: Server cvar "metamod_version" = "1.19"
L 08/28/2019 - 12:39:00: Server cvar "mp_allowmonsters" = "0"
L 08/28/2019 - 12:39:00: Server cvar "mp_autokick" = "0"
L 08/28/2019 - 12:39:00: Server cvar "mp_autoteambalance" = "0"
L 08/28/2019 - 12:39:00: Server cvar "mp_buytime" = "1.500000"
L 08/28/2019 - 12:39:00: Server cvar "mp_c4timer" = "45"
L 08/28/2019 - 12:39:00: Server cvar "mp_chattime" = "10"
L 08/28/2019 - 12:39:00: Server cvar "mp_consistency" = "1"
L 08/28/2019 - 12:39:00: Server cvar "mp_fadetoblack" = "0"
L 08/28/2019 - 12:39:00: Server cvar "mp_flashlight" = "0"
L 08/28/2019 - 12:39:00: Server cvar "mp_footsteps" = "1"
L 08/28/2019 - 12:39:00: Server cvar "mp_forcecamera" = "2"
L 08/28/2019 - 12:39:00: Server cvar "mp_forcechasecam" = "0"
L 08/28/2019 - 12:39:00: Server cvar "mp_fragsleft" = "0"
L 08/28/2019 - 12:39:00: Server cvar "mp_freezetime" = "0.000000"
L 08/28/2019 - 12:39:00: Server cvar "mp_friendlyfire" = "1"
L 08/28/2019 - 12:39:00: Server cvar "mp_ghostfrequency" = "0.1"
L 08/28/2019 - 12:39:00: Server cvar "mp_hostagepenalty" = "5.000000"
L 08/28/2019 - 12:39:00: Server cvar "mp_kickpercent" = "0.66"
L 08/28/2019 - 12:39:00: Server cvar "mp_limitteams" = "0"
L 08/28/2019 - 12:39:00: Server cvar "mp_logdetail" = "0"
L 08/28/2019 - 12:39:00: Server cvar "mp_logfile" = "1"
L 08/28/2019 - 12:39:00: Server cvar "mp_logmessages" = "1"
L 08/28/2019 - 12:39:00: Server cvar "mp_mapvoteratio" = "0.66"
L 08/28/2019 - 12:39:00: Server cvar "mp_maxrounds" = "0.000000"
L 08/28/2019 - 12:39:00: Server cvar "mp_mirrordamage" = "0"
L 08/28/2019 - 12:39:00: Server cvar "mp_playerid" = "0"
L 08/28/2019 - 12:39:00: Server cvar "mp_roundtime" = "2.000000"
L 08/28/2019 - 12:39:00: Server cvar "mp_startmoney" = "1500.000000"
L 08/28/2019 - 12:39:00: Server cvar "mp_timeleft" = "0"
L 08/28/2019 - 12:39:00: Server cvar "mp_timelimit" = "10.000000"
L 08/28/2019 - 12:39:00: Server cvar "mp_tkpunish" = "1"
L 08/28/2019 - 12:39:00: Server cvar "mp_windifference" = "1"
L 08/28/2019 - 12:39:00: Server cvar "mp_winlimit" = "0.000000"
L 08/28/2019 - 12:39:00: Server cvar "pausable" = "0"
L 08/28/2019 - 12:39:00: Server cvar "server_fps" = "91"
L 08/28/2019 - 12:39:00: Server cvar "sv_accelerate" = "5"
L 08/28/2019 - 12:39:00: Server cvar "sv_aim" = "0"
L 08/28/2019 - 12:39:00: Server cvar "sv_airaccelerate" = "10"
L 08/28/2019 - 12:39:00: Server cvar "sv_airmove" = "1"
L 08/28/2019 - 12:39:00: Server cvar "sv_allowupload" = "1"
L 08/28/2019 - 12:39:00: Server cvar "sv_alltalk" = "0"
L 08/28/2019 - 12:39:00: Server cvar "sv_bounce" = "1"
L 08/28/2019 - 12:39:00: Server cvar "sv_cheats" = "0"
L 08/28/2019 - 12:39:00: Server cvar "sv_clienttrace" = "1"
L 08/28/2019 - 12:39:00: Server cvar "sv_clipmode" = "0"
L 08/28/2019 - 12:39:00: Server cvar "sv_contact" = ""
L 08/28/2019 - 12:39:00: Server cvar "sv_friction" = "4"
L 08/28/2019 - 12:39:00: Server cvar "sv_gravity" = "800"
L 08/28/2019 - 12:39:00: Server cvar "sv_logblocks" = "0"
L 08/28/2019 - 12:39:00: Server cvar "sv_maxrate" = "0"
L 08/28/2019 - 12:39:00: Server cvar "sv_maxspeed" = "320"
L 08/28/2019 - 12:39:00: Server cvar "sv_minrate" = "0"
L 08/28/2019 - 12:39:00: Server cvar "sv_password" = ""
L 08/28/2019 - 12:39:00: Server cvar "sv_proxies" = "1"
L 08/28/2019 - 12:39:00: Server cvar "sv_region" = "-1"
L 08/28/2019 - 12:39:00: Server cvar "sv_restart" = "0"
L 08/28/2019 - 12:39:00: Server cvar "sv_restartround" = "0"
L 08/28/2019 - 12:39:00: Server cvar "sv_stepsize" = "18"
L 08/28/2019 - 12:39:00: Server cvar "sv_stopspeed" = "75"
L 08/28/2019 - 12:39:00: Server cvar "sv_voiceenable" = "1"
L 08/28/2019 - 12:39:00: Server cvar "sv_wateraccelerate" = "10"
L 08/28/2019 - 12:39:00: Server cvar "sv_waterfriction" = "1"
L 08/28/2019 - 12:39:00: Server cvar "sys_ticrate" = "10000"
L 08/28/2019 - 12:39:00: Server cvar "w_version" = "0.48"
L 08/28/2019 - 12:39:00: Server cvars end
L 08/28/2019 - 12:39:00: Server cvar "sv_maxspeed" = "900"
L 08/28/2019 - 12:39:00: Server cvar "bot_difficulty" = "2"
L 08/28/2019 - 12:39:00: Server cvar "sv_maxspeed" = "320"
L 08/28/2019 - 12:39:00: Server cvar "amx_nextmap" = "fy_pool2k"
L 08/28/2019 - 12:39:01: Started map "aim_glockbust2" (CRC "-1694105036")
L 08/28/2019 - 12:39:10: "CEIFADOR<20><VALVE_ID_LOOPBACK><>" connected, address "loopback"
L 08/28/2019 - 12:39:11: "Smolder<21><VALVE_ID_LAN><>" connected, address "10.15.2.124:27005"
L 08/28/2019 - 12:39:11: "Kitkat<22><VALVE_ID_LAN><>" connected, address "10.15.2.133:27005"
L 08/28/2019 - 12:39:11: "CEIFADOR<20><VALVE_ID_LOOPBACK><>" entered the game
L 08/28/2019 - 12:39:11: "Cap Billy<23><VALVE_ID_LAN><>" connected, address "10.15.2.199:27005"
L 08/28/2019 - 12:39:11: World triggered "Round_Start"
L 08/28/2019 - 12:39:12: "Gho$T<24><VALVE_ID_LAN><>" connected, address "10.15.2.123:27005"
L 08/28/2019 - 12:39:12: "CEIFADOR<20><VALVE_ID_LOOPBACK><>" joined team "TERRORIST"
L 08/28/2019 - 12:39:12: "Calcas Peludas<25><VALVE_ID_LAN><>" connected, address "10.15.2.230:27005"
L 08/28/2019 - 12:39:13: "Jack<26><VALVE_ID_LAN><>" connected, address "10.15.2.45:27005"
L 08/28/2019 - 12:39:13: "Ice_Man<27><VALVE_ID_LAN><>" connected, address "10.15.4.1:27005"
L 08/28/2019 - 12:39:14: "Smolder<21><VALVE_ID_LAN><>" entered the game
L 08/28/2019 - 12:39:14: "Cap Billy<23><VALVE_ID_LAN><>" entered the game
L 08/28/2019 - 12:39:14: "Kitkat<22><VALVE_ID_LAN><>" entered the game
L 08/28/2019 - 12:39:15: "Gho$T<24><VALVE_ID_LAN><>" entered the game
L 08/28/2019 - 12:39:15: "Cap Billy<23><VALVE_ID_LAN><>" joined team "CT"
L 08/28/2019 - 12:39:15: World triggered "Game_Commencing"
L 08/28/2019 - 12:39:15: World triggered "Game_Commencing" (CT "0") (T "0")
L 08/28/2019 - 12:39:15: World triggered "Round_End"
L 08/28/2019 - 12:39:15: Log file closed
