L 08/22/2019 - 12:40:05: Log file started (file "logs\L0822005.log") (game "cstrike") (version "47/1.1.2.2/2603")
L 08/22/2019 - 12:40:06: "Jack<40><VALVE_ID_LAN><CT>" killed "XXBOT Eric<37><BOT><TERRORIST>" with "glock18"
L 08/22/2019 - 12:40:06: Team "CT" triggered "CTs_Win" (CT "1") (T "0")
L 08/22/2019 - 12:40:06: World triggered "Round_End"
L 08/22/2019 - 12:40:11: World triggered "Round_Start"
L 08/22/2019 - 12:40:13: "Jack<40><VALVE_ID_LAN><CT>" say "era pra ser o antigo glock ohj"
L 08/22/2019 - 12:40:15: "Gho$T<39><VALVE_ID_LAN><CT>" killed "XXBOT Eric<37><BOT><TERRORIST>" with "glock18"
L 08/22/2019 - 12:40:15: "Smolder<35><VALVE_ID_LAN><TERRORIST>" killed "INDIO<38><VALVE_ID_LAN><CT>" with "glock18"
L 08/22/2019 - 12:40:16: "CEIFADOR<31><VALVE_ID_LOOPBACK><TERRORIST>" killed "Gho$T<39><VALVE_ID_LAN><CT>" with "glock18"
L 08/22/2019 - 12:40:17: "Calcas Peludas<41><VALVE_ID_LAN><TERRORIST>" killed "@te<42><VALVE_ID_LAN><CT>" with "glock18"
L 08/22/2019 - 12:40:19: "Jack<40><VALVE_ID_LAN><CT>" killed "Smolder<35><VALVE_ID_LAN><TERRORIST>" with "glock18"
L 08/22/2019 - 12:40:21: "Calcas Peludas<41><VALVE_ID_LAN><TERRORIST>" killed "Jack<40><VALVE_ID_LAN><CT>" with "glock18"
L 08/22/2019 - 12:40:26: "Cap Billy<36><VALVE_ID_LAN><CT>" killed "Calcas Peludas<41><VALVE_ID_LAN><TERRORIST>" with "glock18"
L 08/22/2019 - 12:40:26: "Kratos-away<43><VALVE_ID_LAN><TERRORIST>" killed "Cap Billy<36><VALVE_ID_LAN><CT>" with "knife"
L 08/22/2019 - 12:40:28: "Kitkat<33><VALVE_ID_LAN><CT>" killed "Kratos-away<43><VALVE_ID_LAN><TERRORIST>" with "glock18"
L 08/22/2019 - 12:40:29: "Calcas Peludas<41><VALVE_ID_LAN><TERRORIST>" say "pegue" (dead)
L 08/22/2019 - 12:40:29: "Smolder<35><VALVE_ID_LAN><TERRORIST>" say "tome" (dead)
L 08/22/2019 - 12:40:31: "CEIFADOR<31><VALVE_ID_LOOPBACK><TERRORIST>" killed "Kitkat<33><VALVE_ID_LAN><CT>" with "glock18"
L 08/22/2019 - 12:40:31: Team "TERRORIST" triggered "Terrorists_Win" (CT "1") (T "1")
L 08/22/2019 - 12:40:31: World triggered "Round_End"
L 08/22/2019 - 12:40:35: "Gho$T<39><VALVE_ID_LAN><CT>" say "porra cap" (dead)
L 08/22/2019 - 12:40:36: World triggered "Round_Start"
L 08/22/2019 - 12:40:38: "Gho$T<39><VALVE_ID_LAN><CT>" say "rsrsr"
L 08/22/2019 - 12:40:43: "Ice_Man<34><VALVE_ID_LAN><TERRORIST>" killed "Kitkat<33><VALVE_ID_LAN><CT>" with "glock18"
L 08/22/2019 - 12:40:43: "Cap Billy<36><VALVE_ID_LAN><CT>" killed "CEIFADOR<31><VALVE_ID_LOOPBACK><TERRORIST>" with "glock18"
L 08/22/2019 - 12:40:46: "Jack<40><VALVE_ID_LAN><CT>" killed "Kratos-away<43><VALVE_ID_LAN><TERRORIST>" with "glock18"
L 08/22/2019 - 12:40:46: "INDIO<38><VALVE_ID_LAN><CT>" killed "Calcas Peludas<41><VALVE_ID_LAN><TERRORIST>" with "glock18"
L 08/22/2019 - 12:40:46: "Smolder<35><VALVE_ID_LAN><TERRORIST>" killed "INDIO<38><VALVE_ID_LAN><CT>" with "glock18"
L 08/22/2019 - 12:40:48: "Ice_Man<34><VALVE_ID_LAN><TERRORIST>" killed "Gho$T<39><VALVE_ID_LAN><CT>" with "glock18"
L 08/22/2019 - 12:40:48: "XXBOT Eric<37><BOT><TERRORIST>" killed "Cap Billy<36><VALVE_ID_LAN><CT>" with "glock18"
L 08/22/2019 - 12:40:51: "Smolder<35><VALVE_ID_LAN><TERRORIST>" killed "@te<42><VALVE_ID_LAN><CT>" with "knife"
L 08/22/2019 - 12:40:52: "CEIFADOR<31><VALVE_ID_LOOPBACK><TERRORIST>" say_team "faca no capitaop" (dead)
L 08/22/2019 - 12:40:53: "Jack<40><VALVE_ID_LAN><CT>" killed "XXBOT Eric<37><BOT><TERRORIST>" with "glock18"
L 08/22/2019 - 12:40:54: "Calcas Peludas<41><VALVE_ID_LAN><TERRORIST>" say "tome" (dead)
L 08/22/2019 - 12:40:54: "Jack<40><VALVE_ID_LAN><CT>" killed "Ice_Man<34><VALVE_ID_LAN><TERRORIST>" with "glock18"
L 08/22/2019 - 12:40:56: "Smolder<35><VALVE_ID_LAN><TERRORIST>" killed "Jack<40><VALVE_ID_LAN><CT>" with "glock18"
L 08/22/2019 - 12:40:56: Team "TERRORIST" triggered "Terrorists_Win" (CT "1") (T "2")
L 08/22/2019 - 12:40:56: World triggered "Round_End"
L 08/22/2019 - 12:40:57: "Cap Billy<36><VALVE_ID_LAN><CT>" say_team "merda homi" (dead)
L 08/22/2019 - 12:41:01: World triggered "Round_Start"
L 08/22/2019 - 12:41:01: "Cap Billy<36><VALVE_ID_LAN><CT>" say_team "dei vacilo"
L 08/22/2019 - 12:41:02: "Calcas Peludas<41><VALVE_ID_LAN><TERRORIST>" say_team "ok"
L 08/22/2019 - 12:41:06: "Jack<40><VALVE_ID_LAN><CT>" killed "Smolder<35><VALVE_ID_LAN><TERRORIST>" with "glock18"
L 08/22/2019 - 12:41:06: "Kratos-away<43><VALVE_ID_LAN><TERRORIST>" killed "@te<42><VALVE_ID_LAN><CT>" with "glock18"
L 08/22/2019 - 12:41:08: "Gho$T<39><VALVE_ID_LAN><CT>" killed "Ice_Man<34><VALVE_ID_LAN><TERRORIST>" with "glock18"
L 08/22/2019 - 12:41:08: "Calcas Peludas<41><VALVE_ID_LAN><TERRORIST>" killed "INDIO<38><VALVE_ID_LAN><CT>" with "glock18"
L 08/22/2019 - 12:41:10: "Cap Billy<36><VALVE_ID_LAN><CT>" killed "CEIFADOR<31><VALVE_ID_LOOPBACK><TERRORIST>" with "glock18"
L 08/22/2019 - 12:41:13: "Kratos-away<43><VALVE_ID_LAN><TERRORIST>" killed "Cap Billy<36><VALVE_ID_LAN><CT>" with "glock18"
L 08/22/2019 - 12:41:13: "Kitkat<33><VALVE_ID_LAN><CT>" killed "Calcas Peludas<41><VALVE_ID_LAN><TERRORIST>" with "glock18"
L 08/22/2019 - 12:41:17: "Kratos-away<43><VALVE_ID_LAN><TERRORIST>" killed "Gho$T<39><VALVE_ID_LAN><CT>" with "glock18"
L 08/22/2019 - 12:41:17: "Smolder<35><VALVE_ID_LAN><TERRORIST>" say_team "tks essa no arroba" (dead)
L 08/22/2019 - 12:41:19: "Calcas Peludas<41><VALVE_ID_LAN><TERRORIST>" say_team "faca no capitao" (dead)
L 08/22/2019 - 12:41:20: "Jack<40><VALVE_ID_LAN><CT>" killed "XXBOT Eric<37><BOT><TERRORIST>" with "glock18"
L 08/22/2019 - 12:41:21: "Kitkat<33><VALVE_ID_LAN><CT>" killed "Kratos-away<43><VALVE_ID_LAN><TERRORIST>" with "glock18"
L 08/22/2019 - 12:41:21: Team "CT" triggered "CTs_Win" (CT "2") (T "2")
L 08/22/2019 - 12:41:21: World triggered "Round_End"
L 08/22/2019 - 12:41:26: World triggered "Round_Start"
L 08/22/2019 - 12:41:27: "@te<42><VALVE_ID_LAN><CT>" say "isso kit"
L 08/22/2019 - 12:41:32: "Ice_Man<34><VALVE_ID_LAN><TERRORIST>" killed "Kitkat<33><VALVE_ID_LAN><CT>" with "glock18"
L 08/22/2019 - 12:41:34: "Cap Billy<36><VALVE_ID_LAN><CT>" killed "XXBOT Eric<37><BOT><TERRORIST>" with "glock18"
L 08/22/2019 - 12:41:35: "Jack<40><VALVE_ID_LAN><CT>" killed "Calcas Peludas<41><VALVE_ID_LAN><TERRORIST>" with "glock18"
L 08/22/2019 - 12:41:36: "Cap Billy<36><VALVE_ID_LAN><CT>" killed "Kratos-away<43><VALVE_ID_LAN><TERRORIST>" with "glock18"
L 08/22/2019 - 12:41:36: "Gho$T<39><VALVE_ID_LAN><CT>" killed "Smolder<35><VALVE_ID_LAN><TERRORIST>" with "glock18"
L 08/22/2019 - 12:41:36: "CEIFADOR<31><VALVE_ID_LOOPBACK><TERRORIST>" killed "@te<42><VALVE_ID_LAN><CT>" with "glock18"
L 08/22/2019 - 12:41:39: "Gho$T<39><VALVE_ID_LAN><CT>" killed "CEIFADOR<31><VALVE_ID_LOOPBACK><TERRORIST>" with "knife"
L 08/22/2019 - 12:41:39: "Kratos-away<43><VALVE_ID_LAN><TERRORIST>" say "porra ta foda" (dead)
L 08/22/2019 - 12:41:41: "Ice_Man<34><VALVE_ID_LAN><TERRORIST>" killed "Gho$T<39><VALVE_ID_LAN><CT>" with "glock18"
L 08/22/2019 - 12:41:44: "Ice_Man<34><VALVE_ID_LAN><TERRORIST>" killed "Cap Billy<36><VALVE_ID_LAN><CT>" with "glock18"
L 08/22/2019 - 12:41:44: "Ice_Man<34><VALVE_ID_LAN><TERRORIST>" killed "INDIO<38><VALVE_ID_LAN><CT>" with "glock18"
L 08/22/2019 - 12:41:44: "@te<42><VALVE_ID_LAN><CT>" say "ai mamae" (dead)
L 08/22/2019 - 12:41:45: "Jack<40><VALVE_ID_LAN><CT>" killed "Ice_Man<34><VALVE_ID_LAN><TERRORIST>" with "knife"
L 08/22/2019 - 12:41:45: Team "CT" triggered "CTs_Win" (CT "3") (T "2")
L 08/22/2019 - 12:41:45: World triggered "Round_End"
L 08/22/2019 - 12:41:45: "Kitkat<33><VALVE_ID_LAN><CT>" say "kkkkk" (dead)
L 08/22/2019 - 12:41:47: "Ice_Man<34><VALVE_ID_LAN><TERRORIST>" say_team "safado" (dead)
L 08/22/2019 - 12:41:48: "INDIO<38><VALVE_ID_LAN><CT>" say "kkkk" (dead)
L 08/22/2019 - 12:41:48: "Gho$T<39><VALVE_ID_LAN><CT>" say "hauahuahuahaa" (dead)
L 08/22/2019 - 12:41:50: "Cap Billy<36><VALVE_ID_LAN><CT>" say "EGUEE PARAENSE!!!!!" (dead)
L 08/22/2019 - 12:41:50: World triggered "Round_Start"
L 08/22/2019 - 12:41:56: "@te<42><VALVE_ID_LAN><CT>" killed "Smolder<35><VALVE_ID_LAN><TERRORIST>" with "glock18"
L 08/22/2019 - 12:41:57: "Kratos-away<43><VALVE_ID_LAN><TERRORIST>" killed "Kitkat<33><VALVE_ID_LAN><CT>" with "glock18"
L 08/22/2019 - 12:41:58: "INDIO<38><VALVE_ID_LAN><CT>" killed "CEIFADOR<31><VALVE_ID_LOOPBACK><TERRORIST>" with "glock18"
L 08/22/2019 - 12:41:59: "Calcas Peludas<41><VALVE_ID_LAN><TERRORIST>" killed "@te<42><VALVE_ID_LAN><CT>" with "glock18"
L 08/22/2019 - 12:42:00: "Jack<40><VALVE_ID_LAN><CT>" killed "Ice_Man<34><VALVE_ID_LAN><TERRORIST>" with "glock18"
L 08/22/2019 - 12:42:00: "Kratos-away<43><VALVE_ID_LAN><TERRORIST>" killed "INDIO<38><VALVE_ID_LAN><CT>" with "glock18"
L 08/22/2019 - 12:42:03: "Gho$T<39><VALVE_ID_LAN><CT>" killed "Kratos-away<43><VALVE_ID_LAN><TERRORIST>" with "glock18"
L 08/22/2019 - 12:42:04: "Cap Billy<36><VALVE_ID_LAN><CT>" killed "Calcas Peludas<41><VALVE_ID_LAN><TERRORIST>" with "glock18"
L 08/22/2019 - 12:42:09: "CEIFADOR<31><VALVE_ID_LOOPBACK><TERRORIST>" say_team "deixem eles vim" (dead)
L 08/22/2019 - 12:42:11: "Cap Billy<36><VALVE_ID_LAN><CT>" killed "XXBOT Eric<37><BOT><TERRORIST>" with "glock18"
L 08/22/2019 - 12:42:11: Team "CT" triggered "CTs_Win" (CT "4") (T "2")
L 08/22/2019 - 12:42:11: World triggered "Round_End"
L 08/22/2019 - 12:42:13: "Ice_Man<34><VALVE_ID_LAN><TERRORIST>" say_team "ok" (dead)
L 08/22/2019 - 12:42:14: "Smolder<35><VALVE_ID_LAN><TERRORIST>" say_team "ok" (dead)
L 08/22/2019 - 12:42:15: "Calcas Peludas<41><VALVE_ID_LAN><TERRORIST>" say_team "fica" (dead)
L 08/22/2019 - 12:42:16: World triggered "Round_Start"
L 08/22/2019 - 12:42:20: "Ice_Man<34><VALVE_ID_LAN><TERRORIST>" killed "Jack<40><VALVE_ID_LAN><CT>" with "glock18"
L 08/22/2019 - 12:42:22: "XXBOT Eric<37><BOT><TERRORIST>" killed "INDIO<38><VALVE_ID_LAN><CT>" with "glock18"
L 08/22/2019 - 12:42:25: "Ice_Man<34><VALVE_ID_LAN><TERRORIST>" killed "Gho$T<39><VALVE_ID_LAN><CT>" with "glock18"
L 08/22/2019 - 12:42:30: "Cap Billy<36><VALVE_ID_LAN><CT>" killed "Calcas Peludas<41><VALVE_ID_LAN><TERRORIST>" with "glock18"
L 08/22/2019 - 12:42:32: "@te<42><VALVE_ID_LAN><CT>" killed "Kratos-away<43><VALVE_ID_LAN><TERRORIST>" with "glock18"
L 08/22/2019 - 12:42:32: "XXBOT Eric<37><BOT><TERRORIST>" killed "Kitkat<33><VALVE_ID_LAN><CT>" with "glock18"
L 08/22/2019 - 12:42:34: "XXBOT Eric<37><BOT><TERRORIST>" killed "@te<42><VALVE_ID_LAN><CT>" with "glock18"
L 08/22/2019 - 12:42:39: "Calcas Peludas<41><VALVE_ID_LAN><TERRORIST>" say_team "deu certo" (dead)
L 08/22/2019 - 12:42:39: "Cap Billy<36><VALVE_ID_LAN><CT>" killed "Smolder<35><VALVE_ID_LAN><TERRORIST>" with "glock18"
L 08/22/2019 - 12:42:41: "Cap Billy<36><VALVE_ID_LAN><CT>" killed "CEIFADOR<31><VALVE_ID_LOOPBACK><TERRORIST>" with "glock18"
L 08/22/2019 - 12:42:42: "Calcas Peludas<41><VALVE_ID_LAN><TERRORIST>" say_team "vamos ficar" (dead)
L 08/22/2019 - 12:42:44: "Cap Billy<36><VALVE_ID_LAN><CT>" killed "Ice_Man<34><VALVE_ID_LAN><TERRORIST>" with "glock18"
L 08/22/2019 - 12:42:51: "XXBOT Eric<37><BOT><TERRORIST>" killed "Cap Billy<36><VALVE_ID_LAN><CT>" with "glock18"
L 08/22/2019 - 12:42:51: Team "TERRORIST" triggered "Terrorists_Win" (CT "4") (T "3")
L 08/22/2019 - 12:42:51: World triggered "Round_End"
L 08/22/2019 - 12:42:54: "Calcas Peludas<41><VALVE_ID_LAN><TERRORIST>" say_team "fica" (dead)
L 08/22/2019 - 12:42:56: World triggered "Round_Start"
L 08/22/2019 - 12:43:03: "Kratos-away<43><VALVE_ID_LAN><TERRORIST>" killed "Kitkat<33><VALVE_ID_LAN><CT>" with "glock18"
L 08/22/2019 - 12:43:04: "Gho$T<39><VALVE_ID_LAN><CT>" killed "CEIFADOR<31><VALVE_ID_LOOPBACK><TERRORIST>" with "glock18"
L 08/22/2019 - 12:43:07: "Smolder<35><VALVE_ID_LAN><TERRORIST>" killed "Gho$T<39><VALVE_ID_LAN><CT>" with "glock18"
L 08/22/2019 - 12:43:07: "Jack<40><VALVE_ID_LAN><CT>" killed "Ice_Man<34><VALVE_ID_LAN><TERRORIST>" with "glock18"
L 08/22/2019 - 12:43:09: "Smolder<35><VALVE_ID_LAN><TERRORIST>" killed "Jack<40><VALVE_ID_LAN><CT>" with "glock18"
L 08/22/2019 - 12:43:10: "Cap Billy<36><VALVE_ID_LAN><CT>" killed "XXBOT Eric<37><BOT><TERRORIST>" with "glock18"
L 08/22/2019 - 12:43:10: "Smolder<35><VALVE_ID_LAN><TERRORIST>" killed "INDIO<38><VALVE_ID_LAN><CT>" with "glock18"
L 08/22/2019 - 12:43:11: "Cap Billy<36><VALVE_ID_LAN><CT>" killed "Smolder<35><VALVE_ID_LAN><TERRORIST>" with "glock18"
L 08/22/2019 - 12:43:12: "@te<42><VALVE_ID_LAN><CT>" killed "Kratos-away<43><VALVE_ID_LAN><TERRORIST>" with "glock18"
L 08/22/2019 - 12:43:14: "Cap Billy<36><VALVE_ID_LAN><CT>" killed "Calcas Peludas<41><VALVE_ID_LAN><TERRORIST>" with "glock18"
L 08/22/2019 - 12:43:14: Team "CT" triggered "CTs_Win" (CT "5") (T "3")
L 08/22/2019 - 12:43:14: World triggered "Round_End"
L 08/22/2019 - 12:43:16: "CEIFADOR<31><VALVE_ID_LOOPBACK><TERRORIST>" say_team "divide direita e esquerda" (dead)
L 08/22/2019 - 12:43:19: World triggered "Round_Start"
L 08/22/2019 - 12:43:20: "Cap Billy<36><VALVE_ID_LAN><CT>" say "EU PESNEI"
L 08/22/2019 - 12:43:24: "INDIO<38><VALVE_ID_LAN><CT>" killed "Smolder<35><VALVE_ID_LAN><TERRORIST>" with "glock18"
L 08/22/2019 - 12:43:26: "CEIFADOR<31><VALVE_ID_LOOPBACK><TERRORIST>" killed "Gho$T<39><VALVE_ID_LAN><CT>" with "glock18"
L 08/22/2019 - 12:43:27: "Kratos-away<43><VALVE_ID_LAN><TERRORIST>" killed "@te<42><VALVE_ID_LAN><CT>" with "glock18"
L 08/22/2019 - 12:43:27: "Jack<40><VALVE_ID_LAN><CT>" killed "XXBOT Eric<37><BOT><TERRORIST>" with "glock18"
L 08/22/2019 - 12:43:27: "CEIFADOR<31><VALVE_ID_LOOPBACK><TERRORIST>" killed "INDIO<38><VALVE_ID_LAN><CT>" with "glock18"
L 08/22/2019 - 12:43:29: "Jack<40><VALVE_ID_LAN><CT>" killed "CEIFADOR<31><VALVE_ID_LOOPBACK><TERRORIST>" with "glock18"
L 08/22/2019 - 12:43:29: "Kratos-away<43><VALVE_ID_LAN><TERRORIST>" killed "Cap Billy<36><VALVE_ID_LAN><CT>" with "glock18"
L 08/22/2019 - 12:43:30: "Jack<40><VALVE_ID_LAN><CT>" killed "Kratos-away<43><VALVE_ID_LAN><TERRORIST>" with "glock18"
L 08/22/2019 - 12:43:35: "Ice_Man<34><VALVE_ID_LAN><TERRORIST>" killed "Kitkat<33><VALVE_ID_LAN><CT>" with "glock18"
L 08/22/2019 - 12:43:44: "Kratos-away<43><VALVE_ID_LAN><TERRORIST>" say_team "capitao vai se esconder ao extremo" (dead)
L 08/22/2019 - 12:43:46: "Jack<40><VALVE_ID_LAN><CT>" killed "Ice_Man<34><VALVE_ID_LAN><TERRORIST>" with "glock18"
L 08/22/2019 - 12:43:47: "Jack<40><VALVE_ID_LAN><CT>" killed "Calcas Peludas<41><VALVE_ID_LAN><TERRORIST>" with "glock18"
L 08/22/2019 - 12:43:47: Team "CT" triggered "CTs_Win" (CT "6") (T "3")
L 08/22/2019 - 12:43:47: World triggered "Round_End"
L 08/22/2019 - 12:43:51: "Kratos-away<43><VALVE_ID_LAN><TERRORIST>" say_team "faca nele so se for na covardia mesmo" (dead)
L 08/22/2019 - 12:43:51: "Cap Billy<36><VALVE_ID_LAN><CT>" say "HAHAHAHAHAHAHAHHAHAHAA" (dead)
L 08/22/2019 - 12:43:52: "Ice_Man<34><VALVE_ID_LAN><TERRORIST>" say_team "naod eu tempo" (dead)
L 08/22/2019 - 12:43:52: World triggered "Round_Start"
L 08/22/2019 - 12:43:57: "Gho$T<39><VALVE_ID_LAN><CT>" killed "XXBOT Eric<37><BOT><TERRORIST>" with "glock18"
L 08/22/2019 - 12:43:58: "@te<42><VALVE_ID_LAN><CT>" killed "Kratos-away<43><VALVE_ID_LAN><TERRORIST>" with "glock18"
L 08/22/2019 - 12:43:59: "Ice_Man<34><VALVE_ID_LAN><TERRORIST>" killed "Kitkat<33><VALVE_ID_LAN><CT>" with "glock18"
L 08/22/2019 - 12:43:59: "CEIFADOR<31><VALVE_ID_LOOPBACK><TERRORIST>" killed "Gho$T<39><VALVE_ID_LAN><CT>" with "knife"
L 08/22/2019 - 12:44:04: "Ice_Man<34><VALVE_ID_LAN><TERRORIST>" killed "@te<42><VALVE_ID_LAN><CT>" with "glock18"
L 08/22/2019 - 12:44:04: "Gho$T<39><VALVE_ID_LAN><CT>" say "poraa" (dead)
L 08/22/2019 - 12:44:05: "INDIO<38><VALVE_ID_LAN><CT>" killed "Smolder<35><VALVE_ID_LAN><TERRORIST>" with "glock18"
L 08/22/2019 - 12:44:12: "Ice_Man<34><VALVE_ID_LAN><TERRORIST>" killed "Cap Billy<36><VALVE_ID_LAN><CT>" with "glock18"
L 08/22/2019 - 12:44:12: "Calcas Peludas<41><VALVE_ID_LAN><TERRORIST>" killed "INDIO<38><VALVE_ID_LAN><CT>" with "glock18"
L 08/22/2019 - 12:44:15: "CEIFADOR<31><VALVE_ID_LOOPBACK><TERRORIST>" killed "Jack<40><VALVE_ID_LAN><CT>" with "glock18"
L 08/22/2019 - 12:44:15: Team "TERRORIST" triggered "Terrorists_Win" (CT "6") (T "4")
L 08/22/2019 - 12:44:15: World triggered "Round_End"
L 08/22/2019 - 12:44:15: "Smolder<35><VALVE_ID_LAN><TERRORIST>" say_team "fica" (dead)
L 08/22/2019 - 12:44:16: "INDIO<38><VALVE_ID_LAN><CT>" say_team "nao vao " (dead)
L 08/22/2019 - 12:44:20: World triggered "Round_Start"
L 08/22/2019 - 12:44:27: "Cap Billy<36><VALVE_ID_LAN><CT>" killed "Ice_Man<34><VALVE_ID_LAN><TERRORIST>" with "glock18"
L 08/22/2019 - 12:44:27: "INDIO<38><VALVE_ID_LAN><CT>" killed "XXBOT Eric<37><BOT><TERRORIST>" with "glock18"
L 08/22/2019 - 12:44:29: "Jack<40><VALVE_ID_LAN><CT>" killed "Kratos-away<43><VALVE_ID_LAN><TERRORIST>" with "glock18"
L 08/22/2019 - 12:44:30: "Calcas Peludas<41><VALVE_ID_LAN><TERRORIST>" killed "Kitkat<33><VALVE_ID_LAN><CT>" with "glock18"
L 08/22/2019 - 12:44:31: "Smolder<35><VALVE_ID_LAN><TERRORIST>" killed "Gho$T<39><VALVE_ID_LAN><CT>" with "glock18"
L 08/22/2019 - 12:44:32: "@te<42><VALVE_ID_LAN><CT>" killed "CEIFADOR<31><VALVE_ID_LOOPBACK><TERRORIST>" with "glock18"
L 08/22/2019 - 12:44:33: "Jack<40><VALVE_ID_LAN><CT>" killed "Calcas Peludas<41><VALVE_ID_LAN><TERRORIST>" with "glock18"
L 08/22/2019 - 12:44:33: "Smolder<35><VALVE_ID_LAN><TERRORIST>" killed "@te<42><VALVE_ID_LAN><CT>" with "knife"
L 08/22/2019 - 12:44:34: "Kratos-away<43><VALVE_ID_LAN><TERRORIST>" say "5 segundos travado" (dead)
L 08/22/2019 - 12:44:36: "Ice_Man<34><VALVE_ID_LAN><TERRORIST>" say_team "ui" (dead)
L 08/22/2019 - 12:44:37: "Ice_Man<34><VALVE_ID_LAN><TERRORIST>" say "ui" (dead)
L 08/22/2019 - 12:44:38: "Smolder<35><VALVE_ID_LAN><TERRORIST>" killed "Jack<40><VALVE_ID_LAN><CT>" with "glock18"
L 08/22/2019 - 12:44:40: "Smolder<35><VALVE_ID_LAN><TERRORIST>" killed "Cap Billy<36><VALVE_ID_LAN><CT>" with "glock18"
L 08/22/2019 - 12:44:41: "INDIO<38><VALVE_ID_LAN><CT>" killed "Smolder<35><VALVE_ID_LAN><TERRORIST>" with "knife"
L 08/22/2019 - 12:44:41: Team "CT" triggered "CTs_Win" (CT "7") (T "4")
L 08/22/2019 - 12:44:41: World triggered "Round_End"
L 08/22/2019 - 12:44:41: "Jack<40><VALVE_ID_LAN><CT>" say "travaouuu" (dead)
L 08/22/2019 - 12:44:43: "Jack<40><VALVE_ID_LAN><CT>" say "ucaralhoo" (dead)
L 08/22/2019 - 12:44:44: "Cap Billy<36><VALVE_ID_LAN><CT>" say "HAHAHAHAHAHAHAHAHA" (dead)
L 08/22/2019 - 12:44:46: World triggered "Round_Start"
L 08/22/2019 - 12:44:46: "Jack<40><VALVE_ID_LAN><CT>" say "travaouuuuuuuuuuu"
L 08/22/2019 - 12:44:51: "Ice_Man<34><VALVE_ID_LAN><TERRORIST>" killed "INDIO<38><VALVE_ID_LAN><CT>" with "glock18"
L 08/22/2019 - 12:44:52: "Calcas Peludas<41><VALVE_ID_LAN><TERRORIST>" killed "Gho$T<39><VALVE_ID_LAN><CT>" with "glock18"
L 08/22/2019 - 12:44:52: "Jack<40><VALVE_ID_LAN><CT>" killed "Calcas Peludas<41><VALVE_ID_LAN><TERRORIST>" with "glock18"
L 08/22/2019 - 12:44:54: "Kitkat<33><VALVE_ID_LAN><CT>" killed "XXBOT Eric<37><BOT><TERRORIST>" with "glock18"
L 08/22/2019 - 12:44:55: "Jack<40><VALVE_ID_LAN><CT>" killed "CEIFADOR<31><VALVE_ID_LOOPBACK><TERRORIST>" with "glock18"
L 08/22/2019 - 12:44:56: "Jack<40><VALVE_ID_LAN><CT>" killed "Kratos-away<43><VALVE_ID_LAN><TERRORIST>" with "glock18"
L 08/22/2019 - 12:44:57: "Ice_Man<34><VALVE_ID_LAN><TERRORIST>" killed "Jack<40><VALVE_ID_LAN><CT>" with "glock18"
L 08/22/2019 - 12:44:59: "Cap Billy<36><VALVE_ID_LAN><CT>" killed "Ice_Man<34><VALVE_ID_LAN><TERRORIST>" with "glock18"
L 08/22/2019 - 12:45:00: "@te<42><VALVE_ID_LAN><CT>" killed "Smolder<35><VALVE_ID_LAN><TERRORIST>" with "glock18"
L 08/22/2019 - 12:45:00: Team "CT" triggered "CTs_Win" (CT "8") (T "4")
L 08/22/2019 - 12:45:00: World triggered "Round_End"
L 08/22/2019 - 12:45:05: World triggered "Round_Start"
L 08/22/2019 - 12:45:05: "Jack<40><VALVE_ID_LAN><CT>" say "jumper do caralho.. ta foda"
L 08/22/2019 - 12:45:10: "Kratos-away<43><VALVE_ID_LAN><TERRORIST>" killed "INDIO<38><VALVE_ID_LAN><CT>" with "glock18"
L 08/22/2019 - 12:45:12: "XXBOT Eric<37><BOT><TERRORIST>" killed "@te<42><VALVE_ID_LAN><CT>" with "glock18"
L 08/22/2019 - 12:45:13: "Cap Billy<36><VALVE_ID_LAN><CT>" killed "XXBOT Eric<37><BOT><TERRORIST>" with "glock18"
L 08/22/2019 - 12:45:17: "Kratos-away<43><VALVE_ID_LAN><TERRORIST>" killed "Gho$T<39><VALVE_ID_LAN><CT>" with "glock18"
L 08/22/2019 - 12:45:19: "Kitkat<33><VALVE_ID_LAN><CT>" killed "Smolder<35><VALVE_ID_LAN><TERRORIST>" with "glock18"
L 08/22/2019 - 12:45:19: "Kratos-away<43><VALVE_ID_LAN><TERRORIST>" killed "Jack<40><VALVE_ID_LAN><CT>" with "glock18"
L 08/22/2019 - 12:45:23: "Kitkat<33><VALVE_ID_LAN><CT>" killed "Kratos-away<43><VALVE_ID_LAN><TERRORIST>" with "glock18"
L 08/22/2019 - 12:45:23: "Calcas Peludas<41><VALVE_ID_LAN><TERRORIST>" killed "Cap Billy<36><VALVE_ID_LAN><CT>" with "glock18"
L 08/22/2019 - 12:45:28: "Ice_Man<34><VALVE_ID_LAN><TERRORIST>" killed "Kitkat<33><VALVE_ID_LAN><CT>" with "glock18"
L 08/22/2019 - 12:45:28: Team "TERRORIST" triggered "Terrorists_Win" (CT "8") (T "5")
L 08/22/2019 - 12:45:28: World triggered "Round_End"
L 08/22/2019 - 12:45:31: "Ice_Man<34><VALVE_ID_LAN><TERRORIST>" say_team "ela nao"
L 08/22/2019 - 12:45:34: World triggered "Round_Start"
L 08/22/2019 - 12:45:37: "INDIO<38><VALVE_ID_LAN><CT>" killed "Calcas Peludas<41><VALVE_ID_LAN><TERRORIST>" with "glock18"
L 08/22/2019 - 12:45:39: "Gho$T<39><VALVE_ID_LAN><CT>" killed "Kratos-away<43><VALVE_ID_LAN><TERRORIST>" with "glock18"
L 08/22/2019 - 12:45:40: "Ice_Man<34><VALVE_ID_LAN><TERRORIST>" killed "Kitkat<33><VALVE_ID_LAN><CT>" with "glock18"
L 08/22/2019 - 12:45:44: "Jack<40><VALVE_ID_LAN><CT>" killed "Ice_Man<34><VALVE_ID_LAN><TERRORIST>" with "glock18"
L 08/22/2019 - 12:45:46: "@te<42><VALVE_ID_LAN><CT>" killed "Smolder<35><VALVE_ID_LAN><TERRORIST>" with "glock18"
L 08/22/2019 - 12:45:47: "XXBOT Eric<37><BOT><TERRORIST>" killed "Jack<40><VALVE_ID_LAN><CT>" with "glock18"
L 08/22/2019 - 12:45:47: "Cap Billy<36><VALVE_ID_LAN><CT>" killed "XXBOT Eric<37><BOT><TERRORIST>" with "glock18"
L 08/22/2019 - 12:45:51: "Calcas Peludas<41><VALVE_ID_LAN><TERRORIST>" say_team "tem que matar na faca para ganhar esfaqueador" (dead)
L 08/22/2019 - 12:45:53: "Gho$T<39><VALVE_ID_LAN><CT>" killed "CEIFADOR<31><VALVE_ID_LOOPBACK><TERRORIST>" with "knife"
L 08/22/2019 - 12:45:53: Team "CT" triggered "CTs_Win" (CT "9") (T "5")
L 08/22/2019 - 12:45:53: World triggered "Round_End"
L 08/22/2019 - 12:45:57: "Calcas Peludas<41><VALVE_ID_LAN><TERRORIST>" say_team "nao pode poupar" (dead)
L 08/22/2019 - 12:45:58: "Gho$T<39><VALVE_ID_LAN><CT>" say "pegue"
L 08/22/2019 - 12:45:58: World triggered "Round_Start"
L 08/22/2019 - 12:45:59: "Jack<40><VALVE_ID_LAN><CT>" say "ahahakkk kakakkskdjakjkkkakkakakakakakkakaka"
L 08/22/2019 - 12:45:59: "Cap Billy<36><VALVE_ID_LAN><CT>" say "HAHAHAHAHAHHAHAHA"
L 08/22/2019 - 12:46:02: "Gho$T<39><VALVE_ID_LAN><CT>" killed "Smolder<35><VALVE_ID_LAN><TERRORIST>" with "glock18"
L 08/22/2019 - 12:46:03: "Ice_Man<34><VALVE_ID_LAN><TERRORIST>" killed "INDIO<38><VALVE_ID_LAN><CT>" with "glock18"
L 08/22/2019 - 12:46:04: "Ice_Man<34><VALVE_ID_LAN><TERRORIST>" killed "Kitkat<33><VALVE_ID_LAN><CT>" with "glock18"
L 08/22/2019 - 12:46:07: "Ice_Man<34><VALVE_ID_LAN><TERRORIST>" killed "@te<42><VALVE_ID_LAN><CT>" with "glock18"
L 08/22/2019 - 12:46:08: "Gho$T<39><VALVE_ID_LAN><CT>" killed "Ice_Man<34><VALVE_ID_LAN><TERRORIST>" with "knife"
L 08/22/2019 - 12:46:08: "Jack<40><VALVE_ID_LAN><CT>" killed "CEIFADOR<31><VALVE_ID_LOOPBACK><TERRORIST>" with "glock18"
L 08/22/2019 - 12:46:09: "XXBOT Eric<37><BOT><TERRORIST>" killed "Gho$T<39><VALVE_ID_LAN><CT>" with "glock18"
L 08/22/2019 - 12:46:10: "Jack<40><VALVE_ID_LAN><CT>" killed "Kratos-away<43><VALVE_ID_LAN><TERRORIST>" with "glock18"
L 08/22/2019 - 12:46:11: "XXBOT Eric<37><BOT><TERRORIST>" killed "Jack<40><VALVE_ID_LAN><CT>" with "glock18"
L 08/22/2019 - 12:46:13: "INDIO<38><VALVE_ID_LAN><CT>" say "kkkkkkkkkkk" (dead)
L 08/22/2019 - 12:46:15: "@te<42><VALVE_ID_LAN><CT>" say "ai mamae denovo" (dead)
L 08/22/2019 - 12:46:15: "Gho$T<39><VALVE_ID_LAN><CT>" say "kkkkk" (dead)
L 08/22/2019 - 12:46:17: "Ice_Man<34><VALVE_ID_LAN><TERRORIST>" say "bot salvou o ghost ma" (dead)
L 08/22/2019 - 12:46:21: "Calcas Peludas<41><VALVE_ID_LAN><TERRORIST>" killed "Cap Billy<36><VALVE_ID_LAN><CT>" with "glock18"
L 08/22/2019 - 12:46:21: Team "TERRORIST" triggered "Terrorists_Win" (CT "9") (T "6")
L 08/22/2019 - 12:46:21: World triggered "Round_End"
L 08/22/2019 - 12:46:24: "CEIFADOR<31><VALVE_ID_LOOPBACK><TERRORIST>" say_team "mapa" (dead)
L 08/22/2019 - 12:46:26: World triggered "Round_Start"
L 08/22/2019 - 12:46:31: "INDIO<38><VALVE_ID_LAN><CT>" killed "Kratos-away<43><VALVE_ID_LAN><TERRORIST>" with "glock18"
L 08/22/2019 - 12:46:33: "Ice_Man<34><VALVE_ID_LAN><TERRORIST>" killed "Jack<40><VALVE_ID_LAN><CT>" with "glock18"
L 08/22/2019 - 12:46:35: "INDIO<38><VALVE_ID_LAN><CT>" killed "CEIFADOR<31><VALVE_ID_LOOPBACK><TERRORIST>" with "glock18"
L 08/22/2019 - 12:46:37: "Gho$T<39><VALVE_ID_LAN><CT>" killed "Ice_Man<34><VALVE_ID_LAN><TERRORIST>" with "knife"
L 08/22/2019 - 12:46:37: "Smolder<35><VALVE_ID_LAN><TERRORIST>" killed "Gho$T<39><VALVE_ID_LAN><CT>" with "glock18"
L 08/22/2019 - 12:46:39: "INDIO<38><VALVE_ID_LAN><CT>" killed "Calcas Peludas<41><VALVE_ID_LAN><TERRORIST>" with "glock18"
L 08/22/2019 - 12:46:40: "Gho$T<39><VALVE_ID_LAN><CT>" say "KKKKKKKKK" (dead)
L 08/22/2019 - 12:46:44: "Smolder<35><VALVE_ID_LAN><TERRORIST>" killed "INDIO<38><VALVE_ID_LAN><CT>" with "glock18"
L 08/22/2019 - 12:46:49: "@te<42><VALVE_ID_LAN><CT>" killed "Smolder<35><VALVE_ID_LAN><TERRORIST>" with "knife"
L 08/22/2019 - 12:46:52: "Jack<40><VALVE_ID_LAN><CT>" say "aeeee" (dead)
L 08/22/2019 - 12:46:53: "Kitkat<33><VALVE_ID_LAN><CT>" killed "XXBOT Eric<37><BOT><TERRORIST>" with "glock18"
L 08/22/2019 - 12:46:53: Team "CT" triggered "CTs_Win" (CT "10") (T "6")
L 08/22/2019 - 12:46:53: World triggered "Round_End"
L 08/22/2019 - 12:46:53: "Gho$T<39><VALVE_ID_LAN><CT>" say "UAHUAHAUA" (dead)
L 08/22/2019 - 12:46:56: "Gho$T<39><VALVE_ID_LAN><CT>" say "e festaa" (dead)
L 08/22/2019 - 12:46:58: World triggered "Round_Start"
L 08/22/2019 - 12:47:03: "Jack<40><VALVE_ID_LAN><CT>" killed "CEIFADOR<31><VALVE_ID_LOOPBACK><TERRORIST>" with "glock18"
L 08/22/2019 - 12:47:05: "INDIO<38><VALVE_ID_LAN><CT>" killed "Kratos-away<43><VALVE_ID_LAN><TERRORIST>" with "glock18"
L 08/22/2019 - 12:47:06: "Jack<40><VALVE_ID_LAN><CT>" killed "XXBOT Eric<37><BOT><TERRORIST>" with "glock18"
L 08/22/2019 - 12:47:07: "Gho$T<39><VALVE_ID_LAN><CT>" killed "Calcas Peludas<41><VALVE_ID_LAN><TERRORIST>" with "glock18"
L 08/22/2019 - 12:47:07: "Ice_Man<34><VALVE_ID_LAN><TERRORIST>" killed "Jack<40><VALVE_ID_LAN><CT>" with "glock18"
L 08/22/2019 - 12:47:09: "Kratos-away<43><VALVE_ID_LAN><TERRORIST>" say "bosta" (dead)
L 08/22/2019 - 12:47:11: "Ice_Man<34><VALVE_ID_LAN><TERRORIST>" killed "INDIO<38><VALVE_ID_LAN><CT>" with "glock18"
L 08/22/2019 - 12:47:13: "Cap Billy<36><VALVE_ID_LAN><CT>" killed "Smolder<35><VALVE_ID_LAN><TERRORIST>" with "glock18"
L 08/22/2019 - 12:47:20: "Gho$T<39><VALVE_ID_LAN><CT>" killed "Ice_Man<34><VALVE_ID_LAN><TERRORIST>" with "knife"
L 08/22/2019 - 12:47:20: Team "CT" triggered "CTs_Win" (CT "11") (T "6")
L 08/22/2019 - 12:47:20: World triggered "Round_End"
L 08/22/2019 - 12:47:22: "Jack<40><VALVE_ID_LAN><CT>" say "faaca" (dead)
L 08/22/2019 - 12:47:23: "Ice_Man<34><VALVE_ID_LAN><TERRORIST>" say_team "eita de longe" (dead)
L 08/22/2019 - 12:47:23: "Calcas Peludas<41><VALVE_ID_LAN><TERRORIST>" say "oxe" (dead)
L 08/22/2019 - 12:47:25: World triggered "Round_Start"
L 08/22/2019 - 12:47:25: "Jack<40><VALVE_ID_LAN><CT>" say "eajdkajkjkjkkkkkahah"
L 08/22/2019 - 12:47:26: "Cap Billy<36><VALVE_ID_LAN><CT>" say "DEI SH A SEGURADINHA"
L 08/22/2019 - 12:47:30: "Ice_Man<34><VALVE_ID_LAN><TERRORIST>" killed "INDIO<38><VALVE_ID_LAN><CT>" with "glock18"
L 08/22/2019 - 12:47:31: "CEIFADOR<31><VALVE_ID_LOOPBACK><TERRORIST>" killed "Gho$T<39><VALVE_ID_LAN><CT>" with "glock18"
L 08/22/2019 - 12:47:31: "Kitkat<33><VALVE_ID_LAN><CT>" killed "Kratos-away<43><VALVE_ID_LAN><TERRORIST>" with "glock18"
L 08/22/2019 - 12:47:34: "Smolder<35><VALVE_ID_LAN><TERRORIST>" killed "@te<42><VALVE_ID_LAN><CT>" with "glock18"
L 08/22/2019 - 12:47:34: "Cap Billy<36><VALVE_ID_LAN><CT>" killed "XXBOT Eric<37><BOT><TERRORIST>" with "glock18"
L 08/22/2019 - 12:47:35: "CEIFADOR<31><VALVE_ID_LOOPBACK><TERRORIST>" killed "Kitkat<33><VALVE_ID_LAN><CT>" with "knife"
L 08/22/2019 - 12:47:37: "CEIFADOR<31><VALVE_ID_LOOPBACK><TERRORIST>" killed "Jack<40><VALVE_ID_LAN><CT>" with "glock18"
L 08/22/2019 - 12:47:37: "Cap Billy<36><VALVE_ID_LAN><CT>" killed "Calcas Peludas<41><VALVE_ID_LAN><TERRORIST>" with "glock18"
L 08/22/2019 - 12:47:38: "INDIO<38><VALVE_ID_LAN><CT>" say_team "atirem primeio" (dead)
L 08/22/2019 - 12:47:38: "Gho$T<39><VALVE_ID_LAN><CT>" say "obrigado cap" (dead)
L 08/22/2019 - 12:47:39: "Ice_Man<34><VALVE_ID_LAN><TERRORIST>" killed "Cap Billy<36><VALVE_ID_LAN><CT>" with "glock18"
L 08/22/2019 - 12:47:39: Team "TERRORIST" triggered "Terrorists_Win" (CT "11") (T "7")
L 08/22/2019 - 12:47:39: World triggered "Round_End"
L 08/22/2019 - 12:47:40: "Kitkat<33><VALVE_ID_LAN><CT>" say "droga" (dead)
L 08/22/2019 - 12:47:41: "Jack<40><VALVE_ID_LAN><CT>" say "ufa" (dead)
L 08/22/2019 - 12:47:44: World triggered "Round_Start"
L 08/22/2019 - 12:47:45: "Cap Billy<36><VALVE_ID_LAN><CT>" say "soh na kit"
L 08/22/2019 - 12:47:47: "Ice_Man<34><VALVE_ID_LAN><TERRORIST>" killed "INDIO<38><VALVE_ID_LAN><CT>" with "glock18"
L 08/22/2019 - 12:47:49: "Ice_Man<34><VALVE_ID_LAN><TERRORIST>" killed "Gho$T<39><VALVE_ID_LAN><CT>" with "glock18"
L 08/22/2019 - 12:47:51: "Smolder<35><VALVE_ID_LAN><TERRORIST>" killed "Kitkat<33><VALVE_ID_LAN><CT>" with "glock18"
L 08/22/2019 - 12:47:52: "Cap Billy<36><VALVE_ID_LAN><CT>" killed "Calcas Peludas<41><VALVE_ID_LAN><TERRORIST>" with "glock18"
L 08/22/2019 - 12:47:53: "Kratos-away<43><VALVE_ID_LAN><TERRORIST>" killed "Cap Billy<36><VALVE_ID_LAN><CT>" with "glock18"
L 08/22/2019 - 12:47:54: "XXBOT Eric<37><BOT><TERRORIST>" killed "@te<42><VALVE_ID_LAN><CT>" with "glock18"
L 08/22/2019 - 12:47:58: Server cvar "amx_nextmap" = "aim_map_usp"
L 08/22/2019 - 12:48:00: "Jack<40><VALVE_ID_LAN><CT>" killed "Ice_Man<34><VALVE_ID_LAN><TERRORIST>" with "glock18"
L 08/22/2019 - 12:48:02: "Jack<40><VALVE_ID_LAN><CT>" killed "Kratos-away<43><VALVE_ID_LAN><TERRORIST>" with "glock18"
L 08/22/2019 - 12:48:03: "XXBOT Eric<37><BOT><TERRORIST>" killed "Jack<40><VALVE_ID_LAN><CT>" with "glock18"
L 08/22/2019 - 12:48:03: Team "TERRORIST" triggered "Terrorists_Win" (CT "11") (T "8")
L 08/22/2019 - 12:48:03: World triggered "Round_End"
L 08/22/2019 - 12:48:03: "Ice_Man<34><VALVE_ID_LAN><TERRORIST>" say "cabra de sorte" (dead)
L 08/22/2019 - 12:48:06: "Cap Billy<36><VALVE_ID_LAN><CT>" say "HEHEHEHEHEHEHEHEHE" (dead)
L 08/22/2019 - 12:48:07: "INDIO<38><VALVE_ID_LAN><CT>" say_team "atiremmmmmm" (dead)
L 08/22/2019 - 12:48:08: World triggered "Round_Start"
L 08/22/2019 - 12:48:08: "Cap Billy<36><VALVE_ID_LAN><CT>" say "HAHAHAHAHAHAH"
L 08/22/2019 - 12:48:09: "Jack<40><VALVE_ID_LAN><CT>" say "aiaiai"
L 08/22/2019 - 12:48:14: "Smolder<35><VALVE_ID_LAN><TERRORIST>" killed "INDIO<38><VALVE_ID_LAN><CT>" with "glock18"
L 08/22/2019 - 12:48:14: "Gho$T<39><VALVE_ID_LAN><CT>" killed "Ice_Man<34><VALVE_ID_LAN><TERRORIST>" with "glock18"
L 08/22/2019 - 12:48:14: "@te<42><VALVE_ID_LAN><CT>" killed "Kratos-away<43><VALVE_ID_LAN><TERRORIST>" with "glock18"
L 08/22/2019 - 12:48:16: "Smolder<35><VALVE_ID_LAN><TERRORIST>" killed "Gho$T<39><VALVE_ID_LAN><CT>" with "knife"
L 08/22/2019 - 12:48:17: "CEIFADOR<31><VALVE_ID_LOOPBACK><TERRORIST>" killed "Jack<40><VALVE_ID_LAN><CT>" with "glock18"
L 08/22/2019 - 12:48:20: "Kitkat<33><VALVE_ID_LAN><CT>" killed "Calcas Peludas<41><VALVE_ID_LAN><TERRORIST>" with "glock18"
L 08/22/2019 - 12:48:23: "Ice_Man<34><VALVE_ID_LAN><TERRORIST>" say "toma ghostima" (dead)
L 08/22/2019 - 12:48:25: "Cap Billy<36><VALVE_ID_LAN><CT>" killed "Smolder<35><VALVE_ID_LAN><TERRORIST>" with "glock18"
L 08/22/2019 - 12:48:29: "Cap Billy<36><VALVE_ID_LAN><CT>" killed "CEIFADOR<31><VALVE_ID_LOOPBACK><TERRORIST>" with "knife"
L 08/22/2019 - 12:48:31: "Cap Billy<36><VALVE_ID_LAN><CT>" killed "XXBOT Eric<37><BOT><TERRORIST>" with "glock18"
L 08/22/2019 - 12:48:31: Team "CT" triggered "CTs_Win" (CT "12") (T "8")
L 08/22/2019 - 12:48:31: World triggered "Round_End"
L 08/22/2019 - 12:48:32: "Calcas Peludas<41><VALVE_ID_LAN><TERRORIST>" say "pegue " (dead)
L 08/22/2019 - 12:48:33: "Gho$T<39><VALVE_ID_LAN><CT>" say "HAUHAUHAUHAUHAUAHAUHAU" (dead)
L 08/22/2019 - 12:48:33: "Jack<40><VALVE_ID_LAN><CT>" say "kskskksksksksks" (dead)
L 08/22/2019 - 12:48:36: World triggered "Round_Start"
L 08/22/2019 - 12:48:37: "Cap Billy<36><VALVE_ID_LAN><CT>" say "HAHAHAHAHAHAHAHAHAHA"
L 08/22/2019 - 12:48:39: "INDIO<38><VALVE_ID_LAN><CT>" killed "XXBOT Eric<37><BOT><TERRORIST>" with "glock18"
L 08/22/2019 - 12:48:42: "Cap Billy<36><VALVE_ID_LAN><CT>" killed "Calcas Peludas<41><VALVE_ID_LAN><TERRORIST>" with "glock18"
L 08/22/2019 - 12:48:44: "Ice_Man<34><VALVE_ID_LAN><TERRORIST>" killed "Kitkat<33><VALVE_ID_LAN><CT>" with "glock18"
L 08/22/2019 - 12:48:45: "CEIFADOR<31><VALVE_ID_LOOPBACK><TERRORIST>" killed "Jack<40><VALVE_ID_LAN><CT>" with "glock18"
L 08/22/2019 - 12:48:47: "Smolder<35><VALVE_ID_LAN><TERRORIST>" killed "@te<42><VALVE_ID_LAN><CT>" with "glock18"
L 08/22/2019 - 12:48:48: "Smolder<35><VALVE_ID_LAN><TERRORIST>" killed "Gho$T<39><VALVE_ID_LAN><CT>" with "glock18"
L 08/22/2019 - 12:48:48: "Cap Billy<36><VALVE_ID_LAN><CT>" killed "Kratos-away<43><VALVE_ID_LAN><TERRORIST>" with "glock18"
L 08/22/2019 - 12:48:49: "Cap Billy<36><VALVE_ID_LAN><CT>" killed "Smolder<35><VALVE_ID_LAN><TERRORIST>" with "glock18"
L 08/22/2019 - 12:48:49: "Ice_Man<34><VALVE_ID_LAN><TERRORIST>" killed "INDIO<38><VALVE_ID_LAN><CT>" with "glock18"
L 08/22/2019 - 12:48:51: "CEIFADOR<31><VALVE_ID_LOOPBACK><TERRORIST>" killed "Cap Billy<36><VALVE_ID_LAN><CT>" with "glock18"
L 08/22/2019 - 12:48:51: Team "TERRORIST" triggered "Terrorists_Win" (CT "12") (T "9")
L 08/22/2019 - 12:48:51: World triggered "Round_End"
L 08/22/2019 - 12:48:55: "Cap Billy<36><VALVE_ID_LAN><CT>" say "HAHAHAHAHAHAHAHA" (dead)
L 08/22/2019 - 12:48:56: "INDIO<38><VALVE_ID_LAN><CT>" say_team "calam" (dead)
L 08/22/2019 - 12:48:56: World triggered "Round_Start"
L 08/22/2019 - 12:49:01: "INDIO<38><VALVE_ID_LAN><CT>" killed "Ice_Man<34><VALVE_ID_LAN><TERRORIST>" with "glock18"
L 08/22/2019 - 12:49:02: "Smolder<35><VALVE_ID_LAN><TERRORIST>" killed "Kratos-away<43><VALVE_ID_LAN><TERRORIST>" with "glock18"
L 08/22/2019 - 12:49:03: "Ice_Man<34><VALVE_ID_LAN><TERRORIST>" say "eita" (dead)
L 08/22/2019 - 12:49:04: "Smolder<35><VALVE_ID_LAN><TERRORIST>" killed "Kitkat<33><VALVE_ID_LAN><CT>" with "glock18"
L 08/22/2019 - 12:49:04: "Gho$T<39><VALVE_ID_LAN><CT>" killed "XXBOT Eric<37><BOT><TERRORIST>" with "glock18"
L 08/22/2019 - 12:49:07: "Cap Billy<36><VALVE_ID_LAN><CT>" killed "Smolder<35><VALVE_ID_LAN><TERRORIST>" with "glock18"
L 08/22/2019 - 12:49:09: "CEIFADOR<31><VALVE_ID_LOOPBACK><TERRORIST>" killed "Jack<40><VALVE_ID_LAN><CT>" with "glock18"
L 08/22/2019 - 12:49:09: "Calcas Peludas<41><VALVE_ID_LAN><TERRORIST>" killed "Gho$T<39><VALVE_ID_LAN><CT>" with "glock18"
L 08/22/2019 - 12:49:10: "Cap Billy<36><VALVE_ID_LAN><CT>" killed "Calcas Peludas<41><VALVE_ID_LAN><TERRORIST>" with "glock18"
L 08/22/2019 - 12:49:15: "Calcas Peludas<41><VALVE_ID_LAN><TERRORIST>" say "hahahah" (dead)
L 08/22/2019 - 12:49:19: "Kratos-away<43><VALVE_ID_LAN><TERRORIST>" say_team "invadam pelo meio" (dead)
L 08/22/2019 - 12:49:20: "INDIO<38><VALVE_ID_LAN><CT>" killed "CEIFADOR<31><VALVE_ID_LOOPBACK><TERRORIST>" with "knife"
L 08/22/2019 - 12:49:20: Team "CT" triggered "CTs_Win" (CT "13") (T "9")
L 08/22/2019 - 12:49:20: World triggered "Round_End"
L 08/22/2019 - 12:49:23: "Calcas Peludas<41><VALVE_ID_LAN><TERRORIST>" say "meu deus" (dead)
L 08/22/2019 - 12:49:24: "Gho$T<39><VALVE_ID_LAN><CT>" say "HUAUAHUAHAUHAUAHAUHAUA" (dead)
L 08/22/2019 - 12:49:25: World triggered "Round_Start"
L 08/22/2019 - 12:49:25: "Smolder<35><VALVE_ID_LAN><TERRORIST>" committed suicide with "world"
L 08/22/2019 - 12:49:26: "Jack<40><VALVE_ID_LAN><CT>" say "eeieieiietaaaa kskskskkssksksssk"
L 08/22/2019 - 12:49:26: "Cap Billy<36><VALVE_ID_LAN><CT>" say "HAHAHAHAHAHAHAHAHAHAHAHHA"
L 08/22/2019 - 12:49:27: "Gho$T<39><VALVE_ID_LAN><CT>" say "OBRIGADO MEU DEUS"
L 08/22/2019 - 12:49:32: "Ice_Man<34><VALVE_ID_LAN><TERRORIST>" killed "Gho$T<39><VALVE_ID_LAN><CT>" with "glock18"
L 08/22/2019 - 12:49:32: "Calcas Peludas<41><VALVE_ID_LAN><TERRORIST>" killed "INDIO<38><VALVE_ID_LAN><CT>" with "glock18"
L 08/22/2019 - 12:49:32: "Jack<40><VALVE_ID_LAN><CT>" killed "XXBOT Eric<37><BOT><TERRORIST>" with "glock18"
L 08/22/2019 - 12:49:34: "Ice_Man<34><VALVE_ID_LAN><TERRORIST>" killed "@te<42><VALVE_ID_LAN><CT>" with "glock18"
L 08/22/2019 - 12:49:35: "Kitkat<33><VALVE_ID_LAN><CT>" triggered "weaponstats" (weapon "glock18") (shots "358") (hits "92") (kills "9") (headshots "4") (tks "0") (damage "1709") (deaths "16")
L 08/22/2019 - 12:49:35: "Kitkat<33><VALVE_ID_LAN><CT>" triggered "weaponstats2" (weapon "glock18") (head "7") (chest "19") (stomach "5") (leftarm "26") (rightarm "14") (leftleg "10") (rightleg "11")
L 08/22/2019 - 12:49:35: "Kitkat<33><VALVE_ID_LAN><CT>" triggered "weaponstats" (weapon "knife") (shots "1") (hits "0") (kills "0") (headshots "0") (tks "0") (damage "0") (deaths "0")
L 08/22/2019 - 12:49:35: "Kitkat<33><VALVE_ID_LAN><CT>" triggered "weaponstats2" (weapon "knife") (head "0") (chest "0") (stomach "0") (leftarm "0") (rightarm "0") (leftleg "0") (rightleg "0")
L 08/22/2019 - 12:49:35: "Kitkat<33><VALVE_ID_LAN><CT>" triggered "time" (time "9:49")
L 08/22/2019 - 12:49:35: "Kitkat<33><VALVE_ID_LAN><CT>" triggered "latency" (ping "9")
L 08/22/2019 - 12:49:35: "Kitkat<33><VALVE_ID_LAN><CT>" disconnected
L 08/22/2019 - 12:49:36: "Jack<40><VALVE_ID_LAN><CT>" killed "Ice_Man<34><VALVE_ID_LAN><TERRORIST>" with "glock18"
L 08/22/2019 - 12:49:39: "Calcas Peludas<41><VALVE_ID_LAN><TERRORIST>" killed "Jack<40><VALVE_ID_LAN><CT>" with "glock18"
L 08/22/2019 - 12:49:40: "Cap Billy<36><VALVE_ID_LAN><CT>" killed "Kratos-away<43><VALVE_ID_LAN><TERRORIST>" with "glock18"
L 08/22/2019 - 12:49:42: "Cap Billy<36><VALVE_ID_LAN><CT>" killed "CEIFADOR<31><VALVE_ID_LOOPBACK><TERRORIST>" with "glock18"
L 08/22/2019 - 12:49:46: Log file closed
