L 08/30/2018 - 12:51:31: Log file started (file "logs\L0830004.log") (game "cstrike") (version "47/1.1.2.2/2603")
L 08/30/2018 - 12:51:31: "Smolder<31><VALVE_ID_LAN><>" entered the game
L 08/30/2018 - 12:51:31: "Inspetor Buginganga<38><VALVE_ID_LAN><>" connected, address "10.15.2.117:27005"
L 08/30/2018 - 12:51:31: World triggered "Round_Start"
L 08/30/2018 - 12:51:32: "NOVATO<33><VALVE_ID_LAN><>" entered the game
L 08/30/2018 - 12:51:32: "Kratos<34><VALVE_ID_LAN><>" entered the game
L 08/30/2018 - 12:51:32: "Jack is Back!<35><VALVE_ID_LAN><>" entered the game
L 08/30/2018 - 12:51:33: "Calcas Peludas<36><VALVE_ID_LAN><>" entered the game
L 08/30/2018 - 12:51:33: "Smolder<31><VALVE_ID_LAN><>" joined team "TERRORIST"
L 08/30/2018 - 12:51:33: "GARGAMEL ALFA<37><VALVE_ID_LAN><>" entered the game
L 08/30/2018 - 12:51:33: "Kratos<34><VALVE_ID_LAN><>" joined team "TERRORIST"
L 08/30/2018 - 12:51:33: "NOVATO<33><VALVE_ID_LAN><>" joined team "CT"
L 08/30/2018 - 12:51:34: "Calcas Peludas<36><VALVE_ID_LAN><>" joined team "TERRORIST"
L 08/30/2018 - 12:51:34: "Inspetor Buginganga<38><VALVE_ID_LAN><>" entered the game
L 08/30/2018 - 12:51:34: "GARGAMEL ALFA<37><VALVE_ID_LAN><>" joined team "TERRORIST"
L 08/30/2018 - 12:51:34: "Jack is Back!<35><VALVE_ID_LAN><>" joined team "CT"
L 08/30/2018 - 12:51:41: "Inspetor Buginganga<38><VALVE_ID_LAN><>" joined team "CT"
L 08/30/2018 - 12:51:43: "@te<39><VALVE_ID_LAN><>" connected, address "10.15.2.23:27005"
L 08/30/2018 - 12:51:45: "Cap Billy<30><VALVE_ID_LOOPBACK><CT>" killed "XXBOT Wayne<32><BOT><TERRORIST>" with "deagle"
L 08/30/2018 - 12:51:46: "@te<39><VALVE_ID_LAN><>" entered the game
L 08/30/2018 - 12:51:48: "@te<39><VALVE_ID_LAN><>" joined team "CT"
L 08/30/2018 - 12:51:53: "Inspetor Buginganga<38><VALVE_ID_LAN><CT>" killed "GARGAMEL ALFA<37><VALVE_ID_LAN><TERRORIST>" with "deagle"
L 08/30/2018 - 12:51:54: "Kratos<34><VALVE_ID_LAN><TERRORIST>" killed "Inspetor Buginganga<38><VALVE_ID_LAN><CT>" with "deagle"
L 08/30/2018 - 12:51:55: "Kratos<34><VALVE_ID_LAN><TERRORIST>" killed "@te<39><VALVE_ID_LAN><CT>" with "deagle"
L 08/30/2018 - 12:51:55: "Cap Billy<30><VALVE_ID_LOOPBACK><CT>" killed "Smolder<31><VALVE_ID_LAN><TERRORIST>" with "deagle"
L 08/30/2018 - 12:51:55: "Kratos<34><VALVE_ID_LAN><TERRORIST>" killed "NOVATO<33><VALVE_ID_LAN><CT>" with "deagle"
L 08/30/2018 - 12:52:03: "Cap Billy<30><VALVE_ID_LOOPBACK><CT>" killed "Kratos<34><VALVE_ID_LAN><TERRORIST>" with "deagle"
L 08/30/2018 - 12:52:03: "Cap Billy<30><VALVE_ID_LOOPBACK><CT>" killed "Calcas Peludas<36><VALVE_ID_LAN><TERRORIST>" with "deagle"
L 08/30/2018 - 12:52:03: Team "CT" triggered "CTs_Win" (CT "1") (T "0")
L 08/30/2018 - 12:52:03: World triggered "Round_End"
L 08/30/2018 - 12:52:08: World triggered "Round_Start"
L 08/30/2018 - 12:52:10: "Cap Billy<30><VALVE_ID_LOOPBACK><CT>" say_team "eles estao na arapouca"
L 08/30/2018 - 12:52:22: "NOVATO<33><VALVE_ID_LAN><CT>" killed "Calcas Peludas<36><VALVE_ID_LAN><TERRORIST>" with "deagle"
L 08/30/2018 - 12:52:23: "NOVATO<33><VALVE_ID_LAN><CT>" killed "XXBOT Wayne<32><BOT><TERRORIST>" with "deagle"
L 08/30/2018 - 12:52:24: "Kratos<34><VALVE_ID_LAN><TERRORIST>" killed "NOVATO<33><VALVE_ID_LAN><CT>" with "knife"
L 08/30/2018 - 12:52:26: "@te<39><VALVE_ID_LAN><CT>" killed "Kratos<34><VALVE_ID_LAN><TERRORIST>" with "knife"
L 08/30/2018 - 12:52:31: "@te<39><VALVE_ID_LAN><CT>" killed "Smolder<31><VALVE_ID_LAN><TERRORIST>" with "deagle"
L 08/30/2018 - 12:52:31: "GARGAMEL ALFA<37><VALVE_ID_LAN><TERRORIST>" killed "@te<39><VALVE_ID_LAN><CT>" with "knife"
L 08/30/2018 - 12:52:31: "Calcas Peludas<36><VALVE_ID_LAN><TERRORIST>" say "atras" (dead)
L 08/30/2018 - 12:52:36: "Smolder<31><VALVE_ID_LAN><TERRORIST>" say "pegue" (dead)
L 08/30/2018 - 12:52:36: "GARGAMEL ALFA<37><VALVE_ID_LAN><TERRORIST>" killed "Jack is Back!<35><VALVE_ID_LAN><CT>" with "deagle"
L 08/30/2018 - 12:52:37: "Cap Billy<30><VALVE_ID_LOOPBACK><CT>" killed "GARGAMEL ALFA<37><VALVE_ID_LAN><TERRORIST>" with "knife"
L 08/30/2018 - 12:52:37: Team "CT" triggered "CTs_Win" (CT "2") (T "0")
L 08/30/2018 - 12:52:37: World triggered "Round_End"
L 08/30/2018 - 12:52:42: World triggered "Round_Start"
L 08/30/2018 - 12:52:43: "Jack is Back!<35><VALVE_ID_LAN><CT>" say "boaoooaaa"
L 08/30/2018 - 12:52:45: "@te<39><VALVE_ID_LAN><CT>" say "pegue"
L 08/30/2018 - 12:52:56: "Jack is Back!<35><VALVE_ID_LAN><CT>" killed "GARGAMEL ALFA<37><VALVE_ID_LAN><TERRORIST>" with "deagle"
L 08/30/2018 - 12:52:57: "Kratos<34><VALVE_ID_LAN><TERRORIST>" killed "Jack is Back!<35><VALVE_ID_LAN><CT>" with "knife"
L 08/30/2018 - 12:52:59: "Calcas Peludas<36><VALVE_ID_LAN><TERRORIST>" killed "NOVATO<33><VALVE_ID_LAN><CT>" with "deagle"
L 08/30/2018 - 12:53:04: "Cap Billy<30><VALVE_ID_LOOPBACK><CT>" killed "Calcas Peludas<36><VALVE_ID_LAN><TERRORIST>" with "knife"
L 08/30/2018 - 12:53:07: "Inspetor Buginganga<38><VALVE_ID_LAN><CT>" killed "Kratos<34><VALVE_ID_LAN><TERRORIST>" with "deagle"
L 08/30/2018 - 12:53:15: "Calcas Peludas<36><VALVE_ID_LAN><TERRORIST>" say "deixou molinho capitao safado" (dead)
L 08/30/2018 - 12:53:16: "Smolder<31><VALVE_ID_LAN><TERRORIST>" killed "@te<39><VALVE_ID_LAN><CT>" with "deagle"
L 08/30/2018 - 12:53:18: "Cap Billy<30><VALVE_ID_LOOPBACK><CT>" killed "Smolder<31><VALVE_ID_LAN><TERRORIST>" with "deagle"
L 08/30/2018 - 12:53:19: "Jack is Back!<35><VALVE_ID_LAN><CT>" say "ui" (dead)
L 08/30/2018 - 12:53:30: "Inspetor Buginganga<38><VALVE_ID_LAN><CT>" say "mata  bot"
L 08/30/2018 - 12:53:32: "Cap Billy<30><VALVE_ID_LOOPBACK><CT>" killed "XXBOT Wayne<32><BOT><TERRORIST>" with "deagle"
L 08/30/2018 - 12:53:32: Team "CT" triggered "CTs_Win" (CT "3") (T "0")
L 08/30/2018 - 12:53:32: World triggered "Round_End"
L 08/30/2018 - 12:53:37: World triggered "Round_Start"
L 08/30/2018 - 12:53:46: "Jack is Back!<35><VALVE_ID_LAN><CT>" killed "Calcas Peludas<36><VALVE_ID_LAN><TERRORIST>" with "deagle"
L 08/30/2018 - 12:53:48: "GARGAMEL ALFA<37><VALVE_ID_LAN><TERRORIST>" killed "Inspetor Buginganga<38><VALVE_ID_LAN><CT>" with "deagle"
L 08/30/2018 - 12:53:50: "XXBOT Wayne<32><BOT><TERRORIST>" killed "NOVATO<33><VALVE_ID_LAN><CT>" with "deagle"
L 08/30/2018 - 12:53:50: "Cap Billy<30><VALVE_ID_LOOPBACK><CT>" killed "Smolder<31><VALVE_ID_LAN><TERRORIST>" with "deagle"
L 08/30/2018 - 12:53:52: "Cap Billy<30><VALVE_ID_LOOPBACK><CT>" killed "XXBOT Wayne<32><BOT><TERRORIST>" with "deagle"
L 08/30/2018 - 12:53:52: "GARGAMEL ALFA<37><VALVE_ID_LAN><TERRORIST>" killed "Jack is Back!<35><VALVE_ID_LAN><CT>" with "deagle"
L 08/30/2018 - 12:53:54: "Kratos<34><VALVE_ID_LAN><TERRORIST>" killed "@te<39><VALVE_ID_LAN><CT>" with "knife"
L 08/30/2018 - 12:53:56: "GARGAMEL ALFA<37><VALVE_ID_LAN><TERRORIST>" killed "Cap Billy<30><VALVE_ID_LOOPBACK><CT>" with "knife"
L 08/30/2018 - 12:53:56: Team "TERRORIST" triggered "Terrorists_Win" (CT "3") (T "1")
L 08/30/2018 - 12:53:56: World triggered "Round_End"
L 08/30/2018 - 12:53:59: "Calcas Peludas<36><VALVE_ID_LAN><TERRORIST>" say "pegue" (dead)
L 08/30/2018 - 12:54:01: World triggered "Round_Start"
L 08/30/2018 - 12:54:19: "Cap Billy<30><VALVE_ID_LOOPBACK><CT>" killed "XXBOT Wayne<32><BOT><TERRORIST>" with "deagle"
L 08/30/2018 - 12:54:20: "Smolder<31><VALVE_ID_LAN><TERRORIST>" killed "Cap Billy<30><VALVE_ID_LOOPBACK><CT>" with "deagle"
L 08/30/2018 - 12:54:24: "NOVATO<33><VALVE_ID_LAN><CT>" killed "GARGAMEL ALFA<37><VALVE_ID_LAN><TERRORIST>" with "deagle"
L 08/30/2018 - 12:54:25: "Kratos<34><VALVE_ID_LAN><TERRORIST>" killed "@te<39><VALVE_ID_LAN><CT>" with "knife"
L 08/30/2018 - 12:54:27: "Inspetor Buginganga<38><VALVE_ID_LAN><CT>" killed "Kratos<34><VALVE_ID_LAN><TERRORIST>" with "deagle"
L 08/30/2018 - 12:54:28: "Smolder<31><VALVE_ID_LAN><TERRORIST>" killed "Inspetor Buginganga<38><VALVE_ID_LAN><CT>" with "knife"
L 08/30/2018 - 12:54:31: "Jack is Back!<35><VALVE_ID_LAN><CT>" killed "Calcas Peludas<36><VALVE_ID_LAN><TERRORIST>" with "knife"
L 08/30/2018 - 12:54:32: "NOVATO<33><VALVE_ID_LAN><CT>" killed "Smolder<31><VALVE_ID_LAN><TERRORIST>" with "deagle"
L 08/30/2018 - 12:54:32: Team "CT" triggered "CTs_Win" (CT "4") (T "1")
L 08/30/2018 - 12:54:32: World triggered "Round_End"
L 08/30/2018 - 12:54:36: "Calcas Peludas<36><VALVE_ID_LAN><TERRORIST>" say "deu erraod" (dead)
L 08/30/2018 - 12:54:37: World triggered "Round_Start"
L 08/30/2018 - 12:54:44: "Kratos<34><VALVE_ID_LAN><TERRORIST>" killed "@te<39><VALVE_ID_LAN><CT>" with "deagle"
L 08/30/2018 - 12:54:48: "Inspetor Buginganga<38><VALVE_ID_LAN><CT>" killed "XXBOT Wayne<32><BOT><TERRORIST>" with "deagle"
L 08/30/2018 - 12:54:48: "Kratos<34><VALVE_ID_LAN><TERRORIST>" killed "NOVATO<33><VALVE_ID_LAN><CT>" with "knife"
L 08/30/2018 - 12:54:49: "GARGAMEL ALFA<37><VALVE_ID_LAN><TERRORIST>" killed "Inspetor Buginganga<38><VALVE_ID_LAN><CT>" with "deagle"
L 08/30/2018 - 12:54:50: "Cap Billy<30><VALVE_ID_LOOPBACK><CT>" killed "Kratos<34><VALVE_ID_LAN><TERRORIST>" with "knife"
L 08/30/2018 - 12:54:53: "Kratos<34><VALVE_ID_LAN><TERRORIST>" say "viado" (dead)
L 08/30/2018 - 12:54:54: "Cap Billy<30><VALVE_ID_LOOPBACK><CT>" killed "Smolder<31><VALVE_ID_LAN><TERRORIST>" with "deagle"
L 08/30/2018 - 12:54:55: "Kratos<34><VALVE_ID_LAN><TERRORIST>" say "de lopnge" (dead)
L 08/30/2018 - 12:55:03: "Cap Billy<30><VALVE_ID_LOOPBACK><CT>" say_team "perai"
L 08/30/2018 - 12:55:15: "Cap Billy<30><VALVE_ID_LOOPBACK><CT>" killed "Calcas Peludas<36><VALVE_ID_LAN><TERRORIST>" with "deagle"
L 08/30/2018 - 12:55:31: "GARGAMEL ALFA<37><VALVE_ID_LAN><TERRORIST>" killed "Cap Billy<30><VALVE_ID_LOOPBACK><CT>" with "deagle"
L 08/30/2018 - 12:55:36: "Smolder<31><VALVE_ID_LAN><TERRORIST>" say_team "vou em cima metam faca por baixo" (dead)
L 08/30/2018 - 12:55:41: "Smolder<31><VALVE_ID_LAN><TERRORIST>" say_team "vou distrair" (dead)
L 08/30/2018 - 12:55:43: "GARGAMEL ALFA<37><VALVE_ID_LAN><TERRORIST>" killed "Jack is Back!<35><VALVE_ID_LAN><CT>" with "deagle"
L 08/30/2018 - 12:55:43: Team "TERRORIST" triggered "Terrorists_Win" (CT "4") (T "2")
L 08/30/2018 - 12:55:43: World triggered "Round_End"
L 08/30/2018 - 12:55:47: "Cap Billy<30><VALVE_ID_LOOPBACK><CT>" say "MEDROSOOOOO" (dead)
L 08/30/2018 - 12:55:48: World triggered "Round_Start"
L 08/30/2018 - 12:55:49: "Jack is Back!<35><VALVE_ID_LAN><CT>" say "co9vardeeeeeeeeeeeeeee"
L 08/30/2018 - 12:56:04: "Smolder<31><VALVE_ID_LAN><TERRORIST>" killed "Cap Billy<30><VALVE_ID_LOOPBACK><CT>" with "deagle"
L 08/30/2018 - 12:56:04: "Calcas Peludas<36><VALVE_ID_LAN><TERRORIST>" killed "@te<39><VALVE_ID_LAN><CT>" with "deagle"
L 08/30/2018 - 12:56:05: "NOVATO<33><VALVE_ID_LAN><CT>" killed "GARGAMEL ALFA<37><VALVE_ID_LAN><TERRORIST>" with "deagle"
L 08/30/2018 - 12:56:07: "Inspetor Buginganga<38><VALVE_ID_LAN><CT>" killed "Calcas Peludas<36><VALVE_ID_LAN><TERRORIST>" with "deagle"
L 08/30/2018 - 12:56:09: "Jack is Back!<35><VALVE_ID_LAN><CT>" killed "Smolder<31><VALVE_ID_LAN><TERRORIST>" with "deagle"
L 08/30/2018 - 12:56:09: "Kratos<34><VALVE_ID_LAN><TERRORIST>" killed "NOVATO<33><VALVE_ID_LAN><CT>" with "knife"
L 08/30/2018 - 12:56:15: "Kratos<34><VALVE_ID_LAN><TERRORIST>" killed "Inspetor Buginganga<38><VALVE_ID_LAN><CT>" with "deagle"
L 08/30/2018 - 12:56:16: "Calcas Peludas<36><VALVE_ID_LAN><TERRORIST>" say_team "estavam de tocaia" (dead)
L 08/30/2018 - 12:56:17: "XXBOT Wayne<32><BOT><TERRORIST>" killed "Jack is Back!<35><VALVE_ID_LAN><CT>" with "deagle"
L 08/30/2018 - 12:56:17: Team "TERRORIST" triggered "Terrorists_Win" (CT "4") (T "3")
L 08/30/2018 - 12:56:17: World triggered "Round_End"
L 08/30/2018 - 12:56:21: "Smolder<31><VALVE_ID_LAN><TERRORIST>" say_team "de novo" (dead)
L 08/30/2018 - 12:56:22: World triggered "Round_Start"
L 08/30/2018 - 12:56:22: "Cap Billy<30><VALVE_ID_LOOPBACK><CT>" say_team "juntos novamente"
L 08/30/2018 - 12:56:27: "Cap Billy<30><VALVE_ID_LOOPBACK><CT>" say_team "3esq"
L 08/30/2018 - 12:56:30: "Cap Billy<30><VALVE_ID_LOOPBACK><CT>" killed "Kratos<34><VALVE_ID_LAN><TERRORIST>" with "deagle"
L 08/30/2018 - 12:56:31: "Cap Billy<30><VALVE_ID_LOOPBACK><CT>" killed "Calcas Peludas<36><VALVE_ID_LAN><TERRORIST>" with "deagle"
L 08/30/2018 - 12:56:45: "Cap Billy<30><VALVE_ID_LOOPBACK><CT>" killed "Smolder<31><VALVE_ID_LAN><TERRORIST>" with "deagle"
L 08/30/2018 - 12:56:49: "XXBOT Wayne<32><BOT><TERRORIST>" killed "Inspetor Buginganga<38><VALVE_ID_LAN><CT>" with "deagle"
L 08/30/2018 - 12:57:01: "XXBOT Wayne<32><BOT><TERRORIST>" killed "NOVATO<33><VALVE_ID_LAN><CT>" with "deagle"
L 08/30/2018 - 12:57:06: "Cap Billy<30><VALVE_ID_LOOPBACK><CT>" killed "GARGAMEL ALFA<37><VALVE_ID_LAN><TERRORIST>" with "deagle"
L 08/30/2018 - 12:57:09: "XXBOT Wayne<32><BOT><TERRORIST>" killed "Jack is Back!<35><VALVE_ID_LAN><CT>" with "deagle"
L 08/30/2018 - 12:57:11: "Cap Billy<30><VALVE_ID_LOOPBACK><CT>" killed "XXBOT Wayne<32><BOT><TERRORIST>" with "deagle"
L 08/30/2018 - 12:57:11: Team "CT" triggered "CTs_Win" (CT "5") (T "3")
L 08/30/2018 - 12:57:11: World triggered "Round_End"
L 08/30/2018 - 12:57:13: "Calcas Peludas<36><VALVE_ID_LAN><TERRORIST>" say "bot muito burro" (dead)
L 08/30/2018 - 12:57:16: World triggered "Round_Start"
L 08/30/2018 - 12:57:21: "Cap Billy<30><VALVE_ID_LOOPBACK><CT>" killed "Calcas Peludas<36><VALVE_ID_LAN><TERRORIST>" with "deagle"
L 08/30/2018 - 12:57:23: "Cap Billy<30><VALVE_ID_LOOPBACK><CT>" killed "GARGAMEL ALFA<37><VALVE_ID_LAN><TERRORIST>" with "deagle"
L 08/30/2018 - 12:57:29: "Jack is Back!<35><VALVE_ID_LAN><CT>" killed "XXBOT Wayne<32><BOT><TERRORIST>" with "deagle"
L 08/30/2018 - 12:57:52: "Smolder<31><VALVE_ID_LAN><TERRORIST>" killed "NOVATO<33><VALVE_ID_LAN><CT>" with "deagle"
L 08/30/2018 - 12:57:53: "Cap Billy<30><VALVE_ID_LOOPBACK><CT>" killed "Smolder<31><VALVE_ID_LAN><TERRORIST>" with "knife"
L 08/30/2018 - 12:57:56: "Kratos<34><VALVE_ID_LAN><TERRORIST>" killed "Jack is Back!<35><VALVE_ID_LAN><CT>" with "deagle"
L 08/30/2018 - 12:58:01: "Kratos<34><VALVE_ID_LAN><TERRORIST>" killed "Cap Billy<30><VALVE_ID_LOOPBACK><CT>" with "deagle"
L 08/30/2018 - 12:58:02: "@te<39><VALVE_ID_LAN><CT>" killed "Kratos<34><VALVE_ID_LAN><TERRORIST>" with "deagle"
L 08/30/2018 - 12:58:02: Team "CT" triggered "CTs_Win" (CT "6") (T "3")
L 08/30/2018 - 12:58:02: World triggered "Round_End"
L 08/30/2018 - 12:58:06: "Jack is Back!<35><VALVE_ID_LAN><CT>" say "timeleft" (dead)
L 08/30/2018 - 12:58:07: World triggered "Round_Start"
L 08/30/2018 - 12:58:13: "Kratos<34><VALVE_ID_LAN><TERRORIST>" killed "@te<39><VALVE_ID_LAN><CT>" with "deagle"
L 08/30/2018 - 12:58:15: "NOVATO<33><VALVE_ID_LAN><CT>" killed "Calcas Peludas<36><VALVE_ID_LAN><TERRORIST>" with "deagle"
L 08/30/2018 - 12:58:18: "Smolder<31><VALVE_ID_LAN><TERRORIST>" killed "Jack is Back!<35><VALVE_ID_LAN><CT>" with "deagle"
L 08/30/2018 - 12:58:18: "Inspetor Buginganga<38><VALVE_ID_LAN><CT>" killed "Smolder<31><VALVE_ID_LAN><TERRORIST>" with "deagle"
L 08/30/2018 - 12:58:20: "Inspetor Buginganga<38><VALVE_ID_LAN><CT>" killed "XXBOT Wayne<32><BOT><TERRORIST>" with "deagle"
L 08/30/2018 - 12:58:20: "Kratos<34><VALVE_ID_LAN><TERRORIST>" killed "Inspetor Buginganga<38><VALVE_ID_LAN><CT>" with "knife"
L 08/30/2018 - 12:58:21: "NOVATO<33><VALVE_ID_LAN><CT>" killed "Kratos<34><VALVE_ID_LAN><TERRORIST>" with "knife"
L 08/30/2018 - 12:58:21: "GARGAMEL ALFA<37><VALVE_ID_LAN><TERRORIST>" killed "NOVATO<33><VALVE_ID_LAN><CT>" with "knife"
L 08/30/2018 - 12:58:25: "Cap Billy<30><VALVE_ID_LOOPBACK><CT>" killed "GARGAMEL ALFA<37><VALVE_ID_LAN><TERRORIST>" with "knife"
L 08/30/2018 - 12:58:25: Team "CT" triggered "CTs_Win" (CT "7") (T "3")
L 08/30/2018 - 12:58:25: World triggered "Round_End"
L 08/30/2018 - 12:58:27: "Calcas Peludas<36><VALVE_ID_LAN><TERRORIST>" say "kakakkaakaak" (dead)
L 08/30/2018 - 12:58:30: World triggered "Round_Start"
L 08/30/2018 - 12:58:30: "Cap Billy<30><VALVE_ID_LOOPBACK><CT>" say "SOH FACA"
L 08/30/2018 - 12:58:30: "Jack is Back!<35><VALVE_ID_LAN><CT>" say "so faccaaaaaaaaaa"
L 08/30/2018 - 12:58:31: "Calcas Peludas<36><VALVE_ID_LAN><TERRORIST>" say "faca"
L 08/30/2018 - 12:58:34: "@te<39><VALVE_ID_LAN><CT>" say "tom@"
L 08/30/2018 - 12:58:34: Server cvar "bot_allow_pistols" = "0"
L 08/30/2018 - 12:58:34: Server cvar "bot_allow_shotguns" = "0"
L 08/30/2018 - 12:58:34: Server cvar "bot_allow_sub_machine_guns" = "0"
L 08/30/2018 - 12:58:34: Server cvar "bot_allow_rifles" = "0"
L 08/30/2018 - 12:58:34: Server cvar "bot_allow_machine_guns" = "0"
L 08/30/2018 - 12:58:34: Server cvar "bot_allow_grenades" = "0"
L 08/30/2018 - 12:58:34: Server cvar "bot_allow_snipers" = "0"
L 08/30/2018 - 12:58:34: Server cvar "bot_allow_shield" = "0"
L 08/30/2018 - 12:58:38: "Cap Billy<30><VALVE_ID_LOOPBACK><CT>" say "TSOH FACAAAA"
L 08/30/2018 - 12:58:48: "Inspetor Buginganga<38><VALVE_ID_LAN><CT>" killed "Smolder<31><VALVE_ID_LAN><TERRORIST>" with "knife"
L 08/30/2018 - 12:58:49: "NOVATO<33><VALVE_ID_LAN><CT>" killed "Kratos<34><VALVE_ID_LAN><TERRORIST>" with "knife"
L 08/30/2018 - 12:58:51: "Calcas Peludas<36><VALVE_ID_LAN><TERRORIST>" killed "Jack is Back!<35><VALVE_ID_LAN><CT>" with "knife"
L 08/30/2018 - 12:58:53: "GARGAMEL ALFA<37><VALVE_ID_LAN><TERRORIST>" killed "NOVATO<33><VALVE_ID_LAN><CT>" with "knife"
L 08/30/2018 - 12:58:54: "Inspetor Buginganga<38><VALVE_ID_LAN><CT>" killed "GARGAMEL ALFA<37><VALVE_ID_LAN><TERRORIST>" with "knife"
L 08/30/2018 - 12:59:06: "Calcas Peludas<36><VALVE_ID_LAN><TERRORIST>" killed "@te<39><VALVE_ID_LAN><CT>" with "knife"
L 08/30/2018 - 12:59:06: "Jack is Back!<35><VALVE_ID_LAN><CT>" say "foneee" (dead)
L 08/30/2018 - 12:59:09: "Calcas Peludas<36><VALVE_ID_LAN><TERRORIST>" killed "Cap Billy<30><VALVE_ID_LOOPBACK><CT>" with "knife"
L 08/30/2018 - 12:59:09: "Smolder<31><VALVE_ID_LAN><TERRORIST>" say "tome" (dead)
L 08/30/2018 - 12:59:14: "Jack is Back!<35><VALVE_ID_LAN><CT>" say "facaaa" (dead)
L 08/30/2018 - 12:59:15: "XXBOT Wayne<32><BOT><TERRORIST>" killed "Inspetor Buginganga<38><VALVE_ID_LAN><CT>" with "knife"
L 08/30/2018 - 12:59:15: Team "TERRORIST" triggered "Terrorists_Win" (CT "7") (T "4")
L 08/30/2018 - 12:59:15: World triggered "Round_End"
L 08/30/2018 - 12:59:16: "Jack is Back!<35><VALVE_ID_LAN><CT>" say "caralho" (dead)
L 08/30/2018 - 12:59:18: "Cap Billy<30><VALVE_ID_LOOPBACK><CT>" say "EIII" (dead)
L 08/30/2018 - 12:59:18: "Calcas Peludas<36><VALVE_ID_LAN><TERRORIST>" say "tome"
L 08/30/2018 - 12:59:18: "Kratos<34><VALVE_ID_LAN><TERRORIST>" say "covarde " (dead)
L 08/30/2018 - 12:59:18: "Smolder<31><VALVE_ID_LAN><TERRORIST>" say "covarde" (dead)
L 08/30/2018 - 12:59:20: World triggered "Round_Start"
L 08/30/2018 - 12:59:20: "Calcas Peludas<36><VALVE_ID_LAN><TERRORIST>" say "kkkk"
L 08/30/2018 - 12:59:20: "Cap Billy<30><VALVE_ID_LOOPBACK><CT>" say "PODE NAAAO"
L 08/30/2018 - 12:59:21: "Jack is Back!<35><VALVE_ID_LAN><CT>" say "so facaa caralhor"
L 08/30/2018 - 12:59:36: "Kratos<34><VALVE_ID_LAN><TERRORIST>" killed "Inspetor Buginganga<38><VALVE_ID_LAN><CT>" with "knife"
L 08/30/2018 - 12:59:38: "NOVATO<33><VALVE_ID_LAN><CT>" killed "GARGAMEL ALFA<37><VALVE_ID_LAN><TERRORIST>" with "knife"
L 08/30/2018 - 12:59:39: "Smolder<31><VALVE_ID_LAN><TERRORIST>" killed "@te<39><VALVE_ID_LAN><CT>" with "knife"
L 08/30/2018 - 12:59:39: "Cap Billy<30><VALVE_ID_LOOPBACK><CT>" killed "Kratos<34><VALVE_ID_LAN><TERRORIST>" with "knife"
L 08/30/2018 - 12:59:40: "NOVATO<33><VALVE_ID_LAN><CT>" killed "Calcas Peludas<36><VALVE_ID_LAN><TERRORIST>" with "knife"
L 08/30/2018 - 12:59:43: Server cvar "amx_nextmap" = "fy_stoneworld"
L 08/30/2018 - 12:59:46: "Calcas Peludas<36><VALVE_ID_LAN><TERRORIST>" say "levou do bot" (dead)
L 08/30/2018 - 12:59:47: "Cap Billy<30><VALVE_ID_LOOPBACK><CT>" killed "XXBOT Wayne<32><BOT><TERRORIST>" with "knife"
L 08/30/2018 - 12:59:49: "Calcas Peludas<36><VALVE_ID_LAN><TERRORIST>" say "kakakakakakakaka" (dead)
L 08/30/2018 - 12:59:54: "Cap Billy<30><VALVE_ID_LOOPBACK><CT>" killed "Smolder<31><VALVE_ID_LAN><TERRORIST>" with "knife"
L 08/30/2018 - 12:59:54: Team "CT" triggered "CTs_Win" (CT "8") (T "4")
L 08/30/2018 - 12:59:54: World triggered "Round_End"
L 08/30/2018 - 13:00:00: World triggered "Round_Start"
L 08/30/2018 - 13:00:01: "@te<39><VALVE_ID_LAN><CT>" say "tom@"
L 08/30/2018 - 13:00:21: "Smolder<31><VALVE_ID_LAN><TERRORIST>" killed "NOVATO<33><VALVE_ID_LAN><CT>" with "knife"
L 08/30/2018 - 13:00:25: "Calcas Peludas<36><VALVE_ID_LAN><TERRORIST>" killed "Cap Billy<30><VALVE_ID_LOOPBACK><CT>" with "knife"
L 08/30/2018 - 13:00:31: "Kratos<34><VALVE_ID_LAN><TERRORIST>" killed "Jack is Back!<35><VALVE_ID_LAN><CT>" with "knife"
L 08/30/2018 - 13:00:34: "Calcas Peludas<36><VALVE_ID_LAN><TERRORIST>" killed "@te<39><VALVE_ID_LAN><CT>" with "knife"
L 08/30/2018 - 13:00:38: "Calcas Peludas<36><VALVE_ID_LAN><TERRORIST>" killed "Inspetor Buginganga<38><VALVE_ID_LAN><CT>" with "knife"
L 08/30/2018 - 13:00:38: Team "TERRORIST" triggered "Terrorists_Win" (CT "8") (T "5")
L 08/30/2018 - 13:00:38: World triggered "Round_End"
L 08/30/2018 - 13:00:39: "Cap Billy<30><VALVE_ID_LOOPBACK><CT>" say_team "SOZINHO A GENTE VAI LEVAR FACA DIRETOOO" (dead)
L 08/30/2018 - 13:00:41: "Kratos<34><VALVE_ID_LAN><TERRORIST>" say "timeleft"
L 08/30/2018 - 13:00:43: "Cap Billy<30><VALVE_ID_LOOPBACK><CT>" say_team "DIREITA" (dead)
L 08/30/2018 - 13:00:43: "Jack is Back!<35><VALVE_ID_LAN><CT>" say_team "juntos" (dead)
L 08/30/2018 - 13:00:43: World triggered "Round_Start"
L 08/30/2018 - 13:00:45: "Jack is Back!<35><VALVE_ID_LAN><CT>" say_team "jontos"
L 08/30/2018 - 13:00:52: "Cap Billy<30><VALVE_ID_LOOPBACK><CT>" killed "XXBOT Wayne<32><BOT><TERRORIST>" with "knife"
L 08/30/2018 - 13:01:12: "Jack is Back!<35><VALVE_ID_LAN><CT>" killed "Smolder<31><VALVE_ID_LAN><TERRORIST>" with "knife"
L 08/30/2018 - 13:01:12: "@te<39><VALVE_ID_LAN><CT>" killed "Calcas Peludas<36><VALVE_ID_LAN><TERRORIST>" with "knife"
L 08/30/2018 - 13:01:13: "NOVATO<33><VALVE_ID_LAN><CT>" killed "Kratos<34><VALVE_ID_LAN><TERRORIST>" with "knife"
L 08/30/2018 - 13:01:13: "GARGAMEL ALFA<37><VALVE_ID_LAN><TERRORIST>" killed "@te<39><VALVE_ID_LAN><CT>" with "knife"
L 08/30/2018 - 13:01:14: "Inspetor Buginganga<38><VALVE_ID_LAN><CT>" killed "GARGAMEL ALFA<37><VALVE_ID_LAN><TERRORIST>" with "knife"
L 08/30/2018 - 13:01:14: Team "CT" triggered "CTs_Win" (CT "9") (T "5")
L 08/30/2018 - 13:01:14: World triggered "Round_End"
L 08/30/2018 - 13:01:15: "Kratos<34><VALVE_ID_LAN><TERRORIST>" say "de cem" (dead)
L 08/30/2018 - 13:01:16: "Calcas Peludas<36><VALVE_ID_LAN><TERRORIST>" say "karalho" (dead)
L 08/30/2018 - 13:01:19: World triggered "Round_Start"
L 08/30/2018 - 13:01:22: "Cap Billy<30><VALVE_ID_LOOPBACK><CT>" say_team "meio]a"
L 08/30/2018 - 13:01:25: "NOVATO<33><VALVE_ID_LAN><CT>" killed "Smolder<31><VALVE_ID_LAN><TERRORIST>" with "knife"
L 08/30/2018 - 13:01:25: "Calcas Peludas<36><VALVE_ID_LAN><TERRORIST>" killed "Cap Billy<30><VALVE_ID_LOOPBACK><CT>" with "knife"
L 08/30/2018 - 13:01:26: "Kratos<34><VALVE_ID_LAN><TERRORIST>" killed "NOVATO<33><VALVE_ID_LAN><CT>" with "knife"
L 08/30/2018 - 13:01:26: "Jack is Back!<35><VALVE_ID_LAN><CT>" killed "Calcas Peludas<36><VALVE_ID_LAN><TERRORIST>" with "knife"
L 08/30/2018 - 13:01:28: "Jack is Back!<35><VALVE_ID_LAN><CT>" killed "Kratos<34><VALVE_ID_LAN><TERRORIST>" with "knife"
L 08/30/2018 - 13:01:29: "GARGAMEL ALFA<37><VALVE_ID_LAN><TERRORIST>" killed "@te<39><VALVE_ID_LAN><CT>" with "knife"
L 08/30/2018 - 13:01:30: "Jack is Back!<35><VALVE_ID_LAN><CT>" killed "GARGAMEL ALFA<37><VALVE_ID_LAN><TERRORIST>" with "knife"
L 08/30/2018 - 13:01:30: "Inspetor Buginganga<38><VALVE_ID_LAN><CT>" killed "XXBOT Wayne<32><BOT><TERRORIST>" with "knife"
L 08/30/2018 - 13:01:30: Team "CT" triggered "CTs_Win" (CT "10") (T "5")
L 08/30/2018 - 13:01:30: World triggered "Round_End"
L 08/30/2018 - 13:01:31: Team "CT" scored "10" with "5" players
L 08/30/2018 - 13:01:31: Team "TERRORIST" scored "5" with "5" players
L 08/30/2018 - 13:01:35: "Cap Billy<30><VALVE_ID_LOOPBACK><CT>" triggered "weaponstats" (weapon "deagle") (shots "129") (hits "46") (kills "18") (headshots "9") (tks "0") (damage "2382") (deaths "3")
L 08/30/2018 - 13:01:35: "Cap Billy<30><VALVE_ID_LOOPBACK><CT>" triggered "weaponstats2" (weapon "deagle") (head "10") (chest "5") (stomach "3") (leftarm "15") (rightarm "13") (leftleg "0") (rightleg "0")
L 08/30/2018 - 13:01:35: "Cap Billy<30><VALVE_ID_LOOPBACK><CT>" triggered "weaponstats" (weapon "knife") (shots "38") (hits "16") (kills "9") (headshots "4") (tks "0") (damage "1212") (deaths "5")
L 08/30/2018 - 13:01:35: "Cap Billy<30><VALVE_ID_LOOPBACK><CT>" triggered "weaponstats2" (weapon "knife") (head "6") (chest "2") (stomach "1") (leftarm "2") (rightarm "5") (leftleg "0") (rightleg "0")
L 08/30/2018 - 13:01:35: "Cap Billy<30><VALVE_ID_LOOPBACK><CT>" triggered "time" (time "10:06")
L 08/30/2018 - 13:01:35: "Cap Billy<30><VALVE_ID_LOOPBACK><CT>" triggered "latency" (ping "0")
L 08/30/2018 - 13:01:35: "Smolder<31><VALVE_ID_LAN><TERRORIST>" triggered "weaponstats" (weapon "deagle") (shots "74") (hits "12") (kills "5") (headshots "1") (tks "0") (damage "572") (deaths "5")
L 08/30/2018 - 13:01:35: "Smolder<31><VALVE_ID_LAN><TERRORIST>" triggered "weaponstats2" (weapon "deagle") (head "2") (chest "6") (stomach "1") (leftarm "3") (rightarm "0") (leftleg "0") (rightleg "0")
L 08/30/2018 - 13:01:35: "Smolder<31><VALVE_ID_LAN><TERRORIST>" triggered "weaponstats" (weapon "knife") (shots "47") (hits "11") (kills "3") (headshots "2") (tks "0") (damage "881") (deaths "9")
L 08/30/2018 - 13:01:35: "Smolder<31><VALVE_ID_LAN><TERRORIST>" triggered "weaponstats2" (weapon "knife") (head "8") (chest "2") (stomach "0") (leftarm "0") (rightarm "1") (leftleg "0") (rightleg "0")
L 08/30/2018 - 13:01:35: "Smolder<31><VALVE_ID_LAN><TERRORIST>" triggered "time" (time "10:03")
L 08/30/2018 - 13:01:35: "Smolder<31><VALVE_ID_LAN><TERRORIST>" triggered "latency" (ping "5")
L 08/30/2018 - 13:01:35: "NOVATO<33><VALVE_ID_LAN><CT>" triggered "weaponstats" (weapon "deagle") (shots "106") (hits "21") (kills "6") (headshots "2") (tks "0") (damage "951") (deaths "8")
L 08/30/2018 - 13:01:35: "NOVATO<33><VALVE_ID_LAN><CT>" triggered "weaponstats2" (weapon "deagle") (head "2") (chest "2") (stomach "0") (leftarm "6") (rightarm "11") (leftleg "0") (rightleg "0")
L 08/30/2018 - 13:01:35: "NOVATO<33><VALVE_ID_LAN><CT>" triggered "weaponstats" (weapon "knife") (shots "18") (hits "8") (kills "6") (headshots "3") (tks "0") (damage "992") (deaths "4")
L 08/30/2018 - 13:01:35: "NOVATO<33><VALVE_ID_LAN><CT>" triggered "weaponstats2" (weapon "knife") (head "3") (chest "4") (stomach "0") (leftarm "1") (rightarm "0") (leftleg "0") (rightleg "0")
L 08/30/2018 - 13:01:35: "NOVATO<33><VALVE_ID_LAN><CT>" triggered "time" (time "10:02")
L 08/30/2018 - 13:01:35: "NOVATO<33><VALVE_ID_LAN><CT>" triggered "latency" (ping "4")
L 08/30/2018 - 13:01:35: "Kratos<34><VALVE_ID_LAN><TERRORIST>" triggered "weaponstats" (weapon "deagle") (shots "67") (hits "24") (kills "8") (headshots "4") (tks "0") (damage "1128") (deaths "2")
L 08/30/2018 - 13:01:35: "Kratos<34><VALVE_ID_LAN><TERRORIST>" triggered "weaponstats2" (weapon "deagle") (head "5") (chest "8") (stomach "5") (leftarm "3") (rightarm "1") (leftleg "2") (rightleg "0")
L 08/30/2018 - 13:01:35: "Kratos<34><VALVE_ID_LAN><TERRORIST>" triggered "weaponstats" (weapon "knife") (shots "44") (hits "16") (kills "10") (headshots "5") (tks "0") (damage "1654") (deaths "10")
L 08/30/2018 - 13:01:35: "Kratos<34><VALVE_ID_LAN><TERRORIST>" triggered "weaponstats2" (weapon "knife") (head "8") (chest "6") (stomach "0") (leftarm "0") (rightarm "1") (leftleg "1") (rightleg "0")
L 08/30/2018 - 13:01:35: "Kratos<34><VALVE_ID_LAN><TERRORIST>" triggered "time" (time "10:02")
L 08/30/2018 - 13:01:35: "Kratos<34><VALVE_ID_LAN><TERRORIST>" triggered "latency" (ping "7")
L 08/30/2018 - 13:01:35: "Jack is Back!<35><VALVE_ID_LAN><CT>" triggered "weaponstats" (weapon "deagle") (shots "60") (hits "17") (kills "4") (headshots "2") (tks "0") (damage "773") (deaths "2")
L 08/30/2018 - 13:01:35: "Jack is Back!<35><VALVE_ID_LAN><CT>" triggered "weaponstats2" (weapon "deagle") (head "2") (chest "2") (stomach "3") (leftarm "7") (rightarm "3") (leftleg "0") (rightleg "0")
L 08/30/2018 - 13:01:35: "Jack is Back!<35><VALVE_ID_LAN><CT>" triggered "weaponstats" (weapon "knife") (shots "33") (hits "12") (kills "5") (headshots "1") (tks "0") (damage "950") (deaths "8")
L 08/30/2018 - 13:01:35: "Jack is Back!<35><VALVE_ID_LAN><CT>" triggered "weaponstats2" (weapon "knife") (head "4") (chest "1") (stomach "1") (leftarm "3") (rightarm "3") (leftleg "0") (rightleg "0")
L 08/30/2018 - 13:01:35: "Jack is Back!<35><VALVE_ID_LAN><CT>" triggered "time" (time "10:02")
L 08/30/2018 - 13:01:35: "Jack is Back!<35><VALVE_ID_LAN><CT>" triggered "latency" (ping "11")
L 08/30/2018 - 13:01:35: "Calcas Peludas<36><VALVE_ID_LAN><TERRORIST>" triggered "weaponstats" (weapon "deagle") (shots "68") (hits "19") (kills "2") (headshots "2") (tks "0") (damage "753") (deaths "7")
L 08/30/2018 - 13:01:35: "Calcas Peludas<36><VALVE_ID_LAN><TERRORIST>" triggered "weaponstats2" (weapon "deagle") (head "3") (chest "4") (stomach "2") (leftarm "5") (rightarm "4") (leftleg "0") (rightleg "1")
L 08/30/2018 - 13:01:35: "Calcas Peludas<36><VALVE_ID_LAN><TERRORIST>" triggered "weaponstats" (weapon "knife") (shots "51") (hits "12") (kills "7") (headshots "3") (tks "0") (damage "1158") (deaths "6")
L 08/30/2018 - 13:01:35: "Calcas Peludas<36><VALVE_ID_LAN><TERRORIST>" triggered "weaponstats2" (weapon "knife") (head "5") (chest "0") (stomach "0") (leftarm "4") (rightarm "3") (leftleg "0") (rightleg "0")
L 08/30/2018 - 13:01:35: "Calcas Peludas<36><VALVE_ID_LAN><TERRORIST>" triggered "time" (time "10:01")
L 08/30/2018 - 13:01:35: "Calcas Peludas<36><VALVE_ID_LAN><TERRORIST>" triggered "latency" (ping "9")
L 08/30/2018 - 13:01:35: "GARGAMEL ALFA<37><VALVE_ID_LAN><TERRORIST>" triggered "weaponstats" (weapon "deagle") (shots "81") (hits "29") (kills "6") (headshots "0") (tks "0") (damage "832") (deaths "4")
L 08/30/2018 - 13:01:35: "GARGAMEL ALFA<37><VALVE_ID_LAN><TERRORIST>" triggered "weaponstats2" (weapon "deagle") (head "0") (chest "9") (stomach "3") (leftarm "8") (rightarm "4") (leftleg "2") (rightleg "3")
L 08/30/2018 - 13:01:35: "GARGAMEL ALFA<37><VALVE_ID_LAN><TERRORIST>" triggered "weaponstats" (weapon "knife") (shots "45") (hits "12") (kills "6") (headshots "2") (tks "0") (damage "903") (deaths "8")
L 08/30/2018 - 13:01:35: "GARGAMEL ALFA<37><VALVE_ID_LAN><TERRORIST>" triggered "weaponstats2" (weapon "knife") (head "2") (chest "6") (stomach "0") (leftarm "1") (rightarm "2") (leftleg "1") (rightleg "0")
L 08/30/2018 - 13:01:35: "GARGAMEL ALFA<37><VALVE_ID_LAN><TERRORIST>" triggered "time" (time "10:01")
L 08/30/2018 - 13:01:35: "GARGAMEL ALFA<37><VALVE_ID_LAN><TERRORIST>" triggered "latency" (ping "7")
L 08/30/2018 - 13:01:35: "Inspetor Buginganga<38><VALVE_ID_LAN><CT>" triggered "weaponstats" (weapon "deagle") (shots "63") (hits "19") (kills "7") (headshots "2") (tks "0") (damage "924") (deaths "8")
L 08/30/2018 - 13:01:35: "Inspetor Buginganga<38><VALVE_ID_LAN><CT>" triggered "weaponstats2" (weapon "deagle") (head "2") (chest "5") (stomach "1") (leftarm "6") (rightarm "4") (leftleg "0") (rightleg "1")
L 08/30/2018 - 13:01:35: "Inspetor Buginganga<38><VALVE_ID_LAN><CT>" triggered "weaponstats" (weapon "knife") (shots "13") (hits "5") (kills "4") (headshots "2") (tks "0") (damage "551") (deaths "2")
L 08/30/2018 - 13:01:35: "Inspetor Buginganga<38><VALVE_ID_LAN><CT>" triggered "weaponstats2" (weapon "knife") (head "2") (chest "0") (stomach "0") (leftarm "1") (rightarm "2") (leftleg "0") (rightleg "0")
L 08/30/2018 - 13:01:35: "Inspetor Buginganga<38><VALVE_ID_LAN><CT>" triggered "time" (time "10:00")
L 08/30/2018 - 13:01:35: "Inspetor Buginganga<38><VALVE_ID_LAN><CT>" triggered "latency" (ping "7")
L 08/30/2018 - 13:01:35: "@te<39><VALVE_ID_LAN><CT>" triggered "weaponstats" (weapon "deagle") (shots "42") (hits "11") (kills "2") (headshots "1") (tks "0") (damage "477") (deaths "5")
L 08/30/2018 - 13:01:35: "@te<39><VALVE_ID_LAN><CT>" triggered "weaponstats2" (weapon "deagle") (head "1") (chest "1") (stomach "1") (leftarm "3") (rightarm "1") (leftleg "4") (rightleg "0")
L 08/30/2018 - 13:01:35: "@te<39><VALVE_ID_LAN><CT>" triggered "weaponstats" (weapon "knife") (shots "25") (hits "4") (kills "2") (headshots "1") (tks "0") (damage "386") (deaths "8")
L 08/30/2018 - 13:01:35: "@te<39><VALVE_ID_LAN><CT>" triggered "weaponstats2" (weapon "knife") (head "3") (chest "0") (stomach "0") (leftarm "0") (rightarm "1") (leftleg "0") (rightleg "0")
L 08/30/2018 - 13:01:35: "@te<39><VALVE_ID_LAN><CT>" triggered "time" (time "9:49")
L 08/30/2018 - 13:01:35: "@te<39><VALVE_ID_LAN><CT>" triggered "latency" (ping "7")
L 08/30/2018 - 13:01:35: [META] ini: Begin re-reading plugins list: c:/valve/cstrike/addons/metamod/plugins.ini
L 08/30/2018 - 13:01:35: [META] ini: Read plugin config for: AMX
L 08/30/2018 - 13:01:35: [META] ini: Read plugin config for: WinHL-Booster
L 08/30/2018 - 13:01:35: [META] ERROR: ini: Skipping plugin, couldn't stat file 'addons/hlguard/dlls/hlguard_mm_nightly.dll': No such file or directory
L 08/30/2018 - 13:01:35: [META] ini: Read plugin config for: WebMod
L 08/30/2018 - 13:01:35: [META] ini: Finished reading plugins list: c:/valve/cstrike/addons/metamod/plugins.ini; Found 3 plugins
L 08/30/2018 - 13:01:35: [META] dll: Updating plugins...
L 08/30/2018 - 13:01:35: [META] ERROR: dll: Failed query plugin '<hlguard_mm_nightly.dll>'; Couldn't open file 'addons/hlguard/dlls/hlguard_mm_nightly.dll': Não foi possível encontrar o módulo especificado.

L 08/30/2018 - 13:01:35: [META] ERROR: dll: Skipping plugin '<hlguard_mm_nightly.dll>'; couldn't query
L 08/30/2018 - 13:01:35: [META] dll: Finished updating 6 plugins; kept 3, loaded 0, unloaded 0, reloaded 0, delayed 0
L 08/30/2018 - 13:01:35: Server shutdown
L 08/30/2018 - 13:01:35: Log file closed
