L 08/31/2018 - 12:41:18: Log file started (file "logs\L0831002.log") (game "cstrike") (version "47/1.1.2.2/2603")
L 08/31/2018 - 12:41:18: "Calcas Peludas<24><VALVE_ID_LAN><>" joined team "TERRORIST"
L 08/31/2018 - 12:41:19: "Jack is Back!<23><VALVE_ID_LAN><>" joined team "CT"
L 08/31/2018 - 12:41:20: World triggered "Round_Start"
L 08/31/2018 - 12:41:27: "Cap Billy<17><VALVE_ID_LOOPBACK><CT>" killed "GARGAMEL O MOLESTADOR DE CT<22><VALVE_ID_LAN><TERRORIST>" with "glock18"
L 08/31/2018 - 12:41:29: "Kratos<20><VALVE_ID_LAN><TERRORIST>" killed "XXBOT Adrian<18><BOT><CT>" with "glock18"
L 08/31/2018 - 12:41:29: "Cap Billy<17><VALVE_ID_LOOPBACK><CT>" killed "Calcas Peludas<24><VALVE_ID_LAN><TERRORIST>" with "glock18"
L 08/31/2018 - 12:41:32: "Smolder<19><VALVE_ID_LAN><TERRORIST>" killed "Cap Billy<17><VALVE_ID_LOOPBACK><CT>" with "glock18"
L 08/31/2018 - 12:41:36: "Inspetor Buginganga<21><VALVE_ID_LAN><>" joined team "CT"
L 08/31/2018 - 12:41:39: "Smolder<19><VALVE_ID_LAN><TERRORIST>" killed "Inspetor Buginganga<21><VALVE_ID_LAN><CT>" with "glock18"
L 08/31/2018 - 12:41:46: "Smolder<19><VALVE_ID_LAN><TERRORIST>" killed "Jack is Back!<23><VALVE_ID_LAN><CT>" with "glock18"
L 08/31/2018 - 12:41:46: Team "TERRORIST" triggered "Terrorists_Win" (CT "0") (T "1")
L 08/31/2018 - 12:41:46: World triggered "Round_End"
L 08/31/2018 - 12:41:51: World triggered "Round_Start"
L 08/31/2018 - 12:41:52: "Cap Billy<17><VALVE_ID_LOOPBACK><CT>" say "os doi com medo do jack!!"
L 08/31/2018 - 12:41:57: "Smolder<19><VALVE_ID_LAN><TERRORIST>" killed "XXBOT Adrian<18><BOT><CT>" with "glock18"
L 08/31/2018 - 12:42:05: "Smolder<19><VALVE_ID_LAN><TERRORIST>" killed "Jack is Back!<23><VALVE_ID_LAN><CT>" with "glock18"
L 08/31/2018 - 12:42:05: "Kratos<20><VALVE_ID_LAN><TERRORIST>" killed "Inspetor Buginganga<21><VALVE_ID_LAN><CT>" with "glock18"
L 08/31/2018 - 12:42:06: "Kratos<20><VALVE_ID_LAN><TERRORIST>" killed "Cap Billy<17><VALVE_ID_LOOPBACK><CT>" with "glock18"
L 08/31/2018 - 12:42:06: Team "TERRORIST" triggered "Terrorists_Win" (CT "0") (T "2")
L 08/31/2018 - 12:42:06: World triggered "Round_End"
L 08/31/2018 - 12:42:11: World triggered "Round_Start"
L 08/31/2018 - 12:42:12: "Jack is Back!<23><VALVE_ID_LAN><CT>" say "ne isso.. covardess rs"
L 08/31/2018 - 12:42:18: "Smolder<19><VALVE_ID_LAN><TERRORIST>" killed "XXBOT Adrian<18><BOT><CT>" with "glock18"
L 08/31/2018 - 12:42:25: "Smolder<19><VALVE_ID_LAN><TERRORIST>" killed "Jack is Back!<23><VALVE_ID_LAN><CT>" with "glock18"
L 08/31/2018 - 12:42:25: "Inspetor Buginganga<21><VALVE_ID_LAN><CT>" killed "Calcas Peludas<24><VALVE_ID_LAN><TERRORIST>" with "glock18"
L 08/31/2018 - 12:42:27: "Cap Billy<17><VALVE_ID_LOOPBACK><CT>" killed "Smolder<19><VALVE_ID_LAN><TERRORIST>" with "glock18"
L 08/31/2018 - 12:42:29: "Cap Billy<17><VALVE_ID_LOOPBACK><CT>" killed "Kratos<20><VALVE_ID_LAN><TERRORIST>" with "glock18"
L 08/31/2018 - 12:42:33: "Inspetor Buginganga<21><VALVE_ID_LAN><CT>" killed "GARGAMEL O MOLESTADOR DE CT<22><VALVE_ID_LAN><TERRORIST>" with "glock18"
L 08/31/2018 - 12:42:33: Team "CT" triggered "CTs_Win" (CT "1") (T "2")
L 08/31/2018 - 12:42:33: World triggered "Round_End"
L 08/31/2018 - 12:42:38: World triggered "Round_Start"
L 08/31/2018 - 12:42:40: "Jack is Back!<23><VALVE_ID_LAN><CT>" say "ei sacanagem.. deixaram o  ct com dois bots.. putaria"
L 08/31/2018 - 12:42:44: "Smolder<19><VALVE_ID_LAN><TERRORIST>" killed "XXBOT Adrian<18><BOT><CT>" with "glock18"
L 08/31/2018 - 12:42:48: "Cap Billy<17><VALVE_ID_LOOPBACK><CT>" killed "Kratos<20><VALVE_ID_LAN><TERRORIST>" with "glock18"
L 08/31/2018 - 12:42:49: "GARGAMEL O MOLESTADOR DE CT<22><VALVE_ID_LAN><TERRORIST>" killed "Inspetor Buginganga<21><VALVE_ID_LAN><CT>" with "glock18"
L 08/31/2018 - 12:42:53: "Smolder<19><VALVE_ID_LAN><TERRORIST>" killed "Jack is Back!<23><VALVE_ID_LAN><CT>" with "glock18"
L 08/31/2018 - 12:42:54: "Cap Billy<17><VALVE_ID_LOOPBACK><CT>" killed "GARGAMEL O MOLESTADOR DE CT<22><VALVE_ID_LAN><TERRORIST>" with "glock18"
L 08/31/2018 - 12:43:03: "Cap Billy<17><VALVE_ID_LOOPBACK><CT>" killed "Smolder<19><VALVE_ID_LAN><TERRORIST>" with "knife"
L 08/31/2018 - 12:43:12: "Cap Billy<17><VALVE_ID_LOOPBACK><CT>" killed "Calcas Peludas<24><VALVE_ID_LAN><TERRORIST>" with "glock18"
L 08/31/2018 - 12:43:12: Team "CT" triggered "CTs_Win" (CT "2") (T "2")
L 08/31/2018 - 12:43:12: World triggered "Round_End"
L 08/31/2018 - 12:43:17: World triggered "Round_Start"
L 08/31/2018 - 12:43:18: "Jack is Back!<23><VALVE_ID_LAN><CT>" say "nunca mais troco de time pra evitar bot... os terror nao tem a mesma consideracao"
L 08/31/2018 - 12:43:24: "Calcas Peludas<24><VALVE_ID_LAN><TERRORIST>" killed "XXBOT Adrian<18><BOT><CT>" with "glock18"
L 08/31/2018 - 12:43:28: "Kratos<20><VALVE_ID_LAN><TERRORIST>" killed "Cap Billy<17><VALVE_ID_LOOPBACK><CT>" with "glock18"
L 08/31/2018 - 12:43:31: "Kratos<20><VALVE_ID_LAN><TERRORIST>" killed "Jack is Back!<23><VALVE_ID_LAN><CT>" with "glock18"
L 08/31/2018 - 12:43:34: "Kratos<20><VALVE_ID_LAN><TERRORIST>" killed "Inspetor Buginganga<21><VALVE_ID_LAN><CT>" with "knife"
L 08/31/2018 - 12:43:34: Team "TERRORIST" triggered "Terrorists_Win" (CT "2") (T "3")
L 08/31/2018 - 12:43:34: World triggered "Round_End"
L 08/31/2018 - 12:43:37: "Cap Billy<17><VALVE_ID_LOOPBACK><CT>" say "aff" (dead)
L 08/31/2018 - 12:43:39: World triggered "Round_Start"
L 08/31/2018 - 12:43:44: "Kratos<20><VALVE_ID_LAN><TERRORIST>" killed "XXBOT Adrian<18><BOT><CT>" with "glock18"
L 08/31/2018 - 12:43:51: "Jack is Back!<23><VALVE_ID_LAN><CT>" killed "Kratos<20><VALVE_ID_LAN><TERRORIST>" with "glock18"
L 08/31/2018 - 12:43:51: "Smolder<19><VALVE_ID_LAN><TERRORIST>" killed "Jack is Back!<23><VALVE_ID_LAN><CT>" with "glock18"
L 08/31/2018 - 12:43:53: "Inspetor Buginganga<21><VALVE_ID_LAN><CT>" killed "GARGAMEL O MOLESTADOR DE CT<22><VALVE_ID_LAN><TERRORIST>" with "glock18"
L 08/31/2018 - 12:43:57: "Cap Billy<17><VALVE_ID_LOOPBACK><CT>" killed "Smolder<19><VALVE_ID_LAN><TERRORIST>" with "glock18"
L 08/31/2018 - 12:44:03: "Cap Billy<17><VALVE_ID_LOOPBACK><CT>" killed "Calcas Peludas<24><VALVE_ID_LAN><TERRORIST>" with "glock18"
L 08/31/2018 - 12:44:03: Team "CT" triggered "CTs_Win" (CT "3") (T "3")
L 08/31/2018 - 12:44:03: World triggered "Round_End"
L 08/31/2018 - 12:44:08: World triggered "Round_Start"
L 08/31/2018 - 12:44:14: "Cap Billy<17><VALVE_ID_LOOPBACK><CT>" killed "Calcas Peludas<24><VALVE_ID_LAN><TERRORIST>" with "glock18"
L 08/31/2018 - 12:44:15: "Smolder<19><VALVE_ID_LAN><TERRORIST>" killed "Cap Billy<17><VALVE_ID_LOOPBACK><CT>" with "glock18"
L 08/31/2018 - 12:44:16: "Jack is Back!<23><VALVE_ID_LAN><CT>" killed "GARGAMEL O MOLESTADOR DE CT<22><VALVE_ID_LAN><TERRORIST>" with "glock18"
L 08/31/2018 - 12:44:18: "Smolder<19><VALVE_ID_LAN><TERRORIST>" killed "Inspetor Buginganga<21><VALVE_ID_LAN><CT>" with "glock18"
L 08/31/2018 - 12:44:18: "Kratos<20><VALVE_ID_LAN><TERRORIST>" killed "XXBOT Adrian<18><BOT><CT>" with "glock18"
L 08/31/2018 - 12:44:29: "Smolder<19><VALVE_ID_LAN><TERRORIST>" killed "Jack is Back!<23><VALVE_ID_LAN><CT>" with "knife"
L 08/31/2018 - 12:44:29: Team "TERRORIST" triggered "Terrorists_Win" (CT "3") (T "4")
L 08/31/2018 - 12:44:29: World triggered "Round_End"
L 08/31/2018 - 12:44:32: "Cap Billy<17><VALVE_ID_LOOPBACK><CT>" say "EITA" (dead)
L 08/31/2018 - 12:44:34: "Cap Billy<17><VALVE_ID_LOOPBACK><CT>" say "PAW" (dead)
L 08/31/2018 - 12:44:34: World triggered "Round_Start"
L 08/31/2018 - 12:44:34: "Calcas Peludas<24><VALVE_ID_LAN><TERRORIST>" say "trabalho em equpe"
L 08/31/2018 - 12:44:40: "Calcas Peludas<24><VALVE_ID_LAN><TERRORIST>" killed "XXBOT Adrian<18><BOT><CT>" with "glock18"
L 08/31/2018 - 12:44:41: "Kratos<20><VALVE_ID_LAN><TERRORIST>" killed "Cap Billy<17><VALVE_ID_LOOPBACK><CT>" with "glock18"
L 08/31/2018 - 12:44:44: "Inspetor Buginganga<21><VALVE_ID_LAN><CT>" killed "GARGAMEL O MOLESTADOR DE CT<22><VALVE_ID_LAN><TERRORIST>" with "glock18"
L 08/31/2018 - 12:44:45: "Smolder<19><VALVE_ID_LAN><TERRORIST>" killed "Inspetor Buginganga<21><VALVE_ID_LAN><CT>" with "glock18"
L 08/31/2018 - 12:44:47: "Jack is Back!<23><VALVE_ID_LAN><CT>" killed "Smolder<19><VALVE_ID_LAN><TERRORIST>" with "glock18"
L 08/31/2018 - 12:44:50: "Kratos<20><VALVE_ID_LAN><TERRORIST>" killed "Jack is Back!<23><VALVE_ID_LAN><CT>" with "knife"
L 08/31/2018 - 12:44:50: Team "TERRORIST" triggered "Terrorists_Win" (CT "3") (T "5")
L 08/31/2018 - 12:44:50: World triggered "Round_End"
L 08/31/2018 - 12:44:54: "Smolder<19><VALVE_ID_LAN><TERRORIST>" say "coitado" (dead)
L 08/31/2018 - 12:44:55: World triggered "Round_Start"
L 08/31/2018 - 12:45:01: "Cap Billy<17><VALVE_ID_LOOPBACK><CT>" killed "Smolder<19><VALVE_ID_LAN><TERRORIST>" with "glock18"
L 08/31/2018 - 12:45:02: "Kratos<20><VALVE_ID_LAN><TERRORIST>" killed "XXBOT Adrian<18><BOT><CT>" with "glock18"
L 08/31/2018 - 12:45:06: "Inspetor Buginganga<21><VALVE_ID_LAN><CT>" killed "GARGAMEL O MOLESTADOR DE CT<22><VALVE_ID_LAN><TERRORIST>" with "glock18"
L 08/31/2018 - 12:45:08: "Calcas Peludas<24><VALVE_ID_LAN><TERRORIST>" killed "Jack is Back!<23><VALVE_ID_LAN><CT>" with "knife"
L 08/31/2018 - 12:45:11: "Smolder<19><VALVE_ID_LAN><TERRORIST>" say "dinovo" (dead)
L 08/31/2018 - 12:45:12: "Calcas Peludas<24><VALVE_ID_LAN><TERRORIST>" killed "Inspetor Buginganga<21><VALVE_ID_LAN><CT>" with "knife"
L 08/31/2018 - 12:45:14: "Smolder<19><VALVE_ID_LAN><TERRORIST>" say "dinovo" (dead)
L 08/31/2018 - 12:45:18: "Smolder<19><VALVE_ID_LAN><TERRORIST>" say "dinovo" (dead)
L 08/31/2018 - 12:45:23: "Cap Billy<17><VALVE_ID_LOOPBACK><CT>" killed "Kratos<20><VALVE_ID_LAN><TERRORIST>" with "knife"
L 08/31/2018 - 12:45:26: "Jack is Back!<23><VALVE_ID_LAN><CT>" say "receba" (dead)
L 08/31/2018 - 12:45:26: "Cap Billy<17><VALVE_ID_LOOPBACK><CT>" killed "Calcas Peludas<24><VALVE_ID_LAN><TERRORIST>" with "knife"
L 08/31/2018 - 12:45:26: Team "CT" triggered "CTs_Win" (CT "4") (T "5")
L 08/31/2018 - 12:45:26: World triggered "Round_End"
L 08/31/2018 - 12:45:31: "Inspetor Buginganga<21><VALVE_ID_LAN><CT>" say "tome" (dead)
L 08/31/2018 - 12:45:31: World triggered "Round_Start"
L 08/31/2018 - 12:45:32: "Cap Billy<17><VALVE_ID_LOOPBACK><CT>" say "PODE BVIR OS DOISSSSSSS"
L 08/31/2018 - 12:45:36: "Kratos<20><VALVE_ID_LAN><TERRORIST>" killed "XXBOT Adrian<18><BOT><CT>" with "glock18"
L 08/31/2018 - 12:45:38: "Cap Billy<17><VALVE_ID_LOOPBACK><CT>" killed "Calcas Peludas<24><VALVE_ID_LAN><TERRORIST>" with "glock18"
L 08/31/2018 - 12:45:40: "Inspetor Buginganga<21><VALVE_ID_LAN><CT>" killed "Smolder<19><VALVE_ID_LAN><TERRORIST>" with "glock18"
L 08/31/2018 - 12:45:42: "Kratos<20><VALVE_ID_LAN><TERRORIST>" killed "Inspetor Buginganga<21><VALVE_ID_LAN><CT>" with "knife"
L 08/31/2018 - 12:45:42: "Jack is Back!<23><VALVE_ID_LAN><CT>" killed "Kratos<20><VALVE_ID_LAN><TERRORIST>" with "glock18"
L 08/31/2018 - 12:45:50: "Kratos<20><VALVE_ID_LAN><TERRORIST>" say "calca deixa de covardia" (dead)
L 08/31/2018 - 12:46:01: "Cap Billy<17><VALVE_ID_LOOPBACK><CT>" killed "GARGAMEL O MOLESTADOR DE CT<22><VALVE_ID_LAN><TERRORIST>" with "knife"
L 08/31/2018 - 12:46:01: Team "CT" triggered "CTs_Win" (CT "5") (T "5")
L 08/31/2018 - 12:46:01: World triggered "Round_End"
L 08/31/2018 - 12:46:04: "Kratos<20><VALVE_ID_LAN><TERRORIST>" say "meu deus" (dead)
L 08/31/2018 - 12:46:04: "Calcas Peludas<24><VALVE_ID_LAN><TERRORIST>" say "tome" (dead)
L 08/31/2018 - 12:46:06: "Inspetor Buginganga<21><VALVE_ID_LAN><CT>" say "toomereeee" (dead)
L 08/31/2018 - 12:46:06: World triggered "Round_Start"
L 08/31/2018 - 12:46:07: "Cap Billy<17><VALVE_ID_LOOPBACK><CT>" say "NAO ESCAPAAAAAAAAAA"
L 08/31/2018 - 12:46:13: "Calcas Peludas<24><VALVE_ID_LAN><TERRORIST>" killed "XXBOT Adrian<18><BOT><CT>" with "glock18"
L 08/31/2018 - 12:46:18: "Inspetor Buginganga<21><VALVE_ID_LAN><CT>" killed "Kratos<20><VALVE_ID_LAN><TERRORIST>" with "glock18"
L 08/31/2018 - 12:46:21: "Calcas Peludas<24><VALVE_ID_LAN><TERRORIST>" killed "Jack is Back!<23><VALVE_ID_LAN><CT>" with "knife"
L 08/31/2018 - 12:46:22: "Smolder<19><VALVE_ID_LAN><TERRORIST>" killed "Cap Billy<17><VALVE_ID_LOOPBACK><CT>" with "glock18"
L 08/31/2018 - 12:46:24: "Inspetor Buginganga<21><VALVE_ID_LAN><CT>" killed "Calcas Peludas<24><VALVE_ID_LAN><TERRORIST>" with "glock18"
L 08/31/2018 - 12:46:26: "GARGAMEL O MOLESTADOR DE CT<22><VALVE_ID_LAN><TERRORIST>" killed "Inspetor Buginganga<21><VALVE_ID_LAN><CT>" with "knife"
L 08/31/2018 - 12:46:26: Team "TERRORIST" triggered "Terrorists_Win" (CT "5") (T "6")
L 08/31/2018 - 12:46:26: World triggered "Round_End"
L 08/31/2018 - 12:46:31: World triggered "Round_Start"
L 08/31/2018 - 12:46:37: "XXBOT Adrian<18><BOT><CT>" killed "Calcas Peludas<24><VALVE_ID_LAN><TERRORIST>" with "glock18"
L 08/31/2018 - 12:46:39: "Smolder<19><VALVE_ID_LAN><TERRORIST>" killed "Jack is Back!<23><VALVE_ID_LAN><CT>" with "glock18"
L 08/31/2018 - 12:46:40: "Cap Billy<17><VALVE_ID_LOOPBACK><CT>" killed "Kratos<20><VALVE_ID_LAN><TERRORIST>" with "glock18"
L 08/31/2018 - 12:46:43: "Cap Billy<17><VALVE_ID_LOOPBACK><CT>" killed "Smolder<19><VALVE_ID_LAN><TERRORIST>" with "knife"
L 08/31/2018 - 12:46:51: "GARGAMEL O MOLESTADOR DE CT<22><VALVE_ID_LAN><TERRORIST>" killed "Inspetor Buginganga<21><VALVE_ID_LAN><CT>" with "glock18"
L 08/31/2018 - 12:46:57: "Cap Billy<17><VALVE_ID_LOOPBACK><CT>" killed "GARGAMEL O MOLESTADOR DE CT<22><VALVE_ID_LAN><TERRORIST>" with "glock18"
L 08/31/2018 - 12:46:57: Team "CT" triggered "CTs_Win" (CT "6") (T "6")
L 08/31/2018 - 12:46:57: World triggered "Round_End"
L 08/31/2018 - 12:47:02: World triggered "Round_Start"
L 08/31/2018 - 12:47:10: "Cap Billy<17><VALVE_ID_LOOPBACK><CT>" killed "Calcas Peludas<24><VALVE_ID_LAN><TERRORIST>" with "glock18"
L 08/31/2018 - 12:47:10: "Smolder<19><VALVE_ID_LAN><TERRORIST>" killed "Jack is Back!<23><VALVE_ID_LAN><CT>" with "knife"
L 08/31/2018 - 12:47:11: "Inspetor Buginganga<21><VALVE_ID_LAN><CT>" killed "Smolder<19><VALVE_ID_LAN><TERRORIST>" with "glock18"
L 08/31/2018 - 12:47:11: "Cap Billy<17><VALVE_ID_LOOPBACK><CT>" killed "GARGAMEL O MOLESTADOR DE CT<22><VALVE_ID_LAN><TERRORIST>" with "glock18"
L 08/31/2018 - 12:47:13: "Kratos<20><VALVE_ID_LAN><TERRORIST>" killed "XXBOT Adrian<18><BOT><CT>" with "glock18"
L 08/31/2018 - 12:47:14: "Smolder<19><VALVE_ID_LAN><TERRORIST>" say "dinovo" (dead)
L 08/31/2018 - 12:47:22: "Kratos<20><VALVE_ID_LAN><TERRORIST>" killed "Inspetor Buginganga<21><VALVE_ID_LAN><CT>" with "glock18"
L 08/31/2018 - 12:47:22: "Calcas Peludas<24><VALVE_ID_LAN><TERRORIST>" say "ta molinho" (dead)
L 08/31/2018 - 12:47:25: "Smolder<19><VALVE_ID_LAN><TERRORIST>" say "jackima" (dead)
L 08/31/2018 - 12:47:27: "Calcas Peludas<24><VALVE_ID_LAN><TERRORIST>" say_team "vai morrer" (dead)
L 08/31/2018 - 12:47:31: "Cap Billy<17><VALVE_ID_LOOPBACK><CT>" killed "Kratos<20><VALVE_ID_LAN><TERRORIST>" with "glock18"
L 08/31/2018 - 12:47:31: Team "CT" triggered "CTs_Win" (CT "7") (T "6")
L 08/31/2018 - 12:47:31: World triggered "Round_End"
L 08/31/2018 - 12:47:34: "Jack is Back!<23><VALVE_ID_LAN><CT>" say "mi mi" (dead)
L 08/31/2018 - 12:47:36: World triggered "Round_Start"
L 08/31/2018 - 12:47:43: "Kratos<20><VALVE_ID_LAN><TERRORIST>" killed "Jack is Back!<23><VALVE_ID_LAN><CT>" with "glock18"
L 08/31/2018 - 12:47:45: "Calcas Peludas<24><VALVE_ID_LAN><TERRORIST>" killed "XXBOT Adrian<18><BOT><CT>" with "glock18"
L 08/31/2018 - 12:47:47: "Kratos<20><VALVE_ID_LAN><TERRORIST>" killed "Inspetor Buginganga<21><VALVE_ID_LAN><CT>" with "knife"
L 08/31/2018 - 12:47:48: "Cap Billy<17><VALVE_ID_LOOPBACK><CT>" killed "Calcas Peludas<24><VALVE_ID_LAN><TERRORIST>" with "glock18"
L 08/31/2018 - 12:47:53: "Cap Billy<17><VALVE_ID_LOOPBACK><CT>" killed "Smolder<19><VALVE_ID_LAN><TERRORIST>" with "glock18"
L 08/31/2018 - 12:47:58: "GARGAMEL O MOLESTADOR DE CT<22><VALVE_ID_LAN><TERRORIST>" killed "Cap Billy<17><VALVE_ID_LOOPBACK><CT>" with "glock18"
L 08/31/2018 - 12:47:58: Team "TERRORIST" triggered "Terrorists_Win" (CT "7") (T "7")
L 08/31/2018 - 12:47:58: World triggered "Round_End"
L 08/31/2018 - 12:47:58: "Calcas Peludas<24><VALVE_ID_LAN><TERRORIST>" say "ladrao de fregue" (dead)
L 08/31/2018 - 12:48:03: World triggered "Round_Start"
L 08/31/2018 - 12:48:03: "Cap Billy<17><VALVE_ID_LOOPBACK><CT>" say "OBRIAGADOOOOOOOO"
L 08/31/2018 - 12:48:09: "Kratos<20><VALVE_ID_LAN><TERRORIST>" killed "Cap Billy<17><VALVE_ID_LOOPBACK><CT>" with "glock18"
L 08/31/2018 - 12:48:10: "XXBOT Adrian<18><BOT><CT>" killed "Calcas Peludas<24><VALVE_ID_LAN><TERRORIST>" with "glock18"
L 08/31/2018 - 12:48:11: "Kratos<20><VALVE_ID_LAN><TERRORIST>" killed "Jack is Back!<23><VALVE_ID_LAN><CT>" with "glock18"
L 08/31/2018 - 12:48:14: "Inspetor Buginganga<21><VALVE_ID_LAN><CT>" killed "GARGAMEL O MOLESTADOR DE CT<22><VALVE_ID_LAN><TERRORIST>" with "glock18"
L 08/31/2018 - 12:48:20: "Calcas Peludas<24><VALVE_ID_LAN><TERRORIST>" say "que burro" (dead)
L 08/31/2018 - 12:48:21: "Kratos<20><VALVE_ID_LAN><TERRORIST>" killed "XXBOT Adrian<18><BOT><CT>" with "glock18"
L 08/31/2018 - 12:48:21: "Jack is Back!<23><VALVE_ID_LAN><CT>" say "bot lese" (dead)
L 08/31/2018 - 12:48:23: "Kratos<20><VALVE_ID_LAN><TERRORIST>" killed "Inspetor Buginganga<21><VALVE_ID_LAN><CT>" with "glock18"
L 08/31/2018 - 12:48:23: Team "TERRORIST" triggered "Terrorists_Win" (CT "7") (T "8")
L 08/31/2018 - 12:48:23: World triggered "Round_End"
L 08/31/2018 - 12:48:27: "Cap Billy<17><VALVE_ID_LOOPBACK><CT>" say "HAHAHAHAHAHA" (dead)
L 08/31/2018 - 12:48:27: "Calcas Peludas<24><VALVE_ID_LAN><TERRORIST>" say "que burro" (dead)
L 08/31/2018 - 12:48:28: World triggered "Round_Start"
L 08/31/2018 - 12:48:34: "XXBOT Adrian<18><BOT><CT>" killed "Kratos<20><VALVE_ID_LAN><TERRORIST>" with "glock18"
L 08/31/2018 - 12:48:34: "Calcas Peludas<24><VALVE_ID_LAN><TERRORIST>" killed "Cap Billy<17><VALVE_ID_LOOPBACK><CT>" with "glock18"
L 08/31/2018 - 12:48:37: "Smolder<19><VALVE_ID_LAN><TERRORIST>" killed "XXBOT Adrian<18><BOT><CT>" with "glock18"
L 08/31/2018 - 12:48:38: "Jack is Back!<23><VALVE_ID_LAN><CT>" killed "Smolder<19><VALVE_ID_LAN><TERRORIST>" with "glock18"
L 08/31/2018 - 12:48:42: "GARGAMEL O MOLESTADOR DE CT<22><VALVE_ID_LAN><TERRORIST>" killed "Jack is Back!<23><VALVE_ID_LAN><CT>" with "knife"
L 08/31/2018 - 12:48:44: "Inspetor Buginganga<21><VALVE_ID_LAN><CT>" killed "GARGAMEL O MOLESTADOR DE CT<22><VALVE_ID_LAN><TERRORIST>" with "glock18"
L 08/31/2018 - 12:48:44: "Inspetor Buginganga<21><VALVE_ID_LAN><CT>" killed "Calcas Peludas<24><VALVE_ID_LAN><TERRORIST>" with "glock18"
L 08/31/2018 - 12:48:44: Team "CT" triggered "CTs_Win" (CT "8") (T "8")
L 08/31/2018 - 12:48:44: World triggered "Round_End"
L 08/31/2018 - 12:48:45: "Smolder<19><VALVE_ID_LAN><TERRORIST>" say "dinovo" (dead)
L 08/31/2018 - 12:48:48: "GARGAMEL O MOLESTADOR DE CT<22><VALVE_ID_LAN><TERRORIST>" say "kkkk" (dead)
L 08/31/2018 - 12:48:49: "Kratos<20><VALVE_ID_LAN><TERRORIST>" say_team "mapa" (dead)
L 08/31/2018 - 12:48:49: World triggered "Round_Start"
L 08/31/2018 - 12:48:56: "Kratos<20><VALVE_ID_LAN><TERRORIST>" killed "XXBOT Adrian<18><BOT><CT>" with "glock18"
L 08/31/2018 - 12:48:59: "Kratos<20><VALVE_ID_LAN><TERRORIST>" killed "Inspetor Buginganga<21><VALVE_ID_LAN><CT>" with "knife"
L 08/31/2018 - 12:49:02: "Jack is Back!<23><VALVE_ID_LAN><CT>" killed "Kratos<20><VALVE_ID_LAN><TERRORIST>" with "knife"
L 08/31/2018 - 12:49:03: "Smolder<19><VALVE_ID_LAN><TERRORIST>" killed "Jack is Back!<23><VALVE_ID_LAN><CT>" with "knife"
L 08/31/2018 - 12:49:03: "Cap Billy<17><VALVE_ID_LOOPBACK><CT>" killed "Smolder<19><VALVE_ID_LAN><TERRORIST>" with "knife"
L 08/31/2018 - 12:49:07: "Smolder<19><VALVE_ID_LAN><TERRORIST>" say "dinovo" (dead)
L 08/31/2018 - 12:49:08: "GARGAMEL O MOLESTADOR DE CT<22><VALVE_ID_LAN><TERRORIST>" killed "Cap Billy<17><VALVE_ID_LOOPBACK><CT>" with "glock18"
L 08/31/2018 - 12:49:08: Team "TERRORIST" triggered "Terrorists_Win" (CT "8") (T "9")
L 08/31/2018 - 12:49:08: World triggered "Round_End"
L 08/31/2018 - 12:49:12: "Jack is Back!<23><VALVE_ID_LAN><CT>" say "rs" (dead)
L 08/31/2018 - 12:49:13: World triggered "Round_Start"
L 08/31/2018 - 12:49:23: "Kratos<20><VALVE_ID_LAN><TERRORIST>" killed "XXBOT Adrian<18><BOT><CT>" with "glock18"
L 08/31/2018 - 12:49:26: "Jack is Back!<23><VALVE_ID_LAN><CT>" killed "Calcas Peludas<24><VALVE_ID_LAN><TERRORIST>" with "glock18"
L 08/31/2018 - 12:49:26: "GARGAMEL O MOLESTADOR DE CT<22><VALVE_ID_LAN><TERRORIST>" killed "Jack is Back!<23><VALVE_ID_LAN><CT>" with "glock18"
L 08/31/2018 - 12:49:27: Server cvar "amx_nextmap" = "cs_paintball1"
L 08/31/2018 - 12:49:29: "Calcas Peludas<24><VALVE_ID_LAN><TERRORIST>" say "kralho" (dead)
L 08/31/2018 - 12:49:31: "Cap Billy<17><VALVE_ID_LOOPBACK><CT>" killed "GARGAMEL O MOLESTADOR DE CT<22><VALVE_ID_LAN><TERRORIST>" with "glock18"
L 08/31/2018 - 12:49:34: "Cap Billy<17><VALVE_ID_LOOPBACK><CT>" killed "Kratos<20><VALVE_ID_LAN><TERRORIST>" with "glock18"
L 08/31/2018 - 12:49:38: "Cap Billy<17><VALVE_ID_LOOPBACK><CT>" killed "Smolder<19><VALVE_ID_LAN><TERRORIST>" with "glock18"
L 08/31/2018 - 12:49:38: Team "CT" triggered "CTs_Win" (CT "9") (T "9")
L 08/31/2018 - 12:49:38: World triggered "Round_End"
L 08/31/2018 - 12:49:40: "Kratos<20><VALVE_ID_LAN><TERRORIST>" say_team "mapa" (dead)
L 08/31/2018 - 12:49:43: World triggered "Round_Start"
L 08/31/2018 - 12:49:50: "Kratos<20><VALVE_ID_LAN><TERRORIST>" killed "Cap Billy<17><VALVE_ID_LOOPBACK><CT>" with "glock18"
L 08/31/2018 - 12:49:52: "Kratos<20><VALVE_ID_LAN><TERRORIST>" killed "Jack is Back!<23><VALVE_ID_LAN><CT>" with "glock18"
L 08/31/2018 - 12:49:54: "Calcas Peludas<24><VALVE_ID_LAN><TERRORIST>" killed "Inspetor Buginganga<21><VALVE_ID_LAN><CT>" with "glock18"
L 08/31/2018 - 12:49:54: "XXBOT Adrian<18><BOT><CT>" killed "GARGAMEL O MOLESTADOR DE CT<22><VALVE_ID_LAN><TERRORIST>" with "glock18"
L 08/31/2018 - 12:49:56: "Calcas Peludas<24><VALVE_ID_LAN><TERRORIST>" killed "XXBOT Adrian<18><BOT><CT>" with "glock18"
L 08/31/2018 - 12:49:56: Team "TERRORIST" triggered "Terrorists_Win" (CT "9") (T "10")
L 08/31/2018 - 12:49:56: World triggered "Round_End"
L 08/31/2018 - 12:50:00: "Kratos<20><VALVE_ID_LAN><TERRORIST>" say_team "mapa"
L 08/31/2018 - 12:50:02: World triggered "Round_Start"
L 08/31/2018 - 12:50:09: "Smolder<19><VALVE_ID_LAN><TERRORIST>" killed "XXBOT Adrian<18><BOT><CT>" with "glock18"
L 08/31/2018 - 12:50:10: "Cap Billy<17><VALVE_ID_LOOPBACK><CT>" killed "GARGAMEL O MOLESTADOR DE CT<22><VALVE_ID_LAN><TERRORIST>" with "glock18"
L 08/31/2018 - 12:50:11: "Jack is Back!<23><VALVE_ID_LAN><CT>" killed "Kratos<20><VALVE_ID_LAN><TERRORIST>" with "glock18"
L 08/31/2018 - 12:50:14: "Cap Billy<17><VALVE_ID_LOOPBACK><CT>" killed "Calcas Peludas<24><VALVE_ID_LAN><TERRORIST>" with "glock18"
L 08/31/2018 - 12:50:18: "Jack is Back!<23><VALVE_ID_LAN><CT>" killed "Smolder<19><VALVE_ID_LAN><TERRORIST>" with "knife"
L 08/31/2018 - 12:50:18: Team "CT" triggered "CTs_Win" (CT "10") (T "10")
L 08/31/2018 - 12:50:18: World triggered "Round_End"
L 08/31/2018 - 12:50:23: World triggered "Round_Start"
L 08/31/2018 - 12:50:29: "Smolder<19><VALVE_ID_LAN><TERRORIST>" killed "XXBOT Adrian<18><BOT><CT>" with "glock18"
L 08/31/2018 - 12:50:33: "Jack is Back!<23><VALVE_ID_LAN><CT>" killed "Calcas Peludas<24><VALVE_ID_LAN><TERRORIST>" with "knife"
L 08/31/2018 - 12:50:35: "Cap Billy<17><VALVE_ID_LOOPBACK><CT>" killed "Smolder<19><VALVE_ID_LAN><TERRORIST>" with "glock18"
L 08/31/2018 - 12:50:37: "GARGAMEL O MOLESTADOR DE CT<22><VALVE_ID_LAN><TERRORIST>" killed "Inspetor Buginganga<21><VALVE_ID_LAN><CT>" with "glock18"
L 08/31/2018 - 12:50:40: "Cap Billy<17><VALVE_ID_LOOPBACK><CT>" killed "GARGAMEL O MOLESTADOR DE CT<22><VALVE_ID_LAN><TERRORIST>" with "glock18"
L 08/31/2018 - 12:50:47: "Kratos<20><VALVE_ID_LAN><TERRORIST>" killed "Jack is Back!<23><VALVE_ID_LAN><CT>" with "glock18"
L 08/31/2018 - 12:50:49: "Kratos<20><VALVE_ID_LAN><TERRORIST>" killed "Cap Billy<17><VALVE_ID_LOOPBACK><CT>" with "glock18"
L 08/31/2018 - 12:50:49: Team "TERRORIST" triggered "Terrorists_Win" (CT "10") (T "11")
L 08/31/2018 - 12:50:49: World triggered "Round_End"
L 08/31/2018 - 12:50:51: "Calcas Peludas<24><VALVE_ID_LAN><TERRORIST>" say "boa" (dead)
L 08/31/2018 - 12:50:54: World triggered "Round_Start"
L 08/31/2018 - 12:51:02: "Cap Billy<17><VALVE_ID_LOOPBACK><CT>" killed "Smolder<19><VALVE_ID_LAN><TERRORIST>" with "glock18"
L 08/31/2018 - 12:51:03: "Kratos<20><VALVE_ID_LAN><TERRORIST>" killed "Jack is Back!<23><VALVE_ID_LAN><CT>" with "glock18"
L 08/31/2018 - 12:51:07: "GARGAMEL O MOLESTADOR DE CT<22><VALVE_ID_LAN><TERRORIST>" killed "XXBOT Adrian<18><BOT><CT>" with "glock18"
L 08/31/2018 - 12:51:07: "Calcas Peludas<24><VALVE_ID_LAN><TERRORIST>" killed "Cap Billy<17><VALVE_ID_LOOPBACK><CT>" with "glock18"
L 08/31/2018 - 12:51:13: "Inspetor Buginganga<21><VALVE_ID_LAN><CT>" killed "GARGAMEL O MOLESTADOR DE CT<22><VALVE_ID_LAN><TERRORIST>" with "glock18"
L 08/31/2018 - 12:51:15: "Kratos<20><VALVE_ID_LAN><TERRORIST>" killed "Inspetor Buginganga<21><VALVE_ID_LAN><CT>" with "glock18"
L 08/31/2018 - 12:51:15: Team "TERRORIST" triggered "Terrorists_Win" (CT "10") (T "12")
L 08/31/2018 - 12:51:15: World triggered "Round_End"
L 08/31/2018 - 12:51:20: World triggered "Round_Start"
L 08/31/2018 - 12:51:20: Team "CT" scored "10" with "4" players
L 08/31/2018 - 12:51:20: Team "TERRORIST" scored "12" with "4" players
L 08/31/2018 - 12:51:21: "Cap Billy<17><VALVE_ID_LOOPBACK><CT>" triggered "weaponstats" (weapon "glock18") (shots "269") (hits "77") (kills "27") (headshots "23") (tks "0") (damage "3309") (deaths "12")
L 08/31/2018 - 12:51:21: "Cap Billy<17><VALVE_ID_LOOPBACK><CT>" triggered "weaponstats2" (weapon "glock18") (head "31") (chest "11") (stomach "1") (leftarm "18") (rightarm "14") (leftleg "1") (rightleg "1")
L 08/31/2018 - 12:51:21: "Cap Billy<17><VALVE_ID_LOOPBACK><CT>" triggered "weaponstats" (weapon "knife") (shots "15") (hits "11") (kills "6") (headshots "4") (tks "0") (damage "810") (deaths "1")
L 08/31/2018 - 12:51:21: "Cap Billy<17><VALVE_ID_LOOPBACK><CT>" triggered "weaponstats2" (weapon "knife") (head "6") (chest "2") (stomach "0") (leftarm "1") (rightarm "2") (leftleg "0") (rightleg "0")
L 08/31/2018 - 12:51:21: "Cap Billy<17><VALVE_ID_LOOPBACK><CT>" triggered "time" (time "10:09")
L 08/31/2018 - 12:51:21: "Cap Billy<17><VALVE_ID_LOOPBACK><CT>" triggered "latency" (ping "0")
L 08/31/2018 - 12:51:21: "Smolder<19><VALVE_ID_LAN><TERRORIST>" triggered "weaponstats" (weapon "glock18") (shots "300") (hits "97") (kills "18") (headshots "13") (tks "0") (damage "2450") (deaths "7")
L 08/31/2018 - 12:51:21: "Smolder<19><VALVE_ID_LAN><TERRORIST>" triggered "weaponstats2" (weapon "glock18") (head "24") (chest "12") (stomach "4") (leftarm "34") (rightarm "19") (leftleg "3") (rightleg "1")
L 08/31/2018 - 12:51:21: "Smolder<19><VALVE_ID_LAN><TERRORIST>" triggered "weaponstats" (weapon "knife") (shots "18") (hits "6") (kills "3") (headshots "1") (tks "0") (damage "645") (deaths "8")
L 08/31/2018 - 12:51:21: "Smolder<19><VALVE_ID_LAN><TERRORIST>" triggered "weaponstats2" (weapon "knife") (head "3") (chest "2") (stomach "0") (leftarm "1") (rightarm "0") (leftleg "0") (rightleg "0")
L 08/31/2018 - 12:51:21: "Smolder<19><VALVE_ID_LAN><TERRORIST>" triggered "time" (time "10:05")
L 08/31/2018 - 12:51:21: "Smolder<19><VALVE_ID_LAN><TERRORIST>" triggered "latency" (ping "8")
L 08/31/2018 - 12:51:21: "Kratos<20><VALVE_ID_LAN><TERRORIST>" triggered "weaponstats" (weapon "glock18") (shots "270") (hits "112") (kills "25") (headshots "19") (tks "0") (damage "3467") (deaths "8")
L 08/31/2018 - 12:51:21: "Kratos<20><VALVE_ID_LAN><TERRORIST>" triggered "weaponstats2" (weapon "glock18") (head "36") (chest "21") (stomach "1") (leftarm "28") (rightarm "22") (leftleg "1") (rightleg "3")
L 08/31/2018 - 12:51:21: "Kratos<20><VALVE_ID_LAN><TERRORIST>" triggered "weaponstats" (weapon "knife") (shots "22") (hits "12") (kills "5") (headshots "2") (tks "0") (damage "1334") (deaths "4")
L 08/31/2018 - 12:51:21: "Kratos<20><VALVE_ID_LAN><TERRORIST>" triggered "weaponstats2" (weapon "knife") (head "2") (chest "3") (stomach "0") (leftarm "1") (rightarm "6") (leftleg "0") (rightleg "0")
L 08/31/2018 - 12:51:21: "Kratos<20><VALVE_ID_LAN><TERRORIST>" triggered "time" (time "10:05")
L 08/31/2018 - 12:51:21: "Kratos<20><VALVE_ID_LAN><TERRORIST>" triggered "latency" (ping "10")
L 08/31/2018 - 12:51:21: "Inspetor Buginganga<21><VALVE_ID_LAN><CT>" triggered "weaponstats" (weapon "glock18") (shots "197") (hits "60") (kills "13") (headshots "11") (tks "0") (damage "1629") (deaths "17")
L 08/31/2018 - 12:51:21: "Inspetor Buginganga<21><VALVE_ID_LAN><CT>" triggered "weaponstats2" (weapon "glock18") (head "13") (chest "14") (stomach "1") (leftarm "24") (rightarm "8") (leftleg "0") (rightleg "0")
L 08/31/2018 - 12:51:21: "Inspetor Buginganga<21><VALVE_ID_LAN><CT>" triggered "time" (time "10:05")
L 08/31/2018 - 12:51:21: "Inspetor Buginganga<21><VALVE_ID_LAN><CT>" triggered "latency" (ping "7")
L 08/31/2018 - 12:51:21: "GARGAMEL O MOLESTADOR DE CT<22><VALVE_ID_LAN><TERRORIST>" triggered "weaponstats" (weapon "glock18") (shots "229") (hits "57") (kills "7") (headshots "7") (tks "0") (damage "1246") (deaths "13")
L 08/31/2018 - 12:51:21: "GARGAMEL O MOLESTADOR DE CT<22><VALVE_ID_LAN><TERRORIST>" triggered "weaponstats2" (weapon "glock18") (head "10") (chest "6") (stomach "6") (leftarm "17") (rightarm "15") (leftleg "1") (rightleg "2")
L 08/31/2018 - 12:51:21: "GARGAMEL O MOLESTADOR DE CT<22><VALVE_ID_LAN><TERRORIST>" triggered "weaponstats" (weapon "knife") (shots "8") (hits "5") (kills "2") (headshots "1") (tks "0") (damage "224") (deaths "4")
L 08/31/2018 - 12:51:21: "GARGAMEL O MOLESTADOR DE CT<22><VALVE_ID_LAN><TERRORIST>" triggered "weaponstats2" (weapon "knife") (head "1") (chest "3") (stomach "0") (leftarm "1") (rightarm "0") (leftleg "0") (rightleg "0")
L 08/31/2018 - 12:51:21: "GARGAMEL O MOLESTADOR DE CT<22><VALVE_ID_LAN><TERRORIST>" triggered "time" (time "10:05")
L 08/31/2018 - 12:51:21: "GARGAMEL O MOLESTADOR DE CT<22><VALVE_ID_LAN><TERRORIST>" triggered "latency" (ping "7")
L 08/31/2018 - 12:51:21: "Jack is Back!<23><VALVE_ID_LAN><CT>" triggered "weaponstats" (weapon "glock18") (shots "224") (hits "54") (kills "7") (headshots "4") (tks "0") (damage "1071") (deaths "15")
L 08/31/2018 - 12:51:21: "Jack is Back!<23><VALVE_ID_LAN><CT>" triggered "weaponstats2" (weapon "glock18") (head "8") (chest "13") (stomach "1") (leftarm "13") (rightarm "15") (leftleg "4") (rightleg "0")
L 08/31/2018 - 12:51:21: "Jack is Back!<23><VALVE_ID_LAN><CT>" triggered "weaponstats" (weapon "knife") (shots "16") (hits "9") (kills "3") (headshots "1") (tks "0") (damage "495") (deaths "5")
L 08/31/2018 - 12:51:21: "Jack is Back!<23><VALVE_ID_LAN><CT>" triggered "weaponstats2" (weapon "knife") (head "1") (chest "1") (stomach "1") (leftarm "4") (rightarm "2") (leftleg "0") (rightleg "0")
L 08/31/2018 - 12:51:21: "Jack is Back!<23><VALVE_ID_LAN><CT>" triggered "time" (time "10:04")
L 08/31/2018 - 12:51:21: "Jack is Back!<23><VALVE_ID_LAN><CT>" triggered "latency" (ping "11")
L 08/31/2018 - 12:51:21: "Calcas Peludas<24><VALVE_ID_LAN><TERRORIST>" triggered "weaponstats" (weapon "glock18") (shots "175") (hits "57") (kills "8") (headshots "5") (tks "0") (damage "1189") (deaths "9")
L 08/31/2018 - 12:51:21: "Calcas Peludas<24><VALVE_ID_LAN><TERRORIST>" triggered "weaponstats2" (weapon "glock18") (head "12") (chest "14") (stomach "4") (leftarm "14") (rightarm "12") (leftleg "1") (rightleg "0")
L 08/31/2018 - 12:51:21: "Calcas Peludas<24><VALVE_ID_LAN><TERRORIST>" triggered "weaponstats" (weapon "knife") (shots "48") (hits "10") (kills "3") (headshots "1") (tks "0") (damage "397") (deaths "7")
L 08/31/2018 - 12:51:21: "Calcas Peludas<24><VALVE_ID_LAN><TERRORIST>" triggered "weaponstats2" (weapon "knife") (head "2") (chest "1") (stomach "0") (leftarm "0") (rightarm "2") (leftleg "2") (rightleg "2")
L 08/31/2018 - 12:51:21: "Calcas Peludas<24><VALVE_ID_LAN><TERRORIST>" triggered "time" (time "10:03")
L 08/31/2018 - 12:51:21: "Calcas Peludas<24><VALVE_ID_LAN><TERRORIST>" triggered "latency" (ping "7")
L 08/31/2018 - 12:51:21: [META] ini: Begin re-reading plugins list: c:/valve/cstrike/addons/metamod/plugins.ini
L 08/31/2018 - 12:51:21: [META] ini: Read plugin config for: AMX
L 08/31/2018 - 12:51:21: [META] ini: Read plugin config for: WinHL-Booster
L 08/31/2018 - 12:51:21: [META] ERROR: ini: Skipping plugin, couldn't stat file 'addons/hlguard/dlls/hlguard_mm_nightly.dll': No such file or directory
L 08/31/2018 - 12:51:21: [META] ini: Read plugin config for: WebMod
L 08/31/2018 - 12:51:21: [META] ini: Finished reading plugins list: c:/valve/cstrike/addons/metamod/plugins.ini; Found 3 plugins
L 08/31/2018 - 12:51:21: [META] dll: Updating plugins...
L 08/31/2018 - 12:51:21: [META] ERROR: dll: Failed query plugin '<hlguard_mm_nightly.dll>'; Couldn't open file 'addons/hlguard/dlls/hlguard_mm_nightly.dll': Não foi possível encontrar o módulo especificado.

L 08/31/2018 - 12:51:21: [META] ERROR: dll: Skipping plugin '<hlguard_mm_nightly.dll>'; couldn't query
L 08/31/2018 - 12:51:21: [META] dll: Finished updating 6 plugins; kept 3, loaded 0, unloaded 0, reloaded 0, delayed 0
L 08/31/2018 - 12:51:21: Server shutdown
L 08/31/2018 - 12:51:21: Log file closed
