L 08/30/2018 - 12:41:03: Log file started (file "logs\L0830002.log") (game "cstrike") (version "47/1.1.2.2/2603")
L 08/30/2018 - 12:41:04: "Calcas Peludas<22><VALVE_ID_LAN><>" entered the game
L 08/30/2018 - 12:41:04: "Kratos<21><VALVE_ID_LAN><>" entered the game
L 08/30/2018 - 12:41:04: "GARGAMEL ALFA<24><VALVE_ID_LAN><>" entered the game
L 08/30/2018 - 12:41:04: "Jack is Back!<25><VALVE_ID_LAN><>" entered the game
L 08/30/2018 - 12:41:05: World triggered "Round_Start"
L 08/30/2018 - 12:41:05: "Smolder<26><VALVE_ID_LAN><>" entered the game
L 08/30/2018 - 12:41:05: "Kratos<21><VALVE_ID_LAN><>" joined team "TERRORIST"
L 08/30/2018 - 12:41:05: "Calcas Peludas<22><VALVE_ID_LAN><>" joined team "TERRORIST"
L 08/30/2018 - 12:41:05: "GARGAMEL ALFA<24><VALVE_ID_LAN><>" joined team "TERRORIST"
L 08/30/2018 - 12:41:05: "Inspetor Buginganga<28><VALVE_ID_LAN><>" connected, address "10.15.2.117:27005"
L 08/30/2018 - 12:41:07: "Jack is Back!<25><VALVE_ID_LAN><>" joined team "CT"
L 08/30/2018 - 12:41:07: "NOVATO<27><VALVE_ID_LAN><>" entered the game
L 08/30/2018 - 12:41:07: "Smolder<26><VALVE_ID_LAN><>" joined team "TERRORIST"
L 08/30/2018 - 12:41:08: "Inspetor Buginganga<28><VALVE_ID_LAN><>" entered the game
L 08/30/2018 - 12:41:08: "@te<29><VALVE_ID_LAN><>" connected, address "10.15.2.23:27005"
L 08/30/2018 - 12:41:09: "NOVATO<27><VALVE_ID_LAN><>" joined team "CT"
L 08/30/2018 - 12:41:10: "Inspetor Buginganga<28><VALVE_ID_LAN><>" joined team "CT"
L 08/30/2018 - 12:41:11: "@te<29><VALVE_ID_LAN><>" entered the game
L 08/30/2018 - 12:41:13: "NOVATO<27><VALVE_ID_LAN><CT>" killed "Calcas Peludas<22><VALVE_ID_LAN><TERRORIST>" with "glock18"
L 08/30/2018 - 12:41:15: "Kratos<21><VALVE_ID_LAN><TERRORIST>" killed "Jack is Back!<25><VALVE_ID_LAN><CT>" with "glock18"
L 08/30/2018 - 12:41:15: "NOVATO<27><VALVE_ID_LAN><CT>" killed "Smolder<26><VALVE_ID_LAN><TERRORIST>" with "glock18"
L 08/30/2018 - 12:41:15: "Cap Billy<20><VALVE_ID_LOOPBACK><CT>" killed "XXBOT Wayne<23><BOT><TERRORIST>" with "glock18"
L 08/30/2018 - 12:41:17: "GARGAMEL ALFA<24><VALVE_ID_LAN><TERRORIST>" killed "Inspetor Buginganga<28><VALVE_ID_LAN><CT>" with "glock18"
L 08/30/2018 - 12:41:19: "Cap Billy<20><VALVE_ID_LOOPBACK><CT>" killed "Kratos<21><VALVE_ID_LAN><TERRORIST>" with "glock18"
L 08/30/2018 - 12:41:21: "@te<29><VALVE_ID_LAN><>" joined team "CT"
L 08/30/2018 - 12:41:31: "GARGAMEL ALFA<24><VALVE_ID_LAN><TERRORIST>" killed "NOVATO<27><VALVE_ID_LAN><CT>" with "glock18"
L 08/30/2018 - 12:41:32: "GARGAMEL ALFA<24><VALVE_ID_LAN><TERRORIST>" killed "Cap Billy<20><VALVE_ID_LOOPBACK><CT>" with "glock18"
L 08/30/2018 - 12:41:36: "Calcas Peludas<22><VALVE_ID_LAN><TERRORIST>" say "hahahah" (dead)
L 08/30/2018 - 12:41:38: "@te<29><VALVE_ID_LAN><CT>" killed "GARGAMEL ALFA<24><VALVE_ID_LAN><TERRORIST>" with "glock18"
L 08/30/2018 - 12:41:38: Team "CT" triggered "CTs_Win" (CT "1") (T "0")
L 08/30/2018 - 12:41:38: World triggered "Round_End"
L 08/30/2018 - 12:41:40: "Kratos<21><VALVE_ID_LAN><TERRORIST>" say "covarde" (dead)
L 08/30/2018 - 12:41:43: World triggered "Round_Start"
L 08/30/2018 - 12:41:50: "Inspetor Buginganga<28><VALVE_ID_LAN><CT>" killed "Calcas Peludas<22><VALVE_ID_LAN><TERRORIST>" with "glock18"
L 08/30/2018 - 12:41:50: "Cap Billy<20><VALVE_ID_LOOPBACK><CT>" killed "Kratos<21><VALVE_ID_LAN><TERRORIST>" with "knife"
L 08/30/2018 - 12:41:51: "XXBOT Wayne<23><BOT><TERRORIST>" killed "@te<29><VALVE_ID_LAN><CT>" with "glock18"
L 08/30/2018 - 12:41:52: "Smolder<26><VALVE_ID_LAN><TERRORIST>" killed "NOVATO<27><VALVE_ID_LAN><CT>" with "glock18"
L 08/30/2018 - 12:41:53: "Kratos<21><VALVE_ID_LAN><TERRORIST>" say "merda" (dead)
L 08/30/2018 - 12:41:53: "Jack is Back!<25><VALVE_ID_LAN><CT>" killed "GARGAMEL ALFA<24><VALVE_ID_LAN><TERRORIST>" with "glock18"
L 08/30/2018 - 12:41:54: "Cap Billy<20><VALVE_ID_LOOPBACK><CT>" killed "Smolder<26><VALVE_ID_LAN><TERRORIST>" with "glock18"
L 08/30/2018 - 12:42:03: "Inspetor Buginganga<28><VALVE_ID_LAN><CT>" killed "XXBOT Wayne<23><BOT><TERRORIST>" with "glock18"
L 08/30/2018 - 12:42:03: Team "CT" triggered "CTs_Win" (CT "2") (T "0")
L 08/30/2018 - 12:42:03: World triggered "Round_End"
L 08/30/2018 - 12:42:08: World triggered "Round_Start"
L 08/30/2018 - 12:42:09: "Cap Billy<20><VALVE_ID_LOOPBACK><CT>" say "kratima"
L 08/30/2018 - 12:42:15: "Cap Billy<20><VALVE_ID_LOOPBACK><CT>" killed "GARGAMEL ALFA<24><VALVE_ID_LAN><TERRORIST>" with "glock18"
L 08/30/2018 - 12:42:16: "@te<29><VALVE_ID_LAN><CT>" killed "Smolder<26><VALVE_ID_LAN><TERRORIST>" with "glock18"
L 08/30/2018 - 12:42:17: "Jack is Back!<25><VALVE_ID_LAN><CT>" killed "Kratos<21><VALVE_ID_LAN><TERRORIST>" with "glock18"
L 08/30/2018 - 12:42:17: "Calcas Peludas<22><VALVE_ID_LAN><TERRORIST>" killed "Jack is Back!<25><VALVE_ID_LAN><CT>" with "glock18"
L 08/30/2018 - 12:42:25: "Cap Billy<20><VALVE_ID_LOOPBACK><CT>" killed "XXBOT Wayne<23><BOT><TERRORIST>" with "glock18"
L 08/30/2018 - 12:42:26: "Calcas Peludas<22><VALVE_ID_LAN><TERRORIST>" killed "Inspetor Buginganga<28><VALVE_ID_LAN><CT>" with "knife"
L 08/30/2018 - 12:42:27: "Cap Billy<20><VALVE_ID_LOOPBACK><CT>" killed "Calcas Peludas<22><VALVE_ID_LAN><TERRORIST>" with "glock18"
L 08/30/2018 - 12:42:27: Team "CT" triggered "CTs_Win" (CT "3") (T "0")
L 08/30/2018 - 12:42:27: World triggered "Round_End"
L 08/30/2018 - 12:42:31: "Smolder<26><VALVE_ID_LAN><TERRORIST>" say "tome" (dead)
L 08/30/2018 - 12:42:32: World triggered "Round_Start"
L 08/30/2018 - 12:42:40: "Smolder<26><VALVE_ID_LAN><TERRORIST>" killed "Cap Billy<20><VALVE_ID_LOOPBACK><CT>" with "glock18"
L 08/30/2018 - 12:42:41: "Jack is Back!<25><VALVE_ID_LAN><CT>" killed "Calcas Peludas<22><VALVE_ID_LAN><TERRORIST>" with "glock18"
L 08/30/2018 - 12:42:43: "Inspetor Buginganga<28><VALVE_ID_LAN><CT>" killed "NOVATO<27><VALVE_ID_LAN><CT>" with "glock18"
L 08/30/2018 - 12:42:43: "@te<29><VALVE_ID_LAN><CT>" killed "GARGAMEL ALFA<24><VALVE_ID_LAN><TERRORIST>" with "knife"
L 08/30/2018 - 12:42:45: "Inspetor Buginganga<28><VALVE_ID_LAN><CT>" killed "Smolder<26><VALVE_ID_LAN><TERRORIST>" with "glock18"
L 08/30/2018 - 12:42:45: "Kratos<21><VALVE_ID_LAN><TERRORIST>" killed "Inspetor Buginganga<28><VALVE_ID_LAN><CT>" with "knife"
L 08/30/2018 - 12:42:47: "Jack is Back!<25><VALVE_ID_LAN><CT>" killed "XXBOT Wayne<23><BOT><TERRORIST>" with "knife"
L 08/30/2018 - 12:42:48: "Kratos<21><VALVE_ID_LAN><TERRORIST>" killed "@te<29><VALVE_ID_LAN><CT>" with "glock18"
L 08/30/2018 - 12:42:50: "Kratos<21><VALVE_ID_LAN><TERRORIST>" killed "Jack is Back!<25><VALVE_ID_LAN><CT>" with "glock18"
L 08/30/2018 - 12:42:50: Team "TERRORIST" triggered "Terrorists_Win" (CT "3") (T "1")
L 08/30/2018 - 12:42:50: World triggered "Round_End"
L 08/30/2018 - 12:42:52: "Calcas Peludas<22><VALVE_ID_LAN><TERRORIST>" say "bagaceira da porra" (dead)
L 08/30/2018 - 12:42:55: World triggered "Round_Start"
L 08/30/2018 - 12:42:55: "Inspetor Buginganga<28><VALVE_ID_LAN><CT>" committed suicide with "world"
L 08/30/2018 - 12:42:59: "NOVATO<27><VALVE_ID_LAN><CT>" killed "Calcas Peludas<22><VALVE_ID_LAN><TERRORIST>" with "glock18"
L 08/30/2018 - 12:43:00: "Jack is Back!<25><VALVE_ID_LAN><CT>" killed "Smolder<26><VALVE_ID_LAN><TERRORIST>" with "glock18"
L 08/30/2018 - 12:43:01: "Cap Billy<20><VALVE_ID_LOOPBACK><CT>" killed "Kratos<21><VALVE_ID_LAN><TERRORIST>" with "glock18"
L 08/30/2018 - 12:43:12: "Cap Billy<20><VALVE_ID_LOOPBACK><CT>" killed "XXBOT Wayne<23><BOT><TERRORIST>" with "glock18"
L 08/30/2018 - 12:43:13: "Jack is Back!<25><VALVE_ID_LAN><CT>" killed "GARGAMEL ALFA<24><VALVE_ID_LAN><TERRORIST>" with "glock18"
L 08/30/2018 - 12:43:13: Team "CT" triggered "CTs_Win" (CT "4") (T "1")
L 08/30/2018 - 12:43:13: World triggered "Round_End"
L 08/30/2018 - 12:43:18: World triggered "Round_Start"
L 08/30/2018 - 12:43:26: "Kratos<21><VALVE_ID_LAN><TERRORIST>" killed "@te<29><VALVE_ID_LAN><CT>" with "glock18"
L 08/30/2018 - 12:43:28: "Cap Billy<20><VALVE_ID_LOOPBACK><CT>" killed "Smolder<26><VALVE_ID_LAN><TERRORIST>" with "glock18"
L 08/30/2018 - 12:43:29: "GARGAMEL ALFA<24><VALVE_ID_LAN><TERRORIST>" killed "Inspetor Buginganga<28><VALVE_ID_LAN><CT>" with "glock18"
L 08/30/2018 - 12:43:30: "NOVATO<27><VALVE_ID_LAN><CT>" killed "GARGAMEL ALFA<24><VALVE_ID_LAN><TERRORIST>" with "glock18"
L 08/30/2018 - 12:43:31: "Jack is Back!<25><VALVE_ID_LAN><CT>" killed "XXBOT Wayne<23><BOT><TERRORIST>" with "glock18"
L 08/30/2018 - 12:43:32: "Jack is Back!<25><VALVE_ID_LAN><CT>" killed "Calcas Peludas<22><VALVE_ID_LAN><TERRORIST>" with "glock18"
L 08/30/2018 - 12:43:33: "Kratos<21><VALVE_ID_LAN><TERRORIST>" killed "Jack is Back!<25><VALVE_ID_LAN><CT>" with "glock18"
L 08/30/2018 - 12:43:42: "Calcas Peludas<22><VALVE_ID_LAN><TERRORIST>" say_team "vamos ficar juntos na base " (dead)
L 08/30/2018 - 12:43:43: "Kratos<21><VALVE_ID_LAN><TERRORIST>" killed "NOVATO<27><VALVE_ID_LAN><CT>" with "glock18"
L 08/30/2018 - 12:43:51: "Cap Billy<20><VALVE_ID_LOOPBACK><CT>" killed "Kratos<21><VALVE_ID_LAN><TERRORIST>" with "glock18"
L 08/30/2018 - 12:43:51: Team "CT" triggered "CTs_Win" (CT "5") (T "1")
L 08/30/2018 - 12:43:51: World triggered "Round_End"
L 08/30/2018 - 12:43:53: "Kratos<21><VALVE_ID_LAN><TERRORIST>" say "covarde" (dead)
L 08/30/2018 - 12:43:56: World triggered "Round_Start"
L 08/30/2018 - 12:43:57: "Calcas Peludas<22><VALVE_ID_LAN><TERRORIST>" say_team "montar uma emboscada"
L 08/30/2018 - 12:44:03: "Cap Billy<20><VALVE_ID_LOOPBACK><CT>" killed "Kratos<21><VALVE_ID_LAN><TERRORIST>" with "glock18"
L 08/30/2018 - 12:44:03: "Jack is Back!<25><VALVE_ID_LAN><CT>" killed "GARGAMEL ALFA<24><VALVE_ID_LAN><TERRORIST>" with "glock18"
L 08/30/2018 - 12:44:06: "Cap Billy<20><VALVE_ID_LOOPBACK><CT>" killed "Smolder<26><VALVE_ID_LAN><TERRORIST>" with "glock18"
L 08/30/2018 - 12:44:09: "NOVATO<27><VALVE_ID_LAN><CT>" killed "XXBOT Wayne<23><BOT><TERRORIST>" with "glock18"
L 08/30/2018 - 12:44:10: "Jack is Back!<25><VALVE_ID_LAN><CT>" killed "Calcas Peludas<22><VALVE_ID_LAN><TERRORIST>" with "knife"
L 08/30/2018 - 12:44:10: Team "CT" triggered "CTs_Win" (CT "6") (T "1")
L 08/30/2018 - 12:44:10: World triggered "Round_End"
L 08/30/2018 - 12:44:15: World triggered "Round_Start"
L 08/30/2018 - 12:44:15: "Calcas Peludas<22><VALVE_ID_LAN><TERRORIST>" say "deu certo nao"
L 08/30/2018 - 12:44:17: "Cap Billy<20><VALVE_ID_LOOPBACK><CT>" say_team "JUNTSO PORRA"
L 08/30/2018 - 12:44:20: "Kratos<21><VALVE_ID_LAN><TERRORIST>" killed "Cap Billy<20><VALVE_ID_LOOPBACK><CT>" with "glock18"
L 08/30/2018 - 12:44:22: "Kratos<21><VALVE_ID_LAN><TERRORIST>" killed "Jack is Back!<25><VALVE_ID_LAN><CT>" with "glock18"
L 08/30/2018 - 12:44:22: "@te<29><VALVE_ID_LAN><CT>" killed "Kratos<21><VALVE_ID_LAN><TERRORIST>" with "glock18"
L 08/30/2018 - 12:44:28: "NOVATO<27><VALVE_ID_LAN><CT>" killed "XXBOT Wayne<23><BOT><TERRORIST>" with "glock18"
L 08/30/2018 - 12:44:30: "Jack is Back!<25><VALVE_ID_LAN><CT>" say "ei" (dead)
L 08/30/2018 - 12:44:31: "NOVATO<27><VALVE_ID_LAN><CT>" killed "Smolder<26><VALVE_ID_LAN><TERRORIST>" with "glock18"
L 08/30/2018 - 12:44:38: "GARGAMEL ALFA<24><VALVE_ID_LAN><TERRORIST>" killed "Inspetor Buginganga<28><VALVE_ID_LAN><CT>" with "glock18"
L 08/30/2018 - 12:44:39: "@te<29><VALVE_ID_LAN><CT>" killed "GARGAMEL ALFA<24><VALVE_ID_LAN><TERRORIST>" with "knife"
L 08/30/2018 - 12:44:41: "Jack is Back!<25><VALVE_ID_LAN><CT>" say "quem olhar eh gay" (dead)
L 08/30/2018 - 12:44:43: "Cap Billy<20><VALVE_ID_LOOPBACK><CT>" say "HAHAHAHAHAHAHAHA" (dead)
L 08/30/2018 - 12:44:48: "Calcas Peludas<22><VALVE_ID_LAN><TERRORIST>" killed "NOVATO<27><VALVE_ID_LAN><CT>" with "knife"
L 08/30/2018 - 12:44:53: "Smolder<26><VALVE_ID_LAN><TERRORIST>" say "rpoximo" (dead)
L 08/30/2018 - 12:45:01: "Calcas Peludas<22><VALVE_ID_LAN><TERRORIST>" killed "@te<29><VALVE_ID_LAN><CT>" with "knife"
L 08/30/2018 - 12:45:01: Team "TERRORIST" triggered "Terrorists_Win" (CT "6") (T "2")
L 08/30/2018 - 12:45:01: World triggered "Round_End"
L 08/30/2018 - 12:45:03: "Smolder<26><VALVE_ID_LAN><TERRORIST>" say "tomer" (dead)
L 08/30/2018 - 12:45:03: "Kratos<21><VALVE_ID_LAN><TERRORIST>" say "hauhauhauhaua" (dead)
L 08/30/2018 - 12:45:04: "Calcas Peludas<22><VALVE_ID_LAN><TERRORIST>" say "pegue"
L 08/30/2018 - 12:45:05: "Jack is Back!<25><VALVE_ID_LAN><CT>" say "urra" (dead)
L 08/30/2018 - 12:45:05: "Cap Billy<20><VALVE_ID_LOOPBACK><CT>" say "puta merdaaa" (dead)
L 08/30/2018 - 12:45:06: "Smolder<26><VALVE_ID_LAN><TERRORIST>" say "tome" (dead)
L 08/30/2018 - 12:45:06: World triggered "Round_Start"
L 08/30/2018 - 12:45:06: "Kratos<21><VALVE_ID_LAN><TERRORIST>" say "foi corajoso"
L 08/30/2018 - 12:45:14: "Inspetor Buginganga<28><VALVE_ID_LAN><CT>" killed "Calcas Peludas<22><VALVE_ID_LAN><TERRORIST>" with "glock18"
L 08/30/2018 - 12:45:15: "Kratos<21><VALVE_ID_LAN><TERRORIST>" killed "@te<29><VALVE_ID_LAN><CT>" with "glock18"
L 08/30/2018 - 12:45:16: "Smolder<26><VALVE_ID_LAN><TERRORIST>" killed "NOVATO<27><VALVE_ID_LAN><CT>" with "glock18"
L 08/30/2018 - 12:45:19: "GARGAMEL ALFA<24><VALVE_ID_LAN><TERRORIST>" killed "Jack is Back!<25><VALVE_ID_LAN><CT>" with "knife"
L 08/30/2018 - 12:45:19: "XXBOT Wayne<23><BOT><TERRORIST>" killed "Cap Billy<20><VALVE_ID_LOOPBACK><CT>" with "glock18"
L 08/30/2018 - 12:45:23: "Kratos<21><VALVE_ID_LAN><TERRORIST>" killed "Inspetor Buginganga<28><VALVE_ID_LAN><CT>" with "glock18"
L 08/30/2018 - 12:45:23: Team "TERRORIST" triggered "Terrorists_Win" (CT "6") (T "3")
L 08/30/2018 - 12:45:23: World triggered "Round_End"
L 08/30/2018 - 12:45:28: World triggered "Round_Start"
L 08/30/2018 - 12:45:35: "@te<29><VALVE_ID_LAN><CT>" killed "Kratos<21><VALVE_ID_LAN><TERRORIST>" with "knife"
L 08/30/2018 - 12:45:38: "Kratos<21><VALVE_ID_LAN><TERRORIST>" say "porra" (dead)
L 08/30/2018 - 12:45:39: "Cap Billy<20><VALVE_ID_LOOPBACK><CT>" killed "XXBOT Wayne<23><BOT><TERRORIST>" with "glock18"
L 08/30/2018 - 12:45:41: "@te<29><VALVE_ID_LAN><CT>" killed "Calcas Peludas<22><VALVE_ID_LAN><TERRORIST>" with "glock18"
L 08/30/2018 - 12:45:41: "Jack is Back!<25><VALVE_ID_LAN><CT>" killed "GARGAMEL ALFA<24><VALVE_ID_LAN><TERRORIST>" with "glock18"
L 08/30/2018 - 12:45:43: "Cap Billy<20><VALVE_ID_LOOPBACK><CT>" killed "Smolder<26><VALVE_ID_LAN><TERRORIST>" with "glock18"
L 08/30/2018 - 12:45:43: Team "CT" triggered "CTs_Win" (CT "7") (T "3")
L 08/30/2018 - 12:45:43: World triggered "Round_End"
L 08/30/2018 - 12:45:48: World triggered "Round_Start"
L 08/30/2018 - 12:45:56: "Jack is Back!<25><VALVE_ID_LAN><CT>" killed "XXBOT Wayne<23><BOT><TERRORIST>" with "glock18"
L 08/30/2018 - 12:45:56: "Cap Billy<20><VALVE_ID_LOOPBACK><CT>" killed "Kratos<21><VALVE_ID_LAN><TERRORIST>" with "glock18"
L 08/30/2018 - 12:45:56: "Calcas Peludas<22><VALVE_ID_LAN><TERRORIST>" killed "Jack is Back!<25><VALVE_ID_LAN><CT>" with "glock18"
L 08/30/2018 - 12:45:58: "@te<29><VALVE_ID_LAN><CT>" killed "Smolder<26><VALVE_ID_LAN><TERRORIST>" with "glock18"
L 08/30/2018 - 12:46:00: "@te<29><VALVE_ID_LAN><CT>" killed "Calcas Peludas<22><VALVE_ID_LAN><TERRORIST>" with "glock18"
L 08/30/2018 - 12:46:02: "Kratos<21><VALVE_ID_LAN><TERRORIST>" say "bora pra cime ne!" (dead)
L 08/30/2018 - 12:46:08: "Jack is Back!<25><VALVE_ID_LAN><CT>" say "bora" (dead)
L 08/30/2018 - 12:46:10: "NOVATO<27><VALVE_ID_LAN><CT>" killed "GARGAMEL ALFA<24><VALVE_ID_LAN><TERRORIST>" with "knife"
L 08/30/2018 - 12:46:10: Team "CT" triggered "CTs_Win" (CT "8") (T "3")
L 08/30/2018 - 12:46:10: World triggered "Round_End"
L 08/30/2018 - 12:46:12: "Kratos<21><VALVE_ID_LAN><TERRORIST>" say "vou ficar assim tb" (dead)
L 08/30/2018 - 12:46:14: "Jack is Back!<25><VALVE_ID_LAN><CT>" say "linndaaaaa" (dead)
L 08/30/2018 - 12:46:15: World triggered "Round_Start"
L 08/30/2018 - 12:46:25: "Kratos<21><VALVE_ID_LAN><TERRORIST>" killed "Jack is Back!<25><VALVE_ID_LAN><CT>" with "glock18"
L 08/30/2018 - 12:46:28: "Smolder<26><VALVE_ID_LAN><TERRORIST>" killed "@te<29><VALVE_ID_LAN><CT>" with "glock18"
L 08/30/2018 - 12:46:28: "Cap Billy<20><VALVE_ID_LOOPBACK><CT>" killed "Calcas Peludas<22><VALVE_ID_LAN><TERRORIST>" with "glock18"
L 08/30/2018 - 12:46:30: "GARGAMEL ALFA<24><VALVE_ID_LAN><TERRORIST>" killed "NOVATO<27><VALVE_ID_LAN><CT>" with "knife"
L 08/30/2018 - 12:46:33: "Kratos<21><VALVE_ID_LAN><TERRORIST>" killed "Cap Billy<20><VALVE_ID_LOOPBACK><CT>" with "knife"
L 08/30/2018 - 12:46:43: "Cap Billy<20><VALVE_ID_LOOPBACK><CT>" say_team "vacilamos" (dead)
L 08/30/2018 - 12:46:44: "Calcas Peludas<22><VALVE_ID_LAN><TERRORIST>" say_team "deu certo ficarmos na base" (dead)
L 08/30/2018 - 12:46:46: "Kratos<21><VALVE_ID_LAN><TERRORIST>" killed "Inspetor Buginganga<28><VALVE_ID_LAN><CT>" with "knife"
L 08/30/2018 - 12:46:46: Team "TERRORIST" triggered "Terrorists_Win" (CT "8") (T "4")
L 08/30/2018 - 12:46:46: World triggered "Round_End"
L 08/30/2018 - 12:46:48: "Jack is Back!<25><VALVE_ID_LAN><CT>" say "facil" (dead)
L 08/30/2018 - 12:46:51: World triggered "Round_Start"
L 08/30/2018 - 12:46:51: "Cap Billy<20><VALVE_ID_LOOPBACK><CT>" say_team "se nao andar juntos vamo se fuder"
L 08/30/2018 - 12:46:52: "Calcas Peludas<22><VALVE_ID_LAN><TERRORIST>" say_team "eh so isolar o perimetro"
L 08/30/2018 - 12:46:57: "Kratos<21><VALVE_ID_LAN><TERRORIST>" killed "Cap Billy<20><VALVE_ID_LOOPBACK><CT>" with "glock18"
L 08/30/2018 - 12:46:59: "NOVATO<27><VALVE_ID_LAN><CT>" killed "Kratos<21><VALVE_ID_LAN><TERRORIST>" with "glock18"
L 08/30/2018 - 12:47:03: "@te<29><VALVE_ID_LAN><CT>" killed "XXBOT Wayne<23><BOT><TERRORIST>" with "glock18"
L 08/30/2018 - 12:47:05: "Calcas Peludas<22><VALVE_ID_LAN><TERRORIST>" killed "Inspetor Buginganga<28><VALVE_ID_LAN><CT>" with "glock18"
L 08/30/2018 - 12:47:05: "@te<29><VALVE_ID_LAN><CT>" killed "Calcas Peludas<22><VALVE_ID_LAN><TERRORIST>" with "glock18"
L 08/30/2018 - 12:47:06: "@te<29><VALVE_ID_LAN><CT>" killed "GARGAMEL ALFA<24><VALVE_ID_LAN><TERRORIST>" with "glock18"
L 08/30/2018 - 12:47:10: "Calcas Peludas<22><VALVE_ID_LAN><TERRORIST>" say_team "deu nao" (dead)
L 08/30/2018 - 12:47:20: "Smolder<26><VALVE_ID_LAN><TERRORIST>" killed "NOVATO<27><VALVE_ID_LAN><CT>" with "knife"
L 08/30/2018 - 12:47:26: "@te<29><VALVE_ID_LAN><CT>" killed "Smolder<26><VALVE_ID_LAN><TERRORIST>" with "knife"
L 08/30/2018 - 12:47:26: Team "CT" triggered "CTs_Win" (CT "9") (T "4")
L 08/30/2018 - 12:47:26: World triggered "Round_End"
L 08/30/2018 - 12:47:28: "Calcas Peludas<22><VALVE_ID_LAN><TERRORIST>" say "ah" (dead)
L 08/30/2018 - 12:47:29: "Cap Billy<20><VALVE_ID_LOOPBACK><CT>" say_team "tem que ser juntos" (dead)
L 08/30/2018 - 12:47:30: "Kratos<21><VALVE_ID_LAN><TERRORIST>" say "sei nao" (dead)
L 08/30/2018 - 12:47:31: "Kratos<21><VALVE_ID_LAN><TERRORIST>" say "kkkk" (dead)
L 08/30/2018 - 12:47:31: World triggered "Round_Start"
L 08/30/2018 - 12:47:32: "Cap Billy<20><VALVE_ID_LOOPBACK><CT>" say_team "JUNTOSSSSSSS"
L 08/30/2018 - 12:47:39: "Kratos<21><VALVE_ID_LAN><TERRORIST>" killed "Jack is Back!<25><VALVE_ID_LAN><CT>" with "glock18"
L 08/30/2018 - 12:47:42: "GARGAMEL ALFA<24><VALVE_ID_LAN><TERRORIST>" killed "@te<29><VALVE_ID_LAN><CT>" with "glock18"
L 08/30/2018 - 12:47:42: "Cap Billy<20><VALVE_ID_LOOPBACK><CT>" killed "Calcas Peludas<22><VALVE_ID_LAN><TERRORIST>" with "glock18"
L 08/30/2018 - 12:47:44: "GARGAMEL ALFA<24><VALVE_ID_LAN><TERRORIST>" killed "NOVATO<27><VALVE_ID_LAN><CT>" with "glock18"
L 08/30/2018 - 12:47:46: "GARGAMEL ALFA<24><VALVE_ID_LAN><TERRORIST>" killed "Inspetor Buginganga<28><VALVE_ID_LAN><CT>" with "glock18"
L 08/30/2018 - 12:47:47: "Cap Billy<20><VALVE_ID_LOOPBACK><CT>" killed "GARGAMEL ALFA<24><VALVE_ID_LAN><TERRORIST>" with "glock18"
L 08/30/2018 - 12:47:49: "Cap Billy<20><VALVE_ID_LOOPBACK><CT>" killed "Kratos<21><VALVE_ID_LAN><TERRORIST>" with "glock18"
L 08/30/2018 - 12:47:54: "Cap Billy<20><VALVE_ID_LOOPBACK><CT>" killed "XXBOT Wayne<23><BOT><TERRORIST>" with "glock18"
L 08/30/2018 - 12:47:54: "Smolder<26><VALVE_ID_LAN><TERRORIST>" killed "Cap Billy<20><VALVE_ID_LOOPBACK><CT>" with "glock18"
L 08/30/2018 - 12:47:54: Team "TERRORIST" triggered "Terrorists_Win" (CT "9") (T "5")
L 08/30/2018 - 12:47:54: World triggered "Round_End"
L 08/30/2018 - 12:47:59: World triggered "Round_Start"
L 08/30/2018 - 12:47:59: "Cap Billy<20><VALVE_ID_LOOPBACK><CT>" say_team "VC TEM QUE VIRRRRRRRR"
L 08/30/2018 - 12:48:11: "Jack is Back!<25><VALVE_ID_LAN><CT>" killed "GARGAMEL ALFA<24><VALVE_ID_LAN><TERRORIST>" with "glock18"
L 08/30/2018 - 12:48:12: "Smolder<26><VALVE_ID_LAN><TERRORIST>" killed "@te<29><VALVE_ID_LAN><CT>" with "knife"
L 08/30/2018 - 12:48:12: "Inspetor Buginganga<28><VALVE_ID_LAN><CT>" killed "Smolder<26><VALVE_ID_LAN><TERRORIST>" with "glock18"
L 08/30/2018 - 12:48:13: "Kratos<21><VALVE_ID_LAN><TERRORIST>" killed "Jack is Back!<25><VALVE_ID_LAN><CT>" with "glock18"
L 08/30/2018 - 12:48:16: "Smolder<26><VALVE_ID_LAN><TERRORIST>" say "tome" (dead)
L 08/30/2018 - 12:48:19: "Smolder<26><VALVE_ID_LAN><TERRORIST>" say "coitado" (dead)
L 08/30/2018 - 12:48:19: "NOVATO<27><VALVE_ID_LAN><CT>" killed "XXBOT Wayne<23><BOT><TERRORIST>" with "knife"
L 08/30/2018 - 12:48:21: "Inspetor Buginganga<28><VALVE_ID_LAN><CT>" killed "Kratos<21><VALVE_ID_LAN><TERRORIST>" with "glock18"
L 08/30/2018 - 12:48:24: "Inspetor Buginganga<28><VALVE_ID_LAN><CT>" killed "Calcas Peludas<22><VALVE_ID_LAN><TERRORIST>" with "glock18"
L 08/30/2018 - 12:48:24: Team "CT" triggered "CTs_Win" (CT "10") (T "5")
L 08/30/2018 - 12:48:24: World triggered "Round_End"
L 08/30/2018 - 12:48:29: World triggered "Round_Start"
L 08/30/2018 - 12:48:36: "Cap Billy<20><VALVE_ID_LOOPBACK><CT>" killed "Calcas Peludas<22><VALVE_ID_LAN><TERRORIST>" with "glock18"
L 08/30/2018 - 12:48:37: "Cap Billy<20><VALVE_ID_LOOPBACK><CT>" killed "Smolder<26><VALVE_ID_LAN><TERRORIST>" with "glock18"
L 08/30/2018 - 12:48:40: "Smolder<26><VALVE_ID_LAN><TERRORIST>" say "crise" (dead)
L 08/30/2018 - 12:48:42: "Smolder<26><VALVE_ID_LAN><TERRORIST>" say "crise" (dead)
L 08/30/2018 - 12:48:43: "Calcas Peludas<22><VALVE_ID_LAN><TERRORIST>" say_team "caralho" (dead)
L 08/30/2018 - 12:48:44: "Cap Billy<20><VALVE_ID_LOOPBACK><CT>" killed "XXBOT Wayne<23><BOT><TERRORIST>" with "glock18"
L 08/30/2018 - 12:48:47: "Smolder<26><VALVE_ID_LAN><TERRORIST>" say "crise" (dead)
L 08/30/2018 - 12:48:47: "GARGAMEL ALFA<24><VALVE_ID_LAN><TERRORIST>" killed "Jack is Back!<25><VALVE_ID_LAN><CT>" with "glock18"
L 08/30/2018 - 12:48:53: "Calcas Peludas<22><VALVE_ID_LAN><TERRORIST>" say "ta foda" (dead)
L 08/30/2018 - 12:48:56: "Cap Billy<20><VALVE_ID_LOOPBACK><CT>" killed "GARGAMEL ALFA<24><VALVE_ID_LAN><TERRORIST>" with "glock18"
L 08/30/2018 - 12:48:58: "Cap Billy<20><VALVE_ID_LOOPBACK><CT>" killed "Kratos<21><VALVE_ID_LAN><TERRORIST>" with "glock18"
L 08/30/2018 - 12:48:58: Team "CT" triggered "CTs_Win" (CT "11") (T "5")
L 08/30/2018 - 12:48:58: World triggered "Round_End"
L 08/30/2018 - 12:48:59: "Calcas Peludas<22><VALVE_ID_LAN><TERRORIST>" say "parece urubu" (dead)
L 08/30/2018 - 12:49:03: World triggered "Round_Start"
L 08/30/2018 - 12:49:09: "XXBOT Wayne<23><BOT><TERRORIST>" killed "Cap Billy<20><VALVE_ID_LOOPBACK><CT>" with "glock18"
L 08/30/2018 - 12:49:14: "Smolder<26><VALVE_ID_LAN><TERRORIST>" killed "Jack is Back!<25><VALVE_ID_LAN><CT>" with "glock18"
L 08/30/2018 - 12:49:16: "@te<29><VALVE_ID_LAN><CT>" killed "Smolder<26><VALVE_ID_LAN><TERRORIST>" with "glock18"
L 08/30/2018 - 12:49:16: Server cvar "amx_nextmap" = "fy_stoneworld"
L 08/30/2018 - 12:49:16: "Inspetor Buginganga<28><VALVE_ID_LAN><CT>" killed "GARGAMEL ALFA<24><VALVE_ID_LAN><TERRORIST>" with "glock18"
L 08/30/2018 - 12:49:19: "Cap Billy<20><VALVE_ID_LOOPBACK><CT>" say_team "EU SAIU SOZINHO EM TODAS" (dead)
L 08/30/2018 - 12:49:20: "XXBOT Wayne<23><BOT><TERRORIST>" killed "@te<29><VALVE_ID_LAN><CT>" with "glock18"
L 08/30/2018 - 12:49:22: "Kratos<21><VALVE_ID_LAN><TERRORIST>" killed "Inspetor Buginganga<28><VALVE_ID_LAN><CT>" with "glock18"
L 08/30/2018 - 12:49:24: "Jack is Back!<25><VALVE_ID_LAN><CT>" say "q issu" (dead)
L 08/30/2018 - 12:49:27: "Kratos<21><VALVE_ID_LAN><TERRORIST>" killed "NOVATO<27><VALVE_ID_LAN><CT>" with "glock18"
L 08/30/2018 - 12:49:27: Team "TERRORIST" triggered "Terrorists_Win" (CT "11") (T "6")
L 08/30/2018 - 12:49:27: World triggered "Round_End"
L 08/30/2018 - 12:49:29: "Jack is Back!<25><VALVE_ID_LAN><CT>" say_team "to quase sempre junto" (dead)
L 08/30/2018 - 12:49:29: "Cap Billy<20><VALVE_ID_LOOPBACK><CT>" say_team "ta osso" (dead)
L 08/30/2018 - 12:49:32: World triggered "Round_Start"
L 08/30/2018 - 12:49:39: "Smolder<26><VALVE_ID_LAN><TERRORIST>" killed "Cap Billy<20><VALVE_ID_LOOPBACK><CT>" with "glock18"
L 08/30/2018 - 12:49:41: "@te<29><VALVE_ID_LAN><CT>" killed "Smolder<26><VALVE_ID_LAN><TERRORIST>" with "glock18"
L 08/30/2018 - 12:49:41: "Kratos<21><VALVE_ID_LAN><TERRORIST>" killed "Jack is Back!<25><VALVE_ID_LAN><CT>" with "glock18"
L 08/30/2018 - 12:49:42: "Kratos<21><VALVE_ID_LAN><TERRORIST>" killed "Inspetor Buginganga<28><VALVE_ID_LAN><CT>" with "glock18"
L 08/30/2018 - 12:49:43: "NOVATO<27><VALVE_ID_LAN><CT>" killed "XXBOT Wayne<23><BOT><TERRORIST>" with "glock18"
L 08/30/2018 - 12:49:54: "NOVATO<27><VALVE_ID_LAN><CT>" killed "GARGAMEL ALFA<24><VALVE_ID_LAN><TERRORIST>" with "glock18"
L 08/30/2018 - 12:49:54: "Jack is Back!<25><VALVE_ID_LAN><CT>" say_team "bora..todo mundo segue o capitao" (dead)
L 08/30/2018 - 12:49:58: "NOVATO<27><VALVE_ID_LAN><CT>" killed "Kratos<21><VALVE_ID_LAN><TERRORIST>" with "glock18"
L 08/30/2018 - 12:50:12: "NOVATO<27><VALVE_ID_LAN><CT>" killed "Calcas Peludas<22><VALVE_ID_LAN><TERRORIST>" with "glock18"
L 08/30/2018 - 12:50:12: Team "CT" triggered "CTs_Win" (CT "12") (T "6")
L 08/30/2018 - 12:50:12: World triggered "Round_End"
L 08/30/2018 - 12:50:16: "Kratos<21><VALVE_ID_LAN><TERRORIST>" say_team "direita" (dead)
L 08/30/2018 - 12:50:17: World triggered "Round_Start"
L 08/30/2018 - 12:50:17: "Cap Billy<20><VALVE_ID_LOOPBACK><CT>" say_team "bora direita"
L 08/30/2018 - 12:50:17: "Jack is Back!<25><VALVE_ID_LAN><CT>" say_team "todo mundo segue o capitao"
L 08/30/2018 - 12:50:24: "Jack is Back!<25><VALVE_ID_LAN><CT>" killed "Calcas Peludas<22><VALVE_ID_LAN><TERRORIST>" with "glock18"
L 08/30/2018 - 12:50:30: "NOVATO<27><VALVE_ID_LAN><CT>" killed "XXBOT Wayne<23><BOT><TERRORIST>" with "glock18"
L 08/30/2018 - 12:50:33: "Inspetor Buginganga<28><VALVE_ID_LAN><CT>" killed "Kratos<21><VALVE_ID_LAN><TERRORIST>" with "glock18"
L 08/30/2018 - 12:50:34: "Smolder<26><VALVE_ID_LAN><TERRORIST>" killed "@te<29><VALVE_ID_LAN><CT>" with "glock18"
L 08/30/2018 - 12:50:39: "Calcas Peludas<22><VALVE_ID_LAN><TERRORIST>" say_team "vamos juntos" (dead)
L 08/30/2018 - 12:50:39: "Cap Billy<20><VALVE_ID_LOOPBACK><CT>" killed "GARGAMEL ALFA<24><VALVE_ID_LAN><TERRORIST>" with "knife"
L 08/30/2018 - 12:50:41: "Smolder<26><VALVE_ID_LAN><TERRORIST>" killed "Jack is Back!<25><VALVE_ID_LAN><CT>" with "knife"
L 08/30/2018 - 12:50:44: "Smolder<26><VALVE_ID_LAN><TERRORIST>" killed "Cap Billy<20><VALVE_ID_LOOPBACK><CT>" with "knife"
L 08/30/2018 - 12:50:46: "Inspetor Buginganga<28><VALVE_ID_LAN><CT>" killed "Smolder<26><VALVE_ID_LAN><TERRORIST>" with "glock18"
L 08/30/2018 - 12:50:46: Team "CT" triggered "CTs_Win" (CT "13") (T "6")
L 08/30/2018 - 12:50:46: World triggered "Round_End"
L 08/30/2018 - 12:50:48: "Kratos<21><VALVE_ID_LAN><TERRORIST>" say_team "eles estao andando juntos e nos so na faca" (dead)
L 08/30/2018 - 12:50:49: "Calcas Peludas<22><VALVE_ID_LAN><TERRORIST>" say "boa" (dead)
L 08/30/2018 - 12:50:51: World triggered "Round_Start"
L 08/30/2018 - 12:50:53: "Kratos<21><VALVE_ID_LAN><TERRORIST>" say "kd weseluy"
L 08/30/2018 - 12:50:53: "Jack is Back!<25><VALVE_ID_LAN><CT>" say_team "cvapitao"
L 08/30/2018 - 12:50:58: "Smolder<26><VALVE_ID_LAN><TERRORIST>" killed "@te<29><VALVE_ID_LAN><CT>" with "glock18"
L 08/30/2018 - 12:51:02: "NOVATO<27><VALVE_ID_LAN><CT>" killed "Smolder<26><VALVE_ID_LAN><TERRORIST>" with "knife"
L 08/30/2018 - 12:51:02: "Kratos<21><VALVE_ID_LAN><TERRORIST>" killed "Inspetor Buginganga<28><VALVE_ID_LAN><CT>" with "glock18"
L 08/30/2018 - 12:51:05: Team "CT" scored "13" with "5" players
L 08/30/2018 - 12:51:05: Team "TERRORIST" scored "6" with "5" players
L 08/30/2018 - 12:51:08: "Kratos<21><VALVE_ID_LAN><TERRORIST>" triggered "weaponstats" (weapon "glock18") (shots "206") (hits "72") (kills "19") (headshots "17") (tks "0") (damage "2456") (deaths "11")
L 08/30/2018 - 12:51:08: "Kratos<21><VALVE_ID_LAN><TERRORIST>" triggered "weaponstats2" (weapon "glock18") (head "26") (chest "7") (stomach "1") (leftarm "17") (rightarm "20") (leftleg "1") (rightleg "0")
L 08/30/2018 - 12:51:08: "Kratos<21><VALVE_ID_LAN><TERRORIST>" triggered "weaponstats" (weapon "knife") (shots "12") (hits "5") (kills "3") (headshots "2") (tks "0") (damage "480") (deaths "4")
L 08/30/2018 - 12:51:08: "Kratos<21><VALVE_ID_LAN><TERRORIST>" triggered "weaponstats2" (weapon "knife") (head "2") (chest "2") (stomach "0") (leftarm "0") (rightarm "1") (leftleg "0") (rightleg "0")
L 08/30/2018 - 12:51:08: "Kratos<21><VALVE_ID_LAN><TERRORIST>" triggered "time" (time "10:03")
L 08/30/2018 - 12:51:08: "Kratos<21><VALVE_ID_LAN><TERRORIST>" triggered "latency" (ping "11")
L 08/30/2018 - 12:51:10: "Cap Billy<20><VALVE_ID_LOOPBACK><CT>" triggered "weaponstats" (weapon "glock18") (shots "298") (hits "95") (kills "25") (headshots "21") (tks "0") (damage "3672") (deaths "9")
L 08/30/2018 - 12:51:10: "Cap Billy<20><VALVE_ID_LOOPBACK><CT>" triggered "weaponstats2" (weapon "glock18") (head "38") (chest "14") (stomach "2") (leftarm "17") (rightarm "22") (leftleg "0") (rightleg "2")
L 08/30/2018 - 12:51:10: "Cap Billy<20><VALVE_ID_LOOPBACK><CT>" triggered "weaponstats" (weapon "knife") (shots "20") (hits "6") (kills "2") (headshots "2") (tks "0") (damage "492") (deaths "1")
L 08/30/2018 - 12:51:10: "Cap Billy<20><VALVE_ID_LOOPBACK><CT>" triggered "weaponstats2" (weapon "knife") (head "3") (chest "0") (stomach "1") (leftarm "0") (rightarm "2") (leftleg "0") (rightleg "0")
L 08/30/2018 - 12:51:10: "Cap Billy<20><VALVE_ID_LOOPBACK><CT>" triggered "time" (time "10:09")
L 08/30/2018 - 12:51:10: "Cap Billy<20><VALVE_ID_LOOPBACK><CT>" triggered "latency" (ping "0")
L 08/30/2018 - 12:51:10: "Calcas Peludas<22><VALVE_ID_LAN><TERRORIST>" triggered "weaponstats" (weapon "glock18") (shots "200") (hits "46") (kills "3") (headshots "3") (tks "0") (damage "731") (deaths "13")
L 08/30/2018 - 12:51:10: "Calcas Peludas<22><VALVE_ID_LAN><TERRORIST>" triggered "weaponstats2" (weapon "glock18") (head "6") (chest "6") (stomach "5") (leftarm "13") (rightarm "15") (leftleg "0") (rightleg "1")
L 08/30/2018 - 12:51:10: "Calcas Peludas<22><VALVE_ID_LAN><TERRORIST>" triggered "weaponstats" (weapon "knife") (shots "22") (hits "6") (kills "3") (headshots "0") (tks "0") (damage "440") (deaths "4")
L 08/30/2018 - 12:51:10: "Calcas Peludas<22><VALVE_ID_LAN><TERRORIST>" triggered "weaponstats2" (weapon "knife") (head "0") (chest "2") (stomach "1") (leftarm "0") (rightarm "2") (leftleg "1") (rightleg "0")
L 08/30/2018 - 12:51:10: "Calcas Peludas<22><VALVE_ID_LAN><TERRORIST>" triggered "time" (time "10:05")
L 08/30/2018 - 12:51:10: "Calcas Peludas<22><VALVE_ID_LAN><TERRORIST>" triggered "latency" (ping "8")
L 08/30/2018 - 12:51:10: "GARGAMEL ALFA<24><VALVE_ID_LAN><TERRORIST>" triggered "weaponstats" (weapon "glock18") (shots "212") (hits "56") (kills "9") (headshots "7") (tks "0") (damage "1294") (deaths "13")
L 08/30/2018 - 12:51:10: "GARGAMEL ALFA<24><VALVE_ID_LAN><TERRORIST>" triggered "weaponstats2" (weapon "glock18") (head "9") (chest "12") (stomach "1") (leftarm "23") (rightarm "9") (leftleg "1") (rightleg "1")
L 08/30/2018 - 12:51:10: "GARGAMEL ALFA<24><VALVE_ID_LAN><TERRORIST>" triggered "weaponstats" (weapon "knife") (shots "6") (hits "5") (kills "2") (headshots "1") (tks "0") (damage "275") (deaths "4")
L 08/30/2018 - 12:51:10: "GARGAMEL ALFA<24><VALVE_ID_LAN><TERRORIST>" triggered "weaponstats2" (weapon "knife") (head "2") (chest "2") (stomach "0") (leftarm "1") (rightarm "0") (leftleg "0") (rightleg "0")
L 08/30/2018 - 12:51:10: "GARGAMEL ALFA<24><VALVE_ID_LAN><TERRORIST>" triggered "time" (time "10:05")
L 08/30/2018 - 12:51:10: "GARGAMEL ALFA<24><VALVE_ID_LAN><TERRORIST>" triggered "latency" (ping "10")
L 08/30/2018 - 12:51:10: "Jack is Back!<25><VALVE_ID_LAN><CT>" triggered "weaponstats" (weapon "glock18") (shots "231") (hits "89") (kills "12") (headshots "10") (tks "0") (damage "2190") (deaths "8")
L 08/30/2018 - 12:51:10: "Jack is Back!<25><VALVE_ID_LAN><CT>" triggered "weaponstats2" (weapon "glock18") (head "21") (chest "9") (stomach "11") (leftarm "30") (rightarm "16") (leftleg "0") (rightleg "2")
L 08/30/2018 - 12:51:10: "Jack is Back!<25><VALVE_ID_LAN><CT>" triggered "weaponstats" (weapon "knife") (shots "9") (hits "5") (kills "2") (headshots "1") (tks "0") (damage "275") (deaths "6")
L 08/30/2018 - 12:51:10: "Jack is Back!<25><VALVE_ID_LAN><CT>" triggered "weaponstats2" (weapon "knife") (head "4") (chest "0") (stomach "0") (leftarm "1") (rightarm "0") (leftleg "0") (rightleg "0")
L 08/30/2018 - 12:51:10: "Jack is Back!<25><VALVE_ID_LAN><CT>" triggered "time" (time "10:05")
L 08/30/2018 - 12:51:10: "Jack is Back!<25><VALVE_ID_LAN><CT>" triggered "latency" (ping "12")
L 08/30/2018 - 12:51:10: "Smolder<26><VALVE_ID_LAN><TERRORIST>" triggered "weaponstats" (weapon "glock18") (shots "176") (hits "58") (kills "9") (headshots "9") (tks "0") (damage "1592") (deaths "12")
L 08/30/2018 - 12:51:10: "Smolder<26><VALVE_ID_LAN><TERRORIST>" triggered "weaponstats2" (weapon "glock18") (head "16") (chest "4") (stomach "2") (leftarm "23") (rightarm "11") (leftleg "1") (rightleg "1")
L 08/30/2018 - 12:51:10: "Smolder<26><VALVE_ID_LAN><TERRORIST>" triggered "weaponstats" (weapon "knife") (shots "19") (hits "10") (kills "4") (headshots "2") (tks "0") (damage "755") (deaths "5")
L 08/30/2018 - 12:51:10: "Smolder<26><VALVE_ID_LAN><TERRORIST>" triggered "weaponstats2" (weapon "knife") (head "5") (chest "0") (stomach "1") (leftarm "1") (rightarm "1") (leftleg "0") (rightleg "2")
L 08/30/2018 - 12:51:10: "Smolder<26><VALVE_ID_LAN><TERRORIST>" triggered "time" (time "10:05")
L 08/30/2018 - 12:51:10: "Smolder<26><VALVE_ID_LAN><TERRORIST>" triggered "latency" (ping "5")
L 08/30/2018 - 12:51:10: "NOVATO<27><VALVE_ID_LAN><CT>" triggered "weaponstats" (weapon "glock18") (shots "287") (hits "77") (kills "13") (headshots "8") (tks "0") (damage "1878") (deaths "6")
L 08/30/2018 - 12:51:10: "NOVATO<27><VALVE_ID_LAN><CT>" triggered "weaponstats2" (weapon "glock18") (head "18") (chest "16") (stomach "2") (leftarm "22") (rightarm "12") (leftleg "4") (rightleg "3")
L 08/30/2018 - 12:51:10: "NOVATO<27><VALVE_ID_LAN><CT>" triggered "weaponstats" (weapon "knife") (shots "10") (hits "8") (kills "3") (headshots "1") (tks "0") (damage "653") (deaths "4")
L 08/30/2018 - 12:51:10: "NOVATO<27><VALVE_ID_LAN><CT>" triggered "weaponstats2" (weapon "knife") (head "4") (chest "2") (stomach "1") (leftarm "0") (rightarm "1") (leftleg "0") (rightleg "0")
L 08/30/2018 - 12:51:10: "NOVATO<27><VALVE_ID_LAN><CT>" triggered "time" (time "10:03")
L 08/30/2018 - 12:51:10: "NOVATO<27><VALVE_ID_LAN><CT>" triggered "latency" (ping "11")
L 08/30/2018 - 12:51:10: "Inspetor Buginganga<28><VALVE_ID_LAN><CT>" triggered "weaponstats" (weapon "glock18") (shots "197") (hits "67") (kills "11") (headshots "8") (tks "1") (damage "1466") (deaths "13")
L 08/30/2018 - 12:51:10: "Inspetor Buginganga<28><VALVE_ID_LAN><CT>" triggered "weaponstats2" (weapon "glock18") (head "12") (chest "18") (stomach "9") (leftarm "17") (rightarm "9") (leftleg "2") (rightleg "0")
L 08/30/2018 - 12:51:10: "Inspetor Buginganga<28><VALVE_ID_LAN><CT>" triggered "time" (time "10:02")
L 08/30/2018 - 12:51:10: "Inspetor Buginganga<28><VALVE_ID_LAN><CT>" triggered "latency" (ping "11")
L 08/30/2018 - 12:51:10: "@te<29><VALVE_ID_LAN><CT>" triggered "weaponstats" (weapon "glock18") (shots "138") (hits "41") (kills "11") (headshots "7") (tks "0") (damage "1219") (deaths "8")
L 08/30/2018 - 12:51:10: "@te<29><VALVE_ID_LAN><CT>" triggered "weaponstats2" (weapon "glock18") (head "9") (chest "3") (stomach "6") (leftarm "10") (rightarm "10") (leftleg "2") (rightleg "1")
L 08/30/2018 - 12:51:10: "@te<29><VALVE_ID_LAN><CT>" triggered "weaponstats" (weapon "knife") (shots "13") (hits "7") (kills "4") (headshots "1") (tks "0") (damage "385") (deaths "3")
L 08/30/2018 - 12:51:10: "@te<29><VALVE_ID_LAN><CT>" triggered "weaponstats2" (weapon "knife") (head "1") (chest "2") (stomach "1") (leftarm "1") (rightarm "2") (leftleg "0") (rightleg "0")
L 08/30/2018 - 12:51:10: "@te<29><VALVE_ID_LAN><CT>" triggered "time" (time "9:58")
L 08/30/2018 - 12:51:10: "@te<29><VALVE_ID_LAN><CT>" triggered "latency" (ping "9")
L 08/30/2018 - 12:51:10: [META] ini: Begin re-reading plugins list: c:/valve/cstrike/addons/metamod/plugins.ini
L 08/30/2018 - 12:51:10: [META] ini: Read plugin config for: AMX
L 08/30/2018 - 12:51:10: [META] ini: Read plugin config for: WinHL-Booster
L 08/30/2018 - 12:51:10: [META] ERROR: ini: Skipping plugin, couldn't stat file 'addons/hlguard/dlls/hlguard_mm_nightly.dll': No such file or directory
L 08/30/2018 - 12:51:10: [META] ini: Read plugin config for: WebMod
L 08/30/2018 - 12:51:10: [META] ini: Finished reading plugins list: c:/valve/cstrike/addons/metamod/plugins.ini; Found 3 plugins
L 08/30/2018 - 12:51:10: [META] dll: Updating plugins...
L 08/30/2018 - 12:51:10: [META] ERROR: dll: Failed query plugin '<hlguard_mm_nightly.dll>'; Couldn't open file 'addons/hlguard/dlls/hlguard_mm_nightly.dll': Não foi possível encontrar o módulo especificado.

L 08/30/2018 - 12:51:10: [META] ERROR: dll: Skipping plugin '<hlguard_mm_nightly.dll>'; couldn't query
L 08/30/2018 - 12:51:10: [META] dll: Finished updating 6 plugins; kept 3, loaded 0, unloaded 0, reloaded 0, delayed 0
L 08/30/2018 - 12:51:10: Server shutdown
L 08/30/2018 - 12:51:10: Log file closed
