L 09/06/2019 - 12:40:51: Log file started (file "logs\L0906003.log") (game "cstrike") (version "47/1.1.2.2/2603")
L 09/06/2019 - 12:40:52: World triggered "Round_Start"
L 09/06/2019 - 12:41:00: "Cap Billy<27><VALVE_ID_LAN><CT>" killed "Kratos-away<25><VALVE_ID_LAN><TERRORIST>" with "glock18"
L 09/06/2019 - 12:41:01: "Gho$T<28><VALVE_ID_LAN><TERRORIST>" killed "DareDevil<24><VALVE_ID_LAN><CT>" with "knife"
L 09/06/2019 - 12:41:02: "Smolder<26><VALVE_ID_LAN><TERRORIST>" killed "INDIO de ferias<30><VALVE_ID_LAN><CT>" with "glock18"
L 09/06/2019 - 12:41:03: "Jack<29><VALVE_ID_LAN><CT>" killed "Smolder<26><VALVE_ID_LAN><TERRORIST>" with "knife"
L 09/06/2019 - 12:41:03: "Ciclops<32><VALVE_ID_LAN><TERRORIST>" killed "@te<31><VALVE_ID_LAN><CT>" with "glock18"
L 09/06/2019 - 12:41:05: "Gho$T<28><VALVE_ID_LAN><TERRORIST>" killed "Jack<29><VALVE_ID_LAN><CT>" with "knife"
L 09/06/2019 - 12:41:07: "Gho$T<28><VALVE_ID_LAN><TERRORIST>" killed "Cap Billy<27><VALVE_ID_LAN><CT>" with "glock18"
L 09/06/2019 - 12:41:07: Team "TERRORIST" triggered "Terrorists_Win" (CT "1") (T "1")
L 09/06/2019 - 12:41:07: World triggered "Round_End"
L 09/06/2019 - 12:41:10: "Smolder<26><VALVE_ID_LAN><TERRORIST>" say "travando" (dead)
L 09/06/2019 - 12:41:12: World triggered "Round_Start"
L 09/06/2019 - 12:41:15: "INDIO de ferias<30><VALVE_ID_LAN><CT>" killed "Gho$T<28><VALVE_ID_LAN><TERRORIST>" with "glock18"
L 09/06/2019 - 12:41:18: "INDIO de ferias<30><VALVE_ID_LAN><CT>" killed "CEIFADOR<23><VALVE_ID_LOOPBACK><TERRORIST>" with "glock18"
L 09/06/2019 - 12:41:20: "DareDevil<24><VALVE_ID_LAN><CT>" killed "Smolder<26><VALVE_ID_LAN><TERRORIST>" with "glock18"
L 09/06/2019 - 12:41:23: "Cap Billy<27><VALVE_ID_LAN><CT>" killed "Kratos-away<25><VALVE_ID_LAN><TERRORIST>" with "glock18"
L 09/06/2019 - 12:41:24: "DareDevil<24><VALVE_ID_LAN><CT>" killed "Ciclops<32><VALVE_ID_LAN><TERRORIST>" with "glock18"
L 09/06/2019 - 12:41:24: Team "CT" triggered "CTs_Win" (CT "2") (T "1")
L 09/06/2019 - 12:41:24: World triggered "Round_End"
L 09/06/2019 - 12:41:24: "Smolder<26><VALVE_ID_LAN><TERRORIST>" say "ta lento" (dead)
L 09/06/2019 - 12:41:29: World triggered "Round_Start"
L 09/06/2019 - 12:41:34: "Cap Billy<27><VALVE_ID_LAN><CT>" killed "Gho$T<28><VALVE_ID_LAN><TERRORIST>" with "glock18"
L 09/06/2019 - 12:41:35: "INDIO de ferias<30><VALVE_ID_LAN><CT>" killed "Smolder<26><VALVE_ID_LAN><TERRORIST>" with "glock18"
L 09/06/2019 - 12:41:36: "INDIO de ferias<30><VALVE_ID_LAN><CT>" killed "Ciclops<32><VALVE_ID_LAN><TERRORIST>" with "glock18"
L 09/06/2019 - 12:41:39: "Kratos-away<25><VALVE_ID_LAN><TERRORIST>" killed "Jack<29><VALVE_ID_LAN><CT>" with "glock18"
L 09/06/2019 - 12:41:39: "INDIO de ferias<30><VALVE_ID_LAN><CT>" killed "Kratos-away<25><VALVE_ID_LAN><TERRORIST>" with "glock18"
L 09/06/2019 - 12:41:41: "CEIFADOR<23><VALVE_ID_LOOPBACK><TERRORIST>" killed "@te<31><VALVE_ID_LAN><CT>" with "glock18"
L 09/06/2019 - 12:41:42: "CEIFADOR<23><VALVE_ID_LOOPBACK><TERRORIST>" killed "DareDevil<24><VALVE_ID_LAN><CT>" with "glock18"
L 09/06/2019 - 12:41:44: "DareDevil<24><VALVE_ID_LAN><CT>" say_team "droga" (dead)
L 09/06/2019 - 12:41:45: "CEIFADOR<23><VALVE_ID_LOOPBACK><TERRORIST>" killed "INDIO de ferias<30><VALVE_ID_LAN><CT>" with "glock18"
L 09/06/2019 - 12:41:47: "Gho$T<28><VALVE_ID_LAN><TERRORIST>" say "boaa" (dead)
L 09/06/2019 - 12:41:54: "Smolder<26><VALVE_ID_LAN><TERRORIST>" say "ta lento aqui" (dead)
L 09/06/2019 - 12:41:55: "Cap Billy<27><VALVE_ID_LAN><CT>" killed "CEIFADOR<23><VALVE_ID_LOOPBACK><TERRORIST>" with "glock18"
L 09/06/2019 - 12:41:55: Team "CT" triggered "CTs_Win" (CT "3") (T "1")
L 09/06/2019 - 12:41:55: World triggered "Round_End"
L 09/06/2019 - 12:42:00: World triggered "Round_Start"
L 09/06/2019 - 12:42:05: "Cap Billy<27><VALVE_ID_LAN><CT>" killed "Kratos-away<25><VALVE_ID_LAN><TERRORIST>" with "glock18"
L 09/06/2019 - 12:42:09: "Cap Billy<27><VALVE_ID_LAN><CT>" killed "Jack<29><VALVE_ID_LAN><CT>" with "glock18"
L 09/06/2019 - 12:42:09: "Cap Billy<27><VALVE_ID_LAN><CT>" killed "Ciclops<32><VALVE_ID_LAN><TERRORIST>" with "glock18"
L 09/06/2019 - 12:42:11: "INDIO de ferias<30><VALVE_ID_LAN><CT>" killed "Gho$T<28><VALVE_ID_LAN><TERRORIST>" with "glock18"
L 09/06/2019 - 12:42:17: "Cap Billy<27><VALVE_ID_LAN><CT>" killed "Smolder<26><VALVE_ID_LAN><TERRORIST>" with "knife"
L 09/06/2019 - 12:42:23: "CEIFADOR<23><VALVE_ID_LOOPBACK><TERRORIST>" killed "Cap Billy<27><VALVE_ID_LAN><CT>" with "glock18"
L 09/06/2019 - 12:42:24: "Jack<29><VALVE_ID_LAN><CT>" say "valeu capitao obrigadoooo" (dead)
L 09/06/2019 - 12:42:28: "Smolder<26><VALVE_ID_LAN><TERRORIST>" say "taquepariu" (dead)
L 09/06/2019 - 12:42:29: "Cap Billy<27><VALVE_ID_LAN><CT>" say_team "hehehehehe" (dead)
L 09/06/2019 - 12:42:29: "INDIO de ferias<30><VALVE_ID_LAN><CT>" killed "CEIFADOR<23><VALVE_ID_LOOPBACK><TERRORIST>" with "glock18"
L 09/06/2019 - 12:42:29: Team "CT" triggered "CTs_Win" (CT "4") (T "1")
L 09/06/2019 - 12:42:29: World triggered "Round_End"
L 09/06/2019 - 12:42:31: "Kratos-away<25><VALVE_ID_LAN><TERRORIST>" say "esse time [e demais kkk" (dead)
L 09/06/2019 - 12:42:34: World triggered "Round_Start"
L 09/06/2019 - 12:42:34: "Cap Billy<27><VALVE_ID_LAN><CT>" committed suicide with "world"
L 09/06/2019 - 12:42:39: "Gho$T<28><VALVE_ID_LAN><TERRORIST>" killed "INDIO de ferias<30><VALVE_ID_LAN><CT>" with "glock18"
L 09/06/2019 - 12:42:40: "Smolder<26><VALVE_ID_LAN><TERRORIST>" killed "DareDevil<24><VALVE_ID_LAN><CT>" with "glock18"
L 09/06/2019 - 12:42:42: "DareDevil<24><VALVE_ID_LAN><CT>" say_team "eita" (dead)
L 09/06/2019 - 12:42:47: "Gho$T<28><VALVE_ID_LAN><TERRORIST>" killed "Jack<29><VALVE_ID_LAN><CT>" with "glock18"
L 09/06/2019 - 12:42:47: "Smolder<26><VALVE_ID_LAN><TERRORIST>" killed "@te<31><VALVE_ID_LAN><CT>" with "glock18"
L 09/06/2019 - 12:42:47: Team "TERRORIST" triggered "Terrorists_Win" (CT "4") (T "2")
L 09/06/2019 - 12:42:47: World triggered "Round_End"
L 09/06/2019 - 12:42:52: "Cap Billy<27><VALVE_ID_LAN><CT>" say_team "que isso homiii" (dead)
L 09/06/2019 - 12:42:52: "INDIO de ferias<30><VALVE_ID_LAN><CT>" say_team "porra he" (dead)
L 09/06/2019 - 12:42:52: World triggered "Round_Start"
L 09/06/2019 - 12:42:58: "Smolder<26><VALVE_ID_LAN><TERRORIST>" killed "INDIO de ferias<30><VALVE_ID_LAN><CT>" with "glock18"
L 09/06/2019 - 12:43:00: "DareDevil<24><VALVE_ID_LAN><CT>" killed "CEIFADOR<23><VALVE_ID_LOOPBACK><TERRORIST>" with "glock18"
L 09/06/2019 - 12:43:04: "DareDevil<24><VALVE_ID_LAN><CT>" killed "Ciclops<32><VALVE_ID_LAN><TERRORIST>" with "glock18"
L 09/06/2019 - 12:43:05: "Smolder<26><VALVE_ID_LAN><TERRORIST>" killed "Jack<29><VALVE_ID_LAN><CT>" with "glock18"
L 09/06/2019 - 12:43:05: "Gho$T<28><VALVE_ID_LAN><TERRORIST>" killed "DareDevil<24><VALVE_ID_LAN><CT>" with "knife"
L 09/06/2019 - 12:43:06: "@te<31><VALVE_ID_LAN><CT>" killed "Kratos-away<25><VALVE_ID_LAN><TERRORIST>" with "glock18"
L 09/06/2019 - 12:43:08: "DareDevil<24><VALVE_ID_LAN><CT>" say "safado" (dead)
L 09/06/2019 - 12:43:10: "Gho$T<28><VALVE_ID_LAN><TERRORIST>" killed "Cap Billy<27><VALVE_ID_LAN><CT>" with "glock18"
L 09/06/2019 - 12:43:13: "Kratos-away<25><VALVE_ID_LAN><TERRORIST>" say "raapz meu tiro nao mata ninguem" (dead)
L 09/06/2019 - 12:43:19: "Jack<29><VALVE_ID_LAN><CT>" say "kratos comprou colete...so pode" (dead)
L 09/06/2019 - 12:43:23: "Smolder<26><VALVE_ID_LAN><TERRORIST>" killed "@te<31><VALVE_ID_LAN><CT>" with "knife"
L 09/06/2019 - 12:43:23: Team "TERRORIST" triggered "Terrorists_Win" (CT "4") (T "3")
L 09/06/2019 - 12:43:23: World triggered "Round_End"
L 09/06/2019 - 12:43:25: "Kratos-away<25><VALVE_ID_LAN><TERRORIST>" say "tome" (dead)
L 09/06/2019 - 12:43:26: "Gho$T<28><VALVE_ID_LAN><TERRORIST>" say "UAAUHAUHAUAHUAHAUAHAUHA"
L 09/06/2019 - 12:43:27: "Cap Billy<27><VALVE_ID_LAN><CT>" say "meu deus do ceuuuu" (dead)
L 09/06/2019 - 12:43:28: World triggered "Round_Start"
L 09/06/2019 - 12:43:33: "Ciclops<32><VALVE_ID_LAN><TERRORIST>" killed "Jack<29><VALVE_ID_LAN><CT>" with "glock18"
L 09/06/2019 - 12:43:34: "CEIFADOR<23><VALVE_ID_LOOPBACK><TERRORIST>" killed "@te<31><VALVE_ID_LAN><CT>" with "glock18"
L 09/06/2019 - 12:43:35: "Kratos-away<25><VALVE_ID_LAN><TERRORIST>" killed "INDIO de ferias<30><VALVE_ID_LAN><CT>" with "glock18"
L 09/06/2019 - 12:43:36: "DareDevil<24><VALVE_ID_LAN><CT>" killed "Gho$T<28><VALVE_ID_LAN><TERRORIST>" with "glock18"
L 09/06/2019 - 12:43:41: "DareDevil<24><VALVE_ID_LAN><CT>" killed "Ciclops<32><VALVE_ID_LAN><TERRORIST>" with "glock18"
L 09/06/2019 - 12:43:41: "Cap Billy<27><VALVE_ID_LAN><CT>" killed "Smolder<26><VALVE_ID_LAN><TERRORIST>" with "glock18"
L 09/06/2019 - 12:43:42: "CEIFADOR<23><VALVE_ID_LOOPBACK><TERRORIST>" killed "DareDevil<24><VALVE_ID_LAN><CT>" with "glock18"
L 09/06/2019 - 12:43:46: "Cap Billy<27><VALVE_ID_LAN><CT>" killed "CEIFADOR<23><VALVE_ID_LOOPBACK><TERRORIST>" with "glock18"
L 09/06/2019 - 12:43:51: "Cap Billy<27><VALVE_ID_LAN><CT>" killed "Kratos-away<25><VALVE_ID_LAN><TERRORIST>" with "glock18"
L 09/06/2019 - 12:43:51: Team "CT" triggered "CTs_Win" (CT "5") (T "3")
L 09/06/2019 - 12:43:51: World triggered "Round_End"
L 09/06/2019 - 12:43:54: "Kratos-away<25><VALVE_ID_LAN><TERRORIST>" say "te rear" (dead)
L 09/06/2019 - 12:43:56: World triggered "Round_Start"
L 09/06/2019 - 12:44:01: "Ciclops<32><VALVE_ID_LAN><TERRORIST>" killed "DareDevil<24><VALVE_ID_LAN><CT>" with "glock18"
L 09/06/2019 - 12:44:02: "Smolder<26><VALVE_ID_LAN><TERRORIST>" killed "Cap Billy<27><VALVE_ID_LAN><CT>" with "glock18"
L 09/06/2019 - 12:44:04: "Jack<29><VALVE_ID_LAN><CT>" killed "Kratos-away<25><VALVE_ID_LAN><TERRORIST>" with "glock18"
L 09/06/2019 - 12:44:05: "Gho$T<28><VALVE_ID_LAN><TERRORIST>" killed "Jack<29><VALVE_ID_LAN><CT>" with "glock18"
L 09/06/2019 - 12:44:09: "Smolder<26><VALVE_ID_LAN><TERRORIST>" killed "INDIO de ferias<30><VALVE_ID_LAN><CT>" with "glock18"
L 09/06/2019 - 12:44:11: "@te<31><VALVE_ID_LAN><CT>" killed "CEIFADOR<23><VALVE_ID_LOOPBACK><TERRORIST>" with "glock18"
L 09/06/2019 - 12:44:12: "Smolder<26><VALVE_ID_LAN><TERRORIST>" killed "@te<31><VALVE_ID_LAN><CT>" with "glock18"
L 09/06/2019 - 12:44:12: Team "TERRORIST" triggered "Terrorists_Win" (CT "5") (T "4")
L 09/06/2019 - 12:44:12: World triggered "Round_End"
L 09/06/2019 - 12:44:16: "Cap Billy<27><VALVE_ID_LAN><CT>" say_team "vcs tao doido na faca eh??" (dead)
L 09/06/2019 - 12:44:17: "Kratos-away<25><VALVE_ID_LAN><TERRORIST>" say "sgura sse smolder" (dead)
L 09/06/2019 - 12:44:17: World triggered "Round_Start"
L 09/06/2019 - 12:44:26: "@te<31><VALVE_ID_LAN><CT>" killed "Gho$T<28><VALVE_ID_LAN><TERRORIST>" with "glock18"
L 09/06/2019 - 12:44:27: "Smolder<26><VALVE_ID_LAN><TERRORIST>" killed "INDIO de ferias<30><VALVE_ID_LAN><CT>" with "glock18"
L 09/06/2019 - 12:44:27: "Kratos-away<25><VALVE_ID_LAN><TERRORIST>" killed "Cap Billy<27><VALVE_ID_LAN><CT>" with "glock18"
L 09/06/2019 - 12:44:34: "CEIFADOR<23><VALVE_ID_LOOPBACK><TERRORIST>" killed "@te<31><VALVE_ID_LAN><CT>" with "glock18"
L 09/06/2019 - 12:44:36: "DareDevil<24><VALVE_ID_LAN><CT>" killed "CEIFADOR<23><VALVE_ID_LOOPBACK><TERRORIST>" with "glock18"
L 09/06/2019 - 12:44:37: "Smolder<26><VALVE_ID_LAN><TERRORIST>" killed "Jack<29><VALVE_ID_LAN><CT>" with "knife"
L 09/06/2019 - 12:44:41: "Cap Billy<27><VALVE_ID_LAN><CT>" say_team "ai meu deus do ceu" (dead)
L 09/06/2019 - 12:44:45: "DareDevil<24><VALVE_ID_LAN><CT>" killed "Smolder<26><VALVE_ID_LAN><TERRORIST>" with "glock18"
L 09/06/2019 - 12:44:45: "Cap Billy<27><VALVE_ID_LAN><CT>" say_team "que diabo deu em vcs" (dead)
L 09/06/2019 - 12:44:46: "INDIO de ferias<30><VALVE_ID_LAN><CT>" say "kkkkkkkkkk" (dead)
L 09/06/2019 - 12:44:48: "DareDevil<24><VALVE_ID_LAN><CT>" killed "Kratos-away<25><VALVE_ID_LAN><TERRORIST>" with "glock18"
L 09/06/2019 - 12:44:51: "CEIFADOR<23><VALVE_ID_LOOPBACK><TERRORIST>" say_team "mapa" (dead)
L 09/06/2019 - 12:44:54: "Ciclops<32><VALVE_ID_LAN><TERRORIST>" killed "DareDevil<24><VALVE_ID_LAN><CT>" with "glock18"
L 09/06/2019 - 12:44:54: Team "TERRORIST" triggered "Terrorists_Win" (CT "5") (T "5")
L 09/06/2019 - 12:44:54: World triggered "Round_End"
L 09/06/2019 - 12:44:58: "Cap Billy<27><VALVE_ID_LAN><CT>" say_team "tao levando umas facas que pelo amor de deus" (dead)
L 09/06/2019 - 12:44:59: World triggered "Round_Start"
L 09/06/2019 - 12:45:00: "Jack<29><VALVE_ID_LAN><CT>" say_team "cerveja no almoco chefe..foi mal"
L 09/06/2019 - 12:45:02: "Cap Billy<27><VALVE_ID_LAN><CT>" killed "Ciclops<32><VALVE_ID_LAN><TERRORIST>" with "glock18"
L 09/06/2019 - 12:45:04: "Kratos-away<25><VALVE_ID_LAN><TERRORIST>" killed "Cap Billy<27><VALVE_ID_LAN><CT>" with "glock18"
L 09/06/2019 - 12:45:05: "DareDevil<24><VALVE_ID_LAN><CT>" killed "CEIFADOR<23><VALVE_ID_LOOPBACK><TERRORIST>" with "glock18"
L 09/06/2019 - 12:45:09: "DareDevil<24><VALVE_ID_LAN><CT>" killed "Gho$T<28><VALVE_ID_LAN><TERRORIST>" with "glock18"
L 09/06/2019 - 12:45:09: "INDIO de ferias<30><VALVE_ID_LAN><CT>" killed "Smolder<26><VALVE_ID_LAN><TERRORIST>" with "glock18"
L 09/06/2019 - 12:45:09: "Kratos-away<25><VALVE_ID_LAN><TERRORIST>" killed "INDIO de ferias<30><VALVE_ID_LAN><CT>" with "glock18"
L 09/06/2019 - 12:45:14: "Smolder<26><VALVE_ID_LAN><TERRORIST>" say "chore nao cap" (dead)
L 09/06/2019 - 12:45:17: "@te<31><VALVE_ID_LAN><CT>" killed "Kratos-away<25><VALVE_ID_LAN><TERRORIST>" with "glock18"
L 09/06/2019 - 12:45:17: Team "CT" triggered "CTs_Win" (CT "6") (T "5")
L 09/06/2019 - 12:45:17: World triggered "Round_End"
L 09/06/2019 - 12:45:21: "Cap Billy<27><VALVE_ID_LAN><CT>" say "CAMPERS!!!" (dead)
L 09/06/2019 - 12:45:22: World triggered "Round_Start"
L 09/06/2019 - 12:45:27: "Cap Billy<27><VALVE_ID_LAN><CT>" killed "Gho$T<28><VALVE_ID_LAN><TERRORIST>" with "glock18"
L 09/06/2019 - 12:45:28: "Cap Billy<27><VALVE_ID_LAN><CT>" killed "Kratos-away<25><VALVE_ID_LAN><TERRORIST>" with "glock18"
L 09/06/2019 - 12:45:30: "Smolder<26><VALVE_ID_LAN><TERRORIST>" killed "DareDevil<24><VALVE_ID_LAN><CT>" with "knife"
L 09/06/2019 - 12:45:30: "CEIFADOR<23><VALVE_ID_LOOPBACK><TERRORIST>" killed "INDIO de ferias<30><VALVE_ID_LAN><CT>" with "glock18"
L 09/06/2019 - 12:45:34: "Cap Billy<27><VALVE_ID_LAN><CT>" killed "Smolder<26><VALVE_ID_LAN><TERRORIST>" with "glock18"
L 09/06/2019 - 12:45:34: "DareDevil<24><VALVE_ID_LAN><CT>" say "safado de uma figa" (dead)
L 09/06/2019 - 12:45:36: "CEIFADOR<23><VALVE_ID_LOOPBACK><TERRORIST>" killed "Cap Billy<27><VALVE_ID_LAN><CT>" with "glock18"
L 09/06/2019 - 12:45:38: "CEIFADOR<23><VALVE_ID_LOOPBACK><TERRORIST>" killed "Jack<29><VALVE_ID_LAN><CT>" with "glock18"
L 09/06/2019 - 12:45:40: "@te<31><VALVE_ID_LAN><CT>" killed "CEIFADOR<23><VALVE_ID_LOOPBACK><TERRORIST>" with "glock18"
L 09/06/2019 - 12:45:42: "Ciclops<32><VALVE_ID_LAN><TERRORIST>" killed "@te<31><VALVE_ID_LAN><CT>" with "glock18"
L 09/06/2019 - 12:45:42: Team "TERRORIST" triggered "Terrorists_Win" (CT "6") (T "6")
L 09/06/2019 - 12:45:42: World triggered "Round_End"
L 09/06/2019 - 12:45:45: "Smolder<26><VALVE_ID_LAN><TERRORIST>" say "boa" (dead)
L 09/06/2019 - 12:45:48: World triggered "Round_Start"
L 09/06/2019 - 12:45:48: "INDIO de ferias<30><VALVE_ID_LAN><CT>" say_team "mapa"
L 09/06/2019 - 12:45:54: "Ciclops<32><VALVE_ID_LAN><TERRORIST>" killed "INDIO de ferias<30><VALVE_ID_LAN><CT>" with "glock18"
L 09/06/2019 - 12:45:57: "Smolder<26><VALVE_ID_LAN><TERRORIST>" killed "Jack<29><VALVE_ID_LAN><CT>" with "glock18"
L 09/06/2019 - 12:45:57: "Smolder<26><VALVE_ID_LAN><TERRORIST>" killed "Cap Billy<27><VALVE_ID_LAN><CT>" with "glock18"
L 09/06/2019 - 12:45:58: "@te<31><VALVE_ID_LAN><CT>" killed "Gho$T<28><VALVE_ID_LAN><TERRORIST>" with "glock18"
L 09/06/2019 - 12:45:59: "DareDevil<24><VALVE_ID_LAN><CT>" killed "Smolder<26><VALVE_ID_LAN><TERRORIST>" with "glock18"
L 09/06/2019 - 12:45:59: "CEIFADOR<23><VALVE_ID_LOOPBACK><TERRORIST>" killed "@te<31><VALVE_ID_LAN><CT>" with "glock18"
L 09/06/2019 - 12:46:01: "DareDevil<24><VALVE_ID_LAN><CT>" killed "Kratos-away<25><VALVE_ID_LAN><TERRORIST>" with "glock18"
L 09/06/2019 - 12:46:02: "Cap Billy<27><VALVE_ID_LAN><CT>" say_team "VAMO FIK" (dead)
L 09/06/2019 - 12:46:06: "Jack<29><VALVE_ID_LAN><CT>" say_team "fik" (dead)
L 09/06/2019 - 12:46:07: "Cap Billy<27><VALVE_ID_LAN><CT>" say_team "ELES ESTAO FICANDOOO" (dead)
L 09/06/2019 - 12:46:08: "DareDevil<24><VALVE_ID_LAN><CT>" killed "CEIFADOR<23><VALVE_ID_LOOPBACK><TERRORIST>" with "glock18"
L 09/06/2019 - 12:46:12: "Cap Billy<27><VALVE_ID_LAN><CT>" say_team "ESTAO FICANDO" (dead)
L 09/06/2019 - 12:46:13: "Ciclops<32><VALVE_ID_LAN><TERRORIST>" killed "DareDevil<24><VALVE_ID_LAN><CT>" with "glock18"
L 09/06/2019 - 12:46:13: Team "TERRORIST" triggered "Terrorists_Win" (CT "6") (T "7")
L 09/06/2019 - 12:46:13: World triggered "Round_End"
L 09/06/2019 - 12:46:13: "Jack<29><VALVE_ID_LAN><CT>" say_team "fica" (dead)
L 09/06/2019 - 12:46:14: "Cap Billy<27><VALVE_ID_LAN><CT>" say_team "VAMO FIK" (dead)
L 09/06/2019 - 12:46:15: "DareDevil<24><VALVE_ID_LAN><CT>" say_team "droga" (dead)
L 09/06/2019 - 12:46:15: "Cap Billy<27><VALVE_ID_LAN><CT>" say_team "FIK" (dead)
L 09/06/2019 - 12:46:17: "Cap Billy<27><VALVE_ID_LAN><CT>" say_team "FIK" (dead)
L 09/06/2019 - 12:46:18: World triggered "Round_Start"
L 09/06/2019 - 12:46:24: "Ciclops<32><VALVE_ID_LAN><TERRORIST>" killed "DareDevil<24><VALVE_ID_LAN><CT>" with "glock18"
L 09/06/2019 - 12:46:25: "Cap Billy<27><VALVE_ID_LAN><CT>" killed "Gho$T<28><VALVE_ID_LAN><TERRORIST>" with "glock18"
L 09/06/2019 - 12:46:25: "INDIO de ferias<30><VALVE_ID_LAN><CT>" killed "Kratos-away<25><VALVE_ID_LAN><TERRORIST>" with "glock18"
L 09/06/2019 - 12:46:27: "@te<31><VALVE_ID_LAN><CT>" killed "CEIFADOR<23><VALVE_ID_LOOPBACK><TERRORIST>" with "glock18"
L 09/06/2019 - 12:46:27: "Smolder<26><VALVE_ID_LAN><TERRORIST>" killed "Cap Billy<27><VALVE_ID_LAN><CT>" with "glock18"
L 09/06/2019 - 12:46:27: "INDIO de ferias<30><VALVE_ID_LAN><CT>" killed "Smolder<26><VALVE_ID_LAN><TERRORIST>" with "glock18"
L 09/06/2019 - 12:46:32: "Kratos-away<25><VALVE_ID_LAN><TERRORIST>" say "te rear dois tiros e me matam" (dead)
L 09/06/2019 - 12:46:34: "@te<31><VALVE_ID_LAN><CT>" killed "Ciclops<32><VALVE_ID_LAN><TERRORIST>" with "glock18"
L 09/06/2019 - 12:46:34: Team "CT" triggered "CTs_Win" (CT "7") (T "7")
L 09/06/2019 - 12:46:34: World triggered "Round_End"
L 09/06/2019 - 12:46:37: "Gho$T<28><VALVE_ID_LAN><TERRORIST>" say_team "mapa" (dead)
L 09/06/2019 - 12:46:38: "CEIFADOR<23><VALVE_ID_LOOPBACK><TERRORIST>" say_team "eles estao ficav" (dead)
L 09/06/2019 - 12:46:39: World triggered "Round_Start"
L 09/06/2019 - 12:46:40: "Cap Billy<27><VALVE_ID_LAN><CT>" say_team "FIK DE NOVO!!!!!!"
L 09/06/2019 - 12:46:48: "INDIO de ferias<30><VALVE_ID_LAN><CT>" killed "Ciclops<32><VALVE_ID_LAN><TERRORIST>" with "glock18"
L 09/06/2019 - 12:46:49: "Kratos-away<25><VALVE_ID_LAN><TERRORIST>" killed "DareDevil<24><VALVE_ID_LAN><CT>" with "glock18"
L 09/06/2019 - 12:46:51: "Cap Billy<27><VALVE_ID_LAN><CT>" killed "Gho$T<28><VALVE_ID_LAN><TERRORIST>" with "glock18"
L 09/06/2019 - 12:46:51: "CEIFADOR<23><VALVE_ID_LOOPBACK><TERRORIST>" killed "INDIO de ferias<30><VALVE_ID_LAN><CT>" with "glock18"
L 09/06/2019 - 12:46:55: "CEIFADOR<23><VALVE_ID_LOOPBACK><TERRORIST>" killed "Jack<29><VALVE_ID_LAN><CT>" with "glock18"
L 09/06/2019 - 12:46:58: "DareDevil<24><VALVE_ID_LAN><CT>" say_team "fiquei..." (dead)
L 09/06/2019 - 12:46:59: "@te<31><VALVE_ID_LAN><CT>" killed "CEIFADOR<23><VALVE_ID_LOOPBACK><TERRORIST>" with "glock18"
L 09/06/2019 - 12:47:00: "Kratos-away<25><VALVE_ID_LAN><TERRORIST>" killed "Cap Billy<27><VALVE_ID_LAN><CT>" with "glock18"
L 09/06/2019 - 12:47:00: "Gho$T<28><VALVE_ID_LAN><TERRORIST>" say_team "mapaa" (dead)
L 09/06/2019 - 12:47:01: "Smolder<26><VALVE_ID_LAN><TERRORIST>" killed "@te<31><VALVE_ID_LAN><CT>" with "glock18"
L 09/06/2019 - 12:47:01: Team "TERRORIST" triggered "Terrorists_Win" (CT "7") (T "8")
L 09/06/2019 - 12:47:01: World triggered "Round_End"
L 09/06/2019 - 12:47:05: "INDIO de ferias<30><VALVE_ID_LAN><CT>" say_team "cdaralho" (dead)
L 09/06/2019 - 12:47:06: World triggered "Round_Start"
L 09/06/2019 - 12:47:11: "Cap Billy<27><VALVE_ID_LAN><CT>" killed "Ciclops<32><VALVE_ID_LAN><TERRORIST>" with "glock18"
L 09/06/2019 - 12:47:13: "Gho$T<28><VALVE_ID_LAN><TERRORIST>" killed "@te<31><VALVE_ID_LAN><CT>" with "glock18"
L 09/06/2019 - 12:47:15: "Smolder<26><VALVE_ID_LAN><TERRORIST>" killed "Jack<29><VALVE_ID_LAN><CT>" with "glock18"
L 09/06/2019 - 12:47:17: "Gho$T<28><VALVE_ID_LAN><TERRORIST>" killed "INDIO de ferias<30><VALVE_ID_LAN><CT>" with "glock18"
L 09/06/2019 - 12:47:19: "Smolder<26><VALVE_ID_LAN><TERRORIST>" killed "DareDevil<24><VALVE_ID_LAN><CT>" with "glock18"
L 09/06/2019 - 12:47:26: "DareDevil<24><VALVE_ID_LAN><CT>" say_team "nao erram um tiro.. hoje tah cruel" (dead)
L 09/06/2019 - 12:47:30: "Kratos-away<25><VALVE_ID_LAN><TERRORIST>" killed "Cap Billy<27><VALVE_ID_LAN><CT>" with "glock18"
L 09/06/2019 - 12:47:30: Team "TERRORIST" triggered "Terrorists_Win" (CT "7") (T "9")
L 09/06/2019 - 12:47:30: World triggered "Round_End"
L 09/06/2019 - 12:47:36: World triggered "Round_Start"
L 09/06/2019 - 12:47:36: "Jack<29><VALVE_ID_LAN><CT>" say "e tao duro demais.. nao morrem"
L 09/06/2019 - 12:47:42: "Jack<29><VALVE_ID_LAN><CT>" killed "Kratos-away<25><VALVE_ID_LAN><TERRORIST>" with "glock18"
L 09/06/2019 - 12:47:45: "Ciclops<32><VALVE_ID_LAN><TERRORIST>" killed "Jack<29><VALVE_ID_LAN><CT>" with "glock18"
L 09/06/2019 - 12:47:48: "DareDevil<24><VALVE_ID_LAN><CT>" killed "Ciclops<32><VALVE_ID_LAN><TERRORIST>" with "glock18"
L 09/06/2019 - 12:47:48: "Gho$T<28><VALVE_ID_LAN><TERRORIST>" killed "DareDevil<24><VALVE_ID_LAN><CT>" with "knife"
L 09/06/2019 - 12:47:56: "CEIFADOR<23><VALVE_ID_LOOPBACK><TERRORIST>" killed "INDIO de ferias<30><VALVE_ID_LAN><CT>" with "glock18"
L 09/06/2019 - 12:47:57: "@te<31><VALVE_ID_LAN><CT>" killed "Smolder<26><VALVE_ID_LAN><TERRORIST>" with "glock18"
L 09/06/2019 - 12:48:00: "Gho$T<28><VALVE_ID_LAN><TERRORIST>" killed "Cap Billy<27><VALVE_ID_LAN><CT>" with "knife"
L 09/06/2019 - 12:48:02: "Kratos-away<25><VALVE_ID_LAN><TERRORIST>" say "porra e ghost dnv teror?" (dead)
L 09/06/2019 - 12:48:03: "Smolder<26><VALVE_ID_LAN><TERRORIST>" say "tome" (dead)
L 09/06/2019 - 12:48:08: "Smolder<26><VALVE_ID_LAN><TERRORIST>" say "tome no cap" (dead)
L 09/06/2019 - 12:48:09: "@te<31><VALVE_ID_LAN><CT>" killed "CEIFADOR<23><VALVE_ID_LOOPBACK><TERRORIST>" with "glock18"
L 09/06/2019 - 12:48:16: "@te<31><VALVE_ID_LAN><CT>" killed "Gho$T<28><VALVE_ID_LAN><TERRORIST>" with "glock18"
L 09/06/2019 - 12:48:16: Team "CT" triggered "CTs_Win" (CT "8") (T "9")
L 09/06/2019 - 12:48:16: World triggered "Round_End"
L 09/06/2019 - 12:48:19: "Cap Billy<27><VALVE_ID_LAN><CT>" say_team "merdaaaaa" (dead)
L 09/06/2019 - 12:48:19: "DareDevil<24><VALVE_ID_LAN><CT>" say_team "valeu" (dead)
L 09/06/2019 - 12:48:21: World triggered "Round_Start"
L 09/06/2019 - 12:48:27: "Gho$T<28><VALVE_ID_LAN><TERRORIST>" killed "INDIO de ferias<30><VALVE_ID_LAN><CT>" with "glock18"
L 09/06/2019 - 12:48:28: "CEIFADOR<23><VALVE_ID_LOOPBACK><TERRORIST>" killed "Cap Billy<27><VALVE_ID_LAN><CT>" with "glock18"
L 09/06/2019 - 12:48:32: "CEIFADOR<23><VALVE_ID_LOOPBACK><TERRORIST>" killed "DareDevil<24><VALVE_ID_LAN><CT>" with "glock18"
L 09/06/2019 - 12:48:34: "Jack<29><VALVE_ID_LAN><CT>" killed "Ciclops<32><VALVE_ID_LAN><TERRORIST>" with "glock18"
L 09/06/2019 - 12:48:35: "Cap Billy<27><VALVE_ID_LAN><CT>" say_team "eles estao ficando " (dead)
L 09/06/2019 - 12:48:38: "@te<31><VALVE_ID_LAN><CT>" killed "CEIFADOR<23><VALVE_ID_LOOPBACK><TERRORIST>" with "glock18"
L 09/06/2019 - 12:48:41: "Smolder<26><VALVE_ID_LAN><TERRORIST>" killed "@te<31><VALVE_ID_LAN><CT>" with "glock18"
L 09/06/2019 - 12:48:41: "Jack<29><VALVE_ID_LAN><CT>" killed "Smolder<26><VALVE_ID_LAN><TERRORIST>" with "glock18"
L 09/06/2019 - 12:48:45: "Cap Billy<27><VALVE_ID_LAN><CT>" say_team "se a gente nao se organizar eles vao ganhar" (dead)
L 09/06/2019 - 12:48:45: Server cvar "amx_nextmap" = "cs_paintball1"
L 09/06/2019 - 12:48:52: "Kratos-away<25><VALVE_ID_LAN><TERRORIST>" killed "Jack<29><VALVE_ID_LAN><CT>" with "glock18"
L 09/06/2019 - 12:48:52: Team "TERRORIST" triggered "Terrorists_Win" (CT "8") (T "10")
L 09/06/2019 - 12:48:52: World triggered "Round_End"
L 09/06/2019 - 12:48:55: "Cap Billy<27><VALVE_ID_LAN><CT>" say_team "direita" (dead)
L 09/06/2019 - 12:48:56: Log file closed
