L 09/06/2019 - 12:48:56: Log file started (file "logs\L0906004.log") (game "cstrike") (version "47/1.1.2.2/2603")
L 09/06/2019 - 12:48:57: World triggered "Round_Start"
L 09/06/2019 - 12:49:03: "Jack<29><VALVE_ID_LAN><CT>" killed "Gho$T<28><VALVE_ID_LAN><TERRORIST>" with "glock18"
L 09/06/2019 - 12:49:03: "Smolder<26><VALVE_ID_LAN><TERRORIST>" killed "Jack<29><VALVE_ID_LAN><CT>" with "glock18"
L 09/06/2019 - 12:49:04: "DareDevil<24><VALVE_ID_LAN><CT>" killed "Smolder<26><VALVE_ID_LAN><TERRORIST>" with "glock18"
L 09/06/2019 - 12:49:05: "CEIFADOR<23><VALVE_ID_LOOPBACK><TERRORIST>" killed "DareDevil<24><VALVE_ID_LAN><CT>" with "glock18"
L 09/06/2019 - 12:49:06: "Cap Billy<27><VALVE_ID_LAN><CT>" killed "CEIFADOR<23><VALVE_ID_LOOPBACK><TERRORIST>" with "glock18"
L 09/06/2019 - 12:49:08: "Ciclops<32><VALVE_ID_LAN><TERRORIST>" killed "INDIO de ferias<30><VALVE_ID_LAN><CT>" with "glock18"
L 09/06/2019 - 12:49:09: "Cap Billy<27><VALVE_ID_LAN><CT>" killed "Kratos-away<25><VALVE_ID_LAN><TERRORIST>" with "glock18"
L 09/06/2019 - 12:49:12: "Cap Billy<27><VALVE_ID_LAN><CT>" killed "Ciclops<32><VALVE_ID_LAN><TERRORIST>" with "glock18"
L 09/06/2019 - 12:49:12: Team "CT" triggered "CTs_Win" (CT "9") (T "10")
L 09/06/2019 - 12:49:12: World triggered "Round_End"
L 09/06/2019 - 12:49:15: "CEIFADOR<23><VALVE_ID_LOOPBACK><TERRORIST>" say_team "mapaa" (dead)
L 09/06/2019 - 12:49:16: "INDIO de ferias<30><VALVE_ID_LAN><CT>" say_team "vamos" (dead)
L 09/06/2019 - 12:49:17: World triggered "Round_Start"
L 09/06/2019 - 12:49:17: "Cap Billy<27><VALVE_ID_LAN><CT>" say_team "ESQUERDA"
L 09/06/2019 - 12:49:23: "Ciclops<32><VALVE_ID_LAN><TERRORIST>" killed "INDIO de ferias<30><VALVE_ID_LAN><CT>" with "glock18"
L 09/06/2019 - 12:49:28: "@te<31><VALVE_ID_LAN><CT>" killed "Ciclops<32><VALVE_ID_LAN><TERRORIST>" with "glock18"
L 09/06/2019 - 12:49:29: "Gho$T<28><VALVE_ID_LAN><TERRORIST>" killed "@te<31><VALVE_ID_LAN><CT>" with "glock18"
L 09/06/2019 - 12:49:29: "Smolder<26><VALVE_ID_LAN><TERRORIST>" killed "Jack<29><VALVE_ID_LAN><CT>" with "glock18"
L 09/06/2019 - 12:49:30: "Smolder<26><VALVE_ID_LAN><TERRORIST>" killed "Cap Billy<27><VALVE_ID_LAN><CT>" with "glock18"
L 09/06/2019 - 12:49:32: "DareDevil<24><VALVE_ID_LAN><CT>" killed "Smolder<26><VALVE_ID_LAN><TERRORIST>" with "glock18"
L 09/06/2019 - 12:49:35: "Kratos-away<25><VALVE_ID_LAN><TERRORIST>" killed "DareDevil<24><VALVE_ID_LAN><CT>" with "glock18"
L 09/06/2019 - 12:49:35: Team "TERRORIST" triggered "Terrorists_Win" (CT "9") (T "11")
L 09/06/2019 - 12:49:35: World triggered "Round_End"
L 09/06/2019 - 12:49:38: "DareDevil<24><VALVE_ID_LAN><CT>" say_team "sorte da gota" (dead)
L 09/06/2019 - 12:49:40: World triggered "Round_Start"
L 09/06/2019 - 12:49:41: "Cap Billy<27><VALVE_ID_LAN><CT>" say_team "foi eu e jack pela esqerda"
L 09/06/2019 - 12:49:47: "DareDevil<24><VALVE_ID_LAN><CT>" killed "Gho$T<28><VALVE_ID_LAN><TERRORIST>" with "glock18"
L 09/06/2019 - 12:49:52: "DareDevil<24><VALVE_ID_LAN><CT>" killed "Kratos-away<25><VALVE_ID_LAN><TERRORIST>" with "glock18"
L 09/06/2019 - 12:49:52: "Ciclops<32><VALVE_ID_LAN><TERRORIST>" killed "DareDevil<24><VALVE_ID_LAN><CT>" with "glock18"
L 09/06/2019 - 12:49:56: "Cap Billy<27><VALVE_ID_LAN><CT>" killed "Ciclops<32><VALVE_ID_LAN><TERRORIST>" with "glock18"
L 09/06/2019 - 12:49:57: "Smolder<26><VALVE_ID_LAN><TERRORIST>" killed "Jack<29><VALVE_ID_LAN><CT>" with "glock18"
L 09/06/2019 - 12:49:57: "Cap Billy<27><VALVE_ID_LAN><CT>" killed "Smolder<26><VALVE_ID_LAN><TERRORIST>" with "glock18"
L 09/06/2019 - 12:49:58: "Gho$T<28><VALVE_ID_LAN><TERRORIST>" say "timeleft" (dead)
L 09/06/2019 - 12:50:02: "Gho$T<28><VALVE_ID_LAN><TERRORIST>" say_team "mapaaaaaa" (dead)
L 09/06/2019 - 12:50:03: "CEIFADOR<23><VALVE_ID_LOOPBACK><TERRORIST>" killed "Cap Billy<27><VALVE_ID_LAN><CT>" with "glock18"
L 09/06/2019 - 12:50:05: "CEIFADOR<23><VALVE_ID_LOOPBACK><TERRORIST>" killed "@te<31><VALVE_ID_LAN><CT>" with "glock18"
L 09/06/2019 - 12:50:05: "CEIFADOR<23><VALVE_ID_LOOPBACK><TERRORIST>" killed "INDIO de ferias<30><VALVE_ID_LAN><CT>" with "glock18"
L 09/06/2019 - 12:50:05: Team "TERRORIST" triggered "Terrorists_Win" (CT "9") (T "12")
L 09/06/2019 - 12:50:05: World triggered "Round_End"
L 09/06/2019 - 12:50:07: "Kratos-away<25><VALVE_ID_LAN><TERRORIST>" say "boa" (dead)
L 09/06/2019 - 12:50:08: "Smolder<26><VALVE_ID_LAN><TERRORIST>" say "linda" (dead)
L 09/06/2019 - 12:50:08: "Gho$T<28><VALVE_ID_LAN><TERRORIST>" say "linadaaaa" (dead)
L 09/06/2019 - 12:50:10: World triggered "Round_Start"
L 09/06/2019 - 12:50:11: "Smolder<26><VALVE_ID_LAN><TERRORIST>" say "lindo"
L 09/06/2019 - 12:50:17: "Ciclops<32><VALVE_ID_LAN><TERRORIST>" killed "INDIO de ferias<30><VALVE_ID_LAN><CT>" with "glock18"
L 09/06/2019 - 12:50:20: "Kratos-away<25><VALVE_ID_LAN><TERRORIST>" killed "Cap Billy<27><VALVE_ID_LAN><CT>" with "knife"
L 09/06/2019 - 12:50:23: "@te<31><VALVE_ID_LAN><CT>" killed "Ciclops<32><VALVE_ID_LAN><TERRORIST>" with "glock18"
L 09/06/2019 - 12:50:24: "DareDevil<24><VALVE_ID_LAN><CT>" killed "Gho$T<28><VALVE_ID_LAN><TERRORIST>" with "glock18"
L 09/06/2019 - 12:50:26: "Cap Billy<27><VALVE_ID_LAN><CT>" say_team "tumar no cu homiii" (dead)
L 09/06/2019 - 12:50:27: "DareDevil<24><VALVE_ID_LAN><CT>" killed "CEIFADOR<23><VALVE_ID_LOOPBACK><TERRORIST>" with "glock18"
L 09/06/2019 - 12:50:29: "Cap Billy<27><VALVE_ID_LAN><CT>" say_team "porra" (dead)
L 09/06/2019 - 12:50:30: "Jack<29><VALVE_ID_LAN><CT>" killed "Smolder<26><VALVE_ID_LAN><TERRORIST>" with "glock18"
L 09/06/2019 - 12:50:31: "DareDevil<24><VALVE_ID_LAN><CT>" killed "Kratos-away<25><VALVE_ID_LAN><TERRORIST>" with "glock18"
L 09/06/2019 - 12:50:31: Team "CT" triggered "CTs_Win" (CT "10") (T "12")
L 09/06/2019 - 12:50:31: World triggered "Round_End"
L 09/06/2019 - 12:50:35: "Cap Billy<27><VALVE_ID_LAN><CT>" say_team "os cara passa pbem pertim" (dead)
L 09/06/2019 - 12:50:36: "Kratos-away<25><VALVE_ID_LAN><TERRORIST>" say "meia hora correndo atras" (dead)
L 09/06/2019 - 12:50:36: World triggered "Round_Start"
L 09/06/2019 - 12:50:38: Team "CT" scored "10" with "5" players
L 09/06/2019 - 12:50:38: Team "TERRORIST" scored "12" with "5" players
L 09/06/2019 - 12:50:39: "Cap Billy<27><VALVE_ID_LAN><CT>" triggered "weaponstats" (weapon "glock18") (shots "302") (hits "89") (kills "24") (headshots "19") (tks "1") (damage "3063") (deaths "13")
L 09/06/2019 - 12:50:39: "Cap Billy<27><VALVE_ID_LAN><CT>" triggered "weaponstats2" (weapon "glock18") (head "31") (chest "12") (stomach "3") (leftarm "18") (rightarm "23") (leftleg "1") (rightleg "1")
L 09/06/2019 - 12:50:39: "Cap Billy<27><VALVE_ID_LAN><CT>" triggered "weaponstats" (weapon "knife") (shots "7") (hits "3") (kills "1") (headshots "1") (tks "0") (damage "165") (deaths "4")
L 09/06/2019 - 12:50:39: "Cap Billy<27><VALVE_ID_LAN><CT>" triggered "weaponstats2" (weapon "knife") (head "2") (chest "1") (stomach "0") (leftarm "0") (rightarm "0") (leftleg "0") (rightleg "0")
L 09/06/2019 - 12:50:39: "Cap Billy<27><VALVE_ID_LAN><CT>" triggered "time" (time "10:04")
L 09/06/2019 - 12:50:39: "Cap Billy<27><VALVE_ID_LAN><CT>" triggered "latency" (ping "11")
L 09/06/2019 - 12:50:42: "CEIFADOR<23><VALVE_ID_LOOPBACK><TERRORIST>" triggered "weaponstats" (weapon "glock18") (shots "295") (hits "114") (kills "20") (headshots "15") (tks "0") (damage "2679") (deaths "14")
L 09/06/2019 - 12:50:42: "CEIFADOR<23><VALVE_ID_LOOPBACK><TERRORIST>" triggered "weaponstats2" (weapon "glock18") (head "24") (chest "18") (stomach "6") (leftarm "31") (rightarm "27") (leftleg "2") (rightleg "6")
L 09/06/2019 - 12:50:42: "CEIFADOR<23><VALVE_ID_LOOPBACK><TERRORIST>" triggered "weaponstats" (weapon "knife") (shots "1") (hits "1") (kills "0") (headshots "0") (tks "0") (damage "55") (deaths "3")
L 09/06/2019 - 12:50:42: "CEIFADOR<23><VALVE_ID_LOOPBACK><TERRORIST>" triggered "weaponstats2" (weapon "knife") (head "0") (chest "0") (stomach "1") (leftarm "0") (rightarm "0") (leftleg "0") (rightleg "0")
L 09/06/2019 - 12:50:42: "CEIFADOR<23><VALVE_ID_LOOPBACK><TERRORIST>" triggered "time" (time "10:11")
L 09/06/2019 - 12:50:42: "CEIFADOR<23><VALVE_ID_LOOPBACK><TERRORIST>" triggered "latency" (ping "0")
L 09/06/2019 - 12:50:42: "DareDevil<24><VALVE_ID_LAN><CT>" triggered "weaponstats" (weapon "glock18") (shots "256") (hits "78") (kills "23") (headshots "18") (tks "0") (damage "3052") (deaths "16")
L 09/06/2019 - 12:50:42: "DareDevil<24><VALVE_ID_LAN><CT>" triggered "weaponstats2" (weapon "glock18") (head "28") (chest "12") (stomach "3") (leftarm "14") (rightarm "20") (leftleg "0") (rightleg "1")
L 09/06/2019 - 12:50:42: "DareDevil<24><VALVE_ID_LAN><CT>" triggered "weaponstats" (weapon "knife") (shots "1") (hits "0") (kills "0") (headshots "0") (tks "0") (damage "0") (deaths "1")
L 09/06/2019 - 12:50:42: "DareDevil<24><VALVE_ID_LAN><CT>" triggered "weaponstats2" (weapon "knife") (head "0") (chest "0") (stomach "0") (leftarm "0") (rightarm "0") (leftleg "0") (rightleg "0")
L 09/06/2019 - 12:50:42: "DareDevil<24><VALVE_ID_LAN><CT>" triggered "time" (time "10:08")
L 09/06/2019 - 12:50:42: "DareDevil<24><VALVE_ID_LAN><CT>" triggered "latency" (ping "9")
L 09/06/2019 - 12:50:42: "Kratos-away<25><VALVE_ID_LAN><TERRORIST>" triggered "weaponstats" (weapon "glock18") (shots "183") (hits "57") (kills "10") (headshots "5") (tks "0") (damage "964") (deaths "11")
L 09/06/2019 - 12:50:42: "Kratos-away<25><VALVE_ID_LAN><TERRORIST>" triggered "weaponstats2" (weapon "glock18") (head "7") (chest "8") (stomach "1") (leftarm "22") (rightarm "19") (leftleg "0") (rightleg "0")
L 09/06/2019 - 12:50:42: "Kratos-away<25><VALVE_ID_LAN><TERRORIST>" triggered "weaponstats" (weapon "knife") (shots "9") (hits "5") (kills "1") (headshots "0") (tks "0") (damage "275") (deaths "6")
L 09/06/2019 - 12:50:42: "Kratos-away<25><VALVE_ID_LAN><TERRORIST>" triggered "weaponstats2" (weapon "knife") (head "0") (chest "2") (stomach "0") (leftarm "1") (rightarm "1") (leftleg "0") (rightleg "1")
L 09/06/2019 - 12:50:42: "Kratos-away<25><VALVE_ID_LAN><TERRORIST>" triggered "time" (time "10:05")
L 09/06/2019 - 12:50:42: "Kratos-away<25><VALVE_ID_LAN><TERRORIST>" triggered "latency" (ping "137")
L 09/06/2019 - 12:50:42: "Smolder<26><VALVE_ID_LAN><TERRORIST>" triggered "weaponstats" (weapon "glock18") (shots "263") (hits "78") (kills "20") (headshots "18") (tks "0") (damage "2794") (deaths "14")
L 09/06/2019 - 12:50:42: "Smolder<26><VALVE_ID_LAN><TERRORIST>" triggered "weaponstats2" (weapon "glock18") (head "28") (chest "12") (stomach "2") (leftarm "21") (rightarm "11") (leftleg "0") (rightleg "4")
L 09/06/2019 - 12:50:42: "Smolder<26><VALVE_ID_LAN><TERRORIST>" triggered "weaponstats" (weapon "knife") (shots "9") (hits "7") (kills "3") (headshots "0") (tks "0") (damage "385") (deaths "3")
L 09/06/2019 - 12:50:42: "Smolder<26><VALVE_ID_LAN><TERRORIST>" triggered "weaponstats2" (weapon "knife") (head "3") (chest "2") (stomach "0") (leftarm "1") (rightarm "1") (leftleg "0") (rightleg "0")
L 09/06/2019 - 12:50:42: "Smolder<26><VALVE_ID_LAN><TERRORIST>" triggered "time" (time "10:08")
L 09/06/2019 - 12:50:42: "Smolder<26><VALVE_ID_LAN><TERRORIST>" triggered "latency" (ping "13")
L 09/06/2019 - 12:50:42: "Gho$T<28><VALVE_ID_LAN><TERRORIST>" triggered "weaponstats" (weapon "glock18") (shots "141") (hits "49") (kills "9") (headshots "6") (tks "0") (damage "1480") (deaths "13")
L 09/06/2019 - 12:50:42: "Gho$T<28><VALVE_ID_LAN><TERRORIST>" triggered "weaponstats2" (weapon "glock18") (head "12") (chest "8") (stomach "5") (leftarm "15") (rightarm "6") (leftleg "1") (rightleg "2")
L 09/06/2019 - 12:50:42: "Gho$T<28><VALVE_ID_LAN><TERRORIST>" triggered "weaponstats" (weapon "knife") (shots "17") (hits "8") (kills "5") (headshots "2") (tks "0") (damage "865") (deaths "2")
L 09/06/2019 - 12:50:42: "Gho$T<28><VALVE_ID_LAN><TERRORIST>" triggered "weaponstats2" (weapon "knife") (head "2") (chest "4") (stomach "0") (leftarm "2") (rightarm "0") (leftleg "0") (rightleg "0")
L 09/06/2019 - 12:50:42: "Gho$T<28><VALVE_ID_LAN><TERRORIST>" triggered "time" (time "10:07")
L 09/06/2019 - 12:50:42: "Gho$T<28><VALVE_ID_LAN><TERRORIST>" triggered "latency" (ping "17")
L 09/06/2019 - 12:50:42: "Jack<29><VALVE_ID_LAN><CT>" triggered "weaponstats" (weapon "glock18") (shots "244") (hits "78") (kills "7") (headshots "7") (tks "0") (damage "1411") (deaths "13")
L 09/06/2019 - 12:50:42: "Jack<29><VALVE_ID_LAN><CT>" triggered "weaponstats2" (weapon "glock18") (head "9") (chest "11") (stomach "2") (leftarm "31") (rightarm "22") (leftleg "1") (rightleg "2")
L 09/06/2019 - 12:50:42: "Jack<29><VALVE_ID_LAN><CT>" triggered "weaponstats" (weapon "knife") (shots "5") (hits "2") (kills "1") (headshots "0") (tks "0") (damage "110") (deaths "4")
L 09/06/2019 - 12:50:42: "Jack<29><VALVE_ID_LAN><CT>" triggered "weaponstats2" (weapon "knife") (head "0") (chest "2") (stomach "0") (leftarm "0") (rightarm "0") (leftleg "0") (rightleg "0")
L 09/06/2019 - 12:50:42: "Jack<29><VALVE_ID_LAN><CT>" triggered "time" (time "10:07")
L 09/06/2019 - 12:50:42: "Jack<29><VALVE_ID_LAN><CT>" triggered "latency" (ping "12")
L 09/06/2019 - 12:50:42: "INDIO de ferias<30><VALVE_ID_LAN><CT>" triggered "weaponstats" (weapon "glock18") (shots "215") (hits "80") (kills "11") (headshots "8") (tks "0") (damage "1644") (deaths "16")
L 09/06/2019 - 12:50:42: "INDIO de ferias<30><VALVE_ID_LAN><CT>" triggered "weaponstats2" (weapon "glock18") (head "16") (chest "12") (stomach "1") (leftarm "28") (rightarm "20") (leftleg "0") (rightleg "3")
L 09/06/2019 - 12:50:42: "INDIO de ferias<30><VALVE_ID_LAN><CT>" triggered "weaponstats" (weapon "knife") (shots "4") (hits "1") (kills "0") (headshots "0") (tks "0") (damage "55") (deaths "2")
L 09/06/2019 - 12:50:42: "INDIO de ferias<30><VALVE_ID_LAN><CT>" triggered "weaponstats2" (weapon "knife") (head "0") (chest "0") (stomach "0") (leftarm "0") (rightarm "1") (leftleg "0") (rightleg "0")
L 09/06/2019 - 12:50:42: "INDIO de ferias<30><VALVE_ID_LAN><CT>" triggered "time" (time "10:06")
L 09/06/2019 - 12:50:42: "INDIO de ferias<30><VALVE_ID_LAN><CT>" triggered "latency" (ping "13")
L 09/06/2019 - 12:50:42: "@te<31><VALVE_ID_LAN><CT>" triggered "weaponstats" (weapon "glock18") (shots "230") (hits "77") (kills "15") (headshots "10") (tks "0") (damage "1835") (deaths "12")
L 09/06/2019 - 12:50:42: "@te<31><VALVE_ID_LAN><CT>" triggered "weaponstats2" (weapon "glock18") (head "15") (chest "8") (stomach "6") (leftarm "18") (rightarm "23") (leftleg "3") (rightleg "4")
L 09/06/2019 - 12:50:42: "@te<31><VALVE_ID_LAN><CT>" triggered "weaponstats" (weapon "knife") (shots "5") (hits "2") (kills "0") (headshots "0") (tks "0") (damage "110") (deaths "2")
L 09/06/2019 - 12:50:42: "@te<31><VALVE_ID_LAN><CT>" triggered "weaponstats2" (weapon "knife") (head "0") (chest "1") (stomach "0") (leftarm "0") (rightarm "1") (leftleg "0") (rightleg "0")
L 09/06/2019 - 12:50:42: "@te<31><VALVE_ID_LAN><CT>" triggered "time" (time "10:01")
L 09/06/2019 - 12:50:42: "@te<31><VALVE_ID_LAN><CT>" triggered "latency" (ping "10")
L 09/06/2019 - 12:50:42: "Ciclops<32><VALVE_ID_LAN><TERRORIST>" triggered "weaponstats" (weapon "glock18") (shots "166") (hits "66") (kills "13") (headshots "9") (tks "0") (damage "1537") (deaths "11")
L 09/06/2019 - 12:50:42: "Ciclops<32><VALVE_ID_LAN><TERRORIST>" triggered "weaponstats2" (weapon "glock18") (head "15") (chest "12") (stomach "2") (leftarm "22") (rightarm "14") (leftleg "1") (rightleg "0")
L 09/06/2019 - 12:50:42: "Ciclops<32><VALVE_ID_LAN><TERRORIST>" triggered "weaponstats" (weapon "knife") (shots "9") (hits "2") (kills "0") (headshots "0") (tks "0") (damage "110") (deaths "4")
L 09/06/2019 - 12:50:42: "Ciclops<32><VALVE_ID_LAN><TERRORIST>" triggered "weaponstats2" (weapon "knife") (head "0") (chest "0") (stomach "0") (leftarm "1") (rightarm "1") (leftleg "0") (rightleg "0")
L 09/06/2019 - 12:50:42: "Ciclops<32><VALVE_ID_LAN><TERRORIST>" triggered "time" (time "10:03")
L 09/06/2019 - 12:50:42: "Ciclops<32><VALVE_ID_LAN><TERRORIST>" triggered "latency" (ping "12")
L 09/06/2019 - 12:50:42: [META] ini: Begin re-reading plugins list: c:/valve/cstrike/addons/metamod/plugins.ini
L 09/06/2019 - 12:50:42: [META] ini: Read plugin config for: AMX
L 09/06/2019 - 12:50:42: [META] ini: Read plugin config for: WinHL-Booster
L 09/06/2019 - 12:50:42: [META] ERROR: ini: Skipping plugin, couldn't stat file 'addons/hlguard/dlls/hlguard_mm_nightly.dll': No such file or directory
L 09/06/2019 - 12:50:42: [META] ini: Read plugin config for: WebMod
L 09/06/2019 - 12:50:42: [META] ini: Finished reading plugins list: c:/valve/cstrike/addons/metamod/plugins.ini; Found 3 plugins
L 09/06/2019 - 12:50:42: [META] dll: Updating plugins...
L 09/06/2019 - 12:50:42: [META] ERROR: dll: Failed query plugin '<hlguard_mm_nightly.dll>'; Couldn't open file 'addons/hlguard/dlls/hlguard_mm_nightly.dll': Não foi possível encontrar o módulo especificado.

L 09/06/2019 - 12:50:42: [META] ERROR: dll: Skipping plugin '<hlguard_mm_nightly.dll>'; couldn't query
L 09/06/2019 - 12:50:42: [META] dll: Finished updating 6 plugins; kept 3, loaded 0, unloaded 0, reloaded 0, delayed 0
L 09/06/2019 - 12:50:42: Server shutdown
L 09/06/2019 - 12:50:42: Log file closed
