L 09/06/2019 - 12:29:54: Log file started (file "logs\L0906000.log") (game "cstrike") (version "47/1.1.2.2/2603")
L 09/06/2019 - 12:29:54: "DareDevil<8><VALVE_ID_LAN><>" connected, address "10.15.4.2:27005"
L 09/06/2019 - 12:29:56: "Smolder<9><VALVE_ID_LAN><>" connected, address "10.15.2.124:27005"
L 09/06/2019 - 12:29:57: "DareDevil<8><VALVE_ID_LAN><>" entered the game
L 09/06/2019 - 12:29:59: "Smolder<9><VALVE_ID_LAN><>" entered the game
L 09/06/2019 - 12:29:59: "DareDevil<8><VALVE_ID_LAN><>" joined team "CT"
L 09/06/2019 - 12:30:00: World triggered "Game_Commencing"
L 09/06/2019 - 12:30:00: World triggered "Game_Commencing" (CT "0") (T "0")
L 09/06/2019 - 12:30:00: World triggered "Round_End"
L 09/06/2019 - 12:30:00: "XXBOT Pheonix<10><BOT><>" joined team "CT"
L 09/06/2019 - 12:30:00: Server cvar "bot_quota" = "1"
L 09/06/2019 - 12:30:00: "XXBOT Pheonix<10><BOT><>" entered the game
L 09/06/2019 - 12:30:01: "Smolder<9><VALVE_ID_LAN><>" joined team "TERRORIST"
L 09/06/2019 - 12:30:03: "INDIO de ferias<11><VALVE_ID_LAN><>" connected, address "10.15.2.117:27005"
L 09/06/2019 - 12:30:03: "Smolder<9><VALVE_ID_LAN><TERRORIST>" triggered "Spawned_With_The_Bomb"
L 09/06/2019 - 12:30:03: World triggered "Round_Start"
L 09/06/2019 - 12:30:04: "Cap Billy<6><VALVE_ID_LAN><>" joined team "CT"
L 09/06/2019 - 12:30:04: "Kratos-away<7><VALVE_ID_LAN><>" entered the game
L 09/06/2019 - 12:30:07: Server cvar "bot_quota" = "0"
L 09/06/2019 - 12:30:07: Kick: "XXBOT Pheonix<10><UNKNOWN><>" was kicked by "CEIFADOR"
L 09/06/2019 - 12:30:07: "XXBOT Pheonix<10><BOT><CT>" disconnected
L 09/06/2019 - 12:30:08: "Cap Billy<6><VALVE_ID_LAN><CT>" killed "CEIFADOR<5><VALVE_ID_LOOPBACK><TERRORIST>" with "awp"
L 09/06/2019 - 12:30:08: "Kratos-away<7><VALVE_ID_LAN><>" joined team "TERRORIST"
L 09/06/2019 - 12:30:08: "INDIO de ferias<11><VALVE_ID_LAN><>" entered the game
L 09/06/2019 - 12:30:13: "Smolder<9><VALVE_ID_LAN><TERRORIST>" killed "DareDevil<8><VALVE_ID_LAN><CT>" with "mp5navy"
L 09/06/2019 - 12:30:17: "Smolder<9><VALVE_ID_LAN><TERRORIST>" killed "Cap Billy<6><VALVE_ID_LAN><CT>" with "mp5navy"
L 09/06/2019 - 12:30:17: Team "TERRORIST" triggered "Terrorists_Win" (CT "0") (T "1")
L 09/06/2019 - 12:30:17: World triggered "Round_End"
L 09/06/2019 - 12:30:18: "INDIO de ferias<11><VALVE_ID_LAN><>" joined team "CT"
L 09/06/2019 - 12:30:22: "Smolder<9><VALVE_ID_LAN><TERRORIST>" triggered "Spawned_With_The_Bomb"
L 09/06/2019 - 12:30:22: World triggered "Round_Start"
L 09/06/2019 - 12:30:29: "INDIO de ferias<11><VALVE_ID_LAN><CT>" triggered "time" (time "0:20")
L 09/06/2019 - 12:30:29: "INDIO de ferias<11><VALVE_ID_LAN><CT>" triggered "latency" (ping "19")
L 09/06/2019 - 12:30:29: "INDIO de ferias<11><VALVE_ID_LAN><CT>" disconnected
L 09/06/2019 - 12:30:29: "Smolder<9><VALVE_ID_LAN><TERRORIST>" killed "DareDevil<8><VALVE_ID_LAN><CT>" with "mp5navy"
L 09/06/2019 - 12:30:31: "Smolder<9><VALVE_ID_LAN><TERRORIST>" killed "Cap Billy<6><VALVE_ID_LAN><CT>" with "mp5navy"
L 09/06/2019 - 12:30:31: Team "TERRORIST" triggered "Terrorists_Win" (CT "0") (T "2")
L 09/06/2019 - 12:30:31: World triggered "Round_End"
L 09/06/2019 - 12:30:36: "CEIFADOR<5><VALVE_ID_LOOPBACK><TERRORIST>" triggered "Spawned_With_The_Bomb"
L 09/06/2019 - 12:30:36: World triggered "Round_Start"
L 09/06/2019 - 12:30:44: "CEIFADOR<5><VALVE_ID_LOOPBACK><TERRORIST>" killed "DareDevil<8><VALVE_ID_LAN><CT>" with "mp5navy"
L 09/06/2019 - 12:30:46: "Cap Billy<6><VALVE_ID_LAN><CT>" killed "Smolder<9><VALVE_ID_LAN><TERRORIST>" with "mp5navy"
L 09/06/2019 - 12:30:47: "CEIFADOR<5><VALVE_ID_LOOPBACK><TERRORIST>" killed "Cap Billy<6><VALVE_ID_LAN><CT>" with "mp5navy"
L 09/06/2019 - 12:30:47: Team "TERRORIST" triggered "Terrorists_Win" (CT "0") (T "3")
L 09/06/2019 - 12:30:47: World triggered "Round_End"
L 09/06/2019 - 12:30:52: "Kratos-away<7><VALVE_ID_LAN><TERRORIST>" triggered "Spawned_With_The_Bomb"
L 09/06/2019 - 12:30:52: World triggered "Round_Start"
L 09/06/2019 - 12:30:52: "XXBOT Pheonix<12><BOT><>" joined team "CT"
L 09/06/2019 - 12:30:52: Server cvar "bot_quota" = "1"
L 09/06/2019 - 12:30:52: "XXBOT Pheonix<12><BOT><>" entered the game
L 09/06/2019 - 12:30:54: "Kratos-away<7><VALVE_ID_LAN><TERRORIST>" triggered "Dropped_The_Bomb"
L 09/06/2019 - 12:30:56: "CEIFADOR<5><VALVE_ID_LOOPBACK><TERRORIST>" killed "Cap Billy<6><VALVE_ID_LAN><CT>" with "mp5navy"
L 09/06/2019 - 12:30:56: "Kratos-away<7><VALVE_ID_LAN><TERRORIST>" triggered "Got_The_Bomb"
L 09/06/2019 - 12:30:58: "Kratos-away<7><VALVE_ID_LAN><TERRORIST>" killed "DareDevil<8><VALVE_ID_LAN><CT>" with "aug"
L 09/06/2019 - 12:30:59: "Smolder<9><VALVE_ID_LAN><TERRORIST>" killed "XXBOT Pheonix<12><BOT><CT>" with "xm1014"
L 09/06/2019 - 12:30:59: Team "TERRORIST" triggered "Terrorists_Win" (CT "0") (T "4")
L 09/06/2019 - 12:30:59: World triggered "Round_End"
L 09/06/2019 - 12:31:04: "Smolder<9><VALVE_ID_LAN><TERRORIST>" triggered "Spawned_With_The_Bomb"
L 09/06/2019 - 12:31:04: World triggered "Round_Start"
L 09/06/2019 - 12:31:08: "Smolder<9><VALVE_ID_LAN><TERRORIST>" killed "Cap Billy<6><VALVE_ID_LAN><CT>" with "xm1014"
L 09/06/2019 - 12:31:16: "DareDevil<8><VALVE_ID_LAN><CT>" killed "Smolder<9><VALVE_ID_LAN><TERRORIST>" with "sg552"
L 09/06/2019 - 12:31:16: "Smolder<9><VALVE_ID_LAN><TERRORIST>" triggered "Dropped_The_Bomb"
L 09/06/2019 - 12:31:16: "DareDevil<8><VALVE_ID_LAN><CT>" killed "XXBOT Pheonix<12><BOT><CT>" with "sg552"
L 09/06/2019 - 12:31:18: "DareDevil<8><VALVE_ID_LAN><CT>" killed "Kratos-away<7><VALVE_ID_LAN><TERRORIST>" with "sg552"
L 09/06/2019 - 12:31:18: "DareDevil<8><VALVE_ID_LAN><CT>" killed "CEIFADOR<5><VALVE_ID_LOOPBACK><TERRORIST>" with "sg552"
L 09/06/2019 - 12:31:18: Team "CT" triggered "CTs_Win" (CT "1") (T "4")
L 09/06/2019 - 12:31:18: World triggered "Round_End"
L 09/06/2019 - 12:31:22: "Cap Billy<6><VALVE_ID_LAN><CT>" say "HAHAHAHAHAH" (dead)
L 09/06/2019 - 12:31:23: "CEIFADOR<5><VALVE_ID_LOOPBACK><TERRORIST>" triggered "Spawned_With_The_Bomb"
L 09/06/2019 - 12:31:23: World triggered "Round_Start"
L 09/06/2019 - 12:31:23: "DareDevil<8><VALVE_ID_LAN><CT>" committed suicide with "world"
L 09/06/2019 - 12:31:30: "Cap Billy<6><VALVE_ID_LAN><CT>" killed "CEIFADOR<5><VALVE_ID_LOOPBACK><TERRORIST>" with "sg552"
L 09/06/2019 - 12:31:30: "CEIFADOR<5><VALVE_ID_LOOPBACK><TERRORIST>" triggered "Dropped_The_Bomb"
L 09/06/2019 - 12:31:30: "Kratos-away<7><VALVE_ID_LAN><TERRORIST>" killed "Cap Billy<6><VALVE_ID_LAN><CT>" with "tmp"
L 09/06/2019 - 12:31:33: "Kratos-away<7><VALVE_ID_LAN><TERRORIST>" killed "XXBOT Pheonix<12><BOT><CT>" with "tmp"
L 09/06/2019 - 12:31:33: Team "TERRORIST" triggered "Terrorists_Win" (CT "1") (T "5")
L 09/06/2019 - 12:31:33: World triggered "Round_End"
L 09/06/2019 - 12:31:38: "Kratos-away<7><VALVE_ID_LAN><TERRORIST>" triggered "Spawned_With_The_Bomb"
L 09/06/2019 - 12:31:38: World triggered "Round_Start"
L 09/06/2019 - 12:31:42: "Kratos-away<7><VALVE_ID_LAN><TERRORIST>" killed "Cap Billy<6><VALVE_ID_LAN><CT>" with "tmp"
L 09/06/2019 - 12:31:44: "CEIFADOR<5><VALVE_ID_LOOPBACK><TERRORIST>" killed "DareDevil<8><VALVE_ID_LAN><CT>" with "mp5navy"
L 09/06/2019 - 12:31:47: "Cap Billy<6><VALVE_ID_LAN><CT>" say_team "k" (dead)
L 09/06/2019 - 12:31:51: "INDIO de ferias<13><VALVE_ID_LAN><>" connected, address "10.15.2.117:27005"
L 09/06/2019 - 12:31:52: "Kratos-away<7><VALVE_ID_LAN><TERRORIST>" killed "XXBOT Pheonix<12><BOT><CT>" with "tmp"
L 09/06/2019 - 12:31:52: Team "TERRORIST" triggered "Terrorists_Win" (CT "1") (T "6")
L 09/06/2019 - 12:31:52: World triggered "Round_End"
L 09/06/2019 - 12:31:52: "DareDevil<8><VALVE_ID_LAN><CT>" say_team "ta foda" (dead)
L 09/06/2019 - 12:31:53: "INDIO de ferias<13><VALVE_ID_LAN><>" entered the game
L 09/06/2019 - 12:31:56: "INDIO de ferias<13><VALVE_ID_LAN><>" joined team "CT"
L 09/06/2019 - 12:31:57: "Smolder<9><VALVE_ID_LAN><TERRORIST>" triggered "Spawned_With_The_Bomb"
L 09/06/2019 - 12:31:57: World triggered "Round_Start"
L 09/06/2019 - 12:32:01: "CEIFADOR<5><VALVE_ID_LOOPBACK><TERRORIST>" killed "Cap Billy<6><VALVE_ID_LAN><CT>" with "mp5navy"
L 09/06/2019 - 12:32:03: "Kratos-away<7><VALVE_ID_LAN><TERRORIST>" killed "INDIO de ferias<13><VALVE_ID_LAN><CT>" with "tmp"
L 09/06/2019 - 12:32:06: "CEIFADOR<5><VALVE_ID_LOOPBACK><TERRORIST>" killed "XXBOT Pheonix<12><BOT><CT>" with "mp5navy"
L 09/06/2019 - 12:32:12: "Kratos-away<7><VALVE_ID_LAN><TERRORIST>" killed "DareDevil<8><VALVE_ID_LAN><CT>" with "tmp"
L 09/06/2019 - 12:32:12: Team "TERRORIST" triggered "Terrorists_Win" (CT "1") (T "7")
L 09/06/2019 - 12:32:12: World triggered "Round_End"
L 09/06/2019 - 12:32:12: "Gho$T<14><VALVE_ID_LAN><>" connected, address "10.15.2.123:27005"
L 09/06/2019 - 12:32:17: Server cvar "bot_quota" = "0"
L 09/06/2019 - 12:32:17: Kick: "XXBOT Pheonix<12><UNKNOWN><>" was kicked by "CEIFADOR"
L 09/06/2019 - 12:32:17: "XXBOT Pheonix<12><BOT><CT>" disconnected
L 09/06/2019 - 12:32:17: "CEIFADOR<5><VALVE_ID_LOOPBACK><TERRORIST>" triggered "Spawned_With_The_Bomb"
L 09/06/2019 - 12:32:17: World triggered "Round_Start"
L 09/06/2019 - 12:32:21: "Smolder<9><VALVE_ID_LAN><TERRORIST>" killed "INDIO de ferias<13><VALVE_ID_LAN><CT>" with "grenade"
L 09/06/2019 - 12:32:22: "Cap Billy<6><VALVE_ID_LAN><CT>" killed "Kratos-away<7><VALVE_ID_LAN><TERRORIST>" with "sg552"
L 09/06/2019 - 12:32:23: "Gho$T<14><VALVE_ID_LAN><>" entered the game
L 09/06/2019 - 12:32:25: "DareDevil<8><VALVE_ID_LAN><CT>" killed "Smolder<9><VALVE_ID_LAN><TERRORIST>" with "mac10"
L 09/06/2019 - 12:32:26: "Gho$T<14><VALVE_ID_LAN><>" joined team "TERRORIST"
L 09/06/2019 - 12:32:29: "CEIFADOR<5><VALVE_ID_LOOPBACK><TERRORIST>" killed "DareDevil<8><VALVE_ID_LAN><CT>" with "mp5navy"
L 09/06/2019 - 12:32:33: "CEIFADOR<5><VALVE_ID_LOOPBACK><TERRORIST>" killed "Cap Billy<6><VALVE_ID_LAN><CT>" with "mp5navy"
L 09/06/2019 - 12:32:33: Team "TERRORIST" triggered "Terrorists_Win" (CT "1") (T "8")
L 09/06/2019 - 12:32:33: World triggered "Round_End"
L 09/06/2019 - 12:32:35: "Kratos-away<7><VALVE_ID_LAN><TERRORIST>" say "indio covarde" (dead)
L 09/06/2019 - 12:32:38: "Kratos-away<7><VALVE_ID_LAN><TERRORIST>" triggered "Spawned_With_The_Bomb"
L 09/06/2019 - 12:32:38: World triggered "Round_Start"
L 09/06/2019 - 12:32:42: "XXBOT Crusher<15><BOT><>" joined team "CT"
L 09/06/2019 - 12:32:42: Server cvar "bot_quota" = "1"
L 09/06/2019 - 12:32:42: "XXBOT Crusher<15><BOT><>" entered the game
L 09/06/2019 - 12:32:45: "DareDevil<8><VALVE_ID_LAN><CT>" killed "CEIFADOR<5><VALVE_ID_LOOPBACK><TERRORIST>" with "ak47"
L 09/06/2019 - 12:32:46: "Smolder<9><VALVE_ID_LAN><TERRORIST>" killed "Cap Billy<6><VALVE_ID_LAN><CT>" with "m3"
L 09/06/2019 - 12:32:46: "Gho$T<14><VALVE_ID_LAN><TERRORIST>" killed "DareDevil<8><VALVE_ID_LAN><CT>" with "aug"
L 09/06/2019 - 12:32:52: "INDIO de ferias<13><VALVE_ID_LAN><CT>" killed "Kratos-away<7><VALVE_ID_LAN><TERRORIST>" with "aug"
L 09/06/2019 - 12:32:52: "Kratos-away<7><VALVE_ID_LAN><TERRORIST>" triggered "Dropped_The_Bomb"
L 09/06/2019 - 12:32:53: "Cap Billy<6><VALVE_ID_LAN><CT>" say_team "num to jhogando nada hj" (dead)
L 09/06/2019 - 12:32:54: "INDIO de ferias<13><VALVE_ID_LAN><CT>" killed "Smolder<9><VALVE_ID_LAN><TERRORIST>" with "aug"
L 09/06/2019 - 12:32:58: "Kratos-away<7><VALVE_ID_LAN><TERRORIST>" say "eh muito sortudo" (dead)
L 09/06/2019 - 12:32:58: "Gho$T<14><VALVE_ID_LAN><TERRORIST>" killed "INDIO de ferias<13><VALVE_ID_LAN><CT>" with "aug"
L 09/06/2019 - 12:32:58: "DareDevil<8><VALVE_ID_LAN><CT>" say_team "nem eu" (dead)
L 09/06/2019 - 12:32:59: "Gho$T<14><VALVE_ID_LAN><TERRORIST>" triggered "Got_The_Bomb"
L 09/06/2019 - 12:33:02: "Gho$T<14><VALVE_ID_LAN><TERRORIST>" killed "XXBOT Crusher<15><BOT><CT>" with "aug"
L 09/06/2019 - 12:33:02: Team "TERRORIST" triggered "Terrorists_Win" (CT "1") (T "9")
L 09/06/2019 - 12:33:02: World triggered "Round_End"
L 09/06/2019 - 12:33:07: "Smolder<9><VALVE_ID_LAN><TERRORIST>" triggered "Spawned_With_The_Bomb"
L 09/06/2019 - 12:33:07: World triggered "Round_Start"
L 09/06/2019 - 12:33:13: "Cap Billy<6><VALVE_ID_LAN><CT>" killed "Kratos-away<7><VALVE_ID_LAN><TERRORIST>" with "ak47"
L 09/06/2019 - 12:33:14: "Smolder<9><VALVE_ID_LAN><TERRORIST>" killed "Cap Billy<6><VALVE_ID_LAN><CT>" with "aug"
L 09/06/2019 - 12:33:15: "Gho$T<14><VALVE_ID_LAN><TERRORIST>" killed "DareDevil<8><VALVE_ID_LAN><CT>" with "aug"
L 09/06/2019 - 12:33:16: "Gho$T<14><VALVE_ID_LAN><TERRORIST>" killed "XXBOT Crusher<15><BOT><CT>" with "aug"
L 09/06/2019 - 12:33:18: "INDIO de ferias<13><VALVE_ID_LAN><CT>" killed "Smolder<9><VALVE_ID_LAN><TERRORIST>" with "aug"
L 09/06/2019 - 12:33:18: "Smolder<9><VALVE_ID_LAN><TERRORIST>" triggered "Dropped_The_Bomb"
L 09/06/2019 - 12:33:21: "Ciclops<16><VALVE_ID_LAN><>" connected, address "10.15.2.119:27005"
L 09/06/2019 - 12:33:22: "INDIO de ferias<13><VALVE_ID_LAN><CT>" killed "CEIFADOR<5><VALVE_ID_LOOPBACK><TERRORIST>" with "aug"
L 09/06/2019 - 12:33:28: "Ciclops<16><VALVE_ID_LAN><>" entered the game
L 09/06/2019 - 12:33:29: "Gho$T<14><VALVE_ID_LAN><TERRORIST>" killed "INDIO de ferias<13><VALVE_ID_LAN><CT>" with "aug"
L 09/06/2019 - 12:33:29: Team "TERRORIST" triggered "Terrorists_Win" (CT "1") (T "10")
L 09/06/2019 - 12:33:29: World triggered "Round_End"
L 09/06/2019 - 12:33:33: "Ciclops<16><VALVE_ID_LAN><>" joined team "TERRORIST"
L 09/06/2019 - 12:33:34: "Gho$T<14><VALVE_ID_LAN><TERRORIST>" triggered "Spawned_With_The_Bomb"
L 09/06/2019 - 12:33:34: World triggered "Round_Start"
L 09/06/2019 - 12:33:38: "Cap Billy<6><VALVE_ID_LAN><CT>" killed "Smolder<9><VALVE_ID_LAN><TERRORIST>" with "ak47"
L 09/06/2019 - 12:33:38: "Gho$T<14><VALVE_ID_LAN><TERRORIST>" triggered "Dropped_The_Bomb"
L 09/06/2019 - 12:33:39: "INDIO de ferias<13><VALVE_ID_LAN><CT>" killed "CEIFADOR<5><VALVE_ID_LOOPBACK><TERRORIST>" with "sg552"
L 09/06/2019 - 12:33:40: "Cap Billy<6><VALVE_ID_LAN><CT>" killed "Gho$T<14><VALVE_ID_LAN><TERRORIST>" with "ak47"
L 09/06/2019 - 12:33:41: "Kratos-away<7><VALVE_ID_LAN><TERRORIST>" killed "Cap Billy<6><VALVE_ID_LAN><CT>" with "sg552"
L 09/06/2019 - 12:33:42: "Ciclops<16><VALVE_ID_LAN><TERRORIST>" triggered "Got_The_Bomb"
L 09/06/2019 - 12:33:46: "DareDevil<8><VALVE_ID_LAN><CT>" killed "Ciclops<16><VALVE_ID_LAN><TERRORIST>" with "aug"
L 09/06/2019 - 12:33:46: "Ciclops<16><VALVE_ID_LAN><TERRORIST>" triggered "Dropped_The_Bomb"
L 09/06/2019 - 12:33:48: "DareDevil<8><VALVE_ID_LAN><CT>" killed "Kratos-away<7><VALVE_ID_LAN><TERRORIST>" with "aug"
L 09/06/2019 - 12:33:48: Team "CT" triggered "CTs_Win" (CT "2") (T "10")
L 09/06/2019 - 12:33:48: World triggered "Round_End"
L 09/06/2019 - 12:33:50: "Kratos-away<7><VALVE_ID_LAN><TERRORIST>" say "porrra" (dead)
L 09/06/2019 - 12:33:50: "Cap Billy<6><VALVE_ID_LAN><CT>" say "HAHAHAHAHAH" (dead)
L 09/06/2019 - 12:33:53: "Ciclops<16><VALVE_ID_LAN><TERRORIST>" triggered "Spawned_With_The_Bomb"
L 09/06/2019 - 12:33:53: World triggered "Round_Start"
L 09/06/2019 - 12:33:55: "INDIO de ferias<13><VALVE_ID_LAN><CT>" killed "Smolder<9><VALVE_ID_LAN><TERRORIST>" with "sg552"
L 09/06/2019 - 12:33:55: "Cap Billy<6><VALVE_ID_LAN><CT>" killed "Gho$T<14><VALVE_ID_LAN><TERRORIST>" with "sg552"
L 09/06/2019 - 12:33:56: "Ciclops<16><VALVE_ID_LAN><TERRORIST>" killed "INDIO de ferias<13><VALVE_ID_LAN><CT>" with "glock18"
L 09/06/2019 - 12:33:57: "DareDevil<8><VALVE_ID_LAN><CT>" killed "Ciclops<16><VALVE_ID_LAN><TERRORIST>" with "aug"
L 09/06/2019 - 12:33:57: "Ciclops<16><VALVE_ID_LAN><TERRORIST>" triggered "Dropped_The_Bomb"
L 09/06/2019 - 12:33:57: "XXBOT Arnold<17><BOT><>" joined team "CT"
L 09/06/2019 - 12:33:57: Server cvar "bot_quota" = "2"
L 09/06/2019 - 12:33:57: "XXBOT Arnold<17><BOT><>" entered the game
L 09/06/2019 - 12:33:58: "Kratos-away<7><VALVE_ID_LAN><TERRORIST>" killed "DareDevil<8><VALVE_ID_LAN><CT>" with "tmp"
L 09/06/2019 - 12:34:00: "Cap Billy<6><VALVE_ID_LAN><CT>" killed "Kratos-away<7><VALVE_ID_LAN><TERRORIST>" with "sg552"
L 09/06/2019 - 12:34:01: "Gho$T<14><VALVE_ID_LAN><TERRORIST>" joined team "CT"
L 09/06/2019 - 12:34:02: "CEIFADOR<5><VALVE_ID_LOOPBACK><TERRORIST>" killed "Cap Billy<6><VALVE_ID_LAN><CT>" with "sg552"
L 09/06/2019 - 12:34:08: "XXBOT Arnold<17><BOT><CT>" killed "CEIFADOR<5><VALVE_ID_LOOPBACK><TERRORIST>" with "m4a1"
L 09/06/2019 - 12:34:08: Team "CT" triggered "CTs_Win" (CT "3") (T "10")
L 09/06/2019 - 12:34:08: World triggered "Round_End"
L 09/06/2019 - 12:34:12: Server cvar "bot_quota" = "1"
L 09/06/2019 - 12:34:12: Server cvar "bot_quota" = "0"
L 09/06/2019 - 12:34:12: Kick: "XXBOT Crusher<15><UNKNOWN><>" was kicked by "CEIFADOR"
L 09/06/2019 - 12:34:12: "XXBOT Crusher<15><BOT><CT>" disconnected
L 09/06/2019 - 12:34:12: Kick: "XXBOT Arnold<17><UNKNOWN><>" was kicked by "CEIFADOR"
L 09/06/2019 - 12:34:12: "XXBOT Arnold<17><BOT><CT>" disconnected
L 09/06/2019 - 12:34:13: "CEIFADOR<5><VALVE_ID_LOOPBACK><TERRORIST>" triggered "Spawned_With_The_Bomb"
L 09/06/2019 - 12:34:13: World triggered "Round_Start"
L 09/06/2019 - 12:34:14: "Gho$T<14><VALVE_ID_LAN><CT>" say "tira os bot"
L 09/06/2019 - 12:34:17: "INDIO de ferias<13><VALVE_ID_LAN><CT>" killed "CEIFADOR<5><VALVE_ID_LOOPBACK><TERRORIST>" with "aug"
L 09/06/2019 - 12:34:17: "CEIFADOR<5><VALVE_ID_LOOPBACK><TERRORIST>" triggered "Dropped_The_Bomb"
L 09/06/2019 - 12:34:19: "Kratos-away<7><VALVE_ID_LAN><TERRORIST>" killed "DareDevil<8><VALVE_ID_LAN><CT>" with "m4a1"
L 09/06/2019 - 12:34:20: "Smolder<9><VALVE_ID_LAN><TERRORIST>" killed "Cap Billy<6><VALVE_ID_LAN><CT>" with "mp5navy"
L 09/06/2019 - 12:34:21: "Gho$T<14><VALVE_ID_LAN><CT>" killed "Ciclops<16><VALVE_ID_LAN><TERRORIST>" with "sg552"
L 09/06/2019 - 12:34:24: "INDIO de ferias<13><VALVE_ID_LAN><CT>" killed "Smolder<9><VALVE_ID_LAN><TERRORIST>" with "knife"
L 09/06/2019 - 12:34:25: "Kratos-away<7><VALVE_ID_LAN><TERRORIST>" killed "Gho$T<14><VALVE_ID_LAN><CT>" with "knife"
L 09/06/2019 - 12:34:26: "Cap Billy<6><VALVE_ID_LAN><CT>" say_team "jack vai jogar nao eh???" (dead)
L 09/06/2019 - 12:34:28: "Kratos-away<7><VALVE_ID_LAN><TERRORIST>" killed "INDIO de ferias<13><VALVE_ID_LAN><CT>" with "m4a1"
L 09/06/2019 - 12:34:28: Team "TERRORIST" triggered "Terrorists_Win" (CT "3") (T "11")
L 09/06/2019 - 12:34:28: World triggered "Round_End"
L 09/06/2019 - 12:34:29: "DareDevil<8><VALVE_ID_LAN><CT>" say "boa tarde smolder" (dead)
L 09/06/2019 - 12:34:32: "Gho$T<14><VALVE_ID_LAN><CT>" say "nem sei" (dead)
L 09/06/2019 - 12:34:33: "Kratos-away<7><VALVE_ID_LAN><TERRORIST>" triggered "Spawned_With_The_Bomb"
L 09/06/2019 - 12:34:33: World triggered "Round_Start"
L 09/06/2019 - 12:34:36: "CEIFADOR<5><VALVE_ID_LOOPBACK><TERRORIST>" killed "INDIO de ferias<13><VALVE_ID_LAN><CT>" with "mp5navy"
L 09/06/2019 - 12:34:36: "Gho$T<14><VALVE_ID_LAN><CT>" say "ele tava com sono"
L 09/06/2019 - 12:34:38: "Kratos-away<7><VALVE_ID_LAN><TERRORIST>" killed "DareDevil<8><VALVE_ID_LAN><CT>" with "m4a1"
L 09/06/2019 - 12:34:39: "Cap Billy<6><VALVE_ID_LAN><CT>" killed "Kratos-away<7><VALVE_ID_LAN><TERRORIST>" with "sg552"
L 09/06/2019 - 12:34:39: "Kratos-away<7><VALVE_ID_LAN><TERRORIST>" triggered "Dropped_The_Bomb"
L 09/06/2019 - 12:34:43: "CEIFADOR<5><VALVE_ID_LOOPBACK><TERRORIST>" killed "Cap Billy<6><VALVE_ID_LAN><CT>" with "mp5navy"
L 09/06/2019 - 12:34:45: "Gho$T<14><VALVE_ID_LAN><CT>" killed "Ciclops<16><VALVE_ID_LAN><TERRORIST>" with "xm1014"
L 09/06/2019 - 12:34:47: "Gho$T<14><VALVE_ID_LAN><CT>" killed "Smolder<9><VALVE_ID_LAN><TERRORIST>" with "xm1014"
L 09/06/2019 - 12:34:48: "Kratos-away<7><VALVE_ID_LAN><TERRORIST>" say "coitadinho do ghost inventou de mudar levou uma facada na cara" (dead)
L 09/06/2019 - 12:34:49: "CEIFADOR<5><VALVE_ID_LOOPBACK><TERRORIST>" killed "Gho$T<14><VALVE_ID_LAN><CT>" with "mp5navy"
L 09/06/2019 - 12:34:49: Team "TERRORIST" triggered "Terrorists_Win" (CT "3") (T "12")
L 09/06/2019 - 12:34:49: World triggered "Round_End"
L 09/06/2019 - 12:34:53: "Gho$T<14><VALVE_ID_LAN><CT>" say "chegou agora" (dead)
L 09/06/2019 - 12:34:54: "Smolder<9><VALVE_ID_LAN><TERRORIST>" triggered "Spawned_With_The_Bomb"
L 09/06/2019 - 12:34:54: World triggered "Round_Start"
L 09/06/2019 - 12:34:58: "CEIFADOR<5><VALVE_ID_LOOPBACK><TERRORIST>" killed "Cap Billy<6><VALVE_ID_LAN><CT>" with "mp5navy"
L 09/06/2019 - 12:34:59: "CEIFADOR<5><VALVE_ID_LOOPBACK><TERRORIST>" killed "DareDevil<8><VALVE_ID_LAN><CT>" with "mp5navy"
L 09/06/2019 - 12:35:01: "Gho$T<14><VALVE_ID_LAN><CT>" killed "Smolder<9><VALVE_ID_LAN><TERRORIST>" with "aug"
L 09/06/2019 - 12:35:01: "Smolder<9><VALVE_ID_LAN><TERRORIST>" triggered "Dropped_The_Bomb"
L 09/06/2019 - 12:35:04: "Gho$T<14><VALVE_ID_LAN><CT>" killed "Kratos-away<7><VALVE_ID_LAN><TERRORIST>" with "usp"
L 09/06/2019 - 12:35:05: "Gho$T<14><VALVE_ID_LAN><CT>" killed "CEIFADOR<5><VALVE_ID_LOOPBACK><TERRORIST>" with "usp"
L 09/06/2019 - 12:35:06: "Gho$T<14><VALVE_ID_LAN><CT>" killed "Ciclops<16><VALVE_ID_LAN><TERRORIST>" with "usp"
L 09/06/2019 - 12:35:06: Team "CT" triggered "CTs_Win" (CT "4") (T "12")
L 09/06/2019 - 12:35:06: World triggered "Round_End"
L 09/06/2019 - 12:35:09: "Gho$T<14><VALVE_ID_LAN><CT>" committed suicide with "world"
L 09/06/2019 - 12:35:09: "Gho$T<14><VALVE_ID_LAN><CT>" joined team "TERRORIST"
L 09/06/2019 - 12:35:11: "Gho$T<14><VALVE_ID_LAN><TERRORIST>" triggered "Spawned_With_The_Bomb"
L 09/06/2019 - 12:35:11: World triggered "Round_Start"
L 09/06/2019 - 12:35:14: "Kratos-away<7><VALVE_ID_LAN><TERRORIST>" killed "Cap Billy<6><VALVE_ID_LAN><CT>" with "xm1014"
L 09/06/2019 - 12:35:18: "Gho$T<14><VALVE_ID_LAN><TERRORIST>" say "vai entrart"
L 09/06/2019 - 12:35:18: "DareDevil<8><VALVE_ID_LAN><CT>" killed "Gho$T<14><VALVE_ID_LAN><TERRORIST>" with "awp"
L 09/06/2019 - 12:35:18: "Gho$T<14><VALVE_ID_LAN><TERRORIST>" triggered "Dropped_The_Bomb"
L 09/06/2019 - 12:35:20: "DareDevil<8><VALVE_ID_LAN><CT>" killed "Kratos-away<7><VALVE_ID_LAN><TERRORIST>" with "awp"
L 09/06/2019 - 12:35:21: "INDIO de ferias<13><VALVE_ID_LAN><CT>" killed "Ciclops<16><VALVE_ID_LAN><TERRORIST>" with "sg552"
L 09/06/2019 - 12:35:21: "CEIFADOR<5><VALVE_ID_LOOPBACK><TERRORIST>" killed "DareDevil<8><VALVE_ID_LAN><CT>" with "mp5navy"
L 09/06/2019 - 12:35:27: "Gho$T<14><VALVE_ID_LAN><TERRORIST>" say "ta logando aqui" (dead)
L 09/06/2019 - 12:35:29: "DareDevil<8><VALVE_ID_LAN><CT>" say "travou kratos??" (dead)
L 09/06/2019 - 12:35:31: "XXBOT Quade<18><BOT><>" joined team "CT"
L 09/06/2019 - 12:35:31: Server cvar "bot_quota" = "1"
L 09/06/2019 - 12:35:31: "XXBOT Quade<18><BOT><>" entered the game
L 09/06/2019 - 12:35:34: "Smolder<9><VALVE_ID_LAN><TERRORIST>" killed "INDIO de ferias<13><VALVE_ID_LAN><CT>" with "aug"
L 09/06/2019 - 12:35:34: Team "TERRORIST" triggered "Terrorists_Win" (CT "4") (T "13")
L 09/06/2019 - 12:35:34: World triggered "Round_End"
L 09/06/2019 - 12:35:37: "Kratos-away<7><VALVE_ID_LAN><TERRORIST>" say "gente passando aqui" (dead)
L 09/06/2019 - 12:35:39: "Ciclops<16><VALVE_ID_LAN><TERRORIST>" triggered "Spawned_With_The_Bomb"
L 09/06/2019 - 12:35:40: World triggered "Round_Start"
L 09/06/2019 - 12:35:41: "XXBOT Rip<19><BOT><>" joined team "CT"
L 09/06/2019 - 12:35:41: Server cvar "bot_quota" = "2"
L 09/06/2019 - 12:35:41: "XXBOT Rip<19><BOT><>" entered the game
L 09/06/2019 - 12:35:42: "Cap Billy<6><VALVE_ID_LAN><CT>" killed "Smolder<9><VALVE_ID_LAN><TERRORIST>" with "ak47"
L 09/06/2019 - 12:35:43: "CEIFADOR<5><VALVE_ID_LOOPBACK><TERRORIST>" killed "INDIO de ferias<13><VALVE_ID_LAN><CT>" with "mp5navy"
L 09/06/2019 - 12:35:44: "DareDevil<8><VALVE_ID_LAN><CT>" killed "Ciclops<16><VALVE_ID_LAN><TERRORIST>" with "awp"
L 09/06/2019 - 12:35:44: "Ciclops<16><VALVE_ID_LAN><TERRORIST>" triggered "Dropped_The_Bomb"
L 09/06/2019 - 12:35:45: "Cap Billy<6><VALVE_ID_LAN><CT>" killed "Gho$T<14><VALVE_ID_LAN><TERRORIST>" with "ak47"
L 09/06/2019 - 12:35:47: "CEIFADOR<5><VALVE_ID_LOOPBACK><TERRORIST>" triggered "Got_The_Bomb"
L 09/06/2019 - 12:35:47: "CEIFADOR<5><VALVE_ID_LOOPBACK><TERRORIST>" killed "DareDevil<8><VALVE_ID_LAN><CT>" with "mp5navy"
L 09/06/2019 - 12:35:49: "CEIFADOR<5><VALVE_ID_LOOPBACK><TERRORIST>" killed "XXBOT Quade<18><BOT><CT>" with "mp5navy"
L 09/06/2019 - 12:35:51: "XXBOT Rip<19><BOT><CT>" killed "CEIFADOR<5><VALVE_ID_LOOPBACK><TERRORIST>" with "usp"
L 09/06/2019 - 12:35:51: "CEIFADOR<5><VALVE_ID_LOOPBACK><TERRORIST>" triggered "Dropped_The_Bomb"
L 09/06/2019 - 12:35:51: "Kratos-away<7><VALVE_ID_LAN><TERRORIST>" killed "Cap Billy<6><VALVE_ID_LAN><CT>" with "tmp"
L 09/06/2019 - 12:35:52: "XXBOT Rip<19><BOT><CT>" killed "Kratos-away<7><VALVE_ID_LAN><TERRORIST>" with "usp"
L 09/06/2019 - 12:35:52: Team "CT" triggered "CTs_Win" (CT "5") (T "13")
L 09/06/2019 - 12:35:52: World triggered "Round_End"
L 09/06/2019 - 12:35:57: "CEIFADOR<5><VALVE_ID_LOOPBACK><TERRORIST>" triggered "Spawned_With_The_Bomb"
L 09/06/2019 - 12:35:57: World triggered "Round_Start"
L 09/06/2019 - 12:36:02: "CEIFADOR<5><VALVE_ID_LOOPBACK><TERRORIST>" killed "DareDevil<8><VALVE_ID_LAN><CT>" with "mp5navy"
L 09/06/2019 - 12:36:03: "Cap Billy<6><VALVE_ID_LAN><CT>" killed "Smolder<9><VALVE_ID_LAN><TERRORIST>" with "ak47"
L 09/06/2019 - 12:36:04: "Kratos-away<7><VALVE_ID_LAN><TERRORIST>" killed "Cap Billy<6><VALVE_ID_LAN><CT>" with "sg552"
L 09/06/2019 - 12:36:04: "XXBOT Quade<18><BOT><CT>" killed "Ciclops<16><VALVE_ID_LAN><TERRORIST>" with "aug"
L 09/06/2019 - 12:36:05: "Jack<20><VALVE_ID_LAN><>" connected, address "10.15.2.45:27005"
L 09/06/2019 - 12:36:07: "XXBOT Quade<18><BOT><CT>" killed "Kratos-away<7><VALVE_ID_LAN><TERRORIST>" with "aug"
L 09/06/2019 - 12:36:08: "CEIFADOR<5><VALVE_ID_LOOPBACK><TERRORIST>" killed "XXBOT Quade<18><BOT><CT>" with "mp5navy"
L 09/06/2019 - 12:36:09: "XXBOT Rip<19><BOT><CT>" killed "Gho$T<14><VALVE_ID_LAN><TERRORIST>" with "mp5navy"
L 09/06/2019 - 12:36:09: "Jack<20><VALVE_ID_LAN><>" entered the game
L 09/06/2019 - 12:36:10: "INDIO de ferias<13><VALVE_ID_LAN><CT>" killed "CEIFADOR<5><VALVE_ID_LOOPBACK><TERRORIST>" with "sg552"
L 09/06/2019 - 12:36:10: Team "CT" triggered "CTs_Win" (CT "6") (T "13")
L 09/06/2019 - 12:36:10: World triggered "Round_End"
L 09/06/2019 - 12:36:12: "Jack<20><VALVE_ID_LAN><>" joined team "CT"
L 09/06/2019 - 12:36:15: "Kratos-away<7><VALVE_ID_LAN><TERRORIST>" triggered "Spawned_With_The_Bomb"
L 09/06/2019 - 12:36:15: World triggered "Round_Start"
L 09/06/2019 - 12:36:17: Server cvar "bot_quota" = "1"
L 09/06/2019 - 12:36:17: Server cvar "bot_quota" = "0"
L 09/06/2019 - 12:36:17: Kick: "XXBOT Quade<18><UNKNOWN><>" was kicked by "CEIFADOR"
L 09/06/2019 - 12:36:17: "XXBOT Quade<18><BOT><CT>" disconnected
L 09/06/2019 - 12:36:17: Kick: "XXBOT Rip<19><UNKNOWN><>" was kicked by "CEIFADOR"
L 09/06/2019 - 12:36:17: "XXBOT Rip<19><BOT><CT>" disconnected
L 09/06/2019 - 12:36:21: "Jack<20><VALVE_ID_LAN><CT>" killed "Gho$T<14><VALVE_ID_LAN><TERRORIST>" with "m4a1"
L 09/06/2019 - 12:36:21: "Ciclops<16><VALVE_ID_LAN><TERRORIST>" killed "Jack<20><VALVE_ID_LAN><CT>" with "xm1014"
L 09/06/2019 - 12:36:23: "XXBOT Moe<21><BOT><>" joined team "CT"
L 09/06/2019 - 12:36:23: Server cvar "bot_quota" = "1"
L 09/06/2019 - 12:36:23: "XXBOT Moe<21><BOT><>" entered the game
L 09/06/2019 - 12:36:25: "INDIO de ferias<13><VALVE_ID_LAN><CT>" killed "Ciclops<16><VALVE_ID_LAN><TERRORIST>" with "sg552"
L 09/06/2019 - 12:36:25: "CEIFADOR<5><VALVE_ID_LOOPBACK><TERRORIST>" killed "DareDevil<8><VALVE_ID_LAN><CT>" with "sg552"
L 09/06/2019 - 12:36:26: "Cap Billy<6><VALVE_ID_LAN><CT>" killed "Kratos-away<7><VALVE_ID_LAN><TERRORIST>" with "ak47"
L 09/06/2019 - 12:36:26: "Kratos-away<7><VALVE_ID_LAN><TERRORIST>" triggered "Dropped_The_Bomb"
L 09/06/2019 - 12:36:29: "Cap Billy<6><VALVE_ID_LAN><CT>" killed "CEIFADOR<5><VALVE_ID_LOOPBACK><TERRORIST>" with "ak47"
L 09/06/2019 - 12:36:34: "Kratos-away<7><VALVE_ID_LAN><TERRORIST>" say "porra vcs se escondem demais! CTS" (dead)
L 09/06/2019 - 12:36:36: "Smolder<9><VALVE_ID_LAN><TERRORIST>" killed "INDIO de ferias<13><VALVE_ID_LAN><CT>" with "m4a1"
L 09/06/2019 - 12:36:39: "Smolder<9><VALVE_ID_LAN><TERRORIST>" killed "Cap Billy<6><VALVE_ID_LAN><CT>" with "m4a1"
L 09/06/2019 - 12:36:40: "Jack<20><VALVE_ID_LAN><CT>" say "mi mimi" (dead)
L 09/06/2019 - 12:36:44: "XXBOT Moe<21><BOT><CT>" killed "Smolder<9><VALVE_ID_LAN><TERRORIST>" with "xm1014"
L 09/06/2019 - 12:36:44: Team "CT" triggered "CTs_Win" (CT "7") (T "13")
L 09/06/2019 - 12:36:44: World triggered "Round_End"
L 09/06/2019 - 12:36:49: "Smolder<9><VALVE_ID_LAN><TERRORIST>" triggered "Spawned_With_The_Bomb"
L 09/06/2019 - 12:36:49: World triggered "Round_Start"
L 09/06/2019 - 12:36:52: "INDIO de ferias<13><VALVE_ID_LAN><CT>" killed "CEIFADOR<5><VALVE_ID_LOOPBACK><TERRORIST>" with "sg552"
L 09/06/2019 - 12:36:53: "Ciclops<16><VALVE_ID_LAN><TERRORIST>" killed "INDIO de ferias<13><VALVE_ID_LAN><CT>" with "aug"
L 09/06/2019 - 12:36:55: "DareDevil<8><VALVE_ID_LAN><CT>" killed "Ciclops<16><VALVE_ID_LAN><TERRORIST>" with "awp"
L 09/06/2019 - 12:36:56: "CEIFADOR<5><VALVE_ID_LOOPBACK><TERRORIST>" say_team "mapa" (dead)
L 09/06/2019 - 12:36:59: "Jack<20><VALVE_ID_LAN><CT>" killed "Smolder<9><VALVE_ID_LAN><TERRORIST>" with "mp5navy"
L 09/06/2019 - 12:36:59: "Smolder<9><VALVE_ID_LAN><TERRORIST>" triggered "Dropped_The_Bomb"
L 09/06/2019 - 12:37:00: "Gho$T<14><VALVE_ID_LAN><TERRORIST>" killed "Jack<20><VALVE_ID_LAN><CT>" with "mp5navy"
L 09/06/2019 - 12:37:01: "Cap Billy<6><VALVE_ID_LAN><CT>" killed "Gho$T<14><VALVE_ID_LAN><TERRORIST>" with "ak47"
L 09/06/2019 - 12:37:01: "CEIFADOR<5><VALVE_ID_LOOPBACK><TERRORIST>" say_team "pelo amor de deus" (dead)
L 09/06/2019 - 12:37:02: "Cap Billy<6><VALVE_ID_LAN><CT>" killed "Kratos-away<7><VALVE_ID_LAN><TERRORIST>" with "ak47"
L 09/06/2019 - 12:37:02: Team "CT" triggered "CTs_Win" (CT "8") (T "13")
L 09/06/2019 - 12:37:02: World triggered "Round_End"
L 09/06/2019 - 12:37:07: "Gho$T<14><VALVE_ID_LAN><TERRORIST>" triggered "Spawned_With_The_Bomb"
L 09/06/2019 - 12:37:07: World triggered "Round_Start"
L 09/06/2019 - 12:37:09: "Gho$T<14><VALVE_ID_LAN><TERRORIST>" say_team "que foi ho,mi"
L 09/06/2019 - 12:37:11: "Ciclops<16><VALVE_ID_LAN><TERRORIST>" killed "INDIO de ferias<13><VALVE_ID_LAN><CT>" with "sg552"
L 09/06/2019 - 12:37:11: "CEIFADOR<5><VALVE_ID_LOOPBACK><TERRORIST>" killed "XXBOT Moe<21><BOT><CT>" with "xm1014"
L 09/06/2019 - 12:37:14: "Jack<20><VALVE_ID_LAN><CT>" killed "Smolder<9><VALVE_ID_LAN><TERRORIST>" with "m4a1"
L 09/06/2019 - 12:37:14: "Ciclops<16><VALVE_ID_LAN><TERRORIST>" killed "DareDevil<8><VALVE_ID_LAN><CT>" with "sg552"
L 09/06/2019 - 12:37:15: "CEIFADOR<5><VALVE_ID_LOOPBACK><TERRORIST>" killed "Cap Billy<6><VALVE_ID_LAN><CT>" with "xm1014"
L 09/06/2019 - 12:37:16: "Gho$T<14><VALVE_ID_LAN><TERRORIST>" killed "Jack<20><VALVE_ID_LAN><CT>" with "mac10"
L 09/06/2019 - 12:37:16: Team "TERRORIST" triggered "Terrorists_Win" (CT "8") (T "14")
L 09/06/2019 - 12:37:16: World triggered "Round_End"
L 09/06/2019 - 12:37:17: "Gho$T<14><VALVE_ID_LAN><TERRORIST>" killed "Ciclops<16><VALVE_ID_LAN><TERRORIST>" with "mac10"
L 09/06/2019 - 12:37:21: "Kratos-away<7><VALVE_ID_LAN><TERRORIST>" say_team "fiquemmais"
L 09/06/2019 - 12:37:21: "Ciclops<16><VALVE_ID_LAN><TERRORIST>" triggered "Spawned_With_The_Bomb"
L 09/06/2019 - 12:37:21: World triggered "Round_Start"
L 09/06/2019 - 12:37:21: "Gho$T<14><VALVE_ID_LAN><TERRORIST>" committed suicide with "world"
L 09/06/2019 - 12:37:23: "Jack<20><VALVE_ID_LAN><CT>" say "kk"
L 09/06/2019 - 12:37:23: "XXBOT Moe<21><BOT><CT>" killed "CEIFADOR<5><VALVE_ID_LOOPBACK><TERRORIST>" with "usp"
L 09/06/2019 - 12:37:28: "Kratos-away<7><VALVE_ID_LAN><TERRORIST>" killed "XXBOT Moe<21><BOT><CT>" with "tmp"
L 09/06/2019 - 12:37:29: "Jack<20><VALVE_ID_LAN><CT>" killed "Ciclops<16><VALVE_ID_LAN><TERRORIST>" with "m4a1"
L 09/06/2019 - 12:37:29: "Ciclops<16><VALVE_ID_LAN><TERRORIST>" triggered "Dropped_The_Bomb"
L 09/06/2019 - 12:37:33: "DareDevil<8><VALVE_ID_LAN><CT>" killed "Kratos-away<7><VALVE_ID_LAN><TERRORIST>" with "mac10"
L 09/06/2019 - 12:37:36: "Smolder<9><VALVE_ID_LAN><TERRORIST>" killed "Cap Billy<6><VALVE_ID_LAN><CT>" with "aug"
L 09/06/2019 - 12:37:37: "INDIO de ferias<13><VALVE_ID_LAN><CT>" killed "Smolder<9><VALVE_ID_LAN><TERRORIST>" with "aug"
L 09/06/2019 - 12:37:37: Team "CT" triggered "CTs_Win" (CT "9") (T "14")
L 09/06/2019 - 12:37:37: World triggered "Round_End"
L 09/06/2019 - 12:37:37: "Kratos-away<7><VALVE_ID_LAN><TERRORIST>" say_team "fiquem mais" (dead)
L 09/06/2019 - 12:37:42: "CEIFADOR<5><VALVE_ID_LOOPBACK><TERRORIST>" triggered "Spawned_With_The_Bomb"
L 09/06/2019 - 12:37:42: World triggered "Round_Start"
L 09/06/2019 - 12:37:45: "DareDevil<8><VALVE_ID_LAN><CT>" killed "Smolder<9><VALVE_ID_LAN><TERRORIST>" with "grenade"
L 09/06/2019 - 12:37:46: "INDIO de ferias<13><VALVE_ID_LAN><CT>" killed "Kratos-away<7><VALVE_ID_LAN><TERRORIST>" with "aug"
L 09/06/2019 - 12:37:49: "Cap Billy<6><VALVE_ID_LAN><CT>" killed "Gho$T<14><VALVE_ID_LAN><TERRORIST>" with "m4a1"
L 09/06/2019 - 12:37:50: "Cap Billy<6><VALVE_ID_LAN><CT>" killed "Ciclops<16><VALVE_ID_LAN><TERRORIST>" with "m4a1"
L 09/06/2019 - 12:37:51: "CEIFADOR<5><VALVE_ID_LOOPBACK><TERRORIST>" killed "Cap Billy<6><VALVE_ID_LAN><CT>" with "xm1014"
L 09/06/2019 - 12:37:52: "DareDevil<8><VALVE_ID_LAN><CT>" killed "CEIFADOR<5><VALVE_ID_LOOPBACK><TERRORIST>" with "mp5navy"
L 09/06/2019 - 12:37:52: Team "CT" triggered "CTs_Win" (CT "10") (T "14")
L 09/06/2019 - 12:37:52: World triggered "Round_End"
L 09/06/2019 - 12:37:54: "Gho$T<14><VALVE_ID_LAN><TERRORIST>" say_team "se fiocarmos morremos" (dead)
L 09/06/2019 - 12:37:56: "Cap Billy<6><VALVE_ID_LAN><CT>" say_team "BORA REAGIR!!!" (dead)
L 09/06/2019 - 12:37:56: "Kratos-away<7><VALVE_ID_LAN><TERRORIST>" say_team "deu certo nao kkkk" (dead)
L 09/06/2019 - 12:37:57: "Kratos-away<7><VALVE_ID_LAN><TERRORIST>" triggered "Spawned_With_The_Bomb"
L 09/06/2019 - 12:37:57: World triggered "Round_Start"
L 09/06/2019 - 12:38:01: "DareDevil<8><VALVE_ID_LAN><CT>" killed "Ciclops<16><VALVE_ID_LAN><TERRORIST>" with "mp5navy"
L 09/06/2019 - 12:38:03: "Jack<20><VALVE_ID_LAN><CT>" killed "Kratos-away<7><VALVE_ID_LAN><TERRORIST>" with "m4a1"
L 09/06/2019 - 12:38:03: "Kratos-away<7><VALVE_ID_LAN><TERRORIST>" triggered "Dropped_The_Bomb"
L 09/06/2019 - 12:38:04: "Gho$T<14><VALVE_ID_LAN><TERRORIST>" killed "Jack<20><VALVE_ID_LAN><CT>" with "glock18"
L 09/06/2019 - 12:38:04: "Gho$T<14><VALVE_ID_LAN><TERRORIST>" triggered "Got_The_Bomb"
L 09/06/2019 - 12:38:05: "INDIO de ferias<13><VALVE_ID_LAN><CT>" killed "CEIFADOR<5><VALVE_ID_LOOPBACK><TERRORIST>" with "aug"
L 09/06/2019 - 12:38:06: "Smolder<9><VALVE_ID_LAN><TERRORIST>" killed "Cap Billy<6><VALVE_ID_LAN><CT>" with "ak47"
L 09/06/2019 - 12:38:06: "DareDevil<8><VALVE_ID_LAN><CT>" killed "Smolder<9><VALVE_ID_LAN><TERRORIST>" with "mp5navy"
L 09/06/2019 - 12:38:07: "XXBOT Moe<21><BOT><CT>" killed "Gho$T<14><VALVE_ID_LAN><TERRORIST>" with "usp"
L 09/06/2019 - 12:38:07: Team "CT" triggered "CTs_Win" (CT "11") (T "14")
L 09/06/2019 - 12:38:07: World triggered "Round_End"
L 09/06/2019 - 12:38:10: "Cap Billy<6><VALVE_ID_LAN><CT>" say_team "ISSSOOOOO" (dead)
L 09/06/2019 - 12:38:12: "Smolder<9><VALVE_ID_LAN><TERRORIST>" triggered "Spawned_With_The_Bomb"
L 09/06/2019 - 12:38:12: World triggered "Round_Start"
L 09/06/2019 - 12:38:13: "Gho$T<14><VALVE_ID_LAN><TERRORIST>" say_team "mapa"
L 09/06/2019 - 12:38:14: "DareDevil<8><VALVE_ID_LAN><CT>" killed "Gho$T<14><VALVE_ID_LAN><TERRORIST>" with "mp5navy"
L 09/06/2019 - 12:38:15: "Ciclops<16><VALVE_ID_LAN><TERRORIST>" killed "DareDevil<8><VALVE_ID_LAN><CT>" with "glock18"
L 09/06/2019 - 12:38:16: "Cap Billy<6><VALVE_ID_LAN><CT>" killed "Ciclops<16><VALVE_ID_LAN><TERRORIST>" with "sg552"
L 09/06/2019 - 12:38:16: "INDIO de ferias<13><VALVE_ID_LAN><CT>" killed "Smolder<9><VALVE_ID_LAN><TERRORIST>" with "aug"
L 09/06/2019 - 12:38:16: "Smolder<9><VALVE_ID_LAN><TERRORIST>" triggered "Dropped_The_Bomb"
L 09/06/2019 - 12:38:16: "Kratos-away<7><VALVE_ID_LAN><TERRORIST>" killed "INDIO de ferias<13><VALVE_ID_LAN><CT>" with "mp5navy"
L 09/06/2019 - 12:38:17: "Kratos-away<7><VALVE_ID_LAN><TERRORIST>" killed "XXBOT Moe<21><BOT><CT>" with "mp5navy"
L 09/06/2019 - 12:38:18: "Cap Billy<6><VALVE_ID_LAN><CT>" killed "Kratos-away<7><VALVE_ID_LAN><TERRORIST>" with "sg552"
L 09/06/2019 - 12:38:20: Server cvar "amx_nextmap" = "aim_map_usp"
L 09/06/2019 - 12:38:21: "Cap Billy<6><VALVE_ID_LAN><CT>" killed "CEIFADOR<5><VALVE_ID_LOOPBACK><TERRORIST>" with "sg552"
L 09/06/2019 - 12:38:21: Team "CT" triggered "CTs_Win" (CT "12") (T "14")
L 09/06/2019 - 12:38:21: World triggered "Round_End"
L 09/06/2019 - 12:38:25: "Kratos-away<7><VALVE_ID_LAN><TERRORIST>" say_team "bora povo" (dead)
L 09/06/2019 - 12:38:26: "Gho$T<14><VALVE_ID_LAN><TERRORIST>" triggered "Spawned_With_The_Bomb"
L 09/06/2019 - 12:38:26: World triggered "Round_Start"
L 09/06/2019 - 12:38:27: "@te<22><VALVE_ID_LAN><>" connected, address "10.15.2.86:27005"
L 09/06/2019 - 12:38:31: "CEIFADOR<5><VALVE_ID_LOOPBACK><TERRORIST>" killed "DareDevil<8><VALVE_ID_LAN><CT>" with "m3"
L 09/06/2019 - 12:38:31: "INDIO de ferias<13><VALVE_ID_LAN><CT>" killed "CEIFADOR<5><VALVE_ID_LOOPBACK><TERRORIST>" with "aug"
L 09/06/2019 - 12:38:33: "Gho$T<14><VALVE_ID_LAN><TERRORIST>" killed "INDIO de ferias<13><VALVE_ID_LAN><CT>" with "mp5navy"
L 09/06/2019 - 12:38:33: "Cap Billy<6><VALVE_ID_LAN><CT>" killed "Kratos-away<7><VALVE_ID_LAN><TERRORIST>" with "sg552"
L 09/06/2019 - 12:38:35: "XXBOT Moe<21><BOT><CT>" killed "Gho$T<14><VALVE_ID_LAN><TERRORIST>" with "usp"
L 09/06/2019 - 12:38:35: "Gho$T<14><VALVE_ID_LAN><TERRORIST>" triggered "Dropped_The_Bomb"
L 09/06/2019 - 12:38:40: "@te<22><VALVE_ID_LAN><>" entered the game
L 09/06/2019 - 12:38:41: "Jack<20><VALVE_ID_LAN><CT>" killed "Smolder<9><VALVE_ID_LAN><TERRORIST>" with "m4a1"
L 09/06/2019 - 12:38:45: "@te<22><VALVE_ID_LAN><>" joined team "CT"
L 09/06/2019 - 12:38:47: "XXBOT Moe<21><BOT><CT>" killed "Ciclops<16><VALVE_ID_LAN><TERRORIST>" with "mp5navy"
L 09/06/2019 - 12:38:47: Team "CT" triggered "CTs_Win" (CT "13") (T "14")
L 09/06/2019 - 12:38:47: World triggered "Round_End"
L 09/06/2019 - 12:38:49: "Kratos-away<7><VALVE_ID_LAN><TERRORIST>" say "tira o bot" (dead)
L 09/06/2019 - 12:38:50: "Gho$T<14><VALVE_ID_LAN><TERRORIST>" say_team "mapa" (dead)
L 09/06/2019 - 12:38:52: "Ciclops<16><VALVE_ID_LAN><TERRORIST>" triggered "Spawned_With_The_Bomb"
L 09/06/2019 - 12:38:52: World triggered "Round_Start"
L 09/06/2019 - 12:38:57: Server cvar "bot_quota" = "0"
L 09/06/2019 - 12:38:57: Kick: "XXBOT Moe<21><UNKNOWN><>" was kicked by "CEIFADOR"
L 09/06/2019 - 12:38:57: "XXBOT Moe<21><BOT><CT>" disconnected
L 09/06/2019 - 12:38:57: "Gho$T<14><VALVE_ID_LAN><TERRORIST>" killed "Cap Billy<6><VALVE_ID_LAN><CT>" with "glock18"
L 09/06/2019 - 12:39:02: "INDIO de ferias<13><VALVE_ID_LAN><CT>" killed "Gho$T<14><VALVE_ID_LAN><TERRORIST>" with "sg552"
L 09/06/2019 - 12:39:02: "Ciclops<16><VALVE_ID_LAN><TERRORIST>" killed "INDIO de ferias<13><VALVE_ID_LAN><CT>" with "sg552"
L 09/06/2019 - 12:39:03: "Kratos-away<7><VALVE_ID_LAN><TERRORIST>" killed "DareDevil<8><VALVE_ID_LAN><CT>" with "xm1014"
L 09/06/2019 - 12:39:03: "Jack<20><VALVE_ID_LAN><CT>" killed "CEIFADOR<5><VALVE_ID_LOOPBACK><TERRORIST>" with "m4a1"
L 09/06/2019 - 12:39:04: "@te<22><VALVE_ID_LAN><CT>" killed "Kratos-away<7><VALVE_ID_LAN><TERRORIST>" with "ak47"
L 09/06/2019 - 12:39:08: "Smolder<9><VALVE_ID_LAN><TERRORIST>" killed "@te<22><VALVE_ID_LAN><CT>" with "ak47"
L 09/06/2019 - 12:39:15: "DareDevil<8><VALVE_ID_LAN><CT>" say_team "vai jack" (dead)
L 09/06/2019 - 12:39:18: "DareDevil<8><VALVE_ID_LAN><CT>" say_team "vai jack" (dead)
L 09/06/2019 - 12:39:22: "Jack<20><VALVE_ID_LAN><CT>" killed "Smolder<9><VALVE_ID_LAN><TERRORIST>" with "m4a1"
L 09/06/2019 - 12:39:22: "INDIO de ferias<13><VALVE_ID_LAN><CT>" say_team "porra asai jak" (dead)
L 09/06/2019 - 12:39:24: "Kratos-away<7><VALVE_ID_LAN><TERRORIST>" say "smolder descarregou a arma e o colega nao ajudou" (dead)
L 09/06/2019 - 12:39:26: "Ciclops<16><VALVE_ID_LAN><TERRORIST>" killed "Jack<20><VALVE_ID_LAN><CT>" with "sg552"
L 09/06/2019 - 12:39:26: Team "TERRORIST" triggered "Terrorists_Win" (CT "13") (T "15")
L 09/06/2019 - 12:39:26: World triggered "Round_End"
L 09/06/2019 - 12:39:28: "Gho$T<14><VALVE_ID_LAN><TERRORIST>" say "kkkkkk" (dead)
L 09/06/2019 - 12:39:31: "CEIFADOR<5><VALVE_ID_LOOPBACK><TERRORIST>" triggered "Spawned_With_The_Bomb"
L 09/06/2019 - 12:39:31: World triggered "Round_Start"
L 09/06/2019 - 12:39:35: "Gho$T<14><VALVE_ID_LAN><TERRORIST>" killed "Cap Billy<6><VALVE_ID_LAN><CT>" with "xm1014"
L 09/06/2019 - 12:39:36: "Gho$T<14><VALVE_ID_LAN><TERRORIST>" killed "Jack<20><VALVE_ID_LAN><CT>" with "xm1014"
L 09/06/2019 - 12:39:40: "DareDevil<8><VALVE_ID_LAN><CT>" killed "Ciclops<16><VALVE_ID_LAN><TERRORIST>" with "xm1014"
L 09/06/2019 - 12:39:40: "Smolder<9><VALVE_ID_LAN><TERRORIST>" killed "DareDevil<8><VALVE_ID_LAN><CT>" with "aug"
L 09/06/2019 - 12:39:41: "@te<22><VALVE_ID_LAN><CT>" killed "CEIFADOR<5><VALVE_ID_LOOPBACK><TERRORIST>" with "mp5navy"
L 09/06/2019 - 12:39:41: "CEIFADOR<5><VALVE_ID_LOOPBACK><TERRORIST>" triggered "Dropped_The_Bomb"
L 09/06/2019 - 12:39:41: "Gho$T<14><VALVE_ID_LAN><TERRORIST>" killed "@te<22><VALVE_ID_LAN><CT>" with "knife"
L 09/06/2019 - 12:39:41: "Cap Billy<6><VALVE_ID_LAN><CT>" say_team "po" (dead)
L 09/06/2019 - 12:39:42: "INDIO de ferias<13><VALVE_ID_LAN><CT>" killed "Kratos-away<7><VALVE_ID_LAN><TERRORIST>" with "m4a1"
L 09/06/2019 - 12:39:50: "INDIO de ferias<13><VALVE_ID_LAN><CT>" killed "Gho$T<14><VALVE_ID_LAN><TERRORIST>" with "m4a1"
L 09/06/2019 - 12:39:52: "Kratos-away<7><VALVE_ID_LAN><TERRORIST>" say "ceifador sai da minha cola kkkkkk" (dead)
L 09/06/2019 - 12:39:55: "Gho$T<14><VALVE_ID_LAN><TERRORIST>" say "kkkkkk" (dead)
L 09/06/2019 - 12:39:59: "Jack<20><VALVE_ID_LAN><CT>" say "covardes" (dead)
L 09/06/2019 - 12:40:03: Team "CT" scored "13" with "5" players
L 09/06/2019 - 12:40:03: Team "TERRORIST" scored "15" with "5" players
L 09/06/2019 - 12:40:06: "CEIFADOR<5><VALVE_ID_LOOPBACK><TERRORIST>" triggered "weaponstats" (weapon "grenade") (shots "4") (hits "5") (kills "0") (headshots "0") (tks "0") (damage "251") (deaths "1")
L 09/06/2019 - 12:40:06: "CEIFADOR<5><VALVE_ID_LOOPBACK><TERRORIST>" triggered "weaponstats2" (weapon "grenade") (head "0") (chest "0") (stomach "0") (leftarm "0") (rightarm "0") (leftleg "0") (rightleg "0")
L 09/06/2019 - 12:40:06: "CEIFADOR<5><VALVE_ID_LOOPBACK><TERRORIST>" triggered "weaponstats" (weapon "xm1014") (shots "18") (hits "11") (kills "3") (headshots "0") (tks "0") (damage "637") (deaths "3")
L 09/06/2019 - 12:40:06: "CEIFADOR<5><VALVE_ID_LOOPBACK><TERRORIST>" triggered "weaponstats2" (weapon "xm1014") (head "0") (chest "0") (stomach "0") (leftarm "4") (rightarm "3") (leftleg "3") (rightleg "1")
L 09/06/2019 - 12:40:06: "CEIFADOR<5><VALVE_ID_LOOPBACK><TERRORIST>" triggered "weaponstats" (weapon "aug") (shots "14") (hits "2") (kills "0") (headshots "0") (tks "0") (damage "25") (deaths "1")
L 09/06/2019 - 12:40:06: "CEIFADOR<5><VALVE_ID_LOOPBACK><TERRORIST>" triggered "weaponstats2" (weapon "aug") (head "0") (chest "0") (stomach "0") (leftarm "1") (rightarm "0") (leftleg "0") (rightleg "1")
L 09/06/2019 - 12:40:06: "CEIFADOR<5><VALVE_ID_LOOPBACK><TERRORIST>" triggered "weaponstats" (weapon "glock18") (shots "1") (hits "0") (kills "0") (headshots "0") (tks "0") (damage "0") (deaths "1")
L 09/06/2019 - 12:40:06: "CEIFADOR<5><VALVE_ID_LOOPBACK><TERRORIST>" triggered "weaponstats2" (weapon "glock18") (head "0") (chest "0") (stomach "0") (leftarm "0") (rightarm "0") (leftleg "0") (rightleg "0")
L 09/06/2019 - 12:40:06: "CEIFADOR<5><VALVE_ID_LOOPBACK><TERRORIST>" triggered "weaponstats" (weapon "mp5navy") (shots "357") (hits "67") (kills "19") (headshots "11") (tks "0") (damage "2159") (deaths "8")
L 09/06/2019 - 12:40:06: "CEIFADOR<5><VALVE_ID_LOOPBACK><TERRORIST>" triggered "weaponstats2" (weapon "mp5navy") (head "12") (chest "8") (stomach "10") (leftarm "14") (rightarm "8") (leftleg "4") (rightleg "11")
L 09/06/2019 - 12:40:06: "CEIFADOR<5><VALVE_ID_LOOPBACK><TERRORIST>" triggered "weaponstats" (weapon "m3") (shots "2") (hits "2") (kills "1") (headshots "0") (tks "0") (damage "241") (deaths "2")
L 09/06/2019 - 12:40:06: "CEIFADOR<5><VALVE_ID_LOOPBACK><TERRORIST>" triggered "weaponstats2" (weapon "m3") (head "0") (chest "0") (stomach "1") (leftarm "0") (rightarm "0") (leftleg "0") (rightleg "1")
L 09/06/2019 - 12:40:06: "CEIFADOR<5><VALVE_ID_LOOPBACK><TERRORIST>" triggered "weaponstats" (weapon "sg552") (shots "26") (hits "7") (kills "2") (headshots "0") (tks "0") (damage "223") (deaths "2")
L 09/06/2019 - 12:40:06: "CEIFADOR<5><VALVE_ID_LOOPBACK><TERRORIST>" triggered "weaponstats2" (weapon "sg552") (head "0") (chest "2") (stomach "1") (leftarm "4") (rightarm "0") (leftleg "0") (rightleg "0")
L 09/06/2019 - 12:40:06: "CEIFADOR<5><VALVE_ID_LOOPBACK><TERRORIST>" triggered "weaponstats" (weapon "ak47") (shots "44") (hits "4") (kills "0") (headshots "0") (tks "0") (damage "129") (deaths "2")
L 09/06/2019 - 12:40:06: "CEIFADOR<5><VALVE_ID_LOOPBACK><TERRORIST>" triggered "weaponstats2" (weapon "ak47") (head "0") (chest "0") (stomach "1") (leftarm "0") (rightarm "1") (leftleg "2") (rightleg "0")
L 09/06/2019 - 12:40:06: "CEIFADOR<5><VALVE_ID_LOOPBACK><TERRORIST>" triggered "weaponstats" (weapon "knife") (shots "1") (hits "0") (kills "0") (headshots "0") (tks "0") (damage "0") (deaths "0")
L 09/06/2019 - 12:40:06: "CEIFADOR<5><VALVE_ID_LOOPBACK><TERRORIST>" triggered "weaponstats2" (weapon "knife") (head "0") (chest "0") (stomach "0") (leftarm "0") (rightarm "0") (leftleg "0") (rightleg "0")
L 09/06/2019 - 12:40:06: "CEIFADOR<5><VALVE_ID_LOOPBACK><TERRORIST>" triggered "time" (time "10:16")
L 09/06/2019 - 12:40:06: "CEIFADOR<5><VALVE_ID_LOOPBACK><TERRORIST>" triggered "latency" (ping "0")
L 09/06/2019 - 12:40:06: "Cap Billy<6><VALVE_ID_LAN><CT>" triggered "weaponstats" (weapon "grenade") (shots "3") (hits "4") (kills "0") (headshots "0") (tks "0") (damage "129") (deaths "0")
L 09/06/2019 - 12:40:06: "Cap Billy<6><VALVE_ID_LAN><CT>" triggered "weaponstats2" (weapon "grenade") (head "0") (chest "0") (stomach "0") (leftarm "0") (rightarm "0") (leftleg "0") (rightleg "0")
L 09/06/2019 - 12:40:06: "Cap Billy<6><VALVE_ID_LAN><CT>" triggered "weaponstats" (weapon "xm1014") (shots "5") (hits "2") (kills "0") (headshots "0") (tks "0") (damage "161") (deaths "2")
L 09/06/2019 - 12:40:06: "Cap Billy<6><VALVE_ID_LAN><CT>" triggered "weaponstats2" (weapon "xm1014") (head "0") (chest "1") (stomach "0") (leftarm "0") (rightarm "0") (leftleg "1") (rightleg "0")
L 09/06/2019 - 12:40:06: "Cap Billy<6><VALVE_ID_LAN><CT>" triggered "weaponstats" (weapon "mac10") (shots "12") (hits "2") (kills "0") (headshots "0") (tks "0") (damage "56") (deaths "2")
L 09/06/2019 - 12:40:06: "Cap Billy<6><VALVE_ID_LAN><CT>" triggered "weaponstats2" (weapon "mac10") (head "0") (chest "0") (stomach "1") (leftarm "0") (rightarm "1") (leftleg "0") (rightleg "0")
L 09/06/2019 - 12:40:06: "Cap Billy<6><VALVE_ID_LAN><CT>" triggered "weaponstats" (weapon "usp") (shots "14") (hits "2") (kills "0") (headshots "0") (tks "0") (damage "56") (deaths "2")
L 09/06/2019 - 12:40:06: "Cap Billy<6><VALVE_ID_LAN><CT>" triggered "weaponstats2" (weapon "usp") (head "0") (chest "1") (stomach "0") (leftarm "0") (rightarm "1") (leftleg "0") (rightleg "0")
L 09/06/2019 - 12:40:06: "Cap Billy<6><VALVE_ID_LAN><CT>" triggered "weaponstats" (weapon "awp") (shots "4") (hits "2") (kills "1") (headshots "0") (tks "0") (damage "141") (deaths "0")
L 09/06/2019 - 12:40:06: "Cap Billy<6><VALVE_ID_LAN><CT>" triggered "weaponstats2" (weapon "awp") (head "0") (chest "1") (stomach "0") (leftarm "0") (rightarm "1") (leftleg "0") (rightleg "0")
L 09/06/2019 - 12:40:06: "Cap Billy<6><VALVE_ID_LAN><CT>" triggered "weaponstats" (weapon "mp5navy") (shots "38") (hits "11") (kills "1") (headshots "0") (tks "0") (damage "248") (deaths "3")
L 09/06/2019 - 12:40:06: "Cap Billy<6><VALVE_ID_LAN><CT>" triggered "weaponstats2" (weapon "mp5navy") (head "0") (chest "2") (stomach "1") (leftarm "1") (rightarm "7") (leftleg "0") (rightleg "0")
L 09/06/2019 - 12:40:06: "Cap Billy<6><VALVE_ID_LAN><CT>" triggered "weaponstats" (weapon "m4a1") (shots "20") (hits "5") (kills "2") (headshots "2") (tks "0") (damage "330") (deaths "2")
L 09/06/2019 - 12:40:06: "Cap Billy<6><VALVE_ID_LAN><CT>" triggered "weaponstats2" (weapon "m4a1") (head "2") (chest "0") (stomach "0") (leftarm "2") (rightarm "1") (leftleg "0") (rightleg "0")
L 09/06/2019 - 12:40:06: "Cap Billy<6><VALVE_ID_LAN><CT>" triggered "weaponstats" (weapon "sg552") (shots "98") (hits "28") (kills "9") (headshots "3") (tks "0") (damage "1043") (deaths "6")
L 09/06/2019 - 12:40:06: "Cap Billy<6><VALVE_ID_LAN><CT>" triggered "weaponstats2" (weapon "sg552") (head "3") (chest "3") (stomach "1") (leftarm "14") (rightarm "2") (leftleg "1") (rightleg "4")
L 09/06/2019 - 12:40:06: "Cap Billy<6><VALVE_ID_LAN><CT>" triggered "weaponstats" (weapon "ak47") (shots "152") (hits "23") (kills "10") (headshots "5") (tks "0") (damage "1277") (deaths "7")
L 09/06/2019 - 12:40:06: "Cap Billy<6><VALVE_ID_LAN><CT>" triggered "weaponstats2" (weapon "ak47") (head "5") (chest "9") (stomach "1") (leftarm "4") (rightarm "3") (leftleg "0") (rightleg "1")
L 09/06/2019 - 12:40:06: "Cap Billy<6><VALVE_ID_LAN><CT>" triggered "weaponstats" (weapon "knife") (shots "2") (hits "0") (kills "0") (headshots "0") (tks "0") (damage "0") (deaths "2")
L 09/06/2019 - 12:40:06: "Cap Billy<6><VALVE_ID_LAN><CT>" triggered "weaponstats2" (weapon "knife") (head "0") (chest "0") (stomach "0") (leftarm "0") (rightarm "0") (leftleg "0") (rightleg "0")
L 09/06/2019 - 12:40:06: "Cap Billy<6><VALVE_ID_LAN><CT>" triggered "time" (time "10:12")
L 09/06/2019 - 12:40:06: "Cap Billy<6><VALVE_ID_LAN><CT>" triggered "latency" (ping "13")
L 09/06/2019 - 12:40:06: "Kratos-away<7><VALVE_ID_LAN><TERRORIST>" triggered "weaponstats" (weapon "grenade") (shots "7") (hits "7") (kills "0") (headshots "0") (tks "0") (damage "205") (deaths "0")
L 09/06/2019 - 12:40:06: "Kratos-away<7><VALVE_ID_LAN><TERRORIST>" triggered "weaponstats2" (weapon "grenade") (head "0") (chest "0") (stomach "0") (leftarm "0") (rightarm "0") (leftleg "0") (rightleg "0")
L 09/06/2019 - 12:40:06: "Kratos-away<7><VALVE_ID_LAN><TERRORIST>" triggered "weaponstats" (weapon "xm1014") (shots "16") (hits "6") (kills "2") (headshots "1") (tks "0") (damage "482") (deaths "3")
L 09/06/2019 - 12:40:06: "Kratos-away<7><VALVE_ID_LAN><TERRORIST>" triggered "weaponstats2" (weapon "xm1014") (head "1") (chest "0") (stomach "0") (leftarm "4") (rightarm "0") (leftleg "1") (rightleg "0")
L 09/06/2019 - 12:40:06: "Kratos-away<7><VALVE_ID_LAN><TERRORIST>" triggered "weaponstats" (weapon "mac10") (shots "6") (hits "3") (kills "0") (headshots "0") (tks "0") (damage "82") (deaths "1")
L 09/06/2019 - 12:40:06: "Kratos-away<7><VALVE_ID_LAN><TERRORIST>" triggered "weaponstats2" (weapon "mac10") (head "0") (chest "2") (stomach "0") (leftarm "1") (rightarm "0") (leftleg "0") (rightleg "0")
L 09/06/2019 - 12:40:06: "Kratos-away<7><VALVE_ID_LAN><TERRORIST>" triggered "weaponstats" (weapon "aug") (shots "9") (hits "4") (kills "1") (headshots "1") (tks "0") (damage "212") (deaths "1")
L 09/06/2019 - 12:40:06: "Kratos-away<7><VALVE_ID_LAN><TERRORIST>" triggered "weaponstats2" (weapon "aug") (head "1") (chest "2") (stomach "0") (leftarm "1") (rightarm "0") (leftleg "0") (rightleg "0")
L 09/06/2019 - 12:40:06: "Kratos-away<7><VALVE_ID_LAN><TERRORIST>" triggered "weaponstats" (weapon "glock18") (shots "6") (hits "2") (kills "0") (headshots "0") (tks "0") (damage "48") (deaths "1")
L 09/06/2019 - 12:40:06: "Kratos-away<7><VALVE_ID_LAN><TERRORIST>" triggered "weaponstats2" (weapon "glock18") (head "0") (chest "0") (stomach "0") (leftarm "1") (rightarm "1") (leftleg "0") (rightleg "0")
L 09/06/2019 - 12:40:06: "Kratos-away<7><VALVE_ID_LAN><TERRORIST>" triggered "weaponstats" (weapon "mp5navy") (shots "40") (hits "12") (kills "2") (headshots "1") (tks "0") (damage "234") (deaths "2")
L 09/06/2019 - 12:40:06: "Kratos-away<7><VALVE_ID_LAN><TERRORIST>" triggered "weaponstats2" (weapon "mp5navy") (head "1") (chest "3") (stomach "2") (leftarm "2") (rightarm "3") (leftleg "1") (rightleg "0")
L 09/06/2019 - 12:40:06: "Kratos-away<7><VALVE_ID_LAN><TERRORIST>" triggered "weaponstats" (weapon "m4a1") (shots "27") (hits "9") (kills "3") (headshots "1") (tks "0") (damage "357") (deaths "1")
L 09/06/2019 - 12:40:06: "Kratos-away<7><VALVE_ID_LAN><TERRORIST>" triggered "weaponstats2" (weapon "m4a1") (head "1") (chest "1") (stomach "1") (leftarm "5") (rightarm "1") (leftleg "0") (rightleg "0")
L 09/06/2019 - 12:40:06: "Kratos-away<7><VALVE_ID_LAN><TERRORIST>" triggered "weaponstats" (weapon "tmp") (shots "187") (hits "44") (kills "9") (headshots "1") (tks "0") (damage "869") (deaths "7")
L 09/06/2019 - 12:40:06: "Kratos-away<7><VALVE_ID_LAN><TERRORIST>" triggered "weaponstats2" (weapon "tmp") (head "1") (chest "12") (stomach "7") (leftarm "12") (rightarm "9") (leftleg "2") (rightleg "1")
L 09/06/2019 - 12:40:06: "Kratos-away<7><VALVE_ID_LAN><TERRORIST>" triggered "weaponstats" (weapon "g3sg1") (shots "1") (hits "0") (kills "0") (headshots "0") (tks "0") (damage "0") (deaths "0")
L 09/06/2019 - 12:40:06: "Kratos-away<7><VALVE_ID_LAN><TERRORIST>" triggered "weaponstats2" (weapon "g3sg1") (head "0") (chest "0") (stomach "0") (leftarm "0") (rightarm "0") (leftleg "0") (rightleg "0")
L 09/06/2019 - 12:40:06: "Kratos-away<7><VALVE_ID_LAN><TERRORIST>" triggered "weaponstats" (weapon "sg552") (shots "34") (hits "6") (kills "2") (headshots "0") (tks "0") (damage "178") (deaths "2")
L 09/06/2019 - 12:40:06: "Kratos-away<7><VALVE_ID_LAN><TERRORIST>" triggered "weaponstats2" (weapon "sg552") (head "1") (chest "1") (stomach "1") (leftarm "3") (rightarm "0") (leftleg "0") (rightleg "0")
L 09/06/2019 - 12:40:06: "Kratos-away<7><VALVE_ID_LAN><TERRORIST>" triggered "weaponstats" (weapon "knife") (shots "3") (hits "2") (kills "1") (headshots "1") (tks "0") (damage "130") (deaths "2")
L 09/06/2019 - 12:40:06: "Kratos-away<7><VALVE_ID_LAN><TERRORIST>" triggered "weaponstats2" (weapon "knife") (head "1") (chest "1") (stomach "0") (leftarm "0") (rightarm "0") (leftleg "0") (rightleg "0")
L 09/06/2019 - 12:40:06: "Kratos-away<7><VALVE_ID_LAN><TERRORIST>" triggered "time" (time "10:01")
L 09/06/2019 - 12:40:06: "Kratos-away<7><VALVE_ID_LAN><TERRORIST>" triggered "latency" (ping "132")
L 09/06/2019 - 12:40:06: "DareDevil<8><VALVE_ID_LAN><CT>" triggered "weaponstats" (weapon "grenade") (shots "4") (hits "8") (kills "1") (headshots "0") (tks "0") (damage "249") (deaths "0")
L 09/06/2019 - 12:40:06: "DareDevil<8><VALVE_ID_LAN><CT>" triggered "weaponstats2" (weapon "grenade") (head "0") (chest "0") (stomach "0") (leftarm "0") (rightarm "0") (leftleg "0") (rightleg "0")
L 09/06/2019 - 12:40:06: "DareDevil<8><VALVE_ID_LAN><CT>" triggered "weaponstats" (weapon "xm1014") (shots "17") (hits "6") (kills "1") (headshots "0") (tks "0") (damage "233") (deaths "5")
L 09/06/2019 - 12:40:06: "DareDevil<8><VALVE_ID_LAN><CT>" triggered "weaponstats2" (weapon "xm1014") (head "1") (chest "0") (stomach "1") (leftarm "0") (rightarm "1") (leftleg "1") (rightleg "2")
L 09/06/2019 - 12:40:06: "DareDevil<8><VALVE_ID_LAN><CT>" triggered "weaponstats" (weapon "mac10") (shots "26") (hits "5") (kills "2") (headshots "1") (tks "0") (damage "200") (deaths "3")
L 09/06/2019 - 12:40:06: "DareDevil<8><VALVE_ID_LAN><CT>" triggered "weaponstats2" (weapon "mac10") (head "1") (chest "2") (stomach "0") (leftarm "1") (rightarm "1") (leftleg "0") (rightleg "0")
L 09/06/2019 - 12:40:06: "DareDevil<8><VALVE_ID_LAN><CT>" triggered "weaponstats" (weapon "aug") (shots "71") (hits "11") (kills "3") (headshots "3") (tks "0") (damage "609") (deaths "2")
L 09/06/2019 - 12:40:06: "DareDevil<8><VALVE_ID_LAN><CT>" triggered "weaponstats2" (weapon "aug") (head "3") (chest "2") (stomach "1") (leftarm "2") (rightarm "1") (leftleg "1") (rightleg "1")
L 09/06/2019 - 12:40:06: "DareDevil<8><VALVE_ID_LAN><CT>" triggered "weaponstats" (weapon "usp") (shots "5") (hits "0") (kills "0") (headshots "0") (tks "0") (damage "0") (deaths "0")
L 09/06/2019 - 12:40:06: "DareDevil<8><VALVE_ID_LAN><CT>" triggered "weaponstats2" (weapon "usp") (head "0") (chest "0") (stomach "0") (leftarm "0") (rightarm "0") (leftleg "0") (rightleg "0")
L 09/06/2019 - 12:40:06: "DareDevil<8><VALVE_ID_LAN><CT>" triggered "weaponstats" (weapon "awp") (shots "8") (hits "5") (kills "4") (headshots "1") (tks "0") (damage "869") (deaths "3")
L 09/06/2019 - 12:40:06: "DareDevil<8><VALVE_ID_LAN><CT>" triggered "weaponstats2" (weapon "awp") (head "1") (chest "1") (stomach "1") (leftarm "0") (rightarm "0") (leftleg "2") (rightleg "0")
L 09/06/2019 - 12:40:06: "DareDevil<8><VALVE_ID_LAN><CT>" triggered "weaponstats" (weapon "mp5navy") (shots "52") (hits "7") (kills "4") (headshots "0") (tks "0") (damage "185") (deaths "1")
L 09/06/2019 - 12:40:06: "DareDevil<8><VALVE_ID_LAN><CT>" triggered "weaponstats2" (weapon "mp5navy") (head "0") (chest "2") (stomach "1") (leftarm "4") (rightarm "0") (leftleg "0") (rightleg "0")
L 09/06/2019 - 12:40:06: "DareDevil<8><VALVE_ID_LAN><CT>" triggered "weaponstats" (weapon "m4a1") (shots "1") (hits "0") (kills "0") (headshots "0") (tks "0") (damage "0") (deaths "1")
L 09/06/2019 - 12:40:06: "DareDevil<8><VALVE_ID_LAN><CT>" triggered "weaponstats2" (weapon "m4a1") (head "0") (chest "0") (stomach "0") (leftarm "0") (rightarm "0") (leftleg "0") (rightleg "0")
L 09/06/2019 - 12:40:06: "DareDevil<8><VALVE_ID_LAN><CT>" triggered "weaponstats" (weapon "tmp") (shots "20") (hits "2") (kills "0") (headshots "0") (tks "0") (damage "32") (deaths "2")
L 09/06/2019 - 12:40:06: "DareDevil<8><VALVE_ID_LAN><CT>" triggered "weaponstats2" (weapon "tmp") (head "0") (chest "0") (stomach "0") (leftarm "0") (rightarm "2") (leftleg "0") (rightleg "0")
L 09/06/2019 - 12:40:06: "DareDevil<8><VALVE_ID_LAN><CT>" triggered "weaponstats" (weapon "g3sg1") (shots "19") (hits "4") (kills "0") (headshots "0") (tks "0") (damage "164") (deaths "1")
L 09/06/2019 - 12:40:06: "DareDevil<8><VALVE_ID_LAN><CT>" triggered "weaponstats2" (weapon "g3sg1") (head "0") (chest "0") (stomach "0") (leftarm "0") (rightarm "1") (leftleg "3") (rightleg "0")
L 09/06/2019 - 12:40:06: "DareDevil<8><VALVE_ID_LAN><CT>" triggered "weaponstats" (weapon "sg552") (shots "27") (hits "9") (kills "4") (headshots "1") (tks "1") (damage "311") (deaths "2")
L 09/06/2019 - 12:40:06: "DareDevil<8><VALVE_ID_LAN><CT>" triggered "weaponstats2" (weapon "sg552") (head "1") (chest "4") (stomach "0") (leftarm "2") (rightarm "2") (leftleg "0") (rightleg "0")
L 09/06/2019 - 12:40:06: "DareDevil<8><VALVE_ID_LAN><CT>" triggered "weaponstats" (weapon "ak47") (shots "8") (hits "4") (kills "1") (headshots "0") (tks "0") (damage "151") (deaths "2")
L 09/06/2019 - 12:40:06: "DareDevil<8><VALVE_ID_LAN><CT>" triggered "weaponstats2" (weapon "ak47") (head "0") (chest "0") (stomach "3") (leftarm "0") (rightarm "0") (leftleg "1") (rightleg "0")
L 09/06/2019 - 12:40:06: "DareDevil<8><VALVE_ID_LAN><CT>" triggered "weaponstats" (weapon "p90") (shots "21") (hits "4") (kills "0") (headshots "0") (tks "0") (damage "72") (deaths "1")
L 09/06/2019 - 12:40:06: "DareDevil<8><VALVE_ID_LAN><CT>" triggered "weaponstats2" (weapon "p90") (head "0") (chest "0") (stomach "1") (leftarm "1") (rightarm "1") (leftleg "0") (rightleg "1")
L 09/06/2019 - 12:40:06: "DareDevil<8><VALVE_ID_LAN><CT>" triggered "time" (time "10:08")
L 09/06/2019 - 12:40:06: "DareDevil<8><VALVE_ID_LAN><CT>" triggered "latency" (ping "9")
L 09/06/2019 - 12:40:06: "Smolder<9><VALVE_ID_LAN><TERRORIST>" triggered "weaponstats" (weapon "grenade") (shots "7") (hits "7") (kills "1") (headshots "0") (tks "0") (damage "223") (deaths "1")
L 09/06/2019 - 12:40:06: "Smolder<9><VALVE_ID_LAN><TERRORIST>" triggered "weaponstats2" (weapon "grenade") (head "0") (chest "0") (stomach "0") (leftarm "0") (rightarm "0") (leftleg "0") (rightleg "0")
L 09/06/2019 - 12:40:06: "Smolder<9><VALVE_ID_LAN><TERRORIST>" triggered "weaponstats" (weapon "xm1014") (shots "16") (hits "6") (kills "2") (headshots "0") (tks "0") (damage "327") (deaths "2")
L 09/06/2019 - 12:40:06: "Smolder<9><VALVE_ID_LAN><TERRORIST>" triggered "weaponstats2" (weapon "xm1014") (head "0") (chest "0") (stomach "1") (leftarm "1") (rightarm "1") (leftleg "3") (rightleg "0")
L 09/06/2019 - 12:40:06: "Smolder<9><VALVE_ID_LAN><TERRORIST>" triggered "weaponstats" (weapon "mac10") (shots "11") (hits "1") (kills "0") (headshots "0") (tks "0") (damage "30") (deaths "1")
L 09/06/2019 - 12:40:06: "Smolder<9><VALVE_ID_LAN><TERRORIST>" triggered "weaponstats2" (weapon "mac10") (head "0") (chest "0") (stomach "0") (leftarm "1") (rightarm "0") (leftleg "0") (rightleg "0")
L 09/06/2019 - 12:40:06: "Smolder<9><VALVE_ID_LAN><TERRORIST>" triggered "weaponstats" (weapon "aug") (shots "45") (hits "9") (kills "4") (headshots "1") (tks "0") (damage "315") (deaths "2")
L 09/06/2019 - 12:40:06: "Smolder<9><VALVE_ID_LAN><TERRORIST>" triggered "weaponstats2" (weapon "aug") (head "1") (chest "3") (stomach "0") (leftarm "2") (rightarm "1") (leftleg "2") (rightleg "0")
L 09/06/2019 - 12:40:06: "Smolder<9><VALVE_ID_LAN><TERRORIST>" triggered "weaponstats" (weapon "glock18") (shots "1") (hits "0") (kills "0") (headshots "0") (tks "0") (damage "0") (deaths "0")
L 09/06/2019 - 12:40:06: "Smolder<9><VALVE_ID_LAN><TERRORIST>" triggered "weaponstats2" (weapon "glock18") (head "0") (chest "0") (stomach "0") (leftarm "0") (rightarm "0") (leftleg "0") (rightleg "0")
L 09/06/2019 - 12:40:06: "Smolder<9><VALVE_ID_LAN><TERRORIST>" triggered "weaponstats" (weapon "mp5navy") (shots "63") (hits "12") (kills "5") (headshots "1") (tks "0") (damage "422") (deaths "3")
L 09/06/2019 - 12:40:06: "Smolder<9><VALVE_ID_LAN><TERRORIST>" triggered "weaponstats2" (weapon "mp5navy") (head "2") (chest "5") (stomach "0") (leftarm "5") (rightarm "0") (leftleg "0") (rightleg "0")
L 09/06/2019 - 12:40:06: "Smolder<9><VALVE_ID_LAN><TERRORIST>" triggered "weaponstats" (weapon "m3") (shots "1") (hits "1") (kills "1") (headshots "0") (tks "0") (damage "270") (deaths "0")
L 09/06/2019 - 12:40:06: "Smolder<9><VALVE_ID_LAN><TERRORIST>" triggered "weaponstats2" (weapon "m3") (head "0") (chest "0") (stomach "0") (leftarm "1") (rightarm "0") (leftleg "0") (rightleg "0")
L 09/06/2019 - 12:40:06: "Smolder<9><VALVE_ID_LAN><TERRORIST>" triggered "weaponstats" (weapon "m4a1") (shots "30") (hits "6") (kills "2") (headshots "1") (tks "0") (damage "273") (deaths "1")
L 09/06/2019 - 12:40:06: "Smolder<9><VALVE_ID_LAN><TERRORIST>" triggered "weaponstats2" (weapon "m4a1") (head "1") (chest "2") (stomach "0") (leftarm "3") (rightarm "0") (leftleg "0") (rightleg "0")
L 09/06/2019 - 12:40:06: "Smolder<9><VALVE_ID_LAN><TERRORIST>" triggered "weaponstats" (weapon "g3sg1") (shots "2") (hits "0") (kills "0") (headshots "0") (tks "0") (damage "0") (deaths "0")
L 09/06/2019 - 12:40:06: "Smolder<9><VALVE_ID_LAN><TERRORIST>" triggered "weaponstats2" (weapon "g3sg1") (head "0") (chest "0") (stomach "0") (leftarm "0") (rightarm "0") (leftleg "0") (rightleg "0")
L 09/06/2019 - 12:40:06: "Smolder<9><VALVE_ID_LAN><TERRORIST>" triggered "weaponstats" (weapon "ak47") (shots "181") (hits "19") (kills "2") (headshots "0") (tks "0") (damage "532") (deaths "6")
L 09/06/2019 - 12:40:06: "Smolder<9><VALVE_ID_LAN><TERRORIST>" triggered "weaponstats2" (weapon "ak47") (head "1") (chest "1") (stomach "0") (leftarm "10") (rightarm "3") (leftleg "1") (rightleg "3")
L 09/06/2019 - 12:40:06: "Smolder<9><VALVE_ID_LAN><TERRORIST>" triggered "weaponstats" (weapon "knife") (shots "1") (hits "0") (kills "0") (headshots "0") (tks "0") (damage "0") (deaths "5")
L 09/06/2019 - 12:40:06: "Smolder<9><VALVE_ID_LAN><TERRORIST>" triggered "weaponstats2" (weapon "knife") (head "0") (chest "0") (stomach "0") (leftarm "0") (rightarm "0") (leftleg "0") (rightleg "0")
L 09/06/2019 - 12:40:06: "Smolder<9><VALVE_ID_LAN><TERRORIST>" triggered "time" (time "10:07")
L 09/06/2019 - 12:40:06: "Smolder<9><VALVE_ID_LAN><TERRORIST>" triggered "latency" (ping "16")
L 09/06/2019 - 12:40:06: "INDIO de ferias<13><VALVE_ID_LAN><CT>" triggered "weaponstats" (weapon "grenade") (shots "3") (hits "4") (kills "0") (headshots "0") (tks "0") (damage "142") (deaths "0")
L 09/06/2019 - 12:40:06: "INDIO de ferias<13><VALVE_ID_LAN><CT>" triggered "weaponstats2" (weapon "grenade") (head "0") (chest "0") (stomach "0") (leftarm "0") (rightarm "0") (leftleg "0") (rightleg "0")
L 09/06/2019 - 12:40:06: "INDIO de ferias<13><VALVE_ID_LAN><CT>" triggered "weaponstats" (weapon "xm1014") (shots "4") (hits "2") (kills "0") (headshots "0") (tks "0") (damage "144") (deaths "1")
L 09/06/2019 - 12:40:06: "INDIO de ferias<13><VALVE_ID_LAN><CT>" triggered "weaponstats2" (weapon "xm1014") (head "1") (chest "0") (stomach "0") (leftarm "0") (rightarm "0") (leftleg "0") (rightleg "1")
L 09/06/2019 - 12:40:06: "INDIO de ferias<13><VALVE_ID_LAN><CT>" triggered "weaponstats" (weapon "aug") (shots "149") (hits "40") (kills "10") (headshots "3") (tks "0") (damage "1417") (deaths "6")
L 09/06/2019 - 12:40:06: "INDIO de ferias<13><VALVE_ID_LAN><CT>" triggered "weaponstats2" (weapon "aug") (head "3") (chest "7") (stomach "9") (leftarm "9") (rightarm "2") (leftleg "2") (rightleg "8")
L 09/06/2019 - 12:40:06: "INDIO de ferias<13><VALVE_ID_LAN><CT>" triggered "weaponstats" (weapon "usp") (shots "4") (hits "0") (kills "0") (headshots "0") (tks "0") (damage "0") (deaths "1")
L 09/06/2019 - 12:40:06: "INDIO de ferias<13><VALVE_ID_LAN><CT>" triggered "weaponstats2" (weapon "usp") (head "0") (chest "0") (stomach "0") (leftarm "0") (rightarm "0") (leftleg "0") (rightleg "0")
L 09/06/2019 - 12:40:06: "INDIO de ferias<13><VALVE_ID_LAN><CT>" triggered "weaponstats" (weapon "m4a1") (shots "37") (hits "4") (kills "2") (headshots "1") (tks "0") (damage "222") (deaths "1")
L 09/06/2019 - 12:40:06: "INDIO de ferias<13><VALVE_ID_LAN><CT>" triggered "weaponstats2" (weapon "m4a1") (head "1") (chest "1") (stomach "0") (leftarm "1") (rightarm "1") (leftleg "0") (rightleg "0")
L 09/06/2019 - 12:40:06: "INDIO de ferias<13><VALVE_ID_LAN><CT>" triggered "weaponstats" (weapon "sg552") (shots "148") (hits "31") (kills "7") (headshots "3") (tks "0") (damage "1186") (deaths "6")
L 09/06/2019 - 12:40:06: "INDIO de ferias<13><VALVE_ID_LAN><CT>" triggered "weaponstats2" (weapon "sg552") (head "3") (chest "4") (stomach "4") (leftarm "6") (rightarm "5") (leftleg "3") (rightleg "6")
L 09/06/2019 - 12:40:06: "INDIO de ferias<13><VALVE_ID_LAN><CT>" triggered "weaponstats" (weapon "knife") (shots "1") (hits "1") (kills "1") (headshots "0") (tks "0") (damage "65") (deaths "0")
L 09/06/2019 - 12:40:06: "INDIO de ferias<13><VALVE_ID_LAN><CT>" triggered "weaponstats2" (weapon "knife") (head "0") (chest "0") (stomach "0") (leftarm "1") (rightarm "0") (leftleg "0") (rightleg "0")
L 09/06/2019 - 12:40:06: "INDIO de ferias<13><VALVE_ID_LAN><CT>" triggered "time" (time "8:12")
L 09/06/2019 - 12:40:06: "INDIO de ferias<13><VALVE_ID_LAN><CT>" triggered "latency" (ping "12")
L 09/06/2019 - 12:40:06: "Gho$T<14><VALVE_ID_LAN><TERRORIST>" triggered "weaponstats" (weapon "grenade") (shots "2") (hits "2") (kills "0") (headshots "0") (tks "0") (damage "86") (deaths "0")
L 09/06/2019 - 12:40:06: "Gho$T<14><VALVE_ID_LAN><TERRORIST>" triggered "weaponstats2" (weapon "grenade") (head "0") (chest "0") (stomach "0") (leftarm "0") (rightarm "0") (leftleg "0") (rightleg "0")
L 09/06/2019 - 12:40:06: "Gho$T<14><VALVE_ID_LAN><TERRORIST>" triggered "weaponstats" (weapon "xm1014") (shots "17") (hits "12") (kills "4") (headshots "1") (tks "0") (damage "592") (deaths "3")
L 09/06/2019 - 12:40:06: "Gho$T<14><VALVE_ID_LAN><TERRORIST>" triggered "weaponstats2" (weapon "xm1014") (head "2") (chest "1") (stomach "3") (leftarm "1") (rightarm "1") (leftleg "4") (rightleg "0")
L 09/06/2019 - 12:40:06: "Gho$T<14><VALVE_ID_LAN><TERRORIST>" triggered "weaponstats" (weapon "mac10") (shots "33") (hits "9") (kills "2") (headshots "2") (tks "1") (damage "290") (deaths "3")
L 09/06/2019 - 12:40:06: "Gho$T<14><VALVE_ID_LAN><TERRORIST>" triggered "weaponstats2" (weapon "mac10") (head "2") (chest "1") (stomach "1") (leftarm "3") (rightarm "1") (leftleg "1") (rightleg "0")
L 09/06/2019 - 12:40:06: "Gho$T<14><VALVE_ID_LAN><TERRORIST>" triggered "weaponstats" (weapon "aug") (shots "94") (hits "18") (kills "7") (headshots "1") (tks "0") (damage "514") (deaths "1")
L 09/06/2019 - 12:40:06: "Gho$T<14><VALVE_ID_LAN><TERRORIST>" triggered "weaponstats2" (weapon "aug") (head "1") (chest "1") (stomach "4") (leftarm "1") (rightarm "0") (leftleg "7") (rightleg "4")
L 09/06/2019 - 12:40:06: "Gho$T<14><VALVE_ID_LAN><TERRORIST>" triggered "weaponstats" (weapon "usp") (shots "14") (hits "5") (kills "3") (headshots "0") (tks "0") (damage "157") (deaths "0")
L 09/06/2019 - 12:40:06: "Gho$T<14><VALVE_ID_LAN><TERRORIST>" triggered "weaponstats2" (weapon "usp") (head "0") (chest "0") (stomach "3") (leftarm "1") (rightarm "1") (leftleg "0") (rightleg "0")
L 09/06/2019 - 12:40:06: "Gho$T<14><VALVE_ID_LAN><TERRORIST>" triggered "weaponstats" (weapon "glock18") (shots "25") (hits "8") (kills "2") (headshots "1") (tks "0") (damage "270") (deaths "3")
L 09/06/2019 - 12:40:06: "Gho$T<14><VALVE_ID_LAN><TERRORIST>" triggered "weaponstats2" (weapon "glock18") (head "1") (chest "0") (stomach "0") (leftarm "4") (rightarm "3") (leftleg "0") (rightleg "0")
L 09/06/2019 - 12:40:06: "Gho$T<14><VALVE_ID_LAN><TERRORIST>" triggered "weaponstats" (weapon "mp5navy") (shots "36") (hits "6") (kills "2") (headshots "0") (tks "0") (damage "139") (deaths "3")
L 09/06/2019 - 12:40:06: "Gho$T<14><VALVE_ID_LAN><TERRORIST>" triggered "weaponstats2" (weapon "mp5navy") (head "0") (chest "3") (stomach "0") (leftarm "1") (rightarm "2") (leftleg "0") (rightleg "0")
L 09/06/2019 - 12:40:06: "Gho$T<14><VALVE_ID_LAN><TERRORIST>" triggered "weaponstats" (weapon "m4a1") (shots "18") (hits "4") (kills "0") (headshots "0") (tks "0") (damage "116") (deaths "1")
L 09/06/2019 - 12:40:06: "Gho$T<14><VALVE_ID_LAN><TERRORIST>" triggered "weaponstats2" (weapon "m4a1") (head "0") (chest "1") (stomach "0") (leftarm "2") (rightarm "0") (leftleg "0") (rightleg "1")
L 09/06/2019 - 12:40:06: "Gho$T<14><VALVE_ID_LAN><TERRORIST>" triggered "weaponstats" (weapon "sg552") (shots "29") (hits "5") (kills "1") (headshots "0") (tks "0") (damage "202") (deaths "1")
L 09/06/2019 - 12:40:06: "Gho$T<14><VALVE_ID_LAN><TERRORIST>" triggered "weaponstats2" (weapon "sg552") (head "2") (chest "0") (stomach "1") (leftarm "2") (rightarm "0") (leftleg "0") (rightleg "0")
L 09/06/2019 - 12:40:06: "Gho$T<14><VALVE_ID_LAN><TERRORIST>" triggered "weaponstats" (weapon "knife") (shots "2") (hits "1") (kills "1") (headshots "0") (tks "0") (damage "218") (deaths "0")
L 09/06/2019 - 12:40:06: "Gho$T<14><VALVE_ID_LAN><TERRORIST>" triggered "weaponstats2" (weapon "knife") (head "0") (chest "0") (stomach "0") (leftarm "1") (rightarm "0") (leftleg "0") (rightleg "0")
L 09/06/2019 - 12:40:06: "Gho$T<14><VALVE_ID_LAN><TERRORIST>" triggered "time" (time "7:43")
L 09/06/2019 - 12:40:06: "Gho$T<14><VALVE_ID_LAN><TERRORIST>" triggered "latency" (ping "12")
L 09/06/2019 - 12:40:06: "Ciclops<16><VALVE_ID_LAN><TERRORIST>" triggered "weaponstats" (weapon "grenade") (shots "1") (hits "2") (kills "0") (headshots "0") (tks "0") (damage "54") (deaths "0")
L 09/06/2019 - 12:40:06: "Ciclops<16><VALVE_ID_LAN><TERRORIST>" triggered "weaponstats2" (weapon "grenade") (head "0") (chest "0") (stomach "0") (leftarm "0") (rightarm "0") (leftleg "0") (rightleg "0")
L 09/06/2019 - 12:40:06: "Ciclops<16><VALVE_ID_LAN><TERRORIST>" triggered "weaponstats" (weapon "xm1014") (shots "2") (hits "1") (kills "1") (headshots "1") (tks "0") (damage "285") (deaths "2")
L 09/06/2019 - 12:40:06: "Ciclops<16><VALVE_ID_LAN><TERRORIST>" triggered "weaponstats2" (weapon "xm1014") (head "1") (chest "0") (stomach "0") (leftarm "0") (rightarm "0") (leftleg "0") (rightleg "0")
L 09/06/2019 - 12:40:06: "Ciclops<16><VALVE_ID_LAN><TERRORIST>" triggered "weaponstats" (weapon "aug") (shots "37") (hits "10") (kills "1") (headshots "0") (tks "0") (damage "298") (deaths "4")
L 09/06/2019 - 12:40:06: "Ciclops<16><VALVE_ID_LAN><TERRORIST>" triggered "weaponstats2" (weapon "aug") (head "0") (chest "2") (stomach "1") (leftarm "5") (rightarm "2") (leftleg "0") (rightleg "0")
L 09/06/2019 - 12:40:06: "Ciclops<16><VALVE_ID_LAN><TERRORIST>" triggered "weaponstats" (weapon "glock18") (shots "8") (hits "3") (kills "2") (headshots "2") (tks "0") (damage "199") (deaths "0")
L 09/06/2019 - 12:40:06: "Ciclops<16><VALVE_ID_LAN><TERRORIST>" triggered "weaponstats2" (weapon "glock18") (head "2") (chest "0") (stomach "0") (leftarm "1") (rightarm "0") (leftleg "0") (rightleg "0")
L 09/06/2019 - 12:40:06: "Ciclops<16><VALVE_ID_LAN><TERRORIST>" triggered "weaponstats" (weapon "tmp") (shots "8") (hits "2") (kills "0") (headshots "0") (tks "0") (damage "30") (deaths "1")
L 09/06/2019 - 12:40:06: "Ciclops<16><VALVE_ID_LAN><TERRORIST>" triggered "weaponstats2" (weapon "tmp") (head "0") (chest "0") (stomach "0") (leftarm "2") (rightarm "0") (leftleg "0") (rightleg "0")
L 09/06/2019 - 12:40:06: "Ciclops<16><VALVE_ID_LAN><TERRORIST>" triggered "weaponstats" (weapon "g3sg1") (shots "2") (hits "0") (kills "0") (headshots "0") (tks "0") (damage "0") (deaths "1")
L 09/06/2019 - 12:40:06: "Ciclops<16><VALVE_ID_LAN><TERRORIST>" triggered "weaponstats2" (weapon "g3sg1") (head "0") (chest "0") (stomach "0") (leftarm "0") (rightarm "0") (leftleg "0") (rightleg "0")
L 09/06/2019 - 12:40:06: "Ciclops<16><VALVE_ID_LAN><TERRORIST>" triggered "weaponstats" (weapon "sg552") (shots "68") (hits "10") (kills "4") (headshots "4") (tks "0") (damage "635") (deaths "4")
L 09/06/2019 - 12:40:06: "Ciclops<16><VALVE_ID_LAN><TERRORIST>" triggered "weaponstats2" (weapon "sg552") (head "4") (chest "4") (stomach "0") (leftarm "1") (rightarm "1") (leftleg "0") (rightleg "0")
L 09/06/2019 - 12:40:06: "Ciclops<16><VALVE_ID_LAN><TERRORIST>" triggered "weaponstats" (weapon "ak47") (shots "5") (hits "1") (kills "0") (headshots "0") (tks "0") (damage "11") (deaths "1")
L 09/06/2019 - 12:40:06: "Ciclops<16><VALVE_ID_LAN><TERRORIST>" triggered "weaponstats2" (weapon "ak47") (head "0") (chest "1") (stomach "0") (leftarm "0") (rightarm "0") (leftleg "0") (rightleg "0")
L 09/06/2019 - 12:40:06: "Ciclops<16><VALVE_ID_LAN><TERRORIST>" triggered "weaponstats" (weapon "p90") (shots "12") (hits "4") (kills "0") (headshots "0") (tks "0") (damage "77") (deaths "3")
L 09/06/2019 - 12:40:06: "Ciclops<16><VALVE_ID_LAN><TERRORIST>" triggered "weaponstats2" (weapon "p90") (head "0") (chest "1") (stomach "0") (leftarm "2") (rightarm "1") (leftleg "0") (rightleg "0")
L 09/06/2019 - 12:40:06: "Ciclops<16><VALVE_ID_LAN><TERRORIST>" triggered "time" (time "6:37")
L 09/06/2019 - 12:40:06: "Ciclops<16><VALVE_ID_LAN><TERRORIST>" triggered "latency" (ping "10")
L 09/06/2019 - 12:40:06: "@te<22><VALVE_ID_LAN><CT>" triggered "weaponstats" (weapon "grenade") (shots "1") (hits "1") (kills "0") (headshots "0") (tks "0") (damage "22") (deaths "0")
L 09/06/2019 - 12:40:06: "@te<22><VALVE_ID_LAN><CT>" triggered "weaponstats2" (weapon "grenade") (head "0") (chest "0") (stomach "0") (leftarm "0") (rightarm "0") (leftleg "0") (rightleg "0")
L 09/06/2019 - 12:40:06: "@te<22><VALVE_ID_LAN><CT>" triggered "weaponstats" (weapon "mp5navy") (shots "13") (hits "3") (kills "1") (headshots "0") (tks "0") (damage "116") (deaths "1")
L 09/06/2019 - 12:40:06: "@te<22><VALVE_ID_LAN><CT>" triggered "weaponstats2" (weapon "mp5navy") (head "1") (chest "0") (stomach "1") (leftarm "0") (rightarm "0") (leftleg "1") (rightleg "0")
L 09/06/2019 - 12:40:06: "@te<22><VALVE_ID_LAN><CT>" triggered "weaponstats" (weapon "ak47") (shots "12") (hits "1") (kills "1") (headshots "1") (tks "0") (damage "136") (deaths "1")
L 09/06/2019 - 12:40:06: "@te<22><VALVE_ID_LAN><CT>" triggered "weaponstats2" (weapon "ak47") (head "1") (chest "0") (stomach "0") (leftarm "0") (rightarm "0") (leftleg "0") (rightleg "0")
L 09/06/2019 - 12:40:06: "@te<22><VALVE_ID_LAN><CT>" triggered "time" (time "1:25")
L 09/06/2019 - 12:40:06: "@te<22><VALVE_ID_LAN><CT>" triggered "latency" (ping "9")
L 09/06/2019 - 12:40:06: "Jack<20><VALVE_ID_LAN><CT>" triggered "weaponstats" (weapon "grenade") (shots "4") (hits "6") (kills "0") (headshots "0") (tks "0") (damage "226") (deaths "0")
L 09/06/2019 - 12:40:06: "Jack<20><VALVE_ID_LAN><CT>" triggered "weaponstats2" (weapon "grenade") (head "0") (chest "0") (stomach "0") (leftarm "0") (rightarm "0") (leftleg "0") (rightleg "0")
L 09/06/2019 - 12:40:06: "Jack<20><VALVE_ID_LAN><CT>" triggered "weaponstats" (weapon "mp5navy") (shots "19") (hits "4") (kills "1") (headshots "1") (tks "0") (damage "158") (deaths "1")
L 09/06/2019 - 12:40:06: "Jack<20><VALVE_ID_LAN><CT>" triggered "weaponstats2" (weapon "mp5navy") (head "1") (chest "3") (stomach "0") (leftarm "0") (rightarm "0") (leftleg "0") (rightleg "0")
L 09/06/2019 - 12:40:06: "Jack<20><VALVE_ID_LAN><CT>" triggered "weaponstats" (weapon "m4a1") (shots "146") (hits "21") (kills "7") (headshots "2") (tks "0") (damage "814") (deaths "4")
L 09/06/2019 - 12:40:06: "Jack<20><VALVE_ID_LAN><CT>" triggered "weaponstats2" (weapon "m4a1") (head "2") (chest "2") (stomach "1") (leftarm "12") (rightarm "3") (leftleg "0") (rightleg "1")
L 09/06/2019 - 12:40:06: "Jack<20><VALVE_ID_LAN><CT>" triggered "weaponstats" (weapon "sg552") (shots "1") (hits "0") (kills "0") (headshots "0") (tks "0") (damage "0") (deaths "1")
L 09/06/2019 - 12:40:06: "Jack<20><VALVE_ID_LAN><CT>" triggered "weaponstats2" (weapon "sg552") (head "0") (chest "0") (stomach "0") (leftarm "0") (rightarm "0") (leftleg "0") (rightleg "0")
L 09/06/2019 - 12:40:06: "Jack<20><VALVE_ID_LAN><CT>" triggered "time" (time "3:57")
L 09/06/2019 - 12:40:06: "Jack<20><VALVE_ID_LAN><CT>" triggered "latency" (ping "14")
L 09/06/2019 - 12:40:06: [META] ini: Begin re-reading plugins list: c:/valve/cstrike/addons/metamod/plugins.ini
L 09/06/2019 - 12:40:06: [META] ini: Read plugin config for: AMX
L 09/06/2019 - 12:40:06: [META] ini: Read plugin config for: WinHL-Booster
L 09/06/2019 - 12:40:06: [META] ERROR: ini: Skipping plugin, couldn't stat file 'addons/hlguard/dlls/hlguard_mm_nightly.dll': No such file or directory
L 09/06/2019 - 12:40:06: [META] ini: Read plugin config for: WebMod
L 09/06/2019 - 12:40:06: [META] ini: Finished reading plugins list: c:/valve/cstrike/addons/metamod/plugins.ini; Found 3 plugins
L 09/06/2019 - 12:40:06: [META] dll: Updating plugins...
L 09/06/2019 - 12:40:06: [META] ERROR: dll: Failed query plugin '<hlguard_mm_nightly.dll>'; Couldn't open file 'addons/hlguard/dlls/hlguard_mm_nightly.dll': No foi possvel encontrar o mdulo especificado.

L 09/06/2019 - 12:40:06: [META] ERROR: dll: Skipping plugin '<hlguard_mm_nightly.dll>'; couldn't query
L 09/06/2019 - 12:40:06: [META] dll: Finished updating 6 plugins; kept 3, loaded 0, unloaded 0, reloaded 0, delayed 0
L 09/06/2019 - 12:40:06: Server shutdown
L 09/06/2019 - 12:40:06: Log file closed
