L 09/05/2019 - 12:38:44: Log file started (file "logs\L0905001.log") (game "cstrike") (version "47/1.1.2.2/2603")
L 09/05/2019 - 12:38:47: "DareDevil<10><VALVE_ID_LAN><TERRORIST>" say_team "ele tentou" (dead)
L 09/05/2019 - 12:38:47: "Gho$T<12><VALVE_ID_LAN><TERRORIST>" say "timeleft" (dead)
L 09/05/2019 - 12:38:47: "Kratos-away<24><VALVE_ID_LAN><TERRORIST>" say "te rear o ct nao avanca" (dead)
L 09/05/2019 - 12:38:49: "Kratos-away<24><VALVE_ID_LAN><TERRORIST>" triggered "Spawned_With_The_Bomb"
L 09/05/2019 - 12:38:49: World triggered "Round_Start"
L 09/05/2019 - 12:38:53: "CEIFADOR<9><VALVE_ID_LOOPBACK><TERRORIST>" killed "@te<15><VALVE_ID_LAN><CT>" with "m3"
L 09/05/2019 - 12:38:54: "Calcas Peludas<13><VALVE_ID_LAN><TERRORIST>" killed "XXBOT Zach<23><BOT><CT>" with "mac10"
L 09/05/2019 - 12:38:55: "Jack<17><VALVE_ID_LAN><CT>" killed "CEIFADOR<9><VALVE_ID_LOOPBACK><TERRORIST>" with "xm1014"
L 09/05/2019 - 12:38:56: "DareDevil<10><VALVE_ID_LAN><TERRORIST>" killed "Cap Billy<11><VALVE_ID_LAN><CT>" with "xm1014"
L 09/05/2019 - 12:38:57: "Kitkat<19><VALVE_ID_LAN><CT>" killed "Kratos-away<24><VALVE_ID_LAN><TERRORIST>" with "mac10"
L 09/05/2019 - 12:38:57: "Kratos-away<24><VALVE_ID_LAN><TERRORIST>" triggered "Dropped_The_Bomb"
L 09/05/2019 - 12:38:59: "Jack<17><VALVE_ID_LAN><CT>" killed "Calcas Peludas<13><VALVE_ID_LAN><TERRORIST>" with "xm1014"
L 09/05/2019 - 12:38:59: "Gho$T<12><VALVE_ID_LAN><TERRORIST>" killed "Kitkat<19><VALVE_ID_LAN><CT>" with "ak47"
L 09/05/2019 - 12:39:01: "DareDevil<10><VALVE_ID_LAN><TERRORIST>" killed "Gho$T<12><VALVE_ID_LAN><TERRORIST>" with "xm1014"
L 09/05/2019 - 12:39:04: "DareDevil<10><VALVE_ID_LAN><TERRORIST>" killed "Jack<17><VALVE_ID_LAN><CT>" with "xm1014"
L 09/05/2019 - 12:39:04: Team "TERRORIST" triggered "Terrorists_Win" (CT "15") (T "12")
L 09/05/2019 - 12:39:04: World triggered "Round_End"
L 09/05/2019 - 12:39:06: "Kitkat<19><VALVE_ID_LAN><CT>" say "kkkkk" (dead)
L 09/05/2019 - 12:39:06: "DareDevil<10><VALVE_ID_LAN><TERRORIST>" say_team "foi mal"
L 09/05/2019 - 12:39:07: "CEIFADOR<9><VALVE_ID_LOOPBACK><TERRORIST>" say_team "mapa" (dead)
L 09/05/2019 - 12:39:09: "CEIFADOR<9><VALVE_ID_LOOPBACK><TERRORIST>" triggered "Spawned_With_The_Bomb"
L 09/05/2019 - 12:39:09: World triggered "Round_Start"
L 09/05/2019 - 12:39:09: "DareDevil<10><VALVE_ID_LAN><TERRORIST>" committed suicide with "world"
L 09/05/2019 - 12:39:12: "XXBOT Zach<23><BOT><CT>" killed "CEIFADOR<9><VALVE_ID_LOOPBACK><TERRORIST>" with "usp"
L 09/05/2019 - 12:39:12: "CEIFADOR<9><VALVE_ID_LOOPBACK><TERRORIST>" triggered "Dropped_The_Bomb"
L 09/05/2019 - 12:39:14: "XXBOT Zach<23><BOT><CT>" killed "Gho$T<12><VALVE_ID_LAN><TERRORIST>" with "usp"
L 09/05/2019 - 12:39:15: "@te<15><VALVE_ID_LAN><CT>" killed "Calcas Peludas<13><VALVE_ID_LAN><TERRORIST>" with "xm1014"
L 09/05/2019 - 12:39:16: "Kratos-away<24><VALVE_ID_LAN><TERRORIST>" killed "@te<15><VALVE_ID_LAN><CT>" with "sg552"
L 09/05/2019 - 12:39:17: "Kitkat<19><VALVE_ID_LAN><CT>" killed "Kratos-away<24><VALVE_ID_LAN><TERRORIST>" with "p90"
L 09/05/2019 - 12:39:17: Team "CT" triggered "CTs_Win" (CT "16") (T "12")
L 09/05/2019 - 12:39:17: World triggered "Round_End"
L 09/05/2019 - 12:39:22: "Gho$T<12><VALVE_ID_LAN><TERRORIST>" say_team "mqpq" (dead)
L 09/05/2019 - 12:39:22: "DareDevil<10><VALVE_ID_LAN><TERRORIST>" triggered "Spawned_With_The_Bomb"
L 09/05/2019 - 12:39:22: World triggered "Round_Start"
L 09/05/2019 - 12:39:23: "XXBOT Zach<23><BOT><CT>" killed "Calcas Peludas<13><VALVE_ID_LAN><TERRORIST>" with "usp"
L 09/05/2019 - 12:39:28: "Cap Billy<11><VALVE_ID_LAN><CT>" killed "DareDevil<10><VALVE_ID_LAN><TERRORIST>" with "xm1014"
L 09/05/2019 - 12:39:28: "DareDevil<10><VALVE_ID_LAN><TERRORIST>" triggered "Dropped_The_Bomb"
L 09/05/2019 - 12:39:29: "Kratos-away<24><VALVE_ID_LAN><TERRORIST>" killed "Kitkat<19><VALVE_ID_LAN><CT>" with "awp"
L 09/05/2019 - 12:39:31: "Cap Billy<11><VALVE_ID_LAN><CT>" killed "Gho$T<12><VALVE_ID_LAN><TERRORIST>" with "xm1014"
L 09/05/2019 - 12:39:32: "Cap Billy<11><VALVE_ID_LAN><CT>" killed "CEIFADOR<9><VALVE_ID_LOOPBACK><TERRORIST>" with "xm1014"
L 09/05/2019 - 12:39:34: "Jack<17><VALVE_ID_LAN><CT>" killed "Kratos-away<24><VALVE_ID_LAN><TERRORIST>" with "knife"
L 09/05/2019 - 12:39:34: Team "CT" triggered "CTs_Win" (CT "17") (T "12")
L 09/05/2019 - 12:39:34: World triggered "Round_End"
L 09/05/2019 - 12:39:37: "Calcas Peludas<13><VALVE_ID_LAN><TERRORIST>" say "quae" (dead)
L 09/05/2019 - 12:39:37: "Kratos-away<24><VALVE_ID_LAN><TERRORIST>" say "ahh cagado" (dead)
L 09/05/2019 - 12:39:39: "Gho$T<12><VALVE_ID_LAN><TERRORIST>" triggered "Spawned_With_The_Bomb"
L 09/05/2019 - 12:39:39: World triggered "Round_Start"
L 09/05/2019 - 12:39:41: "Gho$T<12><VALVE_ID_LAN><TERRORIST>" killed "XXBOT Zach<23><BOT><CT>" with "awp"
L 09/05/2019 - 12:39:42: "CEIFADOR<9><VALVE_ID_LOOPBACK><TERRORIST>" killed "Cap Billy<11><VALVE_ID_LAN><CT>" with "xm1014"
L 09/05/2019 - 12:39:46: "Kitkat<19><VALVE_ID_LAN><CT>" killed "CEIFADOR<9><VALVE_ID_LOOPBACK><TERRORIST>" with "tmp"
L 09/05/2019 - 12:39:47: "Kratos-away<24><VALVE_ID_LAN><TERRORIST>" killed "Kitkat<19><VALVE_ID_LAN><CT>" with "mac10"
L 09/05/2019 - 12:39:49: "@te<15><VALVE_ID_LAN><CT>" killed "Calcas Peludas<13><VALVE_ID_LAN><TERRORIST>" with "mp5navy"
L 09/05/2019 - 12:39:50: "Gho$T<12><VALVE_ID_LAN><TERRORIST>" killed "@te<15><VALVE_ID_LAN><CT>" with "awp"
L 09/05/2019 - 12:39:55: "Kratos-away<24><VALVE_ID_LAN><TERRORIST>" killed "Jack<17><VALVE_ID_LAN><CT>" with "knife"
L 09/05/2019 - 12:39:55: Team "TERRORIST" triggered "Terrorists_Win" (CT "17") (T "13")
L 09/05/2019 - 12:39:55: World triggered "Round_End"
L 09/05/2019 - 12:39:56: Team "CT" scored "17" with "5" players
L 09/05/2019 - 12:39:56: Team "TERRORIST" scored "13" with "5" players
L 09/05/2019 - 12:39:59: "Kratos-away<24><VALVE_ID_LAN><TERRORIST>" triggered "weaponstats" (weapon "grenade") (shots "2") (hits "3") (kills "0") (headshots "0") (tks "0") (damage "108") (deaths "0")
L 09/05/2019 - 12:39:59: "Kratos-away<24><VALVE_ID_LAN><TERRORIST>" triggered "weaponstats2" (weapon "grenade") (head "0") (chest "0") (stomach "0") (leftarm "0") (rightarm "0") (leftleg "0") (rightleg "0")
L 09/05/2019 - 12:39:59: "Kratos-away<24><VALVE_ID_LAN><TERRORIST>" triggered "weaponstats" (weapon "xm1014") (shots "7") (hits "2") (kills "0") (headshots "0") (tks "0") (damage "22") (deaths "2")
L 09/05/2019 - 12:39:59: "Kratos-away<24><VALVE_ID_LAN><TERRORIST>" triggered "weaponstats2" (weapon "xm1014") (head "0") (chest "0") (stomach "0") (leftarm "0") (rightarm "0") (leftleg "2") (rightleg "0")
L 09/05/2019 - 12:39:59: "Kratos-away<24><VALVE_ID_LAN><TERRORIST>" triggered "weaponstats" (weapon "mac10") (shots "22") (hits "4") (kills "1") (headshots "0") (tks "0") (damage "71") (deaths "0")
L 09/05/2019 - 12:39:59: "Kratos-away<24><VALVE_ID_LAN><TERRORIST>" triggered "weaponstats2" (weapon "mac10") (head "0") (chest "1") (stomach "0") (leftarm "1") (rightarm "1") (leftleg "0") (rightleg "1")
L 09/05/2019 - 12:39:59: "Kratos-away<24><VALVE_ID_LAN><TERRORIST>" triggered "weaponstats" (weapon "aug") (shots "8") (hits "2") (kills "0") (headshots "0") (tks "0") (damage "58") (deaths "1")
L 09/05/2019 - 12:39:59: "Kratos-away<24><VALVE_ID_LAN><TERRORIST>" triggered "weaponstats2" (weapon "aug") (head "0") (chest "0") (stomach "1") (leftarm "0") (rightarm "0") (leftleg "0") (rightleg "1")
L 09/05/2019 - 12:39:59: "Kratos-away<24><VALVE_ID_LAN><TERRORIST>" triggered "weaponstats" (weapon "glock18") (shots "8") (hits "2") (kills "0") (headshots "0") (tks "0") (damage "30") (deaths "0")
L 09/05/2019 - 12:39:59: "Kratos-away<24><VALVE_ID_LAN><TERRORIST>" triggered "weaponstats2" (weapon "glock18") (head "0") (chest "0") (stomach "0") (leftarm "0") (rightarm "1") (leftleg "0") (rightleg "1")
L 09/05/2019 - 12:39:59: "Kratos-away<24><VALVE_ID_LAN><TERRORIST>" triggered "weaponstats" (weapon "awp") (shots "2") (hits "1") (kills "1") (headshots "0") (tks "0") (damage "116") (deaths "0")
L 09/05/2019 - 12:39:59: "Kratos-away<24><VALVE_ID_LAN><TERRORIST>" triggered "weaponstats2" (weapon "awp") (head "0") (chest "1") (stomach "0") (leftarm "0") (rightarm "0") (leftleg "0") (rightleg "0")
L 09/05/2019 - 12:39:59: "Kratos-away<24><VALVE_ID_LAN><TERRORIST>" triggered "weaponstats" (weapon "m4a1") (shots "6") (hits "2") (kills "1") (headshots "0") (tks "0") (damage "64") (deaths "1")
L 09/05/2019 - 12:39:59: "Kratos-away<24><VALVE_ID_LAN><TERRORIST>" triggered "weaponstats2" (weapon "m4a1") (head "0") (chest "0") (stomach "1") (leftarm "0") (rightarm "0") (leftleg "0") (rightleg "1")
L 09/05/2019 - 12:39:59: "Kratos-away<24><VALVE_ID_LAN><TERRORIST>" triggered "weaponstats" (weapon "tmp") (shots "68") (hits "12") (kills "3") (headshots "2") (tks "0") (damage "328") (deaths "3")
L 09/05/2019 - 12:39:59: "Kratos-away<24><VALVE_ID_LAN><TERRORIST>" triggered "weaponstats2" (weapon "tmp") (head "2") (chest "1") (stomach "2") (leftarm "3") (rightarm "2") (leftleg "1") (rightleg "1")
L 09/05/2019 - 12:39:59: "Kratos-away<24><VALVE_ID_LAN><TERRORIST>" triggered "weaponstats" (weapon "g3sg1") (shots "2") (hits "0") (kills "0") (headshots "0") (tks "0") (damage "0") (deaths "1")
L 09/05/2019 - 12:39:59: "Kratos-away<24><VALVE_ID_LAN><TERRORIST>" triggered "weaponstats2" (weapon "g3sg1") (head "0") (chest "0") (stomach "0") (leftarm "0") (rightarm "0") (leftleg "0") (rightleg "0")
L 09/05/2019 - 12:39:59: "Kratos-away<24><VALVE_ID_LAN><TERRORIST>" triggered "weaponstats" (weapon "sg552") (shots "44") (hits "11") (kills "4") (headshots "2") (tks "0") (damage "474") (deaths "2")
L 09/05/2019 - 12:39:59: "Kratos-away<24><VALVE_ID_LAN><TERRORIST>" triggered "weaponstats2" (weapon "sg552") (head "2") (chest "1") (stomach "3") (leftarm "2") (rightarm "1") (leftleg "0") (rightleg "2")
L 09/05/2019 - 12:39:59: "Kratos-away<24><VALVE_ID_LAN><TERRORIST>" triggered "weaponstats" (weapon "ak47") (shots "2") (hits "0") (kills "0") (headshots "0") (tks "0") (damage "0") (deaths "1")
L 09/05/2019 - 12:39:59: "Kratos-away<24><VALVE_ID_LAN><TERRORIST>" triggered "weaponstats2" (weapon "ak47") (head "0") (chest "0") (stomach "0") (leftarm "0") (rightarm "0") (leftleg "0") (rightleg "0")
L 09/05/2019 - 12:39:59: "Kratos-away<24><VALVE_ID_LAN><TERRORIST>" triggered "weaponstats" (weapon "knife") (shots "3") (hits "3") (kills "1") (headshots "0") (tks "0") (damage "195") (deaths "2")
L 09/05/2019 - 12:39:59: "Kratos-away<24><VALVE_ID_LAN><TERRORIST>" triggered "weaponstats2" (weapon "knife") (head "0") (chest "2") (stomach "0") (leftarm "1") (rightarm "0") (leftleg "0") (rightleg "0")
L 09/05/2019 - 12:39:59: "Kratos-away<24><VALVE_ID_LAN><TERRORIST>" triggered "time" (time "5:52")
L 09/05/2019 - 12:39:59: "Kratos-away<24><VALVE_ID_LAN><TERRORIST>" triggered "latency" (ping "136")
L 09/05/2019 - 12:39:59: "Cap Billy<11><VALVE_ID_LAN><CT>" triggered "weaponstats" (weapon "grenade") (shots "7") (hits "16") (kills "1") (headshots "0") (tks "0") (damage "412") (deaths "0")
L 09/05/2019 - 12:39:59: "Cap Billy<11><VALVE_ID_LAN><CT>" triggered "weaponstats2" (weapon "grenade") (head "0") (chest "0") (stomach "0") (leftarm "0") (rightarm "0") (leftleg "0") (rightleg "0")
L 09/05/2019 - 12:39:59: "Cap Billy<11><VALVE_ID_LAN><CT>" triggered "weaponstats" (weapon "xm1014") (shots "39") (hits "22") (kills "13") (headshots "0") (tks "0") (damage "1847") (deaths "6")
L 09/05/2019 - 12:39:59: "Cap Billy<11><VALVE_ID_LAN><CT>" triggered "weaponstats2" (weapon "xm1014") (head "1") (chest "6") (stomach "3") (leftarm "5") (rightarm "5") (leftleg "1") (rightleg "1")
L 09/05/2019 - 12:39:59: "Cap Billy<11><VALVE_ID_LAN><CT>" triggered "weaponstats" (weapon "mac10") (shots "14") (hits "5") (kills "1") (headshots "0") (tks "0") (damage "134") (deaths "1")
L 09/05/2019 - 12:39:59: "Cap Billy<11><VALVE_ID_LAN><CT>" triggered "weaponstats2" (weapon "mac10") (head "0") (chest "0") (stomach "0") (leftarm "5") (rightarm "0") (leftleg "0") (rightleg "0")
L 09/05/2019 - 12:39:59: "Cap Billy<11><VALVE_ID_LAN><CT>" triggered "weaponstats" (weapon "aug") (shots "27") (hits "9") (kills "2") (headshots "1") (tks "0") (damage "321") (deaths "0")
L 09/05/2019 - 12:39:59: "Cap Billy<11><VALVE_ID_LAN><CT>" triggered "weaponstats2" (weapon "aug") (head "3") (chest "1") (stomach "1") (leftarm "2") (rightarm "2") (leftleg "0") (rightleg "0")
L 09/05/2019 - 12:39:59: "Cap Billy<11><VALVE_ID_LAN><CT>" triggered "weaponstats" (weapon "usp") (shots "13") (hits "5") (kills "1") (headshots "1") (tks "0") (damage "189") (deaths "0")
L 09/05/2019 - 12:39:59: "Cap Billy<11><VALVE_ID_LAN><CT>" triggered "weaponstats2" (weapon "usp") (head "1") (chest "2") (stomach "0") (leftarm "2") (rightarm "0") (leftleg "0") (rightleg "0")
L 09/05/2019 - 12:39:59: "Cap Billy<11><VALVE_ID_LAN><CT>" triggered "weaponstats" (weapon "awp") (shots "4") (hits "1") (kills "1") (headshots "0") (tks "0") (damage "55") (deaths "3")
L 09/05/2019 - 12:39:59: "Cap Billy<11><VALVE_ID_LAN><CT>" triggered "weaponstats2" (weapon "awp") (head "0") (chest "0") (stomach "0") (leftarm "1") (rightarm "0") (leftleg "0") (rightleg "0")
L 09/05/2019 - 12:39:59: "Cap Billy<11><VALVE_ID_LAN><CT>" triggered "weaponstats" (weapon "mp5navy") (shots "93") (hits "30") (kills "8") (headshots "3") (tks "0") (damage "918") (deaths "3")
L 09/05/2019 - 12:39:59: "Cap Billy<11><VALVE_ID_LAN><CT>" triggered "weaponstats2" (weapon "mp5navy") (head "4") (chest "3") (stomach "3") (leftarm "13") (rightarm "4") (leftleg "0") (rightleg "3")
L 09/05/2019 - 12:39:59: "Cap Billy<11><VALVE_ID_LAN><CT>" triggered "weaponstats" (weapon "m4a1") (shots "10") (hits "6") (kills "2") (headshots "1") (tks "0") (damage "284") (deaths "2")
L 09/05/2019 - 12:39:59: "Cap Billy<11><VALVE_ID_LAN><CT>" triggered "weaponstats2" (weapon "m4a1") (head "1") (chest "1") (stomach "2") (leftarm "2") (rightarm "0") (leftleg "0") (rightleg "0")
L 09/05/2019 - 12:39:59: "Cap Billy<11><VALVE_ID_LAN><CT>" triggered "weaponstats" (weapon "g3sg1") (shots "1") (hits "0") (kills "0") (headshots "0") (tks "0") (damage "0") (deaths "0")
L 09/05/2019 - 12:39:59: "Cap Billy<11><VALVE_ID_LAN><CT>" triggered "weaponstats2" (weapon "g3sg1") (head "0") (chest "0") (stomach "0") (leftarm "0") (rightarm "0") (leftleg "0") (rightleg "0")
L 09/05/2019 - 12:39:59: "Cap Billy<11><VALVE_ID_LAN><CT>" triggered "weaponstats" (weapon "sg552") (shots "10") (hits "4") (kills "1") (headshots "0") (tks "0") (damage "112") (deaths "1")
L 09/05/2019 - 12:39:59: "Cap Billy<11><VALVE_ID_LAN><CT>" triggered "weaponstats2" (weapon "sg552") (head "0") (chest "0") (stomach "0") (leftarm "2") (rightarm "2") (leftleg "0") (rightleg "0")
L 09/05/2019 - 12:39:59: "Cap Billy<11><VALVE_ID_LAN><CT>" triggered "weaponstats" (weapon "ak47") (shots "29") (hits "9") (kills "1") (headshots "1") (tks "0") (damage "342") (deaths "3")
L 09/05/2019 - 12:39:59: "Cap Billy<11><VALVE_ID_LAN><CT>" triggered "weaponstats2" (weapon "ak47") (head "1") (chest "0") (stomach "2") (leftarm "1") (rightarm "3") (leftleg "0") (rightleg "2")
L 09/05/2019 - 12:39:59: "Cap Billy<11><VALVE_ID_LAN><CT>" triggered "weaponstats" (weapon "knife") (shots "5") (hits "4") (kills "2") (headshots "1") (tks "0") (damage "260") (deaths "2")
L 09/05/2019 - 12:39:59: "Cap Billy<11><VALVE_ID_LAN><CT>" triggered "weaponstats2" (weapon "knife") (head "1") (chest "0") (stomach "0") (leftarm "1") (rightarm "1") (leftleg "0") (rightleg "1")
L 09/05/2019 - 12:39:59: "Cap Billy<11><VALVE_ID_LAN><CT>" triggered "time" (time "10:07")
L 09/05/2019 - 12:39:59: "Cap Billy<11><VALVE_ID_LAN><CT>" triggered "latency" (ping "8")
L 09/05/2019 - 12:40:00: "CEIFADOR<9><VALVE_ID_LOOPBACK><TERRORIST>" triggered "weaponstats" (weapon "grenade") (shots "5") (hits "9") (kills "1") (headshots "0") (tks "0") (damage "307") (deaths "0")
L 09/05/2019 - 12:40:00: "CEIFADOR<9><VALVE_ID_LOOPBACK><TERRORIST>" triggered "weaponstats2" (weapon "grenade") (head "0") (chest "0") (stomach "0") (leftarm "0") (rightarm "0") (leftleg "0") (rightleg "0")
L 09/05/2019 - 12:40:00: "CEIFADOR<9><VALVE_ID_LOOPBACK><TERRORIST>" triggered "weaponstats" (weapon "xm1014") (shots "15") (hits "8") (kills "1") (headshots "0") (tks "0") (damage "365") (deaths "4")
L 09/05/2019 - 12:40:00: "CEIFADOR<9><VALVE_ID_LOOPBACK><TERRORIST>" triggered "weaponstats2" (weapon "xm1014") (head "0") (chest "1") (stomach "1") (leftarm "1") (rightarm "2") (leftleg "1") (rightleg "2")
L 09/05/2019 - 12:40:00: "CEIFADOR<9><VALVE_ID_LOOPBACK><TERRORIST>" triggered "weaponstats" (weapon "mac10") (shots "26") (hits "4") (kills "1") (headshots "0") (tks "0") (damage "44") (deaths "1")
L 09/05/2019 - 12:40:00: "CEIFADOR<9><VALVE_ID_LOOPBACK><TERRORIST>" triggered "weaponstats2" (weapon "mac10") (head "0") (chest "1") (stomach "0") (leftarm "2") (rightarm "0") (leftleg "0") (rightleg "1")
L 09/05/2019 - 12:40:00: "CEIFADOR<9><VALVE_ID_LOOPBACK><TERRORIST>" triggered "weaponstats" (weapon "aug") (shots "81") (hits "18") (kills "4") (headshots "1") (tks "0") (damage "515") (deaths "4")
L 09/05/2019 - 12:40:00: "CEIFADOR<9><VALVE_ID_LOOPBACK><TERRORIST>" triggered "weaponstats2" (weapon "aug") (head "1") (chest "3") (stomach "1") (leftarm "4") (rightarm "2") (leftleg "5") (rightleg "2")
L 09/05/2019 - 12:40:00: "CEIFADOR<9><VALVE_ID_LOOPBACK><TERRORIST>" triggered "weaponstats" (weapon "glock18") (shots "1") (hits "0") (kills "0") (headshots "0") (tks "0") (damage "0") (deaths "1")
L 09/05/2019 - 12:40:00: "CEIFADOR<9><VALVE_ID_LOOPBACK><TERRORIST>" triggered "weaponstats2" (weapon "glock18") (head "0") (chest "0") (stomach "0") (leftarm "0") (rightarm "0") (leftleg "0") (rightleg "0")
L 09/05/2019 - 12:40:00: "CEIFADOR<9><VALVE_ID_LOOPBACK><TERRORIST>" triggered "weaponstats" (weapon "mp5navy") (shots "201") (hits "34") (kills "12") (headshots "5") (tks "1") (damage "1032") (deaths "2")
L 09/05/2019 - 12:40:00: "CEIFADOR<9><VALVE_ID_LOOPBACK><TERRORIST>" triggered "weaponstats2" (weapon "mp5navy") (head "5") (chest "3") (stomach "3") (leftarm "9") (rightarm "6") (leftleg "6") (rightleg "2")
L 09/05/2019 - 12:40:00: "CEIFADOR<9><VALVE_ID_LOOPBACK><TERRORIST>" triggered "weaponstats" (weapon "m3") (shots "4") (hits "3") (kills "1") (headshots "0") (tks "0") (damage "267") (deaths "3")
L 09/05/2019 - 12:40:00: "CEIFADOR<9><VALVE_ID_LOOPBACK><TERRORIST>" triggered "weaponstats2" (weapon "m3") (head "0") (chest "1") (stomach "0") (leftarm "2") (rightarm "0") (leftleg "0") (rightleg "0")
L 09/05/2019 - 12:40:00: "CEIFADOR<9><VALVE_ID_LOOPBACK><TERRORIST>" triggered "weaponstats" (weapon "m4a1") (shots "19") (hits "5") (kills "1") (headshots "0") (tks "0") (damage "143") (deaths "1")
L 09/05/2019 - 12:40:00: "CEIFADOR<9><VALVE_ID_LOOPBACK><TERRORIST>" triggered "weaponstats2" (weapon "m4a1") (head "0") (chest "0") (stomach "2") (leftarm "2") (rightarm "0") (leftleg "1") (rightleg "0")
L 09/05/2019 - 12:40:00: "CEIFADOR<9><VALVE_ID_LOOPBACK><TERRORIST>" triggered "weaponstats" (weapon "tmp") (shots "36") (hits "3") (kills "0") (headshots "0") (tks "0") (damage "42") (deaths "2")
L 09/05/2019 - 12:40:00: "CEIFADOR<9><VALVE_ID_LOOPBACK><TERRORIST>" triggered "weaponstats2" (weapon "tmp") (head "0") (chest "0") (stomach "1") (leftarm "1") (rightarm "0") (leftleg "1") (rightleg "0")
L 09/05/2019 - 12:40:00: "CEIFADOR<9><VALVE_ID_LOOPBACK><TERRORIST>" triggered "weaponstats" (weapon "g3sg1") (shots "1") (hits "1") (kills "0") (headshots "0") (tks "0") (damage "20") (deaths "0")
L 09/05/2019 - 12:40:00: "CEIFADOR<9><VALVE_ID_LOOPBACK><TERRORIST>" triggered "weaponstats2" (weapon "g3sg1") (head "0") (chest "0") (stomach "0") (leftarm "1") (rightarm "0") (leftleg "0") (rightleg "0")
L 09/05/2019 - 12:40:00: "CEIFADOR<9><VALVE_ID_LOOPBACK><TERRORIST>" triggered "weaponstats" (weapon "sg552") (shots "8") (hits "4") (kills "1") (headshots "0") (tks "0") (damage "93") (deaths "1")
L 09/05/2019 - 12:40:00: "CEIFADOR<9><VALVE_ID_LOOPBACK><TERRORIST>" triggered "weaponstats2" (weapon "sg552") (head "0") (chest "0") (stomach "0") (leftarm "1") (rightarm "0") (leftleg "2") (rightleg "1")
L 09/05/2019 - 12:40:00: "CEIFADOR<9><VALVE_ID_LOOPBACK><TERRORIST>" triggered "weaponstats" (weapon "ak47") (shots "29") (hits "9") (kills "4") (headshots "0") (tks "0") (damage "320") (deaths "3")
L 09/05/2019 - 12:40:00: "CEIFADOR<9><VALVE_ID_LOOPBACK><TERRORIST>" triggered "weaponstats2" (weapon "ak47") (head "0") (chest "1") (stomach "2") (leftarm "4") (rightarm "1") (leftleg "0") (rightleg "1")
L 09/05/2019 - 12:40:00: "CEIFADOR<9><VALVE_ID_LOOPBACK><TERRORIST>" triggered "weaponstats" (weapon "knife") (shots "1") (hits "1") (kills "0") (headshots "0") (tks "0") (damage "65") (deaths "1")
L 09/05/2019 - 12:40:00: "CEIFADOR<9><VALVE_ID_LOOPBACK><TERRORIST>" triggered "weaponstats2" (weapon "knife") (head "1") (chest "0") (stomach "0") (leftarm "0") (rightarm "0") (leftleg "0") (rightleg "0")
L 09/05/2019 - 12:40:00: "CEIFADOR<9><VALVE_ID_LOOPBACK><TERRORIST>" triggered "weaponstats" (weapon "p90") (shots "22") (hits "0") (kills "0") (headshots "0") (tks "0") (damage "0") (deaths "1")
L 09/05/2019 - 12:40:00: "CEIFADOR<9><VALVE_ID_LOOPBACK><TERRORIST>" triggered "weaponstats2" (weapon "p90") (head "0") (chest "0") (stomach "0") (leftarm "0") (rightarm "0") (leftleg "0") (rightleg "0")
L 09/05/2019 - 12:40:00: "CEIFADOR<9><VALVE_ID_LOOPBACK><TERRORIST>" triggered "time" (time "10:11")
L 09/05/2019 - 12:40:00: "CEIFADOR<9><VALVE_ID_LOOPBACK><TERRORIST>" triggered "latency" (ping "0")
L 09/05/2019 - 12:40:00: "DareDevil<10><VALVE_ID_LAN><TERRORIST>" triggered "weaponstats" (weapon "grenade") (shots "8") (hits "8") (kills "0") (headshots "0") (tks "0") (damage "336") (deaths "0")
L 09/05/2019 - 12:40:00: "DareDevil<10><VALVE_ID_LAN><TERRORIST>" triggered "weaponstats2" (weapon "grenade") (head "0") (chest "0") (stomach "0") (leftarm "0") (rightarm "0") (leftleg "0") (rightleg "0")
L 09/05/2019 - 12:40:00: "DareDevil<10><VALVE_ID_LAN><TERRORIST>" triggered "weaponstats" (weapon "xm1014") (shots "70") (hits "33") (kills "19") (headshots "2") (tks "1") (damage "3159") (deaths "9")
L 09/05/2019 - 12:40:00: "DareDevil<10><VALVE_ID_LAN><TERRORIST>" triggered "weaponstats2" (weapon "xm1014") (head "3") (chest "4") (stomach "2") (leftarm "13") (rightarm "7") (leftleg "2") (rightleg "2")
L 09/05/2019 - 12:40:00: "DareDevil<10><VALVE_ID_LAN><TERRORIST>" triggered "weaponstats" (weapon "aug") (shots "75") (hits "14") (kills "5") (headshots "2") (tks "0") (damage "554") (deaths "2")
L 09/05/2019 - 12:40:00: "DareDevil<10><VALVE_ID_LAN><TERRORIST>" triggered "weaponstats2" (weapon "aug") (head "2") (chest "4") (stomach "2") (leftarm "4") (rightarm "2") (leftleg "0") (rightleg "0")
L 09/05/2019 - 12:40:00: "DareDevil<10><VALVE_ID_LAN><TERRORIST>" triggered "weaponstats" (weapon "glock18") (shots "7") (hits "2") (kills "1") (headshots "1") (tks "0") (damage "172") (deaths "0")
L 09/05/2019 - 12:40:00: "DareDevil<10><VALVE_ID_LAN><TERRORIST>" triggered "weaponstats2" (weapon "glock18") (head "2") (chest "0") (stomach "0") (leftarm "0") (rightarm "0") (leftleg "0") (rightleg "0")
L 09/05/2019 - 12:40:00: "DareDevil<10><VALVE_ID_LAN><TERRORIST>" triggered "weaponstats" (weapon "mp5navy") (shots "34") (hits "8") (kills "1") (headshots "0") (tks "0") (damage "203") (deaths "3")
L 09/05/2019 - 12:40:00: "DareDevil<10><VALVE_ID_LAN><TERRORIST>" triggered "weaponstats2" (weapon "mp5navy") (head "0") (chest "2") (stomach "4") (leftarm "1") (rightarm "1") (leftleg "0") (rightleg "0")
L 09/05/2019 - 12:40:00: "DareDevil<10><VALVE_ID_LAN><TERRORIST>" triggered "weaponstats" (weapon "m3") (shots "5") (hits "3") (kills "1") (headshots "1") (tks "0") (damage "190") (deaths "1")
L 09/05/2019 - 12:40:00: "DareDevil<10><VALVE_ID_LAN><TERRORIST>" triggered "weaponstats2" (weapon "m3") (head "1") (chest "0") (stomach "1") (leftarm "0") (rightarm "0") (leftleg "0") (rightleg "1")
L 09/05/2019 - 12:40:00: "DareDevil<10><VALVE_ID_LAN><TERRORIST>" triggered "weaponstats" (weapon "tmp") (shots "2") (hits "0") (kills "0") (headshots "0") (tks "0") (damage "0") (deaths "1")
L 09/05/2019 - 12:40:00: "DareDevil<10><VALVE_ID_LAN><TERRORIST>" triggered "weaponstats2" (weapon "tmp") (head "0") (chest "0") (stomach "0") (leftarm "0") (rightarm "0") (leftleg "0") (rightleg "0")
L 09/05/2019 - 12:40:00: "DareDevil<10><VALVE_ID_LAN><TERRORIST>" triggered "weaponstats" (weapon "sg552") (shots "30") (hits "4") (kills "1") (headshots "0") (tks "0") (damage "121") (deaths "1")
L 09/05/2019 - 12:40:00: "DareDevil<10><VALVE_ID_LAN><TERRORIST>" triggered "weaponstats2" (weapon "sg552") (head "0") (chest "2") (stomach "0") (leftarm "2") (rightarm "0") (leftleg "0") (rightleg "0")
L 09/05/2019 - 12:40:00: "DareDevil<10><VALVE_ID_LAN><TERRORIST>" triggered "weaponstats" (weapon "ak47") (shots "9") (hits "1") (kills "0") (headshots "0") (tks "0") (damage "33") (deaths "3")
L 09/05/2019 - 12:40:00: "DareDevil<10><VALVE_ID_LAN><TERRORIST>" triggered "weaponstats2" (weapon "ak47") (head "0") (chest "1") (stomach "0") (leftarm "0") (rightarm "0") (leftleg "0") (rightleg "0")
L 09/05/2019 - 12:40:00: "DareDevil<10><VALVE_ID_LAN><TERRORIST>" triggered "weaponstats" (weapon "knife") (shots "3") (hits "1") (kills "0") (headshots "0") (tks "0") (damage "65") (deaths "0")
L 09/05/2019 - 12:40:00: "DareDevil<10><VALVE_ID_LAN><TERRORIST>" triggered "weaponstats2" (weapon "knife") (head "1") (chest "0") (stomach "0") (leftarm "0") (rightarm "0") (leftleg "0") (rightleg "0")
L 09/05/2019 - 12:40:00: "DareDevil<10><VALVE_ID_LAN><TERRORIST>" triggered "weaponstats" (weapon "p90") (shots "26") (hits "2") (kills "0") (headshots "0") (tks "0") (damage "105") (deaths "0")
L 09/05/2019 - 12:40:00: "DareDevil<10><VALVE_ID_LAN><TERRORIST>" triggered "weaponstats2" (weapon "p90") (head "1") (chest "0") (stomach "0") (leftarm "0") (rightarm "1") (leftleg "0") (rightleg "0")
L 09/05/2019 - 12:40:00: "DareDevil<10><VALVE_ID_LAN><TERRORIST>" triggered "time" (time "10:08")
L 09/05/2019 - 12:40:00: "DareDevil<10><VALVE_ID_LAN><TERRORIST>" triggered "latency" (ping "11")
L 09/05/2019 - 12:40:00: "Gho$T<12><VALVE_ID_LAN><TERRORIST>" triggered "weaponstats" (weapon "grenade") (shots "6") (hits "12") (kills "0") (headshots "0") (tks "0") (damage "475") (deaths "0")
L 09/05/2019 - 12:40:00: "Gho$T<12><VALVE_ID_LAN><TERRORIST>" triggered "weaponstats2" (weapon "grenade") (head "0") (chest "0") (stomach "0") (leftarm "0") (rightarm "0") (leftleg "0") (rightleg "0")
L 09/05/2019 - 12:40:00: "Gho$T<12><VALVE_ID_LAN><TERRORIST>" triggered "weaponstats" (weapon "xm1014") (shots "31") (hits "17") (kills "9") (headshots "1") (tks "0") (damage "878") (deaths "2")
L 09/05/2019 - 12:40:00: "Gho$T<12><VALVE_ID_LAN><TERRORIST>" triggered "weaponstats2" (weapon "xm1014") (head "1") (chest "1") (stomach "0") (leftarm "5") (rightarm "3") (leftleg "1") (rightleg "6")
L 09/05/2019 - 12:40:00: "Gho$T<12><VALVE_ID_LAN><TERRORIST>" triggered "weaponstats" (weapon "mac10") (shots "17") (hits "1") (kills "0") (headshots "0") (tks "0") (damage "92") (deaths "1")
L 09/05/2019 - 12:40:00: "Gho$T<12><VALVE_ID_LAN><TERRORIST>" triggered "weaponstats2" (weapon "mac10") (head "1") (chest "0") (stomach "0") (leftarm "0") (rightarm "0") (leftleg "0") (rightleg "0")
L 09/05/2019 - 12:40:00: "Gho$T<12><VALVE_ID_LAN><TERRORIST>" triggered "weaponstats" (weapon "aug") (shots "21") (hits "1") (kills "1") (headshots "1") (tks "0") (damage "124") (deaths "1")
L 09/05/2019 - 12:40:00: "Gho$T<12><VALVE_ID_LAN><TERRORIST>" triggered "weaponstats2" (weapon "aug") (head "1") (chest "0") (stomach "0") (leftarm "0") (rightarm "0") (leftleg "0") (rightleg "0")
L 09/05/2019 - 12:40:00: "Gho$T<12><VALVE_ID_LAN><TERRORIST>" triggered "weaponstats" (weapon "glock18") (shots "9") (hits "1") (kills "0") (headshots "0") (tks "0") (damage "15") (deaths "5")
L 09/05/2019 - 12:40:00: "Gho$T<12><VALVE_ID_LAN><TERRORIST>" triggered "weaponstats2" (weapon "glock18") (head "0") (chest "1") (stomach "0") (leftarm "0") (rightarm "0") (leftleg "0") (rightleg "0")
L 09/05/2019 - 12:40:00: "Gho$T<12><VALVE_ID_LAN><TERRORIST>" triggered "weaponstats" (weapon "awp") (shots "3") (hits "2") (kills "2") (headshots "0") (tks "0") (damage "252") (deaths "0")
L 09/05/2019 - 12:40:00: "Gho$T<12><VALVE_ID_LAN><TERRORIST>" triggered "weaponstats2" (weapon "awp") (head "0") (chest "1") (stomach "1") (leftarm "0") (rightarm "0") (leftleg "0") (rightleg "0")
L 09/05/2019 - 12:40:00: "Gho$T<12><VALVE_ID_LAN><TERRORIST>" triggered "weaponstats" (weapon "mp5navy") (shots "87") (hits "14") (kills "4") (headshots "2") (tks "1") (damage "444") (deaths "5")
L 09/05/2019 - 12:40:00: "Gho$T<12><VALVE_ID_LAN><TERRORIST>" triggered "weaponstats2" (weapon "mp5navy") (head "2") (chest "4") (stomach "1") (leftarm "4") (rightarm "2") (leftleg "0") (rightleg "1")
L 09/05/2019 - 12:40:00: "Gho$T<12><VALVE_ID_LAN><TERRORIST>" triggered "weaponstats" (weapon "m249") (shots "32") (hits "6") (kills "2") (headshots "0") (tks "0") (damage "191") (deaths "2")
L 09/05/2019 - 12:40:00: "Gho$T<12><VALVE_ID_LAN><TERRORIST>" triggered "weaponstats2" (weapon "m249") (head "1") (chest "0") (stomach "0") (leftarm "2") (rightarm "1") (leftleg "0") (rightleg "2")
L 09/05/2019 - 12:40:00: "Gho$T<12><VALVE_ID_LAN><TERRORIST>" triggered "weaponstats" (weapon "m3") (shots "2") (hits "1") (kills "1") (headshots "0") (tks "0") (damage "110") (deaths "1")
L 09/05/2019 - 12:40:00: "Gho$T<12><VALVE_ID_LAN><TERRORIST>" triggered "weaponstats2" (weapon "m3") (head "0") (chest "0") (stomach "0") (leftarm "0") (rightarm "0") (leftleg "0") (rightleg "1")
L 09/05/2019 - 12:40:00: "Gho$T<12><VALVE_ID_LAN><TERRORIST>" triggered "weaponstats" (weapon "m4a1") (shots "3") (hits "1") (kills "0") (headshots "0") (tks "0") (damage "23") (deaths "1")
L 09/05/2019 - 12:40:00: "Gho$T<12><VALVE_ID_LAN><TERRORIST>" triggered "weaponstats2" (weapon "m4a1") (head "0") (chest "0") (stomach "0") (leftarm "0") (rightarm "0") (leftleg "1") (rightleg "0")
L 09/05/2019 - 12:40:00: "Gho$T<12><VALVE_ID_LAN><TERRORIST>" triggered "weaponstats" (weapon "tmp") (shots "1") (hits "0") (kills "0") (headshots "0") (tks "0") (damage "0") (deaths "0")
L 09/05/2019 - 12:40:00: "Gho$T<12><VALVE_ID_LAN><TERRORIST>" triggered "weaponstats2" (weapon "tmp") (head "0") (chest "0") (stomach "0") (leftarm "0") (rightarm "0") (leftleg "0") (rightleg "0")
L 09/05/2019 - 12:40:00: "Gho$T<12><VALVE_ID_LAN><TERRORIST>" triggered "weaponstats" (weapon "sg552") (shots "41") (hits "4") (kills "2") (headshots "1") (tks "0") (damage "229") (deaths "2")
L 09/05/2019 - 12:40:00: "Gho$T<12><VALVE_ID_LAN><TERRORIST>" triggered "weaponstats2" (weapon "sg552") (head "1") (chest "0") (stomach "2") (leftarm "1") (rightarm "0") (leftleg "0") (rightleg "0")
L 09/05/2019 - 12:40:00: "Gho$T<12><VALVE_ID_LAN><TERRORIST>" triggered "weaponstats" (weapon "ak47") (shots "24") (hits "6") (kills "2") (headshots "2") (tks "0") (damage "406") (deaths "2")
L 09/05/2019 - 12:40:00: "Gho$T<12><VALVE_ID_LAN><TERRORIST>" triggered "weaponstats2" (weapon "ak47") (head "2") (chest "2") (stomach "0") (leftarm "0") (rightarm "0") (leftleg "1") (rightleg "1")
L 09/05/2019 - 12:40:00: "Gho$T<12><VALVE_ID_LAN><TERRORIST>" triggered "weaponstats" (weapon "knife") (shots "2") (hits "2") (kills "1") (headshots "0") (tks "0") (damage "87") (deaths "1")
L 09/05/2019 - 12:40:00: "Gho$T<12><VALVE_ID_LAN><TERRORIST>" triggered "weaponstats2" (weapon "knife") (head "0") (chest "0") (stomach "0") (leftarm "1") (rightarm "1") (leftleg "0") (rightleg "0")
L 09/05/2019 - 12:40:00: "Gho$T<12><VALVE_ID_LAN><TERRORIST>" triggered "weaponstats" (weapon "p90") (shots "7") (hits "0") (kills "0") (headshots "0") (tks "0") (damage "0") (deaths "0")
L 09/05/2019 - 12:40:00: "Gho$T<12><VALVE_ID_LAN><TERRORIST>" triggered "weaponstats2" (weapon "p90") (head "0") (chest "0") (stomach "0") (leftarm "0") (rightarm "0") (leftleg "0") (rightleg "0")
L 09/05/2019 - 12:40:00: "Gho$T<12><VALVE_ID_LAN><TERRORIST>" triggered "time" (time "10:08")
L 09/05/2019 - 12:40:00: "Gho$T<12><VALVE_ID_LAN><TERRORIST>" triggered "latency" (ping "9")
L 09/05/2019 - 12:40:00: "Calcas Peludas<13><VALVE_ID_LAN><TERRORIST>" triggered "weaponstats" (weapon "grenade") (shots "2") (hits "5") (kills "2") (headshots "0") (tks "0") (damage "341") (deaths "1")
L 09/05/2019 - 12:40:00: "Calcas Peludas<13><VALVE_ID_LAN><TERRORIST>" triggered "weaponstats2" (weapon "grenade") (head "0") (chest "0") (stomach "0") (leftarm "0") (rightarm "0") (leftleg "0") (rightleg "0")
L 09/05/2019 - 12:40:00: "Calcas Peludas<13><VALVE_ID_LAN><TERRORIST>" triggered "weaponstats" (weapon "xm1014") (shots "32") (hits "13") (kills "2") (headshots "1") (tks "0") (damage "579") (deaths "4")
L 09/05/2019 - 12:40:00: "Calcas Peludas<13><VALVE_ID_LAN><TERRORIST>" triggered "weaponstats2" (weapon "xm1014") (head "1") (chest "0") (stomach "2") (leftarm "4") (rightarm "3") (leftleg "3") (rightleg "0")
L 09/05/2019 - 12:40:00: "Calcas Peludas<13><VALVE_ID_LAN><TERRORIST>" triggered "weaponstats" (weapon "mac10") (shots "30") (hits "3") (kills "1") (headshots "0") (tks "0") (damage "66") (deaths "1")
L 09/05/2019 - 12:40:00: "Calcas Peludas<13><VALVE_ID_LAN><TERRORIST>" triggered "weaponstats2" (weapon "mac10") (head "0") (chest "0") (stomach "0") (leftarm "2") (rightarm "0") (leftleg "1") (rightleg "0")
L 09/05/2019 - 12:40:00: "Calcas Peludas<13><VALVE_ID_LAN><TERRORIST>" triggered "weaponstats" (weapon "aug") (shots "80") (hits "19") (kills "5") (headshots "2") (tks "0") (damage "727") (deaths "3")
L 09/05/2019 - 12:40:00: "Calcas Peludas<13><VALVE_ID_LAN><TERRORIST>" triggered "weaponstats2" (weapon "aug") (head "2") (chest "5") (stomach "4") (leftarm "7") (rightarm "1") (leftleg "0") (rightleg "0")
L 09/05/2019 - 12:40:00: "Calcas Peludas<13><VALVE_ID_LAN><TERRORIST>" triggered "weaponstats" (weapon "glock18") (shots "2") (hits "0") (kills "0") (headshots "0") (tks "0") (damage "0") (deaths "1")
L 09/05/2019 - 12:40:00: "Calcas Peludas<13><VALVE_ID_LAN><TERRORIST>" triggered "weaponstats2" (weapon "glock18") (head "0") (chest "0") (stomach "0") (leftarm "0") (rightarm "0") (leftleg "0") (rightleg "0")
L 09/05/2019 - 12:40:00: "Calcas Peludas<13><VALVE_ID_LAN><TERRORIST>" triggered "weaponstats" (weapon "awp") (shots "1") (hits "0") (kills "0") (headshots "0") (tks "0") (damage "0") (deaths "0")
L 09/05/2019 - 12:40:00: "Calcas Peludas<13><VALVE_ID_LAN><TERRORIST>" triggered "weaponstats2" (weapon "awp") (head "0") (chest "0") (stomach "0") (leftarm "0") (rightarm "0") (leftleg "0") (rightleg "0")
L 09/05/2019 - 12:40:00: "Calcas Peludas<13><VALVE_ID_LAN><TERRORIST>" triggered "weaponstats" (weapon "mp5navy") (shots "13") (hits "4") (kills "1") (headshots "0") (tks "0") (damage "102") (deaths "0")
L 09/05/2019 - 12:40:00: "Calcas Peludas<13><VALVE_ID_LAN><TERRORIST>" triggered "weaponstats2" (weapon "mp5navy") (head "0") (chest "3") (stomach "0") (leftarm "0") (rightarm "1") (leftleg "0") (rightleg "0")
L 09/05/2019 - 12:40:00: "Calcas Peludas<13><VALVE_ID_LAN><TERRORIST>" triggered "weaponstats" (weapon "m249") (shots "37") (hits "4") (kills "0") (headshots "0") (tks "0") (damage "83") (deaths "1")
L 09/05/2019 - 12:40:00: "Calcas Peludas<13><VALVE_ID_LAN><TERRORIST>" triggered "weaponstats2" (weapon "m249") (head "0") (chest "1") (stomach "0") (leftarm "0") (rightarm "1") (leftleg "2") (rightleg "0")
L 09/05/2019 - 12:40:00: "Calcas Peludas<13><VALVE_ID_LAN><TERRORIST>" triggered "weaponstats" (weapon "m4a1") (shots "41") (hits "7") (kills "0") (headshots "0") (tks "0") (damage "142") (deaths "2")
L 09/05/2019 - 12:40:00: "Calcas Peludas<13><VALVE_ID_LAN><TERRORIST>" triggered "weaponstats2" (weapon "m4a1") (head "0") (chest "0") (stomach "3") (leftarm "2") (rightarm "0") (leftleg "0") (rightleg "2")
L 09/05/2019 - 12:40:00: "Calcas Peludas<13><VALVE_ID_LAN><TERRORIST>" triggered "weaponstats" (weapon "tmp") (shots "14") (hits "2") (kills "0") (headshots "0") (tks "0") (damage "51") (deaths "1")
L 09/05/2019 - 12:40:00: "Calcas Peludas<13><VALVE_ID_LAN><TERRORIST>" triggered "weaponstats2" (weapon "tmp") (head "1") (chest "0") (stomach "0") (leftarm "1") (rightarm "0") (leftleg "0") (rightleg "0")
L 09/05/2019 - 12:40:00: "Calcas Peludas<13><VALVE_ID_LAN><TERRORIST>" triggered "weaponstats" (weapon "g3sg1") (shots "1") (hits "0") (kills "0") (headshots "0") (tks "0") (damage "0") (deaths "1")
L 09/05/2019 - 12:40:00: "Calcas Peludas<13><VALVE_ID_LAN><TERRORIST>" triggered "weaponstats2" (weapon "g3sg1") (head "0") (chest "0") (stomach "0") (leftarm "0") (rightarm "0") (leftleg "0") (rightleg "0")
L 09/05/2019 - 12:40:00: "Calcas Peludas<13><VALVE_ID_LAN><TERRORIST>" triggered "weaponstats" (weapon "sg552") (shots "34") (hits "9") (kills "2") (headshots "1") (tks "1") (damage "239") (deaths "0")
L 09/05/2019 - 12:40:00: "Calcas Peludas<13><VALVE_ID_LAN><TERRORIST>" triggered "weaponstats2" (weapon "sg552") (head "1") (chest "1") (stomach "2") (leftarm "2") (rightarm "1") (leftleg "1") (rightleg "1")
L 09/05/2019 - 12:40:00: "Calcas Peludas<13><VALVE_ID_LAN><TERRORIST>" triggered "weaponstats" (weapon "ak47") (shots "25") (hits "3") (kills "1") (headshots "1") (tks "0") (damage "186") (deaths "4")
L 09/05/2019 - 12:40:00: "Calcas Peludas<13><VALVE_ID_LAN><TERRORIST>" triggered "weaponstats2" (weapon "ak47") (head "1") (chest "0") (stomach "1") (leftarm "1") (rightarm "0") (leftleg "0") (rightleg "0")
L 09/05/2019 - 12:40:00: "Calcas Peludas<13><VALVE_ID_LAN><TERRORIST>" triggered "weaponstats" (weapon "knife") (shots "4") (hits "2") (kills "0") (headshots "0") (tks "0") (damage "130") (deaths "3")
L 09/05/2019 - 12:40:00: "Calcas Peludas<13><VALVE_ID_LAN><TERRORIST>" triggered "weaponstats2" (weapon "knife") (head "0") (chest "2") (stomach "0") (leftarm "0") (rightarm "0") (leftleg "0") (rightleg "0")
L 09/05/2019 - 12:40:00: "Calcas Peludas<13><VALVE_ID_LAN><TERRORIST>" triggered "weaponstats" (weapon "p90") (shots "34") (hits "5") (kills "0") (headshots "0") (tks "0") (damage "107") (deaths "2")
L 09/05/2019 - 12:40:00: "Calcas Peludas<13><VALVE_ID_LAN><TERRORIST>" triggered "weaponstats2" (weapon "p90") (head "1") (chest "2") (stomach "0") (leftarm "2") (rightarm "0") (leftleg "0") (rightleg "0")
L 09/05/2019 - 12:40:00: "Calcas Peludas<13><VALVE_ID_LAN><TERRORIST>" triggered "time" (time "10:07")
L 09/05/2019 - 12:40:00: "Calcas Peludas<13><VALVE_ID_LAN><TERRORIST>" triggered "latency" (ping "9")
L 09/05/2019 - 12:40:00: "Jack<17><VALVE_ID_LAN><CT>" triggered "weaponstats" (weapon "grenade") (shots "6") (hits "8") (kills "0") (headshots "0") (tks "0") (damage "280") (deaths "0")
L 09/05/2019 - 12:40:00: "Jack<17><VALVE_ID_LAN><CT>" triggered "weaponstats2" (weapon "grenade") (head "0") (chest "0") (stomach "0") (leftarm "0") (rightarm "0") (leftleg "0") (rightleg "0")
L 09/05/2019 - 12:40:00: "Jack<17><VALVE_ID_LAN><CT>" triggered "weaponstats" (weapon "xm1014") (shots "4") (hits "2") (kills "2") (headshots "0") (tks "0") (damage "223") (deaths "1")
L 09/05/2019 - 12:40:00: "Jack<17><VALVE_ID_LAN><CT>" triggered "weaponstats2" (weapon "xm1014") (head "0") (chest "0") (stomach "1") (leftarm "1") (rightarm "0") (leftleg "0") (rightleg "0")
L 09/05/2019 - 12:40:00: "Jack<17><VALVE_ID_LAN><CT>" triggered "weaponstats" (weapon "aug") (shots "48") (hits "3") (kills "0") (headshots "0") (tks "0") (damage "59") (deaths "3")
L 09/05/2019 - 12:40:00: "Jack<17><VALVE_ID_LAN><CT>" triggered "weaponstats2" (weapon "aug") (head "0") (chest "0") (stomach "1") (leftarm "0") (rightarm "0") (leftleg "2") (rightleg "0")
L 09/05/2019 - 12:40:00: "Jack<17><VALVE_ID_LAN><CT>" triggered "weaponstats" (weapon "usp") (shots "30") (hits "7") (kills "0") (headshots "0") (tks "0") (damage "143") (deaths "5")
L 09/05/2019 - 12:40:00: "Jack<17><VALVE_ID_LAN><CT>" triggered "weaponstats2" (weapon "usp") (head "0") (chest "3") (stomach "1") (leftarm "1") (rightarm "0") (leftleg "0") (rightleg "2")
L 09/05/2019 - 12:40:00: "Jack<17><VALVE_ID_LAN><CT>" triggered "weaponstats" (weapon "mp5navy") (shots "71") (hits "14") (kills "2") (headshots "1") (tks "0") (damage "329") (deaths "3")
L 09/05/2019 - 12:40:00: "Jack<17><VALVE_ID_LAN><CT>" triggered "weaponstats2" (weapon "mp5navy") (head "1") (chest "2") (stomach "4") (leftarm "0") (rightarm "0") (leftleg "3") (rightleg "4")
L 09/05/2019 - 12:40:00: "Jack<17><VALVE_ID_LAN><CT>" triggered "weaponstats" (weapon "m249") (shots "33") (hits "0") (kills "0") (headshots "0") (tks "0") (damage "0") (deaths "0")
L 09/05/2019 - 12:40:00: "Jack<17><VALVE_ID_LAN><CT>" triggered "weaponstats2" (weapon "m249") (head "0") (chest "0") (stomach "0") (leftarm "0") (rightarm "0") (leftleg "0") (rightleg "0")
L 09/05/2019 - 12:40:00: "Jack<17><VALVE_ID_LAN><CT>" triggered "weaponstats" (weapon "m4a1") (shots "14") (hits "1") (kills "0") (headshots "0") (tks "0") (damage "35") (deaths "2")
L 09/05/2019 - 12:40:00: "Jack<17><VALVE_ID_LAN><CT>" triggered "weaponstats2" (weapon "m4a1") (head "0") (chest "0") (stomach "1") (leftarm "0") (rightarm "0") (leftleg "0") (rightleg "0")
L 09/05/2019 - 12:40:00: "Jack<17><VALVE_ID_LAN><CT>" triggered "weaponstats" (weapon "g3sg1") (shots "15") (hits "0") (kills "0") (headshots "0") (tks "0") (damage "0") (deaths "0")
L 09/05/2019 - 12:40:00: "Jack<17><VALVE_ID_LAN><CT>" triggered "weaponstats2" (weapon "g3sg1") (head "0") (chest "0") (stomach "0") (leftarm "0") (rightarm "0") (leftleg "0") (rightleg "0")
L 09/05/2019 - 12:40:00: "Jack<17><VALVE_ID_LAN><CT>" triggered "weaponstats" (weapon "sg552") (shots "85") (hits "16") (kills "3") (headshots "0") (tks "0") (damage "471") (deaths "3")
L 09/05/2019 - 12:40:00: "Jack<17><VALVE_ID_LAN><CT>" triggered "weaponstats2" (weapon "sg552") (head "1") (chest "2") (stomach "2") (leftarm "7") (rightarm "1") (leftleg "0") (rightleg "3")
L 09/05/2019 - 12:40:00: "Jack<17><VALVE_ID_LAN><CT>" triggered "weaponstats" (weapon "knife") (shots "7") (hits "2") (kills "1") (headshots "0") (tks "0") (damage "130") (deaths "2")
L 09/05/2019 - 12:40:00: "Jack<17><VALVE_ID_LAN><CT>" triggered "weaponstats2" (weapon "knife") (head "0") (chest "1") (stomach "0") (leftarm "1") (rightarm "0") (leftleg "0") (rightleg "0")
L 09/05/2019 - 12:40:00: "Jack<17><VALVE_ID_LAN><CT>" triggered "weaponstats" (weapon "p90") (shots "67") (hits "13") (kills "2") (headshots "2") (tks "0") (damage "353") (deaths "1")
L 09/05/2019 - 12:40:00: "Jack<17><VALVE_ID_LAN><CT>" triggered "weaponstats2" (weapon "p90") (head "2") (chest "2") (stomach "1") (leftarm "3") (rightarm "2") (leftleg "1") (rightleg "2")
L 09/05/2019 - 12:40:00: "Jack<17><VALVE_ID_LAN><CT>" triggered "time" (time "9:23")
L 09/05/2019 - 12:40:00: "Jack<17><VALVE_ID_LAN><CT>" triggered "latency" (ping "8")
L 09/05/2019 - 12:40:00: "@te<15><VALVE_ID_LAN><CT>" triggered "weaponstats" (weapon "grenade") (shots "5") (hits "8") (kills "2") (headshots "0") (tks "0") (damage "445") (deaths "0")
L 09/05/2019 - 12:40:00: "@te<15><VALVE_ID_LAN><CT>" triggered "weaponstats2" (weapon "grenade") (head "0") (chest "0") (stomach "0") (leftarm "0") (rightarm "0") (leftleg "0") (rightleg "0")
L 09/05/2019 - 12:40:00: "@te<15><VALVE_ID_LAN><CT>" triggered "weaponstats" (weapon "xm1014") (shots "28") (hits "12") (kills "5") (headshots "2") (tks "0") (damage "1055") (deaths "5")
L 09/05/2019 - 12:40:00: "@te<15><VALVE_ID_LAN><CT>" triggered "weaponstats2" (weapon "xm1014") (head "4") (chest "2") (stomach "1") (leftarm "2") (rightarm "1") (leftleg "0") (rightleg "2")
L 09/05/2019 - 12:40:00: "@te<15><VALVE_ID_LAN><CT>" triggered "weaponstats" (weapon "aug") (shots "32") (hits "5") (kills "1") (headshots "0") (tks "0") (damage "155") (deaths "2")
L 09/05/2019 - 12:40:00: "@te<15><VALVE_ID_LAN><CT>" triggered "weaponstats2" (weapon "aug") (head "0") (chest "1") (stomach "0") (leftarm "3") (rightarm "1") (leftleg "0") (rightleg "0")
L 09/05/2019 - 12:40:00: "@te<15><VALVE_ID_LAN><CT>" triggered "weaponstats" (weapon "usp") (shots "3") (hits "2") (kills "0") (headshots "0") (tks "0") (damage "63") (deaths "2")
L 09/05/2019 - 12:40:00: "@te<15><VALVE_ID_LAN><CT>" triggered "weaponstats2" (weapon "usp") (head "0") (chest "0") (stomach "0") (leftarm "2") (rightarm "0") (leftleg "0") (rightleg "0")
L 09/05/2019 - 12:40:00: "@te<15><VALVE_ID_LAN><CT>" triggered "weaponstats" (weapon "mp5navy") (shots "153") (hits "28") (kills "5") (headshots "0") (tks "0") (damage "635") (deaths "7")
L 09/05/2019 - 12:40:00: "@te<15><VALVE_ID_LAN><CT>" triggered "weaponstats2" (weapon "mp5navy") (head "1") (chest "7") (stomach "6") (leftarm "8") (rightarm "4") (leftleg "0") (rightleg "2")
L 09/05/2019 - 12:40:00: "@te<15><VALVE_ID_LAN><CT>" triggered "weaponstats" (weapon "m249") (shots "1") (hits "0") (kills "0") (headshots "0") (tks "0") (damage "0") (deaths "0")
L 09/05/2019 - 12:40:00: "@te<15><VALVE_ID_LAN><CT>" triggered "weaponstats2" (weapon "m249") (head "0") (chest "0") (stomach "0") (leftarm "0") (rightarm "0") (leftleg "0") (rightleg "0")
L 09/05/2019 - 12:40:00: "@te<15><VALVE_ID_LAN><CT>" triggered "weaponstats" (weapon "m3") (shots "2") (hits "1") (kills "1") (headshots "0") (tks "0") (damage "180") (deaths "1")
L 09/05/2019 - 12:40:00: "@te<15><VALVE_ID_LAN><CT>" triggered "weaponstats2" (weapon "m3") (head "0") (chest "0") (stomach "0") (leftarm "1") (rightarm "0") (leftleg "0") (rightleg "0")
L 09/05/2019 - 12:40:00: "@te<15><VALVE_ID_LAN><CT>" triggered "weaponstats" (weapon "g3sg1") (shots "3") (hits "2") (kills "1") (headshots "0") (tks "0") (damage "136") (deaths "0")
L 09/05/2019 - 12:40:00: "@te<15><VALVE_ID_LAN><CT>" triggered "weaponstats2" (weapon "g3sg1") (head "0") (chest "1") (stomach "1") (leftarm "0") (rightarm "0") (leftleg "0") (rightleg "0")
L 09/05/2019 - 12:40:00: "@te<15><VALVE_ID_LAN><CT>" triggered "weaponstats" (weapon "sg552") (shots "11") (hits "1") (kills "1") (headshots "0") (tks "0") (damage "23") (deaths "1")
L 09/05/2019 - 12:40:00: "@te<15><VALVE_ID_LAN><CT>" triggered "weaponstats2" (weapon "sg552") (head "0") (chest "0") (stomach "0") (leftarm "0") (rightarm "0") (leftleg "1") (rightleg "0")
L 09/05/2019 - 12:40:00: "@te<15><VALVE_ID_LAN><CT>" triggered "weaponstats" (weapon "ak47") (shots "12") (hits "3") (kills "1") (headshots "0") (tks "0") (damage "87") (deaths "0")
L 09/05/2019 - 12:40:00: "@te<15><VALVE_ID_LAN><CT>" triggered "weaponstats2" (weapon "ak47") (head "0") (chest "0") (stomach "0") (leftarm "1") (rightarm "0") (leftleg "1") (rightleg "1")
L 09/05/2019 - 12:40:00: "@te<15><VALVE_ID_LAN><CT>" triggered "time" (time "10:01")
L 09/05/2019 - 12:40:00: "@te<15><VALVE_ID_LAN><CT>" triggered "latency" (ping "7")
L 09/05/2019 - 12:40:00: "Kitkat<19><VALVE_ID_LAN><CT>" triggered "weaponstats" (weapon "xm1014") (shots "35") (hits "14") (kills "6") (headshots "2") (tks "0") (damage "755") (deaths "3")
L 09/05/2019 - 12:40:00: "Kitkat<19><VALVE_ID_LAN><CT>" triggered "weaponstats2" (weapon "xm1014") (head "2") (chest "2") (stomach "2") (leftarm "4") (rightarm "2") (leftleg "1") (rightleg "1")
L 09/05/2019 - 12:40:00: "Kitkat<19><VALVE_ID_LAN><CT>" triggered "weaponstats" (weapon "mac10") (shots "22") (hits "3") (kills "2") (headshots "1") (tks "0") (damage "117") (deaths "1")
L 09/05/2019 - 12:40:00: "Kitkat<19><VALVE_ID_LAN><CT>" triggered "weaponstats2" (weapon "mac10") (head "1") (chest "0") (stomach "0") (leftarm "0") (rightarm "1") (leftleg "0") (rightleg "1")
L 09/05/2019 - 12:40:00: "Kitkat<19><VALVE_ID_LAN><CT>" triggered "weaponstats" (weapon "aug") (shots "4") (hits "2") (kills "0") (headshots "0") (tks "0") (damage "60") (deaths "1")
L 09/05/2019 - 12:40:00: "Kitkat<19><VALVE_ID_LAN><CT>" triggered "weaponstats2" (weapon "aug") (head "0") (chest "1") (stomach "0") (leftarm "0") (rightarm "1") (leftleg "0") (rightleg "0")
L 09/05/2019 - 12:40:00: "Kitkat<19><VALVE_ID_LAN><CT>" triggered "weaponstats" (weapon "usp") (shots "6") (hits "0") (kills "0") (headshots "0") (tks "0") (damage "0") (deaths "1")
L 09/05/2019 - 12:40:00: "Kitkat<19><VALVE_ID_LAN><CT>" triggered "weaponstats2" (weapon "usp") (head "0") (chest "0") (stomach "0") (leftarm "0") (rightarm "0") (leftleg "0") (rightleg "0")
L 09/05/2019 - 12:40:00: "Kitkat<19><VALVE_ID_LAN><CT>" triggered "weaponstats" (weapon "mp5navy") (shots "68") (hits "17") (kills "3") (headshots "1") (tks "0") (damage "339") (deaths "3")
L 09/05/2019 - 12:40:00: "Kitkat<19><VALVE_ID_LAN><CT>" triggered "weaponstats2" (weapon "mp5navy") (head "1") (chest "2") (stomach "2") (leftarm "1") (rightarm "2") (leftleg "5") (rightleg "4")
L 09/05/2019 - 12:40:00: "Kitkat<19><VALVE_ID_LAN><CT>" triggered "weaponstats" (weapon "m249") (shots "7") (hits "2") (kills "1") (headshots "0") (tks "0") (damage "57") (deaths "2")
L 09/05/2019 - 12:40:00: "Kitkat<19><VALVE_ID_LAN><CT>" triggered "weaponstats2" (weapon "m249") (head "0") (chest "2") (stomach "0") (leftarm "0") (rightarm "0") (leftleg "0") (rightleg "0")
L 09/05/2019 - 12:40:00: "Kitkat<19><VALVE_ID_LAN><CT>" triggered "weaponstats" (weapon "m3") (shots "1") (hits "0") (kills "0") (headshots "0") (tks "0") (damage "0") (deaths "1")
L 09/05/2019 - 12:40:00: "Kitkat<19><VALVE_ID_LAN><CT>" triggered "weaponstats2" (weapon "m3") (head "0") (chest "0") (stomach "0") (leftarm "0") (rightarm "0") (leftleg "0") (rightleg "0")
L 09/05/2019 - 12:40:00: "Kitkat<19><VALVE_ID_LAN><CT>" triggered "weaponstats" (weapon "tmp") (shots "62") (hits "12") (kills "3") (headshots "0") (tks "0") (damage "281") (deaths "3")
L 09/05/2019 - 12:40:00: "Kitkat<19><VALVE_ID_LAN><CT>" triggered "weaponstats2" (weapon "tmp") (head "1") (chest "3") (stomach "1") (leftarm "4") (rightarm "1") (leftleg "0") (rightleg "2")
L 09/05/2019 - 12:40:00: "Kitkat<19><VALVE_ID_LAN><CT>" triggered "weaponstats" (weapon "p90") (shots "27") (hits "4") (kills "1") (headshots "0") (tks "0") (damage "70") (deaths "1")
L 09/05/2019 - 12:40:00: "Kitkat<19><VALVE_ID_LAN><CT>" triggered "weaponstats2" (weapon "p90") (head "0") (chest "1") (stomach "1") (leftarm "2") (rightarm "0") (leftleg "0") (rightleg "0")
L 09/05/2019 - 12:40:00: "Kitkat<19><VALVE_ID_LAN><CT>" triggered "time" (time "8:42")
L 09/05/2019 - 12:40:00: "Kitkat<19><VALVE_ID_LAN><CT>" triggered "latency" (ping "6")
L 09/05/2019 - 12:40:00: [META] ini: Begin re-reading plugins list: c:/valve/cstrike/addons/metamod/plugins.ini
L 09/05/2019 - 12:40:00: [META] ini: Read plugin config for: AMX
L 09/05/2019 - 12:40:00: [META] ini: Read plugin config for: WinHL-Booster
L 09/05/2019 - 12:40:00: [META] ERROR: ini: Skipping plugin, couldn't stat file 'addons/hlguard/dlls/hlguard_mm_nightly.dll': No such file or directory
L 09/05/2019 - 12:40:00: [META] ini: Read plugin config for: WebMod
L 09/05/2019 - 12:40:00: [META] ini: Finished reading plugins list: c:/valve/cstrike/addons/metamod/plugins.ini; Found 3 plugins
L 09/05/2019 - 12:40:00: [META] dll: Updating plugins...
L 09/05/2019 - 12:40:00: [META] ERROR: dll: Failed query plugin '<hlguard_mm_nightly.dll>'; Couldn't open file 'addons/hlguard/dlls/hlguard_mm_nightly.dll': No foi possvel encontrar o mdulo especificado.

L 09/05/2019 - 12:40:00: [META] ERROR: dll: Skipping plugin '<hlguard_mm_nightly.dll>'; couldn't query
L 09/05/2019 - 12:40:00: [META] dll: Finished updating 6 plugins; kept 3, loaded 0, unloaded 0, reloaded 0, delayed 0
L 09/05/2019 - 12:40:00: Server shutdown
L 09/05/2019 - 12:40:00: Log file closed
