L 09/04/2019 - 12:30:02: Log file started (file "logs\L0904000.log") (game "cstrike") (version "47/1.1.2.2/2603")
L 09/04/2019 - 12:30:02: "Calcas Peludas<10><VALVE_ID_LAN><>" joined team "TERRORIST"
L 09/04/2019 - 12:30:02: "Jack<13><VALVE_ID_LAN><>" entered the game
L 09/04/2019 - 12:30:04: "DareDevil<9><VALVE_ID_LAN><>" joined team "CT"
L 09/04/2019 - 12:30:04: "Smolder<12><VALVE_ID_LAN><>" joined team "TERRORIST"
L 09/04/2019 - 12:30:04: "Jack<13><VALVE_ID_LAN><>" joined team "CT"
L 09/04/2019 - 12:30:05: "Gho$T<14><VALVE_ID_LAN><>" entered the game
L 09/04/2019 - 12:30:05: "Calcas Peludas<10><VALVE_ID_LAN><TERRORIST>" triggered "Spawned_With_The_Bomb"
L 09/04/2019 - 12:30:05: World triggered "Round_Start"
L 09/04/2019 - 12:30:07: "Gho$T<14><VALVE_ID_LAN><>" joined team "TERRORIST"
L 09/04/2019 - 12:30:08: "INDIO<15><VALVE_ID_LAN><>" connected, address "10.15.2.117:27005"
L 09/04/2019 - 12:30:13: "INDIO<15><VALVE_ID_LAN><>" entered the game
L 09/04/2019 - 12:30:14: "Calcas Peludas<10><VALVE_ID_LAN><TERRORIST>" killed "Jack<13><VALVE_ID_LAN><CT>" with "aug"
L 09/04/2019 - 12:30:15: "Smolder<12><VALVE_ID_LAN><TERRORIST>" killed "DareDevil<9><VALVE_ID_LAN><CT>" with "mp5navy"
L 09/04/2019 - 12:30:16: "Cap Billy<11><VALVE_ID_LAN><CT>" killed "Gho$T<14><VALVE_ID_LAN><TERRORIST>" with "xm1014"
L 09/04/2019 - 12:30:16: "INDIO<15><VALVE_ID_LAN><>" joined team "CT"
L 09/04/2019 - 12:30:18: "Cap Billy<11><VALVE_ID_LAN><CT>" killed "Smolder<12><VALVE_ID_LAN><TERRORIST>" with "xm1014"
L 09/04/2019 - 12:30:20: "Calcas Peludas<10><VALVE_ID_LAN><TERRORIST>" killed "Cap Billy<11><VALVE_ID_LAN><CT>" with "aug"
L 09/04/2019 - 12:30:23: "Cap Billy<11><VALVE_ID_LAN><CT>" say "CAMPER!" (dead)
L 09/04/2019 - 12:30:24: "INDIO<15><VALVE_ID_LAN><CT>" killed "Calcas Peludas<10><VALVE_ID_LAN><TERRORIST>" with "m4a1"
L 09/04/2019 - 12:30:24: "Calcas Peludas<10><VALVE_ID_LAN><TERRORIST>" triggered "Dropped_The_Bomb"
L 09/04/2019 - 12:30:27: "INDIO<15><VALVE_ID_LAN><CT>" killed "CEIFADOR<8><VALVE_ID_LOOPBACK><TERRORIST>" with "m4a1"
L 09/04/2019 - 12:30:27: Team "CT" triggered "CTs_Win" (CT "1") (T "0")
L 09/04/2019 - 12:30:27: World triggered "Round_End"
L 09/04/2019 - 12:30:31: "Gho$T<14><VALVE_ID_LAN><TERRORIST>" say "estava recarregadno" (dead)
L 09/04/2019 - 12:30:32: "Smolder<12><VALVE_ID_LAN><TERRORIST>" triggered "Spawned_With_The_Bomb"
L 09/04/2019 - 12:30:32: World triggered "Round_Start"
L 09/04/2019 - 12:30:33: Log file closed
