L 09/16/2019 - 12:44:23: Log file started (file "logs\L0916002.log") (game "cstrike") (version "47/1.1.2.2/2603")
L 09/16/2019 - 12:44:23: Loading map "aim_glockbust2"
L 09/16/2019 - 12:44:23: Server cvars start
L 09/16/2019 - 12:44:23: Server cvar "_tutor_bomb_viewable_check_interval" = "0.5"
L 09/16/2019 - 12:44:23: Server cvar "_tutor_debug_level" = "0"
L 09/16/2019 - 12:44:23: Server cvar "_tutor_examine_time" = "0.5"
L 09/16/2019 - 12:44:23: Server cvar "_tutor_hint_interval_time" = "10.0"
L 09/16/2019 - 12:44:23: Server cvar "_tutor_look_angle" = "10"
L 09/16/2019 - 12:44:23: Server cvar "_tutor_look_distance" = "200"
L 09/16/2019 - 12:44:23: Server cvar "_tutor_message_character_display_time_coefficient" = "0.07"
L 09/16/2019 - 12:44:23: Server cvar "_tutor_message_minimum_display_time" = "1"
L 09/16/2019 - 12:44:23: Server cvar "_tutor_message_repeats" = "5"
L 09/16/2019 - 12:44:23: Server cvar "_tutor_view_distance" = "1000"
L 09/16/2019 - 12:44:23: Server cvar "allow_spectators" = "1.0"
L 09/16/2019 - 12:44:23: Server cvar "amx_modules" = "2"
L 09/16/2019 - 12:44:23: Server cvar "amx_nextmap" = "fy_pool2k"
L 09/16/2019 - 12:44:23: Server cvar "amx_timeleft" = "00:00"
L 09/16/2019 - 12:44:23: Server cvar "amx_version" = "2006.3"
L 09/16/2019 - 12:44:23: Server cvar "booster_version" = "1.60"
L 09/16/2019 - 12:44:23: Server cvar "bot_allow_grenades" = "0"
L 09/16/2019 - 12:44:23: Server cvar "bot_allow_machine_guns" = "0"
L 09/16/2019 - 12:44:23: Server cvar "bot_allow_pistols" = "1"
L 09/16/2019 - 12:44:23: Server cvar "bot_allow_rifles" = "0"
L 09/16/2019 - 12:44:23: Server cvar "bot_allow_rogues" = "1"
L 09/16/2019 - 12:44:23: Server cvar "bot_allow_shield" = "0"
L 09/16/2019 - 12:44:23: Server cvar "bot_allow_shotguns" = "0"
L 09/16/2019 - 12:44:23: Server cvar "bot_allow_snipers" = "0"
L 09/16/2019 - 12:44:23: Server cvar "bot_allow_sub_machine_guns" = "0"
L 09/16/2019 - 12:44:23: Server cvar "bot_auto_vacate" = "1"
L 09/16/2019 - 12:44:23: Server cvar "bot_chatter" = "normal"
L 09/16/2019 - 12:44:23: Server cvar "bot_debug" = "0"
L 09/16/2019 - 12:44:23: Server cvar "bot_defer_to_human" = "0"
L 09/16/2019 - 12:44:23: Server cvar "bot_difficulty" = "3"
L 09/16/2019 - 12:44:23: Server cvar "bot_join_after_player" = "1"
L 09/16/2019 - 12:44:23: Server cvar "bot_join_team" = "t"
L 09/16/2019 - 12:44:23: Server cvar "bot_nav_edit" = "0"
L 09/16/2019 - 12:44:23: Server cvar "bot_nav_zdraw" = "4"
L 09/16/2019 - 12:44:23: Server cvar "bot_prefix" = "XXBOT"
L 09/16/2019 - 12:44:23: Server cvar "bot_quicksave" = "0"
L 09/16/2019 - 12:44:23: Server cvar "bot_quota" = "1"
L 09/16/2019 - 12:44:23: Server cvar "bot_quota_match" = "0"
L 09/16/2019 - 12:44:23: Server cvar "bot_show_danger" = "0"
L 09/16/2019 - 12:44:23: Server cvar "bot_show_nav" = "0"
L 09/16/2019 - 12:44:23: Server cvar "bot_stop" = "0"
L 09/16/2019 - 12:44:23: Server cvar "bot_traceview" = "0"
L 09/16/2019 - 12:44:23: Server cvar "bot_walk" = "0"
L 09/16/2019 - 12:44:23: Server cvar "bot_zombie" = "0"
L 09/16/2019 - 12:44:23: Server cvar "coop" = "0"
L 09/16/2019 - 12:44:23: Server cvar "deathmatch" = "1"
L 09/16/2019 - 12:44:23: Server cvar "decalfrequency" = "30"
L 09/16/2019 - 12:44:23: Server cvar "edgefriction" = "2"
L 09/16/2019 - 12:44:23: Server cvar "fun_version" = "2006.3"
L 09/16/2019 - 12:44:23: Server cvar "humans_join_team" = "any"
L 09/16/2019 - 12:44:23: Server cvar "max_queries_sec" = "3.0"
L 09/16/2019 - 12:44:23: Server cvar "max_queries_sec_global" = "30"
L 09/16/2019 - 12:44:23: Server cvar "max_queries_window" = "60"
L 09/16/2019 - 12:44:23: Server cvar "metamod_version" = "1.19"
L 09/16/2019 - 12:44:23: Server cvar "mp_allowmonsters" = "0"
L 09/16/2019 - 12:44:23: Server cvar "mp_autokick" = "0"
L 09/16/2019 - 12:44:23: Server cvar "mp_autoteambalance" = "0"
L 09/16/2019 - 12:44:23: Server cvar "mp_buytime" = "1.500000"
L 09/16/2019 - 12:44:23: Server cvar "mp_c4timer" = "45"
L 09/16/2019 - 12:44:23: Server cvar "mp_chattime" = "10"
L 09/16/2019 - 12:44:23: Server cvar "mp_consistency" = "1"
L 09/16/2019 - 12:44:23: Server cvar "mp_fadetoblack" = "0"
L 09/16/2019 - 12:44:23: Server cvar "mp_flashlight" = "0"
L 09/16/2019 - 12:44:23: Server cvar "mp_footsteps" = "1"
L 09/16/2019 - 12:44:23: Server cvar "mp_forcecamera" = "2"
L 09/16/2019 - 12:44:23: Server cvar "mp_forcechasecam" = "0"
L 09/16/2019 - 12:44:23: Server cvar "mp_fragsleft" = "0"
L 09/16/2019 - 12:44:23: Server cvar "mp_freezetime" = "0.000000"
L 09/16/2019 - 12:44:23: Server cvar "mp_friendlyfire" = "1"
L 09/16/2019 - 12:44:23: Server cvar "mp_ghostfrequency" = "0.1"
L 09/16/2019 - 12:44:23: Server cvar "mp_hostagepenalty" = "5.000000"
L 09/16/2019 - 12:44:23: Server cvar "mp_kickpercent" = "0.66"
L 09/16/2019 - 12:44:23: Server cvar "mp_limitteams" = "0"
L 09/16/2019 - 12:44:23: Server cvar "mp_logdetail" = "0"
L 09/16/2019 - 12:44:23: Server cvar "mp_logfile" = "1"
L 09/16/2019 - 12:44:23: Server cvar "mp_logmessages" = "1"
L 09/16/2019 - 12:44:23: Server cvar "mp_mapvoteratio" = "0.66"
L 09/16/2019 - 12:44:23: Server cvar "mp_maxrounds" = "0.000000"
L 09/16/2019 - 12:44:23: Server cvar "mp_mirrordamage" = "0"
L 09/16/2019 - 12:44:23: Server cvar "mp_playerid" = "0"
L 09/16/2019 - 12:44:23: Server cvar "mp_roundtime" = "2.000000"
L 09/16/2019 - 12:44:23: Server cvar "mp_startmoney" = "1500.000000"
L 09/16/2019 - 12:44:23: Server cvar "mp_timeleft" = "0"
L 09/16/2019 - 12:44:23: Server cvar "mp_timelimit" = "10.000000"
L 09/16/2019 - 12:44:23: Server cvar "mp_tkpunish" = "1"
L 09/16/2019 - 12:44:23: Server cvar "mp_windifference" = "1"
L 09/16/2019 - 12:44:23: Server cvar "mp_winlimit" = "0.000000"
L 09/16/2019 - 12:44:23: Server cvar "pausable" = "0"
L 09/16/2019 - 12:44:23: Server cvar "server_fps" = "97"
L 09/16/2019 - 12:44:23: Server cvar "sv_accelerate" = "5"
L 09/16/2019 - 12:44:23: Server cvar "sv_aim" = "0"
L 09/16/2019 - 12:44:23: Server cvar "sv_airaccelerate" = "10"
L 09/16/2019 - 12:44:23: Server cvar "sv_airmove" = "1"
L 09/16/2019 - 12:44:23: Server cvar "sv_allowupload" = "1"
L 09/16/2019 - 12:44:23: Server cvar "sv_alltalk" = "0"
L 09/16/2019 - 12:44:23: Server cvar "sv_bounce" = "1"
L 09/16/2019 - 12:44:23: Server cvar "sv_cheats" = "0"
L 09/16/2019 - 12:44:23: Server cvar "sv_clienttrace" = "1"
L 09/16/2019 - 12:44:23: Server cvar "sv_clipmode" = "0"
L 09/16/2019 - 12:44:23: Server cvar "sv_contact" = ""
L 09/16/2019 - 12:44:23: Server cvar "sv_friction" = "4"
L 09/16/2019 - 12:44:23: Server cvar "sv_gravity" = "800"
L 09/16/2019 - 12:44:23: Server cvar "sv_logblocks" = "0"
L 09/16/2019 - 12:44:23: Server cvar "sv_maxrate" = "0"
L 09/16/2019 - 12:44:23: Server cvar "sv_maxspeed" = "320"
L 09/16/2019 - 12:44:23: Server cvar "sv_minrate" = "0"
L 09/16/2019 - 12:44:23: Server cvar "sv_password" = ""
L 09/16/2019 - 12:44:23: Server cvar "sv_proxies" = "1"
L 09/16/2019 - 12:44:23: Server cvar "sv_region" = "-1"
L 09/16/2019 - 12:44:23: Server cvar "sv_restart" = "0"
L 09/16/2019 - 12:44:23: Server cvar "sv_restartround" = "0"
L 09/16/2019 - 12:44:23: Server cvar "sv_stepsize" = "18"
L 09/16/2019 - 12:44:23: Server cvar "sv_stopspeed" = "75"
L 09/16/2019 - 12:44:23: Server cvar "sv_voiceenable" = "1"
L 09/16/2019 - 12:44:23: Server cvar "sv_wateraccelerate" = "10"
L 09/16/2019 - 12:44:23: Server cvar "sv_waterfriction" = "1"
L 09/16/2019 - 12:44:23: Server cvar "sys_ticrate" = "10000"
L 09/16/2019 - 12:44:23: Server cvar "w_version" = "0.48"
L 09/16/2019 - 12:44:23: Server cvars end
L 09/16/2019 - 12:44:23: Server cvar "sv_maxspeed" = "900"
L 09/16/2019 - 12:44:23: Server cvar "bot_difficulty" = "2"
L 09/16/2019 - 12:44:23: Server cvar "sv_maxspeed" = "320"
L 09/16/2019 - 12:44:23: Server cvar "amx_nextmap" = "aim_pistol"
L 09/16/2019 - 12:44:23: Started map "aim_glockbust2" (CRC "-1694105036")
L 09/16/2019 - 12:44:32: "CEIFADOR<11><VALVE_ID_LOOPBACK><>" connected, address "loopback"
L 09/16/2019 - 12:44:33: "CEIFADOR<11><VALVE_ID_LOOPBACK><>" entered the game
L 09/16/2019 - 12:44:33: World triggered "Round_Start"
L 09/16/2019 - 12:44:34: "CEIFADOR<11><VALVE_ID_LOOPBACK><>" joined team "TERRORIST"
L 09/16/2019 - 12:44:34: "XXBOT Quinn<12><BOT><>" joined team "TERRORIST"
L 09/16/2019 - 12:44:34: "XXBOT Quinn<12><BOT><>" entered the game
L 09/16/2019 - 12:44:34: "Calcas Peludas<13><VALVE_ID_LAN><>" connected, address "10.15.2.230:27005"
L 09/16/2019 - 12:44:37: "Smolder<14><VALVE_ID_LAN><>" connected, address "10.15.2.124:27005"
L 09/16/2019 - 12:44:37: "Calcas Peludas<13><VALVE_ID_LAN><>" entered the game
L 09/16/2019 - 12:44:38: "Calcas Peludas<13><VALVE_ID_LAN><>" joined team "TERRORIST"
L 09/16/2019 - 12:44:39: "@te<15><VALVE_ID_LAN><>" connected, address "10.15.2.86:27005"
L 09/16/2019 - 12:44:39: "Smolder<14><VALVE_ID_LAN><>" entered the game
L 09/16/2019 - 12:44:42: "Smolder<14><VALVE_ID_LAN><>" joined team "TERRORIST"
L 09/16/2019 - 12:44:42: "@te<15><VALVE_ID_LAN><>" entered the game
L 09/16/2019 - 12:44:43: "Cap Billy<16><VALVE_ID_LAN><>" connected, address "10.15.2.199:27005"
L 09/16/2019 - 12:44:44: Server cvar "bot_quota" = "0"
L 09/16/2019 - 12:44:44: Kick: "XXBOT Quinn<12><UNKNOWN><>" was kicked by "CEIFADOR"
L 09/16/2019 - 12:44:44: "XXBOT Quinn<12><BOT><TERRORIST>" disconnected
L 09/16/2019 - 12:44:45: "@te<15><VALVE_ID_LAN><>" joined team "CT"
L 09/16/2019 - 12:44:46: World triggered "Game_Commencing"
L 09/16/2019 - 12:44:46: World triggered "Game_Commencing" (CT "0") (T "0")
L 09/16/2019 - 12:44:46: World triggered "Round_End"
L 09/16/2019 - 12:44:48: World triggered "Round_Start"
L 09/16/2019 - 12:44:54: "Cap Billy<16><VALVE_ID_LAN><>" entered the game
L 09/16/2019 - 12:44:56: "Cap Billy<16><VALVE_ID_LAN><>" joined team "CT"
L 09/16/2019 - 12:44:59: "Cap Billy<16><VALVE_ID_LAN><CT>" killed "Smolder<14><VALVE_ID_LAN><TERRORIST>" with "glock18"
L 09/16/2019 - 12:45:01: "CEIFADOR<11><VALVE_ID_LOOPBACK><TERRORIST>" killed "Cap Billy<16><VALVE_ID_LAN><CT>" with "glock18"
L 09/16/2019 - 12:45:04: "CEIFADOR<11><VALVE_ID_LOOPBACK><TERRORIST>" killed "@te<15><VALVE_ID_LAN><CT>" with "glock18"
L 09/16/2019 - 12:45:04: Team "TERRORIST" triggered "Terrorists_Win" (CT "0") (T "1")
L 09/16/2019 - 12:45:04: World triggered "Round_End"
L 09/16/2019 - 12:45:04: "Gho$T<17><VALVE_ID_LAN><>" connected, address "10.15.2.123:27005"
L 09/16/2019 - 12:45:07: "Gho$T<17><VALVE_ID_LAN><>" entered the game
L 09/16/2019 - 12:45:09: World triggered "Round_Start"
L 09/16/2019 - 12:45:12: "Gho$T<17><VALVE_ID_LAN><>" joined team "CT"
L 09/16/2019 - 12:45:16: "Cap Billy<16><VALVE_ID_LAN><CT>" killed "Smolder<14><VALVE_ID_LAN><TERRORIST>" with "glock18"
L 09/16/2019 - 12:45:17: "Gho$T<17><VALVE_ID_LAN><CT>" killed "Calcas Peludas<13><VALVE_ID_LAN><TERRORIST>" with "glock18"
L 09/16/2019 - 12:45:23: "CEIFADOR<11><VALVE_ID_LOOPBACK><TERRORIST>" killed "@te<15><VALVE_ID_LAN><CT>" with "glock18"
L 09/16/2019 - 12:45:37: "CEIFADOR<11><VALVE_ID_LOOPBACK><TERRORIST>" killed "Gho$T<17><VALVE_ID_LAN><CT>" with "glock18"
L 09/16/2019 - 12:45:38: "Calcas Peludas<13><VALVE_ID_LAN><TERRORIST>" say "ole" (dead)
L 09/16/2019 - 12:45:43: "Calcas Peludas<13><VALVE_ID_LAN><TERRORIST>" say "oooleeee" (dead)
L 09/16/2019 - 12:45:43: "CEIFADOR<11><VALVE_ID_LOOPBACK><TERRORIST>" killed "Cap Billy<16><VALVE_ID_LAN><CT>" with "glock18"
L 09/16/2019 - 12:45:43: Team "TERRORIST" triggered "Terrorists_Win" (CT "0") (T "2")
L 09/16/2019 - 12:45:43: World triggered "Round_End"
L 09/16/2019 - 12:45:48: "Cap Billy<16><VALVE_ID_LAN><CT>" say_team "porra gopsto" (dead)
L 09/16/2019 - 12:45:48: World triggered "Round_Start"
L 09/16/2019 - 12:45:55: "Smolder<14><VALVE_ID_LAN><TERRORIST>" killed "@te<15><VALVE_ID_LAN><CT>" with "glock18"
L 09/16/2019 - 12:45:57: "Gho$T<17><VALVE_ID_LAN><CT>" killed "CEIFADOR<11><VALVE_ID_LOOPBACK><TERRORIST>" with "glock18"
L 09/16/2019 - 12:45:58: "Gho$T<17><VALVE_ID_LAN><CT>" killed "Calcas Peludas<13><VALVE_ID_LAN><TERRORIST>" with "glock18"
L 09/16/2019 - 12:46:00: "Cap Billy<16><VALVE_ID_LAN><CT>" killed "Smolder<14><VALVE_ID_LAN><TERRORIST>" with "glock18"
L 09/16/2019 - 12:46:00: Team "CT" triggered "CTs_Win" (CT "1") (T "2")
L 09/16/2019 - 12:46:00: World triggered "Round_End"
L 09/16/2019 - 12:46:01: "Calcas Peludas<13><VALVE_ID_LAN><TERRORIST>" say "cagado" (dead)
L 09/16/2019 - 12:46:05: World triggered "Round_Start"
L 09/16/2019 - 12:46:10: "@te<15><VALVE_ID_LAN><CT>" killed "Calcas Peludas<13><VALVE_ID_LAN><TERRORIST>" with "glock18"
L 09/16/2019 - 12:46:15: "Gho$T<17><VALVE_ID_LAN><CT>" killed "Smolder<14><VALVE_ID_LAN><TERRORIST>" with "glock18"
L 09/16/2019 - 12:46:15: "@te<15><VALVE_ID_LAN><CT>" killed "CEIFADOR<11><VALVE_ID_LOOPBACK><TERRORIST>" with "glock18"
L 09/16/2019 - 12:46:15: Team "CT" triggered "CTs_Win" (CT "2") (T "2")
L 09/16/2019 - 12:46:15: World triggered "Round_End"
L 09/16/2019 - 12:46:20: World triggered "Round_Start"
L 09/16/2019 - 12:46:26: "Cap Billy<16><VALVE_ID_LAN><CT>" killed "CEIFADOR<11><VALVE_ID_LOOPBACK><TERRORIST>" with "glock18"
L 09/16/2019 - 12:46:28: "Cap Billy<16><VALVE_ID_LAN><CT>" killed "Smolder<14><VALVE_ID_LAN><TERRORIST>" with "glock18"
L 09/16/2019 - 12:46:29: "Gho$T<17><VALVE_ID_LAN><CT>" killed "Calcas Peludas<13><VALVE_ID_LAN><TERRORIST>" with "glock18"
L 09/16/2019 - 12:46:29: Team "CT" triggered "CTs_Win" (CT "3") (T "2")
L 09/16/2019 - 12:46:29: World triggered "Round_End"
L 09/16/2019 - 12:46:34: World triggered "Round_Start"
L 09/16/2019 - 12:46:39: "CEIFADOR<11><VALVE_ID_LOOPBACK><TERRORIST>" killed "Gho$T<17><VALVE_ID_LAN><CT>" with "glock18"
L 09/16/2019 - 12:46:43: "Smolder<14><VALVE_ID_LAN><TERRORIST>" killed "Cap Billy<16><VALVE_ID_LAN><CT>" with "glock18"
L 09/16/2019 - 12:46:45: "Smolder<14><VALVE_ID_LAN><TERRORIST>" killed "@te<15><VALVE_ID_LAN><CT>" with "glock18"
L 09/16/2019 - 12:46:45: Team "TERRORIST" triggered "Terrorists_Win" (CT "3") (T "3")
L 09/16/2019 - 12:46:45: World triggered "Round_End"
L 09/16/2019 - 12:46:48: "Calcas Peludas<13><VALVE_ID_LAN><TERRORIST>" say_team "juntos"
L 09/16/2019 - 12:46:50: World triggered "Round_Start"
L 09/16/2019 - 12:46:57: "Cap Billy<16><VALVE_ID_LAN><CT>" killed "Smolder<14><VALVE_ID_LAN><TERRORIST>" with "knife"
L 09/16/2019 - 12:46:57: "Gho$T<17><VALVE_ID_LAN><CT>" killed "CEIFADOR<11><VALVE_ID_LOOPBACK><TERRORIST>" with "glock18"
L 09/16/2019 - 12:46:58: "Calcas Peludas<13><VALVE_ID_LAN><TERRORIST>" killed "@te<15><VALVE_ID_LAN><CT>" with "glock18"
L 09/16/2019 - 12:47:03: "Gho$T<17><VALVE_ID_LAN><CT>" killed "Calcas Peludas<13><VALVE_ID_LAN><TERRORIST>" with "knife"
L 09/16/2019 - 12:47:03: Team "CT" triggered "CTs_Win" (CT "4") (T "3")
L 09/16/2019 - 12:47:03: World triggered "Round_End"
L 09/16/2019 - 12:47:06: "Calcas Peludas<13><VALVE_ID_LAN><TERRORIST>" say "ai mamae" (dead)
L 09/16/2019 - 12:47:07: "Cap Billy<16><VALVE_ID_LAN><CT>" say "HAHAHAHAHAHA"
L 09/16/2019 - 12:47:07: "Gho$T<17><VALVE_ID_LAN><CT>" say "fuja nao"
L 09/16/2019 - 12:47:08: "@te<15><VALVE_ID_LAN><CT>" say "eita" (dead)
L 09/16/2019 - 12:47:08: World triggered "Round_Start"
L 09/16/2019 - 12:47:17: "Cap Billy<16><VALVE_ID_LAN><CT>" killed "Smolder<14><VALVE_ID_LAN><TERRORIST>" with "glock18"
L 09/16/2019 - 12:47:23: "CEIFADOR<11><VALVE_ID_LOOPBACK><TERRORIST>" killed "@te<15><VALVE_ID_LAN><CT>" with "glock18"
L 09/16/2019 - 12:47:25: "Cap Billy<16><VALVE_ID_LAN><CT>" killed "Calcas Peludas<13><VALVE_ID_LAN><TERRORIST>" with "glock18"
L 09/16/2019 - 12:47:26: "CEIFADOR<11><VALVE_ID_LOOPBACK><TERRORIST>" killed "Gho$T<17><VALVE_ID_LAN><CT>" with "glock18"
L 09/16/2019 - 12:47:28: "Cap Billy<16><VALVE_ID_LAN><CT>" killed "CEIFADOR<11><VALVE_ID_LOOPBACK><TERRORIST>" with "glock18"
L 09/16/2019 - 12:47:28: Team "CT" triggered "CTs_Win" (CT "5") (T "3")
L 09/16/2019 - 12:47:28: World triggered "Round_End"
L 09/16/2019 - 12:47:33: World triggered "Round_Start"
L 09/16/2019 - 12:47:40: "Calcas Peludas<13><VALVE_ID_LAN><TERRORIST>" killed "@te<15><VALVE_ID_LAN><CT>" with "glock18"
L 09/16/2019 - 12:47:42: "Cap Billy<16><VALVE_ID_LAN><CT>" killed "Smolder<14><VALVE_ID_LAN><TERRORIST>" with "glock18"
L 09/16/2019 - 12:47:44: "Calcas Peludas<13><VALVE_ID_LAN><TERRORIST>" killed "Gho$T<17><VALVE_ID_LAN><CT>" with "glock18"
L 09/16/2019 - 12:47:46: "Cap Billy<16><VALVE_ID_LAN><CT>" killed "CEIFADOR<11><VALVE_ID_LOOPBACK><TERRORIST>" with "knife"
L 09/16/2019 - 12:47:54: "Calcas Peludas<13><VALVE_ID_LAN><TERRORIST>" killed "Cap Billy<16><VALVE_ID_LAN><CT>" with "knife"
L 09/16/2019 - 12:47:54: Team "TERRORIST" triggered "Terrorists_Win" (CT "5") (T "4")
L 09/16/2019 - 12:47:54: World triggered "Round_End"
L 09/16/2019 - 12:47:57: "Smolder<14><VALVE_ID_LAN><TERRORIST>" say "tome" (dead)
L 09/16/2019 - 12:47:59: World triggered "Round_Start"
L 09/16/2019 - 12:48:08: "@te<15><VALVE_ID_LAN><CT>" killed "Calcas Peludas<13><VALVE_ID_LAN><TERRORIST>" with "glock18"
L 09/16/2019 - 12:48:10: "Smolder<14><VALVE_ID_LAN><TERRORIST>" killed "Gho$T<17><VALVE_ID_LAN><CT>" with "knife"
L 09/16/2019 - 12:48:13: "CEIFADOR<11><VALVE_ID_LOOPBACK><TERRORIST>" killed "@te<15><VALVE_ID_LAN><CT>" with "glock18"
L 09/16/2019 - 12:48:13: "Gho$T<17><VALVE_ID_LAN><CT>" say "de cem" (dead)
L 09/16/2019 - 12:48:15: "Gho$T<17><VALVE_ID_LAN><CT>" say "bixa" (dead)
L 09/16/2019 - 12:48:21: "Calcas Peludas<13><VALVE_ID_LAN><TERRORIST>" say "toma viadin" (dead)
L 09/16/2019 - 12:48:21: "Cap Billy<16><VALVE_ID_LAN><CT>" killed "Smolder<14><VALVE_ID_LAN><TERRORIST>" with "glock18"
L 09/16/2019 - 12:48:22: "CEIFADOR<11><VALVE_ID_LOOPBACK><TERRORIST>" killed "Cap Billy<16><VALVE_ID_LAN><CT>" with "glock18"
L 09/16/2019 - 12:48:22: Team "TERRORIST" triggered "Terrorists_Win" (CT "5") (T "5")
L 09/16/2019 - 12:48:22: World triggered "Round_End"
L 09/16/2019 - 12:48:27: World triggered "Round_Start"
L 09/16/2019 - 12:48:31: "Smolder<14><VALVE_ID_LAN><TERRORIST>" killed "Cap Billy<16><VALVE_ID_LAN><CT>" with "glock18"
L 09/16/2019 - 12:48:33: "Calcas Peludas<13><VALVE_ID_LAN><TERRORIST>" killed "Gho$T<17><VALVE_ID_LAN><CT>" with "glock18"
L 09/16/2019 - 12:48:39: "@te<15><VALVE_ID_LAN><CT>" killed "CEIFADOR<11><VALVE_ID_LOOPBACK><TERRORIST>" with "glock18"
L 09/16/2019 - 12:48:44: "@te<15><VALVE_ID_LAN><CT>" killed "Calcas Peludas<13><VALVE_ID_LAN><TERRORIST>" with "glock18"
L 09/16/2019 - 12:48:45: "Smolder<14><VALVE_ID_LAN><TERRORIST>" killed "@te<15><VALVE_ID_LAN><CT>" with "glock18"
L 09/16/2019 - 12:48:45: Team "TERRORIST" triggered "Terrorists_Win" (CT "5") (T "6")
L 09/16/2019 - 12:48:45: World triggered "Round_End"
L 09/16/2019 - 12:48:50: World triggered "Round_Start"
L 09/16/2019 - 12:49:04: "CEIFADOR<11><VALVE_ID_LOOPBACK><TERRORIST>" killed "Gho$T<17><VALVE_ID_LAN><CT>" with "glock18"
L 09/16/2019 - 12:49:07: "Smolder<14><VALVE_ID_LAN><TERRORIST>" killed "@te<15><VALVE_ID_LAN><CT>" with "glock18"
L 09/16/2019 - 12:49:10: "Cap Billy<16><VALVE_ID_LAN><CT>" killed "Calcas Peludas<13><VALVE_ID_LAN><TERRORIST>" with "glock18"
L 09/16/2019 - 12:49:18: "Cap Billy<16><VALVE_ID_LAN><CT>" killed "CEIFADOR<11><VALVE_ID_LOOPBACK><TERRORIST>" with "knife"
L 09/16/2019 - 12:49:19: "Smolder<14><VALVE_ID_LAN><TERRORIST>" committed suicide with "worldspawn" (world)
L 09/16/2019 - 12:49:19: Team "CT" triggered "CTs_Win" (CT "6") (T "6")
L 09/16/2019 - 12:49:19: World triggered "Round_End"
L 09/16/2019 - 12:49:22: "Calcas Peludas<13><VALVE_ID_LAN><TERRORIST>" say "ahayhahahahahaahahhaha" (dead)
L 09/16/2019 - 12:49:22: "Gho$T<17><VALVE_ID_LAN><CT>" say "kkkkk" (dead)
L 09/16/2019 - 12:49:24: World triggered "Round_Start"
L 09/16/2019 - 12:49:24: "Cap Billy<16><VALVE_ID_LAN><CT>" say "SE MATOU COM MEDOOO"
L 09/16/2019 - 12:49:36: "Smolder<14><VALVE_ID_LAN><TERRORIST>" killed "Gho$T<17><VALVE_ID_LAN><CT>" with "glock18"
L 09/16/2019 - 12:49:40: "@te<15><VALVE_ID_LAN><CT>" killed "Smolder<14><VALVE_ID_LAN><TERRORIST>" with "glock18"
L 09/16/2019 - 12:49:40: "Calcas Peludas<13><VALVE_ID_LAN><TERRORIST>" killed "@te<15><VALVE_ID_LAN><CT>" with "glock18"
L 09/16/2019 - 12:49:42: "Calcas Peludas<13><VALVE_ID_LAN><TERRORIST>" killed "Cap Billy<16><VALVE_ID_LAN><CT>" with "glock18"
L 09/16/2019 - 12:49:42: Team "TERRORIST" triggered "Terrorists_Win" (CT "6") (T "7")
L 09/16/2019 - 12:49:42: World triggered "Round_End"
L 09/16/2019 - 12:49:47: World triggered "Round_Start"
L 09/16/2019 - 12:49:51: "Cap Billy<16><VALVE_ID_LAN><CT>" killed "Smolder<14><VALVE_ID_LAN><TERRORIST>" with "glock18"
L 09/16/2019 - 12:49:57: "@te<15><VALVE_ID_LAN><CT>" killed "CEIFADOR<11><VALVE_ID_LOOPBACK><TERRORIST>" with "glock18"
L 09/16/2019 - 12:50:03: "Cap Billy<16><VALVE_ID_LAN><CT>" killed "Calcas Peludas<13><VALVE_ID_LAN><TERRORIST>" with "glock18"
L 09/16/2019 - 12:50:03: Team "CT" triggered "CTs_Win" (CT "7") (T "7")
L 09/16/2019 - 12:50:03: World triggered "Round_End"
L 09/16/2019 - 12:50:08: World triggered "Round_Start"
L 09/16/2019 - 12:50:17: "Gho$T<17><VALVE_ID_LAN><CT>" killed "Calcas Peludas<13><VALVE_ID_LAN><TERRORIST>" with "glock18"
L 09/16/2019 - 12:50:25: "Cap Billy<16><VALVE_ID_LAN><CT>" killed "CEIFADOR<11><VALVE_ID_LOOPBACK><TERRORIST>" with "knife"
L 09/16/2019 - 12:50:27: "Smolder<14><VALVE_ID_LAN><TERRORIST>" killed "@te<15><VALVE_ID_LAN><CT>" with "glock18"
L 09/16/2019 - 12:50:28: "Smolder<14><VALVE_ID_LAN><TERRORIST>" killed "Gho$T<17><VALVE_ID_LAN><CT>" with "glock18"
L 09/16/2019 - 12:50:29: "Cap Billy<16><VALVE_ID_LAN><CT>" killed "Smolder<14><VALVE_ID_LAN><TERRORIST>" with "knife"
L 09/16/2019 - 12:50:29: Team "CT" triggered "CTs_Win" (CT "8") (T "7")
L 09/16/2019 - 12:50:29: World triggered "Round_End"
L 09/16/2019 - 12:50:32: "Gho$T<17><VALVE_ID_LAN><CT>" say "kkkk" (dead)
L 09/16/2019 - 12:50:34: World triggered "Round_Start"
L 09/16/2019 - 12:50:43: "Gho$T<17><VALVE_ID_LAN><CT>" killed "Smolder<14><VALVE_ID_LAN><TERRORIST>" with "glock18"
L 09/16/2019 - 12:50:48: "@te<15><VALVE_ID_LAN><CT>" killed "Calcas Peludas<13><VALVE_ID_LAN><TERRORIST>" with "glock18"
L 09/16/2019 - 12:51:01: "Cap Billy<16><VALVE_ID_LAN><CT>" killed "CEIFADOR<11><VALVE_ID_LOOPBACK><TERRORIST>" with "knife"
L 09/16/2019 - 12:51:01: Team "CT" triggered "CTs_Win" (CT "9") (T "7")
L 09/16/2019 - 12:51:01: World triggered "Round_End"
L 09/16/2019 - 12:51:02: "Gho$T<17><VALVE_ID_LAN><CT>" killed "Cap Billy<16><VALVE_ID_LAN><CT>" with "knife"
L 09/16/2019 - 12:51:04: "Calcas Peludas<13><VALVE_ID_LAN><TERRORIST>" say "ahahahahahaha" (dead)
L 09/16/2019 - 12:51:06: World triggered "Round_Start"
L 09/16/2019 - 12:51:06: "Gho$T<17><VALVE_ID_LAN><CT>" committed suicide with "world"
L 09/16/2019 - 12:51:07: "Cap Billy<16><VALVE_ID_LAN><CT>" say "MEU DEUSSs"
L 09/16/2019 - 12:51:24: "Calcas Peludas<13><VALVE_ID_LAN><TERRORIST>" killed "@te<15><VALVE_ID_LAN><CT>" with "glock18"
L 09/16/2019 - 12:51:32: "Calcas Peludas<13><VALVE_ID_LAN><TERRORIST>" killed "Cap Billy<16><VALVE_ID_LAN><CT>" with "glock18"
L 09/16/2019 - 12:51:32: Team "TERRORIST" triggered "Terrorists_Win" (CT "9") (T "8")
L 09/16/2019 - 12:51:32: World triggered "Round_End"
L 09/16/2019 - 12:51:37: World triggered "Round_Start"
L 09/16/2019 - 12:51:44: "Smolder<14><VALVE_ID_LAN><TERRORIST>" killed "Cap Billy<16><VALVE_ID_LAN><CT>" with "knife"
L 09/16/2019 - 12:51:45: "Gho$T<17><VALVE_ID_LAN><CT>" killed "CEIFADOR<11><VALVE_ID_LOOPBACK><TERRORIST>" with "glock18"
L 09/16/2019 - 12:51:47: "Smolder<14><VALVE_ID_LAN><TERRORIST>" killed "Gho$T<17><VALVE_ID_LAN><CT>" with "knife"
L 09/16/2019 - 12:51:49: "Calcas Peludas<13><VALVE_ID_LAN><TERRORIST>" killed "@te<15><VALVE_ID_LAN><CT>" with "glock18"
L 09/16/2019 - 12:51:49: Team "TERRORIST" triggered "Terrorists_Win" (CT "9") (T "9")
L 09/16/2019 - 12:51:49: World triggered "Round_End"
L 09/16/2019 - 12:51:54: "Cap Billy<16><VALVE_ID_LAN><CT>" say_team "ahhh perai ahomi" (dead)
L 09/16/2019 - 12:51:54: World triggered "Round_Start"
L 09/16/2019 - 12:51:59: "Smolder<14><VALVE_ID_LAN><TERRORIST>" killed "Gho$T<17><VALVE_ID_LAN><CT>" with "glock18"
L 09/16/2019 - 12:52:01: "@te<15><VALVE_ID_LAN><CT>" killed "Smolder<14><VALVE_ID_LAN><TERRORIST>" with "glock18"
L 09/16/2019 - 12:52:03: "Calcas Peludas<13><VALVE_ID_LAN><TERRORIST>" killed "Cap Billy<16><VALVE_ID_LAN><CT>" with "glock18"
L 09/16/2019 - 12:52:05: "Gho$T<17><VALVE_ID_LAN><CT>" say_team "trocou de arma sem querer" (dead)
L 09/16/2019 - 12:52:10: "CEIFADOR<11><VALVE_ID_LOOPBACK><TERRORIST>" killed "@te<15><VALVE_ID_LAN><CT>" with "glock18"
L 09/16/2019 - 12:52:10: Team "TERRORIST" triggered "Terrorists_Win" (CT "9") (T "10")
L 09/16/2019 - 12:52:10: World triggered "Round_End"
L 09/16/2019 - 12:52:13: "Calcas Peludas<13><VALVE_ID_LAN><TERRORIST>" say_team "juntos"
L 09/16/2019 - 12:52:15: World triggered "Round_Start"
L 09/16/2019 - 12:52:26: "Smolder<14><VALVE_ID_LAN><TERRORIST>" killed "@te<15><VALVE_ID_LAN><CT>" with "glock18"
L 09/16/2019 - 12:52:29: "Gho$T<17><VALVE_ID_LAN><CT>" killed "Calcas Peludas<13><VALVE_ID_LAN><TERRORIST>" with "glock18"
L 09/16/2019 - 12:52:32: "Cap Billy<16><VALVE_ID_LAN><CT>" killed "CEIFADOR<11><VALVE_ID_LOOPBACK><TERRORIST>" with "glock18"
L 09/16/2019 - 12:52:35: "Gho$T<17><VALVE_ID_LAN><CT>" killed "Smolder<14><VALVE_ID_LAN><TERRORIST>" with "knife"
L 09/16/2019 - 12:52:35: Team "CT" triggered "CTs_Win" (CT "10") (T "10")
L 09/16/2019 - 12:52:35: World triggered "Round_End"
L 09/16/2019 - 12:52:40: World triggered "Round_Start"
L 09/16/2019 - 12:52:46: "Smolder<14><VALVE_ID_LAN><TERRORIST>" killed "Cap Billy<16><VALVE_ID_LAN><CT>" with "glock18"
L 09/16/2019 - 12:52:49: "Gho$T<17><VALVE_ID_LAN><CT>" killed "Smolder<14><VALVE_ID_LAN><TERRORIST>" with "glock18"
L 09/16/2019 - 12:52:52: "Calcas Peludas<13><VALVE_ID_LAN><TERRORIST>" killed "@te<15><VALVE_ID_LAN><CT>" with "glock18"
L 09/16/2019 - 12:52:52: "Kratos-away<18><VALVE_ID_LAN><>" connected, address "10.15.4.1:27005"
L 09/16/2019 - 12:53:01: "Kratos-away<18><VALVE_ID_LAN><>" entered the game
L 09/16/2019 - 12:53:03: Server cvar "amx_nextmap" = "aim_map_usp"
L 09/16/2019 - 12:53:04: "Kratos-away<18><VALVE_ID_LAN><>" joined team "TERRORIST"
L 09/16/2019 - 12:53:06: "Calcas Peludas<13><VALVE_ID_LAN><TERRORIST>" killed "Gho$T<17><VALVE_ID_LAN><CT>" with "glock18"
L 09/16/2019 - 12:53:06: Team "TERRORIST" triggered "Terrorists_Win" (CT "10") (T "11")
L 09/16/2019 - 12:53:06: World triggered "Round_End"
L 09/16/2019 - 12:53:11: World triggered "Round_Start"
L 09/16/2019 - 12:53:14: "XXBOT Seth<19><BOT><>" joined team "CT"
L 09/16/2019 - 12:53:14: Server cvar "bot_quota" = "1"
L 09/16/2019 - 12:53:14: "XXBOT Seth<19><BOT><>" entered the game
L 09/16/2019 - 12:53:18: "Kratos-away<18><VALVE_ID_LAN><TERRORIST>" killed "@te<15><VALVE_ID_LAN><CT>" with "glock18"
L 09/16/2019 - 12:53:22: "XXBOT Seth<19><BOT><CT>" killed "Kratos-away<18><VALVE_ID_LAN><TERRORIST>" with "glock18"
L 09/16/2019 - 12:53:22: "Gho$T<17><VALVE_ID_LAN><CT>" killed "Smolder<14><VALVE_ID_LAN><TERRORIST>" with "glock18"
L 09/16/2019 - 12:53:23: "Cap Billy<16><VALVE_ID_LAN><CT>" killed "Calcas Peludas<13><VALVE_ID_LAN><TERRORIST>" with "glock18"
L 09/16/2019 - 12:53:23: "CEIFADOR<11><VALVE_ID_LOOPBACK><TERRORIST>" killed "Gho$T<17><VALVE_ID_LAN><CT>" with "glock18"
L 09/16/2019 - 12:53:30: "XXBOT Seth<19><BOT><CT>" killed "CEIFADOR<11><VALVE_ID_LOOPBACK><TERRORIST>" with "glock18"
L 09/16/2019 - 12:53:30: Team "CT" triggered "CTs_Win" (CT "11") (T "11")
L 09/16/2019 - 12:53:30: World triggered "Round_End"
L 09/16/2019 - 12:53:35: World triggered "Round_Start"
L 09/16/2019 - 12:53:46: "Cap Billy<16><VALVE_ID_LAN><CT>" killed "Kratos-away<18><VALVE_ID_LAN><TERRORIST>" with "glock18"
L 09/16/2019 - 12:53:47: "@te<15><VALVE_ID_LAN><CT>" killed "CEIFADOR<11><VALVE_ID_LOOPBACK><TERRORIST>" with "glock18"
L 09/16/2019 - 12:53:48: "Cap Billy<16><VALVE_ID_LAN><CT>" killed "Smolder<14><VALVE_ID_LAN><TERRORIST>" with "glock18"
L 09/16/2019 - 12:53:53: "Gho$T<17><VALVE_ID_LAN><CT>" killed "Calcas Peludas<13><VALVE_ID_LAN><TERRORIST>" with "knife"
L 09/16/2019 - 12:53:53: Team "CT" triggered "CTs_Win" (CT "12") (T "11")
L 09/16/2019 - 12:53:53: World triggered "Round_End"
L 09/16/2019 - 12:53:56: "Calcas Peludas<13><VALVE_ID_LAN><TERRORIST>" say "fresco" (dead)
L 09/16/2019 - 12:53:56: "Gho$T<17><VALVE_ID_LAN><CT>" say "pegue"
L 09/16/2019 - 12:53:58: World triggered "Round_Start"
L 09/16/2019 - 12:53:58: "Cap Billy<16><VALVE_ID_LAN><CT>" say "GRACAS A MI"
L 09/16/2019 - 12:54:05: "Smolder<14><VALVE_ID_LAN><TERRORIST>" killed "XXBOT Seth<19><BOT><CT>" with "glock18"
L 09/16/2019 - 12:54:05: "Kratos-away<18><VALVE_ID_LAN><TERRORIST>" killed "@te<15><VALVE_ID_LAN><CT>" with "glock18"
L 09/16/2019 - 12:54:06: "Gho$T<17><VALVE_ID_LAN><CT>" killed "Calcas Peludas<13><VALVE_ID_LAN><TERRORIST>" with "glock18"
L 09/16/2019 - 12:54:09: "CEIFADOR<11><VALVE_ID_LOOPBACK><TERRORIST>" killed "Gho$T<17><VALVE_ID_LAN><CT>" with "knife"
L 09/16/2019 - 12:54:11: "Calcas Peludas<13><VALVE_ID_LAN><TERRORIST>" say "tu comeu ele foi " (dead)
L 09/16/2019 - 12:54:11: "Cap Billy<16><VALVE_ID_LAN><CT>" killed "Smolder<14><VALVE_ID_LAN><TERRORIST>" with "knife"
L 09/16/2019 - 12:54:12: "Gho$T<17><VALVE_ID_LAN><CT>" say "poorraa" (dead)
L 09/16/2019 - 12:54:14: "Kratos-away<18><VALVE_ID_LAN><TERRORIST>" killed "Cap Billy<16><VALVE_ID_LAN><CT>" with "glock18"
L 09/16/2019 - 12:54:14: Team "TERRORIST" triggered "Terrorists_Win" (CT "12") (T "12")
L 09/16/2019 - 12:54:14: World triggered "Round_End"
L 09/16/2019 - 12:54:17: "Kratos-away<18><VALVE_ID_LAN><TERRORIST>" say "cagado"
L 09/16/2019 - 12:54:19: World triggered "Round_Start"
L 09/16/2019 - 12:54:20: "@te<15><VALVE_ID_LAN><CT>" say "q medo em"
L 09/16/2019 - 12:54:22: "Smolder<14><VALVE_ID_LAN><TERRORIST>" killed "Cap Billy<16><VALVE_ID_LAN><CT>" with "glock18"
L 09/16/2019 - 12:54:24: "Smolder<14><VALVE_ID_LAN><TERRORIST>" killed "Gho$T<17><VALVE_ID_LAN><CT>" with "glock18"
L 09/16/2019 - 12:54:26: "Calcas Peludas<13><VALVE_ID_LAN><TERRORIST>" killed "XXBOT Seth<19><BOT><CT>" with "glock18"
L 09/16/2019 - 12:54:28: "Smolder<14><VALVE_ID_LAN><TERRORIST>" killed "@te<15><VALVE_ID_LAN><CT>" with "glock18"
L 09/16/2019 - 12:54:28: Team "TERRORIST" triggered "Terrorists_Win" (CT "12") (T "13")
L 09/16/2019 - 12:54:28: World triggered "Round_End"
L 09/16/2019 - 12:54:33: World triggered "Round_Start"
L 09/16/2019 - 12:54:33: "Cap Billy<16><VALVE_ID_LAN><CT>" say "MEDO A GENTE VE POR AI!!"
L 09/16/2019 - 12:54:41: "CEIFADOR<11><VALVE_ID_LOOPBACK><TERRORIST>" killed "Gho$T<17><VALVE_ID_LAN><CT>" with "glock18"
L 09/16/2019 - 12:54:42: "XXBOT Seth<19><BOT><CT>" killed "Kratos-away<18><VALVE_ID_LAN><TERRORIST>" with "glock18"
L 09/16/2019 - 12:54:44: "CEIFADOR<11><VALVE_ID_LOOPBACK><TERRORIST>" killed "XXBOT Seth<19><BOT><CT>" with "knife"
L 09/16/2019 - 12:54:46: "Calcas Peludas<13><VALVE_ID_LAN><TERRORIST>" killed "Cap Billy<16><VALVE_ID_LAN><CT>" with "knife"
L 09/16/2019 - 12:54:48: Team "CT" scored "12" with "4" players
L 09/16/2019 - 12:54:48: Team "TERRORIST" scored "13" with "4" players
L 09/16/2019 - 12:54:51: "Cap Billy<16><VALVE_ID_LAN><CT>" triggered "weaponstats" (weapon "glock18") (shots "217") (hits "64") (kills "17") (headshots "11") (tks "0") (damage "2336") (deaths "10")
L 09/16/2019 - 12:54:51: "Cap Billy<16><VALVE_ID_LAN><CT>" triggered "weaponstats2" (weapon "glock18") (head "23") (chest "7") (stomach "1") (leftarm "14") (rightarm "18") (leftleg "0") (rightleg "1")
L 09/16/2019 - 12:54:51: "Cap Billy<16><VALVE_ID_LAN><CT>" triggered "weaponstats" (weapon "knife") (shots "29") (hits "14") (kills "7") (headshots "3") (tks "0") (damage "968") (deaths "5")
L 09/16/2019 - 12:54:51: "Cap Billy<16><VALVE_ID_LAN><CT>" triggered "weaponstats2" (weapon "knife") (head "6") (chest "2") (stomach "0") (leftarm "2") (rightarm "3") (leftleg "1") (rightleg "0")
L 09/16/2019 - 12:54:51: "Cap Billy<16><VALVE_ID_LAN><CT>" triggered "time" (time "9:55")
L 09/16/2019 - 12:54:51: "Cap Billy<16><VALVE_ID_LAN><CT>" triggered "latency" (ping "5")
L 09/16/2019 - 12:54:54: "CEIFADOR<11><VALVE_ID_LOOPBACK><TERRORIST>" triggered "weaponstats" (weapon "glock18") (shots "262") (hits "93") (kills "14") (headshots "8") (tks "0") (damage "1937") (deaths "12")
L 09/16/2019 - 12:54:54: "CEIFADOR<11><VALVE_ID_LOOPBACK><TERRORIST>" triggered "weaponstats2" (weapon "glock18") (head "15") (chest "17") (stomach "6") (leftarm "37") (rightarm "16") (leftleg "1") (rightleg "1")
L 09/16/2019 - 12:54:54: "CEIFADOR<11><VALVE_ID_LOOPBACK><TERRORIST>" triggered "weaponstats" (weapon "knife") (shots "12") (hits "6") (kills "2") (headshots "0") (tks "0") (damage "330") (deaths "3")
L 09/16/2019 - 12:54:54: "CEIFADOR<11><VALVE_ID_LOOPBACK><TERRORIST>" triggered "weaponstats2" (weapon "knife") (head "0") (chest "3") (stomach "0") (leftarm "1") (rightarm "2") (leftleg "0") (rightleg "0")
L 09/16/2019 - 12:54:54: "CEIFADOR<11><VALVE_ID_LOOPBACK><TERRORIST>" triggered "time" (time "10:19")
L 09/16/2019 - 12:54:54: "CEIFADOR<11><VALVE_ID_LOOPBACK><TERRORIST>" triggered "latency" (ping "0")
L 09/16/2019 - 12:54:54: "Gho$T<17><VALVE_ID_LAN><CT>" triggered "weaponstats" (weapon "glock18") (shots "177") (hits "55") (kills "13") (headshots "10") (tks "0") (damage "1811") (deaths "12")
L 09/16/2019 - 12:54:54: "Gho$T<17><VALVE_ID_LAN><CT>" triggered "weaponstats2" (weapon "glock18") (head "16") (chest "9") (stomach "2") (leftarm "14") (rightarm "12") (leftleg "2") (rightleg "0")
L 09/16/2019 - 12:54:54: "Gho$T<17><VALVE_ID_LAN><CT>" triggered "weaponstats" (weapon "knife") (shots "9") (hits "6") (kills "4") (headshots "3") (tks "1") (damage "366") (deaths "5")
L 09/16/2019 - 12:54:54: "Gho$T<17><VALVE_ID_LAN><CT>" triggered "weaponstats2" (weapon "knife") (head "3") (chest "1") (stomach "1") (leftarm "0") (rightarm "1") (leftleg "0") (rightleg "0")
L 09/16/2019 - 12:54:54: "Gho$T<17><VALVE_ID_LAN><CT>" triggered "time" (time "9:45")
L 09/16/2019 - 12:54:54: "Gho$T<17><VALVE_ID_LAN><CT>" triggered "latency" (ping "7")
L 09/16/2019 - 12:54:54: "Calcas Peludas<13><VALVE_ID_LAN><TERRORIST>" triggered "weaponstats" (weapon "glock18") (shots "288") (hits "81") (kills "13") (headshots "11") (tks "0") (damage "2226") (deaths "12")
L 09/16/2019 - 12:54:54: "Calcas Peludas<13><VALVE_ID_LAN><TERRORIST>" triggered "weaponstats2" (weapon "glock18") (head "19") (chest "15") (stomach "4") (leftarm "26") (rightarm "14") (leftleg "1") (rightleg "2")
L 09/16/2019 - 12:54:54: "Calcas Peludas<13><VALVE_ID_LAN><TERRORIST>" triggered "weaponstats" (weapon "knife") (shots "9") (hits "4") (kills "2") (headshots "1") (tks "0") (damage "425") (deaths "4")
L 09/16/2019 - 12:54:54: "Calcas Peludas<13><VALVE_ID_LAN><TERRORIST>" triggered "weaponstats2" (weapon "knife") (head "2") (chest "2") (stomach "0") (leftarm "0") (rightarm "0") (leftleg "0") (rightleg "0")
L 09/16/2019 - 12:54:54: "Calcas Peludas<13><VALVE_ID_LAN><TERRORIST>" triggered "time" (time "10:15")
L 09/16/2019 - 12:54:54: "Calcas Peludas<13><VALVE_ID_LAN><TERRORIST>" triggered "latency" (ping "6")
L 09/16/2019 - 12:54:54: "Smolder<14><VALVE_ID_LAN><TERRORIST>" triggered "weaponstats" (weapon "glock18") (shots "253") (hits "74") (kills "16") (headshots "12") (tks "0") (damage "2170") (deaths "14")
L 09/16/2019 - 12:54:54: "Smolder<14><VALVE_ID_LAN><TERRORIST>" triggered "weaponstats2" (weapon "glock18") (head "19") (chest "10") (stomach "5") (leftarm "21") (rightarm "16") (leftleg "0") (rightleg "3")
L 09/16/2019 - 12:54:54: "Smolder<14><VALVE_ID_LAN><TERRORIST>" triggered "weaponstats" (weapon "knife") (shots "7") (hits "5") (kills "3") (headshots "2") (tks "0") (damage "685") (deaths "5")
L 09/16/2019 - 12:54:54: "Smolder<14><VALVE_ID_LAN><TERRORIST>" triggered "weaponstats2" (weapon "knife") (head "4") (chest "0") (stomach "0") (leftarm "1") (rightarm "0") (leftleg "0") (rightleg "0")
L 09/16/2019 - 12:54:54: "Smolder<14><VALVE_ID_LAN><TERRORIST>" triggered "time" (time "10:13")
L 09/16/2019 - 12:54:54: "Smolder<14><VALVE_ID_LAN><TERRORIST>" triggered "latency" (ping "6")
L 09/16/2019 - 12:54:54: "@te<15><VALVE_ID_LAN><CT>" triggered "weaponstats" (weapon "glock18") (shots "198") (hits "59") (kills "10") (headshots "6") (tks "0") (damage "1442") (deaths "14")
L 09/16/2019 - 12:54:54: "@te<15><VALVE_ID_LAN><CT>" triggered "weaponstats2" (weapon "glock18") (head "12") (chest "9") (stomach "4") (leftarm "13") (rightarm "18") (leftleg "2") (rightleg "1")
L 09/16/2019 - 12:54:54: "@te<15><VALVE_ID_LAN><CT>" triggered "weaponstats" (weapon "knife") (shots "6") (hits "5") (kills "0") (headshots "0") (tks "0") (damage "239") (deaths "6")
L 09/16/2019 - 12:54:54: "@te<15><VALVE_ID_LAN><CT>" triggered "weaponstats2" (weapon "knife") (head "2") (chest "1") (stomach "0") (leftarm "0") (rightarm "1") (leftleg "1") (rightleg "0")
L 09/16/2019 - 12:54:54: "@te<15><VALVE_ID_LAN><CT>" triggered "time" (time "10:10")
L 09/16/2019 - 12:54:54: "@te<15><VALVE_ID_LAN><CT>" triggered "latency" (ping "7")
L 09/16/2019 - 12:54:54: "Kratos-away<18><VALVE_ID_LAN><TERRORIST>" triggered "weaponstats" (weapon "glock18") (shots "36") (hits "14") (kills "3") (headshots "3") (tks "0") (damage "447") (deaths "3")
L 09/16/2019 - 12:54:54: "Kratos-away<18><VALVE_ID_LAN><TERRORIST>" triggered "weaponstats2" (weapon "glock18") (head "4") (chest "0") (stomach "0") (leftarm "4") (rightarm "6") (leftleg "0") (rightleg "0")
L 09/16/2019 - 12:54:54: "Kratos-away<18><VALVE_ID_LAN><TERRORIST>" triggered "weaponstats" (weapon "knife") (shots "3") (hits "0") (kills "0") (headshots "0") (tks "0") (damage "0") (deaths "0")
L 09/16/2019 - 12:54:54: "Kratos-away<18><VALVE_ID_LAN><TERRORIST>" triggered "weaponstats2" (weapon "knife") (head "0") (chest "0") (stomach "0") (leftarm "0") (rightarm "0") (leftleg "0") (rightleg "0")
L 09/16/2019 - 12:54:54: "Kratos-away<18><VALVE_ID_LAN><TERRORIST>" triggered "time" (time "1:51")
L 09/16/2019 - 12:54:54: "Kratos-away<18><VALVE_ID_LAN><TERRORIST>" triggered "latency" (ping "55")
L 09/16/2019 - 12:54:54: [META] ini: Begin re-reading plugins list: c:/valve/cstrike/addons/metamod/plugins.ini
L 09/16/2019 - 12:54:54: [META] ini: Read plugin config for: AMX
L 09/16/2019 - 12:54:54: [META] ini: Read plugin config for: WinHL-Booster
L 09/16/2019 - 12:54:54: [META] ERROR: ini: Skipping plugin, couldn't stat file 'addons/hlguard/dlls/hlguard_mm_nightly.dll': No such file or directory
L 09/16/2019 - 12:54:54: [META] ini: Read plugin config for: WebMod
L 09/16/2019 - 12:54:54: [META] ini: Finished reading plugins list: c:/valve/cstrike/addons/metamod/plugins.ini; Found 3 plugins
L 09/16/2019 - 12:54:54: [META] dll: Updating plugins...
L 09/16/2019 - 12:54:54: [META] ERROR: dll: Failed query plugin '<hlguard_mm_nightly.dll>'; Couldn't open file 'addons/hlguard/dlls/hlguard_mm_nightly.dll': Não foi possível encontrar o módulo especificado.

L 09/16/2019 - 12:54:54: [META] ERROR: dll: Skipping plugin '<hlguard_mm_nightly.dll>'; couldn't query
L 09/16/2019 - 12:54:54: [META] dll: Finished updating 6 plugins; kept 3, loaded 0, unloaded 0, reloaded 0, delayed 0
L 09/16/2019 - 12:54:54: Server shutdown
L 09/16/2019 - 12:54:54: Log file closed
