L 09/19/2019 - 12:31:21: Log file started (file "logs\L0919001.log") (game "cstrike") (version "47/1.1.2.2/2603")
L 09/19/2019 - 12:31:22: "XXBOT Quade<19><BOT><CT>" killed "Gho$T<13><VALVE_ID_LAN><TERRORIST>" with "aug"
L 09/19/2019 - 12:31:22: "Gho$T<13><VALVE_ID_LAN><TERRORIST>" triggered "Dropped_The_Bomb"
L 09/19/2019 - 12:31:24: "Smolder<15><VALVE_ID_LAN><TERRORIST>" killed "XXBOT Quade<19><BOT><CT>" with "ak47"
L 09/19/2019 - 12:31:24: Team "TERRORIST" triggered "Terrorists_Win" (CT "0") (T "1")
L 09/19/2019 - 12:31:24: World triggered "Round_End"
L 09/19/2019 - 12:31:29: "Smolder<15><VALVE_ID_LAN><TERRORIST>" triggered "Spawned_With_The_Bomb"
L 09/19/2019 - 12:31:29: World triggered "Round_Start"
L 09/19/2019 - 12:31:32: "Kitkat<20><VALVE_ID_LAN><>" connected, address "10.15.2.150:27005"
L 09/19/2019 - 12:31:35: "Kratos-away<16><VALVE_ID_LAN><TERRORIST>" killed "DareDevil<14><VALVE_ID_LAN><CT>" with "m3"
L 09/19/2019 - 12:31:36: "CEIFADOR<12><VALVE_ID_LOOPBACK><TERRORIST>" killed "Jack<17><VALVE_ID_LAN><CT>" with "ak47"
L 09/19/2019 - 12:31:36: "Kitkat<20><VALVE_ID_LAN><>" entered the game
L 09/19/2019 - 12:31:38: "CEIFADOR<12><VALVE_ID_LOOPBACK><TERRORIST>" killed "Cap Billy<18><VALVE_ID_LAN><CT>" with "ak47"
L 09/19/2019 - 12:31:43: "XXBOT Quade<19><BOT><CT>" killed "Smolder<15><VALVE_ID_LAN><TERRORIST>" with "usp"
L 09/19/2019 - 12:31:43: "Smolder<15><VALVE_ID_LAN><TERRORIST>" triggered "Dropped_The_Bomb"
L 09/19/2019 - 12:31:43: "Kratos-away<16><VALVE_ID_LAN><TERRORIST>" killed "XXBOT Quade<19><BOT><CT>" with "m4a1"
L 09/19/2019 - 12:31:43: Team "TERRORIST" triggered "Terrorists_Win" (CT "0") (T "2")
L 09/19/2019 - 12:31:43: World triggered "Round_End"
L 09/19/2019 - 12:31:43: "Kitkat<20><VALVE_ID_LAN><>" joined team "CT"
L 09/19/2019 - 12:31:46: "Gho$T<13><VALVE_ID_LAN><TERRORIST>" triggered "Got_The_Bomb"
L 09/19/2019 - 12:31:46: "Calcas Peludas<21><VALVE_ID_LAN><>" connected, address "10.15.2.230:27005"
L 09/19/2019 - 12:31:48: "Kratos-away<16><VALVE_ID_LAN><TERRORIST>" triggered "Spawned_With_The_Bomb"
L 09/19/2019 - 12:31:48: World triggered "Round_Start"
L 09/19/2019 - 12:31:49: Server cvar "bot_quota" = "0"
L 09/19/2019 - 12:31:49: Kick: "XXBOT Quade<19><UNKNOWN><>" was kicked by "CEIFADOR"
L 09/19/2019 - 12:31:49: "XXBOT Quade<19><BOT><CT>" disconnected
L 09/19/2019 - 12:31:51: "Calcas Peludas<21><VALVE_ID_LAN><>" entered the game
L 09/19/2019 - 12:31:53: "Kitkat<20><VALVE_ID_LAN><CT>" killed "Kratos-away<16><VALVE_ID_LAN><TERRORIST>" with "xm1014"
L 09/19/2019 - 12:31:53: "Kratos-away<16><VALVE_ID_LAN><TERRORIST>" triggered "Dropped_The_Bomb"
L 09/19/2019 - 12:31:53: "Calcas Peludas<21><VALVE_ID_LAN><>" joined team "TERRORIST"
L 09/19/2019 - 12:31:55: "Gho$T<13><VALVE_ID_LAN><TERRORIST>" killed "Kitkat<20><VALVE_ID_LAN><CT>" with "sg552"
L 09/19/2019 - 12:31:56: "Gho$T<13><VALVE_ID_LAN><TERRORIST>" killed "Jack<17><VALVE_ID_LAN><CT>" with "sg552"
L 09/19/2019 - 12:31:56: "CEIFADOR<12><VALVE_ID_LOOPBACK><TERRORIST>" killed "Cap Billy<18><VALVE_ID_LAN><CT>" with "ak47"
L 09/19/2019 - 12:31:56: "DareDevil<14><VALVE_ID_LAN><CT>" killed "Calcas Peludas<21><VALVE_ID_LAN><TERRORIST>" with "ak47"
L 09/19/2019 - 12:31:58: "Gho$T<13><VALVE_ID_LAN><TERRORIST>" triggered "Got_The_Bomb"
L 09/19/2019 - 12:31:59: "Smolder<15><VALVE_ID_LAN><TERRORIST>" killed "DareDevil<14><VALVE_ID_LAN><CT>" with "aug"
L 09/19/2019 - 12:31:59: Team "TERRORIST" triggered "Terrorists_Win" (CT "0") (T "3")
L 09/19/2019 - 12:31:59: World triggered "Round_End"
L 09/19/2019 - 12:32:04: "Calcas Peludas<21><VALVE_ID_LAN><TERRORIST>" triggered "Spawned_With_The_Bomb"
L 09/19/2019 - 12:32:04: World triggered "Round_Start"
L 09/19/2019 - 12:32:08: "Smolder<15><VALVE_ID_LAN><TERRORIST>" killed "Kitkat<20><VALVE_ID_LAN><CT>" with "aug"
L 09/19/2019 - 12:32:08: "Gho$T<13><VALVE_ID_LAN><TERRORIST>" killed "DareDevil<14><VALVE_ID_LAN><CT>" with "sg552"
L 09/19/2019 - 12:32:09: "XXBOT Minh<22><BOT><>" joined team "CT"
L 09/19/2019 - 12:32:09: Server cvar "bot_quota" = "1"
L 09/19/2019 - 12:32:09: "XXBOT Minh<22><BOT><>" entered the game
L 09/19/2019 - 12:32:11: "Cap Billy<18><VALVE_ID_LAN><CT>" killed "Gho$T<13><VALVE_ID_LAN><TERRORIST>" with "aug"
L 09/19/2019 - 12:32:12: "Kratos-away<16><VALVE_ID_LAN><TERRORIST>" killed "Cap Billy<18><VALVE_ID_LAN><CT>" with "mp5navy"
L 09/19/2019 - 12:32:15: "Kratos-away<16><VALVE_ID_LAN><TERRORIST>" killed "Jack<17><VALVE_ID_LAN><CT>" with "mp5navy"
L 09/19/2019 - 12:32:16: "@te<23><VALVE_ID_LAN><>" connected, address "10.15.2.86:27005"
L 09/19/2019 - 12:32:18: "XXBOT Minh<22><BOT><CT>" killed "Kratos-away<16><VALVE_ID_LAN><TERRORIST>" with "usp"
L 09/19/2019 - 12:32:19: "CEIFADOR<12><VALVE_ID_LOOPBACK><TERRORIST>" killed "XXBOT Minh<22><BOT><CT>" with "ak47"
L 09/19/2019 - 12:32:19: Team "TERRORIST" triggered "Terrorists_Win" (CT "0") (T "4")
L 09/19/2019 - 12:32:19: World triggered "Round_End"
L 09/19/2019 - 12:32:19: "@te<23><VALVE_ID_LAN><>" entered the game
L 09/19/2019 - 12:32:24: "Cap Billy<18><VALVE_ID_LAN><CT>" say_team "hj nao eh meu dia" (dead)
L 09/19/2019 - 12:32:24: "CEIFADOR<12><VALVE_ID_LOOPBACK><TERRORIST>" triggered "Spawned_With_The_Bomb"
L 09/19/2019 - 12:32:24: World triggered "Round_Start"
L 09/19/2019 - 12:32:28: "DareDevil<14><VALVE_ID_LAN><CT>" killed "Smolder<15><VALVE_ID_LAN><TERRORIST>" with "xm1014"
L 09/19/2019 - 12:32:29: "@te<23><VALVE_ID_LAN><>" joined team "CT"
L 09/19/2019 - 12:32:30: "Kratos-away<16><VALVE_ID_LAN><TERRORIST>" killed "DareDevil<14><VALVE_ID_LAN><CT>" with "sg552"
L 09/19/2019 - 12:32:30: "Jack<17><VALVE_ID_LAN><CT>" killed "Calcas Peludas<21><VALVE_ID_LAN><TERRORIST>" with "ak47"
L 09/19/2019 - 12:32:31: "Cap Billy<18><VALVE_ID_LAN><CT>" killed "CEIFADOR<12><VALVE_ID_LOOPBACK><TERRORIST>" with "aug"
L 09/19/2019 - 12:32:31: "CEIFADOR<12><VALVE_ID_LOOPBACK><TERRORIST>" triggered "Dropped_The_Bomb"
L 09/19/2019 - 12:32:33: "Kitkat<20><VALVE_ID_LAN><CT>" killed "Gho$T<13><VALVE_ID_LAN><TERRORIST>" with "mp5navy"
L 09/19/2019 - 12:32:33: "Kratos-away<16><VALVE_ID_LAN><TERRORIST>" killed "Cap Billy<18><VALVE_ID_LAN><CT>" with "sg552"
L 09/19/2019 - 12:32:35: Server cvar "bot_quota" = "0"
L 09/19/2019 - 12:32:35: Kick: "XXBOT Minh<22><UNKNOWN><>" was kicked by "CEIFADOR"
L 09/19/2019 - 12:32:35: "XXBOT Minh<22><BOT><CT>" disconnected
L 09/19/2019 - 12:32:36: "Kratos-away<16><VALVE_ID_LAN><TERRORIST>" killed "Kitkat<20><VALVE_ID_LAN><CT>" with "sg552"
L 09/19/2019 - 12:32:38: "Kratos-away<16><VALVE_ID_LAN><TERRORIST>" killed "Jack<17><VALVE_ID_LAN><CT>" with "sg552"
L 09/19/2019 - 12:32:39: "@te<23><VALVE_ID_LAN><CT>" killed "Kratos-away<16><VALVE_ID_LAN><TERRORIST>" with "knife"
L 09/19/2019 - 12:32:39: Team "CT" triggered "CTs_Win" (CT "1") (T "4")
L 09/19/2019 - 12:32:39: World triggered "Round_End"
L 09/19/2019 - 12:32:42: "Calcas Peludas<21><VALVE_ID_LAN><TERRORIST>" say "hahahaha" (dead)
L 09/19/2019 - 12:32:42: "Jack<17><VALVE_ID_LAN><CT>" say "eita" (dead)
L 09/19/2019 - 12:32:42: "Kratos-away<16><VALVE_ID_LAN><TERRORIST>" say "porra" (dead)
L 09/19/2019 - 12:32:43: "Cap Billy<18><VALVE_ID_LAN><CT>" say "BOA TARDEEEEEE" (dead)
L 09/19/2019 - 12:32:43: "Kitkat<20><VALVE_ID_LAN><CT>" say "kkkk" (dead)
L 09/19/2019 - 12:32:44: "Gho$T<13><VALVE_ID_LAN><TERRORIST>" say "pqp" (dead)
L 09/19/2019 - 12:32:44: "Gho$T<13><VALVE_ID_LAN><TERRORIST>" triggered "Spawned_With_The_Bomb"
L 09/19/2019 - 12:32:44: World triggered "Round_Start"
L 09/19/2019 - 12:32:45: "DareDevil<14><VALVE_ID_LAN><CT>" say "boa tarde"
L 09/19/2019 - 12:32:47: "Smolder<15><VALVE_ID_LAN><TERRORIST>" killed "Cap Billy<18><VALVE_ID_LAN><CT>" with "xm1014"
L 09/19/2019 - 12:32:49: "DareDevil<14><VALVE_ID_LAN><CT>" killed "Kratos-away<16><VALVE_ID_LAN><TERRORIST>" with "mac10"
L 09/19/2019 - 12:32:49: "Kitkat<20><VALVE_ID_LAN><CT>" killed "CEIFADOR<12><VALVE_ID_LOOPBACK><TERRORIST>" with "xm1014"
L 09/19/2019 - 12:32:51: "Gho$T<13><VALVE_ID_LAN><TERRORIST>" killed "Kitkat<20><VALVE_ID_LAN><CT>" with "sg552"
L 09/19/2019 - 12:32:52: "@te<23><VALVE_ID_LAN><CT>" killed "Gho$T<13><VALVE_ID_LAN><TERRORIST>" with "sg552"
L 09/19/2019 - 12:32:52: "Gho$T<13><VALVE_ID_LAN><TERRORIST>" triggered "Dropped_The_Bomb"
L 09/19/2019 - 12:32:56: "@te<23><VALVE_ID_LAN><CT>" killed "DareDevil<14><VALVE_ID_LAN><CT>" with "sg552"
L 09/19/2019 - 12:32:56: "Jack<17><VALVE_ID_LAN><CT>" killed "Smolder<15><VALVE_ID_LAN><TERRORIST>" with "m4a1"
L 09/19/2019 - 12:32:59: "Cap Billy<18><VALVE_ID_LAN><CT>" say "boa tarde do aniversariante" (dead)
L 09/19/2019 - 12:33:03: "Smolder<15><VALVE_ID_LAN><TERRORIST>" say "salvou" (dead)
L 09/19/2019 - 12:33:03: "Calcas Peludas<21><VALVE_ID_LAN><TERRORIST>" killed "Jack<17><VALVE_ID_LAN><CT>" with "m249"
L 09/19/2019 - 12:33:08: "Calcas Peludas<21><VALVE_ID_LAN><TERRORIST>" killed "@te<23><VALVE_ID_LAN><CT>" with "m249"
L 09/19/2019 - 12:33:08: Team "TERRORIST" triggered "Terrorists_Win" (CT "1") (T "5")
L 09/19/2019 - 12:33:08: World triggered "Round_End"
L 09/19/2019 - 12:33:08: "Kratos-away<16><VALVE_ID_LAN><TERRORIST>" say "e aniversario do @?" (dead)
L 09/19/2019 - 12:33:13: "Smolder<15><VALVE_ID_LAN><TERRORIST>" triggered "Spawned_With_The_Bomb"
L 09/19/2019 - 12:33:13: World triggered "Round_Start"
L 09/19/2019 - 12:33:13: "@te<23><VALVE_ID_LAN><CT>" committed suicide with "world"
L 09/19/2019 - 12:33:18: "Gho$T<13><VALVE_ID_LAN><TERRORIST>" killed "Cap Billy<18><VALVE_ID_LAN><CT>" with "m4a1"
L 09/19/2019 - 12:33:23: "Cap Billy<18><VALVE_ID_LAN><CT>" say "eh " (dead)
L 09/19/2019 - 12:33:25: "CEIFADOR<12><VALVE_ID_LOOPBACK><TERRORIST>" killed "DareDevil<14><VALVE_ID_LAN><CT>" with "sg552"
L 09/19/2019 - 12:33:31: "Calcas Peludas<21><VALVE_ID_LAN><TERRORIST>" killed "Jack<17><VALVE_ID_LAN><CT>" with "knife"
L 09/19/2019 - 12:33:31: "Kitkat<20><VALVE_ID_LAN><CT>" killed "Gho$T<13><VALVE_ID_LAN><TERRORIST>" with "sg552"
L 09/19/2019 - 12:33:32: "Kitkat<20><VALVE_ID_LAN><CT>" killed "Calcas Peludas<21><VALVE_ID_LAN><TERRORIST>" with "sg552"
L 09/19/2019 - 12:33:33: "Smolder<15><VALVE_ID_LAN><TERRORIST>" killed "Kitkat<20><VALVE_ID_LAN><CT>" with "mp5navy"
L 09/19/2019 - 12:33:33: Team "TERRORIST" triggered "Terrorists_Win" (CT "1") (T "6")
L 09/19/2019 - 12:33:33: World triggered "Round_End"
L 09/19/2019 - 12:33:38: "Kratos-away<16><VALVE_ID_LAN><TERRORIST>" triggered "Spawned_With_The_Bomb"
L 09/19/2019 - 12:33:38: World triggered "Round_Start"
L 09/19/2019 - 12:33:40: "Calcas Peludas<21><VALVE_ID_LAN><TERRORIST>" killed "Cap Billy<18><VALVE_ID_LAN><CT>" with "sg552"
L 09/19/2019 - 12:33:43: "DareDevil<14><VALVE_ID_LAN><CT>" killed "Calcas Peludas<21><VALVE_ID_LAN><TERRORIST>" with "xm1014"
L 09/19/2019 - 12:33:44: "Smolder<15><VALVE_ID_LAN><TERRORIST>" killed "Jack<17><VALVE_ID_LAN><CT>" with "mp5navy"
L 09/19/2019 - 12:33:45: "Kitkat<20><VALVE_ID_LAN><CT>" killed "Gho$T<13><VALVE_ID_LAN><TERRORIST>" with "mp5navy"
L 09/19/2019 - 12:33:46: "DareDevil<14><VALVE_ID_LAN><CT>" killed "Kratos-away<16><VALVE_ID_LAN><TERRORIST>" with "xm1014"
L 09/19/2019 - 12:33:46: "Kratos-away<16><VALVE_ID_LAN><TERRORIST>" triggered "Dropped_The_Bomb"
L 09/19/2019 - 12:33:47: "CEIFADOR<12><VALVE_ID_LOOPBACK><TERRORIST>" killed "@te<23><VALVE_ID_LAN><CT>" with "sg552"
L 09/19/2019 - 12:33:49: "DareDevil<14><VALVE_ID_LAN><CT>" killed "Smolder<15><VALVE_ID_LAN><TERRORIST>" with "xm1014"
L 09/19/2019 - 12:33:49: "Kitkat<20><VALVE_ID_LAN><CT>" killed "CEIFADOR<12><VALVE_ID_LOOPBACK><TERRORIST>" with "mp5navy"
L 09/19/2019 - 12:33:49: Team "CT" triggered "CTs_Win" (CT "2") (T "6")
L 09/19/2019 - 12:33:49: World triggered "Round_End"
L 09/19/2019 - 12:33:54: "Kratos-away<16><VALVE_ID_LAN><TERRORIST>" say "to jogando com minha  novinha aqui kkkk" (dead)
L 09/19/2019 - 12:33:54: "Calcas Peludas<21><VALVE_ID_LAN><TERRORIST>" triggered "Spawned_With_The_Bomb"
L 09/19/2019 - 12:33:54: World triggered "Round_Start"
L 09/19/2019 - 12:33:59: "Calcas Peludas<21><VALVE_ID_LAN><TERRORIST>" killed "DareDevil<14><VALVE_ID_LAN><CT>" with "xm1014"
L 09/19/2019 - 12:34:01: "Cap Billy<18><VALVE_ID_LAN><CT>" killed "CEIFADOR<12><VALVE_ID_LOOPBACK><TERRORIST>" with "ak47"
L 09/19/2019 - 12:34:03: "Cap Billy<18><VALVE_ID_LAN><CT>" killed "Gho$T<13><VALVE_ID_LAN><TERRORIST>" with "ak47"
L 09/19/2019 - 12:34:03: "Kratos-away<16><VALVE_ID_LAN><TERRORIST>" killed "@te<23><VALVE_ID_LAN><CT>" with "mp5navy"
L 09/19/2019 - 12:34:04: "Cap Billy<18><VALVE_ID_LAN><CT>" killed "Kratos-away<16><VALVE_ID_LAN><TERRORIST>" with "ak47"
L 09/19/2019 - 12:34:06: "Calcas Peludas<21><VALVE_ID_LAN><TERRORIST>" killed "Kitkat<20><VALVE_ID_LAN><CT>" with "xm1014"
L 09/19/2019 - 12:34:08: "CEIFADOR<12><VALVE_ID_LOOPBACK><TERRORIST>" say_team "fica" (dead)
L 09/19/2019 - 12:34:16: "Cap Billy<18><VALVE_ID_LAN><CT>" killed "Calcas Peludas<21><VALVE_ID_LAN><TERRORIST>" with "mp5navy"
L 09/19/2019 - 12:34:16: "Calcas Peludas<21><VALVE_ID_LAN><TERRORIST>" triggered "Dropped_The_Bomb"
L 09/19/2019 - 12:34:22: "Cap Billy<18><VALVE_ID_LAN><CT>" killed "Smolder<15><VALVE_ID_LAN><TERRORIST>" with "mp5navy"
L 09/19/2019 - 12:34:22: Team "CT" triggered "CTs_Win" (CT "3") (T "6")
L 09/19/2019 - 12:34:22: World triggered "Round_End"
L 09/19/2019 - 12:34:27: "CEIFADOR<12><VALVE_ID_LOOPBACK><TERRORIST>" triggered "Spawned_With_The_Bomb"
L 09/19/2019 - 12:34:27: World triggered "Round_Start"
L 09/19/2019 - 12:34:33: "Kratos-away<16><VALVE_ID_LAN><TERRORIST>" killed "Cap Billy<18><VALVE_ID_LAN><CT>" with "mac10"
L 09/19/2019 - 12:34:34: "DareDevil<14><VALVE_ID_LAN><CT>" killed "CEIFADOR<12><VALVE_ID_LOOPBACK><TERRORIST>" with "xm1014"
L 09/19/2019 - 12:34:34: "CEIFADOR<12><VALVE_ID_LOOPBACK><TERRORIST>" triggered "Dropped_The_Bomb"
L 09/19/2019 - 12:34:37: "Kitkat<20><VALVE_ID_LAN><CT>" killed "Gho$T<13><VALVE_ID_LAN><TERRORIST>" with "m249"
L 09/19/2019 - 12:34:38: "Kratos-away<16><VALVE_ID_LAN><TERRORIST>" killed "Jack<17><VALVE_ID_LAN><CT>" with "xm1014"
L 09/19/2019 - 12:34:38: "DareDevil<14><VALVE_ID_LAN><CT>" killed "Calcas Peludas<21><VALVE_ID_LAN><TERRORIST>" with "xm1014"
L 09/19/2019 - 12:34:38: "Smolder<15><VALVE_ID_LAN><TERRORIST>" killed "DareDevil<14><VALVE_ID_LAN><CT>" with "mp5navy"
L 09/19/2019 - 12:34:41: "Kitkat<20><VALVE_ID_LAN><CT>" killed "Kratos-away<16><VALVE_ID_LAN><TERRORIST>" with "m249"
L 09/19/2019 - 12:34:42: "Cap Billy<18><VALVE_ID_LAN><CT>" say "novinha??" (dead)
L 09/19/2019 - 12:34:43: "@te<23><VALVE_ID_LAN><CT>" killed "Smolder<15><VALVE_ID_LAN><TERRORIST>" with "mp5navy"
L 09/19/2019 - 12:34:43: Team "CT" triggered "CTs_Win" (CT "4") (T "6")
L 09/19/2019 - 12:34:43: World triggered "Round_End"
L 09/19/2019 - 12:34:46: "DareDevil<14><VALVE_ID_LAN><CT>" say "peguei o camprer peludo" (dead)
L 09/19/2019 - 12:34:47: "Gho$T<13><VALVE_ID_LAN><TERRORIST>" triggered "Spawned_With_The_Bomb"
L 09/19/2019 - 12:34:48: World triggered "Round_Start"
L 09/19/2019 - 12:34:50: "Cap Billy<18><VALVE_ID_LAN><CT>" killed "Calcas Peludas<21><VALVE_ID_LAN><TERRORIST>" with "ak47"
L 09/19/2019 - 12:34:51: "@te<23><VALVE_ID_LAN><CT>" killed "CEIFADOR<12><VALVE_ID_LOOPBACK><TERRORIST>" with "mp5navy"
L 09/19/2019 - 12:34:54: "Kratos-away<16><VALVE_ID_LAN><TERRORIST>" killed "Kitkat<20><VALVE_ID_LAN><CT>" with "ak47"
L 09/19/2019 - 12:34:56: "Smolder<15><VALVE_ID_LAN><TERRORIST>" killed "@te<23><VALVE_ID_LAN><CT>" with "mp5navy"
L 09/19/2019 - 12:34:56: "Jack<17><VALVE_ID_LAN><CT>" killed "Kratos-away<16><VALVE_ID_LAN><TERRORIST>" with "m4a1"
L 09/19/2019 - 12:34:57: "Calcas Peludas<21><VALVE_ID_LAN><TERRORIST>" say "safado" (dead)
L 09/19/2019 - 12:34:57: "Cap Billy<18><VALVE_ID_LAN><CT>" killed "Gho$T<13><VALVE_ID_LAN><TERRORIST>" with "ak47"
L 09/19/2019 - 12:34:57: "Gho$T<13><VALVE_ID_LAN><TERRORIST>" triggered "Dropped_The_Bomb"
L 09/19/2019 - 12:35:00: "Cap Billy<18><VALVE_ID_LAN><CT>" killed "Smolder<15><VALVE_ID_LAN><TERRORIST>" with "ak47"
L 09/19/2019 - 12:35:00: Team "CT" triggered "CTs_Win" (CT "5") (T "6")
L 09/19/2019 - 12:35:00: World triggered "Round_End"
L 09/19/2019 - 12:35:04: "CEIFADOR<12><VALVE_ID_LOOPBACK><TERRORIST>" say_team "bora" (dead)
L 09/19/2019 - 12:35:05: "Smolder<15><VALVE_ID_LAN><TERRORIST>" triggered "Spawned_With_The_Bomb"
L 09/19/2019 - 12:35:05: World triggered "Round_Start"
L 09/19/2019 - 12:35:08: "Calcas Peludas<21><VALVE_ID_LAN><TERRORIST>" killed "Cap Billy<18><VALVE_ID_LAN><CT>" with "aug"
L 09/19/2019 - 12:35:08: "DareDevil<14><VALVE_ID_LAN><CT>" killed "Calcas Peludas<21><VALVE_ID_LAN><TERRORIST>" with "grenade"
L 09/19/2019 - 12:35:08: "Kratos-away<16><VALVE_ID_LAN><TERRORIST>" killed "DareDevil<14><VALVE_ID_LAN><CT>" with "xm1014"
L 09/19/2019 - 12:35:12: "CEIFADOR<12><VALVE_ID_LOOPBACK><TERRORIST>" killed "Kitkat<20><VALVE_ID_LAN><CT>" with "ak47"
L 09/19/2019 - 12:35:12: "Kratos-away<16><VALVE_ID_LAN><TERRORIST>" killed "@te<23><VALVE_ID_LAN><CT>" with "xm1014"
L 09/19/2019 - 12:35:15: "Jack<17><VALVE_ID_LAN><CT>" killed "Kratos-away<16><VALVE_ID_LAN><TERRORIST>" with "m4a1"
L 09/19/2019 - 12:35:16: "Calcas Peludas<21><VALVE_ID_LAN><TERRORIST>" say_team "pra cima" (dead)
L 09/19/2019 - 12:35:21: "Jack<17><VALVE_ID_LAN><CT>" killed "CEIFADOR<12><VALVE_ID_LOOPBACK><TERRORIST>" with "m4a1"
L 09/19/2019 - 12:35:23: "Smolder<15><VALVE_ID_LAN><TERRORIST>" killed "Jack<17><VALVE_ID_LAN><CT>" with "knife"
L 09/19/2019 - 12:35:23: Team "TERRORIST" triggered "Terrorists_Win" (CT "5") (T "7")
L 09/19/2019 - 12:35:23: World triggered "Round_End"
L 09/19/2019 - 12:35:25: "Calcas Peludas<21><VALVE_ID_LAN><TERRORIST>" say "ui nega" (dead)
L 09/19/2019 - 12:35:28: "Kratos-away<16><VALVE_ID_LAN><TERRORIST>" triggered "Spawned_With_The_Bomb"
L 09/19/2019 - 12:35:28: World triggered "Round_Start"
L 09/19/2019 - 12:35:30: "Smolder<15><VALVE_ID_LAN><TERRORIST>" killed "Kitkat<20><VALVE_ID_LAN><CT>" with "mp5navy"
L 09/19/2019 - 12:35:32: "Gho$T<13><VALVE_ID_LAN><TERRORIST>" killed "Cap Billy<18><VALVE_ID_LAN><CT>" with "ak47"
L 09/19/2019 - 12:35:34: "Jack<17><VALVE_ID_LAN><CT>" killed "Gho$T<13><VALVE_ID_LAN><TERRORIST>" with "xm1014"
L 09/19/2019 - 12:35:36: "@te<23><VALVE_ID_LAN><CT>" killed "CEIFADOR<12><VALVE_ID_LOOPBACK><TERRORIST>" with "knife"
L 09/19/2019 - 12:35:37: "Smolder<15><VALVE_ID_LAN><TERRORIST>" killed "@te<23><VALVE_ID_LAN><CT>" with "knife"
L 09/19/2019 - 12:35:40: "Calcas Peludas<21><VALVE_ID_LAN><TERRORIST>" killed "DareDevil<14><VALVE_ID_LAN><CT>" with "sg552"
L 09/19/2019 - 12:35:41: "Cap Billy<18><VALVE_ID_LAN><CT>" say "HAHAHAHAHAHAHAHAHA" (dead)
L 09/19/2019 - 12:35:41: "Calcas Peludas<21><VALVE_ID_LAN><TERRORIST>" killed "Jack<17><VALVE_ID_LAN><CT>" with "sg552"
L 09/19/2019 - 12:35:41: Team "TERRORIST" triggered "Terrorists_Win" (CT "5") (T "8")
L 09/19/2019 - 12:35:41: World triggered "Round_End"
L 09/19/2019 - 12:35:44: "Jack<17><VALVE_ID_LAN><CT>" say "carai dare" (dead)
L 09/19/2019 - 12:35:44: "Cap Billy<18><VALVE_ID_LAN><CT>" say "deicou no sal" (dead)
L 09/19/2019 - 12:35:46: "Calcas Peludas<21><VALVE_ID_LAN><TERRORIST>" triggered "Spawned_With_The_Bomb"
L 09/19/2019 - 12:35:46: World triggered "Round_Start"
L 09/19/2019 - 12:35:50: "Kitkat<20><VALVE_ID_LAN><CT>" killed "CEIFADOR<12><VALVE_ID_LOOPBACK><TERRORIST>" with "usp"
L 09/19/2019 - 12:35:51: "Cap Billy<18><VALVE_ID_LAN><CT>" killed "Kratos-away<16><VALVE_ID_LAN><TERRORIST>" with "m4a1"
L 09/19/2019 - 12:35:51: "Cap Billy<18><VALVE_ID_LAN><CT>" killed "Calcas Peludas<21><VALVE_ID_LAN><TERRORIST>" with "m4a1"
L 09/19/2019 - 12:35:51: "Calcas Peludas<21><VALVE_ID_LAN><TERRORIST>" triggered "Dropped_The_Bomb"
L 09/19/2019 - 12:35:54: "Smolder<15><VALVE_ID_LAN><TERRORIST>" killed "DareDevil<14><VALVE_ID_LAN><CT>" with "mp5navy"
L 09/19/2019 - 12:35:54: "Gho$T<13><VALVE_ID_LAN><TERRORIST>" killed "Jack<17><VALVE_ID_LAN><CT>" with "aug"
L 09/19/2019 - 12:35:55: "Calcas Peludas<21><VALVE_ID_LAN><TERRORIST>" say_team "que merda" (dead)
L 09/19/2019 - 12:35:55: "@te<23><VALVE_ID_LAN><CT>" killed "Smolder<15><VALVE_ID_LAN><TERRORIST>" with "aug"
L 09/19/2019 - 12:36:03: "Gho$T<13><VALVE_ID_LAN><TERRORIST>" killed "Cap Billy<18><VALVE_ID_LAN><CT>" with "aug"
L 09/19/2019 - 12:36:04: "Gho$T<13><VALVE_ID_LAN><TERRORIST>" killed "Kitkat<20><VALVE_ID_LAN><CT>" with "aug"
L 09/19/2019 - 12:36:10: "Gho$T<13><VALVE_ID_LAN><TERRORIST>" killed "@te<23><VALVE_ID_LAN><CT>" with "knife"
L 09/19/2019 - 12:36:10: Team "TERRORIST" triggered "Terrorists_Win" (CT "5") (T "9")
L 09/19/2019 - 12:36:10: World triggered "Round_End"
L 09/19/2019 - 12:36:12: "Kratos-away<16><VALVE_ID_LAN><TERRORIST>" say "ahuahuahau" (dead)
L 09/19/2019 - 12:36:12: "Calcas Peludas<21><VALVE_ID_LAN><TERRORIST>" say "ahahahahahaha" (dead)
L 09/19/2019 - 12:36:15: "Smolder<15><VALVE_ID_LAN><TERRORIST>" say "4 de life" (dead)
L 09/19/2019 - 12:36:15: "CEIFADOR<12><VALVE_ID_LOOPBACK><TERRORIST>" triggered "Spawned_With_The_Bomb"
L 09/19/2019 - 12:36:15: World triggered "Round_Start"
L 09/19/2019 - 12:36:15: "Cap Billy<18><VALVE_ID_LAN><CT>" say "MEU DEU DO CEUUU"
L 09/19/2019 - 12:36:18: "Kitkat<20><VALVE_ID_LAN><CT>" killed "Calcas Peludas<21><VALVE_ID_LAN><TERRORIST>" with "m3"
L 09/19/2019 - 12:36:18: "DareDevil<14><VALVE_ID_LAN><CT>" killed "Gho$T<13><VALVE_ID_LAN><TERRORIST>" with "mp5navy"
L 09/19/2019 - 12:36:22: "Kratos-away<16><VALVE_ID_LAN><TERRORIST>" killed "Jack<17><VALVE_ID_LAN><CT>" with "tmp"
L 09/19/2019 - 12:36:23: "Cap Billy<18><VALVE_ID_LAN><CT>" killed "Kratos-away<16><VALVE_ID_LAN><TERRORIST>" with "sg552"
L 09/19/2019 - 12:36:23: "Gho$T<13><VALVE_ID_LAN><TERRORIST>" say "kkkkkkkk" (dead)
L 09/19/2019 - 12:36:24: "DareDevil<14><VALVE_ID_LAN><CT>" killed "Smolder<15><VALVE_ID_LAN><TERRORIST>" with "mp5navy"
L 09/19/2019 - 12:36:26: "@te<23><VALVE_ID_LAN><CT>" killed "DareDevil<14><VALVE_ID_LAN><CT>" with "p90"
L 09/19/2019 - 12:36:26: "Calcas Peludas<21><VALVE_ID_LAN><TERRORIST>" say "nadou para o lado oposto" (dead)
L 09/19/2019 - 12:36:27: "@te<23><VALVE_ID_LAN><CT>" killed "CEIFADOR<12><VALVE_ID_LOOPBACK><TERRORIST>" with "p90"
L 09/19/2019 - 12:36:27: Team "CT" triggered "CTs_Win" (CT "6") (T "9")
L 09/19/2019 - 12:36:27: World triggered "Round_End"
L 09/19/2019 - 12:36:31: "Gho$T<13><VALVE_ID_LAN><TERRORIST>" say "kkkkkk" (dead)
L 09/19/2019 - 12:36:31: "DareDevil<14><VALVE_ID_LAN><CT>" say_team "em savlou arroba" (dead)
L 09/19/2019 - 12:36:32: "Gho$T<13><VALVE_ID_LAN><TERRORIST>" triggered "Spawned_With_The_Bomb"
L 09/19/2019 - 12:36:32: World triggered "Round_Start"
L 09/19/2019 - 12:36:32: "@te<23><VALVE_ID_LAN><CT>" committed suicide with "world"
L 09/19/2019 - 12:36:37: "Gho$T<13><VALVE_ID_LAN><TERRORIST>" killed "DareDevil<14><VALVE_ID_LAN><CT>" with "xm1014"
L 09/19/2019 - 12:36:37: "Kratos-away<16><VALVE_ID_LAN><TERRORIST>" killed "Kitkat<20><VALVE_ID_LAN><CT>" with "m4a1"
L 09/19/2019 - 12:36:38: "CEIFADOR<12><VALVE_ID_LOOPBACK><TERRORIST>" killed "Cap Billy<18><VALVE_ID_LAN><CT>" with "g3sg1"
L 09/19/2019 - 12:36:39: "Smolder<15><VALVE_ID_LAN><TERRORIST>" killed "CEIFADOR<12><VALVE_ID_LOOPBACK><TERRORIST>" with "p90"
L 09/19/2019 - 12:36:41: "Smolder<15><VALVE_ID_LAN><TERRORIST>" killed "Jack<17><VALVE_ID_LAN><CT>" with "p90"
L 09/19/2019 - 12:36:41: Team "TERRORIST" triggered "Terrorists_Win" (CT "6") (T "10")
L 09/19/2019 - 12:36:41: World triggered "Round_End"
L 09/19/2019 - 12:36:46: "Smolder<15><VALVE_ID_LAN><TERRORIST>" triggered "Spawned_With_The_Bomb"
L 09/19/2019 - 12:36:46: World triggered "Round_Start"
L 09/19/2019 - 12:36:46: "Smolder<15><VALVE_ID_LAN><TERRORIST>" committed suicide with "world"
L 09/19/2019 - 12:36:46: "Smolder<15><VALVE_ID_LAN><TERRORIST>" triggered "Dropped_The_Bomb"
L 09/19/2019 - 12:36:51: "CEIFADOR<12><VALVE_ID_LOOPBACK><TERRORIST>" killed "DareDevil<14><VALVE_ID_LAN><CT>" with "mp5navy"
L 09/19/2019 - 12:36:52: "Calcas Peludas<21><VALVE_ID_LAN><TERRORIST>" killed "Cap Billy<18><VALVE_ID_LAN><CT>" with "mp5navy"
L 09/19/2019 - 12:36:53: "CEIFADOR<12><VALVE_ID_LOOPBACK><TERRORIST>" triggered "Got_The_Bomb"
L 09/19/2019 - 12:36:55: "Jack<17><VALVE_ID_LAN><CT>" killed "Gho$T<13><VALVE_ID_LAN><TERRORIST>" with "sg552"
L 09/19/2019 - 12:36:56: "DareDevil<14><VALVE_ID_LAN><CT>" say_team "hoje tah cruel." (dead)
L 09/19/2019 - 12:36:57: "Jack<17><VALVE_ID_LAN><CT>" killed "Calcas Peludas<21><VALVE_ID_LAN><TERRORIST>" with "sg552"
L 09/19/2019 - 12:37:00: "DareDevil<14><VALVE_ID_LAN><CT>" say_team "nao acerto nada" (dead)
L 09/19/2019 - 12:37:03: "CEIFADOR<12><VALVE_ID_LOOPBACK><TERRORIST>" killed "@te<23><VALVE_ID_LAN><CT>" with "knife"
L 09/19/2019 - 12:37:03: "Kitkat<20><VALVE_ID_LAN><CT>" killed "CEIFADOR<12><VALVE_ID_LOOPBACK><TERRORIST>" with "aug"
L 09/19/2019 - 12:37:03: "CEIFADOR<12><VALVE_ID_LOOPBACK><TERRORIST>" triggered "Dropped_The_Bomb"
L 09/19/2019 - 12:37:06: "Jack<17><VALVE_ID_LAN><CT>" killed "Kratos-away<16><VALVE_ID_LAN><TERRORIST>" with "sg552"
L 09/19/2019 - 12:37:06: Team "CT" triggered "CTs_Win" (CT "7") (T "10")
L 09/19/2019 - 12:37:06: World triggered "Round_End"
L 09/19/2019 - 12:37:07: "Calcas Peludas<21><VALVE_ID_LAN><TERRORIST>" say "ui nega" (dead)
L 09/19/2019 - 12:37:11: "Kratos-away<16><VALVE_ID_LAN><TERRORIST>" triggered "Spawned_With_The_Bomb"
L 09/19/2019 - 12:37:11: World triggered "Round_Start"
L 09/19/2019 - 12:37:11: "Cap Billy<18><VALVE_ID_LAN><CT>" say "calcas e smolder precisaam  de teclado nao"
L 09/19/2019 - 12:37:17: "Cap Billy<18><VALVE_ID_LAN><CT>" killed "Smolder<15><VALVE_ID_LAN><TERRORIST>" with "sg552"
L 09/19/2019 - 12:37:17: "Cap Billy<18><VALVE_ID_LAN><CT>" killed "Gho$T<13><VALVE_ID_LAN><TERRORIST>" with "sg552"
L 09/19/2019 - 12:37:20: "Jack<17><VALVE_ID_LAN><CT>" killed "CEIFADOR<12><VALVE_ID_LOOPBACK><TERRORIST>" with "sg552"
L 09/19/2019 - 12:37:21: "Jack<17><VALVE_ID_LAN><CT>" killed "Calcas Peludas<21><VALVE_ID_LAN><TERRORIST>" with "sg552"
L 09/19/2019 - 12:37:21: "Kratos-away<16><VALVE_ID_LAN><TERRORIST>" killed "Jack<17><VALVE_ID_LAN><CT>" with "m3"
L 09/19/2019 - 12:37:23: "Cap Billy<18><VALVE_ID_LAN><CT>" killed "Kratos-away<16><VALVE_ID_LAN><TERRORIST>" with "sg552"
L 09/19/2019 - 12:37:23: Team "CT" triggered "CTs_Win" (CT "8") (T "10")
L 09/19/2019 - 12:37:23: World triggered "Round_End"
L 09/19/2019 - 12:37:28: "Calcas Peludas<21><VALVE_ID_LAN><TERRORIST>" triggered "Spawned_With_The_Bomb"
L 09/19/2019 - 12:37:28: World triggered "Round_Start"
L 09/19/2019 - 12:37:31: "CEIFADOR<12><VALVE_ID_LOOPBACK><TERRORIST>" killed "Jack<17><VALVE_ID_LAN><CT>" with "xm1014"
L 09/19/2019 - 12:37:34: "Kratos-away<16><VALVE_ID_LAN><TERRORIST>" killed "Cap Billy<18><VALVE_ID_LAN><CT>" with "m3"
L 09/19/2019 - 12:37:34: "DareDevil<14><VALVE_ID_LAN><CT>" killed "Kratos-away<16><VALVE_ID_LAN><TERRORIST>" with "xm1014"
L 09/19/2019 - 12:37:35: "CEIFADOR<12><VALVE_ID_LOOPBACK><TERRORIST>" killed "@te<23><VALVE_ID_LAN><CT>" with "xm1014"
L 09/19/2019 - 12:37:36: "DareDevil<14><VALVE_ID_LAN><CT>" killed "Gho$T<13><VALVE_ID_LAN><TERRORIST>" with "xm1014"
L 09/19/2019 - 12:37:38: "Kitkat<20><VALVE_ID_LAN><CT>" killed "CEIFADOR<12><VALVE_ID_LOOPBACK><TERRORIST>" with "aug"
L 09/19/2019 - 12:37:39: "DareDevil<14><VALVE_ID_LAN><CT>" killed "Calcas Peludas<21><VALVE_ID_LAN><TERRORIST>" with "xm1014"
L 09/19/2019 - 12:37:39: "Calcas Peludas<21><VALVE_ID_LAN><TERRORIST>" triggered "Dropped_The_Bomb"
L 09/19/2019 - 12:37:40: "Smolder<15><VALVE_ID_LAN><TERRORIST>" killed "DareDevil<14><VALVE_ID_LAN><CT>" with "m4a1"
L 09/19/2019 - 12:37:42: "Smolder<15><VALVE_ID_LAN><TERRORIST>" triggered "Got_The_Bomb"
L 09/19/2019 - 12:37:43: "Kitkat<20><VALVE_ID_LAN><CT>" killed "Smolder<15><VALVE_ID_LAN><TERRORIST>" with "aug"
L 09/19/2019 - 12:37:43: Team "CT" triggered "CTs_Win" (CT "9") (T "10")
L 09/19/2019 - 12:37:43: World triggered "Round_End"
L 09/19/2019 - 12:37:48: "CEIFADOR<12><VALVE_ID_LOOPBACK><TERRORIST>" triggered "Spawned_With_The_Bomb"
L 09/19/2019 - 12:37:48: World triggered "Round_Start"
L 09/19/2019 - 12:37:48: "CEIFADOR<12><VALVE_ID_LOOPBACK><TERRORIST>" say_team "segura"
L 09/19/2019 - 12:37:49: "Kratos-away<16><VALVE_ID_LAN><TERRORIST>" say_team "o esquema e matar logo campertao"
L 09/19/2019 - 12:37:51: "Calcas Peludas<21><VALVE_ID_LAN><TERRORIST>" killed "Cap Billy<18><VALVE_ID_LAN><CT>" with "aug"
L 09/19/2019 - 12:37:51: "Jack<17><VALVE_ID_LAN><CT>" killed "Calcas Peludas<21><VALVE_ID_LAN><TERRORIST>" with "usp"
L 09/19/2019 - 12:37:57: "Smolder<15><VALVE_ID_LAN><TERRORIST>" killed "@te<23><VALVE_ID_LAN><CT>" with "mp5navy"
L 09/19/2019 - 12:37:58: "Kratos-away<16><VALVE_ID_LAN><TERRORIST>" killed "DareDevil<14><VALVE_ID_LAN><CT>" with "mac10"
L 09/19/2019 - 12:37:58: "Kratos-away<16><VALVE_ID_LAN><TERRORIST>" killed "Jack<17><VALVE_ID_LAN><CT>" with "mac10"
L 09/19/2019 - 12:38:00: "Gho$T<13><VALVE_ID_LAN><TERRORIST>" killed "Kitkat<20><VALVE_ID_LAN><CT>" with "ak47"
L 09/19/2019 - 12:38:00: Team "TERRORIST" triggered "Terrorists_Win" (CT "9") (T "11")
L 09/19/2019 - 12:38:00: World triggered "Round_End"
L 09/19/2019 - 12:38:03: "Calcas Peludas<21><VALVE_ID_LAN><TERRORIST>" say_team "mapa" (dead)
L 09/19/2019 - 12:38:04: "DareDevil<14><VALVE_ID_LAN><CT>" say_team "sote da gota" (dead)
L 09/19/2019 - 12:38:05: "Gho$T<13><VALVE_ID_LAN><TERRORIST>" triggered "Spawned_With_The_Bomb"
L 09/19/2019 - 12:38:05: World triggered "Round_Start"
L 09/19/2019 - 12:38:10: "Gho$T<13><VALVE_ID_LAN><TERRORIST>" killed "DareDevil<14><VALVE_ID_LAN><CT>" with "ak47"
L 09/19/2019 - 12:38:10: "CEIFADOR<12><VALVE_ID_LOOPBACK><TERRORIST>" killed "Cap Billy<18><VALVE_ID_LAN><CT>" with "grenade"
L 09/19/2019 - 12:38:12: "@te<23><VALVE_ID_LAN><CT>" killed "Gho$T<13><VALVE_ID_LAN><TERRORIST>" with "tmp"
L 09/19/2019 - 12:38:12: "Gho$T<13><VALVE_ID_LAN><TERRORIST>" triggered "Dropped_The_Bomb"
L 09/19/2019 - 12:38:12: "Calcas Peludas<21><VALVE_ID_LAN><TERRORIST>" killed "@te<23><VALVE_ID_LAN><CT>" with "m249"
L 09/19/2019 - 12:38:13: "Jack<17><VALVE_ID_LAN><CT>" killed "Kratos-away<16><VALVE_ID_LAN><TERRORIST>" with "aug"
L 09/19/2019 - 12:38:15: "CEIFADOR<12><VALVE_ID_LOOPBACK><TERRORIST>" killed "Jack<17><VALVE_ID_LAN><CT>" with "ak47"
L 09/19/2019 - 12:38:20: "Kitkat<20><VALVE_ID_LAN><CT>" killed "Calcas Peludas<21><VALVE_ID_LAN><TERRORIST>" with "sg552"
L 09/19/2019 - 12:38:24: "CEIFADOR<12><VALVE_ID_LOOPBACK><TERRORIST>" killed "Kitkat<20><VALVE_ID_LAN><CT>" with "knife"
L 09/19/2019 - 12:38:24: Team "TERRORIST" triggered "Terrorists_Win" (CT "9") (T "12")
L 09/19/2019 - 12:38:24: World triggered "Round_End"
L 09/19/2019 - 12:38:25: "Jack<17><VALVE_ID_LAN><CT>" say "caralho.. a gente ta se esbarrando demais" (dead)
L 09/19/2019 - 12:38:27: "Calcas Peludas<21><VALVE_ID_LAN><TERRORIST>" say "au au au" (dead)
L 09/19/2019 - 12:38:27: "Cap Billy<18><VALVE_ID_LAN><CT>" say_team "AIO MEU DEUS" (dead)
L 09/19/2019 - 12:38:27: "DareDevil<14><VALVE_ID_LAN><CT>" say_team "quase" (dead)
L 09/19/2019 - 12:38:28: "Kratos-away<16><VALVE_ID_LAN><TERRORIST>" say_team "olha o mapa" (dead)
L 09/19/2019 - 12:38:29: "Smolder<15><VALVE_ID_LAN><TERRORIST>" triggered "Spawned_With_The_Bomb"
L 09/19/2019 - 12:38:29: World triggered "Round_Start"
L 09/19/2019 - 12:38:31: "Cap Billy<18><VALVE_ID_LAN><CT>" say_team "pra que diabos fosse pra faca"
L 09/19/2019 - 12:38:32: "DareDevil<14><VALVE_ID_LAN><CT>" killed "Smolder<15><VALVE_ID_LAN><TERRORIST>" with "mac10"
L 09/19/2019 - 12:38:32: "Smolder<15><VALVE_ID_LAN><TERRORIST>" triggered "Dropped_The_Bomb"
L 09/19/2019 - 12:38:33: "Gho$T<13><VALVE_ID_LAN><TERRORIST>" killed "Cap Billy<18><VALVE_ID_LAN><CT>" with "xm1014"
L 09/19/2019 - 12:38:34: "Calcas Peludas<21><VALVE_ID_LAN><TERRORIST>" triggered "Got_The_Bomb"
L 09/19/2019 - 12:38:35: "DareDevil<14><VALVE_ID_LAN><CT>" killed "Kratos-away<16><VALVE_ID_LAN><TERRORIST>" with "knife"
L 09/19/2019 - 12:38:37: "Calcas Peludas<21><VALVE_ID_LAN><TERRORIST>" killed "DareDevil<14><VALVE_ID_LAN><CT>" with "p90"
L 09/19/2019 - 12:38:39: "Kitkat<20><VALVE_ID_LAN><CT>" killed "Gho$T<13><VALVE_ID_LAN><TERRORIST>" with "aug"
L 09/19/2019 - 12:38:40: "Kitkat<20><VALVE_ID_LAN><CT>" killed "Calcas Peludas<21><VALVE_ID_LAN><TERRORIST>" with "aug"
L 09/19/2019 - 12:38:40: "Calcas Peludas<21><VALVE_ID_LAN><TERRORIST>" triggered "Dropped_The_Bomb"
L 09/19/2019 - 12:38:41: "CEIFADOR<12><VALVE_ID_LOOPBACK><TERRORIST>" triggered "Got_The_Bomb"
L 09/19/2019 - 12:38:41: "CEIFADOR<12><VALVE_ID_LOOPBACK><TERRORIST>" killed "Kitkat<20><VALVE_ID_LAN><CT>" with "ak47"
L 09/19/2019 - 12:38:41: "Kratos-away<16><VALVE_ID_LAN><TERRORIST>" say "caralho onde tu tav" (dead)
L 09/19/2019 - 12:38:43: "CEIFADOR<12><VALVE_ID_LOOPBACK><TERRORIST>" killed "Jack<17><VALVE_ID_LAN><CT>" with "ak47"
L 09/19/2019 - 12:38:47: "DareDevil<14><VALVE_ID_LAN><CT>" say_team "ela ia recarregar.. nao dava tempo" (dead)
L 09/19/2019 - 12:38:49: "@te<23><VALVE_ID_LAN><CT>" killed "CEIFADOR<12><VALVE_ID_LOOPBACK><TERRORIST>" with "xm1014"
L 09/19/2019 - 12:38:49: Team "CT" triggered "CTs_Win" (CT "10") (T "12")
L 09/19/2019 - 12:38:49: World triggered "Round_End"
L 09/19/2019 - 12:38:52: "Calcas Peludas<21><VALVE_ID_LAN><TERRORIST>" say "ahhahahahaa" (dead)
L 09/19/2019 - 12:38:54: "Kratos-away<16><VALVE_ID_LAN><TERRORIST>" triggered "Spawned_With_The_Bomb"
L 09/19/2019 - 12:38:54: World triggered "Round_Start"
L 09/19/2019 - 12:38:54: "Jack<17><VALVE_ID_LAN><CT>" say_team "mapa"
L 09/19/2019 - 12:38:59: "CEIFADOR<12><VALVE_ID_LOOPBACK><TERRORIST>" killed "Cap Billy<18><VALVE_ID_LAN><CT>" with "m4a1"
L 09/19/2019 - 12:39:02: "@te<23><VALVE_ID_LAN><CT>" killed "Gho$T<13><VALVE_ID_LAN><TERRORIST>" with "xm1014"
L 09/19/2019 - 12:39:03: "Jack<17><VALVE_ID_LAN><CT>" killed "CEIFADOR<12><VALVE_ID_LOOPBACK><TERRORIST>" with "sg552"
L 09/19/2019 - 12:39:03: "Calcas Peludas<21><VALVE_ID_LAN><TERRORIST>" killed "@te<23><VALVE_ID_LAN><CT>" with "mac10"
L 09/19/2019 - 12:39:06: "Calcas Peludas<21><VALVE_ID_LAN><TERRORIST>" killed "Kitkat<20><VALVE_ID_LAN><CT>" with "mac10"
L 09/19/2019 - 12:39:06: "Kratos-away<16><VALVE_ID_LAN><TERRORIST>" killed "DareDevil<14><VALVE_ID_LAN><CT>" with "aug"
L 09/19/2019 - 12:39:09: Server cvar "amx_nextmap" = "sp_babar"
L 09/19/2019 - 12:39:12: "Jack<17><VALVE_ID_LAN><CT>" killed "Smolder<15><VALVE_ID_LAN><TERRORIST>" with "sg552"
L 09/19/2019 - 12:39:16: "Kratos-away<16><VALVE_ID_LAN><TERRORIST>" killed "Calcas Peludas<21><VALVE_ID_LAN><TERRORIST>" with "knife"
L 09/19/2019 - 12:39:17: "Jack<17><VALVE_ID_LAN><CT>" killed "Kratos-away<16><VALVE_ID_LAN><TERRORIST>" with "sg552"
L 09/19/2019 - 12:39:17: Team "CT" triggered "CTs_Win" (CT "11") (T "12")
L 09/19/2019 - 12:39:17: World triggered "Round_End"
L 09/19/2019 - 12:39:19: "Calcas Peludas<21><VALVE_ID_LAN><TERRORIST>" say "hahahahahahahahaha" (dead)
L 09/19/2019 - 12:39:21: "Cap Billy<18><VALVE_ID_LAN><CT>" say "HAHAHAHAHAHAHA" (dead)
L 09/19/2019 - 12:39:21: "@te<23><VALVE_ID_LAN><CT>" say "kkkkkkkkk" (dead)
L 09/19/2019 - 12:39:21: "Kitkat<20><VALVE_ID_LAN><CT>" say "kkkkk" (dead)
L 09/19/2019 - 12:39:21: "Gho$T<13><VALVE_ID_LAN><TERRORIST>" say "porra fpoi" (dead)
L 09/19/2019 - 12:39:22: "Kratos-away<16><VALVE_ID_LAN><TERRORIST>" say "porra calcas sia do mei" (dead)
L 09/19/2019 - 12:39:22: "Calcas Peludas<21><VALVE_ID_LAN><TERRORIST>" triggered "Spawned_With_The_Bomb"
L 09/19/2019 - 12:39:22: World triggered "Round_Start"
L 09/19/2019 - 12:39:23: "Kratos-away<16><VALVE_ID_LAN><TERRORIST>" committed suicide with "world"
L 09/19/2019 - 12:39:27: "DareDevil<14><VALVE_ID_LAN><CT>" killed "Smolder<15><VALVE_ID_LAN><TERRORIST>" with "xm1014"
L 09/19/2019 - 12:39:28: "@te<23><VALVE_ID_LAN><CT>" killed "Calcas Peludas<21><VALVE_ID_LAN><TERRORIST>" with "mp5navy"
L 09/19/2019 - 12:39:28: "Calcas Peludas<21><VALVE_ID_LAN><TERRORIST>" triggered "Dropped_The_Bomb"
L 09/19/2019 - 12:39:30: "DareDevil<14><VALVE_ID_LAN><CT>" killed "CEIFADOR<12><VALVE_ID_LOOPBACK><TERRORIST>" with "xm1014"
L 09/19/2019 - 12:39:32: "Kratos-away<16><VALVE_ID_LAN><TERRORIST>" say "caralha tava em cima e o homi entra na fretne" (dead)
L 09/19/2019 - 12:39:32: "Gho$T<13><VALVE_ID_LAN><TERRORIST>" killed "Kitkat<20><VALVE_ID_LAN><CT>" with "mac10"
L 09/19/2019 - 12:39:33: "@te<23><VALVE_ID_LAN><CT>" killed "Gho$T<13><VALVE_ID_LAN><TERRORIST>" with "mp5navy"
L 09/19/2019 - 12:39:33: Team "CT" triggered "CTs_Win" (CT "12") (T "12")
L 09/19/2019 - 12:39:33: World triggered "Round_End"
L 09/19/2019 - 12:39:35: "Calcas Peludas<21><VALVE_ID_LAN><TERRORIST>" say_team "essa foi engracada" (dead)
L 09/19/2019 - 12:39:38: "CEIFADOR<12><VALVE_ID_LOOPBACK><TERRORIST>" triggered "Spawned_With_The_Bomb"
L 09/19/2019 - 12:39:38: World triggered "Round_Start"
L 09/19/2019 - 12:39:42: "Cap Billy<18><VALVE_ID_LAN><CT>" killed "Gho$T<13><VALVE_ID_LAN><TERRORIST>" with "aug"
L 09/19/2019 - 12:39:43: "Jack<17><VALVE_ID_LAN><CT>" killed "Smolder<15><VALVE_ID_LAN><TERRORIST>" with "sg552"
L 09/19/2019 - 12:39:44: "Jack<17><VALVE_ID_LAN><CT>" killed "Kratos-away<16><VALVE_ID_LAN><TERRORIST>" with "sg552"
L 09/19/2019 - 12:39:44: "Cap Billy<18><VALVE_ID_LAN><CT>" killed "CEIFADOR<12><VALVE_ID_LOOPBACK><TERRORIST>" with "aug"
L 09/19/2019 - 12:39:44: "CEIFADOR<12><VALVE_ID_LOOPBACK><TERRORIST>" triggered "Dropped_The_Bomb"
L 09/19/2019 - 12:39:47: "Jack<17><VALVE_ID_LAN><CT>" killed "Calcas Peludas<21><VALVE_ID_LAN><TERRORIST>" with "sg552"
L 09/19/2019 - 12:39:47: Team "CT" triggered "CTs_Win" (CT "13") (T "12")
L 09/19/2019 - 12:39:47: World triggered "Round_End"
L 09/19/2019 - 12:39:52: "Gho$T<13><VALVE_ID_LAN><TERRORIST>" triggered "Spawned_With_The_Bomb"
L 09/19/2019 - 12:39:52: World triggered "Round_Start"
L 09/19/2019 - 12:39:55: "Gho$T<13><VALVE_ID_LAN><TERRORIST>" killed "Jack<17><VALVE_ID_LAN><CT>" with "awp"
L 09/19/2019 - 12:39:55: "Cap Billy<18><VALVE_ID_LAN><CT>" killed "Gho$T<13><VALVE_ID_LAN><TERRORIST>" with "grenade"
L 09/19/2019 - 12:39:55: "Gho$T<13><VALVE_ID_LAN><TERRORIST>" triggered "Dropped_The_Bomb"
L 09/19/2019 - 12:39:55: "Cap Billy<18><VALVE_ID_LAN><CT>" killed "Calcas Peludas<21><VALVE_ID_LAN><TERRORIST>" with "grenade"
L 09/19/2019 - 12:39:57: "Cap Billy<18><VALVE_ID_LAN><CT>" killed "CEIFADOR<12><VALVE_ID_LOOPBACK><TERRORIST>" with "mp5navy"
L 09/19/2019 - 12:39:59: "Cap Billy<18><VALVE_ID_LAN><CT>" killed "Kratos-away<16><VALVE_ID_LAN><TERRORIST>" with "mp5navy"
L 09/19/2019 - 12:39:59: "DareDevil<14><VALVE_ID_LAN><CT>" killed "Smolder<15><VALVE_ID_LAN><TERRORIST>" with "xm1014"
L 09/19/2019 - 12:39:59: Team "CT" triggered "CTs_Win" (CT "14") (T "12")
L 09/19/2019 - 12:39:59: World triggered "Round_End"
L 09/19/2019 - 12:40:04: "Smolder<15><VALVE_ID_LAN><TERRORIST>" triggered "Spawned_With_The_Bomb"
L 09/19/2019 - 12:40:04: World triggered "Round_Start"
L 09/19/2019 - 12:40:07: "Cap Billy<18><VALVE_ID_LAN><CT>" killed "Kitkat<20><VALVE_ID_LAN><CT>" with "grenade"
L 09/19/2019 - 12:40:08: "Calcas Peludas<21><VALVE_ID_LAN><TERRORIST>" killed "Cap Billy<18><VALVE_ID_LAN><CT>" with "sg552"
L 09/19/2019 - 12:40:09: "@te<23><VALVE_ID_LAN><CT>" killed "Gho$T<13><VALVE_ID_LAN><TERRORIST>" with "mp5navy"
L 09/19/2019 - 12:40:10: "CEIFADOR<12><VALVE_ID_LOOPBACK><TERRORIST>" killed "Jack<17><VALVE_ID_LAN><CT>" with "aug"
L 09/19/2019 - 12:40:12: "@te<23><VALVE_ID_LAN><CT>" killed "Kratos-away<16><VALVE_ID_LAN><TERRORIST>" with "mp5navy"
L 09/19/2019 - 12:40:12: "DareDevil<14><VALVE_ID_LAN><CT>" killed "@te<23><VALVE_ID_LAN><CT>" with "xm1014"
L 09/19/2019 - 12:40:12: "Jack<17><VALVE_ID_LAN><CT>" say "pqp" (dead)
L 09/19/2019 - 12:40:14: "Jack<17><VALVE_ID_LAN><CT>" say "pqp" (dead)
L 09/19/2019 - 12:40:15: "DareDevil<14><VALVE_ID_LAN><CT>" killed "Calcas Peludas<21><VALVE_ID_LAN><TERRORIST>" with "xm1014"
L 09/19/2019 - 12:40:15: "Jack<17><VALVE_ID_LAN><CT>" say "pqp]" (dead)
L 09/19/2019 - 12:40:15: "Cap Billy<18><VALVE_ID_LAN><CT>" say_team "fik em cima da pessasoooo" (dead)
L 09/19/2019 - 12:40:19: "Kratos-away<16><VALVE_ID_LAN><TERRORIST>" say "timeleft" (dead)
L 09/19/2019 - 12:40:20: "Smolder<15><VALVE_ID_LAN><TERRORIST>" killed "DareDevil<14><VALVE_ID_LAN><CT>" with "mp5navy"
L 09/19/2019 - 12:40:20: Team "TERRORIST" triggered "Terrorists_Win" (CT "14") (T "13")
L 09/19/2019 - 12:40:20: World triggered "Round_End"
L 09/19/2019 - 12:40:21: "Jack<17><VALVE_ID_LAN><CT>" say "saim da minha frenta caralhoooooo" (dead)
L 09/19/2019 - 12:40:25: "Kratos-away<16><VALVE_ID_LAN><TERRORIST>" triggered "Spawned_With_The_Bomb"
L 09/19/2019 - 12:40:25: World triggered "Round_Start"
L 09/19/2019 - 12:40:25: "Cap Billy<18><VALVE_ID_LAN><CT>" committed suicide with "world"
L 09/19/2019 - 12:40:25: "DareDevil<14><VALVE_ID_LAN><CT>" committed suicide with "world"
L 09/19/2019 - 12:40:28: "Gho$T<13><VALVE_ID_LAN><TERRORIST>" killed "Jack<17><VALVE_ID_LAN><CT>" with "m3"
L 09/19/2019 - 12:40:29: "Smolder<15><VALVE_ID_LAN><TERRORIST>" killed "@te<23><VALVE_ID_LAN><CT>" with "grenade"
L 09/19/2019 - 12:40:30: "Kitkat<20><VALVE_ID_LAN><CT>" killed "Gho$T<13><VALVE_ID_LAN><TERRORIST>" with "xm1014"
L 09/19/2019 - 12:40:31: "Jack<17><VALVE_ID_LAN><CT>" say "porra" (dead)
L 09/19/2019 - 12:40:33: "Kratos-away<16><VALVE_ID_LAN><TERRORIST>" killed "Kitkat<20><VALVE_ID_LAN><CT>" with "mp5navy"
L 09/19/2019 - 12:40:33: Team "TERRORIST" triggered "Terrorists_Win" (CT "14") (T "14")
L 09/19/2019 - 12:40:33: World triggered "Round_End"
L 09/19/2019 - 12:40:33: "Jack<17><VALVE_ID_LAN><CT>" say "to puto ja" (dead)
L 09/19/2019 - 12:40:34: "Gho$T<13><VALVE_ID_LAN><TERRORIST>" say_team "maapa" (dead)
L 09/19/2019 - 12:40:37: "Jack<17><VALVE_ID_LAN><CT>" say "saim do meu caminho" (dead)
L 09/19/2019 - 12:40:37: "Gho$T<13><VALVE_ID_LAN><TERRORIST>" say_team "mapaa" (dead)
L 09/19/2019 - 12:40:37: "Cap Billy<18><VALVE_ID_LAN><CT>" say_team "segura" (dead)
L 09/19/2019 - 12:40:38: "Calcas Peludas<21><VALVE_ID_LAN><TERRORIST>" triggered "Spawned_With_The_Bomb"
L 09/19/2019 - 12:40:38: World triggered "Round_Start"
L 09/19/2019 - 12:40:41: "Smolder<15><VALVE_ID_LAN><TERRORIST>" killed "Jack<17><VALVE_ID_LAN><CT>" with "mp5navy"
L 09/19/2019 - 12:40:42: "CEIFADOR<12><VALVE_ID_LOOPBACK><TERRORIST>" killed "Kitkat<20><VALVE_ID_LAN><CT>" with "ak47"
L 09/19/2019 - 12:40:42: "Calcas Peludas<21><VALVE_ID_LAN><TERRORIST>" killed "DareDevil<14><VALVE_ID_LAN><CT>" with "grenade"
L 09/19/2019 - 12:40:43: "Cap Billy<18><VALVE_ID_LAN><CT>" killed "CEIFADOR<12><VALVE_ID_LOOPBACK><TERRORIST>" with "usp"
L 09/19/2019 - 12:40:44: "DareDevil<14><VALVE_ID_LAN><CT>" say_team "eita" (dead)
L 09/19/2019 - 12:40:46: "Gho$T<13><VALVE_ID_LAN><TERRORIST>" killed "@te<23><VALVE_ID_LAN><CT>" with "p90"
L 09/19/2019 - 12:40:47: "Cap Billy<18><VALVE_ID_LAN><CT>" killed "Kratos-away<16><VALVE_ID_LAN><TERRORIST>" with "ak47"
L 09/19/2019 - 12:40:50: "Calcas Peludas<21><VALVE_ID_LAN><TERRORIST>" killed "Cap Billy<18><VALVE_ID_LAN><CT>" with "aug"
L 09/19/2019 - 12:40:50: Team "TERRORIST" triggered "Terrorists_Win" (CT "14") (T "15")
L 09/19/2019 - 12:40:50: World triggered "Round_End"
L 09/19/2019 - 12:40:53: "Kratos-away<16><VALVE_ID_LAN><TERRORIST>" say "tabom comeca atrvar agor" (dead)
L 09/19/2019 - 12:40:55: "CEIFADOR<12><VALVE_ID_LOOPBACK><TERRORIST>" triggered "Spawned_With_The_Bomb"
L 09/19/2019 - 12:40:55: World triggered "Round_Start"
L 09/19/2019 - 12:40:56: "Jack<17><VALVE_ID_LAN><CT>" say_team "proximo q cruzar meu caminho eu mato"
L 09/19/2019 - 12:40:59: "Calcas Peludas<21><VALVE_ID_LAN><TERRORIST>" killed "DareDevil<14><VALVE_ID_LAN><CT>" with "aug"
L 09/19/2019 - 12:41:00: "@te<23><VALVE_ID_LAN><CT>" killed "Gho$T<13><VALVE_ID_LAN><TERRORIST>" with "sg552"
L 09/19/2019 - 12:41:00: "Smolder<15><VALVE_ID_LAN><TERRORIST>" killed "Kitkat<20><VALVE_ID_LAN><CT>" with "mp5navy"
L 09/19/2019 - 12:41:01: "CEIFADOR<12><VALVE_ID_LOOPBACK><TERRORIST>" killed "@te<23><VALVE_ID_LAN><CT>" with "mp5navy"
L 09/19/2019 - 12:41:02: Team "CT" scored "14" with "5" players
L 09/19/2019 - 12:41:02: Team "TERRORIST" scored "15" with "5" players
L 09/19/2019 - 12:41:11: "CEIFADOR<12><VALVE_ID_LOOPBACK><TERRORIST>" triggered "weaponstats" (weapon "grenade") (shots "8") (hits "7") (kills "1") (headshots "0") (tks "0") (damage "216") (deaths "1")
L 09/19/2019 - 12:41:11: "CEIFADOR<12><VALVE_ID_LOOPBACK><TERRORIST>" triggered "weaponstats2" (weapon "grenade") (head "0") (chest "0") (stomach "0") (leftarm "0") (rightarm "0") (leftleg "0") (rightleg "0")
L 09/19/2019 - 12:41:11: "CEIFADOR<12><VALVE_ID_LOOPBACK><TERRORIST>" triggered "weaponstats" (weapon "xm1014") (shots "19") (hits "7") (kills "2") (headshots "1") (tks "0") (damage "380") (deaths "2")
L 09/19/2019 - 12:41:11: "CEIFADOR<12><VALVE_ID_LOOPBACK><TERRORIST>" triggered "weaponstats2" (weapon "xm1014") (head "1") (chest "1") (stomach "0") (leftarm "2") (rightarm "2") (leftleg "1") (rightleg "0")
L 09/19/2019 - 12:41:11: "CEIFADOR<12><VALVE_ID_LOOPBACK><TERRORIST>" triggered "weaponstats" (weapon "aug") (shots "33") (hits "3") (kills "1") (headshots "0") (tks "0") (damage "71") (deaths "1")
L 09/19/2019 - 12:41:11: "CEIFADOR<12><VALVE_ID_LOOPBACK><TERRORIST>" triggered "weaponstats2" (weapon "aug") (head "0") (chest "1") (stomach "0") (leftarm "0") (rightarm "2") (leftleg "0") (rightleg "0")
L 09/19/2019 - 12:41:11: "CEIFADOR<12><VALVE_ID_LOOPBACK><TERRORIST>" triggered "weaponstats" (weapon "mp5navy") (shots "63") (hits "13") (kills "3") (headshots "1") (tks "0") (damage "267") (deaths "3")
L 09/19/2019 - 12:41:11: "CEIFADOR<12><VALVE_ID_LOOPBACK><TERRORIST>" triggered "weaponstats2" (weapon "mp5navy") (head "1") (chest "3") (stomach "2") (leftarm "2") (rightarm "2") (leftleg "1") (rightleg "2")
L 09/19/2019 - 12:41:11: "CEIFADOR<12><VALVE_ID_LOOPBACK><TERRORIST>" triggered "weaponstats" (weapon "m249") (shots "6") (hits "0") (kills "0") (headshots "0") (tks "0") (damage "0") (deaths "0")
L 09/19/2019 - 12:41:11: "CEIFADOR<12><VALVE_ID_LOOPBACK><TERRORIST>" triggered "weaponstats2" (weapon "m249") (head "0") (chest "0") (stomach "0") (leftarm "0") (rightarm "0") (leftleg "0") (rightleg "0")
L 09/19/2019 - 12:41:11: "CEIFADOR<12><VALVE_ID_LOOPBACK><TERRORIST>" triggered "weaponstats" (weapon "m3") (shots "2") (hits "0") (kills "0") (headshots "0") (tks "0") (damage "0") (deaths "0")
L 09/19/2019 - 12:41:11: "CEIFADOR<12><VALVE_ID_LOOPBACK><TERRORIST>" triggered "weaponstats2" (weapon "m3") (head "0") (chest "0") (stomach "0") (leftarm "0") (rightarm "0") (leftleg "0") (rightleg "0")
L 09/19/2019 - 12:41:11: "CEIFADOR<12><VALVE_ID_LOOPBACK><TERRORIST>" triggered "weaponstats" (weapon "m4a1") (shots "26") (hits "5") (kills "1") (headshots "0") (tks "0") (damage "160") (deaths "1")
L 09/19/2019 - 12:41:11: "CEIFADOR<12><VALVE_ID_LOOPBACK><TERRORIST>" triggered "weaponstats2" (weapon "m4a1") (head "0") (chest "0") (stomach "0") (leftarm "2") (rightarm "3") (leftleg "0") (rightleg "0")
L 09/19/2019 - 12:41:11: "CEIFADOR<12><VALVE_ID_LOOPBACK><TERRORIST>" triggered "weaponstats" (weapon "tmp") (shots "15") (hits "1") (kills "0") (headshots "0") (tks "0") (damage "26") (deaths "0")
L 09/19/2019 - 12:41:11: "CEIFADOR<12><VALVE_ID_LOOPBACK><TERRORIST>" triggered "weaponstats2" (weapon "tmp") (head "0") (chest "0") (stomach "1") (leftarm "0") (rightarm "0") (leftleg "0") (rightleg "0")
L 09/19/2019 - 12:41:11: "CEIFADOR<12><VALVE_ID_LOOPBACK><TERRORIST>" triggered "weaponstats" (weapon "g3sg1") (shots "4") (hits "1") (kills "1") (headshots "1") (tks "0") (damage "240") (deaths "1")
L 09/19/2019 - 12:41:11: "CEIFADOR<12><VALVE_ID_LOOPBACK><TERRORIST>" triggered "weaponstats2" (weapon "g3sg1") (head "1") (chest "0") (stomach "0") (leftarm "0") (rightarm "0") (leftleg "0") (rightleg "0")
L 09/19/2019 - 12:41:11: "CEIFADOR<12><VALVE_ID_LOOPBACK><TERRORIST>" triggered "weaponstats" (weapon "sg552") (shots "31") (hits "8") (kills "2") (headshots "0") (tks "0") (damage "172") (deaths "2")
L 09/19/2019 - 12:41:11: "CEIFADOR<12><VALVE_ID_LOOPBACK><TERRORIST>" triggered "weaponstats2" (weapon "sg552") (head "0") (chest "1") (stomach "0") (leftarm "2") (rightarm "2") (leftleg "0") (rightleg "3")
L 09/19/2019 - 12:41:11: "CEIFADOR<12><VALVE_ID_LOOPBACK><TERRORIST>" triggered "weaponstats" (weapon "ak47") (shots "132") (hits "22") (kills "9") (headshots "1") (tks "0") (damage "778") (deaths "5")
L 09/19/2019 - 12:41:11: "CEIFADOR<12><VALVE_ID_LOOPBACK><TERRORIST>" triggered "weaponstats2" (weapon "ak47") (head "1") (chest "5") (stomach "1") (leftarm "6") (rightarm "0") (leftleg "5") (rightleg "4")
L 09/19/2019 - 12:41:11: "CEIFADOR<12><VALVE_ID_LOOPBACK><TERRORIST>" triggered "weaponstats" (weapon "knife") (shots "5") (hits "3") (kills "1") (headshots "0") (tks "0") (damage "195") (deaths "4")
L 09/19/2019 - 12:41:11: "CEIFADOR<12><VALVE_ID_LOOPBACK><TERRORIST>" triggered "weaponstats2" (weapon "knife") (head "0") (chest "1") (stomach "1") (leftarm "1") (rightarm "0") (leftleg "0") (rightleg "0")
L 09/19/2019 - 12:41:11: "CEIFADOR<12><VALVE_ID_LOOPBACK><TERRORIST>" triggered "weaponstats" (weapon "p90") (shots "18") (hits "1") (kills "0") (headshots "0") (tks "0") (damage "15") (deaths "1")
L 09/19/2019 - 12:41:11: "CEIFADOR<12><VALVE_ID_LOOPBACK><TERRORIST>" triggered "weaponstats2" (weapon "p90") (head "0") (chest "0") (stomach "0") (leftarm "1") (rightarm "0") (leftleg "0") (rightleg "0")
L 09/19/2019 - 12:41:11: "CEIFADOR<12><VALVE_ID_LOOPBACK><TERRORIST>" triggered "time" (time "10:16")
L 09/19/2019 - 12:41:11: "CEIFADOR<12><VALVE_ID_LOOPBACK><TERRORIST>" triggered "latency" (ping "0")
L 09/19/2019 - 12:41:11: "Gho$T<13><VALVE_ID_LAN><TERRORIST>" triggered "weaponstats" (weapon "grenade") (shots "7") (hits "12") (kills "0") (headshots "0") (tks "0") (damage "471") (deaths "0")
L 09/19/2019 - 12:41:11: "Gho$T<13><VALVE_ID_LAN><TERRORIST>" triggered "weaponstats2" (weapon "grenade") (head "0") (chest "0") (stomach "0") (leftarm "0") (rightarm "0") (leftleg "0") (rightleg "0")
L 09/19/2019 - 12:41:11: "Gho$T<13><VALVE_ID_LAN><TERRORIST>" triggered "weaponstats" (weapon "xm1014") (shots "21") (hits "9") (kills "3") (headshots "0") (tks "0") (damage "505") (deaths "4")
L 09/19/2019 - 12:41:11: "Gho$T<13><VALVE_ID_LAN><TERRORIST>" triggered "weaponstats2" (weapon "xm1014") (head "0") (chest "1") (stomach "0") (leftarm "3") (rightarm "2") (leftleg "1") (rightleg "2")
L 09/19/2019 - 12:41:11: "Gho$T<13><VALVE_ID_LAN><TERRORIST>" triggered "weaponstats" (weapon "mac10") (shots "25") (hits "5") (kills "1") (headshots "1") (tks "0") (damage "213") (deaths "3")
L 09/19/2019 - 12:41:11: "Gho$T<13><VALVE_ID_LAN><TERRORIST>" triggered "weaponstats2" (weapon "mac10") (head "1") (chest "0") (stomach "0") (leftarm "2") (rightarm "2") (leftleg "0") (rightleg "0")
L 09/19/2019 - 12:41:11: "Gho$T<13><VALVE_ID_LAN><TERRORIST>" triggered "weaponstats" (weapon "aug") (shots "46") (hits "15") (kills "3") (headshots "0") (tks "0") (damage "400") (deaths "2")
L 09/19/2019 - 12:41:11: "Gho$T<13><VALVE_ID_LAN><TERRORIST>" triggered "weaponstats2" (weapon "aug") (head "0") (chest "0") (stomach "2") (leftarm "5") (rightarm "0") (leftleg "3") (rightleg "5")
L 09/19/2019 - 12:41:11: "Gho$T<13><VALVE_ID_LAN><TERRORIST>" triggered "weaponstats" (weapon "glock18") (shots "9") (hits "0") (kills "0") (headshots "0") (tks "0") (damage "0") (deaths "1")
L 09/19/2019 - 12:41:11: "Gho$T<13><VALVE_ID_LAN><TERRORIST>" triggered "weaponstats2" (weapon "glock18") (head "0") (chest "0") (stomach "0") (leftarm "0") (rightarm "0") (leftleg "0") (rightleg "0")
L 09/19/2019 - 12:41:11: "Gho$T<13><VALVE_ID_LAN><TERRORIST>" triggered "weaponstats" (weapon "awp") (shots "1") (hits "1") (kills "1") (headshots "0") (tks "0") (damage "142") (deaths "0")
L 09/19/2019 - 12:41:11: "Gho$T<13><VALVE_ID_LAN><TERRORIST>" triggered "weaponstats2" (weapon "awp") (head "0") (chest "0") (stomach "1") (leftarm "0") (rightarm "0") (leftleg "0") (rightleg "0")
L 09/19/2019 - 12:41:11: "Gho$T<13><VALVE_ID_LAN><TERRORIST>" triggered "weaponstats" (weapon "m249") (shots "50") (hits "5") (kills "0") (headshots "0") (tks "0") (damage "112") (deaths "2")
L 09/19/2019 - 12:41:11: "Gho$T<13><VALVE_ID_LAN><TERRORIST>" triggered "weaponstats2" (weapon "m249") (head "1") (chest "0") (stomach "0") (leftarm "1") (rightarm "0") (leftleg "2") (rightleg "1")
L 09/19/2019 - 12:41:11: "Gho$T<13><VALVE_ID_LAN><TERRORIST>" triggered "weaponstats" (weapon "m3") (shots "2") (hits "2") (kills "1") (headshots "0") (tks "0") (damage "202") (deaths "2")
L 09/19/2019 - 12:41:11: "Gho$T<13><VALVE_ID_LAN><TERRORIST>" triggered "weaponstats2" (weapon "m3") (head "0") (chest "0") (stomach "0") (leftarm "2") (rightarm "0") (leftleg "0") (rightleg "0")
L 09/19/2019 - 12:41:11: "Gho$T<13><VALVE_ID_LAN><TERRORIST>" triggered "weaponstats" (weapon "m4a1") (shots "13") (hits "5") (kills "1") (headshots "0") (tks "0") (damage "139") (deaths "1")
L 09/19/2019 - 12:41:11: "Gho$T<13><VALVE_ID_LAN><TERRORIST>" triggered "weaponstats2" (weapon "m4a1") (head "0") (chest "2") (stomach "1") (leftarm "2") (rightarm "0") (leftleg "0") (rightleg "0")
L 09/19/2019 - 12:41:11: "Gho$T<13><VALVE_ID_LAN><TERRORIST>" triggered "weaponstats" (weapon "sg552") (shots "63") (hits "9") (kills "4") (headshots "1") (tks "0") (damage "434") (deaths "4")
L 09/19/2019 - 12:41:11: "Gho$T<13><VALVE_ID_LAN><TERRORIST>" triggered "weaponstats2" (weapon "sg552") (head "2") (chest "1") (stomach "2") (leftarm "3") (rightarm "1") (leftleg "0") (rightleg "0")
L 09/19/2019 - 12:41:11: "Gho$T<13><VALVE_ID_LAN><TERRORIST>" triggered "weaponstats" (weapon "ak47") (shots "24") (hits "9") (kills "3") (headshots "0") (tks "0") (damage "282") (deaths "2")
L 09/19/2019 - 12:41:11: "Gho$T<13><VALVE_ID_LAN><TERRORIST>" triggered "weaponstats2" (weapon "ak47") (head "0") (chest "0") (stomach "1") (leftarm "5") (rightarm "0") (leftleg "3") (rightleg "0")
L 09/19/2019 - 12:41:11: "Gho$T<13><VALVE_ID_LAN><TERRORIST>" triggered "weaponstats" (weapon "knife") (shots "3") (hits "2") (kills "1") (headshots "0") (tks "0") (damage "87") (deaths "1")
L 09/19/2019 - 12:41:11: "Gho$T<13><VALVE_ID_LAN><TERRORIST>" triggered "weaponstats2" (weapon "knife") (head "0") (chest "0") (stomach "0") (leftarm "1") (rightarm "0") (leftleg "0") (rightleg "1")
L 09/19/2019 - 12:41:11: "Gho$T<13><VALVE_ID_LAN><TERRORIST>" triggered "weaponstats" (weapon "p90") (shots "26") (hits "7") (kills "1") (headshots "1") (tks "0") (damage "185") (deaths "1")
L 09/19/2019 - 12:41:11: "Gho$T<13><VALVE_ID_LAN><TERRORIST>" triggered "weaponstats2" (weapon "p90") (head "1") (chest "0") (stomach "1") (leftarm "5") (rightarm "0") (leftleg "0") (rightleg "0")
L 09/19/2019 - 12:41:11: "Gho$T<13><VALVE_ID_LAN><TERRORIST>" triggered "time" (time "10:13")
L 09/19/2019 - 12:41:11: "Gho$T<13><VALVE_ID_LAN><TERRORIST>" triggered "latency" (ping "7")
L 09/19/2019 - 12:41:11: "DareDevil<14><VALVE_ID_LAN><CT>" triggered "weaponstats" (weapon "grenade") (shots "6") (hits "7") (kills "1") (headshots "0") (tks "0") (damage "315") (deaths "0")
L 09/19/2019 - 12:41:11: "DareDevil<14><VALVE_ID_LAN><CT>" triggered "weaponstats2" (weapon "grenade") (head "0") (chest "0") (stomach "0") (leftarm "0") (rightarm "0") (leftleg "0") (rightleg "0")
L 09/19/2019 - 12:41:11: "DareDevil<14><VALVE_ID_LAN><CT>" triggered "weaponstats" (weapon "xm1014") (shots "80") (hits "38") (kills "15") (headshots "4") (tks "1") (damage "2810") (deaths "11")
L 09/19/2019 - 12:41:11: "DareDevil<14><VALVE_ID_LAN><CT>" triggered "weaponstats2" (weapon "xm1014") (head "4") (chest "6") (stomach "2") (leftarm "16") (rightarm "5") (leftleg "2") (rightleg "3")
L 09/19/2019 - 12:41:11: "DareDevil<14><VALVE_ID_LAN><CT>" triggered "weaponstats" (weapon "mac10") (shots "53") (hits "7") (kills "2") (headshots "2") (tks "0") (damage "321") (deaths "4")
L 09/19/2019 - 12:41:11: "DareDevil<14><VALVE_ID_LAN><CT>" triggered "weaponstats2" (weapon "mac10") (head "2") (chest "1") (stomach "0") (leftarm "4") (rightarm "0") (leftleg "0") (rightleg "0")
L 09/19/2019 - 12:41:11: "DareDevil<14><VALVE_ID_LAN><CT>" triggered "weaponstats" (weapon "aug") (shots "48") (hits "5") (kills "0") (headshots "0") (tks "0") (damage "123") (deaths "1")
L 09/19/2019 - 12:41:11: "DareDevil<14><VALVE_ID_LAN><CT>" triggered "weaponstats2" (weapon "aug") (head "1") (chest "0") (stomach "0") (leftarm "2") (rightarm "0") (leftleg "1") (rightleg "1")
L 09/19/2019 - 12:41:11: "DareDevil<14><VALVE_ID_LAN><CT>" triggered "weaponstats" (weapon "usp") (shots "8") (hits "2") (kills "0") (headshots "0") (tks "0") (damage "58") (deaths "1")
L 09/19/2019 - 12:41:11: "DareDevil<14><VALVE_ID_LAN><CT>" triggered "weaponstats2" (weapon "usp") (head "0") (chest "1") (stomach "0") (leftarm "1") (rightarm "0") (leftleg "0") (rightleg "0")
L 09/19/2019 - 12:41:11: "DareDevil<14><VALVE_ID_LAN><CT>" triggered "weaponstats" (weapon "awp") (shots "1") (hits "0") (kills "0") (headshots "0") (tks "0") (damage "0") (deaths "0")
L 09/19/2019 - 12:41:11: "DareDevil<14><VALVE_ID_LAN><CT>" triggered "weaponstats2" (weapon "awp") (head "0") (chest "0") (stomach "0") (leftarm "0") (rightarm "0") (leftleg "0") (rightleg "0")
L 09/19/2019 - 12:41:11: "DareDevil<14><VALVE_ID_LAN><CT>" triggered "weaponstats" (weapon "mp5navy") (shots "26") (hits "4") (kills "2") (headshots "0") (tks "0") (damage "151") (deaths "2")
L 09/19/2019 - 12:41:11: "DareDevil<14><VALVE_ID_LAN><CT>" triggered "weaponstats2" (weapon "mp5navy") (head "1") (chest "1") (stomach "1") (leftarm "1") (rightarm "0") (leftleg "0") (rightleg "0")
L 09/19/2019 - 12:41:11: "DareDevil<14><VALVE_ID_LAN><CT>" triggered "weaponstats" (weapon "m249") (shots "20") (hits "0") (kills "0") (headshots "0") (tks "0") (damage "0") (deaths "1")
L 09/19/2019 - 12:41:11: "DareDevil<14><VALVE_ID_LAN><CT>" triggered "weaponstats2" (weapon "m249") (head "0") (chest "0") (stomach "0") (leftarm "0") (rightarm "0") (leftleg "0") (rightleg "0")
L 09/19/2019 - 12:41:11: "DareDevil<14><VALVE_ID_LAN><CT>" triggered "weaponstats" (weapon "m4a1") (shots "1") (hits "0") (kills "0") (headshots "0") (tks "0") (damage "0") (deaths "1")
L 09/19/2019 - 12:41:11: "DareDevil<14><VALVE_ID_LAN><CT>" triggered "weaponstats2" (weapon "m4a1") (head "0") (chest "0") (stomach "0") (leftarm "0") (rightarm "0") (leftleg "0") (rightleg "0")
L 09/19/2019 - 12:41:11: "DareDevil<14><VALVE_ID_LAN><CT>" triggered "weaponstats" (weapon "ak47") (shots "19") (hits "3") (kills "1") (headshots "1") (tks "0") (damage "207") (deaths "2")
L 09/19/2019 - 12:41:11: "DareDevil<14><VALVE_ID_LAN><CT>" triggered "weaponstats2" (weapon "ak47") (head "1") (chest "0") (stomach "1") (leftarm "0") (rightarm "0") (leftleg "1") (rightleg "0")
L 09/19/2019 - 12:41:11: "DareDevil<14><VALVE_ID_LAN><CT>" triggered "weaponstats" (weapon "knife") (shots "1") (hits "1") (kills "1") (headshots "0") (tks "0") (damage "195") (deaths "0")
L 09/19/2019 - 12:41:11: "DareDevil<14><VALVE_ID_LAN><CT>" triggered "weaponstats2" (weapon "knife") (head "0") (chest "0") (stomach "0") (leftarm "1") (rightarm "0") (leftleg "0") (rightleg "0")
L 09/19/2019 - 12:41:11: "DareDevil<14><VALVE_ID_LAN><CT>" triggered "time" (time "10:12")
L 09/19/2019 - 12:41:11: "DareDevil<14><VALVE_ID_LAN><CT>" triggered "latency" (ping "11")
L 09/19/2019 - 12:41:11: "Smolder<15><VALVE_ID_LAN><TERRORIST>" triggered "weaponstats" (weapon "grenade") (shots "6") (hits "6") (kills "1") (headshots "0") (tks "0") (damage "241") (deaths "0")
L 09/19/2019 - 12:41:11: "Smolder<15><VALVE_ID_LAN><TERRORIST>" triggered "weaponstats2" (weapon "grenade") (head "0") (chest "0") (stomach "0") (leftarm "0") (rightarm "0") (leftleg "0") (rightleg "0")
L 09/19/2019 - 12:41:11: "Smolder<15><VALVE_ID_LAN><TERRORIST>" triggered "weaponstats" (weapon "xm1014") (shots "8") (hits "5") (kills "1") (headshots "0") (tks "0") (damage "242") (deaths "2")
L 09/19/2019 - 12:41:11: "Smolder<15><VALVE_ID_LAN><TERRORIST>" triggered "weaponstats2" (weapon "xm1014") (head "0") (chest "2") (stomach "0") (leftarm "0") (rightarm "1") (leftleg "0") (rightleg "2")
L 09/19/2019 - 12:41:11: "Smolder<15><VALVE_ID_LAN><TERRORIST>" triggered "weaponstats" (weapon "aug") (shots "30") (hits "8") (kills "2") (headshots "1") (tks "0") (damage "310") (deaths "1")
L 09/19/2019 - 12:41:11: "Smolder<15><VALVE_ID_LAN><TERRORIST>" triggered "weaponstats2" (weapon "aug") (head "1") (chest "1") (stomach "2") (leftarm "2") (rightarm "0") (leftleg "0") (rightleg "2")
L 09/19/2019 - 12:41:11: "Smolder<15><VALVE_ID_LAN><TERRORIST>" triggered "weaponstats" (weapon "mp5navy") (shots "302") (hits "45") (kills "10") (headshots "2") (tks "0") (damage "1096") (deaths "7")
L 09/19/2019 - 12:41:11: "Smolder<15><VALVE_ID_LAN><TERRORIST>" triggered "weaponstats2" (weapon "mp5navy") (head "3") (chest "15") (stomach "5") (leftarm "11") (rightarm "7") (leftleg "1") (rightleg "3")
L 09/19/2019 - 12:41:11: "Smolder<15><VALVE_ID_LAN><TERRORIST>" triggered "weaponstats" (weapon "m4a1") (shots "26") (hits "5") (kills "1") (headshots "1") (tks "0") (damage "236") (deaths "1")
L 09/19/2019 - 12:41:11: "Smolder<15><VALVE_ID_LAN><TERRORIST>" triggered "weaponstats2" (weapon "m4a1") (head "1") (chest "3") (stomach "0") (leftarm "1") (rightarm "0") (leftleg "0") (rightleg "0")
L 09/19/2019 - 12:41:11: "Smolder<15><VALVE_ID_LAN><TERRORIST>" triggered "weaponstats" (weapon "ak47") (shots "62") (hits "6") (kills "2") (headshots "0") (tks "0") (damage "202") (deaths "3")
L 09/19/2019 - 12:41:11: "Smolder<15><VALVE_ID_LAN><TERRORIST>" triggered "weaponstats2" (weapon "ak47") (head "0") (chest "0") (stomach "1") (leftarm "4") (rightarm "1") (leftleg "0") (rightleg "0")
L 09/19/2019 - 12:41:11: "Smolder<15><VALVE_ID_LAN><TERRORIST>" triggered "weaponstats" (weapon "knife") (shots "5") (hits "4") (kills "2") (headshots "1") (tks "0") (damage "260") (deaths "2")
L 09/19/2019 - 12:41:11: "Smolder<15><VALVE_ID_LAN><TERRORIST>" triggered "weaponstats2" (weapon "knife") (head "2") (chest "0") (stomach "0") (leftarm "0") (rightarm "2") (leftleg "0") (rightleg "0")
L 09/19/2019 - 12:41:11: "Smolder<15><VALVE_ID_LAN><TERRORIST>" triggered "weaponstats" (weapon "p90") (shots "43") (hits "5") (kills "2") (headshots "2") (tks "1") (damage "147") (deaths "1")
L 09/19/2019 - 12:41:11: "Smolder<15><VALVE_ID_LAN><TERRORIST>" triggered "weaponstats2" (weapon "p90") (head "3") (chest "0") (stomach "0") (leftarm "0") (rightarm "1") (leftleg "1") (rightleg "0")
L 09/19/2019 - 12:41:11: "Smolder<15><VALVE_ID_LAN><TERRORIST>" triggered "time" (time "10:12")
L 09/19/2019 - 12:41:11: "Smolder<15><VALVE_ID_LAN><TERRORIST>" triggered "latency" (ping "6")
L 09/19/2019 - 12:41:11: "Kratos-away<16><VALVE_ID_LAN><TERRORIST>" triggered "weaponstats" (weapon "grenade") (shots "6") (hits "12") (kills "0") (headshots "0") (tks "0") (damage "467") (deaths "0")
L 09/19/2019 - 12:41:11: "Kratos-away<16><VALVE_ID_LAN><TERRORIST>" triggered "weaponstats2" (weapon "grenade") (head "0") (chest "0") (stomach "0") (leftarm "0") (rightarm "0") (leftleg "0") (rightleg "0")
L 09/19/2019 - 12:41:11: "Kratos-away<16><VALVE_ID_LAN><TERRORIST>" triggered "weaponstats" (weapon "xm1014") (shots "7") (hits "4") (kills "3") (headshots "0") (tks "0") (damage "189") (deaths "1")
L 09/19/2019 - 12:41:11: "Kratos-away<16><VALVE_ID_LAN><TERRORIST>" triggered "weaponstats2" (weapon "xm1014") (head "0") (chest "0") (stomach "0") (leftarm "2") (rightarm "1") (leftleg "1") (rightleg "0")
L 09/19/2019 - 12:41:11: "Kratos-away<16><VALVE_ID_LAN><TERRORIST>" triggered "weaponstats" (weapon "mac10") (shots "106") (hits "5") (kills "3") (headshots "3") (tks "0") (damage "347") (deaths "3")
L 09/19/2019 - 12:41:11: "Kratos-away<16><VALVE_ID_LAN><TERRORIST>" triggered "weaponstats2" (weapon "mac10") (head "3") (chest "0") (stomach "1") (leftarm "0") (rightarm "0") (leftleg "1") (rightleg "0")
L 09/19/2019 - 12:41:11: "Kratos-away<16><VALVE_ID_LAN><TERRORIST>" triggered "weaponstats" (weapon "aug") (shots "27") (hits "8") (kills "2") (headshots "0") (tks "0") (damage "228") (deaths "1")
L 09/19/2019 - 12:41:11: "Kratos-away<16><VALVE_ID_LAN><TERRORIST>" triggered "weaponstats2" (weapon "aug") (head "1") (chest "1") (stomach "1") (leftarm "4") (rightarm "0") (leftleg "1") (rightleg "0")
L 09/19/2019 - 12:41:11: "Kratos-away<16><VALVE_ID_LAN><TERRORIST>" triggered "weaponstats" (weapon "glock18") (shots "9") (hits "0") (kills "0") (headshots "0") (tks "0") (damage "0") (deaths "3")
L 09/19/2019 - 12:41:11: "Kratos-away<16><VALVE_ID_LAN><TERRORIST>" triggered "weaponstats2" (weapon "glock18") (head "0") (chest "0") (stomach "0") (leftarm "0") (rightarm "0") (leftleg "0") (rightleg "0")
L 09/19/2019 - 12:41:11: "Kratos-away<16><VALVE_ID_LAN><TERRORIST>" triggered "weaponstats" (weapon "mp5navy") (shots "43") (hits "10") (kills "4") (headshots "1") (tks "0") (damage "316") (deaths "2")
L 09/19/2019 - 12:41:11: "Kratos-away<16><VALVE_ID_LAN><TERRORIST>" triggered "weaponstats2" (weapon "mp5navy") (head "1") (chest "3") (stomach "2") (leftarm "3") (rightarm "1") (leftleg "0") (rightleg "0")
L 09/19/2019 - 12:41:11: "Kratos-away<16><VALVE_ID_LAN><TERRORIST>" triggered "weaponstats" (weapon "m3") (shots "4") (hits "3") (kills "3") (headshots "0") (tks "0") (damage "465") (deaths "2")
L 09/19/2019 - 12:41:11: "Kratos-away<16><VALVE_ID_LAN><TERRORIST>" triggered "weaponstats2" (weapon "m3") (head "0") (chest "0") (stomach "1") (leftarm "2") (rightarm "0") (leftleg "0") (rightleg "0")
L 09/19/2019 - 12:41:11: "Kratos-away<16><VALVE_ID_LAN><TERRORIST>" triggered "weaponstats" (weapon "m4a1") (shots "35") (hits "6") (kills "2") (headshots "1") (tks "0") (damage "249") (deaths "1")
L 09/19/2019 - 12:41:11: "Kratos-away<16><VALVE_ID_LAN><TERRORIST>" triggered "weaponstats2" (weapon "m4a1") (head "1") (chest "2") (stomach "1") (leftarm "2") (rightarm "0") (leftleg "0") (rightleg "0")
L 09/19/2019 - 12:41:11: "Kratos-away<16><VALVE_ID_LAN><TERRORIST>" triggered "weaponstats" (weapon "tmp") (shots "24") (hits "4") (kills "1") (headshots "1") (tks "0") (damage "131") (deaths "2")
L 09/19/2019 - 12:41:11: "Kratos-away<16><VALVE_ID_LAN><TERRORIST>" triggered "weaponstats2" (weapon "tmp") (head "1") (chest "0") (stomach "1") (leftarm "1") (rightarm "1") (leftleg "0") (rightleg "0")
L 09/19/2019 - 12:41:11: "Kratos-away<16><VALVE_ID_LAN><TERRORIST>" triggered "weaponstats" (weapon "sg552") (shots "30") (hits "10") (kills "4") (headshots "0") (tks "0") (damage "333") (deaths "1")
L 09/19/2019 - 12:41:11: "Kratos-away<16><VALVE_ID_LAN><TERRORIST>" triggered "weaponstats2" (weapon "sg552") (head "0") (chest "1") (stomach "2") (leftarm "5") (rightarm "1") (leftleg "1") (rightleg "0")
L 09/19/2019 - 12:41:11: "Kratos-away<16><VALVE_ID_LAN><TERRORIST>" triggered "weaponstats" (weapon "ak47") (shots "8") (hits "5") (kills "1") (headshots "0") (tks "0") (damage "135") (deaths "1")
L 09/19/2019 - 12:41:11: "Kratos-away<16><VALVE_ID_LAN><TERRORIST>" triggered "weaponstats2" (weapon "ak47") (head "0") (chest "1") (stomach "1") (leftarm "1") (rightarm "0") (leftleg "1") (rightleg "1")
L 09/19/2019 - 12:41:11: "Kratos-away<16><VALVE_ID_LAN><TERRORIST>" triggered "weaponstats" (weapon "knife") (shots "1") (hits "1") (kills "1") (headshots "0") (tks "1") (damage "68") (deaths "6")
L 09/19/2019 - 12:41:11: "Kratos-away<16><VALVE_ID_LAN><TERRORIST>" triggered "weaponstats2" (weapon "knife") (head "0") (chest "0") (stomach "0") (leftarm "1") (rightarm "0") (leftleg "0") (rightleg "0")
L 09/19/2019 - 12:41:11: "Kratos-away<16><VALVE_ID_LAN><TERRORIST>" triggered "time" (time "10:10")
L 09/19/2019 - 12:41:11: "Kratos-away<16><VALVE_ID_LAN><TERRORIST>" triggered "latency" (ping "79")
L 09/19/2019 - 12:41:11: "Jack<17><VALVE_ID_LAN><CT>" triggered "weaponstats" (weapon "grenade") (shots "6") (hits "14") (kills "0") (headshots "0") (tks "0") (damage "384") (deaths "1")
L 09/19/2019 - 12:41:11: "Jack<17><VALVE_ID_LAN><CT>" triggered "weaponstats2" (weapon "grenade") (head "0") (chest "0") (stomach "0") (leftarm "0") (rightarm "0") (leftleg "0") (rightleg "0")
L 09/19/2019 - 12:41:11: "Jack<17><VALVE_ID_LAN><CT>" triggered "weaponstats" (weapon "xm1014") (shots "12") (hits "7") (kills "1") (headshots "0") (tks "0") (damage "254") (deaths "3")
L 09/19/2019 - 12:41:11: "Jack<17><VALVE_ID_LAN><CT>" triggered "weaponstats2" (weapon "xm1014") (head "0") (chest "1") (stomach "1") (leftarm "3") (rightarm "1") (leftleg "1") (rightleg "0")
L 09/19/2019 - 12:41:11: "Jack<17><VALVE_ID_LAN><CT>" triggered "weaponstats" (weapon "mac10") (shots "14") (hits "2") (kills "0") (headshots "0") (tks "0") (damage "33") (deaths "1")
L 09/19/2019 - 12:41:11: "Jack<17><VALVE_ID_LAN><CT>" triggered "weaponstats2" (weapon "mac10") (head "0") (chest "0") (stomach "1") (leftarm "0") (rightarm "1") (leftleg "0") (rightleg "0")
L 09/19/2019 - 12:41:11: "Jack<17><VALVE_ID_LAN><CT>" triggered "weaponstats" (weapon "aug") (shots "80") (hits "5") (kills "1") (headshots "1") (tks "0") (damage "198") (deaths "3")
L 09/19/2019 - 12:41:11: "Jack<17><VALVE_ID_LAN><CT>" triggered "weaponstats2" (weapon "aug") (head "1") (chest "0") (stomach "0") (leftarm "2") (rightarm "0") (leftleg "1") (rightleg "1")
L 09/19/2019 - 12:41:11: "Jack<17><VALVE_ID_LAN><CT>" triggered "weaponstats" (weapon "usp") (shots "24") (hits "2") (kills "1") (headshots "1") (tks "0") (damage "115") (deaths "4")
L 09/19/2019 - 12:41:11: "Jack<17><VALVE_ID_LAN><CT>" triggered "weaponstats2" (weapon "usp") (head "1") (chest "0") (stomach "0") (leftarm "1") (rightarm "0") (leftleg "0") (rightleg "0")
L 09/19/2019 - 12:41:11: "Jack<17><VALVE_ID_LAN><CT>" triggered "weaponstats" (weapon "mp5navy") (shots "1") (hits "0") (kills "0") (headshots "0") (tks "0") (damage "0") (deaths "1")
L 09/19/2019 - 12:41:11: "Jack<17><VALVE_ID_LAN><CT>" triggered "weaponstats2" (weapon "mp5navy") (head "0") (chest "0") (stomach "0") (leftarm "0") (rightarm "0") (leftleg "0") (rightleg "0")
L 09/19/2019 - 12:41:11: "Jack<17><VALVE_ID_LAN><CT>" triggered "weaponstats" (weapon "m4a1") (shots "55") (hits "13") (kills "4") (headshots "1") (tks "0") (damage "432") (deaths "1")
L 09/19/2019 - 12:41:11: "Jack<17><VALVE_ID_LAN><CT>" triggered "weaponstats2" (weapon "m4a1") (head "2") (chest "1") (stomach "0") (leftarm "7") (rightarm "3") (leftleg "0") (rightleg "0")
L 09/19/2019 - 12:41:11: "Jack<17><VALVE_ID_LAN><CT>" triggered "weaponstats" (weapon "tmp") (shots "7") (hits "0") (kills "0") (headshots "0") (tks "0") (damage "0") (deaths "1")
L 09/19/2019 - 12:41:11: "Jack<17><VALVE_ID_LAN><CT>" triggered "weaponstats2" (weapon "tmp") (head "0") (chest "0") (stomach "0") (leftarm "0") (rightarm "0") (leftleg "0") (rightleg "0")
L 09/19/2019 - 12:41:11: "Jack<17><VALVE_ID_LAN><CT>" triggered "weaponstats" (weapon "g3sg1") (shots "2") (hits "0") (kills "0") (headshots "0") (tks "0") (damage "0") (deaths "1")
L 09/19/2019 - 12:41:11: "Jack<17><VALVE_ID_LAN><CT>" triggered "weaponstats2" (weapon "g3sg1") (head "0") (chest "0") (stomach "0") (leftarm "0") (rightarm "0") (leftleg "0") (rightleg "0")
L 09/19/2019 - 12:41:11: "Jack<17><VALVE_ID_LAN><CT>" triggered "weaponstats" (weapon "sg552") (shots "127") (hits "22") (kills "11") (headshots "5") (tks "0") (damage "1159") (deaths "1")
L 09/19/2019 - 12:41:11: "Jack<17><VALVE_ID_LAN><CT>" triggered "weaponstats2" (weapon "sg552") (head "5") (chest "5") (stomach "0") (leftarm "7") (rightarm "3") (leftleg "1") (rightleg "1")
L 09/19/2019 - 12:41:11: "Jack<17><VALVE_ID_LAN><CT>" triggered "weaponstats" (weapon "ak47") (shots "59") (hits "9") (kills "2") (headshots "0") (tks "0") (damage "261") (deaths "4")
L 09/19/2019 - 12:41:11: "Jack<17><VALVE_ID_LAN><CT>" triggered "weaponstats2" (weapon "ak47") (head "0") (chest "1") (stomach "0") (leftarm "2") (rightarm "1") (leftleg "4") (rightleg "1")
L 09/19/2019 - 12:41:11: "Jack<17><VALVE_ID_LAN><CT>" triggered "weaponstats" (weapon "knife") (shots "1") (hits "0") (kills "0") (headshots "0") (tks "0") (damage "0") (deaths "1")
L 09/19/2019 - 12:41:11: "Jack<17><VALVE_ID_LAN><CT>" triggered "weaponstats2" (weapon "knife") (head "0") (chest "0") (stomach "0") (leftarm "0") (rightarm "0") (leftleg "0") (rightleg "0")
L 09/19/2019 - 12:41:11: "Jack<17><VALVE_ID_LAN><CT>" triggered "weaponstats" (weapon "p90") (shots "5") (hits "0") (kills "0") (headshots "0") (tks "0") (damage "0") (deaths "1")
L 09/19/2019 - 12:41:11: "Jack<17><VALVE_ID_LAN><CT>" triggered "weaponstats2" (weapon "p90") (head "0") (chest "0") (stomach "0") (leftarm "0") (rightarm "0") (leftleg "0") (rightleg "0")
L 09/19/2019 - 12:41:11: "Jack<17><VALVE_ID_LAN><CT>" triggered "time" (time "10:10")
L 09/19/2019 - 12:41:11: "Jack<17><VALVE_ID_LAN><CT>" triggered "latency" (ping "8")
L 09/19/2019 - 12:41:11: "Cap Billy<18><VALVE_ID_LAN><CT>" triggered "weaponstats" (weapon "grenade") (shots "6") (hits "12") (kills "3") (headshots "0") (tks "1") (damage "467") (deaths "0")
L 09/19/2019 - 12:41:11: "Cap Billy<18><VALVE_ID_LAN><CT>" triggered "weaponstats2" (weapon "grenade") (head "0") (chest "0") (stomach "0") (leftarm "0") (rightarm "0") (leftleg "0") (rightleg "0")
L 09/19/2019 - 12:41:11: "Cap Billy<18><VALVE_ID_LAN><CT>" triggered "weaponstats" (weapon "xm1014") (shots "3") (hits "1") (kills "0") (headshots "0") (tks "0") (damage "95") (deaths "1")
L 09/19/2019 - 12:41:11: "Cap Billy<18><VALVE_ID_LAN><CT>" triggered "weaponstats2" (weapon "xm1014") (head "0") (chest "0") (stomach "0") (leftarm "1") (rightarm "0") (leftleg "0") (rightleg "0")
L 09/19/2019 - 12:41:11: "Cap Billy<18><VALVE_ID_LAN><CT>" triggered "weaponstats" (weapon "aug") (shots "70") (hits "15") (kills "4") (headshots "2") (tks "0") (damage "639") (deaths "4")
L 09/19/2019 - 12:41:11: "Cap Billy<18><VALVE_ID_LAN><CT>" triggered "weaponstats2" (weapon "aug") (head "3") (chest "2") (stomach "1") (leftarm "5") (rightarm "1") (leftleg "1") (rightleg "2")
L 09/19/2019 - 12:41:11: "Cap Billy<18><VALVE_ID_LAN><CT>" triggered "weaponstats" (weapon "usp") (shots "28") (hits "9") (kills "1") (headshots "0") (tks "0") (damage "271") (deaths "5")
L 09/19/2019 - 12:41:11: "Cap Billy<18><VALVE_ID_LAN><CT>" triggered "weaponstats2" (weapon "usp") (head "0") (chest "5") (stomach "0") (leftarm "4") (rightarm "0") (leftleg "0") (rightleg "0")
L 09/19/2019 - 12:41:11: "Cap Billy<18><VALVE_ID_LAN><CT>" triggered "weaponstats" (weapon "mp5navy") (shots "114") (hits "18") (kills "4") (headshots "1") (tks "0") (damage "454") (deaths "5")
L 09/19/2019 - 12:41:11: "Cap Billy<18><VALVE_ID_LAN><CT>" triggered "weaponstats2" (weapon "mp5navy") (head "1") (chest "4") (stomach "0") (leftarm "6") (rightarm "6") (leftleg "1") (rightleg "0")
L 09/19/2019 - 12:41:11: "Cap Billy<18><VALVE_ID_LAN><CT>" triggered "weaponstats" (weapon "m4a1") (shots "30") (hits "9") (kills "2") (headshots "1") (tks "0") (damage "364") (deaths "1")
L 09/19/2019 - 12:41:11: "Cap Billy<18><VALVE_ID_LAN><CT>" triggered "weaponstats2" (weapon "m4a1") (head "1") (chest "3") (stomach "0") (leftarm "1") (rightarm "4") (leftleg "0") (rightleg "0")
L 09/19/2019 - 12:41:11: "Cap Billy<18><VALVE_ID_LAN><CT>" triggered "weaponstats" (weapon "sg552") (shots "52") (hits "25") (kills "4") (headshots "0") (tks "0") (damage "649") (deaths "4")
L 09/19/2019 - 12:41:11: "Cap Billy<18><VALVE_ID_LAN><CT>" triggered "weaponstats2" (weapon "sg552") (head "2") (chest "1") (stomach "1") (leftarm "12") (rightarm "1") (leftleg "6") (rightleg "2")
L 09/19/2019 - 12:41:11: "Cap Billy<18><VALVE_ID_LAN><CT>" triggered "weaponstats" (weapon "ak47") (shots "52") (hits "19") (kills "7") (headshots "1") (tks "0") (damage "774") (deaths "2")
L 09/19/2019 - 12:41:11: "Cap Billy<18><VALVE_ID_LAN><CT>" triggered "weaponstats2" (weapon "ak47") (head "1") (chest "2") (stomach "5") (leftarm "9") (rightarm "1") (leftleg "1") (rightleg "0")
L 09/19/2019 - 12:41:11: "Cap Billy<18><VALVE_ID_LAN><CT>" triggered "weaponstats" (weapon "knife") (shots "1") (hits "0") (kills "0") (headshots "0") (tks "0") (damage "0") (deaths "0")
L 09/19/2019 - 12:41:11: "Cap Billy<18><VALVE_ID_LAN><CT>" triggered "weaponstats2" (weapon "knife") (head "0") (chest "0") (stomach "0") (leftarm "0") (rightarm "0") (leftleg "0") (rightleg "0")
L 09/19/2019 - 12:41:11: "Cap Billy<18><VALVE_ID_LAN><CT>" triggered "time" (time "10:08")
L 09/19/2019 - 12:41:11: "Cap Billy<18><VALVE_ID_LAN><CT>" triggered "latency" (ping "8")
L 09/19/2019 - 12:41:11: "Kitkat<20><VALVE_ID_LAN><CT>" triggered "weaponstats" (weapon "xm1014") (shots "32") (hits "10") (kills "3") (headshots "0") (tks "0") (damage "481") (deaths "6")
L 09/19/2019 - 12:41:11: "Kitkat<20><VALVE_ID_LAN><CT>" triggered "weaponstats2" (weapon "xm1014") (head "0") (chest "4") (stomach "2") (leftarm "2") (rightarm "1") (leftleg "0") (rightleg "1")
L 09/19/2019 - 12:41:11: "Kitkat<20><VALVE_ID_LAN><CT>" triggered "weaponstats" (weapon "aug") (shots "114") (hits "15") (kills "5") (headshots "3") (tks "0") (damage "673") (deaths "1")
L 09/19/2019 - 12:41:11: "Kitkat<20><VALVE_ID_LAN><CT>" triggered "weaponstats2" (weapon "aug") (head "3") (chest "1") (stomach "2") (leftarm "4") (rightarm "4") (leftleg "1") (rightleg "0")
L 09/19/2019 - 12:41:11: "Kitkat<20><VALVE_ID_LAN><CT>" triggered "weaponstats" (weapon "usp") (shots "14") (hits "5") (kills "1") (headshots "1") (tks "0") (damage "195") (deaths "2")
L 09/19/2019 - 12:41:11: "Kitkat<20><VALVE_ID_LAN><CT>" triggered "weaponstats2" (weapon "usp") (head "1") (chest "1") (stomach "1") (leftarm "2") (rightarm "0") (leftleg "0") (rightleg "0")
L 09/19/2019 - 12:41:11: "Kitkat<20><VALVE_ID_LAN><CT>" triggered "weaponstats" (weapon "mp5navy") (shots "61") (hits "14") (kills "3") (headshots "1") (tks "0") (damage "339") (deaths "3")
L 09/19/2019 - 12:41:11: "Kitkat<20><VALVE_ID_LAN><CT>" triggered "weaponstats2" (weapon "mp5navy") (head "1") (chest "3") (stomach "2") (leftarm "3") (rightarm "1") (leftleg "1") (rightleg "3")
L 09/19/2019 - 12:41:11: "Kitkat<20><VALVE_ID_LAN><CT>" triggered "weaponstats" (weapon "m249") (shots "39") (hits "9") (kills "2") (headshots "1") (tks "0") (damage "302") (deaths "2")
L 09/19/2019 - 12:41:11: "Kitkat<20><VALVE_ID_LAN><CT>" triggered "weaponstats2" (weapon "m249") (head "1") (chest "2") (stomach "1") (leftarm "4") (rightarm "0") (leftleg "1") (rightleg "0")
L 09/19/2019 - 12:41:11: "Kitkat<20><VALVE_ID_LAN><CT>" triggered "weaponstats" (weapon "m3") (shots "2") (hits "1") (kills "1") (headshots "0") (tks "0") (damage "93") (deaths "1")
L 09/19/2019 - 12:41:11: "Kitkat<20><VALVE_ID_LAN><CT>" triggered "weaponstats2" (weapon "m3") (head "0") (chest "0") (stomach "0") (leftarm "1") (rightarm "0") (leftleg "0") (rightleg "0")
L 09/19/2019 - 12:41:11: "Kitkat<20><VALVE_ID_LAN><CT>" triggered "weaponstats" (weapon "tmp") (shots "18") (hits "4") (kills "0") (headshots "0") (tks "0") (damage "106") (deaths "1")
L 09/19/2019 - 12:41:11: "Kitkat<20><VALVE_ID_LAN><CT>" triggered "weaponstats2" (weapon "tmp") (head "1") (chest "0") (stomach "0") (leftarm "2") (rightarm "0") (leftleg "1") (rightleg "0")
L 09/19/2019 - 12:41:11: "Kitkat<20><VALVE_ID_LAN><CT>" triggered "weaponstats" (weapon "sg552") (shots "75") (hits "11") (kills "3") (headshots "1") (tks "0") (damage "442") (deaths "2")
L 09/19/2019 - 12:41:11: "Kitkat<20><VALVE_ID_LAN><CT>" triggered "weaponstats2" (weapon "sg552") (head "1") (chest "2") (stomach "4") (leftarm "1") (rightarm "1") (leftleg "1") (rightleg "1")
L 09/19/2019 - 12:41:11: "Kitkat<20><VALVE_ID_LAN><CT>" triggered "time" (time "9:34")
L 09/19/2019 - 12:41:11: "Kitkat<20><VALVE_ID_LAN><CT>" triggered "latency" (ping "8")
L 09/19/2019 - 12:41:11: "Calcas Peludas<21><VALVE_ID_LAN><TERRORIST>" triggered "weaponstats" (weapon "grenade") (shots "6") (hits "5") (kills "1") (headshots "0") (tks "0") (damage "196") (deaths "1")
L 09/19/2019 - 12:41:11: "Calcas Peludas<21><VALVE_ID_LAN><TERRORIST>" triggered "weaponstats2" (weapon "grenade") (head "0") (chest "0") (stomach "0") (leftarm "0") (rightarm "0") (leftleg "0") (rightleg "0")
L 09/19/2019 - 12:41:11: "Calcas Peludas<21><VALVE_ID_LAN><TERRORIST>" triggered "weaponstats" (weapon "xm1014") (shots "12") (hits "8") (kills "2") (headshots "0") (tks "0") (damage "448") (deaths "3")
L 09/19/2019 - 12:41:11: "Calcas Peludas<21><VALVE_ID_LAN><TERRORIST>" triggered "weaponstats2" (weapon "xm1014") (head "0") (chest "1") (stomach "0") (leftarm "3") (rightarm "3") (leftleg "0") (rightleg "1")
L 09/19/2019 - 12:41:11: "Calcas Peludas<21><VALVE_ID_LAN><TERRORIST>" triggered "weaponstats" (weapon "mac10") (shots "30") (hits "7") (kills "2") (headshots "2") (tks "0") (damage "316") (deaths "1")
L 09/19/2019 - 12:41:11: "Calcas Peludas<21><VALVE_ID_LAN><TERRORIST>" triggered "weaponstats2" (weapon "mac10") (head "2") (chest "2") (stomach "0") (leftarm "1") (rightarm "2") (leftleg "0") (rightleg "0")
L 09/19/2019 - 12:41:11: "Calcas Peludas<21><VALVE_ID_LAN><TERRORIST>" triggered "weaponstats" (weapon "aug") (shots "93") (hits "28") (kills "4") (headshots "2") (tks "0") (damage "919") (deaths "4")
L 09/19/2019 - 12:41:11: "Calcas Peludas<21><VALVE_ID_LAN><TERRORIST>" triggered "weaponstats2" (weapon "aug") (head "2") (chest "10") (stomach "1") (leftarm "10") (rightarm "2") (leftleg "2") (rightleg "1")
L 09/19/2019 - 12:41:11: "Calcas Peludas<21><VALVE_ID_LAN><TERRORIST>" triggered "weaponstats" (weapon "glock18") (shots "6") (hits "1") (kills "0") (headshots "0") (tks "0") (damage "26") (deaths "0")
L 09/19/2019 - 12:41:11: "Calcas Peludas<21><VALVE_ID_LAN><TERRORIST>" triggered "weaponstats2" (weapon "glock18") (head "0") (chest "0") (stomach "0") (leftarm "1") (rightarm "0") (leftleg "0") (rightleg "0")
L 09/19/2019 - 12:41:11: "Calcas Peludas<21><VALVE_ID_LAN><TERRORIST>" triggered "weaponstats" (weapon "mp5navy") (shots "54") (hits "11") (kills "1") (headshots "1") (tks "0") (damage "296") (deaths "1")
L 09/19/2019 - 12:41:11: "Calcas Peludas<21><VALVE_ID_LAN><TERRORIST>" triggered "weaponstats2" (weapon "mp5navy") (head "1") (chest "3") (stomach "2") (leftarm "4") (rightarm "1") (leftleg "0") (rightleg "0")
L 09/19/2019 - 12:41:11: "Calcas Peludas<21><VALVE_ID_LAN><TERRORIST>" triggered "weaponstats" (weapon "m249") (shots "58") (hits "10") (kills "3") (headshots "1") (tks "0") (damage "366") (deaths "1")
L 09/19/2019 - 12:41:11: "Calcas Peludas<21><VALVE_ID_LAN><TERRORIST>" triggered "weaponstats2" (weapon "m249") (head "2") (chest "1") (stomach "2") (leftarm "3") (rightarm "1") (leftleg "1") (rightleg "0")
L 09/19/2019 - 12:41:11: "Calcas Peludas<21><VALVE_ID_LAN><TERRORIST>" triggered "weaponstats" (weapon "m3") (shots "1") (hits "0") (kills "0") (headshots "0") (tks "0") (damage "0") (deaths "1")
L 09/19/2019 - 12:41:11: "Calcas Peludas<21><VALVE_ID_LAN><TERRORIST>" triggered "weaponstats2" (weapon "m3") (head "0") (chest "0") (stomach "0") (leftarm "0") (rightarm "0") (leftleg "0") (rightleg "0")
L 09/19/2019 - 12:41:11: "Calcas Peludas<21><VALVE_ID_LAN><TERRORIST>" triggered "weaponstats" (weapon "m4a1") (shots "6") (hits "3") (kills "0") (headshots "0") (tks "0") (damage "83") (deaths "1")
L 09/19/2019 - 12:41:11: "Calcas Peludas<21><VALVE_ID_LAN><TERRORIST>" triggered "weaponstats2" (weapon "m4a1") (head "0") (chest "2") (stomach "0") (leftarm "1") (rightarm "0") (leftleg "0") (rightleg "0")
L 09/19/2019 - 12:41:11: "Calcas Peludas<21><VALVE_ID_LAN><TERRORIST>" triggered "weaponstats" (weapon "tmp") (shots "1") (hits "0") (kills "0") (headshots "0") (tks "0") (damage "0") (deaths "0")
L 09/19/2019 - 12:41:11: "Calcas Peludas<21><VALVE_ID_LAN><TERRORIST>" triggered "weaponstats2" (weapon "tmp") (head "0") (chest "0") (stomach "0") (leftarm "0") (rightarm "0") (leftleg "0") (rightleg "0")
L 09/19/2019 - 12:41:11: "Calcas Peludas<21><VALVE_ID_LAN><TERRORIST>" triggered "weaponstats" (weapon "sg552") (shots "56") (hits "14") (kills "4") (headshots "2") (tks "0") (damage "622") (deaths "4")
L 09/19/2019 - 12:41:11: "Calcas Peludas<21><VALVE_ID_LAN><TERRORIST>" triggered "weaponstats2" (weapon "sg552") (head "3") (chest "3") (stomach "5") (leftarm "3") (rightarm "0") (leftleg "0") (rightleg "0")
L 09/19/2019 - 12:41:11: "Calcas Peludas<21><VALVE_ID_LAN><TERRORIST>" triggered "weaponstats" (weapon "knife") (shots "2") (hits "1") (kills "1") (headshots "0") (tks "0") (damage "65") (deaths "2")
L 09/19/2019 - 12:41:11: "Calcas Peludas<21><VALVE_ID_LAN><TERRORIST>" triggered "weaponstats2" (weapon "knife") (head "0") (chest "1") (stomach "0") (leftarm "0") (rightarm "0") (leftleg "0") (rightleg "0")
L 09/19/2019 - 12:41:11: "Calcas Peludas<21><VALVE_ID_LAN><TERRORIST>" triggered "weaponstats" (weapon "p90") (shots "50") (hits "10") (kills "1") (headshots "1") (tks "0") (damage "243") (deaths "1")
L 09/19/2019 - 12:41:11: "Calcas Peludas<21><VALVE_ID_LAN><TERRORIST>" triggered "weaponstats2" (weapon "p90") (head "1") (chest "0") (stomach "2") (leftarm "1") (rightarm "2") (leftleg "2") (rightleg "2")
L 09/19/2019 - 12:41:11: "Calcas Peludas<21><VALVE_ID_LAN><TERRORIST>" triggered "time" (time "9:19")
L 09/19/2019 - 12:41:11: "Calcas Peludas<21><VALVE_ID_LAN><TERRORIST>" triggered "latency" (ping "10")
L 09/19/2019 - 12:41:11: "@te<23><VALVE_ID_LAN><CT>" triggered "weaponstats" (weapon "grenade") (shots "6") (hits "7") (kills "0") (headshots "0") (tks "0") (damage "268") (deaths "1")
L 09/19/2019 - 12:41:11: "@te<23><VALVE_ID_LAN><CT>" triggered "weaponstats2" (weapon "grenade") (head "0") (chest "0") (stomach "0") (leftarm "0") (rightarm "0") (leftleg "0") (rightleg "0")
L 09/19/2019 - 12:41:11: "@te<23><VALVE_ID_LAN><CT>" triggered "weaponstats" (weapon "xm1014") (shots "14") (hits "7") (kills "2") (headshots "0") (tks "0") (damage "291") (deaths "5")
L 09/19/2019 - 12:41:11: "@te<23><VALVE_ID_LAN><CT>" triggered "weaponstats2" (weapon "xm1014") (head "0") (chest "1") (stomach "0") (leftarm "1") (rightarm "0") (leftleg "4") (rightleg "1")
L 09/19/2019 - 12:41:11: "@te<23><VALVE_ID_LAN><CT>" triggered "weaponstats" (weapon "mac10") (shots "3") (hits "3") (kills "0") (headshots "0") (tks "0") (damage "66") (deaths "1")
L 09/19/2019 - 12:41:11: "@te<23><VALVE_ID_LAN><CT>" triggered "weaponstats2" (weapon "mac10") (head "0") (chest "0") (stomach "0") (leftarm "2") (rightarm "0") (leftleg "1") (rightleg "0")
L 09/19/2019 - 12:41:11: "@te<23><VALVE_ID_LAN><CT>" triggered "weaponstats" (weapon "aug") (shots "19") (hits "3") (kills "1") (headshots "1") (tks "0") (damage "188") (deaths "0")
L 09/19/2019 - 12:41:11: "@te<23><VALVE_ID_LAN><CT>" triggered "weaponstats2" (weapon "aug") (head "1") (chest "1") (stomach "1") (leftarm "0") (rightarm "0") (leftleg "0") (rightleg "0")
L 09/19/2019 - 12:41:11: "@te<23><VALVE_ID_LAN><CT>" triggered "weaponstats" (weapon "usp") (shots "9") (hits "2") (kills "0") (headshots "0") (tks "0") (damage "69") (deaths "1")
L 09/19/2019 - 12:41:11: "@te<23><VALVE_ID_LAN><CT>" triggered "weaponstats2" (weapon "usp") (head "0") (chest "1") (stomach "0") (leftarm "0") (rightarm "1") (leftleg "0") (rightleg "0")
L 09/19/2019 - 12:41:11: "@te<23><VALVE_ID_LAN><CT>" triggered "weaponstats" (weapon "mp5navy") (shots "92") (hits "21") (kills "6") (headshots "3") (tks "0") (damage "710") (deaths "2")
L 09/19/2019 - 12:41:11: "@te<23><VALVE_ID_LAN><CT>" triggered "weaponstats2" (weapon "mp5navy") (head "4") (chest "1") (stomach "4") (leftarm "5") (rightarm "1") (leftleg "3") (rightleg "3")
L 09/19/2019 - 12:41:11: "@te<23><VALVE_ID_LAN><CT>" triggered "weaponstats" (weapon "m249") (shots "20") (hits "1") (kills "0") (headshots "0") (tks "0") (damage "15") (deaths "1")
L 09/19/2019 - 12:41:11: "@te<23><VALVE_ID_LAN><CT>" triggered "weaponstats2" (weapon "m249") (head "0") (chest "0") (stomach "0") (leftarm "1") (rightarm "0") (leftleg "0") (rightleg "0")
L 09/19/2019 - 12:41:11: "@te<23><VALVE_ID_LAN><CT>" triggered "weaponstats" (weapon "tmp") (shots "15") (hits "2") (kills "1") (headshots "1") (tks "0") (damage "109") (deaths "1")
L 09/19/2019 - 12:41:11: "@te<23><VALVE_ID_LAN><CT>" triggered "weaponstats2" (weapon "tmp") (head "1") (chest "0") (stomach "0") (leftarm "1") (rightarm "0") (leftleg "0") (rightleg "0")
L 09/19/2019 - 12:41:11: "@te<23><VALVE_ID_LAN><CT>" triggered "weaponstats" (weapon "sg552") (shots "60") (hits "16") (kills "3") (headshots "0") (tks "1") (damage "255") (deaths "3")
L 09/19/2019 - 12:41:11: "@te<23><VALVE_ID_LAN><CT>" triggered "weaponstats2" (weapon "sg552") (head "0") (chest "4") (stomach "1") (leftarm "1") (rightarm "0") (leftleg "2") (rightleg "8")
L 09/19/2019 - 12:41:11: "@te<23><VALVE_ID_LAN><CT>" triggered "weaponstats" (weapon "knife") (shots "4") (hits "3") (kills "2") (headshots "1") (tks "0") (damage "195") (deaths "1")
L 09/19/2019 - 12:41:11: "@te<23><VALVE_ID_LAN><CT>" triggered "weaponstats2" (weapon "knife") (head "2") (chest "0") (stomach "0") (leftarm "0") (rightarm "1") (leftleg "0") (rightleg "0")
L 09/19/2019 - 12:41:11: "@te<23><VALVE_ID_LAN><CT>" triggered "weaponstats" (weapon "p90") (shots "40") (hits "3") (kills "2") (headshots "1") (tks "1") (damage "131") (deaths "1")
L 09/19/2019 - 12:41:11: "@te<23><VALVE_ID_LAN><CT>" triggered "weaponstats2" (weapon "p90") (head "2") (chest "0") (stomach "0") (leftarm "0") (rightarm "1") (leftleg "0") (rightleg "0")
L 09/19/2019 - 12:41:11: "@te<23><VALVE_ID_LAN><CT>" triggered "time" (time "8:50")
L 09/19/2019 - 12:41:11: "@te<23><VALVE_ID_LAN><CT>" triggered "latency" (ping "6")
L 09/19/2019 - 12:41:11: [META] ini: Begin re-reading plugins list: c:/valve/cstrike/addons/metamod/plugins.ini
L 09/19/2019 - 12:41:11: [META] ini: Read plugin config for: AMX
L 09/19/2019 - 12:41:11: [META] ini: Read plugin config for: WinHL-Booster
L 09/19/2019 - 12:41:11: [META] ERROR: ini: Skipping plugin, couldn't stat file 'addons/hlguard/dlls/hlguard_mm_nightly.dll': No such file or directory
L 09/19/2019 - 12:41:11: [META] ini: Read plugin config for: WebMod
L 09/19/2019 - 12:41:11: [META] ini: Finished reading plugins list: c:/valve/cstrike/addons/metamod/plugins.ini; Found 3 plugins
L 09/19/2019 - 12:41:11: [META] dll: Updating plugins...
L 09/19/2019 - 12:41:11: [META] ERROR: dll: Failed query plugin '<hlguard_mm_nightly.dll>'; Couldn't open file 'addons/hlguard/dlls/hlguard_mm_nightly.dll': No foi possvel encontrar o mdulo especificado.

L 09/19/2019 - 12:41:11: [META] ERROR: dll: Skipping plugin '<hlguard_mm_nightly.dll>'; couldn't query
L 09/19/2019 - 12:41:11: [META] dll: Finished updating 6 plugins; kept 3, loaded 0, unloaded 0, reloaded 0, delayed 0
L 09/19/2019 - 12:41:11: Server shutdown
L 09/19/2019 - 12:41:11: Log file closed
