L 09/19/2019 - 12:48:11: Log file started (file "logs\L0919003.log") (game "cstrike") (version "47/1.1.2.2/2603")
L 09/19/2019 - 12:48:11: "Cap Billy<31><VALVE_ID_LAN><CT>" say_team "ISSSOOOOOOOOOOO"
L 09/19/2019 - 12:48:19: "Gho$T<25><VALVE_ID_LAN><TERRORIST>" killed "DareDevil<28><VALVE_ID_LAN><CT>" with "glock18"
L 09/19/2019 - 12:48:20: "Kratos-away<27><VALVE_ID_LAN><TERRORIST>" killed "Cap Billy<31><VALVE_ID_LAN><CT>" with "glock18"
L 09/19/2019 - 12:48:25: "Gho$T<25><VALVE_ID_LAN><TERRORIST>" killed "Kitkat<26><VALVE_ID_LAN><CT>" with "glock18"
L 09/19/2019 - 12:48:25: "INDIO de ferias<34><VALVE_ID_LAN><CT>" killed "Smolder<30><VALVE_ID_LAN><TERRORIST>" with "glock18"
L 09/19/2019 - 12:48:30: "Gho$T<25><VALVE_ID_LAN><TERRORIST>" killed "Jack<33><VALVE_ID_LAN><CT>" with "knife"
L 09/19/2019 - 12:48:31: "CEIFADOR<24><VALVE_ID_LOOPBACK><TERRORIST>" killed "INDIO de ferias<34><VALVE_ID_LAN><CT>" with "glock18"
L 09/19/2019 - 12:48:37: "INDIO de ferias<34><VALVE_ID_LAN><CT>" say_team "mapa" (dead)
L 09/19/2019 - 12:48:42: "Kratos-away<27><VALVE_ID_LAN><TERRORIST>" killed "@te<32><VALVE_ID_LAN><CT>" with "knife"
L 09/19/2019 - 12:48:42: Team "TERRORIST" triggered "Terrorists_Win" (CT "7") (T "8")
L 09/19/2019 - 12:48:42: World triggered "Round_End"
L 09/19/2019 - 12:48:45: "Gho$T<25><VALVE_ID_LAN><TERRORIST>" say "AHUAHUAHAU"
L 09/19/2019 - 12:48:46: "Cap Billy<31><VALVE_ID_LAN><CT>" say_team "aff" (dead)
L 09/19/2019 - 12:48:47: "Kratos-away<27><VALVE_ID_LAN><TERRORIST>" say "veio para o matadouro"
L 09/19/2019 - 12:48:47: World triggered "Round_Start"
L 09/19/2019 - 12:48:47: "DareDevil<28><VALVE_ID_LAN><CT>" say "no susto\"
L 09/19/2019 - 12:48:51: "Cap Billy<31><VALVE_ID_LAN><CT>" killed "XXBOT Vladimir<36><BOT><TERRORIST>" with "glock18"
L 09/19/2019 - 12:48:59: "Gho$T<25><VALVE_ID_LAN><TERRORIST>" killed "INDIO de ferias<34><VALVE_ID_LAN><CT>" with "glock18"
L 09/19/2019 - 12:48:59: "Kitkat<26><VALVE_ID_LAN><CT>" killed "Calcas Peludas<29><VALVE_ID_LAN><TERRORIST>" with "glock18"
L 09/19/2019 - 12:49:02: "Kitkat<26><VALVE_ID_LAN><CT>" killed "Gho$T<25><VALVE_ID_LAN><TERRORIST>" with "glock18"
L 09/19/2019 - 12:49:04: "DareDevil<28><VALVE_ID_LAN><CT>" killed "CEIFADOR<24><VALVE_ID_LOOPBACK><TERRORIST>" with "glock18"
L 09/19/2019 - 12:49:06: "DareDevil<28><VALVE_ID_LAN><CT>" killed "Kratos-away<27><VALVE_ID_LAN><TERRORIST>" with "glock18"
L 09/19/2019 - 12:49:06: "Smolder<30><VALVE_ID_LAN><TERRORIST>" killed "Cap Billy<31><VALVE_ID_LAN><CT>" with "glock18"
L 09/19/2019 - 12:49:08: "DareDevil<28><VALVE_ID_LAN><CT>" killed "Smolder<30><VALVE_ID_LAN><TERRORIST>" with "knife"
L 09/19/2019 - 12:49:08: Team "CT" triggered "CTs_Win" (CT "8") (T "8")
L 09/19/2019 - 12:49:08: World triggered "Round_End"
L 09/19/2019 - 12:49:12: "Cap Billy<31><VALVE_ID_LAN><CT>" say "EITAAAAAA" (dead)
L 09/19/2019 - 12:49:13: World triggered "Round_Start"
L 09/19/2019 - 12:49:16: "Cap Billy<31><VALVE_ID_LAN><CT>" killed "Smolder<30><VALVE_ID_LAN><TERRORIST>" with "glock18"
L 09/19/2019 - 12:49:20: "Gho$T<25><VALVE_ID_LAN><TERRORIST>" killed "Jack<33><VALVE_ID_LAN><CT>" with "glock18"
L 09/19/2019 - 12:49:22: "DareDevil<28><VALVE_ID_LAN><CT>" killed "CEIFADOR<24><VALVE_ID_LOOPBACK><TERRORIST>" with "glock18"
L 09/19/2019 - 12:49:23: "Calcas Peludas<29><VALVE_ID_LAN><TERRORIST>" killed "@te<32><VALVE_ID_LAN><CT>" with "glock18"
L 09/19/2019 - 12:49:24: "DareDevil<28><VALVE_ID_LAN><CT>" killed "Kratos-away<27><VALVE_ID_LAN><TERRORIST>" with "glock18"
L 09/19/2019 - 12:49:25: "Gho$T<25><VALVE_ID_LAN><TERRORIST>" killed "DareDevil<28><VALVE_ID_LAN><CT>" with "glock18"
L 09/19/2019 - 12:49:26: "Gho$T<25><VALVE_ID_LAN><TERRORIST>" killed "Cap Billy<31><VALVE_ID_LAN><CT>" with "glock18"
L 09/19/2019 - 12:49:27: "Calcas Peludas<29><VALVE_ID_LAN><TERRORIST>" killed "Kitkat<26><VALVE_ID_LAN><CT>" with "glock18"
L 09/19/2019 - 12:49:30: "CEIFADOR<24><VALVE_ID_LOOPBACK><TERRORIST>" say_team "maap" (dead)
L 09/19/2019 - 12:49:30: "INDIO de ferias<34><VALVE_ID_LAN><CT>" killed "Gho$T<25><VALVE_ID_LAN><TERRORIST>" with "knife"
L 09/19/2019 - 12:49:33: "DareDevil<28><VALVE_ID_LAN><CT>" say "ui nega" (dead)
L 09/19/2019 - 12:49:34: "Cap Billy<31><VALVE_ID_LAN><CT>" say "EITAAAAAAA" (dead)
L 09/19/2019 - 12:49:36: "Calcas Peludas<29><VALVE_ID_LAN><TERRORIST>" killed "INDIO de ferias<34><VALVE_ID_LAN><CT>" with "glock18"
L 09/19/2019 - 12:49:36: Team "TERRORIST" triggered "Terrorists_Win" (CT "8") (T "9")
L 09/19/2019 - 12:49:36: World triggered "Round_End"
L 09/19/2019 - 12:49:38: "Gho$T<25><VALVE_ID_LAN><TERRORIST>" say "porra" (dead)
L 09/19/2019 - 12:49:39: "Cap Billy<31><VALVE_ID_LAN><CT>" say "NO TRAIDOR!!!" (dead)
L 09/19/2019 - 12:49:40: "Kratos-away<27><VALVE_ID_LAN><TERRORIST>" say_team "map" (dead)
L 09/19/2019 - 12:49:41: World triggered "Round_Start"
L 09/19/2019 - 12:49:43: Server cvar "amx_nextmap" = "aim_ak-colt_pool"
L 09/19/2019 - 12:49:47: "CEIFADOR<24><VALVE_ID_LOOPBACK><TERRORIST>" killed "DareDevil<28><VALVE_ID_LAN><CT>" with "glock18"
L 09/19/2019 - 12:49:49: "Smolder<30><VALVE_ID_LAN><TERRORIST>" killed "Kitkat<26><VALVE_ID_LAN><CT>" with "glock18"
L 09/19/2019 - 12:49:51: "@te<32><VALVE_ID_LAN><CT>" killed "Gho$T<25><VALVE_ID_LAN><TERRORIST>" with "glock18"
L 09/19/2019 - 12:49:51: "Calcas Peludas<29><VALVE_ID_LAN><TERRORIST>" killed "@te<32><VALVE_ID_LAN><CT>" with "glock18"
L 09/19/2019 - 12:49:52: "INDIO de ferias<34><VALVE_ID_LAN><CT>" killed "Calcas Peludas<29><VALVE_ID_LAN><TERRORIST>" with "glock18"
L 09/19/2019 - 12:49:52: "Kratos-away<27><VALVE_ID_LAN><TERRORIST>" killed "Cap Billy<31><VALVE_ID_LAN><CT>" with "glock18"
L 09/19/2019 - 12:49:52: "CEIFADOR<24><VALVE_ID_LOOPBACK><TERRORIST>" killed "INDIO de ferias<34><VALVE_ID_LAN><CT>" with "glock18"
L 09/19/2019 - 12:49:59: "Kratos-away<27><VALVE_ID_LAN><TERRORIST>" killed "Jack<33><VALVE_ID_LAN><CT>" with "glock18"
L 09/19/2019 - 12:49:59: Team "TERRORIST" triggered "Terrorists_Win" (CT "8") (T "10")
L 09/19/2019 - 12:49:59: World triggered "Round_End"
L 09/19/2019 - 12:50:02: "Calcas Peludas<29><VALVE_ID_LAN><TERRORIST>" say "burro" (dead)
L 09/19/2019 - 12:50:03: "INDIO de ferias<34><VALVE_ID_LAN><CT>" say_team "amapa" (dead)
L 09/19/2019 - 12:50:03: "Jack<33><VALVE_ID_LAN><CT>" say "valeu" (dead)
L 09/19/2019 - 12:50:04: World triggered "Round_Start"
L 09/19/2019 - 12:50:04: "Cap Billy<31><VALVE_ID_LAN><CT>" say "BOA KRATOS!!!!!!!"
L 09/19/2019 - 12:50:11: "Smolder<30><VALVE_ID_LAN><TERRORIST>" killed "INDIO de ferias<34><VALVE_ID_LAN><CT>" with "glock18"
L 09/19/2019 - 12:50:12: "Kratos-away<27><VALVE_ID_LAN><TERRORIST>" killed "Cap Billy<31><VALVE_ID_LAN><CT>" with "glock18"
L 09/19/2019 - 12:50:13: "Kitkat<26><VALVE_ID_LAN><CT>" killed "CEIFADOR<24><VALVE_ID_LOOPBACK><TERRORIST>" with "glock18"
L 09/19/2019 - 12:50:13: "Jack<33><VALVE_ID_LAN><CT>" killed "Kratos-away<27><VALVE_ID_LAN><TERRORIST>" with "glock18"
L 09/19/2019 - 12:50:14: "Smolder<30><VALVE_ID_LAN><TERRORIST>" killed "Kitkat<26><VALVE_ID_LAN><CT>" with "glock18"
L 09/19/2019 - 12:50:16: "Gho$T<25><VALVE_ID_LAN><TERRORIST>" killed "Jack<33><VALVE_ID_LAN><CT>" with "knife"
L 09/19/2019 - 12:50:18: "DareDevil<28><VALVE_ID_LAN><CT>" killed "Smolder<30><VALVE_ID_LAN><TERRORIST>" with "glock18"
L 09/19/2019 - 12:50:20: "DareDevil<28><VALVE_ID_LAN><CT>" killed "Calcas Peludas<29><VALVE_ID_LAN><TERRORIST>" with "glock18"
L 09/19/2019 - 12:50:21: "@te<32><VALVE_ID_LAN><CT>" killed "Gho$T<25><VALVE_ID_LAN><TERRORIST>" with "glock18"
L 09/19/2019 - 12:50:30: "@te<32><VALVE_ID_LAN><CT>" killed "XXBOT Vladimir<36><BOT><TERRORIST>" with "glock18"
L 09/19/2019 - 12:50:30: Team "CT" triggered "CTs_Win" (CT "9") (T "10")
L 09/19/2019 - 12:50:30: World triggered "Round_End"
L 09/19/2019 - 12:50:30: "INDIO de ferias<34><VALVE_ID_LAN><CT>" say_team " oque foi 9isss" (dead)
L 09/19/2019 - 12:50:32: "Kratos-away<27><VALVE_ID_LAN><TERRORIST>" say "porra" (dead)
L 09/19/2019 - 12:50:35: World triggered "Round_Start"
L 09/19/2019 - 12:50:42: "Smolder<30><VALVE_ID_LAN><TERRORIST>" killed "DareDevil<28><VALVE_ID_LAN><CT>" with "glock18"
L 09/19/2019 - 12:50:42: "Calcas Peludas<29><VALVE_ID_LAN><TERRORIST>" killed "INDIO de ferias<34><VALVE_ID_LAN><CT>" with "glock18"
L 09/19/2019 - 12:50:43: "Jack<33><VALVE_ID_LAN><CT>" killed "Calcas Peludas<29><VALVE_ID_LAN><TERRORIST>" with "glock18"
L 09/19/2019 - 12:50:44: "DareDevil<28><VALVE_ID_LAN><CT>" say_team "droga\" (dead)
L 09/19/2019 - 12:50:44: "Cap Billy<31><VALVE_ID_LAN><CT>" killed "CEIFADOR<24><VALVE_ID_LOOPBACK><TERRORIST>" with "glock18"
L 09/19/2019 - 12:50:46: "Kratos-away<27><VALVE_ID_LAN><TERRORIST>" killed "Kitkat<26><VALVE_ID_LAN><CT>" with "glock18"
L 09/19/2019 - 12:50:51: "Cap Billy<31><VALVE_ID_LAN><CT>" killed "Gho$T<25><VALVE_ID_LAN><TERRORIST>" with "glock18"
L 09/19/2019 - 12:50:51: "Smolder<30><VALVE_ID_LAN><TERRORIST>" killed "@te<32><VALVE_ID_LAN><CT>" with "glock18"
L 09/19/2019 - 12:50:51: "Jack<33><VALVE_ID_LAN><CT>" killed "Kratos-away<27><VALVE_ID_LAN><TERRORIST>" with "glock18"
L 09/19/2019 - 12:50:59: "CEIFADOR<24><VALVE_ID_LOOPBACK><TERRORIST>" say_team "brincar nao" (dead)
L 09/19/2019 - 12:51:01: "Jack<33><VALVE_ID_LAN><CT>" killed "Smolder<30><VALVE_ID_LAN><TERRORIST>" with "glock18"
L 09/19/2019 - 12:51:03: "XXBOT Vladimir<36><BOT><TERRORIST>" killed "Jack<33><VALVE_ID_LAN><CT>" with "glock18"
L 09/19/2019 - 12:51:05: "Gho$T<25><VALVE_ID_LAN><TERRORIST>" say_team "mapaa" (dead)
L 09/19/2019 - 12:51:10: "Cap Billy<31><VALVE_ID_LAN><CT>" killed "XXBOT Vladimir<36><BOT><TERRORIST>" with "glock18"
L 09/19/2019 - 12:51:10: Team "CT" triggered "CTs_Win" (CT "10") (T "10")
L 09/19/2019 - 12:51:10: World triggered "Round_End"
L 09/19/2019 - 12:51:10: "Calcas Peludas<29><VALVE_ID_LAN><TERRORIST>" say_team "maap" (dead)
L 09/19/2019 - 12:51:12: "Smolder<30><VALVE_ID_LAN><TERRORIST>" say_team "ok" (dead)
L 09/19/2019 - 12:51:12: "Kratos-away<27><VALVE_ID_LAN><TERRORIST>" say_team "map" (dead)
L 09/19/2019 - 12:51:13: "Gho$T<25><VALVE_ID_LAN><TERRORIST>" say "timeleft" (dead)
L 09/19/2019 - 12:51:15: World triggered "Round_Start"
L 09/19/2019 - 12:51:22: "Smolder<30><VALVE_ID_LAN><TERRORIST>" killed "Cap Billy<31><VALVE_ID_LAN><CT>" with "glock18"
L 09/19/2019 - 12:51:24: "Smolder<30><VALVE_ID_LAN><TERRORIST>" killed "@te<32><VALVE_ID_LAN><CT>" with "glock18"
L 09/19/2019 - 12:51:27: "Gho$T<25><VALVE_ID_LAN><TERRORIST>" killed "Kitkat<26><VALVE_ID_LAN><CT>" with "glock18"
L 09/19/2019 - 12:51:28: "Cap Billy<31><VALVE_ID_LAN><CT>" say_team "PUTA MERDA @@@" (dead)
L 09/19/2019 - 12:51:28: "Jack<33><VALVE_ID_LAN><CT>" killed "CEIFADOR<24><VALVE_ID_LOOPBACK><TERRORIST>" with "glock18"
L 09/19/2019 - 12:51:29: "Smolder<30><VALVE_ID_LAN><TERRORIST>" killed "INDIO de ferias<34><VALVE_ID_LAN><CT>" with "glock18"
L 09/19/2019 - 12:51:30: "Gho$T<25><VALVE_ID_LAN><TERRORIST>" killed "DareDevil<28><VALVE_ID_LAN><CT>" with "glock18"
L 09/19/2019 - 12:51:32: "Calcas Peludas<29><VALVE_ID_LAN><TERRORIST>" killed "Jack<33><VALVE_ID_LAN><CT>" with "glock18"
L 09/19/2019 - 12:51:32: Team "TERRORIST" triggered "Terrorists_Win" (CT "10") (T "11")
L 09/19/2019 - 12:51:32: World triggered "Round_End"
L 09/19/2019 - 12:51:35: "Kratos-away<27><VALVE_ID_LAN><TERRORIST>" say "oa time"
L 09/19/2019 - 12:51:36: "Gho$T<25><VALVE_ID_LAN><TERRORIST>" say "AHUAHUAHAU"
L 09/19/2019 - 12:51:36: "Cap Billy<31><VALVE_ID_LAN><CT>" triggered "weaponstats" (weapon "glock18") (shots "292") (hits "85") (kills "15") (headshots "9") (tks "0") (damage "2051") (deaths "14")
L 09/19/2019 - 12:51:36: "Cap Billy<31><VALVE_ID_LAN><CT>" triggered "weaponstats2" (weapon "glock18") (head "14") (chest "10") (stomach "3") (leftarm "25") (rightarm "28") (leftleg "3") (rightleg "2")
L 09/19/2019 - 12:51:36: "Cap Billy<31><VALVE_ID_LAN><CT>" triggered "weaponstats" (weapon "knife") (shots "12") (hits "5") (kills "3") (headshots "1") (tks "0") (damage "444") (deaths "3")
L 09/19/2019 - 12:51:36: "Cap Billy<31><VALVE_ID_LAN><CT>" triggered "weaponstats2" (weapon "knife") (head "1") (chest "3") (stomach "0") (leftarm "1") (rightarm "0") (leftleg "0") (rightleg "0")
L 09/19/2019 - 12:51:36: "Cap Billy<31><VALVE_ID_LAN><CT>" triggered "time" (time "10:01")
L 09/19/2019 - 12:51:36: "Cap Billy<31><VALVE_ID_LAN><CT>" triggered "latency" (ping "9")
L 09/19/2019 - 12:51:36: "Cap Billy<31><VALVE_ID_LAN><CT>" disconnected
L 09/19/2019 - 12:51:37: Team "CT" scored "10" with "6" players
L 09/19/2019 - 12:51:37: Team "TERRORIST" scored "11" with "6" players
L 09/19/2019 - 12:51:42: "CEIFADOR<24><VALVE_ID_LOOPBACK><TERRORIST>" triggered "weaponstats" (weapon "glock18") (shots "180") (hits "71") (kills "14") (headshots "11") (tks "1") (damage "1748") (deaths "12")
L 09/19/2019 - 12:51:42: "CEIFADOR<24><VALVE_ID_LOOPBACK><TERRORIST>" triggered "weaponstats2" (weapon "glock18") (head "13") (chest "18") (stomach "1") (leftarm "17") (rightarm "21") (leftleg "0") (rightleg "1")
L 09/19/2019 - 12:51:42: "CEIFADOR<24><VALVE_ID_LOOPBACK><TERRORIST>" triggered "weaponstats" (weapon "knife") (shots "2") (hits "2") (kills "1") (headshots "0") (tks "0") (damage "74") (deaths "4")
L 09/19/2019 - 12:51:42: "CEIFADOR<24><VALVE_ID_LOOPBACK><TERRORIST>" triggered "weaponstats2" (weapon "knife") (head "0") (chest "1") (stomach "1") (leftarm "0") (rightarm "0") (leftleg "0") (rightleg "0")
L 09/19/2019 - 12:51:42: "CEIFADOR<24><VALVE_ID_LOOPBACK><TERRORIST>" triggered "time" (time "10:11")
L 09/19/2019 - 12:51:42: "CEIFADOR<24><VALVE_ID_LOOPBACK><TERRORIST>" triggered "latency" (ping "0")
L 09/19/2019 - 12:51:42: "Gho$T<25><VALVE_ID_LAN><TERRORIST>" triggered "weaponstats" (weapon "glock18") (shots "262") (hits "86") (kills "20") (headshots "16") (tks "0") (damage "2502") (deaths "13")
L 09/19/2019 - 12:51:42: "Gho$T<25><VALVE_ID_LAN><TERRORIST>" triggered "weaponstats2" (weapon "glock18") (head "24") (chest "10") (stomach "6") (leftarm "16") (rightarm "27") (leftleg "1") (rightleg "2")
L 09/19/2019 - 12:51:42: "Gho$T<25><VALVE_ID_LAN><TERRORIST>" triggered "weaponstats" (weapon "knife") (shots "5") (hits "4") (kills "2") (headshots "1") (tks "0") (damage "234") (deaths "2")
L 09/19/2019 - 12:51:42: "Gho$T<25><VALVE_ID_LAN><TERRORIST>" triggered "weaponstats2" (weapon "knife") (head "2") (chest "1") (stomach "0") (leftarm "1") (rightarm "0") (leftleg "0") (rightleg "0")
L 09/19/2019 - 12:51:42: "Gho$T<25><VALVE_ID_LAN><TERRORIST>" triggered "time" (time "10:08")
L 09/19/2019 - 12:51:42: "Gho$T<25><VALVE_ID_LAN><TERRORIST>" triggered "latency" (ping "10")
L 09/19/2019 - 12:51:42: "Kitkat<26><VALVE_ID_LAN><CT>" triggered "weaponstats" (weapon "glock18") (shots "351") (hits "103") (kills "13") (headshots "9") (tks "0") (damage "2054") (deaths "12")
L 09/19/2019 - 12:51:42: "Kitkat<26><VALVE_ID_LAN><CT>" triggered "weaponstats2" (weapon "glock18") (head "16") (chest "16") (stomach "4") (leftarm "31") (rightarm "26") (leftleg "4") (rightleg "6")
L 09/19/2019 - 12:51:42: "Kitkat<26><VALVE_ID_LAN><CT>" triggered "time" (time "10:08")
L 09/19/2019 - 12:51:42: "Kitkat<26><VALVE_ID_LAN><CT>" triggered "latency" (ping "9")
L 09/19/2019 - 12:51:42: "Kratos-away<27><VALVE_ID_LAN><TERRORIST>" triggered "weaponstats" (weapon "glock18") (shots "185") (hits "71") (kills "11") (headshots "8") (tks "0") (damage "1668") (deaths "13")
L 09/19/2019 - 12:51:42: "Kratos-away<27><VALVE_ID_LAN><TERRORIST>" triggered "weaponstats2" (weapon "glock18") (head "16") (chest "13") (stomach "7") (leftarm "24") (rightarm "9") (leftleg "1") (rightleg "1")
L 09/19/2019 - 12:51:42: "Kratos-away<27><VALVE_ID_LAN><TERRORIST>" triggered "weaponstats" (weapon "knife") (shots "4") (hits "2") (kills "2") (headshots "2") (tks "0") (damage "520") (deaths "3")
L 09/19/2019 - 12:51:42: "Kratos-away<27><VALVE_ID_LAN><TERRORIST>" triggered "weaponstats2" (weapon "knife") (head "2") (chest "0") (stomach "0") (leftarm "0") (rightarm "0") (leftleg "0") (rightleg "0")
L 09/19/2019 - 12:51:42: "Kratos-away<27><VALVE_ID_LAN><TERRORIST>" triggered "time" (time "10:06")
L 09/19/2019 - 12:51:42: "Kratos-away<27><VALVE_ID_LAN><TERRORIST>" triggered "latency" (ping "79")
L 09/19/2019 - 12:51:42: "DareDevil<28><VALVE_ID_LAN><CT>" triggered "weaponstats" (weapon "glock18") (shots "228") (hits "67") (kills "18") (headshots "14") (tks "0") (damage "2372") (deaths "14")
L 09/19/2019 - 12:51:42: "DareDevil<28><VALVE_ID_LAN><CT>" triggered "weaponstats2" (weapon "glock18") (head "23") (chest "16") (stomach "3") (leftarm "9") (rightarm "14") (leftleg "1") (rightleg "1")
L 09/19/2019 - 12:51:42: "DareDevil<28><VALVE_ID_LAN><CT>" triggered "weaponstats" (weapon "knife") (shots "3") (hits "2") (kills "1") (headshots "0") (tks "0") (damage "110") (deaths "1")
L 09/19/2019 - 12:51:42: "DareDevil<28><VALVE_ID_LAN><CT>" triggered "weaponstats2" (weapon "knife") (head "0") (chest "1") (stomach "0") (leftarm "0") (rightarm "1") (leftleg "0") (rightleg "0")
L 09/19/2019 - 12:51:42: "DareDevil<28><VALVE_ID_LAN><CT>" triggered "time" (time "10:07")
L 09/19/2019 - 12:51:42: "DareDevil<28><VALVE_ID_LAN><CT>" triggered "latency" (ping "9")
L 09/19/2019 - 12:51:42: "Calcas Peludas<29><VALVE_ID_LAN><TERRORIST>" triggered "weaponstats" (weapon "glock18") (shots "222") (hits "64") (kills "11") (headshots "9") (tks "0") (damage "1838") (deaths "14")
L 09/19/2019 - 12:51:42: "Calcas Peludas<29><VALVE_ID_LAN><TERRORIST>" triggered "weaponstats2" (weapon "glock18") (head "18") (chest "12") (stomach "2") (leftarm "23") (rightarm "9") (leftleg "0") (rightleg "0")
L 09/19/2019 - 12:51:42: "Calcas Peludas<29><VALVE_ID_LAN><TERRORIST>" triggered "weaponstats" (weapon "knife") (shots "21") (hits "2") (kills "1") (headshots "0") (tks "0") (damage "59") (deaths "3")
L 09/19/2019 - 12:51:42: "Calcas Peludas<29><VALVE_ID_LAN><TERRORIST>" triggered "weaponstats2" (weapon "knife") (head "0") (chest "1") (stomach "1") (leftarm "0") (rightarm "0") (leftleg "0") (rightleg "0")
L 09/19/2019 - 12:51:42: "Calcas Peludas<29><VALVE_ID_LAN><TERRORIST>" triggered "time" (time "10:07")
L 09/19/2019 - 12:51:42: "Calcas Peludas<29><VALVE_ID_LAN><TERRORIST>" triggered "latency" (ping "10")
L 09/19/2019 - 12:51:42: "Smolder<30><VALVE_ID_LAN><TERRORIST>" triggered "weaponstats" (weapon "glock18") (shots "205") (hits "78") (kills "16") (headshots "13") (tks "0") (damage "1980") (deaths "14")
L 09/19/2019 - 12:51:42: "Smolder<30><VALVE_ID_LAN><TERRORIST>" triggered "weaponstats2" (weapon "glock18") (head "14") (chest "14") (stomach "2") (leftarm "24") (rightarm "23") (leftleg "0") (rightleg "1")
L 09/19/2019 - 12:51:42: "Smolder<30><VALVE_ID_LAN><TERRORIST>" triggered "weaponstats" (weapon "knife") (shots "3") (hits "3") (kills "2") (headshots "2") (tks "0") (damage "575") (deaths "3")
L 09/19/2019 - 12:51:42: "Smolder<30><VALVE_ID_LAN><TERRORIST>" triggered "weaponstats2" (weapon "knife") (head "3") (chest "0") (stomach "0") (leftarm "0") (rightarm "0") (leftleg "0") (rightleg "0")
L 09/19/2019 - 12:51:42: "Smolder<30><VALVE_ID_LAN><TERRORIST>" triggered "time" (time "10:07")
L 09/19/2019 - 12:51:42: "Smolder<30><VALVE_ID_LAN><TERRORIST>" triggered "latency" (ping "8")
L 09/19/2019 - 12:51:42: "@te<32><VALVE_ID_LAN><CT>" triggered "weaponstats" (weapon "glock18") (shots "178") (hits "66") (kills "9") (headshots "6") (tks "0") (damage "1336") (deaths "14")
L 09/19/2019 - 12:51:42: "@te<32><VALVE_ID_LAN><CT>" triggered "weaponstats2" (weapon "glock18") (head "9") (chest "13") (stomach "3") (leftarm "24") (rightarm "13") (leftleg "2") (rightleg "2")
L 09/19/2019 - 12:51:42: "@te<32><VALVE_ID_LAN><CT>" triggered "weaponstats" (weapon "knife") (shots "6") (hits "1") (kills "0") (headshots "0") (tks "0") (damage "55") (deaths "3")
L 09/19/2019 - 12:51:42: "@te<32><VALVE_ID_LAN><CT>" triggered "weaponstats2" (weapon "knife") (head "0") (chest "0") (stomach "0") (leftarm "0") (rightarm "1") (leftleg "0") (rightleg "0")
L 09/19/2019 - 12:51:42: "@te<32><VALVE_ID_LAN><CT>" triggered "time" (time "10:00")
L 09/19/2019 - 12:51:42: "@te<32><VALVE_ID_LAN><CT>" triggered "latency" (ping "8")
L 09/19/2019 - 12:51:42: "Jack<33><VALVE_ID_LAN><CT>" triggered "weaponstats" (weapon "glock18") (shots "245") (hits "84") (kills "15") (headshots "8") (tks "0") (damage "1636") (deaths "13")
L 09/19/2019 - 12:51:42: "Jack<33><VALVE_ID_LAN><CT>" triggered "weaponstats2" (weapon "glock18") (head "11") (chest "18") (stomach "5") (leftarm "24") (rightarm "23") (leftleg "3") (rightleg "0")
L 09/19/2019 - 12:51:42: "Jack<33><VALVE_ID_LAN><CT>" triggered "weaponstats" (weapon "knife") (shots "5") (hits "3") (kills "2") (headshots "1") (tks "0") (damage "480") (deaths "2")
L 09/19/2019 - 12:51:42: "Jack<33><VALVE_ID_LAN><CT>" triggered "weaponstats2" (weapon "knife") (head "1") (chest "0") (stomach "1") (leftarm "1") (rightarm "0") (leftleg "0") (rightleg "0")
L 09/19/2019 - 12:51:42: "Jack<33><VALVE_ID_LAN><CT>" triggered "time" (time "9:48")
L 09/19/2019 - 12:51:42: "Jack<33><VALVE_ID_LAN><CT>" triggered "latency" (ping "11")
L 09/19/2019 - 12:51:42: "INDIO de ferias<34><VALVE_ID_LAN><CT>" triggered "weaponstats" (weapon "glock18") (shots "240") (hits "80") (kills "13") (headshots "9") (tks "0") (damage "2044") (deaths "15")
L 09/19/2019 - 12:51:42: "INDIO de ferias<34><VALVE_ID_LAN><CT>" triggered "weaponstats2" (weapon "glock18") (head "17") (chest "19") (stomach "3") (leftarm "24") (rightarm "16") (leftleg "1") (rightleg "0")
L 09/19/2019 - 12:51:42: "INDIO de ferias<34><VALVE_ID_LAN><CT>" triggered "weaponstats" (weapon "knife") (shots "1") (hits "1") (kills "1") (headshots "0") (tks "0") (damage "55") (deaths "3")
L 09/19/2019 - 12:51:42: "INDIO de ferias<34><VALVE_ID_LAN><CT>" triggered "weaponstats2" (weapon "knife") (head "0") (chest "0") (stomach "0") (leftarm "1") (rightarm "0") (leftleg "0") (rightleg "0")
L 09/19/2019 - 12:51:42: "INDIO de ferias<34><VALVE_ID_LAN><CT>" triggered "time" (time "9:44")
L 09/19/2019 - 12:51:42: "INDIO de ferias<34><VALVE_ID_LAN><CT>" triggered "latency" (ping "8")
L 09/19/2019 - 12:51:42: [META] ini: Begin re-reading plugins list: c:/valve/cstrike/addons/metamod/plugins.ini
L 09/19/2019 - 12:51:42: [META] ini: Read plugin config for: AMX
L 09/19/2019 - 12:51:42: [META] ini: Read plugin config for: WinHL-Booster
L 09/19/2019 - 12:51:42: [META] ERROR: ini: Skipping plugin, couldn't stat file 'addons/hlguard/dlls/hlguard_mm_nightly.dll': No such file or directory
L 09/19/2019 - 12:51:42: [META] ini: Read plugin config for: WebMod
L 09/19/2019 - 12:51:42: [META] ini: Finished reading plugins list: c:/valve/cstrike/addons/metamod/plugins.ini; Found 3 plugins
L 09/19/2019 - 12:51:42: [META] dll: Updating plugins...
L 09/19/2019 - 12:51:42: [META] ERROR: dll: Failed query plugin '<hlguard_mm_nightly.dll>'; Couldn't open file 'addons/hlguard/dlls/hlguard_mm_nightly.dll': Não foi possível encontrar o módulo especificado.

L 09/19/2019 - 12:51:42: [META] ERROR: dll: Skipping plugin '<hlguard_mm_nightly.dll>'; couldn't query
L 09/19/2019 - 12:51:42: [META] dll: Finished updating 6 plugins; kept 3, loaded 0, unloaded 0, reloaded 0, delayed 0
L 09/19/2019 - 12:51:42: Server shutdown
L 09/19/2019 - 12:51:42: Log file closed
