L 09/26/2019 - 12:50:33: Log file started (file "logs\L0926008.log") (game "cstrike") (version "47/1.1.2.2/2603")
L 09/26/2019 - 12:50:33: "INDIO de ferias<33><VALVE_ID_LAN><>" joined team "CT"
L 09/26/2019 - 12:50:33: "Gho$T<35><VALVE_ID_LAN><>" entered the game
L 09/26/2019 - 12:50:34: "DareDevil<30><VALVE_ID_LAN><>" joined team "CT"
L 09/26/2019 - 12:50:34: "Smolder<34><VALVE_ID_LAN><>" joined team "TERRORIST"
L 09/26/2019 - 12:50:35: "Gho$T<35><VALVE_ID_LAN><>" joined team "TERRORIST"
L 09/26/2019 - 12:50:35: World triggered "Round_Start"
L 09/26/2019 - 12:50:42: "Jack<36><VALVE_ID_LAN><>" connected, address "10.15.2.45:27005"
L 09/26/2019 - 12:50:44: "DareDevil<30><VALVE_ID_LAN><CT>" killed "Smolder<34><VALVE_ID_LAN><TERRORIST>" with "deagle"
L 09/26/2019 - 12:50:45: "Jack<36><VALVE_ID_LAN><>" entered the game
L 09/26/2019 - 12:50:47: "Jack<36><VALVE_ID_LAN><>" joined team "CT"
L 09/26/2019 - 12:50:47: "CEIFADOR<27><VALVE_ID_LOOPBACK><TERRORIST>" killed "DareDevil<30><VALVE_ID_LAN><CT>" with "deagle"
L 09/26/2019 - 12:50:50: "Kitkat<29><VALVE_ID_LAN><TERRORIST>" killed "INDIO de ferias<33><VALVE_ID_LAN><CT>" with "deagle"
L 09/26/2019 - 12:50:51: "@te<37><VALVE_ID_LAN><>" connected, address "10.15.2.86:27005"
L 09/26/2019 - 12:50:53: "CEIFADOR<27><VALVE_ID_LOOPBACK><TERRORIST>" killed "Cap Billy<32><VALVE_ID_LAN><CT>" with "deagle"
L 09/26/2019 - 12:50:53: "@te<37><VALVE_ID_LAN><>" entered the game
L 09/26/2019 - 12:50:56: "@te<37><VALVE_ID_LAN><>" joined team "CT"
L 09/26/2019 - 12:51:00: "Kitkat<29><VALVE_ID_LAN><TERRORIST>" killed "Jack<36><VALVE_ID_LAN><CT>" with "deagle"
L 09/26/2019 - 12:51:00: Team "TERRORIST" triggered "Terrorists_Win" (CT "0") (T "1")
L 09/26/2019 - 12:51:00: World triggered "Round_End"
L 09/26/2019 - 12:51:05: World triggered "Round_Start"
L 09/26/2019 - 12:51:13: "DareDevil<30><VALVE_ID_LAN><CT>" killed "Calcas Peludas<31><VALVE_ID_LAN><TERRORIST>" with "deagle"
L 09/26/2019 - 12:51:16: "DareDevil<30><VALVE_ID_LAN><CT>" killed "Kitkat<29><VALVE_ID_LAN><TERRORIST>" with "deagle"
L 09/26/2019 - 12:51:19: "Cap Billy<32><VALVE_ID_LAN><CT>" killed "Smolder<34><VALVE_ID_LAN><TERRORIST>" with "knife"
L 09/26/2019 - 12:51:21: "INDIO de ferias<33><VALVE_ID_LAN><CT>" killed "Gho$T<35><VALVE_ID_LAN><TERRORIST>" with "deagle"
L 09/26/2019 - 12:51:23: "CEIFADOR<27><VALVE_ID_LOOPBACK><TERRORIST>" killed "Jack<36><VALVE_ID_LAN><CT>" with "deagle"
L 09/26/2019 - 12:51:24: "@te<37><VALVE_ID_LAN><CT>" killed "CEIFADOR<27><VALVE_ID_LOOPBACK><TERRORIST>" with "deagle"
L 09/26/2019 - 12:51:24: Team "CT" triggered "CTs_Win" (CT "1") (T "1")
L 09/26/2019 - 12:51:24: World triggered "Round_End"
L 09/26/2019 - 12:51:26: "Calcas Peludas<31><VALVE_ID_LAN><TERRORIST>" say_team "capitao com faca" (dead)
L 09/26/2019 - 12:51:28: "DareDevil<30><VALVE_ID_LAN><CT>" say_team "droga"
L 09/26/2019 - 12:51:29: "INDIO de ferias<33><VALVE_ID_LAN><CT>" say_team "porra @@@"
L 09/26/2019 - 12:51:29: World triggered "Round_Start"
L 09/26/2019 - 12:51:35: "DareDevil<30><VALVE_ID_LAN><CT>" killed "CEIFADOR<27><VALVE_ID_LOOPBACK><TERRORIST>" with "deagle"
L 09/26/2019 - 12:51:41: "Cap Billy<32><VALVE_ID_LAN><CT>" killed "Gho$T<35><VALVE_ID_LAN><TERRORIST>" with "knife"
L 09/26/2019 - 12:51:42: "Smolder<34><VALVE_ID_LAN><TERRORIST>" killed "@te<37><VALVE_ID_LAN><CT>" with "knife"
L 09/26/2019 - 12:51:43: "Smolder<34><VALVE_ID_LAN><TERRORIST>" killed "DareDevil<30><VALVE_ID_LAN><CT>" with "knife"
L 09/26/2019 - 12:51:45: "Smolder<34><VALVE_ID_LAN><TERRORIST>" killed "INDIO de ferias<33><VALVE_ID_LAN><CT>" with "knife"
L 09/26/2019 - 12:51:47: "Cap Billy<32><VALVE_ID_LAN><CT>" killed "Smolder<34><VALVE_ID_LAN><TERRORIST>" with "knife"
L 09/26/2019 - 12:51:49: "Kitkat<29><VALVE_ID_LAN><TERRORIST>" killed "Cap Billy<32><VALVE_ID_LAN><CT>" with "deagle"
L 09/26/2019 - 12:51:51: "DareDevil<30><VALVE_ID_LAN><CT>" say_team "foi no susto" (dead)
L 09/26/2019 - 12:51:52: "Jack<36><VALVE_ID_LAN><CT>" killed "Calcas Peludas<31><VALVE_ID_LAN><TERRORIST>" with "deagle"
L 09/26/2019 - 12:51:54: "Kitkat<29><VALVE_ID_LAN><TERRORIST>" killed "Jack<36><VALVE_ID_LAN><CT>" with "deagle"
L 09/26/2019 - 12:51:54: Team "TERRORIST" triggered "Terrorists_Win" (CT "1") (T "2")
L 09/26/2019 - 12:51:54: World triggered "Round_End"
L 09/26/2019 - 12:51:55: "Smolder<34><VALVE_ID_LAN><TERRORIST>" say "cap so olhando" (dead)
L 09/26/2019 - 12:51:59: World triggered "Round_Start"
L 09/26/2019 - 12:52:10: "Cap Billy<32><VALVE_ID_LAN><CT>" killed "CEIFADOR<27><VALVE_ID_LOOPBACK><TERRORIST>" with "knife"
L 09/26/2019 - 12:52:12: "Kitkat<29><VALVE_ID_LAN><TERRORIST>" killed "INDIO de ferias<33><VALVE_ID_LAN><CT>" with "deagle"
L 09/26/2019 - 12:52:13: "Smolder<34><VALVE_ID_LAN><TERRORIST>" killed "@te<37><VALVE_ID_LAN><CT>" with "knife"
L 09/26/2019 - 12:52:15: "DareDevil<30><VALVE_ID_LAN><CT>" killed "Calcas Peludas<31><VALVE_ID_LAN><TERRORIST>" with "deagle"
L 09/26/2019 - 12:52:16: "Smolder<34><VALVE_ID_LAN><TERRORIST>" killed "Cap Billy<32><VALVE_ID_LAN><CT>" with "knife"
L 09/26/2019 - 12:52:20: "DareDevil<30><VALVE_ID_LAN><CT>" killed "Smolder<34><VALVE_ID_LAN><TERRORIST>" with "deagle"
L 09/26/2019 - 12:52:21: "Calcas Peludas<31><VALVE_ID_LAN><TERRORIST>" say "pega" (dead)
L 09/26/2019 - 12:52:21: "Gho$T<35><VALVE_ID_LAN><TERRORIST>" killed "DareDevil<30><VALVE_ID_LAN><CT>" with "knife"
L 09/26/2019 - 12:52:24: "Calcas Peludas<31><VALVE_ID_LAN><TERRORIST>" say "tomem" (dead)
L 09/26/2019 - 12:52:25: "INDIO de ferias<33><VALVE_ID_LAN><CT>" say_team "que porra he isso" (dead)
L 09/26/2019 - 12:52:25: "Jack<36><VALVE_ID_LAN><CT>" killed "Gho$T<35><VALVE_ID_LAN><TERRORIST>" with "deagle"
L 09/26/2019 - 12:52:28: "DareDevil<30><VALVE_ID_LAN><CT>" say_team "sei lah" (dead)
L 09/26/2019 - 12:52:32: "INDIO de ferias<33><VALVE_ID_LAN><CT>" say_team "se acalmem" (dead)
L 09/26/2019 - 12:52:33: "Smolder<34><VALVE_ID_LAN><TERRORIST>" say "efestival" (dead)
L 09/26/2019 - 12:52:33: "Kitkat<29><VALVE_ID_LAN><TERRORIST>" killed "Jack<36><VALVE_ID_LAN><CT>" with "deagle"
L 09/26/2019 - 12:52:33: Team "TERRORIST" triggered "Terrorists_Win" (CT "1") (T "3")
L 09/26/2019 - 12:52:33: World triggered "Round_End"
L 09/26/2019 - 12:52:35: "Smolder<34><VALVE_ID_LAN><TERRORIST>" say "festa" (dead)
L 09/26/2019 - 12:52:36: "Gho$T<35><VALVE_ID_LAN><TERRORIST>" say "lindaaaaa" (dead)
L 09/26/2019 - 12:52:38: "Cap Billy<32><VALVE_ID_LAN><CT>" say_team "tah osso" (dead)
L 09/26/2019 - 12:52:38: World triggered "Round_Start"
L 09/26/2019 - 12:52:40: "INDIO de ferias<33><VALVE_ID_LAN><CT>" say_team "caralho"
L 09/26/2019 - 12:52:46: "CEIFADOR<27><VALVE_ID_LOOPBACK><TERRORIST>" killed "Jack<36><VALVE_ID_LAN><CT>" with "deagle"
L 09/26/2019 - 12:52:49: "Kitkat<29><VALVE_ID_LAN><TERRORIST>" killed "@te<37><VALVE_ID_LAN><CT>" with "knife"
L 09/26/2019 - 12:52:50: "INDIO de ferias<33><VALVE_ID_LAN><CT>" killed "CEIFADOR<27><VALVE_ID_LOOPBACK><TERRORIST>" with "deagle"
L 09/26/2019 - 12:52:54: "INDIO de ferias<33><VALVE_ID_LAN><CT>" killed "Kitkat<29><VALVE_ID_LAN><TERRORIST>" with "deagle"
L 09/26/2019 - 12:53:00: "Cap Billy<32><VALVE_ID_LAN><CT>" killed "Calcas Peludas<31><VALVE_ID_LAN><TERRORIST>" with "deagle"
L 09/26/2019 - 12:53:01: "INDIO de ferias<33><VALVE_ID_LAN><CT>" killed "Gho$T<35><VALVE_ID_LAN><TERRORIST>" with "deagle"
L 09/26/2019 - 12:53:01: "Smolder<34><VALVE_ID_LAN><TERRORIST>" killed "INDIO de ferias<33><VALVE_ID_LAN><CT>" with "deagle"
L 09/26/2019 - 12:53:04: "Smolder<34><VALVE_ID_LAN><TERRORIST>" killed "Cap Billy<32><VALVE_ID_LAN><CT>" with "deagle"
L 09/26/2019 - 12:53:12: "DareDevil<30><VALVE_ID_LAN><CT>" killed "Smolder<34><VALVE_ID_LAN><TERRORIST>" with "deagle"
L 09/26/2019 - 12:53:12: Team "CT" triggered "CTs_Win" (CT "2") (T "3")
L 09/26/2019 - 12:53:12: World triggered "Round_End"
L 09/26/2019 - 12:53:14: "Gho$T<35><VALVE_ID_LAN><TERRORIST>" say "pqp" (dead)
L 09/26/2019 - 12:53:14: "Calcas Peludas<31><VALVE_ID_LAN><TERRORIST>" say "hahahahahaha" (dead)
L 09/26/2019 - 12:53:17: "@te<37><VALVE_ID_LAN><CT>" say "isso" (dead)
L 09/26/2019 - 12:53:17: World triggered "Round_Start"
L 09/26/2019 - 12:53:26: "Calcas Peludas<31><VALVE_ID_LAN><TERRORIST>" killed "Jack<36><VALVE_ID_LAN><CT>" with "deagle"
L 09/26/2019 - 12:53:31: "@te<37><VALVE_ID_LAN><CT>" killed "CEIFADOR<27><VALVE_ID_LOOPBACK><TERRORIST>" with "deagle"
L 09/26/2019 - 12:53:32: "Cap Billy<32><VALVE_ID_LAN><CT>" killed "Gho$T<35><VALVE_ID_LAN><TERRORIST>" with "deagle"
L 09/26/2019 - 12:53:33: "INDIO de ferias<33><VALVE_ID_LAN><CT>" killed "Kitkat<29><VALVE_ID_LAN><TERRORIST>" with "deagle"
L 09/26/2019 - 12:53:35: "@te<37><VALVE_ID_LAN><CT>" killed "Calcas Peludas<31><VALVE_ID_LAN><TERRORIST>" with "knife"
L 09/26/2019 - 12:53:36: "Smolder<34><VALVE_ID_LAN><TERRORIST>" killed "@te<37><VALVE_ID_LAN><CT>" with "deagle"
L 09/26/2019 - 12:53:43: "Calcas Peludas<31><VALVE_ID_LAN><TERRORIST>" say "pora smolder " (dead)
L 09/26/2019 - 12:53:43: "Smolder<34><VALVE_ID_LAN><TERRORIST>" killed "DareDevil<30><VALVE_ID_LAN><CT>" with "deagle"
L 09/26/2019 - 12:53:46: "INDIO de ferias<33><VALVE_ID_LAN><CT>" killed "Smolder<34><VALVE_ID_LAN><TERRORIST>" with "deagle"
L 09/26/2019 - 12:53:46: Team "CT" triggered "CTs_Win" (CT "3") (T "3")
L 09/26/2019 - 12:53:46: World triggered "Round_End"
L 09/26/2019 - 12:53:49: "Calcas Peludas<31><VALVE_ID_LAN><TERRORIST>" say "me travou kkkk" (dead)
L 09/26/2019 - 12:53:50: "Gho$T<35><VALVE_ID_LAN><TERRORIST>" say "smolder ta osso" (dead)
L 09/26/2019 - 12:53:51: World triggered "Round_Start"
L 09/26/2019 - 12:53:53: "@te<37><VALVE_ID_LAN><CT>" say "smoder dei"
L 09/26/2019 - 12:54:00: "Gho$T<35><VALVE_ID_LAN><TERRORIST>" killed "INDIO de ferias<33><VALVE_ID_LAN><CT>" with "deagle"
L 09/26/2019 - 12:54:02: "Cap Billy<32><VALVE_ID_LAN><CT>" killed "CEIFADOR<27><VALVE_ID_LOOPBACK><TERRORIST>" with "deagle"
L 09/26/2019 - 12:54:03: "Gho$T<35><VALVE_ID_LAN><TERRORIST>" killed "Jack<36><VALVE_ID_LAN><CT>" with "deagle"
L 09/26/2019 - 12:54:07: "DareDevil<30><VALVE_ID_LAN><CT>" killed "Kitkat<29><VALVE_ID_LAN><TERRORIST>" with "deagle"
L 09/26/2019 - 12:54:08: "Cap Billy<32><VALVE_ID_LAN><CT>" killed "Gho$T<35><VALVE_ID_LAN><TERRORIST>" with "deagle"
L 09/26/2019 - 12:54:09: "Calcas Peludas<31><VALVE_ID_LAN><TERRORIST>" killed "DareDevil<30><VALVE_ID_LAN><CT>" with "knife"
L 09/26/2019 - 12:54:14: "Cap Billy<32><VALVE_ID_LAN><CT>" killed "Smolder<34><VALVE_ID_LAN><TERRORIST>" with "deagle"
L 09/26/2019 - 12:54:14: "Calcas Peludas<31><VALVE_ID_LAN><TERRORIST>" killed "Cap Billy<32><VALVE_ID_LAN><CT>" with "deagle"
L 09/26/2019 - 12:54:17: "DareDevil<30><VALVE_ID_LAN><CT>" say_team "me deixaram soh" (dead)
L 09/26/2019 - 12:54:21: "@te<37><VALVE_ID_LAN><CT>" killed "Calcas Peludas<31><VALVE_ID_LAN><TERRORIST>" with "deagle"
L 09/26/2019 - 12:54:21: Team "CT" triggered "CTs_Win" (CT "4") (T "3")
L 09/26/2019 - 12:54:21: World triggered "Round_End"
L 09/26/2019 - 12:54:21: "DareDevil<30><VALVE_ID_LAN><CT>" say_team "tinha um comigo e sumiu" (dead)
L 09/26/2019 - 12:54:22: "Cap Billy<32><VALVE_ID_LAN><CT>" say_team "eu tava com tu" (dead)
L 09/26/2019 - 12:54:24: "Gho$T<35><VALVE_ID_LAN><TERRORIST>" say_team "mapa homi" (dead)
L 09/26/2019 - 12:54:26: World triggered "Round_Start"
L 09/26/2019 - 12:54:34: "DareDevil<30><VALVE_ID_LAN><CT>" killed "Calcas Peludas<31><VALVE_ID_LAN><TERRORIST>" with "deagle"
L 09/26/2019 - 12:54:40: "DareDevil<30><VALVE_ID_LAN><CT>" killed "Gho$T<35><VALVE_ID_LAN><TERRORIST>" with "deagle"
L 09/26/2019 - 12:54:42: "Jack<36><VALVE_ID_LAN><CT>" killed "Kitkat<29><VALVE_ID_LAN><TERRORIST>" with "deagle"
L 09/26/2019 - 12:54:44: "Smolder<34><VALVE_ID_LAN><TERRORIST>" killed "DareDevil<30><VALVE_ID_LAN><CT>" with "deagle"
L 09/26/2019 - 12:54:45: "Cap Billy<32><VALVE_ID_LAN><CT>" killed "Smolder<34><VALVE_ID_LAN><TERRORIST>" with "deagle"
L 09/26/2019 - 12:54:47: "@te<37><VALVE_ID_LAN><CT>" killed "CEIFADOR<27><VALVE_ID_LOOPBACK><TERRORIST>" with "deagle"
L 09/26/2019 - 12:54:47: Team "CT" triggered "CTs_Win" (CT "5") (T "3")
L 09/26/2019 - 12:54:47: World triggered "Round_End"
L 09/26/2019 - 12:54:52: World triggered "Round_Start"
L 09/26/2019 - 12:54:53: "Cap Billy<32><VALVE_ID_LAN><CT>" say_team "MEU DEUSSSs"
L 09/26/2019 - 12:54:54: "INDIO de ferias<33><VALVE_ID_LAN><CT>" say_team "porra pega a kit"
L 09/26/2019 - 12:55:00: "Jack<36><VALVE_ID_LAN><CT>" killed "Smolder<34><VALVE_ID_LAN><TERRORIST>" with "deagle"
L 09/26/2019 - 12:55:01: "Calcas Peludas<31><VALVE_ID_LAN><TERRORIST>" killed "INDIO de ferias<33><VALVE_ID_LAN><CT>" with "deagle"
L 09/26/2019 - 12:55:04: "CEIFADOR<27><VALVE_ID_LOOPBACK><TERRORIST>" killed "@te<37><VALVE_ID_LAN><CT>" with "deagle"
L 09/26/2019 - 12:55:07: "Jack<36><VALVE_ID_LAN><CT>" killed "Gho$T<35><VALVE_ID_LAN><TERRORIST>" with "deagle"
L 09/26/2019 - 12:55:08: "Cap Billy<32><VALVE_ID_LAN><CT>" killed "Kitkat<29><VALVE_ID_LAN><TERRORIST>" with "deagle"
L 09/26/2019 - 12:55:10: "Calcas Peludas<31><VALVE_ID_LAN><TERRORIST>" killed "Jack<36><VALVE_ID_LAN><CT>" with "deagle"
L 09/26/2019 - 12:55:18: "CEIFADOR<27><VALVE_ID_LOOPBACK><TERRORIST>" killed "Cap Billy<32><VALVE_ID_LAN><CT>" with "deagle"
L 09/26/2019 - 12:55:22: "DareDevil<30><VALVE_ID_LAN><CT>" killed "Calcas Peludas<31><VALVE_ID_LAN><TERRORIST>" with "deagle"
L 09/26/2019 - 12:55:30: "DareDevil<30><VALVE_ID_LAN><CT>" killed "CEIFADOR<27><VALVE_ID_LOOPBACK><TERRORIST>" with "deagle"
L 09/26/2019 - 12:55:30: Team "CT" triggered "CTs_Win" (CT "6") (T "3")
L 09/26/2019 - 12:55:30: World triggered "Round_End"
L 09/26/2019 - 12:55:31: "Calcas Peludas<31><VALVE_ID_LAN><TERRORIST>" say "se acalme " (dead)
L 09/26/2019 - 12:55:32: "Cap Billy<32><VALVE_ID_LAN><CT>" say "TOME" (dead)
L 09/26/2019 - 12:55:35: World triggered "Round_Start"
L 09/26/2019 - 12:55:39: "Smolder<34><VALVE_ID_LAN><TERRORIST>" killed "Cap Billy<32><VALVE_ID_LAN><CT>" with "deagle"
L 09/26/2019 - 12:55:42: "Gho$T<35><VALVE_ID_LAN><TERRORIST>" killed "DareDevil<30><VALVE_ID_LAN><CT>" with "deagle"
L 09/26/2019 - 12:55:45: "Calcas Peludas<31><VALVE_ID_LAN><TERRORIST>" killed "INDIO de ferias<33><VALVE_ID_LAN><CT>" with "knife"
L 09/26/2019 - 12:55:46: "CEIFADOR<27><VALVE_ID_LOOPBACK><TERRORIST>" killed "Jack<36><VALVE_ID_LAN><CT>" with "deagle"
L 09/26/2019 - 12:55:47: "@te<37><VALVE_ID_LAN><CT>" killed "Gho$T<35><VALVE_ID_LAN><TERRORIST>" with "deagle"
L 09/26/2019 - 12:55:49: "Cap Billy<32><VALVE_ID_LAN><CT>" say_team "SE CUIDA INDIO" (dead)
L 09/26/2019 - 12:55:50: "DareDevil<30><VALVE_ID_LAN><CT>" say "encontrei com dois totems" (dead)
L 09/26/2019 - 12:55:56: "Calcas Peludas<31><VALVE_ID_LAN><TERRORIST>" killed "@te<37><VALVE_ID_LAN><CT>" with "knife"
L 09/26/2019 - 12:55:56: Team "TERRORIST" triggered "Terrorists_Win" (CT "6") (T "4")
L 09/26/2019 - 12:55:56: World triggered "Round_End"
L 09/26/2019 - 12:55:59: "Gho$T<35><VALVE_ID_LAN><TERRORIST>" say "ahahha" (dead)
L 09/26/2019 - 12:55:59: "Calcas Peludas<31><VALVE_ID_LAN><TERRORIST>" say "pegue"
L 09/26/2019 - 12:56:01: World triggered "Round_Start"
L 09/26/2019 - 12:56:01: "Jack<36><VALVE_ID_LAN><CT>" say "abutres"
L 09/26/2019 - 12:56:11: "Cap Billy<32><VALVE_ID_LAN><CT>" killed "CEIFADOR<27><VALVE_ID_LOOPBACK><TERRORIST>" with "deagle"
L 09/26/2019 - 12:56:12: "Calcas Peludas<31><VALVE_ID_LAN><TERRORIST>" killed "DareDevil<30><VALVE_ID_LAN><CT>" with "deagle"
L 09/26/2019 - 12:56:15: "Smolder<34><VALVE_ID_LAN><TERRORIST>" killed "INDIO de ferias<33><VALVE_ID_LAN><CT>" with "deagle"
L 09/26/2019 - 12:56:15: "Cap Billy<32><VALVE_ID_LAN><CT>" killed "Calcas Peludas<31><VALVE_ID_LAN><TERRORIST>" with "deagle"
L 09/26/2019 - 12:56:21: "Cap Billy<32><VALVE_ID_LAN><CT>" killed "Gho$T<35><VALVE_ID_LAN><TERRORIST>" with "deagle"
L 09/26/2019 - 12:56:24: "Smolder<34><VALVE_ID_LAN><TERRORIST>" killed "Jack<36><VALVE_ID_LAN><CT>" with "deagle"
L 09/26/2019 - 12:56:25: "Cap Billy<32><VALVE_ID_LAN><CT>" killed "Smolder<34><VALVE_ID_LAN><TERRORIST>" with "deagle"
L 09/26/2019 - 12:56:27: "Kitkat<29><VALVE_ID_LAN><TERRORIST>" killed "Cap Billy<32><VALVE_ID_LAN><CT>" with "deagle"
L 09/26/2019 - 12:56:34: "@te<37><VALVE_ID_LAN><CT>" killed "Kitkat<29><VALVE_ID_LAN><TERRORIST>" with "deagle"
L 09/26/2019 - 12:56:34: Team "CT" triggered "CTs_Win" (CT "7") (T "4")
L 09/26/2019 - 12:56:34: World triggered "Round_End"
L 09/26/2019 - 12:56:37: "DareDevil<30><VALVE_ID_LAN><CT>" say "valeu" (dead)
L 09/26/2019 - 12:56:39: World triggered "Round_Start"
L 09/26/2019 - 12:56:44: "Jack<36><VALVE_ID_LAN><CT>" killed "Calcas Peludas<31><VALVE_ID_LAN><TERRORIST>" with "deagle"
L 09/26/2019 - 12:56:47: "Kitkat<29><VALVE_ID_LAN><TERRORIST>" killed "Jack<36><VALVE_ID_LAN><CT>" with "deagle"
L 09/26/2019 - 12:56:48: "INDIO de ferias<33><VALVE_ID_LAN><CT>" killed "Gho$T<35><VALVE_ID_LAN><TERRORIST>" with "deagle"
L 09/26/2019 - 12:56:51: "@te<37><VALVE_ID_LAN><CT>" killed "Smolder<34><VALVE_ID_LAN><TERRORIST>" with "deagle"
L 09/26/2019 - 12:56:54: "CEIFADOR<27><VALVE_ID_LOOPBACK><TERRORIST>" killed "INDIO de ferias<33><VALVE_ID_LAN><CT>" with "deagle"
L 09/26/2019 - 12:56:58: "Calcas Peludas<31><VALVE_ID_LAN><TERRORIST>" say "timeleft" (dead)
L 09/26/2019 - 12:57:00: "CEIFADOR<27><VALVE_ID_LOOPBACK><TERRORIST>" killed "Cap Billy<32><VALVE_ID_LAN><CT>" with "deagle"
L 09/26/2019 - 12:57:01: "DareDevil<30><VALVE_ID_LAN><CT>" killed "Kitkat<29><VALVE_ID_LAN><TERRORIST>" with "deagle"
L 09/26/2019 - 12:57:03: "Calcas Peludas<31><VALVE_ID_LAN><TERRORIST>" say "faca doida pelo" (dead)
L 09/26/2019 - 12:57:04: "DareDevil<30><VALVE_ID_LAN><CT>" killed "CEIFADOR<27><VALVE_ID_LOOPBACK><TERRORIST>" with "deagle"
L 09/26/2019 - 12:57:04: Team "CT" triggered "CTs_Win" (CT "8") (T "4")
L 09/26/2019 - 12:57:04: World triggered "Round_End"
L 09/26/2019 - 12:57:05: "Calcas Peludas<31><VALVE_ID_LAN><TERRORIST>" say "meio" (dead)
L 09/26/2019 - 12:57:07: "Calcas Peludas<31><VALVE_ID_LAN><TERRORIST>" say "faca" (dead)
L 09/26/2019 - 12:57:08: "Gho$T<35><VALVE_ID_LAN><TERRORIST>" say "timeleft" (dead)
L 09/26/2019 - 12:57:09: World triggered "Round_Start"
L 09/26/2019 - 12:57:09: "Calcas Peludas<31><VALVE_ID_LAN><TERRORIST>" say "faca"
L 09/26/2019 - 12:57:09: "Cap Billy<32><VALVE_ID_LAN><CT>" say "va se lascafr!!!"
L 09/26/2019 - 12:57:18: "Calcas Peludas<31><VALVE_ID_LAN><TERRORIST>" killed "@te<37><VALVE_ID_LAN><CT>" with "deagle"
L 09/26/2019 - 12:57:19: "Kitkat<29><VALVE_ID_LAN><TERRORIST>" killed "Jack<36><VALVE_ID_LAN><CT>" with "knife"
L 09/26/2019 - 12:57:22: "DareDevil<30><VALVE_ID_LAN><CT>" killed "Calcas Peludas<31><VALVE_ID_LAN><TERRORIST>" with "deagle"
L 09/26/2019 - 12:57:28: "Calcas Peludas<31><VALVE_ID_LAN><TERRORIST>" say "ta com medo" (dead)
L 09/26/2019 - 12:57:33: "INDIO de ferias<33><VALVE_ID_LAN><CT>" killed "Smolder<34><VALVE_ID_LAN><TERRORIST>" with "deagle"
L 09/26/2019 - 12:57:33: "CEIFADOR<27><VALVE_ID_LOOPBACK><TERRORIST>" killed "INDIO de ferias<33><VALVE_ID_LAN><CT>" with "deagle"
L 09/26/2019 - 12:57:34: "CEIFADOR<27><VALVE_ID_LOOPBACK><TERRORIST>" killed "Cap Billy<32><VALVE_ID_LAN><CT>" with "deagle"
L 09/26/2019 - 12:57:38: "Calcas Peludas<31><VALVE_ID_LAN><TERRORIST>" say "peuguem" (dead)
L 09/26/2019 - 12:57:46: "DareDevil<30><VALVE_ID_LAN><CT>" killed "Kitkat<29><VALVE_ID_LAN><TERRORIST>" with "deagle"
L 09/26/2019 - 12:57:58: "Cap Billy<32><VALVE_ID_LAN><CT>" say_team "Essa semana tah foda" (dead)
L 09/26/2019 - 12:58:01: "Calcas Peludas<31><VALVE_ID_LAN><TERRORIST>" say "ahahaha" (dead)
L 09/26/2019 - 12:58:02: "INDIO de ferias<33><VALVE_ID_LAN><CT>" say_team "ta" (dead)
L 09/26/2019 - 12:58:03: "Kitkat<29><VALVE_ID_LAN><TERRORIST>" say "kkkk" (dead)
L 09/26/2019 - 12:58:06: "Jack<36><VALVE_ID_LAN><CT>" say "ta" (dead)
L 09/26/2019 - 12:58:10: "Cap Billy<32><VALVE_ID_LAN><CT>" say_team "a gente ta se reiando todo dia" (dead)
L 09/26/2019 - 12:58:15: "CEIFADOR<27><VALVE_ID_LOOPBACK><TERRORIST>" killed "DareDevil<30><VALVE_ID_LAN><CT>" with "deagle"
L 09/26/2019 - 12:58:15: Team "TERRORIST" triggered "Terrorists_Win" (CT "8") (T "5")
L 09/26/2019 - 12:58:15: World triggered "Round_End"
L 09/26/2019 - 12:58:18: "Cap Billy<32><VALVE_ID_LAN><CT>" say_team "nam" (dead)
L 09/26/2019 - 12:58:18: "Gho$T<35><VALVE_ID_LAN><TERRORIST>" say "timeelft"
L 09/26/2019 - 12:58:20: World triggered "Round_Start"
L 09/26/2019 - 12:58:21: "Cap Billy<32><VALVE_ID_LAN><CT>" say_team "tem que se ligar"
L 09/26/2019 - 12:58:24: "Gho$T<35><VALVE_ID_LAN><TERRORIST>" say "timeleft"
L 09/26/2019 - 12:58:31: "DareDevil<30><VALVE_ID_LAN><CT>" killed "Calcas Peludas<31><VALVE_ID_LAN><TERRORIST>" with "deagle"
L 09/26/2019 - 12:58:33: "Jack<36><VALVE_ID_LAN><CT>" killed "Gho$T<35><VALVE_ID_LAN><TERRORIST>" with "deagle"
L 09/26/2019 - 12:58:34: "CEIFADOR<27><VALVE_ID_LOOPBACK><TERRORIST>" killed "DareDevil<30><VALVE_ID_LAN><CT>" with "knife"
L 09/26/2019 - 12:58:38: "DareDevil<30><VALVE_ID_LAN><CT>" say_team "de longe eh foda" (dead)
L 09/26/2019 - 12:58:38: "INDIO de ferias<33><VALVE_ID_LAN><CT>" killed "CEIFADOR<27><VALVE_ID_LOOPBACK><TERRORIST>" with "deagle"
L 09/26/2019 - 12:58:38: "Gho$T<35><VALVE_ID_LAN><TERRORIST>" say "dareima" (dead)
L 09/26/2019 - 12:58:39: "Calcas Peludas<31><VALVE_ID_LAN><TERRORIST>" say "tome o roriuque" (dead)
L 09/26/2019 - 12:58:40: "Gho$T<35><VALVE_ID_LAN><TERRORIST>" say "HAHAHA" (dead)
L 09/26/2019 - 12:58:40: "Cap Billy<32><VALVE_ID_LAN><CT>" killed "Kitkat<29><VALVE_ID_LAN><TERRORIST>" with "knife"
L 09/26/2019 - 12:58:42: Server cvar "amx_nextmap" = "ak-colt_dust_arena"
L 09/26/2019 - 12:58:42: "INDIO de ferias<33><VALVE_ID_LAN><CT>" killed "Smolder<34><VALVE_ID_LAN><TERRORIST>" with "deagle"
L 09/26/2019 - 12:58:42: Team "CT" triggered "CTs_Win" (CT "9") (T "5")
L 09/26/2019 - 12:58:42: World triggered "Round_End"
L 09/26/2019 - 12:58:47: World triggered "Round_Start"
L 09/26/2019 - 12:59:03: "INDIO de ferias<33><VALVE_ID_LAN><CT>" killed "Gho$T<35><VALVE_ID_LAN><TERRORIST>" with "deagle"
L 09/26/2019 - 12:59:06: "CEIFADOR<27><VALVE_ID_LOOPBACK><TERRORIST>" killed "@te<37><VALVE_ID_LAN><CT>" with "knife"
L 09/26/2019 - 12:59:08: "Kitkat<29><VALVE_ID_LAN><TERRORIST>" killed "Jack<36><VALVE_ID_LAN><CT>" with "knife"
L 09/26/2019 - 12:59:08: "INDIO de ferias<33><VALVE_ID_LAN><CT>" killed "CEIFADOR<27><VALVE_ID_LOOPBACK><TERRORIST>" with "knife"
L 09/26/2019 - 12:59:10: "INDIO de ferias<33><VALVE_ID_LAN><CT>" killed "Kitkat<29><VALVE_ID_LAN><TERRORIST>" with "knife"
L 09/26/2019 - 12:59:14: "INDIO de ferias<33><VALVE_ID_LAN><CT>" killed "Smolder<34><VALVE_ID_LAN><TERRORIST>" with "deagle"
L 09/26/2019 - 12:59:15: "Calcas Peludas<31><VALVE_ID_LAN><TERRORIST>" killed "DareDevil<30><VALVE_ID_LAN><CT>" with "deagle"
L 09/26/2019 - 12:59:23: "Cap Billy<32><VALVE_ID_LAN><CT>" killed "Calcas Peludas<31><VALVE_ID_LAN><TERRORIST>" with "deagle"
L 09/26/2019 - 12:59:23: Team "CT" triggered "CTs_Win" (CT "10") (T "5")
L 09/26/2019 - 12:59:23: World triggered "Round_End"
L 09/26/2019 - 12:59:28: "INDIO de ferias<33><VALVE_ID_LAN><CT>" say_team "y"
L 09/26/2019 - 12:59:28: World triggered "Round_Start"
L 09/26/2019 - 12:59:30: "INDIO de ferias<33><VALVE_ID_LAN><CT>" say "kkk"
L 09/26/2019 - 12:59:33: "Smolder<34><VALVE_ID_LAN><TERRORIST>" killed "DareDevil<30><VALVE_ID_LAN><CT>" with "deagle"
L 09/26/2019 - 12:59:40: "Calcas Peludas<31><VALVE_ID_LAN><TERRORIST>" killed "Cap Billy<32><VALVE_ID_LAN><CT>" with "deagle"
L 09/26/2019 - 12:59:45: "CEIFADOR<27><VALVE_ID_LOOPBACK><TERRORIST>" killed "INDIO de ferias<33><VALVE_ID_LAN><CT>" with "deagle"
L 09/26/2019 - 12:59:47: "Calcas Peludas<31><VALVE_ID_LAN><TERRORIST>" killed "Jack<36><VALVE_ID_LAN><CT>" with "deagle"
L 09/26/2019 - 12:59:50: "Cap Billy<32><VALVE_ID_LAN><CT>" say_team "SE CUIDA INDIO" (dead)
L 09/26/2019 - 12:59:54: "Cap Billy<32><VALVE_ID_LAN><CT>" say_team "NAO EH PRA SER IMA" (dead)
L 09/26/2019 - 12:59:57: "Cap Billy<32><VALVE_ID_LAN><CT>" say_team "PELO MENOS ISSO" (dead)
L 09/26/2019 - 12:59:59: "DareDevil<30><VALVE_ID_LAN><CT>" say_team "ja levei seis ou sete facadas.." (dead)
L 09/26/2019 - 13:00:00: "INDIO de ferias<33><VALVE_ID_LAN><CT>" say_team "ok" (dead)
L 09/26/2019 - 13:00:01: "DareDevil<30><VALVE_ID_LAN><CT>" say_team "indio nao levou tantas" (dead)
L 09/26/2019 - 13:00:05: "@te<37><VALVE_ID_LAN><CT>" killed "Gho$T<35><VALVE_ID_LAN><TERRORIST>" with "deagle"
L 09/26/2019 - 13:00:08: "Kitkat<29><VALVE_ID_LAN><TERRORIST>" killed "@te<37><VALVE_ID_LAN><CT>" with "knife"
L 09/26/2019 - 13:00:08: Team "TERRORIST" triggered "Terrorists_Win" (CT "10") (T "6")
L 09/26/2019 - 13:00:08: World triggered "Round_End"
L 09/26/2019 - 13:00:11: "Gho$T<35><VALVE_ID_LAN><TERRORIST>" say "HAHAHAHAHAHAHHAAHHAH" (dead)
L 09/26/2019 - 13:00:12: "Calcas Peludas<31><VALVE_ID_LAN><TERRORIST>" say "hahahahahahahahahaha"
L 09/26/2019 - 13:00:13: World triggered "Round_Start"
L 09/26/2019 - 13:00:14: "Cap Billy<32><VALVE_ID_LAN><CT>" say_team "MEU DEUS DO CEIU"
L 09/26/2019 - 13:00:16: "Jack<36><VALVE_ID_LAN><CT>" say "carail. . kit vai se faqiadora"
L 09/26/2019 - 13:00:17: "Gho$T<35><VALVE_ID_LAN><TERRORIST>" killed "@te<37><VALVE_ID_LAN><CT>" with "deagle"
L 09/26/2019 - 13:00:21: "Gho$T<35><VALVE_ID_LAN><TERRORIST>" killed "Cap Billy<32><VALVE_ID_LAN><CT>" with "deagle"
L 09/26/2019 - 13:00:27: "INDIO de ferias<33><VALVE_ID_LAN><CT>" killed "Calcas Peludas<31><VALVE_ID_LAN><TERRORIST>" with "deagle"
L 09/26/2019 - 13:00:29: "Kitkat<29><VALVE_ID_LAN><TERRORIST>" killed "Jack<36><VALVE_ID_LAN><CT>" with "knife"
L 09/26/2019 - 13:00:30: "INDIO de ferias<33><VALVE_ID_LAN><CT>" killed "Smolder<34><VALVE_ID_LAN><TERRORIST>" with "deagle"
L 09/26/2019 - 13:00:32: "DareDevil<30><VALVE_ID_LAN><CT>" killed "CEIFADOR<27><VALVE_ID_LOOPBACK><TERRORIST>" with "deagle"
L 09/26/2019 - 13:00:34: "Calcas Peludas<31><VALVE_ID_LAN><TERRORIST>" say "toma" (dead)
L 09/26/2019 - 13:00:34: "INDIO de ferias<33><VALVE_ID_LAN><CT>" killed "Gho$T<35><VALVE_ID_LAN><TERRORIST>" with "deagle"
L 09/26/2019 - 13:00:35: Log file closed
