L 09/24/2019 - 12:51:28: Log file started (file "logs\L0924007.log") (game "cstrike") (version "47/1.1.2.2/2603")
L 09/24/2019 - 12:51:28: "Smolder<41><VALVE_ID_LAN><>" joined team "TERRORIST"
L 09/24/2019 - 12:51:28: "INDIO de ferias<39><VALVE_ID_LAN><>" joined team "CT"
L 09/24/2019 - 12:51:28: "Calcas Peludas<43><VALVE_ID_LAN><>" connected, address "10.15.2.230:27005"
L 09/24/2019 - 12:51:29: World triggered "Round_Start"
L 09/24/2019 - 12:51:30: "DareDevil<42><VALVE_ID_LAN><>" entered the game
L 09/24/2019 - 12:51:31: "Calcas Peludas<43><VALVE_ID_LAN><>" entered the game
L 09/24/2019 - 12:51:32: "Calcas Peludas<43><VALVE_ID_LAN><>" joined team "TERRORIST"
L 09/24/2019 - 12:51:32: "DareDevil<42><VALVE_ID_LAN><>" joined team "CT"
L 09/24/2019 - 12:51:36: "CEIFADOR<35><VALVE_ID_LOOPBACK><TERRORIST>" killed "INDIO de ferias<39><VALVE_ID_LAN><CT>" with "deagle"
L 09/24/2019 - 12:51:39: "DareDevil<42><VALVE_ID_LAN><CT>" killed "CEIFADOR<35><VALVE_ID_LOOPBACK><TERRORIST>" with "deagle"
L 09/24/2019 - 12:51:41: "Kitkat<36><VALVE_ID_LAN><TERRORIST>" killed "DareDevil<42><VALVE_ID_LAN><CT>" with "knife"
L 09/24/2019 - 12:51:42: "Cap Billy<37><VALVE_ID_LAN><CT>" killed "Calcas Peludas<43><VALVE_ID_LAN><TERRORIST>" with "deagle"
L 09/24/2019 - 12:51:46: "Cap Billy<37><VALVE_ID_LAN><CT>" killed "Kitkat<36><VALVE_ID_LAN><TERRORIST>" with "deagle"
L 09/24/2019 - 12:51:46: "Calcas Peludas<43><VALVE_ID_LAN><TERRORIST>" say "toma" (dead)
L 09/24/2019 - 12:51:47: "DareDevil<42><VALVE_ID_LAN><CT>" say_team "travou para mim..." (dead)
L 09/24/2019 - 12:51:47: "@te<44><VALVE_ID_LAN><>" connected, address "10.15.2.86:27005"
L 09/24/2019 - 12:51:50: "@te<44><VALVE_ID_LAN><>" entered the game
L 09/24/2019 - 12:51:52: "Cap Billy<37><VALVE_ID_LAN><CT>" killed "Gho$T<40><VALVE_ID_LAN><TERRORIST>" with "knife"
L 09/24/2019 - 12:51:54: "@te<44><VALVE_ID_LAN><>" joined team "CT"
L 09/24/2019 - 12:51:55: "Jack<38><VALVE_ID_LAN><CT>" killed "Smolder<41><VALVE_ID_LAN><TERRORIST>" with "deagle"
L 09/24/2019 - 12:51:55: Team "CT" triggered "CTs_Win" (CT "1") (T "0")
L 09/24/2019 - 12:51:55: World triggered "Round_End"
L 09/24/2019 - 12:51:56: "DareDevil<42><VALVE_ID_LAN><CT>" say "ui mamae" (dead)
L 09/24/2019 - 12:52:00: World triggered "Round_Start"
L 09/24/2019 - 12:52:00: "Cap Billy<37><VALVE_ID_LAN><CT>" say "OOPSSS"
L 09/24/2019 - 12:52:00: "INDIO de ferias<39><VALVE_ID_LAN><CT>" say_team "nao vai assm dare"
L 09/24/2019 - 12:52:10: "CEIFADOR<35><VALVE_ID_LOOPBACK><TERRORIST>" killed "Jack<38><VALVE_ID_LAN><CT>" with "deagle"
L 09/24/2019 - 12:52:11: "@te<44><VALVE_ID_LAN><CT>" killed "CEIFADOR<35><VALVE_ID_LOOPBACK><TERRORIST>" with "deagle"
L 09/24/2019 - 12:52:14: "Smolder<41><VALVE_ID_LAN><TERRORIST>" killed "@te<44><VALVE_ID_LAN><CT>" with "knife"
L 09/24/2019 - 12:52:14: "Cap Billy<37><VALVE_ID_LAN><CT>" killed "Gho$T<40><VALVE_ID_LAN><TERRORIST>" with "knife"
L 09/24/2019 - 12:52:15: "Cap Billy<37><VALVE_ID_LAN><CT>" killed "Smolder<41><VALVE_ID_LAN><TERRORIST>" with "knife"
L 09/24/2019 - 12:52:20: "Jack<38><VALVE_ID_LAN><CT>" say "ai bebe" (dead)
L 09/24/2019 - 12:52:20: "Gho$T<40><VALVE_ID_LAN><TERRORIST>" say "me treavaram porra" (dead)
L 09/24/2019 - 12:52:24: "INDIO de ferias<39><VALVE_ID_LAN><CT>" killed "Kitkat<36><VALVE_ID_LAN><TERRORIST>" with "deagle"
L 09/24/2019 - 12:52:27: "DareDevil<42><VALVE_ID_LAN><CT>" killed "Calcas Peludas<43><VALVE_ID_LAN><TERRORIST>" with "deagle"
L 09/24/2019 - 12:52:27: Team "CT" triggered "CTs_Win" (CT "2") (T "0")
L 09/24/2019 - 12:52:27: World triggered "Round_End"
L 09/24/2019 - 12:52:29: "CEIFADOR<35><VALVE_ID_LOOPBACK><TERRORIST>" say_team "cuidado carai" (dead)
L 09/24/2019 - 12:52:31: "CEIFADOR<35><VALVE_ID_LOOPBACK><TERRORIST>" say_team "porra" (dead)
L 09/24/2019 - 12:52:32: "DareDevil<42><VALVE_ID_LAN><CT>" say_team "dei de cara com ele"
L 09/24/2019 - 12:52:32: World triggered "Round_Start"
L 09/24/2019 - 12:52:33: "Cap Billy<37><VALVE_ID_LAN><CT>" say "OPS!!"
L 09/24/2019 - 12:52:37: "Gho$T<40><VALVE_ID_LAN><TERRORIST>" say "vou ficar"
L 09/24/2019 - 12:52:43: "Calcas Peludas<43><VALVE_ID_LAN><TERRORIST>" killed "INDIO de ferias<39><VALVE_ID_LAN><CT>" with "deagle"
L 09/24/2019 - 12:52:46: "Cap Billy<37><VALVE_ID_LAN><CT>" killed "Calcas Peludas<43><VALVE_ID_LAN><TERRORIST>" with "deagle"
L 09/24/2019 - 12:52:46: "Jack<38><VALVE_ID_LAN><CT>" killed "Gho$T<40><VALVE_ID_LAN><TERRORIST>" with "deagle"
L 09/24/2019 - 12:52:48: "DareDevil<42><VALVE_ID_LAN><CT>" killed "Kitkat<36><VALVE_ID_LAN><TERRORIST>" with "deagle"
L 09/24/2019 - 12:52:49: "Calcas Peludas<43><VALVE_ID_LAN><TERRORIST>" say "salvou" (dead)
L 09/24/2019 - 12:52:55: "Cap Billy<37><VALVE_ID_LAN><CT>" say_team "MALZ"
L 09/24/2019 - 12:53:02: "Smolder<41><VALVE_ID_LAN><TERRORIST>" killed "@te<44><VALVE_ID_LAN><CT>" with "knife"
L 09/24/2019 - 12:53:04: "Smolder<41><VALVE_ID_LAN><TERRORIST>" killed "DareDevil<42><VALVE_ID_LAN><CT>" with "deagle"
L 09/24/2019 - 12:53:05: "Cap Billy<37><VALVE_ID_LAN><CT>" killed "Smolder<41><VALVE_ID_LAN><TERRORIST>" with "knife"
L 09/24/2019 - 12:53:07: "Cap Billy<37><VALVE_ID_LAN><CT>" killed "CEIFADOR<35><VALVE_ID_LOOPBACK><TERRORIST>" with "deagle"
L 09/24/2019 - 12:53:07: Team "CT" triggered "CTs_Win" (CT "3") (T "0")
L 09/24/2019 - 12:53:07: World triggered "Round_End"
L 09/24/2019 - 12:53:07: "DareDevil<42><VALVE_ID_LAN><CT>" say "toma" (dead)
L 09/24/2019 - 12:53:12: World triggered "Round_Start"
L 09/24/2019 - 12:53:13: "Cap Billy<37><VALVE_ID_LAN><CT>" say "PODE SE ESCONDER GHOST"
L 09/24/2019 - 12:53:17: "DareDevil<42><VALVE_ID_LAN><CT>" killed "CEIFADOR<35><VALVE_ID_LOOPBACK><TERRORIST>" with "deagle"
L 09/24/2019 - 12:53:18: "Cap Billy<37><VALVE_ID_LAN><CT>" say "E FIK"
L 09/24/2019 - 12:53:21: "Gho$T<40><VALVE_ID_LAN><TERRORIST>" killed "INDIO de ferias<39><VALVE_ID_LAN><CT>" with "deagle"
L 09/24/2019 - 12:53:22: "Cap Billy<37><VALVE_ID_LAN><CT>" killed "Gho$T<40><VALVE_ID_LAN><TERRORIST>" with "deagle"
L 09/24/2019 - 12:53:28: "DareDevil<42><VALVE_ID_LAN><CT>" killed "Smolder<41><VALVE_ID_LAN><TERRORIST>" with "deagle"
L 09/24/2019 - 12:53:33: "Jack<38><VALVE_ID_LAN><CT>" killed "Kitkat<36><VALVE_ID_LAN><TERRORIST>" with "deagle"
L 09/24/2019 - 12:53:44: "Calcas Peludas<43><VALVE_ID_LAN><TERRORIST>" killed "Cap Billy<37><VALVE_ID_LAN><CT>" with "deagle"
L 09/24/2019 - 12:53:46: "@te<44><VALVE_ID_LAN><CT>" killed "Calcas Peludas<43><VALVE_ID_LAN><TERRORIST>" with "knife"
L 09/24/2019 - 12:53:46: Team "CT" triggered "CTs_Win" (CT "4") (T "0")
L 09/24/2019 - 12:53:46: World triggered "Round_End"
L 09/24/2019 - 12:53:49: "Calcas Peludas<43><VALVE_ID_LAN><TERRORIST>" say "ai mamae" (dead)
L 09/24/2019 - 12:53:50: "Cap Billy<37><VALVE_ID_LAN><CT>" say "AI MAMAE!!!!!" (dead)
L 09/24/2019 - 12:53:50: "INDIO de ferias<39><VALVE_ID_LAN><CT>" say "kkkkkkkk" (dead)
L 09/24/2019 - 12:53:51: "DareDevil<42><VALVE_ID_LAN><CT>" say "ai mamae\"
L 09/24/2019 - 12:53:51: World triggered "Round_Start"
L 09/24/2019 - 12:53:56: "DareDevil<42><VALVE_ID_LAN><CT>" killed "Gho$T<40><VALVE_ID_LAN><TERRORIST>" with "deagle"
L 09/24/2019 - 12:54:01: "INDIO de ferias<39><VALVE_ID_LAN><CT>" killed "Smolder<41><VALVE_ID_LAN><TERRORIST>" with "deagle"
L 09/24/2019 - 12:54:02: "Jack<38><VALVE_ID_LAN><CT>" killed "Kitkat<36><VALVE_ID_LAN><TERRORIST>" with "deagle"
L 09/24/2019 - 12:54:05: "Calcas Peludas<43><VALVE_ID_LAN><TERRORIST>" killed "Cap Billy<37><VALVE_ID_LAN><CT>" with "deagle"
L 09/24/2019 - 12:54:06: "INDIO de ferias<39><VALVE_ID_LAN><CT>" killed "CEIFADOR<35><VALVE_ID_LOOPBACK><TERRORIST>" with "deagle"
L 09/24/2019 - 12:54:12: "Calcas Peludas<43><VALVE_ID_LAN><TERRORIST>" killed "INDIO de ferias<39><VALVE_ID_LAN><CT>" with "deagle"
L 09/24/2019 - 12:54:16: "Calcas Peludas<43><VALVE_ID_LAN><TERRORIST>" killed "Jack<38><VALVE_ID_LAN><CT>" with "deagle"
L 09/24/2019 - 12:54:22: "Gho$T<40><VALVE_ID_LAN><TERRORIST>" say "timeleft" (dead)
L 09/24/2019 - 12:54:30: "DareDevil<42><VALVE_ID_LAN><CT>" killed "Calcas Peludas<43><VALVE_ID_LAN><TERRORIST>" with "deagle"
L 09/24/2019 - 12:54:30: Team "CT" triggered "CTs_Win" (CT "5") (T "0")
L 09/24/2019 - 12:54:30: World triggered "Round_End"
L 09/24/2019 - 12:54:31: "Cap Billy<37><VALVE_ID_LAN><CT>" say "SOBE GHOST!!!!!!" (dead)
L 09/24/2019 - 12:54:35: World triggered "Round_Start"
L 09/24/2019 - 12:54:35: "Cap Billy<37><VALVE_ID_LAN><CT>" say "SOBE!!!!"
L 09/24/2019 - 12:54:39: "INDIO de ferias<39><VALVE_ID_LAN><CT>" killed "Gho$T<40><VALVE_ID_LAN><TERRORIST>" with "deagle"
L 09/24/2019 - 12:54:46: "Smolder<41><VALVE_ID_LAN><TERRORIST>" killed "Jack<38><VALVE_ID_LAN><CT>" with "deagle"
L 09/24/2019 - 12:54:47: "@te<44><VALVE_ID_LAN><CT>" killed "Calcas Peludas<43><VALVE_ID_LAN><TERRORIST>" with "deagle"
L 09/24/2019 - 12:54:47: "Smolder<41><VALVE_ID_LAN><TERRORIST>" killed "INDIO de ferias<39><VALVE_ID_LAN><CT>" with "deagle"
L 09/24/2019 - 12:54:47: "Kitkat<36><VALVE_ID_LAN><TERRORIST>" killed "DareDevil<42><VALVE_ID_LAN><CT>" with "deagle"
L 09/24/2019 - 12:54:51: "Cap Billy<37><VALVE_ID_LAN><CT>" killed "Kitkat<36><VALVE_ID_LAN><TERRORIST>" with "deagle"
L 09/24/2019 - 12:54:54: "Smolder<41><VALVE_ID_LAN><TERRORIST>" killed "Cap Billy<37><VALVE_ID_LAN><CT>" with "deagle"
L 09/24/2019 - 12:54:55: "CEIFADOR<35><VALVE_ID_LOOPBACK><TERRORIST>" killed "@te<44><VALVE_ID_LAN><CT>" with "deagle"
L 09/24/2019 - 12:54:55: Team "TERRORIST" triggered "Terrorists_Win" (CT "5") (T "1")
L 09/24/2019 - 12:54:55: World triggered "Round_End"
L 09/24/2019 - 12:55:00: World triggered "Round_Start"
L 09/24/2019 - 12:55:00: "Cap Billy<37><VALVE_ID_LAN><CT>" say "SOBE GHOST!!!"
L 09/24/2019 - 12:55:01: "INDIO de ferias<39><VALVE_ID_LAN><CT>" say_team "porra tacva zero"
L 09/24/2019 - 12:55:02: "@te<44><VALVE_ID_LAN><CT>" triggered "weaponstats" (weapon "deagle") (shots "17") (hits "5") (kills "2") (headshots "0") (tks "0") (damage "164") (deaths "1")
L 09/24/2019 - 12:55:02: "@te<44><VALVE_ID_LAN><CT>" triggered "weaponstats2" (weapon "deagle") (head "0") (chest "0") (stomach "0") (leftarm "3") (rightarm "1") (leftleg "1") (rightleg "0")
L 09/24/2019 - 12:55:02: "@te<44><VALVE_ID_LAN><CT>" triggered "weaponstats" (weapon "knife") (shots "2") (hits "2") (kills "1") (headshots "0") (tks "0") (damage "110") (deaths "2")
L 09/24/2019 - 12:55:02: "@te<44><VALVE_ID_LAN><CT>" triggered "weaponstats2" (weapon "knife") (head "0") (chest "0") (stomach "0") (leftarm "2") (rightarm "0") (leftleg "0") (rightleg "0")
L 09/24/2019 - 12:55:02: "@te<44><VALVE_ID_LAN><CT>" triggered "time" (time "3:12")
L 09/24/2019 - 12:55:02: "@te<44><VALVE_ID_LAN><CT>" triggered "latency" (ping "9")
L 09/24/2019 - 12:55:02: "@te<44><VALVE_ID_LAN><CT>" disconnected
L 09/24/2019 - 12:55:03: "@te<45><VALVE_ID_LAN><>" connected, address "10.15.2.86:27005"
L 09/24/2019 - 12:55:05: "@te<45><VALVE_ID_LAN><>" entered the game
L 09/24/2019 - 12:55:07: "CEIFADOR<35><VALVE_ID_LOOPBACK><TERRORIST>" killed "INDIO de ferias<39><VALVE_ID_LAN><CT>" with "deagle"
L 09/24/2019 - 12:55:10: "DareDevil<42><VALVE_ID_LAN><CT>" killed "Calcas Peludas<43><VALVE_ID_LAN><TERRORIST>" with "deagle"
L 09/24/2019 - 12:55:10: "@te<45><VALVE_ID_LAN><>" joined team "CT"
L 09/24/2019 - 12:55:11: "Gho$T<40><VALVE_ID_LAN><TERRORIST>" killed "DareDevil<42><VALVE_ID_LAN><CT>" with "knife"
L 09/24/2019 - 12:55:12: "Cap Billy<37><VALVE_ID_LAN><CT>" killed "Kitkat<36><VALVE_ID_LAN><TERRORIST>" with "deagle"
L 09/24/2019 - 12:55:13: "Gho$T<40><VALVE_ID_LAN><TERRORIST>" killed "Jack<38><VALVE_ID_LAN><CT>" with "deagle"
L 09/24/2019 - 12:55:14: "DareDevil<42><VALVE_ID_LAN><CT>" say "safado" (dead)
L 09/24/2019 - 12:55:15: "Calcas Peludas<43><VALVE_ID_LAN><TERRORIST>" say "toma nega" (dead)
L 09/24/2019 - 12:55:15: "DareDevil<42><VALVE_ID_LAN><CT>" say "safado" (dead)
L 09/24/2019 - 12:55:23: "INDIO de ferias<39><VALVE_ID_LAN><CT>" say_team "nao vai pro meio" (dead)
L 09/24/2019 - 12:55:28: "Cap Billy<37><VALVE_ID_LAN><CT>" killed "Smolder<41><VALVE_ID_LAN><TERRORIST>" with "deagle"
L 09/24/2019 - 12:55:28: "@te<45><VALVE_ID_LAN><CT>" killed "Gho$T<40><VALVE_ID_LAN><TERRORIST>" with "deagle"
L 09/24/2019 - 12:55:30: "CEIFADOR<35><VALVE_ID_LOOPBACK><TERRORIST>" killed "@te<45><VALVE_ID_LAN><CT>" with "deagle"
L 09/24/2019 - 12:55:31: "DareDevil<42><VALVE_ID_LAN><CT>" say_team "ok" (dead)
L 09/24/2019 - 12:55:33: "DareDevil<42><VALVE_ID_LAN><CT>" say_team "direita" (dead)
L 09/24/2019 - 12:55:34: "Gho$T<40><VALVE_ID_LAN><TERRORIST>" triggered "weaponstats" (weapon "deagle") (shots "24") (hits "8") (kills "2") (headshots "0") (tks "0") (damage "194") (deaths "5")
L 09/24/2019 - 12:55:34: "Gho$T<40><VALVE_ID_LAN><TERRORIST>" triggered "weaponstats2" (weapon "deagle") (head "0") (chest "2") (stomach "0") (leftarm "6") (rightarm "0") (leftleg "0") (rightleg "0")
L 09/24/2019 - 12:55:34: "Gho$T<40><VALVE_ID_LAN><TERRORIST>" triggered "weaponstats" (weapon "knife") (shots "4") (hits "4") (kills "1") (headshots "0") (tks "0") (damage "226") (deaths "2")
L 09/24/2019 - 12:55:34: "Gho$T<40><VALVE_ID_LAN><TERRORIST>" triggered "weaponstats2" (weapon "knife") (head "1") (chest "2") (stomach "0") (leftarm "0") (rightarm "1") (leftleg "0") (rightleg "0")
L 09/24/2019 - 12:55:34: "Gho$T<40><VALVE_ID_LAN><TERRORIST>" triggered "time" (time "4:08")
L 09/24/2019 - 12:55:34: "Gho$T<40><VALVE_ID_LAN><TERRORIST>" triggered "latency" (ping "13")
L 09/24/2019 - 12:55:34: "Gho$T<40><VALVE_ID_LAN><TERRORIST>" disconnected
L 09/24/2019 - 12:55:35: "CEIFADOR<35><VALVE_ID_LOOPBACK><TERRORIST>" killed "Cap Billy<37><VALVE_ID_LAN><CT>" with "deagle"
L 09/24/2019 - 12:55:35: Team "TERRORIST" triggered "Terrorists_Win" (CT "5") (T "2")
L 09/24/2019 - 12:55:35: World triggered "Round_End"
L 09/24/2019 - 12:55:40: World triggered "Round_Start"
L 09/24/2019 - 12:55:50: "Kitkat<36><VALVE_ID_LAN><TERRORIST>" killed "INDIO de ferias<39><VALVE_ID_LAN><CT>" with "deagle"
L 09/24/2019 - 12:55:51: "CEIFADOR<35><VALVE_ID_LOOPBACK><TERRORIST>" killed "Jack<38><VALVE_ID_LAN><CT>" with "knife"
L 09/24/2019 - 12:55:57: "Calcas Peludas<43><VALVE_ID_LAN><TERRORIST>" killed "Cap Billy<37><VALVE_ID_LAN><CT>" with "knife"
L 09/24/2019 - 12:55:57: "DareDevil<42><VALVE_ID_LAN><CT>" killed "Calcas Peludas<43><VALVE_ID_LAN><TERRORIST>" with "deagle"
L 09/24/2019 - 12:55:59: "CEIFADOR<35><VALVE_ID_LOOPBACK><TERRORIST>" killed "DareDevil<42><VALVE_ID_LAN><CT>" with "deagle"
L 09/24/2019 - 12:55:59: "Jack<38><VALVE_ID_LAN><CT>" say "carai..shoryuken" (dead)
L 09/24/2019 - 12:56:01: "Calcas Peludas<43><VALVE_ID_LAN><TERRORIST>" say "pega capitao" (dead)
L 09/24/2019 - 12:56:03: "CEIFADOR<35><VALVE_ID_LOOPBACK><TERRORIST>" killed "@te<45><VALVE_ID_LAN><CT>" with "deagle"
L 09/24/2019 - 12:56:03: Team "TERRORIST" triggered "Terrorists_Win" (CT "5") (T "3")
L 09/24/2019 - 12:56:03: World triggered "Round_End"
L 09/24/2019 - 12:56:07: "INDIO de ferias<39><VALVE_ID_LAN><CT>" say_team "porra" (dead)
L 09/24/2019 - 12:56:08: World triggered "Round_Start"
L 09/24/2019 - 12:56:08: "Cap Billy<37><VALVE_ID_LAN><CT>" say "sorte da porra"
L 09/24/2019 - 12:56:09: "XXBOT Seth<46><BOT><>" joined team "TERRORIST"
L 09/24/2019 - 12:56:09: Server cvar "bot_quota" = "1"
L 09/24/2019 - 12:56:09: "XXBOT Seth<46><BOT><>" entered the game
L 09/24/2019 - 12:56:17: "Kitkat<36><VALVE_ID_LAN><TERRORIST>" killed "Jack<38><VALVE_ID_LAN><CT>" with "deagle"
L 09/24/2019 - 12:56:19: "Cap Billy<37><VALVE_ID_LAN><CT>" killed "XXBOT Seth<46><BOT><TERRORIST>" with "deagle"
L 09/24/2019 - 12:56:22: "@te<45><VALVE_ID_LAN><CT>" killed "Kitkat<36><VALVE_ID_LAN><TERRORIST>" with "knife"
L 09/24/2019 - 12:56:23: "Cap Billy<37><VALVE_ID_LAN><CT>" killed "CEIFADOR<35><VALVE_ID_LOOPBACK><TERRORIST>" with "deagle"
L 09/24/2019 - 12:56:33: "Cap Billy<37><VALVE_ID_LAN><CT>" killed "Calcas Peludas<43><VALVE_ID_LAN><TERRORIST>" with "deagle"
L 09/24/2019 - 12:56:44: "Smolder<41><VALVE_ID_LAN><TERRORIST>" killed "@te<45><VALVE_ID_LAN><CT>" with "deagle"
L 09/24/2019 - 12:56:47: "Cap Billy<37><VALVE_ID_LAN><CT>" killed "Smolder<41><VALVE_ID_LAN><TERRORIST>" with "knife"
L 09/24/2019 - 12:56:47: Team "CT" triggered "CTs_Win" (CT "6") (T "3")
L 09/24/2019 - 12:56:47: World triggered "Round_End"
L 09/24/2019 - 12:56:50: "DareDevil<42><VALVE_ID_LAN><CT>" say "ui mamae"
L 09/24/2019 - 12:56:50: "Calcas Peludas<43><VALVE_ID_LAN><TERRORIST>" say "votz" (dead)
L 09/24/2019 - 12:56:52: "@te<45><VALVE_ID_LAN><CT>" say "u" (dead)
L 09/24/2019 - 12:56:52: World triggered "Round_Start"
L 09/24/2019 - 12:56:54: "INDIO de ferias<39><VALVE_ID_LAN><CT>" say "linda"
L 09/24/2019 - 12:57:07: "Kitkat<36><VALVE_ID_LAN><TERRORIST>" killed "Jack<38><VALVE_ID_LAN><CT>" with "knife"
L 09/24/2019 - 12:57:09: "Calcas Peludas<43><VALVE_ID_LAN><TERRORIST>" killed "@te<45><VALVE_ID_LAN><CT>" with "deagle"
L 09/24/2019 - 12:57:10: "Cap Billy<37><VALVE_ID_LAN><CT>" killed "Smolder<41><VALVE_ID_LAN><TERRORIST>" with "deagle"
L 09/24/2019 - 12:57:11: "Jack<38><VALVE_ID_LAN><CT>" say "urraaaa" (dead)
L 09/24/2019 - 12:57:11: "INDIO de ferias<39><VALVE_ID_LAN><CT>" killed "Calcas Peludas<43><VALVE_ID_LAN><TERRORIST>" with "deagle"
L 09/24/2019 - 12:57:19: "Kitkat<36><VALVE_ID_LAN><TERRORIST>" killed "DareDevil<42><VALVE_ID_LAN><CT>" with "knife"
L 09/24/2019 - 12:57:21: "DareDevil<42><VALVE_ID_LAN><CT>" say "eita" (dead)
L 09/24/2019 - 12:57:23: "Calcas Peludas<43><VALVE_ID_LAN><TERRORIST>" say "hahahahahahahahaha" (dead)
L 09/24/2019 - 12:57:24: "Kitkat<36><VALVE_ID_LAN><TERRORIST>" killed "INDIO de ferias<39><VALVE_ID_LAN><CT>" with "deagle"
L 09/24/2019 - 12:57:25: "Cap Billy<37><VALVE_ID_LAN><CT>" killed "Kitkat<36><VALVE_ID_LAN><TERRORIST>" with "deagle"
L 09/24/2019 - 12:57:27: "Calcas Peludas<43><VALVE_ID_LAN><TERRORIST>" say "toma trouxa" (dead)
L 09/24/2019 - 12:57:32: "Cap Billy<37><VALVE_ID_LAN><CT>" killed "CEIFADOR<35><VALVE_ID_LOOPBACK><TERRORIST>" with "deagle"
L 09/24/2019 - 12:57:35: "Calcas Peludas<43><VALVE_ID_LAN><TERRORIST>" say "votz" (dead)
L 09/24/2019 - 12:57:43: "XXBOT Seth<46><BOT><TERRORIST>" committed suicide with "deagle"
L 09/24/2019 - 12:57:43: Team "CT" triggered "CTs_Win" (CT "7") (T "3")
L 09/24/2019 - 12:57:43: World triggered "Round_End"
L 09/24/2019 - 12:57:43: "Jack<38><VALVE_ID_LAN><CT>" say "nao sou trouxa..sou mago" (dead)
L 09/24/2019 - 12:57:48: World triggered "Round_Start"
L 09/24/2019 - 12:57:49: "Cap Billy<37><VALVE_ID_LAN><CT>" say "RAGATANGA"
L 09/24/2019 - 12:57:49: "DareDevil<42><VALVE_ID_LAN><CT>" say "olhei nao tinha ninguem.e eela pareceu"
L 09/24/2019 - 12:57:59: "INDIO de ferias<39><VALVE_ID_LAN><CT>" killed "XXBOT Seth<46><BOT><TERRORIST>" with "deagle"
L 09/24/2019 - 12:58:00: "Jack<38><VALVE_ID_LAN><CT>" killed "Calcas Peludas<43><VALVE_ID_LAN><TERRORIST>" with "knife"
L 09/24/2019 - 12:58:00: "CEIFADOR<35><VALVE_ID_LOOPBACK><TERRORIST>" killed "INDIO de ferias<39><VALVE_ID_LAN><CT>" with "deagle"
L 09/24/2019 - 12:58:02: "Kitkat<36><VALVE_ID_LAN><TERRORIST>" killed "Jack<38><VALVE_ID_LAN><CT>" with "knife"
L 09/24/2019 - 12:58:06: "Smolder<41><VALVE_ID_LAN><TERRORIST>" killed "Cap Billy<37><VALVE_ID_LAN><CT>" with "deagle"
L 09/24/2019 - 12:58:06: "Calcas Peludas<43><VALVE_ID_LAN><TERRORIST>" say "hahahahahahahahahahahaha" (dead)
L 09/24/2019 - 12:58:09: "Smolder<41><VALVE_ID_LAN><TERRORIST>" killed "@te<45><VALVE_ID_LAN><CT>" with "deagle"
L 09/24/2019 - 12:58:12: "Jack<38><VALVE_ID_LAN><CT>" say "carai kit.... deixa eu em paz... " (dead)
L 09/24/2019 - 12:58:15: "INDIO de ferias<39><VALVE_ID_LAN><CT>" say "pega cal,as troxas" (dead)
L 09/24/2019 - 12:58:16: "Calcas Peludas<43><VALVE_ID_LAN><TERRORIST>" say "toma" (dead)
L 09/24/2019 - 12:58:17: "Cap Billy<37><VALVE_ID_LAN><CT>" say_team "kitkat esfaqueadora" (dead)
L 09/24/2019 - 12:58:18: "Kitkat<36><VALVE_ID_LAN><TERRORIST>" killed "DareDevil<42><VALVE_ID_LAN><CT>" with "deagle"
L 09/24/2019 - 12:58:18: Team "TERRORIST" triggered "Terrorists_Win" (CT "7") (T "4")
L 09/24/2019 - 12:58:18: World triggered "Round_End"
L 09/24/2019 - 12:58:20: "DareDevil<42><VALVE_ID_LAN><CT>" say_team "droga" (dead)
L 09/24/2019 - 12:58:23: World triggered "Round_Start"
L 09/24/2019 - 12:58:33: "Cap Billy<37><VALVE_ID_LAN><CT>" killed "Kitkat<36><VALVE_ID_LAN><TERRORIST>" with "deagle"
L 09/24/2019 - 12:58:34: "Cap Billy<37><VALVE_ID_LAN><CT>" killed "CEIFADOR<35><VALVE_ID_LOOPBACK><TERRORIST>" with "deagle"
L 09/24/2019 - 12:58:35: "INDIO de ferias<39><VALVE_ID_LAN><CT>" killed "XXBOT Seth<46><BOT><TERRORIST>" with "deagle"
L 09/24/2019 - 12:58:37: "DareDevil<42><VALVE_ID_LAN><CT>" killed "Smolder<41><VALVE_ID_LAN><TERRORIST>" with "deagle"
L 09/24/2019 - 12:58:37: "Calcas Peludas<43><VALVE_ID_LAN><TERRORIST>" killed "@te<45><VALVE_ID_LAN><CT>" with "deagle"
L 09/24/2019 - 12:58:40: "DareDevil<42><VALVE_ID_LAN><CT>" killed "Calcas Peludas<43><VALVE_ID_LAN><TERRORIST>" with "deagle"
L 09/24/2019 - 12:58:40: Team "CT" triggered "CTs_Win" (CT "8") (T "4")
L 09/24/2019 - 12:58:40: World triggered "Round_End"
L 09/24/2019 - 12:58:45: "DareDevil<42><VALVE_ID_LAN><CT>" say_team "nao vi qunatos tinham"
L 09/24/2019 - 12:58:45: World triggered "Round_Start"
L 09/24/2019 - 12:58:53: "Smolder<41><VALVE_ID_LAN><TERRORIST>" killed "INDIO de ferias<39><VALVE_ID_LAN><CT>" with "deagle"
L 09/24/2019 - 12:58:57: "Cap Billy<37><VALVE_ID_LAN><CT>" killed "CEIFADOR<35><VALVE_ID_LOOPBACK><TERRORIST>" with "knife"
L 09/24/2019 - 12:59:02: "Smolder<41><VALVE_ID_LAN><TERRORIST>" killed "Jack<38><VALVE_ID_LAN><CT>" with "deagle"
L 09/24/2019 - 12:59:03: "INDIO de ferias<39><VALVE_ID_LAN><CT>" say "kkkkkkkk" (dead)
L 09/24/2019 - 12:59:04: "XXBOT Seth<46><BOT><TERRORIST>" killed "Cap Billy<37><VALVE_ID_LAN><CT>" with "deagle"
L 09/24/2019 - 12:59:09: "Cap Billy<37><VALVE_ID_LAN><CT>" say "HAHAHAHAHAHAHA" (dead)
L 09/24/2019 - 12:59:09: "Smolder<41><VALVE_ID_LAN><TERRORIST>" killed "@te<45><VALVE_ID_LAN><CT>" with "knife"
L 09/24/2019 - 12:59:11: "Calcas Peludas<43><VALVE_ID_LAN><TERRORIST>" killed "DareDevil<42><VALVE_ID_LAN><CT>" with "knife"
L 09/24/2019 - 12:59:11: Team "TERRORIST" triggered "Terrorists_Win" (CT "8") (T "5")
L 09/24/2019 - 12:59:11: World triggered "Round_End"
L 09/24/2019 - 12:59:14: "Jack<38><VALVE_ID_LAN><CT>" say "covarde" (dead)
L 09/24/2019 - 12:59:14: "Calcas Peludas<43><VALVE_ID_LAN><TERRORIST>" say "pega"
L 09/24/2019 - 12:59:16: World triggered "Round_Start"
L 09/24/2019 - 12:59:17: "DareDevil<42><VALVE_ID_LAN><CT>" say "nao... dei qautros tiros e ele nao morreu"
L 09/24/2019 - 12:59:19: "Cap Billy<37><VALVE_ID_LAN><CT>" say_team "cuidado com o ima"
L 09/24/2019 - 12:59:20: "INDIO de ferias<39><VALVE_ID_LAN><CT>" say_team "porra pessoal"
L 09/24/2019 - 12:59:29: "Smolder<41><VALVE_ID_LAN><TERRORIST>" killed "Cap Billy<37><VALVE_ID_LAN><CT>" with "deagle"
L 09/24/2019 - 12:59:31: "DareDevil<42><VALVE_ID_LAN><CT>" killed "Kitkat<36><VALVE_ID_LAN><TERRORIST>" with "deagle"
L 09/24/2019 - 12:59:33: "INDIO de ferias<39><VALVE_ID_LAN><CT>" killed "Smolder<41><VALVE_ID_LAN><TERRORIST>" with "deagle"
L 09/24/2019 - 12:59:34: "CEIFADOR<35><VALVE_ID_LOOPBACK><TERRORIST>" killed "@te<45><VALVE_ID_LAN><CT>" with "deagle"
L 09/24/2019 - 12:59:37: Server cvar "amx_nextmap" = "playground_x"
L 09/24/2019 - 12:59:37: "CEIFADOR<35><VALVE_ID_LOOPBACK><TERRORIST>" killed "INDIO de ferias<39><VALVE_ID_LAN><CT>" with "deagle"
L 09/24/2019 - 12:59:38: "Calcas Peludas<43><VALVE_ID_LAN><TERRORIST>" killed "Jack<38><VALVE_ID_LAN><CT>" with "deagle"
L 09/24/2019 - 12:59:43: "CEIFADOR<35><VALVE_ID_LOOPBACK><TERRORIST>" killed "DareDevil<42><VALVE_ID_LAN><CT>" with "deagle"
L 09/24/2019 - 12:59:43: Team "TERRORIST" triggered "Terrorists_Win" (CT "8") (T "6")
L 09/24/2019 - 12:59:43: World triggered "Round_End"
L 09/24/2019 - 12:59:44: "Cap Billy<37><VALVE_ID_LAN><CT>" say_team "ahhh bicho de sorte" (dead)
L 09/24/2019 - 12:59:44: "Jack<38><VALVE_ID_LAN><CT>" say "morre caralhooooooooooooo" (dead)
L 09/24/2019 - 12:59:47: "Calcas Peludas<43><VALVE_ID_LAN><TERRORIST>" say "susto da porra"
L 09/24/2019 - 12:59:48: "Cap Billy<37><VALVE_ID_LAN><CT>" say "hahahahahaha" (dead)
L 09/24/2019 - 12:59:48: World triggered "Round_Start"
L 09/24/2019 - 12:59:51: "Jack<38><VALVE_ID_LAN><CT>" say "dei duas e nao morreu"
L 09/24/2019 - 12:59:58: "Smolder<41><VALVE_ID_LAN><TERRORIST>" killed "INDIO de ferias<39><VALVE_ID_LAN><CT>" with "deagle"
L 09/24/2019 - 13:00:01: "Jack<38><VALVE_ID_LAN><CT>" killed "Kitkat<36><VALVE_ID_LAN><TERRORIST>" with "deagle"
L 09/24/2019 - 13:00:02: "@te<45><VALVE_ID_LAN><CT>" killed "DareDevil<42><VALVE_ID_LAN><CT>" with "deagle"
L 09/24/2019 - 13:00:08: "Jack<38><VALVE_ID_LAN><CT>" killed "Calcas Peludas<43><VALVE_ID_LAN><TERRORIST>" with "deagle"
L 09/24/2019 - 13:00:13: "@te<45><VALVE_ID_LAN><CT>" killed "Smolder<41><VALVE_ID_LAN><TERRORIST>" with "deagle"
L 09/24/2019 - 13:00:14: "Calcas Peludas<43><VALVE_ID_LAN><TERRORIST>" say "nao acertou nenhuma" (dead)
L 09/24/2019 - 13:00:19: "Calcas Peludas<43><VALVE_ID_LAN><TERRORIST>" say "quer dizer" (dead)
L 09/24/2019 - 13:00:21: "CEIFADOR<35><VALVE_ID_LOOPBACK><TERRORIST>" killed "@te<45><VALVE_ID_LAN><CT>" with "deagle"
L 09/24/2019 - 13:00:22: "Calcas Peludas<43><VALVE_ID_LAN><TERRORIST>" say "acertou uma" (dead)
L 09/24/2019 - 13:00:24: "CEIFADOR<35><VALVE_ID_LOOPBACK><TERRORIST>" killed "Cap Billy<37><VALVE_ID_LAN><CT>" with "deagle"
L 09/24/2019 - 13:00:26: "Jack<38><VALVE_ID_LAN><CT>" killed "CEIFADOR<35><VALVE_ID_LOOPBACK><TERRORIST>" with "deagle"
L 09/24/2019 - 13:00:28: "Calcas Peludas<43><VALVE_ID_LAN><TERRORIST>" say "hahahaha" (dead)
L 09/24/2019 - 13:00:35: "Calcas Peludas<43><VALVE_ID_LAN><TERRORIST>" say "porra foi isso" (dead)
L 09/24/2019 - 13:00:37: "XXBOT Seth<46><BOT><TERRORIST>" committed suicide with "deagle"
L 09/24/2019 - 13:00:37: Team "CT" triggered "CTs_Win" (CT "9") (T "6")
L 09/24/2019 - 13:00:37: World triggered "Round_End"
L 09/24/2019 - 13:00:39: "Cap Billy<37><VALVE_ID_LAN><CT>" say "sorte" (dead)
L 09/24/2019 - 13:00:39: "Calcas Peludas<43><VALVE_ID_LAN><TERRORIST>" say "ataque de boga" (dead)
L 09/24/2019 - 13:00:42: World triggered "Round_Start"
L 09/24/2019 - 13:00:42: "@te<45><VALVE_ID_LAN><CT>" committed suicide with "world"
L 09/24/2019 - 13:00:51: "DareDevil<42><VALVE_ID_LAN><CT>" killed "XXBOT Seth<46><BOT><TERRORIST>" with "deagle"
L 09/24/2019 - 13:00:54: "DareDevil<42><VALVE_ID_LAN><CT>" killed "Smolder<41><VALVE_ID_LAN><TERRORIST>" with "deagle"
L 09/24/2019 - 13:00:58: "INDIO de ferias<39><VALVE_ID_LAN><CT>" killed "CEIFADOR<35><VALVE_ID_LOOPBACK><TERRORIST>" with "deagle"
L 09/24/2019 - 13:01:00: "Calcas Peludas<43><VALVE_ID_LAN><TERRORIST>" killed "Jack<38><VALVE_ID_LAN><CT>" with "knife"
L 09/24/2019 - 13:01:00: "Cap Billy<37><VALVE_ID_LAN><CT>" killed "Kitkat<36><VALVE_ID_LAN><TERRORIST>" with "deagle"
L 09/24/2019 - 13:01:00: "DareDevil<42><VALVE_ID_LAN><CT>" killed "Calcas Peludas<43><VALVE_ID_LAN><TERRORIST>" with "deagle"
L 09/24/2019 - 13:01:00: Team "CT" triggered "CTs_Win" (CT "10") (T "6")
L 09/24/2019 - 13:01:00: World triggered "Round_End"
L 09/24/2019 - 13:01:05: World triggered "Round_Start"
L 09/24/2019 - 13:01:13: "DareDevil<42><VALVE_ID_LAN><CT>" killed "Kitkat<36><VALVE_ID_LAN><TERRORIST>" with "deagle"
L 09/24/2019 - 13:01:16: "Smolder<41><VALVE_ID_LAN><TERRORIST>" killed "@te<45><VALVE_ID_LAN><CT>" with "deagle"
L 09/24/2019 - 13:01:18: "XXBOT Seth<46><BOT><TERRORIST>" killed "INDIO de ferias<39><VALVE_ID_LAN><CT>" with "deagle"
L 09/24/2019 - 13:01:20: "XXBOT Seth<46><BOT><TERRORIST>" killed "DareDevil<42><VALVE_ID_LAN><CT>" with "deagle"
L 09/24/2019 - 13:01:20: "Calcas Peludas<43><VALVE_ID_LAN><TERRORIST>" killed "Cap Billy<37><VALVE_ID_LAN><CT>" with "deagle"
L 09/24/2019 - 13:01:24: "Calcas Peludas<43><VALVE_ID_LAN><TERRORIST>" killed "Jack<38><VALVE_ID_LAN><CT>" with "knife"
L 09/24/2019 - 13:01:24: Team "TERRORIST" triggered "Terrorists_Win" (CT "10") (T "7")
L 09/24/2019 - 13:01:24: World triggered "Round_End"
L 09/24/2019 - 13:01:27: "Cap Billy<37><VALVE_ID_LAN><CT>" say_team "vai ser ima" (dead)
L 09/24/2019 - 13:01:29: World triggered "Round_Start"
L 09/24/2019 - 13:01:29: Team "CT" scored "10" with "5" players
L 09/24/2019 - 13:01:29: Team "TERRORIST" scored "7" with "5" players
L 09/24/2019 - 13:01:33: "Jack<38><VALVE_ID_LAN><CT>" say "fodae"
L 09/24/2019 - 13:01:33: "Kitkat<36><VALVE_ID_LAN><TERRORIST>" triggered "weaponstats" (weapon "deagle") (shots "112") (hits "28") (kills "5") (headshots "2") (tks "0") (damage "1178") (deaths "9")
L 09/24/2019 - 13:01:33: "Kitkat<36><VALVE_ID_LAN><TERRORIST>" triggered "weaponstats2" (weapon "deagle") (head "2") (chest "4") (stomach "1") (leftarm "10") (rightarm "8") (leftleg "3") (rightleg "0")
L 09/24/2019 - 13:01:33: "Kitkat<36><VALVE_ID_LAN><TERRORIST>" triggered "weaponstats" (weapon "knife") (shots "12") (hits "5") (kills "4") (headshots "2") (tks "0") (damage "607") (deaths "5")
L 09/24/2019 - 13:01:33: "Kitkat<36><VALVE_ID_LAN><TERRORIST>" triggered "weaponstats2" (weapon "knife") (head "2") (chest "1") (stomach "1") (leftarm "0") (rightarm "0") (leftleg "0") (rightleg "1")
L 09/24/2019 - 13:01:33: "Kitkat<36><VALVE_ID_LAN><TERRORIST>" triggered "time" (time "10:04")
L 09/24/2019 - 13:01:33: "Kitkat<36><VALVE_ID_LAN><TERRORIST>" triggered "latency" (ping "7")
L 09/24/2019 - 13:01:34: "DareDevil<42><VALVE_ID_LAN><CT>" triggered "weaponstats" (weapon "deagle") (shots "125") (hits "39") (kills "16") (headshots "4") (tks "0") (damage "1766") (deaths "11")
L 09/24/2019 - 13:01:34: "DareDevil<42><VALVE_ID_LAN><CT>" triggered "weaponstats2" (weapon "deagle") (head "6") (chest "11") (stomach "2") (leftarm "11") (rightarm "7") (leftleg "0") (rightleg "2")
L 09/24/2019 - 13:01:34: "DareDevil<42><VALVE_ID_LAN><CT>" triggered "weaponstats" (weapon "knife") (shots "1") (hits "1") (kills "0") (headshots "0") (tks "0") (damage "55") (deaths "0")
L 09/24/2019 - 13:01:34: "DareDevil<42><VALVE_ID_LAN><CT>" triggered "weaponstats2" (weapon "knife") (head "0") (chest "1") (stomach "0") (leftarm "0") (rightarm "0") (leftleg "0") (rightleg "0")
L 09/24/2019 - 13:01:34: "DareDevil<42><VALVE_ID_LAN><CT>" triggered "time" (time "10:00")
L 09/24/2019 - 13:01:34: "DareDevil<42><VALVE_ID_LAN><CT>" triggered "latency" (ping "10")
L 09/24/2019 - 13:01:34: "Calcas Peludas<43><VALVE_ID_LAN><TERRORIST>" triggered "weaponstats" (weapon "deagle") (shots "130") (hits "42") (kills "9") (headshots "0") (tks "0") (damage "1309") (deaths "10")
L 09/24/2019 - 13:01:34: "Calcas Peludas<43><VALVE_ID_LAN><TERRORIST>" triggered "weaponstats2" (weapon "deagle") (head "2") (chest "12") (stomach "4") (leftarm "12") (rightarm "7") (leftleg "1") (rightleg "4")
L 09/24/2019 - 13:01:34: "Calcas Peludas<43><VALVE_ID_LAN><TERRORIST>" triggered "weaponstats" (weapon "knife") (shots "11") (hits "7") (kills "4") (headshots "1") (tks "0") (damage "385") (deaths "4")
L 09/24/2019 - 13:01:34: "Calcas Peludas<43><VALVE_ID_LAN><TERRORIST>" triggered "weaponstats2" (weapon "knife") (head "2") (chest "0") (stomach "1") (leftarm "2") (rightarm "2") (leftleg "0") (rightleg "0")
L 09/24/2019 - 13:01:34: "Calcas Peludas<43><VALVE_ID_LAN><TERRORIST>" triggered "time" (time "9:59")
L 09/24/2019 - 13:01:34: "Calcas Peludas<43><VALVE_ID_LAN><TERRORIST>" triggered "latency" (ping "7")
L 09/24/2019 - 13:01:35: "Smolder<41><VALVE_ID_LAN><TERRORIST>" triggered "weaponstats" (weapon "deagle") (shots "158") (hits "35") (kills "12") (headshots "4") (tks "0") (damage "1577") (deaths "8")
L 09/24/2019 - 13:01:35: "Smolder<41><VALVE_ID_LAN><TERRORIST>" triggered "weaponstats2" (weapon "deagle") (head "6") (chest "7") (stomach "3") (leftarm "11") (rightarm "3") (leftleg "0") (rightleg "5")
L 09/24/2019 - 13:01:35: "Smolder<41><VALVE_ID_LAN><TERRORIST>" triggered "weaponstats" (weapon "knife") (shots "11") (hits "6") (kills "3") (headshots "1") (tks "0") (damage "496") (deaths "4")
L 09/24/2019 - 13:01:35: "Smolder<41><VALVE_ID_LAN><TERRORIST>" triggered "weaponstats2" (weapon "knife") (head "2") (chest "0") (stomach "0") (leftarm "0") (rightarm "4") (leftleg "0") (rightleg "0")
L 09/24/2019 - 13:01:35: "Smolder<41><VALVE_ID_LAN><TERRORIST>" triggered "time" (time "10:05")
L 09/24/2019 - 13:01:35: "Smolder<41><VALVE_ID_LAN><TERRORIST>" triggered "latency" (ping "12")
L 09/24/2019 - 13:01:35: "CEIFADOR<35><VALVE_ID_LOOPBACK><TERRORIST>" triggered "weaponstats" (weapon "deagle") (shots "186") (hits "64") (kills "14") (headshots "5") (tks "0") (damage "2240") (deaths "8")
L 09/24/2019 - 13:01:35: "CEIFADOR<35><VALVE_ID_LOOPBACK><TERRORIST>" triggered "weaponstats2" (weapon "deagle") (head "5") (chest "7") (stomach "12") (leftarm "21") (rightarm "9") (leftleg "3") (rightleg "7")
L 09/24/2019 - 13:01:35: "CEIFADOR<35><VALVE_ID_LOOPBACK><TERRORIST>" triggered "weaponstats" (weapon "knife") (shots "4") (hits "3") (kills "1") (headshots "0") (tks "0") (damage "275") (deaths "3")
L 09/24/2019 - 13:01:35: "CEIFADOR<35><VALVE_ID_LOOPBACK><TERRORIST>" triggered "weaponstats2" (weapon "knife") (head "0") (chest "1") (stomach "0") (leftarm "2") (rightarm "0") (leftleg "0") (rightleg "0")
L 09/24/2019 - 13:01:35: "CEIFADOR<35><VALVE_ID_LOOPBACK><TERRORIST>" triggered "time" (time "10:10")
L 09/24/2019 - 13:01:35: "CEIFADOR<35><VALVE_ID_LOOPBACK><TERRORIST>" triggered "latency" (ping "0")
L 09/24/2019 - 13:01:35: "Cap Billy<37><VALVE_ID_LAN><CT>" triggered "weaponstats" (weapon "deagle") (shots "151") (hits "57") (kills "17") (headshots "6") (tks "0") (damage "2531") (deaths "4")
L 09/24/2019 - 13:01:35: "Cap Billy<37><VALVE_ID_LAN><CT>" triggered "weaponstats2" (weapon "deagle") (head "11") (chest "11") (stomach "4") (leftarm "21") (rightarm "8") (leftleg "1") (rightleg "1")
L 09/24/2019 - 13:01:35: "Cap Billy<37><VALVE_ID_LAN><CT>" triggered "weaponstats" (weapon "knife") (shots "17") (hits "8") (kills "6") (headshots "1") (tks "0") (damage "680") (deaths "6")
L 09/24/2019 - 13:01:35: "Cap Billy<37><VALVE_ID_LAN><CT>" triggered "weaponstats2" (weapon "knife") (head "1") (chest "4") (stomach "0") (leftarm "1") (rightarm "2") (leftleg "0") (rightleg "0")
L 09/24/2019 - 13:01:35: "Cap Billy<37><VALVE_ID_LAN><CT>" triggered "time" (time "10:07")
L 09/24/2019 - 13:01:35: "Cap Billy<37><VALVE_ID_LAN><CT>" triggered "latency" (ping "8")
L 09/24/2019 - 13:01:35: "Jack<38><VALVE_ID_LAN><CT>" triggered "weaponstats" (weapon "deagle") (shots "79") (hits "23") (kills "7") (headshots "2") (tks "0") (damage "948") (deaths "4")
L 09/24/2019 - 13:01:35: "Jack<38><VALVE_ID_LAN><CT>" triggered "weaponstats2" (weapon "deagle") (head "2") (chest "8") (stomach "2") (leftarm "4") (rightarm "5") (leftleg "0") (rightleg "2")
L 09/24/2019 - 13:01:35: "Jack<38><VALVE_ID_LAN><CT>" triggered "weaponstats" (weapon "knife") (shots "22") (hits "8") (kills "1") (headshots "0") (tks "0") (damage "440") (deaths "8")
L 09/24/2019 - 13:01:35: "Jack<38><VALVE_ID_LAN><CT>" triggered "weaponstats2" (weapon "knife") (head "1") (chest "2") (stomach "1") (leftarm "2") (rightarm "2") (leftleg "0") (rightleg "0")
L 09/24/2019 - 13:01:35: "Jack<38><VALVE_ID_LAN><CT>" triggered "time" (time "10:06")
L 09/24/2019 - 13:01:35: "Jack<38><VALVE_ID_LAN><CT>" triggered "latency" (ping "7")
L 09/24/2019 - 13:01:35: "INDIO de ferias<39><VALVE_ID_LAN><CT>" triggered "weaponstats" (weapon "deagle") (shots "114") (hits "41") (kills "9") (headshots "1") (tks "0") (damage "1315") (deaths "13")
L 09/24/2019 - 13:01:35: "INDIO de ferias<39><VALVE_ID_LAN><CT>" triggered "weaponstats2" (weapon "deagle") (head "1") (chest "7") (stomach "4") (leftarm "19") (rightarm "5") (leftleg "1") (rightleg "4")
L 09/24/2019 - 13:01:35: "INDIO de ferias<39><VALVE_ID_LAN><CT>" triggered "time" (time "10:06")
L 09/24/2019 - 13:01:35: "INDIO de ferias<39><VALVE_ID_LAN><CT>" triggered "latency" (ping "11")
L 09/24/2019 - 13:01:35: "@te<45><VALVE_ID_LAN><CT>" triggered "weaponstats" (weapon "deagle") (shots "66") (hits "14") (kills "3") (headshots "0") (tks "1") (damage "423") (deaths "10")
L 09/24/2019 - 13:01:35: "@te<45><VALVE_ID_LAN><CT>" triggered "weaponstats2" (weapon "deagle") (head "0") (chest "1") (stomach "1") (leftarm "8") (rightarm "3") (leftleg "0") (rightleg "1")
L 09/24/2019 - 13:01:35: "@te<45><VALVE_ID_LAN><CT>" triggered "weaponstats" (weapon "knife") (shots "4") (hits "1") (kills "1") (headshots "0") (tks "0") (damage "55") (deaths "1")
L 09/24/2019 - 13:01:35: "@te<45><VALVE_ID_LAN><CT>" triggered "weaponstats2" (weapon "knife") (head "0") (chest "0") (stomach "0") (leftarm "0") (rightarm "1") (leftleg "0") (rightleg "0")
L 09/24/2019 - 13:01:35: "@te<45><VALVE_ID_LAN><CT>" triggered "time" (time "6:26")
L 09/24/2019 - 13:01:35: "@te<45><VALVE_ID_LAN><CT>" triggered "latency" (ping "12")
L 09/24/2019 - 13:01:35: [META] ini: Begin re-reading plugins list: c:/valve/cstrike/addons/metamod/plugins.ini
L 09/24/2019 - 13:01:35: [META] ini: Read plugin config for: AMX
L 09/24/2019 - 13:01:35: [META] ini: Read plugin config for: WinHL-Booster
L 09/24/2019 - 13:01:35: [META] ERROR: ini: Skipping plugin, couldn't stat file 'addons/hlguard/dlls/hlguard_mm_nightly.dll': No such file or directory
L 09/24/2019 - 13:01:35: [META] ini: Read plugin config for: WebMod
L 09/24/2019 - 13:01:35: [META] ini: Finished reading plugins list: c:/valve/cstrike/addons/metamod/plugins.ini; Found 3 plugins
L 09/24/2019 - 13:01:35: [META] dll: Updating plugins...
L 09/24/2019 - 13:01:35: [META] ERROR: dll: Failed query plugin '<hlguard_mm_nightly.dll>'; Couldn't open file 'addons/hlguard/dlls/hlguard_mm_nightly.dll': Não foi possível encontrar o módulo especificado.

L 09/24/2019 - 13:01:35: [META] ERROR: dll: Skipping plugin '<hlguard_mm_nightly.dll>'; couldn't query
L 09/24/2019 - 13:01:35: [META] dll: Finished updating 6 plugins; kept 3, loaded 0, unloaded 0, reloaded 0, delayed 0
L 09/24/2019 - 13:01:35: Server shutdown
L 09/24/2019 - 13:01:35: Log file closed
