L 09/25/2019 - 12:29:27: Log file started (file "logs\L0925000.log") (game "cstrike") (version "47/1.1.2.2/2603")
L 09/25/2019 - 12:29:33: "Calcas Peludas<4><VALVE_ID_LAN><>" connected, address "10.15.2.230:27005"
L 09/25/2019 - 12:29:35: "Calcas Peludas<4><VALVE_ID_LAN><>" entered the game
L 09/25/2019 - 12:29:36: "Cap Billy<5><VALVE_ID_LAN><>" connected, address "10.15.2.199:27005"
L 09/25/2019 - 12:29:38: "Calcas Peludas<4><VALVE_ID_LAN><>" joined team "TERRORIST"
L 09/25/2019 - 12:29:47: "Cap Billy<5><VALVE_ID_LAN><>" entered the game
L 09/25/2019 - 12:29:48: "XXBOT Arnold<6><BOT><>" joined team "CT"
L 09/25/2019 - 12:29:48: Server cvar "bot_quota" = "1"
L 09/25/2019 - 12:29:48: World triggered "Game_Commencing"
L 09/25/2019 - 12:29:48: World triggered "Game_Commencing" (CT "0") (T "0")
L 09/25/2019 - 12:29:48: World triggered "Round_End"
L 09/25/2019 - 12:29:48: "XXBOT Arnold<6><BOT><>" entered the game
L 09/25/2019 - 12:29:49: "Cap Billy<5><VALVE_ID_LAN><>" joined team "CT"
L 09/25/2019 - 12:29:51: "XXBOT Quintin<7><BOT><>" joined team "CT"
L 09/25/2019 - 12:29:51: Server cvar "bot_quota" = "2"
L 09/25/2019 - 12:29:51: "XXBOT Quintin<7><BOT><>" entered the game
L 09/25/2019 - 12:29:51: "Calcas Peludas<4><VALVE_ID_LAN><TERRORIST>" triggered "Spawned_With_The_Bomb"
L 09/25/2019 - 12:29:51: World triggered "Round_Start"
L 09/25/2019 - 12:29:55: "Cap Billy<5><VALVE_ID_LAN><CT>" killed "CEIFADOR<3><VALVE_ID_LOOPBACK><TERRORIST>" with "ak47"
L 09/25/2019 - 12:29:58: Server cvar "bot_quota" = "1"
L 09/25/2019 - 12:29:58: Server cvar "bot_quota" = "0"
L 09/25/2019 - 12:29:58: Kick: "XXBOT Arnold<6><UNKNOWN><>" was kicked by "CEIFADOR"
L 09/25/2019 - 12:29:58: "XXBOT Arnold<6><BOT><CT>" disconnected
L 09/25/2019 - 12:29:58: Kick: "XXBOT Quintin<7><UNKNOWN><>" was kicked by "CEIFADOR"
L 09/25/2019 - 12:29:58: "XXBOT Quintin<7><BOT><CT>" disconnected
L 09/25/2019 - 12:30:02: "XXBOT Brett<8><BOT><>" joined team "CT"
L 09/25/2019 - 12:30:02: Server cvar "bot_quota" = "1"
L 09/25/2019 - 12:30:02: "XXBOT Brett<8><BOT><>" entered the game
L 09/25/2019 - 12:30:03: "Cap Billy<5><VALVE_ID_LAN><CT>" killed "Calcas Peludas<4><VALVE_ID_LAN><TERRORIST>" with "ak47"
L 09/25/2019 - 12:30:03: Team "CT" triggered "CTs_Win" (CT "1") (T "0")
L 09/25/2019 - 12:30:03: World triggered "Round_End"
L 09/25/2019 - 12:30:08: "CEIFADOR<3><VALVE_ID_LOOPBACK><TERRORIST>" triggered "Spawned_With_The_Bomb"
L 09/25/2019 - 12:30:08: World triggered "Round_Start"
L 09/25/2019 - 12:30:12: "CEIFADOR<3><VALVE_ID_LOOPBACK><TERRORIST>" killed "Cap Billy<5><VALVE_ID_LAN><CT>" with "mp5navy"
L 09/25/2019 - 12:30:16: "Calcas Peludas<4><VALVE_ID_LAN><TERRORIST>" killed "XXBOT Brett<8><BOT><CT>" with "aug"
L 09/25/2019 - 12:30:16: Team "TERRORIST" triggered "Terrorists_Win" (CT "1") (T "1")
L 09/25/2019 - 12:30:16: World triggered "Round_End"
L 09/25/2019 - 12:30:21: "Calcas Peludas<4><VALVE_ID_LAN><TERRORIST>" triggered "Spawned_With_The_Bomb"
L 09/25/2019 - 12:30:21: World triggered "Round_Start"
L 09/25/2019 - 12:30:36: "Calcas Peludas<4><VALVE_ID_LAN><TERRORIST>" killed "XXBOT Brett<8><BOT><CT>" with "aug"
L 09/25/2019 - 12:30:37: "Cap Billy<5><VALVE_ID_LAN><CT>" killed "Calcas Peludas<4><VALVE_ID_LAN><TERRORIST>" with "mp5navy"
L 09/25/2019 - 12:30:37: "Calcas Peludas<4><VALVE_ID_LAN><TERRORIST>" triggered "Dropped_The_Bomb"
L 09/25/2019 - 12:30:40: "CEIFADOR<3><VALVE_ID_LOOPBACK><TERRORIST>" killed "Cap Billy<5><VALVE_ID_LAN><CT>" with "mp5navy"
L 09/25/2019 - 12:30:40: Team "TERRORIST" triggered "Terrorists_Win" (CT "1") (T "2")
L 09/25/2019 - 12:30:40: World triggered "Round_End"
L 09/25/2019 - 12:30:45: "CEIFADOR<3><VALVE_ID_LOOPBACK><TERRORIST>" triggered "Spawned_With_The_Bomb"
L 09/25/2019 - 12:30:45: World triggered "Round_Start"
L 09/25/2019 - 12:30:51: "XXBOT Brett<8><BOT><CT>" killed "Calcas Peludas<4><VALVE_ID_LAN><TERRORIST>" with "usp"
L 09/25/2019 - 12:30:53: "CEIFADOR<3><VALVE_ID_LOOPBACK><TERRORIST>" killed "XXBOT Brett<8><BOT><CT>" with "mp5navy"
L 09/25/2019 - 12:30:57: "Cap Billy<5><VALVE_ID_LAN><CT>" killed "CEIFADOR<3><VALVE_ID_LOOPBACK><TERRORIST>" with "sg552"
L 09/25/2019 - 12:30:57: Team "CT" triggered "CTs_Win" (CT "2") (T "2")
L 09/25/2019 - 12:30:57: World triggered "Round_End"
L 09/25/2019 - 12:31:02: "Calcas Peludas<4><VALVE_ID_LAN><TERRORIST>" triggered "Spawned_With_The_Bomb"
L 09/25/2019 - 12:31:02: World triggered "Round_Start"
L 09/25/2019 - 12:31:03: "DareDevil<9><VALVE_ID_LAN><>" connected, address "10.15.4.2:27005"
L 09/25/2019 - 12:31:06: "CEIFADOR<3><VALVE_ID_LOOPBACK><TERRORIST>" killed "Cap Billy<5><VALVE_ID_LAN><CT>" with "sg552"
L 09/25/2019 - 12:31:14: "XXBOT Brett<8><BOT><CT>" killed "CEIFADOR<3><VALVE_ID_LOOPBACK><TERRORIST>" with "xm1014"
L 09/25/2019 - 12:31:16: "DareDevil<9><VALVE_ID_LAN><>" entered the game
L 09/25/2019 - 12:31:16: "Calcas Peludas<4><VALVE_ID_LAN><TERRORIST>" killed "XXBOT Brett<8><BOT><CT>" with "m249"
L 09/25/2019 - 12:31:16: Team "TERRORIST" triggered "Terrorists_Win" (CT "2") (T "3")
L 09/25/2019 - 12:31:16: World triggered "Round_End"
L 09/25/2019 - 12:31:21: "DareDevil<9><VALVE_ID_LAN><>" joined team "CT"
L 09/25/2019 - 12:31:21: "CEIFADOR<3><VALVE_ID_LOOPBACK><TERRORIST>" triggered "Spawned_With_The_Bomb"
L 09/25/2019 - 12:31:21: World triggered "Round_Start"
L 09/25/2019 - 12:31:31: "Calcas Peludas<4><VALVE_ID_LAN><TERRORIST>" killed "DareDevil<9><VALVE_ID_LAN><CT>" with "aug"
L 09/25/2019 - 12:31:31: "CEIFADOR<3><VALVE_ID_LOOPBACK><TERRORIST>" killed "Cap Billy<5><VALVE_ID_LAN><CT>" with "aug"
L 09/25/2019 - 12:31:33: "XXBOT Brett<8><BOT><CT>" killed "Calcas Peludas<4><VALVE_ID_LAN><TERRORIST>" with "awp"
L 09/25/2019 - 12:31:36: Server cvar "bot_quota" = "0"
L 09/25/2019 - 12:31:36: Kick: "XXBOT Brett<8><UNKNOWN><>" was kicked by "CEIFADOR"
L 09/25/2019 - 12:31:36: "XXBOT Brett<8><BOT><CT>" disconnected
L 09/25/2019 - 12:31:36: Team "TERRORIST" triggered "Terrorists_Win" (CT "2") (T "4")
L 09/25/2019 - 12:31:36: World triggered "Round_End"
L 09/25/2019 - 12:31:41: "Calcas Peludas<4><VALVE_ID_LAN><TERRORIST>" triggered "Spawned_With_The_Bomb"
L 09/25/2019 - 12:31:41: World triggered "Round_Start"
L 09/25/2019 - 12:31:44: "DareDevil<9><VALVE_ID_LAN><CT>" killed "Calcas Peludas<4><VALVE_ID_LAN><TERRORIST>" with "sg552"
L 09/25/2019 - 12:31:44: "Calcas Peludas<4><VALVE_ID_LAN><TERRORIST>" triggered "Dropped_The_Bomb"
L 09/25/2019 - 12:31:46: "DareDevil<9><VALVE_ID_LAN><CT>" killed "CEIFADOR<3><VALVE_ID_LOOPBACK><TERRORIST>" with "sg552"
L 09/25/2019 - 12:31:46: Team "CT" triggered "CTs_Win" (CT "3") (T "4")
L 09/25/2019 - 12:31:46: World triggered "Round_End"
L 09/25/2019 - 12:31:51: "CEIFADOR<3><VALVE_ID_LOOPBACK><TERRORIST>" triggered "Spawned_With_The_Bomb"
L 09/25/2019 - 12:31:51: World triggered "Round_Start"
L 09/25/2019 - 12:31:56: "DareDevil<9><VALVE_ID_LAN><CT>" killed "Calcas Peludas<4><VALVE_ID_LAN><TERRORIST>" with "sg552"
L 09/25/2019 - 12:31:59: "Cap Billy<5><VALVE_ID_LAN><CT>" killed "CEIFADOR<3><VALVE_ID_LOOPBACK><TERRORIST>" with "mp5navy"
L 09/25/2019 - 12:31:59: Team "CT" triggered "CTs_Win" (CT "4") (T "4")
L 09/25/2019 - 12:31:59: World triggered "Round_End"
L 09/25/2019 - 12:32:04: "Calcas Peludas<4><VALVE_ID_LAN><TERRORIST>" triggered "Spawned_With_The_Bomb"
L 09/25/2019 - 12:32:04: World triggered "Round_Start"
L 09/25/2019 - 12:32:08: "DareDevil<9><VALVE_ID_LAN><CT>" killed "Calcas Peludas<4><VALVE_ID_LAN><TERRORIST>" with "sg552"
L 09/25/2019 - 12:32:08: "Calcas Peludas<4><VALVE_ID_LAN><TERRORIST>" triggered "Dropped_The_Bomb"
L 09/25/2019 - 12:32:09: "CEIFADOR<3><VALVE_ID_LOOPBACK><TERRORIST>" killed "DareDevil<9><VALVE_ID_LAN><CT>" with "mp5navy"
L 09/25/2019 - 12:32:09: "CEIFADOR<3><VALVE_ID_LOOPBACK><TERRORIST>" triggered "Got_The_Bomb"
L 09/25/2019 - 12:32:15: "Cap Billy<5><VALVE_ID_LAN><CT>" killed "CEIFADOR<3><VALVE_ID_LOOPBACK><TERRORIST>" with "mp5navy"
L 09/25/2019 - 12:32:15: Team "CT" triggered "CTs_Win" (CT "5") (T "4")
L 09/25/2019 - 12:32:15: World triggered "Round_End"
L 09/25/2019 - 12:32:20: "CEIFADOR<3><VALVE_ID_LOOPBACK><TERRORIST>" triggered "Spawned_With_The_Bomb"
L 09/25/2019 - 12:32:20: World triggered "Round_Start"
L 09/25/2019 - 12:32:22: "INDIO de ferias<10><VALVE_ID_LAN><>" connected, address "10.15.2.117:27005"
L 09/25/2019 - 12:32:26: "Calcas Peludas<4><VALVE_ID_LAN><TERRORIST>" killed "Cap Billy<5><VALVE_ID_LAN><CT>" with "aug"
L 09/25/2019 - 12:32:27: "INDIO de ferias<10><VALVE_ID_LAN><>" entered the game
L 09/25/2019 - 12:32:27: "Calcas Peludas<4><VALVE_ID_LAN><TERRORIST>" killed "DareDevil<9><VALVE_ID_LAN><CT>" with "aug"
L 09/25/2019 - 12:32:27: Team "TERRORIST" triggered "Terrorists_Win" (CT "5") (T "5")
L 09/25/2019 - 12:32:27: World triggered "Round_End"
L 09/25/2019 - 12:32:29: "INDIO de ferias<10><VALVE_ID_LAN><>" joined team "CT"
L 09/25/2019 - 12:32:31: "DareDevil<9><VALVE_ID_LAN><CT>" say_team "que sorte d aporra" (dead)
L 09/25/2019 - 12:32:32: "Calcas Peludas<4><VALVE_ID_LAN><TERRORIST>" triggered "Spawned_With_The_Bomb"
L 09/25/2019 - 12:32:32: World triggered "Round_Start"
L 09/25/2019 - 12:32:37: "Cap Billy<5><VALVE_ID_LAN><CT>" killed "Calcas Peludas<4><VALVE_ID_LAN><TERRORIST>" with "ak47"
L 09/25/2019 - 12:32:37: "Calcas Peludas<4><VALVE_ID_LAN><TERRORIST>" triggered "Dropped_The_Bomb"
L 09/25/2019 - 12:32:42: "CEIFADOR<3><VALVE_ID_LOOPBACK><TERRORIST>" killed "INDIO de ferias<10><VALVE_ID_LAN><CT>" with "mp5navy"
L 09/25/2019 - 12:32:44: "CEIFADOR<3><VALVE_ID_LOOPBACK><TERRORIST>" killed "Cap Billy<5><VALVE_ID_LAN><CT>" with "mp5navy"
L 09/25/2019 - 12:32:48: "DareDevil<9><VALVE_ID_LAN><CT>" killed "CEIFADOR<3><VALVE_ID_LOOPBACK><TERRORIST>" with "xm1014"
L 09/25/2019 - 12:32:48: Team "CT" triggered "CTs_Win" (CT "6") (T "5")
L 09/25/2019 - 12:32:48: World triggered "Round_End"
L 09/25/2019 - 12:32:53: "CEIFADOR<3><VALVE_ID_LOOPBACK><TERRORIST>" triggered "Spawned_With_The_Bomb"
L 09/25/2019 - 12:32:53: World triggered "Round_Start"
L 09/25/2019 - 12:32:54: "XXBOT Arnold<11><BOT><>" joined team "TERRORIST"
L 09/25/2019 - 12:32:54: Server cvar "bot_quota" = "1"
L 09/25/2019 - 12:32:54: "XXBOT Arnold<11><BOT><>" entered the game
L 09/25/2019 - 12:32:56: "Cap Billy<5><VALVE_ID_LAN><CT>" killed "XXBOT Arnold<11><BOT><TERRORIST>" with "sg552"
L 09/25/2019 - 12:33:00: "Cap Billy<5><VALVE_ID_LAN><CT>" killed "Calcas Peludas<4><VALVE_ID_LAN><TERRORIST>" with "sg552"
L 09/25/2019 - 12:33:00: "CEIFADOR<3><VALVE_ID_LOOPBACK><TERRORIST>" killed "INDIO de ferias<10><VALVE_ID_LAN><CT>" with "ak47"
L 09/25/2019 - 12:33:01: "@te<12><VALVE_ID_LAN><>" connected, address "10.15.2.86:27005"
L 09/25/2019 - 12:33:03: "Cap Billy<5><VALVE_ID_LAN><CT>" killed "CEIFADOR<3><VALVE_ID_LOOPBACK><TERRORIST>" with "sg552"
L 09/25/2019 - 12:33:03: Team "CT" triggered "CTs_Win" (CT "7") (T "5")
L 09/25/2019 - 12:33:03: World triggered "Round_End"
L 09/25/2019 - 12:33:08: "Calcas Peludas<4><VALVE_ID_LAN><TERRORIST>" triggered "Spawned_With_The_Bomb"
L 09/25/2019 - 12:33:08: World triggered "Round_Start"
L 09/25/2019 - 12:33:08: "@te<12><VALVE_ID_LAN><>" entered the game
L 09/25/2019 - 12:33:11: "@te<12><VALVE_ID_LAN><>" joined team "CT"
L 09/25/2019 - 12:33:13: "Calcas Peludas<4><VALVE_ID_LAN><TERRORIST>" killed "INDIO de ferias<10><VALVE_ID_LAN><CT>" with "xm1014"
L 09/25/2019 - 12:33:16: "Cap Billy<5><VALVE_ID_LAN><CT>" killed "CEIFADOR<3><VALVE_ID_LOOPBACK><TERRORIST>" with "xm1014"
L 09/25/2019 - 12:33:18: "Calcas Peludas<4><VALVE_ID_LAN><TERRORIST>" killed "@te<12><VALVE_ID_LAN><CT>" with "knife"
L 09/25/2019 - 12:33:21: "Calcas Peludas<4><VALVE_ID_LAN><TERRORIST>" killed "DareDevil<9><VALVE_ID_LAN><CT>" with "xm1014"
L 09/25/2019 - 12:33:23: "XXBOT Arnold<11><BOT><TERRORIST>" killed "Cap Billy<5><VALVE_ID_LAN><CT>" with "glock18"
L 09/25/2019 - 12:33:23: Team "TERRORIST" triggered "Terrorists_Win" (CT "7") (T "6")
L 09/25/2019 - 12:33:23: World triggered "Round_End"
L 09/25/2019 - 12:33:28: "XXBOT Arnold<11><BOT><TERRORIST>" triggered "Spawned_With_The_Bomb"
L 09/25/2019 - 12:33:28: World triggered "Round_Start"
L 09/25/2019 - 12:33:30: "XXBOT Rock<13><BOT><>" joined team "TERRORIST"
L 09/25/2019 - 12:33:30: Server cvar "bot_quota" = "2"
L 09/25/2019 - 12:33:30: "XXBOT Rock<13><BOT><>" entered the game
L 09/25/2019 - 12:33:32: "Cap Billy<5><VALVE_ID_LAN><CT>" killed "Calcas Peludas<4><VALVE_ID_LAN><TERRORIST>" with "ak47"
L 09/25/2019 - 12:33:32: "INDIO de ferias<10><VALVE_ID_LAN><CT>" killed "XXBOT Rock<13><BOT><TERRORIST>" with "aug"
L 09/25/2019 - 12:33:34: "CEIFADOR<3><VALVE_ID_LOOPBACK><TERRORIST>" killed "@te<12><VALVE_ID_LAN><CT>" with "xm1014"
L 09/25/2019 - 12:33:35: "Calcas Peludas<4><VALVE_ID_LAN><TERRORIST>" say "boa tarde " (dead)
L 09/25/2019 - 12:33:38: "XXBOT Arnold<11><BOT><TERRORIST>" killed "Cap Billy<5><VALVE_ID_LAN><CT>" with "glock18"
L 09/25/2019 - 12:33:39: "DareDevil<9><VALVE_ID_LAN><CT>" killed "XXBOT Arnold<11><BOT><TERRORIST>" with "mp5navy"
L 09/25/2019 - 12:33:39: "XXBOT Arnold<11><BOT><TERRORIST>" triggered "Dropped_The_Bomb"
L 09/25/2019 - 12:33:42: "CEIFADOR<3><VALVE_ID_LOOPBACK><TERRORIST>" killed "INDIO de ferias<10><VALVE_ID_LAN><CT>" with "xm1014"
L 09/25/2019 - 12:33:45: "CEIFADOR<3><VALVE_ID_LOOPBACK><TERRORIST>" killed "DareDevil<9><VALVE_ID_LAN><CT>" with "xm1014"
L 09/25/2019 - 12:33:45: Team "TERRORIST" triggered "Terrorists_Win" (CT "7") (T "7")
L 09/25/2019 - 12:33:45: World triggered "Round_End"
L 09/25/2019 - 12:33:47: "Cap Billy<5><VALVE_ID_LAN><CT>" say_team "jah entrou levando o boa tarde" (dead)
L 09/25/2019 - 12:33:48: "Gho$T<14><VALVE_ID_LAN><>" connected, address "10.15.2.123:27005"
L 09/25/2019 - 12:33:50: "XXBOT Rock<13><BOT><TERRORIST>" triggered "Spawned_With_The_Bomb"
L 09/25/2019 - 12:33:50: World triggered "Round_Start"
L 09/25/2019 - 12:33:54: "Gho$T<14><VALVE_ID_LAN><>" entered the game
L 09/25/2019 - 12:33:56: "CEIFADOR<3><VALVE_ID_LOOPBACK><TERRORIST>" killed "DareDevil<9><VALVE_ID_LAN><CT>" with "xm1014"
L 09/25/2019 - 12:33:56: "Gho$T<14><VALVE_ID_LAN><>" joined team "TERRORIST"
L 09/25/2019 - 12:33:56: "XXBOT Rock<13><BOT><TERRORIST>" killed "INDIO de ferias<10><VALVE_ID_LAN><CT>" with "glock18"
L 09/25/2019 - 12:33:57: "Cap Billy<5><VALVE_ID_LAN><CT>" killed "Calcas Peludas<4><VALVE_ID_LAN><TERRORIST>" with "m4a1"
L 09/25/2019 - 12:33:59: "Cap Billy<5><VALVE_ID_LAN><CT>" killed "Gho$T<14><VALVE_ID_LAN><TERRORIST>" with "m4a1"
L 09/25/2019 - 12:34:00: "CEIFADOR<3><VALVE_ID_LOOPBACK><TERRORIST>" killed "Cap Billy<5><VALVE_ID_LAN><CT>" with "xm1014"
L 09/25/2019 - 12:34:00: "@te<12><VALVE_ID_LAN><CT>" killed "XXBOT Rock<13><BOT><TERRORIST>" with "mp5navy"
L 09/25/2019 - 12:34:00: "XXBOT Rock<13><BOT><TERRORIST>" triggered "Dropped_The_Bomb"
L 09/25/2019 - 12:34:02: "XXBOT Arnold<11><BOT><TERRORIST>" killed "@te<12><VALVE_ID_LAN><CT>" with "mac10"
L 09/25/2019 - 12:34:02: Team "TERRORIST" triggered "Terrorists_Win" (CT "7") (T "8")
L 09/25/2019 - 12:34:02: World triggered "Round_End"
L 09/25/2019 - 12:34:03: "DareDevil<9><VALVE_ID_LAN><CT>" say_team "acho que ele estava nascendo" (dead)
L 09/25/2019 - 12:34:07: "Gho$T<14><VALVE_ID_LAN><TERRORIST>" triggered "Spawned_With_The_Bomb"
L 09/25/2019 - 12:34:07: World triggered "Round_Start"
L 09/25/2019 - 12:34:07: Server cvar "bot_quota" = "1"
L 09/25/2019 - 12:34:07: Server cvar "bot_quota" = "0"
L 09/25/2019 - 12:34:07: Kick: "XXBOT Arnold<11><UNKNOWN><>" was kicked by "CEIFADOR"
L 09/25/2019 - 12:34:07: "XXBOT Arnold<11><BOT><TERRORIST>" disconnected
L 09/25/2019 - 12:34:07: Kick: "XXBOT Rock<13><UNKNOWN><>" was kicked by "CEIFADOR"
L 09/25/2019 - 12:34:07: "XXBOT Rock<13><BOT><TERRORIST>" disconnected
L 09/25/2019 - 12:34:10: "Calcas Peludas<4><VALVE_ID_LAN><TERRORIST>" killed "DareDevil<9><VALVE_ID_LAN><CT>" with "sg552"
L 09/25/2019 - 12:34:13: "INDIO de ferias<10><VALVE_ID_LAN><CT>" killed "CEIFADOR<3><VALVE_ID_LOOPBACK><TERRORIST>" with "sg552"
L 09/25/2019 - 12:34:13: "Cap Billy<5><VALVE_ID_LAN><CT>" killed "Calcas Peludas<4><VALVE_ID_LAN><TERRORIST>" with "m4a1"
L 09/25/2019 - 12:34:15: "Cap Billy<5><VALVE_ID_LAN><CT>" killed "Gho$T<14><VALVE_ID_LAN><TERRORIST>" with "m4a1"
L 09/25/2019 - 12:34:15: Team "CT" triggered "CTs_Win" (CT "8") (T "8")
L 09/25/2019 - 12:34:15: World triggered "Round_End"
L 09/25/2019 - 12:34:17: "XXBOT Brett<15><BOT><>" joined team "TERRORIST"
L 09/25/2019 - 12:34:17: Server cvar "bot_quota" = "1"
L 09/25/2019 - 12:34:17: "XXBOT Brett<15><BOT><>" entered the game
L 09/25/2019 - 12:34:17: "Gho$T<14><VALVE_ID_LAN><TERRORIST>" joined team "TERRORIST"
L 09/25/2019 - 12:34:20: "CEIFADOR<3><VALVE_ID_LOOPBACK><TERRORIST>" triggered "Spawned_With_The_Bomb"
L 09/25/2019 - 12:34:20: World triggered "Round_Start"
L 09/25/2019 - 12:34:25: "INDIO de ferias<10><VALVE_ID_LAN><CT>" killed "XXBOT Brett<15><BOT><TERRORIST>" with "sg552"
L 09/25/2019 - 12:34:27: "@te<12><VALVE_ID_LAN><CT>" killed "Gho$T<14><VALVE_ID_LAN><TERRORIST>" with "mp5navy"
L 09/25/2019 - 12:34:29: "Calcas Peludas<4><VALVE_ID_LAN><TERRORIST>" killed "@te<12><VALVE_ID_LAN><CT>" with "xm1014"
L 09/25/2019 - 12:34:29: "CEIFADOR<3><VALVE_ID_LOOPBACK><TERRORIST>" killed "INDIO de ferias<10><VALVE_ID_LAN><CT>" with "aug"
L 09/25/2019 - 12:34:34: "CEIFADOR<3><VALVE_ID_LOOPBACK><TERRORIST>" killed "Cap Billy<5><VALVE_ID_LAN><CT>" with "aug"
L 09/25/2019 - 12:34:37: "DareDevil<9><VALVE_ID_LAN><CT>" killed "CEIFADOR<3><VALVE_ID_LOOPBACK><TERRORIST>" with "xm1014"
L 09/25/2019 - 12:34:37: "CEIFADOR<3><VALVE_ID_LOOPBACK><TERRORIST>" triggered "Dropped_The_Bomb"
L 09/25/2019 - 12:34:43: Log file closed
