L 09/24/2019 - 12:33:08: Log file started (file "logs\L0924002.log") (game "cstrike") (version "47/1.1.2.2/2603")
L 09/24/2019 - 12:33:11: "Smolder<3><VALVE_ID_LAN><TERRORIST>" triggered "Spawned_With_The_Bomb"
L 09/24/2019 - 12:33:11: World triggered "Round_Start"
L 09/24/2019 - 12:33:16: "Cap Billy<7><VALVE_ID_LAN><CT>" killed "CEIFADOR<1><VALVE_ID_LOOPBACK><TERRORIST>" with "xm1014"
L 09/24/2019 - 12:33:19: "Gho$T<2><VALVE_ID_LAN><TERRORIST>" killed "Cap Billy<7><VALVE_ID_LAN><CT>" with "knife"
L 09/24/2019 - 12:33:20: "DareDevil<10><VALVE_ID_LAN><CT>" killed "Smolder<3><VALVE_ID_LAN><TERRORIST>" with "sg552"
L 09/24/2019 - 12:33:20: "Smolder<3><VALVE_ID_LAN><TERRORIST>" triggered "Dropped_The_Bomb"
L 09/24/2019 - 12:33:21: "Kitkat<19><VALVE_ID_LAN><CT>" killed "Gho$T<2><VALVE_ID_LAN><TERRORIST>" with "m4a1"
L 09/24/2019 - 12:33:23: "INDIO de ferias<16><VALVE_ID_LAN><CT>" killed "Calcas Peludas<4><VALVE_ID_LAN><TERRORIST>" with "aug"
L 09/24/2019 - 12:33:23: Team "CT" triggered "CTs_Win" (CT "6") (T "4")
L 09/24/2019 - 12:33:23: World triggered "Round_End"
L 09/24/2019 - 12:33:24: "CEIFADOR<1><VALVE_ID_LOOPBACK><TERRORIST>" say "kkkkkkk" (dead)
L 09/24/2019 - 12:33:24: "Smolder<3><VALVE_ID_LAN><TERRORIST>" say "aeeeeee" (dead)
L 09/24/2019 - 12:33:24: "Gho$T<2><VALVE_ID_LAN><TERRORIST>" say "AHHAHAHAHAHAHA" (dead)
L 09/24/2019 - 12:33:28: "Calcas Peludas<4><VALVE_ID_LAN><TERRORIST>" triggered "Spawned_With_The_Bomb"
L 09/24/2019 - 12:33:28: World triggered "Round_Start"
L 09/24/2019 - 12:33:28: "CEIFADOR<1><VALVE_ID_LOOPBACK><TERRORIST>" say_team "mesma forma,'ao"
L 09/24/2019 - 12:33:32: "DareDevil<10><VALVE_ID_LAN><CT>" killed "Calcas Peludas<4><VALVE_ID_LAN><TERRORIST>" with "grenade"
L 09/24/2019 - 12:33:32: "Calcas Peludas<4><VALVE_ID_LAN><TERRORIST>" triggered "Dropped_The_Bomb"
L 09/24/2019 - 12:33:32: "DareDevil<10><VALVE_ID_LAN><CT>" killed "CEIFADOR<1><VALVE_ID_LOOPBACK><TERRORIST>" with "sg552"
L 09/24/2019 - 12:33:33: "DareDevil<10><VALVE_ID_LAN><CT>" killed "Gho$T<2><VALVE_ID_LAN><TERRORIST>" with "sg552"
L 09/24/2019 - 12:33:34: "INDIO de ferias<16><VALVE_ID_LAN><CT>" killed "Smolder<3><VALVE_ID_LAN><TERRORIST>" with "aug"
L 09/24/2019 - 12:33:34: Team "CT" triggered "CTs_Win" (CT "7") (T "4")
L 09/24/2019 - 12:33:34: World triggered "Round_End"
L 09/24/2019 - 12:33:39: "CEIFADOR<1><VALVE_ID_LOOPBACK><TERRORIST>" triggered "Spawned_With_The_Bomb"
L 09/24/2019 - 12:33:39: World triggered "Round_Start"
L 09/24/2019 - 12:33:43: "INDIO de ferias<16><VALVE_ID_LAN><CT>" killed "Gho$T<2><VALVE_ID_LAN><TERRORIST>" with "grenade"
L 09/24/2019 - 12:33:43: "INDIO de ferias<16><VALVE_ID_LAN><CT>" killed "Calcas Peludas<4><VALVE_ID_LAN><TERRORIST>" with "grenade"
L 09/24/2019 - 12:33:45: "CEIFADOR<1><VALVE_ID_LOOPBACK><TERRORIST>" killed "Kitkat<19><VALVE_ID_LAN><CT>" with "mp5navy"
L 09/24/2019 - 12:33:45: "Cap Billy<7><VALVE_ID_LAN><CT>" killed "Smolder<3><VALVE_ID_LAN><TERRORIST>" with "mac10"
L 09/24/2019 - 12:33:48: "Cap Billy<7><VALVE_ID_LAN><CT>" killed "CEIFADOR<1><VALVE_ID_LOOPBACK><TERRORIST>" with "mac10"
L 09/24/2019 - 12:33:48: Team "CT" triggered "CTs_Win" (CT "8") (T "4")
L 09/24/2019 - 12:33:48: World triggered "Round_End"
L 09/24/2019 - 12:33:50: "Gho$T<2><VALVE_ID_LAN><TERRORIST>" say "BOA TARDE CAP" (dead)
L 09/24/2019 - 12:33:53: "Gho$T<2><VALVE_ID_LAN><TERRORIST>" triggered "Spawned_With_The_Bomb"
L 09/24/2019 - 12:33:53: World triggered "Round_Start"
L 09/24/2019 - 12:33:57: "Calcas Peludas<4><VALVE_ID_LAN><TERRORIST>" killed "INDIO de ferias<16><VALVE_ID_LAN><CT>" with "sg552"
L 09/24/2019 - 12:33:59: "Cap Billy<7><VALVE_ID_LAN><CT>" killed "Gho$T<2><VALVE_ID_LAN><TERRORIST>" with "mac10"
L 09/24/2019 - 12:33:59: "Gho$T<2><VALVE_ID_LAN><TERRORIST>" triggered "Dropped_The_Bomb"
L 09/24/2019 - 12:34:00: "CEIFADOR<1><VALVE_ID_LOOPBACK><TERRORIST>" killed "DareDevil<10><VALVE_ID_LAN><CT>" with "aug"
L 09/24/2019 - 12:34:02: "Cap Billy<7><VALVE_ID_LAN><CT>" killed "Calcas Peludas<4><VALVE_ID_LAN><TERRORIST>" with "mac10"
L 09/24/2019 - 12:34:06: "Kitkat<19><VALVE_ID_LAN><CT>" killed "CEIFADOR<1><VALVE_ID_LOOPBACK><TERRORIST>" with "tmp"
L 09/24/2019 - 12:34:06: "Smolder<3><VALVE_ID_LAN><TERRORIST>" killed "Kitkat<19><VALVE_ID_LAN><CT>" with "ak47"
L 09/24/2019 - 12:34:07: "Jack<20><VALVE_ID_LAN><>" connected, address "10.15.2.45:27005"
L 09/24/2019 - 12:34:09: "Calcas Peludas<4><VALVE_ID_LAN><TERRORIST>" say "boa tarde" (dead)
L 09/24/2019 - 12:34:10: "Jack<20><VALVE_ID_LAN><>" entered the game
L 09/24/2019 - 12:34:13: "Jack<20><VALVE_ID_LAN><>" joined team "CT"
L 09/24/2019 - 12:34:13: "Gho$T<2><VALVE_ID_LAN><TERRORIST>" say_team "cap ja levou 1 facada" (dead)
L 09/24/2019 - 12:34:20: "Cap Billy<7><VALVE_ID_LAN><CT>" killed "Smolder<3><VALVE_ID_LAN><TERRORIST>" with "mac10"
L 09/24/2019 - 12:34:20: Team "CT" triggered "CTs_Win" (CT "9") (T "4")
L 09/24/2019 - 12:34:20: World triggered "Round_End"
L 09/24/2019 - 12:34:25: "Smolder<3><VALVE_ID_LAN><TERRORIST>" triggered "Spawned_With_The_Bomb"
L 09/24/2019 - 12:34:25: World triggered "Round_Start"
L 09/24/2019 - 12:34:29: "DareDevil<10><VALVE_ID_LAN><CT>" killed "Calcas Peludas<4><VALVE_ID_LAN><TERRORIST>" with "sg552"
L 09/24/2019 - 12:34:30: "Jack<20><VALVE_ID_LAN><CT>" killed "Gho$T<2><VALVE_ID_LAN><TERRORIST>" with "ak47"
L 09/24/2019 - 12:34:30: "CEIFADOR<1><VALVE_ID_LOOPBACK><TERRORIST>" killed "Cap Billy<7><VALVE_ID_LAN><CT>" with "ak47"
L 09/24/2019 - 12:34:31: "Smolder<3><VALVE_ID_LAN><TERRORIST>" killed "DareDevil<10><VALVE_ID_LAN><CT>" with "mp5navy"
L 09/24/2019 - 12:34:34: "Smolder<3><VALVE_ID_LAN><TERRORIST>" killed "Kitkat<19><VALVE_ID_LAN><CT>" with "mp5navy"
L 09/24/2019 - 12:34:35: "INDIO de ferias<16><VALVE_ID_LAN><CT>" killed "Smolder<3><VALVE_ID_LAN><TERRORIST>" with "aug"
L 09/24/2019 - 12:34:35: "Smolder<3><VALVE_ID_LAN><TERRORIST>" triggered "Dropped_The_Bomb"
L 09/24/2019 - 12:34:39: "DareDevil<10><VALVE_ID_LAN><CT>" say_team "boa tarde em quem??" (dead)
L 09/24/2019 - 12:34:39: "INDIO de ferias<16><VALVE_ID_LAN><CT>" killed "CEIFADOR<1><VALVE_ID_LOOPBACK><TERRORIST>" with "aug"
L 09/24/2019 - 12:34:39: Team "CT" triggered "CTs_Win" (CT "10") (T "4")
L 09/24/2019 - 12:34:39: World triggered "Round_End"
L 09/24/2019 - 12:34:44: "Cap Billy<7><VALVE_ID_LAN><CT>" say_team "em mim" (dead)
L 09/24/2019 - 12:34:44: "Calcas Peludas<4><VALVE_ID_LAN><TERRORIST>" triggered "Spawned_With_The_Bomb"
L 09/24/2019 - 12:34:44: World triggered "Round_Start"
L 09/24/2019 - 12:34:49: "Cap Billy<7><VALVE_ID_LAN><CT>" killed "Smolder<3><VALVE_ID_LAN><TERRORIST>" with "xm1014"
L 09/24/2019 - 12:34:49: "XXBOT Kurt<21><BOT><>" joined team "TERRORIST"
L 09/24/2019 - 12:34:49: Server cvar "bot_quota" = "1"
L 09/24/2019 - 12:34:49: "XXBOT Kurt<21><BOT><>" entered the game
L 09/24/2019 - 12:34:50: "Cap Billy<7><VALVE_ID_LAN><CT>" killed "XXBOT Kurt<21><BOT><TERRORIST>" with "xm1014"
L 09/24/2019 - 12:34:51: "INDIO de ferias<16><VALVE_ID_LAN><CT>" killed "Gho$T<2><VALVE_ID_LAN><TERRORIST>" with "aug"
L 09/24/2019 - 12:34:52: "Cap Billy<7><VALVE_ID_LAN><CT>" killed "CEIFADOR<1><VALVE_ID_LOOPBACK><TERRORIST>" with "xm1014"
L 09/24/2019 - 12:34:52: "INDIO de ferias<16><VALVE_ID_LAN><CT>" killed "Calcas Peludas<4><VALVE_ID_LAN><TERRORIST>" with "aug"
L 09/24/2019 - 12:34:52: Team "CT" triggered "CTs_Win" (CT "11") (T "4")
L 09/24/2019 - 12:34:52: World triggered "Round_End"
L 09/24/2019 - 12:34:55: "@te<22><VALVE_ID_LAN><>" connected, address "10.15.2.86:27005"
L 09/24/2019 - 12:34:57: "Gho$T<2><VALVE_ID_LAN><TERRORIST>" say_team "eita mapa" (dead)
L 09/24/2019 - 12:34:57: "XXBOT Kurt<21><BOT><TERRORIST>" triggered "Spawned_With_The_Bomb"
L 09/24/2019 - 12:34:57: World triggered "Round_Start"
L 09/24/2019 - 12:34:58: "DareDevil<10><VALVE_ID_LAN><CT>" say_team "serio??"
L 09/24/2019 - 12:35:00: "INDIO de ferias<16><VALVE_ID_LAN><CT>" killed "CEIFADOR<1><VALVE_ID_LOOPBACK><TERRORIST>" with "aug"
L 09/24/2019 - 12:35:00: "Cap Billy<7><VALVE_ID_LAN><CT>" killed "Smolder<3><VALVE_ID_LAN><TERRORIST>" with "xm1014"
L 09/24/2019 - 12:35:02: "Cap Billy<7><VALVE_ID_LAN><CT>" killed "Gho$T<2><VALVE_ID_LAN><TERRORIST>" with "xm1014"
L 09/24/2019 - 12:35:03: "XXBOT Kurt<21><BOT><TERRORIST>" killed "Cap Billy<7><VALVE_ID_LAN><CT>" with "glock18"
L 09/24/2019 - 12:35:04: "INDIO de ferias<16><VALVE_ID_LAN><CT>" killed "Calcas Peludas<4><VALVE_ID_LAN><TERRORIST>" with "aug"
L 09/24/2019 - 12:35:06: "Jack<20><VALVE_ID_LAN><CT>" killed "XXBOT Kurt<21><BOT><TERRORIST>" with "ak47"
L 09/24/2019 - 12:35:06: Team "CT" triggered "CTs_Win" (CT "12") (T "4")
L 09/24/2019 - 12:35:06: World triggered "Round_End"
L 09/24/2019 - 12:35:09: "Cap Billy<7><VALVE_ID_LAN><CT>" say_team "foi" (dead)
L 09/24/2019 - 12:35:11: "CEIFADOR<1><VALVE_ID_LOOPBACK><TERRORIST>" say_team "rea,'ao" (dead)
L 09/24/2019 - 12:35:11: "CEIFADOR<1><VALVE_ID_LOOPBACK><TERRORIST>" triggered "Spawned_With_The_Bomb"
L 09/24/2019 - 12:35:11: World triggered "Round_Start"
L 09/24/2019 - 12:35:13: "Gho$T<2><VALVE_ID_LAN><TERRORIST>" killed "INDIO de ferias<16><VALVE_ID_LAN><CT>" with "xm1014"
L 09/24/2019 - 12:35:15: "Jack<20><VALVE_ID_LAN><CT>" killed "Calcas Peludas<4><VALVE_ID_LAN><TERRORIST>" with "grenade"
L 09/24/2019 - 12:35:15: "CEIFADOR<1><VALVE_ID_LOOPBACK><TERRORIST>" killed "DareDevil<10><VALVE_ID_LAN><CT>" with "ak47"
L 09/24/2019 - 12:35:16: "Smolder<3><VALVE_ID_LAN><TERRORIST>" killed "Kitkat<19><VALVE_ID_LAN><CT>" with "mp5navy"
L 09/24/2019 - 12:35:20: "Smolder<3><VALVE_ID_LAN><TERRORIST>" killed "Cap Billy<7><VALVE_ID_LAN><CT>" with "mp5navy"
L 09/24/2019 - 12:35:21: "Jack<20><VALVE_ID_LAN><CT>" killed "Smolder<3><VALVE_ID_LAN><TERRORIST>" with "ak47"
L 09/24/2019 - 12:35:22: "Jack<20><VALVE_ID_LAN><CT>" killed "Gho$T<2><VALVE_ID_LAN><TERRORIST>" with "ak47"
L 09/24/2019 - 12:35:22: "CEIFADOR<1><VALVE_ID_LOOPBACK><TERRORIST>" killed "Jack<20><VALVE_ID_LAN><CT>" with "ak47"
L 09/24/2019 - 12:35:22: Team "TERRORIST" triggered "Terrorists_Win" (CT "12") (T "5")
L 09/24/2019 - 12:35:22: World triggered "Round_End"
L 09/24/2019 - 12:35:27: "Gho$T<2><VALVE_ID_LAN><TERRORIST>" triggered "Spawned_With_The_Bomb"
L 09/24/2019 - 12:35:27: World triggered "Round_Start"
L 09/24/2019 - 12:35:29: "CEIFADOR<1><VALVE_ID_LOOPBACK><TERRORIST>" killed "Kitkat<19><VALVE_ID_LAN><CT>" with "ak47"
L 09/24/2019 - 12:35:31: "Cap Billy<7><VALVE_ID_LAN><CT>" killed "Calcas Peludas<4><VALVE_ID_LAN><TERRORIST>" with "sg552"
L 09/24/2019 - 12:35:31: "Cap Billy<7><VALVE_ID_LAN><CT>" killed "XXBOT Kurt<21><BOT><TERRORIST>" with "sg552"
L 09/24/2019 - 12:35:32: "INDIO de ferias<16><VALVE_ID_LAN><CT>" killed "CEIFADOR<1><VALVE_ID_LOOPBACK><TERRORIST>" with "usp"
L 09/24/2019 - 12:35:35: "Smolder<3><VALVE_ID_LAN><TERRORIST>" killed "Jack<20><VALVE_ID_LAN><CT>" with "mac10"
L 09/24/2019 - 12:35:35: "DareDevil<10><VALVE_ID_LAN><CT>" killed "Smolder<3><VALVE_ID_LAN><TERRORIST>" with "awp"
L 09/24/2019 - 12:35:37: "@te<22><VALVE_ID_LAN><>" entered the game
L 09/24/2019 - 12:35:42: "Gho$T<2><VALVE_ID_LAN><TERRORIST>" killed "INDIO de ferias<16><VALVE_ID_LAN><CT>" with "mp5navy"
L 09/24/2019 - 12:35:44: "Gho$T<2><VALVE_ID_LAN><TERRORIST>" killed "DareDevil<10><VALVE_ID_LAN><CT>" with "xm1014"
L 09/24/2019 - 12:35:47: "DareDevil<10><VALVE_ID_LAN><CT>" say "sorte d agota" (dead)
L 09/24/2019 - 12:35:51: "Cap Billy<7><VALVE_ID_LAN><CT>" killed "Gho$T<2><VALVE_ID_LAN><TERRORIST>" with "sg552"
L 09/24/2019 - 12:35:51: Team "CT" triggered "CTs_Win" (CT "13") (T "5")
L 09/24/2019 - 12:35:51: World triggered "Round_End"
L 09/24/2019 - 12:35:55: "@te<22><VALVE_ID_LAN><>" joined team "CT"
L 09/24/2019 - 12:35:56: "Smolder<3><VALVE_ID_LAN><TERRORIST>" triggered "Spawned_With_The_Bomb"
L 09/24/2019 - 12:35:56: World triggered "Round_Start"
L 09/24/2019 - 12:36:00: "Smolder<3><VALVE_ID_LAN><TERRORIST>" killed "Cap Billy<7><VALVE_ID_LAN><CT>" with "ak47"
L 09/24/2019 - 12:36:01: "CEIFADOR<1><VALVE_ID_LOOPBACK><TERRORIST>" killed "INDIO de ferias<16><VALVE_ID_LAN><CT>" with "mp5navy"
L 09/24/2019 - 12:36:04: "CEIFADOR<1><VALVE_ID_LOOPBACK><TERRORIST>" killed "Jack<20><VALVE_ID_LAN><CT>" with "mp5navy"
L 09/24/2019 - 12:36:04: "Smolder<3><VALVE_ID_LAN><TERRORIST>" killed "Kitkat<19><VALVE_ID_LAN><CT>" with "knife"
L 09/24/2019 - 12:36:05: "Gho$T<2><VALVE_ID_LAN><TERRORIST>" killed "@te<22><VALVE_ID_LAN><CT>" with "mac10"
L 09/24/2019 - 12:36:15: "DareDevil<10><VALVE_ID_LAN><CT>" killed "Calcas Peludas<4><VALVE_ID_LAN><TERRORIST>" with "xm1014"
L 09/24/2019 - 12:36:15: "XXBOT Kurt<21><BOT><TERRORIST>" killed "DareDevil<10><VALVE_ID_LAN><CT>" with "sg552"
L 09/24/2019 - 12:36:15: Team "TERRORIST" triggered "Terrorists_Win" (CT "13") (T "6")
L 09/24/2019 - 12:36:15: World triggered "Round_End"
L 09/24/2019 - 12:36:19: "XXBOT Steel<23><BOT><>" joined team "TERRORIST"
L 09/24/2019 - 12:36:19: Server cvar "bot_quota" = "2"
L 09/24/2019 - 12:36:19: "XXBOT Steel<23><BOT><>" entered the game
L 09/24/2019 - 12:36:20: "Calcas Peludas<4><VALVE_ID_LAN><TERRORIST>" triggered "Spawned_With_The_Bomb"
L 09/24/2019 - 12:36:20: World triggered "Round_Start"
L 09/24/2019 - 12:36:22: "Cap Billy<7><VALVE_ID_LAN><CT>" killed "XXBOT Steel<23><BOT><TERRORIST>" with "aug"
L 09/24/2019 - 12:36:23: "DareDevil<10><VALVE_ID_LAN><CT>" killed "Smolder<3><VALVE_ID_LAN><TERRORIST>" with "sg552"
L 09/24/2019 - 12:36:23: "@te<22><VALVE_ID_LAN><CT>" say "a dose foi aplicada"
L 09/24/2019 - 12:36:25: "DareDevil<10><VALVE_ID_LAN><CT>" killed "XXBOT Kurt<21><BOT><TERRORIST>" with "sg552"
L 09/24/2019 - 12:36:25: "Gho$T<2><VALVE_ID_LAN><TERRORIST>" killed "@te<22><VALVE_ID_LAN><CT>" with "mac10"
L 09/24/2019 - 12:36:26: "DareDevil<10><VALVE_ID_LAN><CT>" killed "Gho$T<2><VALVE_ID_LAN><TERRORIST>" with "sg552"
L 09/24/2019 - 12:36:27: "CEIFADOR<1><VALVE_ID_LOOPBACK><TERRORIST>" killed "DareDevil<10><VALVE_ID_LAN><CT>" with "mp5navy"
L 09/24/2019 - 12:36:28: "CEIFADOR<1><VALVE_ID_LOOPBACK><TERRORIST>" killed "Kitkat<19><VALVE_ID_LAN><CT>" with "mp5navy"
L 09/24/2019 - 12:36:29: "CEIFADOR<1><VALVE_ID_LOOPBACK><TERRORIST>" killed "Cap Billy<7><VALVE_ID_LAN><CT>" with "mp5navy"
L 09/24/2019 - 12:36:32: "Jack<20><VALVE_ID_LAN><CT>" killed "Calcas Peludas<4><VALVE_ID_LAN><TERRORIST>" with "m4a1"
L 09/24/2019 - 12:36:32: "Calcas Peludas<4><VALVE_ID_LAN><TERRORIST>" triggered "Dropped_The_Bomb"
L 09/24/2019 - 12:36:36: "CEIFADOR<1><VALVE_ID_LOOPBACK><TERRORIST>" killed "Jack<20><VALVE_ID_LAN><CT>" with "mp5navy"
L 09/24/2019 - 12:36:41: "Jack<20><VALVE_ID_LAN><CT>" say_team "salvei alguem" (dead)
L 09/24/2019 - 12:36:45: "Jack<20><VALVE_ID_LAN><CT>" say "foim alz" (dead)
L 09/24/2019 - 12:36:45: "DareDevil<10><VALVE_ID_LAN><CT>" say_team "eu nao fui" (dead)
L 09/24/2019 - 12:36:53: "DareDevil<10><VALVE_ID_LAN><CT>" say_team "eu nao foi" (dead)
L 09/24/2019 - 12:36:54: "Jack<20><VALVE_ID_LAN><CT>" say "salvei um terror de levar faca" (dead)
L 09/24/2019 - 12:36:56: "INDIO de ferias<16><VALVE_ID_LAN><CT>" killed "CEIFADOR<1><VALVE_ID_LOOPBACK><TERRORIST>" with "mp5navy"
L 09/24/2019 - 12:36:56: Team "CT" triggered "CTs_Win" (CT "14") (T "6")
L 09/24/2019 - 12:36:56: World triggered "Round_End"
L 09/24/2019 - 12:36:57: "DareDevil<10><VALVE_ID_LAN><CT>" say_team "ah bom" (dead)
L 09/24/2019 - 12:36:59: "Calcas Peludas<4><VALVE_ID_LAN><TERRORIST>" say "obrigado" (dead)
L 09/24/2019 - 12:37:01: "XXBOT Kurt<21><BOT><TERRORIST>" triggered "Spawned_With_The_Bomb"
L 09/24/2019 - 12:37:01: World triggered "Round_Start"
L 09/24/2019 - 12:37:06: "CEIFADOR<1><VALVE_ID_LOOPBACK><TERRORIST>" killed "Jack<20><VALVE_ID_LAN><CT>" with "mac10"
L 09/24/2019 - 12:37:07: "Cap Billy<7><VALVE_ID_LAN><CT>" killed "CEIFADOR<1><VALVE_ID_LOOPBACK><TERRORIST>" with "usp"
L 09/24/2019 - 12:37:07: "DareDevil<10><VALVE_ID_LAN><CT>" killed "XXBOT Kurt<21><BOT><TERRORIST>" with "xm1014"
L 09/24/2019 - 12:37:07: "XXBOT Kurt<21><BOT><TERRORIST>" triggered "Dropped_The_Bomb"
L 09/24/2019 - 12:37:08: "XXBOT Steel<23><BOT><TERRORIST>" killed "DareDevil<10><VALVE_ID_LAN><CT>" with "glock18"
L 09/24/2019 - 12:37:09: "Smolder<3><VALVE_ID_LAN><TERRORIST>" killed "Cap Billy<7><VALVE_ID_LAN><CT>" with "aug"
L 09/24/2019 - 12:37:12: "Calcas Peludas<4><VALVE_ID_LAN><TERRORIST>" killed "INDIO de ferias<16><VALVE_ID_LAN><CT>" with "xm1014"
L 09/24/2019 - 12:37:14: "XXBOT Steel<23><BOT><TERRORIST>" triggered "Got_The_Bomb"
L 09/24/2019 - 12:37:15: "XXBOT Steel<23><BOT><TERRORIST>" killed "@te<22><VALVE_ID_LAN><CT>" with "glock18"
L 09/24/2019 - 12:37:17: "XXBOT Steel<23><BOT><TERRORIST>" killed "Kitkat<19><VALVE_ID_LAN><CT>" with "tmp"
L 09/24/2019 - 12:37:17: Team "TERRORIST" triggered "Terrorists_Win" (CT "14") (T "7")
L 09/24/2019 - 12:37:17: World triggered "Round_End"
L 09/24/2019 - 12:37:19: "Jack<20><VALVE_ID_LAN><CT>" say "eh pra passar alguem pergunto" (dead)
L 09/24/2019 - 12:37:22: "XXBOT Steel<23><BOT><TERRORIST>" triggered "Spawned_With_The_Bomb"
L 09/24/2019 - 12:37:22: World triggered "Round_Start"
L 09/24/2019 - 12:37:24: "XXBOT Kurt<21><BOT><TERRORIST>" killed "XXBOT Steel<23><BOT><TERRORIST>" with "glock18"
L 09/24/2019 - 12:37:24: "XXBOT Steel<23><BOT><TERRORIST>" triggered "Dropped_The_Bomb"
L 09/24/2019 - 12:37:26: "Cap Billy<7><VALVE_ID_LAN><CT>" killed "XXBOT Kurt<21><BOT><TERRORIST>" with "sg552"
L 09/24/2019 - 12:37:27: "Calcas Peludas<4><VALVE_ID_LAN><TERRORIST>" killed "INDIO de ferias<16><VALVE_ID_LAN><CT>" with "xm1014"
L 09/24/2019 - 12:37:27: "Calcas Peludas<4><VALVE_ID_LAN><TERRORIST>" killed "Cap Billy<7><VALVE_ID_LAN><CT>" with "xm1014"
L 09/24/2019 - 12:37:27: "Calcas Peludas<4><VALVE_ID_LAN><TERRORIST>" killed "Kitkat<19><VALVE_ID_LAN><CT>" with "xm1014"
L 09/24/2019 - 12:37:27: "DareDevil<10><VALVE_ID_LAN><CT>" killed "CEIFADOR<1><VALVE_ID_LOOPBACK><TERRORIST>" with "xm1014"
L 09/24/2019 - 12:37:29: "Gho$T<2><VALVE_ID_LAN><TERRORIST>" killed "Jack<20><VALVE_ID_LAN><CT>" with "mp5navy"
L 09/24/2019 - 12:37:31: "Gho$T<2><VALVE_ID_LAN><TERRORIST>" killed "DareDevil<10><VALVE_ID_LAN><CT>" with "mp5navy"
L 09/24/2019 - 12:37:32: "@te<22><VALVE_ID_LAN><CT>" killed "Calcas Peludas<4><VALVE_ID_LAN><TERRORIST>" with "p90"
L 09/24/2019 - 12:37:33: "Gho$T<2><VALVE_ID_LAN><TERRORIST>" killed "@te<22><VALVE_ID_LAN><CT>" with "knife"
L 09/24/2019 - 12:37:33: Team "TERRORIST" triggered "Terrorists_Win" (CT "14") (T "8")
L 09/24/2019 - 12:37:33: World triggered "Round_End"
L 09/24/2019 - 12:37:36: "Calcas Peludas<4><VALVE_ID_LAN><TERRORIST>" say "ui nega" (dead)
L 09/24/2019 - 12:37:37: "INDIO de ferias<16><VALVE_ID_LAN><CT>" say_team "passa kit" (dead)
L 09/24/2019 - 12:37:38: "CEIFADOR<1><VALVE_ID_LOOPBACK><TERRORIST>" triggered "Spawned_With_The_Bomb"
L 09/24/2019 - 12:37:38: World triggered "Round_Start"
L 09/24/2019 - 12:37:39: "Jack<20><VALVE_ID_LAN><CT>" say "eh pra passar alguem pegunto"
L 09/24/2019 - 12:37:42: "Gho$T<2><VALVE_ID_LAN><TERRORIST>" killed "DareDevil<10><VALVE_ID_LAN><CT>" with "mp5navy"
L 09/24/2019 - 12:37:43: "Kitkat<19><VALVE_ID_LAN><CT>" triggered "weaponstats" (weapon "xm1014") (shots "1") (hits "0") (kills "0") (headshots "0") (tks "0") (damage "0") (deaths "1")
L 09/24/2019 - 12:37:43: "Kitkat<19><VALVE_ID_LAN><CT>" triggered "weaponstats2" (weapon "xm1014") (head "0") (chest "0") (stomach "0") (leftarm "0") (rightarm "0") (leftleg "0") (rightleg "0")
L 09/24/2019 - 12:37:43: "Kitkat<19><VALVE_ID_LAN><CT>" triggered "weaponstats" (weapon "usp") (shots "12") (hits "2") (kills "0") (headshots "0") (tks "0") (damage "40") (deaths "2")
L 09/24/2019 - 12:37:43: "Kitkat<19><VALVE_ID_LAN><CT>" triggered "weaponstats2" (weapon "usp") (head "1") (chest "0") (stomach "0") (leftarm "0") (rightarm "0") (leftleg "0") (rightleg "1")
L 09/24/2019 - 12:37:43: "Kitkat<19><VALVE_ID_LAN><CT>" triggered "weaponstats" (weapon "m4a1") (shots "13") (hits "5") (kills "1") (headshots "0") (tks "0") (damage "132") (deaths "2")
L 09/24/2019 - 12:37:43: "Kitkat<19><VALVE_ID_LAN><CT>" triggered "weaponstats2" (weapon "m4a1") (head "0") (chest "1") (stomach "0") (leftarm "3") (rightarm "1") (leftleg "0") (rightleg "0")
L 09/24/2019 - 12:37:43: "Kitkat<19><VALVE_ID_LAN><CT>" triggered "weaponstats" (weapon "tmp") (shots "11") (hits "3") (kills "1") (headshots "0") (tks "0") (damage "69") (deaths "2")
L 09/24/2019 - 12:37:43: "Kitkat<19><VALVE_ID_LAN><CT>" triggered "weaponstats2" (weapon "tmp") (head "0") (chest "3") (stomach "0") (leftarm "0") (rightarm "0") (leftleg "0") (rightleg "0")
L 09/24/2019 - 12:37:43: "Kitkat<19><VALVE_ID_LAN><CT>" triggered "weaponstats" (weapon "ak47") (shots "7") (hits "0") (kills "0") (headshots "0") (tks "0") (damage "0") (deaths "1")
L 09/24/2019 - 12:37:43: "Kitkat<19><VALVE_ID_LAN><CT>" triggered "weaponstats2" (weapon "ak47") (head "0") (chest "0") (stomach "0") (leftarm "0") (rightarm "0") (leftleg "0") (rightleg "0")
L 09/24/2019 - 12:37:43: "Kitkat<19><VALVE_ID_LAN><CT>" triggered "weaponstats" (weapon "p90") (shots "18") (hits "3") (kills "0") (headshots "0") (tks "0") (damage "61") (deaths "1")
L 09/24/2019 - 12:37:43: "Kitkat<19><VALVE_ID_LAN><CT>" triggered "weaponstats2" (weapon "p90") (head "0") (chest "2") (stomach "0") (leftarm "0") (rightarm "1") (leftleg "0") (rightleg "0")
L 09/24/2019 - 12:37:43: "Kitkat<19><VALVE_ID_LAN><CT>" triggered "time" (time "4:50")
L 09/24/2019 - 12:37:43: "Kitkat<19><VALVE_ID_LAN><CT>" triggered "latency" (ping "9")
L 09/24/2019 - 12:37:43: "Kitkat<19><VALVE_ID_LAN><CT>" disconnected
L 09/24/2019 - 12:37:44: "Gho$T<2><VALVE_ID_LAN><TERRORIST>" killed "Jack<20><VALVE_ID_LAN><CT>" with "mp5navy"
L 09/24/2019 - 12:37:44: "Cap Billy<7><VALVE_ID_LAN><CT>" killed "XXBOT Kurt<21><BOT><TERRORIST>" with "sg552"
L 09/24/2019 - 12:37:46: "INDIO de ferias<16><VALVE_ID_LAN><CT>" killed "Smolder<3><VALVE_ID_LAN><TERRORIST>" with "mp5navy"
L 09/24/2019 - 12:37:47: "Cap Billy<7><VALVE_ID_LAN><CT>" killed "CEIFADOR<1><VALVE_ID_LOOPBACK><TERRORIST>" with "sg552"
L 09/24/2019 - 12:37:47: "CEIFADOR<1><VALVE_ID_LOOPBACK><TERRORIST>" triggered "Dropped_The_Bomb"
L 09/24/2019 - 12:37:49: "Gho$T<2><VALVE_ID_LAN><TERRORIST>" killed "@te<22><VALVE_ID_LAN><CT>" with "mp5navy"
L 09/24/2019 - 12:37:49: "Cap Billy<7><VALVE_ID_LAN><CT>" killed "Gho$T<2><VALVE_ID_LAN><TERRORIST>" with "sg552"
L 09/24/2019 - 12:37:50: "Calcas Peludas<4><VALVE_ID_LAN><TERRORIST>" triggered "Got_The_Bomb"
L 09/24/2019 - 12:37:51: "Cap Billy<7><VALVE_ID_LAN><CT>" killed "Calcas Peludas<4><VALVE_ID_LAN><TERRORIST>" with "sg552"
L 09/24/2019 - 12:37:51: "Calcas Peludas<4><VALVE_ID_LAN><TERRORIST>" triggered "Dropped_The_Bomb"
L 09/24/2019 - 12:37:57: "Calcas Peludas<4><VALVE_ID_LAN><TERRORIST>" say "sim" (dead)
L 09/24/2019 - 12:38:01: "XXBOT Steel<23><BOT><TERRORIST>" killed "Cap Billy<7><VALVE_ID_LAN><CT>" with "tmp"
L 09/24/2019 - 12:38:02: "Kitkat<24><VALVE_ID_LAN><>" connected, address "10.15.2.150:27005"
L 09/24/2019 - 12:38:05: "Kitkat<24><VALVE_ID_LAN><>" entered the game
L 09/24/2019 - 12:38:06: "Calcas Peludas<4><VALVE_ID_LAN><TERRORIST>" say "equilibrar" (dead)
L 09/24/2019 - 12:38:06: "Jack<20><VALVE_ID_LAN><CT>" say "bradock no lago" (dead)
L 09/24/2019 - 12:38:07: "XXBOT Steel<23><BOT><TERRORIST>" triggered "Got_The_Bomb"
L 09/24/2019 - 12:38:08: "Kitkat<24><VALVE_ID_LAN><>" joined team "TERRORIST"
L 09/24/2019 - 12:38:13: "Gho$T<2><VALVE_ID_LAN><TERRORIST>" say "boa kit" (dead)
L 09/24/2019 - 12:38:15: "XXBOT Steel<23><BOT><TERRORIST>" committed suicide with "tmp"
L 09/24/2019 - 12:38:15: Team "CT" triggered "CTs_Win" (CT "15") (T "8")
L 09/24/2019 - 12:38:15: World triggered "Round_End"
L 09/24/2019 - 12:38:16: "Kitkat<24><VALVE_ID_LAN><TERRORIST>" say "entrei " (dead)
L 09/24/2019 - 12:38:18: "Jack<20><VALVE_ID_LAN><CT>" say "tira bot" (dead)
L 09/24/2019 - 12:38:19: Server cvar "bot_quota" = "1"
L 09/24/2019 - 12:38:19: Server cvar "bot_quota" = "0"
L 09/24/2019 - 12:38:19: Kick: "XXBOT Kurt<21><UNKNOWN><>" was kicked by "CEIFADOR"
L 09/24/2019 - 12:38:19: "XXBOT Kurt<21><BOT><TERRORIST>" disconnected
L 09/24/2019 - 12:38:19: Kick: "XXBOT Steel<23><UNKNOWN><>" was kicked by "CEIFADOR"
L 09/24/2019 - 12:38:19: "XXBOT Steel<23><BOT><TERRORIST>" disconnected
L 09/24/2019 - 12:38:20: "Gho$T<2><VALVE_ID_LAN><TERRORIST>" triggered "Spawned_With_The_Bomb"
L 09/24/2019 - 12:38:20: World triggered "Round_Start"
L 09/24/2019 - 12:38:24: "Cap Billy<7><VALVE_ID_LAN><CT>" killed "Gho$T<2><VALVE_ID_LAN><TERRORIST>" with "ak47"
L 09/24/2019 - 12:38:24: "Gho$T<2><VALVE_ID_LAN><TERRORIST>" triggered "Dropped_The_Bomb"
L 09/24/2019 - 12:38:24: "Calcas Peludas<4><VALVE_ID_LAN><TERRORIST>" killed "INDIO de ferias<16><VALVE_ID_LAN><CT>" with "sg552"
L 09/24/2019 - 12:38:24: "@te<22><VALVE_ID_LAN><CT>" killed "CEIFADOR<1><VALVE_ID_LOOPBACK><TERRORIST>" with "mp5navy"
L 09/24/2019 - 12:38:26: "Kitkat<24><VALVE_ID_LAN><TERRORIST>" killed "DareDevil<10><VALVE_ID_LAN><CT>" with "m249"
L 09/24/2019 - 12:38:28: "Smolder<3><VALVE_ID_LAN><TERRORIST>" killed "Cap Billy<7><VALVE_ID_LAN><CT>" with "mp5navy"
L 09/24/2019 - 12:38:31: "Jack<20><VALVE_ID_LAN><CT>" killed "Smolder<3><VALVE_ID_LAN><TERRORIST>" with "m4a1"
L 09/24/2019 - 12:38:36: "@te<22><VALVE_ID_LAN><CT>" killed "Calcas Peludas<4><VALVE_ID_LAN><TERRORIST>" with "xm1014"
L 09/24/2019 - 12:38:37: Server cvar "amx_nextmap" = "cs_paintball1"
L 09/24/2019 - 12:38:52: "Kitkat<24><VALVE_ID_LAN><TERRORIST>" killed "@te<22><VALVE_ID_LAN><CT>" with "m249"
L 09/24/2019 - 12:38:54: "Jack<20><VALVE_ID_LAN><CT>" killed "Kitkat<24><VALVE_ID_LAN><TERRORIST>" with "m4a1"
L 09/24/2019 - 12:38:54: Team "CT" triggered "CTs_Win" (CT "16") (T "8")
L 09/24/2019 - 12:38:54: World triggered "Round_End"
L 09/24/2019 - 12:38:54: "Cap Billy<7><VALVE_ID_LAN><CT>" say_team "af" (dead)
L 09/24/2019 - 12:38:59: "Smolder<3><VALVE_ID_LAN><TERRORIST>" triggered "Spawned_With_The_Bomb"
L 09/24/2019 - 12:38:59: World triggered "Round_Start"
L 09/24/2019 - 12:39:02: "Gho$T<2><VALVE_ID_LAN><TERRORIST>" killed "DareDevil<10><VALVE_ID_LAN><CT>" with "xm1014"
L 09/24/2019 - 12:39:05: "Jack<20><VALVE_ID_LAN><CT>" killed "Kitkat<24><VALVE_ID_LAN><TERRORIST>" with "m4a1"
L 09/24/2019 - 12:39:05: "Cap Billy<7><VALVE_ID_LAN><CT>" killed "Gho$T<2><VALVE_ID_LAN><TERRORIST>" with "mac10"
L 09/24/2019 - 12:39:06: "Cap Billy<7><VALVE_ID_LAN><CT>" killed "Calcas Peludas<4><VALVE_ID_LAN><TERRORIST>" with "mac10"
L 09/24/2019 - 12:39:08: "Smolder<3><VALVE_ID_LAN><TERRORIST>" killed "Jack<20><VALVE_ID_LAN><CT>" with "aug"
L 09/24/2019 - 12:39:10: "Smolder<3><VALVE_ID_LAN><TERRORIST>" killed "@te<22><VALVE_ID_LAN><CT>" with "knife"
L 09/24/2019 - 12:39:10: "INDIO de ferias<16><VALVE_ID_LAN><CT>" killed "CEIFADOR<1><VALVE_ID_LOOPBACK><TERRORIST>" with "knife"
L 09/24/2019 - 12:39:14: "Smolder<3><VALVE_ID_LAN><TERRORIST>" killed "Cap Billy<7><VALVE_ID_LAN><CT>" with "glock18"
L 09/24/2019 - 12:39:17: "INDIO de ferias<16><VALVE_ID_LAN><CT>" killed "Smolder<3><VALVE_ID_LAN><TERRORIST>" with "knife"
L 09/24/2019 - 12:39:17: Team "CT" triggered "CTs_Win" (CT "17") (T "8")
L 09/24/2019 - 12:39:17: World triggered "Round_End"
L 09/24/2019 - 12:39:17: "Cap Billy<7><VALVE_ID_LAN><CT>" say "HAHAHAHAHAHA" (dead)
L 09/24/2019 - 12:39:19: "Calcas Peludas<4><VALVE_ID_LAN><TERRORIST>" say "ui" (dead)
L 09/24/2019 - 12:39:20: "DareDevil<10><VALVE_ID_LAN><CT>" say "eita" (dead)
L 09/24/2019 - 12:39:21: "Gho$T<2><VALVE_ID_LAN><TERRORIST>" say "pora" (dead)
L 09/24/2019 - 12:39:22: "Calcas Peludas<4><VALVE_ID_LAN><TERRORIST>" triggered "Spawned_With_The_Bomb"
L 09/24/2019 - 12:39:22: World triggered "Round_Start"
L 09/24/2019 - 12:39:22: "Cap Billy<7><VALVE_ID_LAN><CT>" say "qurem pegar o cap"
L 09/24/2019 - 12:39:28: "DareDevil<10><VALVE_ID_LAN><CT>" killed "Calcas Peludas<4><VALVE_ID_LAN><TERRORIST>" with "mac10"
L 09/24/2019 - 12:39:28: "Calcas Peludas<4><VALVE_ID_LAN><TERRORIST>" triggered "Dropped_The_Bomb"
L 09/24/2019 - 12:39:31: "Kitkat<24><VALVE_ID_LAN><TERRORIST>" killed "Jack<20><VALVE_ID_LAN><CT>" with "mp5navy"
L 09/24/2019 - 12:39:31: "Gho$T<2><VALVE_ID_LAN><TERRORIST>" killed "Kitkat<24><VALVE_ID_LAN><TERRORIST>" with "ak47"
L 09/24/2019 - 12:39:32: "Smolder<3><VALVE_ID_LAN><TERRORIST>" triggered "Got_The_Bomb"
L 09/24/2019 - 12:39:33: "@te<22><VALVE_ID_LAN><CT>" killed "Gho$T<2><VALVE_ID_LAN><TERRORIST>" with "xm1014"
L 09/24/2019 - 12:39:35: "Smolder<3><VALVE_ID_LAN><TERRORIST>" killed "@te<22><VALVE_ID_LAN><CT>" with "mac10"
L 09/24/2019 - 12:39:36: "Smolder<3><VALVE_ID_LAN><TERRORIST>" killed "INDIO de ferias<16><VALVE_ID_LAN><CT>" with "mac10"
L 09/24/2019 - 12:39:37: "DareDevil<10><VALVE_ID_LAN><CT>" killed "Smolder<3><VALVE_ID_LAN><TERRORIST>" with "mac10"
L 09/24/2019 - 12:39:37: "Smolder<3><VALVE_ID_LAN><TERRORIST>" triggered "Dropped_The_Bomb"
L 09/24/2019 - 12:39:47: "DareDevil<10><VALVE_ID_LAN><CT>" killed "CEIFADOR<1><VALVE_ID_LOOPBACK><TERRORIST>" with "mp5navy"
L 09/24/2019 - 12:39:47: Team "CT" triggered "CTs_Win" (CT "18") (T "8")
L 09/24/2019 - 12:39:47: World triggered "Round_End"
L 09/24/2019 - 12:39:52: "Kitkat<24><VALVE_ID_LAN><TERRORIST>" triggered "Spawned_With_The_Bomb"
L 09/24/2019 - 12:39:52: World triggered "Round_Start"
L 09/24/2019 - 12:39:52: "Gho$T<2><VALVE_ID_LAN><TERRORIST>" committed suicide with "world"
L 09/24/2019 - 12:39:56: "Cap Billy<7><VALVE_ID_LAN><CT>" killed "Smolder<3><VALVE_ID_LAN><TERRORIST>" with "sg552"
L 09/24/2019 - 12:39:57: "INDIO de ferias<16><VALVE_ID_LAN><CT>" killed "CEIFADOR<1><VALVE_ID_LOOPBACK><TERRORIST>" with "ak47"
L 09/24/2019 - 12:40:00: "Cap Billy<7><VALVE_ID_LAN><CT>" killed "Kitkat<24><VALVE_ID_LAN><TERRORIST>" with "sg552"
L 09/24/2019 - 12:40:00: "Kitkat<24><VALVE_ID_LAN><TERRORIST>" triggered "Dropped_The_Bomb"
L 09/24/2019 - 12:40:01: "DareDevil<10><VALVE_ID_LAN><CT>" killed "Calcas Peludas<4><VALVE_ID_LAN><TERRORIST>" with "mp5navy"
L 09/24/2019 - 12:40:01: Team "CT" triggered "CTs_Win" (CT "19") (T "8")
L 09/24/2019 - 12:40:01: World triggered "Round_End"
L 09/24/2019 - 12:40:06: "CEIFADOR<1><VALVE_ID_LOOPBACK><TERRORIST>" triggered "Spawned_With_The_Bomb"
L 09/24/2019 - 12:40:06: World triggered "Round_Start"
L 09/24/2019 - 12:40:10: "INDIO de ferias<16><VALVE_ID_LAN><CT>" killed "Calcas Peludas<4><VALVE_ID_LAN><TERRORIST>" with "grenade"
L 09/24/2019 - 12:40:10: "Smolder<3><VALVE_ID_LAN><TERRORIST>" killed "@te<22><VALVE_ID_LAN><CT>" with "xm1014"
L 09/24/2019 - 12:40:10: "@te<22><VALVE_ID_LAN><CT>" killed "Kitkat<24><VALVE_ID_LAN><TERRORIST>" with "grenade"
L 09/24/2019 - 12:40:11: "Smolder<3><VALVE_ID_LAN><TERRORIST>" killed "Cap Billy<7><VALVE_ID_LAN><CT>" with "xm1014"
L 09/24/2019 - 12:40:13: "Smolder<3><VALVE_ID_LAN><TERRORIST>" killed "INDIO de ferias<16><VALVE_ID_LAN><CT>" with "xm1014"
L 09/24/2019 - 12:40:15: "CEIFADOR<1><VALVE_ID_LOOPBACK><TERRORIST>" killed "DareDevil<10><VALVE_ID_LAN><CT>" with "m249"
L 09/24/2019 - 12:40:18: "CEIFADOR<1><VALVE_ID_LOOPBACK><TERRORIST>" killed "Jack<20><VALVE_ID_LAN><CT>" with "m249"
L 09/24/2019 - 12:40:18: Team "TERRORIST" triggered "Terrorists_Win" (CT "19") (T "9")
L 09/24/2019 - 12:40:18: World triggered "Round_End"
L 09/24/2019 - 12:40:23: "DareDevil<10><VALVE_ID_LAN><CT>" say "penhaaaaaaa" (dead)
L 09/24/2019 - 12:40:23: "Gho$T<2><VALVE_ID_LAN><TERRORIST>" triggered "Spawned_With_The_Bomb"
L 09/24/2019 - 12:40:24: World triggered "Round_Start"
L 09/24/2019 - 12:40:25: "Gho$T<2><VALVE_ID_LAN><TERRORIST>" killed "DareDevil<10><VALVE_ID_LAN><CT>" with "sg552"
L 09/24/2019 - 12:40:26: Team "CT" scored "19" with "5" players
L 09/24/2019 - 12:40:26: Team "TERRORIST" scored "9" with "5" players
L 09/24/2019 - 12:40:29: "CEIFADOR<1><VALVE_ID_LOOPBACK><TERRORIST>" triggered "weaponstats" (weapon "xm1014") (shots "5") (hits "2") (kills "0") (headshots "0") (tks "0") (damage "46") (deaths "1")
L 09/24/2019 - 12:40:29: "CEIFADOR<1><VALVE_ID_LOOPBACK><TERRORIST>" triggered "weaponstats2" (weapon "xm1014") (head "0") (chest "0") (stomach "0") (leftarm "0") (rightarm "1") (leftleg "0") (rightleg "1")
L 09/24/2019 - 12:40:29: "CEIFADOR<1><VALVE_ID_LOOPBACK><TERRORIST>" triggered "weaponstats" (weapon "mac10") (shots "15") (hits "6") (kills "1") (headshots "1") (tks "0") (damage "237") (deaths "1")
L 09/24/2019 - 12:40:29: "CEIFADOR<1><VALVE_ID_LOOPBACK><TERRORIST>" triggered "weaponstats2" (weapon "mac10") (head "1") (chest "1") (stomach "1") (leftarm "3") (rightarm "0") (leftleg "0") (rightleg "0")
L 09/24/2019 - 12:40:29: "CEIFADOR<1><VALVE_ID_LOOPBACK><TERRORIST>" triggered "weaponstats" (weapon "aug") (shots "32") (hits "4") (kills "1") (headshots "1") (tks "0") (damage "208") (deaths "3")
L 09/24/2019 - 12:40:29: "CEIFADOR<1><VALVE_ID_LOOPBACK><TERRORIST>" triggered "weaponstats2" (weapon "aug") (head "1") (chest "0") (stomach "0") (leftarm "3") (rightarm "0") (leftleg "0") (rightleg "0")
L 09/24/2019 - 12:40:29: "CEIFADOR<1><VALVE_ID_LOOPBACK><TERRORIST>" triggered "weaponstats" (weapon "glock18") (shots "7") (hits "3") (kills "0") (headshots "0") (tks "0") (damage "65") (deaths "3")
L 09/24/2019 - 12:40:29: "CEIFADOR<1><VALVE_ID_LOOPBACK><TERRORIST>" triggered "weaponstats2" (weapon "glock18") (head "0") (chest "1") (stomach "1") (leftarm "0") (rightarm "0") (leftleg "0") (rightleg "1")
L 09/24/2019 - 12:40:29: "CEIFADOR<1><VALVE_ID_LOOPBACK><TERRORIST>" triggered "weaponstats" (weapon "mp5navy") (shots "97") (hits "25") (kills "7") (headshots "1") (tks "0") (damage "681") (deaths "2")
L 09/24/2019 - 12:40:29: "CEIFADOR<1><VALVE_ID_LOOPBACK><TERRORIST>" triggered "weaponstats2" (weapon "mp5navy") (head "1") (chest "5") (stomach "6") (leftarm "10") (rightarm "2") (leftleg "1") (rightleg "0")
L 09/24/2019 - 12:40:29: "CEIFADOR<1><VALVE_ID_LOOPBACK><TERRORIST>" triggered "weaponstats" (weapon "m249") (shots "81") (hits "5") (kills "2") (headshots "1") (tks "0") (damage "241") (deaths "0")
L 09/24/2019 - 12:40:29: "CEIFADOR<1><VALVE_ID_LOOPBACK><TERRORIST>" triggered "weaponstats2" (weapon "m249") (head "1") (chest "2") (stomach "1") (leftarm "0") (rightarm "0") (leftleg "0") (rightleg "1")
L 09/24/2019 - 12:40:29: "CEIFADOR<1><VALVE_ID_LOOPBACK><TERRORIST>" triggered "weaponstats" (weapon "m4a1") (shots "70") (hits "9") (kills "1") (headshots "0") (tks "0") (damage "277") (deaths "2")
L 09/24/2019 - 12:40:29: "CEIFADOR<1><VALVE_ID_LOOPBACK><TERRORIST>" triggered "weaponstats2" (weapon "m4a1") (head "0") (chest "2") (stomach "3") (leftarm "1") (rightarm "1") (leftleg "1") (rightleg "1")
L 09/24/2019 - 12:40:29: "CEIFADOR<1><VALVE_ID_LOOPBACK><TERRORIST>" triggered "weaponstats" (weapon "tmp") (shots "19") (hits "4") (kills "1") (headshots "0") (tks "0") (damage "114") (deaths "1")
L 09/24/2019 - 12:40:29: "CEIFADOR<1><VALVE_ID_LOOPBACK><TERRORIST>" triggered "weaponstats2" (weapon "tmp") (head "1") (chest "0") (stomach "0") (leftarm "0") (rightarm "2") (leftleg "1") (rightleg "0")
L 09/24/2019 - 12:40:29: "CEIFADOR<1><VALVE_ID_LOOPBACK><TERRORIST>" triggered "weaponstats" (weapon "sg552") (shots "13") (hits "3") (kills "1") (headshots "1") (tks "0") (damage "184") (deaths "0")
L 09/24/2019 - 12:40:29: "CEIFADOR<1><VALVE_ID_LOOPBACK><TERRORIST>" triggered "weaponstats2" (weapon "sg552") (head "1") (chest "0") (stomach "0") (leftarm "0") (rightarm "2") (leftleg "0") (rightleg "0")
L 09/24/2019 - 12:40:29: "CEIFADOR<1><VALVE_ID_LOOPBACK><TERRORIST>" triggered "weaponstats" (weapon "ak47") (shots "80") (hits "17") (kills "4") (headshots "4") (tks "0") (damage "992") (deaths "4")
L 09/24/2019 - 12:40:29: "CEIFADOR<1><VALVE_ID_LOOPBACK><TERRORIST>" triggered "weaponstats2" (weapon "ak47") (head "4") (chest "3") (stomach "2") (leftarm "3") (rightarm "1") (leftleg "3") (rightleg "1")
L 09/24/2019 - 12:40:29: "CEIFADOR<1><VALVE_ID_LOOPBACK><TERRORIST>" triggered "weaponstats" (weapon "knife") (shots "5") (hits "2") (kills "0") (headshots "0") (tks "0") (damage "130") (deaths "4")
L 09/24/2019 - 12:40:29: "CEIFADOR<1><VALVE_ID_LOOPBACK><TERRORIST>" triggered "weaponstats2" (weapon "knife") (head "0") (chest "0") (stomach "0") (leftarm "0") (rightarm "2") (leftleg "0") (rightleg "0")
L 09/24/2019 - 12:40:29: "CEIFADOR<1><VALVE_ID_LOOPBACK><TERRORIST>" triggered "time" (time "10:36")
L 09/24/2019 - 12:40:29: "CEIFADOR<1><VALVE_ID_LOOPBACK><TERRORIST>" triggered "latency" (ping "0")
L 09/24/2019 - 12:40:29: "Gho$T<2><VALVE_ID_LAN><TERRORIST>" triggered "weaponstats" (weapon "grenade") (shots "3") (hits "8") (kills "0") (headshots "0") (tks "0") (damage "200") (deaths "0")
L 09/24/2019 - 12:40:29: "Gho$T<2><VALVE_ID_LAN><TERRORIST>" triggered "weaponstats2" (weapon "grenade") (head "0") (chest "0") (stomach "0") (leftarm "0") (rightarm "0") (leftleg "0") (rightleg "0")
L 09/24/2019 - 12:40:29: "Gho$T<2><VALVE_ID_LAN><TERRORIST>" triggered "weaponstats" (weapon "xm1014") (shots "24") (hits "6") (kills "3") (headshots "0") (tks "0") (damage "426") (deaths "3")
L 09/24/2019 - 12:40:29: "Gho$T<2><VALVE_ID_LAN><TERRORIST>" triggered "weaponstats2" (weapon "xm1014") (head "0") (chest "1") (stomach "2") (leftarm "2") (rightarm "1") (leftleg "0") (rightleg "0")
L 09/24/2019 - 12:40:29: "Gho$T<2><VALVE_ID_LAN><TERRORIST>" triggered "weaponstats" (weapon "mac10") (shots "54") (hits "17") (kills "3") (headshots "1") (tks "0") (damage "496") (deaths "3")
L 09/24/2019 - 12:40:29: "Gho$T<2><VALVE_ID_LAN><TERRORIST>" triggered "weaponstats2" (weapon "mac10") (head "2") (chest "6") (stomach "1") (leftarm "1") (rightarm "6") (leftleg "1") (rightleg "0")
L 09/24/2019 - 12:40:29: "Gho$T<2><VALVE_ID_LAN><TERRORIST>" triggered "weaponstats" (weapon "glock18") (shots "5") (hits "2") (kills "0") (headshots "0") (tks "0") (damage "32") (deaths "2")
L 09/24/2019 - 12:40:29: "Gho$T<2><VALVE_ID_LAN><TERRORIST>" triggered "weaponstats2" (weapon "glock18") (head "0") (chest "1") (stomach "0") (leftarm "0") (rightarm "1") (leftleg "0") (rightleg "0")
L 09/24/2019 - 12:40:29: "Gho$T<2><VALVE_ID_LAN><TERRORIST>" triggered "weaponstats" (weapon "mp5navy") (shots "107") (hits "22") (kills "6") (headshots "3") (tks "0") (damage "741") (deaths "2")
L 09/24/2019 - 12:40:29: "Gho$T<2><VALVE_ID_LAN><TERRORIST>" triggered "weaponstats2" (weapon "mp5navy") (head "3") (chest "7") (stomach "0") (leftarm "4") (rightarm "6") (leftleg "1") (rightleg "1")
L 09/24/2019 - 12:40:29: "Gho$T<2><VALVE_ID_LAN><TERRORIST>" triggered "weaponstats" (weapon "m249") (shots "8") (hits "1") (kills "0") (headshots "0") (tks "0") (damage "23") (deaths "1")
L 09/24/2019 - 12:40:29: "Gho$T<2><VALVE_ID_LAN><TERRORIST>" triggered "weaponstats2" (weapon "m249") (head "0") (chest "0") (stomach "0") (leftarm "0") (rightarm "0") (leftleg "1") (rightleg "0")
L 09/24/2019 - 12:40:29: "Gho$T<2><VALVE_ID_LAN><TERRORIST>" triggered "weaponstats" (weapon "m3") (shots "1") (hits "1") (kills "0") (headshots "0") (tks "0") (damage "26") (deaths "0")
L 09/24/2019 - 12:40:29: "Gho$T<2><VALVE_ID_LAN><TERRORIST>" triggered "weaponstats2" (weapon "m3") (head "0") (chest "0") (stomach "0") (leftarm "1") (rightarm "0") (leftleg "0") (rightleg "0")
L 09/24/2019 - 12:40:29: "Gho$T<2><VALVE_ID_LAN><TERRORIST>" triggered "weaponstats" (weapon "m4a1") (shots "1") (hits "0") (kills "0") (headshots "0") (tks "0") (damage "0") (deaths "1")
L 09/24/2019 - 12:40:29: "Gho$T<2><VALVE_ID_LAN><TERRORIST>" triggered "weaponstats2" (weapon "m4a1") (head "0") (chest "0") (stomach "0") (leftarm "0") (rightarm "0") (leftleg "0") (rightleg "0")
L 09/24/2019 - 12:40:29: "Gho$T<2><VALVE_ID_LAN><TERRORIST>" triggered "weaponstats" (weapon "tmp") (shots "8") (hits "1") (kills "0") (headshots "0") (tks "0") (damage "18") (deaths "0")
L 09/24/2019 - 12:40:29: "Gho$T<2><VALVE_ID_LAN><TERRORIST>" triggered "weaponstats2" (weapon "tmp") (head "0") (chest "0") (stomach "0") (leftarm "1") (rightarm "0") (leftleg "0") (rightleg "0")
L 09/24/2019 - 12:40:29: "Gho$T<2><VALVE_ID_LAN><TERRORIST>" triggered "weaponstats" (weapon "sg552") (shots "13") (hits "9") (kills "1") (headshots "0") (tks "0") (damage "200") (deaths "1")
L 09/24/2019 - 12:40:29: "Gho$T<2><VALVE_ID_LAN><TERRORIST>" triggered "weaponstats2" (weapon "sg552") (head "0") (chest "0") (stomach "1") (leftarm "0") (rightarm "0") (leftleg "2") (rightleg "6")
L 09/24/2019 - 12:40:29: "Gho$T<2><VALVE_ID_LAN><TERRORIST>" triggered "weaponstats" (weapon "ak47") (shots "35") (hits "8") (kills "5") (headshots "3") (tks "1") (damage "503") (deaths "2")
L 09/24/2019 - 12:40:29: "Gho$T<2><VALVE_ID_LAN><TERRORIST>" triggered "weaponstats2" (weapon "ak47") (head "3") (chest "1") (stomach "0") (leftarm "3") (rightarm "0") (leftleg "1") (rightleg "0")
L 09/24/2019 - 12:40:29: "Gho$T<2><VALVE_ID_LAN><TERRORIST>" triggered "weaponstats" (weapon "knife") (shots "6") (hits "3") (kills "2") (headshots "0") (tks "0") (damage "195") (deaths "4")
L 09/24/2019 - 12:40:29: "Gho$T<2><VALVE_ID_LAN><TERRORIST>" triggered "weaponstats2" (weapon "knife") (head "0") (chest "1") (stomach "0") (leftarm "1") (rightarm "1") (leftleg "0") (rightleg "0")
L 09/24/2019 - 12:40:29: "Gho$T<2><VALVE_ID_LAN><TERRORIST>" triggered "weaponstats" (weapon "p90") (shots "2") (hits "0") (kills "0") (headshots "0") (tks "0") (damage "0") (deaths "1")
L 09/24/2019 - 12:40:29: "Gho$T<2><VALVE_ID_LAN><TERRORIST>" triggered "weaponstats2" (weapon "p90") (head "0") (chest "0") (stomach "0") (leftarm "0") (rightarm "0") (leftleg "0") (rightleg "0")
L 09/24/2019 - 12:40:29: "Gho$T<2><VALVE_ID_LAN><TERRORIST>" triggered "time" (time "10:18")
L 09/24/2019 - 12:40:29: "Gho$T<2><VALVE_ID_LAN><TERRORIST>" triggered "latency" (ping "9")
L 09/24/2019 - 12:40:29: "Smolder<3><VALVE_ID_LAN><TERRORIST>" triggered "weaponstats" (weapon "grenade") (shots "6") (hits "6") (kills "0") (headshots "0") (tks "0") (damage "89") (deaths "1")
L 09/24/2019 - 12:40:29: "Smolder<3><VALVE_ID_LAN><TERRORIST>" triggered "weaponstats2" (weapon "grenade") (head "0") (chest "0") (stomach "0") (leftarm "0") (rightarm "0") (leftleg "0") (rightleg "0")
L 09/24/2019 - 12:40:29: "Smolder<3><VALVE_ID_LAN><TERRORIST>" triggered "weaponstats" (weapon "xm1014") (shots "10") (hits "8") (kills "3") (headshots "1") (tks "0") (damage "492") (deaths "0")
L 09/24/2019 - 12:40:29: "Smolder<3><VALVE_ID_LAN><TERRORIST>" triggered "weaponstats2" (weapon "xm1014") (head "1") (chest "1") (stomach "1") (leftarm "3") (rightarm "0") (leftleg "2") (rightleg "0")
L 09/24/2019 - 12:40:29: "Smolder<3><VALVE_ID_LAN><TERRORIST>" triggered "weaponstats" (weapon "mac10") (shots "60") (hits "13") (kills "4") (headshots "2") (tks "0") (damage "513") (deaths "2")
L 09/24/2019 - 12:40:29: "Smolder<3><VALVE_ID_LAN><TERRORIST>" triggered "weaponstats2" (weapon "mac10") (head "2") (chest "4") (stomach "0") (leftarm "6") (rightarm "1") (leftleg "0") (rightleg "0")
L 09/24/2019 - 12:40:29: "Smolder<3><VALVE_ID_LAN><TERRORIST>" triggered "weaponstats" (weapon "aug") (shots "126") (hits "18") (kills "4") (headshots "3") (tks "0") (damage "822") (deaths "3")
L 09/24/2019 - 12:40:29: "Smolder<3><VALVE_ID_LAN><TERRORIST>" triggered "weaponstats2" (weapon "aug") (head "3") (chest "3") (stomach "3") (leftarm "3") (rightarm "4") (leftleg "0") (rightleg "2")
L 09/24/2019 - 12:40:29: "Smolder<3><VALVE_ID_LAN><TERRORIST>" triggered "weaponstats" (weapon "glock18") (shots "8") (hits "2") (kills "1") (headshots "1") (tks "0") (damage "82") (deaths "0")
L 09/24/2019 - 12:40:29: "Smolder<3><VALVE_ID_LAN><TERRORIST>" triggered "weaponstats2" (weapon "glock18") (head "1") (chest "0") (stomach "0") (leftarm "1") (rightarm "0") (leftleg "0") (rightleg "0")
L 09/24/2019 - 12:40:29: "Smolder<3><VALVE_ID_LAN><TERRORIST>" triggered "weaponstats" (weapon "mp5navy") (shots "79") (hits "18") (kills "5") (headshots "1") (tks "0") (damage "542") (deaths "4")
L 09/24/2019 - 12:40:29: "Smolder<3><VALVE_ID_LAN><TERRORIST>" triggered "weaponstats2" (weapon "mp5navy") (head "2") (chest "3") (stomach "1") (leftarm "10") (rightarm "2") (leftleg "0") (rightleg "0")
L 09/24/2019 - 12:40:29: "Smolder<3><VALVE_ID_LAN><TERRORIST>" triggered "weaponstats" (weapon "m249") (shots "45") (hits "0") (kills "0") (headshots "0") (tks "0") (damage "0") (deaths "0")
L 09/24/2019 - 12:40:29: "Smolder<3><VALVE_ID_LAN><TERRORIST>" triggered "weaponstats2" (weapon "m249") (head "0") (chest "0") (stomach "0") (leftarm "0") (rightarm "0") (leftleg "0") (rightleg "0")
L 09/24/2019 - 12:40:29: "Smolder<3><VALVE_ID_LAN><TERRORIST>" triggered "weaponstats" (weapon "m4a1") (shots "9") (hits "0") (kills "0") (headshots "0") (tks "0") (damage "0") (deaths "2")
L 09/24/2019 - 12:40:29: "Smolder<3><VALVE_ID_LAN><TERRORIST>" triggered "weaponstats2" (weapon "m4a1") (head "0") (chest "0") (stomach "0") (leftarm "0") (rightarm "0") (leftleg "0") (rightleg "0")
L 09/24/2019 - 12:40:29: "Smolder<3><VALVE_ID_LAN><TERRORIST>" triggered "weaponstats" (weapon "tmp") (shots "1") (hits "0") (kills "0") (headshots "0") (tks "0") (damage "0") (deaths "1")
L 09/24/2019 - 12:40:29: "Smolder<3><VALVE_ID_LAN><TERRORIST>" triggered "weaponstats2" (weapon "tmp") (head "0") (chest "0") (stomach "0") (leftarm "0") (rightarm "0") (leftleg "0") (rightleg "0")
L 09/24/2019 - 12:40:29: "Smolder<3><VALVE_ID_LAN><TERRORIST>" triggered "weaponstats" (weapon "ak47") (shots "67") (hits "9") (kills "3") (headshots "2") (tks "0") (damage "460") (deaths "3")
L 09/24/2019 - 12:40:29: "Smolder<3><VALVE_ID_LAN><TERRORIST>" triggered "weaponstats2" (weapon "ak47") (head "2") (chest "1") (stomach "0") (leftarm "4") (rightarm "1") (leftleg "1") (rightleg "0")
L 09/24/2019 - 12:40:29: "Smolder<3><VALVE_ID_LAN><TERRORIST>" triggered "weaponstats" (weapon "knife") (shots "3") (hits "2") (kills "2") (headshots "2") (tks "0") (damage "325") (deaths "4")
L 09/24/2019 - 12:40:29: "Smolder<3><VALVE_ID_LAN><TERRORIST>" triggered "weaponstats2" (weapon "knife") (head "2") (chest "0") (stomach "0") (leftarm "0") (rightarm "0") (leftleg "0") (rightleg "0")
L 09/24/2019 - 12:40:29: "Smolder<3><VALVE_ID_LAN><TERRORIST>" triggered "time" (time "10:06")
L 09/24/2019 - 12:40:29: "Smolder<3><VALVE_ID_LAN><TERRORIST>" triggered "latency" (ping "11")
L 09/24/2019 - 12:40:29: "Calcas Peludas<4><VALVE_ID_LAN><TERRORIST>" triggered "weaponstats" (weapon "grenade") (shots "1") (hits "2") (kills "0") (headshots "0") (tks "0") (damage "17") (deaths "0")
L 09/24/2019 - 12:40:29: "Calcas Peludas<4><VALVE_ID_LAN><TERRORIST>" triggered "weaponstats2" (weapon "grenade") (head "0") (chest "0") (stomach "0") (leftarm "0") (rightarm "0") (leftleg "0") (rightleg "0")
L 09/24/2019 - 12:40:29: "Calcas Peludas<4><VALVE_ID_LAN><TERRORIST>" triggered "weaponstats" (weapon "xm1014") (shots "20") (hits "8") (kills "5") (headshots "2") (tks "0") (damage "552") (deaths "0")
L 09/24/2019 - 12:40:29: "Calcas Peludas<4><VALVE_ID_LAN><TERRORIST>" triggered "weaponstats2" (weapon "xm1014") (head "2") (chest "0") (stomach "1") (leftarm "1") (rightarm "1") (leftleg "2") (rightleg "1")
L 09/24/2019 - 12:40:29: "Calcas Peludas<4><VALVE_ID_LAN><TERRORIST>" triggered "weaponstats" (weapon "mac10") (shots "18") (hits "2") (kills "0") (headshots "0") (tks "0") (damage "45") (deaths "2")
L 09/24/2019 - 12:40:29: "Calcas Peludas<4><VALVE_ID_LAN><TERRORIST>" triggered "weaponstats2" (weapon "mac10") (head "0") (chest "1") (stomach "0") (leftarm "0") (rightarm "1") (leftleg "0") (rightleg "0")
L 09/24/2019 - 12:40:29: "Calcas Peludas<4><VALVE_ID_LAN><TERRORIST>" triggered "weaponstats" (weapon "aug") (shots "34") (hits "3") (kills "0") (headshots "0") (tks "0") (damage "83") (deaths "8")
L 09/24/2019 - 12:40:29: "Calcas Peludas<4><VALVE_ID_LAN><TERRORIST>" triggered "weaponstats2" (weapon "aug") (head "0") (chest "0") (stomach "0") (leftarm "2") (rightarm "0") (leftleg "1") (rightleg "0")
L 09/24/2019 - 12:40:29: "Calcas Peludas<4><VALVE_ID_LAN><TERRORIST>" triggered "weaponstats" (weapon "glock18") (shots "21") (hits "2") (kills "0") (headshots "0") (tks "0") (damage "50") (deaths "1")
L 09/24/2019 - 12:40:29: "Calcas Peludas<4><VALVE_ID_LAN><TERRORIST>" triggered "weaponstats2" (weapon "glock18") (head "0") (chest "0") (stomach "1") (leftarm "1") (rightarm "0") (leftleg "0") (rightleg "0")
L 09/24/2019 - 12:40:29: "Calcas Peludas<4><VALVE_ID_LAN><TERRORIST>" triggered "weaponstats" (weapon "awp") (shots "1") (hits "0") (kills "0") (headshots "0") (tks "0") (damage "0") (deaths "2")
L 09/24/2019 - 12:40:29: "Calcas Peludas<4><VALVE_ID_LAN><TERRORIST>" triggered "weaponstats2" (weapon "awp") (head "0") (chest "0") (stomach "0") (leftarm "0") (rightarm "0") (leftleg "0") (rightleg "0")
L 09/24/2019 - 12:40:29: "Calcas Peludas<4><VALVE_ID_LAN><TERRORIST>" triggered "weaponstats" (weapon "mp5navy") (shots "35") (hits "8") (kills "1") (headshots "0") (tks "0") (damage "246") (deaths "3")
L 09/24/2019 - 12:40:29: "Calcas Peludas<4><VALVE_ID_LAN><TERRORIST>" triggered "weaponstats2" (weapon "mp5navy") (head "2") (chest "1") (stomach "1") (leftarm "2") (rightarm "2") (leftleg "0") (rightleg "0")
L 09/24/2019 - 12:40:29: "Calcas Peludas<4><VALVE_ID_LAN><TERRORIST>" triggered "weaponstats" (weapon "tmp") (shots "19") (hits "2") (kills "0") (headshots "0") (tks "0") (damage "36") (deaths "0")
L 09/24/2019 - 12:40:29: "Calcas Peludas<4><VALVE_ID_LAN><TERRORIST>" triggered "weaponstats2" (weapon "tmp") (head "0") (chest "0") (stomach "0") (leftarm "1") (rightarm "1") (leftleg "0") (rightleg "0")
L 09/24/2019 - 12:40:29: "Calcas Peludas<4><VALVE_ID_LAN><TERRORIST>" triggered "weaponstats" (weapon "g3sg1") (shots "4") (hits "0") (kills "0") (headshots "0") (tks "0") (damage "0") (deaths "0")
L 09/24/2019 - 12:40:29: "Calcas Peludas<4><VALVE_ID_LAN><TERRORIST>" triggered "weaponstats2" (weapon "g3sg1") (head "0") (chest "0") (stomach "0") (leftarm "0") (rightarm "0") (leftleg "0") (rightleg "0")
L 09/24/2019 - 12:40:29: "Calcas Peludas<4><VALVE_ID_LAN><TERRORIST>" triggered "weaponstats" (weapon "sg552") (shots "51") (hits "10") (kills "3") (headshots "2") (tks "0") (damage "483") (deaths "6")
L 09/24/2019 - 12:40:29: "Calcas Peludas<4><VALVE_ID_LAN><TERRORIST>" triggered "weaponstats2" (weapon "sg552") (head "2") (chest "1") (stomach "0") (leftarm "2") (rightarm "5") (leftleg "0") (rightleg "0")
L 09/24/2019 - 12:40:29: "Calcas Peludas<4><VALVE_ID_LAN><TERRORIST>" triggered "weaponstats" (weapon "ak47") (shots "5") (hits "1") (kills "1") (headshots "1") (tks "0") (damage "144") (deaths "1")
L 09/24/2019 - 12:40:29: "Calcas Peludas<4><VALVE_ID_LAN><TERRORIST>" triggered "weaponstats2" (weapon "ak47") (head "1") (chest "0") (stomach "0") (leftarm "0") (rightarm "0") (leftleg "0") (rightleg "0")
L 09/24/2019 - 12:40:29: "Calcas Peludas<4><VALVE_ID_LAN><TERRORIST>" triggered "weaponstats" (weapon "knife") (shots "3") (hits "1") (kills "1") (headshots "0") (tks "0") (damage "65") (deaths "2")
L 09/24/2019 - 12:40:29: "Calcas Peludas<4><VALVE_ID_LAN><TERRORIST>" triggered "weaponstats2" (weapon "knife") (head "0") (chest "0") (stomach "0") (leftarm "1") (rightarm "0") (leftleg "0") (rightleg "0")
L 09/24/2019 - 12:40:29: "Calcas Peludas<4><VALVE_ID_LAN><TERRORIST>" triggered "weaponstats" (weapon "p90") (shots "33") (hits "4") (kills "0") (headshots "0") (tks "0") (damage "78") (deaths "1")
L 09/24/2019 - 12:40:29: "Calcas Peludas<4><VALVE_ID_LAN><TERRORIST>" triggered "weaponstats2" (weapon "p90") (head "0") (chest "0") (stomach "1") (leftarm "3") (rightarm "0") (leftleg "0") (rightleg "0")
L 09/24/2019 - 12:40:29: "Calcas Peludas<4><VALVE_ID_LAN><TERRORIST>" triggered "time" (time "10:04")
L 09/24/2019 - 12:40:29: "Calcas Peludas<4><VALVE_ID_LAN><TERRORIST>" triggered "latency" (ping "9")
L 09/24/2019 - 12:40:29: "Jack<20><VALVE_ID_LAN><CT>" triggered "weaponstats" (weapon "grenade") (shots "5") (hits "9") (kills "1") (headshots "0") (tks "0") (damage "303") (deaths "0")
L 09/24/2019 - 12:40:29: "Jack<20><VALVE_ID_LAN><CT>" triggered "weaponstats2" (weapon "grenade") (head "0") (chest "0") (stomach "0") (leftarm "0") (rightarm "0") (leftleg "0") (rightleg "0")
L 09/24/2019 - 12:40:29: "Jack<20><VALVE_ID_LAN><CT>" triggered "weaponstats" (weapon "xm1014") (shots "8") (hits "2") (kills "0") (headshots "0") (tks "0") (damage "90") (deaths "2")
L 09/24/2019 - 12:40:29: "Jack<20><VALVE_ID_LAN><CT>" triggered "weaponstats2" (weapon "xm1014") (head "0") (chest "0") (stomach "1") (leftarm "0") (rightarm "0") (leftleg "0") (rightleg "1")
L 09/24/2019 - 12:40:29: "Jack<20><VALVE_ID_LAN><CT>" triggered "weaponstats" (weapon "mac10") (shots "9") (hits "0") (kills "0") (headshots "0") (tks "0") (damage "0") (deaths "1")
L 09/24/2019 - 12:40:29: "Jack<20><VALVE_ID_LAN><CT>" triggered "weaponstats2" (weapon "mac10") (head "0") (chest "0") (stomach "0") (leftarm "0") (rightarm "0") (leftleg "0") (rightleg "0")
L 09/24/2019 - 12:40:29: "Jack<20><VALVE_ID_LAN><CT>" triggered "weaponstats" (weapon "aug") (shots "6") (hits "0") (kills "0") (headshots "0") (tks "0") (damage "0") (deaths "1")
L 09/24/2019 - 12:40:29: "Jack<20><VALVE_ID_LAN><CT>" triggered "weaponstats2" (weapon "aug") (head "0") (chest "0") (stomach "0") (leftarm "0") (rightarm "0") (leftleg "0") (rightleg "0")
L 09/24/2019 - 12:40:29: "Jack<20><VALVE_ID_LAN><CT>" triggered "weaponstats" (weapon "usp") (shots "4") (hits "2") (kills "0") (headshots "0") (tks "0") (damage "69") (deaths "1")
L 09/24/2019 - 12:40:29: "Jack<20><VALVE_ID_LAN><CT>" triggered "weaponstats2" (weapon "usp") (head "0") (chest "0") (stomach "0") (leftarm "2") (rightarm "0") (leftleg "0") (rightleg "0")
L 09/24/2019 - 12:40:29: "Jack<20><VALVE_ID_LAN><CT>" triggered "weaponstats" (weapon "m249") (shots "32") (hits "0") (kills "0") (headshots "0") (tks "0") (damage "0") (deaths "1")
L 09/24/2019 - 12:40:29: "Jack<20><VALVE_ID_LAN><CT>" triggered "weaponstats2" (weapon "m249") (head "0") (chest "0") (stomach "0") (leftarm "0") (rightarm "0") (leftleg "0") (rightleg "0")
L 09/24/2019 - 12:40:29: "Jack<20><VALVE_ID_LAN><CT>" triggered "weaponstats" (weapon "m4a1") (shots "90") (hits "18") (kills "4") (headshots "3") (tks "0") (damage "754") (deaths "3")
L 09/24/2019 - 12:40:29: "Jack<20><VALVE_ID_LAN><CT>" triggered "weaponstats2" (weapon "m4a1") (head "5") (chest "1") (stomach "0") (leftarm "7") (rightarm "3") (leftleg "1") (rightleg "1")
L 09/24/2019 - 12:40:29: "Jack<20><VALVE_ID_LAN><CT>" triggered "weaponstats" (weapon "ak47") (shots "66") (hits "11") (kills "4") (headshots "1") (tks "0") (damage "425") (deaths "1")
L 09/24/2019 - 12:40:29: "Jack<20><VALVE_ID_LAN><CT>" triggered "weaponstats2" (weapon "ak47") (head "1") (chest "2") (stomach "0") (leftarm "4") (rightarm "1") (leftleg "1") (rightleg "2")
L 09/24/2019 - 12:40:29: "Jack<20><VALVE_ID_LAN><CT>" triggered "time" (time "6:17")
L 09/24/2019 - 12:40:29: "Jack<20><VALVE_ID_LAN><CT>" triggered "latency" (ping "9")
L 09/24/2019 - 12:40:29: "Kitkat<24><VALVE_ID_LAN><TERRORIST>" triggered "weaponstats" (weapon "glock18") (shots "2") (hits "0") (kills "0") (headshots "0") (tks "0") (damage "0") (deaths "0")
L 09/24/2019 - 12:40:29: "Kitkat<24><VALVE_ID_LAN><TERRORIST>" triggered "weaponstats2" (weapon "glock18") (head "0") (chest "0") (stomach "0") (leftarm "0") (rightarm "0") (leftleg "0") (rightleg "0")
L 09/24/2019 - 12:40:29: "Kitkat<24><VALVE_ID_LAN><TERRORIST>" triggered "weaponstats" (weapon "mp5navy") (shots "6") (hits "6") (kills "1") (headshots "0") (tks "0") (damage "137") (deaths "2")
L 09/24/2019 - 12:40:29: "Kitkat<24><VALVE_ID_LAN><TERRORIST>" triggered "weaponstats2" (weapon "mp5navy") (head "0") (chest "0") (stomach "0") (leftarm "5") (rightarm "1") (leftleg "0") (rightleg "0")
L 09/24/2019 - 12:40:29: "Kitkat<24><VALVE_ID_LAN><TERRORIST>" triggered "weaponstats" (weapon "m249") (shots "28") (hits "6") (kills "2") (headshots "2") (tks "0") (damage "371") (deaths "1")
L 09/24/2019 - 12:40:29: "Kitkat<24><VALVE_ID_LAN><TERRORIST>" triggered "weaponstats2" (weapon "m249") (head "2") (chest "2") (stomach "0") (leftarm "2") (rightarm "0") (leftleg "0") (rightleg "0")
L 09/24/2019 - 12:40:29: "Kitkat<24><VALVE_ID_LAN><TERRORIST>" triggered "time" (time "2:22")
L 09/24/2019 - 12:40:29: "Kitkat<24><VALVE_ID_LAN><TERRORIST>" triggered "latency" (ping "13")
L 09/24/2019 - 12:40:29: "Cap Billy<7><VALVE_ID_LAN><CT>" triggered "weaponstats" (weapon "grenade") (shots "12") (hits "22") (kills "0") (headshots "0") (tks "0") (damage "976") (deaths "0")
L 09/24/2019 - 12:40:29: "Cap Billy<7><VALVE_ID_LAN><CT>" triggered "weaponstats2" (weapon "grenade") (head "0") (chest "0") (stomach "0") (leftarm "0") (rightarm "0") (leftleg "0") (rightleg "0")
L 09/24/2019 - 12:40:29: "Cap Billy<7><VALVE_ID_LAN><CT>" triggered "weaponstats" (weapon "xm1014") (shots "31") (hits "16") (kills "10") (headshots "1") (tks "0") (damage "1451") (deaths "6")
L 09/24/2019 - 12:40:29: "Cap Billy<7><VALVE_ID_LAN><CT>" triggered "weaponstats2" (weapon "xm1014") (head "2") (chest "6") (stomach "1") (leftarm "5") (rightarm "0") (leftleg "0") (rightleg "2")
L 09/24/2019 - 12:40:29: "Cap Billy<7><VALVE_ID_LAN><CT>" triggered "weaponstats" (weapon "mac10") (shots "106") (hits "22") (kills "7") (headshots "1") (tks "0") (damage "645") (deaths "1")
L 09/24/2019 - 12:40:29: "Cap Billy<7><VALVE_ID_LAN><CT>" triggered "weaponstats2" (weapon "mac10") (head "1") (chest "10") (stomach "0") (leftarm "9") (rightarm "2") (leftleg "0") (rightleg "0")
L 09/24/2019 - 12:40:29: "Cap Billy<7><VALVE_ID_LAN><CT>" triggered "weaponstats" (weapon "aug") (shots "21") (hits "6") (kills "1") (headshots "0") (tks "0") (damage "168") (deaths "0")
L 09/24/2019 - 12:40:29: "Cap Billy<7><VALVE_ID_LAN><CT>" triggered "weaponstats2" (weapon "aug") (head "0") (chest "2") (stomach "2") (leftarm "0") (rightarm "1") (leftleg "0") (rightleg "1")
L 09/24/2019 - 12:40:29: "Cap Billy<7><VALVE_ID_LAN><CT>" triggered "weaponstats" (weapon "usp") (shots "7") (hits "2") (kills "1") (headshots "1") (tks "0") (damage "147") (deaths "0")
L 09/24/2019 - 12:40:29: "Cap Billy<7><VALVE_ID_LAN><CT>" triggered "weaponstats2" (weapon "usp") (head "1") (chest "0") (stomach "0") (leftarm "0") (rightarm "1") (leftleg "0") (rightleg "0")
L 09/24/2019 - 12:40:29: "Cap Billy<7><VALVE_ID_LAN><CT>" triggered "weaponstats" (weapon "mp5navy") (shots "31") (hits "12") (kills "3") (headshots "3") (tks "0") (damage "450") (deaths "0")
L 09/24/2019 - 12:40:29: "Cap Billy<7><VALVE_ID_LAN><CT>" triggered "weaponstats2" (weapon "mp5navy") (head "3") (chest "1") (stomach "0") (leftarm "4") (rightarm "3") (leftleg "1") (rightleg "0")
L 09/24/2019 - 12:40:29: "Cap Billy<7><VALVE_ID_LAN><CT>" triggered "weaponstats" (weapon "sg552") (shots "183") (hits "62") (kills "17") (headshots "4") (tks "0") (damage "2275") (deaths "5")
L 09/24/2019 - 12:40:29: "Cap Billy<7><VALVE_ID_LAN><CT>" triggered "weaponstats2" (weapon "sg552") (head "4") (chest "11") (stomach "14") (leftarm "21") (rightarm "6") (leftleg "1") (rightleg "5")
L 09/24/2019 - 12:40:29: "Cap Billy<7><VALVE_ID_LAN><CT>" triggered "weaponstats" (weapon "ak47") (shots "19") (hits "4") (kills "1") (headshots "1") (tks "0") (damage "237") (deaths "1")
L 09/24/2019 - 12:40:29: "Cap Billy<7><VALVE_ID_LAN><CT>" triggered "weaponstats2" (weapon "ak47") (head "2") (chest "0") (stomach "0") (leftarm "0") (rightarm "1") (leftleg "0") (rightleg "1")
L 09/24/2019 - 12:40:29: "Cap Billy<7><VALVE_ID_LAN><CT>" triggered "weaponstats" (weapon "knife") (shots "2") (hits "1") (kills "0") (headshots "0") (tks "0") (damage "65") (deaths "2")
L 09/24/2019 - 12:40:29: "Cap Billy<7><VALVE_ID_LAN><CT>" triggered "weaponstats2" (weapon "knife") (head "0") (chest "0") (stomach "0") (leftarm "0") (rightarm "1") (leftleg "0") (rightleg "0")
L 09/24/2019 - 12:40:29: "Cap Billy<7><VALVE_ID_LAN><CT>" triggered "time" (time "9:48")
L 09/24/2019 - 12:40:29: "Cap Billy<7><VALVE_ID_LAN><CT>" triggered "latency" (ping "10")
L 09/24/2019 - 12:40:29: "INDIO de ferias<16><VALVE_ID_LAN><CT>" triggered "weaponstats" (weapon "grenade") (shots "5") (hits "11") (kills "3") (headshots "0") (tks "0") (damage "378") (deaths "0")
L 09/24/2019 - 12:40:29: "INDIO de ferias<16><VALVE_ID_LAN><CT>" triggered "weaponstats2" (weapon "grenade") (head "0") (chest "0") (stomach "0") (leftarm "0") (rightarm "0") (leftleg "0") (rightleg "0")
L 09/24/2019 - 12:40:29: "INDIO de ferias<16><VALVE_ID_LAN><CT>" triggered "weaponstats" (weapon "xm1014") (shots "1") (hits "0") (kills "0") (headshots "0") (tks "0") (damage "0") (deaths "0")
L 09/24/2019 - 12:40:29: "INDIO de ferias<16><VALVE_ID_LAN><CT>" triggered "weaponstats2" (weapon "xm1014") (head "0") (chest "0") (stomach "0") (leftarm "0") (rightarm "0") (leftleg "0") (rightleg "0")
L 09/24/2019 - 12:40:29: "INDIO de ferias<16><VALVE_ID_LAN><CT>" triggered "weaponstats" (weapon "aug") (shots "188") (hits "41") (kills "11") (headshots "4") (tks "0") (damage "1316") (deaths "5")
L 09/24/2019 - 12:40:29: "INDIO de ferias<16><VALVE_ID_LAN><CT>" triggered "weaponstats2" (weapon "aug") (head "6") (chest "9") (stomach "2") (leftarm "12") (rightarm "2") (leftleg "6") (rightleg "4")
L 09/24/2019 - 12:40:29: "INDIO de ferias<16><VALVE_ID_LAN><CT>" triggered "weaponstats" (weapon "usp") (shots "13") (hits "4") (kills "1") (headshots "0") (tks "0") (damage "118") (deaths "1")
L 09/24/2019 - 12:40:29: "INDIO de ferias<16><VALVE_ID_LAN><CT>" triggered "weaponstats2" (weapon "usp") (head "0") (chest "3") (stomach "0") (leftarm "0") (rightarm "1") (leftleg "0") (rightleg "0")
L 09/24/2019 - 12:40:29: "INDIO de ferias<16><VALVE_ID_LAN><CT>" triggered "weaponstats" (weapon "mp5navy") (shots "54") (hits "12") (kills "2") (headshots "0") (tks "0") (damage "278") (deaths "3")
L 09/24/2019 - 12:40:29: "INDIO de ferias<16><VALVE_ID_LAN><CT>" triggered "weaponstats2" (weapon "mp5navy") (head "0") (chest "4") (stomach "1") (leftarm "5") (rightarm "0") (leftleg "1") (rightleg "1")
L 09/24/2019 - 12:40:29: "INDIO de ferias<16><VALVE_ID_LAN><CT>" triggered "weaponstats" (weapon "ak47") (shots "6") (hits "3") (kills "1") (headshots "0") (tks "0") (damage "103") (deaths "0")
L 09/24/2019 - 12:40:29: "INDIO de ferias<16><VALVE_ID_LAN><CT>" triggered "weaponstats2" (weapon "ak47") (head "0") (chest "1") (stomach "1") (leftarm "0") (rightarm "0") (leftleg "1") (rightleg "0")
L 09/24/2019 - 12:40:29: "INDIO de ferias<16><VALVE_ID_LAN><CT>" triggered "weaponstats" (weapon "knife") (shots "4") (hits "2") (kills "2") (headshots "1") (tks "0") (damage "130") (deaths "3")
L 09/24/2019 - 12:40:29: "INDIO de ferias<16><VALVE_ID_LAN><CT>" triggered "weaponstats2" (weapon "knife") (head "1") (chest "0") (stomach "0") (leftarm "0") (rightarm "1") (leftleg "0") (rightleg "0")
L 09/24/2019 - 12:40:29: "INDIO de ferias<16><VALVE_ID_LAN><CT>" triggered "time" (time "8:45")
L 09/24/2019 - 12:40:29: "INDIO de ferias<16><VALVE_ID_LAN><CT>" triggered "latency" (ping "11")
L 09/24/2019 - 12:40:29: "DareDevil<10><VALVE_ID_LAN><CT>" triggered "weaponstats" (weapon "grenade") (shots "8") (hits "13") (kills "1") (headshots "0") (tks "0") (damage "395") (deaths "0")
L 09/24/2019 - 12:40:29: "DareDevil<10><VALVE_ID_LAN><CT>" triggered "weaponstats2" (weapon "grenade") (head "0") (chest "0") (stomach "0") (leftarm "0") (rightarm "0") (leftleg "0") (rightleg "0")
L 09/24/2019 - 12:40:29: "DareDevil<10><VALVE_ID_LAN><CT>" triggered "weaponstats" (weapon "xm1014") (shots "20") (hits "7") (kills "4") (headshots "1") (tks "0") (damage "759") (deaths "7")
L 09/24/2019 - 12:40:29: "DareDevil<10><VALVE_ID_LAN><CT>" triggered "weaponstats2" (weapon "xm1014") (head "1") (chest "2") (stomach "0") (leftarm "1") (rightarm "1") (leftleg "1") (rightleg "1")
L 09/24/2019 - 12:40:29: "DareDevil<10><VALVE_ID_LAN><CT>" triggered "weaponstats" (weapon "mac10") (shots "42") (hits "3") (kills "2") (headshots "0") (tks "0") (damage "67") (deaths "1")
L 09/24/2019 - 12:40:29: "DareDevil<10><VALVE_ID_LAN><CT>" triggered "weaponstats2" (weapon "mac10") (head "0") (chest "0") (stomach "0") (leftarm "1") (rightarm "2") (leftleg "0") (rightleg "0")
L 09/24/2019 - 12:40:29: "DareDevil<10><VALVE_ID_LAN><CT>" triggered "weaponstats" (weapon "usp") (shots "14") (hits "5") (kills "1") (headshots "1") (tks "0") (damage "251") (deaths "2")
L 09/24/2019 - 12:40:29: "DareDevil<10><VALVE_ID_LAN><CT>" triggered "weaponstats2" (weapon "usp") (head "1") (chest "3") (stomach "0") (leftarm "0") (rightarm "1") (leftleg "0") (rightleg "0")
L 09/24/2019 - 12:40:29: "DareDevil<10><VALVE_ID_LAN><CT>" triggered "weaponstats" (weapon "awp") (shots "2") (hits "1") (kills "1") (headshots "0") (tks "0") (damage "108") (deaths "1")
L 09/24/2019 - 12:40:29: "DareDevil<10><VALVE_ID_LAN><CT>" triggered "weaponstats2" (weapon "awp") (head "0") (chest "0") (stomach "0") (leftarm "1") (rightarm "0") (leftleg "0") (rightleg "0")
L 09/24/2019 - 12:40:29: "DareDevil<10><VALVE_ID_LAN><CT>" triggered "weaponstats" (weapon "mp5navy") (shots "25") (hits "6") (kills "2") (headshots "0") (tks "0") (damage "122") (deaths "0")
L 09/24/2019 - 12:40:29: "DareDevil<10><VALVE_ID_LAN><CT>" triggered "weaponstats2" (weapon "mp5navy") (head "0") (chest "2") (stomach "0") (leftarm "1") (rightarm "0") (leftleg "0") (rightleg "3")
L 09/24/2019 - 12:40:29: "DareDevil<10><VALVE_ID_LAN><CT>" triggered "weaponstats" (weapon "m4a1") (shots "4") (hits "0") (kills "0") (headshots "0") (tks "0") (damage "0") (deaths "1")
L 09/24/2019 - 12:40:29: "DareDevil<10><VALVE_ID_LAN><CT>" triggered "weaponstats2" (weapon "m4a1") (head "0") (chest "0") (stomach "0") (leftarm "0") (rightarm "0") (leftleg "0") (rightleg "0")
L 09/24/2019 - 12:40:29: "DareDevil<10><VALVE_ID_LAN><CT>" triggered "weaponstats" (weapon "sg552") (shots "69") (hits "16") (kills "7") (headshots "5") (tks "0") (damage "989") (deaths "3")
L 09/24/2019 - 12:40:29: "DareDevil<10><VALVE_ID_LAN><CT>" triggered "weaponstats2" (weapon "sg552") (head "6") (chest "2") (stomach "2") (leftarm "4") (rightarm "0") (leftleg "2") (rightleg "0")
L 09/24/2019 - 12:40:29: "DareDevil<10><VALVE_ID_LAN><CT>" triggered "weaponstats" (weapon "ak47") (shots "11") (hits "2") (kills "1") (headshots "1") (tks "0") (damage "165") (deaths "1")
L 09/24/2019 - 12:40:29: "DareDevil<10><VALVE_ID_LAN><CT>" triggered "weaponstats2" (weapon "ak47") (head "1") (chest "0") (stomach "0") (leftarm "0") (rightarm "1") (leftleg "0") (rightleg "0")
L 09/24/2019 - 12:40:29: "DareDevil<10><VALVE_ID_LAN><CT>" triggered "time" (time "9:22")
L 09/24/2019 - 12:40:29: "DareDevil<10><VALVE_ID_LAN><CT>" triggered "latency" (ping "14")
L 09/24/2019 - 12:40:29: "@te<22><VALVE_ID_LAN><CT>" triggered "weaponstats" (weapon "grenade") (shots "1") (hits "1") (kills "1") (headshots "0") (tks "0") (damage "39") (deaths "0")
L 09/24/2019 - 12:40:29: "@te<22><VALVE_ID_LAN><CT>" triggered "weaponstats2" (weapon "grenade") (head "0") (chest "0") (stomach "0") (leftarm "0") (rightarm "0") (leftleg "0") (rightleg "0")
L 09/24/2019 - 12:40:29: "@te<22><VALVE_ID_LAN><CT>" triggered "weaponstats" (weapon "xm1014") (shots "14") (hits "4") (kills "2") (headshots "0") (tks "0") (damage "305") (deaths "2")
L 09/24/2019 - 12:40:29: "@te<22><VALVE_ID_LAN><CT>" triggered "weaponstats2" (weapon "xm1014") (head "0") (chest "0") (stomach "1") (leftarm "2") (rightarm "1") (leftleg "0") (rightleg "0")
L 09/24/2019 - 12:40:29: "@te<22><VALVE_ID_LAN><CT>" triggered "weaponstats" (weapon "mp5navy") (shots "38") (hits "9") (kills "1") (headshots "0") (tks "0") (damage "207") (deaths "2")
L 09/24/2019 - 12:40:29: "@te<22><VALVE_ID_LAN><CT>" triggered "weaponstats2" (weapon "mp5navy") (head "1") (chest "1") (stomach "2") (leftarm "1") (rightarm "0") (leftleg "3") (rightleg "1")
L 09/24/2019 - 12:40:29: "@te<22><VALVE_ID_LAN><CT>" triggered "weaponstats" (weapon "tmp") (shots "5") (hits "0") (kills "0") (headshots "0") (tks "0") (damage "0") (deaths "1")
L 09/24/2019 - 12:40:29: "@te<22><VALVE_ID_LAN><CT>" triggered "weaponstats2" (weapon "tmp") (head "0") (chest "0") (stomach "0") (leftarm "0") (rightarm "0") (leftleg "0") (rightleg "0")
L 09/24/2019 - 12:40:29: "@te<22><VALVE_ID_LAN><CT>" triggered "weaponstats" (weapon "knife") (shots "2") (hits "1") (kills "0") (headshots "0") (tks "0") (damage "65") (deaths "2")
L 09/24/2019 - 12:40:29: "@te<22><VALVE_ID_LAN><CT>" triggered "weaponstats2" (weapon "knife") (head "0") (chest "1") (stomach "0") (leftarm "0") (rightarm "0") (leftleg "0") (rightleg "0")
L 09/24/2019 - 12:40:29: "@te<22><VALVE_ID_LAN><CT>" triggered "weaponstats" (weapon "p90") (shots "22") (hits "5") (kills "1") (headshots "1") (tks "0") (damage "174") (deaths "1")
L 09/24/2019 - 12:40:29: "@te<22><VALVE_ID_LAN><CT>" triggered "weaponstats2" (weapon "p90") (head "1") (chest "2") (stomach "1") (leftarm "0") (rightarm "1") (leftleg "0") (rightleg "0")
L 09/24/2019 - 12:40:29: "@te<22><VALVE_ID_LAN><CT>" triggered "time" (time "4:51")
L 09/24/2019 - 12:40:29: "@te<22><VALVE_ID_LAN><CT>" triggered "latency" (ping "5")
L 09/24/2019 - 12:40:29: [META] ini: Begin re-reading plugins list: c:/valve/cstrike/addons/metamod/plugins.ini
L 09/24/2019 - 12:40:29: [META] ini: Read plugin config for: AMX
L 09/24/2019 - 12:40:29: [META] ini: Read plugin config for: WinHL-Booster
L 09/24/2019 - 12:40:29: [META] ERROR: ini: Skipping plugin, couldn't stat file 'addons/hlguard/dlls/hlguard_mm_nightly.dll': No such file or directory
L 09/24/2019 - 12:40:29: [META] ini: Read plugin config for: WebMod
L 09/24/2019 - 12:40:29: [META] ini: Finished reading plugins list: c:/valve/cstrike/addons/metamod/plugins.ini; Found 3 plugins
L 09/24/2019 - 12:40:29: [META] dll: Updating plugins...
L 09/24/2019 - 12:40:29: [META] ERROR: dll: Failed query plugin '<hlguard_mm_nightly.dll>'; Couldn't open file 'addons/hlguard/dlls/hlguard_mm_nightly.dll': No foi possvel encontrar o mdulo especificado.

L 09/24/2019 - 12:40:29: [META] ERROR: dll: Skipping plugin '<hlguard_mm_nightly.dll>'; couldn't query
L 09/24/2019 - 12:40:29: [META] dll: Finished updating 6 plugins; kept 3, loaded 0, unloaded 0, reloaded 0, delayed 0
L 09/24/2019 - 12:40:29: Server shutdown
L 09/24/2019 - 12:40:29: Log file closed
