L 09/26/2019 - 12:36:40: Log file started (file "logs\L0926003.log") (game "cstrike") (version "47/1.1.2.2/2603")
L 09/26/2019 - 12:36:40: "Gho$T<7><VALVE_ID_LAN><TERRORIST>" killed "INDIO de ferias<2><VALVE_ID_LAN><CT>" with "m3"
L 09/26/2019 - 12:36:41: "Calcas Peludas<6><VALVE_ID_LAN><TERRORIST>" killed "DareDevil<4><VALVE_ID_LAN><CT>" with "xm1014"
L 09/26/2019 - 12:36:50: "Kitkat<8><VALVE_ID_LAN><>" joined team "TERRORIST"
L 09/26/2019 - 12:36:52: "Jack<9><VALVE_ID_LAN><>" connected, address "10.15.2.45:27005"
L 09/26/2019 - 12:36:52: "INDIO de ferias<2><VALVE_ID_LAN><CT>" triggered "weaponstats" (weapon "knife") (shots "1") (hits "1") (kills "1") (headshots "1") (tks "0") (damage "260") (deaths "0")
L 09/26/2019 - 12:36:52: "INDIO de ferias<2><VALVE_ID_LAN><CT>" triggered "weaponstats2" (weapon "knife") (head "1") (chest "0") (stomach "0") (leftarm "0") (rightarm "0") (leftleg "0") (rightleg "0")
L 09/26/2019 - 12:36:52: "INDIO de ferias<2><VALVE_ID_LAN><CT>" triggered "time" (time "0:38")
L 09/26/2019 - 12:36:52: "INDIO de ferias<2><VALVE_ID_LAN><CT>" triggered "latency" (ping "16")
L 09/26/2019 - 12:36:52: "INDIO de ferias<2><VALVE_ID_LAN><CT>" disconnected
L 09/26/2019 - 12:36:52: "INDIO de ferias<10><VALVE_ID_LAN><>" connected, address "10.15.2.117:27005"
L 09/26/2019 - 12:36:53: "DareDevil<4><VALVE_ID_LAN><CT>" say "ytah travando" (dead)
L 09/26/2019 - 12:36:54: "Cap Billy<3><VALVE_ID_LAN><CT>" killed "Calcas Peludas<6><VALVE_ID_LAN><TERRORIST>" with "sg552"
L 09/26/2019 - 12:36:54: "Calcas Peludas<6><VALVE_ID_LAN><TERRORIST>" triggered "Dropped_The_Bomb"
L 09/26/2019 - 12:36:55: "INDIO de ferias<10><VALVE_ID_LAN><>" entered the game
L 09/26/2019 - 12:36:55: "Jack<9><VALVE_ID_LAN><>" entered the game
L 09/26/2019 - 12:36:56: "Gho$T<7><VALVE_ID_LAN><TERRORIST>" killed "Cap Billy<3><VALVE_ID_LAN><CT>" with "m3"
L 09/26/2019 - 12:36:56: Team "TERRORIST" triggered "Terrorists_Win" (CT "2") (T "1")
L 09/26/2019 - 12:36:56: World triggered "Round_End"
L 09/26/2019 - 12:36:56: "INDIO de ferias<10><VALVE_ID_LAN><>" joined team "CT"
L 09/26/2019 - 12:36:57: "Jack<9><VALVE_ID_LAN><UNASSIGNED>" triggered "time" (time "0:01")
L 09/26/2019 - 12:36:57: "Jack<9><VALVE_ID_LAN><UNASSIGNED>" triggered "latency" (ping "0")
L 09/26/2019 - 12:36:57: "Jack<9><VALVE_ID_LAN><>" disconnected
L 09/26/2019 - 12:36:57: "Jack<11><VALVE_ID_LAN><>" connected, address "10.15.2.45:27005"
L 09/26/2019 - 12:36:59: "Jack<11><VALVE_ID_LAN><>" entered the game
L 09/26/2019 - 12:36:59: "Gho$T<7><VALVE_ID_LAN><TERRORIST>" killed "INDIO de ferias<10><VALVE_ID_LAN><CT>" with "aug"
L 09/26/2019 - 12:37:01: "Calcas Peludas<6><VALVE_ID_LAN><TERRORIST>" say "ta zuado" (dead)
L 09/26/2019 - 12:37:01: "Gho$T<7><VALVE_ID_LAN><TERRORIST>" triggered "Spawned_With_The_Bomb"
L 09/26/2019 - 12:37:01: World triggered "Round_Start"
L 09/26/2019 - 12:37:02: "Jack<11><VALVE_ID_LAN><>" joined team "CT"
L 09/26/2019 - 12:37:04: "DareDevil<4><VALVE_ID_LAN><CT>" killed "Calcas Peludas<6><VALVE_ID_LAN><TERRORIST>" with "awp"
L 09/26/2019 - 12:37:07: "Gho$T<7><VALVE_ID_LAN><TERRORIST>" killed "DareDevil<4><VALVE_ID_LAN><CT>" with "xm1014"
L 09/26/2019 - 12:37:08: "Jack<11><VALVE_ID_LAN><CT>" killed "Gho$T<7><VALVE_ID_LAN><TERRORIST>" with "m249"
L 09/26/2019 - 12:37:08: "Gho$T<7><VALVE_ID_LAN><TERRORIST>" triggered "Dropped_The_Bomb"
L 09/26/2019 - 12:37:09: "INDIO de ferias<10><VALVE_ID_LAN><CT>" killed "Kitkat<8><VALVE_ID_LAN><TERRORIST>" with "ak47"
L 09/26/2019 - 12:37:12: "Cap Billy<3><VALVE_ID_LAN><CT>" killed "CEIFADOR<1><VALVE_ID_LOOPBACK><TERRORIST>" with "xm1014"
L 09/26/2019 - 12:37:14: "Jack<11><VALVE_ID_LAN><CT>" killed "Smolder<5><VALVE_ID_LAN><TERRORIST>" with "m249"
L 09/26/2019 - 12:37:14: Team "CT" triggered "CTs_Win" (CT "3") (T "1")
L 09/26/2019 - 12:37:14: World triggered "Round_End"
L 09/26/2019 - 12:37:19: "Kitkat<8><VALVE_ID_LAN><TERRORIST>" triggered "Spawned_With_The_Bomb"
L 09/26/2019 - 12:37:19: World triggered "Round_Start"
L 09/26/2019 - 12:37:20: "XXBOT Crusher<12><BOT><>" joined team "CT"
L 09/26/2019 - 12:37:20: Server cvar "bot_quota" = "1"
L 09/26/2019 - 12:37:20: "XXBOT Crusher<12><BOT><>" entered the game
L 09/26/2019 - 12:37:23: "Kitkat<8><VALVE_ID_LAN><TERRORIST>" killed "Cap Billy<3><VALVE_ID_LAN><CT>" with "glock18"
L 09/26/2019 - 12:37:26: "XXBOT Crusher<12><BOT><CT>" killed "Smolder<5><VALVE_ID_LAN><TERRORIST>" with "usp"
L 09/26/2019 - 12:37:27: "CEIFADOR<1><VALVE_ID_LOOPBACK><TERRORIST>" killed "INDIO de ferias<10><VALVE_ID_LAN><CT>" with "tmp"
L 09/26/2019 - 12:37:27: "XXBOT Crusher<12><BOT><CT>" killed "Calcas Peludas<6><VALVE_ID_LAN><TERRORIST>" with "usp"
L 09/26/2019 - 12:37:31: "Kitkat<8><VALVE_ID_LAN><TERRORIST>" killed "Jack<11><VALVE_ID_LAN><CT>" with "mac10"
L 09/26/2019 - 12:37:32: "Kitkat<8><VALVE_ID_LAN><TERRORIST>" killed "DareDevil<4><VALVE_ID_LAN><CT>" with "mac10"
L 09/26/2019 - 12:37:32: "XXBOT Crusher<12><BOT><CT>" killed "Kitkat<8><VALVE_ID_LAN><TERRORIST>" with "usp"
L 09/26/2019 - 12:37:32: "Kitkat<8><VALVE_ID_LAN><TERRORIST>" triggered "Dropped_The_Bomb"
L 09/26/2019 - 12:37:33: "XXBOT Crusher<12><BOT><CT>" killed "CEIFADOR<1><VALVE_ID_LOOPBACK><TERRORIST>" with "usp"
L 09/26/2019 - 12:37:45: "INDIO de ferias<10><VALVE_ID_LAN><CT>" say "penhaaaaaaaaaaaa" (dead)
L 09/26/2019 - 12:37:46: "Calcas Peludas<6><VALVE_ID_LAN><TERRORIST>" say "ahahhahahahaha" (dead)
L 09/26/2019 - 12:37:46: "Gho$T<7><VALVE_ID_LAN><TERRORIST>" killed "XXBOT Crusher<12><BOT><CT>" with "sg552"
L 09/26/2019 - 12:37:46: Team "TERRORIST" triggered "Terrorists_Win" (CT "3") (T "2")
L 09/26/2019 - 12:37:46: World triggered "Round_End"
L 09/26/2019 - 12:37:51: "CEIFADOR<1><VALVE_ID_LOOPBACK><TERRORIST>" triggered "Spawned_With_The_Bomb"
L 09/26/2019 - 12:37:51: World triggered "Round_Start"
L 09/26/2019 - 12:37:52: "Jack<11><VALVE_ID_LAN><CT>" say "bot abestalhado"
L 09/26/2019 - 12:37:52: "CEIFADOR<1><VALVE_ID_LOOPBACK><TERRORIST>" say "quando fizer 3 minutos vou mudar de mapa"
L 09/26/2019 - 12:37:56: "Smolder<5><VALVE_ID_LAN><TERRORIST>" killed "XXBOT Crusher<12><BOT><CT>" with "xm1014"
L 09/26/2019 - 12:37:59: "INDIO de ferias<10><VALVE_ID_LAN><CT>" killed "Calcas Peludas<6><VALVE_ID_LAN><TERRORIST>" with "ak47"
L 09/26/2019 - 12:37:59: "CEIFADOR<1><VALVE_ID_LOOPBACK><TERRORIST>" killed "INDIO de ferias<10><VALVE_ID_LAN><CT>" with "tmp"
L 09/26/2019 - 12:37:59: "Cap Billy<3><VALVE_ID_LAN><CT>" killed "Kitkat<8><VALVE_ID_LAN><TERRORIST>" with "mp5navy"
L 09/26/2019 - 12:38:00: "CEIFADOR<1><VALVE_ID_LOOPBACK><TERRORIST>" killed "DareDevil<4><VALVE_ID_LAN><CT>" with "tmp"
L 09/26/2019 - 12:38:01: "Smolder<5><VALVE_ID_LAN><TERRORIST>" killed "Jack<11><VALVE_ID_LAN><CT>" with "knife"
L 09/26/2019 - 12:38:04: "Smolder<5><VALVE_ID_LAN><TERRORIST>" killed "Cap Billy<3><VALVE_ID_LAN><CT>" with "xm1014"
L 09/26/2019 - 12:38:04: Team "TERRORIST" triggered "Terrorists_Win" (CT "3") (T "3")
L 09/26/2019 - 12:38:04: World triggered "Round_End"
L 09/26/2019 - 12:38:06: "Calcas Peludas<6><VALVE_ID_LAN><TERRORIST>" say "pega" (dead)
L 09/26/2019 - 12:38:09: "Smolder<5><VALVE_ID_LAN><TERRORIST>" triggered "Spawned_With_The_Bomb"
L 09/26/2019 - 12:38:09: World triggered "Round_Start"
L 09/26/2019 - 12:38:11: "INDIO de ferias<10><VALVE_ID_LAN><CT>" killed "Kitkat<8><VALVE_ID_LAN><TERRORIST>" with "m3"
L 09/26/2019 - 12:38:12: "Gho$T<7><VALVE_ID_LAN><TERRORIST>" killed "INDIO de ferias<10><VALVE_ID_LAN><CT>" with "sg552"
L 09/26/2019 - 12:38:14: "Gho$T<7><VALVE_ID_LAN><TERRORIST>" killed "DareDevil<4><VALVE_ID_LAN><CT>" with "sg552"
L 09/26/2019 - 12:38:15: "Cap Billy<3><VALVE_ID_LAN><CT>" killed "Calcas Peludas<6><VALVE_ID_LAN><TERRORIST>" with "ak47"
L 09/26/2019 - 12:38:20: "Smolder<5><VALVE_ID_LAN><TERRORIST>" killed "Jack<11><VALVE_ID_LAN><CT>" with "xm1014"
L 09/26/2019 - 12:38:21: "Smolder<5><VALVE_ID_LAN><TERRORIST>" killed "Cap Billy<3><VALVE_ID_LAN><CT>" with "xm1014"
L 09/26/2019 - 12:38:21: "Gho$T<7><VALVE_ID_LAN><TERRORIST>" killed "XXBOT Crusher<12><BOT><CT>" with "xm1014"
L 09/26/2019 - 12:38:21: Team "TERRORIST" triggered "Terrorists_Win" (CT "3") (T "4")
L 09/26/2019 - 12:38:21: World triggered "Round_End"
L 09/26/2019 - 12:38:22: "DareDevil<4><VALVE_ID_LAN><CT>" say "ligou o log???" (dead)
L 09/26/2019 - 12:38:26: "Calcas Peludas<6><VALVE_ID_LAN><TERRORIST>" triggered "Spawned_With_The_Bomb"
L 09/26/2019 - 12:38:26: World triggered "Round_Start"
L 09/26/2019 - 12:38:28: "Cap Billy<3><VALVE_ID_LAN><CT>" killed "CEIFADOR<1><VALVE_ID_LOOPBACK><TERRORIST>" with "usp"
L 09/26/2019 - 12:38:31: "Smolder<5><VALVE_ID_LAN><TERRORIST>" killed "XXBOT Crusher<12><BOT><CT>" with "xm1014"
L 09/26/2019 - 12:38:32: "Gho$T<7><VALVE_ID_LAN><TERRORIST>" killed "INDIO de ferias<10><VALVE_ID_LAN><CT>" with "xm1014"
L 09/26/2019 - 12:38:32: "Smolder<5><VALVE_ID_LAN><TERRORIST>" killed "Jack<11><VALVE_ID_LAN><CT>" with "xm1014"
L 09/26/2019 - 12:38:33: "DareDevil<4><VALVE_ID_LAN><CT>" killed "Smolder<5><VALVE_ID_LAN><TERRORIST>" with "mac10"
L 09/26/2019 - 12:38:34: "Gho$T<7><VALVE_ID_LAN><TERRORIST>" killed "DareDevil<4><VALVE_ID_LAN><CT>" with "knife"
L 09/26/2019 - 12:38:37: "Smolder<5><VALVE_ID_LAN><TERRORIST>" say "tomem" (dead)
L 09/26/2019 - 12:38:40: "Calcas Peludas<6><VALVE_ID_LAN><TERRORIST>" killed "Cap Billy<3><VALVE_ID_LAN><CT>" with "ak47"
L 09/26/2019 - 12:38:40: Team "TERRORIST" triggered "Terrorists_Win" (CT "3") (T "5")
L 09/26/2019 - 12:38:40: World triggered "Round_End"
L 09/26/2019 - 12:38:40: "DareDevil<4><VALVE_ID_LAN><CT>" say "de longe.. para mim ele estava longe" (dead)
L 09/26/2019 - 12:38:44: "INDIO de ferias<10><VALVE_ID_LAN><CT>" say "u" (dead)
L 09/26/2019 - 12:38:45: "Gho$T<7><VALVE_ID_LAN><TERRORIST>" triggered "Spawned_With_The_Bomb"
L 09/26/2019 - 12:38:45: World triggered "Round_Start"
L 09/26/2019 - 12:38:48: "CEIFADOR<1><VALVE_ID_LOOPBACK><TERRORIST>" killed "Smolder<5><VALVE_ID_LAN><TERRORIST>" with "m249"
L 09/26/2019 - 12:38:49: "CEIFADOR<1><VALVE_ID_LOOPBACK><TERRORIST>" killed "INDIO de ferias<10><VALVE_ID_LAN><CT>" with "m249"
L 09/26/2019 - 12:38:50: "Gho$T<7><VALVE_ID_LAN><TERRORIST>" killed "Cap Billy<3><VALVE_ID_LAN><CT>" with "xm1014"
L 09/26/2019 - 12:38:54: "Kitkat<8><VALVE_ID_LAN><TERRORIST>" killed "DareDevil<4><VALVE_ID_LAN><CT>" with "xm1014"
L 09/26/2019 - 12:38:59: "CEIFADOR<1><VALVE_ID_LOOPBACK><TERRORIST>" killed "Jack<11><VALVE_ID_LAN><CT>" with "m249"
L 09/26/2019 - 12:39:00: "XXBOT Crusher<12><BOT><CT>" killed "Gho$T<7><VALVE_ID_LAN><TERRORIST>" with "usp"
L 09/26/2019 - 12:39:00: "Gho$T<7><VALVE_ID_LAN><TERRORIST>" triggered "Dropped_The_Bomb"
L 09/26/2019 - 12:39:00: "Calcas Peludas<6><VALVE_ID_LAN><TERRORIST>" killed "XXBOT Crusher<12><BOT><CT>" with "sg552"
L 09/26/2019 - 12:39:00: Team "TERRORIST" triggered "Terrorists_Win" (CT "3") (T "6")
L 09/26/2019 - 12:39:00: World triggered "Round_End"
L 09/26/2019 - 12:39:04: "Cap Billy<3><VALVE_ID_LAN><CT>" say_team "a gente ta levando umas facas muito facilmente" (dead)
L 09/26/2019 - 12:39:05: "Kitkat<8><VALVE_ID_LAN><TERRORIST>" triggered "Spawned_With_The_Bomb"
L 09/26/2019 - 12:39:05: "CEIFADOR<1><VALVE_ID_LOOPBACK><TERRORIST>" committed suicide with "world"
L 09/26/2019 - 12:39:05: World triggered "Round_Start"
L 09/26/2019 - 12:39:09: "Gho$T<7><VALVE_ID_LAN><TERRORIST>" killed "Cap Billy<3><VALVE_ID_LAN><CT>" with "mp5navy"
L 09/26/2019 - 12:39:11: "Jack<11><VALVE_ID_LAN><CT>" killed "Kitkat<8><VALVE_ID_LAN><TERRORIST>" with "usp"
L 09/26/2019 - 12:39:11: "Kitkat<8><VALVE_ID_LAN><TERRORIST>" triggered "Dropped_The_Bomb"
L 09/26/2019 - 12:39:11: "Calcas Peludas<6><VALVE_ID_LAN><TERRORIST>" killed "INDIO de ferias<10><VALVE_ID_LAN><CT>" with "sg552"
L 09/26/2019 - 12:39:12: "Smolder<5><VALVE_ID_LAN><TERRORIST>" killed "Jack<11><VALVE_ID_LAN><CT>" with "m4a1"
L 09/26/2019 - 12:39:13: "XXBOT Crusher<12><BOT><CT>" killed "Gho$T<7><VALVE_ID_LAN><TERRORIST>" with "usp"
L 09/26/2019 - 12:39:20: "Calcas Peludas<6><VALVE_ID_LAN><TERRORIST>" killed "DareDevil<4><VALVE_ID_LAN><CT>" with "sg552"
L 09/26/2019 - 12:39:24: "Smolder<5><VALVE_ID_LAN><TERRORIST>" killed "XXBOT Crusher<12><BOT><CT>" with "m4a1"
L 09/26/2019 - 12:39:24: Team "TERRORIST" triggered "Terrorists_Win" (CT "3") (T "7")
L 09/26/2019 - 12:39:24: World triggered "Round_End"
L 09/26/2019 - 12:39:27: "CEIFADOR<1><VALVE_ID_LOOPBACK><TERRORIST>" triggered "weaponstats" (weapon "grenade") (shots "3") (hits "6") (kills "0") (headshots "0") (tks "0") (damage "294") (deaths "1")
L 09/26/2019 - 12:39:27: "CEIFADOR<1><VALVE_ID_LOOPBACK><TERRORIST>" triggered "weaponstats2" (weapon "grenade") (head "0") (chest "0") (stomach "0") (leftarm "0") (rightarm "0") (leftleg "0") (rightleg "0")
L 09/26/2019 - 12:39:27: "CEIFADOR<1><VALVE_ID_LOOPBACK><TERRORIST>" triggered "weaponstats" (weapon "mac10") (shots "2") (hits "0") (kills "0") (headshots "0") (tks "0") (damage "0") (deaths "1")
L 09/26/2019 - 12:39:27: "CEIFADOR<1><VALVE_ID_LOOPBACK><TERRORIST>" triggered "weaponstats2" (weapon "mac10") (head "0") (chest "0") (stomach "0") (leftarm "0") (rightarm "0") (leftleg "0") (rightleg "0")
L 09/26/2019 - 12:39:27: "CEIFADOR<1><VALVE_ID_LOOPBACK><TERRORIST>" triggered "weaponstats" (weapon "glock18") (shots "4") (hits "1") (kills "0") (headshots "0") (tks "0") (damage "9") (deaths "0")
L 09/26/2019 - 12:39:27: "CEIFADOR<1><VALVE_ID_LOOPBACK><TERRORIST>" triggered "weaponstats2" (weapon "glock18") (head "0") (chest "1") (stomach "0") (leftarm "0") (rightarm "0") (leftleg "0") (rightleg "0")
L 09/26/2019 - 12:39:27: "CEIFADOR<1><VALVE_ID_LOOPBACK><TERRORIST>" triggered "weaponstats" (weapon "m249") (shots "100") (hits "7") (kills "3") (headshots "1") (tks "1") (damage "283") (deaths "1")
L 09/26/2019 - 12:39:27: "CEIFADOR<1><VALVE_ID_LOOPBACK><TERRORIST>" triggered "weaponstats2" (weapon "m249") (head "4") (chest "2") (stomach "0") (leftarm "1") (rightarm "0") (leftleg "0") (rightleg "0")
L 09/26/2019 - 12:39:27: "CEIFADOR<1><VALVE_ID_LOOPBACK><TERRORIST>" triggered "weaponstats" (weapon "m4a1") (shots "13") (hits "4") (kills "0") (headshots "0") (tks "0") (damage "88") (deaths "1")
L 09/26/2019 - 12:39:27: "CEIFADOR<1><VALVE_ID_LOOPBACK><TERRORIST>" triggered "weaponstats2" (weapon "m4a1") (head "0") (chest "0") (stomach "1") (leftarm "1") (rightarm "1") (leftleg "0") (rightleg "1")
L 09/26/2019 - 12:39:27: "CEIFADOR<1><VALVE_ID_LOOPBACK><TERRORIST>" triggered "weaponstats" (weapon "tmp") (shots "76") (hits "11") (kills "3") (headshots "1") (tks "0") (damage "316") (deaths "1")
L 09/26/2019 - 12:39:27: "CEIFADOR<1><VALVE_ID_LOOPBACK><TERRORIST>" triggered "weaponstats2" (weapon "tmp") (head "3") (chest "1") (stomach "1") (leftarm "2") (rightarm "1") (leftleg "2") (rightleg "1")
L 09/26/2019 - 12:39:27: "CEIFADOR<1><VALVE_ID_LOOPBACK><TERRORIST>" triggered "time" (time "3:18")
L 09/26/2019 - 12:39:27: "CEIFADOR<1><VALVE_ID_LOOPBACK><TERRORIST>" triggered "latency" (ping "0")
L 09/26/2019 - 12:39:27: "INDIO de ferias<10><VALVE_ID_LAN><CT>" triggered "weaponstats" (weapon "aug") (shots "15") (hits "4") (kills "0") (headshots "0") (tks "0") (damage "99") (deaths "2")
L 09/26/2019 - 12:39:27: "INDIO de ferias<10><VALVE_ID_LAN><CT>" triggered "weaponstats2" (weapon "aug") (head "0") (chest "0") (stomach "0") (leftarm "1") (rightarm "0") (leftleg "1") (rightleg "2")
L 09/26/2019 - 12:39:27: "INDIO de ferias<10><VALVE_ID_LAN><CT>" triggered "weaponstats" (weapon "usp") (shots "1") (hits "0") (kills "0") (headshots "0") (tks "0") (damage "0") (deaths "0")
L 09/26/2019 - 12:39:27: "INDIO de ferias<10><VALVE_ID_LAN><CT>" triggered "weaponstats2" (weapon "usp") (head "0") (chest "0") (stomach "0") (leftarm "0") (rightarm "0") (leftleg "0") (rightleg "0")
L 09/26/2019 - 12:39:27: "INDIO de ferias<10><VALVE_ID_LAN><CT>" triggered "weaponstats" (weapon "m3") (shots "3") (hits "1") (kills "1") (headshots "1") (tks "0") (damage "112") (deaths "2")
L 09/26/2019 - 12:39:27: "INDIO de ferias<10><VALVE_ID_LAN><CT>" triggered "weaponstats2" (weapon "m3") (head "1") (chest "0") (stomach "0") (leftarm "0") (rightarm "0") (leftleg "0") (rightleg "0")
L 09/26/2019 - 12:39:27: "INDIO de ferias<10><VALVE_ID_LAN><CT>" triggered "weaponstats" (weapon "m4a1") (shots "10") (hits "2") (kills "0") (headshots "0") (tks "0") (damage "62") (deaths "1")
L 09/26/2019 - 12:39:27: "INDIO de ferias<10><VALVE_ID_LAN><CT>" triggered "weaponstats2" (weapon "m4a1") (head "0") (chest "1") (stomach "0") (leftarm "1") (rightarm "0") (leftleg "0") (rightleg "0")
L 09/26/2019 - 12:39:27: "INDIO de ferias<10><VALVE_ID_LAN><CT>" triggered "weaponstats" (weapon "ak47") (shots "29") (hits "7") (kills "2") (headshots "1") (tks "0") (damage "332") (deaths "1")
L 09/26/2019 - 12:39:27: "INDIO de ferias<10><VALVE_ID_LAN><CT>" triggered "weaponstats2" (weapon "ak47") (head "1") (chest "0") (stomach "0") (leftarm "3") (rightarm "0") (leftleg "2") (rightleg "1")
L 09/26/2019 - 12:39:27: "INDIO de ferias<10><VALVE_ID_LAN><CT>" triggered "weaponstats" (weapon "knife") (shots "1") (hits "1") (kills "0") (headshots "0") (tks "0") (damage "65") (deaths "1")
L 09/26/2019 - 12:39:27: "INDIO de ferias<10><VALVE_ID_LAN><CT>" triggered "weaponstats2" (weapon "knife") (head "0") (chest "1") (stomach "0") (leftarm "0") (rightarm "0") (leftleg "0") (rightleg "0")
L 09/26/2019 - 12:39:27: "INDIO de ferias<10><VALVE_ID_LAN><CT>" triggered "time" (time "2:32")
L 09/26/2019 - 12:39:27: "INDIO de ferias<10><VALVE_ID_LAN><CT>" triggered "latency" (ping "20")
L 09/26/2019 - 12:39:27: "Cap Billy<3><VALVE_ID_LAN><CT>" triggered "weaponstats" (weapon "grenade") (shots "2") (hits "1") (kills "0") (headshots "0") (tks "0") (damage "71") (deaths "0")
L 09/26/2019 - 12:39:27: "Cap Billy<3><VALVE_ID_LAN><CT>" triggered "weaponstats2" (weapon "grenade") (head "0") (chest "0") (stomach "0") (leftarm "0") (rightarm "0") (leftleg "0") (rightleg "0")
L 09/26/2019 - 12:39:27: "Cap Billy<3><VALVE_ID_LAN><CT>" triggered "weaponstats" (weapon "xm1014") (shots "15") (hits "8") (kills "1") (headshots "1") (tks "0") (damage "227") (deaths "2")
L 09/26/2019 - 12:39:27: "Cap Billy<3><VALVE_ID_LAN><CT>" triggered "weaponstats2" (weapon "xm1014") (head "1") (chest "0") (stomach "1") (leftarm "1") (rightarm "2") (leftleg "1") (rightleg "2")
L 09/26/2019 - 12:39:27: "Cap Billy<3><VALVE_ID_LAN><CT>" triggered "weaponstats" (weapon "mac10") (shots "11") (hits "3") (kills "0") (headshots "0") (tks "0") (damage "73") (deaths "1")
L 09/26/2019 - 12:39:27: "Cap Billy<3><VALVE_ID_LAN><CT>" triggered "weaponstats2" (weapon "mac10") (head "0") (chest "1") (stomach "1") (leftarm "1") (rightarm "0") (leftleg "0") (rightleg "0")
L 09/26/2019 - 12:39:27: "Cap Billy<3><VALVE_ID_LAN><CT>" triggered "weaponstats" (weapon "usp") (shots "13") (hits "5") (kills "1") (headshots "0") (tks "0") (damage "101") (deaths "0")
L 09/26/2019 - 12:39:27: "Cap Billy<3><VALVE_ID_LAN><CT>" triggered "weaponstats2" (weapon "usp") (head "0") (chest "3") (stomach "0") (leftarm "1") (rightarm "0") (leftleg "0") (rightleg "1")
L 09/26/2019 - 12:39:27: "Cap Billy<3><VALVE_ID_LAN><CT>" triggered "weaponstats" (weapon "mp5navy") (shots "18") (hits "6") (kills "1") (headshots "0") (tks "0") (damage "129") (deaths "1")
L 09/26/2019 - 12:39:27: "Cap Billy<3><VALVE_ID_LAN><CT>" triggered "weaponstats2" (weapon "mp5navy") (head "0") (chest "0") (stomach "0") (leftarm "6") (rightarm "0") (leftleg "0") (rightleg "0")
L 09/26/2019 - 12:39:27: "Cap Billy<3><VALVE_ID_LAN><CT>" triggered "weaponstats" (weapon "sg552") (shots "56") (hits "15") (kills "5") (headshots "3") (tks "0") (damage "753") (deaths "1")
L 09/26/2019 - 12:39:27: "Cap Billy<3><VALVE_ID_LAN><CT>" triggered "weaponstats2" (weapon "sg552") (head "3") (chest "3") (stomach "1") (leftarm "4") (rightarm "4") (leftleg "0") (rightleg "0")
L 09/26/2019 - 12:39:27: "Cap Billy<3><VALVE_ID_LAN><CT>" triggered "weaponstats" (weapon "ak47") (shots "36") (hits "2") (kills "1") (headshots "1") (tks "0") (damage "175") (deaths "2")
L 09/26/2019 - 12:39:27: "Cap Billy<3><VALVE_ID_LAN><CT>" triggered "weaponstats2" (weapon "ak47") (head "1") (chest "0") (stomach "0") (leftarm "0") (rightarm "1") (leftleg "0") (rightleg "0")
L 09/26/2019 - 12:39:27: "Cap Billy<3><VALVE_ID_LAN><CT>" triggered "weaponstats" (weapon "knife") (shots "1") (hits "1") (kills "0") (headshots "0") (tks "0") (damage "65") (deaths "0")
L 09/26/2019 - 12:39:27: "Cap Billy<3><VALVE_ID_LAN><CT>" triggered "weaponstats2" (weapon "knife") (head "0") (chest "0") (stomach "0") (leftarm "1") (rightarm "0") (leftleg "0") (rightleg "0")
L 09/26/2019 - 12:39:27: "Cap Billy<3><VALVE_ID_LAN><CT>" triggered "time" (time "3:13")
L 09/26/2019 - 12:39:27: "Cap Billy<3><VALVE_ID_LAN><CT>" triggered "latency" (ping "13")
L 09/26/2019 - 12:39:27: "DareDevil<4><VALVE_ID_LAN><CT>" triggered "weaponstats" (weapon "scout") (shots "1") (hits "0") (kills "0") (headshots "0") (tks "0") (damage "0") (deaths "0")
L 09/26/2019 - 12:39:27: "DareDevil<4><VALVE_ID_LAN><CT>" triggered "weaponstats2" (weapon "scout") (head "0") (chest "0") (stomach "0") (leftarm "0") (rightarm "0") (leftleg "0") (rightleg "0")
L 09/26/2019 - 12:39:27: "DareDevil<4><VALVE_ID_LAN><CT>" triggered "weaponstats" (weapon "grenade") (shots "1") (hits "1") (kills "0") (headshots "0") (tks "0") (damage "23") (deaths "0")
L 09/26/2019 - 12:39:27: "DareDevil<4><VALVE_ID_LAN><CT>" triggered "weaponstats2" (weapon "grenade") (head "0") (chest "0") (stomach "0") (leftarm "0") (rightarm "0") (leftleg "0") (rightleg "0")
L 09/26/2019 - 12:39:27: "DareDevil<4><VALVE_ID_LAN><CT>" triggered "weaponstats" (weapon "xm1014") (shots "11") (hits "3") (kills "0") (headshots "0") (tks "0") (damage "93") (deaths "4")
L 09/26/2019 - 12:39:27: "DareDevil<4><VALVE_ID_LAN><CT>" triggered "weaponstats2" (weapon "xm1014") (head "0") (chest "1") (stomach "1") (leftarm "1") (rightarm "0") (leftleg "0") (rightleg "0")
L 09/26/2019 - 12:39:27: "DareDevil<4><VALVE_ID_LAN><CT>" triggered "weaponstats" (weapon "mac10") (shots "26") (hits "5") (kills "1") (headshots "1") (tks "0") (damage "207") (deaths "2")
L 09/26/2019 - 12:39:27: "DareDevil<4><VALVE_ID_LAN><CT>" triggered "weaponstats2" (weapon "mac10") (head "1") (chest "1") (stomach "0") (leftarm "2") (rightarm "1") (leftleg "0") (rightleg "0")
L 09/26/2019 - 12:39:27: "DareDevil<4><VALVE_ID_LAN><CT>" triggered "weaponstats" (weapon "usp") (shots "2") (hits "0") (kills "0") (headshots "0") (tks "0") (damage "0") (deaths "0")
L 09/26/2019 - 12:39:27: "DareDevil<4><VALVE_ID_LAN><CT>" triggered "weaponstats2" (weapon "usp") (head "0") (chest "0") (stomach "0") (leftarm "0") (rightarm "0") (leftleg "0") (rightleg "0")
L 09/26/2019 - 12:39:27: "DareDevil<4><VALVE_ID_LAN><CT>" triggered "weaponstats" (weapon "awp") (shots "1") (hits "1") (kills "1") (headshots "0") (tks "0") (damage "114") (deaths "1")
L 09/26/2019 - 12:39:27: "DareDevil<4><VALVE_ID_LAN><CT>" triggered "weaponstats2" (weapon "awp") (head "0") (chest "0") (stomach "0") (leftarm "1") (rightarm "0") (leftleg "0") (rightleg "0")
L 09/26/2019 - 12:39:27: "DareDevil<4><VALVE_ID_LAN><CT>" triggered "weaponstats" (weapon "sg552") (shots "11") (hits "2") (kills "0") (headshots "0") (tks "0") (damage "36") (deaths "0")
L 09/26/2019 - 12:39:27: "DareDevil<4><VALVE_ID_LAN><CT>" triggered "weaponstats2" (weapon "sg552") (head "0") (chest "0") (stomach "0") (leftarm "1") (rightarm "0") (leftleg "0") (rightleg "1")
L 09/26/2019 - 12:39:27: "DareDevil<4><VALVE_ID_LAN><CT>" triggered "weaponstats" (weapon "ak47") (shots "7") (hits "1") (kills "0") (headshots "0") (tks "0") (damage "36") (deaths "1")
L 09/26/2019 - 12:39:27: "DareDevil<4><VALVE_ID_LAN><CT>" triggered "weaponstats2" (weapon "ak47") (head "0") (chest "0") (stomach "0") (leftarm "0") (rightarm "1") (leftleg "0") (rightleg "0")
L 09/26/2019 - 12:39:27: "DareDevil<4><VALVE_ID_LAN><CT>" triggered "time" (time "2:58")
L 09/26/2019 - 12:39:27: "DareDevil<4><VALVE_ID_LAN><CT>" triggered "latency" (ping "14")
L 09/26/2019 - 12:39:27: "Smolder<5><VALVE_ID_LAN><TERRORIST>" triggered "weaponstats" (weapon "grenade") (shots "1") (hits "2") (kills "0") (headshots "0") (tks "0") (damage "62") (deaths "0")
L 09/26/2019 - 12:39:27: "Smolder<5><VALVE_ID_LAN><TERRORIST>" triggered "weaponstats2" (weapon "grenade") (head "0") (chest "0") (stomach "0") (leftarm "0") (rightarm "0") (leftleg "0") (rightleg "0")
L 09/26/2019 - 12:39:27: "Smolder<5><VALVE_ID_LAN><TERRORIST>" triggered "weaponstats" (weapon "xm1014") (shots "21") (hits "8") (kills "6") (headshots "1") (tks "0") (damage "1006") (deaths "1")
L 09/26/2019 - 12:39:27: "Smolder<5><VALVE_ID_LAN><TERRORIST>" triggered "weaponstats2" (weapon "xm1014") (head "1") (chest "2") (stomach "1") (leftarm "2") (rightarm "2") (leftleg "0") (rightleg "0")
L 09/26/2019 - 12:39:27: "Smolder<5><VALVE_ID_LAN><TERRORIST>" triggered "weaponstats" (weapon "mp5navy") (shots "36") (hits "1") (kills "0") (headshots "0") (tks "0") (damage "16") (deaths "1")
L 09/26/2019 - 12:39:27: "Smolder<5><VALVE_ID_LAN><TERRORIST>" triggered "weaponstats2" (weapon "mp5navy") (head "0") (chest "0") (stomach "0") (leftarm "0") (rightarm "0") (leftleg "1") (rightleg "0")
L 09/26/2019 - 12:39:27: "Smolder<5><VALVE_ID_LAN><TERRORIST>" triggered "weaponstats" (weapon "m4a1") (shots "18") (hits "4") (kills "2") (headshots "2") (tks "0") (damage "290") (deaths "0")
L 09/26/2019 - 12:39:27: "Smolder<5><VALVE_ID_LAN><TERRORIST>" triggered "weaponstats2" (weapon "m4a1") (head "2") (chest "0") (stomach "1") (leftarm "1") (rightarm "0") (leftleg "0") (rightleg "0")
L 09/26/2019 - 12:39:27: "Smolder<5><VALVE_ID_LAN><TERRORIST>" triggered "weaponstats" (weapon "ak47") (shots "11") (hits "1") (kills "0") (headshots "0") (tks "0") (damage "33") (deaths "2")
L 09/26/2019 - 12:39:27: "Smolder<5><VALVE_ID_LAN><TERRORIST>" triggered "weaponstats2" (weapon "ak47") (head "0") (chest "0") (stomach "0") (leftarm "0") (rightarm "1") (leftleg "0") (rightleg "0")
L 09/26/2019 - 12:39:27: "Smolder<5><VALVE_ID_LAN><TERRORIST>" triggered "weaponstats" (weapon "knife") (shots "1") (hits "1") (kills "1") (headshots "1") (tks "0") (damage "260") (deaths "1")
L 09/26/2019 - 12:39:27: "Smolder<5><VALVE_ID_LAN><TERRORIST>" triggered "weaponstats2" (weapon "knife") (head "1") (chest "0") (stomach "0") (leftarm "0") (rightarm "0") (leftleg "0") (rightleg "0")
L 09/26/2019 - 12:39:27: "Smolder<5><VALVE_ID_LAN><TERRORIST>" triggered "time" (time "2:57")
L 09/26/2019 - 12:39:27: "Smolder<5><VALVE_ID_LAN><TERRORIST>" triggered "latency" (ping "14")
L 09/26/2019 - 12:39:27: "Calcas Peludas<6><VALVE_ID_LAN><TERRORIST>" triggered "weaponstats" (weapon "grenade") (shots "2") (hits "4") (kills "0") (headshots "0") (tks "0") (damage "173") (deaths "0")
L 09/26/2019 - 12:39:27: "Calcas Peludas<6><VALVE_ID_LAN><TERRORIST>" triggered "weaponstats2" (weapon "grenade") (head "0") (chest "0") (stomach "0") (leftarm "0") (rightarm "0") (leftleg "0") (rightleg "0")
L 09/26/2019 - 12:39:27: "Calcas Peludas<6><VALVE_ID_LAN><TERRORIST>" triggered "weaponstats" (weapon "xm1014") (shots "7") (hits "2") (kills "1") (headshots "0") (tks "0") (damage "198") (deaths "1")
L 09/26/2019 - 12:39:27: "Calcas Peludas<6><VALVE_ID_LAN><TERRORIST>" triggered "weaponstats2" (weapon "xm1014") (head "0") (chest "1") (stomach "1") (leftarm "0") (rightarm "0") (leftleg "0") (rightleg "0")
L 09/26/2019 - 12:39:27: "Calcas Peludas<6><VALVE_ID_LAN><TERRORIST>" triggered "weaponstats" (weapon "mac10") (shots "5") (hits "0") (kills "0") (headshots "0") (tks "0") (damage "0") (deaths "0")
L 09/26/2019 - 12:39:27: "Calcas Peludas<6><VALVE_ID_LAN><TERRORIST>" triggered "weaponstats2" (weapon "mac10") (head "0") (chest "0") (stomach "0") (leftarm "0") (rightarm "0") (leftleg "0") (rightleg "0")
L 09/26/2019 - 12:39:27: "Calcas Peludas<6><VALVE_ID_LAN><TERRORIST>" triggered "weaponstats" (weapon "aug") (shots "4") (hits "1") (kills "0") (headshots "0") (tks "0") (damage "22") (deaths "2")
L 09/26/2019 - 12:39:27: "Calcas Peludas<6><VALVE_ID_LAN><TERRORIST>" triggered "weaponstats2" (weapon "aug") (head "0") (chest "0") (stomach "0") (leftarm "0") (rightarm "0") (leftleg "1") (rightleg "0")
L 09/26/2019 - 12:39:27: "Calcas Peludas<6><VALVE_ID_LAN><TERRORIST>" triggered "weaponstats" (weapon "glock18") (shots "6") (hits "0") (kills "0") (headshots "0") (tks "0") (damage "0") (deaths "0")
L 09/26/2019 - 12:39:27: "Calcas Peludas<6><VALVE_ID_LAN><TERRORIST>" triggered "weaponstats2" (weapon "glock18") (head "0") (chest "0") (stomach "0") (leftarm "0") (rightarm "0") (leftleg "0") (rightleg "0")
L 09/26/2019 - 12:39:27: "Calcas Peludas<6><VALVE_ID_LAN><TERRORIST>" triggered "weaponstats" (weapon "mp5navy") (shots "2") (hits "2") (kills "0") (headshots "0") (tks "0") (damage "49") (deaths "1")
L 09/26/2019 - 12:39:27: "Calcas Peludas<6><VALVE_ID_LAN><TERRORIST>" triggered "weaponstats2" (weapon "mp5navy") (head "0") (chest "1") (stomach "0") (leftarm "1") (rightarm "0") (leftleg "0") (rightleg "0")
L 09/26/2019 - 12:39:27: "Calcas Peludas<6><VALVE_ID_LAN><TERRORIST>" triggered "weaponstats" (weapon "sg552") (shots "49") (hits "13") (kills "3") (headshots "0") (tks "0") (damage "359") (deaths "0")
L 09/26/2019 - 12:39:27: "Calcas Peludas<6><VALVE_ID_LAN><TERRORIST>" triggered "weaponstats2" (weapon "sg552") (head "0") (chest "1") (stomach "2") (leftarm "7") (rightarm "1") (leftleg "1") (rightleg "1")
L 09/26/2019 - 12:39:27: "Calcas Peludas<6><VALVE_ID_LAN><TERRORIST>" triggered "weaponstats" (weapon "ak47") (shots "17") (hits "2") (kills "1") (headshots "1") (tks "0") (damage "168") (deaths "0")
L 09/26/2019 - 12:39:27: "Calcas Peludas<6><VALVE_ID_LAN><TERRORIST>" triggered "weaponstats2" (weapon "ak47") (head "1") (chest "0") (stomach "0") (leftarm "1") (rightarm "0") (leftleg "0") (rightleg "0")
L 09/26/2019 - 12:39:27: "Calcas Peludas<6><VALVE_ID_LAN><TERRORIST>" triggered "time" (time "2:52")
L 09/26/2019 - 12:39:27: "Calcas Peludas<6><VALVE_ID_LAN><TERRORIST>" triggered "latency" (ping "7")
L 09/26/2019 - 12:39:27: "Gho$T<7><VALVE_ID_LAN><TERRORIST>" triggered "weaponstats" (weapon "grenade") (shots "5") (hits "5") (kills "0") (headshots "0") (tks "0") (damage "196") (deaths "0")
L 09/26/2019 - 12:39:27: "Gho$T<7><VALVE_ID_LAN><TERRORIST>" triggered "weaponstats2" (weapon "grenade") (head "0") (chest "0") (stomach "0") (leftarm "0") (rightarm "0") (leftleg "0") (rightleg "0")
L 09/26/2019 - 12:39:27: "Gho$T<7><VALVE_ID_LAN><TERRORIST>" triggered "weaponstats" (weapon "xm1014") (shots "16") (hits "10") (kills "4") (headshots "3") (tks "0") (damage "718") (deaths "2")
L 09/26/2019 - 12:39:27: "Gho$T<7><VALVE_ID_LAN><TERRORIST>" triggered "weaponstats2" (weapon "xm1014") (head "3") (chest "1") (stomach "1") (leftarm "2") (rightarm "0") (leftleg "1") (rightleg "2")
L 09/26/2019 - 12:39:27: "Gho$T<7><VALVE_ID_LAN><TERRORIST>" triggered "weaponstats" (weapon "aug") (shots "18") (hits "4") (kills "1") (headshots "0") (tks "0") (damage "108") (deaths "0")
L 09/26/2019 - 12:39:27: "Gho$T<7><VALVE_ID_LAN><TERRORIST>" triggered "weaponstats2" (weapon "aug") (head "0") (chest "0") (stomach "0") (leftarm "0") (rightarm "2") (leftleg "2") (rightleg "0")
L 09/26/2019 - 12:39:27: "Gho$T<7><VALVE_ID_LAN><TERRORIST>" triggered "weaponstats" (weapon "glock18") (shots "2") (hits "1") (kills "0") (headshots "0") (tks "0") (damage "16") (deaths "0")
L 09/26/2019 - 12:39:27: "Gho$T<7><VALVE_ID_LAN><TERRORIST>" triggered "weaponstats2" (weapon "glock18") (head "0") (chest "0") (stomach "0") (leftarm "0") (rightarm "1") (leftleg "0") (rightleg "0")
L 09/26/2019 - 12:39:27: "Gho$T<7><VALVE_ID_LAN><TERRORIST>" triggered "weaponstats" (weapon "mp5navy") (shots "26") (hits "3") (kills "1") (headshots "0") (tks "0") (damage "114") (deaths "1")
L 09/26/2019 - 12:39:27: "Gho$T<7><VALVE_ID_LAN><TERRORIST>" triggered "weaponstats2" (weapon "mp5navy") (head "1") (chest "0") (stomach "0") (leftarm "1") (rightarm "0") (leftleg "0") (rightleg "1")
L 09/26/2019 - 12:39:27: "Gho$T<7><VALVE_ID_LAN><TERRORIST>" triggered "weaponstats" (weapon "m3") (shots "5") (hits "3") (kills "2") (headshots "0") (tks "0") (damage "255") (deaths "0")
L 09/26/2019 - 12:39:27: "Gho$T<7><VALVE_ID_LAN><TERRORIST>" triggered "weaponstats2" (weapon "m3") (head "1") (chest "0") (stomach "0") (leftarm "1") (rightarm "1") (leftleg "0") (rightleg "0")
L 09/26/2019 - 12:39:27: "Gho$T<7><VALVE_ID_LAN><TERRORIST>" triggered "weaponstats" (weapon "sg552") (shots "38") (hits "11") (kills "3") (headshots "0") (tks "0") (damage "292") (deaths "0")
L 09/26/2019 - 12:39:27: "Gho$T<7><VALVE_ID_LAN><TERRORIST>" triggered "weaponstats2" (weapon "sg552") (head "0") (chest "2") (stomach "3") (leftarm "2") (rightarm "2") (leftleg "0") (rightleg "2")
L 09/26/2019 - 12:39:27: "Gho$T<7><VALVE_ID_LAN><TERRORIST>" triggered "weaponstats" (weapon "knife") (shots "2") (hits "2") (kills "1") (headshots "0") (tks "0") (damage "130") (deaths "1")
L 09/26/2019 - 12:39:27: "Gho$T<7><VALVE_ID_LAN><TERRORIST>" triggered "weaponstats2" (weapon "knife") (head "0") (chest "0") (stomach "0") (leftarm "1") (rightarm "0") (leftleg "0") (rightleg "0")
L 09/26/2019 - 12:39:27: "Gho$T<7><VALVE_ID_LAN><TERRORIST>" triggered "time" (time "2:53")
L 09/26/2019 - 12:39:27: "Gho$T<7><VALVE_ID_LAN><TERRORIST>" triggered "latency" (ping "8")
L 09/26/2019 - 12:39:27: "Kitkat<8><VALVE_ID_LAN><TERRORIST>" triggered "weaponstats" (weapon "xm1014") (shots "3") (hits "2") (kills "1") (headshots "0") (tks "0") (damage "184") (deaths "1")
L 09/26/2019 - 12:39:27: "Kitkat<8><VALVE_ID_LAN><TERRORIST>" triggered "weaponstats2" (weapon "xm1014") (head "0") (chest "0") (stomach "0") (leftarm "1") (rightarm "1") (leftleg "0") (rightleg "0")
L 09/26/2019 - 12:39:27: "Kitkat<8><VALVE_ID_LAN><TERRORIST>" triggered "weaponstats" (weapon "mac10") (shots "23") (hits "7") (kills "2") (headshots "0") (tks "0") (damage "185") (deaths "1")
L 09/26/2019 - 12:39:27: "Kitkat<8><VALVE_ID_LAN><TERRORIST>" triggered "weaponstats2" (weapon "mac10") (head "0") (chest "4") (stomach "0") (leftarm "2") (rightarm "1") (leftleg "0") (rightleg "0")
L 09/26/2019 - 12:39:27: "Kitkat<8><VALVE_ID_LAN><TERRORIST>" triggered "weaponstats" (weapon "glock18") (shots "6") (hits "2") (kills "1") (headshots "0") (tks "0") (damage "40") (deaths "1")
L 09/26/2019 - 12:39:27: "Kitkat<8><VALVE_ID_LAN><TERRORIST>" triggered "weaponstats2" (weapon "glock18") (head "0") (chest "0") (stomach "1") (leftarm "0") (rightarm "1") (leftleg "0") (rightleg "0")
L 09/26/2019 - 12:39:27: "Kitkat<8><VALVE_ID_LAN><TERRORIST>" triggered "weaponstats" (weapon "sg552") (shots "13") (hits "1") (kills "0") (headshots "0") (tks "0") (damage "15") (deaths "1")
L 09/26/2019 - 12:39:27: "Kitkat<8><VALVE_ID_LAN><TERRORIST>" triggered "weaponstats2" (weapon "sg552") (head "0") (chest "0") (stomach "0") (leftarm "1") (rightarm "0") (leftleg "0") (rightleg "0")
L 09/26/2019 - 12:39:27: "Kitkat<8><VALVE_ID_LAN><TERRORIST>" triggered "weaponstats" (weapon "p90") (shots "9") (hits "3") (kills "0") (headshots "0") (tks "0") (damage "48") (deaths "1")
L 09/26/2019 - 12:39:27: "Kitkat<8><VALVE_ID_LAN><TERRORIST>" triggered "weaponstats2" (weapon "p90") (head "0") (chest "1") (stomach "0") (leftarm "1") (rightarm "1") (leftleg "0") (rightleg "0")
L 09/26/2019 - 12:39:27: "Kitkat<8><VALVE_ID_LAN><TERRORIST>" triggered "time" (time "2:39")
L 09/26/2019 - 12:39:27: "Kitkat<8><VALVE_ID_LAN><TERRORIST>" triggered "latency" (ping "13")
L 09/26/2019 - 12:39:27: "Jack<11><VALVE_ID_LAN><CT>" triggered "weaponstats" (weapon "grenade") (shots "1") (hits "4") (kills "0") (headshots "0") (tks "0") (damage "169") (deaths "0")
L 09/26/2019 - 12:39:27: "Jack<11><VALVE_ID_LAN><CT>" triggered "weaponstats2" (weapon "grenade") (head "0") (chest "0") (stomach "0") (leftarm "0") (rightarm "0") (leftleg "0") (rightleg "0")
L 09/26/2019 - 12:39:27: "Jack<11><VALVE_ID_LAN><CT>" triggered "weaponstats" (weapon "xm1014") (shots "7") (hits "1") (kills "0") (headshots "0") (tks "0") (damage "11") (deaths "1")
L 09/26/2019 - 12:39:27: "Jack<11><VALVE_ID_LAN><CT>" triggered "weaponstats2" (weapon "xm1014") (head "0") (chest "0") (stomach "0") (leftarm "0") (rightarm "0") (leftleg "1") (rightleg "0")
L 09/26/2019 - 12:39:27: "Jack<11><VALVE_ID_LAN><CT>" triggered "weaponstats" (weapon "usp") (shots "10") (hits "3") (kills "1") (headshots "1") (tks "0") (damage "181") (deaths "1")
L 09/26/2019 - 12:39:27: "Jack<11><VALVE_ID_LAN><CT>" triggered "weaponstats2" (weapon "usp") (head "1") (chest "1") (stomach "0") (leftarm "0") (rightarm "0") (leftleg "0") (rightleg "1")
L 09/26/2019 - 12:39:27: "Jack<11><VALVE_ID_LAN><CT>" triggered "weaponstats" (weapon "mp5navy") (shots "8") (hits "4") (kills "0") (headshots "0") (tks "0") (damage "64") (deaths "1")
L 09/26/2019 - 12:39:27: "Jack<11><VALVE_ID_LAN><CT>" triggered "weaponstats2" (weapon "mp5navy") (head "0") (chest "1") (stomach "1") (leftarm "0") (rightarm "0") (leftleg "1") (rightleg "1")
L 09/26/2019 - 12:39:27: "Jack<11><VALVE_ID_LAN><CT>" triggered "weaponstats" (weapon "m249") (shots "47") (hits "8") (kills "2") (headshots "1") (tks "0") (damage "330") (deaths "1")
L 09/26/2019 - 12:39:27: "Jack<11><VALVE_ID_LAN><CT>" triggered "weaponstats2" (weapon "m249") (head "1") (chest "2") (stomach "2") (leftarm "2") (rightarm "0") (leftleg "1") (rightleg "0")
L 09/26/2019 - 12:39:27: "Jack<11><VALVE_ID_LAN><CT>" triggered "weaponstats" (weapon "tmp") (shots "1") (hits "1") (kills "0") (headshots "0") (tks "0") (damage "15") (deaths "1")
L 09/26/2019 - 12:39:27: "Jack<11><VALVE_ID_LAN><CT>" triggered "weaponstats2" (weapon "tmp") (head "0") (chest "0") (stomach "0") (leftarm "1") (rightarm "0") (leftleg "0") (rightleg "0")
L 09/26/2019 - 12:39:27: "Jack<11><VALVE_ID_LAN><CT>" triggered "time" (time "2:27")
L 09/26/2019 - 12:39:27: "Jack<11><VALVE_ID_LAN><CT>" triggered "latency" (ping "14")
L 09/26/2019 - 12:39:27: [META] ini: Begin re-reading plugins list: c:/valve/cstrike/addons/metamod/plugins.ini
L 09/26/2019 - 12:39:27: [META] ini: Read plugin config for: AMX
L 09/26/2019 - 12:39:27: [META] ini: Read plugin config for: WinHL-Booster
L 09/26/2019 - 12:39:27: [META] ERROR: ini: Skipping plugin, couldn't stat file 'addons/hlguard/dlls/hlguard_mm_nightly.dll': No such file or directory
L 09/26/2019 - 12:39:27: [META] ini: Read plugin config for: WebMod
L 09/26/2019 - 12:39:27: [META] ini: Finished reading plugins list: c:/valve/cstrike/addons/metamod/plugins.ini; Found 3 plugins
L 09/26/2019 - 12:39:27: [META] dll: Updating plugins...
L 09/26/2019 - 12:39:27: [META] ERROR: dll: Failed query plugin '<hlguard_mm_nightly.dll>'; Couldn't open file 'addons/hlguard/dlls/hlguard_mm_nightly.dll': Não foi possível encontrar o módulo especificado.

L 09/26/2019 - 12:39:27: [META] ERROR: dll: Skipping plugin '<hlguard_mm_nightly.dll>'; couldn't query
L 09/26/2019 - 12:39:27: [META] dll: Finished updating 6 plugins; kept 3, loaded 0, unloaded 0, reloaded 0, delayed 0
L 09/26/2019 - 12:39:27: "CEIFADOR<-1><><TERRORIST>" disconnected
L 09/26/2019 - 12:39:27: "INDIO de ferias<-1><><CT>" disconnected
L 09/26/2019 - 12:39:27: "Cap Billy<-1><><CT>" disconnected
L 09/26/2019 - 12:39:27: "DareDevil<-1><><CT>" disconnected
L 09/26/2019 - 12:39:27: "Smolder<-1><><TERRORIST>" disconnected
L 09/26/2019 - 12:39:27: "Calcas Peludas<-1><><TERRORIST>" disconnected
L 09/26/2019 - 12:39:27: "Gho$T<-1><><TERRORIST>" disconnected
L 09/26/2019 - 12:39:27: "Kitkat<-1><><TERRORIST>" disconnected
L 09/26/2019 - 12:39:27: "Jack<-1><><CT>" disconnected
L 09/26/2019 - 12:39:27: "XXBOT Crusher<-1><><CT>" disconnected
L 09/26/2019 - 12:39:27: Server shutdown
L 09/26/2019 - 12:39:27: Log file closed
