L 09/23/2019 - 12:29:24: Log file started (file "logs\L0923000.log") (game "cstrike") (version "47/1.1.2.2/2603")
L 09/23/2019 - 12:29:24: "DareDevil<8><VALVE_ID_LAN><>" entered the game
L 09/23/2019 - 12:29:25: "Cap Billy<9><VALVE_ID_LAN><>" joined team "CT"
L 09/23/2019 - 12:29:25: World triggered "Game_Commencing"
L 09/23/2019 - 12:29:25: World triggered "Game_Commencing" (CT "0") (T "0")
L 09/23/2019 - 12:29:25: World triggered "Round_End"
L 09/23/2019 - 12:29:26: "Gho$T<10><VALVE_ID_LAN><>" entered the game
L 09/23/2019 - 12:29:26: "DareDevil<8><VALVE_ID_LAN><>" joined team "CT"
L 09/23/2019 - 12:29:27: "Smolder<11><VALVE_ID_LAN><>" entered the game
L 09/23/2019 - 12:29:28: "Gho$T<10><VALVE_ID_LAN><>" joined team "TERRORIST"
L 09/23/2019 - 12:29:28: "CEIFADOR<7><VALVE_ID_LOOPBACK><TERRORIST>" triggered "Spawned_With_The_Bomb"
L 09/23/2019 - 12:29:28: World triggered "Round_Start"
L 09/23/2019 - 12:29:30: "Smolder<11><VALVE_ID_LAN><>" joined team "TERRORIST"
L 09/23/2019 - 12:29:34: "Cap Billy<9><VALVE_ID_LAN><CT>" killed "Smolder<11><VALVE_ID_LAN><TERRORIST>" with "usp"
L 09/23/2019 - 12:29:34: "Jack<12><VALVE_ID_LAN><>" connected, address "10.15.2.45:27005"
L 09/23/2019 - 12:29:37: "Cap Billy<9><VALVE_ID_LAN><CT>" killed "Gho$T<10><VALVE_ID_LAN><TERRORIST>" with "mp5navy"
L 09/23/2019 - 12:29:37: "Jack<12><VALVE_ID_LAN><>" entered the game
L 09/23/2019 - 12:29:39: "Jack<12><VALVE_ID_LAN><>" joined team "CT"
L 09/23/2019 - 12:29:42: "DareDevil<8><VALVE_ID_LAN><CT>" killed "CEIFADOR<7><VALVE_ID_LOOPBACK><TERRORIST>" with "xm1014"
L 09/23/2019 - 12:29:42: Team "CT" triggered "CTs_Win" (CT "1") (T "0")
L 09/23/2019 - 12:29:42: World triggered "Round_End"
L 09/23/2019 - 12:29:43: "Kitkat<13><VALVE_ID_LAN><>" connected, address "10.15.2.150:27005"
L 09/23/2019 - 12:29:46: "Gho$T<10><VALVE_ID_LAN><TERRORIST>" say_team "rea,ao" (dead)
L 09/23/2019 - 12:29:47: "CEIFADOR<7><VALVE_ID_LOOPBACK><TERRORIST>" triggered "Spawned_With_The_Bomb"
L 09/23/2019 - 12:29:47: World triggered "Round_Start"
L 09/23/2019 - 12:29:50: "DareDevil<8><VALVE_ID_LAN><CT>" killed "Gho$T<10><VALVE_ID_LAN><TERRORIST>" with "grenade"
L 09/23/2019 - 12:29:50: "Kitkat<13><VALVE_ID_LAN><>" entered the game
L 09/23/2019 - 12:29:52: "CEIFADOR<7><VALVE_ID_LOOPBACK><TERRORIST>" killed "DareDevil<8><VALVE_ID_LAN><CT>" with "aug"
L 09/23/2019 - 12:29:54: "CEIFADOR<7><VALVE_ID_LOOPBACK><TERRORIST>" killed "Cap Billy<9><VALVE_ID_LAN><CT>" with "aug"
L 09/23/2019 - 12:29:54: "Kitkat<13><VALVE_ID_LAN><>" joined team "CT"
L 09/23/2019 - 12:29:55: "Jack<12><VALVE_ID_LAN><CT>" killed "CEIFADOR<7><VALVE_ID_LOOPBACK><TERRORIST>" with "mp5navy"
L 09/23/2019 - 12:29:55: "CEIFADOR<7><VALVE_ID_LOOPBACK><TERRORIST>" triggered "Dropped_The_Bomb"
L 09/23/2019 - 12:30:01: "Jack<12><VALVE_ID_LAN><CT>" killed "Smolder<11><VALVE_ID_LAN><TERRORIST>" with "mp5navy"
L 09/23/2019 - 12:30:01: Team "CT" triggered "CTs_Win" (CT "2") (T "0")
L 09/23/2019 - 12:30:01: World triggered "Round_End"
L 09/23/2019 - 12:30:03: "XXBOT Ringo<14><BOT><>" joined team "TERRORIST"
L 09/23/2019 - 12:30:03: Server cvar "bot_quota" = "1"
L 09/23/2019 - 12:30:03: "XXBOT Ringo<14><BOT><>" entered the game
L 09/23/2019 - 12:30:06: "Gho$T<10><VALVE_ID_LAN><TERRORIST>" triggered "Spawned_With_The_Bomb"
L 09/23/2019 - 12:30:06: World triggered "Round_Start"
L 09/23/2019 - 12:30:09: "DareDevil<8><VALVE_ID_LAN><CT>" killed "CEIFADOR<7><VALVE_ID_LOOPBACK><TERRORIST>" with "xm1014"
L 09/23/2019 - 12:30:12: "XXBOT Ringo<14><BOT><TERRORIST>" killed "Cap Billy<9><VALVE_ID_LAN><CT>" with "glock18"
L 09/23/2019 - 12:30:12: "Jack<12><VALVE_ID_LAN><CT>" killed "XXBOT Ringo<14><BOT><TERRORIST>" with "mp5navy"
L 09/23/2019 - 12:30:13: "DareDevil<8><VALVE_ID_LAN><CT>" killed "Gho$T<10><VALVE_ID_LAN><TERRORIST>" with "xm1014"
L 09/23/2019 - 12:30:13: "Gho$T<10><VALVE_ID_LAN><TERRORIST>" triggered "Dropped_The_Bomb"
L 09/23/2019 - 12:30:13: "Smolder<11><VALVE_ID_LAN><TERRORIST>" killed "DareDevil<8><VALVE_ID_LAN><CT>" with "mp5navy"
L 09/23/2019 - 12:30:23: "Smolder<11><VALVE_ID_LAN><TERRORIST>" killed "Kitkat<13><VALVE_ID_LAN><CT>" with "mp5navy"
L 09/23/2019 - 12:30:29: "Jack<12><VALVE_ID_LAN><CT>" killed "Smolder<11><VALVE_ID_LAN><TERRORIST>" with "mp5navy"
L 09/23/2019 - 12:30:29: Team "CT" triggered "CTs_Win" (CT "3") (T "0")
L 09/23/2019 - 12:30:29: World triggered "Round_End"
L 09/23/2019 - 12:30:34: "Smolder<11><VALVE_ID_LAN><TERRORIST>" triggered "Spawned_With_The_Bomb"
L 09/23/2019 - 12:30:34: World triggered "Round_Start"
L 09/23/2019 - 12:30:37: "Cap Billy<9><VALVE_ID_LAN><CT>" killed "XXBOT Ringo<14><BOT><TERRORIST>" with "sg552"
L 09/23/2019 - 12:30:38: "Gho$T<10><VALVE_ID_LAN><TERRORIST>" killed "Cap Billy<9><VALVE_ID_LAN><CT>" with "xm1014"
L 09/23/2019 - 12:30:39: "Gho$T<10><VALVE_ID_LAN><TERRORIST>" killed "Jack<12><VALVE_ID_LAN><CT>" with "xm1014"
L 09/23/2019 - 12:30:40: "DareDevil<8><VALVE_ID_LAN><CT>" killed "CEIFADOR<7><VALVE_ID_LOOPBACK><TERRORIST>" with "xm1014"
L 09/23/2019 - 12:30:43: "Gho$T<10><VALVE_ID_LAN><TERRORIST>" killed "Kitkat<13><VALVE_ID_LAN><CT>" with "xm1014"
L 09/23/2019 - 12:30:48: "Smolder<11><VALVE_ID_LAN><TERRORIST>" killed "DareDevil<8><VALVE_ID_LAN><CT>" with "mp5navy"
L 09/23/2019 - 12:30:48: Team "TERRORIST" triggered "Terrorists_Win" (CT "3") (T "1")
L 09/23/2019 - 12:30:48: World triggered "Round_End"
L 09/23/2019 - 12:30:53: "XXBOT Ringo<14><BOT><TERRORIST>" triggered "Spawned_With_The_Bomb"
L 09/23/2019 - 12:30:53: World triggered "Round_Start"
L 09/23/2019 - 12:30:57: "Smolder<11><VALVE_ID_LAN><TERRORIST>" killed "Kitkat<13><VALVE_ID_LAN><CT>" with "mp5navy"
L 09/23/2019 - 12:30:57: "Cap Billy<9><VALVE_ID_LAN><CT>" killed "CEIFADOR<7><VALVE_ID_LOOPBACK><TERRORIST>" with "xm1014"
L 09/23/2019 - 12:31:00: "Cap Billy<9><VALVE_ID_LAN><CT>" killed "Smolder<11><VALVE_ID_LAN><TERRORIST>" with "xm1014"
L 09/23/2019 - 12:31:03: "DareDevil<8><VALVE_ID_LAN><CT>" killed "XXBOT Ringo<14><BOT><TERRORIST>" with "xm1014"
L 09/23/2019 - 12:31:03: "XXBOT Ringo<14><BOT><TERRORIST>" triggered "Dropped_The_Bomb"
L 09/23/2019 - 12:31:07: "Cap Billy<9><VALVE_ID_LAN><CT>" killed "Gho$T<10><VALVE_ID_LAN><TERRORIST>" with "xm1014"
L 09/23/2019 - 12:31:07: Team "CT" triggered "CTs_Win" (CT "4") (T "1")
L 09/23/2019 - 12:31:07: World triggered "Round_End"
L 09/23/2019 - 12:31:07: "DareDevil<8><VALVE_ID_LAN><CT>" killed "Cap Billy<9><VALVE_ID_LAN><CT>" with "xm1014"
L 09/23/2019 - 12:31:12: "CEIFADOR<7><VALVE_ID_LOOPBACK><TERRORIST>" triggered "Spawned_With_The_Bomb"
L 09/23/2019 - 12:31:12: World triggered "Round_Start"
L 09/23/2019 - 12:31:12: "DareDevil<8><VALVE_ID_LAN><CT>" committed suicide with "world"
L 09/23/2019 - 12:31:14: "DareDevil<8><VALVE_ID_LAN><CT>" say_team "ma" (dead)
L 09/23/2019 - 12:31:16: "DareDevil<8><VALVE_ID_LAN><CT>" say_team "mal" (dead)
L 09/23/2019 - 12:31:16: "Gho$T<10><VALVE_ID_LAN><TERRORIST>" killed "Cap Billy<9><VALVE_ID_LAN><CT>" with "mac10"
L 09/23/2019 - 12:31:19: "Jack<12><VALVE_ID_LAN><CT>" killed "CEIFADOR<7><VALVE_ID_LOOPBACK><TERRORIST>" with "m4a1"
L 09/23/2019 - 12:31:19: "CEIFADOR<7><VALVE_ID_LOOPBACK><TERRORIST>" triggered "Dropped_The_Bomb"
L 09/23/2019 - 12:31:20: "Smolder<11><VALVE_ID_LAN><TERRORIST>" killed "Jack<12><VALVE_ID_LAN><CT>" with "knife"
L 09/23/2019 - 12:31:21: "XXBOT Ringo<14><BOT><TERRORIST>" triggered "Got_The_Bomb"
L 09/23/2019 - 12:31:21: "Kitkat<13><VALVE_ID_LAN><CT>" killed "Smolder<11><VALVE_ID_LAN><TERRORIST>" with "xm1014"
L 09/23/2019 - 12:31:22: "Gho$T<10><VALVE_ID_LAN><TERRORIST>" killed "Kitkat<13><VALVE_ID_LAN><CT>" with "mac10"
L 09/23/2019 - 12:31:22: Team "TERRORIST" triggered "Terrorists_Win" (CT "4") (T "2")
L 09/23/2019 - 12:31:22: World triggered "Round_End"
L 09/23/2019 - 12:31:26: "Calcas Peludas<15><VALVE_ID_LAN><>" connected, address "10.15.2.230:27005"
L 09/23/2019 - 12:31:27: "Gho$T<10><VALVE_ID_LAN><TERRORIST>" triggered "Spawned_With_The_Bomb"
L 09/23/2019 - 12:31:27: World triggered "Round_Start"
L 09/23/2019 - 12:31:30: "Cap Billy<9><VALVE_ID_LAN><CT>" killed "XXBOT Ringo<14><BOT><TERRORIST>" with "ak47"
L 09/23/2019 - 12:31:34: "Jack<12><VALVE_ID_LAN><CT>" killed "Smolder<11><VALVE_ID_LAN><TERRORIST>" with "aug"
L 09/23/2019 - 12:31:34: "Gho$T<10><VALVE_ID_LAN><TERRORIST>" killed "DareDevil<8><VALVE_ID_LAN><CT>" with "mac10"
L 09/23/2019 - 12:31:35: "CEIFADOR<7><VALVE_ID_LOOPBACK><TERRORIST>" killed "Cap Billy<9><VALVE_ID_LAN><CT>" with "ak47"
L 09/23/2019 - 12:31:36: "Calcas Peludas<15><VALVE_ID_LAN><>" entered the game
L 09/23/2019 - 12:31:38: "Calcas Peludas<15><VALVE_ID_LAN><>" joined team "TERRORIST"
L 09/23/2019 - 12:31:41: "Gho$T<10><VALVE_ID_LAN><TERRORIST>" killed "Jack<12><VALVE_ID_LAN><CT>" with "mac10"
L 09/23/2019 - 12:31:41: "Smolder<11><VALVE_ID_LAN><TERRORIST>" say "boa tarde no jakima" (dead)
L 09/23/2019 - 12:31:42: "Kitkat<13><VALVE_ID_LAN><CT>" killed "CEIFADOR<7><VALVE_ID_LOOPBACK><TERRORIST>" with "mp5navy"
L 09/23/2019 - 12:31:46: "Gho$T<10><VALVE_ID_LAN><TERRORIST>" killed "Kitkat<13><VALVE_ID_LAN><CT>" with "mac10"
L 09/23/2019 - 12:31:46: Team "TERRORIST" triggered "Terrorists_Win" (CT "4") (T "3")
L 09/23/2019 - 12:31:46: World triggered "Round_End"
L 09/23/2019 - 12:31:51: "Smolder<11><VALVE_ID_LAN><TERRORIST>" triggered "Spawned_With_The_Bomb"
L 09/23/2019 - 12:31:51: World triggered "Round_Start"
L 09/23/2019 - 12:31:55: "CEIFADOR<7><VALVE_ID_LOOPBACK><TERRORIST>" killed "Cap Billy<9><VALVE_ID_LAN><CT>" with "aug"
L 09/23/2019 - 12:31:56: "Jack<12><VALVE_ID_LAN><CT>" killed "CEIFADOR<7><VALVE_ID_LOOPBACK><TERRORIST>" with "aug"
L 09/23/2019 - 12:31:57: "Kitkat<13><VALVE_ID_LAN><CT>" killed "XXBOT Ringo<14><BOT><TERRORIST>" with "mp5navy"
L 09/23/2019 - 12:31:57: "Calcas Peludas<15><VALVE_ID_LAN><TERRORIST>" killed "DareDevil<8><VALVE_ID_LAN><CT>" with "mp5navy"
L 09/23/2019 - 12:32:01: Server cvar "bot_quota" = "0"
L 09/23/2019 - 12:32:01: Kick: "XXBOT Ringo<14><UNKNOWN><>" was kicked by "CEIFADOR"
L 09/23/2019 - 12:32:01: "XXBOT Ringo<14><BOT><TERRORIST>" disconnected
L 09/23/2019 - 12:32:01: "Kitkat<13><VALVE_ID_LAN><CT>" killed "Gho$T<10><VALVE_ID_LAN><TERRORIST>" with "mp5navy"
L 09/23/2019 - 12:32:07: "Jack<12><VALVE_ID_LAN><CT>" killed "Calcas Peludas<15><VALVE_ID_LAN><TERRORIST>" with "aug"
L 09/23/2019 - 12:32:11: "Jack<12><VALVE_ID_LAN><CT>" killed "Smolder<11><VALVE_ID_LAN><TERRORIST>" with "aug"
L 09/23/2019 - 12:32:11: Team "CT" triggered "CTs_Win" (CT "5") (T "3")
L 09/23/2019 - 12:32:11: World triggered "Round_End"
L 09/23/2019 - 12:32:16: "Calcas Peludas<15><VALVE_ID_LAN><TERRORIST>" triggered "Spawned_With_The_Bomb"
L 09/23/2019 - 12:32:16: World triggered "Round_Start"
L 09/23/2019 - 12:32:20: "Cap Billy<9><VALVE_ID_LAN><CT>" killed "Calcas Peludas<15><VALVE_ID_LAN><TERRORIST>" with "sg552"
L 09/23/2019 - 12:32:20: "Calcas Peludas<15><VALVE_ID_LAN><TERRORIST>" triggered "Dropped_The_Bomb"
L 09/23/2019 - 12:32:22: "DareDevil<8><VALVE_ID_LAN><CT>" killed "Smolder<11><VALVE_ID_LAN><TERRORIST>" with "awp"
L 09/23/2019 - 12:32:25: "Gho$T<10><VALVE_ID_LAN><TERRORIST>" killed "Kitkat<13><VALVE_ID_LAN><CT>" with "mac10"
L 09/23/2019 - 12:32:25: "CEIFADOR<7><VALVE_ID_LOOPBACK><TERRORIST>" killed "DareDevil<8><VALVE_ID_LAN><CT>" with "mp5navy"
L 09/23/2019 - 12:32:27: "Cap Billy<9><VALVE_ID_LAN><CT>" killed "Gho$T<10><VALVE_ID_LAN><TERRORIST>" with "sg552"
L 09/23/2019 - 12:32:32: "Jack<12><VALVE_ID_LAN><CT>" killed "CEIFADOR<7><VALVE_ID_LOOPBACK><TERRORIST>" with "aug"
L 09/23/2019 - 12:32:32: Team "CT" triggered "CTs_Win" (CT "6") (T "3")
L 09/23/2019 - 12:32:32: World triggered "Round_End"
L 09/23/2019 - 12:32:37: "CEIFADOR<7><VALVE_ID_LOOPBACK><TERRORIST>" triggered "Spawned_With_The_Bomb"
L 09/23/2019 - 12:32:37: World triggered "Round_Start"
L 09/23/2019 - 12:32:41: "Jack<12><VALVE_ID_LAN><CT>" killed "CEIFADOR<7><VALVE_ID_LOOPBACK><TERRORIST>" with "grenade"
L 09/23/2019 - 12:32:41: "CEIFADOR<7><VALVE_ID_LOOPBACK><TERRORIST>" triggered "Dropped_The_Bomb"
L 09/23/2019 - 12:32:47: "Calcas Peludas<15><VALVE_ID_LAN><TERRORIST>" triggered "Got_The_Bomb"
L 09/23/2019 - 12:32:48: "DareDevil<8><VALVE_ID_LAN><CT>" killed "Calcas Peludas<15><VALVE_ID_LAN><TERRORIST>" with "xm1014"
L 09/23/2019 - 12:32:48: "Calcas Peludas<15><VALVE_ID_LAN><TERRORIST>" triggered "Dropped_The_Bomb"
L 09/23/2019 - 12:32:49: "Smolder<11><VALVE_ID_LAN><TERRORIST>" killed "DareDevil<8><VALVE_ID_LAN><CT>" with "mp5navy"
L 09/23/2019 - 12:32:50: "Gho$T<10><VALVE_ID_LAN><TERRORIST>" killed "Cap Billy<9><VALVE_ID_LAN><CT>" with "knife"
L 09/23/2019 - 12:32:52: "Jack<12><VALVE_ID_LAN><CT>" killed "Gho$T<10><VALVE_ID_LAN><TERRORIST>" with "aug"
L 09/23/2019 - 12:32:54: "Smolder<11><VALVE_ID_LAN><TERRORIST>" killed "Kitkat<13><VALVE_ID_LAN><CT>" with "mp5navy"
L 09/23/2019 - 12:32:54: "Jack<12><VALVE_ID_LAN><CT>" killed "Smolder<11><VALVE_ID_LAN><TERRORIST>" with "aug"
L 09/23/2019 - 12:32:54: Team "CT" triggered "CTs_Win" (CT "7") (T "3")
L 09/23/2019 - 12:32:54: World triggered "Round_End"
L 09/23/2019 - 12:32:55: "Calcas Peludas<15><VALVE_ID_LAN><TERRORIST>" say "ui capitao" (dead)
L 09/23/2019 - 12:32:59: "Gho$T<10><VALVE_ID_LAN><TERRORIST>" triggered "Spawned_With_The_Bomb"
L 09/23/2019 - 12:32:59: World triggered "Round_Start"
L 09/23/2019 - 12:33:02: "Calcas Peludas<15><VALVE_ID_LAN><TERRORIST>" killed "Jack<12><VALVE_ID_LAN><CT>" with "aug"
L 09/23/2019 - 12:33:02: "Smolder<11><VALVE_ID_LAN><TERRORIST>" killed "Cap Billy<9><VALVE_ID_LAN><CT>" with "xm1014"
L 09/23/2019 - 12:33:05: "Gho$T<10><VALVE_ID_LAN><TERRORIST>" killed "DareDevil<8><VALVE_ID_LAN><CT>" with "m249"
L 09/23/2019 - 12:33:09: "CEIFADOR<7><VALVE_ID_LOOPBACK><TERRORIST>" killed "Kitkat<13><VALVE_ID_LAN><CT>" with "sg552"
L 09/23/2019 - 12:33:09: Team "TERRORIST" triggered "Terrorists_Win" (CT "7") (T "4")
L 09/23/2019 - 12:33:09: World triggered "Round_End"
L 09/23/2019 - 12:33:14: "Smolder<11><VALVE_ID_LAN><TERRORIST>" triggered "Spawned_With_The_Bomb"
L 09/23/2019 - 12:33:14: World triggered "Round_Start"
L 09/23/2019 - 12:33:15: "Cap Billy<9><VALVE_ID_LAN><CT>" killed "Calcas Peludas<15><VALVE_ID_LAN><TERRORIST>" with "ak47"
L 09/23/2019 - 12:33:18: "Gho$T<10><VALVE_ID_LAN><TERRORIST>" killed "Cap Billy<9><VALVE_ID_LAN><CT>" with "m249"
L 09/23/2019 - 12:33:18: "Smolder<11><VALVE_ID_LAN><TERRORIST>" killed "Kitkat<13><VALVE_ID_LAN><CT>" with "xm1014"
L 09/23/2019 - 12:33:19: "Jack<12><VALVE_ID_LAN><CT>" killed "Smolder<11><VALVE_ID_LAN><TERRORIST>" with "aug"
L 09/23/2019 - 12:33:19: "Smolder<11><VALVE_ID_LAN><TERRORIST>" triggered "Dropped_The_Bomb"
L 09/23/2019 - 12:33:19: "DareDevil<8><VALVE_ID_LAN><CT>" killed "Gho$T<10><VALVE_ID_LAN><TERRORIST>" with "xm1014"
L 09/23/2019 - 12:33:19: "CEIFADOR<7><VALVE_ID_LOOPBACK><TERRORIST>" triggered "Got_The_Bomb"
L 09/23/2019 - 12:33:19: "CEIFADOR<7><VALVE_ID_LOOPBACK><TERRORIST>" killed "DareDevil<8><VALVE_ID_LAN><CT>" with "sg552"
L 09/23/2019 - 12:33:32: "CEIFADOR<7><VALVE_ID_LOOPBACK><TERRORIST>" killed "Jack<12><VALVE_ID_LAN><CT>" with "sg552"
L 09/23/2019 - 12:33:32: Team "TERRORIST" triggered "Terrorists_Win" (CT "7") (T "5")
L 09/23/2019 - 12:33:32: World triggered "Round_End"
L 09/23/2019 - 12:33:35: "Gho$T<10><VALVE_ID_LAN><TERRORIST>" say "HAHAHAHA" (dead)
L 09/23/2019 - 12:33:37: "Calcas Peludas<15><VALVE_ID_LAN><TERRORIST>" triggered "Spawned_With_The_Bomb"
L 09/23/2019 - 12:33:37: World triggered "Round_Start"
L 09/23/2019 - 12:33:43: "Smolder<11><VALVE_ID_LAN><TERRORIST>" killed "Cap Billy<9><VALVE_ID_LAN><CT>" with "aug"
L 09/23/2019 - 12:33:46: "DareDevil<8><VALVE_ID_LAN><CT>" killed "CEIFADOR<7><VALVE_ID_LOOPBACK><TERRORIST>" with "xm1014"
L 09/23/2019 - 12:33:47: "Calcas Peludas<15><VALVE_ID_LAN><TERRORIST>" killed "DareDevil<8><VALVE_ID_LAN><CT>" with "sg552"
L 09/23/2019 - 12:33:51: "Gho$T<10><VALVE_ID_LAN><TERRORIST>" killed "Kitkat<13><VALVE_ID_LAN><CT>" with "mp5navy"
L 09/23/2019 - 12:33:51: "Jack<12><VALVE_ID_LAN><CT>" killed "Gho$T<10><VALVE_ID_LAN><TERRORIST>" with "mac10"
L 09/23/2019 - 12:33:52: "Jack<12><VALVE_ID_LAN><CT>" killed "Calcas Peludas<15><VALVE_ID_LAN><TERRORIST>" with "mac10"
L 09/23/2019 - 12:33:52: "Calcas Peludas<15><VALVE_ID_LAN><TERRORIST>" triggered "Dropped_The_Bomb"
L 09/23/2019 - 12:33:57: "CEIFADOR<7><VALVE_ID_LOOPBACK><TERRORIST>" say_team "bala" (dead)
L 09/23/2019 - 12:33:58: "Gho$T<10><VALVE_ID_LAN><TERRORIST>" say_team "bala" (dead)
L 09/23/2019 - 12:34:12: "DareDevil<8><VALVE_ID_LAN><CT>" say_team "ele nao viu" (dead)
L 09/23/2019 - 12:34:13: "@te<16><VALVE_ID_LAN><>" connected, address "10.15.2.86:27005"
L 09/23/2019 - 12:34:23: "Calcas Peludas<15><VALVE_ID_LAN><TERRORIST>" say "saibia" (dead)
L 09/23/2019 - 12:34:23: "Jack<12><VALVE_ID_LAN><CT>" killed "Smolder<11><VALVE_ID_LAN><TERRORIST>" with "mac10"
L 09/23/2019 - 12:34:23: Team "CT" triggered "CTs_Win" (CT "8") (T "5")
L 09/23/2019 - 12:34:23: World triggered "Round_End"
L 09/23/2019 - 12:34:26: "DareDevil<8><VALVE_ID_LAN><CT>" say "fraco" (dead)
L 09/23/2019 - 12:34:28: "CEIFADOR<7><VALVE_ID_LOOPBACK><TERRORIST>" triggered "Spawned_With_The_Bomb"
L 09/23/2019 - 12:34:28: World triggered "Round_Start"
L 09/23/2019 - 12:34:31: "Cap Billy<9><VALVE_ID_LAN><CT>" killed "Gho$T<10><VALVE_ID_LAN><TERRORIST>" with "xm1014"
L 09/23/2019 - 12:34:34: "Smolder<11><VALVE_ID_LAN><TERRORIST>" killed "Kitkat<13><VALVE_ID_LAN><CT>" with "mp5navy"
L 09/23/2019 - 12:34:34: "Cap Billy<9><VALVE_ID_LAN><CT>" killed "CEIFADOR<7><VALVE_ID_LOOPBACK><TERRORIST>" with "xm1014"
L 09/23/2019 - 12:34:34: "CEIFADOR<7><VALVE_ID_LOOPBACK><TERRORIST>" triggered "Dropped_The_Bomb"
L 09/23/2019 - 12:34:35: "Cap Billy<9><VALVE_ID_LAN><CT>" killed "Calcas Peludas<15><VALVE_ID_LAN><TERRORIST>" with "xm1014"
L 09/23/2019 - 12:34:37: "DareDevil<8><VALVE_ID_LAN><CT>" killed "Smolder<11><VALVE_ID_LAN><TERRORIST>" with "xm1014"
L 09/23/2019 - 12:34:37: Team "CT" triggered "CTs_Win" (CT "9") (T "5")
L 09/23/2019 - 12:34:37: World triggered "Round_End"
L 09/23/2019 - 12:34:42: "Gho$T<10><VALVE_ID_LAN><TERRORIST>" triggered "Spawned_With_The_Bomb"
L 09/23/2019 - 12:34:42: World triggered "Round_Start"
L 09/23/2019 - 12:34:45: "Cap Billy<9><VALVE_ID_LAN><CT>" killed "Smolder<11><VALVE_ID_LAN><TERRORIST>" with "grenade"
L 09/23/2019 - 12:34:46: "Cap Billy<9><VALVE_ID_LAN><CT>" killed "Gho$T<10><VALVE_ID_LAN><TERRORIST>" with "xm1014"
L 09/23/2019 - 12:34:46: "Gho$T<10><VALVE_ID_LAN><TERRORIST>" triggered "Dropped_The_Bomb"
L 09/23/2019 - 12:34:46: "DareDevil<8><VALVE_ID_LAN><CT>" killed "Calcas Peludas<15><VALVE_ID_LAN><TERRORIST>" with "xm1014"
L 09/23/2019 - 12:34:48: "Kitkat<13><VALVE_ID_LAN><CT>" killed "CEIFADOR<7><VALVE_ID_LOOPBACK><TERRORIST>" with "xm1014"
L 09/23/2019 - 12:34:48: Team "CT" triggered "CTs_Win" (CT "10") (T "5")
L 09/23/2019 - 12:34:48: World triggered "Round_End"
L 09/23/2019 - 12:34:53: "Smolder<11><VALVE_ID_LAN><TERRORIST>" triggered "Spawned_With_The_Bomb"
L 09/23/2019 - 12:34:53: World triggered "Round_Start"
L 09/23/2019 - 12:34:55: "@te<16><VALVE_ID_LAN><>" entered the game
L 09/23/2019 - 12:34:57: "Gho$T<10><VALVE_ID_LAN><TERRORIST>" killed "Kitkat<13><VALVE_ID_LAN><CT>" with "awp"
L 09/23/2019 - 12:35:00: "Smolder<11><VALVE_ID_LAN><TERRORIST>" killed "DareDevil<8><VALVE_ID_LAN><CT>" with "mp5navy"
L 09/23/2019 - 12:35:02: "Calcas Peludas<15><VALVE_ID_LAN><TERRORIST>" killed "Jack<12><VALVE_ID_LAN><CT>" with "aug"
L 09/23/2019 - 12:35:02: "Smolder<11><VALVE_ID_LAN><TERRORIST>" killed "Cap Billy<9><VALVE_ID_LAN><CT>" with "mp5navy"
L 09/23/2019 - 12:35:02: Team "TERRORIST" triggered "Terrorists_Win" (CT "10") (T "6")
L 09/23/2019 - 12:35:02: World triggered "Round_End"
L 09/23/2019 - 12:35:06: "@te<16><VALVE_ID_LAN><>" joined team "CT"
L 09/23/2019 - 12:35:07: "Calcas Peludas<15><VALVE_ID_LAN><TERRORIST>" triggered "Spawned_With_The_Bomb"
L 09/23/2019 - 12:35:07: World triggered "Round_Start"
L 09/23/2019 - 12:35:14: "Calcas Peludas<15><VALVE_ID_LAN><TERRORIST>" killed "Cap Billy<9><VALVE_ID_LAN><CT>" with "aug"
L 09/23/2019 - 12:35:14: "Kitkat<13><VALVE_ID_LAN><CT>" killed "CEIFADOR<7><VALVE_ID_LOOPBACK><TERRORIST>" with "sg552"
L 09/23/2019 - 12:35:16: "Jack<12><VALVE_ID_LAN><CT>" killed "Gho$T<10><VALVE_ID_LAN><TERRORIST>" with "mp5navy"
L 09/23/2019 - 12:35:16: "Smolder<11><VALVE_ID_LAN><TERRORIST>" killed "Kitkat<13><VALVE_ID_LAN><CT>" with "mp5navy"
L 09/23/2019 - 12:35:17: "Jack<12><VALVE_ID_LAN><CT>" killed "Smolder<11><VALVE_ID_LAN><TERRORIST>" with "mp5navy"
L 09/23/2019 - 12:35:18: "XXBOT Quintin<17><BOT><>" joined team "TERRORIST"
L 09/23/2019 - 12:35:18: Server cvar "bot_quota" = "1"
L 09/23/2019 - 12:35:18: "XXBOT Quintin<17><BOT><>" entered the game
L 09/23/2019 - 12:35:22: "Calcas Peludas<15><VALVE_ID_LAN><TERRORIST>" killed "DareDevil<8><VALVE_ID_LAN><CT>" with "aug"
L 09/23/2019 - 12:35:24: "Jack<12><VALVE_ID_LAN><CT>" killed "Calcas Peludas<15><VALVE_ID_LAN><TERRORIST>" with "mp5navy"
L 09/23/2019 - 12:35:24: "Calcas Peludas<15><VALVE_ID_LAN><TERRORIST>" triggered "Dropped_The_Bomb"
L 09/23/2019 - 12:35:25: "XXBOT Quintin<17><BOT><TERRORIST>" killed "@te<16><VALVE_ID_LAN><CT>" with "sg552"
L 09/23/2019 - 12:35:27: "XXBOT Quintin<17><BOT><TERRORIST>" killed "Jack<12><VALVE_ID_LAN><CT>" with "sg552"
L 09/23/2019 - 12:35:27: Team "TERRORIST" triggered "Terrorists_Win" (CT "10") (T "7")
L 09/23/2019 - 12:35:27: World triggered "Round_End"
L 09/23/2019 - 12:35:27: "Gho$T<10><VALVE_ID_LAN><TERRORIST>" say_team "mapa" (dead)
L 09/23/2019 - 12:35:27: "Cap Billy<9><VALVE_ID_LAN><CT>" say "TOEWM" (dead)
L 09/23/2019 - 12:35:28: "DareDevil<8><VALVE_ID_LAN><CT>" say "calcas totem" (dead)
L 09/23/2019 - 12:35:30: "XXBOT Quintin<17><BOT><TERRORIST>" triggered "Got_The_Bomb"
L 09/23/2019 - 12:35:32: "XXBOT Quintin<17><BOT><TERRORIST>" triggered "Spawned_With_The_Bomb"
L 09/23/2019 - 12:35:32: World triggered "Round_Start"
L 09/23/2019 - 12:35:36: "CEIFADOR<7><VALVE_ID_LOOPBACK><TERRORIST>" killed "DareDevil<8><VALVE_ID_LAN><CT>" with "ak47"
L 09/23/2019 - 12:35:39: "Cap Billy<9><VALVE_ID_LAN><CT>" killed "CEIFADOR<7><VALVE_ID_LOOPBACK><TERRORIST>" with "ak47"
L 09/23/2019 - 12:35:39: "Calcas Peludas<15><VALVE_ID_LAN><TERRORIST>" killed "Kitkat<13><VALVE_ID_LAN><CT>" with "m249"
L 09/23/2019 - 12:35:42: "Jack<12><VALVE_ID_LAN><CT>" killed "Calcas Peludas<15><VALVE_ID_LAN><TERRORIST>" with "aug"
L 09/23/2019 - 12:35:43: "Jack<12><VALVE_ID_LAN><CT>" killed "Smolder<11><VALVE_ID_LAN><TERRORIST>" with "aug"
L 09/23/2019 - 12:35:43: "XXBOT Quintin<17><BOT><TERRORIST>" killed "Jack<12><VALVE_ID_LAN><CT>" with "xm1014"
L 09/23/2019 - 12:35:45: "XXBOT Quintin<17><BOT><TERRORIST>" killed "Cap Billy<9><VALVE_ID_LAN><CT>" with "xm1014"
L 09/23/2019 - 12:35:48: "@te<16><VALVE_ID_LAN><CT>" killed "Gho$T<10><VALVE_ID_LAN><TERRORIST>" with "tmp"
L 09/23/2019 - 12:35:49: "Calcas Peludas<15><VALVE_ID_LAN><TERRORIST>" say_team "mapa" (dead)
L 09/23/2019 - 12:35:56: "Smolder<11><VALVE_ID_LAN><TERRORIST>" say_team "map" (dead)
L 09/23/2019 - 12:35:59: "Smolder<11><VALVE_ID_LAN><TERRORIST>" say "mapa" (dead)
L 09/23/2019 - 12:36:01: "Gho$T<10><VALVE_ID_LAN><TERRORIST>" say_team "map" (dead)
L 09/23/2019 - 12:36:03: "Calcas Peludas<15><VALVE_ID_LAN><TERRORIST>" say "bora @" (dead)
L 09/23/2019 - 12:36:04: "Cap Billy<9><VALVE_ID_LAN><CT>" say "ai meu deus" (dead)
L 09/23/2019 - 12:36:07: "Calcas Peludas<15><VALVE_ID_LAN><TERRORIST>" say "jeses" (dead)
L 09/23/2019 - 12:36:07: "DareDevil<8><VALVE_ID_LAN><CT>" say "kkkk" (dead)
L 09/23/2019 - 12:36:10: "XXBOT Quintin<17><BOT><TERRORIST>" committed suicide with "xm1014"
L 09/23/2019 - 12:36:10: Team "CT" triggered "CTs_Win" (CT "11") (T "7")
L 09/23/2019 - 12:36:10: World triggered "Round_End"
L 09/23/2019 - 12:36:13: "Calcas Peludas<15><VALVE_ID_LAN><TERRORIST>" say "ei" (dead)
L 09/23/2019 - 12:36:15: "CEIFADOR<7><VALVE_ID_LOOPBACK><TERRORIST>" triggered "Spawned_With_The_Bomb"
L 09/23/2019 - 12:36:15: World triggered "Round_Start"
L 09/23/2019 - 12:36:18: "Calcas Peludas<15><VALVE_ID_LAN><TERRORIST>" killed "DareDevil<8><VALVE_ID_LAN><CT>" with "awp"
L 09/23/2019 - 12:36:20: "Gho$T<10><VALVE_ID_LAN><TERRORIST>" killed "Kitkat<13><VALVE_ID_LAN><CT>" with "xm1014"
L 09/23/2019 - 12:36:21: "Cap Billy<9><VALVE_ID_LAN><CT>" killed "Gho$T<10><VALVE_ID_LAN><TERRORIST>" with "mac10"
L 09/23/2019 - 12:36:23: "Smolder<11><VALVE_ID_LAN><TERRORIST>" killed "@te<16><VALVE_ID_LAN><CT>" with "m3"
L 09/23/2019 - 12:36:28: "CEIFADOR<7><VALVE_ID_LOOPBACK><TERRORIST>" killed "Cap Billy<9><VALVE_ID_LAN><CT>" with "aug"
L 09/23/2019 - 12:36:30: "XXBOT Quintin<17><BOT><TERRORIST>" killed "Jack<12><VALVE_ID_LAN><CT>" with "glock18"
L 09/23/2019 - 12:36:30: Team "TERRORIST" triggered "Terrorists_Win" (CT "11") (T "8")
L 09/23/2019 - 12:36:30: World triggered "Round_End"
L 09/23/2019 - 12:36:35: "Gho$T<10><VALVE_ID_LAN><TERRORIST>" triggered "Spawned_With_The_Bomb"
L 09/23/2019 - 12:36:35: World triggered "Round_Start"
L 09/23/2019 - 12:36:38: "Calcas Peludas<15><VALVE_ID_LAN><TERRORIST>" killed "Kitkat<13><VALVE_ID_LAN><CT>" with "m4a1"
L 09/23/2019 - 12:36:38: "Cap Billy<9><VALVE_ID_LAN><CT>" killed "Calcas Peludas<15><VALVE_ID_LAN><TERRORIST>" with "sg552"
L 09/23/2019 - 12:36:40: "DareDevil<8><VALVE_ID_LAN><CT>" killed "XXBOT Quintin<17><BOT><TERRORIST>" with "xm1014"
L 09/23/2019 - 12:36:41: "DareDevil<8><VALVE_ID_LAN><CT>" killed "Smolder<11><VALVE_ID_LAN><TERRORIST>" with "xm1014"
L 09/23/2019 - 12:36:42: "Gho$T<10><VALVE_ID_LAN><TERRORIST>" killed "DareDevil<8><VALVE_ID_LAN><CT>" with "knife"
L 09/23/2019 - 12:36:44: "CEIFADOR<7><VALVE_ID_LOOPBACK><TERRORIST>" killed "Jack<12><VALVE_ID_LAN><CT>" with "aug"
L 09/23/2019 - 12:36:45: "@te<16><VALVE_ID_LAN><CT>" killed "CEIFADOR<7><VALVE_ID_LOOPBACK><TERRORIST>" with "mp5navy"
L 09/23/2019 - 12:36:45: "Smolder<11><VALVE_ID_LAN><TERRORIST>" say "tome" (dead)
L 09/23/2019 - 12:36:46: "DareDevil<8><VALVE_ID_LAN><CT>" say "camper" (dead)
L 09/23/2019 - 12:36:48: "Gho$T<10><VALVE_ID_LAN><TERRORIST>" killed "@te<16><VALVE_ID_LAN><CT>" with "knife"
L 09/23/2019 - 12:36:53: "Gho$T<10><VALVE_ID_LAN><TERRORIST>" killed "Cap Billy<9><VALVE_ID_LAN><CT>" with "knife"
L 09/23/2019 - 12:36:53: Team "TERRORIST" triggered "Terrorists_Win" (CT "11") (T "9")
L 09/23/2019 - 12:36:53: World triggered "Round_End"
L 09/23/2019 - 12:36:56: "Calcas Peludas<15><VALVE_ID_LAN><TERRORIST>" say "hahahahahahaha" (dead)
L 09/23/2019 - 12:36:57: "Smolder<11><VALVE_ID_LAN><TERRORIST>" say "6tomeeeee" (dead)
L 09/23/2019 - 12:36:58: "Smolder<11><VALVE_ID_LAN><TERRORIST>" triggered "Spawned_With_The_Bomb"
L 09/23/2019 - 12:36:58: World triggered "Round_Start"
L 09/23/2019 - 12:37:01: "Cap Billy<9><VALVE_ID_LAN><CT>" killed "CEIFADOR<7><VALVE_ID_LOOPBACK><TERRORIST>" with "m4a1"
L 09/23/2019 - 12:37:04: "Smolder<11><VALVE_ID_LAN><TERRORIST>" killed "Cap Billy<9><VALVE_ID_LAN><CT>" with "sg552"
L 09/23/2019 - 12:37:05: "Gho$T<10><VALVE_ID_LAN><TERRORIST>" killed "DareDevil<8><VALVE_ID_LAN><CT>" with "mp5navy"
L 09/23/2019 - 12:37:06: "@te<16><VALVE_ID_LAN><CT>" killed "Gho$T<10><VALVE_ID_LAN><TERRORIST>" with "mp5navy"
L 09/23/2019 - 12:37:07: "Calcas Peludas<15><VALVE_ID_LAN><TERRORIST>" killed "Kitkat<13><VALVE_ID_LAN><CT>" with "m249"
L 09/23/2019 - 12:37:09: "Jack<12><VALVE_ID_LAN><CT>" killed "XXBOT Quintin<17><BOT><TERRORIST>" with "ak47"
L 09/23/2019 - 12:37:10: "@te<16><VALVE_ID_LAN><CT>" killed "Smolder<11><VALVE_ID_LAN><TERRORIST>" with "knife"
L 09/23/2019 - 12:37:10: "Smolder<11><VALVE_ID_LAN><TERRORIST>" triggered "Dropped_The_Bomb"
L 09/23/2019 - 12:37:11: "Calcas Peludas<15><VALVE_ID_LAN><TERRORIST>" killed "Jack<12><VALVE_ID_LAN><CT>" with "m249"
L 09/23/2019 - 12:37:12: "Calcas Peludas<15><VALVE_ID_LAN><TERRORIST>" killed "@te<16><VALVE_ID_LAN><CT>" with "m249"
L 09/23/2019 - 12:37:12: Team "TERRORIST" triggered "Terrorists_Win" (CT "11") (T "10")
L 09/23/2019 - 12:37:12: World triggered "Round_End"
L 09/23/2019 - 12:37:14: "DareDevil<8><VALVE_ID_LAN><CT>" say "ui nega" (dead)
L 09/23/2019 - 12:37:14: "Cap Billy<9><VALVE_ID_LAN><CT>" say "OPA" (dead)
L 09/23/2019 - 12:37:16: "Jack<12><VALVE_ID_LAN><CT>" say_team "bala" (dead)
L 09/23/2019 - 12:37:17: "Calcas Peludas<15><VALVE_ID_LAN><TERRORIST>" triggered "Spawned_With_The_Bomb"
L 09/23/2019 - 12:37:18: World triggered "Round_Start"
L 09/23/2019 - 12:37:19: "Calcas Peludas<15><VALVE_ID_LAN><TERRORIST>" killed "Kitkat<13><VALVE_ID_LAN><CT>" with "ak47"
L 09/23/2019 - 12:37:21: "Cap Billy<9><VALVE_ID_LAN><CT>" killed "Gho$T<10><VALVE_ID_LAN><TERRORIST>" with "sg552"
L 09/23/2019 - 12:37:21: "CEIFADOR<7><VALVE_ID_LOOPBACK><TERRORIST>" killed "@te<16><VALVE_ID_LAN><CT>" with "xm1014"
L 09/23/2019 - 12:37:23: "DareDevil<8><VALVE_ID_LAN><CT>" killed "XXBOT Quintin<17><BOT><TERRORIST>" with "awp"
L 09/23/2019 - 12:37:28: "CEIFADOR<7><VALVE_ID_LOOPBACK><TERRORIST>" killed "Jack<12><VALVE_ID_LAN><CT>" with "xm1014"
L 09/23/2019 - 12:37:28: "Cap Billy<9><VALVE_ID_LAN><CT>" killed "Calcas Peludas<15><VALVE_ID_LAN><TERRORIST>" with "mp5navy"
L 09/23/2019 - 12:37:28: "Calcas Peludas<15><VALVE_ID_LAN><TERRORIST>" triggered "Dropped_The_Bomb"
L 09/23/2019 - 12:37:31: "Smolder<11><VALVE_ID_LAN><TERRORIST>" killed "Cap Billy<9><VALVE_ID_LAN><CT>" with "m4a1"
L 09/23/2019 - 12:37:36: Server cvar "amx_nextmap" = "sp_babar"
L 09/23/2019 - 12:37:41: "DareDevil<8><VALVE_ID_LAN><CT>" killed "Smolder<11><VALVE_ID_LAN><TERRORIST>" with "sg552"
L 09/23/2019 - 12:37:42: "Jack<12><VALVE_ID_LAN><CT>" say_team "bala" (dead)
L 09/23/2019 - 12:37:44: "CEIFADOR<7><VALVE_ID_LOOPBACK><TERRORIST>" triggered "Got_The_Bomb"
L 09/23/2019 - 12:37:46: "CEIFADOR<7><VALVE_ID_LOOPBACK><TERRORIST>" killed "DareDevil<8><VALVE_ID_LAN><CT>" with "xm1014"
L 09/23/2019 - 12:37:46: Team "TERRORIST" triggered "Terrorists_Win" (CT "11") (T "11")
L 09/23/2019 - 12:37:46: World triggered "Round_End"
L 09/23/2019 - 12:37:48: "Calcas Peludas<15><VALVE_ID_LAN><TERRORIST>" say_team "mapa" (dead)
L 09/23/2019 - 12:37:49: "Cap Billy<9><VALVE_ID_LAN><CT>" say_team "OUVE POW" (dead)
L 09/23/2019 - 12:37:51: "XXBOT Quintin<17><BOT><TERRORIST>" triggered "Spawned_With_The_Bomb"
L 09/23/2019 - 12:37:51: "Gho$T<10><VALVE_ID_LAN><TERRORIST>" say "timeleft"
L 09/23/2019 - 12:37:51: World triggered "Round_Start"
L 09/23/2019 - 12:37:57: "Cap Billy<9><VALVE_ID_LAN><CT>" killed "Gho$T<10><VALVE_ID_LAN><TERRORIST>" with "xm1014"
L 09/23/2019 - 12:37:59: "Cap Billy<9><VALVE_ID_LAN><CT>" killed "CEIFADOR<7><VALVE_ID_LOOPBACK><TERRORIST>" with "xm1014"
L 09/23/2019 - 12:37:59: "Calcas Peludas<15><VALVE_ID_LAN><TERRORIST>" killed "Jack<12><VALVE_ID_LAN><CT>" with "aug"
L 09/23/2019 - 12:38:01: "Smolder<11><VALVE_ID_LAN><TERRORIST>" killed "Cap Billy<9><VALVE_ID_LAN><CT>" with "mp5navy"
L 09/23/2019 - 12:38:03: "DareDevil<8><VALVE_ID_LAN><CT>" killed "Smolder<11><VALVE_ID_LAN><TERRORIST>" with "m4a1"
L 09/23/2019 - 12:38:03: "Kitkat<13><VALVE_ID_LAN><CT>" killed "Calcas Peludas<15><VALVE_ID_LAN><TERRORIST>" with "sg552"
L 09/23/2019 - 12:38:05: "Kitkat<13><VALVE_ID_LAN><CT>" killed "XXBOT Quintin<17><BOT><TERRORIST>" with "sg552"
L 09/23/2019 - 12:38:05: Team "CT" triggered "CTs_Win" (CT "12") (T "11")
L 09/23/2019 - 12:38:05: World triggered "Round_End"
L 09/23/2019 - 12:38:10: "CEIFADOR<7><VALVE_ID_LOOPBACK><TERRORIST>" triggered "Spawned_With_The_Bomb"
L 09/23/2019 - 12:38:10: World triggered "Round_Start"
L 09/23/2019 - 12:38:13: "Calcas Peludas<15><VALVE_ID_LAN><TERRORIST>" killed "Kitkat<13><VALVE_ID_LAN><CT>" with "sg552"
L 09/23/2019 - 12:38:14: "Jack<12><VALVE_ID_LAN><CT>" killed "Gho$T<10><VALVE_ID_LAN><TERRORIST>" with "m4a1"
L 09/23/2019 - 12:38:21: "XXBOT Quintin<17><BOT><TERRORIST>" killed "@te<16><VALVE_ID_LAN><CT>" with "glock18"
L 09/23/2019 - 12:38:22: "Smolder<11><VALVE_ID_LAN><TERRORIST>" killed "DareDevil<8><VALVE_ID_LAN><CT>" with "mp5navy"
L 09/23/2019 - 12:38:22: "Calcas Peludas<15><VALVE_ID_LAN><TERRORIST>" killed "Jack<12><VALVE_ID_LAN><CT>" with "sg552"
L 09/23/2019 - 12:38:23: "Cap Billy<9><VALVE_ID_LAN><CT>" killed "Calcas Peludas<15><VALVE_ID_LAN><TERRORIST>" with "xm1014"
L 09/23/2019 - 12:38:26: "Cap Billy<9><VALVE_ID_LAN><CT>" killed "Smolder<11><VALVE_ID_LAN><TERRORIST>" with "xm1014"
L 09/23/2019 - 12:38:28: "XXBOT Quintin<17><BOT><TERRORIST>" killed "Cap Billy<9><VALVE_ID_LAN><CT>" with "glock18"
L 09/23/2019 - 12:38:28: Team "TERRORIST" triggered "Terrorists_Win" (CT "12") (T "12")
L 09/23/2019 - 12:38:28: World triggered "Round_End"
L 09/23/2019 - 12:38:30: "Calcas Peludas<15><VALVE_ID_LAN><TERRORIST>" say_team "mapa" (dead)
L 09/23/2019 - 12:38:33: "Gho$T<10><VALVE_ID_LAN><TERRORIST>" triggered "Spawned_With_The_Bomb"
L 09/23/2019 - 12:38:33: World triggered "Round_Start"
L 09/23/2019 - 12:38:36: "Gho$T<10><VALVE_ID_LAN><TERRORIST>" killed "Jack<12><VALVE_ID_LAN><CT>" with "xm1014"
L 09/23/2019 - 12:38:36: "Gho$T<10><VALVE_ID_LAN><TERRORIST>" killed "Cap Billy<9><VALVE_ID_LAN><CT>" with "xm1014"
L 09/23/2019 - 12:38:39: "DareDevil<8><VALVE_ID_LAN><CT>" killed "CEIFADOR<7><VALVE_ID_LOOPBACK><TERRORIST>" with "aug"
L 09/23/2019 - 12:38:39: "Gho$T<10><VALVE_ID_LAN><TERRORIST>" killed "DareDevil<8><VALVE_ID_LAN><CT>" with "xm1014"
L 09/23/2019 - 12:38:41: "Gho$T<10><VALVE_ID_LAN><TERRORIST>" killed "Kitkat<13><VALVE_ID_LAN><CT>" with "xm1014"
L 09/23/2019 - 12:38:43: "Calcas Peludas<15><VALVE_ID_LAN><TERRORIST>" killed "@te<16><VALVE_ID_LAN><CT>" with "glock18"
L 09/23/2019 - 12:38:43: Team "TERRORIST" triggered "Terrorists_Win" (CT "12") (T "13")
L 09/23/2019 - 12:38:43: World triggered "Round_End"
L 09/23/2019 - 12:38:47: "Cap Billy<9><VALVE_ID_LAN><CT>" say_team "OPUTA MERDAA @@@@@@" (dead)
L 09/23/2019 - 12:38:48: "Smolder<11><VALVE_ID_LAN><TERRORIST>" triggered "Spawned_With_The_Bomb"
L 09/23/2019 - 12:38:48: World triggered "Round_Start"
L 09/23/2019 - 12:38:49: "Jack<12><VALVE_ID_LAN><CT>" say_team "bala caralho"
L 09/23/2019 - 12:38:52: "Cap Billy<9><VALVE_ID_LAN><CT>" killed "Gho$T<10><VALVE_ID_LAN><TERRORIST>" with "xm1014"
L 09/23/2019 - 12:38:55: "DareDevil<8><VALVE_ID_LAN><CT>" killed "Smolder<11><VALVE_ID_LAN><TERRORIST>" with "m4a1"
L 09/23/2019 - 12:38:55: "Smolder<11><VALVE_ID_LAN><TERRORIST>" triggered "Dropped_The_Bomb"
L 09/23/2019 - 12:38:56: "CEIFADOR<7><VALVE_ID_LOOPBACK><TERRORIST>" killed "Kitkat<13><VALVE_ID_LAN><CT>" with "m4a1"
L 09/23/2019 - 12:38:56: "XXBOT Quintin<17><BOT><TERRORIST>" killed "DareDevil<8><VALVE_ID_LAN><CT>" with "m4a1"
L 09/23/2019 - 12:38:57: "XXBOT Quintin<17><BOT><TERRORIST>" triggered "Got_The_Bomb"
L 09/23/2019 - 12:38:58: "Cap Billy<9><VALVE_ID_LAN><CT>" killed "XXBOT Quintin<17><BOT><TERRORIST>" with "xm1014"
L 09/23/2019 - 12:38:58: "XXBOT Quintin<17><BOT><TERRORIST>" triggered "Dropped_The_Bomb"
L 09/23/2019 - 12:39:00: "Cap Billy<9><VALVE_ID_LAN><CT>" killed "Calcas Peludas<15><VALVE_ID_LAN><TERRORIST>" with "xm1014"
L 09/23/2019 - 12:39:01: "Cap Billy<9><VALVE_ID_LAN><CT>" killed "CEIFADOR<7><VALVE_ID_LOOPBACK><TERRORIST>" with "xm1014"
L 09/23/2019 - 12:39:01: Team "CT" triggered "CTs_Win" (CT "13") (T "13")
L 09/23/2019 - 12:39:01: World triggered "Round_End"
L 09/23/2019 - 12:39:04: "Gho$T<10><VALVE_ID_LAN><TERRORIST>" say "timeleft" (dead)
L 09/23/2019 - 12:39:06: "Calcas Peludas<15><VALVE_ID_LAN><TERRORIST>" triggered "Spawned_With_The_Bomb"
L 09/23/2019 - 12:39:06: World triggered "Round_Start"
L 09/23/2019 - 12:39:13: "CEIFADOR<7><VALVE_ID_LOOPBACK><TERRORIST>" killed "Kitkat<13><VALVE_ID_LAN><CT>" with "aug"
L 09/23/2019 - 12:39:14: "Cap Billy<9><VALVE_ID_LAN><CT>" killed "Calcas Peludas<15><VALVE_ID_LAN><TERRORIST>" with "xm1014"
L 09/23/2019 - 12:39:14: "Calcas Peludas<15><VALVE_ID_LAN><TERRORIST>" triggered "Dropped_The_Bomb"
L 09/23/2019 - 12:39:15: "Jack<12><VALVE_ID_LAN><CT>" killed "Gho$T<10><VALVE_ID_LAN><TERRORIST>" with "xm1014"
L 09/23/2019 - 12:39:16: "Smolder<11><VALVE_ID_LAN><TERRORIST>" killed "Jack<12><VALVE_ID_LAN><CT>" with "mp5navy"
L 09/23/2019 - 12:39:17: "Cap Billy<9><VALVE_ID_LAN><CT>" killed "Smolder<11><VALVE_ID_LAN><TERRORIST>" with "xm1014"
L 09/23/2019 - 12:39:17: "Cap Billy<9><VALVE_ID_LAN><CT>" killed "CEIFADOR<7><VALVE_ID_LOOPBACK><TERRORIST>" with "xm1014"
L 09/23/2019 - 12:39:19: "@te<16><VALVE_ID_LAN><CT>" killed "XXBOT Quintin<17><BOT><TERRORIST>" with "mp5navy"
L 09/23/2019 - 12:39:19: Team "CT" triggered "CTs_Win" (CT "14") (T "13")
L 09/23/2019 - 12:39:19: World triggered "Round_End"
L 09/23/2019 - 12:39:24: "Calcas Peludas<15><VALVE_ID_LAN><TERRORIST>" say "mepatpu" (dead)
L 09/23/2019 - 12:39:24: "XXBOT Quintin<17><BOT><TERRORIST>" triggered "Spawned_With_The_Bomb"
L 09/23/2019 - 12:39:24: World triggered "Round_Start"
L 09/23/2019 - 12:39:28: "DareDevil<8><VALVE_ID_LAN><CT>" killed "CEIFADOR<7><VALVE_ID_LOOPBACK><TERRORIST>" with "sg552"
L 09/23/2019 - 12:39:28: "@te<16><VALVE_ID_LAN><CT>" killed "Gho$T<10><VALVE_ID_LAN><TERRORIST>" with "mp5navy"
L 09/23/2019 - 12:39:28: "Calcas Peludas<15><VALVE_ID_LAN><TERRORIST>" killed "Jack<12><VALVE_ID_LAN><CT>" with "aug"
L 09/23/2019 - 12:39:28: Team "CT" scored "14" with "5" players
L 09/23/2019 - 12:39:28: Team "TERRORIST" scored "13" with "5" players
L 09/23/2019 - 12:39:32: "Cap Billy<9><VALVE_ID_LAN><CT>" triggered "weaponstats" (weapon "grenade") (shots "5") (hits "9") (kills "1") (headshots "0") (tks "0") (damage "350") (deaths "0")
L 09/23/2019 - 12:39:32: "Cap Billy<9><VALVE_ID_LAN><CT>" triggered "weaponstats2" (weapon "grenade") (head "0") (chest "0") (stomach "0") (leftarm "0") (rightarm "0") (leftleg "0") (rightleg "0")
L 09/23/2019 - 12:39:32: "Cap Billy<9><VALVE_ID_LAN><CT>" triggered "weaponstats" (weapon "xm1014") (shots "67") (hits "40") (kills "18") (headshots "3") (tks "0") (damage "2389") (deaths "5")
L 09/23/2019 - 12:39:32: "Cap Billy<9><VALVE_ID_LAN><CT>" triggered "weaponstats2" (weapon "xm1014") (head "3") (chest "6") (stomach "5") (leftarm "10") (rightarm "3") (leftleg "8") (rightleg "5")
L 09/23/2019 - 12:39:32: "Cap Billy<9><VALVE_ID_LAN><CT>" triggered "weaponstats" (weapon "mac10") (shots "12") (hits "3") (kills "1") (headshots "1") (tks "0") (damage "144") (deaths "1")
L 09/23/2019 - 12:39:32: "Cap Billy<9><VALVE_ID_LAN><CT>" triggered "weaponstats2" (weapon "mac10") (head "1") (chest "0") (stomach "0") (leftarm "0") (rightarm "2") (leftleg "0") (rightleg "0")
L 09/23/2019 - 12:39:32: "Cap Billy<9><VALVE_ID_LAN><CT>" triggered "weaponstats" (weapon "usp") (shots "31") (hits "6") (kills "1") (headshots "1") (tks "0") (damage "276") (deaths "3")
L 09/23/2019 - 12:39:32: "Cap Billy<9><VALVE_ID_LAN><CT>" triggered "weaponstats2" (weapon "usp") (head "1") (chest "2") (stomach "0") (leftarm "1") (rightarm "2") (leftleg "0") (rightleg "0")
L 09/23/2019 - 12:39:32: "Cap Billy<9><VALVE_ID_LAN><CT>" triggered "weaponstats" (weapon "mp5navy") (shots "28") (hits "5") (kills "2") (headshots "2") (tks "0") (damage "244") (deaths "1")
L 09/23/2019 - 12:39:32: "Cap Billy<9><VALVE_ID_LAN><CT>" triggered "weaponstats2" (weapon "mp5navy") (head "2") (chest "0") (stomach "0") (leftarm "1") (rightarm "2") (leftleg "0") (rightleg "0")
L 09/23/2019 - 12:39:32: "Cap Billy<9><VALVE_ID_LAN><CT>" triggered "weaponstats" (weapon "m4a1") (shots "10") (hits "3") (kills "1") (headshots "1") (tks "0") (damage "173") (deaths "1")
L 09/23/2019 - 12:39:32: "Cap Billy<9><VALVE_ID_LAN><CT>" triggered "weaponstats2" (weapon "m4a1") (head "2") (chest "0") (stomach "0") (leftarm "0") (rightarm "1") (leftleg "0") (rightleg "0")
L 09/23/2019 - 12:39:32: "Cap Billy<9><VALVE_ID_LAN><CT>" triggered "weaponstats" (weapon "sg552") (shots "94") (hits "26") (kills "5") (headshots "1") (tks "0") (damage "823") (deaths "5")
L 09/23/2019 - 12:39:32: "Cap Billy<9><VALVE_ID_LAN><CT>" triggered "weaponstats2" (weapon "sg552") (head "1") (chest "3") (stomach "2") (leftarm "14") (rightarm "1") (leftleg "1") (rightleg "4")
L 09/23/2019 - 12:39:32: "Cap Billy<9><VALVE_ID_LAN><CT>" triggered "weaponstats" (weapon "ak47") (shots "75") (hits "14") (kills "3") (headshots "1") (tks "0") (damage "538") (deaths "5")
L 09/23/2019 - 12:39:32: "Cap Billy<9><VALVE_ID_LAN><CT>" triggered "weaponstats2" (weapon "ak47") (head "1") (chest "2") (stomach "2") (leftarm "5") (rightarm "0") (leftleg "3") (rightleg "1")
L 09/23/2019 - 12:39:32: "Cap Billy<9><VALVE_ID_LAN><CT>" triggered "time" (time "10:08")
L 09/23/2019 - 12:39:32: "Cap Billy<9><VALVE_ID_LAN><CT>" triggered "latency" (ping "8")
L 09/23/2019 - 12:39:34: "CEIFADOR<7><VALVE_ID_LOOPBACK><TERRORIST>" triggered "weaponstats" (weapon "grenade") (shots "5") (hits "7") (kills "0") (headshots "0") (tks "0") (damage "188") (deaths "0")
L 09/23/2019 - 12:39:34: "CEIFADOR<7><VALVE_ID_LOOPBACK><TERRORIST>" triggered "weaponstats2" (weapon "grenade") (head "0") (chest "0") (stomach "0") (leftarm "0") (rightarm "0") (leftleg "0") (rightleg "0")
L 09/23/2019 - 12:39:34: "CEIFADOR<7><VALVE_ID_LOOPBACK><TERRORIST>" triggered "weaponstats" (weapon "xm1014") (shots "19") (hits "11") (kills "3") (headshots "0") (tks "0") (damage "408") (deaths "0")
L 09/23/2019 - 12:39:34: "CEIFADOR<7><VALVE_ID_LOOPBACK><TERRORIST>" triggered "weaponstats2" (weapon "xm1014") (head "0") (chest "1") (stomach "3") (leftarm "3") (rightarm "0") (leftleg "4") (rightleg "0")
L 09/23/2019 - 12:39:34: "CEIFADOR<7><VALVE_ID_LOOPBACK><TERRORIST>" triggered "weaponstats" (weapon "mac10") (shots "29") (hits "2") (kills "0") (headshots "0") (tks "0") (damage "31") (deaths "0")
L 09/23/2019 - 12:39:34: "CEIFADOR<7><VALVE_ID_LOOPBACK><TERRORIST>" triggered "weaponstats2" (weapon "mac10") (head "0") (chest "1") (stomach "0") (leftarm "0") (rightarm "0") (leftleg "1") (rightleg "0")
L 09/23/2019 - 12:39:34: "CEIFADOR<7><VALVE_ID_LOOPBACK><TERRORIST>" triggered "weaponstats" (weapon "aug") (shots "103") (hits "14") (kills "6") (headshots "5") (tks "0") (damage "859") (deaths "4")
L 09/23/2019 - 12:39:34: "CEIFADOR<7><VALVE_ID_LOOPBACK><TERRORIST>" triggered "weaponstats2" (weapon "aug") (head "5") (chest "0") (stomach "1") (leftarm "4") (rightarm "1") (leftleg "2") (rightleg "1")
L 09/23/2019 - 12:39:34: "CEIFADOR<7><VALVE_ID_LOOPBACK><TERRORIST>" triggered "weaponstats" (weapon "glock18") (shots "16") (hits "2") (kills "0") (headshots "0") (tks "0") (damage "31") (deaths "2")
L 09/23/2019 - 12:39:34: "CEIFADOR<7><VALVE_ID_LOOPBACK><TERRORIST>" triggered "weaponstats2" (weapon "glock18") (head "0") (chest "0") (stomach "0") (leftarm "0") (rightarm "2") (leftleg "0") (rightleg "0")
L 09/23/2019 - 12:39:34: "CEIFADOR<7><VALVE_ID_LOOPBACK><TERRORIST>" triggered "weaponstats" (weapon "mp5navy") (shots "46") (hits "6") (kills "1") (headshots "1") (tks "0") (damage "233") (deaths "2")
L 09/23/2019 - 12:39:34: "CEIFADOR<7><VALVE_ID_LOOPBACK><TERRORIST>" triggered "weaponstats2" (weapon "mp5navy") (head "3") (chest "0") (stomach "1") (leftarm "2") (rightarm "0") (leftleg "0") (rightleg "0")
L 09/23/2019 - 12:39:34: "CEIFADOR<7><VALVE_ID_LOOPBACK><TERRORIST>" triggered "weaponstats" (weapon "m249") (shots "24") (hits "0") (kills "0") (headshots "0") (tks "0") (damage "0") (deaths "1")
L 09/23/2019 - 12:39:34: "CEIFADOR<7><VALVE_ID_LOOPBACK><TERRORIST>" triggered "weaponstats2" (weapon "m249") (head "0") (chest "0") (stomach "0") (leftarm "0") (rightarm "0") (leftleg "0") (rightleg "0")
L 09/23/2019 - 12:39:34: "CEIFADOR<7><VALVE_ID_LOOPBACK><TERRORIST>" triggered "weaponstats" (weapon "m3") (shots "2") (hits "0") (kills "0") (headshots "0") (tks "0") (damage "0") (deaths "0")
L 09/23/2019 - 12:39:34: "CEIFADOR<7><VALVE_ID_LOOPBACK><TERRORIST>" triggered "weaponstats2" (weapon "m3") (head "0") (chest "0") (stomach "0") (leftarm "0") (rightarm "0") (leftleg "0") (rightleg "0")
L 09/23/2019 - 12:39:34: "CEIFADOR<7><VALVE_ID_LOOPBACK><TERRORIST>" triggered "weaponstats" (weapon "m4a1") (shots "41") (hits "8") (kills "1") (headshots "0") (tks "0") (damage "195") (deaths "3")
L 09/23/2019 - 12:39:34: "CEIFADOR<7><VALVE_ID_LOOPBACK><TERRORIST>" triggered "weaponstats2" (weapon "m4a1") (head "0") (chest "2") (stomach "1") (leftarm "0") (rightarm "1") (leftleg "1") (rightleg "3")
L 09/23/2019 - 12:39:34: "CEIFADOR<7><VALVE_ID_LOOPBACK><TERRORIST>" triggered "weaponstats" (weapon "sg552") (shots "47") (hits "10") (kills "3") (headshots "1") (tks "0") (damage "384") (deaths "1")
L 09/23/2019 - 12:39:34: "CEIFADOR<7><VALVE_ID_LOOPBACK><TERRORIST>" triggered "weaponstats2" (weapon "sg552") (head "1") (chest "1") (stomach "1") (leftarm "2") (rightarm "2") (leftleg "3") (rightleg "0")
L 09/23/2019 - 12:39:34: "CEIFADOR<7><VALVE_ID_LOOPBACK><TERRORIST>" triggered "weaponstats" (weapon "ak47") (shots "83") (hits "13") (kills "2") (headshots "2") (tks "0") (damage "585") (deaths "6")
L 09/23/2019 - 12:39:34: "CEIFADOR<7><VALVE_ID_LOOPBACK><TERRORIST>" triggered "weaponstats2" (weapon "ak47") (head "3") (chest "2") (stomach "3") (leftarm "3") (rightarm "1") (leftleg "1") (rightleg "0")
L 09/23/2019 - 12:39:34: "CEIFADOR<7><VALVE_ID_LOOPBACK><TERRORIST>" triggered "weaponstats" (weapon "p90") (shots "28") (hits "4") (kills "0") (headshots "0") (tks "0") (damage "61") (deaths "2")
L 09/23/2019 - 12:39:34: "CEIFADOR<7><VALVE_ID_LOOPBACK><TERRORIST>" triggered "weaponstats2" (weapon "p90") (head "0") (chest "0") (stomach "0") (leftarm "0") (rightarm "2") (leftleg "0") (rightleg "2")
L 09/23/2019 - 12:39:34: "CEIFADOR<7><VALVE_ID_LOOPBACK><TERRORIST>" triggered "time" (time "10:12")
L 09/23/2019 - 12:39:34: "CEIFADOR<7><VALVE_ID_LOOPBACK><TERRORIST>" triggered "latency" (ping "0")
L 09/23/2019 - 12:39:34: "DareDevil<8><VALVE_ID_LAN><CT>" triggered "weaponstats" (weapon "grenade") (shots "5") (hits "3") (kills "1") (headshots "0") (tks "0") (damage "150") (deaths "0")
L 09/23/2019 - 12:39:34: "DareDevil<8><VALVE_ID_LAN><CT>" triggered "weaponstats2" (weapon "grenade") (head "0") (chest "0") (stomach "0") (leftarm "0") (rightarm "0") (leftleg "0") (rightleg "0")
L 09/23/2019 - 12:39:34: "DareDevil<8><VALVE_ID_LAN><CT>" triggered "weaponstats" (weapon "xm1014") (shots "49") (hits "25") (kills "13") (headshots "2") (tks "1") (damage "1849") (deaths "15")
L 09/23/2019 - 12:39:34: "DareDevil<8><VALVE_ID_LAN><CT>" triggered "weaponstats2" (weapon "xm1014") (head "2") (chest "4") (stomach "3") (leftarm "7") (rightarm "6") (leftleg "1") (rightleg "2")
L 09/23/2019 - 12:39:34: "DareDevil<8><VALVE_ID_LAN><CT>" triggered "weaponstats" (weapon "mac10") (shots "17") (hits "1") (kills "0") (headshots "0") (tks "0") (damage "23") (deaths "1")
L 09/23/2019 - 12:39:34: "DareDevil<8><VALVE_ID_LAN><CT>" triggered "weaponstats2" (weapon "mac10") (head "0") (chest "0") (stomach "0") (leftarm "1") (rightarm "0") (leftleg "0") (rightleg "0")
L 09/23/2019 - 12:39:34: "DareDevil<8><VALVE_ID_LAN><CT>" triggered "weaponstats" (weapon "aug") (shots "17") (hits "7") (kills "1") (headshots "0") (tks "0") (damage "183") (deaths "1")
L 09/23/2019 - 12:39:34: "DareDevil<8><VALVE_ID_LAN><CT>" triggered "weaponstats2" (weapon "aug") (head "0") (chest "1") (stomach "2") (leftarm "0") (rightarm "0") (leftleg "3") (rightleg "1")
L 09/23/2019 - 12:39:34: "DareDevil<8><VALVE_ID_LAN><CT>" triggered "weaponstats" (weapon "usp") (shots "1") (hits "0") (kills "0") (headshots "0") (tks "0") (damage "0") (deaths "0")
L 09/23/2019 - 12:39:34: "DareDevil<8><VALVE_ID_LAN><CT>" triggered "weaponstats2" (weapon "usp") (head "0") (chest "0") (stomach "0") (leftarm "0") (rightarm "0") (leftleg "0") (rightleg "0")
L 09/23/2019 - 12:39:34: "DareDevil<8><VALVE_ID_LAN><CT>" triggered "weaponstats" (weapon "awp") (shots "4") (hits "2") (kills "2") (headshots "0") (tks "0") (damage "253") (deaths "0")
L 09/23/2019 - 12:39:34: "DareDevil<8><VALVE_ID_LAN><CT>" triggered "weaponstats2" (weapon "awp") (head "0") (chest "1") (stomach "1") (leftarm "0") (rightarm "0") (leftleg "0") (rightleg "0")
L 09/23/2019 - 12:39:34: "DareDevil<8><VALVE_ID_LAN><CT>" triggered "weaponstats" (weapon "mp5navy") (shots "1") (hits "0") (kills "0") (headshots "0") (tks "0") (damage "0") (deaths "0")
L 09/23/2019 - 12:39:34: "DareDevil<8><VALVE_ID_LAN><CT>" triggered "weaponstats2" (weapon "mp5navy") (head "0") (chest "0") (stomach "0") (leftarm "0") (rightarm "0") (leftleg "0") (rightleg "0")
L 09/23/2019 - 12:39:34: "DareDevil<8><VALVE_ID_LAN><CT>" triggered "weaponstats" (weapon "m4a1") (shots "44") (hits "7") (kills "2") (headshots "1") (tks "0") (damage "294") (deaths "2")
L 09/23/2019 - 12:39:34: "DareDevil<8><VALVE_ID_LAN><CT>" triggered "weaponstats2" (weapon "m4a1") (head "1") (chest "1") (stomach "0") (leftarm "4") (rightarm "1") (leftleg "0") (rightleg "0")
L 09/23/2019 - 12:39:34: "DareDevil<8><VALVE_ID_LAN><CT>" triggered "weaponstats" (weapon "sg552") (shots "23") (hits "4") (kills "2") (headshots "0") (tks "0") (damage "125") (deaths "2")
L 09/23/2019 - 12:39:34: "DareDevil<8><VALVE_ID_LAN><CT>" triggered "weaponstats2" (weapon "sg552") (head "0") (chest "0") (stomach "1") (leftarm "1") (rightarm "2") (leftleg "0") (rightleg "0")
L 09/23/2019 - 12:39:34: "DareDevil<8><VALVE_ID_LAN><CT>" triggered "weaponstats" (weapon "ak47") (shots "1") (hits "0") (kills "0") (headshots "0") (tks "0") (damage "0") (deaths "0")
L 09/23/2019 - 12:39:34: "DareDevil<8><VALVE_ID_LAN><CT>" triggered "weaponstats2" (weapon "ak47") (head "0") (chest "0") (stomach "0") (leftarm "0") (rightarm "0") (leftleg "0") (rightleg "0")
L 09/23/2019 - 12:39:34: "DareDevil<8><VALVE_ID_LAN><CT>" triggered "time" (time "10:09")
L 09/23/2019 - 12:39:34: "DareDevil<8><VALVE_ID_LAN><CT>" triggered "latency" (ping "24")
L 09/23/2019 - 12:39:34: "Gho$T<10><VALVE_ID_LAN><TERRORIST>" triggered "weaponstats" (weapon "grenade") (shots "6") (hits "7") (kills "0") (headshots "0") (tks "0") (damage "216") (deaths "0")
L 09/23/2019 - 12:39:34: "Gho$T<10><VALVE_ID_LAN><TERRORIST>" triggered "weaponstats2" (weapon "grenade") (head "0") (chest "0") (stomach "0") (leftarm "0") (rightarm "0") (leftleg "0") (rightleg "0")
L 09/23/2019 - 12:39:34: "Gho$T<10><VALVE_ID_LAN><TERRORIST>" triggered "weaponstats" (weapon "xm1014") (shots "27") (hits "18") (kills "8") (headshots "1") (tks "0") (damage "1385") (deaths "3")
L 09/23/2019 - 12:39:34: "Gho$T<10><VALVE_ID_LAN><TERRORIST>" triggered "weaponstats2" (weapon "xm1014") (head "3") (chest "1") (stomach "3") (leftarm "9") (rightarm "1") (leftleg "0") (rightleg "1")
L 09/23/2019 - 12:39:34: "Gho$T<10><VALVE_ID_LAN><TERRORIST>" triggered "weaponstats" (weapon "mac10") (shots "77") (hits "18") (kills "6") (headshots "3") (tks "0") (damage "635") (deaths "4")
L 09/23/2019 - 12:39:34: "Gho$T<10><VALVE_ID_LAN><TERRORIST>" triggered "weaponstats2" (weapon "mac10") (head "4") (chest "2") (stomach "0") (leftarm "5") (rightarm "5") (leftleg "1") (rightleg "1")
L 09/23/2019 - 12:39:34: "Gho$T<10><VALVE_ID_LAN><TERRORIST>" triggered "weaponstats" (weapon "aug") (shots "4") (hits "1") (kills "0") (headshots "0") (tks "0") (damage "11") (deaths "1")
L 09/23/2019 - 12:39:34: "Gho$T<10><VALVE_ID_LAN><TERRORIST>" triggered "weaponstats2" (weapon "aug") (head "0") (chest "1") (stomach "0") (leftarm "0") (rightarm "0") (leftleg "0") (rightleg "0")
L 09/23/2019 - 12:39:34: "Gho$T<10><VALVE_ID_LAN><TERRORIST>" triggered "weaponstats" (weapon "glock18") (shots "17") (hits "5") (kills "0") (headshots "0") (tks "0") (damage "85") (deaths "1")
L 09/23/2019 - 12:39:34: "Gho$T<10><VALVE_ID_LAN><TERRORIST>" triggered "weaponstats2" (weapon "glock18") (head "0") (chest "3") (stomach "0") (leftarm "1") (rightarm "1") (leftleg "0") (rightleg "0")
L 09/23/2019 - 12:39:34: "Gho$T<10><VALVE_ID_LAN><TERRORIST>" triggered "weaponstats" (weapon "awp") (shots "1") (hits "1") (kills "1") (headshots "0") (tks "0") (damage "115") (deaths "0")
L 09/23/2019 - 12:39:34: "Gho$T<10><VALVE_ID_LAN><TERRORIST>" triggered "weaponstats2" (weapon "awp") (head "0") (chest "0") (stomach "0") (leftarm "1") (rightarm "0") (leftleg "0") (rightleg "0")
L 09/23/2019 - 12:39:34: "Gho$T<10><VALVE_ID_LAN><TERRORIST>" triggered "weaponstats" (weapon "mp5navy") (shots "36") (hits "3") (kills "2") (headshots "0") (tks "0") (damage "85") (deaths "2")
L 09/23/2019 - 12:39:34: "Gho$T<10><VALVE_ID_LAN><TERRORIST>" triggered "weaponstats2" (weapon "mp5navy") (head "0") (chest "1") (stomach "1") (leftarm "1") (rightarm "0") (leftleg "0") (rightleg "0")
L 09/23/2019 - 12:39:34: "Gho$T<10><VALVE_ID_LAN><TERRORIST>" triggered "weaponstats" (weapon "m249") (shots "65") (hits "4") (kills "2") (headshots "0") (tks "0") (damage "102") (deaths "1")
L 09/23/2019 - 12:39:34: "Gho$T<10><VALVE_ID_LAN><TERRORIST>" triggered "weaponstats2" (weapon "m249") (head "0") (chest "0") (stomach "1") (leftarm "0") (rightarm "0") (leftleg "1") (rightleg "2")
L 09/23/2019 - 12:39:34: "Gho$T<10><VALVE_ID_LAN><TERRORIST>" triggered "weaponstats" (weapon "m4a1") (shots "10") (hits "0") (kills "0") (headshots "0") (tks "0") (damage "0") (deaths "1")
L 09/23/2019 - 12:39:34: "Gho$T<10><VALVE_ID_LAN><TERRORIST>" triggered "weaponstats2" (weapon "m4a1") (head "0") (chest "0") (stomach "0") (leftarm "0") (rightarm "0") (leftleg "0") (rightleg "0")
L 09/23/2019 - 12:39:34: "Gho$T<10><VALVE_ID_LAN><TERRORIST>" triggered "weaponstats" (weapon "sg552") (shots "41") (hits "3") (kills "0") (headshots "0") (tks "0") (damage "83") (deaths "1")
L 09/23/2019 - 12:39:34: "Gho$T<10><VALVE_ID_LAN><TERRORIST>" triggered "weaponstats2" (weapon "sg552") (head "0") (chest "0") (stomach "1") (leftarm "0") (rightarm "0") (leftleg "2") (rightleg "0")
L 09/23/2019 - 12:39:34: "Gho$T<10><VALVE_ID_LAN><TERRORIST>" triggered "weaponstats" (weapon "ak47") (shots "21") (hits "8") (kills "0") (headshots "0") (tks "0") (damage "216") (deaths "3")
L 09/23/2019 - 12:39:34: "Gho$T<10><VALVE_ID_LAN><TERRORIST>" triggered "weaponstats2" (weapon "ak47") (head "1") (chest "0") (stomach "0") (leftarm "1") (rightarm "0") (leftleg "3") (rightleg "3")
L 09/23/2019 - 12:39:34: "Gho$T<10><VALVE_ID_LAN><TERRORIST>" triggered "weaponstats" (weapon "knife") (shots "9") (hits "4") (kills "4") (headshots "1") (tks "0") (damage "455") (deaths "4")
L 09/23/2019 - 12:39:34: "Gho$T<10><VALVE_ID_LAN><TERRORIST>" triggered "weaponstats2" (weapon "knife") (head "1") (chest "0") (stomach "0") (leftarm "2") (rightarm "1") (leftleg "0") (rightleg "0")
L 09/23/2019 - 12:39:34: "Gho$T<10><VALVE_ID_LAN><TERRORIST>" triggered "time" (time "10:07")
L 09/23/2019 - 12:39:34: "Gho$T<10><VALVE_ID_LAN><TERRORIST>" triggered "latency" (ping "7")
L 09/23/2019 - 12:39:34: "Smolder<11><VALVE_ID_LAN><TERRORIST>" triggered "weaponstats" (weapon "grenade") (shots "5") (hits "6") (kills "0") (headshots "0") (tks "0") (damage "260") (deaths "0")
L 09/23/2019 - 12:39:34: "Smolder<11><VALVE_ID_LAN><TERRORIST>" triggered "weaponstats2" (weapon "grenade") (head "0") (chest "0") (stomach "0") (leftarm "0") (rightarm "0") (leftleg "0") (rightleg "0")
L 09/23/2019 - 12:39:34: "Smolder<11><VALVE_ID_LAN><TERRORIST>" triggered "weaponstats" (weapon "xm1014") (shots "13") (hits "5") (kills "2") (headshots "0") (tks "0") (damage "401") (deaths "1")
L 09/23/2019 - 12:39:34: "Smolder<11><VALVE_ID_LAN><TERRORIST>" triggered "weaponstats2" (weapon "xm1014") (head "0") (chest "0") (stomach "0") (leftarm "4") (rightarm "1") (leftleg "0") (rightleg "0")
L 09/23/2019 - 12:39:34: "Smolder<11><VALVE_ID_LAN><TERRORIST>" triggered "weaponstats" (weapon "aug") (shots "60") (hits "3") (kills "1") (headshots "1") (tks "0") (damage "182") (deaths "2")
L 09/23/2019 - 12:39:34: "Smolder<11><VALVE_ID_LAN><TERRORIST>" triggered "weaponstats2" (weapon "aug") (head "2") (chest "0") (stomach "0") (leftarm "0") (rightarm "0") (leftleg "1") (rightleg "0")
L 09/23/2019 - 12:39:34: "Smolder<11><VALVE_ID_LAN><TERRORIST>" triggered "weaponstats" (weapon "glock18") (shots "4") (hits "0") (kills "0") (headshots "0") (tks "0") (damage "0") (deaths "0")
L 09/23/2019 - 12:39:34: "Smolder<11><VALVE_ID_LAN><TERRORIST>" triggered "weaponstats2" (weapon "glock18") (head "0") (chest "0") (stomach "0") (leftarm "0") (rightarm "0") (leftleg "0") (rightleg "0")
L 09/23/2019 - 12:39:34: "Smolder<11><VALVE_ID_LAN><TERRORIST>" triggered "weaponstats" (weapon "mp5navy") (shots "263") (hits "47") (kills "13") (headshots "4") (tks "0") (damage "1429") (deaths "9")
L 09/23/2019 - 12:39:34: "Smolder<11><VALVE_ID_LAN><TERRORIST>" triggered "weaponstats2" (weapon "mp5navy") (head "5") (chest "13") (stomach "2") (leftarm "14") (rightarm "9") (leftleg "3") (rightleg "1")
L 09/23/2019 - 12:39:34: "Smolder<11><VALVE_ID_LAN><TERRORIST>" triggered "weaponstats" (weapon "m3") (shots "2") (hits "1") (kills "1") (headshots "0") (tks "0") (damage "166") (deaths "0")
L 09/23/2019 - 12:39:34: "Smolder<11><VALVE_ID_LAN><TERRORIST>" triggered "weaponstats2" (weapon "m3") (head "0") (chest "1") (stomach "0") (leftarm "0") (rightarm "0") (leftleg "0") (rightleg "0")
L 09/23/2019 - 12:39:34: "Smolder<11><VALVE_ID_LAN><TERRORIST>" triggered "weaponstats" (weapon "m4a1") (shots "31") (hits "4") (kills "1") (headshots "0") (tks "0") (damage "69") (deaths "1")
L 09/23/2019 - 12:39:34: "Smolder<11><VALVE_ID_LAN><TERRORIST>" triggered "weaponstats2" (weapon "m4a1") (head "0") (chest "1") (stomach "0") (leftarm "0") (rightarm "0") (leftleg "2") (rightleg "1")
L 09/23/2019 - 12:39:34: "Smolder<11><VALVE_ID_LAN><TERRORIST>" triggered "weaponstats" (weapon "g3sg1") (shots "2") (hits "1") (kills "0") (headshots "0") (tks "0") (damage "59") (deaths "1")
L 09/23/2019 - 12:39:34: "Smolder<11><VALVE_ID_LAN><TERRORIST>" triggered "weaponstats2" (weapon "g3sg1") (head "0") (chest "0") (stomach "0") (leftarm "1") (rightarm "0") (leftleg "0") (rightleg "0")
L 09/23/2019 - 12:39:34: "Smolder<11><VALVE_ID_LAN><TERRORIST>" triggered "weaponstats" (weapon "sg552") (shots "15") (hits "5") (kills "1") (headshots "0") (tks "0") (damage "120") (deaths "1")
L 09/23/2019 - 12:39:34: "Smolder<11><VALVE_ID_LAN><TERRORIST>" triggered "weaponstats2" (weapon "sg552") (head "0") (chest "0") (stomach "0") (leftarm "2") (rightarm "0") (leftleg "1") (rightleg "2")
L 09/23/2019 - 12:39:34: "Smolder<11><VALVE_ID_LAN><TERRORIST>" triggered "weaponstats" (weapon "ak47") (shots "20") (hits "2") (kills "0") (headshots "0") (tks "0") (damage "70") (deaths "2")
L 09/23/2019 - 12:39:34: "Smolder<11><VALVE_ID_LAN><TERRORIST>" triggered "weaponstats2" (weapon "ak47") (head "0") (chest "1") (stomach "0") (leftarm "1") (rightarm "0") (leftleg "0") (rightleg "0")
L 09/23/2019 - 12:39:34: "Smolder<11><VALVE_ID_LAN><TERRORIST>" triggered "weaponstats" (weapon "knife") (shots "1") (hits "1") (kills "1") (headshots "1") (tks "0") (damage "260") (deaths "4")
L 09/23/2019 - 12:39:34: "Smolder<11><VALVE_ID_LAN><TERRORIST>" triggered "weaponstats2" (weapon "knife") (head "1") (chest "0") (stomach "0") (leftarm "0") (rightarm "0") (leftleg "0") (rightleg "0")
L 09/23/2019 - 12:39:34: "Smolder<11><VALVE_ID_LAN><TERRORIST>" triggered "time" (time "10:06")
L 09/23/2019 - 12:39:34: "Smolder<11><VALVE_ID_LAN><TERRORIST>" triggered "latency" (ping "8")
L 09/23/2019 - 12:39:34: "Jack<12><VALVE_ID_LAN><CT>" triggered "weaponstats" (weapon "grenade") (shots "8") (hits "13") (kills "1") (headshots "0") (tks "0") (damage "384") (deaths "0")
L 09/23/2019 - 12:39:34: "Jack<12><VALVE_ID_LAN><CT>" triggered "weaponstats2" (weapon "grenade") (head "0") (chest "0") (stomach "0") (leftarm "0") (rightarm "0") (leftleg "0") (rightleg "0")
L 09/23/2019 - 12:39:34: "Jack<12><VALVE_ID_LAN><CT>" triggered "weaponstats" (weapon "xm1014") (shots "7") (hits "3") (kills "1") (headshots "0") (tks "0") (damage "173") (deaths "1")
L 09/23/2019 - 12:39:34: "Jack<12><VALVE_ID_LAN><CT>" triggered "weaponstats2" (weapon "xm1014") (head "0") (chest "0") (stomach "0") (leftarm "2") (rightarm "1") (leftleg "0") (rightleg "0")
L 09/23/2019 - 12:39:34: "Jack<12><VALVE_ID_LAN><CT>" triggered "weaponstats" (weapon "mac10") (shots "84") (hits "10") (kills "3") (headshots "1") (tks "0") (damage "287") (deaths "2")
L 09/23/2019 - 12:39:34: "Jack<12><VALVE_ID_LAN><CT>" triggered "weaponstats2" (weapon "mac10") (head "1") (chest "0") (stomach "1") (leftarm "2") (rightarm "1") (leftleg "3") (rightleg "2")
L 09/23/2019 - 12:39:34: "Jack<12><VALVE_ID_LAN><CT>" triggered "weaponstats" (weapon "aug") (shots "175") (hits "25") (kills "10") (headshots "4") (tks "0") (damage "1091") (deaths "4")
L 09/23/2019 - 12:39:34: "Jack<12><VALVE_ID_LAN><CT>" triggered "weaponstats2" (weapon "aug") (head "4") (chest "1") (stomach "5") (leftarm "5") (rightarm "6") (leftleg "2") (rightleg "2")
L 09/23/2019 - 12:39:34: "Jack<12><VALVE_ID_LAN><CT>" triggered "weaponstats" (weapon "usp") (shots "38") (hits "10") (kills "0") (headshots "0") (tks "0") (damage "165") (deaths "2")
L 09/23/2019 - 12:39:34: "Jack<12><VALVE_ID_LAN><CT>" triggered "weaponstats2" (weapon "usp") (head "0") (chest "0") (stomach "0") (leftarm "2") (rightarm "3") (leftleg "3") (rightleg "2")
L 09/23/2019 - 12:39:34: "Jack<12><VALVE_ID_LAN><CT>" triggered "weaponstats" (weapon "mp5navy") (shots "104") (hits "29") (kills "7") (headshots "0") (tks "0") (damage "664") (deaths "2")
L 09/23/2019 - 12:39:34: "Jack<12><VALVE_ID_LAN><CT>" triggered "weaponstats2" (weapon "mp5navy") (head "0") (chest "9") (stomach "2") (leftarm "8") (rightarm "3") (leftleg "3") (rightleg "4")
L 09/23/2019 - 12:39:34: "Jack<12><VALVE_ID_LAN><CT>" triggered "weaponstats" (weapon "m249") (shots "56") (hits "0") (kills "0") (headshots "0") (tks "0") (damage "0") (deaths "1")
L 09/23/2019 - 12:39:34: "Jack<12><VALVE_ID_LAN><CT>" triggered "weaponstats2" (weapon "m249") (head "0") (chest "0") (stomach "0") (leftarm "0") (rightarm "0") (leftleg "0") (rightleg "0")
L 09/23/2019 - 12:39:34: "Jack<12><VALVE_ID_LAN><CT>" triggered "weaponstats" (weapon "m4a1") (shots "54") (hits "9") (kills "2") (headshots "0") (tks "0") (damage "213") (deaths "2")
L 09/23/2019 - 12:39:34: "Jack<12><VALVE_ID_LAN><CT>" triggered "weaponstats2" (weapon "m4a1") (head "0") (chest "0") (stomach "1") (leftarm "4") (rightarm "0") (leftleg "3") (rightleg "1")
L 09/23/2019 - 12:39:34: "Jack<12><VALVE_ID_LAN><CT>" triggered "weaponstats" (weapon "tmp") (shots "14") (hits "3") (kills "0") (headshots "0") (tks "0") (damage "35") (deaths "1")
L 09/23/2019 - 12:39:34: "Jack<12><VALVE_ID_LAN><CT>" triggered "weaponstats2" (weapon "tmp") (head "0") (chest "0") (stomach "0") (leftarm "1") (rightarm "1") (leftleg "0") (rightleg "1")
L 09/23/2019 - 12:39:34: "Jack<12><VALVE_ID_LAN><CT>" triggered "weaponstats" (weapon "ak47") (shots "24") (hits "5") (kills "1") (headshots "0") (tks "0") (damage "114") (deaths "1")
L 09/23/2019 - 12:39:34: "Jack<12><VALVE_ID_LAN><CT>" triggered "weaponstats2" (weapon "ak47") (head "0") (chest "0") (stomach "1") (leftarm "0") (rightarm "0") (leftleg "3") (rightleg "1")
L 09/23/2019 - 12:39:34: "Jack<12><VALVE_ID_LAN><CT>" triggered "weaponstats" (weapon "p90") (shots "16") (hits "2") (kills "0") (headshots "0") (tks "0") (damage "36") (deaths "1")
L 09/23/2019 - 12:39:34: "Jack<12><VALVE_ID_LAN><CT>" triggered "weaponstats2" (weapon "p90") (head "0") (chest "0") (stomach "1") (leftarm "0") (rightarm "1") (leftleg "0") (rightleg "0")
L 09/23/2019 - 12:39:34: "Jack<12><VALVE_ID_LAN><CT>" triggered "time" (time "9:56")
L 09/23/2019 - 12:39:34: "Jack<12><VALVE_ID_LAN><CT>" triggered "latency" (ping "11")
L 09/23/2019 - 12:39:34: "Kitkat<13><VALVE_ID_LAN><CT>" triggered "weaponstats" (weapon "xm1014") (shots "12") (hits "8") (kills "2") (headshots "0") (tks "0") (damage "287") (deaths "2")
L 09/23/2019 - 12:39:34: "Kitkat<13><VALVE_ID_LAN><CT>" triggered "weaponstats2" (weapon "xm1014") (head "0") (chest "2") (stomach "0") (leftarm "0") (rightarm "1") (leftleg "1") (rightleg "4")
L 09/23/2019 - 12:39:34: "Kitkat<13><VALVE_ID_LAN><CT>" triggered "weaponstats" (weapon "aug") (shots "2") (hits "0") (kills "0") (headshots "0") (tks "0") (damage "0") (deaths "3")
L 09/23/2019 - 12:39:34: "Kitkat<13><VALVE_ID_LAN><CT>" triggered "weaponstats2" (weapon "aug") (head "0") (chest "0") (stomach "0") (leftarm "0") (rightarm "0") (leftleg "0") (rightleg "0")
L 09/23/2019 - 12:39:34: "Kitkat<13><VALVE_ID_LAN><CT>" triggered "weaponstats" (weapon "usp") (shots "13") (hits "1") (kills "0") (headshots "0") (tks "0") (damage "21") (deaths "3")
L 09/23/2019 - 12:39:34: "Kitkat<13><VALVE_ID_LAN><CT>" triggered "weaponstats2" (weapon "usp") (head "0") (chest "0") (stomach "0") (leftarm "1") (rightarm "0") (leftleg "0") (rightleg "0")
L 09/23/2019 - 12:39:34: "Kitkat<13><VALVE_ID_LAN><CT>" triggered "weaponstats" (weapon "awp") (shots "1") (hits "0") (kills "0") (headshots "0") (tks "0") (damage "0") (deaths "0")
L 09/23/2019 - 12:39:34: "Kitkat<13><VALVE_ID_LAN><CT>" triggered "weaponstats2" (weapon "awp") (head "0") (chest "0") (stomach "0") (leftarm "0") (rightarm "0") (leftleg "0") (rightleg "0")
L 09/23/2019 - 12:39:34: "Kitkat<13><VALVE_ID_LAN><CT>" triggered "weaponstats" (weapon "mp5navy") (shots "82") (hits "15") (kills "3") (headshots "1") (tks "0") (damage "411") (deaths "5")
L 09/23/2019 - 12:39:34: "Kitkat<13><VALVE_ID_LAN><CT>" triggered "weaponstats2" (weapon "mp5navy") (head "1") (chest "2") (stomach "6") (leftarm "1") (rightarm "1") (leftleg "3") (rightleg "1")
L 09/23/2019 - 12:39:34: "Kitkat<13><VALVE_ID_LAN><CT>" triggered "weaponstats" (weapon "m249") (shots "9") (hits "1") (kills "0") (headshots "0") (tks "0") (damage "33") (deaths "2")
L 09/23/2019 - 12:39:34: "Kitkat<13><VALVE_ID_LAN><CT>" triggered "weaponstats2" (weapon "m249") (head "0") (chest "0") (stomach "0") (leftarm "1") (rightarm "0") (leftleg "0") (rightleg "0")
L 09/23/2019 - 12:39:34: "Kitkat<13><VALVE_ID_LAN><CT>" triggered "weaponstats" (weapon "m3") (shots "1") (hits "0") (kills "0") (headshots "0") (tks "0") (damage "0") (deaths "0")
L 09/23/2019 - 12:39:34: "Kitkat<13><VALVE_ID_LAN><CT>" triggered "weaponstats2" (weapon "m3") (head "0") (chest "0") (stomach "0") (leftarm "0") (rightarm "0") (leftleg "0") (rightleg "0")
L 09/23/2019 - 12:39:34: "Kitkat<13><VALVE_ID_LAN><CT>" triggered "weaponstats" (weapon "tmp") (shots "19") (hits "4") (kills "0") (headshots "0") (tks "0") (damage "52") (deaths "2")
L 09/23/2019 - 12:39:34: "Kitkat<13><VALVE_ID_LAN><CT>" triggered "weaponstats2" (weapon "tmp") (head "0") (chest "0") (stomach "0") (leftarm "3") (rightarm "0") (leftleg "1") (rightleg "0")
L 09/23/2019 - 12:39:34: "Kitkat<13><VALVE_ID_LAN><CT>" triggered "weaponstats" (weapon "g3sg1") (shots "1") (hits "0") (kills "0") (headshots "0") (tks "0") (damage "0") (deaths "0")
L 09/23/2019 - 12:39:34: "Kitkat<13><VALVE_ID_LAN><CT>" triggered "weaponstats2" (weapon "g3sg1") (head "0") (chest "0") (stomach "0") (leftarm "0") (rightarm "0") (leftleg "0") (rightleg "0")
L 09/23/2019 - 12:39:34: "Kitkat<13><VALVE_ID_LAN><CT>" triggered "weaponstats" (weapon "sg552") (shots "38") (hits "8") (kills "3") (headshots "2") (tks "0") (damage "409") (deaths "2")
L 09/23/2019 - 12:39:34: "Kitkat<13><VALVE_ID_LAN><CT>" triggered "weaponstats2" (weapon "sg552") (head "2") (chest "1") (stomach "2") (leftarm "1") (rightarm "0") (leftleg "2") (rightleg "0")
L 09/23/2019 - 12:39:34: "Kitkat<13><VALVE_ID_LAN><CT>" triggered "weaponstats" (weapon "ak47") (shots "22") (hits "2") (kills "0") (headshots "0") (tks "0") (damage "71") (deaths "2")
L 09/23/2019 - 12:39:34: "Kitkat<13><VALVE_ID_LAN><CT>" triggered "weaponstats2" (weapon "ak47") (head "0") (chest "0") (stomach "0") (leftarm "0") (rightarm "2") (leftleg "0") (rightleg "0")
L 09/23/2019 - 12:39:34: "Kitkat<13><VALVE_ID_LAN><CT>" triggered "weaponstats" (weapon "p90") (shots "12") (hits "0") (kills "0") (headshots "0") (tks "0") (damage "0") (deaths "1")
L 09/23/2019 - 12:39:34: "Kitkat<13><VALVE_ID_LAN><CT>" triggered "weaponstats2" (weapon "p90") (head "0") (chest "0") (stomach "0") (leftarm "0") (rightarm "0") (leftleg "0") (rightleg "0")
L 09/23/2019 - 12:39:34: "Kitkat<13><VALVE_ID_LAN><CT>" triggered "time" (time "9:43")
L 09/23/2019 - 12:39:34: "Kitkat<13><VALVE_ID_LAN><CT>" triggered "latency" (ping "15")
L 09/23/2019 - 12:39:34: "@te<16><VALVE_ID_LAN><CT>" triggered "weaponstats" (weapon "grenade") (shots "2") (hits "3") (kills "0") (headshots "0") (tks "0") (damage "142") (deaths "0")
L 09/23/2019 - 12:39:34: "@te<16><VALVE_ID_LAN><CT>" triggered "weaponstats2" (weapon "grenade") (head "0") (chest "0") (stomach "0") (leftarm "0") (rightarm "0") (leftleg "0") (rightleg "0")
L 09/23/2019 - 12:39:34: "@te<16><VALVE_ID_LAN><CT>" triggered "weaponstats" (weapon "xm1014") (shots "2") (hits "0") (kills "0") (headshots "0") (tks "0") (damage "0") (deaths "1")
L 09/23/2019 - 12:39:34: "@te<16><VALVE_ID_LAN><CT>" triggered "weaponstats2" (weapon "xm1014") (head "0") (chest "0") (stomach "0") (leftarm "0") (rightarm "0") (leftleg "0") (rightleg "0")
L 09/23/2019 - 12:39:34: "@te<16><VALVE_ID_LAN><CT>" triggered "weaponstats" (weapon "aug") (shots "10") (hits "0") (kills "0") (headshots "0") (tks "0") (damage "0") (deaths "1")
L 09/23/2019 - 12:39:34: "@te<16><VALVE_ID_LAN><CT>" triggered "weaponstats2" (weapon "aug") (head "0") (chest "0") (stomach "0") (leftarm "0") (rightarm "0") (leftleg "0") (rightleg "0")
L 09/23/2019 - 12:39:34: "@te<16><VALVE_ID_LAN><CT>" triggered "weaponstats" (weapon "usp") (shots "1") (hits "0") (kills "0") (headshots "0") (tks "0") (damage "0") (deaths "1")
L 09/23/2019 - 12:39:34: "@te<16><VALVE_ID_LAN><CT>" triggered "weaponstats2" (weapon "usp") (head "0") (chest "0") (stomach "0") (leftarm "0") (rightarm "0") (leftleg "0") (rightleg "0")
L 09/23/2019 - 12:39:34: "@te<16><VALVE_ID_LAN><CT>" triggered "weaponstats" (weapon "awp") (shots "1") (hits "0") (kills "0") (headshots "0") (tks "0") (damage "0") (deaths "0")
L 09/23/2019 - 12:39:34: "@te<16><VALVE_ID_LAN><CT>" triggered "weaponstats2" (weapon "awp") (head "0") (chest "0") (stomach "0") (leftarm "0") (rightarm "0") (leftleg "0") (rightleg "0")
L 09/23/2019 - 12:39:34: "@te<16><VALVE_ID_LAN><CT>" triggered "weaponstats" (weapon "mp5navy") (shots "132") (hits "14") (kills "4") (headshots "2") (tks "0") (damage "421") (deaths "2")
L 09/23/2019 - 12:39:34: "@te<16><VALVE_ID_LAN><CT>" triggered "weaponstats2" (weapon "mp5navy") (head "2") (chest "0") (stomach "1") (leftarm "5") (rightarm "5") (leftleg "1") (rightleg "0")
L 09/23/2019 - 12:39:34: "@te<16><VALVE_ID_LAN><CT>" triggered "weaponstats" (weapon "tmp") (shots "17") (hits "6") (kills "1") (headshots "0") (tks "0") (damage "107") (deaths "0")
L 09/23/2019 - 12:39:34: "@te<16><VALVE_ID_LAN><CT>" triggered "weaponstats2" (weapon "tmp") (head "0") (chest "2") (stomach "1") (leftarm "1") (rightarm "1") (leftleg "1") (rightleg "0")
L 09/23/2019 - 12:39:34: "@te<16><VALVE_ID_LAN><CT>" triggered "weaponstats" (weapon "knife") (shots "2") (hits "1") (kills "1") (headshots "1") (tks "0") (damage "65") (deaths "2")
L 09/23/2019 - 12:39:34: "@te<16><VALVE_ID_LAN><CT>" triggered "weaponstats2" (weapon "knife") (head "1") (chest "0") (stomach "0") (leftarm "0") (rightarm "0") (leftleg "0") (rightleg "0")
L 09/23/2019 - 12:39:34: "@te<16><VALVE_ID_LAN><CT>" triggered "time" (time "4:37")
L 09/23/2019 - 12:39:34: "@te<16><VALVE_ID_LAN><CT>" triggered "latency" (ping "5")
L 09/23/2019 - 12:39:34: "Calcas Peludas<15><VALVE_ID_LAN><TERRORIST>" triggered "weaponstats" (weapon "grenade") (shots "4") (hits "2") (kills "0") (headshots "0") (tks "0") (damage "76") (deaths "0")
L 09/23/2019 - 12:39:34: "Calcas Peludas<15><VALVE_ID_LAN><TERRORIST>" triggered "weaponstats2" (weapon "grenade") (head "0") (chest "0") (stomach "0") (leftarm "0") (rightarm "0") (leftleg "0") (rightleg "0")
L 09/23/2019 - 12:39:34: "Calcas Peludas<15><VALVE_ID_LAN><TERRORIST>" triggered "weaponstats" (weapon "aug") (shots "94") (hits "28") (kills "6") (headshots "2") (tks "0") (damage "936") (deaths "5")
L 09/23/2019 - 12:39:34: "Calcas Peludas<15><VALVE_ID_LAN><TERRORIST>" triggered "weaponstats2" (weapon "aug") (head "2") (chest "2") (stomach "3") (leftarm "12") (rightarm "6") (leftleg "1") (rightleg "2")
L 09/23/2019 - 12:39:34: "Calcas Peludas<15><VALVE_ID_LAN><TERRORIST>" triggered "weaponstats" (weapon "glock18") (shots "18") (hits "2") (kills "1") (headshots "0") (tks "0") (damage "40") (deaths "0")
L 09/23/2019 - 12:39:34: "Calcas Peludas<15><VALVE_ID_LAN><TERRORIST>" triggered "weaponstats2" (weapon "glock18") (head "0") (chest "1") (stomach "0") (leftarm "1") (rightarm "0") (leftleg "0") (rightleg "0")
L 09/23/2019 - 12:39:34: "Calcas Peludas<15><VALVE_ID_LAN><TERRORIST>" triggered "weaponstats" (weapon "awp") (shots "3") (hits "1") (kills "1") (headshots "0") (tks "0") (damage "109") (deaths "1")
L 09/23/2019 - 12:39:34: "Calcas Peludas<15><VALVE_ID_LAN><TERRORIST>" triggered "weaponstats2" (weapon "awp") (head "0") (chest "0") (stomach "0") (leftarm "0") (rightarm "1") (leftleg "0") (rightleg "0")
L 09/23/2019 - 12:39:34: "Calcas Peludas<15><VALVE_ID_LAN><TERRORIST>" triggered "weaponstats" (weapon "mp5navy") (shots "55") (hits "9") (kills "1") (headshots "1") (tks "0") (damage "249") (deaths "0")
L 09/23/2019 - 12:39:34: "Calcas Peludas<15><VALVE_ID_LAN><TERRORIST>" triggered "weaponstats2" (weapon "mp5navy") (head "1") (chest "0") (stomach "0") (leftarm "5") (rightarm "2") (leftleg "0") (rightleg "1")
L 09/23/2019 - 12:39:34: "Calcas Peludas<15><VALVE_ID_LAN><TERRORIST>" triggered "weaponstats" (weapon "m249") (shots "40") (hits "6") (kills "4") (headshots "2") (tks "0") (damage "366") (deaths "1")
L 09/23/2019 - 12:39:34: "Calcas Peludas<15><VALVE_ID_LAN><TERRORIST>" triggered "weaponstats2" (weapon "m249") (head "2") (chest "0") (stomach "1") (leftarm "3") (rightarm "0") (leftleg "0") (rightleg "0")
L 09/23/2019 - 12:39:34: "Calcas Peludas<15><VALVE_ID_LAN><TERRORIST>" triggered "weaponstats" (weapon "m4a1") (shots "27") (hits "7") (kills "1") (headshots "0") (tks "0") (damage "176") (deaths "1")
L 09/23/2019 - 12:39:34: "Calcas Peludas<15><VALVE_ID_LAN><TERRORIST>" triggered "weaponstats2" (weapon "m4a1") (head "0") (chest "2") (stomach "1") (leftarm "0") (rightarm "4") (leftleg "0") (rightleg "0")
L 09/23/2019 - 12:39:34: "Calcas Peludas<15><VALVE_ID_LAN><TERRORIST>" triggered "weaponstats" (weapon "sg552") (shots "58") (hits "13") (kills "3") (headshots "2") (tks "0") (damage "561") (deaths "4")
L 09/23/2019 - 12:39:34: "Calcas Peludas<15><VALVE_ID_LAN><TERRORIST>" triggered "weaponstats2" (weapon "sg552") (head "2") (chest "1") (stomach "1") (leftarm "3") (rightarm "3") (leftleg "0") (rightleg "3")
L 09/23/2019 - 12:39:34: "Calcas Peludas<15><VALVE_ID_LAN><TERRORIST>" triggered "weaponstats" (weapon "ak47") (shots "19") (hits "3") (kills "1") (headshots "0") (tks "0") (damage "106") (deaths "2")
L 09/23/2019 - 12:39:34: "Calcas Peludas<15><VALVE_ID_LAN><TERRORIST>" triggered "weaponstats2" (weapon "ak47") (head "0") (chest "2") (stomach "0") (leftarm "0") (rightarm "1") (leftleg "0") (rightleg "0")
L 09/23/2019 - 12:39:34: "Calcas Peludas<15><VALVE_ID_LAN><TERRORIST>" triggered "time" (time "7:57")
L 09/23/2019 - 12:39:34: "Calcas Peludas<15><VALVE_ID_LAN><TERRORIST>" triggered "latency" (ping "9")
L 09/23/2019 - 12:39:34: [META] ini: Begin re-reading plugins list: c:/valve/cstrike/addons/metamod/plugins.ini
L 09/23/2019 - 12:39:34: [META] ini: Read plugin config for: AMX
L 09/23/2019 - 12:39:34: [META] ini: Read plugin config for: WinHL-Booster
L 09/23/2019 - 12:39:34: [META] ERROR: ini: Skipping plugin, couldn't stat file 'addons/hlguard/dlls/hlguard_mm_nightly.dll': No such file or directory
L 09/23/2019 - 12:39:34: [META] ini: Read plugin config for: WebMod
L 09/23/2019 - 12:39:34: [META] ini: Finished reading plugins list: c:/valve/cstrike/addons/metamod/plugins.ini; Found 3 plugins
L 09/23/2019 - 12:39:34: [META] dll: Updating plugins...
L 09/23/2019 - 12:39:34: [META] ERROR: dll: Failed query plugin '<hlguard_mm_nightly.dll>'; Couldn't open file 'addons/hlguard/dlls/hlguard_mm_nightly.dll': No foi possvel encontrar o mdulo especificado.

L 09/23/2019 - 12:39:34: [META] ERROR: dll: Skipping plugin '<hlguard_mm_nightly.dll>'; couldn't query
L 09/23/2019 - 12:39:34: [META] dll: Finished updating 6 plugins; kept 3, loaded 0, unloaded 0, reloaded 0, delayed 0
L 09/23/2019 - 12:39:34: Server shutdown
L 09/23/2019 - 12:39:34: Log file closed
