L 09/26/2019 - 12:32:17: Log file started (file "logs\L0926001.log") (game "cstrike") (version "47/1.1.2.2/2603")
L 09/26/2019 - 12:32:18: "Cap Billy<9><VALVE_ID_LAN><CT>" killed "Calcas Peludas<15><VALVE_ID_LAN><TERRORIST>" with "m4a1"
L 09/26/2019 - 12:32:19: "Gho$T<12><VALVE_ID_LAN><TERRORIST>" killed "Cap Billy<9><VALVE_ID_LAN><CT>" with "knife"
L 09/26/2019 - 12:32:21: "INDIO de ferias<18><VALVE_ID_LAN><CT>" say "kkkkkkkkkk" (dead)
L 09/26/2019 - 12:32:21: "DareDevil<10><VALVE_ID_LAN><CT>" killed "Gho$T<12><VALVE_ID_LAN><TERRORIST>" with "xm1014"
L 09/26/2019 - 12:32:21: Team "CT" triggered "CTs_Win" (CT "4") (T "4")
L 09/26/2019 - 12:32:21: World triggered "Round_End"
L 09/26/2019 - 12:32:22: "Calcas Peludas<15><VALVE_ID_LAN><TERRORIST>" say "ai nega" (dead)
L 09/26/2019 - 12:32:23: "Smolder<11><VALVE_ID_LAN><TERRORIST>" say "tome" (dead)
L 09/26/2019 - 12:32:24: "Gho$T<12><VALVE_ID_LAN><TERRORIST>" say "tom,e" (dead)
L 09/26/2019 - 12:32:26: "Calcas Peludas<15><VALVE_ID_LAN><TERRORIST>" triggered "Spawned_With_The_Bomb"
L 09/26/2019 - 12:32:26: World triggered "Round_Start"
L 09/26/2019 - 12:32:32: "CEIFADOR<8><VALVE_ID_LOOPBACK><TERRORIST>" killed "DareDevil<10><VALVE_ID_LAN><CT>" with "sg552"
L 09/26/2019 - 12:32:32: "INDIO de ferias<18><VALVE_ID_LAN><CT>" killed "Gho$T<12><VALVE_ID_LAN><TERRORIST>" with "aug"
L 09/26/2019 - 12:32:34: "CEIFADOR<8><VALVE_ID_LOOPBACK><TERRORIST>" killed "Cap Billy<9><VALVE_ID_LAN><CT>" with "sg552"
L 09/26/2019 - 12:32:36: "Calcas Peludas<15><VALVE_ID_LAN><TERRORIST>" killed "INDIO de ferias<18><VALVE_ID_LAN><CT>" with "awp"
L 09/26/2019 - 12:32:38: "Calcas Peludas<15><VALVE_ID_LAN><TERRORIST>" killed "XXBOT Wolf<19><BOT><CT>" with "awp"
L 09/26/2019 - 12:32:44: "CEIFADOR<8><VALVE_ID_LOOPBACK><TERRORIST>" killed "Jack<14><VALVE_ID_LAN><CT>" with "glock18"
L 09/26/2019 - 12:32:44: Team "TERRORIST" triggered "Terrorists_Win" (CT "4") (T "5")
L 09/26/2019 - 12:32:44: World triggered "Round_End"
L 09/26/2019 - 12:32:48: "Cap Billy<9><VALVE_ID_LAN><CT>" say_team "sorte ia levar" (dead)
L 09/26/2019 - 12:32:49: "CEIFADOR<8><VALVE_ID_LOOPBACK><TERRORIST>" triggered "Spawned_With_The_Bomb"
L 09/26/2019 - 12:32:49: World triggered "Round_Start"
L 09/26/2019 - 12:32:53: "Jack<14><VALVE_ID_LAN><CT>" killed "Smolder<11><VALVE_ID_LAN><TERRORIST>" with "usp"
L 09/26/2019 - 12:32:54: "INDIO de ferias<18><VALVE_ID_LAN><CT>" killed "CEIFADOR<8><VALVE_ID_LOOPBACK><TERRORIST>" with "xm1014"
L 09/26/2019 - 12:32:54: "CEIFADOR<8><VALVE_ID_LOOPBACK><TERRORIST>" triggered "Dropped_The_Bomb"
L 09/26/2019 - 12:32:55: "Kitkat<13><VALVE_ID_LAN><TERRORIST>" killed "INDIO de ferias<18><VALVE_ID_LAN><CT>" with "aug"
L 09/26/2019 - 12:32:58: "DareDevil<10><VALVE_ID_LAN><CT>" killed "Kitkat<13><VALVE_ID_LAN><TERRORIST>" with "ak47"
L 09/26/2019 - 12:32:59: "Calcas Peludas<15><VALVE_ID_LAN><TERRORIST>" killed "Jack<14><VALVE_ID_LAN><CT>" with "grenade"
L 09/26/2019 - 12:33:00: "Calcas Peludas<15><VALVE_ID_LAN><TERRORIST>" killed "Cap Billy<9><VALVE_ID_LAN><CT>" with "aug"
L 09/26/2019 - 12:33:05: "Jack<14><VALVE_ID_LAN><CT>" say "caraiii so morro de bomba" (dead)
L 09/26/2019 - 12:33:07: "Calcas Peludas<15><VALVE_ID_LAN><TERRORIST>" killed "XXBOT Wolf<19><BOT><CT>" with "ak47"
L 09/26/2019 - 12:33:16: "Gho$T<12><VALVE_ID_LAN><TERRORIST>" killed "DareDevil<10><VALVE_ID_LAN><CT>" with "tmp"
L 09/26/2019 - 12:33:16: Team "TERRORIST" triggered "Terrorists_Win" (CT "4") (T "6")
L 09/26/2019 - 12:33:16: World triggered "Round_End"
L 09/26/2019 - 12:33:21: "Smolder<11><VALVE_ID_LAN><TERRORIST>" triggered "Spawned_With_The_Bomb"
L 09/26/2019 - 12:33:21: World triggered "Round_Start"
L 09/26/2019 - 12:33:24: "INDIO de ferias<18><VALVE_ID_LAN><CT>" killed "CEIFADOR<8><VALVE_ID_LOOPBACK><TERRORIST>" with "aug"
L 09/26/2019 - 12:33:27: "DareDevil<10><VALVE_ID_LAN><CT>" killed "Gho$T<12><VALVE_ID_LAN><TERRORIST>" with "mac10"
L 09/26/2019 - 12:33:28: "Jack<14><VALVE_ID_LAN><CT>" killed "Kitkat<13><VALVE_ID_LAN><TERRORIST>" with "usp"
L 09/26/2019 - 12:33:31: "Calcas Peludas<15><VALVE_ID_LAN><TERRORIST>" killed "DareDevil<10><VALVE_ID_LAN><CT>" with "sg552"
L 09/26/2019 - 12:33:35: "Calcas Peludas<15><VALVE_ID_LAN><TERRORIST>" killed "INDIO de ferias<18><VALVE_ID_LAN><CT>" with "sg552"
L 09/26/2019 - 12:33:35: "XXBOT Wolf<19><BOT><CT>" killed "Calcas Peludas<15><VALVE_ID_LAN><TERRORIST>" with "usp"
L 09/26/2019 - 12:33:37: "DareDevil<10><VALVE_ID_LAN><CT>" say "totem d euma figa" (dead)
L 09/26/2019 - 12:33:38: "Jack<14><VALVE_ID_LAN><CT>" killed "Smolder<11><VALVE_ID_LAN><TERRORIST>" with "xm1014"
L 09/26/2019 - 12:33:38: Team "CT" triggered "CTs_Win" (CT "5") (T "6")
L 09/26/2019 - 12:33:38: World triggered "Round_End"
L 09/26/2019 - 12:33:41: "Gho$T<12><VALVE_ID_LAN><TERRORIST>" say "kkkkk" (dead)
L 09/26/2019 - 12:33:43: "Gho$T<12><VALVE_ID_LAN><TERRORIST>" triggered "Spawned_With_The_Bomb"
L 09/26/2019 - 12:33:43: World triggered "Round_Start"
L 09/26/2019 - 12:33:47: "Calcas Peludas<15><VALVE_ID_LAN><TERRORIST>" killed "INDIO de ferias<18><VALVE_ID_LAN><CT>" with "aug"
L 09/26/2019 - 12:33:48: "Cap Billy<9><VALVE_ID_LAN><CT>" killed "CEIFADOR<8><VALVE_ID_LOOPBACK><TERRORIST>" with "xm1014"
L 09/26/2019 - 12:33:49: "XXBOT Wolf<19><BOT><CT>" killed "Calcas Peludas<15><VALVE_ID_LAN><TERRORIST>" with "m249"
L 09/26/2019 - 12:33:50: "XXBOT Wolf<19><BOT><CT>" killed "Kitkat<13><VALVE_ID_LAN><TERRORIST>" with "m249"
L 09/26/2019 - 12:33:50: "Gho$T<12><VALVE_ID_LAN><TERRORIST>" killed "Cap Billy<9><VALVE_ID_LAN><CT>" with "sg552"
L 09/26/2019 - 12:33:54: "DareDevil<10><VALVE_ID_LAN><CT>" killed "Gho$T<12><VALVE_ID_LAN><TERRORIST>" with "ak47"
L 09/26/2019 - 12:33:54: "Gho$T<12><VALVE_ID_LAN><TERRORIST>" triggered "Dropped_The_Bomb"
L 09/26/2019 - 12:33:54: "DareDevil<10><VALVE_ID_LAN><CT>" killed "Smolder<11><VALVE_ID_LAN><TERRORIST>" with "ak47"
L 09/26/2019 - 12:33:54: Team "CT" triggered "CTs_Win" (CT "6") (T "6")
L 09/26/2019 - 12:33:54: World triggered "Round_End"
L 09/26/2019 - 12:33:54: "Calcas Peludas<15><VALVE_ID_LAN><TERRORIST>" say "kkkkk" (dead)
L 09/26/2019 - 12:33:57: "INDIO de ferias<18><VALVE_ID_LAN><CT>" say "boa tarddeee" (dead)
L 09/26/2019 - 12:33:58: "Gho$T<12><VALVE_ID_LAN><TERRORIST>" say "travou" (dead)
L 09/26/2019 - 12:33:59: "DareDevil<10><VALVE_ID_LAN><CT>" say "matei ddois travado"
L 09/26/2019 - 12:33:59: "Kitkat<13><VALVE_ID_LAN><TERRORIST>" triggered "Spawned_With_The_Bomb"
L 09/26/2019 - 12:33:59: World triggered "Round_Start"
L 09/26/2019 - 12:34:01: "Cap Billy<9><VALVE_ID_LAN><CT>" killed "CEIFADOR<8><VALVE_ID_LOOPBACK><TERRORIST>" with "sg552"
L 09/26/2019 - 12:34:01: "Gho$T<12><VALVE_ID_LAN><TERRORIST>" killed "DareDevil<10><VALVE_ID_LAN><CT>" with "awp"
L 09/26/2019 - 12:34:03: "Gho$T<12><VALVE_ID_LAN><TERRORIST>" killed "XXBOT Wolf<19><BOT><CT>" with "awp"
L 09/26/2019 - 12:34:05: "Jack<14><VALVE_ID_LAN><CT>" killed "Kitkat<13><VALVE_ID_LAN><TERRORIST>" with "xm1014"
L 09/26/2019 - 12:34:05: "Kitkat<13><VALVE_ID_LAN><TERRORIST>" triggered "Dropped_The_Bomb"
L 09/26/2019 - 12:34:05: "Jack<14><VALVE_ID_LAN><CT>" killed "Calcas Peludas<15><VALVE_ID_LAN><TERRORIST>" with "xm1014"
L 09/26/2019 - 12:34:05: "Smolder<11><VALVE_ID_LAN><TERRORIST>" killed "Jack<14><VALVE_ID_LAN><CT>" with "m3"
L 09/26/2019 - 12:34:05: "Cap Billy<9><VALVE_ID_LAN><CT>" killed "Smolder<11><VALVE_ID_LAN><TERRORIST>" with "mp5navy"
L 09/26/2019 - 12:34:08: "INDIO de ferias<18><VALVE_ID_LAN><CT>" killed "Gho$T<12><VALVE_ID_LAN><TERRORIST>" with "xm1014"
L 09/26/2019 - 12:34:08: Team "CT" triggered "CTs_Win" (CT "7") (T "6")
L 09/26/2019 - 12:34:08: World triggered "Round_End"
L 09/26/2019 - 12:34:13: "Calcas Peludas<15><VALVE_ID_LAN><TERRORIST>" triggered "Spawned_With_The_Bomb"
L 09/26/2019 - 12:34:13: World triggered "Round_Start"
L 09/26/2019 - 12:34:15: "XXBOT Wolf<19><BOT><CT>" killed "Calcas Peludas<15><VALVE_ID_LAN><TERRORIST>" with "usp"
L 09/26/2019 - 12:34:15: "Calcas Peludas<15><VALVE_ID_LAN><TERRORIST>" triggered "Dropped_The_Bomb"
L 09/26/2019 - 12:34:17: "Cap Billy<9><VALVE_ID_LAN><CT>" killed "Smolder<11><VALVE_ID_LAN><TERRORIST>" with "mp5navy"
L 09/26/2019 - 12:34:18: "Kitkat<13><VALVE_ID_LAN><TERRORIST>" killed "INDIO de ferias<18><VALVE_ID_LAN><CT>" with "mac10"
L 09/26/2019 - 12:34:18: "Cap Billy<9><VALVE_ID_LAN><CT>" killed "CEIFADOR<8><VALVE_ID_LOOPBACK><TERRORIST>" with "mp5navy"
L 09/26/2019 - 12:34:19: "Jack<14><VALVE_ID_LAN><CT>" killed "Kitkat<13><VALVE_ID_LAN><TERRORIST>" with "usp"
L 09/26/2019 - 12:34:20: "XXBOT Wolf<19><BOT><CT>" killed "Gho$T<12><VALVE_ID_LAN><TERRORIST>" with "xm1014"
L 09/26/2019 - 12:34:20: Team "CT" triggered "CTs_Win" (CT "8") (T "6")
L 09/26/2019 - 12:34:20: World triggered "Round_End"
L 09/26/2019 - 12:34:22: "Gho$T<12><VALVE_ID_LAN><TERRORIST>" say_team "mapaa" (dead)
L 09/26/2019 - 12:34:25: "CEIFADOR<8><VALVE_ID_LOOPBACK><TERRORIST>" triggered "Spawned_With_The_Bomb"
L 09/26/2019 - 12:34:25: World triggered "Round_Start"
L 09/26/2019 - 12:34:27: "Cap Billy<9><VALVE_ID_LAN><CT>" killed "Gho$T<12><VALVE_ID_LAN><TERRORIST>" with "mp5navy"
L 09/26/2019 - 12:34:30: "Smolder<11><VALVE_ID_LAN><TERRORIST>" killed "Cap Billy<9><VALVE_ID_LAN><CT>" with "aug"
L 09/26/2019 - 12:34:30: "INDIO de ferias<18><VALVE_ID_LAN><CT>" killed "Calcas Peludas<15><VALVE_ID_LAN><TERRORIST>" with "aug"
L 09/26/2019 - 12:34:31: "INDIO de ferias<18><VALVE_ID_LAN><CT>" killed "CEIFADOR<8><VALVE_ID_LOOPBACK><TERRORIST>" with "aug"
L 09/26/2019 - 12:34:31: "CEIFADOR<8><VALVE_ID_LOOPBACK><TERRORIST>" triggered "Dropped_The_Bomb"
L 09/26/2019 - 12:34:32: "Smolder<11><VALVE_ID_LAN><TERRORIST>" killed "INDIO de ferias<18><VALVE_ID_LAN><CT>" with "aug"
L 09/26/2019 - 12:34:33: "Kitkat<13><VALVE_ID_LAN><TERRORIST>" killed "XXBOT Wolf<19><BOT><CT>" with "m4a1"
L 09/26/2019 - 12:34:34: "Jack<14><VALVE_ID_LAN><CT>" killed "Kitkat<13><VALVE_ID_LAN><TERRORIST>" with "usp"
L 09/26/2019 - 12:34:34: "Smolder<11><VALVE_ID_LAN><TERRORIST>" killed "Jack<14><VALVE_ID_LAN><CT>" with "aug"
L 09/26/2019 - 12:34:48: "DareDevil<10><VALVE_ID_LAN><CT>" killed "Smolder<11><VALVE_ID_LAN><TERRORIST>" with "xm1014"
L 09/26/2019 - 12:34:48: Team "CT" triggered "CTs_Win" (CT "9") (T "6")
L 09/26/2019 - 12:34:48: World triggered "Round_End"
L 09/26/2019 - 12:34:50: "Calcas Peludas<15><VALVE_ID_LAN><TERRORIST>" say "valha" (dead)
L 09/26/2019 - 12:34:53: "Smolder<11><VALVE_ID_LAN><TERRORIST>" triggered "Spawned_With_The_Bomb"
L 09/26/2019 - 12:34:53: World triggered "Round_Start"
L 09/26/2019 - 12:34:58: "INDIO de ferias<18><VALVE_ID_LAN><CT>" killed "Calcas Peludas<15><VALVE_ID_LAN><TERRORIST>" with "xm1014"
L 09/26/2019 - 12:34:59: "Gho$T<12><VALVE_ID_LAN><TERRORIST>" killed "DareDevil<10><VALVE_ID_LAN><CT>" with "mac10"
L 09/26/2019 - 12:35:01: "Cap Billy<9><VALVE_ID_LAN><CT>" killed "Gho$T<12><VALVE_ID_LAN><TERRORIST>" with "sg552"
L 09/26/2019 - 12:35:04: "Smolder<11><VALVE_ID_LAN><TERRORIST>" killed "INDIO de ferias<18><VALVE_ID_LAN><CT>" with "knife"
L 09/26/2019 - 12:35:06: "XXBOT Wolf<19><BOT><CT>" killed "Smolder<11><VALVE_ID_LAN><TERRORIST>" with "usp"
L 09/26/2019 - 12:35:06: "Smolder<11><VALVE_ID_LAN><TERRORIST>" triggered "Dropped_The_Bomb"
L 09/26/2019 - 12:35:07: "Jack<14><VALVE_ID_LAN><CT>" killed "Kitkat<13><VALVE_ID_LAN><TERRORIST>" with "p90"
L 09/26/2019 - 12:35:12: "Smolder<11><VALVE_ID_LAN><TERRORIST>" say "na cara do indio" (dead)
L 09/26/2019 - 12:35:13: "XXBOT Wolf<19><BOT><CT>" killed "CEIFADOR<8><VALVE_ID_LOOPBACK><TERRORIST>" with "xm1014"
L 09/26/2019 - 12:35:13: Team "CT" triggered "CTs_Win" (CT "10") (T "6")
L 09/26/2019 - 12:35:13: World triggered "Round_End"
L 09/26/2019 - 12:35:15: "DareDevil<10><VALVE_ID_LAN><CT>" say "k la t" (dead)
L 09/26/2019 - 12:35:16: "Calcas Peludas<15><VALVE_ID_LAN><TERRORIST>" say "hahahahahahahaha" (dead)
L 09/26/2019 - 12:35:18: "Gho$T<12><VALVE_ID_LAN><TERRORIST>" triggered "Spawned_With_The_Bomb"
L 09/26/2019 - 12:35:18: World triggered "Round_Start"
L 09/26/2019 - 12:35:21: "Cap Billy<9><VALVE_ID_LAN><CT>" killed "Kitkat<13><VALVE_ID_LAN><TERRORIST>" with "sg552"
L 09/26/2019 - 12:35:23: "Cap Billy<9><VALVE_ID_LAN><CT>" killed "Smolder<11><VALVE_ID_LAN><TERRORIST>" with "sg552"
L 09/26/2019 - 12:35:24: "DareDevil<10><VALVE_ID_LAN><CT>" killed "Gho$T<12><VALVE_ID_LAN><TERRORIST>" with "awp"
L 09/26/2019 - 12:35:24: "Gho$T<12><VALVE_ID_LAN><TERRORIST>" triggered "Dropped_The_Bomb"
L 09/26/2019 - 12:35:25: "Cap Billy<9><VALVE_ID_LAN><CT>" killed "Calcas Peludas<15><VALVE_ID_LAN><TERRORIST>" with "sg552"
L 09/26/2019 - 12:35:27: "CEIFADOR<8><VALVE_ID_LOOPBACK><TERRORIST>" triggered "weaponstats" (weapon "grenade") (shots "3") (hits "6") (kills "0") (headshots "0") (tks "0") (damage "302") (deaths "1")
L 09/26/2019 - 12:35:27: "CEIFADOR<8><VALVE_ID_LOOPBACK><TERRORIST>" triggered "weaponstats2" (weapon "grenade") (head "0") (chest "0") (stomach "0") (leftarm "0") (rightarm "0") (leftleg "0") (rightleg "0")
L 09/26/2019 - 12:35:27: "CEIFADOR<8><VALVE_ID_LOOPBACK><TERRORIST>" triggered "weaponstats" (weapon "xm1014") (shots "7") (hits "0") (kills "0") (headshots "0") (tks "0") (damage "0") (deaths "0")
L 09/26/2019 - 12:35:27: "CEIFADOR<8><VALVE_ID_LOOPBACK><TERRORIST>" triggered "weaponstats2" (weapon "xm1014") (head "0") (chest "0") (stomach "0") (leftarm "0") (rightarm "0") (leftleg "0") (rightleg "0")
L 09/26/2019 - 12:35:27: "CEIFADOR<8><VALVE_ID_LOOPBACK><TERRORIST>" triggered "weaponstats" (weapon "mac10") (shots "17") (hits "4") (kills "1") (headshots "0") (tks "0") (damage "71") (deaths "0")
L 09/26/2019 - 12:35:27: "CEIFADOR<8><VALVE_ID_LOOPBACK><TERRORIST>" triggered "weaponstats2" (weapon "mac10") (head "0") (chest "3") (stomach "0") (leftarm "1") (rightarm "0") (leftleg "0") (rightleg "0")
L 09/26/2019 - 12:35:27: "CEIFADOR<8><VALVE_ID_LOOPBACK><TERRORIST>" triggered "weaponstats" (weapon "aug") (shots "2") (hits "1") (kills "0") (headshots "0") (tks "0") (damage "32") (deaths "1")
L 09/26/2019 - 12:35:27: "CEIFADOR<8><VALVE_ID_LOOPBACK><TERRORIST>" triggered "weaponstats2" (weapon "aug") (head "0") (chest "0") (stomach "0") (leftarm "1") (rightarm "0") (leftleg "0") (rightleg "0")
L 09/26/2019 - 12:35:27: "CEIFADOR<8><VALVE_ID_LOOPBACK><TERRORIST>" triggered "weaponstats" (weapon "glock18") (shots "10") (hits "1") (kills "1") (headshots "1") (tks "0") (damage "88") (deaths "4")
L 09/26/2019 - 12:35:27: "CEIFADOR<8><VALVE_ID_LOOPBACK><TERRORIST>" triggered "weaponstats2" (weapon "glock18") (head "1") (chest "0") (stomach "0") (leftarm "0") (rightarm "0") (leftleg "0") (rightleg "0")
L 09/26/2019 - 12:35:27: "CEIFADOR<8><VALVE_ID_LOOPBACK><TERRORIST>" triggered "weaponstats" (weapon "mp5navy") (shots "73") (hits "13") (kills "4") (headshots "2") (tks "0") (damage "442") (deaths "2")
L 09/26/2019 - 12:35:27: "CEIFADOR<8><VALVE_ID_LOOPBACK><TERRORIST>" triggered "weaponstats2" (weapon "mp5navy") (head "2") (chest "3") (stomach "3") (leftarm "3") (rightarm "2") (leftleg "0") (rightleg "0")
L 09/26/2019 - 12:35:27: "CEIFADOR<8><VALVE_ID_LOOPBACK><TERRORIST>" triggered "weaponstats" (weapon "tmp") (shots "1") (hits "0") (kills "0") (headshots "0") (tks "0") (damage "0") (deaths "0")
L 09/26/2019 - 12:35:27: "CEIFADOR<8><VALVE_ID_LOOPBACK><TERRORIST>" triggered "weaponstats2" (weapon "tmp") (head "0") (chest "0") (stomach "0") (leftarm "0") (rightarm "0") (leftleg "0") (rightleg "0")
L 09/26/2019 - 12:35:27: "CEIFADOR<8><VALVE_ID_LOOPBACK><TERRORIST>" triggered "weaponstats" (weapon "sg552") (shots "30") (hits "5") (kills "2") (headshots "1") (tks "0") (damage "246") (deaths "1")
L 09/26/2019 - 12:35:27: "CEIFADOR<8><VALVE_ID_LOOPBACK><TERRORIST>" triggered "weaponstats2" (weapon "sg552") (head "1") (chest "0") (stomach "0") (leftarm "2") (rightarm "1") (leftleg "0") (rightleg "1")
L 09/26/2019 - 12:35:27: "CEIFADOR<8><VALVE_ID_LOOPBACK><TERRORIST>" triggered "weaponstats" (weapon "ak47") (shots "12") (hits "4") (kills "1") (headshots "0") (tks "0") (damage "137") (deaths "2")
L 09/26/2019 - 12:35:27: "CEIFADOR<8><VALVE_ID_LOOPBACK><TERRORIST>" triggered "weaponstats2" (weapon "ak47") (head "0") (chest "0") (stomach "0") (leftarm "3") (rightarm "1") (leftleg "0") (rightleg "0")
L 09/26/2019 - 12:35:27: "CEIFADOR<8><VALVE_ID_LOOPBACK><TERRORIST>" triggered "weaponstats" (weapon "knife") (shots "1") (hits "1") (kills "0") (headshots "0") (tks "0") (damage "65") (deaths "1")
L 09/26/2019 - 12:35:27: "CEIFADOR<8><VALVE_ID_LOOPBACK><TERRORIST>" triggered "weaponstats2" (weapon "knife") (head "0") (chest "0") (stomach "0") (leftarm "0") (rightarm "0") (leftleg "1") (rightleg "0")
L 09/26/2019 - 12:35:27: "CEIFADOR<8><VALVE_ID_LOOPBACK><TERRORIST>" triggered "weaponstats" (weapon "p90") (shots "4") (hits "0") (kills "0") (headshots "0") (tks "0") (damage "0") (deaths "0")
L 09/26/2019 - 12:35:27: "CEIFADOR<8><VALVE_ID_LOOPBACK><TERRORIST>" triggered "weaponstats2" (weapon "p90") (head "0") (chest "0") (stomach "0") (leftarm "0") (rightarm "0") (leftleg "0") (rightleg "0")
L 09/26/2019 - 12:35:27: "CEIFADOR<8><VALVE_ID_LOOPBACK><TERRORIST>" triggered "time" (time "5:43")
L 09/26/2019 - 12:35:27: "CEIFADOR<8><VALVE_ID_LOOPBACK><TERRORIST>" triggered "latency" (ping "5")
L 09/26/2019 - 12:35:27: "Cap Billy<9><VALVE_ID_LAN><CT>" triggered "weaponstats" (weapon "grenade") (shots "3") (hits "7") (kills "0") (headshots "0") (tks "0") (damage "359") (deaths "0")
L 09/26/2019 - 12:35:27: "Cap Billy<9><VALVE_ID_LAN><CT>" triggered "weaponstats2" (weapon "grenade") (head "0") (chest "0") (stomach "0") (leftarm "0") (rightarm "0") (leftleg "0") (rightleg "0")
L 09/26/2019 - 12:35:27: "Cap Billy<9><VALVE_ID_LAN><CT>" triggered "weaponstats" (weapon "xm1014") (shots "11") (hits "4") (kills "2") (headshots "0") (tks "0") (damage "580") (deaths "2")
L 09/26/2019 - 12:35:27: "Cap Billy<9><VALVE_ID_LAN><CT>" triggered "weaponstats2" (weapon "xm1014") (head "0") (chest "0") (stomach "1") (leftarm "2") (rightarm "1") (leftleg "0") (rightleg "0")
L 09/26/2019 - 12:35:27: "Cap Billy<9><VALVE_ID_LAN><CT>" triggered "weaponstats" (weapon "mac10") (shots "19") (hits "2") (kills "0") (headshots "0") (tks "0") (damage "54") (deaths "0")
L 09/26/2019 - 12:35:27: "Cap Billy<9><VALVE_ID_LAN><CT>" triggered "weaponstats2" (weapon "mac10") (head "0") (chest "0") (stomach "1") (leftarm "1") (rightarm "0") (leftleg "0") (rightleg "0")
L 09/26/2019 - 12:35:27: "Cap Billy<9><VALVE_ID_LAN><CT>" triggered "weaponstats" (weapon "usp") (shots "8") (hits "4") (kills "1") (headshots "1") (tks "0") (damage "151") (deaths "0")
L 09/26/2019 - 12:35:27: "Cap Billy<9><VALVE_ID_LAN><CT>" triggered "weaponstats2" (weapon "usp") (head "1") (chest "0") (stomach "1") (leftarm "0") (rightarm "0") (leftleg "0") (rightleg "2")
L 09/26/2019 - 12:35:27: "Cap Billy<9><VALVE_ID_LAN><CT>" triggered "weaponstats" (weapon "mp5navy") (shots "42") (hits "12") (kills "4") (headshots "2") (tks "0") (damage "383") (deaths "1")
L 09/26/2019 - 12:35:27: "Cap Billy<9><VALVE_ID_LAN><CT>" triggered "weaponstats2" (weapon "mp5navy") (head "2") (chest "6") (stomach "0") (leftarm "2") (rightarm "2") (leftleg "0") (rightleg "0")
L 09/26/2019 - 12:35:27: "Cap Billy<9><VALVE_ID_LAN><CT>" triggered "weaponstats" (weapon "m4a1") (shots "38") (hits "7") (kills "2") (headshots "1") (tks "0") (damage "309") (deaths "2")
L 09/26/2019 - 12:35:27: "Cap Billy<9><VALVE_ID_LAN><CT>" triggered "weaponstats2" (weapon "m4a1") (head "1") (chest "4") (stomach "0") (leftarm "1") (rightarm "1") (leftleg "0") (rightleg "0")
L 09/26/2019 - 12:35:27: "Cap Billy<9><VALVE_ID_LAN><CT>" triggered "weaponstats" (weapon "sg552") (shots "48") (hits "12") (kills "5") (headshots "1") (tks "0") (damage "441") (deaths "0")
L 09/26/2019 - 12:35:27: "Cap Billy<9><VALVE_ID_LAN><CT>" triggered "weaponstats2" (weapon "sg552") (head "1") (chest "1") (stomach "3") (leftarm "1") (rightarm "2") (leftleg "1") (rightleg "3")
L 09/26/2019 - 12:35:27: "Cap Billy<9><VALVE_ID_LAN><CT>" triggered "weaponstats" (weapon "ak47") (shots "87") (hits "11") (kills "2") (headshots "1") (tks "0") (damage "492") (deaths "5")
L 09/26/2019 - 12:35:27: "Cap Billy<9><VALVE_ID_LAN><CT>" triggered "weaponstats2" (weapon "ak47") (head "2") (chest "1") (stomach "1") (leftarm "4") (rightarm "1") (leftleg "1") (rightleg "1")
L 09/26/2019 - 12:35:27: "Cap Billy<9><VALVE_ID_LAN><CT>" triggered "weaponstats" (weapon "knife") (shots "4") (hits "1") (kills "1") (headshots "1") (tks "0") (damage "65") (deaths "2")
L 09/26/2019 - 12:35:27: "Cap Billy<9><VALVE_ID_LAN><CT>" triggered "weaponstats2" (weapon "knife") (head "1") (chest "0") (stomach "0") (leftarm "0") (rightarm "0") (leftleg "0") (rightleg "0")
L 09/26/2019 - 12:35:27: "Cap Billy<9><VALVE_ID_LAN><CT>" triggered "time" (time "5:40")
L 09/26/2019 - 12:35:27: "Cap Billy<9><VALVE_ID_LAN><CT>" triggered "latency" (ping "11")
L 09/26/2019 - 12:35:27: "DareDevil<10><VALVE_ID_LAN><CT>" triggered "weaponstats" (weapon "grenade") (shots "3") (hits "5") (kills "0") (headshots "0") (tks "0") (damage "187") (deaths "0")
L 09/26/2019 - 12:35:27: "DareDevil<10><VALVE_ID_LAN><CT>" triggered "weaponstats2" (weapon "grenade") (head "0") (chest "0") (stomach "0") (leftarm "0") (rightarm "0") (leftleg "0") (rightleg "0")
L 09/26/2019 - 12:35:27: "DareDevil<10><VALVE_ID_LAN><CT>" triggered "weaponstats" (weapon "xm1014") (shots "29") (hits "10") (kills "5") (headshots "1") (tks "0") (damage "740") (deaths "3")
L 09/26/2019 - 12:35:27: "DareDevil<10><VALVE_ID_LAN><CT>" triggered "weaponstats2" (weapon "xm1014") (head "1") (chest "2") (stomach "0") (leftarm "4") (rightarm "1") (leftleg "1") (rightleg "1")
L 09/26/2019 - 12:35:27: "DareDevil<10><VALVE_ID_LAN><CT>" triggered "weaponstats" (weapon "mac10") (shots "22") (hits "5") (kills "1") (headshots "0") (tks "0") (damage "111") (deaths "1")
L 09/26/2019 - 12:35:27: "DareDevil<10><VALVE_ID_LAN><CT>" triggered "weaponstats2" (weapon "mac10") (head "0") (chest "0") (stomach "0") (leftarm "3") (rightarm "1") (leftleg "0") (rightleg "1")
L 09/26/2019 - 12:35:27: "DareDevil<10><VALVE_ID_LAN><CT>" triggered "weaponstats" (weapon "aug") (shots "10") (hits "4") (kills "1") (headshots "0") (tks "0") (damage "120") (deaths "1")
L 09/26/2019 - 12:35:27: "DareDevil<10><VALVE_ID_LAN><CT>" triggered "weaponstats2" (weapon "aug") (head "0") (chest "3") (stomach "1") (leftarm "0") (rightarm "0") (leftleg "0") (rightleg "0")
L 09/26/2019 - 12:35:27: "DareDevil<10><VALVE_ID_LAN><CT>" triggered "weaponstats" (weapon "usp") (shots "7") (hits "2") (kills "0") (headshots "0") (tks "0") (damage "58") (deaths "1")
L 09/26/2019 - 12:35:27: "DareDevil<10><VALVE_ID_LAN><CT>" triggered "weaponstats2" (weapon "usp") (head "0") (chest "0") (stomach "0") (leftarm "2") (rightarm "0") (leftleg "0") (rightleg "0")
L 09/26/2019 - 12:35:27: "DareDevil<10><VALVE_ID_LAN><CT>" triggered "weaponstats" (weapon "awp") (shots "1") (hits "1") (kills "1") (headshots "0") (tks "0") (damage "124") (deaths "0")
L 09/26/2019 - 12:35:27: "DareDevil<10><VALVE_ID_LAN><CT>" triggered "weaponstats2" (weapon "awp") (head "0") (chest "0") (stomach "0") (leftarm "1") (rightarm "0") (leftleg "0") (rightleg "0")
L 09/26/2019 - 12:35:27: "DareDevil<10><VALVE_ID_LAN><CT>" triggered "weaponstats" (weapon "mp5navy") (shots "23") (hits "5") (kills "1") (headshots "0") (tks "0") (damage "115") (deaths "3")
L 09/26/2019 - 12:35:27: "DareDevil<10><VALVE_ID_LAN><CT>" triggered "weaponstats2" (weapon "mp5navy") (head "0") (chest "0") (stomach "0") (leftarm "3") (rightarm "1") (leftleg "1") (rightleg "0")
L 09/26/2019 - 12:35:27: "DareDevil<10><VALVE_ID_LAN><CT>" triggered "weaponstats" (weapon "m4a1") (shots "9") (hits "1") (kills "1") (headshots "0") (tks "0") (damage "33") (deaths "1")
L 09/26/2019 - 12:35:27: "DareDevil<10><VALVE_ID_LAN><CT>" triggered "weaponstats2" (weapon "m4a1") (head "0") (chest "0") (stomach "0") (leftarm "1") (rightarm "0") (leftleg "0") (rightleg "0")
L 09/26/2019 - 12:35:27: "DareDevil<10><VALVE_ID_LAN><CT>" triggered "weaponstats" (weapon "ak47") (shots "43") (hits "8") (kills "3") (headshots "2") (tks "0") (damage "483") (deaths "1")
L 09/26/2019 - 12:35:27: "DareDevil<10><VALVE_ID_LAN><CT>" triggered "weaponstats2" (weapon "ak47") (head "2") (chest "1") (stomach "1") (leftarm "3") (rightarm "1") (leftleg "0") (rightleg "0")
L 09/26/2019 - 12:35:27: "DareDevil<10><VALVE_ID_LAN><CT>" triggered "time" (time "5:39")
L 09/26/2019 - 12:35:27: "DareDevil<10><VALVE_ID_LAN><CT>" triggered "latency" (ping "11")
L 09/26/2019 - 12:35:27: "Smolder<11><VALVE_ID_LAN><TERRORIST>" triggered "weaponstats" (weapon "grenade") (shots "3") (hits "6") (kills "1") (headshots "0") (tks "0") (damage "248") (deaths "0")
L 09/26/2019 - 12:35:27: "Smolder<11><VALVE_ID_LAN><TERRORIST>" triggered "weaponstats2" (weapon "grenade") (head "0") (chest "0") (stomach "0") (leftarm "0") (rightarm "0") (leftleg "0") (rightleg "0")
L 09/26/2019 - 12:35:27: "Smolder<11><VALVE_ID_LAN><TERRORIST>" triggered "weaponstats" (weapon "aug") (shots "30") (hits "9") (kills "3") (headshots "0") (tks "0") (damage "197") (deaths "1")
L 09/26/2019 - 12:35:27: "Smolder<11><VALVE_ID_LAN><TERRORIST>" triggered "weaponstats2" (weapon "aug") (head "0") (chest "6") (stomach "1") (leftarm "1") (rightarm "1") (leftleg "0") (rightleg "0")
L 09/26/2019 - 12:35:27: "Smolder<11><VALVE_ID_LAN><TERRORIST>" triggered "weaponstats" (weapon "glock18") (shots "1") (hits "1") (kills "0") (headshots "0") (tks "0") (damage "28") (deaths "1")
L 09/26/2019 - 12:35:27: "Smolder<11><VALVE_ID_LAN><TERRORIST>" triggered "weaponstats2" (weapon "glock18") (head "0") (chest "0") (stomach "0") (leftarm "1") (rightarm "0") (leftleg "0") (rightleg "0")
L 09/26/2019 - 12:35:27: "Smolder<11><VALVE_ID_LAN><TERRORIST>" triggered "weaponstats" (weapon "mp5navy") (shots "96") (hits "32") (kills "3") (headshots "3") (tks "0") (damage "908") (deaths "4")
L 09/26/2019 - 12:35:27: "Smolder<11><VALVE_ID_LAN><TERRORIST>" triggered "weaponstats2" (weapon "mp5navy") (head "4") (chest "5") (stomach "6") (leftarm "10") (rightarm "4") (leftleg "0") (rightleg "3")
L 09/26/2019 - 12:35:27: "Smolder<11><VALVE_ID_LAN><TERRORIST>" triggered "weaponstats" (weapon "m3") (shots "3") (hits "2") (kills "1") (headshots "0") (tks "0") (damage "228") (deaths "1")
L 09/26/2019 - 12:35:27: "Smolder<11><VALVE_ID_LAN><TERRORIST>" triggered "weaponstats2" (weapon "m3") (head "0") (chest "0") (stomach "0") (leftarm "1") (rightarm "1") (leftleg "0") (rightleg "0")
L 09/26/2019 - 12:35:27: "Smolder<11><VALVE_ID_LAN><TERRORIST>" triggered "weaponstats" (weapon "ak47") (shots "77") (hits "11") (kills "3") (headshots "0") (tks "0") (damage "343") (deaths "3")
L 09/26/2019 - 12:35:27: "Smolder<11><VALVE_ID_LAN><TERRORIST>" triggered "weaponstats2" (weapon "ak47") (head "0") (chest "2") (stomach "1") (leftarm "3") (rightarm "4") (leftleg "0") (rightleg "1")
L 09/26/2019 - 12:35:27: "Smolder<11><VALVE_ID_LAN><TERRORIST>" triggered "weaponstats" (weapon "knife") (shots "1") (hits "1") (kills "1") (headshots "0") (tks "0") (damage "65") (deaths "2")
L 09/26/2019 - 12:35:27: "Smolder<11><VALVE_ID_LAN><TERRORIST>" triggered "weaponstats2" (weapon "knife") (head "0") (chest "1") (stomach "0") (leftarm "0") (rightarm "0") (leftleg "0") (rightleg "0")
L 09/26/2019 - 12:35:27: "Smolder<11><VALVE_ID_LAN><TERRORIST>" triggered "time" (time "5:40")
L 09/26/2019 - 12:35:27: "Smolder<11><VALVE_ID_LAN><TERRORIST>" triggered "latency" (ping "16")
L 09/26/2019 - 12:35:27: "Gho$T<12><VALVE_ID_LAN><TERRORIST>" triggered "weaponstats" (weapon "grenade") (shots "2") (hits "4") (kills "0") (headshots "0") (tks "0") (damage "188") (deaths "0")
L 09/26/2019 - 12:35:27: "Gho$T<12><VALVE_ID_LAN><TERRORIST>" triggered "weaponstats2" (weapon "grenade") (head "0") (chest "0") (stomach "0") (leftarm "0") (rightarm "0") (leftleg "0") (rightleg "0")
L 09/26/2019 - 12:35:27: "Gho$T<12><VALVE_ID_LAN><TERRORIST>" triggered "weaponstats" (weapon "xm1014") (shots "4") (hits "3") (kills "0") (headshots "0") (tks "0") (damage "132") (deaths "3")
L 09/26/2019 - 12:35:27: "Gho$T<12><VALVE_ID_LAN><TERRORIST>" triggered "weaponstats2" (weapon "xm1014") (head "0") (chest "1") (stomach "0") (leftarm "0") (rightarm "2") (leftleg "0") (rightleg "0")
L 09/26/2019 - 12:35:27: "Gho$T<12><VALVE_ID_LAN><TERRORIST>" triggered "weaponstats" (weapon "mac10") (shots "13") (hits "3") (kills "1") (headshots "1") (tks "0") (damage "143") (deaths "1")
L 09/26/2019 - 12:35:27: "Gho$T<12><VALVE_ID_LAN><TERRORIST>" triggered "weaponstats2" (weapon "mac10") (head "1") (chest "1") (stomach "0") (leftarm "0") (rightarm "0") (leftleg "0") (rightleg "1")
L 09/26/2019 - 12:35:27: "Gho$T<12><VALVE_ID_LAN><TERRORIST>" triggered "weaponstats" (weapon "glock18") (shots "18") (hits "6") (kills "2") (headshots "1") (tks "0") (damage "255") (deaths "0")
L 09/26/2019 - 12:35:27: "Gho$T<12><VALVE_ID_LAN><TERRORIST>" triggered "weaponstats2" (weapon "glock18") (head "2") (chest "1") (stomach "0") (leftarm "2") (rightarm "1") (leftleg "0") (rightleg "0")
L 09/26/2019 - 12:35:27: "Gho$T<12><VALVE_ID_LAN><TERRORIST>" triggered "weaponstats" (weapon "awp") (shots "2") (hits "2") (kills "2") (headshots "0") (tks "0") (damage "248") (deaths "0")
L 09/26/2019 - 12:35:27: "Gho$T<12><VALVE_ID_LAN><TERRORIST>" triggered "weaponstats2" (weapon "awp") (head "0") (chest "1") (stomach "1") (leftarm "0") (rightarm "0") (leftleg "0") (rightleg "0")
L 09/26/2019 - 12:35:27: "Gho$T<12><VALVE_ID_LAN><TERRORIST>" triggered "weaponstats" (weapon "mp5navy") (shots "1") (hits "0") (kills "0") (headshots "0") (tks "0") (damage "0") (deaths "1")
L 09/26/2019 - 12:35:27: "Gho$T<12><VALVE_ID_LAN><TERRORIST>" triggered "weaponstats2" (weapon "mp5navy") (head "0") (chest "0") (stomach "0") (leftarm "0") (rightarm "0") (leftleg "0") (rightleg "0")
L 09/26/2019 - 12:35:27: "Gho$T<12><VALVE_ID_LAN><TERRORIST>" triggered "weaponstats" (weapon "m4a1") (shots "11") (hits "2") (kills "0") (headshots "0") (tks "0") (damage "65") (deaths "1")
L 09/26/2019 - 12:35:27: "Gho$T<12><VALVE_ID_LAN><TERRORIST>" triggered "weaponstats2" (weapon "m4a1") (head "0") (chest "1") (stomach "0") (leftarm "1") (rightarm "0") (leftleg "0") (rightleg "0")
L 09/26/2019 - 12:35:27: "Gho$T<12><VALVE_ID_LAN><TERRORIST>" triggered "weaponstats" (weapon "tmp") (shots "27") (hits "6") (kills "1") (headshots "0") (tks "0") (damage "129") (deaths "1")
L 09/26/2019 - 12:35:27: "Gho$T<12><VALVE_ID_LAN><TERRORIST>" triggered "weaponstats2" (weapon "tmp") (head "0") (chest "1") (stomach "2") (leftarm "3") (rightarm "0") (leftleg "0") (rightleg "0")
L 09/26/2019 - 12:35:27: "Gho$T<12><VALVE_ID_LAN><TERRORIST>" triggered "weaponstats" (weapon "g3sg1") (shots "1") (hits "0") (kills "0") (headshots "0") (tks "0") (damage "0") (deaths "0")
L 09/26/2019 - 12:35:27: "Gho$T<12><VALVE_ID_LAN><TERRORIST>" triggered "weaponstats2" (weapon "g3sg1") (head "0") (chest "0") (stomach "0") (leftarm "0") (rightarm "0") (leftleg "0") (rightleg "0")
L 09/26/2019 - 12:35:27: "Gho$T<12><VALVE_ID_LAN><TERRORIST>" triggered "weaponstats" (weapon "sg552") (shots "44") (hits "14") (kills "3") (headshots "0") (tks "0") (damage "379") (deaths "6")
L 09/26/2019 - 12:35:27: "Gho$T<12><VALVE_ID_LAN><TERRORIST>" triggered "weaponstats2" (weapon "sg552") (head "0") (chest "1") (stomach "2") (leftarm "1") (rightarm "2") (leftleg "3") (rightleg "5")
L 09/26/2019 - 12:35:27: "Gho$T<12><VALVE_ID_LAN><TERRORIST>" triggered "weaponstats" (weapon "ak47") (shots "19") (hits "3") (kills "1") (headshots "0") (tks "0") (damage "112") (deaths "0")
L 09/26/2019 - 12:35:27: "Gho$T<12><VALVE_ID_LAN><TERRORIST>" triggered "weaponstats2" (weapon "ak47") (head "0") (chest "1") (stomach "0") (leftarm "2") (rightarm "0") (leftleg "0") (rightleg "0")
L 09/26/2019 - 12:35:27: "Gho$T<12><VALVE_ID_LAN><TERRORIST>" triggered "weaponstats" (weapon "knife") (shots "2") (hits "1") (kills "1") (headshots "0") (tks "0") (damage "65") (deaths "1")
L 09/26/2019 - 12:35:27: "Gho$T<12><VALVE_ID_LAN><TERRORIST>" triggered "weaponstats2" (weapon "knife") (head "0") (chest "0") (stomach "1") (leftarm "0") (rightarm "0") (leftleg "0") (rightleg "0")
L 09/26/2019 - 12:35:27: "Gho$T<12><VALVE_ID_LAN><TERRORIST>" triggered "time" (time "5:39")
L 09/26/2019 - 12:35:27: "Gho$T<12><VALVE_ID_LAN><TERRORIST>" triggered "latency" (ping "17")
L 09/26/2019 - 12:35:27: "Kitkat<13><VALVE_ID_LAN><TERRORIST>" triggered "weaponstats" (weapon "xm1014") (shots "4") (hits "1") (kills "0") (headshots "0") (tks "0") (damage "67") (deaths "1")
L 09/26/2019 - 12:35:27: "Kitkat<13><VALVE_ID_LAN><TERRORIST>" triggered "weaponstats2" (weapon "xm1014") (head "0") (chest "0") (stomach "0") (leftarm "0") (rightarm "0") (leftleg "1") (rightleg "0")
L 09/26/2019 - 12:35:27: "Kitkat<13><VALVE_ID_LAN><TERRORIST>" triggered "weaponstats" (weapon "mac10") (shots "15") (hits "6") (kills "1") (headshots "0") (tks "0") (damage "131") (deaths "1")
L 09/26/2019 - 12:35:27: "Kitkat<13><VALVE_ID_LAN><TERRORIST>" triggered "weaponstats2" (weapon "mac10") (head "0") (chest "1") (stomach "2") (leftarm "1") (rightarm "0") (leftleg "1") (rightleg "1")
L 09/26/2019 - 12:35:27: "Kitkat<13><VALVE_ID_LAN><TERRORIST>" triggered "weaponstats" (weapon "aug") (shots "44") (hits "9") (kills "2") (headshots "2") (tks "0") (damage "382") (deaths "3")
L 09/26/2019 - 12:35:27: "Kitkat<13><VALVE_ID_LAN><TERRORIST>" triggered "weaponstats2" (weapon "aug") (head "2") (chest "2") (stomach "0") (leftarm "2") (rightarm "0") (leftleg "0") (rightleg "3")
L 09/26/2019 - 12:35:27: "Kitkat<13><VALVE_ID_LAN><TERRORIST>" triggered "weaponstats" (weapon "glock18") (shots "13") (hits "3") (kills "0") (headshots "0") (tks "0") (damage "104") (deaths "3")
L 09/26/2019 - 12:35:27: "Kitkat<13><VALVE_ID_LAN><TERRORIST>" triggered "weaponstats2" (weapon "glock18") (head "1") (chest "1") (stomach "0") (leftarm "0") (rightarm "0") (leftleg "1") (rightleg "0")
L 09/26/2019 - 12:35:27: "Kitkat<13><VALVE_ID_LAN><TERRORIST>" triggered "weaponstats" (weapon "m249") (shots "7") (hits "0") (kills "0") (headshots "0") (tks "0") (damage "0") (deaths "1")
L 09/26/2019 - 12:35:27: "Kitkat<13><VALVE_ID_LAN><TERRORIST>" triggered "weaponstats2" (weapon "m249") (head "0") (chest "0") (stomach "0") (leftarm "0") (rightarm "0") (leftleg "0") (rightleg "0")
L 09/26/2019 - 12:35:27: "Kitkat<13><VALVE_ID_LAN><TERRORIST>" triggered "weaponstats" (weapon "m4a1") (shots "44") (hits "13") (kills "2") (headshots "1") (tks "0") (damage "468") (deaths "2")
L 09/26/2019 - 12:35:27: "Kitkat<13><VALVE_ID_LAN><TERRORIST>" triggered "weaponstats2" (weapon "m4a1") (head "1") (chest "1") (stomach "3") (leftarm "5") (rightarm "2") (leftleg "1") (rightleg "0")
L 09/26/2019 - 12:35:27: "Kitkat<13><VALVE_ID_LAN><TERRORIST>" triggered "weaponstats" (weapon "g3sg1") (shots "5") (hits "0") (kills "0") (headshots "0") (tks "0") (damage "0") (deaths "0")
L 09/26/2019 - 12:35:27: "Kitkat<13><VALVE_ID_LAN><TERRORIST>" triggered "weaponstats2" (weapon "g3sg1") (head "0") (chest "0") (stomach "0") (leftarm "0") (rightarm "0") (leftleg "0") (rightleg "0")
L 09/26/2019 - 12:35:27: "Kitkat<13><VALVE_ID_LAN><TERRORIST>" triggered "weaponstats" (weapon "ak47") (shots "1") (hits "0") (kills "0") (headshots "0") (tks "0") (damage "0") (deaths "1")
L 09/26/2019 - 12:35:27: "Kitkat<13><VALVE_ID_LAN><TERRORIST>" triggered "weaponstats2" (weapon "ak47") (head "0") (chest "0") (stomach "0") (leftarm "0") (rightarm "0") (leftleg "0") (rightleg "0")
L 09/26/2019 - 12:35:27: "Kitkat<13><VALVE_ID_LAN><TERRORIST>" triggered "time" (time "5:39")
L 09/26/2019 - 12:35:27: "Kitkat<13><VALVE_ID_LAN><TERRORIST>" triggered "latency" (ping "11")
L 09/26/2019 - 12:35:27: "Jack<14><VALVE_ID_LAN><CT>" triggered "weaponstats" (weapon "grenade") (shots "4") (hits "5") (kills "1") (headshots "0") (tks "1") (damage "163") (deaths "0")
L 09/26/2019 - 12:35:27: "Jack<14><VALVE_ID_LAN><CT>" triggered "weaponstats2" (weapon "grenade") (head "0") (chest "0") (stomach "0") (leftarm "0") (rightarm "0") (leftleg "0") (rightleg "0")
L 09/26/2019 - 12:35:27: "Jack<14><VALVE_ID_LAN><CT>" triggered "weaponstats" (weapon "xm1014") (shots "29") (hits "8") (kills "4") (headshots "1") (tks "0") (damage "604") (deaths "4")
L 09/26/2019 - 12:35:27: "Jack<14><VALVE_ID_LAN><CT>" triggered "weaponstats2" (weapon "xm1014") (head "1") (chest "0") (stomach "0") (leftarm "3") (rightarm "3") (leftleg "0") (rightleg "1")
L 09/26/2019 - 12:35:27: "Jack<14><VALVE_ID_LAN><CT>" triggered "weaponstats" (weapon "aug") (shots "26") (hits "4") (kills "1") (headshots "1") (tks "0") (damage "212") (deaths "1")
L 09/26/2019 - 12:35:27: "Jack<14><VALVE_ID_LAN><CT>" triggered "weaponstats2" (weapon "aug") (head "1") (chest "1") (stomach "1") (leftarm "0") (rightarm "0") (leftleg "0") (rightleg "1")
L 09/26/2019 - 12:35:27: "Jack<14><VALVE_ID_LAN><CT>" triggered "weaponstats" (weapon "usp") (shots "56") (hits "19") (kills "4") (headshots "2") (tks "0") (damage "597") (deaths "2")
L 09/26/2019 - 12:35:27: "Jack<14><VALVE_ID_LAN><CT>" triggered "weaponstats2" (weapon "usp") (head "2") (chest "2") (stomach "3") (leftarm "6") (rightarm "2") (leftleg "1") (rightleg "3")
L 09/26/2019 - 12:35:27: "Jack<14><VALVE_ID_LAN><CT>" triggered "weaponstats" (weapon "mp5navy") (shots "33") (hits "4") (kills "1") (headshots "0") (tks "0") (damage "140") (deaths "2")
L 09/26/2019 - 12:35:27: "Jack<14><VALVE_ID_LAN><CT>" triggered "weaponstats2" (weapon "mp5navy") (head "0") (chest "1") (stomach "0") (leftarm "3") (rightarm "0") (leftleg "0") (rightleg "0")
L 09/26/2019 - 12:35:27: "Jack<14><VALVE_ID_LAN><CT>" triggered "weaponstats" (weapon "m4a1") (shots "30") (hits "0") (kills "0") (headshots "0") (tks "0") (damage "0") (deaths "1")
L 09/26/2019 - 12:35:27: "Jack<14><VALVE_ID_LAN><CT>" triggered "weaponstats2" (weapon "m4a1") (head "0") (chest "0") (stomach "0") (leftarm "0") (rightarm "0") (leftleg "0") (rightleg "0")
L 09/26/2019 - 12:35:27: "Jack<14><VALVE_ID_LAN><CT>" triggered "weaponstats" (weapon "knife") (shots "2") (hits "0") (kills "0") (headshots "0") (tks "0") (damage "0") (deaths "0")
L 09/26/2019 - 12:35:27: "Jack<14><VALVE_ID_LAN><CT>" triggered "weaponstats2" (weapon "knife") (head "0") (chest "0") (stomach "0") (leftarm "0") (rightarm "0") (leftleg "0") (rightleg "0")
L 09/26/2019 - 12:35:27: "Jack<14><VALVE_ID_LAN><CT>" triggered "weaponstats" (weapon "p90") (shots "22") (hits "3") (kills "1") (headshots "0") (tks "0") (damage "59") (deaths "0")
L 09/26/2019 - 12:35:27: "Jack<14><VALVE_ID_LAN><CT>" triggered "weaponstats2" (weapon "p90") (head "0") (chest "0") (stomach "0") (leftarm "1") (rightarm "1") (leftleg "0") (rightleg "1")
L 09/26/2019 - 12:35:27: "Jack<14><VALVE_ID_LAN><CT>" triggered "time" (time "5:36")
L 09/26/2019 - 12:35:27: "Jack<14><VALVE_ID_LAN><CT>" triggered "latency" (ping "16")
L 09/26/2019 - 12:35:27: "Calcas Peludas<15><VALVE_ID_LAN><TERRORIST>" triggered "weaponstats" (weapon "grenade") (shots "5") (hits "6") (kills "4") (headshots "0") (tks "0") (damage "215") (deaths "0")
L 09/26/2019 - 12:35:27: "Calcas Peludas<15><VALVE_ID_LAN><TERRORIST>" triggered "weaponstats2" (weapon "grenade") (head "0") (chest "0") (stomach "0") (leftarm "0") (rightarm "0") (leftleg "0") (rightleg "0")
L 09/26/2019 - 12:35:27: "Calcas Peludas<15><VALVE_ID_LAN><TERRORIST>" triggered "weaponstats" (weapon "mac10") (shots "6") (hits "1") (kills "0") (headshots "0") (tks "0") (damage "26") (deaths "0")
L 09/26/2019 - 12:35:27: "Calcas Peludas<15><VALVE_ID_LAN><TERRORIST>" triggered "weaponstats2" (weapon "mac10") (head "0") (chest "0") (stomach "1") (leftarm "0") (rightarm "0") (leftleg "0") (rightleg "0")
L 09/26/2019 - 12:35:27: "Calcas Peludas<15><VALVE_ID_LAN><TERRORIST>" triggered "weaponstats" (weapon "aug") (shots "71") (hits "23") (kills "5") (headshots "2") (tks "0") (damage "763") (deaths "3")
L 09/26/2019 - 12:35:27: "Calcas Peludas<15><VALVE_ID_LAN><TERRORIST>" triggered "weaponstats2" (weapon "aug") (head "2") (chest "4") (stomach "5") (leftarm "8") (rightarm "3") (leftleg "1") (rightleg "0")
L 09/26/2019 - 12:35:27: "Calcas Peludas<15><VALVE_ID_LAN><TERRORIST>" triggered "weaponstats" (weapon "awp") (shots "6") (hits "3") (kills "3") (headshots "0") (tks "0") (damage "367") (deaths "1")
L 09/26/2019 - 12:35:27: "Calcas Peludas<15><VALVE_ID_LAN><TERRORIST>" triggered "weaponstats2" (weapon "awp") (head "0") (chest "1") (stomach "1") (leftarm "0") (rightarm "1") (leftleg "0") (rightleg "0")
L 09/26/2019 - 12:35:27: "Calcas Peludas<15><VALVE_ID_LAN><TERRORIST>" triggered "weaponstats" (weapon "mp5navy") (shots "11") (hits "3") (kills "0") (headshots "0") (tks "0") (damage "71") (deaths "1")
L 09/26/2019 - 12:35:27: "Calcas Peludas<15><VALVE_ID_LAN><TERRORIST>" triggered "weaponstats2" (weapon "mp5navy") (head "0") (chest "1") (stomach "1") (leftarm "1") (rightarm "0") (leftleg "0") (rightleg "0")
L 09/26/2019 - 12:35:27: "Calcas Peludas<15><VALVE_ID_LAN><TERRORIST>" triggered "weaponstats" (weapon "m249") (shots "66") (hits "15") (kills "1") (headshots "0") (tks "0") (damage "297") (deaths "4")
L 09/26/2019 - 12:35:27: "Calcas Peludas<15><VALVE_ID_LAN><TERRORIST>" triggered "weaponstats2" (weapon "m249") (head "0") (chest "0") (stomach "3") (leftarm "6") (rightarm "1") (leftleg "0") (rightleg "5")
L 09/26/2019 - 12:35:27: "Calcas Peludas<15><VALVE_ID_LAN><TERRORIST>" triggered "weaponstats" (weapon "g3sg1") (shots "1") (hits "0") (kills "0") (headshots "0") (tks "0") (damage "0") (deaths "0")
L 09/26/2019 - 12:35:27: "Calcas Peludas<15><VALVE_ID_LAN><TERRORIST>" triggered "weaponstats2" (weapon "g3sg1") (head "0") (chest "0") (stomach "0") (leftarm "0") (rightarm "0") (leftleg "0") (rightleg "0")
L 09/26/2019 - 12:35:27: "Calcas Peludas<15><VALVE_ID_LAN><TERRORIST>" triggered "weaponstats" (weapon "sg552") (shots "16") (hits "3") (kills "2") (headshots "0") (tks "0") (damage "100") (deaths "1")
L 09/26/2019 - 12:35:27: "Calcas Peludas<15><VALVE_ID_LAN><TERRORIST>" triggered "weaponstats2" (weapon "sg552") (head "0") (chest "0") (stomach "1") (leftarm "1") (rightarm "1") (leftleg "0") (rightleg "0")
L 09/26/2019 - 12:35:27: "Calcas Peludas<15><VALVE_ID_LAN><TERRORIST>" triggered "weaponstats" (weapon "ak47") (shots "30") (hits "6") (kills "1") (headshots "0") (tks "0") (damage "159") (deaths "1")
L 09/26/2019 - 12:35:27: "Calcas Peludas<15><VALVE_ID_LAN><TERRORIST>" triggered "weaponstats2" (weapon "ak47") (head "0") (chest "3") (stomach "1") (leftarm "0") (rightarm "2") (leftleg "0") (rightleg "0")
L 09/26/2019 - 12:35:27: "Calcas Peludas<15><VALVE_ID_LAN><TERRORIST>" triggered "weaponstats" (weapon "p90") (shots "45") (hits "9") (kills "2") (headshots "2") (tks "0") (damage "288") (deaths "0")
L 09/26/2019 - 12:35:27: "Calcas Peludas<15><VALVE_ID_LAN><TERRORIST>" triggered "weaponstats2" (weapon "p90") (head "2") (chest "1") (stomach "2") (leftarm "2") (rightarm "0") (leftleg "1") (rightleg "1")
L 09/26/2019 - 12:35:27: "Calcas Peludas<15><VALVE_ID_LAN><TERRORIST>" triggered "time" (time "5:17")
L 09/26/2019 - 12:35:27: "Calcas Peludas<15><VALVE_ID_LAN><TERRORIST>" triggered "latency" (ping "23")
L 09/26/2019 - 12:35:27: "INDIO de ferias<18><VALVE_ID_LAN><CT>" triggered "weaponstats" (weapon "grenade") (shots "1") (hits "1") (kills "0") (headshots "0") (tks "0") (damage "41") (deaths "0")
L 09/26/2019 - 12:35:27: "INDIO de ferias<18><VALVE_ID_LAN><CT>" triggered "weaponstats2" (weapon "grenade") (head "0") (chest "0") (stomach "0") (leftarm "0") (rightarm "0") (leftleg "0") (rightleg "0")
L 09/26/2019 - 12:35:27: "INDIO de ferias<18><VALVE_ID_LAN><CT>" triggered "weaponstats" (weapon "xm1014") (shots "20") (hits "13") (kills "3") (headshots "1") (tks "0") (damage "673") (deaths "3")
L 09/26/2019 - 12:35:27: "INDIO de ferias<18><VALVE_ID_LAN><CT>" triggered "weaponstats2" (weapon "xm1014") (head "1") (chest "3") (stomach "0") (leftarm "4") (rightarm "2") (leftleg "0") (rightleg "3")
L 09/26/2019 - 12:35:27: "INDIO de ferias<18><VALVE_ID_LAN><CT>" triggered "weaponstats" (weapon "aug") (shots "53") (hits "17") (kills "4") (headshots "0") (tks "0") (damage "495") (deaths "4")
L 09/26/2019 - 12:35:27: "INDIO de ferias<18><VALVE_ID_LAN><CT>" triggered "weaponstats2" (weapon "aug") (head "0") (chest "5") (stomach "5") (leftarm "2") (rightarm "1") (leftleg "0") (rightleg "4")
L 09/26/2019 - 12:35:27: "INDIO de ferias<18><VALVE_ID_LAN><CT>" triggered "weaponstats" (weapon "usp") (shots "5") (hits "1") (kills "0") (headshots "0") (tks "0") (damage "15") (deaths "0")
L 09/26/2019 - 12:35:27: "INDIO de ferias<18><VALVE_ID_LAN><CT>" triggered "weaponstats2" (weapon "usp") (head "0") (chest "0") (stomach "0") (leftarm "0") (rightarm "0") (leftleg "1") (rightleg "0")
L 09/26/2019 - 12:35:27: "INDIO de ferias<18><VALVE_ID_LAN><CT>" triggered "weaponstats" (weapon "mp5navy") (shots "1") (hits "0") (kills "0") (headshots "0") (tks "0") (damage "0") (deaths "0")
L 09/26/2019 - 12:35:27: "INDIO de ferias<18><VALVE_ID_LAN><CT>" triggered "weaponstats2" (weapon "mp5navy") (head "0") (chest "0") (stomach "0") (leftarm "0") (rightarm "0") (leftleg "0") (rightleg "0")
L 09/26/2019 - 12:35:27: "INDIO de ferias<18><VALVE_ID_LAN><CT>" triggered "weaponstats" (weapon "m4a1") (shots "3") (hits "2") (kills "1") (headshots "1") (tks "0") (damage "157") (deaths "1")
L 09/26/2019 - 12:35:27: "INDIO de ferias<18><VALVE_ID_LAN><CT>" triggered "weaponstats2" (weapon "m4a1") (head "1") (chest "0") (stomach "0") (leftarm "0") (rightarm "1") (leftleg "0") (rightleg "0")
L 09/26/2019 - 12:35:27: "INDIO de ferias<18><VALVE_ID_LAN><CT>" triggered "weaponstats" (weapon "sg552") (shots "8") (hits "3") (kills "0") (headshots "0") (tks "0") (damage "65") (deaths "1")
L 09/26/2019 - 12:35:27: "INDIO de ferias<18><VALVE_ID_LAN><CT>" triggered "weaponstats2" (weapon "sg552") (head "0") (chest "0") (stomach "0") (leftarm "0") (rightarm "0") (leftleg "2") (rightleg "1")
L 09/26/2019 - 12:35:27: "INDIO de ferias<18><VALVE_ID_LAN><CT>" triggered "weaponstats" (weapon "knife") (shots "2") (hits "2") (kills "1") (headshots "1") (tks "0") (damage "325") (deaths "1")
L 09/26/2019 - 12:35:27: "INDIO de ferias<18><VALVE_ID_LAN><CT>" triggered "weaponstats2" (weapon "knife") (head "1") (chest "0") (stomach "1") (leftarm "0") (rightarm "0") (leftleg "0") (rightleg "0")
L 09/26/2019 - 12:35:27: "INDIO de ferias<18><VALVE_ID_LAN><CT>" triggered "time" (time "4:36")
L 09/26/2019 - 12:35:27: "INDIO de ferias<18><VALVE_ID_LAN><CT>" triggered "latency" (ping "17")
L 09/26/2019 - 12:35:27: [META] ini: Begin re-reading plugins list: c:/valve/cstrike/addons/metamod/plugins.ini
L 09/26/2019 - 12:35:27: [META] ini: Read plugin config for: AMX
L 09/26/2019 - 12:35:27: [META] ini: Read plugin config for: WinHL-Booster
L 09/26/2019 - 12:35:27: [META] ERROR: ini: Skipping plugin, couldn't stat file 'addons/hlguard/dlls/hlguard_mm_nightly.dll': No such file or directory
L 09/26/2019 - 12:35:27: [META] ini: Read plugin config for: WebMod
L 09/26/2019 - 12:35:27: [META] ini: Finished reading plugins list: c:/valve/cstrike/addons/metamod/plugins.ini; Found 3 plugins
L 09/26/2019 - 12:35:27: [META] dll: Updating plugins...
L 09/26/2019 - 12:35:27: [META] ERROR: dll: Failed query plugin '<hlguard_mm_nightly.dll>'; Couldn't open file 'addons/hlguard/dlls/hlguard_mm_nightly.dll': Não foi possível encontrar o módulo especificado.

L 09/26/2019 - 12:35:27: [META] ERROR: dll: Skipping plugin '<hlguard_mm_nightly.dll>'; couldn't query
L 09/26/2019 - 12:35:27: [META] dll: Finished updating 6 plugins; kept 3, loaded 0, unloaded 0, reloaded 0, delayed 0
L 09/26/2019 - 12:35:28: Server shutdown
L 09/26/2019 - 12:35:28: Log file closed
