L 09/23/2019 - 12:51:17: Log file started (file "logs\L0923007.log") (game "cstrike") (version "47/1.1.2.2/2603")
L 09/23/2019 - 12:51:22: "Gho$T<44><VALVE_ID_LAN><>" connected, address "10.15.2.123:27005"
L 09/23/2019 - 12:51:24: "Gho$T<44><VALVE_ID_LAN><>" entered the game
L 09/23/2019 - 12:51:24: "@te<43><VALVE_ID_LAN><>" joined team "CT"
L 09/23/2019 - 12:51:27: "Gho$T<44><VALVE_ID_LAN><>" joined team "TERRORIST"
L 09/23/2019 - 12:51:31: "Cap Billy<38><VALVE_ID_LAN><CT>" killed "CEIFADOR<35><VALVE_ID_LOOPBACK><TERRORIST>" with "deagle"
L 09/23/2019 - 12:51:32: "Cap Billy<38><VALVE_ID_LAN><CT>" killed "Gho$T<44><VALVE_ID_LAN><TERRORIST>" with "deagle"
L 09/23/2019 - 12:51:33: "XXBOT Kevin<39><BOT><TERRORIST>" killed "@te<43><VALVE_ID_LAN><CT>" with "deagle"
L 09/23/2019 - 12:51:35: "Calcas Peludas<37><VALVE_ID_LAN><TERRORIST>" killed "DareDevil<42><VALVE_ID_LAN><CT>" with "deagle"
L 09/23/2019 - 12:51:36: "Cap Billy<38><VALVE_ID_LAN><CT>" killed "Calcas Peludas<37><VALVE_ID_LAN><TERRORIST>" with "knife"
L 09/23/2019 - 12:51:40: "DareDevil<42><VALVE_ID_LAN><CT>" say "ui nega.. entendeu" (dead)
L 09/23/2019 - 12:51:41: "Gho$T<44><VALVE_ID_LAN><TERRORIST>" say_team "mapa" (dead)
L 09/23/2019 - 12:51:41: "Calcas Peludas<37><VALVE_ID_LAN><TERRORIST>" say "covarde" (dead)
L 09/23/2019 - 12:51:48: "CEIFADOR<35><VALVE_ID_LOOPBACK><TERRORIST>" say_team "faca no capitao" (dead)
L 09/23/2019 - 12:51:52: "Smolder<41><VALVE_ID_LAN><TERRORIST>" killed "Jack<40><VALVE_ID_LAN><CT>" with "deagle"
L 09/23/2019 - 12:51:54: "Smolder<41><VALVE_ID_LAN><TERRORIST>" killed "Cap Billy<38><VALVE_ID_LAN><CT>" with "knife"
L 09/23/2019 - 12:51:55: "Kitkat<36><VALVE_ID_LAN><CT>" killed "XXBOT Kevin<39><BOT><TERRORIST>" with "deagle"
L 09/23/2019 - 12:51:58: "Kitkat<36><VALVE_ID_LAN><CT>" killed "Smolder<41><VALVE_ID_LAN><TERRORIST>" with "deagle"
L 09/23/2019 - 12:51:58: Team "CT" triggered "CTs_Win" (CT "1") (T "0")
L 09/23/2019 - 12:51:58: World triggered "Round_End"
L 09/23/2019 - 12:52:01: "Calcas Peludas<37><VALVE_ID_LAN><TERRORIST>" say_team "ok" (dead)
L 09/23/2019 - 12:52:03: World triggered "Round_Start"
L 09/23/2019 - 12:52:08: "Smolder<41><VALVE_ID_LAN><TERRORIST>" killed "Cap Billy<38><VALVE_ID_LAN><CT>" with "deagle"
L 09/23/2019 - 12:52:13: "DareDevil<42><VALVE_ID_LAN><CT>" killed "Calcas Peludas<37><VALVE_ID_LAN><TERRORIST>" with "deagle"
L 09/23/2019 - 12:52:14: "@te<43><VALVE_ID_LAN><CT>" killed "Smolder<41><VALVE_ID_LAN><TERRORIST>" with "deagle"
L 09/23/2019 - 12:52:15: "CEIFADOR<35><VALVE_ID_LOOPBACK><TERRORIST>" killed "DareDevil<42><VALVE_ID_LAN><CT>" with "deagle"
L 09/23/2019 - 12:52:31: "XXBOT Kevin<39><BOT><TERRORIST>" killed "Kitkat<36><VALVE_ID_LAN><CT>" with "deagle"
L 09/23/2019 - 12:52:35: "@te<43><VALVE_ID_LAN><CT>" killed "XXBOT Kevin<39><BOT><TERRORIST>" with "deagle"
L 09/23/2019 - 12:52:37: "@te<43><VALVE_ID_LAN><CT>" killed "Gho$T<44><VALVE_ID_LAN><TERRORIST>" with "deagle"
L 09/23/2019 - 12:52:37: "Jack<40><VALVE_ID_LAN><CT>" killed "CEIFADOR<35><VALVE_ID_LOOPBACK><TERRORIST>" with "deagle"
L 09/23/2019 - 12:52:37: Team "CT" triggered "CTs_Win" (CT "2") (T "0")
L 09/23/2019 - 12:52:37: World triggered "Round_End"
L 09/23/2019 - 12:52:42: World triggered "Round_Start"
L 09/23/2019 - 12:52:42: "Calcas Peludas<37><VALVE_ID_LAN><TERRORIST>" say "nao acredito ghost"
L 09/23/2019 - 12:52:51: "DareDevil<42><VALVE_ID_LAN><CT>" killed "CEIFADOR<35><VALVE_ID_LOOPBACK><TERRORIST>" with "deagle"
L 09/23/2019 - 12:52:54: "Cap Billy<38><VALVE_ID_LAN><CT>" killed "Calcas Peludas<37><VALVE_ID_LAN><TERRORIST>" with "deagle"
L 09/23/2019 - 12:52:54: "Gho$T<44><VALVE_ID_LAN><TERRORIST>" killed "Kitkat<36><VALVE_ID_LAN><CT>" with "deagle"
L 09/23/2019 - 12:52:56: "XXBOT Kevin<39><BOT><TERRORIST>" killed "Jack<40><VALVE_ID_LAN><CT>" with "deagle"
L 09/23/2019 - 12:53:17: "XXBOT Kevin<39><BOT><TERRORIST>" killed "DareDevil<42><VALVE_ID_LAN><CT>" with "deagle"
L 09/23/2019 - 12:53:20: "DareDevil<42><VALVE_ID_LAN><CT>" say_team "bot viadin" (dead)
L 09/23/2019 - 12:53:21: "XXBOT Kevin<39><BOT><TERRORIST>" killed "@te<43><VALVE_ID_LAN><CT>" with "deagle"
L 09/23/2019 - 12:53:28: "Cap Billy<38><VALVE_ID_LAN><CT>" killed "XXBOT Kevin<39><BOT><TERRORIST>" with "deagle"
L 09/23/2019 - 12:53:35: "Gho$T<44><VALVE_ID_LAN><TERRORIST>" killed "Cap Billy<38><VALVE_ID_LAN><CT>" with "deagle"
L 09/23/2019 - 12:53:35: Team "TERRORIST" triggered "Terrorists_Win" (CT "2") (T "1")
L 09/23/2019 - 12:53:35: World triggered "Round_End"
L 09/23/2019 - 12:53:40: World triggered "Round_Start"
L 09/23/2019 - 12:53:41: "CEIFADOR<35><VALVE_ID_LOOPBACK><TERRORIST>" say_team "esque,am mapa"
L 09/23/2019 - 12:53:50: "Smolder<41><VALVE_ID_LAN><TERRORIST>" killed "DareDevil<42><VALVE_ID_LAN><CT>" with "deagle"
L 09/23/2019 - 12:53:52: "Kitkat<36><VALVE_ID_LAN><CT>" killed "CEIFADOR<35><VALVE_ID_LOOPBACK><TERRORIST>" with "deagle"
L 09/23/2019 - 12:53:52: "Cap Billy<38><VALVE_ID_LAN><CT>" killed "Smolder<41><VALVE_ID_LAN><TERRORIST>" with "deagle"
L 09/23/2019 - 12:53:55: "@te<43><VALVE_ID_LAN><CT>" killed "XXBOT Kevin<39><BOT><TERRORIST>" with "deagle"
L 09/23/2019 - 12:53:55: "Kitkat<36><VALVE_ID_LAN><CT>" killed "Gho$T<44><VALVE_ID_LAN><TERRORIST>" with "deagle"
L 09/23/2019 - 12:53:59: "Calcas Peludas<37><VALVE_ID_LAN><TERRORIST>" killed "Jack<40><VALVE_ID_LAN><CT>" with "deagle"
L 09/23/2019 - 12:54:02: "Kitkat<36><VALVE_ID_LAN><CT>" killed "Calcas Peludas<37><VALVE_ID_LAN><TERRORIST>" with "deagle"
L 09/23/2019 - 12:54:02: Team "CT" triggered "CTs_Win" (CT "3") (T "1")
L 09/23/2019 - 12:54:02: World triggered "Round_End"
L 09/23/2019 - 12:54:06: "Gho$T<44><VALVE_ID_LAN><TERRORIST>" say_team "mapa" (dead)
L 09/23/2019 - 12:54:07: World triggered "Round_Start"
L 09/23/2019 - 12:54:07: "CEIFADOR<35><VALVE_ID_LOOPBACK><TERRORIST>" say_team "cuidado com faca"
L 09/23/2019 - 12:54:14: "CEIFADOR<35><VALVE_ID_LOOPBACK><TERRORIST>" killed "Kitkat<36><VALVE_ID_LAN><CT>" with "deagle"
L 09/23/2019 - 12:54:16: "Smolder<41><VALVE_ID_LAN><TERRORIST>" killed "Jack<40><VALVE_ID_LAN><CT>" with "deagle"
L 09/23/2019 - 12:54:18: "XXBOT Kevin<39><BOT><TERRORIST>" killed "Cap Billy<38><VALVE_ID_LAN><CT>" with "deagle"
L 09/23/2019 - 12:54:21: "XXBOT Kevin<39><BOT><TERRORIST>" killed "DareDevil<42><VALVE_ID_LAN><CT>" with "deagle"
L 09/23/2019 - 12:54:27: "DareDevil<42><VALVE_ID_LAN><CT>" say_team "bot fdp" (dead)
L 09/23/2019 - 12:54:28: "CEIFADOR<35><VALVE_ID_LOOPBACK><TERRORIST>" killed "@te<43><VALVE_ID_LAN><CT>" with "deagle"
L 09/23/2019 - 12:54:28: Team "TERRORIST" triggered "Terrorists_Win" (CT "3") (T "2")
L 09/23/2019 - 12:54:28: World triggered "Round_End"
L 09/23/2019 - 12:54:33: World triggered "Round_Start"
L 09/23/2019 - 12:54:37: "Calcas Peludas<37><VALVE_ID_LAN><TERRORIST>" killed "Cap Billy<38><VALVE_ID_LAN><CT>" with "deagle"
L 09/23/2019 - 12:54:40: "Jack<40><VALVE_ID_LAN><CT>" killed "CEIFADOR<35><VALVE_ID_LOOPBACK><TERRORIST>" with "deagle"
L 09/23/2019 - 12:54:43: "Gho$T<44><VALVE_ID_LAN><TERRORIST>" killed "@te<43><VALVE_ID_LAN><CT>" with "deagle"
L 09/23/2019 - 12:54:49: "DareDevil<42><VALVE_ID_LAN><CT>" killed "Calcas Peludas<37><VALVE_ID_LAN><TERRORIST>" with "deagle"
L 09/23/2019 - 12:54:50: "Gho$T<44><VALVE_ID_LAN><TERRORIST>" killed "Kitkat<36><VALVE_ID_LAN><CT>" with "deagle"
L 09/23/2019 - 12:54:57: "Gho$T<44><VALVE_ID_LAN><TERRORIST>" killed "DareDevil<42><VALVE_ID_LAN><CT>" with "deagle"
L 09/23/2019 - 12:55:01: "Smolder<41><VALVE_ID_LAN><TERRORIST>" killed "Jack<40><VALVE_ID_LAN><CT>" with "deagle"
L 09/23/2019 - 12:55:01: Team "TERRORIST" triggered "Terrorists_Win" (CT "3") (T "3")
L 09/23/2019 - 12:55:01: World triggered "Round_End"
L 09/23/2019 - 12:55:06: World triggered "Round_Start"
L 09/23/2019 - 12:55:06: "CEIFADOR<35><VALVE_ID_LOOPBACK><TERRORIST>" say_team "faca no capitaop"
L 09/23/2019 - 12:55:11: "Cap Billy<38><VALVE_ID_LAN><CT>" killed "Gho$T<44><VALVE_ID_LAN><TERRORIST>" with "deagle"
L 09/23/2019 - 12:55:12: "CEIFADOR<35><VALVE_ID_LOOPBACK><TERRORIST>" killed "Jack<40><VALVE_ID_LAN><CT>" with "deagle"
L 09/23/2019 - 12:55:19: "DareDevil<42><VALVE_ID_LAN><CT>" killed "XXBOT Kevin<39><BOT><TERRORIST>" with "deagle"
L 09/23/2019 - 12:55:22: "CEIFADOR<35><VALVE_ID_LOOPBACK><TERRORIST>" killed "DareDevil<42><VALVE_ID_LAN><CT>" with "deagle"
L 09/23/2019 - 12:55:24: "Smolder<41><VALVE_ID_LAN><TERRORIST>" killed "Kitkat<36><VALVE_ID_LAN><CT>" with "deagle"
L 09/23/2019 - 12:55:24: "Calcas Peludas<37><VALVE_ID_LAN><TERRORIST>" killed "@te<43><VALVE_ID_LAN><CT>" with "deagle"
L 09/23/2019 - 12:55:32: "Smolder<41><VALVE_ID_LAN><TERRORIST>" killed "Cap Billy<38><VALVE_ID_LAN><CT>" with "deagle"
L 09/23/2019 - 12:55:32: Team "TERRORIST" triggered "Terrorists_Win" (CT "3") (T "4")
L 09/23/2019 - 12:55:32: World triggered "Round_End"
L 09/23/2019 - 12:55:36: "DareDevil<42><VALVE_ID_LAN><CT>" say "cagado" (dead)
L 09/23/2019 - 12:55:37: World triggered "Round_Start"
L 09/23/2019 - 12:55:41: "Calcas Peludas<37><VALVE_ID_LAN><TERRORIST>" killed "Cap Billy<38><VALVE_ID_LAN><CT>" with "deagle"
L 09/23/2019 - 12:55:43: "DareDevil<42><VALVE_ID_LAN><CT>" killed "Smolder<41><VALVE_ID_LAN><TERRORIST>" with "deagle"
L 09/23/2019 - 12:55:50: "Gho$T<44><VALVE_ID_LAN><TERRORIST>" killed "DareDevil<42><VALVE_ID_LAN><CT>" with "deagle"
L 09/23/2019 - 12:55:51: "Gho$T<44><VALVE_ID_LAN><TERRORIST>" killed "Kitkat<36><VALVE_ID_LAN><CT>" with "deagle"
L 09/23/2019 - 12:55:51: "Calcas Peludas<37><VALVE_ID_LAN><TERRORIST>" killed "Jack<40><VALVE_ID_LAN><CT>" with "deagle"
L 09/23/2019 - 12:55:58: "Cap Billy<38><VALVE_ID_LAN><CT>" say "timeleft" (dead)
L 09/23/2019 - 12:56:02: "Gho$T<44><VALVE_ID_LAN><TERRORIST>" killed "@te<43><VALVE_ID_LAN><CT>" with "deagle"
L 09/23/2019 - 12:56:02: Team "TERRORIST" triggered "Terrorists_Win" (CT "3") (T "5")
L 09/23/2019 - 12:56:02: World triggered "Round_End"
L 09/23/2019 - 12:56:07: "Cap Billy<38><VALVE_ID_LAN><CT>" say_team "me lasquei" (dead)
L 09/23/2019 - 12:56:07: World triggered "Round_Start"
L 09/23/2019 - 12:56:14: "Cap Billy<38><VALVE_ID_LAN><CT>" killed "Calcas Peludas<37><VALVE_ID_LAN><TERRORIST>" with "deagle"
L 09/23/2019 - 12:56:17: "Smolder<41><VALVE_ID_LAN><TERRORIST>" killed "Kitkat<36><VALVE_ID_LAN><CT>" with "deagle"
L 09/23/2019 - 12:56:18: "DareDevil<42><VALVE_ID_LAN><CT>" killed "Smolder<41><VALVE_ID_LAN><TERRORIST>" with "deagle"
L 09/23/2019 - 12:56:20: "Cap Billy<38><VALVE_ID_LAN><CT>" killed "Gho$T<44><VALVE_ID_LAN><TERRORIST>" with "deagle"
L 09/23/2019 - 12:56:21: "@te<43><VALVE_ID_LAN><CT>" killed "CEIFADOR<35><VALVE_ID_LOOPBACK><TERRORIST>" with "deagle"
L 09/23/2019 - 12:56:31: "XXBOT Kevin<39><BOT><TERRORIST>" killed "DareDevil<42><VALVE_ID_LAN><CT>" with "deagle"
L 09/23/2019 - 12:56:31: "XXBOT Kevin<39><BOT><TERRORIST>" committed suicide with "deagle"
L 09/23/2019 - 12:56:31: Team "CT" triggered "CTs_Win" (CT "4") (T "5")
L 09/23/2019 - 12:56:31: World triggered "Round_End"
L 09/23/2019 - 12:56:36: World triggered "Round_Start"
L 09/23/2019 - 12:56:45: "Jack<40><VALVE_ID_LAN><CT>" killed "Smolder<41><VALVE_ID_LAN><TERRORIST>" with "deagle"
L 09/23/2019 - 12:56:51: "Calcas Peludas<37><VALVE_ID_LAN><TERRORIST>" killed "DareDevil<42><VALVE_ID_LAN><CT>" with "deagle"
L 09/23/2019 - 12:56:51: "XXBOT Kevin<39><BOT><TERRORIST>" killed "Kitkat<36><VALVE_ID_LAN><CT>" with "deagle"
L 09/23/2019 - 12:56:52: "Cap Billy<38><VALVE_ID_LAN><CT>" killed "XXBOT Kevin<39><BOT><TERRORIST>" with "knife"
L 09/23/2019 - 12:56:55: "Cap Billy<38><VALVE_ID_LAN><CT>" killed "Gho$T<44><VALVE_ID_LAN><TERRORIST>" with "deagle"
L 09/23/2019 - 12:57:05: "Jack<40><VALVE_ID_LAN><CT>" killed "CEIFADOR<35><VALVE_ID_LOOPBACK><TERRORIST>" with "deagle"
L 09/23/2019 - 12:57:10: "Gho$T<44><VALVE_ID_LAN><TERRORIST>" say "DESESPERO DO CAP" (dead)
L 09/23/2019 - 12:57:16: "Calcas Peludas<37><VALVE_ID_LAN><TERRORIST>" killed "Cap Billy<38><VALVE_ID_LAN><CT>" with "deagle"
L 09/23/2019 - 12:57:35: "@te<43><VALVE_ID_LAN><CT>" killed "Calcas Peludas<37><VALVE_ID_LAN><TERRORIST>" with "deagle"
L 09/23/2019 - 12:57:35: Team "CT" triggered "CTs_Win" (CT "5") (T "5")
L 09/23/2019 - 12:57:35: World triggered "Round_End"
L 09/23/2019 - 12:57:38: "DareDevil<42><VALVE_ID_LAN><CT>" say_team "valeu" (dead)
L 09/23/2019 - 12:57:40: World triggered "Round_Start"
L 09/23/2019 - 12:57:47: "DareDevil<42><VALVE_ID_LAN><CT>" killed "Gho$T<44><VALVE_ID_LAN><TERRORIST>" with "deagle"
L 09/23/2019 - 12:57:49: "CEIFADOR<35><VALVE_ID_LOOPBACK><TERRORIST>" killed "Jack<40><VALVE_ID_LAN><CT>" with "deagle"
L 09/23/2019 - 12:57:51: "XXBOT Kevin<39><BOT><TERRORIST>" killed "DareDevil<42><VALVE_ID_LAN><CT>" with "deagle"
L 09/23/2019 - 12:57:52: "XXBOT Kevin<39><BOT><TERRORIST>" killed "@te<43><VALVE_ID_LAN><CT>" with "deagle"
L 09/23/2019 - 12:57:56: "Calcas Peludas<37><VALVE_ID_LAN><TERRORIST>" killed "Cap Billy<38><VALVE_ID_LAN><CT>" with "deagle"
L 09/23/2019 - 12:57:57: "DareDevil<42><VALVE_ID_LAN><CT>" say_team "esse bot viado me pega toda vez" (dead)
L 09/23/2019 - 12:58:07: "XXBOT Kevin<39><BOT><TERRORIST>" killed "Kitkat<36><VALVE_ID_LAN><CT>" with "deagle"
L 09/23/2019 - 12:58:07: Team "TERRORIST" triggered "Terrorists_Win" (CT "5") (T "6")
L 09/23/2019 - 12:58:07: World triggered "Round_End"
L 09/23/2019 - 12:58:08: "Cap Billy<38><VALVE_ID_LAN><CT>" say_team "se o cara der de cara com ele " (dead)
L 09/23/2019 - 12:58:11: "Cap Billy<38><VALVE_ID_LAN><CT>" say_team " ocaba se lasca" (dead)
L 09/23/2019 - 12:58:12: World triggered "Round_Start"
L 09/23/2019 - 12:58:18: "Smolder<41><VALVE_ID_LAN><TERRORIST>" killed "DareDevil<42><VALVE_ID_LAN><CT>" with "deagle"
L 09/23/2019 - 12:58:18: "CEIFADOR<35><VALVE_ID_LOOPBACK><TERRORIST>" killed "Jack<40><VALVE_ID_LAN><CT>" with "deagle"
L 09/23/2019 - 12:58:21: "Calcas Peludas<37><VALVE_ID_LAN><TERRORIST>" killed "Cap Billy<38><VALVE_ID_LAN><CT>" with "deagle"
L 09/23/2019 - 12:58:26: "Smolder<41><VALVE_ID_LAN><TERRORIST>" killed "Kitkat<36><VALVE_ID_LAN><CT>" with "deagle"
L 09/23/2019 - 12:58:32: "Smolder<41><VALVE_ID_LAN><TERRORIST>" killed "@te<43><VALVE_ID_LAN><CT>" with "deagle"
L 09/23/2019 - 12:58:32: Team "TERRORIST" triggered "Terrorists_Win" (CT "5") (T "7")
L 09/23/2019 - 12:58:32: World triggered "Round_End"
L 09/23/2019 - 12:58:37: World triggered "Round_Start"
L 09/23/2019 - 12:58:46: "Jack<40><VALVE_ID_LAN><CT>" killed "Smolder<41><VALVE_ID_LAN><TERRORIST>" with "deagle"
L 09/23/2019 - 12:58:50: "XXBOT Kevin<39><BOT><TERRORIST>" killed "Kitkat<36><VALVE_ID_LAN><CT>" with "deagle"
L 09/23/2019 - 12:58:51: "XXBOT Kevin<39><BOT><TERRORIST>" killed "DareDevil<42><VALVE_ID_LAN><CT>" with "deagle"
L 09/23/2019 - 12:58:57: "Calcas Peludas<37><VALVE_ID_LAN><TERRORIST>" killed "@te<43><VALVE_ID_LAN><CT>" with "deagle"
L 09/23/2019 - 12:59:03: "XXBOT Kevin<39><BOT><TERRORIST>" killed "Cap Billy<38><VALVE_ID_LAN><CT>" with "deagle"
L 09/23/2019 - 12:59:03: "CEIFADOR<35><VALVE_ID_LOOPBACK><TERRORIST>" killed "Jack<40><VALVE_ID_LAN><CT>" with "deagle"
L 09/23/2019 - 12:59:03: Team "TERRORIST" triggered "Terrorists_Win" (CT "5") (T "8")
L 09/23/2019 - 12:59:03: World triggered "Round_End"
L 09/23/2019 - 12:59:07: "DareDevil<42><VALVE_ID_LAN><CT>" say "sorte da gota" (dead)
L 09/23/2019 - 12:59:08: World triggered "Round_Start"
L 09/23/2019 - 12:59:13: "Jack<40><VALVE_ID_LAN><CT>" killed "Gho$T<44><VALVE_ID_LAN><TERRORIST>" with "deagle"
L 09/23/2019 - 12:59:20: "XXBOT Kevin<39><BOT><TERRORIST>" killed "DareDevil<42><VALVE_ID_LAN><CT>" with "deagle"
L 09/23/2019 - 12:59:20: "Jack<40><VALVE_ID_LAN><CT>" killed "CEIFADOR<35><VALVE_ID_LOOPBACK><TERRORIST>" with "deagle"
L 09/23/2019 - 12:59:20: "Smolder<41><VALVE_ID_LAN><TERRORIST>" killed "Jack<40><VALVE_ID_LAN><CT>" with "deagle"
L 09/23/2019 - 12:59:23: Server cvar "amx_nextmap" = "ak-colt_dust_arena"
L 09/23/2019 - 12:59:26: "Cap Billy<38><VALVE_ID_LAN><CT>" killed "Smolder<41><VALVE_ID_LAN><TERRORIST>" with "deagle"
L 09/23/2019 - 12:59:32: "Calcas Peludas<37><VALVE_ID_LAN><TERRORIST>" killed "Cap Billy<38><VALVE_ID_LAN><CT>" with "deagle"
L 09/23/2019 - 12:59:33: "XXBOT Kevin<39><BOT><TERRORIST>" killed "@te<43><VALVE_ID_LAN><CT>" with "deagle"
L 09/23/2019 - 12:59:38: Log file closed
