L 09/25/2019 - 12:38:52: Log file started (file "logs\L0925002.log") (game "cstrike") (version "47/1.1.2.2/2603")
L 09/25/2019 - 12:38:54: "Cap Billy<5><VALVE_ID_LAN><CT>" killed "Gho$T<14><VALVE_ID_LAN><TERRORIST>" with "xm1014"
L 09/25/2019 - 12:38:54: Team "CT" triggered "CTs_Win" (CT "15") (T "13")
L 09/25/2019 - 12:38:54: World triggered "Round_End"
L 09/25/2019 - 12:38:59: "Smolder<16><VALVE_ID_LAN><TERRORIST>" triggered "Spawned_With_The_Bomb"
L 09/25/2019 - 12:38:59: World triggered "Round_Start"
L 09/25/2019 - 12:39:01: "Calcas Peludas<4><VALVE_ID_LAN><TERRORIST>" killed "DareDevil<9><VALVE_ID_LAN><CT>" with "awp"
L 09/25/2019 - 12:39:04: "INDIO de ferias<10><VALVE_ID_LAN><CT>" killed "Calcas Peludas<4><VALVE_ID_LAN><TERRORIST>" with "p90"
L 09/25/2019 - 12:39:06: "Kitkat<22><VALVE_ID_LAN><TERRORIST>" killed "Cap Billy<5><VALVE_ID_LAN><CT>" with "sg552"
L 09/25/2019 - 12:39:10: "Gho$T<14><VALVE_ID_LAN><TERRORIST>" killed "INDIO de ferias<10><VALVE_ID_LAN><CT>" with "mac10"
L 09/25/2019 - 12:39:10: "Kitkat<22><VALVE_ID_LAN><TERRORIST>" killed "@te<12><VALVE_ID_LAN><CT>" with "sg552"
L 09/25/2019 - 12:39:10: "Gho$T<14><VALVE_ID_LAN><TERRORIST>" killed "Jack<19><VALVE_ID_LAN><CT>" with "mac10"
L 09/25/2019 - 12:39:10: Team "TERRORIST" triggered "Terrorists_Win" (CT "15") (T "14")
L 09/25/2019 - 12:39:10: World triggered "Round_End"
L 09/25/2019 - 12:39:14: "Cap Billy<5><VALVE_ID_LAN><CT>" say_team "BOARAAAA" (dead)
L 09/25/2019 - 12:39:15: "Gho$T<14><VALVE_ID_LAN><TERRORIST>" triggered "Spawned_With_The_Bomb"
L 09/25/2019 - 12:39:15: World triggered "Round_Start"
L 09/25/2019 - 12:39:19: "Cap Billy<5><VALVE_ID_LAN><CT>" killed "Smolder<16><VALVE_ID_LAN><TERRORIST>" with "xm1014"
L 09/25/2019 - 12:39:20: "CEIFADOR<3><VALVE_ID_LOOPBACK><TERRORIST>" killed "Jack<19><VALVE_ID_LAN><CT>" with "p90"
L 09/25/2019 - 12:39:22: "Gho$T<14><VALVE_ID_LAN><TERRORIST>" killed "Cap Billy<5><VALVE_ID_LAN><CT>" with "mac10"
L 09/25/2019 - 12:39:25: "DareDevil<9><VALVE_ID_LAN><CT>" killed "Kitkat<22><VALVE_ID_LAN><TERRORIST>" with "tmp"
L 09/25/2019 - 12:39:25: "Gho$T<14><VALVE_ID_LAN><TERRORIST>" killed "INDIO de ferias<10><VALVE_ID_LAN><CT>" with "mac10"
L 09/25/2019 - 12:39:29: "CEIFADOR<3><VALVE_ID_LOOPBACK><TERRORIST>" killed "DareDevil<9><VALVE_ID_LAN><CT>" with "aug"
L 09/25/2019 - 12:39:29: "Cap Billy<5><VALVE_ID_LAN><CT>" say_team "KD VCS POWWW" (dead)
L 09/25/2019 - 12:39:30: "Jack<19><VALVE_ID_LAN><CT>" say_team "mapa bala" (dead)
L 09/25/2019 - 12:39:32: "Gho$T<14><VALVE_ID_LAN><TERRORIST>" killed "@te<12><VALVE_ID_LAN><CT>" with "mac10"
L 09/25/2019 - 12:39:32: Team "TERRORIST" triggered "Terrorists_Win" (CT "15") (T "15")
L 09/25/2019 - 12:39:32: World triggered "Round_End"
L 09/25/2019 - 12:39:37: "Cap Billy<5><VALVE_ID_LAN><CT>" say_team "FUI PRA FRENTE E NGM APARECEU" (dead)
L 09/25/2019 - 12:39:37: "Kitkat<22><VALVE_ID_LAN><TERRORIST>" triggered "Spawned_With_The_Bomb"
L 09/25/2019 - 12:39:37: World triggered "Round_Start"
L 09/25/2019 - 12:39:39: "Calcas Peludas<4><VALVE_ID_LAN><TERRORIST>" killed "INDIO de ferias<10><VALVE_ID_LAN><CT>" with "ak47"
L 09/25/2019 - 12:39:42: "Smolder<16><VALVE_ID_LAN><TERRORIST>" killed "Cap Billy<5><VALVE_ID_LAN><CT>" with "xm1014"
L 09/25/2019 - 12:39:42: "Jack<19><VALVE_ID_LAN><CT>" killed "Smolder<16><VALVE_ID_LAN><TERRORIST>" with "mp5navy"
L 09/25/2019 - 12:39:43: "DareDevil<9><VALVE_ID_LAN><CT>" killed "CEIFADOR<3><VALVE_ID_LOOPBACK><TERRORIST>" with "xm1014"
L 09/25/2019 - 12:39:43: "Gho$T<14><VALVE_ID_LAN><TERRORIST>" killed "DareDevil<9><VALVE_ID_LAN><CT>" with "p90"
L 09/25/2019 - 12:39:44: "@te<12><VALVE_ID_LAN><CT>" killed "Gho$T<14><VALVE_ID_LAN><TERRORIST>" with "p90"
L 09/25/2019 - 12:39:47: "Kitkat<22><VALVE_ID_LAN><TERRORIST>" killed "@te<12><VALVE_ID_LAN><CT>" with "mp5navy"
L 09/25/2019 - 12:39:49: "Kitkat<22><VALVE_ID_LAN><TERRORIST>" killed "Jack<19><VALVE_ID_LAN><CT>" with "mp5navy"
L 09/25/2019 - 12:39:49: Team "TERRORIST" triggered "Terrorists_Win" (CT "15") (T "16")
L 09/25/2019 - 12:39:49: World triggered "Round_End"
L 09/25/2019 - 12:39:51: Team "CT" scored "15" with "5" players
L 09/25/2019 - 12:39:51: Team "TERRORIST" scored "16" with "5" players
L 09/25/2019 - 12:39:52: "Gho$T<14><VALVE_ID_LAN><TERRORIST>" say "e" (dead)
L 09/25/2019 - 12:39:53: "Cap Billy<5><VALVE_ID_LAN><CT>" say_team "ah meude" (dead)
L 09/25/2019 - 12:39:54: "CEIFADOR<3><VALVE_ID_LOOPBACK><TERRORIST>" triggered "weaponstats" (weapon "grenade") (shots "7") (hits "11") (kills "0") (headshots "0") (tks "0") (damage "331") (deaths "0")
L 09/25/2019 - 12:39:54: "CEIFADOR<3><VALVE_ID_LOOPBACK><TERRORIST>" triggered "weaponstats2" (weapon "grenade") (head "0") (chest "0") (stomach "0") (leftarm "0") (rightarm "0") (leftleg "0") (rightleg "0")
L 09/25/2019 - 12:39:54: "CEIFADOR<3><VALVE_ID_LOOPBACK><TERRORIST>" triggered "weaponstats" (weapon "xm1014") (shots "27") (hits "11") (kills "6") (headshots "1") (tks "0") (damage "608") (deaths "3")
L 09/25/2019 - 12:39:54: "CEIFADOR<3><VALVE_ID_LOOPBACK><TERRORIST>" triggered "weaponstats2" (weapon "xm1014") (head "2") (chest "1") (stomach "1") (leftarm "3") (rightarm "1") (leftleg "2") (rightleg "1")
L 09/25/2019 - 12:39:54: "CEIFADOR<3><VALVE_ID_LOOPBACK><TERRORIST>" triggered "weaponstats" (weapon "aug") (shots "71") (hits "9") (kills "4") (headshots "4") (tks "0") (damage "627") (deaths "4")
L 09/25/2019 - 12:39:54: "CEIFADOR<3><VALVE_ID_LOOPBACK><TERRORIST>" triggered "weaponstats2" (weapon "aug") (head "4") (chest "0") (stomach "0") (leftarm "4") (rightarm "1") (leftleg "0") (rightleg "0")
L 09/25/2019 - 12:39:54: "CEIFADOR<3><VALVE_ID_LOOPBACK><TERRORIST>" triggered "weaponstats" (weapon "glock18") (shots "4") (hits "0") (kills "0") (headshots "0") (tks "0") (damage "0") (deaths "1")
L 09/25/2019 - 12:39:54: "CEIFADOR<3><VALVE_ID_LOOPBACK><TERRORIST>" triggered "weaponstats2" (weapon "glock18") (head "0") (chest "0") (stomach "0") (leftarm "0") (rightarm "0") (leftleg "0") (rightleg "0")
L 09/25/2019 - 12:39:54: "CEIFADOR<3><VALVE_ID_LOOPBACK><TERRORIST>" triggered "weaponstats" (weapon "mp5navy") (shots "183") (hits "34") (kills "7") (headshots "1") (tks "0") (damage "732") (deaths "6")
L 09/25/2019 - 12:39:54: "CEIFADOR<3><VALVE_ID_LOOPBACK><TERRORIST>" triggered "weaponstats2" (weapon "mp5navy") (head "1") (chest "4") (stomach "5") (leftarm "12") (rightarm "3") (leftleg "4") (rightleg "5")
L 09/25/2019 - 12:39:54: "CEIFADOR<3><VALVE_ID_LOOPBACK><TERRORIST>" triggered "weaponstats" (weapon "m249") (shots "33") (hits "1") (kills "0") (headshots "0") (tks "0") (damage "64") (deaths "1")
L 09/25/2019 - 12:39:54: "CEIFADOR<3><VALVE_ID_LOOPBACK><TERRORIST>" triggered "weaponstats2" (weapon "m249") (head "1") (chest "0") (stomach "0") (leftarm "0") (rightarm "0") (leftleg "0") (rightleg "0")
L 09/25/2019 - 12:39:54: "CEIFADOR<3><VALVE_ID_LOOPBACK><TERRORIST>" triggered "weaponstats" (weapon "m3") (shots "1") (hits "1") (kills "0") (headshots "0") (tks "0") (damage "36") (deaths "0")
L 09/25/2019 - 12:39:54: "CEIFADOR<3><VALVE_ID_LOOPBACK><TERRORIST>" triggered "weaponstats2" (weapon "m3") (head "0") (chest "0") (stomach "0") (leftarm "0") (rightarm "0") (leftleg "0") (rightleg "1")
L 09/25/2019 - 12:39:54: "CEIFADOR<3><VALVE_ID_LOOPBACK><TERRORIST>" triggered "weaponstats" (weapon "m4a1") (shots "27") (hits "3") (kills "0") (headshots "0") (tks "0") (damage "91") (deaths "1")
L 09/25/2019 - 12:39:54: "CEIFADOR<3><VALVE_ID_LOOPBACK><TERRORIST>" triggered "weaponstats2" (weapon "m4a1") (head "0") (chest "1") (stomach "1") (leftarm "1") (rightarm "0") (leftleg "0") (rightleg "0")
L 09/25/2019 - 12:39:54: "CEIFADOR<3><VALVE_ID_LOOPBACK><TERRORIST>" triggered "weaponstats" (weapon "sg552") (shots "20") (hits "4") (kills "1") (headshots "1") (tks "0") (damage "222") (deaths "2")
L 09/25/2019 - 12:39:54: "CEIFADOR<3><VALVE_ID_LOOPBACK><TERRORIST>" triggered "weaponstats2" (weapon "sg552") (head "1") (chest "0") (stomach "0") (leftarm "2") (rightarm "0") (leftleg "1") (rightleg "0")
L 09/25/2019 - 12:39:54: "CEIFADOR<3><VALVE_ID_LOOPBACK><TERRORIST>" triggered "weaponstats" (weapon "ak47") (shots "16") (hits "3") (kills "1") (headshots "1") (tks "0") (damage "114") (deaths "2")
L 09/25/2019 - 12:39:54: "CEIFADOR<3><VALVE_ID_LOOPBACK><TERRORIST>" triggered "weaponstats2" (weapon "ak47") (head "1") (chest "0") (stomach "0") (leftarm "0") (rightarm "0") (leftleg "2") (rightleg "0")
L 09/25/2019 - 12:39:54: "CEIFADOR<3><VALVE_ID_LOOPBACK><TERRORIST>" triggered "weaponstats" (weapon "p90") (shots "25") (hits "5") (kills "1") (headshots "0") (tks "0") (damage "118") (deaths "1")
L 09/25/2019 - 12:39:54: "CEIFADOR<3><VALVE_ID_LOOPBACK><TERRORIST>" triggered "weaponstats2" (weapon "p90") (head "1") (chest "1") (stomach "0") (leftarm "1") (rightarm "1") (leftleg "0") (rightleg "1")
L 09/25/2019 - 12:39:54: "CEIFADOR<3><VALVE_ID_LOOPBACK><TERRORIST>" triggered "time" (time "10:31")
L 09/25/2019 - 12:39:54: "CEIFADOR<3><VALVE_ID_LOOPBACK><TERRORIST>" triggered "latency" (ping "0")
L 09/25/2019 - 12:39:54: "Calcas Peludas<4><VALVE_ID_LAN><TERRORIST>" triggered "weaponstats" (weapon "grenade") (shots "4") (hits "4") (kills "0") (headshots "0") (tks "0") (damage "125") (deaths "0")
L 09/25/2019 - 12:39:54: "Calcas Peludas<4><VALVE_ID_LAN><TERRORIST>" triggered "weaponstats2" (weapon "grenade") (head "0") (chest "0") (stomach "0") (leftarm "0") (rightarm "0") (leftleg "0") (rightleg "0")
L 09/25/2019 - 12:39:54: "Calcas Peludas<4><VALVE_ID_LAN><TERRORIST>" triggered "weaponstats" (weapon "xm1014") (shots "14") (hits "6") (kills "3") (headshots "1") (tks "0") (damage "260") (deaths "2")
L 09/25/2019 - 12:39:54: "Calcas Peludas<4><VALVE_ID_LAN><TERRORIST>" triggered "weaponstats2" (weapon "xm1014") (head "1") (chest "3") (stomach "1") (leftarm "0") (rightarm "1") (leftleg "0") (rightleg "0")
L 09/25/2019 - 12:39:54: "Calcas Peludas<4><VALVE_ID_LAN><TERRORIST>" triggered "weaponstats" (weapon "mac10") (shots "2") (hits "0") (kills "0") (headshots "0") (tks "0") (damage "0") (deaths "0")
L 09/25/2019 - 12:39:54: "Calcas Peludas<4><VALVE_ID_LAN><TERRORIST>" triggered "weaponstats2" (weapon "mac10") (head "0") (chest "0") (stomach "0") (leftarm "0") (rightarm "0") (leftleg "0") (rightleg "0")
L 09/25/2019 - 12:39:54: "Calcas Peludas<4><VALVE_ID_LAN><TERRORIST>" triggered "weaponstats" (weapon "aug") (shots "128") (hits "29") (kills "7") (headshots "5") (tks "0") (damage "1263") (deaths "6")
L 09/25/2019 - 12:39:54: "Calcas Peludas<4><VALVE_ID_LAN><TERRORIST>" triggered "weaponstats2" (weapon "aug") (head "5") (chest "2") (stomach "4") (leftarm "7") (rightarm "7") (leftleg "2") (rightleg "2")
L 09/25/2019 - 12:39:54: "Calcas Peludas<4><VALVE_ID_LAN><TERRORIST>" triggered "weaponstats" (weapon "glock18") (shots "11") (hits "1") (kills "0") (headshots "0") (tks "0") (damage "28") (deaths "2")
L 09/25/2019 - 12:39:54: "Calcas Peludas<4><VALVE_ID_LAN><TERRORIST>" triggered "weaponstats2" (weapon "glock18") (head "0") (chest "0") (stomach "0") (leftarm "0") (rightarm "1") (leftleg "0") (rightleg "0")
L 09/25/2019 - 12:39:54: "Calcas Peludas<4><VALVE_ID_LAN><TERRORIST>" triggered "weaponstats" (weapon "awp") (shots "4") (hits "1") (kills "1") (headshots "0") (tks "0") (damage "112") (deaths "3")
L 09/25/2019 - 12:39:54: "Calcas Peludas<4><VALVE_ID_LAN><TERRORIST>" triggered "weaponstats2" (weapon "awp") (head "0") (chest "0") (stomach "0") (leftarm "1") (rightarm "0") (leftleg "0") (rightleg "0")
L 09/25/2019 - 12:39:54: "Calcas Peludas<4><VALVE_ID_LAN><TERRORIST>" triggered "weaponstats" (weapon "m249") (shots "9") (hits "3") (kills "1") (headshots "0") (tks "0") (damage "84") (deaths "0")
L 09/25/2019 - 12:39:54: "Calcas Peludas<4><VALVE_ID_LAN><TERRORIST>" triggered "weaponstats2" (weapon "m249") (head "0") (chest "1") (stomach "0") (leftarm "1") (rightarm "0") (leftleg "0") (rightleg "1")
L 09/25/2019 - 12:39:54: "Calcas Peludas<4><VALVE_ID_LAN><TERRORIST>" triggered "weaponstats" (weapon "m4a1") (shots "4") (hits "0") (kills "0") (headshots "0") (tks "0") (damage "0") (deaths "1")
L 09/25/2019 - 12:39:54: "Calcas Peludas<4><VALVE_ID_LAN><TERRORIST>" triggered "weaponstats2" (weapon "m4a1") (head "0") (chest "0") (stomach "0") (leftarm "0") (rightarm "0") (leftleg "0") (rightleg "0")
L 09/25/2019 - 12:39:54: "Calcas Peludas<4><VALVE_ID_LAN><TERRORIST>" triggered "weaponstats" (weapon "g3sg1") (shots "1") (hits "0") (kills "0") (headshots "0") (tks "0") (damage "0") (deaths "0")
L 09/25/2019 - 12:39:54: "Calcas Peludas<4><VALVE_ID_LAN><TERRORIST>" triggered "weaponstats2" (weapon "g3sg1") (head "0") (chest "0") (stomach "0") (leftarm "0") (rightarm "0") (leftleg "0") (rightleg "0")
L 09/25/2019 - 12:39:54: "Calcas Peludas<4><VALVE_ID_LAN><TERRORIST>" triggered "weaponstats" (weapon "sg552") (shots "30") (hits "9") (kills "2") (headshots "2") (tks "0") (damage "436") (deaths "4")
L 09/25/2019 - 12:39:54: "Calcas Peludas<4><VALVE_ID_LAN><TERRORIST>" triggered "weaponstats2" (weapon "sg552") (head "2") (chest "1") (stomach "0") (leftarm "3") (rightarm "2") (leftleg "0") (rightleg "1")
L 09/25/2019 - 12:39:54: "Calcas Peludas<4><VALVE_ID_LAN><TERRORIST>" triggered "weaponstats" (weapon "ak47") (shots "79") (hits "15") (kills "4") (headshots "1") (tks "0") (damage "563") (deaths "2")
L 09/25/2019 - 12:39:54: "Calcas Peludas<4><VALVE_ID_LAN><TERRORIST>" triggered "weaponstats2" (weapon "ak47") (head "1") (chest "3") (stomach "2") (leftarm "4") (rightarm "4") (leftleg "1") (rightleg "0")
L 09/25/2019 - 12:39:54: "Calcas Peludas<4><VALVE_ID_LAN><TERRORIST>" triggered "weaponstats" (weapon "knife") (shots "1") (hits "1") (kills "1") (headshots "0") (tks "0") (damage "195") (deaths "1")
L 09/25/2019 - 12:39:54: "Calcas Peludas<4><VALVE_ID_LAN><TERRORIST>" triggered "weaponstats2" (weapon "knife") (head "0") (chest "0") (stomach "0") (leftarm "0") (rightarm "1") (leftleg "0") (rightleg "0")
L 09/25/2019 - 12:39:54: "Calcas Peludas<4><VALVE_ID_LAN><TERRORIST>" triggered "time" (time "10:17")
L 09/25/2019 - 12:39:54: "Calcas Peludas<4><VALVE_ID_LAN><TERRORIST>" triggered "latency" (ping "10")
L 09/25/2019 - 12:39:54: "Cap Billy<5><VALVE_ID_LAN><CT>" triggered "weaponstats" (weapon "grenade") (shots "12") (hits "16") (kills "1") (headshots "0") (tks "0") (damage "781") (deaths "0")
L 09/25/2019 - 12:39:54: "Cap Billy<5><VALVE_ID_LAN><CT>" triggered "weaponstats2" (weapon "grenade") (head "0") (chest "0") (stomach "0") (leftarm "0") (rightarm "0") (leftleg "0") (rightleg "0")
L 09/25/2019 - 12:39:54: "Cap Billy<5><VALVE_ID_LAN><CT>" triggered "weaponstats" (weapon "xm1014") (shots "31") (hits "14") (kills "7") (headshots "1") (tks "0") (damage "1004") (deaths "4")
L 09/25/2019 - 12:39:54: "Cap Billy<5><VALVE_ID_LAN><CT>" triggered "weaponstats2" (weapon "xm1014") (head "2") (chest "2") (stomach "1") (leftarm "5") (rightarm "1") (leftleg "1") (rightleg "2")
L 09/25/2019 - 12:39:54: "Cap Billy<5><VALVE_ID_LAN><CT>" triggered "weaponstats" (weapon "mac10") (shots "17") (hits "2") (kills "1") (headshots "1") (tks "0") (damage "126") (deaths "0")
L 09/25/2019 - 12:39:54: "Cap Billy<5><VALVE_ID_LAN><CT>" triggered "weaponstats2" (weapon "mac10") (head "1") (chest "1") (stomach "0") (leftarm "0") (rightarm "0") (leftleg "0") (rightleg "0")
L 09/25/2019 - 12:39:54: "Cap Billy<5><VALVE_ID_LAN><CT>" triggered "weaponstats" (weapon "usp") (shots "5") (hits "0") (kills "0") (headshots "0") (tks "0") (damage "0") (deaths "0")
L 09/25/2019 - 12:39:54: "Cap Billy<5><VALVE_ID_LAN><CT>" triggered "weaponstats2" (weapon "usp") (head "0") (chest "0") (stomach "0") (leftarm "0") (rightarm "0") (leftleg "0") (rightleg "0")
L 09/25/2019 - 12:39:54: "Cap Billy<5><VALVE_ID_LAN><CT>" triggered "weaponstats" (weapon "mp5navy") (shots "43") (hits "11") (kills "3") (headshots "2") (tks "0") (damage "378") (deaths "2")
L 09/25/2019 - 12:39:54: "Cap Billy<5><VALVE_ID_LAN><CT>" triggered "weaponstats2" (weapon "mp5navy") (head "3") (chest "1") (stomach "2") (leftarm "2") (rightarm "3") (leftleg "0") (rightleg "0")
L 09/25/2019 - 12:39:54: "Cap Billy<5><VALVE_ID_LAN><CT>" triggered "weaponstats" (weapon "m249") (shots "11") (hits "2") (kills "0") (headshots "0") (tks "0") (damage "56") (deaths "1")
L 09/25/2019 - 12:39:54: "Cap Billy<5><VALVE_ID_LAN><CT>" triggered "weaponstats2" (weapon "m249") (head "0") (chest "0") (stomach "1") (leftarm "0") (rightarm "0") (leftleg "0") (rightleg "1")
L 09/25/2019 - 12:39:54: "Cap Billy<5><VALVE_ID_LAN><CT>" triggered "weaponstats" (weapon "m4a1") (shots "154") (hits "42") (kills "11") (headshots "6") (tks "0") (damage "1801") (deaths "5")
L 09/25/2019 - 12:39:54: "Cap Billy<5><VALVE_ID_LAN><CT>" triggered "weaponstats2" (weapon "m4a1") (head "8") (chest "6") (stomach "4") (leftarm "11") (rightarm "8") (leftleg "2") (rightleg "3")
L 09/25/2019 - 12:39:54: "Cap Billy<5><VALVE_ID_LAN><CT>" triggered "weaponstats" (weapon "sg552") (shots "39") (hits "17") (kills "4") (headshots "1") (tks "0") (damage "578") (deaths "2")
L 09/25/2019 - 12:39:54: "Cap Billy<5><VALVE_ID_LAN><CT>" triggered "weaponstats2" (weapon "sg552") (head "1") (chest "3") (stomach "4") (leftarm "4") (rightarm "2") (leftleg "1") (rightleg "2")
L 09/25/2019 - 12:39:54: "Cap Billy<5><VALVE_ID_LAN><CT>" triggered "weaponstats" (weapon "ak47") (shots "83") (hits "17") (kills "6") (headshots "3") (tks "0") (damage "903") (deaths "2")
L 09/25/2019 - 12:39:54: "Cap Billy<5><VALVE_ID_LAN><CT>" triggered "weaponstats2" (weapon "ak47") (head "4") (chest "3") (stomach "1") (leftarm "4") (rightarm "3") (leftleg "1") (rightleg "1")
L 09/25/2019 - 12:39:54: "Cap Billy<5><VALVE_ID_LAN><CT>" triggered "weaponstats" (weapon "knife") (shots "2") (hits "1") (kills "0") (headshots "0") (tks "0") (damage "65") (deaths "3")
L 09/25/2019 - 12:39:54: "Cap Billy<5><VALVE_ID_LAN><CT>" triggered "weaponstats2" (weapon "knife") (head "0") (chest "0") (stomach "1") (leftarm "0") (rightarm "0") (leftleg "0") (rightleg "0")
L 09/25/2019 - 12:39:54: "Cap Billy<5><VALVE_ID_LAN><CT>" triggered "time" (time "10:06")
L 09/25/2019 - 12:39:54: "Cap Billy<5><VALVE_ID_LAN><CT>" triggered "latency" (ping "8")
L 09/25/2019 - 12:39:54: "INDIO de ferias<10><VALVE_ID_LAN><CT>" triggered "weaponstats" (weapon "grenade") (shots "3") (hits "9") (kills "3") (headshots "0") (tks "0") (damage "262") (deaths "0")
L 09/25/2019 - 12:39:54: "INDIO de ferias<10><VALVE_ID_LAN><CT>" triggered "weaponstats2" (weapon "grenade") (head "0") (chest "0") (stomach "0") (leftarm "0") (rightarm "0") (leftleg "0") (rightleg "0")
L 09/25/2019 - 12:39:54: "INDIO de ferias<10><VALVE_ID_LAN><CT>" triggered "weaponstats" (weapon "aug") (shots "63") (hits "12") (kills "3") (headshots "0") (tks "0") (damage "308") (deaths "7")
L 09/25/2019 - 12:39:54: "INDIO de ferias<10><VALVE_ID_LAN><CT>" triggered "weaponstats2" (weapon "aug") (head "0") (chest "1") (stomach "2") (leftarm "3") (rightarm "1") (leftleg "0") (rightleg "5")
L 09/25/2019 - 12:39:54: "INDIO de ferias<10><VALVE_ID_LAN><CT>" triggered "weaponstats" (weapon "usp") (shots "4") (hits "0") (kills "0") (headshots "0") (tks "0") (damage "0") (deaths "2")
L 09/25/2019 - 12:39:54: "INDIO de ferias<10><VALVE_ID_LAN><CT>" triggered "weaponstats2" (weapon "usp") (head "0") (chest "0") (stomach "0") (leftarm "0") (rightarm "0") (leftleg "0") (rightleg "0")
L 09/25/2019 - 12:39:54: "INDIO de ferias<10><VALVE_ID_LAN><CT>" triggered "weaponstats" (weapon "mp5navy") (shots "19") (hits "2") (kills "0") (headshots "0") (tks "0") (damage "29") (deaths "1")
L 09/25/2019 - 12:39:54: "INDIO de ferias<10><VALVE_ID_LAN><CT>" triggered "weaponstats2" (weapon "mp5navy") (head "0") (chest "0") (stomach "0") (leftarm "0") (rightarm "0") (leftleg "1") (rightleg "1")
L 09/25/2019 - 12:39:54: "INDIO de ferias<10><VALVE_ID_LAN><CT>" triggered "weaponstats" (weapon "m4a1") (shots "8") (hits "2") (kills "0") (headshots "0") (tks "0") (damage "30") (deaths "1")
L 09/25/2019 - 12:39:54: "INDIO de ferias<10><VALVE_ID_LAN><CT>" triggered "weaponstats2" (weapon "m4a1") (head "0") (chest "1") (stomach "0") (leftarm "1") (rightarm "0") (leftleg "0") (rightleg "0")
L 09/25/2019 - 12:39:54: "INDIO de ferias<10><VALVE_ID_LAN><CT>" triggered "weaponstats" (weapon "sg552") (shots "25") (hits "8") (kills "2") (headshots "0") (tks "0") (damage "213") (deaths "3")
L 09/25/2019 - 12:39:54: "INDIO de ferias<10><VALVE_ID_LAN><CT>" triggered "weaponstats2" (weapon "sg552") (head "0") (chest "2") (stomach "1") (leftarm "3") (rightarm "0") (leftleg "2") (rightleg "0")
L 09/25/2019 - 12:39:54: "INDIO de ferias<10><VALVE_ID_LAN><CT>" triggered "weaponstats" (weapon "knife") (shots "1") (hits "1") (kills "1") (headshots "1") (tks "0") (damage "65") (deaths "2")
L 09/25/2019 - 12:39:54: "INDIO de ferias<10><VALVE_ID_LAN><CT>" triggered "weaponstats2" (weapon "knife") (head "1") (chest "0") (stomach "0") (leftarm "0") (rightarm "0") (leftleg "0") (rightleg "0")
L 09/25/2019 - 12:39:54: "INDIO de ferias<10><VALVE_ID_LAN><CT>" triggered "weaponstats" (weapon "p90") (shots "85") (hits "9") (kills "3") (headshots "1") (tks "0") (damage "211") (deaths "0")
L 09/25/2019 - 12:39:54: "INDIO de ferias<10><VALVE_ID_LAN><CT>" triggered "weaponstats2" (weapon "p90") (head "1") (chest "1") (stomach "1") (leftarm "3") (rightarm "1") (leftleg "0") (rightleg "2")
L 09/25/2019 - 12:39:54: "INDIO de ferias<10><VALVE_ID_LAN><CT>" triggered "time" (time "7:26")
L 09/25/2019 - 12:39:54: "INDIO de ferias<10><VALVE_ID_LAN><CT>" triggered "latency" (ping "13")
L 09/25/2019 - 12:39:54: "DareDevil<9><VALVE_ID_LAN><CT>" triggered "weaponstats" (weapon "grenade") (shots "8") (hits "11") (kills "0") (headshots "0") (tks "0") (damage "395") (deaths "0")
L 09/25/2019 - 12:39:54: "DareDevil<9><VALVE_ID_LAN><CT>" triggered "weaponstats2" (weapon "grenade") (head "0") (chest "0") (stomach "0") (leftarm "0") (rightarm "0") (leftleg "0") (rightleg "0")
L 09/25/2019 - 12:39:54: "DareDevil<9><VALVE_ID_LAN><CT>" triggered "weaponstats" (weapon "xm1014") (shots "23") (hits "10") (kills "6") (headshots "1") (tks "0") (damage "604") (deaths "7")
L 09/25/2019 - 12:39:54: "DareDevil<9><VALVE_ID_LAN><CT>" triggered "weaponstats2" (weapon "xm1014") (head "1") (chest "0") (stomach "3") (leftarm "4") (rightarm "0") (leftleg "2") (rightleg "0")
L 09/25/2019 - 12:39:54: "DareDevil<9><VALVE_ID_LAN><CT>" triggered "weaponstats" (weapon "mac10") (shots "1") (hits "0") (kills "0") (headshots "0") (tks "0") (damage "0") (deaths "1")
L 09/25/2019 - 12:39:54: "DareDevil<9><VALVE_ID_LAN><CT>" triggered "weaponstats2" (weapon "mac10") (head "0") (chest "0") (stomach "0") (leftarm "0") (rightarm "0") (leftleg "0") (rightleg "0")
L 09/25/2019 - 12:39:54: "DareDevil<9><VALVE_ID_LAN><CT>" triggered "weaponstats" (weapon "aug") (shots "49") (hits "13") (kills "2") (headshots "0") (tks "0") (damage "373") (deaths "3")
L 09/25/2019 - 12:39:54: "DareDevil<9><VALVE_ID_LAN><CT>" triggered "weaponstats2" (weapon "aug") (head "0") (chest "2") (stomach "2") (leftarm "6") (rightarm "2") (leftleg "0") (rightleg "1")
L 09/25/2019 - 12:39:54: "DareDevil<9><VALVE_ID_LAN><CT>" triggered "weaponstats" (weapon "usp") (shots "3") (hits "0") (kills "0") (headshots "0") (tks "0") (damage "0") (deaths "0")
L 09/25/2019 - 12:39:54: "DareDevil<9><VALVE_ID_LAN><CT>" triggered "weaponstats2" (weapon "usp") (head "0") (chest "0") (stomach "0") (leftarm "0") (rightarm "0") (leftleg "0") (rightleg "0")
L 09/25/2019 - 12:39:54: "DareDevil<9><VALVE_ID_LAN><CT>" triggered "weaponstats" (weapon "awp") (shots "2") (hits "0") (kills "0") (headshots "0") (tks "0") (damage "0") (deaths "0")
L 09/25/2019 - 12:39:54: "DareDevil<9><VALVE_ID_LAN><CT>" triggered "weaponstats2" (weapon "awp") (head "0") (chest "0") (stomach "0") (leftarm "0") (rightarm "0") (leftleg "0") (rightleg "0")
L 09/25/2019 - 12:39:54: "DareDevil<9><VALVE_ID_LAN><CT>" triggered "weaponstats" (weapon "mp5navy") (shots "47") (hits "9") (kills "2") (headshots "2") (tks "0") (damage "356") (deaths "4")
L 09/25/2019 - 12:39:54: "DareDevil<9><VALVE_ID_LAN><CT>" triggered "weaponstats2" (weapon "mp5navy") (head "2") (chest "3") (stomach "1") (leftarm "2") (rightarm "1") (leftleg "0") (rightleg "0")
L 09/25/2019 - 12:39:54: "DareDevil<9><VALVE_ID_LAN><CT>" triggered "weaponstats" (weapon "tmp") (shots "12") (hits "3") (kills "1") (headshots "0") (tks "0") (damage "111") (deaths "1")
L 09/25/2019 - 12:39:54: "DareDevil<9><VALVE_ID_LAN><CT>" triggered "weaponstats2" (weapon "tmp") (head "1") (chest "0") (stomach "0") (leftarm "1") (rightarm "1") (leftleg "0") (rightleg "0")
L 09/25/2019 - 12:39:54: "DareDevil<9><VALVE_ID_LAN><CT>" triggered "weaponstats" (weapon "sg552") (shots "44") (hits "10") (kills "5") (headshots "2") (tks "0") (damage "499") (deaths "2")
L 09/25/2019 - 12:39:54: "DareDevil<9><VALVE_ID_LAN><CT>" triggered "weaponstats2" (weapon "sg552") (head "2") (chest "2") (stomach "2") (leftarm "2") (rightarm "1") (leftleg "0") (rightleg "1")
L 09/25/2019 - 12:39:54: "DareDevil<9><VALVE_ID_LAN><CT>" triggered "time" (time "8:36")
L 09/25/2019 - 12:39:54: "DareDevil<9><VALVE_ID_LAN><CT>" triggered "latency" (ping "12")
L 09/25/2019 - 12:39:54: "@te<12><VALVE_ID_LAN><CT>" triggered "weaponstats" (weapon "scout") (shots "1") (hits "1") (kills "1") (headshots "1") (tks "0") (damage "284") (deaths "0")
L 09/25/2019 - 12:39:54: "@te<12><VALVE_ID_LAN><CT>" triggered "weaponstats2" (weapon "scout") (head "1") (chest "0") (stomach "0") (leftarm "0") (rightarm "0") (leftleg "0") (rightleg "0")
L 09/25/2019 - 12:39:54: "@te<12><VALVE_ID_LAN><CT>" triggered "weaponstats" (weapon "grenade") (shots "3") (hits "4") (kills "2") (headshots "0") (tks "0") (damage "177") (deaths "0")
L 09/25/2019 - 12:39:54: "@te<12><VALVE_ID_LAN><CT>" triggered "weaponstats2" (weapon "grenade") (head "0") (chest "0") (stomach "0") (leftarm "0") (rightarm "0") (leftleg "0") (rightleg "0")
L 09/25/2019 - 12:39:54: "@te<12><VALVE_ID_LAN><CT>" triggered "weaponstats" (weapon "xm1014") (shots "10") (hits "4") (kills "0") (headshots "0") (tks "0") (damage "47") (deaths "2")
L 09/25/2019 - 12:39:54: "@te<12><VALVE_ID_LAN><CT>" triggered "weaponstats2" (weapon "xm1014") (head "0") (chest "0") (stomach "0") (leftarm "1") (rightarm "1") (leftleg "0") (rightleg "2")
L 09/25/2019 - 12:39:54: "@te<12><VALVE_ID_LAN><CT>" triggered "weaponstats" (weapon "usp") (shots "5") (hits "2") (kills "1") (headshots "0") (tks "0") (damage "63") (deaths "0")
L 09/25/2019 - 12:39:54: "@te<12><VALVE_ID_LAN><CT>" triggered "weaponstats2" (weapon "usp") (head "0") (chest "1") (stomach "0") (leftarm "1") (rightarm "0") (leftleg "0") (rightleg "0")
L 09/25/2019 - 12:39:54: "@te<12><VALVE_ID_LAN><CT>" triggered "weaponstats" (weapon "mp5navy") (shots "83") (hits "19") (kills "4") (headshots "0") (tks "0") (damage "438") (deaths "5")
L 09/25/2019 - 12:39:54: "@te<12><VALVE_ID_LAN><CT>" triggered "weaponstats2" (weapon "mp5navy") (head "0") (chest "5") (stomach "5") (leftarm "5") (rightarm "2") (leftleg "1") (rightleg "1")
L 09/25/2019 - 12:39:54: "@te<12><VALVE_ID_LAN><CT>" triggered "weaponstats" (weapon "tmp") (shots "2") (hits "0") (kills "0") (headshots "0") (tks "0") (damage "0") (deaths "2")
L 09/25/2019 - 12:39:54: "@te<12><VALVE_ID_LAN><CT>" triggered "weaponstats2" (weapon "tmp") (head "0") (chest "0") (stomach "0") (leftarm "0") (rightarm "0") (leftleg "0") (rightleg "0")
L 09/25/2019 - 12:39:54: "@te<12><VALVE_ID_LAN><CT>" triggered "weaponstats" (weapon "g3sg1") (shots "15") (hits "4") (kills "2") (headshots "0") (tks "0") (damage "206") (deaths "1")
L 09/25/2019 - 12:39:54: "@te<12><VALVE_ID_LAN><CT>" triggered "weaponstats2" (weapon "g3sg1") (head "0") (chest "1") (stomach "0") (leftarm "1") (rightarm "0") (leftleg "0") (rightleg "2")
L 09/25/2019 - 12:39:54: "@te<12><VALVE_ID_LAN><CT>" triggered "weaponstats" (weapon "sg552") (shots "4") (hits "0") (kills "0") (headshots "0") (tks "0") (damage "0") (deaths "2")
L 09/25/2019 - 12:39:54: "@te<12><VALVE_ID_LAN><CT>" triggered "weaponstats2" (weapon "sg552") (head "0") (chest "0") (stomach "0") (leftarm "0") (rightarm "0") (leftleg "0") (rightleg "0")
L 09/25/2019 - 12:39:54: "@te<12><VALVE_ID_LAN><CT>" triggered "weaponstats" (weapon "knife") (shots "2") (hits "0") (kills "0") (headshots "0") (tks "0") (damage "0") (deaths "1")
L 09/25/2019 - 12:39:54: "@te<12><VALVE_ID_LAN><CT>" triggered "weaponstats2" (weapon "knife") (head "0") (chest "0") (stomach "0") (leftarm "0") (rightarm "0") (leftleg "0") (rightleg "0")
L 09/25/2019 - 12:39:54: "@te<12><VALVE_ID_LAN><CT>" triggered "weaponstats" (weapon "p90") (shots "8") (hits "2") (kills "1") (headshots "1") (tks "0") (damage "108") (deaths "1")
L 09/25/2019 - 12:39:54: "@te<12><VALVE_ID_LAN><CT>" triggered "weaponstats2" (weapon "p90") (head "1") (chest "0") (stomach "0") (leftarm "0") (rightarm "1") (leftleg "0") (rightleg "0")
L 09/25/2019 - 12:39:54: "@te<12><VALVE_ID_LAN><CT>" triggered "time" (time "6:44")
L 09/25/2019 - 12:39:54: "@te<12><VALVE_ID_LAN><CT>" triggered "latency" (ping "13")
L 09/25/2019 - 12:39:54: "Smolder<16><VALVE_ID_LAN><TERRORIST>" triggered "weaponstats" (weapon "grenade") (shots "1") (hits "3") (kills "1") (headshots "0") (tks "0") (damage "175") (deaths "0")
L 09/25/2019 - 12:39:54: "Smolder<16><VALVE_ID_LAN><TERRORIST>" triggered "weaponstats2" (weapon "grenade") (head "0") (chest "0") (stomach "0") (leftarm "0") (rightarm "0") (leftleg "0") (rightleg "0")
L 09/25/2019 - 12:39:54: "Smolder<16><VALVE_ID_LAN><TERRORIST>" triggered "weaponstats" (weapon "xm1014") (shots "11") (hits "9") (kills "3") (headshots "0") (tks "0") (damage "383") (deaths "2")
L 09/25/2019 - 12:39:54: "Smolder<16><VALVE_ID_LAN><TERRORIST>" triggered "weaponstats2" (weapon "xm1014") (head "1") (chest "1") (stomach "1") (leftarm "1") (rightarm "1") (leftleg "2") (rightleg "2")
L 09/25/2019 - 12:39:54: "Smolder<16><VALVE_ID_LAN><TERRORIST>" triggered "weaponstats" (weapon "mac10") (shots "2") (hits "0") (kills "0") (headshots "0") (tks "0") (damage "0") (deaths "1")
L 09/25/2019 - 12:39:54: "Smolder<16><VALVE_ID_LAN><TERRORIST>" triggered "weaponstats2" (weapon "mac10") (head "0") (chest "0") (stomach "0") (leftarm "0") (rightarm "0") (leftleg "0") (rightleg "0")
L 09/25/2019 - 12:39:54: "Smolder<16><VALVE_ID_LAN><TERRORIST>" triggered "weaponstats" (weapon "aug") (shots "4") (hits "0") (kills "0") (headshots "0") (tks "0") (damage "0") (deaths "1")
L 09/25/2019 - 12:39:54: "Smolder<16><VALVE_ID_LAN><TERRORIST>" triggered "weaponstats2" (weapon "aug") (head "0") (chest "0") (stomach "0") (leftarm "0") (rightarm "0") (leftleg "0") (rightleg "0")
L 09/25/2019 - 12:39:54: "Smolder<16><VALVE_ID_LAN><TERRORIST>" triggered "weaponstats" (weapon "glock18") (shots "2") (hits "0") (kills "0") (headshots "0") (tks "0") (damage "0") (deaths "1")
L 09/25/2019 - 12:39:54: "Smolder<16><VALVE_ID_LAN><TERRORIST>" triggered "weaponstats2" (weapon "glock18") (head "0") (chest "0") (stomach "0") (leftarm "0") (rightarm "0") (leftleg "0") (rightleg "0")
L 09/25/2019 - 12:39:54: "Smolder<16><VALVE_ID_LAN><TERRORIST>" triggered "weaponstats" (weapon "mp5navy") (shots "46") (hits "1") (kills "0") (headshots "0") (tks "0") (damage "26") (deaths "1")
L 09/25/2019 - 12:39:54: "Smolder<16><VALVE_ID_LAN><TERRORIST>" triggered "weaponstats2" (weapon "mp5navy") (head "0") (chest "0") (stomach "0") (leftarm "0") (rightarm "1") (leftleg "0") (rightleg "0")
L 09/25/2019 - 12:39:54: "Smolder<16><VALVE_ID_LAN><TERRORIST>" triggered "weaponstats" (weapon "tmp") (shots "4") (hits "0") (kills "0") (headshots "0") (tks "0") (damage "0") (deaths "1")
L 09/25/2019 - 12:39:54: "Smolder<16><VALVE_ID_LAN><TERRORIST>" triggered "weaponstats2" (weapon "tmp") (head "0") (chest "0") (stomach "0") (leftarm "0") (rightarm "0") (leftleg "0") (rightleg "0")
L 09/25/2019 - 12:39:54: "Smolder<16><VALVE_ID_LAN><TERRORIST>" triggered "weaponstats" (weapon "ak47") (shots "70") (hits "11") (kills "3") (headshots "0") (tks "0") (damage "359") (deaths "1")
L 09/25/2019 - 12:39:54: "Smolder<16><VALVE_ID_LAN><TERRORIST>" triggered "weaponstats2" (weapon "ak47") (head "0") (chest "1") (stomach "1") (leftarm "5") (rightarm "3") (leftleg "0") (rightleg "1")
L 09/25/2019 - 12:39:54: "Smolder<16><VALVE_ID_LAN><TERRORIST>" triggered "weaponstats" (weapon "knife") (shots "1") (hits "0") (kills "0") (headshots "0") (tks "0") (damage "0") (deaths "2")
L 09/25/2019 - 12:39:54: "Smolder<16><VALVE_ID_LAN><TERRORIST>" triggered "weaponstats2" (weapon "knife") (head "0") (chest "0") (stomach "0") (leftarm "0") (rightarm "0") (leftleg "0") (rightleg "0")
L 09/25/2019 - 12:39:54: "Smolder<16><VALVE_ID_LAN><TERRORIST>" triggered "weaponstats" (weapon "p90") (shots "1") (hits "0") (kills "0") (headshots "0") (tks "0") (damage "0") (deaths "1")
L 09/25/2019 - 12:39:54: "Smolder<16><VALVE_ID_LAN><TERRORIST>" triggered "weaponstats2" (weapon "p90") (head "0") (chest "0") (stomach "0") (leftarm "0") (rightarm "0") (leftleg "0") (rightleg "0")
L 09/25/2019 - 12:39:54: "Smolder<16><VALVE_ID_LAN><TERRORIST>" triggered "time" (time "4:53")
L 09/25/2019 - 12:39:54: "Smolder<16><VALVE_ID_LAN><TERRORIST>" triggered "latency" (ping "12")
L 09/25/2019 - 12:39:54: "Gho$T<14><VALVE_ID_LAN><TERRORIST>" triggered "weaponstats" (weapon "grenade") (shots "2") (hits "4") (kills "0") (headshots "0") (tks "0") (damage "200") (deaths "0")
L 09/25/2019 - 12:39:54: "Gho$T<14><VALVE_ID_LAN><TERRORIST>" triggered "weaponstats2" (weapon "grenade") (head "0") (chest "0") (stomach "0") (leftarm "0") (rightarm "0") (leftleg "0") (rightleg "0")
L 09/25/2019 - 12:39:54: "Gho$T<14><VALVE_ID_LAN><TERRORIST>" triggered "weaponstats" (weapon "mac10") (shots "79") (hits "11") (kills "5") (headshots "2") (tks "0") (damage "431") (deaths "0")
L 09/25/2019 - 12:39:54: "Gho$T<14><VALVE_ID_LAN><TERRORIST>" triggered "weaponstats2" (weapon "mac10") (head "2") (chest "1") (stomach "0") (leftarm "5") (rightarm "2") (leftleg "1") (rightleg "0")
L 09/25/2019 - 12:39:54: "Gho$T<14><VALVE_ID_LAN><TERRORIST>" triggered "weaponstats" (weapon "glock18") (shots "2") (hits "0") (kills "0") (headshots "0") (tks "0") (damage "0") (deaths "0")
L 09/25/2019 - 12:39:54: "Gho$T<14><VALVE_ID_LAN><TERRORIST>" triggered "weaponstats2" (weapon "glock18") (head "0") (chest "0") (stomach "0") (leftarm "0") (rightarm "0") (leftleg "0") (rightleg "0")
L 09/25/2019 - 12:39:54: "Gho$T<14><VALVE_ID_LAN><TERRORIST>" triggered "weaponstats" (weapon "awp") (shots "6") (hits "5") (kills "3") (headshots "0") (tks "0") (damage "492") (deaths "2")
L 09/25/2019 - 12:39:54: "Gho$T<14><VALVE_ID_LAN><TERRORIST>" triggered "weaponstats2" (weapon "awp") (head "0") (chest "0") (stomach "3") (leftarm "1") (rightarm "0") (leftleg "1") (rightleg "0")
L 09/25/2019 - 12:39:54: "Gho$T<14><VALVE_ID_LAN><TERRORIST>" triggered "weaponstats" (weapon "mp5navy") (shots "1") (hits "0") (kills "0") (headshots "0") (tks "0") (damage "0") (deaths "1")
L 09/25/2019 - 12:39:54: "Gho$T<14><VALVE_ID_LAN><TERRORIST>" triggered "weaponstats2" (weapon "mp5navy") (head "0") (chest "0") (stomach "0") (leftarm "0") (rightarm "0") (leftleg "0") (rightleg "0")
L 09/25/2019 - 12:39:54: "Gho$T<14><VALVE_ID_LAN><TERRORIST>" triggered "weaponstats" (weapon "m249") (shots "30") (hits "3") (kills "0") (headshots "0") (tks "0") (damage "83") (deaths "1")
L 09/25/2019 - 12:39:54: "Gho$T<14><VALVE_ID_LAN><TERRORIST>" triggered "weaponstats2" (weapon "m249") (head "0") (chest "0") (stomach "1") (leftarm "0") (rightarm "0") (leftleg "0") (rightleg "2")
L 09/25/2019 - 12:39:54: "Gho$T<14><VALVE_ID_LAN><TERRORIST>" triggered "weaponstats" (weapon "m4a1") (shots "44") (hits "10") (kills "1") (headshots "0") (tks "0") (damage "269") (deaths "2")
L 09/25/2019 - 12:39:54: "Gho$T<14><VALVE_ID_LAN><TERRORIST>" triggered "weaponstats2" (weapon "m4a1") (head "0") (chest "1") (stomach "0") (leftarm "4") (rightarm "2") (leftleg "1") (rightleg "2")
L 09/25/2019 - 12:39:54: "Gho$T<14><VALVE_ID_LAN><TERRORIST>" triggered "weaponstats" (weapon "tmp") (shots "96") (hits "28") (kills "7") (headshots "4") (tks "0") (damage "762") (deaths "1")
L 09/25/2019 - 12:39:54: "Gho$T<14><VALVE_ID_LAN><TERRORIST>" triggered "weaponstats2" (weapon "tmp") (head "6") (chest "2") (stomach "6") (leftarm "7") (rightarm "4") (leftleg "1") (rightleg "2")
L 09/25/2019 - 12:39:54: "Gho$T<14><VALVE_ID_LAN><TERRORIST>" triggered "weaponstats" (weapon "sg552") (shots "10") (hits "5") (kills "1") (headshots "0") (tks "0") (damage "125") (deaths "2")
L 09/25/2019 - 12:39:54: "Gho$T<14><VALVE_ID_LAN><TERRORIST>" triggered "weaponstats2" (weapon "sg552") (head "0") (chest "1") (stomach "0") (leftarm "0") (rightarm "1") (leftleg "1") (rightleg "2")
L 09/25/2019 - 12:39:54: "Gho$T<14><VALVE_ID_LAN><TERRORIST>" triggered "weaponstats" (weapon "ak47") (shots "30") (hits "9") (kills "3") (headshots "0") (tks "0") (damage "312") (deaths "1")
L 09/25/2019 - 12:39:54: "Gho$T<14><VALVE_ID_LAN><TERRORIST>" triggered "weaponstats2" (weapon "ak47") (head "0") (chest "3") (stomach "2") (leftarm "2") (rightarm "1") (leftleg "1") (rightleg "0")
L 09/25/2019 - 12:39:54: "Gho$T<14><VALVE_ID_LAN><TERRORIST>" triggered "weaponstats" (weapon "knife") (shots "1") (hits "0") (kills "0") (headshots "0") (tks "0") (damage "0") (deaths "1")
L 09/25/2019 - 12:39:54: "Gho$T<14><VALVE_ID_LAN><TERRORIST>" triggered "weaponstats2" (weapon "knife") (head "0") (chest "0") (stomach "0") (leftarm "0") (rightarm "0") (leftleg "0") (rightleg "0")
L 09/25/2019 - 12:39:54: "Gho$T<14><VALVE_ID_LAN><TERRORIST>" triggered "weaponstats" (weapon "p90") (shots "12") (hits "4") (kills "1") (headshots "1") (tks "0") (damage "138") (deaths "1")
L 09/25/2019 - 12:39:54: "Gho$T<14><VALVE_ID_LAN><TERRORIST>" triggered "weaponstats2" (weapon "p90") (head "1") (chest "2") (stomach "0") (leftarm "0") (rightarm "1") (leftleg "0") (rightleg "0")
L 09/25/2019 - 12:39:54: "Gho$T<14><VALVE_ID_LAN><TERRORIST>" triggered "time" (time "5:59")
L 09/25/2019 - 12:39:54: "Gho$T<14><VALVE_ID_LAN><TERRORIST>" triggered "latency" (ping "8")
L 09/25/2019 - 12:39:54: "Kitkat<22><VALVE_ID_LAN><TERRORIST>" triggered "weaponstats" (weapon "mac10") (shots "7") (hits "1") (kills "1") (headshots "1") (tks "0") (damage "88") (deaths "1")
L 09/25/2019 - 12:39:54: "Kitkat<22><VALVE_ID_LAN><TERRORIST>" triggered "weaponstats2" (weapon "mac10") (head "1") (chest "0") (stomach "0") (leftarm "0") (rightarm "0") (leftleg "0") (rightleg "0")
L 09/25/2019 - 12:39:54: "Kitkat<22><VALVE_ID_LAN><TERRORIST>" triggered "weaponstats" (weapon "aug") (shots "1") (hits "0") (kills "0") (headshots "0") (tks "0") (damage "0") (deaths "1")
L 09/25/2019 - 12:39:54: "Kitkat<22><VALVE_ID_LAN><TERRORIST>" triggered "weaponstats2" (weapon "aug") (head "0") (chest "0") (stomach "0") (leftarm "0") (rightarm "0") (leftleg "0") (rightleg "0")
L 09/25/2019 - 12:39:54: "Kitkat<22><VALVE_ID_LAN><TERRORIST>" triggered "weaponstats" (weapon "mp5navy") (shots "17") (hits "6") (kills "2") (headshots "0") (tks "0") (damage "126") (deaths "1")
L 09/25/2019 - 12:39:54: "Kitkat<22><VALVE_ID_LAN><TERRORIST>" triggered "weaponstats2" (weapon "mp5navy") (head "0") (chest "1") (stomach "2") (leftarm "2") (rightarm "1") (leftleg "0") (rightleg "0")
L 09/25/2019 - 12:39:54: "Kitkat<22><VALVE_ID_LAN><TERRORIST>" triggered "weaponstats" (weapon "sg552") (shots "25") (hits "5") (kills "2") (headshots "1") (tks "0") (damage "265") (deaths "1")
L 09/25/2019 - 12:39:54: "Kitkat<22><VALVE_ID_LAN><TERRORIST>" triggered "weaponstats2" (weapon "sg552") (head "1") (chest "0") (stomach "0") (leftarm "4") (rightarm "0") (leftleg "0") (rightleg "0")
L 09/25/2019 - 12:39:54: "Kitkat<22><VALVE_ID_LAN><TERRORIST>" triggered "time" (time "2:14")
L 09/25/2019 - 12:39:54: "Kitkat<22><VALVE_ID_LAN><TERRORIST>" triggered "latency" (ping "7")
L 09/25/2019 - 12:39:54: "Jack<19><VALVE_ID_LAN><CT>" triggered "weaponstats" (weapon "grenade") (shots "2") (hits "2") (kills "1") (headshots "0") (tks "0") (damage "118") (deaths "0")
L 09/25/2019 - 12:39:54: "Jack<19><VALVE_ID_LAN><CT>" triggered "weaponstats2" (weapon "grenade") (head "0") (chest "0") (stomach "0") (leftarm "0") (rightarm "0") (leftleg "0") (rightleg "0")
L 09/25/2019 - 12:39:54: "Jack<19><VALVE_ID_LAN><CT>" triggered "weaponstats" (weapon "xm1014") (shots "5") (hits "0") (kills "0") (headshots "0") (tks "0") (damage "0") (deaths "1")
L 09/25/2019 - 12:39:54: "Jack<19><VALVE_ID_LAN><CT>" triggered "weaponstats2" (weapon "xm1014") (head "0") (chest "0") (stomach "0") (leftarm "0") (rightarm "0") (leftleg "0") (rightleg "0")
L 09/25/2019 - 12:39:54: "Jack<19><VALVE_ID_LAN><CT>" triggered "weaponstats" (weapon "mac10") (shots "30") (hits "3") (kills "1") (headshots "1") (tks "0") (damage "157") (deaths "1")
L 09/25/2019 - 12:39:54: "Jack<19><VALVE_ID_LAN><CT>" triggered "weaponstats2" (weapon "mac10") (head "1") (chest "1") (stomach "1") (leftarm "0") (rightarm "0") (leftleg "0") (rightleg "0")
L 09/25/2019 - 12:39:54: "Jack<19><VALVE_ID_LAN><CT>" triggered "weaponstats" (weapon "usp") (shots "18") (hits "0") (kills "0") (headshots "0") (tks "0") (damage "0") (deaths "1")
L 09/25/2019 - 12:39:54: "Jack<19><VALVE_ID_LAN><CT>" triggered "weaponstats2" (weapon "usp") (head "0") (chest "0") (stomach "0") (leftarm "0") (rightarm "0") (leftleg "0") (rightleg "0")
L 09/25/2019 - 12:39:54: "Jack<19><VALVE_ID_LAN><CT>" triggered "weaponstats" (weapon "mp5navy") (shots "39") (hits "3") (kills "1") (headshots "0") (tks "0") (damage "63") (deaths "1")
L 09/25/2019 - 12:39:54: "Jack<19><VALVE_ID_LAN><CT>" triggered "weaponstats2" (weapon "mp5navy") (head "0") (chest "1") (stomach "0") (leftarm "1") (rightarm "0") (leftleg "1") (rightleg "0")
L 09/25/2019 - 12:39:54: "Jack<19><VALVE_ID_LAN><CT>" triggered "weaponstats" (weapon "sg552") (shots "52") (hits "8") (kills "1") (headshots "1") (tks "0") (damage "318") (deaths "1")
L 09/25/2019 - 12:39:54: "Jack<19><VALVE_ID_LAN><CT>" triggered "weaponstats2" (weapon "sg552") (head "1") (chest "1") (stomach "1") (leftarm "5") (rightarm "0") (leftleg "0") (rightleg "0")
L 09/25/2019 - 12:39:54: "Jack<19><VALVE_ID_LAN><CT>" triggered "time" (time "3:38")
L 09/25/2019 - 12:39:54: "Jack<19><VALVE_ID_LAN><CT>" triggered "latency" (ping "7")
L 09/25/2019 - 12:39:54: [META] ini: Begin re-reading plugins list: c:/valve/cstrike/addons/metamod/plugins.ini
L 09/25/2019 - 12:39:54: [META] ini: Read plugin config for: AMX
L 09/25/2019 - 12:39:54: [META] ini: Read plugin config for: WinHL-Booster
L 09/25/2019 - 12:39:54: [META] ERROR: ini: Skipping plugin, couldn't stat file 'addons/hlguard/dlls/hlguard_mm_nightly.dll': No such file or directory
L 09/25/2019 - 12:39:54: [META] ini: Read plugin config for: WebMod
L 09/25/2019 - 12:39:54: [META] ini: Finished reading plugins list: c:/valve/cstrike/addons/metamod/plugins.ini; Found 3 plugins
L 09/25/2019 - 12:39:54: [META] dll: Updating plugins...
L 09/25/2019 - 12:39:54: [META] ERROR: dll: Failed query plugin '<hlguard_mm_nightly.dll>'; Couldn't open file 'addons/hlguard/dlls/hlguard_mm_nightly.dll': Não foi possível encontrar o módulo especificado.

L 09/25/2019 - 12:39:54: [META] ERROR: dll: Skipping plugin '<hlguard_mm_nightly.dll>'; couldn't query
L 09/25/2019 - 12:39:54: [META] dll: Finished updating 6 plugins; kept 3, loaded 0, unloaded 0, reloaded 0, delayed 0
L 09/25/2019 - 12:39:54: Server shutdown
L 09/25/2019 - 12:39:54: Log file closed
