L 09/30/2019 - 13:00:41: Log file started (file "logs\L0930005.log") (game "cstrike") (version "47/1.1.2.2/2603")
L 09/30/2019 - 13:00:43: "Cap Billy<29><VALVE_ID_LAN><CT>" killed "Kitkat<30><VALVE_ID_LAN><TERRORIST>" with "deagle"
L 09/30/2019 - 13:00:45: Team "CT" scored "11" with "5" players
L 09/30/2019 - 13:00:45: Team "TERRORIST" scored "6" with "5" players
L 09/30/2019 - 13:00:46: "Smolder<36><VALVE_ID_LAN><TERRORIST>" triggered "weaponstats" (weapon "deagle") (shots "190") (hits "50") (kills "14") (headshots "5") (tks "0") (damage "1991") (deaths "11")
L 09/30/2019 - 13:00:46: "Smolder<36><VALVE_ID_LAN><TERRORIST>" triggered "weaponstats2" (weapon "deagle") (head "6") (chest "5") (stomach "4") (leftarm "18") (rightarm "12") (leftleg "1") (rightleg "4")
L 09/30/2019 - 13:00:46: "Smolder<36><VALVE_ID_LAN><TERRORIST>" triggered "weaponstats" (weapon "knife") (shots "7") (hits "3") (kills "3") (headshots "0") (tks "0") (damage "275") (deaths "4")
L 09/30/2019 - 13:00:46: "Smolder<36><VALVE_ID_LAN><TERRORIST>" triggered "weaponstats2" (weapon "knife") (head "0") (chest "2") (stomach "0") (leftarm "1") (rightarm "0") (leftleg "0") (rightleg "0")
L 09/30/2019 - 13:00:46: "Smolder<36><VALVE_ID_LAN><TERRORIST>" triggered "time" (time "10:01")
L 09/30/2019 - 13:00:46: "Smolder<36><VALVE_ID_LAN><TERRORIST>" triggered "latency" (ping "10")
L 09/30/2019 - 13:00:49: "Gho$T<35><VALVE_ID_LAN><TERRORIST>" triggered "weaponstats" (weapon "deagle") (shots "102") (hits "33") (kills "8") (headshots "2") (tks "0") (damage "1137") (deaths "7")
L 09/30/2019 - 13:00:49: "Gho$T<35><VALVE_ID_LAN><TERRORIST>" triggered "weaponstats2" (weapon "deagle") (head "2") (chest "5") (stomach "11") (leftarm "8") (rightarm "3") (leftleg "2") (rightleg "2")
L 09/30/2019 - 13:00:49: "Gho$T<35><VALVE_ID_LAN><TERRORIST>" triggered "weaponstats" (weapon "knife") (shots "11") (hits "4") (kills "2") (headshots "1") (tks "0") (damage "220") (deaths "8")
L 09/30/2019 - 13:00:49: "Gho$T<35><VALVE_ID_LAN><TERRORIST>" triggered "weaponstats2" (weapon "knife") (head "1") (chest "1") (stomach "0") (leftarm "1") (rightarm "0") (leftleg "0") (rightleg "1")
L 09/30/2019 - 13:00:49: "Gho$T<35><VALVE_ID_LAN><TERRORIST>" triggered "time" (time "10:05")
L 09/30/2019 - 13:00:49: "Gho$T<35><VALVE_ID_LAN><TERRORIST>" triggered "latency" (ping "9")
L 09/30/2019 - 13:00:49: "CEIFADOR<28><VALVE_ID_LOOPBACK><TERRORIST>" triggered "weaponstats" (weapon "deagle") (shots "142") (hits "51") (kills "10") (headshots "4") (tks "0") (damage "1941") (deaths "10")
L 09/30/2019 - 13:00:49: "CEIFADOR<28><VALVE_ID_LOOPBACK><TERRORIST>" triggered "weaponstats2" (weapon "deagle") (head "7") (chest "13") (stomach "4") (leftarm "17") (rightarm "8") (leftleg "1") (rightleg "1")
L 09/30/2019 - 13:00:49: "CEIFADOR<28><VALVE_ID_LOOPBACK><TERRORIST>" triggered "weaponstats" (weapon "knife") (shots "13") (hits "9") (kills "3") (headshots "1") (tks "0") (damage "495") (deaths "5")
L 09/30/2019 - 13:00:49: "CEIFADOR<28><VALVE_ID_LOOPBACK><TERRORIST>" triggered "weaponstats2" (weapon "knife") (head "3") (chest "0") (stomach "2") (leftarm "0") (rightarm "3") (leftleg "0") (rightleg "1")
L 09/30/2019 - 13:00:49: "CEIFADOR<28><VALVE_ID_LOOPBACK><TERRORIST>" triggered "time" (time "10:11")
L 09/30/2019 - 13:00:49: "CEIFADOR<28><VALVE_ID_LOOPBACK><TERRORIST>" triggered "latency" (ping "0")
L 09/30/2019 - 13:00:49: "Cap Billy<29><VALVE_ID_LAN><CT>" triggered "weaponstats" (weapon "deagle") (shots "146") (hits "60") (kills "19") (headshots "8") (tks "0") (damage "2662") (deaths "5")
L 09/30/2019 - 13:00:49: "Cap Billy<29><VALVE_ID_LAN><CT>" triggered "weaponstats2" (weapon "deagle") (head "11") (chest "11") (stomach "9") (leftarm "18") (rightarm "6") (leftleg "1") (rightleg "4")
L 09/30/2019 - 13:00:49: "Cap Billy<29><VALVE_ID_LAN><CT>" triggered "weaponstats" (weapon "knife") (shots "18") (hits "7") (kills "4") (headshots "2") (tks "0") (damage "495") (deaths "5")
L 09/30/2019 - 13:00:49: "Cap Billy<29><VALVE_ID_LAN><CT>" triggered "weaponstats2" (weapon "knife") (head "4") (chest "3") (stomach "0") (leftarm "0") (rightarm "0") (leftleg "0") (rightleg "0")
L 09/30/2019 - 13:00:49: "Cap Billy<29><VALVE_ID_LAN><CT>" triggered "time" (time "10:08")
L 09/30/2019 - 13:00:49: "Cap Billy<29><VALVE_ID_LAN><CT>" triggered "latency" (ping "8")
L 09/30/2019 - 13:00:49: "Kitkat<30><VALVE_ID_LAN><TERRORIST>" triggered "weaponstats" (weapon "deagle") (shots "84") (hits "26") (kills "5") (headshots "0") (tks "0") (damage "843") (deaths "5")
L 09/30/2019 - 13:00:49: "Kitkat<30><VALVE_ID_LAN><TERRORIST>" triggered "weaponstats2" (weapon "deagle") (head "1") (chest "2") (stomach "4") (leftarm "10") (rightarm "5") (leftleg "2") (rightleg "2")
L 09/30/2019 - 13:00:49: "Kitkat<30><VALVE_ID_LAN><TERRORIST>" triggered "weaponstats" (weapon "knife") (shots "8") (hits "3") (kills "2") (headshots "0") (tks "0") (damage "165") (deaths "11")
L 09/30/2019 - 13:00:49: "Kitkat<30><VALVE_ID_LAN><TERRORIST>" triggered "weaponstats2" (weapon "knife") (head "0") (chest "3") (stomach "0") (leftarm "0") (rightarm "0") (leftleg "0") (rightleg "0")
L 09/30/2019 - 13:00:49: "Kitkat<30><VALVE_ID_LAN><TERRORIST>" triggered "time" (time "10:07")
L 09/30/2019 - 13:00:49: "Kitkat<30><VALVE_ID_LAN><TERRORIST>" triggered "latency" (ping "9")
L 09/30/2019 - 13:00:49: "Jack<31><VALVE_ID_LAN><CT>" triggered "weaponstats" (weapon "deagle") (shots "121") (hits "44") (kills "12") (headshots "1") (tks "0") (damage "1597") (deaths "10")
L 09/30/2019 - 13:00:49: "Jack<31><VALVE_ID_LAN><CT>" triggered "weaponstats2" (weapon "deagle") (head "1") (chest "8") (stomach "10") (leftarm "8") (rightarm "12") (leftleg "2") (rightleg "3")
L 09/30/2019 - 13:00:49: "Jack<31><VALVE_ID_LAN><CT>" triggered "weaponstats" (weapon "knife") (shots "1") (hits "1") (kills "0") (headshots "0") (tks "0") (damage "55") (deaths "2")
L 09/30/2019 - 13:00:49: "Jack<31><VALVE_ID_LAN><CT>" triggered "weaponstats2" (weapon "knife") (head "0") (chest "0") (stomach "0") (leftarm "0") (rightarm "1") (leftleg "0") (rightleg "0")
L 09/30/2019 - 13:00:49: "Jack<31><VALVE_ID_LAN><CT>" triggered "time" (time "10:07")
L 09/30/2019 - 13:00:49: "Jack<31><VALVE_ID_LAN><CT>" triggered "latency" (ping "7")
L 09/30/2019 - 13:00:49: "DareDevil<32><VALVE_ID_LAN><CT>" triggered "weaponstats" (weapon "deagle") (shots "157") (hits "49") (kills "17") (headshots "8") (tks "0") (damage "2511") (deaths "8")
L 09/30/2019 - 13:00:49: "DareDevil<32><VALVE_ID_LAN><CT>" triggered "weaponstats2" (weapon "deagle") (head "10") (chest "9") (stomach "5") (leftarm "15") (rightarm "9") (leftleg "0") (rightleg "1")
L 09/30/2019 - 13:00:49: "DareDevil<32><VALVE_ID_LAN><CT>" triggered "weaponstats" (weapon "knife") (shots "8") (hits "5") (kills "3") (headshots "2") (tks "0") (damage "720") (deaths "2")
L 09/30/2019 - 13:00:49: "DareDevil<32><VALVE_ID_LAN><CT>" triggered "weaponstats2" (weapon "knife") (head "3") (chest "1") (stomach "0") (leftarm "0") (rightarm "1") (leftleg "0") (rightleg "0")
L 09/30/2019 - 13:00:49: "DareDevil<32><VALVE_ID_LAN><CT>" triggered "time" (time "10:07")
L 09/30/2019 - 13:00:49: "DareDevil<32><VALVE_ID_LAN><CT>" triggered "latency" (ping "10")
L 09/30/2019 - 13:00:49: "INDIO de ferias<34><VALVE_ID_LAN><CT>" triggered "weaponstats" (weapon "deagle") (shots "71") (hits "24") (kills "5") (headshots "0") (tks "0") (damage "747") (deaths "10")
L 09/30/2019 - 13:00:49: "INDIO de ferias<34><VALVE_ID_LAN><CT>" triggered "weaponstats2" (weapon "deagle") (head "0") (chest "9") (stomach "3") (leftarm "5") (rightarm "2") (leftleg "3") (rightleg "2")
L 09/30/2019 - 13:00:49: "INDIO de ferias<34><VALVE_ID_LAN><CT>" triggered "weaponstats" (weapon "knife") (shots "19") (hits "4") (kills "2") (headshots "1") (tks "0") (damage "386") (deaths "2")
L 09/30/2019 - 13:00:49: "INDIO de ferias<34><VALVE_ID_LAN><CT>" triggered "weaponstats2" (weapon "knife") (head "2") (chest "0") (stomach "0") (leftarm "1") (rightarm "0") (leftleg "1") (rightleg "0")
L 09/30/2019 - 13:00:49: "INDIO de ferias<34><VALVE_ID_LAN><CT>" triggered "time" (time "10:06")
L 09/30/2019 - 13:00:49: "INDIO de ferias<34><VALVE_ID_LAN><CT>" triggered "latency" (ping "9")
L 09/30/2019 - 13:00:49: "@te<37><VALVE_ID_LAN><CT>" triggered "weaponstats" (weapon "deagle") (shots "73") (hits "30") (kills "10") (headshots "3") (tks "0") (damage "1371") (deaths "5")
L 09/30/2019 - 13:00:49: "@te<37><VALVE_ID_LAN><CT>" triggered "weaponstats2" (weapon "deagle") (head "3") (chest "6") (stomach "3") (leftarm "9") (rightarm "6") (leftleg "1") (rightleg "2")
L 09/30/2019 - 13:00:49: "@te<37><VALVE_ID_LAN><CT>" triggered "weaponstats" (weapon "knife") (shots "2") (hits "2") (kills "1") (headshots "0") (tks "0") (damage "220") (deaths "4")
L 09/30/2019 - 13:00:49: "@te<37><VALVE_ID_LAN><CT>" triggered "weaponstats2" (weapon "knife") (head "0") (chest "0") (stomach "2") (leftarm "0") (rightarm "0") (leftleg "0") (rightleg "0")
L 09/30/2019 - 13:00:49: "@te<37><VALVE_ID_LAN><CT>" triggered "time" (time "9:43")
L 09/30/2019 - 13:00:49: "@te<37><VALVE_ID_LAN><CT>" triggered "latency" (ping "10")
L 09/30/2019 - 13:00:49: [META] ini: Begin re-reading plugins list: c:/valve/cstrike/addons/metamod/plugins.ini
L 09/30/2019 - 13:00:49: [META] ini: Read plugin config for: AMX
L 09/30/2019 - 13:00:49: [META] ini: Read plugin config for: WinHL-Booster
L 09/30/2019 - 13:00:49: [META] ERROR: ini: Skipping plugin, couldn't stat file 'addons/hlguard/dlls/hlguard_mm_nightly.dll': No such file or directory
L 09/30/2019 - 13:00:49: [META] ini: Read plugin config for: WebMod
L 09/30/2019 - 13:00:49: [META] ini: Finished reading plugins list: c:/valve/cstrike/addons/metamod/plugins.ini; Found 3 plugins
L 09/30/2019 - 13:00:49: [META] dll: Updating plugins...
L 09/30/2019 - 13:00:49: [META] ERROR: dll: Failed query plugin '<hlguard_mm_nightly.dll>'; Couldn't open file 'addons/hlguard/dlls/hlguard_mm_nightly.dll': Não foi possível encontrar o módulo especificado.

L 09/30/2019 - 13:00:49: [META] ERROR: dll: Skipping plugin '<hlguard_mm_nightly.dll>'; couldn't query
L 09/30/2019 - 13:00:49: [META] dll: Finished updating 6 plugins; kept 3, loaded 0, unloaded 0, reloaded 0, delayed 0
L 09/30/2019 - 13:00:49: Server shutdown
L 09/30/2019 - 13:00:49: Log file closed
