L 09/30/2019 - 12:29:34: Log file started (file "logs\L0930000.log") (game "cstrike") (version "47/1.1.2.2/2603")
L 09/30/2019 - 12:29:34: "INDIO de ferias<9><VALVE_ID_LAN><>" entered the game
L 09/30/2019 - 12:29:35: "Cap Billy<8><VALVE_ID_LAN><CT>" killed "CEIFADOR<6><VALVE_ID_LOOPBACK><TERRORIST>" with "m4a1"
L 09/30/2019 - 12:29:35: "CEIFADOR<6><VALVE_ID_LOOPBACK><TERRORIST>" triggered "Spawned_With_The_Bomb"
L 09/30/2019 - 12:29:35: World triggered "Round_Start"
L 09/30/2019 - 12:29:36: "Gho$T<10><VALVE_ID_LAN><>" joined team "TERRORIST"
L 09/30/2019 - 12:29:37: "DareDevil<7><VALVE_ID_LAN><>" joined team "CT"
L 09/30/2019 - 12:29:38: "INDIO de ferias<9><VALVE_ID_LAN><>" joined team "CT"
L 09/30/2019 - 12:29:39: "Smolder<11><VALVE_ID_LAN><>" connected, address "10.15.2.124:27005"
L 09/30/2019 - 12:29:42: "Smolder<11><VALVE_ID_LAN><>" entered the game
L 09/30/2019 - 12:29:43: "CEIFADOR<6><VALVE_ID_LOOPBACK><TERRORIST>" killed "INDIO de ferias<9><VALVE_ID_LAN><CT>" with "xm1014"
L 09/30/2019 - 12:29:46: "Smolder<11><VALVE_ID_LAN><>" joined team "TERRORIST"
L 09/30/2019 - 12:29:47: "CEIFADOR<6><VALVE_ID_LOOPBACK><TERRORIST>" killed "Cap Billy<8><VALVE_ID_LAN><CT>" with "xm1014"
L 09/30/2019 - 12:29:47: "Kitkat<12><VALVE_ID_LAN><>" connected, address "10.15.2.150:27005"
L 09/30/2019 - 12:29:50: "DareDevil<7><VALVE_ID_LAN><CT>" killed "Smolder<11><VALVE_ID_LAN><TERRORIST>" with "xm1014"
L 09/30/2019 - 12:29:56: "Gho$T<10><VALVE_ID_LAN><TERRORIST>" killed "DareDevil<7><VALVE_ID_LAN><CT>" with "mp5navy"
L 09/30/2019 - 12:29:56: Team "TERRORIST" triggered "Terrorists_Win" (CT "0") (T "1")
L 09/30/2019 - 12:29:56: World triggered "Round_End"
L 09/30/2019 - 12:29:57: "Kitkat<12><VALVE_ID_LAN><>" entered the game
L 09/30/2019 - 12:30:01: "Gho$T<10><VALVE_ID_LAN><TERRORIST>" triggered "Spawned_With_The_Bomb"
L 09/30/2019 - 12:30:01: World triggered "Round_Start"
L 09/30/2019 - 12:30:06: "Cap Billy<8><VALVE_ID_LAN><CT>" killed "Smolder<11><VALVE_ID_LAN><TERRORIST>" with "ak47"
L 09/30/2019 - 12:30:08: "CEIFADOR<6><VALVE_ID_LOOPBACK><TERRORIST>" killed "INDIO de ferias<9><VALVE_ID_LAN><CT>" with "xm1014"
L 09/30/2019 - 12:30:10: "Kitkat<12><VALVE_ID_LAN><>" joined team "TERRORIST"
L 09/30/2019 - 12:30:11: "Cap Billy<8><VALVE_ID_LAN><CT>" killed "CEIFADOR<6><VALVE_ID_LOOPBACK><TERRORIST>" with "ak47"
L 09/30/2019 - 12:30:15: "Cap Billy<8><VALVE_ID_LAN><CT>" killed "Gho$T<10><VALVE_ID_LAN><TERRORIST>" with "ak47"
L 09/30/2019 - 12:30:15: "Gho$T<10><VALVE_ID_LAN><TERRORIST>" triggered "Dropped_The_Bomb"
L 09/30/2019 - 12:30:18: "Cap Billy<8><VALVE_ID_LAN><CT>" killed "Kitkat<12><VALVE_ID_LAN><TERRORIST>" with "ak47"
L 09/30/2019 - 12:30:18: Team "CT" triggered "CTs_Win" (CT "1") (T "1")
L 09/30/2019 - 12:30:18: World triggered "Round_End"
L 09/30/2019 - 12:30:23: "Smolder<11><VALVE_ID_LAN><TERRORIST>" triggered "Spawned_With_The_Bomb"
L 09/30/2019 - 12:30:23: World triggered "Round_Start"
L 09/30/2019 - 12:30:23: "XXBOT Moe<13><BOT><>" joined team "CT"
L 09/30/2019 - 12:30:23: Server cvar "bot_quota" = "1"
L 09/30/2019 - 12:30:23: "XXBOT Moe<13><BOT><>" entered the game
L 09/30/2019 - 12:30:28: "Gho$T<10><VALVE_ID_LAN><TERRORIST>" killed "Cap Billy<8><VALVE_ID_LAN><CT>" with "ak47"
L 09/30/2019 - 12:30:29: "Gho$T<10><VALVE_ID_LAN><TERRORIST>" killed "DareDevil<7><VALVE_ID_LAN><CT>" with "ak47"
L 09/30/2019 - 12:30:32: "DareDevil<7><VALVE_ID_LAN><CT>" say_team "travando" (dead)
L 09/30/2019 - 12:30:33: "Gho$T<10><VALVE_ID_LAN><TERRORIST>" killed "XXBOT Moe<13><BOT><CT>" with "xm1014"
L 09/30/2019 - 12:30:33: "INDIO de ferias<9><VALVE_ID_LAN><CT>" killed "Gho$T<10><VALVE_ID_LAN><TERRORIST>" with "aug"
L 09/30/2019 - 12:30:35: "CEIFADOR<6><VALVE_ID_LOOPBACK><TERRORIST>" killed "INDIO de ferias<9><VALVE_ID_LAN><CT>" with "sg552"
L 09/30/2019 - 12:30:35: Team "TERRORIST" triggered "Terrorists_Win" (CT "1") (T "2")
L 09/30/2019 - 12:30:35: World triggered "Round_End"
L 09/30/2019 - 12:30:40: "Kitkat<12><VALVE_ID_LAN><TERRORIST>" triggered "Spawned_With_The_Bomb"
L 09/30/2019 - 12:30:40: World triggered "Round_Start"
L 09/30/2019 - 12:30:42: "CEIFADOR<6><VALVE_ID_LOOPBACK><TERRORIST>" killed "Cap Billy<8><VALVE_ID_LAN><CT>" with "mp5navy"
L 09/30/2019 - 12:30:43: "DareDevil<7><VALVE_ID_LAN><CT>" killed "CEIFADOR<6><VALVE_ID_LOOPBACK><TERRORIST>" with "ak47"
L 09/30/2019 - 12:30:45: "@te<14><VALVE_ID_LAN><>" connected, address "10.15.2.86:27005"
L 09/30/2019 - 12:30:46: "Smolder<11><VALVE_ID_LAN><TERRORIST>" killed "DareDevil<7><VALVE_ID_LAN><CT>" with "mp5navy"
L 09/30/2019 - 12:30:47: "INDIO de ferias<9><VALVE_ID_LAN><CT>" killed "Gho$T<10><VALVE_ID_LAN><TERRORIST>" with "mp5navy"
L 09/30/2019 - 12:30:48: "@te<14><VALVE_ID_LAN><>" entered the game
L 09/30/2019 - 12:30:50: "Gho$T<10><VALVE_ID_LAN><TERRORIST>" say "jack vai entrar" (dead)
L 09/30/2019 - 12:30:51: "INDIO de ferias<9><VALVE_ID_LAN><CT>" killed "Kitkat<12><VALVE_ID_LAN><TERRORIST>" with "mp5navy"
L 09/30/2019 - 12:30:51: "Kitkat<12><VALVE_ID_LAN><TERRORIST>" triggered "Dropped_The_Bomb"
L 09/30/2019 - 12:30:56: "Cap Billy<8><VALVE_ID_LAN><CT>" say "uiiii" (dead)
L 09/30/2019 - 12:30:58: "INDIO de ferias<9><VALVE_ID_LAN><CT>" killed "Smolder<11><VALVE_ID_LAN><TERRORIST>" with "mp5navy"
L 09/30/2019 - 12:30:58: Team "CT" triggered "CTs_Win" (CT "2") (T "2")
L 09/30/2019 - 12:30:58: World triggered "Round_End"
L 09/30/2019 - 12:31:03: "CEIFADOR<6><VALVE_ID_LOOPBACK><TERRORIST>" triggered "Spawned_With_The_Bomb"
L 09/30/2019 - 12:31:03: World triggered "Round_Start"
L 09/30/2019 - 12:31:04: "@te<14><VALVE_ID_LAN><>" joined team "CT"
L 09/30/2019 - 12:31:07: "INDIO de ferias<9><VALVE_ID_LAN><CT>" killed "Gho$T<10><VALVE_ID_LAN><TERRORIST>" with "mp5navy"
L 09/30/2019 - 12:31:09: "Cap Billy<8><VALVE_ID_LAN><CT>" killed "Kitkat<12><VALVE_ID_LAN><TERRORIST>" with "sg552"
L 09/30/2019 - 12:31:10: "XXBOT Moe<13><BOT><CT>" killed "CEIFADOR<6><VALVE_ID_LOOPBACK><TERRORIST>" with "tmp"
L 09/30/2019 - 12:31:10: "CEIFADOR<6><VALVE_ID_LOOPBACK><TERRORIST>" triggered "Dropped_The_Bomb"
L 09/30/2019 - 12:31:12: Server cvar "bot_quota" = "0"
L 09/30/2019 - 12:31:12: Kick: "XXBOT Moe<13><UNKNOWN><>" was kicked by "CEIFADOR"
L 09/30/2019 - 12:31:12: "XXBOT Moe<13><BOT><CT>" disconnected
L 09/30/2019 - 12:31:15: "Smolder<11><VALVE_ID_LAN><TERRORIST>" killed "INDIO de ferias<9><VALVE_ID_LAN><CT>" with "mp5navy"
L 09/30/2019 - 12:31:17: "DareDevil<7><VALVE_ID_LAN><CT>" killed "Smolder<11><VALVE_ID_LAN><TERRORIST>" with "xm1014"
L 09/30/2019 - 12:31:17: Team "CT" triggered "CTs_Win" (CT "3") (T "2")
L 09/30/2019 - 12:31:17: World triggered "Round_End"
L 09/30/2019 - 12:31:17: "Jack<15><VALVE_ID_LAN><>" connected, address "10.15.2.45:27005"
L 09/30/2019 - 12:31:21: "Jack<15><VALVE_ID_LAN><>" entered the game
L 09/30/2019 - 12:31:22: "Gho$T<10><VALVE_ID_LAN><TERRORIST>" triggered "Spawned_With_The_Bomb"
L 09/30/2019 - 12:31:22: World triggered "Round_Start"
L 09/30/2019 - 12:31:24: "Jack<15><VALVE_ID_LAN><>" joined team "CT"
L 09/30/2019 - 12:31:25: "Cap Billy<8><VALVE_ID_LAN><CT>" killed "CEIFADOR<6><VALVE_ID_LOOPBACK><TERRORIST>" with "sg552"
L 09/30/2019 - 12:31:26: "DareDevil<7><VALVE_ID_LAN><CT>" killed "Kitkat<12><VALVE_ID_LAN><TERRORIST>" with "xm1014"
L 09/30/2019 - 12:31:28: "@te<14><VALVE_ID_LAN><CT>" killed "Gho$T<10><VALVE_ID_LAN><TERRORIST>" with "mp5navy"
L 09/30/2019 - 12:31:28: "Gho$T<10><VALVE_ID_LAN><TERRORIST>" triggered "Dropped_The_Bomb"
L 09/30/2019 - 12:31:29: "XXBOT Steel<16><BOT><>" joined team "TERRORIST"
L 09/30/2019 - 12:31:29: Server cvar "bot_quota" = "1"
L 09/30/2019 - 12:31:29: "XXBOT Steel<16><BOT><>" entered the game
L 09/30/2019 - 12:31:30: "Cap Billy<8><VALVE_ID_LAN><CT>" killed "Smolder<11><VALVE_ID_LAN><TERRORIST>" with "sg552"
L 09/30/2019 - 12:31:31: "XXBOT Steel<16><BOT><TERRORIST>" killed "Cap Billy<8><VALVE_ID_LAN><CT>" with "glock18"
L 09/30/2019 - 12:31:35: "XXBOT Steel<16><BOT><TERRORIST>" killed "Jack<15><VALVE_ID_LAN><CT>" with "glock18"
L 09/30/2019 - 12:31:37: "XXBOT Steel<16><BOT><TERRORIST>" killed "@te<14><VALVE_ID_LAN><CT>" with "sg552"
L 09/30/2019 - 12:31:40: "XXBOT Steel<16><BOT><TERRORIST>" killed "DareDevil<7><VALVE_ID_LAN><CT>" with "mp5navy"
L 09/30/2019 - 12:31:42: "DareDevil<7><VALVE_ID_LAN><CT>" say_team "droga" (dead)
L 09/30/2019 - 12:31:44: "XXBOT Steel<16><BOT><TERRORIST>" triggered "Got_The_Bomb"
L 09/30/2019 - 12:31:47: "INDIO de ferias<9><VALVE_ID_LAN><CT>" killed "XXBOT Steel<16><BOT><TERRORIST>" with "aug"
L 09/30/2019 - 12:31:47: Team "CT" triggered "CTs_Win" (CT "4") (T "2")
L 09/30/2019 - 12:31:47: World triggered "Round_End"
L 09/30/2019 - 12:31:49: "Cap Billy<8><VALVE_ID_LAN><CT>" say "TOME" (dead)
L 09/30/2019 - 12:31:52: "Smolder<11><VALVE_ID_LAN><TERRORIST>" triggered "Spawned_With_The_Bomb"
L 09/30/2019 - 12:31:52: World triggered "Round_Start"
L 09/30/2019 - 12:31:53: "Cap Billy<8><VALVE_ID_LAN><CT>" killed "Smolder<11><VALVE_ID_LAN><TERRORIST>" with "ak47"
L 09/30/2019 - 12:31:53: "Smolder<11><VALVE_ID_LAN><TERRORIST>" triggered "Dropped_The_Bomb"
L 09/30/2019 - 12:31:56: "DareDevil<7><VALVE_ID_LAN><CT>" killed "Gho$T<10><VALVE_ID_LAN><TERRORIST>" with "xm1014"
L 09/30/2019 - 12:31:58: "CEIFADOR<6><VALVE_ID_LOOPBACK><TERRORIST>" killed "DareDevil<7><VALVE_ID_LAN><CT>" with "ak47"
L 09/30/2019 - 12:32:02: "@te<14><VALVE_ID_LAN><CT>" killed "Kitkat<12><VALVE_ID_LAN><TERRORIST>" with "aug"
L 09/30/2019 - 12:32:03: "@te<14><VALVE_ID_LAN><CT>" killed "CEIFADOR<6><VALVE_ID_LOOPBACK><TERRORIST>" with "aug"
L 09/30/2019 - 12:32:04: "Cap Billy<8><VALVE_ID_LAN><CT>" killed "XXBOT Steel<16><BOT><TERRORIST>" with "ak47"
L 09/30/2019 - 12:32:04: Team "CT" triggered "CTs_Win" (CT "5") (T "2")
L 09/30/2019 - 12:32:04: World triggered "Round_End"
L 09/30/2019 - 12:32:09: "Kitkat<12><VALVE_ID_LAN><TERRORIST>" triggered "Spawned_With_The_Bomb"
L 09/30/2019 - 12:32:09: World triggered "Round_Start"
L 09/30/2019 - 12:32:11: "INDIO de ferias<9><VALVE_ID_LAN><CT>" killed "Kitkat<12><VALVE_ID_LAN><TERRORIST>" with "aug"
L 09/30/2019 - 12:32:11: "Kitkat<12><VALVE_ID_LAN><TERRORIST>" triggered "Dropped_The_Bomb"
L 09/30/2019 - 12:32:12: "Cap Billy<8><VALVE_ID_LAN><CT>" killed "CEIFADOR<6><VALVE_ID_LOOPBACK><TERRORIST>" with "ak47"
L 09/30/2019 - 12:32:12: "INDIO de ferias<9><VALVE_ID_LAN><CT>" killed "Gho$T<10><VALVE_ID_LAN><TERRORIST>" with "aug"
L 09/30/2019 - 12:32:13: "XXBOT Steel<16><BOT><TERRORIST>" triggered "Got_The_Bomb"
L 09/30/2019 - 12:32:15: "Smolder<11><VALVE_ID_LAN><TERRORIST>" killed "Cap Billy<8><VALVE_ID_LAN><CT>" with "m4a1"
L 09/30/2019 - 12:32:18: "Smolder<11><VALVE_ID_LAN><TERRORIST>" killed "DareDevil<7><VALVE_ID_LAN><CT>" with "m4a1"
L 09/30/2019 - 12:32:18: "@te<14><VALVE_ID_LAN><CT>" killed "XXBOT Steel<16><BOT><TERRORIST>" with "aug"
L 09/30/2019 - 12:32:18: "XXBOT Steel<16><BOT><TERRORIST>" triggered "Dropped_The_Bomb"
L 09/30/2019 - 12:32:19: "Gho$T<10><VALVE_ID_LAN><TERRORIST>" say_team "ta osso" (dead)
L 09/30/2019 - 12:32:19: "INDIO de ferias<9><VALVE_ID_LAN><CT>" killed "Smolder<11><VALVE_ID_LAN><TERRORIST>" with "aug"
L 09/30/2019 - 12:32:19: Team "CT" triggered "CTs_Win" (CT "6") (T "2")
L 09/30/2019 - 12:32:19: World triggered "Round_End"
L 09/30/2019 - 12:32:24: "XXBOT Steel<16><BOT><TERRORIST>" triggered "Spawned_With_The_Bomb"
L 09/30/2019 - 12:32:24: World triggered "Round_Start"
L 09/30/2019 - 12:32:28: "XXBOT Steel<16><BOT><TERRORIST>" killed "DareDevil<7><VALVE_ID_LAN><CT>" with "glock18"
L 09/30/2019 - 12:32:31: "Jack<15><VALVE_ID_LAN><CT>" killed "Gho$T<10><VALVE_ID_LAN><TERRORIST>" with "mp5navy"
L 09/30/2019 - 12:32:33: "CEIFADOR<6><VALVE_ID_LOOPBACK><TERRORIST>" killed "Jack<15><VALVE_ID_LAN><CT>" with "mp5navy"
L 09/30/2019 - 12:32:35: "Cap Billy<8><VALVE_ID_LAN><CT>" killed "CEIFADOR<6><VALVE_ID_LOOPBACK><TERRORIST>" with "sg552"
L 09/30/2019 - 12:32:35: "Smolder<11><VALVE_ID_LAN><TERRORIST>" killed "Cap Billy<8><VALVE_ID_LAN><CT>" with "tmp"
L 09/30/2019 - 12:32:37: "Kitkat<12><VALVE_ID_LAN><TERRORIST>" killed "INDIO de ferias<9><VALVE_ID_LAN><CT>" with "ak47"
L 09/30/2019 - 12:32:37: "XXBOT Steel<16><BOT><TERRORIST>" killed "@te<14><VALVE_ID_LAN><CT>" with "xm1014"
L 09/30/2019 - 12:32:37: Team "TERRORIST" triggered "Terrorists_Win" (CT "6") (T "3")
L 09/30/2019 - 12:32:37: World triggered "Round_End"
L 09/30/2019 - 12:32:42: "CEIFADOR<6><VALVE_ID_LOOPBACK><TERRORIST>" triggered "Spawned_With_The_Bomb"
L 09/30/2019 - 12:32:42: World triggered "Round_Start"
L 09/30/2019 - 12:32:45: "INDIO de ferias<9><VALVE_ID_LAN><CT>" killed "Smolder<11><VALVE_ID_LAN><TERRORIST>" with "aug"
L 09/30/2019 - 12:32:46: "CEIFADOR<6><VALVE_ID_LOOPBACK><TERRORIST>" killed "Cap Billy<8><VALVE_ID_LAN><CT>" with "ak47"
L 09/30/2019 - 12:32:47: "DareDevil<7><VALVE_ID_LAN><CT>" killed "CEIFADOR<6><VALVE_ID_LOOPBACK><TERRORIST>" with "xm1014"
L 09/30/2019 - 12:32:47: "CEIFADOR<6><VALVE_ID_LOOPBACK><TERRORIST>" triggered "Dropped_The_Bomb"
L 09/30/2019 - 12:32:48: "Gho$T<10><VALVE_ID_LAN><TERRORIST>" triggered "Got_The_Bomb"
L 09/30/2019 - 12:32:48: "Kitkat<12><VALVE_ID_LAN><TERRORIST>" killed "DareDevil<7><VALVE_ID_LAN><CT>" with "ak47"
L 09/30/2019 - 12:32:51: "XXBOT Steel<16><BOT><TERRORIST>" killed "Jack<15><VALVE_ID_LAN><CT>" with "xm1014"
L 09/30/2019 - 12:32:52: "XXBOT Steel<16><BOT><TERRORIST>" killed "@te<14><VALVE_ID_LAN><CT>" with "glock18"
L 09/30/2019 - 12:32:53: "Kitkat<12><VALVE_ID_LAN><TERRORIST>" killed "INDIO de ferias<9><VALVE_ID_LAN><CT>" with "ak47"
L 09/30/2019 - 12:32:53: Team "TERRORIST" triggered "Terrorists_Win" (CT "6") (T "4")
L 09/30/2019 - 12:32:53: World triggered "Round_End"
L 09/30/2019 - 12:32:57: "CEIFADOR<6><VALVE_ID_LOOPBACK><TERRORIST>" say_team "mapa" (dead)
L 09/30/2019 - 12:32:58: "Gho$T<10><VALVE_ID_LAN><TERRORIST>" triggered "Spawned_With_The_Bomb"
L 09/30/2019 - 12:32:58: World triggered "Round_Start"
L 09/30/2019 - 12:33:00: "Cap Billy<8><VALVE_ID_LAN><CT>" killed "Gho$T<10><VALVE_ID_LAN><TERRORIST>" with "mac10"
L 09/30/2019 - 12:33:00: "Gho$T<10><VALVE_ID_LAN><TERRORIST>" triggered "Dropped_The_Bomb"
L 09/30/2019 - 12:33:01: "Gho$T<10><VALVE_ID_LAN><TERRORIST>" killed "INDIO de ferias<9><VALVE_ID_LAN><CT>" with "grenade"
L 09/30/2019 - 12:33:02: "CEIFADOR<6><VALVE_ID_LOOPBACK><TERRORIST>" killed "Cap Billy<8><VALVE_ID_LAN><CT>" with "aug"
L 09/30/2019 - 12:33:02: "DareDevil<7><VALVE_ID_LAN><CT>" killed "Kitkat<12><VALVE_ID_LAN><TERRORIST>" with "sg552"
L 09/30/2019 - 12:33:02: "DareDevil<7><VALVE_ID_LAN><CT>" killed "CEIFADOR<6><VALVE_ID_LOOPBACK><TERRORIST>" with "sg552"
L 09/30/2019 - 12:33:06: "@te<14><VALVE_ID_LAN><CT>" killed "Smolder<11><VALVE_ID_LAN><TERRORIST>" with "xm1014"
L 09/30/2019 - 12:33:12: "DareDevil<7><VALVE_ID_LAN><CT>" killed "XXBOT Steel<16><BOT><TERRORIST>" with "sg552"
L 09/30/2019 - 12:33:12: Team "CT" triggered "CTs_Win" (CT "7") (T "4")
L 09/30/2019 - 12:33:12: World triggered "Round_End"
L 09/30/2019 - 12:33:14: "@te<14><VALVE_ID_LAN><CT>" killed "DareDevil<7><VALVE_ID_LAN><CT>" with "xm1014"
L 09/30/2019 - 12:33:17: "Smolder<11><VALVE_ID_LAN><TERRORIST>" triggered "Spawned_With_The_Bomb"
L 09/30/2019 - 12:33:17: World triggered "Round_Start"
L 09/30/2019 - 12:33:17: "@te<14><VALVE_ID_LAN><CT>" committed suicide with "world"
L 09/30/2019 - 12:33:22: "Cap Billy<8><VALVE_ID_LAN><CT>" killed "Smolder<11><VALVE_ID_LAN><TERRORIST>" with "sg552"
L 09/30/2019 - 12:33:22: "Smolder<11><VALVE_ID_LAN><TERRORIST>" triggered "Dropped_The_Bomb"
L 09/30/2019 - 12:33:26: "INDIO de ferias<9><VALVE_ID_LAN><CT>" killed "Kitkat<12><VALVE_ID_LAN><TERRORIST>" with "mac10"
L 09/30/2019 - 12:33:27: "Jack<15><VALVE_ID_LAN><CT>" killed "CEIFADOR<6><VALVE_ID_LOOPBACK><TERRORIST>" with "tmp"
L 09/30/2019 - 12:33:27: "@te<14><VALVE_ID_LAN><CT>" say_team "p foi mal" (dead)
L 09/30/2019 - 12:33:29: "XXBOT Steel<16><BOT><TERRORIST>" killed "DareDevil<7><VALVE_ID_LAN><CT>" with "glock18"
L 09/30/2019 - 12:33:29: "Cap Billy<8><VALVE_ID_LAN><CT>" killed "Gho$T<10><VALVE_ID_LAN><TERRORIST>" with "sg552"
L 09/30/2019 - 12:33:30: "XXBOT Steel<16><BOT><TERRORIST>" killed "Jack<15><VALVE_ID_LAN><CT>" with "glock18"
L 09/30/2019 - 12:33:31: "XXBOT Steel<16><BOT><TERRORIST>" killed "Cap Billy<8><VALVE_ID_LAN><CT>" with "mp5navy"
L 09/30/2019 - 12:33:32: "INDIO de ferias<9><VALVE_ID_LAN><CT>" killed "XXBOT Steel<16><BOT><TERRORIST>" with "knife"
L 09/30/2019 - 12:33:32: Team "CT" triggered "CTs_Win" (CT "8") (T "4")
L 09/30/2019 - 12:33:32: World triggered "Round_End"
L 09/30/2019 - 12:33:35: "Jack<15><VALVE_ID_LAN><CT>" say "po" (dead)
L 09/30/2019 - 12:33:37: "Kitkat<12><VALVE_ID_LAN><TERRORIST>" triggered "Spawned_With_The_Bomb"
L 09/30/2019 - 12:33:37: World triggered "Round_Start"
L 09/30/2019 - 12:33:40: "CEIFADOR<6><VALVE_ID_LOOPBACK><TERRORIST>" killed "DareDevil<7><VALVE_ID_LAN><CT>" with "ak47"
L 09/30/2019 - 12:33:44: "@te<14><VALVE_ID_LAN><CT>" killed "CEIFADOR<6><VALVE_ID_LOOPBACK><TERRORIST>" with "mp5navy"
L 09/30/2019 - 12:33:45: "INDIO de ferias<9><VALVE_ID_LAN><CT>" killed "Smolder<11><VALVE_ID_LAN><TERRORIST>" with "aug"
L 09/30/2019 - 12:33:46: "Gho$T<10><VALVE_ID_LAN><TERRORIST>" killed "INDIO de ferias<9><VALVE_ID_LAN><CT>" with "sg552"
L 09/30/2019 - 12:33:47: "Gho$T<10><VALVE_ID_LAN><TERRORIST>" killed "Jack<15><VALVE_ID_LAN><CT>" with "sg552"
L 09/30/2019 - 12:33:53: "Gho$T<10><VALVE_ID_LAN><TERRORIST>" killed "@te<14><VALVE_ID_LAN><CT>" with "aug"
L 09/30/2019 - 12:33:59: "Cap Billy<8><VALVE_ID_LAN><CT>" killed "Kitkat<12><VALVE_ID_LAN><TERRORIST>" with "ak47"
L 09/30/2019 - 12:33:59: "Kitkat<12><VALVE_ID_LAN><TERRORIST>" triggered "Dropped_The_Bomb"
L 09/30/2019 - 12:34:00: "Cap Billy<8><VALVE_ID_LAN><CT>" killed "XXBOT Steel<16><BOT><TERRORIST>" with "ak47"
L 09/30/2019 - 12:34:01: "Gho$T<10><VALVE_ID_LAN><TERRORIST>" killed "Cap Billy<8><VALVE_ID_LAN><CT>" with "aug"
L 09/30/2019 - 12:34:01: Team "TERRORIST" triggered "Terrorists_Win" (CT "8") (T "5")
L 09/30/2019 - 12:34:01: World triggered "Round_End"
L 09/30/2019 - 12:34:06: "XXBOT Steel<16><BOT><TERRORIST>" triggered "Spawned_With_The_Bomb"
L 09/30/2019 - 12:34:06: World triggered "Round_Start"
L 09/30/2019 - 12:34:12: "Jack<15><VALVE_ID_LAN><CT>" killed "Kitkat<12><VALVE_ID_LAN><TERRORIST>" with "usp"
L 09/30/2019 - 12:34:12: "CEIFADOR<6><VALVE_ID_LOOPBACK><TERRORIST>" killed "DareDevil<7><VALVE_ID_LAN><CT>" with "xm1014"
L 09/30/2019 - 12:34:14: "XXBOT Steel<16><BOT><TERRORIST>" killed "INDIO de ferias<9><VALVE_ID_LAN><CT>" with "glock18"
L 09/30/2019 - 12:34:17: "CEIFADOR<6><VALVE_ID_LOOPBACK><TERRORIST>" killed "Jack<15><VALVE_ID_LAN><CT>" with "xm1014"
L 09/30/2019 - 12:34:19: "CEIFADOR<6><VALVE_ID_LOOPBACK><TERRORIST>" killed "Cap Billy<8><VALVE_ID_LAN><CT>" with "xm1014"
L 09/30/2019 - 12:34:20: "@te<14><VALVE_ID_LAN><CT>" killed "CEIFADOR<6><VALVE_ID_LOOPBACK><TERRORIST>" with "xm1014"
L 09/30/2019 - 12:34:21: "@te<14><VALVE_ID_LAN><CT>" killed "Smolder<11><VALVE_ID_LAN><TERRORIST>" with "xm1014"
L 09/30/2019 - 12:34:23: "@te<14><VALVE_ID_LAN><CT>" killed "Gho$T<10><VALVE_ID_LAN><TERRORIST>" with "xm1014"
L 09/30/2019 - 12:34:23: "XXBOT Steel<16><BOT><TERRORIST>" killed "@te<14><VALVE_ID_LAN><CT>" with "glock18"
L 09/30/2019 - 12:34:23: Team "TERRORIST" triggered "Terrorists_Win" (CT "8") (T "6")
L 09/30/2019 - 12:34:23: World triggered "Round_End"
L 09/30/2019 - 12:34:28: "CEIFADOR<6><VALVE_ID_LOOPBACK><TERRORIST>" triggered "Spawned_With_The_Bomb"
L 09/30/2019 - 12:34:28: World triggered "Round_Start"
L 09/30/2019 - 12:34:35: "INDIO de ferias<9><VALVE_ID_LAN><CT>" killed "Smolder<11><VALVE_ID_LAN><TERRORIST>" with "xm1014"
L 09/30/2019 - 12:34:36: "Gho$T<10><VALVE_ID_LAN><TERRORIST>" killed "@te<14><VALVE_ID_LAN><CT>" with "ak47"
L 09/30/2019 - 12:34:38: "Cap Billy<8><VALVE_ID_LAN><CT>" killed "XXBOT Steel<16><BOT><TERRORIST>" with "mp5navy"
L 09/30/2019 - 12:34:38: "Smolder<11><VALVE_ID_LAN><TERRORIST>" triggered "weaponstats" (weapon "grenade") (shots "2") (hits "6") (kills "0") (headshots "0") (tks "0") (damage "193") (deaths "0")
L 09/30/2019 - 12:34:38: "Smolder<11><VALVE_ID_LAN><TERRORIST>" triggered "weaponstats2" (weapon "grenade") (head "0") (chest "0") (stomach "0") (leftarm "0") (rightarm "0") (leftleg "0") (rightleg "0")
L 09/30/2019 - 12:34:38: "Smolder<11><VALVE_ID_LAN><TERRORIST>" triggered "weaponstats" (weapon "mac10") (shots "7") (hits "1") (kills "0") (headshots "0") (tks "0") (damage "10") (deaths "1")
L 09/30/2019 - 12:34:38: "Smolder<11><VALVE_ID_LAN><TERRORIST>" triggered "weaponstats2" (weapon "mac10") (head "0") (chest "0") (stomach "0") (leftarm "0") (rightarm "1") (leftleg "0") (rightleg "0")
L 09/30/2019 - 12:34:38: "Smolder<11><VALVE_ID_LAN><TERRORIST>" triggered "weaponstats" (weapon "aug") (shots "17") (hits "6") (kills "0") (headshots "0") (tks "0") (damage "183") (deaths "2")
L 09/30/2019 - 12:34:38: "Smolder<11><VALVE_ID_LAN><TERRORIST>" triggered "weaponstats2" (weapon "aug") (head "0") (chest "1") (stomach "1") (leftarm "3") (rightarm "1") (leftleg "0") (rightleg "0")
L 09/30/2019 - 12:34:38: "Smolder<11><VALVE_ID_LAN><TERRORIST>" triggered "weaponstats" (weapon "glock18") (shots "3") (hits "0") (kills "0") (headshots "0") (tks "0") (damage "0") (deaths "2")
L 09/30/2019 - 12:34:38: "Smolder<11><VALVE_ID_LAN><TERRORIST>" triggered "weaponstats2" (weapon "glock18") (head "0") (chest "0") (stomach "0") (leftarm "0") (rightarm "0") (leftleg "0") (rightleg "0")
L 09/30/2019 - 12:34:38: "Smolder<11><VALVE_ID_LAN><TERRORIST>" triggered "weaponstats" (weapon "mp5navy") (shots "50") (hits "17") (kills "2") (headshots "0") (tks "0") (damage "349") (deaths "1")
L 09/30/2019 - 12:34:38: "Smolder<11><VALVE_ID_LAN><TERRORIST>" triggered "weaponstats2" (weapon "mp5navy") (head "0") (chest "1") (stomach "2") (leftarm "5") (rightarm "5") (leftleg "0") (rightleg "4")
L 09/30/2019 - 12:34:38: "Smolder<11><VALVE_ID_LAN><TERRORIST>" triggered "weaponstats" (weapon "m3") (shots "4") (hits "1") (kills "0") (headshots "0") (tks "0") (damage "52") (deaths "0")
L 09/30/2019 - 12:34:38: "Smolder<11><VALVE_ID_LAN><TERRORIST>" triggered "weaponstats2" (weapon "m3") (head "0") (chest "0") (stomach "0") (leftarm "0") (rightarm "1") (leftleg "0") (rightleg "0")
L 09/30/2019 - 12:34:38: "Smolder<11><VALVE_ID_LAN><TERRORIST>" triggered "weaponstats" (weapon "m4a1") (shots "29") (hits "4") (kills "2") (headshots "1") (tks "0") (damage "189") (deaths "2")
L 09/30/2019 - 12:34:38: "Smolder<11><VALVE_ID_LAN><TERRORIST>" triggered "weaponstats2" (weapon "m4a1") (head "1") (chest "0") (stomach "1") (leftarm "1") (rightarm "0") (leftleg "1") (rightleg "0")
L 09/30/2019 - 12:34:38: "Smolder<11><VALVE_ID_LAN><TERRORIST>" triggered "weaponstats" (weapon "tmp") (shots "31") (hits "7") (kills "1") (headshots "0") (tks "0") (damage "196") (deaths "1")
L 09/30/2019 - 12:34:38: "Smolder<11><VALVE_ID_LAN><TERRORIST>" triggered "weaponstats2" (weapon "tmp") (head "1") (chest "2") (stomach "2") (leftarm "1") (rightarm "0") (leftleg "1") (rightleg "0")
L 09/30/2019 - 12:34:38: "Smolder<11><VALVE_ID_LAN><TERRORIST>" triggered "weaponstats" (weapon "g3sg1") (shots "1") (hits "0") (kills "0") (headshots "0") (tks "0") (damage "0") (deaths "1")
L 09/30/2019 - 12:34:38: "Smolder<11><VALVE_ID_LAN><TERRORIST>" triggered "weaponstats2" (weapon "g3sg1") (head "0") (chest "0") (stomach "0") (leftarm "0") (rightarm "0") (leftleg "0") (rightleg "0")
L 09/30/2019 - 12:34:38: "Smolder<11><VALVE_ID_LAN><TERRORIST>" triggered "weaponstats" (weapon "knife") (shots "1") (hits "0") (kills "0") (headshots "0") (tks "0") (damage "0") (deaths "3")
L 09/30/2019 - 12:34:38: "Smolder<11><VALVE_ID_LAN><TERRORIST>" triggered "weaponstats2" (weapon "knife") (head "0") (chest "0") (stomach "0") (leftarm "0") (rightarm "0") (leftleg "0") (rightleg "0")
L 09/30/2019 - 12:34:38: "Smolder<11><VALVE_ID_LAN><TERRORIST>" triggered "time" (time "4:55")
L 09/30/2019 - 12:34:38: "Smolder<11><VALVE_ID_LAN><TERRORIST>" triggered "latency" (ping "15")
L 09/30/2019 - 12:34:38: "Smolder<11><VALVE_ID_LAN><TERRORIST>" disconnected
L 09/30/2019 - 12:34:38: "INDIO de ferias<9><VALVE_ID_LAN><CT>" killed "Kitkat<12><VALVE_ID_LAN><TERRORIST>" with "xm1014"
L 09/30/2019 - 12:34:38: "DareDevil<7><VALVE_ID_LAN><CT>" killed "CEIFADOR<6><VALVE_ID_LOOPBACK><TERRORIST>" with "aug"
L 09/30/2019 - 12:34:38: "CEIFADOR<6><VALVE_ID_LOOPBACK><TERRORIST>" triggered "Dropped_The_Bomb"
L 09/30/2019 - 12:34:39: "Gho$T<10><VALVE_ID_LAN><TERRORIST>" triggered "Got_The_Bomb"
L 09/30/2019 - 12:34:39: "DareDevil<7><VALVE_ID_LAN><CT>" killed "Gho$T<10><VALVE_ID_LAN><TERRORIST>" with "aug"
L 09/30/2019 - 12:34:39: Team "CT" triggered "CTs_Win" (CT "9") (T "6")
L 09/30/2019 - 12:34:39: World triggered "Round_End"
L 09/30/2019 - 12:34:44: "Gho$T<10><VALVE_ID_LAN><TERRORIST>" triggered "Spawned_With_The_Bomb"
L 09/30/2019 - 12:34:44: World triggered "Round_Start"
L 09/30/2019 - 12:34:48: "INDIO de ferias<9><VALVE_ID_LAN><CT>" killed "Gho$T<10><VALVE_ID_LAN><TERRORIST>" with "xm1014"
L 09/30/2019 - 12:34:48: "Gho$T<10><VALVE_ID_LAN><TERRORIST>" triggered "Dropped_The_Bomb"
L 09/30/2019 - 12:34:49: "Cap Billy<8><VALVE_ID_LAN><CT>" killed "CEIFADOR<6><VALVE_ID_LOOPBACK><TERRORIST>" with "mp5navy"
L 09/30/2019 - 12:34:50: "INDIO de ferias<9><VALVE_ID_LAN><CT>" killed "XXBOT Steel<16><BOT><TERRORIST>" with "xm1014"
L 09/30/2019 - 12:34:50: "Jack<15><VALVE_ID_LAN><CT>" killed "Kitkat<12><VALVE_ID_LAN><TERRORIST>" with "m4a1"
L 09/30/2019 - 12:34:50: Team "CT" triggered "CTs_Win" (CT "10") (T "6")
L 09/30/2019 - 12:34:50: World triggered "Round_End"
L 09/30/2019 - 12:34:55: "Kitkat<12><VALVE_ID_LAN><TERRORIST>" triggered "Spawned_With_The_Bomb"
L 09/30/2019 - 12:34:55: World triggered "Round_Start"
L 09/30/2019 - 12:34:57: "XXBOT Steel<16><BOT><TERRORIST>" killed "Cap Billy<8><VALVE_ID_LAN><CT>" with "glock18"
L 09/30/2019 - 12:34:58: "INDIO de ferias<9><VALVE_ID_LAN><CT>" killed "Gho$T<10><VALVE_ID_LAN><TERRORIST>" with "xm1014"
L 09/30/2019 - 12:34:59: "@te<14><VALVE_ID_LAN><CT>" killed "CEIFADOR<6><VALVE_ID_LOOPBACK><TERRORIST>" with "grenade"
L 09/30/2019 - 12:35:00: "DareDevil<7><VALVE_ID_LAN><CT>" killed "XXBOT Steel<16><BOT><TERRORIST>" with "grenade"
L 09/30/2019 - 12:35:00: "Jack<15><VALVE_ID_LAN><CT>" killed "Kitkat<12><VALVE_ID_LAN><TERRORIST>" with "m4a1"
L 09/30/2019 - 12:35:00: Team "CT" triggered "CTs_Win" (CT "11") (T "6")
L 09/30/2019 - 12:35:00: World triggered "Round_End"
L 09/30/2019 - 12:35:05: "Gho$T<10><VALVE_ID_LAN><TERRORIST>" say_team "reacaioo" (dead)
L 09/30/2019 - 12:35:05: "XXBOT Steel<16><BOT><TERRORIST>" triggered "Spawned_With_The_Bomb"
L 09/30/2019 - 12:35:05: World triggered "Round_Start"
L 09/30/2019 - 12:35:08: "INDIO de ferias<9><VALVE_ID_LAN><CT>" killed "CEIFADOR<6><VALVE_ID_LOOPBACK><TERRORIST>" with "xm1014"
L 09/30/2019 - 12:35:09: "Smolder<17><VALVE_ID_LAN><>" connected, address "10.15.2.124:27005"
L 09/30/2019 - 12:35:10: "INDIO de ferias<9><VALVE_ID_LAN><CT>" killed "Kitkat<12><VALVE_ID_LAN><TERRORIST>" with "xm1014"
L 09/30/2019 - 12:35:12: "Cap Billy<8><VALVE_ID_LAN><CT>" killed "Gho$T<10><VALVE_ID_LAN><TERRORIST>" with "mp5navy"
L 09/30/2019 - 12:35:12: "XXBOT Steel<16><BOT><TERRORIST>" killed "Cap Billy<8><VALVE_ID_LAN><CT>" with "glock18"
L 09/30/2019 - 12:35:12: "Smolder<17><VALVE_ID_LAN><>" entered the game
L 09/30/2019 - 12:35:12: "Jack<15><VALVE_ID_LAN><CT>" killed "INDIO de ferias<9><VALVE_ID_LAN><CT>" with "m4a1"
L 09/30/2019 - 12:35:14: "Smolder<17><VALVE_ID_LAN><>" joined team "TERRORIST"
L 09/30/2019 - 12:35:15: "XXBOT Steel<16><BOT><TERRORIST>" killed "DareDevil<7><VALVE_ID_LAN><CT>" with "glock18"
L 09/30/2019 - 12:35:17: "INDIO de ferias<9><VALVE_ID_LAN><CT>" say_team "porra" (dead)
L 09/30/2019 - 12:35:20: "Jack<15><VALVE_ID_LAN><CT>" killed "Smolder<17><VALVE_ID_LAN><TERRORIST>" with "m4a1"
L 09/30/2019 - 12:35:26: "XXBOT Steel<16><BOT><TERRORIST>" killed "Jack<15><VALVE_ID_LAN><CT>" with "m3"
L 09/30/2019 - 12:35:29: "@te<14><VALVE_ID_LAN><CT>" killed "XXBOT Steel<16><BOT><TERRORIST>" with "mp5navy"
L 09/30/2019 - 12:35:29: Team "CT" triggered "CTs_Win" (CT "12") (T "6")
L 09/30/2019 - 12:35:29: World triggered "Round_End"
L 09/30/2019 - 12:35:34: "XXBOT Steel<16><BOT><TERRORIST>" triggered "Spawned_With_The_Bomb"
L 09/30/2019 - 12:35:34: World triggered "Round_Start"
L 09/30/2019 - 12:35:34: "Jack<15><VALVE_ID_LAN><CT>" committed suicide with "world"
L 09/30/2019 - 12:35:41: "INDIO de ferias<9><VALVE_ID_LAN><CT>" killed "Gho$T<10><VALVE_ID_LAN><TERRORIST>" with "mp5navy"
L 09/30/2019 - 12:35:42: "XXBOT Steel<16><BOT><TERRORIST>" killed "Cap Billy<8><VALVE_ID_LAN><CT>" with "glock18"
L 09/30/2019 - 12:35:42: "CEIFADOR<6><VALVE_ID_LOOPBACK><TERRORIST>" killed "DareDevil<7><VALVE_ID_LAN><CT>" with "mp5navy"
L 09/30/2019 - 12:35:43: "INDIO de ferias<9><VALVE_ID_LAN><CT>" killed "CEIFADOR<6><VALVE_ID_LOOPBACK><TERRORIST>" with "mp5navy"
L 09/30/2019 - 12:35:44: "Smolder<17><VALVE_ID_LAN><TERRORIST>" killed "INDIO de ferias<9><VALVE_ID_LAN><CT>" with "mac10"
L 09/30/2019 - 12:35:46: "Smolder<17><VALVE_ID_LAN><TERRORIST>" killed "@te<14><VALVE_ID_LAN><CT>" with "mac10"
L 09/30/2019 - 12:35:46: Team "TERRORIST" triggered "Terrorists_Win" (CT "12") (T "7")
L 09/30/2019 - 12:35:46: World triggered "Round_End"
L 09/30/2019 - 12:35:51: "CEIFADOR<6><VALVE_ID_LOOPBACK><TERRORIST>" triggered "Spawned_With_The_Bomb"
L 09/30/2019 - 12:35:51: World triggered "Round_Start"
L 09/30/2019 - 12:35:52: "Cap Billy<8><VALVE_ID_LAN><CT>" say "bot o maior matador TR que vergonha!!"
L 09/30/2019 - 12:35:54: "Cap Billy<8><VALVE_ID_LAN><CT>" killed "XXBOT Steel<16><BOT><TERRORIST>" with "usp"
L 09/30/2019 - 12:35:55: "Smolder<17><VALVE_ID_LAN><TERRORIST>" killed "Cap Billy<8><VALVE_ID_LAN><CT>" with "xm1014"
L 09/30/2019 - 12:35:59: "Jack<15><VALVE_ID_LAN><CT>" killed "Smolder<17><VALVE_ID_LAN><TERRORIST>" with "usp"
L 09/30/2019 - 12:36:01: "@te<14><VALVE_ID_LAN><CT>" killed "CEIFADOR<6><VALVE_ID_LOOPBACK><TERRORIST>" with "xm1014"
L 09/30/2019 - 12:36:01: "CEIFADOR<6><VALVE_ID_LOOPBACK><TERRORIST>" triggered "Dropped_The_Bomb"
L 09/30/2019 - 12:36:01: "DareDevil<7><VALVE_ID_LAN><CT>" killed "Gho$T<10><VALVE_ID_LAN><TERRORIST>" with "mac10"
L 09/30/2019 - 12:36:05: "Kitkat<12><VALVE_ID_LAN><TERRORIST>" killed "Jack<15><VALVE_ID_LAN><CT>" with "tmp"
L 09/30/2019 - 12:36:06: "@te<14><VALVE_ID_LAN><CT>" killed "Kitkat<12><VALVE_ID_LAN><TERRORIST>" with "xm1014"
L 09/30/2019 - 12:36:06: Team "CT" triggered "CTs_Win" (CT "13") (T "7")
L 09/30/2019 - 12:36:06: World triggered "Round_End"
L 09/30/2019 - 12:36:09: "Cap Billy<8><VALVE_ID_LAN><CT>" say "VISHHHH" (dead)
L 09/30/2019 - 12:36:10: Log file closed
