L 10/07/2019 - 12:40:50: Log file started (file "logs\L1007001.log") (game "cstrike") (version "47/1.1.2.2/2603")
L 10/07/2019 - 12:40:51: "Gho$T<2><VALVE_ID_LAN><>" entered the game
L 10/07/2019 - 12:40:56: "Gho$T<2><VALVE_ID_LAN><>" joined team "TERRORIST"
L 10/07/2019 - 12:40:56: "XXBOT Cliffe<3><BOT><>" joined team "TERRORIST"
L 10/07/2019 - 12:40:56: "XXBOT Cliffe<3><BOT><>" entered the game
L 10/07/2019 - 12:40:56: "XXBOT Quintin<4><BOT><>" joined team "TERRORIST"
L 10/07/2019 - 12:40:56: "XXBOT Quintin<4><BOT><>" entered the game
L 10/07/2019 - 12:41:00: Server cvar "mp_timelimit" = "10"
L 10/07/2019 - 12:41:05: "INDIO de ferias<1><VALVE_ID_LOOPBACK><>" joined team "CT"
L 10/07/2019 - 12:41:13: "Gho$T<2><VALVE_ID_LAN><TERRORIST>" say "ativa o log"
L 10/07/2019 - 12:41:14: World triggered "Game_Commencing"
L 10/07/2019 - 12:41:14: World triggered "Game_Commencing" (CT "0") (T "0")
L 10/07/2019 - 12:41:14: World triggered "Round_End"
L 10/07/2019 - 12:41:15: "Calcas Peludas<5><VALVE_ID_LAN><>" connected, address "10.15.2.230:27005"
L 10/07/2019 - 12:41:17: World triggered "Round_Start"
L 10/07/2019 - 12:41:18: "Calcas Peludas<5><VALVE_ID_LAN><>" entered the game
L 10/07/2019 - 12:41:19: "Calcas Peludas<5><VALVE_ID_LAN><>" joined team "TERRORIST"
L 10/07/2019 - 12:41:21: Server cvar "bot_quota" = "1"
L 10/07/2019 - 12:41:21: Server cvar "bot_quota" = "0"
L 10/07/2019 - 12:41:21: Kick: "XXBOT Cliffe<3><UNKNOWN><>" was kicked by "INDIO de ferias"
L 10/07/2019 - 12:41:21: "XXBOT Cliffe<3><BOT><TERRORIST>" disconnected
L 10/07/2019 - 12:41:21: Kick: "XXBOT Quintin<4><UNKNOWN><>" was kicked by "INDIO de ferias"
L 10/07/2019 - 12:41:21: "XXBOT Quintin<4><BOT><TERRORIST>" disconnected
L 10/07/2019 - 12:41:33: "XXBOT Pheonix<6><BOT><>" joined team "CT"
L 10/07/2019 - 12:41:33: Server cvar "bot_quota" = "1"
L 10/07/2019 - 12:41:33: "XXBOT Rip<7><BOT><>" joined team "CT"
L 10/07/2019 - 12:41:33: Server cvar "bot_quota" = "2"
L 10/07/2019 - 12:41:33: "XXBOT Steel<8><BOT><>" joined team "CT"
L 10/07/2019 - 12:41:33: Server cvar "bot_quota" = "3"
L 10/07/2019 - 12:41:33: "XXBOT Arnold<9><BOT><>" joined team "CT"
L 10/07/2019 - 12:41:33: Server cvar "bot_quota" = "4"
L 10/07/2019 - 12:41:33: "(1)XXBOT Rip<10><BOT><>" joined team "CT"
L 10/07/2019 - 12:41:33: Server cvar "bot_quota" = "5"
L 10/07/2019 - 12:41:33: "(1)XXBOT Arnold<11><BOT><>" joined team "CT"
L 10/07/2019 - 12:41:33: Server cvar "bot_quota" = "6"
L 10/07/2019 - 12:41:33: "XXBOT Pheonix<6><BOT><>" entered the game
L 10/07/2019 - 12:41:33: "XXBOT Rip<7><BOT><>" entered the game
L 10/07/2019 - 12:41:33: "XXBOT Steel<8><BOT><>" entered the game
L 10/07/2019 - 12:41:33: "XXBOT Arnold<9><BOT><>" entered the game
L 10/07/2019 - 12:41:33: "(1)XXBOT Rip<10><BOT><>" entered the game
L 10/07/2019 - 12:41:33: "(1)XXBOT Arnold<11><BOT><>" entered the game
L 10/07/2019 - 12:41:34: "Kratos-away<12><VALVE_ID_LAN><>" connected, address "10.15.4.1:27005"
L 10/07/2019 - 12:41:43: "Kratos-away<12><VALVE_ID_LAN><>" entered the game
L 10/07/2019 - 12:41:45: "Kratos-away<12><VALVE_ID_LAN><>" joined team "TERRORIST"
L 10/07/2019 - 12:41:45: "XXBOT Pheonix<6><BOT><CT>" killed "Calcas Peludas<5><VALVE_ID_LAN><TERRORIST>" with "glock18"
L 10/07/2019 - 12:41:47: "(1)XXBOT Rip<10><BOT><CT>" killed "Gho$T<2><VALVE_ID_LAN><TERRORIST>" with "glock18"
L 10/07/2019 - 12:41:47: "CEIFADOR<13><VALVE_ID_LAN><>" connected, address "10.15.2.38:27005"
L 10/07/2019 - 12:41:49: "XXBOT Rip<7><BOT><CT>" killed "Kratos-away<12><VALVE_ID_LAN><TERRORIST>" with "glock18"
L 10/07/2019 - 12:41:49: Team "CT" triggered "CTs_Win" (CT "1") (T "0")
L 10/07/2019 - 12:41:49: World triggered "Round_End"
L 10/07/2019 - 12:41:51: "Calcas Peludas<5><VALVE_ID_LAN><TERRORIST>" say "tem muito bot" (dead)
L 10/07/2019 - 12:41:54: World triggered "Round_Start"
L 10/07/2019 - 12:41:55: "Kratos-away<12><VALVE_ID_LAN><TERRORIST>" say "ta louco e"
L 10/07/2019 - 12:41:55: Server cvar "bot_quota" = "5"
L 10/07/2019 - 12:41:55: Server cvar "bot_quota" = "4"
L 10/07/2019 - 12:41:55: Server cvar "bot_quota" = "3"
L 10/07/2019 - 12:41:55: Server cvar "bot_quota" = "2"
L 10/07/2019 - 12:41:55: Server cvar "bot_quota" = "1"
L 10/07/2019 - 12:41:55: Server cvar "bot_quota" = "0"
L 10/07/2019 - 12:41:55: Kick: "XXBOT Pheonix<6><UNKNOWN><>" was kicked by "INDIO de ferias"
L 10/07/2019 - 12:41:55: "XXBOT Pheonix<6><BOT><CT>" disconnected
L 10/07/2019 - 12:41:55: Kick: "XXBOT Rip<7><UNKNOWN><>" was kicked by "INDIO de ferias"
L 10/07/2019 - 12:41:55: "XXBOT Rip<7><BOT><CT>" disconnected
L 10/07/2019 - 12:41:55: Kick: "XXBOT Steel<8><UNKNOWN><>" was kicked by "INDIO de ferias"
L 10/07/2019 - 12:41:55: "XXBOT Steel<8><BOT><CT>" disconnected
L 10/07/2019 - 12:41:55: Kick: "XXBOT Arnold<9><UNKNOWN><>" was kicked by "INDIO de ferias"
L 10/07/2019 - 12:41:55: "XXBOT Arnold<9><BOT><CT>" disconnected
L 10/07/2019 - 12:41:55: Kick: "(1)XXBOT Rip<10><UNKNOWN><>" was kicked by "INDIO de ferias"
L 10/07/2019 - 12:41:55: "(1)XXBOT Rip<10><BOT><CT>" disconnected
L 10/07/2019 - 12:41:55: Kick: "(1)XXBOT Arnold<11><UNKNOWN><>" was kicked by "INDIO de ferias"
L 10/07/2019 - 12:41:55: "(1)XXBOT Arnold<11><BOT><CT>" disconnected
L 10/07/2019 - 12:41:57: "Kratos-away<12><VALVE_ID_LAN><TERRORIST>" say "tanntos bots"
L 10/07/2019 - 12:41:58: "CEIFADOR<13><VALVE_ID_LAN><>" entered the game
L 10/07/2019 - 12:42:00: "CEIFADOR<13><VALVE_ID_LAN><>" joined team "TERRORIST"
L 10/07/2019 - 12:42:02: "Gho$T<2><VALVE_ID_LAN><TERRORIST>" killed "INDIO de ferias<1><VALVE_ID_LOOPBACK><CT>" with "glock18"
L 10/07/2019 - 12:42:02: Team "TERRORIST" triggered "Terrorists_Win" (CT "1") (T "1")
L 10/07/2019 - 12:42:02: World triggered "Round_End"
L 10/07/2019 - 12:42:05: "XXBOT Crusher<14><BOT><>" joined team "CT"
L 10/07/2019 - 12:42:05: Server cvar "bot_quota" = "1"
L 10/07/2019 - 12:42:06: "XXBOT Crusher<14><BOT><>" entered the game
L 10/07/2019 - 12:42:07: World triggered "Round_Start"
L 10/07/2019 - 12:42:10: "Gho$T<2><VALVE_ID_LAN><TERRORIST>" say "reinicia"
L 10/07/2019 - 12:42:12: "Kratos-away<12><VALVE_ID_LAN><TERRORIST>" killed "XXBOT Crusher<14><BOT><CT>" with "glock18"
L 10/07/2019 - 12:42:14: "XXBOT Minh<15><BOT><>" joined team "CT"
L 10/07/2019 - 12:42:14: Server cvar "bot_quota" = "2"
L 10/07/2019 - 12:42:14: "XXBOT Minh<15><BOT><>" entered the game
L 10/07/2019 - 12:42:15: "XXBOT Minh<15><BOT><CT>" killed "Kratos-away<12><VALVE_ID_LAN><TERRORIST>" with "glock18"
L 10/07/2019 - 12:42:18: "XXBOT Minh<15><BOT><CT>" killed "Calcas Peludas<5><VALVE_ID_LAN><TERRORIST>" with "glock18"
L 10/07/2019 - 12:42:19: "XXBOT Minh<15><BOT><CT>" killed "CEIFADOR<13><VALVE_ID_LAN><TERRORIST>" with "glock18"
L 10/07/2019 - 12:42:20: "Gho$T<2><VALVE_ID_LAN><TERRORIST>" killed "XXBOT Minh<15><BOT><CT>" with "glock18"
L 10/07/2019 - 12:42:22: "Kratos-away<12><VALVE_ID_LAN><TERRORIST>" say "log on" (dead)
L 10/07/2019 - 12:42:23: "Gho$T<2><VALVE_ID_LAN><TERRORIST>" killed "INDIO de ferias<1><VALVE_ID_LOOPBACK><CT>" with "glock18"
L 10/07/2019 - 12:42:23: Team "TERRORIST" triggered "Terrorists_Win" (CT "1") (T "2")
L 10/07/2019 - 12:42:23: World triggered "Round_End"
L 10/07/2019 - 12:42:25: "Calcas Peludas<5><VALVE_ID_LAN><TERRORIST>" joined team "CT"
L 10/07/2019 - 12:42:28: World triggered "Round_Start"
L 10/07/2019 - 12:42:28: "XXBOT Wolf<16><BOT><>" joined team "CT"
L 10/07/2019 - 12:42:28: Server cvar "bot_quota" = "3"
L 10/07/2019 - 12:42:28: "XXBOT Wolf<16><BOT><>" entered the game
L 10/07/2019 - 12:42:36: "CEIFADOR<13><VALVE_ID_LAN><TERRORIST>" killed "XXBOT Wolf<16><BOT><CT>" with "glock18"
L 10/07/2019 - 12:42:37: "CEIFADOR<13><VALVE_ID_LAN><TERRORIST>" killed "XXBOT Crusher<14><BOT><CT>" with "glock18"
L 10/07/2019 - 12:42:38: "Calcas Peludas<5><VALVE_ID_LAN><CT>" killed "CEIFADOR<13><VALVE_ID_LAN><TERRORIST>" with "glock18"
L 10/07/2019 - 12:42:39: "Kratos-away<12><VALVE_ID_LAN><TERRORIST>" killed "Calcas Peludas<5><VALVE_ID_LAN><CT>" with "knife"
L 10/07/2019 - 12:42:40: "Gho$T<2><VALVE_ID_LAN><TERRORIST>" killed "XXBOT Minh<15><BOT><CT>" with "glock18"
L 10/07/2019 - 12:42:42: "Kratos-away<12><VALVE_ID_LAN><TERRORIST>" killed "INDIO de ferias<1><VALVE_ID_LOOPBACK><CT>" with "glock18"
L 10/07/2019 - 12:42:42: Team "TERRORIST" triggered "Terrorists_Win" (CT "1") (T "3")
L 10/07/2019 - 12:42:42: World triggered "Round_End"
L 10/07/2019 - 12:42:46: "CEIFADOR<13><VALVE_ID_LAN><TERRORIST>" say "ira os bots" (dead)
L 10/07/2019 - 12:42:47: World triggered "Round_Start"
L 10/07/2019 - 12:42:48: Server cvar "bot_quota" = "2"
L 10/07/2019 - 12:42:48: Server cvar "bot_quota" = "1"
L 10/07/2019 - 12:42:48: Server cvar "bot_quota" = "0"
L 10/07/2019 - 12:42:48: Kick: "XXBOT Crusher<14><UNKNOWN><>" was kicked by "INDIO de ferias"
L 10/07/2019 - 12:42:48: "XXBOT Crusher<14><BOT><CT>" disconnected
L 10/07/2019 - 12:42:48: Kick: "XXBOT Minh<15><UNKNOWN><>" was kicked by "INDIO de ferias"
L 10/07/2019 - 12:42:48: "XXBOT Minh<15><BOT><CT>" disconnected
L 10/07/2019 - 12:42:48: Kick: "XXBOT Wolf<16><UNKNOWN><>" was kicked by "INDIO de ferias"
L 10/07/2019 - 12:42:48: "XXBOT Wolf<16><BOT><CT>" disconnected
L 10/07/2019 - 12:42:54: "Kratos-away<12><VALVE_ID_LAN><TERRORIST>" killed "Calcas Peludas<5><VALVE_ID_LAN><CT>" with "glock18"
L 10/07/2019 - 12:42:58: "INDIO de ferias<1><VALVE_ID_LOOPBACK><CT>" killed "Kratos-away<12><VALVE_ID_LAN><TERRORIST>" with "glock18"
L 10/07/2019 - 12:42:58: "Gho$T<2><VALVE_ID_LAN><TERRORIST>" killed "INDIO de ferias<1><VALVE_ID_LOOPBACK><CT>" with "glock18"
L 10/07/2019 - 12:42:58: Team "TERRORIST" triggered "Terrorists_Win" (CT "1") (T "4")
L 10/07/2019 - 12:42:58: World triggered "Round_End"
L 10/07/2019 - 12:43:03: World triggered "Round_Start"
L 10/07/2019 - 12:43:05: "XXBOT Kyle<17><BOT><>" joined team "CT"
L 10/07/2019 - 12:43:05: Server cvar "bot_quota" = "1"
L 10/07/2019 - 12:43:05: "XXBOT Kyle<17><BOT><>" entered the game
L 10/07/2019 - 12:43:06: "CEIFADOR<13><VALVE_ID_LAN><TERRORIST>" say "tira os bots"
L 10/07/2019 - 12:43:09: "Kratos-away<12><VALVE_ID_LAN><TERRORIST>" killed "XXBOT Kyle<17><BOT><CT>" with "glock18"
L 10/07/2019 - 12:43:09: "INDIO de ferias<1><VALVE_ID_LOOPBACK><CT>" killed "Kratos-away<12><VALVE_ID_LAN><TERRORIST>" with "glock18"
L 10/07/2019 - 12:43:18: "INDIO de ferias<1><VALVE_ID_LOOPBACK><CT>" killed "CEIFADOR<13><VALVE_ID_LAN><TERRORIST>" with "glock18"
L 10/07/2019 - 12:43:22: "Calcas Peludas<5><VALVE_ID_LAN><CT>" killed "Gho$T<2><VALVE_ID_LAN><TERRORIST>" with "glock18"
L 10/07/2019 - 12:43:22: Team "CT" triggered "CTs_Win" (CT "2") (T "4")
L 10/07/2019 - 12:43:22: World triggered "Round_End"
L 10/07/2019 - 12:43:22: "Kratos-away<12><VALVE_ID_LAN><TERRORIST>" say_team "direita" (dead)
L 10/07/2019 - 12:43:26: "Calcas Peludas<5><VALVE_ID_LAN><CT>" say_team "juntos"
L 10/07/2019 - 12:43:27: World triggered "Round_Start"
L 10/07/2019 - 12:43:28: "CEIFADOR<13><VALVE_ID_LAN><TERRORIST>" say "tira os bots"
L 10/07/2019 - 12:43:32: "Calcas Peludas<5><VALVE_ID_LAN><CT>" killed "CEIFADOR<13><VALVE_ID_LAN><TERRORIST>" with "glock18"
L 10/07/2019 - 12:43:36: "Calcas Peludas<5><VALVE_ID_LAN><CT>" killed "Gho$T<2><VALVE_ID_LAN><TERRORIST>" with "glock18"
L 10/07/2019 - 12:43:37: "XXBOT Kyle<17><BOT><CT>" killed "Kratos-away<12><VALVE_ID_LAN><TERRORIST>" with "glock18"
L 10/07/2019 - 12:43:37: Team "CT" triggered "CTs_Win" (CT "3") (T "4")
L 10/07/2019 - 12:43:37: World triggered "Round_End"
L 10/07/2019 - 12:43:42: World triggered "Round_Start"
L 10/07/2019 - 12:43:48: "Kratos-away<12><VALVE_ID_LAN><TERRORIST>" killed "XXBOT Kyle<17><BOT><CT>" with "glock18"
L 10/07/2019 - 12:43:49: "INDIO de ferias<1><VALVE_ID_LOOPBACK><CT>" killed "Gho$T<2><VALVE_ID_LAN><TERRORIST>" with "glock18"
L 10/07/2019 - 12:43:49: "CEIFADOR<13><VALVE_ID_LAN><TERRORIST>" killed "Calcas Peludas<5><VALVE_ID_LAN><CT>" with "glock18"
L 10/07/2019 - 12:43:53: "CEIFADOR<13><VALVE_ID_LAN><TERRORIST>" killed "INDIO de ferias<1><VALVE_ID_LOOPBACK><CT>" with "glock18"
L 10/07/2019 - 12:43:53: Team "TERRORIST" triggered "Terrorists_Win" (CT "3") (T "5")
L 10/07/2019 - 12:43:53: World triggered "Round_End"
L 10/07/2019 - 12:43:58: World triggered "Round_Start"
L 10/07/2019 - 12:44:03: "Gho$T<2><VALVE_ID_LAN><TERRORIST>" killed "XXBOT Kyle<17><BOT><CT>" with "glock18"
L 10/07/2019 - 12:44:04: "Calcas Peludas<5><VALVE_ID_LAN><CT>" killed "Kratos-away<12><VALVE_ID_LAN><TERRORIST>" with "glock18"
L 10/07/2019 - 12:44:09: "INDIO de ferias<1><VALVE_ID_LOOPBACK><CT>" killed "CEIFADOR<13><VALVE_ID_LAN><TERRORIST>" with "glock18"
L 10/07/2019 - 12:44:12: "Kratos-away<12><VALVE_ID_LAN><TERRORIST>" say "passainhos subindo a ramap" (dead)
L 10/07/2019 - 12:44:12: "INDIO de ferias<1><VALVE_ID_LOOPBACK><CT>" killed "Gho$T<2><VALVE_ID_LAN><TERRORIST>" with "glock18"
L 10/07/2019 - 12:44:12: Team "CT" triggered "CTs_Win" (CT "4") (T "5")
L 10/07/2019 - 12:44:12: World triggered "Round_End"
L 10/07/2019 - 12:44:16: "Kratos-away<12><VALVE_ID_LAN><TERRORIST>" say_team "subam" (dead)
L 10/07/2019 - 12:44:17: World triggered "Round_Start"
L 10/07/2019 - 12:44:23: "Gho$T<2><VALVE_ID_LAN><TERRORIST>" killed "INDIO de ferias<1><VALVE_ID_LOOPBACK><CT>" with "glock18"
L 10/07/2019 - 12:44:27: "Calcas Peludas<5><VALVE_ID_LAN><CT>" killed "Gho$T<2><VALVE_ID_LAN><TERRORIST>" with "glock18"
L 10/07/2019 - 12:44:30: "XXBOT Kyle<17><BOT><CT>" killed "Kratos-away<12><VALVE_ID_LAN><TERRORIST>" with "glock18"
L 10/07/2019 - 12:44:36: "Kratos-away<12><VALVE_ID_LAN><TERRORIST>" say_team "subam e mataremos tyodos" (dead)
L 10/07/2019 - 12:44:36: "Calcas Peludas<5><VALVE_ID_LAN><CT>" killed "CEIFADOR<13><VALVE_ID_LAN><TERRORIST>" with "glock18"
L 10/07/2019 - 12:44:36: Team "CT" triggered "CTs_Win" (CT "5") (T "5")
L 10/07/2019 - 12:44:36: World triggered "Round_End"
L 10/07/2019 - 12:44:41: World triggered "Round_Start"
L 10/07/2019 - 12:44:47: "INDIO de ferias<1><VALVE_ID_LOOPBACK><CT>" killed "Gho$T<2><VALVE_ID_LAN><TERRORIST>" with "glock18"
L 10/07/2019 - 12:44:47: "INDIO de ferias<1><VALVE_ID_LOOPBACK><CT>" killed "Kratos-away<12><VALVE_ID_LAN><TERRORIST>" with "glock18"
L 10/07/2019 - 12:44:50: "CEIFADOR<13><VALVE_ID_LAN><TERRORIST>" killed "Calcas Peludas<5><VALVE_ID_LAN><CT>" with "glock18"
L 10/07/2019 - 12:44:54: "Kratos-away<12><VALVE_ID_LAN><TERRORIST>" say "ceifador seu desobediente" (dead)
L 10/07/2019 - 12:44:55: "XXBOT Kyle<17><BOT><CT>" killed "CEIFADOR<13><VALVE_ID_LAN><TERRORIST>" with "glock18"
L 10/07/2019 - 12:44:55: Team "CT" triggered "CTs_Win" (CT "6") (T "5")
L 10/07/2019 - 12:44:55: World triggered "Round_End"
L 10/07/2019 - 12:45:00: World triggered "Round_Start"
L 10/07/2019 - 12:45:05: "Kratos-away<12><VALVE_ID_LAN><TERRORIST>" killed "XXBOT Kyle<17><BOT><CT>" with "glock18"
L 10/07/2019 - 12:45:06: "INDIO de ferias<1><VALVE_ID_LOOPBACK><CT>" killed "Gho$T<2><VALVE_ID_LAN><TERRORIST>" with "glock18"
L 10/07/2019 - 12:45:08: "Calcas Peludas<5><VALVE_ID_LAN><CT>" killed "Kratos-away<12><VALVE_ID_LAN><TERRORIST>" with "glock18"
L 10/07/2019 - 12:45:09: "Calcas Peludas<5><VALVE_ID_LAN><CT>" killed "CEIFADOR<13><VALVE_ID_LAN><TERRORIST>" with "glock18"
L 10/07/2019 - 12:45:09: Team "CT" triggered "CTs_Win" (CT "7") (T "5")
L 10/07/2019 - 12:45:09: World triggered "Round_End"
L 10/07/2019 - 12:45:13: "Gho$T<2><VALVE_ID_LAN><TERRORIST>" say_team "reacaio" (dead)
L 10/07/2019 - 12:45:14: "Kratos-away<12><VALVE_ID_LAN><TERRORIST>" say_team "meio" (dead)
L 10/07/2019 - 12:45:14: World triggered "Round_Start"
L 10/07/2019 - 12:45:22: "Gho$T<2><VALVE_ID_LAN><TERRORIST>" killed "Calcas Peludas<5><VALVE_ID_LAN><CT>" with "glock18"
L 10/07/2019 - 12:45:23: "Gho$T<2><VALVE_ID_LAN><TERRORIST>" killed "INDIO de ferias<1><VALVE_ID_LOOPBACK><CT>" with "glock18"
L 10/07/2019 - 12:45:29: "Kratos-away<12><VALVE_ID_LAN><TERRORIST>" killed "XXBOT Kyle<17><BOT><CT>" with "knife"
L 10/07/2019 - 12:45:29: Team "TERRORIST" triggered "Terrorists_Win" (CT "7") (T "6")
L 10/07/2019 - 12:45:29: World triggered "Round_End"
L 10/07/2019 - 12:45:32: "Calcas Peludas<5><VALVE_ID_LAN><CT>" say "papa bot" (dead)
L 10/07/2019 - 12:45:33: "Kratos-away<12><VALVE_ID_LAN><TERRORIST>" say_team "meio"
L 10/07/2019 - 12:45:34: World triggered "Round_Start"
L 10/07/2019 - 12:45:34: "CEIFADOR<13><VALVE_ID_LAN><TERRORIST>" say "que porra e"
L 10/07/2019 - 12:45:39: "XXBOT Kyle<17><BOT><CT>" killed "Gho$T<2><VALVE_ID_LAN><TERRORIST>" with "glock18"
L 10/07/2019 - 12:45:39: "CEIFADOR<13><VALVE_ID_LAN><TERRORIST>" killed "Calcas Peludas<5><VALVE_ID_LAN><CT>" with "glock18"
L 10/07/2019 - 12:45:43: "Kratos-away<12><VALVE_ID_LAN><TERRORIST>" killed "XXBOT Kyle<17><BOT><CT>" with "glock18"
L 10/07/2019 - 12:45:53: "INDIO de ferias<1><VALVE_ID_LOOPBACK><CT>" killed "Kratos-away<12><VALVE_ID_LAN><TERRORIST>" with "glock18"
L 10/07/2019 - 12:45:55: "INDIO de ferias<1><VALVE_ID_LOOPBACK><CT>" killed "CEIFADOR<13><VALVE_ID_LAN><TERRORIST>" with "glock18"
L 10/07/2019 - 12:45:55: Team "CT" triggered "CTs_Win" (CT "8") (T "6")
L 10/07/2019 - 12:45:55: World triggered "Round_End"
L 10/07/2019 - 12:46:00: World triggered "Round_Start"
L 10/07/2019 - 12:46:05: "Calcas Peludas<5><VALVE_ID_LAN><CT>" killed "Kratos-away<12><VALVE_ID_LAN><TERRORIST>" with "glock18"
L 10/07/2019 - 12:46:09: "INDIO de ferias<1><VALVE_ID_LOOPBACK><CT>" killed "CEIFADOR<13><VALVE_ID_LAN><TERRORIST>" with "glock18"
L 10/07/2019 - 12:46:10: "Calcas Peludas<5><VALVE_ID_LAN><CT>" killed "Gho$T<2><VALVE_ID_LAN><TERRORIST>" with "glock18"
L 10/07/2019 - 12:46:10: Team "CT" triggered "CTs_Win" (CT "9") (T "6")
L 10/07/2019 - 12:46:10: World triggered "Round_End"
L 10/07/2019 - 12:46:15: World triggered "Round_Start"
L 10/07/2019 - 12:46:23: "Gho$T<2><VALVE_ID_LAN><TERRORIST>" killed "INDIO de ferias<1><VALVE_ID_LOOPBACK><CT>" with "glock18"
L 10/07/2019 - 12:46:27: "Calcas Peludas<5><VALVE_ID_LAN><CT>" killed "Gho$T<2><VALVE_ID_LAN><TERRORIST>" with "glock18"
L 10/07/2019 - 12:46:37: "CEIFADOR<13><VALVE_ID_LAN><TERRORIST>" killed "XXBOT Kyle<17><BOT><CT>" with "glock18"
L 10/07/2019 - 12:46:47: "Kratos-away<12><VALVE_ID_LAN><TERRORIST>" killed "Calcas Peludas<5><VALVE_ID_LAN><CT>" with "glock18"
L 10/07/2019 - 12:46:47: Team "TERRORIST" triggered "Terrorists_Win" (CT "9") (T "7")
L 10/07/2019 - 12:46:47: World triggered "Round_End"
L 10/07/2019 - 12:46:51: "Kratos-away<12><VALVE_ID_LAN><TERRORIST>" say_team "qu"
L 10/07/2019 - 12:46:52: World triggered "Round_Start"
L 10/07/2019 - 12:46:57: "INDIO de ferias<1><VALVE_ID_LOOPBACK><CT>" killed "CEIFADOR<13><VALVE_ID_LAN><TERRORIST>" with "glock18"
L 10/07/2019 - 12:46:58: "Gho$T<2><VALVE_ID_LAN><TERRORIST>" killed "XXBOT Kyle<17><BOT><CT>" with "glock18"
L 10/07/2019 - 12:47:04: "INDIO de ferias<1><VALVE_ID_LOOPBACK><CT>" killed "Gho$T<2><VALVE_ID_LAN><TERRORIST>" with "glock18"
L 10/07/2019 - 12:47:06: "INDIO de ferias<1><VALVE_ID_LOOPBACK><CT>" killed "Kratos-away<12><VALVE_ID_LAN><TERRORIST>" with "glock18"
L 10/07/2019 - 12:47:06: Team "CT" triggered "CTs_Win" (CT "10") (T "7")
L 10/07/2019 - 12:47:06: World triggered "Round_End"
L 10/07/2019 - 12:47:11: World triggered "Round_Start"
L 10/07/2019 - 12:47:15: "Gho$T<2><VALVE_ID_LAN><TERRORIST>" killed "INDIO de ferias<1><VALVE_ID_LOOPBACK><CT>" with "glock18"
L 10/07/2019 - 12:47:18: "XXBOT Kyle<17><BOT><CT>" killed "Kratos-away<12><VALVE_ID_LAN><TERRORIST>" with "glock18"
L 10/07/2019 - 12:47:19: "XXBOT Kyle<17><BOT><CT>" killed "Gho$T<2><VALVE_ID_LAN><TERRORIST>" with "glock18"
L 10/07/2019 - 12:47:20: "XXBOT Kyle<17><BOT><CT>" killed "CEIFADOR<13><VALVE_ID_LAN><TERRORIST>" with "glock18"
L 10/07/2019 - 12:47:20: Team "CT" triggered "CTs_Win" (CT "11") (T "7")
L 10/07/2019 - 12:47:20: World triggered "Round_End"
L 10/07/2019 - 12:47:23: "Kratos-away<12><VALVE_ID_LAN><TERRORIST>" say "prora " (dead)
L 10/07/2019 - 12:47:25: World triggered "Round_Start"
L 10/07/2019 - 12:47:31: "Kratos-away<12><VALVE_ID_LAN><TERRORIST>" killed "INDIO de ferias<1><VALVE_ID_LOOPBACK><CT>" with "glock18"
L 10/07/2019 - 12:47:31: "Calcas Peludas<5><VALVE_ID_LAN><CT>" killed "Gho$T<2><VALVE_ID_LAN><TERRORIST>" with "glock18"
L 10/07/2019 - 12:47:32: "CEIFADOR<13><VALVE_ID_LAN><TERRORIST>" killed "XXBOT Kyle<17><BOT><CT>" with "glock18"
L 10/07/2019 - 12:47:33: "Calcas Peludas<5><VALVE_ID_LAN><CT>" killed "Kratos-away<12><VALVE_ID_LAN><TERRORIST>" with "glock18"
L 10/07/2019 - 12:47:36: "CEIFADOR<13><VALVE_ID_LAN><TERRORIST>" killed "Calcas Peludas<5><VALVE_ID_LAN><CT>" with "glock18"
L 10/07/2019 - 12:47:36: Team "TERRORIST" triggered "Terrorists_Win" (CT "11") (T "8")
L 10/07/2019 - 12:47:36: World triggered "Round_End"
L 10/07/2019 - 12:47:41: World triggered "Round_Start"
L 10/07/2019 - 12:47:46: "Calcas Peludas<5><VALVE_ID_LAN><CT>" killed "Kratos-away<12><VALVE_ID_LAN><TERRORIST>" with "glock18"
L 10/07/2019 - 12:47:49: "Gho$T<2><VALVE_ID_LAN><TERRORIST>" killed "XXBOT Kyle<17><BOT><CT>" with "glock18"
L 10/07/2019 - 12:47:55: "INDIO de ferias<1><VALVE_ID_LOOPBACK><CT>" killed "CEIFADOR<13><VALVE_ID_LAN><TERRORIST>" with "glock18"
L 10/07/2019 - 12:47:58: "Calcas Peludas<5><VALVE_ID_LAN><CT>" killed "Gho$T<2><VALVE_ID_LAN><TERRORIST>" with "glock18"
L 10/07/2019 - 12:47:58: Team "CT" triggered "CTs_Win" (CT "12") (T "8")
L 10/07/2019 - 12:47:58: World triggered "Round_End"
L 10/07/2019 - 12:47:59: "Kratos-away<12><VALVE_ID_LAN><TERRORIST>" say_team "eles estao subindo sempre , se nao invadirmos logo ja era" (dead)
L 10/07/2019 - 12:48:03: World triggered "Round_Start"
L 10/07/2019 - 12:48:09: "CEIFADOR<13><VALVE_ID_LAN><TERRORIST>" killed "XXBOT Kyle<17><BOT><CT>" with "glock18"
L 10/07/2019 - 12:48:09: "INDIO de ferias<1><VALVE_ID_LOOPBACK><CT>" killed "Gho$T<2><VALVE_ID_LAN><TERRORIST>" with "glock18"
L 10/07/2019 - 12:48:15: "Calcas Peludas<5><VALVE_ID_LAN><CT>" killed "CEIFADOR<13><VALVE_ID_LAN><TERRORIST>" with "knife"
L 10/07/2019 - 12:48:25: "Kratos-away<12><VALVE_ID_LAN><TERRORIST>" killed "INDIO de ferias<1><VALVE_ID_LOOPBACK><CT>" with "glock18"
L 10/07/2019 - 12:48:30: "INDIO de ferias<1><VALVE_ID_LOOPBACK><CT>" say "kkkkk" (dead)
L 10/07/2019 - 12:48:33: "Kratos-away<12><VALVE_ID_LAN><TERRORIST>" killed "Calcas Peludas<5><VALVE_ID_LAN><CT>" with "glock18"
L 10/07/2019 - 12:48:33: Team "TERRORIST" triggered "Terrorists_Win" (CT "12") (T "9")
L 10/07/2019 - 12:48:33: World triggered "Round_End"
L 10/07/2019 - 12:48:38: World triggered "Round_Start"
L 10/07/2019 - 12:48:42: "INDIO de ferias<1><VALVE_ID_LOOPBACK><CT>" killed "CEIFADOR<13><VALVE_ID_LAN><TERRORIST>" with "glock18"
L 10/07/2019 - 12:48:48: "Gho$T<2><VALVE_ID_LAN><TERRORIST>" killed "XXBOT Kyle<17><BOT><CT>" with "glock18"
L 10/07/2019 - 12:48:53: "INDIO de ferias<1><VALVE_ID_LOOPBACK><CT>" killed "Kratos-away<12><VALVE_ID_LAN><TERRORIST>" with "glock18"
L 10/07/2019 - 12:48:58: "Gho$T<2><VALVE_ID_LAN><TERRORIST>" killed "Calcas Peludas<5><VALVE_ID_LAN><CT>" with "glock18"
L 10/07/2019 - 12:48:58: "Kratos-away<12><VALVE_ID_LAN><TERRORIST>" say "timeleft" (dead)
L 10/07/2019 - 12:49:02: "Gho$T<2><VALVE_ID_LAN><TERRORIST>" killed "INDIO de ferias<1><VALVE_ID_LOOPBACK><CT>" with "glock18"
L 10/07/2019 - 12:49:02: Team "TERRORIST" triggered "Terrorists_Win" (CT "12") (T "10")
L 10/07/2019 - 12:49:02: World triggered "Round_End"
L 10/07/2019 - 12:49:07: World triggered "Round_Start"
L 10/07/2019 - 12:49:13: "Calcas Peludas<5><VALVE_ID_LAN><CT>" killed "Kratos-away<12><VALVE_ID_LAN><TERRORIST>" with "glock18"
L 10/07/2019 - 12:49:19: "Gho$T<2><VALVE_ID_LAN><TERRORIST>" killed "INDIO de ferias<1><VALVE_ID_LOOPBACK><CT>" with "glock18"
L 10/07/2019 - 12:49:20: "Calcas Peludas<5><VALVE_ID_LAN><CT>" killed "CEIFADOR<13><VALVE_ID_LAN><TERRORIST>" with "glock18"
L 10/07/2019 - 12:49:23: "Gho$T<2><VALVE_ID_LAN><TERRORIST>" killed "Calcas Peludas<5><VALVE_ID_LAN><CT>" with "glock18"
L 10/07/2019 - 12:49:29: "Gho$T<2><VALVE_ID_LAN><TERRORIST>" killed "XXBOT Kyle<17><BOT><CT>" with "glock18"
L 10/07/2019 - 12:49:29: Team "TERRORIST" triggered "Terrorists_Win" (CT "12") (T "11")
L 10/07/2019 - 12:49:29: World triggered "Round_End"
L 10/07/2019 - 12:49:31: "Kratos-away<12><VALVE_ID_LAN><TERRORIST>" say_team "boa" (dead)
L 10/07/2019 - 12:49:32: "CEIFADOR<13><VALVE_ID_LAN><TERRORIST>" say_team "mapa" (dead)
L 10/07/2019 - 12:49:34: World triggered "Round_Start"
L 10/07/2019 - 12:49:35: "Calcas Peludas<5><VALVE_ID_LAN><CT>" say_team "faca no ceifador"
L 10/07/2019 - 12:49:36: Server cvar "amx_nextmap" = "aim_ak-colt_pool"
L 10/07/2019 - 12:49:43: "Kratos-away<12><VALVE_ID_LAN><TERRORIST>" killed "INDIO de ferias<1><VALVE_ID_LOOPBACK><CT>" with "glock18"
L 10/07/2019 - 12:49:46: "Kratos-away<12><VALVE_ID_LAN><TERRORIST>" killed "Calcas Peludas<5><VALVE_ID_LAN><CT>" with "glock18"
L 10/07/2019 - 12:49:53: "INDIO de ferias<1><VALVE_ID_LOOPBACK><CT>" say "ok" (dead)
L 10/07/2019 - 12:49:54: "Calcas Peludas<5><VALVE_ID_LAN><CT>" say_team "faca no ceifador indio" (dead)
L 10/07/2019 - 12:49:57: "Calcas Peludas<5><VALVE_ID_LAN><CT>" say_team "ok" (dead)
L 10/07/2019 - 12:49:59: "CEIFADOR<13><VALVE_ID_LAN><TERRORIST>" killed "XXBOT Kyle<17><BOT><CT>" with "glock18"
L 10/07/2019 - 12:49:59: Team "TERRORIST" triggered "Terrorists_Win" (CT "12") (T "12")
L 10/07/2019 - 12:49:59: World triggered "Round_End"
L 10/07/2019 - 12:50:03: "Kratos-away<12><VALVE_ID_LAN><TERRORIST>" say_team "mapa"
L 10/07/2019 - 12:50:04: World triggered "Round_Start"
L 10/07/2019 - 12:50:15: "Gho$T<2><VALVE_ID_LAN><TERRORIST>" killed "INDIO de ferias<1><VALVE_ID_LOOPBACK><CT>" with "glock18"
L 10/07/2019 - 12:50:17: "CEIFADOR<13><VALVE_ID_LAN><TERRORIST>" killed "XXBOT Kyle<17><BOT><CT>" with "glock18"
L 10/07/2019 - 12:50:18: "Kratos-away<12><VALVE_ID_LAN><TERRORIST>" killed "Calcas Peludas<5><VALVE_ID_LAN><CT>" with "glock18"
L 10/07/2019 - 12:50:18: Team "TERRORIST" triggered "Terrorists_Win" (CT "12") (T "13")
L 10/07/2019 - 12:50:18: World triggered "Round_End"
L 10/07/2019 - 12:50:23: World triggered "Round_Start"
L 10/07/2019 - 12:50:30: "INDIO de ferias<1><VALVE_ID_LOOPBACK><CT>" killed "Gho$T<2><VALVE_ID_LAN><TERRORIST>" with "glock18"
L 10/07/2019 - 12:50:35: "INDIO de ferias<1><VALVE_ID_LOOPBACK><CT>" killed "Kratos-away<12><VALVE_ID_LAN><TERRORIST>" with "glock18"
L 10/07/2019 - 12:50:39: "INDIO de ferias<1><VALVE_ID_LOOPBACK><CT>" killed "CEIFADOR<13><VALVE_ID_LAN><TERRORIST>" with "glock18"
L 10/07/2019 - 12:50:39: Team "CT" triggered "CTs_Win" (CT "13") (T "13")
L 10/07/2019 - 12:50:39: World triggered "Round_End"
L 10/07/2019 - 12:50:41: "Kratos-away<12><VALVE_ID_LAN><TERRORIST>" say_team "mapa" (dead)
L 10/07/2019 - 12:50:44: World triggered "Round_Start"
L 10/07/2019 - 12:50:51: "Kratos-away<12><VALVE_ID_LAN><TERRORIST>" killed "INDIO de ferias<1><VALVE_ID_LOOPBACK><CT>" with "glock18"
L 10/07/2019 - 12:50:54: "XXBOT Kyle<17><BOT><CT>" killed "Kratos-away<12><VALVE_ID_LAN><TERRORIST>" with "glock18"
L 10/07/2019 - 12:50:56: "Gho$T<2><VALVE_ID_LAN><TERRORIST>" killed "XXBOT Kyle<17><BOT><CT>" with "glock18"
L 10/07/2019 - 12:51:08: "Gho$T<2><VALVE_ID_LAN><TERRORIST>" killed "Calcas Peludas<5><VALVE_ID_LAN><CT>" with "glock18"
L 10/07/2019 - 12:51:08: Team "TERRORIST" triggered "Terrorists_Win" (CT "13") (T "14")
L 10/07/2019 - 12:51:08: World triggered "Round_End"
L 10/07/2019 - 12:51:11: "Kratos-away<12><VALVE_ID_LAN><TERRORIST>" say_team "fica" (dead)
L 10/07/2019 - 12:51:13: World triggered "Round_Start"
L 10/07/2019 - 12:51:13: "Kratos-away<12><VALVE_ID_LAN><TERRORIST>" say_team "forca eles virem"
L 10/07/2019 - 12:51:26: Team "CT" scored "13" with "3" players
L 10/07/2019 - 12:51:26: Team "TERRORIST" scored "14" with "3" players
L 10/07/2019 - 12:51:33: "Cap Billy<18><VALVE_ID_LAN><>" connected, address "10.15.2.199:27005"
L 10/07/2019 - 12:51:37: "INDIO de ferias<1><VALVE_ID_LOOPBACK><CT>" triggered "weaponstats" (weapon "glock18") (shots "345") (hits "130") (kills "22") (headshots "14") (tks "0") (damage "3194") (deaths "15")
L 10/07/2019 - 12:51:37: "INDIO de ferias<1><VALVE_ID_LOOPBACK><CT>" triggered "weaponstats2" (weapon "glock18") (head "30") (chest "14") (stomach "5") (leftarm "43") (rightarm "30") (leftleg "3") (rightleg "5")
L 10/07/2019 - 12:51:37: "INDIO de ferias<1><VALVE_ID_LOOPBACK><CT>" triggered "time" (time "10:42")
L 10/07/2019 - 12:51:37: "INDIO de ferias<1><VALVE_ID_LOOPBACK><CT>" triggered "latency" (ping "0")
L 10/07/2019 - 12:51:37: "Gho$T<2><VALVE_ID_LAN><TERRORIST>" triggered "weaponstats" (weapon "glock18") (shots "332") (hits "136") (kills "22") (headshots "12") (tks "0") (damage "2655") (deaths "17")
L 10/07/2019 - 12:51:37: "Gho$T<2><VALVE_ID_LAN><TERRORIST>" triggered "weaponstats2" (weapon "glock18") (head "24") (chest "17") (stomach "11") (leftarm "48") (rightarm "26") (leftleg "4") (rightleg "6")
L 10/07/2019 - 12:51:37: "Gho$T<2><VALVE_ID_LAN><TERRORIST>" triggered "time" (time "10:35")
L 10/07/2019 - 12:51:37: "Gho$T<2><VALVE_ID_LAN><TERRORIST>" triggered "latency" (ping "9")
L 10/07/2019 - 12:51:37: "Calcas Peludas<5><VALVE_ID_LAN><CT>" triggered "weaponstats" (weapon "glock18") (shots "310") (hits "108") (kills "18") (headshots "15") (tks "0") (damage "2489") (deaths "14")
L 10/07/2019 - 12:51:37: "Calcas Peludas<5><VALVE_ID_LAN><CT>" triggered "weaponstats2" (weapon "glock18") (head "25") (chest "15") (stomach "7") (leftarm "23") (rightarm "31") (leftleg "1") (rightleg "6")
L 10/07/2019 - 12:51:37: "Calcas Peludas<5><VALVE_ID_LAN><CT>" triggered "weaponstats" (weapon "knife") (shots "3") (hits "2") (kills "1") (headshots "0") (tks "0") (damage "110") (deaths "2")
L 10/07/2019 - 12:51:37: "Calcas Peludas<5><VALVE_ID_LAN><CT>" triggered "weaponstats2" (weapon "knife") (head "0") (chest "0") (stomach "1") (leftarm "0") (rightarm "1") (leftleg "0") (rightleg "0")
L 10/07/2019 - 12:51:37: "Calcas Peludas<5><VALVE_ID_LAN><CT>" triggered "time" (time "10:08")
L 10/07/2019 - 12:51:37: "Calcas Peludas<5><VALVE_ID_LAN><CT>" triggered "latency" (ping "11")
L 10/07/2019 - 12:51:37: "Kratos-away<12><VALVE_ID_LAN><TERRORIST>" triggered "weaponstats" (weapon "glock18") (shots "315") (hits "128") (kills "15") (headshots "10") (tks "0") (damage "2695") (deaths "15")
L 10/07/2019 - 12:51:37: "Kratos-away<12><VALVE_ID_LAN><TERRORIST>" triggered "weaponstats2" (weapon "glock18") (head "23") (chest "15") (stomach "9") (leftarm "49") (rightarm "31") (leftleg "0") (rightleg "1")
L 10/07/2019 - 12:51:37: "Kratos-away<12><VALVE_ID_LAN><TERRORIST>" triggered "weaponstats" (weapon "knife") (shots "4") (hits "2") (kills "2") (headshots "1") (tks "0") (damage "315") (deaths "4")
L 10/07/2019 - 12:51:37: "Kratos-away<12><VALVE_ID_LAN><TERRORIST>" triggered "weaponstats2" (weapon "knife") (head "1") (chest "0") (stomach "0") (leftarm "0") (rightarm "1") (leftleg "0") (rightleg "0")
L 10/07/2019 - 12:51:37: "Kratos-away<12><VALVE_ID_LAN><TERRORIST>" triggered "time" (time "9:51")
L 10/07/2019 - 12:51:37: "Kratos-away<12><VALVE_ID_LAN><TERRORIST>" triggered "latency" (ping "65")
L 10/07/2019 - 12:51:37: "CEIFADOR<13><VALVE_ID_LAN><TERRORIST>" triggered "weaponstats" (weapon "glock18") (shots "192") (hits "64") (kills "12") (headshots "9") (tks "0") (damage "1796") (deaths "14")
L 10/07/2019 - 12:51:37: "CEIFADOR<13><VALVE_ID_LAN><TERRORIST>" triggered "weaponstats2" (weapon "glock18") (head "20") (chest "6") (stomach "5") (leftarm "17") (rightarm "13") (leftleg "1") (rightleg "2")
L 10/07/2019 - 12:51:37: "CEIFADOR<13><VALVE_ID_LAN><TERRORIST>" triggered "weaponstats" (weapon "knife") (shots "4") (hits "1") (kills "0") (headshots "0") (tks "0") (damage "55") (deaths "3")
L 10/07/2019 - 12:51:37: "CEIFADOR<13><VALVE_ID_LAN><TERRORIST>" triggered "weaponstats2" (weapon "knife") (head "0") (chest "0") (stomach "0") (leftarm "1") (rightarm "0") (leftleg "0") (rightleg "0")
L 10/07/2019 - 12:51:37: "CEIFADOR<13><VALVE_ID_LAN><TERRORIST>" triggered "time" (time "9:36")
L 10/07/2019 - 12:51:37: "CEIFADOR<13><VALVE_ID_LAN><TERRORIST>" triggered "latency" (ping "9")
L 10/07/2019 - 12:51:37: [META] ini: Begin re-reading plugins list: c:/valve/cstrike/addons/metamod/plugins.ini
L 10/07/2019 - 12:51:37: [META] ini: Read plugin config for: AMX
L 10/07/2019 - 12:51:37: [META] ini: Read plugin config for: WinHL-Booster
L 10/07/2019 - 12:51:37: [META] ERROR: ini: Skipping plugin, couldn't stat file 'addons/hlguard/dlls/hlguard_mm_nightly.dll': No such file or directory
L 10/07/2019 - 12:51:37: [META] ini: Read plugin config for: WebMod
L 10/07/2019 - 12:51:37: [META] ini: Finished reading plugins list: c:/valve/cstrike/addons/metamod/plugins.ini; Found 3 plugins
L 10/07/2019 - 12:51:37: [META] dll: Updating plugins...
L 10/07/2019 - 12:51:37: [META] ERROR: dll: Failed query plugin '<hlguard_mm_nightly.dll>'; Couldn't open file 'addons/hlguard/dlls/hlguard_mm_nightly.dll': Não foi possível encontrar o módulo especificado.

L 10/07/2019 - 12:51:37: [META] ERROR: dll: Skipping plugin '<hlguard_mm_nightly.dll>'; couldn't query
L 10/07/2019 - 12:51:37: [META] dll: Finished updating 6 plugins; kept 3, loaded 0, unloaded 0, reloaded 0, delayed 0
L 10/07/2019 - 12:51:37: Log file closed
