L 10/07/2019 - 12:51:45: Log file started (file "logs\L1007003.log") (game "cstrike") (version "47/1.1.2.2/2603")
L 10/07/2019 - 12:51:45: Loading map "cs_deagle5"
L 10/07/2019 - 12:51:45: Server cvars start
L 10/07/2019 - 12:51:45: Server cvar "_tutor_bomb_viewable_check_interval" = "0.5"
L 10/07/2019 - 12:51:45: Server cvar "_tutor_debug_level" = "0"
L 10/07/2019 - 12:51:45: Server cvar "_tutor_examine_time" = "0.5"
L 10/07/2019 - 12:51:45: Server cvar "_tutor_hint_interval_time" = "10.0"
L 10/07/2019 - 12:51:45: Server cvar "_tutor_look_angle" = "10"
L 10/07/2019 - 12:51:45: Server cvar "_tutor_look_distance" = "200"
L 10/07/2019 - 12:51:45: Server cvar "_tutor_message_character_display_time_coefficient" = "0.07"
L 10/07/2019 - 12:51:45: Server cvar "_tutor_message_minimum_display_time" = "1"
L 10/07/2019 - 12:51:45: Server cvar "_tutor_message_repeats" = "5"
L 10/07/2019 - 12:51:45: Server cvar "_tutor_view_distance" = "1000"
L 10/07/2019 - 12:51:45: Server cvar "allow_spectators" = "1.0"
L 10/07/2019 - 12:51:45: Server cvar "amx_modules" = "2"
L 10/07/2019 - 12:51:45: Server cvar "amx_nextmap" = "aim_pistol"
L 10/07/2019 - 12:51:45: Server cvar "amx_timeleft" = "09:51"
L 10/07/2019 - 12:51:45: Server cvar "amx_version" = "2006.3"
L 10/07/2019 - 12:51:45: Server cvar "booster_version" = "1.60"
L 10/07/2019 - 12:51:45: Server cvar "bot_allow_grenades" = "1"
L 10/07/2019 - 12:51:45: Server cvar "bot_allow_machine_guns" = "1"
L 10/07/2019 - 12:51:45: Server cvar "bot_allow_pistols" = "1"
L 10/07/2019 - 12:51:45: Server cvar "bot_allow_rifles" = "1"
L 10/07/2019 - 12:51:45: Server cvar "bot_allow_rogues" = "1"
L 10/07/2019 - 12:51:45: Server cvar "bot_allow_shield" = "1"
L 10/07/2019 - 12:51:45: Server cvar "bot_allow_shotguns" = "1"
L 10/07/2019 - 12:51:45: Server cvar "bot_allow_snipers" = "1"
L 10/07/2019 - 12:51:45: Server cvar "bot_allow_sub_machine_guns" = "1"
L 10/07/2019 - 12:51:45: Server cvar "bot_auto_vacate" = "1"
L 10/07/2019 - 12:51:45: Server cvar "bot_chatter" = "normal"
L 10/07/2019 - 12:51:45: Server cvar "bot_debug" = "0"
L 10/07/2019 - 12:51:45: Server cvar "bot_defer_to_human" = "0"
L 10/07/2019 - 12:51:45: Server cvar "bot_difficulty" = "3"
L 10/07/2019 - 12:51:45: Server cvar "bot_join_after_player" = "1"
L 10/07/2019 - 12:51:45: Server cvar "bot_join_team" = "t"
L 10/07/2019 - 12:51:45: Server cvar "bot_nav_edit" = "0"
L 10/07/2019 - 12:51:45: Server cvar "bot_nav_zdraw" = "4"
L 10/07/2019 - 12:51:45: Server cvar "bot_prefix" = "XXBOT"
L 10/07/2019 - 12:51:45: Server cvar "bot_quicksave" = "0"
L 10/07/2019 - 12:51:45: Server cvar "bot_quota" = "1"
L 10/07/2019 - 12:51:45: Server cvar "bot_quota_match" = "0"
L 10/07/2019 - 12:51:45: Server cvar "bot_show_danger" = "0"
L 10/07/2019 - 12:51:45: Server cvar "bot_show_nav" = "0"
L 10/07/2019 - 12:51:45: Server cvar "bot_stop" = "0"
L 10/07/2019 - 12:51:45: Server cvar "bot_traceview" = "0"
L 10/07/2019 - 12:51:45: Server cvar "bot_walk" = "0"
L 10/07/2019 - 12:51:45: Server cvar "bot_zombie" = "0"
L 10/07/2019 - 12:51:45: Server cvar "coop" = "0"
L 10/07/2019 - 12:51:45: Server cvar "deathmatch" = "1"
L 10/07/2019 - 12:51:45: Server cvar "decalfrequency" = "30"
L 10/07/2019 - 12:51:45: Server cvar "edgefriction" = "2"
L 10/07/2019 - 12:51:45: Server cvar "fun_version" = "2006.3"
L 10/07/2019 - 12:51:45: Server cvar "humans_join_team" = "any"
L 10/07/2019 - 12:51:45: Server cvar "max_queries_sec" = "3.0"
L 10/07/2019 - 12:51:45: Server cvar "max_queries_sec_global" = "30"
L 10/07/2019 - 12:51:45: Server cvar "max_queries_window" = "60"
L 10/07/2019 - 12:51:45: Server cvar "metamod_version" = "1.19"
L 10/07/2019 - 12:51:45: Server cvar "mp_allowmonsters" = "0"
L 10/07/2019 - 12:51:45: Server cvar "mp_autokick" = "0"
L 10/07/2019 - 12:51:45: Server cvar "mp_autoteambalance" = "0"
L 10/07/2019 - 12:51:45: Server cvar "mp_buytime" = "1.500000"
L 10/07/2019 - 12:51:45: Server cvar "mp_c4timer" = "45"
L 10/07/2019 - 12:51:45: Server cvar "mp_chattime" = "10"
L 10/07/2019 - 12:51:45: Server cvar "mp_consistency" = "1"
L 10/07/2019 - 12:51:45: Server cvar "mp_fadetoblack" = "0"
L 10/07/2019 - 12:51:45: Server cvar "mp_flashlight" = "0"
L 10/07/2019 - 12:51:45: Server cvar "mp_footsteps" = "1"
L 10/07/2019 - 12:51:45: Server cvar "mp_forcecamera" = "2"
L 10/07/2019 - 12:51:45: Server cvar "mp_forcechasecam" = "0"
L 10/07/2019 - 12:51:45: Server cvar "mp_fragsleft" = "0"
L 10/07/2019 - 12:51:45: Server cvar "mp_freezetime" = "0.000000"
L 10/07/2019 - 12:51:45: Server cvar "mp_friendlyfire" = "1"
L 10/07/2019 - 12:51:45: Server cvar "mp_ghostfrequency" = "0.1"
L 10/07/2019 - 12:51:45: Server cvar "mp_hostagepenalty" = "5.000000"
L 10/07/2019 - 12:51:45: Server cvar "mp_kickpercent" = "0.66"
L 10/07/2019 - 12:51:45: Server cvar "mp_limitteams" = "0"
L 10/07/2019 - 12:51:45: Server cvar "mp_logdetail" = "0"
L 10/07/2019 - 12:51:45: Server cvar "mp_logfile" = "1"
L 10/07/2019 - 12:51:45: Server cvar "mp_logmessages" = "1"
L 10/07/2019 - 12:51:45: Server cvar "mp_mapvoteratio" = "0.66"
L 10/07/2019 - 12:51:45: Server cvar "mp_maxrounds" = "0.000000"
L 10/07/2019 - 12:51:45: Server cvar "mp_mirrordamage" = "0"
L 10/07/2019 - 12:51:45: Server cvar "mp_playerid" = "0"
L 10/07/2019 - 12:51:45: Server cvar "mp_roundtime" = "2.000000"
L 10/07/2019 - 12:51:45: Server cvar "mp_startmoney" = "1500.000000"
L 10/07/2019 - 12:51:45: Server cvar "mp_timeleft" = "0"
L 10/07/2019 - 12:51:45: Server cvar "mp_timelimit" = "10"
L 10/07/2019 - 12:51:45: Server cvar "mp_tkpunish" = "1"
L 10/07/2019 - 12:51:45: Server cvar "mp_windifference" = "1"
L 10/07/2019 - 12:51:45: Server cvar "mp_winlimit" = "0.000000"
L 10/07/2019 - 12:51:45: Server cvar "pausable" = "0"
L 10/07/2019 - 12:51:45: Server cvar "server_fps" = "61"
L 10/07/2019 - 12:51:45: Server cvar "sv_accelerate" = "5"
L 10/07/2019 - 12:51:45: Server cvar "sv_aim" = "0"
L 10/07/2019 - 12:51:45: Server cvar "sv_airaccelerate" = "10"
L 10/07/2019 - 12:51:45: Server cvar "sv_airmove" = "1"
L 10/07/2019 - 12:51:45: Server cvar "sv_allowupload" = "1"
L 10/07/2019 - 12:51:45: Server cvar "sv_alltalk" = "0"
L 10/07/2019 - 12:51:45: Server cvar "sv_bounce" = "1"
L 10/07/2019 - 12:51:45: Server cvar "sv_cheats" = "0"
L 10/07/2019 - 12:51:45: Server cvar "sv_clienttrace" = "1"
L 10/07/2019 - 12:51:45: Server cvar "sv_clipmode" = "0"
L 10/07/2019 - 12:51:45: Server cvar "sv_contact" = ""
L 10/07/2019 - 12:51:45: Server cvar "sv_friction" = "4"
L 10/07/2019 - 12:51:45: Server cvar "sv_gravity" = "800"
L 10/07/2019 - 12:51:45: Server cvar "sv_logblocks" = "0"
L 10/07/2019 - 12:51:45: Server cvar "sv_maxrate" = "0"
L 10/07/2019 - 12:51:45: Server cvar "sv_maxspeed" = "320"
L 10/07/2019 - 12:51:45: Server cvar "sv_minrate" = "0"
L 10/07/2019 - 12:51:45: Server cvar "sv_password" = ""
L 10/07/2019 - 12:51:45: Server cvar "sv_proxies" = "1"
L 10/07/2019 - 12:51:45: Server cvar "sv_region" = "-1"
L 10/07/2019 - 12:51:45: Server cvar "sv_restart" = "0"
L 10/07/2019 - 12:51:45: Server cvar "sv_restartround" = "0"
L 10/07/2019 - 12:51:45: Server cvar "sv_stepsize" = "18"
L 10/07/2019 - 12:51:45: Server cvar "sv_stopspeed" = "75"
L 10/07/2019 - 12:51:45: Server cvar "sv_voiceenable" = "1"
L 10/07/2019 - 12:51:45: Server cvar "sv_wateraccelerate" = "10"
L 10/07/2019 - 12:51:45: Server cvar "sv_waterfriction" = "1"
L 10/07/2019 - 12:51:45: Server cvar "sys_ticrate" = "10000"
L 10/07/2019 - 12:51:45: Server cvar "w_version" = "0.48"
L 10/07/2019 - 12:51:45: Server cvars end
L 10/07/2019 - 12:51:45: Server cvar "sv_maxspeed" = "900"
L 10/07/2019 - 12:51:45: Server cvar "bot_difficulty" = "2"
L 10/07/2019 - 12:51:45: Server cvar "mp_timelimit" = "5.000000"
L 10/07/2019 - 12:51:45: Server cvar "sv_maxspeed" = "320"
L 10/07/2019 - 12:51:45: Server cvar "amx_nextmap" = "fy_pool2k"
L 10/07/2019 - 12:51:45: Started map "cs_deagle5" (CRC "-1198965124")
L 10/07/2019 - 12:51:55: "INDIO de ferias<22><VALVE_ID_LOOPBACK><>" connected, address "loopback"
L 10/07/2019 - 12:51:56: "INDIO de ferias<22><VALVE_ID_LOOPBACK><>" entered the game
L 10/07/2019 - 12:51:56: World triggered "Round_Start"
L 10/07/2019 - 12:51:56: "Gho$T<23><VALVE_ID_LAN><>" connected, address "10.15.2.123:27005"
L 10/07/2019 - 12:51:57: "CEIFADOR<24><VALVE_ID_LAN><>" connected, address "10.15.2.38:27005"
L 10/07/2019 - 12:51:59: "Gho$T<23><VALVE_ID_LAN><>" entered the game
L 10/07/2019 - 12:52:00: "CEIFADOR<24><VALVE_ID_LAN><>" entered the game
L 10/07/2019 - 12:52:01: "Gho$T<23><VALVE_ID_LAN><>" joined team "TERRORIST"
L 10/07/2019 - 12:52:01: "XXBOT Erik<25><BOT><>" joined team "TERRORIST"
L 10/07/2019 - 12:52:01: "CEIFADOR<24><VALVE_ID_LAN><>" joined team "TERRORIST"
L 10/07/2019 - 12:52:01: "XXBOT Erik<25><BOT><>" entered the game
L 10/07/2019 - 12:52:03: "Calcas Peludas<26><VALVE_ID_LAN><>" connected, address "10.15.2.230:27005"
L 10/07/2019 - 12:52:05: "Kratos-away<27><VALVE_ID_LAN><>" connected, address "10.15.4.1:27005"
L 10/07/2019 - 12:52:05: Server cvar "mp_timelimit" = "10"
L 10/07/2019 - 12:52:06: "Calcas Peludas<26><VALVE_ID_LAN><>" entered the game
L 10/07/2019 - 12:52:06: "Calcas Peludas<26><VALVE_ID_LAN><>" joined team "TERRORIST"
L 10/07/2019 - 12:52:09: "Kratos-away<27><VALVE_ID_LAN><>" entered the game
L 10/07/2019 - 12:52:10: "INDIO de ferias<22><VALVE_ID_LOOPBACK><>" joined team "CT"
L 10/07/2019 - 12:52:10: "Kratos-away<27><VALVE_ID_LAN><>" joined team "TERRORIST"
L 10/07/2019 - 12:52:11: World triggered "Game_Commencing"
L 10/07/2019 - 12:52:11: World triggered "Game_Commencing" (CT "0") (T "0")
L 10/07/2019 - 12:52:11: World triggered "Round_End"
L 10/07/2019 - 12:52:12: "Cap Billy<28><VALVE_ID_LAN><>" connected, address "10.15.2.199:27005"
L 10/07/2019 - 12:52:14: World triggered "Round_Start"
L 10/07/2019 - 12:52:15: "Cap Billy<28><VALVE_ID_LAN><>" entered the game
L 10/07/2019 - 12:52:18: "Cap Billy<28><VALVE_ID_LAN><>" joined team "CT"
L 10/07/2019 - 12:52:18: "Gho$T<23><VALVE_ID_LAN><TERRORIST>" say "tu e ct calcas"
L 10/07/2019 - 12:52:19: "INDIO de ferias<22><VALVE_ID_LOOPBACK><CT>" killed "Kratos-away<27><VALVE_ID_LAN><TERRORIST>" with "deagle"
L 10/07/2019 - 12:52:21: "Calcas Peludas<26><VALVE_ID_LAN><TERRORIST>" killed "INDIO de ferias<22><VALVE_ID_LOOPBACK><CT>" with "deagle"
L 10/07/2019 - 12:52:24: Server cvar "bot_quota" = "0"
L 10/07/2019 - 12:52:24: Kick: "XXBOT Erik<25><UNKNOWN><>" was kicked by "INDIO de ferias"
L 10/07/2019 - 12:52:24: "XXBOT Erik<25><BOT><TERRORIST>" disconnected
L 10/07/2019 - 12:52:25: "Cap Billy<28><VALVE_ID_LAN><CT>" killed "Calcas Peludas<26><VALVE_ID_LAN><TERRORIST>" with "deagle"
L 10/07/2019 - 12:52:28: "Gho$T<23><VALVE_ID_LAN><TERRORIST>" killed "Cap Billy<28><VALVE_ID_LAN><CT>" with "deagle"
L 10/07/2019 - 12:52:28: Team "TERRORIST" triggered "Terrorists_Win" (CT "0") (T "1")
L 10/07/2019 - 12:52:28: World triggered "Round_End"
L 10/07/2019 - 12:52:30: "XXBOT Xavier<29><BOT><>" joined team "CT"
L 10/07/2019 - 12:52:30: Server cvar "bot_quota" = "1"
L 10/07/2019 - 12:52:30: "XXBOT Xavier<29><BOT><>" entered the game
L 10/07/2019 - 12:52:33: World triggered "Round_Start"
L 10/07/2019 - 12:52:35: "XXBOT John<30><BOT><>" joined team "CT"
L 10/07/2019 - 12:52:35: Server cvar "bot_quota" = "2"
L 10/07/2019 - 12:52:35: "XXBOT John<30><BOT><>" entered the game
L 10/07/2019 - 12:52:41: "Calcas Peludas<26><VALVE_ID_LAN><TERRORIST>" killed "INDIO de ferias<22><VALVE_ID_LOOPBACK><CT>" with "deagle"
L 10/07/2019 - 12:52:45: "INDIO de ferias<22><VALVE_ID_LOOPBACK><CT>" say_team "naoa leve faca" (dead)
L 10/07/2019 - 12:52:47: "Gho$T<23><VALVE_ID_LAN><TERRORIST>" killed "XXBOT John<30><BOT><CT>" with "deagle"
L 10/07/2019 - 12:52:51: "INDIO de ferias<22><VALVE_ID_LOOPBACK><CT>" say "no" (dead)
L 10/07/2019 - 12:52:53: "Kratos-away<27><VALVE_ID_LAN><TERRORIST>" killed "Cap Billy<28><VALVE_ID_LAN><CT>" with "deagle"
L 10/07/2019 - 12:52:56: "INDIO de ferias<22><VALVE_ID_LOOPBACK><CT>" say_team "nao leve faca" (dead)
L 10/07/2019 - 12:53:02: "INDIO de ferias<22><VALVE_ID_LOOPBACK><CT>" say_team " nao leve faca" (dead)
L 10/07/2019 - 12:53:02: "Kratos-away<27><VALVE_ID_LAN><TERRORIST>" killed "XXBOT Xavier<29><BOT><CT>" with "deagle"
L 10/07/2019 - 12:53:02: Team "TERRORIST" triggered "Terrorists_Win" (CT "0") (T "2")
L 10/07/2019 - 12:53:02: World triggered "Round_End"
L 10/07/2019 - 12:53:07: "Calcas Peludas<26><VALVE_ID_LAN><TERRORIST>" committed suicide with "world"
L 10/07/2019 - 12:53:07: "Calcas Peludas<26><VALVE_ID_LAN><TERRORIST>" joined team "CT"
L 10/07/2019 - 12:53:07: World triggered "Round_Start"
L 10/07/2019 - 12:53:08: "INDIO de ferias<22><VALVE_ID_LOOPBACK><CT>" say_team " spoiso"
L 10/07/2019 - 12:53:13: "Cap Billy<28><VALVE_ID_LAN><CT>" say_team "eu>"
L 10/07/2019 - 12:53:16: "Kratos-away<27><VALVE_ID_LAN><TERRORIST>" killed "INDIO de ferias<22><VALVE_ID_LOOPBACK><CT>" with "deagle"
L 10/07/2019 - 12:53:20: Server cvar "bot_quota" = "1"
L 10/07/2019 - 12:53:20: Server cvar "bot_quota" = "0"
L 10/07/2019 - 12:53:20: Kick: "XXBOT Xavier<29><UNKNOWN><>" was kicked by "INDIO de ferias"
L 10/07/2019 - 12:53:20: "XXBOT Xavier<29><BOT><CT>" disconnected
L 10/07/2019 - 12:53:20: Kick: "XXBOT John<30><UNKNOWN><>" was kicked by "INDIO de ferias"
L 10/07/2019 - 12:53:20: "XXBOT John<30><BOT><CT>" disconnected
L 10/07/2019 - 12:53:23: "Cap Billy<28><VALVE_ID_LAN><CT>" killed "Kratos-away<27><VALVE_ID_LAN><TERRORIST>" with "deagle"
L 10/07/2019 - 12:53:28: "Kratos-away<27><VALVE_ID_LAN><TERRORIST>" say "porra eh" (dead)
L 10/07/2019 - 12:53:35: "INDIO de ferias<22><VALVE_ID_LOOPBACK><CT>" say_team "voce capiatao" (dead)
L 10/07/2019 - 12:53:36: "Calcas Peludas<26><VALVE_ID_LAN><CT>" killed "Gho$T<23><VALVE_ID_LAN><TERRORIST>" with "deagle"
L 10/07/2019 - 12:53:41: "Cap Billy<28><VALVE_ID_LAN><CT>" killed "CEIFADOR<24><VALVE_ID_LAN><TERRORIST>" with "deagle"
L 10/07/2019 - 12:53:41: Team "CT" triggered "CTs_Win" (CT "1") (T "2")
L 10/07/2019 - 12:53:41: World triggered "Round_End"
L 10/07/2019 - 12:53:42: "INDIO de ferias<22><VALVE_ID_LOOPBACK><CT>" say_team " so nao levfe faca" (dead)
L 10/07/2019 - 12:53:45: "Kratos-away<27><VALVE_ID_LAN><TERRORIST>" say_team "juntos" (dead)
L 10/07/2019 - 12:53:45: "Gho$T<23><VALVE_ID_LAN><TERRORIST>" say_team "faca no cap" (dead)
L 10/07/2019 - 12:53:46: World triggered "Round_Start"
L 10/07/2019 - 12:53:51: "Cap Billy<28><VALVE_ID_LAN><CT>" killed "Gho$T<23><VALVE_ID_LAN><TERRORIST>" with "deagle"
L 10/07/2019 - 12:53:51: "Cap Billy<28><VALVE_ID_LAN><CT>" killed "CEIFADOR<24><VALVE_ID_LAN><TERRORIST>" with "deagle"
L 10/07/2019 - 12:53:55: "Calcas Peludas<26><VALVE_ID_LAN><CT>" killed "Kratos-away<27><VALVE_ID_LAN><TERRORIST>" with "deagle"
L 10/07/2019 - 12:53:55: Team "CT" triggered "CTs_Win" (CT "2") (T "2")
L 10/07/2019 - 12:53:55: World triggered "Round_End"
L 10/07/2019 - 12:54:00: World triggered "Round_Start"
L 10/07/2019 - 12:54:06: "Gho$T<23><VALVE_ID_LAN><TERRORIST>" killed "Calcas Peludas<26><VALVE_ID_LAN><CT>" with "deagle"
L 10/07/2019 - 12:54:09: "Cap Billy<28><VALVE_ID_LAN><CT>" killed "Gho$T<23><VALVE_ID_LAN><TERRORIST>" with "knife"
L 10/07/2019 - 12:54:11: "Cap Billy<28><VALVE_ID_LAN><CT>" killed "CEIFADOR<24><VALVE_ID_LAN><TERRORIST>" with "deagle"
L 10/07/2019 - 12:54:12: "Calcas Peludas<26><VALVE_ID_LAN><CT>" say "ui nega" (dead)
L 10/07/2019 - 12:54:15: "Gho$T<23><VALVE_ID_LAN><TERRORIST>" say "gay" (dead)
L 10/07/2019 - 12:54:16: "Kratos-away<27><VALVE_ID_LAN><TERRORIST>" killed "INDIO de ferias<22><VALVE_ID_LOOPBACK><CT>" with "deagle"
L 10/07/2019 - 12:54:26: "Cap Billy<28><VALVE_ID_LAN><CT>" killed "Kratos-away<27><VALVE_ID_LAN><TERRORIST>" with "deagle"
L 10/07/2019 - 12:54:26: Team "CT" triggered "CTs_Win" (CT "3") (T "2")
L 10/07/2019 - 12:54:26: World triggered "Round_End"
L 10/07/2019 - 12:54:28: "Calcas Peludas<26><VALVE_ID_LAN><CT>" say "ai" (dead)
L 10/07/2019 - 12:54:31: World triggered "Round_Start"
L 10/07/2019 - 12:54:31: "INDIO de ferias<22><VALVE_ID_LOOPBACK><CT>" say_team "cuidadao"
L 10/07/2019 - 12:54:37: "CEIFADOR<24><VALVE_ID_LAN><TERRORIST>" killed "INDIO de ferias<22><VALVE_ID_LOOPBACK><CT>" with "deagle"
L 10/07/2019 - 12:54:40: "Calcas Peludas<26><VALVE_ID_LAN><CT>" killed "Kratos-away<27><VALVE_ID_LAN><TERRORIST>" with "deagle"
L 10/07/2019 - 12:54:45: "Cap Billy<28><VALVE_ID_LAN><CT>" killed "Gho$T<23><VALVE_ID_LAN><TERRORIST>" with "deagle"
L 10/07/2019 - 12:54:51: "Gho$T<23><VALVE_ID_LAN><TERRORIST>" say_team "tocaia" (dead)
L 10/07/2019 - 12:54:56: Log file closed
