L 10/09/2019 - 12:39:44: Log file started (file "logs\L1009003.log") (game "cstrike") (version "47/1.1.2.2/2603")
L 10/09/2019 - 12:39:45: "Cap Billy<22><VALVE_ID_LAN><>" joined team "CT"
L 10/09/2019 - 12:39:45: "Kitkat<19><VALVE_ID_LAN><>" joined team "TERRORIST"
L 10/09/2019 - 12:39:45: World triggered "Game_Commencing"
L 10/09/2019 - 12:39:45: World triggered "Game_Commencing" (CT "0") (T "0")
L 10/09/2019 - 12:39:45: World triggered "Round_End"
L 10/09/2019 - 12:39:45: "Calcas Peludas<23><VALVE_ID_LAN><>" joined team "TERRORIST"
L 10/09/2019 - 12:39:45: "Jack<25><VALVE_ID_LAN><>" connected, address "10.15.2.45:27005"
L 10/09/2019 - 12:39:45: "Gho$T<21><VALVE_ID_LAN><>" joined team "TERRORIST"
L 10/09/2019 - 12:39:46: "DareDevil<20><VALVE_ID_LAN><>" joined team "CT"
L 10/09/2019 - 12:39:47: "INDIO de ferias<24><VALVE_ID_LAN><>" entered the game
L 10/09/2019 - 12:39:48: World triggered "Round_Start"
L 10/09/2019 - 12:39:48: "Jack<25><VALVE_ID_LAN><>" entered the game
L 10/09/2019 - 12:39:48: "Smolder<26><VALVE_ID_LAN><>" connected, address "10.15.2.111:27005"
L 10/09/2019 - 12:39:49: "INDIO de ferias<24><VALVE_ID_LAN><>" joined team "CT"
L 10/09/2019 - 12:39:50: "Jack<25><VALVE_ID_LAN><>" joined team "CT"
L 10/09/2019 - 12:39:50: "DareDevil<20><VALVE_ID_LAN><CT>" say "boa tarde ghost"
L 10/09/2019 - 12:39:51: "Smolder<26><VALVE_ID_LAN><>" entered the game
L 10/09/2019 - 12:39:53: "@te<27><VALVE_ID_LAN><>" connected, address "10.15.2.86:27005"
L 10/09/2019 - 12:39:53: "Smolder<26><VALVE_ID_LAN><>" joined team "TERRORIST"
L 10/09/2019 - 12:39:56: "Kitkat<19><VALVE_ID_LAN><TERRORIST>" killed "INDIO de ferias<24><VALVE_ID_LAN><CT>" with "glock18"
L 10/09/2019 - 12:39:57: "@te<27><VALVE_ID_LAN><>" entered the game
L 10/09/2019 - 12:39:58: "Jack<25><VALVE_ID_LAN><CT>" killed "Gho$T<21><VALVE_ID_LAN><TERRORIST>" with "glock18"
L 10/09/2019 - 12:39:59: "CEIFADOR<18><VALVE_ID_LOOPBACK><TERRORIST>" killed "DareDevil<20><VALVE_ID_LAN><CT>" with "glock18"
L 10/09/2019 - 12:40:00: "Calcas Peludas<23><VALVE_ID_LAN><TERRORIST>" killed "Jack<25><VALVE_ID_LAN><CT>" with "glock18"
L 10/09/2019 - 12:40:00: "Cap Billy<22><VALVE_ID_LAN><CT>" killed "CEIFADOR<18><VALVE_ID_LOOPBACK><TERRORIST>" with "glock18"
L 10/09/2019 - 12:40:00: "Cap Billy<22><VALVE_ID_LAN><CT>" killed "Calcas Peludas<23><VALVE_ID_LAN><TERRORIST>" with "glock18"
L 10/09/2019 - 12:40:02: "Gho$T<21><VALVE_ID_LAN><TERRORIST>" say "es louco" (dead)
L 10/09/2019 - 12:40:06: "@te<27><VALVE_ID_LAN><>" joined team "CT"
L 10/09/2019 - 12:40:07: "Cap Billy<22><VALVE_ID_LAN><CT>" killed "Kitkat<19><VALVE_ID_LAN><TERRORIST>" with "glock18"
L 10/09/2019 - 12:40:07: "Gho$T<21><VALVE_ID_LAN><TERRORIST>" say "foi em mim nao" (dead)
L 10/09/2019 - 12:40:07: "Smolder<26><VALVE_ID_LAN><TERRORIST>" killed "Cap Billy<22><VALVE_ID_LAN><CT>" with "glock18"
L 10/09/2019 - 12:40:07: Team "TERRORIST" triggered "Terrorists_Win" (CT "0") (T "1")
L 10/09/2019 - 12:40:07: World triggered "Round_End"
L 10/09/2019 - 12:40:12: World triggered "Round_Start"
L 10/09/2019 - 12:40:13: "Cap Billy<22><VALVE_ID_LAN><CT>" say_team "FACA NA KITKAT!"
L 10/09/2019 - 12:40:14: "INDIO de ferias<24><VALVE_ID_LAN><CT>" say "boa tarde"
L 10/09/2019 - 12:40:19: "Smolder<26><VALVE_ID_LAN><TERRORIST>" killed "INDIO de ferias<24><VALVE_ID_LAN><CT>" with "glock18"
L 10/09/2019 - 12:40:20: "CEIFADOR<18><VALVE_ID_LOOPBACK><TERRORIST>" killed "@te<27><VALVE_ID_LAN><CT>" with "glock18"
L 10/09/2019 - 12:40:21: "Cap Billy<22><VALVE_ID_LAN><CT>" killed "Calcas Peludas<23><VALVE_ID_LAN><TERRORIST>" with "glock18"
L 10/09/2019 - 12:40:23: "Gho$T<21><VALVE_ID_LAN><TERRORIST>" killed "DareDevil<20><VALVE_ID_LAN><CT>" with "glock18"
L 10/09/2019 - 12:40:24: "Jack<25><VALVE_ID_LAN><CT>" killed "Smolder<26><VALVE_ID_LAN><TERRORIST>" with "glock18"
L 10/09/2019 - 12:40:26: "Gho$T<21><VALVE_ID_LAN><TERRORIST>" killed "Cap Billy<22><VALVE_ID_LAN><CT>" with "glock18"
L 10/09/2019 - 12:40:26: "Jack<25><VALVE_ID_LAN><CT>" killed "Gho$T<21><VALVE_ID_LAN><TERRORIST>" with "glock18"
L 10/09/2019 - 12:40:33: "Jack<25><VALVE_ID_LAN><CT>" killed "CEIFADOR<18><VALVE_ID_LOOPBACK><TERRORIST>" with "glock18"
L 10/09/2019 - 12:40:34: "Calcas Peludas<23><VALVE_ID_LAN><TERRORIST>" say_team "faca no capitao" (dead)
L 10/09/2019 - 12:40:37: "Gho$T<21><VALVE_ID_LAN><TERRORIST>" say_team "kitkat se proteja" (dead)
L 10/09/2019 - 12:40:38: "Smolder<26><VALVE_ID_LAN><TERRORIST>" say_team "ok" (dead)
L 10/09/2019 - 12:40:39: "Calcas Peludas<23><VALVE_ID_LAN><TERRORIST>" say_team "nao queremos mapa" (dead)
L 10/09/2019 - 12:40:41: "Jack<25><VALVE_ID_LAN><CT>" killed "Kitkat<19><VALVE_ID_LAN><TERRORIST>" with "glock18"
L 10/09/2019 - 12:40:41: Team "CT" triggered "CTs_Win" (CT "1") (T "1")
L 10/09/2019 - 12:40:41: World triggered "Round_End"
L 10/09/2019 - 12:40:42: "Cap Billy<22><VALVE_ID_LAN><CT>" say "boa tarde no smolder" (dead)
L 10/09/2019 - 12:40:42: "DareDevil<20><VALVE_ID_LAN><CT>" say "foi no smolder" (dead)
L 10/09/2019 - 12:40:45: "DareDevil<20><VALVE_ID_LAN><CT>" say "boa tarde smolder" (dead)
L 10/09/2019 - 12:40:46: World triggered "Round_Start"
L 10/09/2019 - 12:40:54: "Gho$T<21><VALVE_ID_LAN><TERRORIST>" killed "Jack<25><VALVE_ID_LAN><CT>" with "glock18"
L 10/09/2019 - 12:40:54: "Smolder<26><VALVE_ID_LAN><TERRORIST>" killed "INDIO de ferias<24><VALVE_ID_LAN><CT>" with "glock18"
L 10/09/2019 - 12:40:56: "DareDevil<20><VALVE_ID_LAN><CT>" killed "Calcas Peludas<23><VALVE_ID_LAN><TERRORIST>" with "glock18"
L 10/09/2019 - 12:40:56: "Cap Billy<22><VALVE_ID_LAN><CT>" killed "Smolder<26><VALVE_ID_LAN><TERRORIST>" with "glock18"
L 10/09/2019 - 12:40:57: "@te<27><VALVE_ID_LAN><CT>" killed "Kitkat<19><VALVE_ID_LAN><TERRORIST>" with "knife"
L 10/09/2019 - 12:40:57: "DareDevil<20><VALVE_ID_LAN><CT>" killed "Gho$T<21><VALVE_ID_LAN><TERRORIST>" with "glock18"
L 10/09/2019 - 12:40:59: "CEIFADOR<18><VALVE_ID_LOOPBACK><TERRORIST>" killed "DareDevil<20><VALVE_ID_LAN><CT>" with "glock18"
L 10/09/2019 - 12:41:04: "INDIO de ferias<24><VALVE_ID_LAN><CT>" say "kkkkkk" (dead)
L 10/09/2019 - 12:41:05: "Gho$T<21><VALVE_ID_LAN><TERRORIST>" say_team "cuidado kit" (dead)
L 10/09/2019 - 12:41:12: "Gho$T<21><VALVE_ID_LAN><TERRORIST>" say_team "querem fazer vc de ima" (dead)
L 10/09/2019 - 12:41:17: "CEIFADOR<18><VALVE_ID_LOOPBACK><TERRORIST>" killed "@te<27><VALVE_ID_LAN><CT>" with "glock18"
L 10/09/2019 - 12:41:17: "Gho$T<21><VALVE_ID_LAN><TERRORIST>" say_team "pra ganharem tudo" (dead)
L 10/09/2019 - 12:41:18: "CEIFADOR<18><VALVE_ID_LOOPBACK><TERRORIST>" killed "Cap Billy<22><VALVE_ID_LAN><CT>" with "glock18"
L 10/09/2019 - 12:41:18: Team "TERRORIST" triggered "Terrorists_Win" (CT "1") (T "2")
L 10/09/2019 - 12:41:18: World triggered "Round_End"
L 10/09/2019 - 12:41:21: "DareDevil<20><VALVE_ID_LAN><CT>" say_team "mapa" (dead)
L 10/09/2019 - 12:41:22: "Calcas Peludas<23><VALVE_ID_LAN><TERRORIST>" say "puxava" (dead)
L 10/09/2019 - 12:41:23: World triggered "Round_Start"
L 10/09/2019 - 12:41:24: "Smolder<26><VALVE_ID_LAN><TERRORIST>" say_team "ok"
L 10/09/2019 - 12:41:31: "Smolder<26><VALVE_ID_LAN><TERRORIST>" killed "DareDevil<20><VALVE_ID_LAN><CT>" with "glock18"
L 10/09/2019 - 12:41:35: "Cap Billy<22><VALVE_ID_LAN><CT>" killed "CEIFADOR<18><VALVE_ID_LOOPBACK><TERRORIST>" with "glock18"
L 10/09/2019 - 12:41:36: "Gho$T<21><VALVE_ID_LAN><TERRORIST>" killed "INDIO de ferias<24><VALVE_ID_LAN><CT>" with "glock18"
L 10/09/2019 - 12:41:37: "Jack<25><VALVE_ID_LAN><CT>" killed "Calcas Peludas<23><VALVE_ID_LAN><TERRORIST>" with "glock18"
L 10/09/2019 - 12:41:37: "@te<27><VALVE_ID_LAN><CT>" killed "Smolder<26><VALVE_ID_LAN><TERRORIST>" with "glock18"
L 10/09/2019 - 12:41:39: "Jack<25><VALVE_ID_LAN><CT>" killed "Kitkat<19><VALVE_ID_LAN><TERRORIST>" with "glock18"
L 10/09/2019 - 12:41:45: "Cap Billy<22><VALVE_ID_LAN><CT>" killed "Gho$T<21><VALVE_ID_LAN><TERRORIST>" with "glock18"
L 10/09/2019 - 12:41:45: Team "CT" triggered "CTs_Win" (CT "2") (T "2")
L 10/09/2019 - 12:41:45: World triggered "Round_End"
L 10/09/2019 - 12:41:48: "CEIFADOR<18><VALVE_ID_LOOPBACK><TERRORIST>" say_team "junto" (dead)
L 10/09/2019 - 12:41:50: World triggered "Round_Start"
L 10/09/2019 - 12:42:02: "DareDevil<20><VALVE_ID_LAN><CT>" killed "CEIFADOR<18><VALVE_ID_LOOPBACK><TERRORIST>" with "glock18"
L 10/09/2019 - 12:42:03: "Smolder<26><VALVE_ID_LAN><TERRORIST>" killed "Jack<25><VALVE_ID_LAN><CT>" with "glock18"
L 10/09/2019 - 12:42:04: "Kitkat<19><VALVE_ID_LAN><TERRORIST>" killed "DareDevil<20><VALVE_ID_LAN><CT>" with "glock18"
L 10/09/2019 - 12:42:05: "Cap Billy<22><VALVE_ID_LAN><CT>" killed "Smolder<26><VALVE_ID_LAN><TERRORIST>" with "glock18"
L 10/09/2019 - 12:42:09: "@te<27><VALVE_ID_LAN><CT>" killed "Gho$T<21><VALVE_ID_LAN><TERRORIST>" with "glock18"
L 10/09/2019 - 12:42:13: "@te<27><VALVE_ID_LAN><CT>" killed "Kitkat<19><VALVE_ID_LAN><TERRORIST>" with "glock18"
L 10/09/2019 - 12:42:15: "Calcas Peludas<23><VALVE_ID_LAN><TERRORIST>" killed "@te<27><VALVE_ID_LAN><CT>" with "glock18"
L 10/09/2019 - 12:42:19: "INDIO de ferias<24><VALVE_ID_LAN><CT>" killed "Calcas Peludas<23><VALVE_ID_LAN><TERRORIST>" with "glock18"
L 10/09/2019 - 12:42:19: Team "CT" triggered "CTs_Win" (CT "3") (T "2")
L 10/09/2019 - 12:42:19: World triggered "Round_End"
L 10/09/2019 - 12:42:24: World triggered "Round_Start"
L 10/09/2019 - 12:42:32: "DareDevil<20><VALVE_ID_LAN><CT>" killed "Smolder<26><VALVE_ID_LAN><TERRORIST>" with "glock18"
L 10/09/2019 - 12:42:32: "Kitkat<19><VALVE_ID_LAN><TERRORIST>" killed "DareDevil<20><VALVE_ID_LAN><CT>" with "glock18"
L 10/09/2019 - 12:42:35: "Cap Billy<22><VALVE_ID_LAN><CT>" killed "Gho$T<21><VALVE_ID_LAN><TERRORIST>" with "glock18"
L 10/09/2019 - 12:42:35: "CEIFADOR<18><VALVE_ID_LOOPBACK><TERRORIST>" killed "Jack<25><VALVE_ID_LAN><CT>" with "glock18"
L 10/09/2019 - 12:42:36: "Kitkat<19><VALVE_ID_LAN><TERRORIST>" killed "INDIO de ferias<24><VALVE_ID_LAN><CT>" with "glock18"
L 10/09/2019 - 12:42:37: "CEIFADOR<18><VALVE_ID_LOOPBACK><TERRORIST>" killed "Cap Billy<22><VALVE_ID_LAN><CT>" with "glock18"
L 10/09/2019 - 12:42:42: "Kitkat<19><VALVE_ID_LAN><TERRORIST>" killed "@te<27><VALVE_ID_LAN><CT>" with "glock18"
L 10/09/2019 - 12:42:42: Team "TERRORIST" triggered "Terrorists_Win" (CT "3") (T "3")
L 10/09/2019 - 12:42:42: World triggered "Round_End"
L 10/09/2019 - 12:42:45: "Cap Billy<22><VALVE_ID_LAN><CT>" say_team "isso" (dead)
L 10/09/2019 - 12:42:45: "INDIO de ferias<24><VALVE_ID_LAN><CT>" say_team "kit ta la no canto" (dead)
L 10/09/2019 - 12:42:47: World triggered "Round_Start"
L 10/09/2019 - 12:42:48: "Kratos-away<28><VALVE_ID_LAN><>" connected, address "10.15.4.2:27005"
L 10/09/2019 - 12:42:52: "Cap Billy<22><VALVE_ID_LAN><CT>" killed "Gho$T<21><VALVE_ID_LAN><TERRORIST>" with "glock18"
L 10/09/2019 - 12:42:53: "Calcas Peludas<23><VALVE_ID_LAN><TERRORIST>" killed "Jack<25><VALVE_ID_LAN><CT>" with "glock18"
L 10/09/2019 - 12:42:54: "DareDevil<20><VALVE_ID_LAN><CT>" killed "CEIFADOR<18><VALVE_ID_LOOPBACK><TERRORIST>" with "glock18"
L 10/09/2019 - 12:42:56: "@te<27><VALVE_ID_LAN><CT>" killed "Calcas Peludas<23><VALVE_ID_LAN><TERRORIST>" with "glock18"
L 10/09/2019 - 12:42:56: "Kratos-away<28><VALVE_ID_LAN><>" entered the game
L 10/09/2019 - 12:42:58: "Smolder<26><VALVE_ID_LAN><TERRORIST>" killed "INDIO de ferias<24><VALVE_ID_LAN><CT>" with "glock18"
L 10/09/2019 - 12:42:58: "Kratos-away<28><VALVE_ID_LAN><>" joined team "TERRORIST"
L 10/09/2019 - 12:43:01: "Smolder<26><VALVE_ID_LAN><TERRORIST>" killed "Cap Billy<22><VALVE_ID_LAN><CT>" with "glock18"
L 10/09/2019 - 12:43:01: "DareDevil<20><VALVE_ID_LAN><CT>" killed "Kitkat<19><VALVE_ID_LAN><TERRORIST>" with "glock18"
L 10/09/2019 - 12:43:02: "Smolder<26><VALVE_ID_LAN><TERRORIST>" killed "DareDevil<20><VALVE_ID_LAN><CT>" with "glock18"
L 10/09/2019 - 12:43:06: "Jack<25><VALVE_ID_LAN><CT>" say "faca no kratos" (dead)
L 10/09/2019 - 12:43:09: "Calcas Peludas<23><VALVE_ID_LAN><TERRORIST>" say "hahaha" (dead)
L 10/09/2019 - 12:43:11: "@te<27><VALVE_ID_LAN><CT>" killed "Smolder<26><VALVE_ID_LAN><TERRORIST>" with "glock18"
L 10/09/2019 - 12:43:16: "@te<27><VALVE_ID_LAN><CT>" killed "Kratos-away<28><VALVE_ID_LAN><TERRORIST>" with "glock18"
L 10/09/2019 - 12:43:16: Team "CT" triggered "CTs_Win" (CT "4") (T "3")
L 10/09/2019 - 12:43:16: World triggered "Round_End"
L 10/09/2019 - 12:43:18: "Calcas Peludas<23><VALVE_ID_LAN><TERRORIST>" say_team "kratos so levamos uma facada ao todo" (dead)
L 10/09/2019 - 12:43:18: "Gho$T<21><VALVE_ID_LAN><TERRORIST>" say "aaaaaaaaa" (dead)
L 10/09/2019 - 12:43:19: "DareDevil<20><VALVE_ID_LAN><CT>" say "linda" (dead)
L 10/09/2019 - 12:43:21: World triggered "Round_Start"
L 10/09/2019 - 12:43:23: "XXBOT Wayne<29><BOT><>" joined team "CT"
L 10/09/2019 - 12:43:23: Server cvar "bot_quota" = "1"
L 10/09/2019 - 12:43:23: "XXBOT Wayne<29><BOT><>" entered the game
L 10/09/2019 - 12:43:25: "CEIFADOR<18><VALVE_ID_LOOPBACK><TERRORIST>" say "wa"
L 10/09/2019 - 12:43:26: "XXBOT Wayne<29><BOT><CT>" killed "Kratos-away<28><VALVE_ID_LAN><TERRORIST>" with "glock18"
L 10/09/2019 - 12:43:28: "INDIO de ferias<24><VALVE_ID_LAN><CT>" killed "CEIFADOR<18><VALVE_ID_LOOPBACK><TERRORIST>" with "glock18"
L 10/09/2019 - 12:43:28: "Smolder<26><VALVE_ID_LAN><TERRORIST>" killed "INDIO de ferias<24><VALVE_ID_LAN><CT>" with "glock18"
L 10/09/2019 - 12:43:29: "Jack<25><VALVE_ID_LAN><CT>" killed "Gho$T<21><VALVE_ID_LAN><TERRORIST>" with "glock18"
L 10/09/2019 - 12:43:32: "Calcas Peludas<23><VALVE_ID_LAN><TERRORIST>" killed "XXBOT Wayne<29><BOT><CT>" with "glock18"
L 10/09/2019 - 12:43:33: "Kitkat<19><VALVE_ID_LAN><TERRORIST>" killed "DareDevil<20><VALVE_ID_LAN><CT>" with "glock18"
L 10/09/2019 - 12:43:38: "Kitkat<19><VALVE_ID_LAN><TERRORIST>" killed "Jack<25><VALVE_ID_LAN><CT>" with "glock18"
L 10/09/2019 - 12:43:38: "Smolder<26><VALVE_ID_LAN><TERRORIST>" killed "@te<27><VALVE_ID_LAN><CT>" with "glock18"
L 10/09/2019 - 12:43:38: "Cap Billy<22><VALVE_ID_LAN><CT>" killed "Kitkat<19><VALVE_ID_LAN><TERRORIST>" with "glock18"
L 10/09/2019 - 12:43:41: "Cap Billy<22><VALVE_ID_LAN><CT>" killed "Smolder<26><VALVE_ID_LAN><TERRORIST>" with "glock18"
L 10/09/2019 - 12:43:43: "DareDevil<20><VALVE_ID_LAN><CT>" say_team "dei duas facadas noa kit e nao pegou" (dead)
L 10/09/2019 - 12:43:45: "Calcas Peludas<23><VALVE_ID_LAN><TERRORIST>" killed "Cap Billy<22><VALVE_ID_LAN><CT>" with "glock18"
L 10/09/2019 - 12:43:45: Team "TERRORIST" triggered "Terrorists_Win" (CT "4") (T "4")
L 10/09/2019 - 12:43:45: World triggered "Round_End"
L 10/09/2019 - 12:43:49: "Calcas Peludas<23><VALVE_ID_LAN><TERRORIST>" say_team "foi no smolder"
L 10/09/2019 - 12:43:50: World triggered "Round_Start"
L 10/09/2019 - 12:43:50: "Jack<25><VALVE_ID_LAN><CT>" say "kit xiter"
L 10/09/2019 - 12:43:55: "DareDevil<20><VALVE_ID_LAN><CT>" killed "Smolder<26><VALVE_ID_LAN><TERRORIST>" with "glock18"
L 10/09/2019 - 12:43:58: "Kitkat<19><VALVE_ID_LAN><TERRORIST>" killed "INDIO de ferias<24><VALVE_ID_LAN><CT>" with "glock18"
L 10/09/2019 - 12:43:58: "DareDevil<20><VALVE_ID_LAN><CT>" killed "CEIFADOR<18><VALVE_ID_LOOPBACK><TERRORIST>" with "glock18"
L 10/09/2019 - 12:43:59: "Cap Billy<22><VALVE_ID_LAN><CT>" killed "Gho$T<21><VALVE_ID_LAN><TERRORIST>" with "glock18"
L 10/09/2019 - 12:44:00: "Kitkat<19><VALVE_ID_LAN><TERRORIST>" killed "DareDevil<20><VALVE_ID_LAN><CT>" with "glock18"
L 10/09/2019 - 12:44:00: "@te<27><VALVE_ID_LAN><CT>" killed "Calcas Peludas<23><VALVE_ID_LAN><TERRORIST>" with "knife"
L 10/09/2019 - 12:44:03: "INDIO de ferias<24><VALVE_ID_LAN><CT>" say "kkk" (dead)
L 10/09/2019 - 12:44:03: "Kratos-away<28><VALVE_ID_LAN><TERRORIST>" killed "Jack<25><VALVE_ID_LAN><CT>" with "glock18"
L 10/09/2019 - 12:44:03: "DareDevil<20><VALVE_ID_LAN><CT>" say "ui nega" (dead)
L 10/09/2019 - 12:44:06: "Gho$T<21><VALVE_ID_LAN><TERRORIST>" say "cuidado calcas" (dead)
L 10/09/2019 - 12:44:06: "Cap Billy<22><VALVE_ID_LAN><CT>" killed "Kratos-away<28><VALVE_ID_LAN><TERRORIST>" with "glock18"
L 10/09/2019 - 12:44:08: "@te<27><VALVE_ID_LAN><CT>" killed "Kitkat<19><VALVE_ID_LAN><TERRORIST>" with "glock18"
L 10/09/2019 - 12:44:08: Team "CT" triggered "CTs_Win" (CT "5") (T "4")
L 10/09/2019 - 12:44:08: World triggered "Round_End"
L 10/09/2019 - 12:44:10: "Gho$T<21><VALVE_ID_LAN><TERRORIST>" say_team "tu ja tem 1 facada" (dead)
L 10/09/2019 - 12:44:11: "Calcas Peludas<23><VALVE_ID_LAN><TERRORIST>" say_team "eu levei uma e smolder uma" (dead)
L 10/09/2019 - 12:44:12: "Kratos-away<28><VALVE_ID_LAN><TERRORIST>" say_team "como estamos" (dead)
L 10/09/2019 - 12:44:13: World triggered "Round_Start"
L 10/09/2019 - 12:44:19: "Calcas Peludas<23><VALVE_ID_LAN><TERRORIST>" killed "INDIO de ferias<24><VALVE_ID_LAN><CT>" with "glock18"
L 10/09/2019 - 12:44:21: "Cap Billy<22><VALVE_ID_LAN><CT>" killed "Gho$T<21><VALVE_ID_LAN><TERRORIST>" with "glock18"
L 10/09/2019 - 12:44:22: "Cap Billy<22><VALVE_ID_LAN><CT>" killed "Kratos-away<28><VALVE_ID_LAN><TERRORIST>" with "glock18"
L 10/09/2019 - 12:44:22: "Smolder<26><VALVE_ID_LAN><TERRORIST>" killed "Jack<25><VALVE_ID_LAN><CT>" with "glock18"
L 10/09/2019 - 12:44:23: "XXBOT Wayne<29><BOT><CT>" killed "Calcas Peludas<23><VALVE_ID_LAN><TERRORIST>" with "glock18"
L 10/09/2019 - 12:44:23: "DareDevil<20><VALVE_ID_LAN><CT>" killed "Kitkat<19><VALVE_ID_LAN><TERRORIST>" with "glock18"
L 10/09/2019 - 12:44:24: "Smolder<26><VALVE_ID_LAN><TERRORIST>" killed "XXBOT Wayne<29><BOT><CT>" with "glock18"
L 10/09/2019 - 12:44:29: "@te<27><VALVE_ID_LAN><CT>" killed "CEIFADOR<18><VALVE_ID_LOOPBACK><TERRORIST>" with "glock18"
L 10/09/2019 - 12:44:31: "Gho$T<21><VALVE_ID_LAN><TERRORIST>" say_team "uma facada smolder e 1 facada calcas" (dead)
L 10/09/2019 - 12:44:31: "Cap Billy<22><VALVE_ID_LAN><CT>" killed "Smolder<26><VALVE_ID_LAN><TERRORIST>" with "knife"
L 10/09/2019 - 12:44:31: Team "CT" triggered "CTs_Win" (CT "6") (T "4")
L 10/09/2019 - 12:44:31: World triggered "Round_End"
L 10/09/2019 - 12:44:34: "DareDevil<20><VALVE_ID_LAN><CT>" say "ui mamae"
L 10/09/2019 - 12:44:34: "Gho$T<21><VALVE_ID_LAN><TERRORIST>" say_team "pqp" (dead)
L 10/09/2019 - 12:44:35: "INDIO de ferias<24><VALVE_ID_LAN><CT>" say "kkkkkkkkkkk" (dead)
L 10/09/2019 - 12:44:35: "Calcas Peludas<23><VALVE_ID_LAN><TERRORIST>" say_team "eles ainda nao levaram" (dead)
L 10/09/2019 - 12:44:36: World triggered "Round_Start"
L 10/09/2019 - 12:44:37: "Jack<25><VALVE_ID_LAN><CT>" say "achei q ia perder rs"
L 10/09/2019 - 12:44:37: "Gho$T<21><VALVE_ID_LAN><TERRORIST>" say_team "2 smolde"
L 10/09/2019 - 12:44:44: "Kitkat<19><VALVE_ID_LAN><TERRORIST>" killed "DareDevil<20><VALVE_ID_LAN><CT>" with "glock18"
L 10/09/2019 - 12:44:46: "Smolder<26><VALVE_ID_LAN><TERRORIST>" killed "Cap Billy<22><VALVE_ID_LAN><CT>" with "glock18"
L 10/09/2019 - 12:44:46: "INDIO de ferias<24><VALVE_ID_LAN><CT>" killed "Calcas Peludas<23><VALVE_ID_LAN><TERRORIST>" with "glock18"
L 10/09/2019 - 12:44:47: "Gho$T<21><VALVE_ID_LAN><TERRORIST>" killed "INDIO de ferias<24><VALVE_ID_LAN><CT>" with "glock18"
L 10/09/2019 - 12:44:47: "@te<27><VALVE_ID_LAN><CT>" killed "CEIFADOR<18><VALVE_ID_LOOPBACK><TERRORIST>" with "glock18"
L 10/09/2019 - 12:44:52: "Cap Billy<22><VALVE_ID_LAN><CT>" say_team "eu tb" (dead)
L 10/09/2019 - 12:44:52: "Smolder<26><VALVE_ID_LAN><TERRORIST>" killed "@te<27><VALVE_ID_LAN><CT>" with "glock18"
L 10/09/2019 - 12:44:54: "Calcas Peludas<23><VALVE_ID_LAN><TERRORIST>" say_team "zero cts" (dead)
L 10/09/2019 - 12:44:54: "Jack<25><VALVE_ID_LAN><CT>" killed "Kratos-away<28><VALVE_ID_LAN><TERRORIST>" with "glock18"
L 10/09/2019 - 12:44:55: "Jack<25><VALVE_ID_LAN><CT>" killed "Gho$T<21><VALVE_ID_LAN><TERRORIST>" with "glock18"
L 10/09/2019 - 12:44:55: "Kitkat<19><VALVE_ID_LAN><TERRORIST>" killed "XXBOT Wayne<29><BOT><CT>" with "glock18"
L 10/09/2019 - 12:44:56: "Jack<25><VALVE_ID_LAN><CT>" killed "Smolder<26><VALVE_ID_LAN><TERRORIST>" with "glock18"
L 10/09/2019 - 12:45:01: "Smolder<26><VALVE_ID_LAN><TERRORIST>" say_team "foi" (dead)
L 10/09/2019 - 12:45:05: "Smolder<26><VALVE_ID_LAN><TERRORIST>" say_team "ok" (dead)
L 10/09/2019 - 12:45:05: "Kitkat<19><VALVE_ID_LAN><TERRORIST>" killed "Jack<25><VALVE_ID_LAN><CT>" with "glock18"
L 10/09/2019 - 12:45:05: Team "TERRORIST" triggered "Terrorists_Win" (CT "6") (T "5")
L 10/09/2019 - 12:45:05: World triggered "Round_End"
L 10/09/2019 - 12:45:10: World triggered "Round_Start"
L 10/09/2019 - 12:45:10: "Cap Billy<22><VALVE_ID_LAN><CT>" say_team "eu achei tb jack hehehehe"
L 10/09/2019 - 12:45:19: "Gho$T<21><VALVE_ID_LAN><TERRORIST>" killed "Cap Billy<22><VALVE_ID_LAN><CT>" with "glock18"
L 10/09/2019 - 12:45:20: "Calcas Peludas<23><VALVE_ID_LAN><TERRORIST>" killed "DareDevil<20><VALVE_ID_LAN><CT>" with "glock18"
L 10/09/2019 - 12:45:24: "CEIFADOR<18><VALVE_ID_LOOPBACK><TERRORIST>" killed "@te<27><VALVE_ID_LAN><CT>" with "glock18"
L 10/09/2019 - 12:45:25: "INDIO de ferias<24><VALVE_ID_LAN><CT>" killed "Gho$T<21><VALVE_ID_LAN><TERRORIST>" with "glock18"
L 10/09/2019 - 12:45:27: "Kratos-away<28><VALVE_ID_LAN><TERRORIST>" killed "INDIO de ferias<24><VALVE_ID_LAN><CT>" with "glock18"
L 10/09/2019 - 12:45:28: "Jack<25><VALVE_ID_LAN><CT>" killed "Kratos-away<28><VALVE_ID_LAN><TERRORIST>" with "glock18"
L 10/09/2019 - 12:45:29: "Calcas Peludas<23><VALVE_ID_LAN><TERRORIST>" killed "Jack<25><VALVE_ID_LAN><CT>" with "glock18"
L 10/09/2019 - 12:45:32: "Kitkat<19><VALVE_ID_LAN><TERRORIST>" killed "XXBOT Wayne<29><BOT><CT>" with "knife"
L 10/09/2019 - 12:45:32: Team "TERRORIST" triggered "Terrorists_Win" (CT "6") (T "6")
L 10/09/2019 - 12:45:32: World triggered "Round_End"
L 10/09/2019 - 12:45:33: "Calcas Peludas<23><VALVE_ID_LAN><TERRORIST>" killed "Kitkat<19><VALVE_ID_LAN><TERRORIST>" with "knife"
L 10/09/2019 - 12:45:36: "DareDevil<20><VALVE_ID_LAN><CT>" say "ui" (dead)
L 10/09/2019 - 12:45:36: "Cap Billy<22><VALVE_ID_LAN><CT>" say "HAHAHAHAHAHA" (dead)
L 10/09/2019 - 12:45:36: "Kratos-away<28><VALVE_ID_LAN><TERRORIST>" say "mas calcas" (dead)
L 10/09/2019 - 12:45:37: World triggered "Round_Start"
L 10/09/2019 - 12:45:37: "Calcas Peludas<23><VALVE_ID_LAN><TERRORIST>" committed suicide with "world"
L 10/09/2019 - 12:45:38: "Gho$T<21><VALVE_ID_LAN><TERRORIST>" say "porra foi homi"
L 10/09/2019 - 12:45:38: "INDIO de ferias<24><VALVE_ID_LAN><CT>" say "kkkk"
L 10/09/2019 - 12:45:38: "Jack<25><VALVE_ID_LAN><CT>" say "boa"
L 10/09/2019 - 12:45:42: "@te<27><VALVE_ID_LAN><CT>" say "kkkkkk na amiguinha"
L 10/09/2019 - 12:45:43: "Kratos-away<28><VALVE_ID_LAN><TERRORIST>" killed "XXBOT Wayne<29><BOT><CT>" with "glock18"
L 10/09/2019 - 12:45:43: "DareDevil<20><VALVE_ID_LAN><CT>" killed "Gho$T<21><VALVE_ID_LAN><TERRORIST>" with "glock18"
L 10/09/2019 - 12:45:45: "DareDevil<20><VALVE_ID_LAN><CT>" killed "Smolder<26><VALVE_ID_LAN><TERRORIST>" with "glock18"
L 10/09/2019 - 12:45:46: "CEIFADOR<18><VALVE_ID_LOOPBACK><TERRORIST>" killed "DareDevil<20><VALVE_ID_LAN><CT>" with "glock18"
L 10/09/2019 - 12:45:49: "Kitkat<19><VALVE_ID_LAN><TERRORIST>" killed "Cap Billy<22><VALVE_ID_LAN><CT>" with "glock18"
L 10/09/2019 - 12:45:49: "Jack<25><VALVE_ID_LAN><CT>" killed "Kratos-away<28><VALVE_ID_LAN><TERRORIST>" with "glock18"
L 10/09/2019 - 12:45:53: "Calcas Peludas<23><VALVE_ID_LAN><TERRORIST>" say_team "quem levou " (dead)
L 10/09/2019 - 12:45:53: "Kitkat<19><VALVE_ID_LAN><TERRORIST>" killed "Jack<25><VALVE_ID_LAN><CT>" with "glock18"
L 10/09/2019 - 12:45:53: "CEIFADOR<18><VALVE_ID_LOOPBACK><TERRORIST>" killed "INDIO de ferias<24><VALVE_ID_LAN><CT>" with "glock18"
L 10/09/2019 - 12:45:56: "Calcas Peludas<23><VALVE_ID_LAN><TERRORIST>" say_team "dos cts" (dead)
L 10/09/2019 - 12:45:56: "DareDevil<20><VALVE_ID_LAN><CT>" say "eh o desespero" (dead)
L 10/09/2019 - 12:45:57: "Kitkat<19><VALVE_ID_LAN><TERRORIST>" killed "@te<27><VALVE_ID_LAN><CT>" with "glock18"
L 10/09/2019 - 12:45:57: Team "TERRORIST" triggered "Terrorists_Win" (CT "6") (T "7")
L 10/09/2019 - 12:45:57: World triggered "Round_End"
L 10/09/2019 - 12:45:59: "Kratos-away<28><VALVE_ID_LAN><TERRORIST>" say_team "concentra no mapa" (dead)
L 10/09/2019 - 12:46:02: "Smolder<26><VALVE_ID_LAN><TERRORIST>" say_team "eu 2" (dead)
L 10/09/2019 - 12:46:02: World triggered "Round_Start"
L 10/09/2019 - 12:46:03: "Kratos-away<28><VALVE_ID_LAN><TERRORIST>" say_team "sas facas apaecem"
L 10/09/2019 - 12:46:09: "INDIO de ferias<24><VALVE_ID_LAN><CT>" killed "Gho$T<21><VALVE_ID_LAN><TERRORIST>" with "glock18"
L 10/09/2019 - 12:46:09: "Kitkat<19><VALVE_ID_LAN><TERRORIST>" killed "INDIO de ferias<24><VALVE_ID_LAN><CT>" with "glock18"
L 10/09/2019 - 12:46:10: "Jack<25><VALVE_ID_LAN><CT>" killed "Kratos-away<28><VALVE_ID_LAN><TERRORIST>" with "glock18"
L 10/09/2019 - 12:46:11: "Calcas Peludas<23><VALVE_ID_LAN><TERRORIST>" killed "Jack<25><VALVE_ID_LAN><CT>" with "glock18"
L 10/09/2019 - 12:46:11: "Cap Billy<22><VALVE_ID_LAN><CT>" killed "Calcas Peludas<23><VALVE_ID_LAN><TERRORIST>" with "glock18"
L 10/09/2019 - 12:46:13: "Kitkat<19><VALVE_ID_LAN><TERRORIST>" killed "DareDevil<20><VALVE_ID_LAN><CT>" with "glock18"
L 10/09/2019 - 12:46:17: "Calcas Peludas<23><VALVE_ID_LAN><TERRORIST>" say_team "e dos cts" (dead)
L 10/09/2019 - 12:46:17: "Cap Billy<22><VALVE_ID_LAN><CT>" killed "CEIFADOR<18><VALVE_ID_LOOPBACK><TERRORIST>" with "glock18"
L 10/09/2019 - 12:46:17: "Smolder<26><VALVE_ID_LAN><TERRORIST>" killed "@te<27><VALVE_ID_LAN><CT>" with "glock18"
L 10/09/2019 - 12:46:23: "Gho$T<21><VALVE_ID_LAN><TERRORIST>" say_team "ta osso hj" (dead)
L 10/09/2019 - 12:46:23: "Calcas Peludas<23><VALVE_ID_LAN><TERRORIST>" say_team "quem levou" (dead)
L 10/09/2019 - 12:46:25: "Cap Billy<22><VALVE_ID_LAN><CT>" killed "Smolder<26><VALVE_ID_LAN><TERRORIST>" with "glock18"
L 10/09/2019 - 12:46:32: "XXBOT Wayne<29><BOT><CT>" killed "Kitkat<19><VALVE_ID_LAN><TERRORIST>" with "glock18"
L 10/09/2019 - 12:46:32: Team "CT" triggered "CTs_Win" (CT "7") (T "7")
L 10/09/2019 - 12:46:32: World triggered "Round_End"
L 10/09/2019 - 12:46:33: "Gho$T<21><VALVE_ID_LAN><TERRORIST>" say_team "o ot" (dead)
L 10/09/2019 - 12:46:36: "Calcas Peludas<23><VALVE_ID_LAN><TERRORIST>" say_team "acho que foi o daredevil" (dead)
L 10/09/2019 - 12:46:37: World triggered "Round_Start"
L 10/09/2019 - 12:46:42: "INDIO de ferias<24><VALVE_ID_LAN><CT>" killed "Calcas Peludas<23><VALVE_ID_LAN><TERRORIST>" with "glock18"
L 10/09/2019 - 12:46:43: "DareDevil<20><VALVE_ID_LAN><CT>" killed "Gho$T<21><VALVE_ID_LAN><TERRORIST>" with "glock18"
L 10/09/2019 - 12:46:46: "Kratos-away<28><VALVE_ID_LAN><TERRORIST>" killed "XXBOT Wayne<29><BOT><CT>" with "glock18"
L 10/09/2019 - 12:46:47: "@te<27><VALVE_ID_LAN><CT>" killed "CEIFADOR<18><VALVE_ID_LOOPBACK><TERRORIST>" with "glock18"
L 10/09/2019 - 12:46:49: "Cap Billy<22><VALVE_ID_LAN><CT>" killed "Smolder<26><VALVE_ID_LAN><TERRORIST>" with "glock18"
L 10/09/2019 - 12:46:54: "Kratos-away<28><VALVE_ID_LAN><TERRORIST>" killed "DareDevil<20><VALVE_ID_LAN><CT>" with "glock18"
L 10/09/2019 - 12:46:55: "Calcas Peludas<23><VALVE_ID_LAN><TERRORIST>" say "escapou smolder" (dead)
L 10/09/2019 - 12:46:56: "Kratos-away<28><VALVE_ID_LAN><TERRORIST>" killed "Jack<25><VALVE_ID_LAN><CT>" with "knife"
L 10/09/2019 - 12:46:58: "Cap Billy<22><VALVE_ID_LAN><CT>" killed "Kratos-away<28><VALVE_ID_LAN><TERRORIST>" with "glock18"
L 10/09/2019 - 12:46:59: "Smolder<26><VALVE_ID_LAN><TERRORIST>" say "tome" (dead)
L 10/09/2019 - 12:47:00: "Calcas Peludas<23><VALVE_ID_LAN><TERRORIST>" say_team "boa" (dead)
L 10/09/2019 - 12:47:01: "@te<27><VALVE_ID_LAN><CT>" killed "Kitkat<19><VALVE_ID_LAN><TERRORIST>" with "knife"
L 10/09/2019 - 12:47:01: Team "CT" triggered "CTs_Win" (CT "8") (T "7")
L 10/09/2019 - 12:47:01: World triggered "Round_End"
L 10/09/2019 - 12:47:04: "DareDevil<20><VALVE_ID_LAN><CT>" say "ui" (dead)
L 10/09/2019 - 12:47:06: "INDIO de ferias<24><VALVE_ID_LAN><CT>" say "kkkkkkkkkkk"
L 10/09/2019 - 12:47:06: "Gho$T<21><VALVE_ID_LAN><TERRORIST>" say_team "cuidado kit" (dead)
L 10/09/2019 - 12:47:06: World triggered "Round_Start"
L 10/09/2019 - 12:47:06: "Calcas Peludas<23><VALVE_ID_LAN><TERRORIST>" say_team "kit kat 2"
L 10/09/2019 - 12:47:07: "Kitkat<19><VALVE_ID_LAN><TERRORIST>" say "merda"
L 10/09/2019 - 12:47:09: "Gho$T<21><VALVE_ID_LAN><TERRORIST>" say_team "pra nao ser a ima"
L 10/09/2019 - 12:47:15: "Kratos-away<28><VALVE_ID_LAN><TERRORIST>" killed "Jack<25><VALVE_ID_LAN><CT>" with "glock18"
L 10/09/2019 - 12:47:17: "CEIFADOR<18><VALVE_ID_LOOPBACK><TERRORIST>" killed "XXBOT Wayne<29><BOT><CT>" with "glock18"
L 10/09/2019 - 12:47:17: "INDIO de ferias<24><VALVE_ID_LAN><CT>" killed "Gho$T<21><VALVE_ID_LAN><TERRORIST>" with "glock18"
L 10/09/2019 - 12:47:19: "CEIFADOR<18><VALVE_ID_LOOPBACK><TERRORIST>" killed "INDIO de ferias<24><VALVE_ID_LAN><CT>" with "glock18"
L 10/09/2019 - 12:47:20: "Calcas Peludas<23><VALVE_ID_LAN><TERRORIST>" killed "Cap Billy<22><VALVE_ID_LAN><CT>" with "glock18"
L 10/09/2019 - 12:47:23: "Smolder<26><VALVE_ID_LAN><TERRORIST>" killed "@te<27><VALVE_ID_LAN><CT>" with "knife"
L 10/09/2019 - 12:47:23: "DareDevil<20><VALVE_ID_LAN><CT>" killed "Kitkat<19><VALVE_ID_LAN><TERRORIST>" with "glock18"
L 10/09/2019 - 12:47:26: "DareDevil<20><VALVE_ID_LAN><CT>" killed "Smolder<26><VALVE_ID_LAN><TERRORIST>" with "glock18"
L 10/09/2019 - 12:47:27: "Kitkat<19><VALVE_ID_LAN><TERRORIST>" say "foram" (dead)
L 10/09/2019 - 12:47:30: "Gho$T<21><VALVE_ID_LAN><TERRORIST>" say_team "nao podemos perdfer o ima" (dead)
L 10/09/2019 - 12:47:33: "INDIO de ferias<24><VALVE_ID_LAN><CT>" say_team "se protejamn" (dead)
L 10/09/2019 - 12:47:33: "Calcas Peludas<23><VALVE_ID_LAN><TERRORIST>" killed "DareDevil<20><VALVE_ID_LAN><CT>" with "knife"
L 10/09/2019 - 12:47:33: Team "TERRORIST" triggered "Terrorists_Win" (CT "8") (T "8")
L 10/09/2019 - 12:47:33: World triggered "Round_End"
L 10/09/2019 - 12:47:35: "DareDevil<20><VALVE_ID_LAN><CT>" say_team "droga" (dead)
L 10/09/2019 - 12:47:36: "DareDevil<20><VALVE_ID_LAN><CT>" say_team "errei" (dead)
L 10/09/2019 - 12:47:37: "Smolder<26><VALVE_ID_LAN><TERRORIST>" say "ai mamame" (dead)
L 10/09/2019 - 12:47:37: "Kratos-away<28><VALVE_ID_LAN><TERRORIST>" say_team "eu errei"
L 10/09/2019 - 12:47:38: World triggered "Round_Start"
L 10/09/2019 - 12:47:38: "Gho$T<21><VALVE_ID_LAN><TERRORIST>" say_team "pq ja vamos perder nos outros quesitos"
L 10/09/2019 - 12:47:39: "Cap Billy<22><VALVE_ID_LAN><CT>" say_team "apor pouco"
L 10/09/2019 - 12:47:44: "Gho$T<21><VALVE_ID_LAN><TERRORIST>" killed "DareDevil<20><VALVE_ID_LAN><CT>" with "glock18"
L 10/09/2019 - 12:47:44: "Kratos-away<28><VALVE_ID_LAN><TERRORIST>" killed "XXBOT Wayne<29><BOT><CT>" with "glock18"
L 10/09/2019 - 12:47:52: "Gho$T<21><VALVE_ID_LAN><TERRORIST>" killed "@te<27><VALVE_ID_LAN><CT>" with "glock18"
L 10/09/2019 - 12:47:54: "Jack<25><VALVE_ID_LAN><CT>" killed "Smolder<26><VALVE_ID_LAN><TERRORIST>" with "knife"
L 10/09/2019 - 12:47:55: Server cvar "amx_nextmap" = "sp_babar"
L 10/09/2019 - 12:47:57: "Gho$T<21><VALVE_ID_LAN><TERRORIST>" killed "INDIO de ferias<24><VALVE_ID_LAN><CT>" with "glock18"
L 10/09/2019 - 12:47:57: "Cap Billy<22><VALVE_ID_LAN><CT>" killed "Calcas Peludas<23><VALVE_ID_LAN><TERRORIST>" with "glock18"
L 10/09/2019 - 12:47:57: "Kitkat<19><VALVE_ID_LAN><TERRORIST>" killed "Jack<25><VALVE_ID_LAN><CT>" with "glock18"
L 10/09/2019 - 12:47:58: "DareDevil<20><VALVE_ID_LAN><CT>" say "ui mamae" (dead)
L 10/09/2019 - 12:47:59: "CEIFADOR<18><VALVE_ID_LOOPBACK><TERRORIST>" killed "Cap Billy<22><VALVE_ID_LAN><CT>" with "glock18"
L 10/09/2019 - 12:47:59: Team "TERRORIST" triggered "Terrorists_Win" (CT "8") (T "9")
L 10/09/2019 - 12:47:59: World triggered "Round_End"
L 10/09/2019 - 12:48:03: "Gho$T<21><VALVE_ID_LAN><TERRORIST>" committed suicide with "worldspawn" (world)
L 10/09/2019 - 12:48:04: World triggered "Round_Start"
L 10/09/2019 - 12:48:14: "Kratos-away<28><VALVE_ID_LAN><TERRORIST>" killed "DareDevil<20><VALVE_ID_LAN><CT>" with "glock18"
L 10/09/2019 - 12:48:14: "Gho$T<21><VALVE_ID_LAN><TERRORIST>" killed "@te<27><VALVE_ID_LAN><CT>" with "glock18"
L 10/09/2019 - 12:48:15: "Kitkat<19><VALVE_ID_LAN><TERRORIST>" killed "INDIO de ferias<24><VALVE_ID_LAN><CT>" with "glock18"
L 10/09/2019 - 12:48:15: "Calcas Peludas<23><VALVE_ID_LAN><TERRORIST>" killed "XXBOT Wayne<29><BOT><CT>" with "glock18"
L 10/09/2019 - 12:48:16: "Gho$T<21><VALVE_ID_LAN><TERRORIST>" killed "Jack<25><VALVE_ID_LAN><CT>" with "glock18"
L 10/09/2019 - 12:48:28: "CEIFADOR<18><VALVE_ID_LOOPBACK><TERRORIST>" killed "Cap Billy<22><VALVE_ID_LAN><CT>" with "knife"
L 10/09/2019 - 12:48:28: Team "TERRORIST" triggered "Terrorists_Win" (CT "8") (T "10")
L 10/09/2019 - 12:48:28: World triggered "Round_End"
L 10/09/2019 - 12:48:30: "Kratos-away<28><VALVE_ID_LAN><TERRORIST>" say "ahuahuahuah"
L 10/09/2019 - 12:48:31: "Gho$T<21><VALVE_ID_LAN><TERRORIST>" say "AHHAHAHAHAHAH"
L 10/09/2019 - 12:48:32: "Calcas Peludas<23><VALVE_ID_LAN><TERRORIST>" say_team "iboa"
L 10/09/2019 - 12:48:33: World triggered "Round_Start"
L 10/09/2019 - 12:48:33: "INDIO de ferias<24><VALVE_ID_LAN><CT>" say_team "esqueddsa"
L 10/09/2019 - 12:48:35: "Jack<25><VALVE_ID_LAN><CT>" say "abutres... tavampor toda parate"
L 10/09/2019 - 12:48:39: "Kratos-away<28><VALVE_ID_LAN><TERRORIST>" killed "DareDevil<20><VALVE_ID_LAN><CT>" with "glock18"
L 10/09/2019 - 12:48:41: "CEIFADOR<18><VALVE_ID_LOOPBACK><TERRORIST>" killed "XXBOT Wayne<29><BOT><CT>" with "glock18"
L 10/09/2019 - 12:48:45: "Jack<25><VALVE_ID_LAN><CT>" killed "Gho$T<21><VALVE_ID_LAN><TERRORIST>" with "glock18"
L 10/09/2019 - 12:48:45: "DareDevil<20><VALVE_ID_LAN><CT>" say_team "so vi depois a mensgem" (dead)
L 10/09/2019 - 12:48:46: "Cap Billy<22><VALVE_ID_LAN><CT>" killed "Kratos-away<28><VALVE_ID_LAN><TERRORIST>" with "glock18"
L 10/09/2019 - 12:48:46: "@te<27><VALVE_ID_LAN><CT>" killed "CEIFADOR<18><VALVE_ID_LOOPBACK><TERRORIST>" with "glock18"
L 10/09/2019 - 12:48:48: "INDIO de ferias<24><VALVE_ID_LAN><CT>" killed "Kitkat<19><VALVE_ID_LAN><TERRORIST>" with "knife"
L 10/09/2019 - 12:48:48: "@te<27><VALVE_ID_LAN><CT>" killed "Calcas Peludas<23><VALVE_ID_LAN><TERRORIST>" with "glock18"
L 10/09/2019 - 12:48:52: "Smolder<26><VALVE_ID_LAN><TERRORIST>" killed "@te<27><VALVE_ID_LAN><CT>" with "glock18"
L 10/09/2019 - 12:48:53: "Smolder<26><VALVE_ID_LAN><TERRORIST>" killed "Jack<25><VALVE_ID_LAN><CT>" with "glock18"
L 10/09/2019 - 12:48:54: "Gho$T<21><VALVE_ID_LAN><TERRORIST>" say_team "foge" (dead)
L 10/09/2019 - 12:48:56: "Smolder<26><VALVE_ID_LAN><TERRORIST>" killed "Cap Billy<22><VALVE_ID_LAN><CT>" with "glock18"
L 10/09/2019 - 12:48:59: "Calcas Peludas<23><VALVE_ID_LAN><TERRORIST>" say "boa" (dead)
L 10/09/2019 - 12:48:59: "Gho$T<21><VALVE_ID_LAN><TERRORIST>" say "lindaaa" (dead)
L 10/09/2019 - 12:49:00: "DareDevil<20><VALVE_ID_LAN><CT>" say_team "sorte da porra do smolder" (dead)
L 10/09/2019 - 12:49:00: "Jack<25><VALVE_ID_LAN><CT>" say_team "mapa ne" (dead)
L 10/09/2019 - 12:49:01: "Kitkat<19><VALVE_ID_LAN><TERRORIST>" say "dificil" (dead)
L 10/09/2019 - 12:49:04: "Cap Billy<22><VALVE_ID_LAN><CT>" say_team "eh" (dead)
L 10/09/2019 - 12:49:08: "Smolder<26><VALVE_ID_LAN><TERRORIST>" killed "INDIO de ferias<24><VALVE_ID_LAN><CT>" with "glock18"
L 10/09/2019 - 12:49:08: Team "TERRORIST" triggered "Terrorists_Win" (CT "8") (T "11")
L 10/09/2019 - 12:49:08: World triggered "Round_End"
L 10/09/2019 - 12:49:10: "Calcas Peludas<23><VALVE_ID_LAN><TERRORIST>" say "show" (dead)
L 10/09/2019 - 12:49:11: "Kratos-away<28><VALVE_ID_LAN><TERRORIST>" say "ba" (dead)
L 10/09/2019 - 12:49:13: "CEIFADOR<18><VALVE_ID_LOOPBACK><TERRORIST>" say_team "segura" (dead)
L 10/09/2019 - 12:49:13: World triggered "Round_Start"
L 10/09/2019 - 12:49:14: "Jack<25><VALVE_ID_LAN><CT>" say_team "mapa"
L 10/09/2019 - 12:49:21: "Cap Billy<22><VALVE_ID_LAN><CT>" killed "Gho$T<21><VALVE_ID_LAN><TERRORIST>" with "glock18"
L 10/09/2019 - 12:49:23: "Calcas Peludas<23><VALVE_ID_LAN><TERRORIST>" killed "DareDevil<20><VALVE_ID_LAN><CT>" with "glock18"
L 10/09/2019 - 12:49:24: "Cap Billy<22><VALVE_ID_LAN><CT>" killed "Kratos-away<28><VALVE_ID_LAN><TERRORIST>" with "glock18"
L 10/09/2019 - 12:49:24: "Jack<25><VALVE_ID_LAN><CT>" killed "Smolder<26><VALVE_ID_LAN><TERRORIST>" with "glock18"
L 10/09/2019 - 12:49:29: "Jack<25><VALVE_ID_LAN><CT>" killed "Kitkat<19><VALVE_ID_LAN><TERRORIST>" with "glock18"
L 10/09/2019 - 12:49:30: "Calcas Peludas<23><VALVE_ID_LAN><TERRORIST>" killed "Jack<25><VALVE_ID_LAN><CT>" with "glock18"
L 10/09/2019 - 12:49:32: "Kratos-away<28><VALVE_ID_LAN><TERRORIST>" say "ghost atirou me mim pq  kkkkkkk" (dead)
L 10/09/2019 - 12:49:39: "XXBOT Wayne<29><BOT><CT>" killed "Calcas Peludas<23><VALVE_ID_LAN><TERRORIST>" with "glock18"
L 10/09/2019 - 12:49:41: "XXBOT Wayne<29><BOT><CT>" killed "CEIFADOR<18><VALVE_ID_LOOPBACK><TERRORIST>" with "glock18"
L 10/09/2019 - 12:49:41: Team "CT" triggered "CTs_Win" (CT "9") (T "11")
L 10/09/2019 - 12:49:41: World triggered "Round_End"
L 10/09/2019 - 12:49:44: "Calcas Peludas<23><VALVE_ID_LAN><TERRORIST>" say "obrigado" (dead)
L 10/09/2019 - 12:49:44: "Gho$T<21><VALVE_ID_LAN><TERRORIST>" say "susto" (dead)
L 10/09/2019 - 12:49:45: Log file closed
