L 10/07/2019 - 12:35:06: Log file started (file "logs\L1007000.log") (game "cstrike") (version "47/1.1.2.2/2603")
L 10/07/2019 - 12:35:06: "Calcas Peludas<2><VALVE_ID_LAN><>" connected, address "10.15.2.230:27005"
L 10/07/2019 - 12:35:10: "INDIO de ferias<1><VALVE_ID_LOOPBACK><>" joined team "CT"
L 10/07/2019 - 12:35:10: "XXBOT Steel<3><BOT><>" joined team "TERRORIST"
L 10/07/2019 - 12:35:10: "XXBOT Steel<3><BOT><>" entered the game
L 10/07/2019 - 12:35:10: "XXBOT Steel<3><BOT><TERRORIST>" triggered "Spawned_With_The_Bomb"
L 10/07/2019 - 12:35:10: "XXBOT Crusher<4><BOT><>" joined team "TERRORIST"
L 10/07/2019 - 12:35:10: "XXBOT Crusher<4><BOT><>" entered the game
L 10/07/2019 - 12:35:10: World triggered "Game_Commencing"
L 10/07/2019 - 12:35:10: World triggered "Game_Commencing" (CT "0") (T "0")
L 10/07/2019 - 12:35:10: World triggered "Round_End"
L 10/07/2019 - 12:35:13: "XXBOT Crusher<4><BOT><TERRORIST>" triggered "Spawned_With_The_Bomb"
L 10/07/2019 - 12:35:13: World triggered "Round_Start"
L 10/07/2019 - 12:35:14: Server cvar "bot_quota" = "1"
L 10/07/2019 - 12:35:14: Server cvar "bot_quota" = "0"
L 10/07/2019 - 12:35:14: Kick: "XXBOT Steel<3><UNKNOWN><>" was kicked by "INDIO de ferias"
L 10/07/2019 - 12:35:14: "XXBOT Steel<3><BOT><TERRORIST>" disconnected
L 10/07/2019 - 12:35:14: Kick: "XXBOT Crusher<4><UNKNOWN><>" was kicked by "INDIO de ferias"
L 10/07/2019 - 12:35:14: "XXBOT Crusher<4><BOT><TERRORIST>" triggered "Dropped_The_Bomb"
L 10/07/2019 - 12:35:14: "XXBOT Crusher<4><BOT><TERRORIST>" disconnected
L 10/07/2019 - 12:35:16: "Calcas Peludas<2><VALVE_ID_LAN><>" entered the game
L 10/07/2019 - 12:35:17: "Gho$T<5><VALVE_ID_LAN><>" connected, address "10.15.2.123:27005"
L 10/07/2019 - 12:35:20: "Calcas Peludas<2><VALVE_ID_LAN><>" joined team "TERRORIST"
L 10/07/2019 - 12:35:20: World triggered "Game_Commencing"
L 10/07/2019 - 12:35:20: World triggered "Game_Commencing" (CT "0") (T "0")
L 10/07/2019 - 12:35:20: World triggered "Round_End"
L 10/07/2019 - 12:35:23: "XXBOT Shark<6><BOT><>" joined team "CT"
L 10/07/2019 - 12:35:23: Server cvar "bot_quota" = "1"
L 10/07/2019 - 12:35:23: "XXBOT Shark<6><BOT><>" entered the game
L 10/07/2019 - 12:35:23: "Calcas Peludas<2><VALVE_ID_LAN><TERRORIST>" triggered "Spawned_With_The_Bomb"
L 10/07/2019 - 12:35:23: World triggered "Round_Start"
L 10/07/2019 - 12:35:28: "Gho$T<5><VALVE_ID_LAN><>" entered the game
L 10/07/2019 - 12:35:30: "Calcas Peludas<2><VALVE_ID_LAN><TERRORIST>" killed "INDIO de ferias<1><VALVE_ID_LOOPBACK><CT>" with "aug"
L 10/07/2019 - 12:35:34: "Gho$T<5><VALVE_ID_LAN><>" joined team "TERRORIST"
L 10/07/2019 - 12:35:37: "Calcas Peludas<2><VALVE_ID_LAN><TERRORIST>" killed "XXBOT Shark<6><BOT><CT>" with "aug"
L 10/07/2019 - 12:35:37: Team "TERRORIST" triggered "Terrorists_Win" (CT "0") (T "1")
L 10/07/2019 - 12:35:37: World triggered "Round_End"
L 10/07/2019 - 12:35:48: "Gho$T<5><VALVE_ID_LAN><TERRORIST>" say "ative o log"
L 10/07/2019 - 12:35:51: "Gho$T<5><VALVE_ID_LAN><TERRORIST>" triggered "Spawned_With_The_Bomb"
L 10/07/2019 - 12:35:51: World triggered "Round_Start"
L 10/07/2019 - 12:35:51: "INDIO de ferias<1><VALVE_ID_LOOPBACK><CT>" triggered "weaponstats" (weapon "aug") (shots "1") (hits "0") (kills "0") (headshots "0") (tks "0") (damage "0") (deaths "1")
L 10/07/2019 - 12:35:51: "INDIO de ferias<1><VALVE_ID_LOOPBACK><CT>" triggered "weaponstats2" (weapon "aug") (head "0") (chest "0") (stomach "0") (leftarm "0") (rightarm "0") (leftleg "0") (rightleg "0")
L 10/07/2019 - 12:35:51: "INDIO de ferias<1><VALVE_ID_LOOPBACK><CT>" triggered "time" (time "0:45")
L 10/07/2019 - 12:35:51: "INDIO de ferias<1><VALVE_ID_LOOPBACK><CT>" triggered "latency" (ping "0")
L 10/07/2019 - 12:35:51: "Calcas Peludas<2><VALVE_ID_LAN><TERRORIST>" triggered "weaponstats" (weapon "aug") (shots "22") (hits "7") (kills "2") (headshots "1") (tks "0") (damage "303") (deaths "0")
L 10/07/2019 - 12:35:51: "Calcas Peludas<2><VALVE_ID_LAN><TERRORIST>" triggered "weaponstats2" (weapon "aug") (head "1") (chest "1") (stomach "1") (leftarm "3") (rightarm "0") (leftleg "1") (rightleg "0")
L 10/07/2019 - 12:35:51: "Calcas Peludas<2><VALVE_ID_LAN><TERRORIST>" triggered "time" (time "0:26")
L 10/07/2019 - 12:35:51: "Calcas Peludas<2><VALVE_ID_LAN><TERRORIST>" triggered "latency" (ping "0")
L 10/07/2019 - 12:35:51: "Gho$T<5><VALVE_ID_LAN><TERRORIST>" triggered "time" (time "0:14")
L 10/07/2019 - 12:35:51: "Gho$T<5><VALVE_ID_LAN><TERRORIST>" triggered "latency" (ping "0")
L 10/07/2019 - 12:35:51: [META] ini: Begin re-reading plugins list: c:/valve/cstrike/addons/metamod/plugins.ini
L 10/07/2019 - 12:35:51: [META] ini: Read plugin config for: AMX
L 10/07/2019 - 12:35:51: [META] ini: Read plugin config for: WinHL-Booster
L 10/07/2019 - 12:35:51: [META] ERROR: ini: Skipping plugin, couldn't stat file 'addons/hlguard/dlls/hlguard_mm_nightly.dll': No such file or directory
L 10/07/2019 - 12:35:51: [META] ini: Read plugin config for: WebMod
L 10/07/2019 - 12:35:51: [META] ini: Finished reading plugins list: c:/valve/cstrike/addons/metamod/plugins.ini; Found 3 plugins
L 10/07/2019 - 12:35:51: [META] dll: Updating plugins...
L 10/07/2019 - 12:35:51: [META] ERROR: dll: Failed query plugin '<hlguard_mm_nightly.dll>'; Couldn't open file 'addons/hlguard/dlls/hlguard_mm_nightly.dll': Não foi possível encontrar o módulo especificado.

L 10/07/2019 - 12:35:51: [META] ERROR: dll: Skipping plugin '<hlguard_mm_nightly.dll>'; couldn't query
L 10/07/2019 - 12:35:51: [META] dll: Finished updating 6 plugins; kept 3, loaded 0, unloaded 0, reloaded 0, delayed 0
L 10/07/2019 - 12:35:51: "INDIO de ferias<-1><><CT>" disconnected
L 10/07/2019 - 12:35:51: "Calcas Peludas<-1><><TERRORIST>" disconnected
L 10/07/2019 - 12:35:51: "Gho$T<-1><><TERRORIST>" triggered "Dropped_The_Bomb"
L 10/07/2019 - 12:35:51: "Gho$T<-1><><TERRORIST>" disconnected
L 10/07/2019 - 12:35:51: "XXBOT Shark<-1><><CT>" disconnected
L 10/07/2019 - 12:35:51: World triggered "Round_Draw" (CT "0") (T "1")
L 10/07/2019 - 12:35:51: World triggered "Round_End"
L 10/07/2019 - 12:35:51: Server shutdown
L 10/07/2019 - 12:35:51: Log file closed
