L 10/18/2019 - 12:48:46: Log file started (file "logs\L1018003.log") (game "cstrike") (version "47/1.1.2.2/2603")
L 10/18/2019 - 12:48:49: "Cap Billy<20><VALVE_ID_LAN><CT>" say_team "FIK"
L 10/18/2019 - 12:48:59: "Gho$T<23><VALVE_ID_LAN><TERRORIST>" killed "@te<22><VALVE_ID_LAN><CT>" with "glock18"
L 10/18/2019 - 12:49:03: "Jack<21><VALVE_ID_LAN><CT>" killed "Calcas Peludas<19><VALVE_ID_LAN><TERRORIST>" with "glock18"
L 10/18/2019 - 12:49:04: "INDIO de ferias<25><VALVE_ID_LAN><CT>" killed "Gho$T<23><VALVE_ID_LAN><TERRORIST>" with "glock18"
L 10/18/2019 - 12:49:07: "Cap Billy<20><VALVE_ID_LAN><CT>" killed "Smolder<24><VALVE_ID_LAN><TERRORIST>" with "glock18"
L 10/18/2019 - 12:49:08: "Cap Billy<20><VALVE_ID_LAN><CT>" killed "CEIFADOR<17><VALVE_ID_LOOPBACK><TERRORIST>" with "glock18"
L 10/18/2019 - 12:49:11: Team "CT" scored "10" with "5" players
L 10/18/2019 - 12:49:11: Team "TERRORIST" scored "8" with "5" players
L 10/18/2019 - 12:49:15: "CEIFADOR<17><VALVE_ID_LOOPBACK><TERRORIST>" triggered "weaponstats" (weapon "glock18") (shots "202") (hits "80") (kills "13") (headshots "8") (tks "0") (damage "1619") (deaths "15")
L 10/18/2019 - 12:49:15: "CEIFADOR<17><VALVE_ID_LOOPBACK><TERRORIST>" triggered "weaponstats2" (weapon "glock18") (head "13") (chest "11") (stomach "1") (leftarm "29") (rightarm "22") (leftleg "0") (rightleg "4")
L 10/18/2019 - 12:49:15: "CEIFADOR<17><VALVE_ID_LOOPBACK><TERRORIST>" triggered "weaponstats" (weapon "knife") (shots "1") (hits "0") (kills "0") (headshots "0") (tks "0") (damage "0") (deaths "0")
L 10/18/2019 - 12:49:15: "CEIFADOR<17><VALVE_ID_LOOPBACK><TERRORIST>" triggered "weaponstats2" (weapon "knife") (head "0") (chest "0") (stomach "0") (leftarm "0") (rightarm "0") (leftleg "0") (rightleg "0")
L 10/18/2019 - 12:49:15: "CEIFADOR<17><VALVE_ID_LOOPBACK><TERRORIST>" triggered "time" (time "10:10")
L 10/18/2019 - 12:49:15: "CEIFADOR<17><VALVE_ID_LOOPBACK><TERRORIST>" triggered "latency" (ping "0")
L 10/18/2019 - 12:49:15: "Kitkat<18><VALVE_ID_LAN><CT>" triggered "weaponstats" (weapon "glock18") (shots "242") (hits "62") (kills "7") (headshots "6") (tks "0") (damage "1265") (deaths "11")
L 10/18/2019 - 12:49:15: "Kitkat<18><VALVE_ID_LAN><CT>" triggered "weaponstats2" (weapon "glock18") (head "14") (chest "6") (stomach "3") (leftarm "25") (rightarm "13") (leftleg "0") (rightleg "1")
L 10/18/2019 - 12:49:15: "Kitkat<18><VALVE_ID_LAN><CT>" triggered "weaponstats" (weapon "knife") (shots "2") (hits "1") (kills "1") (headshots "0") (tks "0") (damage "55") (deaths "0")
L 10/18/2019 - 12:49:15: "Kitkat<18><VALVE_ID_LAN><CT>" triggered "weaponstats2" (weapon "knife") (head "0") (chest "0") (stomach "0") (leftarm "0") (rightarm "1") (leftleg "0") (rightleg "0")
L 10/18/2019 - 12:49:15: "Kitkat<18><VALVE_ID_LAN><CT>" triggered "time" (time "10:08")
L 10/18/2019 - 12:49:15: "Kitkat<18><VALVE_ID_LAN><CT>" triggered "latency" (ping "6")
L 10/18/2019 - 12:49:15: "Calcas Peludas<19><VALVE_ID_LAN><TERRORIST>" triggered "weaponstats" (weapon "glock18") (shots "306") (hits "115") (kills "19") (headshots "12") (tks "0") (damage "2581") (deaths "12")
L 10/18/2019 - 12:49:15: "Calcas Peludas<19><VALVE_ID_LAN><TERRORIST>" triggered "weaponstats2" (weapon "glock18") (head "23") (chest "16") (stomach "12") (leftarm "34") (rightarm "24") (leftleg "4") (rightleg "2")
L 10/18/2019 - 12:49:15: "Calcas Peludas<19><VALVE_ID_LAN><TERRORIST>" triggered "weaponstats" (weapon "knife") (shots "10") (hits "2") (kills "1") (headshots "1") (tks "0") (damage "315") (deaths "2")
L 10/18/2019 - 12:49:15: "Calcas Peludas<19><VALVE_ID_LAN><TERRORIST>" triggered "weaponstats2" (weapon "knife") (head "1") (chest "0") (stomach "0") (leftarm "0") (rightarm "1") (leftleg "0") (rightleg "0")
L 10/18/2019 - 12:49:15: "Calcas Peludas<19><VALVE_ID_LAN><TERRORIST>" triggered "time" (time "10:07")
L 10/18/2019 - 12:49:15: "Calcas Peludas<19><VALVE_ID_LAN><TERRORIST>" triggered "latency" (ping "17")
L 10/18/2019 - 12:49:15: "Cap Billy<20><VALVE_ID_LAN><CT>" triggered "weaponstats" (weapon "glock18") (shots "308") (hits "114") (kills "25") (headshots "15") (tks "0") (damage "2909") (deaths "11")
L 10/18/2019 - 12:49:15: "Cap Billy<20><VALVE_ID_LAN><CT>" triggered "weaponstats2" (weapon "glock18") (head "26") (chest "24") (stomach "5") (leftarm "32") (rightarm "21") (leftleg "2") (rightleg "4")
L 10/18/2019 - 12:49:15: "Cap Billy<20><VALVE_ID_LAN><CT>" triggered "weaponstats" (weapon "knife") (shots "3") (hits "1") (kills "1") (headshots "1") (tks "0") (damage "260") (deaths "0")
L 10/18/2019 - 12:49:15: "Cap Billy<20><VALVE_ID_LAN><CT>" triggered "weaponstats2" (weapon "knife") (head "1") (chest "0") (stomach "0") (leftarm "0") (rightarm "0") (leftleg "0") (rightleg "0")
L 10/18/2019 - 12:49:15: "Cap Billy<20><VALVE_ID_LAN><CT>" triggered "time" (time "10:07")
L 10/18/2019 - 12:49:15: "Cap Billy<20><VALVE_ID_LAN><CT>" triggered "latency" (ping "11")
L 10/18/2019 - 12:49:15: "Jack<21><VALVE_ID_LAN><CT>" triggered "weaponstats" (weapon "glock18") (shots "197") (hits "84") (kills "13") (headshots "10") (tks "0") (damage "1862") (deaths "12")
L 10/18/2019 - 12:49:15: "Jack<21><VALVE_ID_LAN><CT>" triggered "weaponstats2" (weapon "glock18") (head "15") (chest "13") (stomach "7") (leftarm "34") (rightarm "14") (leftleg "0") (rightleg "1")
L 10/18/2019 - 12:49:15: "Jack<21><VALVE_ID_LAN><CT>" triggered "weaponstats" (weapon "knife") (shots "5") (hits "2") (kills "1") (headshots "0") (tks "0") (damage "110") (deaths "2")
L 10/18/2019 - 12:49:15: "Jack<21><VALVE_ID_LAN><CT>" triggered "weaponstats2" (weapon "knife") (head "0") (chest "1") (stomach "0") (leftarm "0") (rightarm "1") (leftleg "0") (rightleg "0")
L 10/18/2019 - 12:49:15: "Jack<21><VALVE_ID_LAN><CT>" triggered "time" (time "10:06")
L 10/18/2019 - 12:49:15: "Jack<21><VALVE_ID_LAN><CT>" triggered "latency" (ping "11")
L 10/18/2019 - 12:49:15: "@te<22><VALVE_ID_LAN><CT>" triggered "weaponstats" (weapon "glock18") (shots "193") (hits "54") (kills "7") (headshots "3") (tks "0") (damage "951") (deaths "8")
L 10/18/2019 - 12:49:15: "@te<22><VALVE_ID_LAN><CT>" triggered "weaponstats2" (weapon "glock18") (head "5") (chest "10") (stomach "4") (leftarm "20") (rightarm "8") (leftleg "3") (rightleg "4")
L 10/18/2019 - 12:49:15: "@te<22><VALVE_ID_LAN><CT>" triggered "weaponstats" (weapon "knife") (shots "4") (hits "2") (kills "1") (headshots "1") (tks "0") (damage "110") (deaths "3")
L 10/18/2019 - 12:49:15: "@te<22><VALVE_ID_LAN><CT>" triggered "weaponstats2" (weapon "knife") (head "2") (chest "0") (stomach "0") (leftarm "0") (rightarm "0") (leftleg "0") (rightleg "0")
L 10/18/2019 - 12:49:15: "@te<22><VALVE_ID_LAN><CT>" triggered "time" (time "10:05")
L 10/18/2019 - 12:49:15: "@te<22><VALVE_ID_LAN><CT>" triggered "latency" (ping "10")
L 10/18/2019 - 12:49:15: "Gho$T<23><VALVE_ID_LAN><TERRORIST>" triggered "weaponstats" (weapon "glock18") (shots "259") (hits "78") (kills "6") (headshots "6") (tks "0") (damage "1520") (deaths "15")
L 10/18/2019 - 12:49:15: "Gho$T<23><VALVE_ID_LAN><TERRORIST>" triggered "weaponstats2" (weapon "glock18") (head "9") (chest "15") (stomach "7") (leftarm "26") (rightarm "19") (leftleg "1") (rightleg "1")
L 10/18/2019 - 12:49:15: "Gho$T<23><VALVE_ID_LAN><TERRORIST>" triggered "weaponstats" (weapon "knife") (shots "4") (hits "0") (kills "0") (headshots "0") (tks "0") (damage "0") (deaths "1")
L 10/18/2019 - 12:49:15: "Gho$T<23><VALVE_ID_LAN><TERRORIST>" triggered "weaponstats2" (weapon "knife") (head "0") (chest "0") (stomach "0") (leftarm "0") (rightarm "0") (leftleg "0") (rightleg "0")
L 10/18/2019 - 12:49:15: "Gho$T<23><VALVE_ID_LAN><TERRORIST>" triggered "time" (time "10:02")
L 10/18/2019 - 12:49:15: "Gho$T<23><VALVE_ID_LAN><TERRORIST>" triggered "latency" (ping "15")
L 10/18/2019 - 12:49:15: "Smolder<24><VALVE_ID_LAN><TERRORIST>" triggered "weaponstats" (weapon "glock18") (shots "236") (hits "80") (kills "19") (headshots "14") (tks "0") (damage "2412") (deaths "10")
L 10/18/2019 - 12:49:15: "Smolder<24><VALVE_ID_LAN><TERRORIST>" triggered "weaponstats2" (weapon "glock18") (head "24") (chest "14") (stomach "4") (leftarm "16") (rightarm "22") (leftleg "0") (rightleg "0")
L 10/18/2019 - 12:49:15: "Smolder<24><VALVE_ID_LAN><TERRORIST>" triggered "weaponstats" (weapon "knife") (shots "3") (hits "1") (kills "0") (headshots "0") (tks "0") (damage "55") (deaths "5")
L 10/18/2019 - 12:49:15: "Smolder<24><VALVE_ID_LAN><TERRORIST>" triggered "weaponstats2" (weapon "knife") (head "0") (chest "0") (stomach "0") (leftarm "0") (rightarm "1") (leftleg "0") (rightleg "0")
L 10/18/2019 - 12:49:15: "Smolder<24><VALVE_ID_LAN><TERRORIST>" triggered "time" (time "9:58")
L 10/18/2019 - 12:49:15: "Smolder<24><VALVE_ID_LAN><TERRORIST>" triggered "latency" (ping "11")
L 10/18/2019 - 12:49:15: "INDIO de ferias<25><VALVE_ID_LAN><CT>" triggered "weaponstats" (weapon "glock18") (shots "240") (hits "93") (kills "14") (headshots "11") (tks "0") (damage "2122") (deaths "13")
L 10/18/2019 - 12:49:15: "INDIO de ferias<25><VALVE_ID_LAN><CT>" triggered "weaponstats2" (weapon "glock18") (head "20") (chest "12") (stomach "4") (leftarm "37") (rightarm "13") (leftleg "0") (rightleg "7")
L 10/18/2019 - 12:49:15: "INDIO de ferias<25><VALVE_ID_LAN><CT>" triggered "time" (time "9:47")
L 10/18/2019 - 12:49:15: "INDIO de ferias<25><VALVE_ID_LAN><CT>" triggered "latency" (ping "7")
L 10/18/2019 - 12:49:15: [META] ini: Begin re-reading plugins list: c:/valve/cstrike/addons/metamod/plugins.ini
L 10/18/2019 - 12:49:15: [META] ini: Read plugin config for: AMX
L 10/18/2019 - 12:49:15: [META] ini: Read plugin config for: WinHL-Booster
L 10/18/2019 - 12:49:15: [META] ERROR: ini: Skipping plugin, couldn't stat file 'addons/hlguard/dlls/hlguard_mm_nightly.dll': No such file or directory
L 10/18/2019 - 12:49:15: [META] ini: Read plugin config for: WebMod
L 10/18/2019 - 12:49:15: [META] ini: Finished reading plugins list: c:/valve/cstrike/addons/metamod/plugins.ini; Found 3 plugins
L 10/18/2019 - 12:49:15: [META] dll: Updating plugins...
L 10/18/2019 - 12:49:15: [META] ERROR: dll: Failed query plugin '<hlguard_mm_nightly.dll>'; Couldn't open file 'addons/hlguard/dlls/hlguard_mm_nightly.dll': Não foi possível encontrar o módulo especificado.

L 10/18/2019 - 12:49:15: [META] ERROR: dll: Skipping plugin '<hlguard_mm_nightly.dll>'; couldn't query
L 10/18/2019 - 12:49:15: [META] dll: Finished updating 6 plugins; kept 3, loaded 0, unloaded 0, reloaded 0, delayed 0
L 10/18/2019 - 12:49:15: Server shutdown
L 10/18/2019 - 12:49:15: Log file closed
