L 10/24/2019 - 12:35:11: Log file started (file "logs\L1024001.log") (game "cstrike") (version "47/1.1.2.2/2603")
L 10/24/2019 - 12:35:13: "Smolder<8><VALVE_ID_LAN><TERRORIST>" killed "INDIO de ferias<14><VALVE_ID_LAN><CT>" with "xm1014"
L 10/24/2019 - 12:35:19: "Kitkat<12><VALVE_ID_LAN><CT>" killed "Smolder<8><VALVE_ID_LAN><TERRORIST>" with "knife"
L 10/24/2019 - 12:35:23: "INDIO de ferias<14><VALVE_ID_LAN><CT>" say "kkkkkkkkk" (dead)
L 10/24/2019 - 12:35:23: "Cap Billy<7><VALVE_ID_LAN><CT>" say "EITAAAAAAAAAAAAAA" (dead)
L 10/24/2019 - 12:35:33: "Cap Billy<7><VALVE_ID_LAN><CT>" say "LA DOSE FOI APLICADA" (dead)
L 10/24/2019 - 12:35:36: "Jberr<9><VALVE_ID_LAN><TERRORIST>" killed "Kitkat<12><VALVE_ID_LAN><CT>" with "aug"
L 10/24/2019 - 12:35:36: Team "TERRORIST" triggered "Terrorists_Win" (CT "18") (T "6")
L 10/24/2019 - 12:35:36: World triggered "Round_End"
L 10/24/2019 - 12:35:37: "INDIO de ferias<14><VALVE_ID_LAN><CT>" say "colca um bot" (dead)
L 10/24/2019 - 12:35:39: "Jack<15><VALVE_ID_LAN><>" connected, address "10.15.2.45:27005"
L 10/24/2019 - 12:35:41: World triggered "Round_Start"
L 10/24/2019 - 12:35:42: "INDIO de ferias<14><VALVE_ID_LAN><CT>" say "kkk"
L 10/24/2019 - 12:35:42: "Jack<15><VALVE_ID_LAN><>" entered the game
L 10/24/2019 - 12:35:48: "Jack<15><VALVE_ID_LAN><>" joined team "CT"
L 10/24/2019 - 12:35:52: "Kitkat<12><VALVE_ID_LAN><CT>" killed "Jberr<9><VALVE_ID_LAN><TERRORIST>" with "m249"
L 10/24/2019 - 12:35:57: "CEIFADOR<6><VALVE_ID_LOOPBACK><TERRORIST>" killed "INDIO de ferias<14><VALVE_ID_LAN><CT>" with "ak47"
L 10/24/2019 - 12:35:57: "Jack<15><VALVE_ID_LAN><CT>" killed "Smolder<8><VALVE_ID_LAN><TERRORIST>" with "aug"
L 10/24/2019 - 12:36:02: "CEIFADOR<6><VALVE_ID_LOOPBACK><TERRORIST>" killed "Jack<15><VALVE_ID_LAN><CT>" with "ak47"
L 10/24/2019 - 12:36:05: "Cap Billy<7><VALVE_ID_LAN><CT>" killed "CEIFADOR<6><VALVE_ID_LOOPBACK><TERRORIST>" with "m4a1"
L 10/24/2019 - 12:36:05: Team "CT" triggered "CTs_Win" (CT "19") (T "6")
L 10/24/2019 - 12:36:05: World triggered "Round_End"
L 10/24/2019 - 12:36:10: World triggered "Round_Start"
L 10/24/2019 - 12:36:14: "Smolder<8><VALVE_ID_LAN><TERRORIST>" killed "Cap Billy<7><VALVE_ID_LAN><CT>" with "mp5navy"
L 10/24/2019 - 12:36:15: "XXBOT Wolf<16><BOT><>" joined team "TERRORIST"
L 10/24/2019 - 12:36:15: Server cvar "bot_quota" = "1"
L 10/24/2019 - 12:36:15: "XXBOT Wolf<16><BOT><>" entered the game
L 10/24/2019 - 12:36:17: "INDIO de ferias<14><VALVE_ID_LAN><CT>" killed "Jberr<9><VALVE_ID_LAN><TERRORIST>" with "mp5navy"
L 10/24/2019 - 12:36:19: "CEIFADOR<6><VALVE_ID_LOOPBACK><TERRORIST>" killed "Kitkat<12><VALVE_ID_LAN><CT>" with "m4a1"
L 10/24/2019 - 12:36:20: "Jack<15><VALVE_ID_LAN><CT>" killed "XXBOT Wolf<16><BOT><TERRORIST>" with "mac10"
L 10/24/2019 - 12:36:20: "Smolder<8><VALVE_ID_LAN><TERRORIST>" killed "Jack<15><VALVE_ID_LAN><CT>" with "knife"
L 10/24/2019 - 12:36:23: "Smolder<8><VALVE_ID_LAN><TERRORIST>" killed "INDIO de ferias<14><VALVE_ID_LAN><CT>" with "mp5navy"
L 10/24/2019 - 12:36:23: Team "TERRORIST" triggered "Terrorists_Win" (CT "19") (T "7")
L 10/24/2019 - 12:36:23: World triggered "Round_End"
L 10/24/2019 - 12:36:24: Server cvar "amx_nextmap" = "fy_stoneworld"
L 10/24/2019 - 12:36:28: World triggered "Round_Start"
L 10/24/2019 - 12:36:31: "Cap Billy<7><VALVE_ID_LAN><CT>" killed "Smolder<8><VALVE_ID_LAN><TERRORIST>" with "aug"
L 10/24/2019 - 12:36:32: "XXBOT Wolf<16><BOT><TERRORIST>" killed "Cap Billy<7><VALVE_ID_LAN><CT>" with "glock18"
L 10/24/2019 - 12:36:35: "XXBOT Wolf<16><BOT><TERRORIST>" killed "Kitkat<12><VALVE_ID_LAN><CT>" with "glock18"
L 10/24/2019 - 12:36:36: "XXBOT Wolf<16><BOT><TERRORIST>" killed "Jack<15><VALVE_ID_LAN><CT>" with "glock18"
L 10/24/2019 - 12:36:39: "CEIFADOR<6><VALVE_ID_LOOPBACK><TERRORIST>" killed "INDIO de ferias<14><VALVE_ID_LAN><CT>" with "m4a1"
L 10/24/2019 - 12:36:39: Team "TERRORIST" triggered "Terrorists_Win" (CT "19") (T "8")
L 10/24/2019 - 12:36:39: World triggered "Round_End"
L 10/24/2019 - 12:36:44: World triggered "Round_Start"
L 10/24/2019 - 12:36:46: "Cap Billy<7><VALVE_ID_LAN><CT>" killed "Jberr<9><VALVE_ID_LAN><TERRORIST>" with "mp5navy"
L 10/24/2019 - 12:36:49: "CEIFADOR<6><VALVE_ID_LOOPBACK><TERRORIST>" killed "INDIO de ferias<14><VALVE_ID_LAN><CT>" with "m4a1"
L 10/24/2019 - 12:36:50: "CEIFADOR<6><VALVE_ID_LOOPBACK><TERRORIST>" killed "Kitkat<12><VALVE_ID_LAN><CT>" with "m4a1"
L 10/24/2019 - 12:36:57: "CEIFADOR<6><VALVE_ID_LOOPBACK><TERRORIST>" killed "Cap Billy<7><VALVE_ID_LAN><CT>" with "ak47"
L 10/24/2019 - 12:37:03: "CEIFADOR<6><VALVE_ID_LOOPBACK><TERRORIST>" killed "Jack<15><VALVE_ID_LAN><CT>" with "ak47"
L 10/24/2019 - 12:37:03: Team "TERRORIST" triggered "Terrorists_Win" (CT "19") (T "9")
L 10/24/2019 - 12:37:03: World triggered "Round_End"
L 10/24/2019 - 12:37:08: World triggered "Round_Start"
L 10/24/2019 - 12:37:12: "Cap Billy<7><VALVE_ID_LAN><CT>" killed "XXBOT Wolf<16><BOT><TERRORIST>" with "m249"
L 10/24/2019 - 12:37:12: "Jack<15><VALVE_ID_LAN><CT>" killed "Jberr<9><VALVE_ID_LAN><TERRORIST>" with "xm1014"
L 10/24/2019 - 12:37:13: "CEIFADOR<6><VALVE_ID_LOOPBACK><TERRORIST>" killed "Jack<15><VALVE_ID_LAN><CT>" with "m4a1"
L 10/24/2019 - 12:37:15: "Cap Billy<7><VALVE_ID_LAN><CT>" killed "CEIFADOR<6><VALVE_ID_LOOPBACK><TERRORIST>" with "xm1014"
L 10/24/2019 - 12:37:19: "Cap Billy<7><VALVE_ID_LAN><CT>" killed "Smolder<8><VALVE_ID_LAN><TERRORIST>" with "xm1014"
L 10/24/2019 - 12:37:19: Team "CT" triggered "CTs_Win" (CT "20") (T "9")
L 10/24/2019 - 12:37:19: World triggered "Round_End"
L 10/24/2019 - 12:37:24: World triggered "Round_Start"
L 10/24/2019 - 12:37:28: "CEIFADOR<6><VALVE_ID_LOOPBACK><TERRORIST>" killed "Kitkat<12><VALVE_ID_LAN><CT>" with "xm1014"
L 10/24/2019 - 12:37:28: "Smolder<8><VALVE_ID_LAN><TERRORIST>" killed "Cap Billy<7><VALVE_ID_LAN><CT>" with "m3"
L 10/24/2019 - 12:37:29: "INDIO de ferias<14><VALVE_ID_LAN><CT>" killed "Jberr<9><VALVE_ID_LAN><TERRORIST>" with "m4a1"
L 10/24/2019 - 12:37:30: "Jack<15><VALVE_ID_LAN><CT>" killed "Smolder<8><VALVE_ID_LAN><TERRORIST>" with "mac10"
L 10/24/2019 - 12:37:32: "Jack<15><VALVE_ID_LAN><CT>" killed "XXBOT Wolf<16><BOT><TERRORIST>" with "mac10"
L 10/24/2019 - 12:37:34: "CEIFADOR<6><VALVE_ID_LOOPBACK><TERRORIST>" killed "INDIO de ferias<14><VALVE_ID_LAN><CT>" with "xm1014"
L 10/24/2019 - 12:37:38: "CEIFADOR<6><VALVE_ID_LOOPBACK><TERRORIST>" killed "Jack<15><VALVE_ID_LAN><CT>" with "xm1014"
L 10/24/2019 - 12:37:38: Team "TERRORIST" triggered "Terrorists_Win" (CT "20") (T "10")
L 10/24/2019 - 12:37:38: World triggered "Round_End"
L 10/24/2019 - 12:37:43: World triggered "Round_Start"
L 10/24/2019 - 12:37:49: "Kitkat<12><VALVE_ID_LAN><CT>" killed "Jberr<9><VALVE_ID_LAN><TERRORIST>" with "xm1014"
L 10/24/2019 - 12:37:49: "Kitkat<12><VALVE_ID_LAN><CT>" killed "CEIFADOR<6><VALVE_ID_LOOPBACK><TERRORIST>" with "xm1014"
L 10/24/2019 - 12:37:51: "Cap Billy<7><VALVE_ID_LAN><CT>" killed "XXBOT Wolf<16><BOT><TERRORIST>" with "m4a1"
L 10/24/2019 - 12:37:53: "Smolder<8><VALVE_ID_LAN><TERRORIST>" killed "Kitkat<12><VALVE_ID_LAN><CT>" with "ak47"
L 10/24/2019 - 12:37:57: "Smolder<8><VALVE_ID_LAN><TERRORIST>" killed "Cap Billy<7><VALVE_ID_LAN><CT>" with "ak47"
L 10/24/2019 - 12:37:58: "Smolder<8><VALVE_ID_LAN><TERRORIST>" killed "INDIO de ferias<14><VALVE_ID_LAN><CT>" with "ak47"
L 10/24/2019 - 12:38:00: "Jack<15><VALVE_ID_LAN><CT>" killed "Smolder<8><VALVE_ID_LAN><TERRORIST>" with "xm1014"
L 10/24/2019 - 12:38:00: Team "CT" triggered "CTs_Win" (CT "21") (T "10")
L 10/24/2019 - 12:38:00: World triggered "Round_End"
L 10/24/2019 - 12:38:05: World triggered "Round_Start"
L 10/24/2019 - 12:38:09: "CEIFADOR<6><VALVE_ID_LOOPBACK><TERRORIST>" killed "INDIO de ferias<14><VALVE_ID_LAN><CT>" with "aug"
L 10/24/2019 - 12:38:11: "XXBOT Wolf<16><BOT><TERRORIST>" killed "Cap Billy<7><VALVE_ID_LAN><CT>" with "glock18"
L 10/24/2019 - 12:38:12: "Kitkat<12><VALVE_ID_LAN><CT>" killed "CEIFADOR<6><VALVE_ID_LOOPBACK><TERRORIST>" with "mac10"
L 10/24/2019 - 12:38:12: "Jack<15><VALVE_ID_LAN><CT>" killed "XXBOT Wolf<16><BOT><TERRORIST>" with "xm1014"
L 10/24/2019 - 12:38:13: "Jberr<9><VALVE_ID_LAN><TERRORIST>" killed "Kitkat<12><VALVE_ID_LAN><CT>" with "mac10"
L 10/24/2019 - 12:38:17: Team "CT" scored "21" with "4" players
L 10/24/2019 - 12:38:17: Team "TERRORIST" scored "10" with "4" players
L 10/24/2019 - 12:38:22: "CEIFADOR<6><VALVE_ID_LOOPBACK><TERRORIST>" triggered "weaponstats" (weapon "grenade") (shots "6") (hits "7") (kills "0") (headshots "0") (tks "0") (damage "342") (deaths "0")
L 10/24/2019 - 12:38:22: "CEIFADOR<6><VALVE_ID_LOOPBACK><TERRORIST>" triggered "weaponstats2" (weapon "grenade") (head "0") (chest "0") (stomach "0") (leftarm "0") (rightarm "0") (leftleg "0") (rightleg "0")
L 10/24/2019 - 12:38:22: "CEIFADOR<6><VALVE_ID_LOOPBACK><TERRORIST>" triggered "weaponstats" (weapon "xm1014") (shots "49") (hits "22") (kills "8") (headshots "1") (tks "0") (damage "1138") (deaths "6")
L 10/24/2019 - 12:38:22: "CEIFADOR<6><VALVE_ID_LOOPBACK><TERRORIST>" triggered "weaponstats2" (weapon "xm1014") (head "2") (chest "2") (stomach "1") (leftarm "8") (rightarm "2") (leftleg "3") (rightleg "4")
L 10/24/2019 - 12:38:22: "CEIFADOR<6><VALVE_ID_LOOPBACK><TERRORIST>" triggered "weaponstats" (weapon "mac10") (shots "32") (hits "4") (kills "2") (headshots "1") (tks "0") (damage "231") (deaths "0")
L 10/24/2019 - 12:38:22: "CEIFADOR<6><VALVE_ID_LOOPBACK><TERRORIST>" triggered "weaponstats2" (weapon "mac10") (head "2") (chest "0") (stomach "0") (leftarm "1") (rightarm "1") (leftleg "0") (rightleg "0")
L 10/24/2019 - 12:38:22: "CEIFADOR<6><VALVE_ID_LOOPBACK><TERRORIST>" triggered "weaponstats" (weapon "aug") (shots "57") (hits "11") (kills "3") (headshots "2") (tks "0") (damage "489") (deaths "5")
L 10/24/2019 - 12:38:22: "CEIFADOR<6><VALVE_ID_LOOPBACK><TERRORIST>" triggered "weaponstats2" (weapon "aug") (head "2") (chest "2") (stomach "0") (leftarm "6") (rightarm "1") (leftleg "0") (rightleg "0")
L 10/24/2019 - 12:38:22: "CEIFADOR<6><VALVE_ID_LOOPBACK><TERRORIST>" triggered "weaponstats" (weapon "mp5navy") (shots "6") (hits "3") (kills "0") (headshots "0") (tks "0") (damage "70") (deaths "2")
L 10/24/2019 - 12:38:22: "CEIFADOR<6><VALVE_ID_LOOPBACK><TERRORIST>" triggered "weaponstats2" (weapon "mp5navy") (head "0") (chest "1") (stomach "1") (leftarm "0") (rightarm "0") (leftleg "0") (rightleg "1")
L 10/24/2019 - 12:38:22: "CEIFADOR<6><VALVE_ID_LOOPBACK><TERRORIST>" triggered "weaponstats" (weapon "m3") (shots "4") (hits "4") (kills "2") (headshots "0") (tks "0") (damage "329") (deaths "4")
L 10/24/2019 - 12:38:22: "CEIFADOR<6><VALVE_ID_LOOPBACK><TERRORIST>" triggered "weaponstats2" (weapon "m3") (head "0") (chest "1") (stomach "0") (leftarm "1") (rightarm "0") (leftleg "0") (rightleg "2")
L 10/24/2019 - 12:38:22: "CEIFADOR<6><VALVE_ID_LOOPBACK><TERRORIST>" triggered "weaponstats" (weapon "m4a1") (shots "145") (hits "21") (kills "7") (headshots "5") (tks "0") (damage "1056") (deaths "2")
L 10/24/2019 - 12:38:22: "CEIFADOR<6><VALVE_ID_LOOPBACK><TERRORIST>" triggered "weaponstats2" (weapon "m4a1") (head "5") (chest "4") (stomach "0") (leftarm "8") (rightarm "2") (leftleg "2") (rightleg "0")
L 10/24/2019 - 12:38:22: "CEIFADOR<6><VALVE_ID_LOOPBACK><TERRORIST>" triggered "weaponstats" (weapon "ak47") (shots "59") (hits "18") (kills "5") (headshots "1") (tks "0") (damage "669") (deaths "3")
L 10/24/2019 - 12:38:22: "CEIFADOR<6><VALVE_ID_LOOPBACK><TERRORIST>" triggered "weaponstats2" (weapon "ak47") (head "1") (chest "2") (stomach "3") (leftarm "6") (rightarm "2") (leftleg "1") (rightleg "3")
L 10/24/2019 - 12:38:22: "CEIFADOR<6><VALVE_ID_LOOPBACK><TERRORIST>" triggered "time" (time "10:10")
L 10/24/2019 - 12:38:22: "CEIFADOR<6><VALVE_ID_LOOPBACK><TERRORIST>" triggered "latency" (ping "0")
L 10/24/2019 - 12:38:22: "Cap Billy<7><VALVE_ID_LAN><CT>" triggered "weaponstats" (weapon "grenade") (shots "14") (hits "14") (kills "0") (headshots "0") (tks "0") (damage "455") (deaths "1")
L 10/24/2019 - 12:38:22: "Cap Billy<7><VALVE_ID_LAN><CT>" triggered "weaponstats2" (weapon "grenade") (head "0") (chest "0") (stomach "0") (leftarm "0") (rightarm "0") (leftleg "0") (rightleg "0")
L 10/24/2019 - 12:38:22: "Cap Billy<7><VALVE_ID_LAN><CT>" triggered "weaponstats" (weapon "xm1014") (shots "66") (hits "43") (kills "16") (headshots "4") (tks "0") (damage "2724") (deaths "7")
L 10/24/2019 - 12:38:22: "Cap Billy<7><VALVE_ID_LAN><CT>" triggered "weaponstats2" (weapon "xm1014") (head "5") (chest "1") (stomach "10") (leftarm "12") (rightarm "7") (leftleg "6") (rightleg "2")
L 10/24/2019 - 12:38:22: "Cap Billy<7><VALVE_ID_LAN><CT>" triggered "weaponstats" (weapon "mac10") (shots "27") (hits "11") (kills "3") (headshots "2") (tks "0") (damage "428") (deaths "0")
L 10/24/2019 - 12:38:22: "Cap Billy<7><VALVE_ID_LAN><CT>" triggered "weaponstats2" (weapon "mac10") (head "2") (chest "2") (stomach "1") (leftarm "2") (rightarm "4") (leftleg "0") (rightleg "0")
L 10/24/2019 - 12:38:22: "Cap Billy<7><VALVE_ID_LAN><CT>" triggered "weaponstats" (weapon "aug") (shots "62") (hits "17") (kills "4") (headshots "1") (tks "0") (damage "612") (deaths "2")
L 10/24/2019 - 12:38:22: "Cap Billy<7><VALVE_ID_LAN><CT>" triggered "weaponstats2" (weapon "aug") (head "2") (chest "3") (stomach "2") (leftarm "5") (rightarm "3") (leftleg "0") (rightleg "2")
L 10/24/2019 - 12:38:22: "Cap Billy<7><VALVE_ID_LAN><CT>" triggered "weaponstats" (weapon "usp") (shots "2") (hits "0") (kills "0") (headshots "0") (tks "0") (damage "0") (deaths "0")
L 10/24/2019 - 12:38:22: "Cap Billy<7><VALVE_ID_LAN><CT>" triggered "weaponstats2" (weapon "usp") (head "0") (chest "0") (stomach "0") (leftarm "0") (rightarm "0") (leftleg "0") (rightleg "0")
L 10/24/2019 - 12:38:22: "Cap Billy<7><VALVE_ID_LAN><CT>" triggered "weaponstats" (weapon "mp5navy") (shots "131") (hits "39") (kills "6") (headshots "3") (tks "0") (damage "1025") (deaths "2")
L 10/24/2019 - 12:38:22: "Cap Billy<7><VALVE_ID_LAN><CT>" triggered "weaponstats2" (weapon "mp5navy") (head "4") (chest "7") (stomach "3") (leftarm "11") (rightarm "7") (leftleg "5") (rightleg "2")
L 10/24/2019 - 12:38:22: "Cap Billy<7><VALVE_ID_LAN><CT>" triggered "weaponstats" (weapon "m249") (shots "29") (hits "2") (kills "1") (headshots "1") (tks "0") (damage "160") (deaths "0")
L 10/24/2019 - 12:38:22: "Cap Billy<7><VALVE_ID_LAN><CT>" triggered "weaponstats2" (weapon "m249") (head "1") (chest "0") (stomach "0") (leftarm "0") (rightarm "1") (leftleg "0") (rightleg "0")
L 10/24/2019 - 12:38:22: "Cap Billy<7><VALVE_ID_LAN><CT>" triggered "weaponstats" (weapon "m4a1") (shots "55") (hits "20") (kills "5") (headshots "1") (tks "0") (damage "651") (deaths "2")
L 10/24/2019 - 12:38:22: "Cap Billy<7><VALVE_ID_LAN><CT>" triggered "weaponstats2" (weapon "m4a1") (head "1") (chest "6") (stomach "3") (leftarm "6") (rightarm "2") (leftleg "1") (rightleg "1")
L 10/24/2019 - 12:38:22: "Cap Billy<7><VALVE_ID_LAN><CT>" triggered "weaponstats" (weapon "knife") (shots "6") (hits "1") (kills "0") (headshots "0") (tks "0") (damage "65") (deaths "4")
L 10/24/2019 - 12:38:22: "Cap Billy<7><VALVE_ID_LAN><CT>" triggered "weaponstats2" (weapon "knife") (head "0") (chest "0") (stomach "0") (leftarm "1") (rightarm "0") (leftleg "0") (rightleg "0")
L 10/24/2019 - 12:38:22: "Cap Billy<7><VALVE_ID_LAN><CT>" triggered "time" (time "10:06")
L 10/24/2019 - 12:38:22: "Cap Billy<7><VALVE_ID_LAN><CT>" triggered "latency" (ping "8")
L 10/24/2019 - 12:38:22: "Smolder<8><VALVE_ID_LAN><TERRORIST>" triggered "weaponstats" (weapon "grenade") (shots "2") (hits "1") (kills "0") (headshots "0") (tks "0") (damage "11") (deaths "0")
L 10/24/2019 - 12:38:22: "Smolder<8><VALVE_ID_LAN><TERRORIST>" triggered "weaponstats2" (weapon "grenade") (head "0") (chest "0") (stomach "0") (leftarm "0") (rightarm "0") (leftleg "0") (rightleg "0")
L 10/24/2019 - 12:38:22: "Smolder<8><VALVE_ID_LAN><TERRORIST>" triggered "weaponstats" (weapon "xm1014") (shots "37") (hits "13") (kills "5") (headshots "1") (tks "0") (damage "1088") (deaths "5")
L 10/24/2019 - 12:38:22: "Smolder<8><VALVE_ID_LAN><TERRORIST>" triggered "weaponstats2" (weapon "xm1014") (head "1") (chest "5") (stomach "0") (leftarm "3") (rightarm "0") (leftleg "2") (rightleg "2")
L 10/24/2019 - 12:38:22: "Smolder<8><VALVE_ID_LAN><TERRORIST>" triggered "weaponstats" (weapon "aug") (shots "46") (hits "6") (kills "2") (headshots "1") (tks "0") (damage "249") (deaths "3")
L 10/24/2019 - 12:38:22: "Smolder<8><VALVE_ID_LAN><TERRORIST>" triggered "weaponstats2" (weapon "aug") (head "1") (chest "0") (stomach "1") (leftarm "0") (rightarm "0") (leftleg "0") (rightleg "4")
L 10/24/2019 - 12:38:22: "Smolder<8><VALVE_ID_LAN><TERRORIST>" triggered "weaponstats" (weapon "mp5navy") (shots "88") (hits "19") (kills "5") (headshots "2") (tks "0") (damage "638") (deaths "8")
L 10/24/2019 - 12:38:22: "Smolder<8><VALVE_ID_LAN><TERRORIST>" triggered "weaponstats2" (weapon "mp5navy") (head "2") (chest "3") (stomach "1") (leftarm "8") (rightarm "4") (leftleg "1") (rightleg "0")
L 10/24/2019 - 12:38:22: "Smolder<8><VALVE_ID_LAN><TERRORIST>" triggered "weaponstats" (weapon "m3") (shots "6") (hits "3") (kills "1") (headshots "0") (tks "0") (damage "297") (deaths "1")
L 10/24/2019 - 12:38:22: "Smolder<8><VALVE_ID_LAN><TERRORIST>" triggered "weaponstats2" (weapon "m3") (head "0") (chest "1") (stomach "1") (leftarm "0") (rightarm "1") (leftleg "0") (rightleg "0")
L 10/24/2019 - 12:38:22: "Smolder<8><VALVE_ID_LAN><TERRORIST>" triggered "weaponstats" (weapon "m4a1") (shots "10") (hits "0") (kills "0") (headshots "0") (tks "0") (damage "0") (deaths "2")
L 10/24/2019 - 12:38:22: "Smolder<8><VALVE_ID_LAN><TERRORIST>" triggered "weaponstats2" (weapon "m4a1") (head "0") (chest "0") (stomach "0") (leftarm "0") (rightarm "0") (leftleg "0") (rightleg "0")
L 10/24/2019 - 12:38:22: "Smolder<8><VALVE_ID_LAN><TERRORIST>" triggered "weaponstats" (weapon "g3sg1") (shots "1") (hits "0") (kills "0") (headshots "0") (tks "0") (damage "0") (deaths "0")
L 10/24/2019 - 12:38:22: "Smolder<8><VALVE_ID_LAN><TERRORIST>" triggered "weaponstats2" (weapon "g3sg1") (head "0") (chest "0") (stomach "0") (leftarm "0") (rightarm "0") (leftleg "0") (rightleg "0")
L 10/24/2019 - 12:38:22: "Smolder<8><VALVE_ID_LAN><TERRORIST>" triggered "weaponstats" (weapon "ak47") (shots "53") (hits "18") (kills "6") (headshots "3") (tks "0") (damage "924") (deaths "4")
L 10/24/2019 - 12:38:22: "Smolder<8><VALVE_ID_LAN><TERRORIST>" triggered "weaponstats2" (weapon "ak47") (head "3") (chest "5") (stomach "2") (leftarm "5") (rightarm "2") (leftleg "1") (rightleg "0")
L 10/24/2019 - 12:38:22: "Smolder<8><VALVE_ID_LAN><TERRORIST>" triggered "weaponstats" (weapon "knife") (shots "3") (hits "2") (kills "1") (headshots "0") (tks "0") (damage "260") (deaths "2")
L 10/24/2019 - 12:38:22: "Smolder<8><VALVE_ID_LAN><TERRORIST>" triggered "weaponstats2" (weapon "knife") (head "0") (chest "1") (stomach "0") (leftarm "0") (rightarm "1") (leftleg "0") (rightleg "0")
L 10/24/2019 - 12:38:22: "Smolder<8><VALVE_ID_LAN><TERRORIST>" triggered "time" (time "10:03")
L 10/24/2019 - 12:38:22: "Smolder<8><VALVE_ID_LAN><TERRORIST>" triggered "latency" (ping "5")
L 10/24/2019 - 12:38:22: "Jberr<9><VALVE_ID_LAN><TERRORIST>" triggered "weaponstats" (weapon "xm1014") (shots "20") (hits "7") (kills "2") (headshots "0") (tks "0") (damage "298") (deaths "5")
L 10/24/2019 - 12:38:22: "Jberr<9><VALVE_ID_LAN><TERRORIST>" triggered "weaponstats2" (weapon "xm1014") (head "0") (chest "2") (stomach "1") (leftarm "1") (rightarm "1") (leftleg "2") (rightleg "0")
L 10/24/2019 - 12:38:22: "Jberr<9><VALVE_ID_LAN><TERRORIST>" triggered "weaponstats" (weapon "mac10") (shots "11") (hits "1") (kills "1") (headshots "1") (tks "0") (damage "100") (deaths "3")
L 10/24/2019 - 12:38:22: "Jberr<9><VALVE_ID_LAN><TERRORIST>" triggered "weaponstats2" (weapon "mac10") (head "1") (chest "0") (stomach "0") (leftarm "0") (rightarm "0") (leftleg "0") (rightleg "0")
L 10/24/2019 - 12:38:22: "Jberr<9><VALVE_ID_LAN><TERRORIST>" triggered "weaponstats" (weapon "aug") (shots "22") (hits "1") (kills "1") (headshots "1") (tks "0") (damage "128") (deaths "3")
L 10/24/2019 - 12:38:22: "Jberr<9><VALVE_ID_LAN><TERRORIST>" triggered "weaponstats2" (weapon "aug") (head "1") (chest "0") (stomach "0") (leftarm "0") (rightarm "0") (leftleg "0") (rightleg "0")
L 10/24/2019 - 12:38:22: "Jberr<9><VALVE_ID_LAN><TERRORIST>" triggered "weaponstats" (weapon "glock18") (shots "3") (hits "1") (kills "0") (headshots "0") (tks "0") (damage "27") (deaths "3")
L 10/24/2019 - 12:38:22: "Jberr<9><VALVE_ID_LAN><TERRORIST>" triggered "weaponstats2" (weapon "glock18") (head "0") (chest "0") (stomach "0") (leftarm "0") (rightarm "1") (leftleg "0") (rightleg "0")
L 10/24/2019 - 12:38:22: "Jberr<9><VALVE_ID_LAN><TERRORIST>" triggered "weaponstats" (weapon "awp") (shots "2") (hits "0") (kills "0") (headshots "0") (tks "0") (damage "0") (deaths "1")
L 10/24/2019 - 12:38:22: "Jberr<9><VALVE_ID_LAN><TERRORIST>" triggered "weaponstats2" (weapon "awp") (head "0") (chest "0") (stomach "0") (leftarm "0") (rightarm "0") (leftleg "0") (rightleg "0")
L 10/24/2019 - 12:38:22: "Jberr<9><VALVE_ID_LAN><TERRORIST>" triggered "weaponstats" (weapon "mp5navy") (shots "8") (hits "2") (kills "1") (headshots "1") (tks "0") (damage "164") (deaths "1")
L 10/24/2019 - 12:38:22: "Jberr<9><VALVE_ID_LAN><TERRORIST>" triggered "weaponstats2" (weapon "mp5navy") (head "2") (chest "0") (stomach "0") (leftarm "0") (rightarm "0") (leftleg "0") (rightleg "0")
L 10/24/2019 - 12:38:22: "Jberr<9><VALVE_ID_LAN><TERRORIST>" triggered "weaponstats" (weapon "m3") (shots "3") (hits "2") (kills "0") (headshots "0") (tks "0") (damage "43") (deaths "1")
L 10/24/2019 - 12:38:22: "Jberr<9><VALVE_ID_LAN><TERRORIST>" triggered "weaponstats2" (weapon "m3") (head "0") (chest "0") (stomach "1") (leftarm "0") (rightarm "0") (leftleg "1") (rightleg "0")
L 10/24/2019 - 12:38:22: "Jberr<9><VALVE_ID_LAN><TERRORIST>" triggered "weaponstats" (weapon "m4a1") (shots "6") (hits "2") (kills "0") (headshots "0") (tks "0") (damage "57") (deaths "1")
L 10/24/2019 - 12:38:22: "Jberr<9><VALVE_ID_LAN><TERRORIST>" triggered "weaponstats2" (weapon "m4a1") (head "0") (chest "0") (stomach "0") (leftarm "1") (rightarm "1") (leftleg "0") (rightleg "0")
L 10/24/2019 - 12:38:22: "Jberr<9><VALVE_ID_LAN><TERRORIST>" triggered "weaponstats" (weapon "g3sg1") (shots "9") (hits "4") (kills "2") (headshots "0") (tks "0") (damage "235") (deaths "3")
L 10/24/2019 - 12:38:22: "Jberr<9><VALVE_ID_LAN><TERRORIST>" triggered "weaponstats2" (weapon "g3sg1") (head "0") (chest "1") (stomach "0") (leftarm "0") (rightarm "3") (leftleg "0") (rightleg "0")
L 10/24/2019 - 12:38:22: "Jberr<9><VALVE_ID_LAN><TERRORIST>" triggered "weaponstats" (weapon "ak47") (shots "43") (hits "2") (kills "0") (headshots "0") (tks "0") (damage "73") (deaths "4")
L 10/24/2019 - 12:38:22: "Jberr<9><VALVE_ID_LAN><TERRORIST>" triggered "weaponstats2" (weapon "ak47") (head "0") (chest "0") (stomach "0") (leftarm "1") (rightarm "1") (leftleg "0") (rightleg "0")
L 10/24/2019 - 12:38:22: "Jberr<9><VALVE_ID_LAN><TERRORIST>" triggered "weaponstats" (weapon "p90") (shots "19") (hits "7") (kills "1") (headshots "0") (tks "0") (damage "123") (deaths "1")
L 10/24/2019 - 12:38:22: "Jberr<9><VALVE_ID_LAN><TERRORIST>" triggered "weaponstats2" (weapon "p90") (head "0") (chest "1") (stomach "2") (leftarm "3") (rightarm "1") (leftleg "0") (rightleg "0")
L 10/24/2019 - 12:38:22: "Jberr<9><VALVE_ID_LAN><TERRORIST>" triggered "time" (time "10:01")
L 10/24/2019 - 12:38:22: "Jberr<9><VALVE_ID_LAN><TERRORIST>" triggered "latency" (ping "4")
L 10/24/2019 - 12:38:22: "Jack<15><VALVE_ID_LAN><CT>" triggered "weaponstats" (weapon "grenade") (shots "1") (hits "1") (kills "0") (headshots "0") (tks "0") (damage "46") (deaths "0")
L 10/24/2019 - 12:38:22: "Jack<15><VALVE_ID_LAN><CT>" triggered "weaponstats2" (weapon "grenade") (head "0") (chest "0") (stomach "0") (leftarm "0") (rightarm "0") (leftleg "0") (rightleg "0")
L 10/24/2019 - 12:38:22: "Jack<15><VALVE_ID_LAN><CT>" triggered "weaponstats" (weapon "xm1014") (shots "12") (hits "3") (kills "3") (headshots "0") (tks "0") (damage "245") (deaths "1")
L 10/24/2019 - 12:38:22: "Jack<15><VALVE_ID_LAN><CT>" triggered "weaponstats2" (weapon "xm1014") (head "0") (chest "0") (stomach "0") (leftarm "2") (rightarm "0") (leftleg "1") (rightleg "0")
L 10/24/2019 - 12:38:22: "Jack<15><VALVE_ID_LAN><CT>" triggered "weaponstats" (weapon "mac10") (shots "59") (hits "9") (kills "3") (headshots "1") (tks "0") (damage "298") (deaths "3")
L 10/24/2019 - 12:38:22: "Jack<15><VALVE_ID_LAN><CT>" triggered "weaponstats2" (weapon "mac10") (head "1") (chest "2") (stomach "1") (leftarm "4") (rightarm "0") (leftleg "0") (rightleg "1")
L 10/24/2019 - 12:38:22: "Jack<15><VALVE_ID_LAN><CT>" triggered "weaponstats" (weapon "aug") (shots "21") (hits "4") (kills "1") (headshots "0") (tks "0") (damage "125") (deaths "1")
L 10/24/2019 - 12:38:22: "Jack<15><VALVE_ID_LAN><CT>" triggered "weaponstats2" (weapon "aug") (head "0") (chest "1") (stomach "0") (leftarm "1") (rightarm "2") (leftleg "0") (rightleg "0")
L 10/24/2019 - 12:38:22: "Jack<15><VALVE_ID_LAN><CT>" triggered "weaponstats" (weapon "m4a1") (shots "22") (hits "1") (kills "0") (headshots "0") (tks "0") (damage "18") (deaths "1")
L 10/24/2019 - 12:38:22: "Jack<15><VALVE_ID_LAN><CT>" triggered "weaponstats2" (weapon "m4a1") (head "0") (chest "0") (stomach "1") (leftarm "0") (rightarm "0") (leftleg "0") (rightleg "0")
L 10/24/2019 - 12:38:22: "Jack<15><VALVE_ID_LAN><CT>" triggered "time" (time "2:36")
L 10/24/2019 - 12:38:22: "Jack<15><VALVE_ID_LAN><CT>" triggered "latency" (ping "8")
L 10/24/2019 - 12:38:22: "INDIO de ferias<14><VALVE_ID_LAN><CT>" triggered "weaponstats" (weapon "grenade") (shots "2") (hits "1") (kills "0") (headshots "0") (tks "0") (damage "59") (deaths "0")
L 10/24/2019 - 12:38:22: "INDIO de ferias<14><VALVE_ID_LAN><CT>" triggered "weaponstats2" (weapon "grenade") (head "0") (chest "0") (stomach "0") (leftarm "0") (rightarm "0") (leftleg "0") (rightleg "0")
L 10/24/2019 - 12:38:22: "INDIO de ferias<14><VALVE_ID_LAN><CT>" triggered "weaponstats" (weapon "xm1014") (shots "18") (hits "9") (kills "4") (headshots "1") (tks "0") (damage "594") (deaths "3")
L 10/24/2019 - 12:38:22: "INDIO de ferias<14><VALVE_ID_LAN><CT>" triggered "weaponstats2" (weapon "xm1014") (head "3") (chest "0") (stomach "2") (leftarm "0") (rightarm "0") (leftleg "3") (rightleg "1")
L 10/24/2019 - 12:38:22: "INDIO de ferias<14><VALVE_ID_LAN><CT>" triggered "weaponstats" (weapon "mac10") (shots "1") (hits "0") (kills "0") (headshots "0") (tks "0") (damage "0") (deaths "0")
L 10/24/2019 - 12:38:22: "INDIO de ferias<14><VALVE_ID_LAN><CT>" triggered "weaponstats2" (weapon "mac10") (head "0") (chest "0") (stomach "0") (leftarm "0") (rightarm "0") (leftleg "0") (rightleg "0")
L 10/24/2019 - 12:38:22: "INDIO de ferias<14><VALVE_ID_LAN><CT>" triggered "weaponstats" (weapon "aug") (shots "11") (hits "1") (kills "1") (headshots "0") (tks "0") (damage "30") (deaths "1")
L 10/24/2019 - 12:38:22: "INDIO de ferias<14><VALVE_ID_LAN><CT>" triggered "weaponstats2" (weapon "aug") (head "0") (chest "0") (stomach "0") (leftarm "1") (rightarm "0") (leftleg "0") (rightleg "0")
L 10/24/2019 - 12:38:22: "INDIO de ferias<14><VALVE_ID_LAN><CT>" triggered "weaponstats" (weapon "usp") (shots "1") (hits "0") (kills "0") (headshots "0") (tks "0") (damage "0") (deaths "0")
L 10/24/2019 - 12:38:22: "INDIO de ferias<14><VALVE_ID_LAN><CT>" triggered "weaponstats2" (weapon "usp") (head "0") (chest "0") (stomach "0") (leftarm "0") (rightarm "0") (leftleg "0") (rightleg "0")
L 10/24/2019 - 12:38:22: "INDIO de ferias<14><VALVE_ID_LAN><CT>" triggered "weaponstats" (weapon "mp5navy") (shots "31") (hits "8") (kills "2") (headshots "1") (tks "0") (damage "248") (deaths "2")
L 10/24/2019 - 12:38:22: "INDIO de ferias<14><VALVE_ID_LAN><CT>" triggered "weaponstats2" (weapon "mp5navy") (head "1") (chest "1") (stomach "2") (leftarm "3") (rightarm "1") (leftleg "0") (rightleg "0")
L 10/24/2019 - 12:38:22: "INDIO de ferias<14><VALVE_ID_LAN><CT>" triggered "weaponstats" (weapon "m249") (shots "11") (hits "1") (kills "1") (headshots "1") (tks "0") (damage "116") (deaths "0")
L 10/24/2019 - 12:38:22: "INDIO de ferias<14><VALVE_ID_LAN><CT>" triggered "weaponstats2" (weapon "m249") (head "1") (chest "0") (stomach "0") (leftarm "0") (rightarm "0") (leftleg "0") (rightleg "0")
L 10/24/2019 - 12:38:22: "INDIO de ferias<14><VALVE_ID_LAN><CT>" triggered "weaponstats" (weapon "m4a1") (shots "72") (hits "5") (kills "1") (headshots "1") (tks "0") (damage "216") (deaths "2")
L 10/24/2019 - 12:38:22: "INDIO de ferias<14><VALVE_ID_LAN><CT>" triggered "weaponstats2" (weapon "m4a1") (head "1") (chest "1") (stomach "0") (leftarm "1") (rightarm "0") (leftleg "1") (rightleg "1")
L 10/24/2019 - 12:38:22: "INDIO de ferias<14><VALVE_ID_LAN><CT>" triggered "weaponstats" (weapon "tmp") (shots "15") (hits "5") (kills "1") (headshots "0") (tks "0") (damage "97") (deaths "1")
L 10/24/2019 - 12:38:22: "INDIO de ferias<14><VALVE_ID_LAN><CT>" triggered "weaponstats2" (weapon "tmp") (head "0") (chest "1") (stomach "0") (leftarm "3") (rightarm "1") (leftleg "0") (rightleg "0")
L 10/24/2019 - 12:38:22: "INDIO de ferias<14><VALVE_ID_LAN><CT>" triggered "weaponstats" (weapon "knife") (shots "2") (hits "2") (kills "1") (headshots "0") (tks "0") (damage "130") (deaths "4")
L 10/24/2019 - 12:38:22: "INDIO de ferias<14><VALVE_ID_LAN><CT>" triggered "weaponstats2" (weapon "knife") (head "0") (chest "0") (stomach "0") (leftarm "1") (rightarm "0") (leftleg "0") (rightleg "1")
L 10/24/2019 - 12:38:22: "INDIO de ferias<14><VALVE_ID_LAN><CT>" triggered "time" (time "6:26")
L 10/24/2019 - 12:38:22: "INDIO de ferias<14><VALVE_ID_LAN><CT>" triggered "latency" (ping "11")
L 10/24/2019 - 12:38:22: "Kitkat<12><VALVE_ID_LAN><CT>" triggered "weaponstats" (weapon "xm1014") (shots "21") (hits "12") (kills "4") (headshots "3") (tks "0") (damage "819") (deaths "2")
L 10/24/2019 - 12:38:22: "Kitkat<12><VALVE_ID_LAN><CT>" triggered "weaponstats2" (weapon "xm1014") (head "5") (chest "1") (stomach "2") (leftarm "1") (rightarm "0") (leftleg "1") (rightleg "2")
L 10/24/2019 - 12:38:22: "Kitkat<12><VALVE_ID_LAN><CT>" triggered "weaponstats" (weapon "mac10") (shots "45") (hits "7") (kills "2") (headshots "1") (tks "0") (damage "253") (deaths "2")
L 10/24/2019 - 12:38:22: "Kitkat<12><VALVE_ID_LAN><CT>" triggered "weaponstats2" (weapon "mac10") (head "1") (chest "2") (stomach "1") (leftarm "1") (rightarm "2") (leftleg "0") (rightleg "0")
L 10/24/2019 - 12:38:22: "Kitkat<12><VALVE_ID_LAN><CT>" triggered "weaponstats" (weapon "aug") (shots "12") (hits "2") (kills "0") (headshots "0") (tks "0") (damage "61") (deaths "3")
L 10/24/2019 - 12:38:22: "Kitkat<12><VALVE_ID_LAN><CT>" triggered "weaponstats2" (weapon "aug") (head "0") (chest "0") (stomach "0") (leftarm "1") (rightarm "1") (leftleg "0") (rightleg "0")
L 10/24/2019 - 12:38:22: "Kitkat<12><VALVE_ID_LAN><CT>" triggered "weaponstats" (weapon "usp") (shots "1") (hits "0") (kills "0") (headshots "0") (tks "0") (damage "0") (deaths "0")
L 10/24/2019 - 12:38:22: "Kitkat<12><VALVE_ID_LAN><CT>" triggered "weaponstats2" (weapon "usp") (head "0") (chest "0") (stomach "0") (leftarm "0") (rightarm "0") (leftleg "0") (rightleg "0")
L 10/24/2019 - 12:38:22: "Kitkat<12><VALVE_ID_LAN><CT>" triggered "weaponstats" (weapon "mp5navy") (shots "21") (hits "6") (kills "1") (headshots "0") (tks "0") (damage "147") (deaths "3")
L 10/24/2019 - 12:38:22: "Kitkat<12><VALVE_ID_LAN><CT>" triggered "weaponstats2" (weapon "mp5navy") (head "0") (chest "1") (stomach "2") (leftarm "1") (rightarm "1") (leftleg "1") (rightleg "0")
L 10/24/2019 - 12:38:22: "Kitkat<12><VALVE_ID_LAN><CT>" triggered "weaponstats" (weapon "m249") (shots "52") (hits "13") (kills "4") (headshots "2") (tks "0") (damage "585") (deaths "3")
L 10/24/2019 - 12:38:22: "Kitkat<12><VALVE_ID_LAN><CT>" triggered "weaponstats2" (weapon "m249") (head "2") (chest "1") (stomach "0") (leftarm "9") (rightarm "0") (leftleg "0") (rightleg "1")
L 10/24/2019 - 12:38:22: "Kitkat<12><VALVE_ID_LAN><CT>" triggered "weaponstats" (weapon "ak47") (shots "50") (hits "5") (kills "3") (headshots "1") (tks "0") (damage "276") (deaths "4")
L 10/24/2019 - 12:38:22: "Kitkat<12><VALVE_ID_LAN><CT>" triggered "weaponstats2" (weapon "ak47") (head "1") (chest "1") (stomach "1") (leftarm "2") (rightarm "0") (leftleg "0") (rightleg "0")
L 10/24/2019 - 12:38:22: "Kitkat<12><VALVE_ID_LAN><CT>" triggered "weaponstats" (weapon "knife") (shots "2") (hits "1") (kills "1") (headshots "0") (tks "0") (damage "65") (deaths "0")
L 10/24/2019 - 12:38:22: "Kitkat<12><VALVE_ID_LAN><CT>" triggered "weaponstats2" (weapon "knife") (head "0") (chest "1") (stomach "0") (leftarm "0") (rightarm "0") (leftleg "0") (rightleg "0")
L 10/24/2019 - 12:38:22: "Kitkat<12><VALVE_ID_LAN><CT>" triggered "time" (time "9:08")
L 10/24/2019 - 12:38:22: "Kitkat<12><VALVE_ID_LAN><CT>" triggered "latency" (ping "8")
L 10/24/2019 - 12:38:22: [META] ini: Begin re-reading plugins list: c:/valve/cstrike/addons/metamod/plugins.ini
L 10/24/2019 - 12:38:22: [META] ini: Read plugin config for: AMX
L 10/24/2019 - 12:38:22: [META] ini: Read plugin config for: WinHL-Booster
L 10/24/2019 - 12:38:22: [META] ERROR: ini: Skipping plugin, couldn't stat file 'addons/hlguard/dlls/hlguard_mm_nightly.dll': No such file or directory
L 10/24/2019 - 12:38:22: [META] ini: Read plugin config for: WebMod
L 10/24/2019 - 12:38:22: [META] ini: Finished reading plugins list: c:/valve/cstrike/addons/metamod/plugins.ini; Found 3 plugins
L 10/24/2019 - 12:38:22: [META] dll: Updating plugins...
L 10/24/2019 - 12:38:22: [META] ERROR: dll: Failed query plugin '<hlguard_mm_nightly.dll>'; Couldn't open file 'addons/hlguard/dlls/hlguard_mm_nightly.dll': Não foi possível encontrar o módulo especificado.

L 10/24/2019 - 12:38:22: [META] ERROR: dll: Skipping plugin '<hlguard_mm_nightly.dll>'; couldn't query
L 10/24/2019 - 12:38:22: [META] dll: Finished updating 6 plugins; kept 3, loaded 0, unloaded 0, reloaded 0, delayed 0
L 10/24/2019 - 12:38:22: Server shutdown
L 10/24/2019 - 12:38:22: Log file closed
