L 10/24/2019 - 12:49:34: Log file started (file "logs\L1024005.log") (game "cstrike") (version "47/1.1.2.2/2603")
L 10/24/2019 - 12:49:34: "Smolder<30><VALVE_ID_LAN><>" entered the game
L 10/24/2019 - 12:49:34: "Cap Billy<29><VALVE_ID_LAN><>" entered the game
L 10/24/2019 - 12:49:35: "Cap Billy<29><VALVE_ID_LAN><>" joined team "CT"
L 10/24/2019 - 12:49:35: World triggered "Game_Commencing"
L 10/24/2019 - 12:49:35: World triggered "Game_Commencing" (CT "0") (T "0")
L 10/24/2019 - 12:49:35: World triggered "Round_End"
L 10/24/2019 - 12:49:35: "Kitkat<28><VALVE_ID_LAN><>" joined team "CT"
L 10/24/2019 - 12:49:36: "Jack<31><VALVE_ID_LAN><>" entered the game
L 10/24/2019 - 12:49:36: "Jberr<32><VALVE_ID_LAN><>" entered the game
L 10/24/2019 - 12:49:38: World triggered "Round_Start"
L 10/24/2019 - 12:49:38: "Jack<31><VALVE_ID_LAN><>" joined team "CT"
L 10/24/2019 - 12:49:38: "Smolder<30><VALVE_ID_LAN><>" joined team "TERRORIST"
L 10/24/2019 - 12:49:39: "Jberr<32><VALVE_ID_LAN><>" joined team "TERRORIST"
L 10/24/2019 - 12:49:40: "INDIO de ferias<33><VALVE_ID_LAN><>" connected, address "10.15.2.117:27005"
L 10/24/2019 - 12:49:42: "INDIO de ferias<33><VALVE_ID_LAN><>" entered the game
L 10/24/2019 - 12:49:45: "Cap Billy<29><VALVE_ID_LAN><CT>" say_team "por enquanto smolder ima"
L 10/24/2019 - 12:49:45: "Smolder<30><VALVE_ID_LAN><TERRORIST>" killed "Jack<31><VALVE_ID_LAN><CT>" with "deagle"
L 10/24/2019 - 12:49:45: "INDIO de ferias<33><VALVE_ID_LAN><>" joined team "CT"
L 10/24/2019 - 12:49:49: "@te<34><VALVE_ID_LAN><>" connected, address "10.15.2.86:27005"
L 10/24/2019 - 12:49:49: "INDIO de ferias<33><VALVE_ID_LAN><CT>" committed suicide with "world"
L 10/24/2019 - 12:49:49: "INDIO de ferias<33><VALVE_ID_LAN><CT>" joined team "TERRORIST"
L 10/24/2019 - 12:49:52: "@te<34><VALVE_ID_LAN><>" entered the game
L 10/24/2019 - 12:49:55: "CEIFADOR<27><VALVE_ID_LOOPBACK><TERRORIST>" killed "Cap Billy<29><VALVE_ID_LAN><CT>" with "deagle"
L 10/24/2019 - 12:49:59: "Kitkat<28><VALVE_ID_LAN><CT>" killed "CEIFADOR<27><VALVE_ID_LOOPBACK><TERRORIST>" with "deagle"
L 10/24/2019 - 12:50:01: "Kitkat<28><VALVE_ID_LAN><CT>" killed "Smolder<30><VALVE_ID_LAN><TERRORIST>" with "deagle"
L 10/24/2019 - 12:50:01: "@te<34><VALVE_ID_LAN><>" joined team "CT"
L 10/24/2019 - 12:50:16: "Jberr<32><VALVE_ID_LAN><TERRORIST>" killed "Kitkat<28><VALVE_ID_LAN><CT>" with "deagle"
L 10/24/2019 - 12:50:16: Team "TERRORIST" triggered "Terrorists_Win" (CT "0") (T "1")
L 10/24/2019 - 12:50:16: World triggered "Round_End"
L 10/24/2019 - 12:50:21: World triggered "Round_Start"
L 10/24/2019 - 12:50:35: "Kitkat<28><VALVE_ID_LAN><CT>" killed "CEIFADOR<27><VALVE_ID_LOOPBACK><TERRORIST>" with "deagle"
L 10/24/2019 - 12:50:36: "INDIO de ferias<33><VALVE_ID_LAN><TERRORIST>" killed "Kitkat<28><VALVE_ID_LAN><CT>" with "deagle"
L 10/24/2019 - 12:50:39: "Smolder<30><VALVE_ID_LAN><TERRORIST>" killed "Jack<31><VALVE_ID_LAN><CT>" with "deagle"
L 10/24/2019 - 12:50:43: "@te<34><VALVE_ID_LAN><CT>" killed "Smolder<30><VALVE_ID_LAN><TERRORIST>" with "deagle"
L 10/24/2019 - 12:50:46: "INDIO de ferias<33><VALVE_ID_LAN><TERRORIST>" killed "@te<34><VALVE_ID_LAN><CT>" with "deagle"
L 10/24/2019 - 12:50:51: "Cap Billy<29><VALVE_ID_LAN><CT>" killed "Jberr<32><VALVE_ID_LAN><TERRORIST>" with "deagle"
L 10/24/2019 - 12:50:54: "INDIO de ferias<33><VALVE_ID_LAN><TERRORIST>" killed "Cap Billy<29><VALVE_ID_LAN><CT>" with "deagle"
L 10/24/2019 - 12:50:54: Team "TERRORIST" triggered "Terrorists_Win" (CT "0") (T "2")
L 10/24/2019 - 12:50:54: World triggered "Round_End"
L 10/24/2019 - 12:50:59: World triggered "Round_Start"
L 10/24/2019 - 12:51:00: "Cap Billy<29><VALVE_ID_LAN><CT>" say_team "poxa meu amigoooo"
L 10/24/2019 - 12:51:05: "@te<34><VALVE_ID_LAN><CT>" killed "Smolder<30><VALVE_ID_LAN><TERRORIST>" with "deagle"
L 10/24/2019 - 12:51:07: "@te<34><VALVE_ID_LAN><CT>" killed "CEIFADOR<27><VALVE_ID_LOOPBACK><TERRORIST>" with "deagle"
L 10/24/2019 - 12:51:09: "Jberr<32><VALVE_ID_LAN><TERRORIST>" killed "@te<34><VALVE_ID_LAN><CT>" with "deagle"
L 10/24/2019 - 12:51:17: "Kitkat<28><VALVE_ID_LAN><CT>" killed "Jberr<32><VALVE_ID_LAN><TERRORIST>" with "deagle"
L 10/24/2019 - 12:51:20: "Cap Billy<29><VALVE_ID_LAN><CT>" killed "INDIO de ferias<33><VALVE_ID_LAN><TERRORIST>" with "deagle"
L 10/24/2019 - 12:51:20: Team "CT" triggered "CTs_Win" (CT "1") (T "2")
L 10/24/2019 - 12:51:20: World triggered "Round_End"
L 10/24/2019 - 12:51:25: World triggered "Round_Start"
L 10/24/2019 - 12:51:34: "CEIFADOR<27><VALVE_ID_LOOPBACK><TERRORIST>" killed "Cap Billy<29><VALVE_ID_LAN><CT>" with "deagle"
L 10/24/2019 - 12:51:36: "Smolder<30><VALVE_ID_LAN><TERRORIST>" killed "@te<34><VALVE_ID_LAN><CT>" with "deagle"
L 10/24/2019 - 12:51:37: "CEIFADOR<27><VALVE_ID_LOOPBACK><TERRORIST>" killed "Kitkat<28><VALVE_ID_LAN><CT>" with "knife"
L 10/24/2019 - 12:51:41: "Smolder<30><VALVE_ID_LAN><TERRORIST>" killed "Jack<31><VALVE_ID_LAN><CT>" with "deagle"
L 10/24/2019 - 12:51:41: Team "TERRORIST" triggered "Terrorists_Win" (CT "1") (T "3")
L 10/24/2019 - 12:51:41: World triggered "Round_End"
L 10/24/2019 - 12:51:43: "Kitkat<28><VALVE_ID_LAN><CT>" say "merda" (dead)
L 10/24/2019 - 12:51:46: World triggered "Round_Start"
L 10/24/2019 - 12:51:49: "Cap Billy<29><VALVE_ID_LAN><CT>" say_team "NAO KITKATTT"
L 10/24/2019 - 12:51:52: "Cap Billy<29><VALVE_ID_LAN><CT>" say_team "sobeee"
L 10/24/2019 - 12:52:00: "Smolder<30><VALVE_ID_LAN><TERRORIST>" killed "Jack<31><VALVE_ID_LAN><CT>" with "deagle"
L 10/24/2019 - 12:52:01: "Cap Billy<29><VALVE_ID_LAN><CT>" killed "CEIFADOR<27><VALVE_ID_LOOPBACK><TERRORIST>" with "deagle"
L 10/24/2019 - 12:52:02: "@te<34><VALVE_ID_LAN><CT>" killed "Smolder<30><VALVE_ID_LAN><TERRORIST>" with "knife"
L 10/24/2019 - 12:52:03: "Cap Billy<29><VALVE_ID_LAN><CT>" killed "Jberr<32><VALVE_ID_LAN><TERRORIST>" with "deagle"
L 10/24/2019 - 12:52:06: "Jack<31><VALVE_ID_LAN><CT>" say "deixei molinho oh" (dead)
L 10/24/2019 - 12:52:13: "Cap Billy<29><VALVE_ID_LAN><CT>" killed "INDIO de ferias<33><VALVE_ID_LAN><TERRORIST>" with "deagle"
L 10/24/2019 - 12:52:13: Team "CT" triggered "CTs_Win" (CT "2") (T "3")
L 10/24/2019 - 12:52:13: World triggered "Round_End"
L 10/24/2019 - 12:52:17: "Cap Billy<29><VALVE_ID_LAN><CT>" committed suicide with "worldspawn" (world)
L 10/24/2019 - 12:52:18: World triggered "Round_Start"
L 10/24/2019 - 12:52:27: "Jberr<32><VALVE_ID_LAN><TERRORIST>" killed "Kitkat<28><VALVE_ID_LAN><CT>" with "deagle"
L 10/24/2019 - 12:52:34: "Jberr<32><VALVE_ID_LAN><TERRORIST>" killed "@te<34><VALVE_ID_LAN><CT>" with "deagle"
L 10/24/2019 - 12:52:35: "CEIFADOR<27><VALVE_ID_LOOPBACK><TERRORIST>" killed "Jack<31><VALVE_ID_LAN><CT>" with "deagle"
L 10/24/2019 - 12:52:36: "Cap Billy<29><VALVE_ID_LAN><CT>" killed "CEIFADOR<27><VALVE_ID_LOOPBACK><TERRORIST>" with "deagle"
L 10/24/2019 - 12:52:38: "Cap Billy<29><VALVE_ID_LAN><CT>" killed "Smolder<30><VALVE_ID_LAN><TERRORIST>" with "knife"
L 10/24/2019 - 12:52:41: "Jack<31><VALVE_ID_LAN><CT>" say "hura" (dead)
L 10/24/2019 - 12:52:42: "Kitkat<28><VALVE_ID_LAN><CT>" say "kkkk" (dead)
L 10/24/2019 - 12:52:43: "Cap Billy<29><VALVE_ID_LAN><CT>" killed "INDIO de ferias<33><VALVE_ID_LAN><TERRORIST>" with "deagle"
L 10/24/2019 - 12:52:53: "Cap Billy<29><VALVE_ID_LAN><CT>" killed "Jberr<32><VALVE_ID_LAN><TERRORIST>" with "deagle"
L 10/24/2019 - 12:52:53: Team "CT" triggered "CTs_Win" (CT "3") (T "3")
L 10/24/2019 - 12:52:53: World triggered "Round_End"
L 10/24/2019 - 12:52:55: "Jack<31><VALVE_ID_LAN><CT>" say "smolder ta macio hj.." (dead)
L 10/24/2019 - 12:52:58: World triggered "Round_Start"
L 10/24/2019 - 12:53:05: "CEIFADOR<27><VALVE_ID_LOOPBACK><TERRORIST>" killed "Jack<31><VALVE_ID_LAN><CT>" with "deagle"
L 10/24/2019 - 12:53:15: "@te<34><VALVE_ID_LAN><CT>" killed "INDIO de ferias<33><VALVE_ID_LAN><TERRORIST>" with "deagle"
L 10/24/2019 - 12:53:17: "Kitkat<28><VALVE_ID_LAN><CT>" killed "CEIFADOR<27><VALVE_ID_LOOPBACK><TERRORIST>" with "deagle"
L 10/24/2019 - 12:53:17: "Cap Billy<29><VALVE_ID_LAN><CT>" killed "Jberr<32><VALVE_ID_LAN><TERRORIST>" with "knife"
L 10/24/2019 - 12:53:22: "Smolder<30><VALVE_ID_LAN><TERRORIST>" killed "Cap Billy<29><VALVE_ID_LAN><CT>" with "deagle"
L 10/24/2019 - 12:53:29: "Smolder<30><VALVE_ID_LAN><TERRORIST>" killed "@te<34><VALVE_ID_LAN><CT>" with "deagle"
L 10/24/2019 - 12:53:31: "Jack<31><VALVE_ID_LAN><CT>" say "nao mato nem mosquito nesse mapa hj" (dead)
L 10/24/2019 - 12:53:42: "Jack<31><VALVE_ID_LAN><CT>" say "timeleft" (dead)
L 10/24/2019 - 12:53:45: "INDIO de ferias<33><VALVE_ID_LAN><TERRORIST>" say_team "pelo meio ceifador" (dead)
L 10/24/2019 - 12:53:47: "Smolder<30><VALVE_ID_LAN><TERRORIST>" killed "Kitkat<28><VALVE_ID_LAN><CT>" with "deagle"
L 10/24/2019 - 12:53:47: Team "TERRORIST" triggered "Terrorists_Win" (CT "3") (T "4")
L 10/24/2019 - 12:53:47: World triggered "Round_End"
L 10/24/2019 - 12:53:50: "CEIFADOR<27><VALVE_ID_LOOPBACK><TERRORIST>" say_team "bora" (dead)
L 10/24/2019 - 12:53:52: World triggered "Round_Start"
L 10/24/2019 - 12:53:53: "Cap Billy<29><VALVE_ID_LAN><CT>" say_team "vamo tentar o mapa"
L 10/24/2019 - 12:54:03: "Kitkat<28><VALVE_ID_LAN><CT>" killed "Smolder<30><VALVE_ID_LAN><TERRORIST>" with "deagle"
L 10/24/2019 - 12:54:03: "@te<34><VALVE_ID_LAN><CT>" killed "Jberr<32><VALVE_ID_LAN><TERRORIST>" with "deagle"
L 10/24/2019 - 12:54:05: "Jack<31><VALVE_ID_LAN><CT>" killed "CEIFADOR<27><VALVE_ID_LOOPBACK><TERRORIST>" with "deagle"
L 10/24/2019 - 12:54:06: "INDIO de ferias<33><VALVE_ID_LAN><TERRORIST>" killed "Kitkat<28><VALVE_ID_LAN><CT>" with "deagle"
L 10/24/2019 - 12:54:12: "INDIO de ferias<33><VALVE_ID_LAN><TERRORIST>" killed "Jack<31><VALVE_ID_LAN><CT>" with "deagle"
L 10/24/2019 - 12:54:15: "INDIO de ferias<33><VALVE_ID_LAN><TERRORIST>" killed "@te<34><VALVE_ID_LAN><CT>" with "deagle"
L 10/24/2019 - 12:54:16: "Cap Billy<29><VALVE_ID_LAN><CT>" killed "INDIO de ferias<33><VALVE_ID_LAN><TERRORIST>" with "deagle"
L 10/24/2019 - 12:54:16: Team "CT" triggered "CTs_Win" (CT "4") (T "4")
L 10/24/2019 - 12:54:16: World triggered "Round_End"
L 10/24/2019 - 12:54:20: "Cap Billy<29><VALVE_ID_LAN><CT>" say_team "MAPA"
L 10/24/2019 - 12:54:21: World triggered "Round_Start"
L 10/24/2019 - 12:54:22: "CEIFADOR<27><VALVE_ID_LOOPBACK><TERRORIST>" say_team "proteje o meio"
L 10/24/2019 - 12:54:25: "Cap Billy<29><VALVE_ID_LAN><CT>" say_team "o smoplder jah eh ima"
L 10/24/2019 - 12:54:31: "CEIFADOR<27><VALVE_ID_LOOPBACK><TERRORIST>" killed "Kitkat<28><VALVE_ID_LAN><CT>" with "deagle"
L 10/24/2019 - 12:54:36: "Smolder<30><VALVE_ID_LAN><TERRORIST>" killed "@te<34><VALVE_ID_LAN><CT>" with "knife"
L 10/24/2019 - 12:54:37: "Kitkat<28><VALVE_ID_LAN><CT>" say "ele levou qnrt" (dead)
L 10/24/2019 - 12:54:41: "Jack<31><VALVE_ID_LAN><CT>" killed "CEIFADOR<27><VALVE_ID_LOOPBACK><TERRORIST>" with "deagle"
L 10/24/2019 - 12:54:43: "INDIO de ferias<33><VALVE_ID_LAN><TERRORIST>" killed "Jack<31><VALVE_ID_LAN><CT>" with "deagle"
L 10/24/2019 - 12:54:48: "Cap Billy<29><VALVE_ID_LAN><CT>" killed "Smolder<30><VALVE_ID_LAN><TERRORIST>" with "deagle"
L 10/24/2019 - 12:54:56: "Cap Billy<29><VALVE_ID_LAN><CT>" killed "INDIO de ferias<33><VALVE_ID_LAN><TERRORIST>" with "deagle"
L 10/24/2019 - 12:55:08: "Jack<31><VALVE_ID_LAN><CT>" say "bora sair pro jogo" (dead)
L 10/24/2019 - 12:55:11: "Jack<31><VALVE_ID_LAN><CT>" say "olha o tempo" (dead)
L 10/24/2019 - 12:55:15: "Jberr<32><VALVE_ID_LAN><TERRORIST>" killed "Cap Billy<29><VALVE_ID_LAN><CT>" with "deagle"
L 10/24/2019 - 12:55:15: Team "TERRORIST" triggered "Terrorists_Win" (CT "4") (T "5")
L 10/24/2019 - 12:55:15: World triggered "Round_End"
L 10/24/2019 - 12:55:19: "Smolder<30><VALVE_ID_LAN><TERRORIST>" say "tome" (dead)
L 10/24/2019 - 12:55:20: World triggered "Round_Start"
L 10/24/2019 - 12:55:44: "Cap Billy<29><VALVE_ID_LAN><CT>" killed "INDIO de ferias<33><VALVE_ID_LAN><TERRORIST>" with "deagle"
L 10/24/2019 - 12:55:52: "Cap Billy<29><VALVE_ID_LAN><CT>" killed "Smolder<30><VALVE_ID_LAN><TERRORIST>" with "knife"
L 10/24/2019 - 12:55:53: "CEIFADOR<27><VALVE_ID_LOOPBACK><TERRORIST>" killed "Cap Billy<29><VALVE_ID_LAN><CT>" with "deagle"
L 10/24/2019 - 12:55:55: "Jack<31><VALVE_ID_LAN><CT>" killed "CEIFADOR<27><VALVE_ID_LOOPBACK><TERRORIST>" with "deagle"
L 10/24/2019 - 12:55:59: "Cap Billy<29><VALVE_ID_LAN><CT>" say "AHHAHAHAHAHAHAHAHAHAHA" (dead)
L 10/24/2019 - 12:56:01: "Smolder<30><VALVE_ID_LAN><TERRORIST>" say "de 100" (dead)
L 10/24/2019 - 12:56:06: "Cap Billy<29><VALVE_ID_LAN><CT>" say "PEGOU" (dead)
L 10/24/2019 - 12:56:08: "Cap Billy<29><VALVE_ID_LAN><CT>" say "DEU CERTO" (dead)
L 10/24/2019 - 12:56:13: "Kitkat<28><VALVE_ID_LAN><CT>" killed "Jberr<32><VALVE_ID_LAN><TERRORIST>" with "deagle"
L 10/24/2019 - 12:56:13: Team "CT" triggered "CTs_Win" (CT "5") (T "5")
L 10/24/2019 - 12:56:13: World triggered "Round_End"
L 10/24/2019 - 12:56:18: World triggered "Round_Start"
L 10/24/2019 - 12:56:24: "Jack<31><VALVE_ID_LAN><CT>" killed "CEIFADOR<27><VALVE_ID_LOOPBACK><TERRORIST>" with "deagle"
L 10/24/2019 - 12:56:28: "INDIO de ferias<33><VALVE_ID_LAN><TERRORIST>" killed "Jack<31><VALVE_ID_LAN><CT>" with "deagle"
L 10/24/2019 - 12:56:34: "@te<34><VALVE_ID_LAN><CT>" killed "Jberr<32><VALVE_ID_LAN><TERRORIST>" with "knife"
L 10/24/2019 - 12:56:37: "Cap Billy<29><VALVE_ID_LAN><CT>" say_team "NAOOOO"
L 10/24/2019 - 12:56:39: "Kitkat<28><VALVE_ID_LAN><CT>" killed "INDIO de ferias<33><VALVE_ID_LAN><TERRORIST>" with "deagle"
L 10/24/2019 - 12:56:51: "Cap Billy<29><VALVE_ID_LAN><CT>" killed "Smolder<30><VALVE_ID_LAN><TERRORIST>" with "knife"
L 10/24/2019 - 12:56:51: Team "CT" triggered "CTs_Win" (CT "6") (T "5")
L 10/24/2019 - 12:56:51: World triggered "Round_End"
L 10/24/2019 - 12:56:51: "INDIO de ferias<33><VALVE_ID_LAN><TERRORIST>" say_team "me segue" (dead)
L 10/24/2019 - 12:56:56: World triggered "Round_Start"
L 10/24/2019 - 12:56:57: "INDIO de ferias<33><VALVE_ID_LAN><TERRORIST>" say_team "putz"
L 10/24/2019 - 12:56:58: "Cap Billy<29><VALVE_ID_LAN><CT>" say "HAHAHAHAHAHA"
L 10/24/2019 - 12:56:58: "Jack<31><VALVE_ID_LAN><CT>" say_team "poupem joao... smodima hj"
L 10/24/2019 - 12:57:05: "@te<34><VALVE_ID_LAN><CT>" killed "Smolder<30><VALVE_ID_LAN><TERRORIST>" with "deagle"
L 10/24/2019 - 12:57:11: "CEIFADOR<27><VALVE_ID_LOOPBACK><TERRORIST>" killed "@te<34><VALVE_ID_LAN><CT>" with "deagle"
L 10/24/2019 - 12:57:11: "Cap Billy<29><VALVE_ID_LAN><CT>" killed "CEIFADOR<27><VALVE_ID_LOOPBACK><TERRORIST>" with "deagle"
L 10/24/2019 - 12:57:13: "Smolder<30><VALVE_ID_LAN><TERRORIST>" say_team "so de 19000" (dead)
L 10/24/2019 - 12:57:14: "Cap Billy<29><VALVE_ID_LAN><CT>" killed "INDIO de ferias<33><VALVE_ID_LAN><TERRORIST>" with "deagle"
L 10/24/2019 - 12:57:19: "Cap Billy<29><VALVE_ID_LAN><CT>" killed "Jberr<32><VALVE_ID_LAN><TERRORIST>" with "deagle"
L 10/24/2019 - 12:57:19: Team "CT" triggered "CTs_Win" (CT "7") (T "5")
L 10/24/2019 - 12:57:19: World triggered "Round_End"
L 10/24/2019 - 12:57:24: World triggered "Round_Start"
L 10/24/2019 - 12:57:26: "INDIO de ferias<33><VALVE_ID_LAN><TERRORIST>" say_team "juntos ukk"
L 10/24/2019 - 12:57:31: "Kitkat<28><VALVE_ID_LAN><CT>" killed "INDIO de ferias<33><VALVE_ID_LAN><TERRORIST>" with "deagle"
L 10/24/2019 - 12:57:35: "@te<34><VALVE_ID_LAN><CT>" killed "Smolder<30><VALVE_ID_LAN><TERRORIST>" with "deagle"
L 10/24/2019 - 12:57:35: "Jberr<32><VALVE_ID_LAN><TERRORIST>" killed "Jack<31><VALVE_ID_LAN><CT>" with "deagle"
L 10/24/2019 - 12:57:41: "CEIFADOR<27><VALVE_ID_LOOPBACK><TERRORIST>" killed "Kitkat<28><VALVE_ID_LAN><CT>" with "knife"
L 10/24/2019 - 12:57:42: "@te<34><VALVE_ID_LAN><CT>" killed "CEIFADOR<27><VALVE_ID_LOOPBACK><TERRORIST>" with "deagle"
L 10/24/2019 - 12:57:43: "Cap Billy<29><VALVE_ID_LAN><CT>" killed "Jberr<32><VALVE_ID_LAN><TERRORIST>" with "deagle"
L 10/24/2019 - 12:57:43: Team "CT" triggered "CTs_Win" (CT "8") (T "5")
L 10/24/2019 - 12:57:43: World triggered "Round_End"
L 10/24/2019 - 12:57:46: Server cvar "amx_nextmap" = "cs_paintball1"
L 10/24/2019 - 12:57:48: World triggered "Round_Start"
L 10/24/2019 - 12:57:50: "Cap Billy<29><VALVE_ID_LAN><CT>" say_team "NAO KITKAT PELO AMOR DE  DEUSUUUUUU"
L 10/24/2019 - 12:58:07: "INDIO de ferias<33><VALVE_ID_LAN><TERRORIST>" killed "Jack<31><VALVE_ID_LAN><CT>" with "deagle"
L 10/24/2019 - 12:58:11: "@te<34><VALVE_ID_LAN><CT>" killed "CEIFADOR<27><VALVE_ID_LOOPBACK><TERRORIST>" with "deagle"
L 10/24/2019 - 12:58:15: "INDIO de ferias<33><VALVE_ID_LAN><TERRORIST>" killed "Kitkat<28><VALVE_ID_LAN><CT>" with "deagle"
L 10/24/2019 - 12:58:17: "Cap Billy<29><VALVE_ID_LAN><CT>" killed "Smolder<30><VALVE_ID_LAN><TERRORIST>" with "deagle"
L 10/24/2019 - 12:58:20: "INDIO de ferias<33><VALVE_ID_LAN><TERRORIST>" killed "Cap Billy<29><VALVE_ID_LAN><CT>" with "deagle"
L 10/24/2019 - 12:58:23: "Jberr<32><VALVE_ID_LAN><TERRORIST>" killed "@te<34><VALVE_ID_LAN><CT>" with "deagle"
L 10/24/2019 - 12:58:23: Team "TERRORIST" triggered "Terrorists_Win" (CT "8") (T "6")
L 10/24/2019 - 12:58:23: World triggered "Round_End"
L 10/24/2019 - 12:58:28: World triggered "Round_Start"
L 10/24/2019 - 12:58:30: "Jack<31><VALVE_ID_LAN><CT>" say_team "joao ta duro..dificil de matar"
L 10/24/2019 - 12:58:36: "Kitkat<28><VALVE_ID_LAN><CT>" killed "Jberr<32><VALVE_ID_LAN><TERRORIST>" with "deagle"
L 10/24/2019 - 12:58:37: "Jack<31><VALVE_ID_LAN><CT>" killed "CEIFADOR<27><VALVE_ID_LOOPBACK><TERRORIST>" with "deagle"
L 10/24/2019 - 12:58:38: "Smolder<30><VALVE_ID_LAN><TERRORIST>" killed "Jack<31><VALVE_ID_LAN><CT>" with "knife"
L 10/24/2019 - 12:58:39: "@te<34><VALVE_ID_LAN><CT>" killed "Smolder<30><VALVE_ID_LAN><TERRORIST>" with "deagle"
L 10/24/2019 - 12:58:45: "INDIO de ferias<33><VALVE_ID_LAN><TERRORIST>" killed "Kitkat<28><VALVE_ID_LAN><CT>" with "deagle"
L 10/24/2019 - 12:58:47: "Cap Billy<29><VALVE_ID_LAN><CT>" killed "INDIO de ferias<33><VALVE_ID_LAN><TERRORIST>" with "deagle"
L 10/24/2019 - 12:58:47: Team "CT" triggered "CTs_Win" (CT "9") (T "6")
L 10/24/2019 - 12:58:47: World triggered "Round_End"
L 10/24/2019 - 12:58:52: World triggered "Round_Start"
L 10/24/2019 - 12:58:52: "CEIFADOR<27><VALVE_ID_LOOPBACK><TERRORIST>" say_team "porra indio"
L 10/24/2019 - 12:58:55: "Cap Billy<29><VALVE_ID_LAN><CT>" say "SE LIGA KITKAT"
L 10/24/2019 - 12:59:01: "Cap Billy<29><VALVE_ID_LAN><CT>" killed "INDIO de ferias<33><VALVE_ID_LAN><TERRORIST>" with "deagle"
L 10/24/2019 - 12:59:01: "Smolder<30><VALVE_ID_LAN><TERRORIST>" killed "@te<34><VALVE_ID_LAN><CT>" with "knife"
L 10/24/2019 - 12:59:03: "Cap Billy<29><VALVE_ID_LAN><CT>" killed "Jberr<32><VALVE_ID_LAN><TERRORIST>" with "deagle"
L 10/24/2019 - 12:59:03: "Jack<31><VALVE_ID_LAN><CT>" killed "Smolder<30><VALVE_ID_LAN><TERRORIST>" with "deagle"
L 10/24/2019 - 12:59:06: "CEIFADOR<27><VALVE_ID_LOOPBACK><TERRORIST>" killed "Jack<31><VALVE_ID_LAN><CT>" with "knife"
L 10/24/2019 - 12:59:10: "Jack<31><VALVE_ID_LAN><CT>" say "carai " (dead)
L 10/24/2019 - 12:59:12: "CEIFADOR<27><VALVE_ID_LOOPBACK><TERRORIST>" killed "Kitkat<28><VALVE_ID_LAN><CT>" with "deagle"
L 10/24/2019 - 12:59:14: "Cap Billy<29><VALVE_ID_LAN><CT>" killed "CEIFADOR<27><VALVE_ID_LOOPBACK><TERRORIST>" with "knife"
L 10/24/2019 - 12:59:14: Team "CT" triggered "CTs_Win" (CT "10") (T "6")
L 10/24/2019 - 12:59:14: World triggered "Round_End"
L 10/24/2019 - 12:59:16: "Jack<31><VALVE_ID_LAN><CT>" say_team "faca no jooaaoooo" (dead)
L 10/24/2019 - 12:59:19: World triggered "Round_Start"
L 10/24/2019 - 12:59:20: "Jack<31><VALVE_ID_LAN><CT>" say_team "faca no jooaooo kkkk"
L 10/24/2019 - 12:59:25: "INDIO de ferias<33><VALVE_ID_LAN><TERRORIST>" killed "Cap Billy<29><VALVE_ID_LAN><CT>" with "deagle"
L 10/24/2019 - 12:59:28: "Smolder<30><VALVE_ID_LAN><TERRORIST>" killed "Jack<31><VALVE_ID_LAN><CT>" with "deagle"
L 10/24/2019 - 12:59:30: "@te<34><VALVE_ID_LAN><CT>" killed "INDIO de ferias<33><VALVE_ID_LAN><TERRORIST>" with "deagle"
L 10/24/2019 - 12:59:38: Team "CT" scored "10" with "4" players
L 10/24/2019 - 12:59:38: Team "TERRORIST" scored "6" with "4" players
L 10/24/2019 - 12:59:43: "Jack<31><VALVE_ID_LAN><CT>" triggered "weaponstats" (weapon "deagle") (shots "126") (hits "43") (kills "6") (headshots "0") (tks "0") (damage "1308") (deaths "12")
L 10/24/2019 - 12:59:43: "Jack<31><VALVE_ID_LAN><CT>" triggered "weaponstats2" (weapon "deagle") (head "1") (chest "7") (stomach "6") (leftarm "12") (rightarm "11") (leftleg "1") (rightleg "5")
L 10/24/2019 - 12:59:43: "Jack<31><VALVE_ID_LAN><CT>" triggered "weaponstats" (weapon "knife") (shots "1") (hits "1") (kills "0") (headshots "0") (tks "0") (damage "55") (deaths "2")
L 10/24/2019 - 12:59:43: "Jack<31><VALVE_ID_LAN><CT>" triggered "weaponstats2" (weapon "knife") (head "0") (chest "0") (stomach "0") (leftarm "0") (rightarm "1") (leftleg "0") (rightleg "0")
L 10/24/2019 - 12:59:43: "Jack<31><VALVE_ID_LAN><CT>" triggered "time" (time "10:04")
L 10/24/2019 - 12:59:43: "Jack<31><VALVE_ID_LAN><CT>" triggered "latency" (ping "5")
L 10/24/2019 - 12:59:44: "Smolder<30><VALVE_ID_LAN><TERRORIST>" triggered "weaponstats" (weapon "deagle") (shots "131") (hits "35") (kills "9") (headshots "4") (tks "0") (damage "1399") (deaths "5")
L 10/24/2019 - 12:59:44: "Smolder<30><VALVE_ID_LAN><TERRORIST>" triggered "weaponstats2" (weapon "deagle") (head "5") (chest "7") (stomach "4") (leftarm "9") (rightarm "8") (leftleg "0") (rightleg "2")
L 10/24/2019 - 12:59:44: "Smolder<30><VALVE_ID_LAN><TERRORIST>" triggered "weaponstats" (weapon "knife") (shots "10") (hits "9") (kills "3") (headshots "2") (tks "0") (damage "661") (deaths "9")
L 10/24/2019 - 12:59:44: "Smolder<30><VALVE_ID_LAN><TERRORIST>" triggered "weaponstats2" (weapon "knife") (head "5") (chest "1") (stomach "0") (leftarm "2") (rightarm "1") (leftleg "0") (rightleg "0")
L 10/24/2019 - 12:59:44: "Smolder<30><VALVE_ID_LAN><TERRORIST>" triggered "time" (time "10:06")
L 10/24/2019 - 12:59:44: "Smolder<30><VALVE_ID_LAN><TERRORIST>" triggered "latency" (ping "6")
L 10/24/2019 - 12:59:45: "CEIFADOR<27><VALVE_ID_LOOPBACK><TERRORIST>" triggered "weaponstats" (weapon "deagle") (shots "101") (hits "33") (kills "8") (headshots "2") (tks "0") (damage "1269") (deaths "13")
L 10/24/2019 - 12:59:45: "CEIFADOR<27><VALVE_ID_LOOPBACK><TERRORIST>" triggered "weaponstats2" (weapon "deagle") (head "2") (chest "7") (stomach "3") (leftarm "12") (rightarm "4") (leftleg "3") (rightleg "2")
L 10/24/2019 - 12:59:45: "CEIFADOR<27><VALVE_ID_LOOPBACK><TERRORIST>" triggered "weaponstats" (weapon "knife") (shots "8") (hits "8") (kills "3") (headshots "1") (tks "0") (damage "440") (deaths "2")
L 10/24/2019 - 12:59:45: "CEIFADOR<27><VALVE_ID_LOOPBACK><TERRORIST>" triggered "weaponstats2" (weapon "knife") (head "2") (chest "4") (stomach "0") (leftarm "0") (rightarm "2") (leftleg "0") (rightleg "0")
L 10/24/2019 - 12:59:45: "CEIFADOR<27><VALVE_ID_LOOPBACK><TERRORIST>" triggered "time" (time "10:10")
L 10/24/2019 - 12:59:45: "CEIFADOR<27><VALVE_ID_LOOPBACK><TERRORIST>" triggered "latency" (ping "0")
L 10/24/2019 - 12:59:45: "Kitkat<28><VALVE_ID_LAN><CT>" triggered "weaponstats" (weapon "deagle") (shots "150") (hits "40") (kills "10") (headshots "1") (tks "0") (damage "1184") (deaths "8")
L 10/24/2019 - 12:59:45: "Kitkat<28><VALVE_ID_LAN><CT>" triggered "weaponstats2" (weapon "deagle") (head "1") (chest "9") (stomach "3") (leftarm "10") (rightarm "8") (leftleg "1") (rightleg "8")
L 10/24/2019 - 12:59:45: "Kitkat<28><VALVE_ID_LAN><CT>" triggered "weaponstats" (weapon "knife") (shots "3") (hits "2") (kills "0") (headshots "0") (tks "0") (damage "110") (deaths "3")
L 10/24/2019 - 12:59:45: "Kitkat<28><VALVE_ID_LAN><CT>" triggered "weaponstats2" (weapon "knife") (head "1") (chest "0") (stomach "0") (leftarm "0") (rightarm "1") (leftleg "0") (rightleg "0")
L 10/24/2019 - 12:59:45: "Kitkat<28><VALVE_ID_LAN><CT>" triggered "time" (time "10:08")
L 10/24/2019 - 12:59:45: "Kitkat<28><VALVE_ID_LAN><CT>" triggered "latency" (ping "5")
L 10/24/2019 - 12:59:45: "Cap Billy<29><VALVE_ID_LAN><CT>" triggered "weaponstats" (weapon "deagle") (shots "173") (hits "65") (kills "20") (headshots "3") (tks "0") (damage "2492") (deaths "6")
L 10/24/2019 - 12:59:45: "Cap Billy<29><VALVE_ID_LAN><CT>" triggered "weaponstats2" (weapon "deagle") (head "4") (chest "12") (stomach "7") (leftarm "26") (rightarm "10") (leftleg "2") (rightleg "4")
L 10/24/2019 - 12:59:45: "Cap Billy<29><VALVE_ID_LAN><CT>" triggered "weaponstats" (weapon "knife") (shots "6") (hits "6") (kills "5") (headshots "2") (tks "0") (damage "772") (deaths "2")
L 10/24/2019 - 12:59:45: "Cap Billy<29><VALVE_ID_LAN><CT>" triggered "weaponstats2" (weapon "knife") (head "2") (chest "0") (stomach "0") (leftarm "0") (rightarm "3") (leftleg "1") (rightleg "0")
L 10/24/2019 - 12:59:45: "Cap Billy<29><VALVE_ID_LAN><CT>" triggered "time" (time "10:07")
L 10/24/2019 - 12:59:45: "Cap Billy<29><VALVE_ID_LAN><CT>" triggered "latency" (ping "6")
L 10/24/2019 - 12:59:45: "Jberr<32><VALVE_ID_LAN><TERRORIST>" triggered "weaponstats" (weapon "deagle") (shots "79") (hits "24") (kills "7") (headshots "2") (tks "0") (damage "841") (deaths "12")
L 10/24/2019 - 12:59:45: "Jberr<32><VALVE_ID_LAN><TERRORIST>" triggered "weaponstats2" (weapon "deagle") (head "2") (chest "3") (stomach "0") (leftarm "10") (rightarm "3") (leftleg "4") (rightleg "2")
L 10/24/2019 - 12:59:45: "Jberr<32><VALVE_ID_LAN><TERRORIST>" triggered "time" (time "10:06")
L 10/24/2019 - 12:59:45: "Jberr<32><VALVE_ID_LAN><TERRORIST>" triggered "latency" (ping "9")
L 10/24/2019 - 12:59:45: "INDIO de ferias<33><VALVE_ID_LAN><TERRORIST>" triggered "weaponstats" (weapon "deagle") (shots "115") (hits "46") (kills "13") (headshots "7") (tks "0") (damage "2102") (deaths "12")
L 10/24/2019 - 12:59:45: "INDIO de ferias<33><VALVE_ID_LAN><TERRORIST>" triggered "weaponstats2" (weapon "deagle") (head "8") (chest "8") (stomach "2") (leftarm "12") (rightarm "13") (leftleg "1") (rightleg "2")
L 10/24/2019 - 12:59:45: "INDIO de ferias<33><VALVE_ID_LAN><TERRORIST>" triggered "weaponstats" (weapon "knife") (shots "1") (hits "1") (kills "0") (headshots "0") (tks "0") (damage "19") (deaths "1")
L 10/24/2019 - 12:59:45: "INDIO de ferias<33><VALVE_ID_LAN><TERRORIST>" triggered "weaponstats2" (weapon "knife") (head "0") (chest "0") (stomach "0") (leftarm "0") (rightarm "1") (leftleg "0") (rightleg "0")
L 10/24/2019 - 12:59:45: "INDIO de ferias<33><VALVE_ID_LAN><TERRORIST>" triggered "time" (time "9:59")
L 10/24/2019 - 12:59:45: "INDIO de ferias<33><VALVE_ID_LAN><TERRORIST>" triggered "latency" (ping "9")
L 10/24/2019 - 12:59:45: "@te<34><VALVE_ID_LAN><CT>" triggered "weaponstats" (weapon "deagle") (shots "78") (hits "22") (kills "11") (headshots "6") (tks "0") (damage "1415") (deaths "10")
L 10/24/2019 - 12:59:45: "@te<34><VALVE_ID_LAN><CT>" triggered "weaponstats2" (weapon "deagle") (head "6") (chest "1") (stomach "0") (leftarm "5") (rightarm "7") (leftleg "2") (rightleg "1")
L 10/24/2019 - 12:59:45: "@te<34><VALVE_ID_LAN><CT>" triggered "weaponstats" (weapon "knife") (shots "2") (hits "2") (kills "2") (headshots "1") (tks "0") (damage "110") (deaths "0")
L 10/24/2019 - 12:59:45: "@te<34><VALVE_ID_LAN><CT>" triggered "weaponstats2" (weapon "knife") (head "1") (chest "0") (stomach "0") (leftarm "0") (rightarm "0") (leftleg "1") (rightleg "0")
L 10/24/2019 - 12:59:45: "@te<34><VALVE_ID_LAN><CT>" triggered "time" (time "9:49")
L 10/24/2019 - 12:59:45: "@te<34><VALVE_ID_LAN><CT>" triggered "latency" (ping "8")
L 10/24/2019 - 12:59:45: [META] ini: Begin re-reading plugins list: c:/valve/cstrike/addons/metamod/plugins.ini
L 10/24/2019 - 12:59:45: [META] ini: Read plugin config for: AMX
L 10/24/2019 - 12:59:45: [META] ini: Read plugin config for: WinHL-Booster
L 10/24/2019 - 12:59:45: [META] ERROR: ini: Skipping plugin, couldn't stat file 'addons/hlguard/dlls/hlguard_mm_nightly.dll': No such file or directory
L 10/24/2019 - 12:59:45: [META] ini: Read plugin config for: WebMod
L 10/24/2019 - 12:59:45: [META] ini: Finished reading plugins list: c:/valve/cstrike/addons/metamod/plugins.ini; Found 3 plugins
L 10/24/2019 - 12:59:45: [META] dll: Updating plugins...
L 10/24/2019 - 12:59:45: [META] ERROR: dll: Failed query plugin '<hlguard_mm_nightly.dll>'; Couldn't open file 'addons/hlguard/dlls/hlguard_mm_nightly.dll': Não foi possível encontrar o módulo especificado.

L 10/24/2019 - 12:59:45: [META] ERROR: dll: Skipping plugin '<hlguard_mm_nightly.dll>'; couldn't query
L 10/24/2019 - 12:59:45: [META] dll: Finished updating 6 plugins; kept 3, loaded 0, unloaded 0, reloaded 0, delayed 0
L 10/24/2019 - 12:59:45: Server shutdown
L 10/24/2019 - 12:59:45: Log file closed
