L 11/23/2018 - 12:54:39: Log file started (file "logs\L1123005.log") (game "cstrike") (version "47/1.1.2.2/2603")
L 11/23/2018 - 12:54:39: Loading map "cs_deagle5"
L 11/23/2018 - 12:54:39: Server cvars start
L 11/23/2018 - 12:54:39: Server cvar "_tutor_bomb_viewable_check_interval" = "0.5"
L 11/23/2018 - 12:54:39: Server cvar "_tutor_debug_level" = "0"
L 11/23/2018 - 12:54:39: Server cvar "_tutor_examine_time" = "0.5"
L 11/23/2018 - 12:54:39: Server cvar "_tutor_hint_interval_time" = "10.0"
L 11/23/2018 - 12:54:39: Server cvar "_tutor_look_angle" = "10"
L 11/23/2018 - 12:54:39: Server cvar "_tutor_look_distance" = "200"
L 11/23/2018 - 12:54:39: Server cvar "_tutor_message_character_display_time_coefficient" = "0.07"
L 11/23/2018 - 12:54:39: Server cvar "_tutor_message_minimum_display_time" = "1"
L 11/23/2018 - 12:54:39: Server cvar "_tutor_message_repeats" = "5"
L 11/23/2018 - 12:54:39: Server cvar "_tutor_view_distance" = "1000"
L 11/23/2018 - 12:54:39: Server cvar "allow_spectators" = "1.0"
L 11/23/2018 - 12:54:39: Server cvar "amx_modules" = "2"
L 11/23/2018 - 12:54:39: Server cvar "amx_nextmap" = "aim_pistol"
L 11/23/2018 - 12:54:39: Server cvar "amx_timeleft" = "09:33"
L 11/23/2018 - 12:54:39: Server cvar "amx_version" = "2006.3"
L 11/23/2018 - 12:54:39: Server cvar "booster_version" = "1.60"
L 11/23/2018 - 12:54:39: Server cvar "bot_allow_grenades" = "0"
L 11/23/2018 - 12:54:39: Server cvar "bot_allow_machine_guns" = "0"
L 11/23/2018 - 12:54:39: Server cvar "bot_allow_pistols" = "0"
L 11/23/2018 - 12:54:39: Server cvar "bot_allow_rifles" = "0"
L 11/23/2018 - 12:54:39: Server cvar "bot_allow_rogues" = "1"
L 11/23/2018 - 12:54:39: Server cvar "bot_allow_shield" = "1"
L 11/23/2018 - 12:54:39: Server cvar "bot_allow_shotguns" = "0"
L 11/23/2018 - 12:54:39: Server cvar "bot_allow_snipers" = "0"
L 11/23/2018 - 12:54:39: Server cvar "bot_allow_sub_machine_guns" = "0"
L 11/23/2018 - 12:54:39: Server cvar "bot_auto_vacate" = "1"
L 11/23/2018 - 12:54:39: Server cvar "bot_chatter" = "normal"
L 11/23/2018 - 12:54:39: Server cvar "bot_debug" = "0"
L 11/23/2018 - 12:54:39: Server cvar "bot_defer_to_human" = "0"
L 11/23/2018 - 12:54:39: Server cvar "bot_difficulty" = "2"
L 11/23/2018 - 12:54:39: Server cvar "bot_join_after_player" = "1"
L 11/23/2018 - 12:54:39: Server cvar "bot_join_team" = "ct"
L 11/23/2018 - 12:54:39: Server cvar "bot_nav_edit" = "0"
L 11/23/2018 - 12:54:39: Server cvar "bot_nav_zdraw" = "4"
L 11/23/2018 - 12:54:39: Server cvar "bot_prefix" = "XXBOT"
L 11/23/2018 - 12:54:39: Server cvar "bot_quicksave" = "0"
L 11/23/2018 - 12:54:39: Server cvar "bot_quota" = "2"
L 11/23/2018 - 12:54:39: Server cvar "bot_quota_match" = "0"
L 11/23/2018 - 12:54:39: Server cvar "bot_show_danger" = "0"
L 11/23/2018 - 12:54:39: Server cvar "bot_show_nav" = "0"
L 11/23/2018 - 12:54:39: Server cvar "bot_stop" = "0"
L 11/23/2018 - 12:54:39: Server cvar "bot_traceview" = "0"
L 11/23/2018 - 12:54:39: Server cvar "bot_walk" = "0"
L 11/23/2018 - 12:54:39: Server cvar "bot_zombie" = "0"
L 11/23/2018 - 12:54:39: Server cvar "coop" = "0"
L 11/23/2018 - 12:54:39: Server cvar "deathmatch" = "1"
L 11/23/2018 - 12:54:39: Server cvar "decalfrequency" = "30"
L 11/23/2018 - 12:54:39: Server cvar "edgefriction" = "2"
L 11/23/2018 - 12:54:39: Server cvar "fun_version" = "2006.3"
L 11/23/2018 - 12:54:39: Server cvar "humans_join_team" = "any"
L 11/23/2018 - 12:54:39: Server cvar "max_queries_sec" = "3.0"
L 11/23/2018 - 12:54:39: Server cvar "max_queries_sec_global" = "30"
L 11/23/2018 - 12:54:39: Server cvar "max_queries_window" = "60"
L 11/23/2018 - 12:54:39: Server cvar "metamod_version" = "1.19"
L 11/23/2018 - 12:54:39: Server cvar "mp_allowmonsters" = "0"
L 11/23/2018 - 12:54:39: Server cvar "mp_autokick" = "0"
L 11/23/2018 - 12:54:39: Server cvar "mp_autoteambalance" = "0"
L 11/23/2018 - 12:54:39: Server cvar "mp_buytime" = "1.500000"
L 11/23/2018 - 12:54:39: Server cvar "mp_c4timer" = "45"
L 11/23/2018 - 12:54:39: Server cvar "mp_chattime" = "10"
L 11/23/2018 - 12:54:39: Server cvar "mp_consistency" = "1"
L 11/23/2018 - 12:54:39: Server cvar "mp_fadetoblack" = "0"
L 11/23/2018 - 12:54:39: Server cvar "mp_flashlight" = "0"
L 11/23/2018 - 12:54:39: Server cvar "mp_footsteps" = "1"
L 11/23/2018 - 12:54:39: Server cvar "mp_forcecamera" = "2"
L 11/23/2018 - 12:54:39: Server cvar "mp_forcechasecam" = "0"
L 11/23/2018 - 12:54:39: Server cvar "mp_fragsleft" = "0"
L 11/23/2018 - 12:54:39: Server cvar "mp_freezetime" = "0.000000"
L 11/23/2018 - 12:54:39: Server cvar "mp_friendlyfire" = "1"
L 11/23/2018 - 12:54:39: Server cvar "mp_ghostfrequency" = "0.1"
L 11/23/2018 - 12:54:39: Server cvar "mp_hostagepenalty" = "5.000000"
L 11/23/2018 - 12:54:39: Server cvar "mp_kickpercent" = "0.66"
L 11/23/2018 - 12:54:39: Server cvar "mp_limitteams" = "0"
L 11/23/2018 - 12:54:39: Server cvar "mp_logdetail" = "0"
L 11/23/2018 - 12:54:39: Server cvar "mp_logfile" = "1"
L 11/23/2018 - 12:54:39: Server cvar "mp_logmessages" = "1"
L 11/23/2018 - 12:54:39: Server cvar "mp_mapvoteratio" = "0.66"
L 11/23/2018 - 12:54:39: Server cvar "mp_maxrounds" = "0.000000"
L 11/23/2018 - 12:54:39: Server cvar "mp_mirrordamage" = "0"
L 11/23/2018 - 12:54:39: Server cvar "mp_playerid" = "0"
L 11/23/2018 - 12:54:39: Server cvar "mp_roundtime" = "2.000000"
L 11/23/2018 - 12:54:39: Server cvar "mp_startmoney" = "1500.000000"
L 11/23/2018 - 12:54:39: Server cvar "mp_timeleft" = "0"
L 11/23/2018 - 12:54:39: Server cvar "mp_timelimit" = "10.000000"
L 11/23/2018 - 12:54:39: Server cvar "mp_tkpunish" = "1"
L 11/23/2018 - 12:54:39: Server cvar "mp_windifference" = "1"
L 11/23/2018 - 12:54:39: Server cvar "mp_winlimit" = "0.000000"
L 11/23/2018 - 12:54:39: Server cvar "pausable" = "0"
L 11/23/2018 - 12:54:39: Server cvar "server_fps" = "86"
L 11/23/2018 - 12:54:39: Server cvar "sv_accelerate" = "5"
L 11/23/2018 - 12:54:39: Server cvar "sv_aim" = "0"
L 11/23/2018 - 12:54:39: Server cvar "sv_airaccelerate" = "10"
L 11/23/2018 - 12:54:39: Server cvar "sv_airmove" = "1"
L 11/23/2018 - 12:54:39: Server cvar "sv_allowupload" = "1"
L 11/23/2018 - 12:54:39: Server cvar "sv_alltalk" = "0"
L 11/23/2018 - 12:54:39: Server cvar "sv_bounce" = "1"
L 11/23/2018 - 12:54:39: Server cvar "sv_cheats" = "0"
L 11/23/2018 - 12:54:39: Server cvar "sv_clienttrace" = "1"
L 11/23/2018 - 12:54:39: Server cvar "sv_clipmode" = "0"
L 11/23/2018 - 12:54:39: Server cvar "sv_contact" = ""
L 11/23/2018 - 12:54:39: Server cvar "sv_friction" = "4"
L 11/23/2018 - 12:54:39: Server cvar "sv_gravity" = "800"
L 11/23/2018 - 12:54:39: Server cvar "sv_logblocks" = "0"
L 11/23/2018 - 12:54:39: Server cvar "sv_maxrate" = "0"
L 11/23/2018 - 12:54:39: Server cvar "sv_maxspeed" = "320"
L 11/23/2018 - 12:54:39: Server cvar "sv_minrate" = "0"
L 11/23/2018 - 12:54:39: Server cvar "sv_password" = ""
L 11/23/2018 - 12:54:39: Server cvar "sv_proxies" = "1"
L 11/23/2018 - 12:54:39: Server cvar "sv_region" = "-1"
L 11/23/2018 - 12:54:39: Server cvar "sv_restart" = "0"
L 11/23/2018 - 12:54:39: Server cvar "sv_restartround" = "0"
L 11/23/2018 - 12:54:39: Server cvar "sv_stepsize" = "18"
L 11/23/2018 - 12:54:39: Server cvar "sv_stopspeed" = "75"
L 11/23/2018 - 12:54:39: Server cvar "sv_voiceenable" = "1"
L 11/23/2018 - 12:54:39: Server cvar "sv_wateraccelerate" = "10"
L 11/23/2018 - 12:54:39: Server cvar "sv_waterfriction" = "1"
L 11/23/2018 - 12:54:39: Server cvar "sys_ticrate" = "10000"
L 11/23/2018 - 12:54:39: Server cvar "w_version" = "0.48"
L 11/23/2018 - 12:54:39: Server cvars end
L 11/23/2018 - 12:54:39: Server cvar "sv_maxspeed" = "900"
L 11/23/2018 - 12:54:40: Server cvar "sv_maxspeed" = "320"
L 11/23/2018 - 12:54:40: Server cvar "amx_nextmap" = "alabordage"
L 11/23/2018 - 12:54:40: Started map "cs_deagle5" (CRC "-1198965124")
L 11/23/2018 - 12:54:51: "G-A-R-G-A-M-E-L<34><VALVE_ID_LOOPBACK><>" connected, address "loopback"
L 11/23/2018 - 12:54:51: "Inspetor Buginganga<35><VALVE_ID_LAN><>" connected, address "10.15.41.70:27005"
L 11/23/2018 - 12:54:52: "G-A-R-G-A-M-E-L<34><VALVE_ID_LOOPBACK><>" entered the game
L 11/23/2018 - 12:54:52: "NOVATO<36><VALVE_ID_LAN><>" connected, address "10.15.2.104:27005"
L 11/23/2018 - 12:54:52: World triggered "Round_Start"
L 11/23/2018 - 12:54:53: "G-A-R-G-A-M-E-L<34><VALVE_ID_LOOPBACK><>" joined team "TERRORIST"
L 11/23/2018 - 12:54:53: "Smolder<37><VALVE_ID_LAN><>" connected, address "10.15.3.173:27005"
L 11/23/2018 - 12:54:53: "XXBOT Eric<38><BOT><>" joined team "CT"
L 11/23/2018 - 12:54:53: World triggered "Game_Commencing"
L 11/23/2018 - 12:54:53: World triggered "Game_Commencing" (CT "0") (T "0")
L 11/23/2018 - 12:54:53: World triggered "Round_End"
L 11/23/2018 - 12:54:53: "XXBOT Eric<38><BOT><>" entered the game
L 11/23/2018 - 12:54:53: "Jack<39><VALVE_ID_LAN><>" connected, address "10.15.2.75:27005"
L 11/23/2018 - 12:54:53: "XXBOT Xander<40><BOT><>" joined team "CT"
L 11/23/2018 - 12:54:53: "XXBOT Xander<40><BOT><>" entered the game
L 11/23/2018 - 12:54:53: "Bauer<41><VALVE_ID_LAN><>" connected, address "10.15.2.169:27005"
L 11/23/2018 - 12:54:54: "Inspetor Buginganga<35><VALVE_ID_LAN><>" entered the game
L 11/23/2018 - 12:54:54: "NOVATO<36><VALVE_ID_LAN><>" entered the game
L 11/23/2018 - 12:54:55: "Smolder<37><VALVE_ID_LAN><>" entered the game
L 11/23/2018 - 12:54:56: "Jack<39><VALVE_ID_LAN><>" entered the game
L 11/23/2018 - 12:54:56: "Gho$T<42><VALVE_ID_LAN><>" connected, address "10.15.2.102:27005"
L 11/23/2018 - 12:54:56: "Calcas wifi 4G<43><VALVE_ID_LAN><>" connected, address "10.15.4.26:27005"
L 11/23/2018 - 12:54:56: "NOVATO<36><VALVE_ID_LAN><>" joined team "CT"
L 11/23/2018 - 12:54:56: World triggered "Round_Start"
L 11/23/2018 - 12:54:56: "Bauer<41><VALVE_ID_LAN><>" entered the game
L 11/23/2018 - 12:54:57: "Inspetor Buginganga<35><VALVE_ID_LAN><>" joined team "CT"
L 11/23/2018 - 12:54:57: "Kitkat<44><VALVE_ID_LAN><>" connected, address "10.15.2.133:27005"
L 11/23/2018 - 12:54:58: "Gho$T<42><VALVE_ID_LAN><>" entered the game
L 11/23/2018 - 12:54:59: "Bauer<41><VALVE_ID_LAN><>" joined team "CT"
L 11/23/2018 - 12:54:59: "Smolder<37><VALVE_ID_LAN><>" joined team "TERRORIST"
L 11/23/2018 - 12:55:00: "Jack<39><VALVE_ID_LAN><>" joined team "TERRORIST"
L 11/23/2018 - 12:55:00: "Kitkat<44><VALVE_ID_LAN><>" entered the game
L 11/23/2018 - 12:55:00: "Gho$T<42><VALVE_ID_LAN><>" joined team "CT"
L 11/23/2018 - 12:55:01: "Calcas wifi 4G<43><VALVE_ID_LAN><>" entered the game
L 11/23/2018 - 12:55:03: "Kitkat<44><VALVE_ID_LAN><>" joined team "TERRORIST"
L 11/23/2018 - 12:55:03: "Calcas wifi 4G<43><VALVE_ID_LAN><>" joined team "TERRORIST"
L 11/23/2018 - 12:55:04: "Jack<39><VALVE_ID_LAN><TERRORIST>" say "esse mapa ehww3w"
L 11/23/2018 - 12:55:05: "Bauer<41><VALVE_ID_LAN><CT>" killed "Jack<39><VALVE_ID_LAN><TERRORIST>" with "deagle"
L 11/23/2018 - 12:55:06: "NOVATO<36><VALVE_ID_LAN><CT>" killed "Smolder<37><VALVE_ID_LAN><TERRORIST>" with "deagle"
L 11/23/2018 - 12:55:09: "G-A-R-G-A-M-E-L<34><VALVE_ID_LOOPBACK><TERRORIST>" killed "Bauer<41><VALVE_ID_LAN><CT>" with "deagle"
L 11/23/2018 - 12:55:11: "XXBOT Xander<40><BOT><CT>" killed "Calcas wifi 4G<43><VALVE_ID_LAN><TERRORIST>" with "knife"
L 11/23/2018 - 12:55:18: "Bauer<41><VALVE_ID_LAN><CT>" say "do bot???" (dead)
L 11/23/2018 - 12:55:18: "NOVATO<36><VALVE_ID_LAN><CT>" killed "G-A-R-G-A-M-E-L<34><VALVE_ID_LOOPBACK><TERRORIST>" with "knife"
L 11/23/2018 - 12:55:21: "Kitkat<44><VALVE_ID_LAN><TERRORIST>" killed "XXBOT Xander<40><BOT><CT>" with "knife"
L 11/23/2018 - 12:55:27: "Calcas wifi 4G<43><VALVE_ID_LAN><TERRORIST>" say "muito lag " (dead)
L 11/23/2018 - 12:55:29: "NOVATO<36><VALVE_ID_LAN><CT>" killed "Kitkat<44><VALVE_ID_LAN><TERRORIST>" with "knife"
L 11/23/2018 - 12:55:29: Team "CT" triggered "CTs_Win" (CT "1") (T "0")
L 11/23/2018 - 12:55:29: World triggered "Round_End"
L 11/23/2018 - 12:55:32: "Gho$T<42><VALVE_ID_LAN><CT>" say_team "naaaoooo"
L 11/23/2018 - 12:55:34: World triggered "Round_Start"
L 11/23/2018 - 12:55:34: "Calcas wifi 4G<43><VALVE_ID_LAN><TERRORIST>" say "nem vi"
L 11/23/2018 - 12:55:35: "Inspetor Buginganga<35><VALVE_ID_LAN><CT>" say "poupem a kit"
L 11/23/2018 - 12:55:42: "G-A-R-G-A-M-E-L<34><VALVE_ID_LOOPBACK><TERRORIST>" killed "NOVATO<36><VALVE_ID_LAN><CT>" with "deagle"
L 11/23/2018 - 12:55:45: "Bauer<41><VALVE_ID_LAN><CT>" killed "Calcas wifi 4G<43><VALVE_ID_LAN><TERRORIST>" with "deagle"
L 11/23/2018 - 12:55:47: "XXBOT Eric<38><BOT><CT>" killed "Jack<39><VALVE_ID_LAN><TERRORIST>" with "knife"
L 11/23/2018 - 12:55:47: "Smolder<37><VALVE_ID_LAN><TERRORIST>" killed "XXBOT Xander<40><BOT><CT>" with "knife"
L 11/23/2018 - 12:55:49: "Kitkat<44><VALVE_ID_LAN><TERRORIST>" killed "XXBOT Eric<38><BOT><CT>" with "knife"
L 11/23/2018 - 12:55:51: Server cvar "bot_quota" = "1"
L 11/23/2018 - 12:55:51: Server cvar "bot_quota" = "0"
L 11/23/2018 - 12:55:51: Kick: "XXBOT Eric<38><UNKNOWN><>" was kicked by "G-A-R-G-A-M-E-L"
L 11/23/2018 - 12:55:51: "XXBOT Eric<38><BOT><CT>" disconnected
L 11/23/2018 - 12:55:51: Kick: "XXBOT Xander<40><UNKNOWN><>" was kicked by "G-A-R-G-A-M-E-L"
L 11/23/2018 - 12:55:51: "XXBOT Xander<40><BOT><CT>" disconnected
L 11/23/2018 - 12:55:52: "Smolder<37><VALVE_ID_LAN><TERRORIST>" killed "Gho$T<42><VALVE_ID_LAN><CT>" with "deagle"
L 11/23/2018 - 12:55:58: "Bauer<41><VALVE_ID_LAN><CT>" killed "Smolder<37><VALVE_ID_LAN><TERRORIST>" with "deagle"
L 11/23/2018 - 12:55:59: "Jack<39><VALVE_ID_LAN><TERRORIST>" say "kd o fraco do arroba" (dead)
L 11/23/2018 - 12:56:02: "Kitkat<44><VALVE_ID_LAN><TERRORIST>" killed "Bauer<41><VALVE_ID_LAN><CT>" with "deagle"
L 11/23/2018 - 12:56:04: "G-A-R-G-A-M-E-L<34><VALVE_ID_LOOPBACK><TERRORIST>" killed "Inspetor Buginganga<35><VALVE_ID_LAN><CT>" with "deagle"
L 11/23/2018 - 12:56:04: Team "TERRORIST" triggered "Terrorists_Win" (CT "1") (T "1")
L 11/23/2018 - 12:56:04: World triggered "Round_End"
L 11/23/2018 - 12:56:08: "Calcas wifi 4G<43><VALVE_ID_LAN><TERRORIST>" say "pegue" (dead)
L 11/23/2018 - 12:56:09: World triggered "Round_Start"
L 11/23/2018 - 12:56:16: "XXBOT Derek<45><BOT><>" joined team "CT"
L 11/23/2018 - 12:56:16: Server cvar "bot_quota" = "1"
L 11/23/2018 - 12:56:16: "XXBOT Derek<45><BOT><>" entered the game
L 11/23/2018 - 12:56:19: "XXBOT Derek<45><BOT><CT>" killed "Jack<39><VALVE_ID_LAN><TERRORIST>" with "deagle"
L 11/23/2018 - 12:56:22: "Calcas wifi 4G<43><VALVE_ID_LAN><TERRORIST>" killed "Gho$T<42><VALVE_ID_LAN><CT>" with "deagle"
L 11/23/2018 - 12:56:23: "NOVATO<36><VALVE_ID_LAN><CT>" killed "Kitkat<44><VALVE_ID_LAN><TERRORIST>" with "deagle"
L 11/23/2018 - 12:56:24: "Smolder<37><VALVE_ID_LAN><TERRORIST>" killed "XXBOT Derek<45><BOT><CT>" with "knife"
L 11/23/2018 - 12:56:25: "Inspetor Buginganga<35><VALVE_ID_LAN><CT>" killed "G-A-R-G-A-M-E-L<34><VALVE_ID_LOOPBACK><TERRORIST>" with "deagle"
L 11/23/2018 - 12:56:28: "Bauer<41><VALVE_ID_LAN><CT>" killed "Calcas wifi 4G<43><VALVE_ID_LAN><TERRORIST>" with "deagle"
L 11/23/2018 - 12:56:32: "Smolder<37><VALVE_ID_LAN><TERRORIST>" killed "NOVATO<36><VALVE_ID_LAN><CT>" with "knife"
L 11/23/2018 - 12:56:32: "Bauer<41><VALVE_ID_LAN><CT>" killed "Smolder<37><VALVE_ID_LAN><TERRORIST>" with "knife"
L 11/23/2018 - 12:56:32: Team "CT" triggered "CTs_Win" (CT "2") (T "1")
L 11/23/2018 - 12:56:32: World triggered "Round_End"
L 11/23/2018 - 12:56:37: World triggered "Round_Start"
L 11/23/2018 - 12:56:38: "Jack<39><VALVE_ID_LAN><TERRORIST>" say "linndaaaaaaa"
L 11/23/2018 - 12:56:43: "Bauer<41><VALVE_ID_LAN><CT>" killed "Calcas wifi 4G<43><VALVE_ID_LAN><TERRORIST>" with "deagle"
L 11/23/2018 - 12:56:47: "Jack<39><VALVE_ID_LAN><TERRORIST>" killed "Inspetor Buginganga<35><VALVE_ID_LAN><CT>" with "deagle"
L 11/23/2018 - 12:56:48: "Jack<39><VALVE_ID_LAN><TERRORIST>" killed "XXBOT Derek<45><BOT><CT>" with "deagle"
L 11/23/2018 - 12:56:50: "Gho$T<42><VALVE_ID_LAN><CT>" killed "Smolder<37><VALVE_ID_LAN><TERRORIST>" with "knife"
L 11/23/2018 - 12:56:51: "NOVATO<36><VALVE_ID_LAN><CT>" killed "Jack<39><VALVE_ID_LAN><TERRORIST>" with "knife"
L 11/23/2018 - 12:56:56: "Cap Billy<46><VALVE_ID_LAN><>" connected, address "10.15.2.199:27005"
L 11/23/2018 - 12:56:57: "G-A-R-G-A-M-E-L<34><VALVE_ID_LOOPBACK><TERRORIST>" killed "Gho$T<42><VALVE_ID_LAN><CT>" with "deagle"
L 11/23/2018 - 12:57:00: "Cap Billy<46><VALVE_ID_LAN><>" entered the game
L 11/23/2018 - 12:57:01: "Cap Billy<46><VALVE_ID_LAN><>" joined team "CT"
L 11/23/2018 - 12:57:03: "Bauer<41><VALVE_ID_LAN><CT>" killed "Kitkat<44><VALVE_ID_LAN><TERRORIST>" with "deagle"
L 11/23/2018 - 12:57:08: "NOVATO<36><VALVE_ID_LAN><CT>" killed "G-A-R-G-A-M-E-L<34><VALVE_ID_LOOPBACK><TERRORIST>" with "deagle"
L 11/23/2018 - 12:57:08: Team "CT" triggered "CTs_Win" (CT "3") (T "1")
L 11/23/2018 - 12:57:08: World triggered "Round_End"
L 11/23/2018 - 12:57:08: "Inspetor Buginganga<35><VALVE_ID_LAN><CT>" say "pq jack foi pro terror" (dead)
L 11/23/2018 - 12:57:13: World triggered "Round_Start"
L 11/23/2018 - 12:57:14: "Bauer<41><VALVE_ID_LAN><CT>" triggered "weaponstats" (weapon "deagle") (shots "51") (hits "22") (kills "6") (headshots "3") (tks "0") (damage "856") (deaths "1")
L 11/23/2018 - 12:57:14: "Bauer<41><VALVE_ID_LAN><CT>" triggered "weaponstats2" (weapon "deagle") (head "4") (chest "5") (stomach "1") (leftarm "6") (rightarm "4") (leftleg "1") (rightleg "1")
L 11/23/2018 - 12:57:14: "Bauer<41><VALVE_ID_LAN><CT>" triggered "weaponstats" (weapon "knife") (shots "2") (hits "1") (kills "1") (headshots "1") (tks "0") (damage "55") (deaths "1")
L 11/23/2018 - 12:57:14: "Bauer<41><VALVE_ID_LAN><CT>" triggered "weaponstats2" (weapon "knife") (head "1") (chest "0") (stomach "0") (leftarm "0") (rightarm "0") (leftleg "0") (rightleg "0")
L 11/23/2018 - 12:57:14: "Bauer<41><VALVE_ID_LAN><CT>" triggered "time" (time "2:17")
L 11/23/2018 - 12:57:14: "Bauer<41><VALVE_ID_LAN><CT>" triggered "latency" (ping "12")
L 11/23/2018 - 12:57:14: "Bauer<41><VALVE_ID_LAN><CT>" disconnected
L 11/23/2018 - 12:57:16: "Jack<39><VALVE_ID_LAN><TERRORIST>" say "equilibrar"
L 11/23/2018 - 12:57:16: Server cvar "bot_quota" = "0"
L 11/23/2018 - 12:57:16: Kick: "XXBOT Derek<45><UNKNOWN><>" was kicked by "G-A-R-G-A-M-E-L"
L 11/23/2018 - 12:57:16: "XXBOT Derek<45><BOT><CT>" disconnected
L 11/23/2018 - 12:57:22: "Jack<39><VALVE_ID_LAN><TERRORIST>" killed "Gho$T<42><VALVE_ID_LAN><CT>" with "deagle"
L 11/23/2018 - 12:57:23: "Calcas wifi 4G<43><VALVE_ID_LAN><TERRORIST>" killed "Inspetor Buginganga<35><VALVE_ID_LAN><CT>" with "deagle"
L 11/23/2018 - 12:57:24: "NOVATO<36><VALVE_ID_LAN><CT>" killed "G-A-R-G-A-M-E-L<34><VALVE_ID_LOOPBACK><TERRORIST>" with "deagle"
L 11/23/2018 - 12:57:28: "Jack<39><VALVE_ID_LAN><TERRORIST>" killed "NOVATO<36><VALVE_ID_LAN><CT>" with "deagle"
L 11/23/2018 - 12:57:33: "Smolder<37><VALVE_ID_LAN><TERRORIST>" killed "Cap Billy<46><VALVE_ID_LAN><CT>" with "knife"
L 11/23/2018 - 12:57:33: Team "TERRORIST" triggered "Terrorists_Win" (CT "3") (T "2")
L 11/23/2018 - 12:57:33: World triggered "Round_End"
L 11/23/2018 - 12:57:38: World triggered "Round_Start"
L 11/23/2018 - 12:57:44: "NOVATO<36><VALVE_ID_LAN><CT>" killed "G-A-R-G-A-M-E-L<34><VALVE_ID_LOOPBACK><TERRORIST>" with "deagle"
L 11/23/2018 - 12:57:49: "NOVATO<36><VALVE_ID_LAN><CT>" killed "Kitkat<44><VALVE_ID_LAN><TERRORIST>" with "knife"
L 11/23/2018 - 12:57:50: "Gho$T<42><VALVE_ID_LAN><CT>" killed "Calcas wifi 4G<43><VALVE_ID_LAN><TERRORIST>" with "knife"
L 11/23/2018 - 12:57:50: "Cap Billy<46><VALVE_ID_LAN><CT>" killed "Jack<39><VALVE_ID_LAN><TERRORIST>" with "deagle"
L 11/23/2018 - 12:57:54: "NOVATO<36><VALVE_ID_LAN><CT>" killed "Smolder<37><VALVE_ID_LAN><TERRORIST>" with "knife"
L 11/23/2018 - 12:57:54: Team "CT" triggered "CTs_Win" (CT "4") (T "2")
L 11/23/2018 - 12:57:54: World triggered "Round_End"
L 11/23/2018 - 12:57:57: "Jack<39><VALVE_ID_LAN><TERRORIST>" say "bota bot" (dead)
L 11/23/2018 - 12:57:59: World triggered "Round_Start"
L 11/23/2018 - 12:58:04: "Jack<39><VALVE_ID_LAN><TERRORIST>" killed "Cap Billy<46><VALVE_ID_LAN><CT>" with "deagle"
L 11/23/2018 - 12:58:07: "Inspetor Buginganga<35><VALVE_ID_LAN><CT>" killed "Jack<39><VALVE_ID_LAN><TERRORIST>" with "deagle"
L 11/23/2018 - 12:58:10: "G-A-R-G-A-M-E-L<34><VALVE_ID_LOOPBACK><TERRORIST>" killed "Gho$T<42><VALVE_ID_LAN><CT>" with "deagle"
L 11/23/2018 - 12:58:14: "Smolder<37><VALVE_ID_LAN><TERRORIST>" killed "NOVATO<36><VALVE_ID_LAN><CT>" with "knife"
L 11/23/2018 - 12:58:20: "G-A-R-G-A-M-E-L<34><VALVE_ID_LOOPBACK><TERRORIST>" killed "Inspetor Buginganga<35><VALVE_ID_LAN><CT>" with "deagle"
L 11/23/2018 - 12:58:20: Team "TERRORIST" triggered "Terrorists_Win" (CT "4") (T "3")
L 11/23/2018 - 12:58:20: World triggered "Round_End"
L 11/23/2018 - 12:58:25: World triggered "Round_Start"
L 11/23/2018 - 12:58:26: "Jack<39><VALVE_ID_LAN><TERRORIST>" say "bota bot"
L 11/23/2018 - 12:58:34: "G-A-R-G-A-M-E-L<34><VALVE_ID_LOOPBACK><TERRORIST>" killed "Gho$T<42><VALVE_ID_LAN><CT>" with "deagle"
L 11/23/2018 - 12:58:36: "Smolder<37><VALVE_ID_LAN><TERRORIST>" killed "Cap Billy<46><VALVE_ID_LAN><CT>" with "knife"
L 11/23/2018 - 12:58:40: "Smolder<37><VALVE_ID_LAN><TERRORIST>" killed "NOVATO<36><VALVE_ID_LAN><CT>" with "deagle"
L 11/23/2018 - 12:58:45: "Smolder<37><VALVE_ID_LAN><TERRORIST>" killed "Inspetor Buginganga<35><VALVE_ID_LAN><CT>" with "deagle"
L 11/23/2018 - 12:58:45: Team "TERRORIST" triggered "Terrorists_Win" (CT "4") (T "4")
L 11/23/2018 - 12:58:45: World triggered "Round_End"
L 11/23/2018 - 12:58:50: World triggered "Round_Start"
L 11/23/2018 - 12:58:52: "Inspetor Buginganga<35><VALVE_ID_LAN><CT>" say "volta jack"
L 11/23/2018 - 12:58:54: "Jack<39><VALVE_ID_LAN><TERRORIST>" say "bota bottt por"
L 11/23/2018 - 12:59:00: "Jack<39><VALVE_ID_LAN><TERRORIST>" killed "Inspetor Buginganga<35><VALVE_ID_LAN><CT>" with "deagle"
L 11/23/2018 - 12:59:06: "Smolder<37><VALVE_ID_LAN><TERRORIST>" killed "Cap Billy<46><VALVE_ID_LAN><CT>" with "deagle"
L 11/23/2018 - 12:59:06: "NOVATO<36><VALVE_ID_LAN><CT>" killed "G-A-R-G-A-M-E-L<34><VALVE_ID_LOOPBACK><TERRORIST>" with "knife"
L 11/23/2018 - 12:59:10: "Cap Billy<46><VALVE_ID_LAN><CT>" say "PEGUEEEEE" (dead)
L 11/23/2018 - 12:59:11: "Jack<39><VALVE_ID_LAN><TERRORIST>" killed "Gho$T<42><VALVE_ID_LAN><CT>" with "knife"
L 11/23/2018 - 12:59:11: "Calcas wifi 4G<43><VALVE_ID_LAN><TERRORIST>" killed "NOVATO<36><VALVE_ID_LAN><CT>" with "knife"
L 11/23/2018 - 12:59:11: Team "TERRORIST" triggered "Terrorists_Win" (CT "4") (T "5")
L 11/23/2018 - 12:59:11: World triggered "Round_End"
L 11/23/2018 - 12:59:16: World triggered "Round_Start"
L 11/23/2018 - 12:59:20: "Jack<39><VALVE_ID_LAN><TERRORIST>" say "bota booooottt"
L 11/23/2018 - 12:59:26: "G-A-R-G-A-M-E-L<34><VALVE_ID_LOOPBACK><TERRORIST>" killed "NOVATO<36><VALVE_ID_LAN><CT>" with "deagle"
L 11/23/2018 - 12:59:28: "Smolder<37><VALVE_ID_LAN><TERRORIST>" killed "Gho$T<42><VALVE_ID_LAN><CT>" with "knife"
L 11/23/2018 - 12:59:32: "Cap Billy<46><VALVE_ID_LAN><CT>" killed "Kitkat<44><VALVE_ID_LAN><TERRORIST>" with "deagle"
L 11/23/2018 - 12:59:40: "Inspetor Buginganga<35><VALVE_ID_LAN><CT>" killed "Calcas wifi 4G<43><VALVE_ID_LAN><TERRORIST>" with "deagle"
L 11/23/2018 - 12:59:41: "Cap Billy<46><VALVE_ID_LAN><CT>" killed "G-A-R-G-A-M-E-L<34><VALVE_ID_LOOPBACK><TERRORIST>" with "deagle"
L 11/23/2018 - 12:59:43: "Smolder<37><VALVE_ID_LAN><TERRORIST>" killed "Inspetor Buginganga<35><VALVE_ID_LAN><CT>" with "knife"
L 11/23/2018 - 12:59:43: "Kitkat<44><VALVE_ID_LAN><TERRORIST>" triggered "weaponstats" (weapon "deagle") (shots "33") (hits "4") (kills "1") (headshots "0") (tks "0") (damage "153") (deaths "2")
L 11/23/2018 - 12:59:43: "Kitkat<44><VALVE_ID_LAN><TERRORIST>" triggered "weaponstats2" (weapon "deagle") (head "0") (chest "0") (stomach "0") (leftarm "2") (rightarm "1") (leftleg "0") (rightleg "1")
L 11/23/2018 - 12:59:43: "Kitkat<44><VALVE_ID_LAN><TERRORIST>" triggered "weaponstats" (weapon "knife") (shots "5") (hits "3") (kills "2") (headshots "0") (tks "0") (damage "165") (deaths "3")
L 11/23/2018 - 12:59:43: "Kitkat<44><VALVE_ID_LAN><TERRORIST>" triggered "weaponstats2" (weapon "knife") (head "0") (chest "2") (stomach "0") (leftarm "1") (rightarm "0") (leftleg "0") (rightleg "0")
L 11/23/2018 - 12:59:43: "Kitkat<44><VALVE_ID_LAN><TERRORIST>" triggered "time" (time "4:43")
L 11/23/2018 - 12:59:43: "Kitkat<44><VALVE_ID_LAN><TERRORIST>" triggered "latency" (ping "22")
L 11/23/2018 - 12:59:43: "Kitkat<44><VALVE_ID_LAN><TERRORIST>" disconnected
L 11/23/2018 - 12:59:45: "Calcas wifi 4G<43><VALVE_ID_LAN><TERRORIST>" say "hahhaa" (dead)
L 11/23/2018 - 12:59:46: "Smolder<37><VALVE_ID_LAN><TERRORIST>" killed "Cap Billy<46><VALVE_ID_LAN><CT>" with "deagle"
L 11/23/2018 - 12:59:46: Team "TERRORIST" triggered "Terrorists_Win" (CT "4") (T "6")
L 11/23/2018 - 12:59:46: World triggered "Round_End"
L 11/23/2018 - 12:59:51: World triggered "Round_Start"
L 11/23/2018 - 12:59:56: "Smolder<37><VALVE_ID_LAN><TERRORIST>" killed "Cap Billy<46><VALVE_ID_LAN><CT>" with "deagle"
L 11/23/2018 - 13:00:00: "Gho$T<42><VALVE_ID_LAN><CT>" killed "Calcas wifi 4G<43><VALVE_ID_LAN><TERRORIST>" with "knife"
L 11/23/2018 - 13:00:00: "NOVATO<36><VALVE_ID_LAN><CT>" killed "Smolder<37><VALVE_ID_LAN><TERRORIST>" with "knife"
L 11/23/2018 - 13:00:07: "Calcas wifi 4G<43><VALVE_ID_LAN><TERRORIST>" say "vai te lascar " (dead)
L 11/23/2018 - 13:00:11: "@te<47><VALVE_ID_LAN><>" connected, address "10.15.2.23:27005"
L 11/23/2018 - 13:00:17: "Gho$T<42><VALVE_ID_LAN><CT>" killed "G-A-R-G-A-M-E-L<34><VALVE_ID_LOOPBACK><TERRORIST>" with "knife"
L 11/23/2018 - 13:00:22: "Jack<39><VALVE_ID_LAN><TERRORIST>" killed "Gho$T<42><VALVE_ID_LAN><CT>" with "knife"
L 11/23/2018 - 13:00:24: "NOVATO<36><VALVE_ID_LAN><CT>" killed "Jack<39><VALVE_ID_LAN><TERRORIST>" with "knife"
L 11/23/2018 - 13:00:24: Team "CT" triggered "CTs_Win" (CT "5") (T "6")
L 11/23/2018 - 13:00:24: World triggered "Round_End"
L 11/23/2018 - 13:00:27: "Cap Billy<46><VALVE_ID_LAN><CT>" say "HAHAHAH" (dead)
L 11/23/2018 - 13:00:29: World triggered "Round_Start"
L 11/23/2018 - 13:00:29: "@te<47><VALVE_ID_LAN><>" entered the game
L 11/23/2018 - 13:00:34: "@te<47><VALVE_ID_LAN><>" joined team "CT"
L 11/23/2018 - 13:00:44: "G-A-R-G-A-M-E-L<34><VALVE_ID_LOOPBACK><TERRORIST>" killed "Inspetor Buginganga<35><VALVE_ID_LAN><CT>" with "deagle"
L 11/23/2018 - 13:00:44: "Calcas wifi 4G<43><VALVE_ID_LAN><TERRORIST>" killed "NOVATO<36><VALVE_ID_LAN><CT>" with "deagle"
L 11/23/2018 - 13:00:44: "Smolder<37><VALVE_ID_LAN><TERRORIST>" killed "@te<47><VALVE_ID_LAN><CT>" with "knife"
L 11/23/2018 - 13:00:44: "Cap Billy<46><VALVE_ID_LAN><CT>" killed "Jack<39><VALVE_ID_LAN><TERRORIST>" with "deagle"
L 11/23/2018 - 13:00:51: "Gho$T<42><VALVE_ID_LAN><CT>" killed "Calcas wifi 4G<43><VALVE_ID_LAN><TERRORIST>" with "knife"
L 11/23/2018 - 13:00:51: "Smolder<37><VALVE_ID_LAN><TERRORIST>" killed "Cap Billy<46><VALVE_ID_LAN><CT>" with "deagle"
L 11/23/2018 - 13:00:58: "Gho$T<42><VALVE_ID_LAN><CT>" killed "Smolder<37><VALVE_ID_LAN><TERRORIST>" with "deagle"
L 11/23/2018 - 13:00:58: "G-A-R-G-A-M-E-L<34><VALVE_ID_LOOPBACK><TERRORIST>" killed "Gho$T<42><VALVE_ID_LAN><CT>" with "knife"
L 11/23/2018 - 13:00:58: Team "TERRORIST" triggered "Terrorists_Win" (CT "5") (T "7")
L 11/23/2018 - 13:00:58: World triggered "Round_End"
L 11/23/2018 - 13:01:03: World triggered "Round_Start"
L 11/23/2018 - 13:01:09: "Jack<39><VALVE_ID_LAN><TERRORIST>" say_team "karalho gargamelll bota boty"
L 11/23/2018 - 13:01:16: "Jack<39><VALVE_ID_LAN><TERRORIST>" killed "@te<47><VALVE_ID_LAN><CT>" with "knife"
L 11/23/2018 - 13:01:17: "Inspetor Buginganga<35><VALVE_ID_LAN><CT>" killed "G-A-R-G-A-M-E-L<34><VALVE_ID_LOOPBACK><TERRORIST>" with "deagle"
L 11/23/2018 - 13:01:18: "Gho$T<42><VALVE_ID_LAN><CT>" killed "Smolder<37><VALVE_ID_LAN><TERRORIST>" with "knife"
L 11/23/2018 - 13:01:19: "Calcas wifi 4G<43><VALVE_ID_LAN><TERRORIST>" killed "Inspetor Buginganga<35><VALVE_ID_LAN><CT>" with "deagle"
L 11/23/2018 - 13:01:21: "Cap Billy<46><VALVE_ID_LAN><CT>" killed "Jack<39><VALVE_ID_LAN><TERRORIST>" with "deagle"
L 11/23/2018 - 13:01:26: "Jack<39><VALVE_ID_LAN><TERRORIST>" say "capitao covarde" (dead)
L 11/23/2018 - 13:01:40: "Calcas wifi 4G<43><VALVE_ID_LAN><TERRORIST>" killed "NOVATO<36><VALVE_ID_LAN><CT>" with "deagle"
L 11/23/2018 - 13:01:40: "Jack<39><VALVE_ID_LAN><TERRORIST>" say "gargamel.. se nao botar bot.. vou te dar uma facada ~amiga~" (dead)
L 11/23/2018 - 13:01:49: "Calcas wifi 4G<43><VALVE_ID_LAN><TERRORIST>" killed "Cap Billy<46><VALVE_ID_LAN><CT>" with "deagle"
L 11/23/2018 - 13:01:52: "Gho$T<42><VALVE_ID_LAN><CT>" killed "Calcas wifi 4G<43><VALVE_ID_LAN><TERRORIST>" with "knife"
L 11/23/2018 - 13:01:52: Team "CT" triggered "CTs_Win" (CT "6") (T "7")
L 11/23/2018 - 13:01:52: World triggered "Round_End"
L 11/23/2018 - 13:01:52: "Kitkat<48><VALVE_ID_LAN><>" connected, address "10.15.2.133:27005"
L 11/23/2018 - 13:01:55: "Cap Billy<46><VALVE_ID_LAN><CT>" say "AHAHAHAHAHAHA" (dead)
L 11/23/2018 - 13:01:55: "Kitkat<48><VALVE_ID_LAN><>" entered the game
L 11/23/2018 - 13:01:56: "Calcas wifi 4G<43><VALVE_ID_LAN><TERRORIST>" say "au" (dead)
L 11/23/2018 - 13:01:56: "Gho$T<42><VALVE_ID_LAN><CT>" say "tome"
L 11/23/2018 - 13:01:57: World triggered "Round_Start"
L 11/23/2018 - 13:01:57: "@te<47><VALVE_ID_LAN><CT>" say "tom@@"
L 11/23/2018 - 13:01:57: "Kitkat<48><VALVE_ID_LAN><>" joined team "TERRORIST"
L 11/23/2018 - 13:01:57: "G-A-R-G-A-M-E-L<34><VALVE_ID_LOOPBACK><TERRORIST>" say "suicidsa"
L 11/23/2018 - 13:01:58: "Jack<39><VALVE_ID_LAN><TERRORIST>" say "gargamel.. se nao botar bot.. vou te dar uma facada"
L 11/23/2018 - 13:02:04: "Inspetor Buginganga<35><VALVE_ID_LAN><CT>" killed "Calcas wifi 4G<43><VALVE_ID_LAN><TERRORIST>" with "deagle"
L 11/23/2018 - 13:02:07: "Smolder<37><VALVE_ID_LAN><TERRORIST>" killed "NOVATO<36><VALVE_ID_LAN><CT>" with "deagle"
L 11/23/2018 - 13:02:17: "Cap Billy<46><VALVE_ID_LAN><CT>" killed "Jack<39><VALVE_ID_LAN><TERRORIST>" with "deagle"
L 11/23/2018 - 13:02:17: "Gho$T<42><VALVE_ID_LAN><CT>" killed "Smolder<37><VALVE_ID_LAN><TERRORIST>" with "knife"
L 11/23/2018 - 13:02:24: "Kitkat<48><VALVE_ID_LAN><TERRORIST>" killed "Inspetor Buginganga<35><VALVE_ID_LAN><CT>" with "deagle"
L 11/23/2018 - 13:02:24: "G-A-R-G-A-M-E-L<34><VALVE_ID_LOOPBACK><TERRORIST>" killed "Gho$T<42><VALVE_ID_LAN><CT>" with "knife"
L 11/23/2018 - 13:02:25: "Cap Billy<46><VALVE_ID_LAN><CT>" killed "G-A-R-G-A-M-E-L<34><VALVE_ID_LOOPBACK><TERRORIST>" with "knife"
L 11/23/2018 - 13:02:32: "Cap Billy<46><VALVE_ID_LAN><CT>" killed "Kitkat<48><VALVE_ID_LAN><TERRORIST>" with "deagle"
L 11/23/2018 - 13:02:32: Team "CT" triggered "CTs_Win" (CT "7") (T "7")
L 11/23/2018 - 13:02:32: World triggered "Round_End"
L 11/23/2018 - 13:02:32: "Jack<39><VALVE_ID_LAN><TERRORIST>" say "timeleft" (dead)
L 11/23/2018 - 13:02:37: World triggered "Round_Start"
L 11/23/2018 - 13:02:43: "Kitkat<48><VALVE_ID_LAN><TERRORIST>" triggered "weaponstats" (weapon "deagle") (shots "9") (hits "1") (kills "1") (headshots "0") (tks "0") (damage "30") (deaths "0")
L 11/23/2018 - 13:02:43: "Kitkat<48><VALVE_ID_LAN><TERRORIST>" triggered "weaponstats2" (weapon "deagle") (head "0") (chest "1") (stomach "0") (leftarm "0") (rightarm "0") (leftleg "0") (rightleg "0")
L 11/23/2018 - 13:02:43: "Kitkat<48><VALVE_ID_LAN><TERRORIST>" triggered "time" (time "0:47")
L 11/23/2018 - 13:02:43: "Kitkat<48><VALVE_ID_LAN><TERRORIST>" triggered "latency" (ping "14")
L 11/23/2018 - 13:02:43: "Kitkat<48><VALVE_ID_LAN><TERRORIST>" disconnected
L 11/23/2018 - 13:02:45: "Jack<39><VALVE_ID_LAN><TERRORIST>" killed "Gho$T<42><VALVE_ID_LAN><CT>" with "deagle"
L 11/23/2018 - 13:02:46: "Cap Billy<46><VALVE_ID_LAN><CT>" killed "Calcas wifi 4G<43><VALVE_ID_LAN><TERRORIST>" with "deagle"
L 11/23/2018 - 13:02:49: "Cap Billy<46><VALVE_ID_LAN><CT>" killed "G-A-R-G-A-M-E-L<34><VALVE_ID_LOOPBACK><TERRORIST>" with "deagle"
L 11/23/2018 - 13:02:56: "Jack<39><VALVE_ID_LAN><TERRORIST>" killed "Cap Billy<46><VALVE_ID_LAN><CT>" with "deagle"
L 11/23/2018 - 13:02:56: "Calcas wifi 4G<43><VALVE_ID_LAN><TERRORIST>" say "timeleft" (dead)
L 11/23/2018 - 13:02:57: "Inspetor Buginganga<35><VALVE_ID_LAN><CT>" killed "Smolder<37><VALVE_ID_LAN><TERRORIST>" with "deagle"
L 11/23/2018 - 13:03:01: "Inspetor Buginganga<35><VALVE_ID_LAN><CT>" killed "Jack<39><VALVE_ID_LAN><TERRORIST>" with "deagle"
L 11/23/2018 - 13:03:01: Team "CT" triggered "CTs_Win" (CT "8") (T "7")
L 11/23/2018 - 13:03:01: World triggered "Round_End"
L 11/23/2018 - 13:03:06: World triggered "Round_Start"
L 11/23/2018 - 13:03:06: "Jack<39><VALVE_ID_LAN><TERRORIST>" say "covardeeeeeessssss"
L 11/23/2018 - 13:03:07: Server cvar "amx_nextmap" = "pistols2"
L 11/23/2018 - 13:03:08: "Calcas wifi 4G<43><VALVE_ID_LAN><TERRORIST>" say "@ ta jogando"
L 11/23/2018 - 13:03:12: "Cap Billy<46><VALVE_ID_LAN><CT>" killed "Jack<39><VALVE_ID_LAN><TERRORIST>" with "deagle"
L 11/23/2018 - 13:03:12: "G-A-R-G-A-M-E-L<34><VALVE_ID_LOOPBACK><TERRORIST>" killed "NOVATO<36><VALVE_ID_LAN><CT>" with "deagle"
L 11/23/2018 - 13:03:15: "Gho$T<42><VALVE_ID_LAN><CT>" killed "Smolder<37><VALVE_ID_LAN><TERRORIST>" with "knife"
L 11/23/2018 - 13:03:22: "Gho$T<42><VALVE_ID_LAN><CT>" killed "Calcas wifi 4G<43><VALVE_ID_LAN><TERRORIST>" with "knife"
L 11/23/2018 - 13:03:23: "G-A-R-G-A-M-E-L<34><VALVE_ID_LOOPBACK><TERRORIST>" killed "Inspetor Buginganga<35><VALVE_ID_LAN><CT>" with "deagle"
L 11/23/2018 - 13:03:30: "G-A-R-G-A-M-E-L<34><VALVE_ID_LOOPBACK><TERRORIST>" killed "@te<47><VALVE_ID_LAN><CT>" with "deagle"
L 11/23/2018 - 13:03:33: "G-A-R-G-A-M-E-L<34><VALVE_ID_LOOPBACK><TERRORIST>" killed "Gho$T<42><VALVE_ID_LAN><CT>" with "deagle"
L 11/23/2018 - 13:03:42: "Smolder<37><VALVE_ID_LAN><TERRORIST>" say "garga 2.0" (dead)
L 11/23/2018 - 13:03:47: "G-A-R-G-A-M-E-L<34><VALVE_ID_LOOPBACK><TERRORIST>" killed "Cap Billy<46><VALVE_ID_LAN><CT>" with "deagle"
L 11/23/2018 - 13:03:47: Team "TERRORIST" triggered "Terrorists_Win" (CT "8") (T "8")
L 11/23/2018 - 13:03:47: World triggered "Round_End"
L 11/23/2018 - 13:03:49: "Calcas wifi 4G<43><VALVE_ID_LAN><TERRORIST>" say "hahaah" (dead)
L 11/23/2018 - 13:03:51: "Inspetor Buginganga<35><VALVE_ID_LAN><CT>" say "covardeeeee" (dead)
L 11/23/2018 - 13:03:52: World triggered "Round_Start"
L 11/23/2018 - 13:03:53: "Jack<39><VALVE_ID_LAN><TERRORIST>" say "bota bot"
L 11/23/2018 - 13:03:59: "Cap Billy<46><VALVE_ID_LAN><CT>" killed "Jack<39><VALVE_ID_LAN><TERRORIST>" with "deagle"
L 11/23/2018 - 13:04:01: "Smolder<37><VALVE_ID_LAN><TERRORIST>" killed "Gho$T<42><VALVE_ID_LAN><CT>" with "deagle"
L 11/23/2018 - 13:04:03: "Calcas wifi 4G<43><VALVE_ID_LAN><TERRORIST>" killed "Inspetor Buginganga<35><VALVE_ID_LAN><CT>" with "deagle"
L 11/23/2018 - 13:04:06: "NOVATO<36><VALVE_ID_LAN><CT>" killed "G-A-R-G-A-M-E-L<34><VALVE_ID_LOOPBACK><TERRORIST>" with "knife"
L 11/23/2018 - 13:04:07: "Cap Billy<46><VALVE_ID_LAN><CT>" killed "Smolder<37><VALVE_ID_LAN><TERRORIST>" with "deagle"
L 11/23/2018 - 13:04:15: "Calcas wifi 4G<43><VALVE_ID_LAN><TERRORIST>" killed "NOVATO<36><VALVE_ID_LAN><CT>" with "knife"
L 11/23/2018 - 13:04:22: "Gho$T<42><VALVE_ID_LAN><CT>" say "timeleft" (dead)
L 11/23/2018 - 13:04:23: "Jack<39><VALVE_ID_LAN><TERRORIST>" say "vou dar uma facada no gargamel.. avisei" (dead)
L 11/23/2018 - 13:04:24: "@te<47><VALVE_ID_LAN><CT>" killed "Calcas wifi 4G<43><VALVE_ID_LAN><TERRORIST>" with "deagle"
L 11/23/2018 - 13:04:24: Team "CT" triggered "CTs_Win" (CT "9") (T "8")
L 11/23/2018 - 13:04:24: World triggered "Round_End"
L 11/23/2018 - 13:04:29: World triggered "Round_Start"
L 11/23/2018 - 13:04:31: "Jack<39><VALVE_ID_LAN><TERRORIST>" say "nao sabe gerar"
L 11/23/2018 - 13:04:33: "Cap Billy<46><VALVE_ID_LAN><CT>" killed "Smolder<37><VALVE_ID_LAN><TERRORIST>" with "deagle"
L 11/23/2018 - 13:04:35: "G-A-R-G-A-M-E-L<34><VALVE_ID_LOOPBACK><TERRORIST>" killed "Gho$T<42><VALVE_ID_LAN><CT>" with "deagle"
L 11/23/2018 - 13:04:40: "Inspetor Buginganga<35><VALVE_ID_LAN><CT>" killed "Calcas wifi 4G<43><VALVE_ID_LAN><TERRORIST>" with "deagle"
L 11/23/2018 - 13:04:43: "G-A-R-G-A-M-E-L<34><VALVE_ID_LOOPBACK><TERRORIST>" killed "Inspetor Buginganga<35><VALVE_ID_LAN><CT>" with "deagle"
L 11/23/2018 - 13:04:44: "Jack<39><VALVE_ID_LAN><TERRORIST>" killed "G-A-R-G-A-M-E-L<34><VALVE_ID_LOOPBACK><TERRORIST>" with "knife"
L 11/23/2018 - 13:04:50: "Jack<39><VALVE_ID_LAN><TERRORIST>" killed "@te<47><VALVE_ID_LAN><CT>" with "deagle"
L 11/23/2018 - 13:04:51: "NOVATO<36><VALVE_ID_LAN><CT>" killed "Jack<39><VALVE_ID_LAN><TERRORIST>" with "deagle"
L 11/23/2018 - 13:04:51: Team "CT" triggered "CTs_Win" (CT "10") (T "8")
L 11/23/2018 - 13:04:51: World triggered "Round_End"
L 11/23/2018 - 13:04:54: "Calcas wifi 4G<43><VALVE_ID_LAN><TERRORIST>" say "boa" (dead)
L 11/23/2018 - 13:04:56: World triggered "Round_Start"
L 11/23/2018 - 13:04:56: "Jack<39><VALVE_ID_LAN><TERRORIST>" committed suicide with "world"
L 11/23/2018 - 13:04:56: Team "CT" scored "10" with "5" players
L 11/23/2018 - 13:04:56: Team "TERRORIST" scored "8" with "4" players
L 11/23/2018 - 13:04:59: "NOVATO<36><VALVE_ID_LAN><CT>" triggered "weaponstats" (weapon "deagle") (shots "74") (hits "14") (kills "6") (headshots "3") (tks "0") (damage "777") (deaths "2")
L 11/23/2018 - 13:04:59: "NOVATO<36><VALVE_ID_LAN><CT>" triggered "weaponstats2" (weapon "deagle") (head "3") (chest "5") (stomach "0") (leftarm "3") (rightarm "2") (leftleg "1") (rightleg "0")
L 11/23/2018 - 13:04:59: "NOVATO<36><VALVE_ID_LAN><CT>" triggered "weaponstats" (weapon "knife") (shots "19") (hits "15") (kills "9") (headshots "7") (tks "0") (damage "1101") (deaths "10")
L 11/23/2018 - 13:04:59: "NOVATO<36><VALVE_ID_LAN><CT>" triggered "weaponstats2" (weapon "knife") (head "9") (chest "2") (stomach "1") (leftarm "2") (rightarm "1") (leftleg "0") (rightleg "0")
L 11/23/2018 - 13:04:59: "NOVATO<36><VALVE_ID_LAN><CT>" triggered "time" (time "10:01")
L 11/23/2018 - 13:04:59: "NOVATO<36><VALVE_ID_LAN><CT>" triggered "latency" (ping "6")
L 11/23/2018 - 13:04:59: "Cap Billy<46><VALVE_ID_LAN><CT>" triggered "weaponstats" (weapon "deagle") (shots "89") (hits "32") (kills "13") (headshots "10") (tks "0") (damage "2069") (deaths "8")
L 11/23/2018 - 13:04:59: "Cap Billy<46><VALVE_ID_LAN><CT>" triggered "weaponstats2" (weapon "deagle") (head "10") (chest "8") (stomach "0") (leftarm "7") (rightarm "5") (leftleg "1") (rightleg "1")
L 11/23/2018 - 13:04:59: "Cap Billy<46><VALVE_ID_LAN><CT>" triggered "weaponstats" (weapon "knife") (shots "11") (hits "4") (kills "1") (headshots "0") (tks "0") (damage "220") (deaths "2")
L 11/23/2018 - 13:04:59: "Cap Billy<46><VALVE_ID_LAN><CT>" triggered "weaponstats2" (weapon "knife") (head "0") (chest "1") (stomach "1") (leftarm "1") (rightarm "0") (leftleg "1") (rightleg "0")
L 11/23/2018 - 13:04:59: "Cap Billy<46><VALVE_ID_LAN><CT>" triggered "time" (time "7:56")
L 11/23/2018 - 13:04:59: "Cap Billy<46><VALVE_ID_LAN><CT>" triggered "latency" (ping "13")
L 11/23/2018 - 13:04:59: "Smolder<37><VALVE_ID_LAN><TERRORIST>" triggered "weaponstats" (weapon "deagle") (shots "108") (hits "33") (kills "9") (headshots "2") (tks "0") (damage "1250") (deaths "7")
L 11/23/2018 - 13:04:59: "Smolder<37><VALVE_ID_LAN><TERRORIST>" triggered "weaponstats2" (weapon "deagle") (head "2") (chest "8") (stomach "1") (leftarm "8") (rightarm "9") (leftleg "4") (rightleg "1")
L 11/23/2018 - 13:04:59: "Smolder<37><VALVE_ID_LAN><TERRORIST>" triggered "weaponstats" (weapon "knife") (shots "22") (hits "20") (kills "9") (headshots "7") (tks "0") (damage "1894") (deaths "6")
L 11/23/2018 - 13:04:59: "Smolder<37><VALVE_ID_LAN><TERRORIST>" triggered "weaponstats2" (weapon "knife") (head "10") (chest "5") (stomach "0") (leftarm "3") (rightarm "2") (leftleg "0") (rightleg "0")
L 11/23/2018 - 13:04:59: "Smolder<37><VALVE_ID_LAN><TERRORIST>" triggered "time" (time "10:00")
L 11/23/2018 - 13:04:59: "Smolder<37><VALVE_ID_LAN><TERRORIST>" triggered "latency" (ping "6")
L 11/23/2018 - 13:05:03: "Calcas wifi 4G<43><VALVE_ID_LAN><TERRORIST>" triggered "weaponstats" (weapon "deagle") (shots "130") (hits "46") (kills "7") (headshots "1") (tks "0") (damage "1436") (deaths "7")
L 11/23/2018 - 13:05:03: "Calcas wifi 4G<43><VALVE_ID_LAN><TERRORIST>" triggered "weaponstats2" (weapon "deagle") (head "2") (chest "12") (stomach "6") (leftarm "10") (rightarm "10") (leftleg "3") (rightleg "3")
L 11/23/2018 - 13:05:03: "Calcas wifi 4G<43><VALVE_ID_LAN><TERRORIST>" triggered "weaponstats" (weapon "knife") (shots "7") (hits "5") (kills "2") (headshots "0") (tks "0") (damage "378") (deaths "7")
L 11/23/2018 - 13:05:03: "Calcas wifi 4G<43><VALVE_ID_LAN><TERRORIST>" triggered "weaponstats2" (weapon "knife") (head "0") (chest "1") (stomach "0") (leftarm "2") (rightarm "1") (leftleg "1") (rightleg "0")
L 11/23/2018 - 13:05:03: "Calcas wifi 4G<43><VALVE_ID_LAN><TERRORIST>" triggered "time" (time "9:59")
L 11/23/2018 - 13:05:03: "Calcas wifi 4G<43><VALVE_ID_LAN><TERRORIST>" triggered "latency" (ping "118")
L 11/23/2018 - 13:05:04: "G-A-R-G-A-M-E-L<34><VALVE_ID_LOOPBACK><TERRORIST>" triggered "weaponstats" (weapon "deagle") (shots "155") (hits "58") (kills "16") (headshots "4") (tks "0") (damage "2204") (deaths "7")
L 11/23/2018 - 13:05:04: "G-A-R-G-A-M-E-L<34><VALVE_ID_LOOPBACK><TERRORIST>" triggered "weaponstats2" (weapon "deagle") (head "5") (chest "4") (stomach "7") (leftarm "18") (rightarm "6") (leftleg "8") (rightleg "10")
L 11/23/2018 - 13:05:04: "G-A-R-G-A-M-E-L<34><VALVE_ID_LOOPBACK><TERRORIST>" triggered "weaponstats" (weapon "knife") (shots "12") (hits "7") (kills "2") (headshots "0") (tks "0") (damage "495") (deaths "6")
L 11/23/2018 - 13:05:04: "G-A-R-G-A-M-E-L<34><VALVE_ID_LOOPBACK><TERRORIST>" triggered "weaponstats2" (weapon "knife") (head "0") (chest "2") (stomach "0") (leftarm "3") (rightarm "1") (leftleg "0") (rightleg "1")
L 11/23/2018 - 13:05:04: "G-A-R-G-A-M-E-L<34><VALVE_ID_LOOPBACK><TERRORIST>" triggered "time" (time "10:09")
L 11/23/2018 - 13:05:04: "G-A-R-G-A-M-E-L<34><VALVE_ID_LOOPBACK><TERRORIST>" triggered "latency" (ping "0")
L 11/23/2018 - 13:05:04: "Inspetor Buginganga<35><VALVE_ID_LAN><CT>" triggered "weaponstats" (weapon "deagle") (shots "132") (hits "35") (kills "8") (headshots "2") (tks "0") (damage "1281") (deaths "13")
L 11/23/2018 - 13:05:04: "Inspetor Buginganga<35><VALVE_ID_LAN><CT>" triggered "weaponstats2" (weapon "deagle") (head "3") (chest "3") (stomach "7") (leftarm "9") (rightarm "5") (leftleg "2") (rightleg "6")
L 11/23/2018 - 13:05:04: "Inspetor Buginganga<35><VALVE_ID_LAN><CT>" triggered "weaponstats" (weapon "knife") (shots "1") (hits "1") (kills "0") (headshots "0") (tks "0") (damage "55") (deaths "0")
L 11/23/2018 - 13:05:04: "Inspetor Buginganga<35><VALVE_ID_LAN><CT>" triggered "weaponstats2" (weapon "knife") (head "0") (chest "1") (stomach "0") (leftarm "0") (rightarm "0") (leftleg "0") (rightleg "0")
L 11/23/2018 - 13:05:04: "Inspetor Buginganga<35><VALVE_ID_LAN><CT>" triggered "time" (time "10:07")
L 11/23/2018 - 13:05:04: "Inspetor Buginganga<35><VALVE_ID_LAN><CT>" triggered "latency" (ping "12")
L 11/23/2018 - 13:05:04: "@te<47><VALVE_ID_LAN><CT>" triggered "weaponstats" (weapon "deagle") (shots "17") (hits "4") (kills "1") (headshots "0") (tks "0") (damage "131") (deaths "3")
L 11/23/2018 - 13:05:04: "@te<47><VALVE_ID_LAN><CT>" triggered "weaponstats2" (weapon "deagle") (head "0") (chest "2") (stomach "0") (leftarm "1") (rightarm "1") (leftleg "0") (rightleg "0")
L 11/23/2018 - 13:05:04: "@te<47><VALVE_ID_LAN><CT>" triggered "weaponstats" (weapon "knife") (shots "8") (hits "1") (kills "0") (headshots "0") (tks "0") (damage "55") (deaths "1")
L 11/23/2018 - 13:05:04: "@te<47><VALVE_ID_LAN><CT>" triggered "weaponstats2" (weapon "knife") (head "1") (chest "0") (stomach "0") (leftarm "0") (rightarm "0") (leftleg "0") (rightleg "0")
L 11/23/2018 - 13:05:04: "@te<47><VALVE_ID_LAN><CT>" triggered "time" (time "4:32")
L 11/23/2018 - 13:05:04: "@te<47><VALVE_ID_LAN><CT>" triggered "latency" (ping "10")
L 11/23/2018 - 13:05:04: "Jack<39><VALVE_ID_LAN><TERRORIST>" triggered "weaponstats" (weapon "deagle") (shots "69") (hits "24") (kills "9") (headshots "5") (tks "0") (damage "1393") (deaths "7")
L 11/23/2018 - 13:05:04: "Jack<39><VALVE_ID_LAN><TERRORIST>" triggered "weaponstats2" (weapon "deagle") (head "5") (chest "7") (stomach "1") (leftarm "4") (rightarm "5") (leftleg "0") (rightleg "2")
L 11/23/2018 - 13:05:04: "Jack<39><VALVE_ID_LAN><TERRORIST>" triggered "weaponstats" (weapon "knife") (shots "19") (hits "13") (kills "4") (headshots "2") (tks "1") (damage "815") (deaths "8")
L 11/23/2018 - 13:05:04: "Jack<39><VALVE_ID_LAN><TERRORIST>" triggered "weaponstats2" (weapon "knife") (head "7") (chest "3") (stomach "0") (leftarm "2") (rightarm "1") (leftleg "0") (rightleg "0")
L 11/23/2018 - 13:05:04: "Jack<39><VALVE_ID_LAN><TERRORIST>" triggered "time" (time "10:05")
L 11/23/2018 - 13:05:04: "Jack<39><VALVE_ID_LAN><TERRORIST>" triggered "latency" (ping "10")
L 11/23/2018 - 13:05:04: "Gho$T<42><VALVE_ID_LAN><CT>" triggered "weaponstats" (weapon "deagle") (shots "57") (hits "17") (kills "1") (headshots "1") (tks "0") (damage "589") (deaths "8")
L 11/23/2018 - 13:05:04: "Gho$T<42><VALVE_ID_LAN><CT>" triggered "weaponstats2" (weapon "deagle") (head "1") (chest "2") (stomach "1") (leftarm "7") (rightarm "5") (leftleg "0") (rightleg "1")
L 11/23/2018 - 13:05:04: "Gho$T<42><VALVE_ID_LAN><CT>" triggered "weaponstats" (weapon "knife") (shots "25") (hits "16") (kills "10") (headshots "3") (tks "0") (damage "1156") (deaths "7")
L 11/23/2018 - 13:05:04: "Gho$T<42><VALVE_ID_LAN><CT>" triggered "weaponstats2" (weapon "knife") (head "5") (chest "4") (stomach "1") (leftarm "3") (rightarm "3") (leftleg "0") (rightleg "0")
L 11/23/2018 - 13:05:04: "Gho$T<42><VALVE_ID_LAN><CT>" triggered "time" (time "10:02")
L 11/23/2018 - 13:05:04: "Gho$T<42><VALVE_ID_LAN><CT>" triggered "latency" (ping "12")
L 11/23/2018 - 13:05:04: [META] ini: Begin re-reading plugins list: c:/valve/cstrike/addons/metamod/plugins.ini
L 11/23/2018 - 13:05:04: [META] ini: Read plugin config for: AMX
L 11/23/2018 - 13:05:04: [META] ini: Read plugin config for: WinHL-Booster
L 11/23/2018 - 13:05:04: [META] ERROR: ini: Skipping plugin, couldn't stat file 'addons/hlguard/dlls/hlguard_mm_nightly.dll': No such file or directory
L 11/23/2018 - 13:05:04: [META] ini: Read plugin config for: WebMod
L 11/23/2018 - 13:05:04: [META] ini: Finished reading plugins list: c:/valve/cstrike/addons/metamod/plugins.ini; Found 3 plugins
L 11/23/2018 - 13:05:04: [META] dll: Updating plugins...
L 11/23/2018 - 13:05:04: [META] ERROR: dll: Failed query plugin '<hlguard_mm_nightly.dll>'; Couldn't open file 'addons/hlguard/dlls/hlguard_mm_nightly.dll': Não foi possível encontrar o módulo especificado.

L 11/23/2018 - 13:05:04: [META] ERROR: dll: Skipping plugin '<hlguard_mm_nightly.dll>'; couldn't query
L 11/23/2018 - 13:05:04: [META] dll: Finished updating 6 plugins; kept 3, loaded 0, unloaded 0, reloaded 0, delayed 0
L 11/23/2018 - 13:05:04: Server shutdown
L 11/23/2018 - 13:05:04: Log file closed
